9: Starting numprocs=16 N=1000, M=1000 impl=allgather
15: Starting numprocs=16 N=1000, M=1000 impl=allgather
0: Starting numprocs=16 N=1000, M=1000 impl=allgather
Iteration 0
11: Starting numprocs=16 N=1000, M=1000 impl=allgather
12: Starting numprocs=16 N=1000, M=1000 impl=allgather
6: Starting numprocs=16 N=1000, M=1000 impl=allgather
7: Starting numprocs=16 N=1000, M=1000 impl=allgather
5: Starting numprocs=16 N=1000, M=1000 impl=allgather
3: Starting numprocs=16 N=1000, M=1000 impl=allgather
13: Starting numprocs=16 N=1000, M=1000 impl=allgather
4: Starting numprocs=16 N=1000, M=1000 impl=allgather
2: Starting numprocs=16 N=1000, M=1000 impl=allgather
8: Starting numprocs=16 N=1000, M=1000 impl=allgather
10: Starting numprocs=16 N=1000, M=1000 impl=allgather
14: Starting numprocs=16 N=1000, M=1000 impl=allgather
1: Starting numprocs=16 N=1000, M=1000 impl=allgather
time: 0.024603s
Iteration 1
time: 0.015346s
Iteration 2
time: 0.015309s
Iteration 3
time: 0.015167s
Iteration 4
time: 0.016262s
Iteration 5
time: 0.015796s
Iteration 6
time: 0.016043s
Iteration 7
time: 0.015873s
Iteration 8
time: 0.016362s
Iteration 9
time: 0.015918s
Iteration 10
time: 0.015935s
Iteration 11
time: 0.016051s
Iteration 12
time: 0.016074s
Iteration 13
time: 0.015959s
Iteration 14
time: 0.016387s
Iteration 15
time: 0.015991s
Iteration 16
time: 0.015916s
Iteration 17
time: 0.015772s
Iteration 18
time: 0.015867s
Iteration 19
time: 0.015856s
Iteration 20
time: 0.015974s
Iteration 21
time: 0.016471s
Iteration 22
time: 0.015859s
Iteration 23
time: 0.016001s
Iteration 24
time: 0.016116s
13: Starting numprocs=16 N=1000, M=1000 impl=allreduce
0: Starting numprocs=16 N=1000, M=1000 impl=allreduce
Iteration 0
6: Starting numprocs=16 N=1000, M=1000 impl=allreduce
12: Starting numprocs=16 N=1000, M=1000 impl=allreduce
3: Starting numprocs=16 N=1000, M=1000 impl=allreduce
5: Starting numprocs=16 N=1000, M=1000 impl=allreduce
8: Starting numprocs=16 N=1000, M=1000 impl=allreduce
15: Starting numprocs=16 N=1000, M=1000 impl=allreduce
9: Starting numprocs=16 N=1000, M=1000 impl=allreduce
11: Starting numprocs=16 N=1000, M=1000 impl=allreduce
7: Starting numprocs=16 N=1000, M=1000 impl=allreduce
2: Starting numprocs=16 N=1000, M=1000 impl=allreduce
4: Starting numprocs=16 N=1000, M=1000 impl=allreduce
10: Starting numprocs=16 N=1000, M=1000 impl=allreduce
14: Starting numprocs=16 N=1000, M=1000 impl=allreduce
1: Starting numprocs=16 N=1000, M=1000 impl=allreduce
time: 0.034666s
Iteration 1
time: 0.021964s
Iteration 2
time: 0.017986s
Iteration 3
time: 0.017784s
Iteration 4
time: 0.017945s
Iteration 5
time: 0.017732s
Iteration 6
time: 0.018571s
Iteration 7
time: 0.018002s
Iteration 8
time: 0.018222s
Iteration 9
time: 0.016966s
Iteration 10
time: 0.017005s
Iteration 11
time: 0.018513s
Iteration 12
time: 0.018308s
Iteration 13
time: 0.017950s
Iteration 14
time: 0.017959s
Iteration 15
time: 0.018997s
Iteration 16
time: 0.018015s
Iteration 17
time: 0.017646s
Iteration 18
time: 0.018834s
Iteration 19
time: 0.018201s
Iteration 20
time: 0.017058s
Iteration 21
time: 0.017998s
Iteration 22
time: 0.017448s
Iteration 23
time: 0.017950s
Iteration 24
time: 0.018058s
9: Starting numprocs=16 N=1000, M=1000 impl=allreduce-ring
3: Starting numprocs=16 N=1000, M=1000 impl=allreduce-ring
7: Starting numprocs=16 N=1000, M=1000 impl=allreduce-ring
5: Starting numprocs=16 N=1000, M=1000 impl=allreduce-ring
10: Starting numprocs=16 N=1000, M=1000 impl=allreduce-ring
6: Starting numprocs=16 N=1000, M=1000 impl=allreduce-ring
12: Starting numprocs=16 N=1000, M=1000 impl=allreduce-ring
15: Starting numprocs=16 N=1000, M=1000 impl=allreduce-ring
8: Starting numprocs=16 N=1000, M=1000 impl=allreduce-ring
2: Starting numprocs=16 N=1000, M=1000 impl=allreduce-ring
4: Starting numprocs=16 N=1000, M=1000 impl=allreduce-ring
11: Starting numprocs=16 N=1000, M=1000 impl=allreduce-ring
14: Starting numprocs=16 N=1000, M=1000 impl=allreduce-ring
13: Starting numprocs=16 N=1000, M=1000 impl=allreduce-ring
0: Starting numprocs=16 N=1000, M=1000 impl=allreduce-ring
Iteration 0
1: Starting numprocs=16 N=1000, M=1000 impl=allreduce-ring
time: 0.031046s
Iteration 1
time: 0.014260s
Iteration 2
time: 0.014935s
Iteration 3
time: 0.014212s
Iteration 4
time: 0.014688s
Iteration 5
time: 0.014250s
Iteration 6
time: 0.014253s
Iteration 7
time: 0.014926s
Iteration 8
time: 0.014268s
Iteration 9
time: 0.014246s
Iteration 10
time: 0.014822s
Iteration 11
time: 0.014678s
Iteration 12
time: 0.014848s
Iteration 13
time: 0.014273s
Iteration 14
time: 0.014754s
Iteration 15
time: 0.020842s
Iteration 16
time: 0.023745s
Iteration 17
time: 0.015497s
Iteration 18
time: 0.014558s
Iteration 19
time: 0.014619s
Iteration 20
time: 0.014246s
Iteration 21
time: 0.014262s
Iteration 22
time: 0.014957s
Iteration 23
time: 0.014267s
Iteration 24
time: 0.014277s
9: Starting numprocs=16 N=1000, M=1000 impl=g-rabenseifner-allgather
4: Starting numprocs=16 N=1000, M=1000 impl=g-rabenseifner-allgather
13: Starting numprocs=16 N=1000, M=1000 impl=g-rabenseifner-allgather
12: Starting numprocs=16 N=1000, M=1000 impl=g-rabenseifner-allgather
15: Starting numprocs=16 N=1000, M=1000 impl=g-rabenseifner-allgather
0: Starting numprocs=16 N=1000, M=1000 impl=g-rabenseifner-allgather
Iteration 0
5: Starting numprocs=16 N=1000, M=1000 impl=g-rabenseifner-allgather
3: Starting numprocs=16 N=1000, M=1000 impl=g-rabenseifner-allgather
11: Starting numprocs=16 N=1000, M=1000 impl=g-rabenseifner-allgather
8: Starting numprocs=16 N=1000, M=1000 impl=g-rabenseifner-allgather
7: Starting numprocs=16 N=1000, M=1000 impl=g-rabenseifner-allgather
10: Starting numprocs=16 N=1000, M=1000 impl=g-rabenseifner-allgather
2: Starting numprocs=16 N=1000, M=1000 impl=g-rabenseifner-allgather
14: Starting numprocs=16 N=1000, M=1000 impl=g-rabenseifner-allgather
1: Starting numprocs=16 N=1000, M=1000 impl=g-rabenseifner-allgather
6: Starting numprocs=16 N=1000, M=1000 impl=g-rabenseifner-allgather
time: 0.017590s
Iteration 1
time: 0.008494s
Iteration 2
time: 0.008087s
Iteration 3
time: 0.008396s
Iteration 4
time: 0.008288s
Iteration 5
time: 0.007840s
Iteration 6
time: 0.007898s
Iteration 7
time: 0.008082s
Iteration 8
time: 0.007817s
Iteration 9
time: 0.007842s
Iteration 10
time: 0.007912s
Iteration 11
time: 0.007877s
Iteration 12
time: 0.008092s
Iteration 13
time: 0.008311s
Iteration 14
time: 0.007897s
Iteration 15
time: 0.007755s
Iteration 16
time: 0.007874s
Iteration 17
time: 0.007950s
Iteration 18
time: 0.008186s
Iteration 19
time: 0.008223s
Iteration 20
time: 0.007828s
Iteration 21
time: 0.008425s
Iteration 22
time: 0.007771s
Iteration 23
time: 0.007840s
Iteration 24
time: 0.007865s
15: Starting numprocs=16 N=1000, M=1000 impl=g-rabenseifner-subgroup-2
6: Starting numprocs=16 N=1000, M=1000 impl=g-rabenseifner-subgroup-2
11: Starting numprocs=16 N=1000, M=1000 impl=g-rabenseifner-subgroup-2
5: Starting numprocs=16 N=1000, M=1000 impl=g-rabenseifner-subgroup-2
3: Starting numprocs=16 N=1000, M=1000 impl=g-rabenseifner-subgroup-2
12: Starting numprocs=16 N=1000, M=1000 impl=g-rabenseifner-subgroup-2
0: Starting numprocs=16 N=1000, M=1000 impl=g-rabenseifner-subgroup-2
Iteration 0
13: Starting numprocs=16 N=1000, M=1000 impl=g-rabenseifner-subgroup-2
9: Starting numprocs=16 N=1000, M=1000 impl=g-rabenseifner-subgroup-2
10: Starting numprocs=16 N=1000, M=1000 impl=g-rabenseifner-subgroup-2
8: Starting numprocs=16 N=1000, M=1000 impl=g-rabenseifner-subgroup-2
2: Starting numprocs=16 N=1000, M=1000 impl=g-rabenseifner-subgroup-2
14: Starting numprocs=16 N=1000, M=1000 impl=g-rabenseifner-subgroup-2
4: Starting numprocs=16 N=1000, M=1000 impl=g-rabenseifner-subgroup-2
7: Starting numprocs=16 N=1000, M=1000 impl=g-rabenseifner-subgroup-2
1: Starting numprocs=16 N=1000, M=1000 impl=g-rabenseifner-subgroup-2
time: 0.029193s
Iteration 1
time: 0.008651s
Iteration 2
time: 0.008299s
Iteration 3
time: 0.008196s
Iteration 4
time: 0.008042s
Iteration 5
time: 0.008123s
Iteration 6
time: 0.008757s
Iteration 7
time: 0.008304s
Iteration 8
time: 0.008585s
Iteration 9
time: 0.008413s
Iteration 10
time: 0.008236s
Iteration 11
time: 0.008321s
Iteration 12
time: 0.008686s
Iteration 13
time: 0.008257s
Iteration 14
time: 0.008741s
Iteration 15
time: 0.008125s
Iteration 16
time: 0.008227s
Iteration 17
time: 0.008347s
Iteration 18
time: 0.008268s
Iteration 19
time: 0.008228s
Iteration 20
time: 0.008206s
Iteration 21
time: 0.008189s
Iteration 22
time: 0.008145s
Iteration 23
time: 0.008118s
Iteration 24
time: 0.008174s
9: Starting numprocs=16 N=1000, M=1000 impl=g-rabenseifner-subgroup-4
3: Starting numprocs=16 N=1000, M=1000 impl=g-rabenseifner-subgroup-4
15: Starting numprocs=16 N=1000, M=1000 impl=g-rabenseifner-subgroup-4
8: Starting numprocs=16 N=1000, M=1000 impl=g-rabenseifner-subgroup-4
12: Starting numprocs=16 N=1000, M=1000 impl=g-rabenseifner-subgroup-4
7: Starting numprocs=16 N=1000, M=1000 impl=g-rabenseifner-subgroup-4
6: Starting numprocs=16 N=1000, M=1000 impl=g-rabenseifner-subgroup-4
5: Starting numprocs=16 N=1000, M=1000 impl=g-rabenseifner-subgroup-4
0: Starting numprocs=16 N=1000, M=1000 impl=g-rabenseifner-subgroup-4
Iteration 0
10: Starting numprocs=16 N=1000, M=1000 impl=g-rabenseifner-subgroup-4
13: Starting numprocs=16 N=1000, M=1000 impl=g-rabenseifner-subgroup-4
2: Starting numprocs=16 N=1000, M=1000 impl=g-rabenseifner-subgroup-4
11: Starting numprocs=16 N=1000, M=1000 impl=g-rabenseifner-subgroup-4
14: Starting numprocs=16 N=1000, M=1000 impl=g-rabenseifner-subgroup-4
1: Starting numprocs=16 N=1000, M=1000 impl=g-rabenseifner-subgroup-4
4: Starting numprocs=16 N=1000, M=1000 impl=g-rabenseifner-subgroup-4
time: 0.027802s
Iteration 1
time: 0.008761s
Iteration 2
time: 0.008916s
Iteration 3
time: 0.008798s
Iteration 4
time: 0.008924s
Iteration 5
time: 0.009006s
Iteration 6
time: 0.008877s
Iteration 7
time: 0.009791s
Iteration 8
time: 0.008933s
Iteration 9
time: 0.009137s
Iteration 10
time: 0.008828s
Iteration 11
time: 0.008714s
Iteration 12
time: 0.009112s
Iteration 13
time: 0.008933s
Iteration 14
time: 0.008836s
Iteration 15
time: 0.008753s
Iteration 16
time: 0.008623s
Iteration 17
time: 0.008905s
Iteration 18
time: 0.008831s
Iteration 19
time: 0.008922s
Iteration 20
time: 0.008677s
Iteration 21
time: 0.008766s
Iteration 22
time: 0.008927s
Iteration 23
time: 0.008844s
Iteration 24
time: 0.009129s
0: Starting numprocs=16 N=1000, M=1000 impl=g-rabenseifner-subgroup-8
Iteration 0
6: Starting numprocs=16 N=1000, M=1000 impl=g-rabenseifner-subgroup-8
9: Starting numprocs=16 N=1000, M=1000 impl=g-rabenseifner-subgroup-8
11: Starting numprocs=16 N=1000, M=1000 impl=g-rabenseifner-subgroup-8
12: Starting numprocs=16 N=1000, M=1000 impl=g-rabenseifner-subgroup-8
13: Starting numprocs=16 N=1000, M=1000 impl=g-rabenseifner-subgroup-8
15: Starting numprocs=16 N=1000, M=1000 impl=g-rabenseifner-subgroup-8
8: Starting numprocs=16 N=1000, M=1000 impl=g-rabenseifner-subgroup-8
3: Starting numprocs=16 N=1000, M=1000 impl=g-rabenseifner-subgroup-8
2: Starting numprocs=16 N=1000, M=1000 impl=g-rabenseifner-subgroup-8
4: Starting numprocs=16 N=1000, M=1000 impl=g-rabenseifner-subgroup-8
10: Starting numprocs=16 N=1000, M=1000 impl=g-rabenseifner-subgroup-8
7: Starting numprocs=16 N=1000, M=1000 impl=g-rabenseifner-subgroup-8
1: Starting numprocs=16 N=1000, M=1000 impl=g-rabenseifner-subgroup-8
5: Starting numprocs=16 N=1000, M=1000 impl=g-rabenseifner-subgroup-8
14: Starting numprocs=16 N=1000, M=1000 impl=g-rabenseifner-subgroup-8
time: 0.023782s
Iteration 1
time: 0.010330s
Iteration 2
time: 0.010922s
Iteration 3
time: 0.010409s
Iteration 4
time: 0.010145s
Iteration 5
time: 0.010172s
Iteration 6
time: 0.010367s
Iteration 7
time: 0.011458s
Iteration 8
time: 0.010127s
Iteration 9
time: 0.010401s
Iteration 10
time: 0.009845s
Iteration 11
time: 0.009934s
Iteration 12
time: 0.009916s
Iteration 13
time: 0.011219s
Iteration 14
time: 0.009943s
Iteration 15
time: 0.010382s
Iteration 16
time: 0.010036s
Iteration 17
time: 0.009975s
Iteration 18
time: 0.010387s
Iteration 19
time: 0.010043s
Iteration 20
time: 0.011625s
Iteration 21
time: 0.010109s
Iteration 22
time: 0.012915s
Iteration 23
time: 0.010088s
Iteration 24
time: 0.010800s
3: Starting numprocs=16 N=2000, M=2000 impl=allgather
4: Starting numprocs=16 N=2000, M=2000 impl=allgather
15: Starting numprocs=16 N=2000, M=2000 impl=allgather
5: Starting numprocs=16 N=2000, M=2000 impl=allgather
8: Starting numprocs=16 N=2000, M=2000 impl=allgather
11: Starting numprocs=16 N=2000, M=2000 impl=allgather
6: Starting numprocs=16 N=2000, M=2000 impl=allgather
13: Starting numprocs=16 N=2000, M=2000 impl=allgather
12: Starting numprocs=16 N=2000, M=2000 impl=allgather
10: Starting numprocs=16 N=2000, M=2000 impl=allgather
7: Starting numprocs=16 N=2000, M=2000 impl=allgather
9: Starting numprocs=16 N=2000, M=2000 impl=allgather
0: Starting numprocs=16 N=2000, M=2000 impl=allgather
Iteration 0
14: Starting numprocs=16 N=2000, M=2000 impl=allgather
2: Starting numprocs=16 N=2000, M=2000 impl=allgather
1: Starting numprocs=16 N=2000, M=2000 impl=allgather
time: 0.074971s
Iteration 1
time: 0.063479s
Iteration 2
time: 0.062962s
Iteration 3
time: 0.062495s
Iteration 4
time: 0.062967s
Iteration 5
time: 0.062406s
Iteration 6
time: 0.062944s
Iteration 7
time: 0.063244s
Iteration 8
time: 0.064613s
Iteration 9
time: 0.076722s
Iteration 10
time: 0.070111s
Iteration 11
time: 0.064880s
Iteration 12
time: 0.062724s
Iteration 13
time: 0.060936s
Iteration 14
time: 0.061678s
Iteration 15
time: 0.060582s
Iteration 16
time: 0.061153s
Iteration 17
time: 0.060587s
Iteration 18
time: 0.062224s
Iteration 19
time: 0.061407s
Iteration 20
time: 0.062142s
Iteration 21
time: 0.062865s
Iteration 22
time: 0.063469s
Iteration 23
time: 0.061944s
Iteration 24
time: 0.062656s
3: Starting numprocs=16 N=2000, M=2000 impl=allreduce
7: Starting numprocs=16 N=2000, M=2000 impl=allreduce
8: Starting numprocs=16 N=2000, M=2000 impl=allreduce
15: Starting numprocs=16 N=2000, M=2000 impl=allreduce
12: Starting numprocs=16 N=2000, M=2000 impl=allreduce
13: Starting numprocs=16 N=2000, M=2000 impl=allreduce
5: Starting numprocs=16 N=2000, M=2000 impl=allreduce
6: Starting numprocs=16 N=2000, M=2000 impl=allreduce
9: Starting numprocs=16 N=2000, M=2000 impl=allreduce
11: Starting numprocs=16 N=2000, M=2000 impl=allreduce
4: Starting numprocs=16 N=2000, M=2000 impl=allreduce
2: Starting numprocs=16 N=2000, M=2000 impl=allreduce
0: Starting numprocs=16 N=2000, M=2000 impl=allreduce
Iteration 0
10: Starting numprocs=16 N=2000, M=2000 impl=allreduce
14: Starting numprocs=16 N=2000, M=2000 impl=allreduce
1: Starting numprocs=16 N=2000, M=2000 impl=allreduce
time: 0.110849s
Iteration 1
time: 0.083641s
Iteration 2
time: 0.071868s
Iteration 3
time: 0.072559s
Iteration 4
time: 0.070032s
Iteration 5
time: 0.071455s
Iteration 6
time: 0.073490s
Iteration 7
time: 0.072335s
Iteration 8
time: 0.067450s
Iteration 9
time: 0.067513s
Iteration 10
time: 0.066702s
Iteration 11
time: 0.068231s
Iteration 12
time: 0.067587s
Iteration 13
time: 0.072976s
Iteration 14
time: 0.072346s
Iteration 15
time: 0.078731s
Iteration 16
time: 0.073208s
Iteration 17
time: 0.070926s
Iteration 18
time: 0.078068s
Iteration 19
time: 0.070947s
Iteration 20
time: 0.068843s
Iteration 21
time: 0.070318s
Iteration 22
time: 0.080287s
Iteration 23
time: 0.069005s
Iteration 24
time: 0.067237s
12: Starting numprocs=16 N=2000, M=2000 impl=allreduce-ring
4: Starting numprocs=16 N=2000, M=2000 impl=allreduce-ring
13: Starting numprocs=16 N=2000, M=2000 impl=allreduce-ring
2: Starting numprocs=16 N=2000, M=2000 impl=allreduce-ring
5: Starting numprocs=16 N=2000, M=2000 impl=allreduce-ring
10: Starting numprocs=16 N=2000, M=2000 impl=allreduce-ring
6: Starting numprocs=16 N=2000, M=2000 impl=allreduce-ring
15: Starting numprocs=16 N=2000, M=2000 impl=allreduce-ring
7: Starting numprocs=16 N=2000, M=2000 impl=allreduce-ring
3: Starting numprocs=16 N=2000, M=2000 impl=allreduce-ring
9: Starting numprocs=16 N=2000, M=2000 impl=allreduce-ring
8: Starting numprocs=16 N=2000, M=2000 impl=allreduce-ring
0: Starting numprocs=16 N=2000, M=2000 impl=allreduce-ring
Iteration 0
11: Starting numprocs=16 N=2000, M=2000 impl=allreduce-ring
14: Starting numprocs=16 N=2000, M=2000 impl=allreduce-ring
1: Starting numprocs=16 N=2000, M=2000 impl=allreduce-ring
time: 0.068395s
Iteration 1
time: 0.058482s
Iteration 2
time: 0.059583s
Iteration 3
time: 0.062201s
Iteration 4
time: 0.062234s
Iteration 5
time: 0.059177s
Iteration 6
time: 0.058926s
Iteration 7
time: 0.058665s
Iteration 8
time: 0.058756s
Iteration 9
time: 0.059295s
Iteration 10
time: 0.060242s
Iteration 11
time: 0.059496s
Iteration 12
time: 0.060612s
Iteration 13
time: 0.059498s
Iteration 14
time: 0.058911s
Iteration 15
time: 0.062669s
Iteration 16
time: 0.058669s
Iteration 17
time: 0.059208s
Iteration 18
time: 0.059508s
Iteration 19
time: 0.059115s
Iteration 20
time: 0.058439s
Iteration 21
time: 0.058658s
Iteration 22
time: 0.060359s
Iteration 23
time: 0.059896s
Iteration 24
time: 0.058023s
9: Starting numprocs=16 N=2000, M=2000 impl=g-rabenseifner-allgather
6: Starting numprocs=16 N=2000, M=2000 impl=g-rabenseifner-allgather
15: Starting numprocs=16 N=2000, M=2000 impl=g-rabenseifner-allgather
10: Starting numprocs=16 N=2000, M=2000 impl=g-rabenseifner-allgather
13: Starting numprocs=16 N=2000, M=2000 impl=g-rabenseifner-allgather
11: Starting numprocs=16 N=2000, M=2000 impl=g-rabenseifner-allgather
7: Starting numprocs=16 N=2000, M=2000 impl=g-rabenseifner-allgather
12: Starting numprocs=16 N=2000, M=2000 impl=g-rabenseifner-allgather
0: Starting numprocs=16 N=2000, M=2000 impl=g-rabenseifner-allgather
Iteration 0
5: Starting numprocs=16 N=2000, M=2000 impl=g-rabenseifner-allgather
14: Starting numprocs=16 N=2000, M=2000 impl=g-rabenseifner-allgather
1: Starting numprocs=16 N=2000, M=2000 impl=g-rabenseifner-allgather
2: Starting numprocs=16 N=2000, M=2000 impl=g-rabenseifner-allgather
8: Starting numprocs=16 N=2000, M=2000 impl=g-rabenseifner-allgather
3: Starting numprocs=16 N=2000, M=2000 impl=g-rabenseifner-allgather
4: Starting numprocs=16 N=2000, M=2000 impl=g-rabenseifner-allgather
time: 0.035437s
Iteration 1
time: 0.030229s
Iteration 2
time: 0.029806s
Iteration 3
time: 0.029794s
Iteration 4
time: 0.029595s
Iteration 5
time: 0.029475s
Iteration 6
time: 0.029790s
Iteration 7
time: 0.029914s
Iteration 8
time: 0.029716s
Iteration 9
time: 0.029577s
Iteration 10
time: 0.029369s
Iteration 11
time: 0.029855s
Iteration 12
time: 0.029535s
Iteration 13
time: 0.030018s
Iteration 14
time: 0.029629s
Iteration 15
time: 0.029408s
Iteration 16
time: 0.030260s
Iteration 17
time: 0.029712s
Iteration 18
time: 0.030014s
Iteration 19
time: 0.029971s
Iteration 20
time: 0.029531s
Iteration 21
time: 0.029440s
Iteration 22
time: 0.030098s
Iteration 23
time: 0.029582s
Iteration 24
time: 0.029590s
7: Starting numprocs=16 N=2000, M=2000 impl=g-rabenseifner-subgroup-2
3: Starting numprocs=16 N=2000, M=2000 impl=g-rabenseifner-subgroup-2
2: Starting numprocs=16 N=2000, M=2000 impl=g-rabenseifner-subgroup-2
15: Starting numprocs=16 N=2000, M=2000 impl=g-rabenseifner-subgroup-2
5: Starting numprocs=16 N=2000, M=2000 impl=g-rabenseifner-subgroup-2
8: Starting numprocs=16 N=2000, M=2000 impl=g-rabenseifner-subgroup-2
12: Starting numprocs=16 N=2000, M=2000 impl=g-rabenseifner-subgroup-2
6: Starting numprocs=16 N=2000, M=2000 impl=g-rabenseifner-subgroup-2
13: Starting numprocs=16 N=2000, M=2000 impl=g-rabenseifner-subgroup-2
0: Starting numprocs=16 N=2000, M=2000 impl=g-rabenseifner-subgroup-2
Iteration 0
9: Starting numprocs=16 N=2000, M=2000 impl=g-rabenseifner-subgroup-2
11: Starting numprocs=16 N=2000, M=2000 impl=g-rabenseifner-subgroup-2
4: Starting numprocs=16 N=2000, M=2000 impl=g-rabenseifner-subgroup-2
14: Starting numprocs=16 N=2000, M=2000 impl=g-rabenseifner-subgroup-2
1: Starting numprocs=16 N=2000, M=2000 impl=g-rabenseifner-subgroup-2
10: Starting numprocs=16 N=2000, M=2000 impl=g-rabenseifner-subgroup-2
time: 0.050885s
Iteration 1
time: 0.031596s
Iteration 2
time: 0.031409s
Iteration 3
time: 0.031354s
Iteration 4
time: 0.031992s
Iteration 5
time: 0.031532s
Iteration 6
time: 0.031254s
Iteration 7
time: 0.031622s
Iteration 8
time: 0.032022s
Iteration 9
time: 0.031474s
Iteration 10
time: 0.031913s
Iteration 11
time: 0.031209s
Iteration 12
time: 0.031274s
Iteration 13
time: 0.031285s
Iteration 14
time: 0.031887s
Iteration 15
time: 0.031480s
Iteration 16
time: 0.031986s
Iteration 17
time: 0.031640s
Iteration 18
time: 0.031579s
Iteration 19
time: 0.031424s
Iteration 20
time: 0.031140s
Iteration 21
time: 0.031547s
Iteration 22
time: 0.031648s
Iteration 23
time: 0.031978s
Iteration 24
time: 0.031532s
13: Starting numprocs=16 N=2000, M=2000 impl=g-rabenseifner-subgroup-4
15: Starting numprocs=16 N=2000, M=2000 impl=g-rabenseifner-subgroup-4
12: Starting numprocs=16 N=2000, M=2000 impl=g-rabenseifner-subgroup-4
4: Starting numprocs=16 N=2000, M=2000 impl=g-rabenseifner-subgroup-4
5: Starting numprocs=16 N=2000, M=2000 impl=g-rabenseifner-subgroup-4
7: Starting numprocs=16 N=2000, M=2000 impl=g-rabenseifner-subgroup-4
6: Starting numprocs=16 N=2000, M=2000 impl=g-rabenseifner-subgroup-4
9: Starting numprocs=16 N=2000, M=2000 impl=g-rabenseifner-subgroup-4
11: Starting numprocs=16 N=2000, M=2000 impl=g-rabenseifner-subgroup-4
10: Starting numprocs=16 N=2000, M=2000 impl=g-rabenseifner-subgroup-4
0: Starting numprocs=16 N=2000, M=2000 impl=g-rabenseifner-subgroup-4
Iteration 0
3: Starting numprocs=16 N=2000, M=2000 impl=g-rabenseifner-subgroup-4
8: Starting numprocs=16 N=2000, M=2000 impl=g-rabenseifner-subgroup-4
14: Starting numprocs=16 N=2000, M=2000 impl=g-rabenseifner-subgroup-4
2: Starting numprocs=16 N=2000, M=2000 impl=g-rabenseifner-subgroup-4
1: Starting numprocs=16 N=2000, M=2000 impl=g-rabenseifner-subgroup-4
time: 0.050905s
Iteration 1
time: 0.033423s
Iteration 2
time: 0.033051s
Iteration 3
time: 0.033605s
Iteration 4
time: 0.033198s
Iteration 5
time: 0.033145s
Iteration 6
time: 0.033221s
Iteration 7
time: 0.034346s
Iteration 8
time: 0.034225s
Iteration 9
time: 0.034685s
Iteration 10
time: 0.034236s
Iteration 11
time: 0.034189s
Iteration 12
time: 0.034545s
Iteration 13
time: 0.033750s
Iteration 14
time: 0.033993s
Iteration 15
time: 0.033410s
Iteration 16
time: 0.033656s
Iteration 17
time: 0.033699s
Iteration 18
time: 0.034133s
Iteration 19
time: 0.033455s
Iteration 20
time: 0.033444s
Iteration 21
time: 0.033880s
Iteration 22
time: 0.033988s
Iteration 23
time: 0.033564s
Iteration 24
time: 0.033984s
4: Starting numprocs=16 N=2000, M=2000 impl=g-rabenseifner-subgroup-8
11: Starting numprocs=16 N=2000, M=2000 impl=g-rabenseifner-subgroup-8
13: Starting numprocs=16 N=2000, M=2000 impl=g-rabenseifner-subgroup-8
12: Starting numprocs=16 N=2000, M=2000 impl=g-rabenseifner-subgroup-8
3: Starting numprocs=16 N=2000, M=2000 impl=g-rabenseifner-subgroup-8
15: Starting numprocs=16 N=2000, M=2000 impl=g-rabenseifner-subgroup-8
5: Starting numprocs=16 N=2000, M=2000 impl=g-rabenseifner-subgroup-8
6: Starting numprocs=16 N=2000, M=2000 impl=g-rabenseifner-subgroup-8
2: Starting numprocs=16 N=2000, M=2000 impl=g-rabenseifner-subgroup-8
9: Starting numprocs=16 N=2000, M=2000 impl=g-rabenseifner-subgroup-8
8: Starting numprocs=16 N=2000, M=2000 impl=g-rabenseifner-subgroup-8
0: Starting numprocs=16 N=2000, M=2000 impl=g-rabenseifner-subgroup-8
Iteration 0
7: Starting numprocs=16 N=2000, M=2000 impl=g-rabenseifner-subgroup-8
1: Starting numprocs=16 N=2000, M=2000 impl=g-rabenseifner-subgroup-8
14: Starting numprocs=16 N=2000, M=2000 impl=g-rabenseifner-subgroup-8
10: Starting numprocs=16 N=2000, M=2000 impl=g-rabenseifner-subgroup-8
time: 0.059709s
Iteration 1
time: 0.043412s
Iteration 2
time: 0.043508s
Iteration 3
time: 0.042905s
Iteration 4
time: 0.040253s
Iteration 5
time: 0.042488s
Iteration 6
time: 0.041929s
Iteration 7
time: 0.043150s
Iteration 8
time: 0.042375s
Iteration 9
time: 0.040455s
Iteration 10
time: 0.039736s
Iteration 11
time: 0.039466s
Iteration 12
time: 0.039679s
Iteration 13
time: 0.041039s
Iteration 14
time: 0.040387s
Iteration 15
time: 0.040187s
Iteration 16
time: 0.039566s
Iteration 17
time: 0.041870s
Iteration 18
time: 0.040418s
Iteration 19
time: 0.039783s
Iteration 20
time: 0.041329s
Iteration 21
time: 0.040360s
Iteration 22
time: 0.039455s
Iteration 23
time: 0.041072s
Iteration 24
time: 0.042197s
12: Starting numprocs=16 N=3000, M=3000 impl=allgather
5: Starting numprocs=16 N=3000, M=3000 impl=allgather
3: Starting numprocs=16 N=3000, M=3000 impl=allgather
6: Starting numprocs=16 N=3000, M=3000 impl=allgather
4: Starting numprocs=16 N=3000, M=3000 impl=allgather
13: Starting numprocs=16 N=3000, M=3000 impl=allgather
9: Starting numprocs=16 N=3000, M=3000 impl=allgather
7: Starting numprocs=16 N=3000, M=3000 impl=allgather
15: Starting numprocs=16 N=3000, M=3000 impl=allgather
11: Starting numprocs=16 N=3000, M=3000 impl=allgather
0: Starting numprocs=16 N=3000, M=3000 impl=allgather
Iteration 0
10: Starting numprocs=16 N=3000, M=3000 impl=allgather
2: Starting numprocs=16 N=3000, M=3000 impl=allgather
8: Starting numprocs=16 N=3000, M=3000 impl=allgather
14: Starting numprocs=16 N=3000, M=3000 impl=allgather
1: Starting numprocs=16 N=3000, M=3000 impl=allgather
time: 0.211392s
Iteration 1
time: 0.178636s
Iteration 2
time: 0.161372s
Iteration 3
time: 0.142737s
Iteration 4
time: 0.147644s
Iteration 5
time: 0.161100s
Iteration 6
time: 0.152986s
Iteration 7
time: 0.148473s
Iteration 8
time: 0.166247s
Iteration 9
time: 0.222060s
Iteration 10
time: 0.173160s
Iteration 11
time: 0.146908s
Iteration 12
time: 0.160257s
Iteration 13
time: 0.191099s
Iteration 14
time: 0.150934s
Iteration 15
time: 0.141869s
Iteration 16
time: 0.152880s
Iteration 17
time: 0.158801s
Iteration 18
time: 0.151185s
Iteration 19
time: 0.150601s
Iteration 20
time: 0.272551s
Iteration 21
time: 0.203612s
Iteration 22
time: 0.164408s
Iteration 23
time: 0.154155s
Iteration 24
time: 0.162258s
3: Starting numprocs=16 N=3000, M=3000 impl=allreduce
15: Starting numprocs=16 N=3000, M=3000 impl=allreduce
5: Starting numprocs=16 N=3000, M=3000 impl=allreduce
12: Starting numprocs=16 N=3000, M=3000 impl=allreduce
6: Starting numprocs=16 N=3000, M=3000 impl=allreduce
11: Starting numprocs=16 N=3000, M=3000 impl=allreduce
4: Starting numprocs=16 N=3000, M=3000 impl=allreduce
7: Starting numprocs=16 N=3000, M=3000 impl=allreduce
13: Starting numprocs=16 N=3000, M=3000 impl=allreduce
8: Starting numprocs=16 N=3000, M=3000 impl=allreduce
9: Starting numprocs=16 N=3000, M=3000 impl=allreduce
10: Starting numprocs=16 N=3000, M=3000 impl=allreduce
2: Starting numprocs=16 N=3000, M=3000 impl=allreduce
0: Starting numprocs=16 N=3000, M=3000 impl=allreduce
Iteration 0
1: Starting numprocs=16 N=3000, M=3000 impl=allreduce
14: Starting numprocs=16 N=3000, M=3000 impl=allreduce
time: 0.227685s
Iteration 1
time: 0.197354s
Iteration 2
time: 0.194059s
Iteration 3
time: 0.203422s
Iteration 4
time: 0.209037s
Iteration 5
time: 0.198058s
Iteration 6
time: 0.199468s
Iteration 7
time: 0.201768s
Iteration 8
time: 0.191680s
Iteration 9
time: 0.203326s
Iteration 10
time: 0.194838s
Iteration 11
time: 0.201508s
Iteration 12
time: 0.196270s
Iteration 13
time: 0.198369s
Iteration 14
time: 0.210032s
Iteration 15
time: 0.201317s
Iteration 16
time: 0.195863s
Iteration 17
time: 0.201494s
Iteration 18
time: 0.199548s
Iteration 19
time: 0.198611s
Iteration 20
time: 0.197646s
Iteration 21
time: 0.200808s
Iteration 22
time: 0.198591s
Iteration 23
time: 0.203895s
Iteration 24
time: 0.200168s
4: Starting numprocs=16 N=3000, M=3000 impl=allreduce-ring
3: Starting numprocs=16 N=3000, M=3000 impl=allreduce-ring
7: Starting numprocs=16 N=3000, M=3000 impl=allreduce-ring
13: Starting numprocs=16 N=3000, M=3000 impl=allreduce-ring
15: Starting numprocs=16 N=3000, M=3000 impl=allreduce-ring
5: Starting numprocs=16 N=3000, M=3000 impl=allreduce-ring
9: Starting numprocs=16 N=3000, M=3000 impl=allreduce-ring
6: Starting numprocs=16 N=3000, M=3000 impl=allreduce-ring
8: Starting numprocs=16 N=3000, M=3000 impl=allreduce-ring
12: Starting numprocs=16 N=3000, M=3000 impl=allreduce-ring
2: Starting numprocs=16 N=3000, M=3000 impl=allreduce-ring
11: Starting numprocs=16 N=3000, M=3000 impl=allreduce-ring
10: Starting numprocs=16 N=3000, M=3000 impl=allreduce-ring
0: Starting numprocs=16 N=3000, M=3000 impl=allreduce-ring
Iteration 0
1: Starting numprocs=16 N=3000, M=3000 impl=allreduce-ring
14: Starting numprocs=16 N=3000, M=3000 impl=allreduce-ring
time: 0.145814s
Iteration 1
time: 0.135504s
Iteration 2
time: 0.135591s
Iteration 3
time: 0.132288s
Iteration 4
time: 0.130879s
Iteration 5
time: 0.130302s
Iteration 6
time: 2.188523s
Iteration 7
time: 0.132520s
Iteration 8
time: 0.133328s
Iteration 9
time: 0.136580s
Iteration 10
time: 0.136871s
Iteration 11
time: 0.140309s
Iteration 12
time: 0.135606s
Iteration 13
time: 0.134012s
Iteration 14
time: 0.135354s
Iteration 15
time: 0.130644s
Iteration 16
time: 0.131977s
Iteration 17
time: 0.136413s
Iteration 18
time: 0.135708s
Iteration 19
time: 0.135576s
Iteration 20
time: 0.132072s
Iteration 21
time: 0.132885s
Iteration 22
time: 0.132167s
Iteration 23
time: 0.138903s
Iteration 24
time: 0.136994s
15: Starting numprocs=16 N=3000, M=3000 impl=g-rabenseifner-allgather
13: Starting numprocs=16 N=3000, M=3000 impl=g-rabenseifner-allgather
9: Starting numprocs=16 N=3000, M=3000 impl=g-rabenseifner-allgather
5: Starting numprocs=16 N=3000, M=3000 impl=g-rabenseifner-allgather
11: Starting numprocs=16 N=3000, M=3000 impl=g-rabenseifner-allgather
6: Starting numprocs=16 N=3000, M=3000 impl=g-rabenseifner-allgather
4: Starting numprocs=16 N=3000, M=3000 impl=g-rabenseifner-allgather
3: Starting numprocs=16 N=3000, M=3000 impl=g-rabenseifner-allgather
2: Starting numprocs=16 N=3000, M=3000 impl=g-rabenseifner-allgather
7: Starting numprocs=16 N=3000, M=3000 impl=g-rabenseifner-allgather
8: Starting numprocs=16 N=3000, M=3000 impl=g-rabenseifner-allgather
12: Starting numprocs=16 N=3000, M=3000 impl=g-rabenseifner-allgather
0: Starting numprocs=16 N=3000, M=3000 impl=g-rabenseifner-allgather
Iteration 0
10: Starting numprocs=16 N=3000, M=3000 impl=g-rabenseifner-allgather
14: Starting numprocs=16 N=3000, M=3000 impl=g-rabenseifner-allgather
1: Starting numprocs=16 N=3000, M=3000 impl=g-rabenseifner-allgather
time: 0.092631s
Iteration 1
time: 0.065843s
Iteration 2
time: 0.065543s
Iteration 3
time: 0.066089s
Iteration 4
time: 0.065914s
Iteration 5
time: 0.078967s
Iteration 6
time: 0.065482s
Iteration 7
time: 0.065896s
Iteration 8
time: 0.065902s
Iteration 9
time: 0.065633s
Iteration 10
time: 0.065287s
Iteration 11
time: 0.065897s
Iteration 12
time: 0.065605s
Iteration 13
time: 0.065541s
Iteration 14
time: 0.065815s
Iteration 15
time: 0.065599s
Iteration 16
time: 0.065535s
Iteration 17
time: 0.065424s
Iteration 18
time: 0.065615s
Iteration 19
time: 0.065690s
Iteration 20
time: 0.065932s
Iteration 21
time: 0.066162s
Iteration 22
time: 0.066138s
Iteration 23
time: 0.065744s
Iteration 24
time: 0.066347s
13: Starting numprocs=16 N=3000, M=3000 impl=g-rabenseifner-subgroup-2
12: Starting numprocs=16 N=3000, M=3000 impl=g-rabenseifner-subgroup-2
7: Starting numprocs=16 N=3000, M=3000 impl=g-rabenseifner-subgroup-2
9: Starting numprocs=16 N=3000, M=3000 impl=g-rabenseifner-subgroup-2
5: Starting numprocs=16 N=3000, M=3000 impl=g-rabenseifner-subgroup-2
4: Starting numprocs=16 N=3000, M=3000 impl=g-rabenseifner-subgroup-2
3: Starting numprocs=16 N=3000, M=3000 impl=g-rabenseifner-subgroup-2
0: Starting numprocs=16 N=3000, M=3000 impl=g-rabenseifner-subgroup-2
Iteration 0
15: Starting numprocs=16 N=3000, M=3000 impl=g-rabenseifner-subgroup-2
8: Starting numprocs=16 N=3000, M=3000 impl=g-rabenseifner-subgroup-2
2: Starting numprocs=16 N=3000, M=3000 impl=g-rabenseifner-subgroup-2
6: Starting numprocs=16 N=3000, M=3000 impl=g-rabenseifner-subgroup-2
11: Starting numprocs=16 N=3000, M=3000 impl=g-rabenseifner-subgroup-2
10: Starting numprocs=16 N=3000, M=3000 impl=g-rabenseifner-subgroup-2
14: Starting numprocs=16 N=3000, M=3000 impl=g-rabenseifner-subgroup-2
1: Starting numprocs=16 N=3000, M=3000 impl=g-rabenseifner-subgroup-2
time: 0.093319s
Iteration 1
time: 0.069397s
Iteration 2
time: 0.069148s
Iteration 3
time: 0.069303s
Iteration 4
time: 0.069323s
Iteration 5
time: 0.072454s
Iteration 6
time: 0.069096s
Iteration 7
time: 0.069179s
Iteration 8
time: 0.070127s
Iteration 9
time: 0.069984s
Iteration 10
time: 0.068769s
Iteration 11
time: 0.068644s
Iteration 12
time: 0.069698s
Iteration 13
time: 0.069584s
Iteration 14
time: 0.071609s
Iteration 15
time: 0.068857s
Iteration 16
time: 0.069215s
Iteration 17
time: 0.068825s
Iteration 18
time: 0.071411s
Iteration 19
time: 0.069948s
Iteration 20
time: 0.069199s
Iteration 21
time: 0.068688s
Iteration 22
time: 0.068634s
Iteration 23
time: 0.068854s
Iteration 24
time: 0.069146s
12: Starting numprocs=16 N=3000, M=3000 impl=g-rabenseifner-subgroup-4
4: Starting numprocs=16 N=3000, M=3000 impl=g-rabenseifner-subgroup-4
3: Starting numprocs=16 N=3000, M=3000 impl=g-rabenseifner-subgroup-4
13: Starting numprocs=16 N=3000, M=3000 impl=g-rabenseifner-subgroup-4
11: Starting numprocs=16 N=3000, M=3000 impl=g-rabenseifner-subgroup-4
15: Starting numprocs=16 N=3000, M=3000 impl=g-rabenseifner-subgroup-4
9: Starting numprocs=16 N=3000, M=3000 impl=g-rabenseifner-subgroup-4
5: Starting numprocs=16 N=3000, M=3000 impl=g-rabenseifner-subgroup-4
10: Starting numprocs=16 N=3000, M=3000 impl=g-rabenseifner-subgroup-4
7: Starting numprocs=16 N=3000, M=3000 impl=g-rabenseifner-subgroup-4
0: Starting numprocs=16 N=3000, M=3000 impl=g-rabenseifner-subgroup-4
Iteration 0
6: Starting numprocs=16 N=3000, M=3000 impl=g-rabenseifner-subgroup-4
8: Starting numprocs=16 N=3000, M=3000 impl=g-rabenseifner-subgroup-4
2: Starting numprocs=16 N=3000, M=3000 impl=g-rabenseifner-subgroup-4
14: Starting numprocs=16 N=3000, M=3000 impl=g-rabenseifner-subgroup-4
1: Starting numprocs=16 N=3000, M=3000 impl=g-rabenseifner-subgroup-4
time: 0.101816s
Iteration 1
time: 0.075206s
Iteration 2
time: 0.075214s
Iteration 3
time: 0.074501s
Iteration 4
time: 0.075601s
Iteration 5
time: 0.074878s
Iteration 6
time: 0.075471s
Iteration 7
time: 0.077408s
Iteration 8
time: 0.075161s
Iteration 9
time: 0.075701s
Iteration 10
time: 0.075189s
Iteration 11
time: 0.076387s
Iteration 12
time: 0.076291s
Iteration 13
time: 0.076165s
Iteration 14
time: 0.076094s
Iteration 15
time: 0.076159s
Iteration 16
time: 0.076162s
Iteration 17
time: 0.074109s
Iteration 18
time: 0.075898s
Iteration 19
time: 0.077244s
Iteration 20
time: 0.074556s
Iteration 21
time: 0.076025s
Iteration 22
time: 0.075436s
Iteration 23
time: 0.075881s
Iteration 24
time: 0.074734s
15: Starting numprocs=16 N=3000, M=3000 impl=g-rabenseifner-subgroup-8
4: Starting numprocs=16 N=3000, M=3000 impl=g-rabenseifner-subgroup-8
12: Starting numprocs=16 N=3000, M=3000 impl=g-rabenseifner-subgroup-8
9: Starting numprocs=16 N=3000, M=3000 impl=g-rabenseifner-subgroup-8
11: Starting numprocs=16 N=3000, M=3000 impl=g-rabenseifner-subgroup-8
10: Starting numprocs=16 N=3000, M=3000 impl=g-rabenseifner-subgroup-8
13: Starting numprocs=16 N=3000, M=3000 impl=g-rabenseifner-subgroup-8
3: Starting numprocs=16 N=3000, M=3000 impl=g-rabenseifner-subgroup-8
5: Starting numprocs=16 N=3000, M=3000 impl=g-rabenseifner-subgroup-8
7: Starting numprocs=16 N=3000, M=3000 impl=g-rabenseifner-subgroup-8
6: Starting numprocs=16 N=3000, M=3000 impl=g-rabenseifner-subgroup-8
0: Starting numprocs=16 N=3000, M=3000 impl=g-rabenseifner-subgroup-8
Iteration 0
2: Starting numprocs=16 N=3000, M=3000 impl=g-rabenseifner-subgroup-8
8: Starting numprocs=16 N=3000, M=3000 impl=g-rabenseifner-subgroup-8
14: Starting numprocs=16 N=3000, M=3000 impl=g-rabenseifner-subgroup-8
1: Starting numprocs=16 N=3000, M=3000 impl=g-rabenseifner-subgroup-8
time: 0.107779s
Iteration 1
time: 0.090055s
Iteration 2
time: 0.090028s
Iteration 3
time: 0.090350s
Iteration 4
time: 0.091760s
Iteration 5
time: 0.093652s
Iteration 6
time: 0.092034s
Iteration 7
time: 0.092897s
Iteration 8
time: 0.091806s
Iteration 9
time: 0.089603s
Iteration 10
time: 0.094790s
Iteration 11
time: 0.090036s
Iteration 12
time: 0.091655s
Iteration 13
time: 0.093308s
Iteration 14
time: 0.089689s
Iteration 15
time: 0.087272s
Iteration 16
time: 0.087772s
Iteration 17
time: 0.087607s
Iteration 18
time: 0.087802s
Iteration 19
time: 0.090024s
Iteration 20
time: 0.089497s
Iteration 21
time: 0.089665s
Iteration 22
time: 0.090000s
Iteration 23
time: 0.089140s
Iteration 24
time: 0.090702s
13: Starting numprocs=16 N=4000, M=4000 impl=allgather
15: Starting numprocs=16 N=4000, M=4000 impl=allgather
12: Starting numprocs=16 N=4000, M=4000 impl=allgather
4: Starting numprocs=16 N=4000, M=4000 impl=allgather
9: Starting numprocs=16 N=4000, M=4000 impl=allgather
6: Starting numprocs=16 N=4000, M=4000 impl=allgather
11: Starting numprocs=16 N=4000, M=4000 impl=allgather
3: Starting numprocs=16 N=4000, M=4000 impl=allgather
5: Starting numprocs=16 N=4000, M=4000 impl=allgather
8: Starting numprocs=16 N=4000, M=4000 impl=allgather
10: Starting numprocs=16 N=4000, M=4000 impl=allgather
7: Starting numprocs=16 N=4000, M=4000 impl=allgather
0: Starting numprocs=16 N=4000, M=4000 impl=allgather
Iteration 0
2: Starting numprocs=16 N=4000, M=4000 impl=allgather
1: Starting numprocs=16 N=4000, M=4000 impl=allgather
14: Starting numprocs=16 N=4000, M=4000 impl=allgather
time: 0.325032s
Iteration 1
time: 0.357602s
Iteration 2
time: 0.304772s
Iteration 3
time: 0.348831s
Iteration 4
time: 0.299564s
Iteration 5
time: 0.335693s
Iteration 6
time: 0.308943s
Iteration 7
time: 0.383435s
Iteration 8
time: 0.304727s
Iteration 9
time: 0.332495s
Iteration 10
time: 0.306358s
Iteration 11
time: 0.306879s
Iteration 12
time: 0.324209s
Iteration 13
time: 0.384313s
Iteration 14
time: 0.338084s
Iteration 15
time: 0.337132s
Iteration 16
time: 0.322414s
Iteration 17
time: 0.331773s
Iteration 18
time: 0.315754s
Iteration 19
time: 0.304209s
Iteration 20
time: 0.352135s
Iteration 21
time: 0.337971s
Iteration 22
time: 0.318722s
Iteration 23
time: 0.310699s
Iteration 24
time: 0.321555s
7: Starting numprocs=16 N=4000, M=4000 impl=allreduce
3: Starting numprocs=16 N=4000, M=4000 impl=allreduce
4: Starting numprocs=16 N=4000, M=4000 impl=allreduce
15: Starting numprocs=16 N=4000, M=4000 impl=allreduce
6: Starting numprocs=16 N=4000, M=4000 impl=allreduce
12: Starting numprocs=16 N=4000, M=4000 impl=allreduce
11: Starting numprocs=16 N=4000, M=4000 impl=allreduce
5: Starting numprocs=16 N=4000, M=4000 impl=allreduce
13: Starting numprocs=16 N=4000, M=4000 impl=allreduce
9: Starting numprocs=16 N=4000, M=4000 impl=allreduce
10: Starting numprocs=16 N=4000, M=4000 impl=allreduce
8: Starting numprocs=16 N=4000, M=4000 impl=allreduce
2: Starting numprocs=16 N=4000, M=4000 impl=allreduce
1: Starting numprocs=16 N=4000, M=4000 impl=allreduce
0: Starting numprocs=16 N=4000, M=4000 impl=allreduce
Iteration 0
14: Starting numprocs=16 N=4000, M=4000 impl=allreduce
time: 0.398741s
Iteration 1
time: 0.357882s
Iteration 2
time: 0.364671s
Iteration 3
time: 0.349129s
Iteration 4
time: 0.351886s
Iteration 5
time: 0.358334s
Iteration 6
time: 0.351545s
Iteration 7
time: 0.362037s
Iteration 8
time: 0.348640s
Iteration 9
time: 0.359409s
Iteration 10
time: 0.353534s
Iteration 11
time: 0.353723s
Iteration 12
time: 2.339701s
Iteration 13
time: 0.402033s
Iteration 14
time: 0.366533s
Iteration 15
time: 0.355261s
Iteration 16
time: 0.348410s
Iteration 17
time: 0.349175s
Iteration 18
time: 0.349443s
Iteration 19
time: 0.355523s
Iteration 20
time: 0.372944s
Iteration 21
time: 0.361369s
Iteration 22
time: 0.352366s
Iteration 23
time: 0.355980s
Iteration 24
time: 0.351017s
4: Starting numprocs=16 N=4000, M=4000 impl=allreduce-ring
15: Starting numprocs=16 N=4000, M=4000 impl=allreduce-ring
3: Starting numprocs=16 N=4000, M=4000 impl=allreduce-ring
6: Starting numprocs=16 N=4000, M=4000 impl=allreduce-ring
11: Starting numprocs=16 N=4000, M=4000 impl=allreduce-ring
7: Starting numprocs=16 N=4000, M=4000 impl=allreduce-ring
5: Starting numprocs=16 N=4000, M=4000 impl=allreduce-ring
9: Starting numprocs=16 N=4000, M=4000 impl=allreduce-ring
12: Starting numprocs=16 N=4000, M=4000 impl=allreduce-ring
13: Starting numprocs=16 N=4000, M=4000 impl=allreduce-ring
10: Starting numprocs=16 N=4000, M=4000 impl=allreduce-ring
8: Starting numprocs=16 N=4000, M=4000 impl=allreduce-ring
0: Starting numprocs=16 N=4000, M=4000 impl=allreduce-ring
Iteration 0
2: Starting numprocs=16 N=4000, M=4000 impl=allreduce-ring
1: Starting numprocs=16 N=4000, M=4000 impl=allreduce-ring
14: Starting numprocs=16 N=4000, M=4000 impl=allreduce-ring
time: 0.264625s
Iteration 1
time: 0.244941s
Iteration 2
time: 0.243806s
Iteration 3
time: 0.239503s
Iteration 4
time: 0.240439s
Iteration 5
time: 0.278349s
Iteration 6
time: 0.246665s
Iteration 7
time: 0.236953s
Iteration 8
time: 0.233387s
Iteration 9
time: 0.242078s
Iteration 10
time: 0.235810s
Iteration 11
time: 0.233536s
Iteration 12
time: 0.237714s
Iteration 13
time: 1.723375s
Iteration 14
time: 0.236492s
Iteration 15
time: 0.244257s
Iteration 16
time: 0.277966s
Iteration 17
time: 0.241330s
Iteration 18
time: 0.235386s
Iteration 19
time: 0.233821s
Iteration 20
time: 0.233614s
Iteration 21
time: 0.244066s
Iteration 22
time: 0.247088s
Iteration 23
time: 0.243915s
Iteration 24
time: 0.286124s
15: Starting numprocs=16 N=4000, M=4000 impl=g-rabenseifner-allgather
3: Starting numprocs=16 N=4000, M=4000 impl=g-rabenseifner-allgather
6: Starting numprocs=16 N=4000, M=4000 impl=g-rabenseifner-allgather
5: Starting numprocs=16 N=4000, M=4000 impl=g-rabenseifner-allgather
4: Starting numprocs=16 N=4000, M=4000 impl=g-rabenseifner-allgather
12: Starting numprocs=16 N=4000, M=4000 impl=g-rabenseifner-allgather
13: Starting numprocs=16 N=4000, M=4000 impl=g-rabenseifner-allgather
9: Starting numprocs=16 N=4000, M=4000 impl=g-rabenseifner-allgather
7: Starting numprocs=16 N=4000, M=4000 impl=g-rabenseifner-allgather
11: Starting numprocs=16 N=4000, M=4000 impl=g-rabenseifner-allgather
0: Starting numprocs=16 N=4000, M=4000 impl=g-rabenseifner-allgather
Iteration 0
10: Starting numprocs=16 N=4000, M=4000 impl=g-rabenseifner-allgather
8: Starting numprocs=16 N=4000, M=4000 impl=g-rabenseifner-allgather
2: Starting numprocs=16 N=4000, M=4000 impl=g-rabenseifner-allgather
14: Starting numprocs=16 N=4000, M=4000 impl=g-rabenseifner-allgather
1: Starting numprocs=16 N=4000, M=4000 impl=g-rabenseifner-allgather
time: 0.147407s
Iteration 1
time: 0.115741s
Iteration 2
time: 0.116089s
Iteration 3
time: 0.115706s
Iteration 4
time: 0.115877s
Iteration 5
time: 0.115813s
Iteration 6
time: 0.115955s
Iteration 7
time: 0.115845s
Iteration 8
time: 0.115709s
Iteration 9
time: 0.136892s
Iteration 10
time: 0.117956s
Iteration 11
time: 0.115422s
Iteration 12
time: 0.115860s
Iteration 13
time: 0.115585s
Iteration 14
time: 0.115999s
Iteration 15
time: 0.122766s
Iteration 16
time: 0.115603s
Iteration 17
time: 0.115721s
Iteration 18
time: 0.115763s
Iteration 19
time: 0.115278s
Iteration 20
time: 0.115287s
Iteration 21
time: 0.115663s
Iteration 22
time: 0.115404s
Iteration 23
time: 0.116121s
Iteration 24
time: 0.115335s
15: Starting numprocs=16 N=4000, M=4000 impl=g-rabenseifner-subgroup-2
5: Starting numprocs=16 N=4000, M=4000 impl=g-rabenseifner-subgroup-2
3: Starting numprocs=16 N=4000, M=4000 impl=g-rabenseifner-subgroup-2
9: Starting numprocs=16 N=4000, M=4000 impl=g-rabenseifner-subgroup-2
12: Starting numprocs=16 N=4000, M=4000 impl=g-rabenseifner-subgroup-2
4: Starting numprocs=16 N=4000, M=4000 impl=g-rabenseifner-subgroup-2
6: Starting numprocs=16 N=4000, M=4000 impl=g-rabenseifner-subgroup-2
13: Starting numprocs=16 N=4000, M=4000 impl=g-rabenseifner-subgroup-2
11: Starting numprocs=16 N=4000, M=4000 impl=g-rabenseifner-subgroup-2
0: Starting numprocs=16 N=4000, M=4000 impl=g-rabenseifner-subgroup-2
Iteration 0
10: Starting numprocs=16 N=4000, M=4000 impl=g-rabenseifner-subgroup-2
8: Starting numprocs=16 N=4000, M=4000 impl=g-rabenseifner-subgroup-2
2: Starting numprocs=16 N=4000, M=4000 impl=g-rabenseifner-subgroup-2
7: Starting numprocs=16 N=4000, M=4000 impl=g-rabenseifner-subgroup-2
1: Starting numprocs=16 N=4000, M=4000 impl=g-rabenseifner-subgroup-2
14: Starting numprocs=16 N=4000, M=4000 impl=g-rabenseifner-subgroup-2
time: 0.152474s
Iteration 1
time: 0.121879s
Iteration 2
time: 0.120974s
Iteration 3
time: 0.122288s
Iteration 4
time: 0.122294s
Iteration 5
time: 0.121609s
Iteration 6
time: 0.122318s
Iteration 7
time: 0.121621s
Iteration 8
time: 0.122913s
Iteration 9
time: 0.122483s
Iteration 10
time: 0.122050s
Iteration 11
time: 0.121517s
Iteration 12
time: 0.121274s
Iteration 13
time: 0.122573s
Iteration 14
time: 0.122459s
Iteration 15
time: 0.121660s
Iteration 16
time: 0.121811s
Iteration 17
time: 0.126612s
Iteration 18
time: 0.125829s
Iteration 19
time: 0.126512s
Iteration 20
time: 0.125701s
Iteration 21
time: 0.127537s
Iteration 22
time: 0.121210s
Iteration 23
time: 0.122393s
Iteration 24
time: 0.121478s
12: Starting numprocs=16 N=4000, M=4000 impl=g-rabenseifner-subgroup-4
3: Starting numprocs=16 N=4000, M=4000 impl=g-rabenseifner-subgroup-4
9: Starting numprocs=16 N=4000, M=4000 impl=g-rabenseifner-subgroup-4
11: Starting numprocs=16 N=4000, M=4000 impl=g-rabenseifner-subgroup-4
6: Starting numprocs=16 N=4000, M=4000 impl=g-rabenseifner-subgroup-4
15: Starting numprocs=16 N=4000, M=4000 impl=g-rabenseifner-subgroup-4
13: Starting numprocs=16 N=4000, M=4000 impl=g-rabenseifner-subgroup-4
5: Starting numprocs=16 N=4000, M=4000 impl=g-rabenseifner-subgroup-4
0: Starting numprocs=16 N=4000, M=4000 impl=g-rabenseifner-subgroup-4
Iteration 0
2: Starting numprocs=16 N=4000, M=4000 impl=g-rabenseifner-subgroup-4
4: Starting numprocs=16 N=4000, M=4000 impl=g-rabenseifner-subgroup-4
8: Starting numprocs=16 N=4000, M=4000 impl=g-rabenseifner-subgroup-4
10: Starting numprocs=16 N=4000, M=4000 impl=g-rabenseifner-subgroup-4
7: Starting numprocs=16 N=4000, M=4000 impl=g-rabenseifner-subgroup-4
1: Starting numprocs=16 N=4000, M=4000 impl=g-rabenseifner-subgroup-4
14: Starting numprocs=16 N=4000, M=4000 impl=g-rabenseifner-subgroup-4
time: 0.169844s
Iteration 1
time: 0.133705s
Iteration 2
time: 0.133460s
Iteration 3
time: 0.133037s
Iteration 4
time: 0.131103s
Iteration 5
time: 0.131702s
Iteration 6
time: 0.134172s
Iteration 7
time: 0.133551s
Iteration 8
time: 0.135095s
Iteration 9
time: 0.132329s
Iteration 10
time: 0.142542s
Iteration 11
time: 0.135015s
Iteration 12
time: 0.133053s
Iteration 13
time: 0.132668s
Iteration 14
time: 0.139145s
Iteration 15
time: 0.131897s
Iteration 16
time: 0.132128s
Iteration 17
time: 0.131657s
Iteration 18
time: 0.131975s
Iteration 19
time: 0.138175s
Iteration 20
time: 0.132844s
Iteration 21
time: 0.137225s
Iteration 22
time: 0.133887s
Iteration 23
time: 0.133623s
Iteration 24
time: 0.133406s
0: Starting numprocs=16 N=4000, M=4000 impl=g-rabenseifner-subgroup-8
Iteration 0
9: Starting numprocs=16 N=4000, M=4000 impl=g-rabenseifner-subgroup-8
4: Starting numprocs=16 N=4000, M=4000 impl=g-rabenseifner-subgroup-8
6: Starting numprocs=16 N=4000, M=4000 impl=g-rabenseifner-subgroup-8
5: Starting numprocs=16 N=4000, M=4000 impl=g-rabenseifner-subgroup-8
7: Starting numprocs=16 N=4000, M=4000 impl=g-rabenseifner-subgroup-8
15: Starting numprocs=16 N=4000, M=4000 impl=g-rabenseifner-subgroup-8
11: Starting numprocs=16 N=4000, M=4000 impl=g-rabenseifner-subgroup-8
3: Starting numprocs=16 N=4000, M=4000 impl=g-rabenseifner-subgroup-8
12: Starting numprocs=16 N=4000, M=4000 impl=g-rabenseifner-subgroup-8
13: Starting numprocs=16 N=4000, M=4000 impl=g-rabenseifner-subgroup-8
8: Starting numprocs=16 N=4000, M=4000 impl=g-rabenseifner-subgroup-8
10: Starting numprocs=16 N=4000, M=4000 impl=g-rabenseifner-subgroup-8
2: Starting numprocs=16 N=4000, M=4000 impl=g-rabenseifner-subgroup-8
1: Starting numprocs=16 N=4000, M=4000 impl=g-rabenseifner-subgroup-8
14: Starting numprocs=16 N=4000, M=4000 impl=g-rabenseifner-subgroup-8
time: 0.191283s
Iteration 1
time: 0.158335s
Iteration 2
time: 0.160803s
Iteration 3
time: 0.161636s
Iteration 4
time: 0.156884s
Iteration 5
time: 0.156358s
Iteration 6
time: 0.158718s
Iteration 7
time: 0.157801s
Iteration 8
time: 0.158591s
Iteration 9
time: 0.156229s
Iteration 10
time: 0.155845s
Iteration 11
time: 0.156205s
Iteration 12
time: 0.159163s
Iteration 13
time: 0.157971s
Iteration 14
time: 0.156240s
Iteration 15
time: 0.160392s
Iteration 16
time: 0.156069s
Iteration 17
time: 0.157471s
Iteration 18
time: 0.157877s
Iteration 19
time: 0.160000s
Iteration 20
time: 0.158859s
Iteration 21
time: 0.156743s
Iteration 22
time: 0.159674s
Iteration 23
time: 0.160105s
Iteration 24
time: 0.159801s
11: Starting numprocs=16 N=5000, M=5000 impl=allgather
13: Starting numprocs=16 N=5000, M=5000 impl=allgather
3: Starting numprocs=16 N=5000, M=5000 impl=allgather
5: Starting numprocs=16 N=5000, M=5000 impl=allgather
12: Starting numprocs=16 N=5000, M=5000 impl=allgather
8: Starting numprocs=16 N=5000, M=5000 impl=allgather
6: Starting numprocs=16 N=5000, M=5000 impl=allgather
9: Starting numprocs=16 N=5000, M=5000 impl=allgather
7: Starting numprocs=16 N=5000, M=5000 impl=allgather
15: Starting numprocs=16 N=5000, M=5000 impl=allgather
4: Starting numprocs=16 N=5000, M=5000 impl=allgather
0: Starting numprocs=16 N=5000, M=5000 impl=allgather
Iteration 0
10: Starting numprocs=16 N=5000, M=5000 impl=allgather
2: Starting numprocs=16 N=5000, M=5000 impl=allgather
1: Starting numprocs=16 N=5000, M=5000 impl=allgather
14: Starting numprocs=16 N=5000, M=5000 impl=allgather
time: 0.500767s
Iteration 1
time: 0.469599s
Iteration 2
time: 0.479216s
Iteration 3
time: 0.534902s
Iteration 4
time: 0.502635s
Iteration 5
time: 0.488735s
Iteration 6
time: 0.502501s
Iteration 7
time: 0.496076s
Iteration 8
time: 0.496894s
Iteration 9
time: 0.508646s
Iteration 10
time: 0.527888s
Iteration 11
time: 0.498233s
Iteration 12
time: 0.553609s
Iteration 13
time: 0.496249s
Iteration 14
time: 0.548295s
Iteration 15
time: 0.480010s
Iteration 16
time: 0.542568s
Iteration 17
time: 0.514429s
Iteration 18
time: 0.498105s
Iteration 19
time: 0.482390s
Iteration 20
time: 0.495238s
Iteration 21
time: 0.498736s
Iteration 22
time: 0.473780s
Iteration 23
time: 0.542991s
Iteration 24
time: 0.502637s
11: Starting numprocs=16 N=5000, M=5000 impl=allreduce
12: Starting numprocs=16 N=5000, M=5000 impl=allreduce
15: Starting numprocs=16 N=5000, M=5000 impl=allreduce
6: Starting numprocs=16 N=5000, M=5000 impl=allreduce
13: Starting numprocs=16 N=5000, M=5000 impl=allreduce
3: Starting numprocs=16 N=5000, M=5000 impl=allreduce
5: Starting numprocs=16 N=5000, M=5000 impl=allreduce
4: Starting numprocs=16 N=5000, M=5000 impl=allreduce
7: Starting numprocs=16 N=5000, M=5000 impl=allreduce
8: Starting numprocs=16 N=5000, M=5000 impl=allreduce
9: Starting numprocs=16 N=5000, M=5000 impl=allreduce
10: Starting numprocs=16 N=5000, M=5000 impl=allreduce
0: Starting numprocs=16 N=5000, M=5000 impl=allreduce
Iteration 0
2: Starting numprocs=16 N=5000, M=5000 impl=allreduce
1: Starting numprocs=16 N=5000, M=5000 impl=allreduce
14: Starting numprocs=16 N=5000, M=5000 impl=allreduce
time: 0.625711s
Iteration 1
time: 0.542692s
Iteration 2
time: 1.833740s
Iteration 3
time: 0.603728s
Iteration 4
time: 0.554537s
Iteration 5
time: 0.547905s
Iteration 6
time: 0.551489s
Iteration 7
time: 4.645073s
Iteration 8
time: 0.541435s
Iteration 9
time: 0.546351s
Iteration 10
time: 0.553445s
Iteration 11
time: 0.565635s
Iteration 12
time: 0.537919s
Iteration 13
time: 0.538586s
Iteration 14
time: 0.559322s
Iteration 15
time: 0.541701s
Iteration 16
time: 0.547768s
Iteration 17
time: 0.551132s
Iteration 18
time: 0.549713s
Iteration 19
time: 0.541139s
Iteration 20
time: 0.543039s
Iteration 21
time: 0.540866s
Iteration 22
time: 0.555370s
Iteration 23
time: 0.544153s
Iteration 24
time: 0.540568s
5: Starting numprocs=16 N=5000, M=5000 impl=allreduce-ring
11: Starting numprocs=16 N=5000, M=5000 impl=allreduce-ring
15: Starting numprocs=16 N=5000, M=5000 impl=allreduce-ring
12: Starting numprocs=16 N=5000, M=5000 impl=allreduce-ring
3: Starting numprocs=16 N=5000, M=5000 impl=allreduce-ring
13: Starting numprocs=16 N=5000, M=5000 impl=allreduce-ring
9: Starting numprocs=16 N=5000, M=5000 impl=allreduce-ring
6: Starting numprocs=16 N=5000, M=5000 impl=allreduce-ring
7: Starting numprocs=16 N=5000, M=5000 impl=allreduce-ring
4: Starting numprocs=16 N=5000, M=5000 impl=allreduce-ring
8: Starting numprocs=16 N=5000, M=5000 impl=allreduce-ring
2: Starting numprocs=16 N=5000, M=5000 impl=allreduce-ring
10: Starting numprocs=16 N=5000, M=5000 impl=allreduce-ring
0: Starting numprocs=16 N=5000, M=5000 impl=allreduce-ring
Iteration 0
14: Starting numprocs=16 N=5000, M=5000 impl=allreduce-ring
1: Starting numprocs=16 N=5000, M=5000 impl=allreduce-ring
time: 0.408304s
Iteration 1
time: 0.378952s
Iteration 2
time: 0.368035s
Iteration 3
time: 0.365441s
Iteration 4
time: 0.369923s
Iteration 5
time: 11.032223s
Iteration 6
time: 0.376525s
Iteration 7
time: 0.370412s
Iteration 8
time: 4.108274s
Iteration 9
time: 2.268248s
Iteration 10
time: 0.377755s
Iteration 11
time: 0.375162s
Iteration 12
time: 0.371409s
Iteration 13
time: 0.369704s
Iteration 14
time: 0.371674s
Iteration 15
time: 0.373231s
Iteration 16
time: 6.092153s
Iteration 17
time: 0.372155s
Iteration 18
time: 4.081445s
Iteration 19
time: 0.367912s
Iteration 20
time: 0.373481s
Iteration 21
time: 0.367921s
Iteration 22
time: 0.373195s
Iteration 23
time: 0.364650s
Iteration 24
time: 0.373381s
11: Starting numprocs=16 N=5000, M=5000 impl=g-rabenseifner-allgather
15: Starting numprocs=16 N=5000, M=5000 impl=g-rabenseifner-allgather
12: Starting numprocs=16 N=5000, M=5000 impl=g-rabenseifner-allgather
13: Starting numprocs=16 N=5000, M=5000 impl=g-rabenseifner-allgather
6: Starting numprocs=16 N=5000, M=5000 impl=g-rabenseifner-allgather
3: Starting numprocs=16 N=5000, M=5000 impl=g-rabenseifner-allgather
5: Starting numprocs=16 N=5000, M=5000 impl=g-rabenseifner-allgather
9: Starting numprocs=16 N=5000, M=5000 impl=g-rabenseifner-allgather
8: Starting numprocs=16 N=5000, M=5000 impl=g-rabenseifner-allgather
10: Starting numprocs=16 N=5000, M=5000 impl=g-rabenseifner-allgather
0: Starting numprocs=16 N=5000, M=5000 impl=g-rabenseifner-allgather
Iteration 0
2: Starting numprocs=16 N=5000, M=5000 impl=g-rabenseifner-allgather
4: Starting numprocs=16 N=5000, M=5000 impl=g-rabenseifner-allgather
7: Starting numprocs=16 N=5000, M=5000 impl=g-rabenseifner-allgather
1: Starting numprocs=16 N=5000, M=5000 impl=g-rabenseifner-allgather
14: Starting numprocs=16 N=5000, M=5000 impl=g-rabenseifner-allgather
time: 0.226644s
Iteration 1
time: 0.181087s
Iteration 2
time: 0.180277s
Iteration 3
time: 0.180978s
Iteration 4
time: 0.181142s
Iteration 5
time: 0.180887s
Iteration 6
time: 0.181337s
Iteration 7
time: 0.180397s
Iteration 8
time: 0.180541s
Iteration 9
time: 0.180577s
Iteration 10
time: 0.180514s
Iteration 11
time: 0.180630s
Iteration 12
time: 0.181206s
Iteration 13
time: 0.180599s
Iteration 14
time: 0.180451s
Iteration 15
time: 0.180445s
Iteration 16
time: 0.181457s
Iteration 17
time: 0.181071s
Iteration 18
time: 0.181136s
Iteration 19
time: 0.180476s
Iteration 20
time: 0.181726s
Iteration 21
time: 0.180678s
Iteration 22
time: 0.181022s
Iteration 23
time: 0.180392s
Iteration 24
time: 0.180535s
11: Starting numprocs=16 N=5000, M=5000 impl=g-rabenseifner-subgroup-2
5: Starting numprocs=16 N=5000, M=5000 impl=g-rabenseifner-subgroup-2
12: Starting numprocs=16 N=5000, M=5000 impl=g-rabenseifner-subgroup-2
13: Starting numprocs=16 N=5000, M=5000 impl=g-rabenseifner-subgroup-2
6: Starting numprocs=16 N=5000, M=5000 impl=g-rabenseifner-subgroup-2
9: Starting numprocs=16 N=5000, M=5000 impl=g-rabenseifner-subgroup-2
3: Starting numprocs=16 N=5000, M=5000 impl=g-rabenseifner-subgroup-2
15: Starting numprocs=16 N=5000, M=5000 impl=g-rabenseifner-subgroup-2
4: Starting numprocs=16 N=5000, M=5000 impl=g-rabenseifner-subgroup-2
8: Starting numprocs=16 N=5000, M=5000 impl=g-rabenseifner-subgroup-2
2: Starting numprocs=16 N=5000, M=5000 impl=g-rabenseifner-subgroup-2
0: Starting numprocs=16 N=5000, M=5000 impl=g-rabenseifner-subgroup-2
Iteration 0
10: Starting numprocs=16 N=5000, M=5000 impl=g-rabenseifner-subgroup-2
7: Starting numprocs=16 N=5000, M=5000 impl=g-rabenseifner-subgroup-2
1: Starting numprocs=16 N=5000, M=5000 impl=g-rabenseifner-subgroup-2
14: Starting numprocs=16 N=5000, M=5000 impl=g-rabenseifner-subgroup-2
time: 6.096107s
Iteration 1
time: 0.192902s
Iteration 2
time: 0.193764s
Iteration 3
time: 0.193540s
Iteration 4
time: 0.191547s
Iteration 5
time: 0.191917s
Iteration 6
time: 0.193026s
Iteration 7
time: 0.193552s
Iteration 8
time: 0.192061s
Iteration 9
time: 0.189348s
Iteration 10
time: 0.192637s
Iteration 11
time: 0.190176s
Iteration 12
time: 0.188744s
Iteration 13
time: 0.189401s
Iteration 14
time: 0.189428s
Iteration 15
time: 0.190029s
Iteration 16
time: 0.189603s
Iteration 17
time: 0.189389s
Iteration 18
time: 0.190853s
Iteration 19
time: 0.189893s
Iteration 20
time: 0.189571s
Iteration 21
time: 0.189329s
Iteration 22
time: 0.190461s
Iteration 23
time: 0.188908s
Iteration 24
time: 0.190074s
11: Starting numprocs=16 N=5000, M=5000 impl=g-rabenseifner-subgroup-4
12: Starting numprocs=16 N=5000, M=5000 impl=g-rabenseifner-subgroup-4
15: Starting numprocs=16 N=5000, M=5000 impl=g-rabenseifner-subgroup-4
5: Starting numprocs=16 N=5000, M=5000 impl=g-rabenseifner-subgroup-4
13: Starting numprocs=16 N=5000, M=5000 impl=g-rabenseifner-subgroup-4
9: Starting numprocs=16 N=5000, M=5000 impl=g-rabenseifner-subgroup-4
3: Starting numprocs=16 N=5000, M=5000 impl=g-rabenseifner-subgroup-4
4: Starting numprocs=16 N=5000, M=5000 impl=g-rabenseifner-subgroup-4
6: Starting numprocs=16 N=5000, M=5000 impl=g-rabenseifner-subgroup-4
8: Starting numprocs=16 N=5000, M=5000 impl=g-rabenseifner-subgroup-4
10: Starting numprocs=16 N=5000, M=5000 impl=g-rabenseifner-subgroup-4
0: Starting numprocs=16 N=5000, M=5000 impl=g-rabenseifner-subgroup-4
Iteration 0
7: Starting numprocs=16 N=5000, M=5000 impl=g-rabenseifner-subgroup-4
2: Starting numprocs=16 N=5000, M=5000 impl=g-rabenseifner-subgroup-4
1: Starting numprocs=16 N=5000, M=5000 impl=g-rabenseifner-subgroup-4
14: Starting numprocs=16 N=5000, M=5000 impl=g-rabenseifner-subgroup-4
time: 0.247349s
Iteration 1
time: 0.214317s
Iteration 2
time: 0.208037s
Iteration 3
time: 0.208590s
Iteration 4
time: 0.209630s
Iteration 5
time: 0.210160s
Iteration 6
time: 0.208939s
Iteration 7
time: 0.209832s
Iteration 8
time: 0.210117s
Iteration 9
time: 0.208015s
Iteration 10
time: 0.208102s
Iteration 11
time: 0.208498s
Iteration 12
time: 0.207500s
Iteration 13
time: 0.208337s
Iteration 14
time: 0.208203s
Iteration 15
time: 0.209684s
Iteration 16
time: 0.208902s
Iteration 17
time: 0.208213s
Iteration 18
time: 0.211796s
Iteration 19
time: 0.213121s
Iteration 20
time: 0.213432s
Iteration 21
time: 0.212942s
Iteration 22
time: 0.213190s
Iteration 23
time: 0.212388s
Iteration 24
time: 0.209028s
11: Starting numprocs=16 N=5000, M=5000 impl=g-rabenseifner-subgroup-8
5: Starting numprocs=16 N=5000, M=5000 impl=g-rabenseifner-subgroup-8
12: Starting numprocs=16 N=5000, M=5000 impl=g-rabenseifner-subgroup-8
15: Starting numprocs=16 N=5000, M=5000 impl=g-rabenseifner-subgroup-8
3: Starting numprocs=16 N=5000, M=5000 impl=g-rabenseifner-subgroup-8
6: Starting numprocs=16 N=5000, M=5000 impl=g-rabenseifner-subgroup-8
9: Starting numprocs=16 N=5000, M=5000 impl=g-rabenseifner-subgroup-8
8: Starting numprocs=16 N=5000, M=5000 impl=g-rabenseifner-subgroup-8
4: Starting numprocs=16 N=5000, M=5000 impl=g-rabenseifner-subgroup-8
13: Starting numprocs=16 N=5000, M=5000 impl=g-rabenseifner-subgroup-8
10: Starting numprocs=16 N=5000, M=5000 impl=g-rabenseifner-subgroup-8
2: Starting numprocs=16 N=5000, M=5000 impl=g-rabenseifner-subgroup-8
0: Starting numprocs=16 N=5000, M=5000 impl=g-rabenseifner-subgroup-8
Iteration 0
7: Starting numprocs=16 N=5000, M=5000 impl=g-rabenseifner-subgroup-8
1: Starting numprocs=16 N=5000, M=5000 impl=g-rabenseifner-subgroup-8
14: Starting numprocs=16 N=5000, M=5000 impl=g-rabenseifner-subgroup-8
time: 0.277775s
Iteration 1
time: 0.251387s
Iteration 2
time: 0.256883s
Iteration 3
time: 0.250773s
Iteration 4
time: 0.251778s
Iteration 5
time: 0.255220s
Iteration 6
time: 0.256278s
Iteration 7
time: 0.257137s
Iteration 8
time: 0.251842s
Iteration 9
time: 0.253253s
Iteration 10
time: 0.251370s
Iteration 11
time: 0.253374s
Iteration 12
time: 0.253382s
Iteration 13
time: 0.248870s
Iteration 14
time: 0.251386s
Iteration 15
time: 0.253817s
Iteration 16
time: 0.253763s
Iteration 17
time: 0.250945s
Iteration 18
time: 0.254027s
Iteration 19
time: 0.243457s
Iteration 20
time: 0.245291s
Iteration 21
time: 0.249309s
Iteration 22
time: 0.255300s
Iteration 23
time: 0.244545s
Iteration 24
time: 0.243662s
11: Starting numprocs=16 N=6000, M=6000 impl=allgather
5: Starting numprocs=16 N=6000, M=6000 impl=allgather
3: Starting numprocs=16 N=6000, M=6000 impl=allgather
13: Starting numprocs=16 N=6000, M=6000 impl=allgather
12: Starting numprocs=16 N=6000, M=6000 impl=allgather
6: Starting numprocs=16 N=6000, M=6000 impl=allgather
15: Starting numprocs=16 N=6000, M=6000 impl=allgather
9: Starting numprocs=16 N=6000, M=6000 impl=allgather
4: Starting numprocs=16 N=6000, M=6000 impl=allgather
8: Starting numprocs=16 N=6000, M=6000 impl=allgather
7: Starting numprocs=16 N=6000, M=6000 impl=allgather
10: Starting numprocs=16 N=6000, M=6000 impl=allgather
2: Starting numprocs=16 N=6000, M=6000 impl=allgather
0: Starting numprocs=16 N=6000, M=6000 impl=allgather
Iteration 0
14: Starting numprocs=16 N=6000, M=6000 impl=allgather
1: Starting numprocs=16 N=6000, M=6000 impl=allgather
time: 0.784171s
Iteration 1
time: 0.733054s
Iteration 2
time: 0.704599s
Iteration 3
time: 0.711727s
Iteration 4
time: 0.743634s
Iteration 5
time: 0.719239s
Iteration 6
time: 0.730529s
Iteration 7
time: 0.706218s
Iteration 8
time: 0.728906s
Iteration 9
time: 0.770335s
Iteration 10
time: 0.717160s
Iteration 11
time: 0.716105s
Iteration 12
time: 0.708631s
Iteration 13
time: 0.710634s
Iteration 14
time: 0.761499s
Iteration 15
time: 0.743462s
Iteration 16
time: 0.700561s
Iteration 17
time: 0.701104s
Iteration 18
time: 0.750555s
Iteration 19
time: 0.722433s
Iteration 20
time: 0.735960s
Iteration 21
time: 0.713740s
Iteration 22
time: 0.705882s
Iteration 23
time: 0.761755s
Iteration 24
time: 0.715599s
11: Starting numprocs=16 N=6000, M=6000 impl=allreduce
5: Starting numprocs=16 N=6000, M=6000 impl=allreduce
12: Starting numprocs=16 N=6000, M=6000 impl=allreduce
3: Starting numprocs=16 N=6000, M=6000 impl=allreduce
15: Starting numprocs=16 N=6000, M=6000 impl=allreduce
6: Starting numprocs=16 N=6000, M=6000 impl=allreduce
4: Starting numprocs=16 N=6000, M=6000 impl=allreduce
9: Starting numprocs=16 N=6000, M=6000 impl=allreduce
7: Starting numprocs=16 N=6000, M=6000 impl=allreduce
13: Starting numprocs=16 N=6000, M=6000 impl=allreduce
0: Starting numprocs=16 N=6000, M=6000 impl=allreduce
Iteration 0
8: Starting numprocs=16 N=6000, M=6000 impl=allreduce
2: Starting numprocs=16 N=6000, M=6000 impl=allreduce
10: Starting numprocs=16 N=6000, M=6000 impl=allreduce
1: Starting numprocs=16 N=6000, M=6000 impl=allreduce
14: Starting numprocs=16 N=6000, M=6000 impl=allreduce
time: 0.890152s
Iteration 1
time: 0.782597s
Iteration 2
time: 0.775842s
Iteration 3
time: 0.780410s
Iteration 4
time: 8.880325s
Iteration 5
time: 0.808729s
Iteration 6
time: 0.780961s
Iteration 7
time: 0.784654s
Iteration 8
time: 0.799212s
Iteration 9
time: 0.795009s
Iteration 10
time: 0.791553s
Iteration 11
time: 0.793434s
Iteration 12
time: 0.769710s
Iteration 13
time: 0.783749s
Iteration 14
time: 0.796861s
Iteration 15
time: 0.786710s
Iteration 16
time: 0.781681s
Iteration 17
time: 0.793427s
Iteration 18
time: 2.803541s
Iteration 19
time: 0.785623s
Iteration 20
time: 0.784570s
Iteration 21
time: 0.774879s
Iteration 22
time: 0.783515s
Iteration 23
time: 0.775669s
Iteration 24
time: 0.788679s
11: Starting numprocs=16 N=6000, M=6000 impl=allreduce-ring
5: Starting numprocs=16 N=6000, M=6000 impl=allreduce-ring
12: Starting numprocs=16 N=6000, M=6000 impl=allreduce-ring
3: Starting numprocs=16 N=6000, M=6000 impl=allreduce-ring
6: Starting numprocs=16 N=6000, M=6000 impl=allreduce-ring
15: Starting numprocs=16 N=6000, M=6000 impl=allreduce-ring
4: Starting numprocs=16 N=6000, M=6000 impl=allreduce-ring
9: Starting numprocs=16 N=6000, M=6000 impl=allreduce-ring
13: Starting numprocs=16 N=6000, M=6000 impl=allreduce-ring
8: Starting numprocs=16 N=6000, M=6000 impl=allreduce-ring
0: Starting numprocs=16 N=6000, M=6000 impl=allreduce-ring
Iteration 0
7: Starting numprocs=16 N=6000, M=6000 impl=allreduce-ring
10: Starting numprocs=16 N=6000, M=6000 impl=allreduce-ring
2: Starting numprocs=16 N=6000, M=6000 impl=allreduce-ring
1: Starting numprocs=16 N=6000, M=6000 impl=allreduce-ring
14: Starting numprocs=16 N=6000, M=6000 impl=allreduce-ring
time: 0.567777s
Iteration 1
time: 0.540629s
Iteration 2
time: 0.546625s
Iteration 3
time: 0.533825s
Iteration 4
time: 0.535253s
Iteration 5
time: 0.526360s
Iteration 6
time: 0.526257s
Iteration 7
time: 0.546850s
Iteration 8
time: 0.540289s
Iteration 9
time: 0.538992s
Iteration 10
time: 0.541196s
Iteration 11
time: 0.542975s
Iteration 12
time: 0.537941s
Iteration 13
time: 0.534079s
Iteration 14
time: 0.537531s
Iteration 15
time: 0.541824s
Iteration 16
time: 15.176621s
Iteration 17
time: 6.160336s
Iteration 18
time: 9.209902s
Iteration 19
time: 0.529167s
Iteration 20
time: 0.547589s
Iteration 21
time: 0.548798s
Iteration 22
time: 0.541356s
Iteration 23
time: 0.567516s
Iteration 24
time: 0.588323s
5: Starting numprocs=16 N=6000, M=6000 impl=g-rabenseifner-allgather
12: Starting numprocs=16 N=6000, M=6000 impl=g-rabenseifner-allgather
3: Starting numprocs=16 N=6000, M=6000 impl=g-rabenseifner-allgather
6: Starting numprocs=16 N=6000, M=6000 impl=g-rabenseifner-allgather
15: Starting numprocs=16 N=6000, M=6000 impl=g-rabenseifner-allgather
4: Starting numprocs=16 N=6000, M=6000 impl=g-rabenseifner-allgather
13: Starting numprocs=16 N=6000, M=6000 impl=g-rabenseifner-allgather
11: Starting numprocs=16 N=6000, M=6000 impl=g-rabenseifner-allgather
7: Starting numprocs=16 N=6000, M=6000 impl=g-rabenseifner-allgather
9: Starting numprocs=16 N=6000, M=6000 impl=g-rabenseifner-allgather
0: Starting numprocs=16 N=6000, M=6000 impl=g-rabenseifner-allgather
Iteration 0
1: Starting numprocs=16 N=6000, M=6000 impl=g-rabenseifner-allgather
8: Starting numprocs=16 N=6000, M=6000 impl=g-rabenseifner-allgather
10: Starting numprocs=16 N=6000, M=6000 impl=g-rabenseifner-allgather
2: Starting numprocs=16 N=6000, M=6000 impl=g-rabenseifner-allgather
14: Starting numprocs=16 N=6000, M=6000 impl=g-rabenseifner-allgather
time: 0.306006s
Iteration 1
time: 0.261715s
Iteration 2
time: 0.260135s
Iteration 3
time: 0.266492s
Iteration 4
time: 0.258677s
Iteration 5
time: 0.261316s
Iteration 6
time: 0.261622s
Iteration 7
time: 0.259159s
Iteration 8
time: 0.261881s
Iteration 9
time: 0.263437s
Iteration 10
time: 0.262577s
Iteration 11
time: 0.259550s
Iteration 12
time: 0.260117s
Iteration 13
time: 0.260078s
Iteration 14
time: 0.259258s
Iteration 15
time: 0.259681s
Iteration 16
time: 0.259484s
Iteration 17
time: 0.261752s
Iteration 18
time: 0.261055s
Iteration 19
time: 0.259348s
Iteration 20
time: 0.258430s
Iteration 21
time: 0.261742s
Iteration 22
time: 0.260659s
Iteration 23
time: 0.260701s
Iteration 24
time: 0.265356s
5: Starting numprocs=16 N=6000, M=6000 impl=g-rabenseifner-subgroup-2
12: Starting numprocs=16 N=6000, M=6000 impl=g-rabenseifner-subgroup-2
6: Starting numprocs=16 N=6000, M=6000 impl=g-rabenseifner-subgroup-2
13: Starting numprocs=16 N=6000, M=6000 impl=g-rabenseifner-subgroup-2
11: Starting numprocs=16 N=6000, M=6000 impl=g-rabenseifner-subgroup-2
15: Starting numprocs=16 N=6000, M=6000 impl=g-rabenseifner-subgroup-2
3: Starting numprocs=16 N=6000, M=6000 impl=g-rabenseifner-subgroup-2
8: Starting numprocs=16 N=6000, M=6000 impl=g-rabenseifner-subgroup-2
7: Starting numprocs=16 N=6000, M=6000 impl=g-rabenseifner-subgroup-2
4: Starting numprocs=16 N=6000, M=6000 impl=g-rabenseifner-subgroup-2
9: Starting numprocs=16 N=6000, M=6000 impl=g-rabenseifner-subgroup-2
1: Starting numprocs=16 N=6000, M=6000 impl=g-rabenseifner-subgroup-2
2: Starting numprocs=16 N=6000, M=6000 impl=g-rabenseifner-subgroup-2
10: Starting numprocs=16 N=6000, M=6000 impl=g-rabenseifner-subgroup-2
0: Starting numprocs=16 N=6000, M=6000 impl=g-rabenseifner-subgroup-2
Iteration 0
14: Starting numprocs=16 N=6000, M=6000 impl=g-rabenseifner-subgroup-2
time: 0.334222s
Iteration 1
time: 0.281974s
Iteration 2
time: 0.278824s
Iteration 3
time: 0.278221s
Iteration 4
time: 0.279963s
Iteration 5
time: 0.278972s
Iteration 6
time: 0.279836s
Iteration 7
time: 0.278205s
Iteration 8
time: 0.280316s
Iteration 9
time: 0.280693s
Iteration 10
time: 0.281940s
Iteration 11
time: 14.863791s
Iteration 12
time: 0.282400s
Iteration 13
time: 0.281522s
Iteration 14
time: 0.275556s
Iteration 15
time: 0.279564s
Iteration 16
time: 0.274597s
Iteration 17
time: 0.278988s
Iteration 18
time: 0.274616s
Iteration 19
time: 0.274577s
Iteration 20
time: 2.439136s
Iteration 21
time: 0.275469s
Iteration 22
time: 8.284429s
Iteration 23
time: 0.275558s
Iteration 24
time: 0.276332s
11: Starting numprocs=16 N=6000, M=6000 impl=g-rabenseifner-subgroup-4
5: Starting numprocs=16 N=6000, M=6000 impl=g-rabenseifner-subgroup-4
3: Starting numprocs=16 N=6000, M=6000 impl=g-rabenseifner-subgroup-4
15: Starting numprocs=16 N=6000, M=6000 impl=g-rabenseifner-subgroup-4
13: Starting numprocs=16 N=6000, M=6000 impl=g-rabenseifner-subgroup-4
6: Starting numprocs=16 N=6000, M=6000 impl=g-rabenseifner-subgroup-4
12: Starting numprocs=16 N=6000, M=6000 impl=g-rabenseifner-subgroup-4
1: Starting numprocs=16 N=6000, M=6000 impl=g-rabenseifner-subgroup-4
8: Starting numprocs=16 N=6000, M=6000 impl=g-rabenseifner-subgroup-4
7: Starting numprocs=16 N=6000, M=6000 impl=g-rabenseifner-subgroup-4
10: Starting numprocs=16 N=6000, M=6000 impl=g-rabenseifner-subgroup-4
0: Starting numprocs=16 N=6000, M=6000 impl=g-rabenseifner-subgroup-4
Iteration 0
4: Starting numprocs=16 N=6000, M=6000 impl=g-rabenseifner-subgroup-4
2: Starting numprocs=16 N=6000, M=6000 impl=g-rabenseifner-subgroup-4
9: Starting numprocs=16 N=6000, M=6000 impl=g-rabenseifner-subgroup-4
14: Starting numprocs=16 N=6000, M=6000 impl=g-rabenseifner-subgroup-4
time: 0.364617s
Iteration 1
time: 0.304817s
Iteration 2
time: 0.304237s
Iteration 3
time: 0.304997s
Iteration 4
time: 0.305968s
Iteration 5
time: 0.307070s
Iteration 6
time: 0.307022s
Iteration 7
time: 0.306547s
Iteration 8
time: 0.302620s
Iteration 9
time: 0.303629s
Iteration 10
time: 0.305443s
Iteration 11
time: 0.300871s
Iteration 12
time: 0.305354s
Iteration 13
time: 0.305976s
Iteration 14
time: 0.309576s
Iteration 15
time: 0.303021s
Iteration 16
time: 0.299577s
Iteration 17
time: 0.303115s
Iteration 18
time: 0.303801s
Iteration 19
time: 0.312981s
Iteration 20
time: 0.301412s
Iteration 21
time: 0.305010s
Iteration 22
time: 0.305936s
Iteration 23
time: 0.309557s
Iteration 24
time: 0.299566s
11: Starting numprocs=16 N=6000, M=6000 impl=g-rabenseifner-subgroup-8
5: Starting numprocs=16 N=6000, M=6000 impl=g-rabenseifner-subgroup-8
3: Starting numprocs=16 N=6000, M=6000 impl=g-rabenseifner-subgroup-8
6: Starting numprocs=16 N=6000, M=6000 impl=g-rabenseifner-subgroup-8
12: Starting numprocs=16 N=6000, M=6000 impl=g-rabenseifner-subgroup-8
15: Starting numprocs=16 N=6000, M=6000 impl=g-rabenseifner-subgroup-8
13: Starting numprocs=16 N=6000, M=6000 impl=g-rabenseifner-subgroup-8
7: Starting numprocs=16 N=6000, M=6000 impl=g-rabenseifner-subgroup-8
1: Starting numprocs=16 N=6000, M=6000 impl=g-rabenseifner-subgroup-8
2: Starting numprocs=16 N=6000, M=6000 impl=g-rabenseifner-subgroup-8
10: Starting numprocs=16 N=6000, M=6000 impl=g-rabenseifner-subgroup-8
0: Starting numprocs=16 N=6000, M=6000 impl=g-rabenseifner-subgroup-8
Iteration 0
4: Starting numprocs=16 N=6000, M=6000 impl=g-rabenseifner-subgroup-8
8: Starting numprocs=16 N=6000, M=6000 impl=g-rabenseifner-subgroup-8
9: Starting numprocs=16 N=6000, M=6000 impl=g-rabenseifner-subgroup-8
14: Starting numprocs=16 N=6000, M=6000 impl=g-rabenseifner-subgroup-8
time: 0.403679s
Iteration 1
time: 0.358131s
Iteration 2
time: 0.355687s
Iteration 3
time: 0.359826s
Iteration 4
time: 0.350800s
Iteration 5
time: 0.358520s
Iteration 6
time: 0.363765s
Iteration 7
time: 0.362981s
Iteration 8
time: 0.355454s
Iteration 9
time: 0.355582s
Iteration 10
time: 0.358192s
Iteration 11
time: 0.354873s
Iteration 12
time: 0.354630s
Iteration 13
time: 0.355798s
Iteration 14
time: 0.362664s
Iteration 15
time: 0.361262s
Iteration 16
time: 0.364172s
Iteration 17
time: 0.353643s
Iteration 18
time: 0.360050s
Iteration 19
time: 0.355380s
Iteration 20
time: 0.356097s
Iteration 21
time: 0.354049s
Iteration 22
time: 0.356879s
Iteration 23
time: 0.360247s
Iteration 24
time: 0.371494s
11: Starting numprocs=16 N=7000, M=7000 impl=allgather
5: Starting numprocs=16 N=7000, M=7000 impl=allgather
12: Starting numprocs=16 N=7000, M=7000 impl=allgather
6: Starting numprocs=16 N=7000, M=7000 impl=allgather
15: Starting numprocs=16 N=7000, M=7000 impl=allgather
3: Starting numprocs=16 N=7000, M=7000 impl=allgather
13: Starting numprocs=16 N=7000, M=7000 impl=allgather
4: Starting numprocs=16 N=7000, M=7000 impl=allgather
7: Starting numprocs=16 N=7000, M=7000 impl=allgather
8: Starting numprocs=16 N=7000, M=7000 impl=allgather
0: Starting numprocs=16 N=7000, M=7000 impl=allgather
Iteration 0
9: Starting numprocs=16 N=7000, M=7000 impl=allgather
10: Starting numprocs=16 N=7000, M=7000 impl=allgather
2: Starting numprocs=16 N=7000, M=7000 impl=allgather
14: Starting numprocs=16 N=7000, M=7000 impl=allgather
1: Starting numprocs=16 N=7000, M=7000 impl=allgather
time: 1.001154s
Iteration 1
time: 0.944595s
Iteration 2
time: 1.012415s
Iteration 3
time: 0.991796s
Iteration 4
time: 0.946964s
Iteration 5
time: 1.024235s
Iteration 6
time: 0.976903s
Iteration 7
time: 0.955387s
Iteration 8
time: 0.998195s
Iteration 9
time: 0.961809s
Iteration 10
time: 0.976475s
Iteration 11
time: 0.992575s
Iteration 12
time: 0.944687s
Iteration 13
time: 0.966137s
Iteration 14
time: 0.989854s
Iteration 15
time: 0.964374s
Iteration 16
time: 0.948681s
Iteration 17
time: 1.024678s
Iteration 18
time: 0.985246s
Iteration 19
time: 1.011676s
Iteration 20
time: 0.948062s
Iteration 21
time: 0.971638s
Iteration 22
time: 0.956218s
Iteration 23
time: 1.009575s
Iteration 24
time: 0.975580s
11: Starting numprocs=16 N=7000, M=7000 impl=allreduce
5: Starting numprocs=16 N=7000, M=7000 impl=allreduce
12: Starting numprocs=16 N=7000, M=7000 impl=allreduce
6: Starting numprocs=16 N=7000, M=7000 impl=allreduce
15: Starting numprocs=16 N=7000, M=7000 impl=allreduce
3: Starting numprocs=16 N=7000, M=7000 impl=allreduce
13: Starting numprocs=16 N=7000, M=7000 impl=allreduce
9: Starting numprocs=16 N=7000, M=7000 impl=allreduce
8: Starting numprocs=16 N=7000, M=7000 impl=allreduce
4: Starting numprocs=16 N=7000, M=7000 impl=allreduce
0: Starting numprocs=16 N=7000, M=7000 impl=allreduce
Iteration 0
2: Starting numprocs=16 N=7000, M=7000 impl=allreduce
10: Starting numprocs=16 N=7000, M=7000 impl=allreduce
7: Starting numprocs=16 N=7000, M=7000 impl=allreduce
14: Starting numprocs=16 N=7000, M=7000 impl=allreduce
1: Starting numprocs=16 N=7000, M=7000 impl=allreduce
time: 3.136360s
Iteration 1
time: 1.072561s
Iteration 2
time: 1.103234s
Iteration 3
time: 1.084009s
Iteration 4
time: 1.062234s
Iteration 5
time: 1.070848s
Iteration 6
time: 6.872716s
Iteration 7
time: 1.065228s
Iteration 8
time: 1.093766s
Iteration 9
time: 1.103280s
Iteration 10
time: 1.064629s
Iteration 11
time: 1.081823s
Iteration 12
time: 1.099092s
Iteration 13
time: 2.984160s
Iteration 14
time: 1.082868s
Iteration 15
time: 3.272398s
Iteration 16
time: 1.072019s
Iteration 17
time: 3.072996s
Iteration 18
time: 1.054428s
Iteration 19
time: 3.116998s
Iteration 20
time: 1.092445s
Iteration 21
time: 15.919829s
Iteration 22
time: 1.089274s
Iteration 23
time: 18.478727s
Iteration 24
time: 1.093664s
11: Starting numprocs=16 N=7000, M=7000 impl=allreduce-ring
5: Starting numprocs=16 N=7000, M=7000 impl=allreduce-ring
0: Starting numprocs=16 N=7000, M=7000 impl=allreduce-ring
Iteration 0
6: Starting numprocs=16 N=7000, M=7000 impl=allreduce-ring
12: Starting numprocs=16 N=7000, M=7000 impl=allreduce-ring
3: Starting numprocs=16 N=7000, M=7000 impl=allreduce-ring
13: Starting numprocs=16 N=7000, M=7000 impl=allreduce-ring
15: Starting numprocs=16 N=7000, M=7000 impl=allreduce-ring
10: Starting numprocs=16 N=7000, M=7000 impl=allreduce-ring
4: Starting numprocs=16 N=7000, M=7000 impl=allreduce-ring
9: Starting numprocs=16 N=7000, M=7000 impl=allreduce-ring
2: Starting numprocs=16 N=7000, M=7000 impl=allreduce-ring
8: Starting numprocs=16 N=7000, M=7000 impl=allreduce-ring
7: Starting numprocs=16 N=7000, M=7000 impl=allreduce-ring
1: Starting numprocs=16 N=7000, M=7000 impl=allreduce-ring
14: Starting numprocs=16 N=7000, M=7000 impl=allreduce-ring
time: 0.804576s
Iteration 1
time: 0.741671s
Iteration 2
time: 4.700529s
Iteration 3
time: 0.735804s
Iteration 4
time: 0.732820s
Iteration 5
time: 6.132993s
Iteration 6
time: 0.734984s
Iteration 7
time: 0.743210s
Iteration 8
time: 0.765704s
Iteration 9
time: 0.730882s
Iteration 10
time: 0.727514s
Iteration 11
time: 0.734671s
Iteration 12
time: 0.739569s
Iteration 13
time: 0.731267s
Iteration 14
time: 9.266485s
Iteration 15
time: 0.734493s
Iteration 16
time: 0.751476s
Iteration 17
time: 0.729369s
Iteration 18
time: 0.748160s
Iteration 19
time: 11.561286s
Iteration 20
time: 0.733008s
Iteration 21
time: 0.729500s
Iteration 22
time: 0.722773s
Iteration 23
time: 0.754337s
Iteration 24
time: 9.215583s
5: Starting numprocs=16 N=7000, M=7000 impl=g-rabenseifner-allgather
11: Starting numprocs=16 N=7000, M=7000 impl=g-rabenseifner-allgather
0: Starting numprocs=16 N=7000, M=7000 impl=g-rabenseifner-allgather
Iteration 0
12: Starting numprocs=16 N=7000, M=7000 impl=g-rabenseifner-allgather
4: Starting numprocs=16 N=7000, M=7000 impl=g-rabenseifner-allgather
6: Starting numprocs=16 N=7000, M=7000 impl=g-rabenseifner-allgather
3: Starting numprocs=16 N=7000, M=7000 impl=g-rabenseifner-allgather
13: Starting numprocs=16 N=7000, M=7000 impl=g-rabenseifner-allgather
15: Starting numprocs=16 N=7000, M=7000 impl=g-rabenseifner-allgather
7: Starting numprocs=16 N=7000, M=7000 impl=g-rabenseifner-allgather
8: Starting numprocs=16 N=7000, M=7000 impl=g-rabenseifner-allgather
9: Starting numprocs=16 N=7000, M=7000 impl=g-rabenseifner-allgather
10: Starting numprocs=16 N=7000, M=7000 impl=g-rabenseifner-allgather
2: Starting numprocs=16 N=7000, M=7000 impl=g-rabenseifner-allgather
14: Starting numprocs=16 N=7000, M=7000 impl=g-rabenseifner-allgather
1: Starting numprocs=16 N=7000, M=7000 impl=g-rabenseifner-allgather
time: 0.403343s
Iteration 1
time: 0.353467s
Iteration 2
time: 0.357205s
Iteration 3
time: 0.352527s
Iteration 4
time: 0.356070s
Iteration 5
time: 0.357122s
Iteration 6
time: 0.359594s
Iteration 7
time: 0.354515s
Iteration 8
time: 0.353158s
Iteration 9
time: 0.352873s
Iteration 10
time: 0.352647s
Iteration 11
time: 0.353859s
Iteration 12
time: 2.332282s
Iteration 13
time: 0.352329s
Iteration 14
time: 8.429993s
Iteration 15
time: 0.354298s
Iteration 16
time: 0.353366s
Iteration 17
time: 0.353386s
Iteration 18
time: 2.303013s
Iteration 19
time: 0.353078s
Iteration 20
time: 0.352000s
Iteration 21
time: 2.499144s
Iteration 22
time: 0.353842s
Iteration 23
time: 0.352841s
Iteration 24
time: 0.352898s
5: Starting numprocs=16 N=7000, M=7000 impl=g-rabenseifner-subgroup-2
0: Starting numprocs=16 N=7000, M=7000 impl=g-rabenseifner-subgroup-2
Iteration 0
11: Starting numprocs=16 N=7000, M=7000 impl=g-rabenseifner-subgroup-2
15: Starting numprocs=16 N=7000, M=7000 impl=g-rabenseifner-subgroup-2
3: Starting numprocs=16 N=7000, M=7000 impl=g-rabenseifner-subgroup-2
6: Starting numprocs=16 N=7000, M=7000 impl=g-rabenseifner-subgroup-2
4: Starting numprocs=16 N=7000, M=7000 impl=g-rabenseifner-subgroup-2
12: Starting numprocs=16 N=7000, M=7000 impl=g-rabenseifner-subgroup-2
8: Starting numprocs=16 N=7000, M=7000 impl=g-rabenseifner-subgroup-2
9: Starting numprocs=16 N=7000, M=7000 impl=g-rabenseifner-subgroup-2
13: Starting numprocs=16 N=7000, M=7000 impl=g-rabenseifner-subgroup-2
7: Starting numprocs=16 N=7000, M=7000 impl=g-rabenseifner-subgroup-2
2: Starting numprocs=16 N=7000, M=7000 impl=g-rabenseifner-subgroup-2
10: Starting numprocs=16 N=7000, M=7000 impl=g-rabenseifner-subgroup-2
14: Starting numprocs=16 N=7000, M=7000 impl=g-rabenseifner-subgroup-2
1: Starting numprocs=16 N=7000, M=7000 impl=g-rabenseifner-subgroup-2
time: 2.125926s
Iteration 1
time: 0.375186s
Iteration 2
time: 2.485086s
Iteration 3
time: 0.371120s
Iteration 4
time: 0.373314s
Iteration 5
time: 0.370426s
Iteration 6
time: 0.374815s
Iteration 7
time: 0.377878s
Iteration 8
time: 0.372244s
Iteration 9
time: 0.373665s
Iteration 10
time: 0.375558s
Iteration 11
time: 0.376289s
Iteration 12
time: 2.334379s
Iteration 13
time: 0.372423s
Iteration 14
time: 0.375353s
Iteration 15
time: 0.372686s
Iteration 16
time: 0.373989s
Iteration 17
time: 0.372595s
Iteration 18
time: 0.372090s
Iteration 19
time: 0.372860s
Iteration 20
time: 0.371743s
Iteration 21
time: 0.372894s
Iteration 22
time: 0.372135s
Iteration 23
time: 0.373934s
Iteration 24
time: 0.372783s
5: Starting numprocs=16 N=7000, M=7000 impl=g-rabenseifner-subgroup-4
0: Starting numprocs=16 N=7000, M=7000 impl=g-rabenseifner-subgroup-4
Iteration 0
11: Starting numprocs=16 N=7000, M=7000 impl=g-rabenseifner-subgroup-4
6: Starting numprocs=16 N=7000, M=7000 impl=g-rabenseifner-subgroup-4
12: Starting numprocs=16 N=7000, M=7000 impl=g-rabenseifner-subgroup-4
4: Starting numprocs=16 N=7000, M=7000 impl=g-rabenseifner-subgroup-4
15: Starting numprocs=16 N=7000, M=7000 impl=g-rabenseifner-subgroup-4
3: Starting numprocs=16 N=7000, M=7000 impl=g-rabenseifner-subgroup-4
9: Starting numprocs=16 N=7000, M=7000 impl=g-rabenseifner-subgroup-4
1: Starting numprocs=16 N=7000, M=7000 impl=g-rabenseifner-subgroup-4
13: Starting numprocs=16 N=7000, M=7000 impl=g-rabenseifner-subgroup-4
7: Starting numprocs=16 N=7000, M=7000 impl=g-rabenseifner-subgroup-4
10: Starting numprocs=16 N=7000, M=7000 impl=g-rabenseifner-subgroup-4
2: Starting numprocs=16 N=7000, M=7000 impl=g-rabenseifner-subgroup-4
8: Starting numprocs=16 N=7000, M=7000 impl=g-rabenseifner-subgroup-4
14: Starting numprocs=16 N=7000, M=7000 impl=g-rabenseifner-subgroup-4
time: 0.458249s
Iteration 1
time: 2.581438s
Iteration 2
time: 0.405352s
Iteration 3
time: 0.407243s
Iteration 4
time: 0.407097s
Iteration 5
time: 0.404027s
Iteration 6
time: 0.410169s
Iteration 7
time: 0.411162s
Iteration 8
time: 0.406885s
Iteration 9
time: 0.407605s
Iteration 10
time: 2.549992s
Iteration 11
time: 0.408612s
Iteration 12
time: 0.407588s
Iteration 13
time: 0.405585s
Iteration 14
time: 0.411329s
Iteration 15
time: 2.517886s
Iteration 16
time: 0.406781s
Iteration 17
time: 0.408614s
Iteration 18
time: 0.407344s
Iteration 19
time: 0.407307s
Iteration 20
time: 0.407363s
Iteration 21
time: 0.410894s
Iteration 22
time: 0.406470s
Iteration 23
time: 0.398178s
Iteration 24
time: 0.398094s
5: Starting numprocs=16 N=7000, M=7000 impl=g-rabenseifner-subgroup-8
0: Starting numprocs=16 N=7000, M=7000 impl=g-rabenseifner-subgroup-8
Iteration 0
11: Starting numprocs=16 N=7000, M=7000 impl=g-rabenseifner-subgroup-8
15: Starting numprocs=16 N=7000, M=7000 impl=g-rabenseifner-subgroup-8
12: Starting numprocs=16 N=7000, M=7000 impl=g-rabenseifner-subgroup-8
13: Starting numprocs=16 N=7000, M=7000 impl=g-rabenseifner-subgroup-8
7: Starting numprocs=16 N=7000, M=7000 impl=g-rabenseifner-subgroup-8
4: Starting numprocs=16 N=7000, M=7000 impl=g-rabenseifner-subgroup-8
6: Starting numprocs=16 N=7000, M=7000 impl=g-rabenseifner-subgroup-8
3: Starting numprocs=16 N=7000, M=7000 impl=g-rabenseifner-subgroup-8
9: Starting numprocs=16 N=7000, M=7000 impl=g-rabenseifner-subgroup-8
10: Starting numprocs=16 N=7000, M=7000 impl=g-rabenseifner-subgroup-8
8: Starting numprocs=16 N=7000, M=7000 impl=g-rabenseifner-subgroup-8
2: Starting numprocs=16 N=7000, M=7000 impl=g-rabenseifner-subgroup-8
14: Starting numprocs=16 N=7000, M=7000 impl=g-rabenseifner-subgroup-8
1: Starting numprocs=16 N=7000, M=7000 impl=g-rabenseifner-subgroup-8
time: 0.522377s
Iteration 1
time: 0.469623s
Iteration 2
time: 0.471503s
Iteration 3
time: 0.470646s
Iteration 4
time: 0.471477s
Iteration 5
time: 0.471284s
Iteration 6
time: 0.477089s
Iteration 7
time: 0.476933s
Iteration 8
time: 0.474072s
Iteration 9
time: 0.475430s
Iteration 10
time: 0.475231s
Iteration 11
time: 0.476496s
Iteration 12
time: 0.470911s
Iteration 13
time: 0.469311s
Iteration 14
time: 0.468468s
Iteration 15
time: 0.471602s
Iteration 16
time: 0.473829s
Iteration 17
time: 0.478690s
Iteration 18
time: 0.470547s
Iteration 19
time: 0.470936s
Iteration 20
time: 0.473311s
Iteration 21
time: 0.474438s
Iteration 22
time: 0.479906s
Iteration 23
time: 0.462479s
Iteration 24
time: 0.471721s
5: Starting numprocs=16 N=8000, M=8000 impl=allgather
0: Starting numprocs=16 N=8000, M=8000 impl=allgather
Iteration 0
11: Starting numprocs=16 N=8000, M=8000 impl=allgather
15: Starting numprocs=16 N=8000, M=8000 impl=allgather
3: Starting numprocs=16 N=8000, M=8000 impl=allgather
6: Starting numprocs=16 N=8000, M=8000 impl=allgather
12: Starting numprocs=16 N=8000, M=8000 impl=allgather
7: Starting numprocs=16 N=8000, M=8000 impl=allgather
9: Starting numprocs=16 N=8000, M=8000 impl=allgather
4: Starting numprocs=16 N=8000, M=8000 impl=allgather
13: Starting numprocs=16 N=8000, M=8000 impl=allgather
10: Starting numprocs=16 N=8000, M=8000 impl=allgather
8: Starting numprocs=16 N=8000, M=8000 impl=allgather
2: Starting numprocs=16 N=8000, M=8000 impl=allgather
14: Starting numprocs=16 N=8000, M=8000 impl=allgather
1: Starting numprocs=16 N=8000, M=8000 impl=allgather
time: 1.126203s
Iteration 1
time: 1.194068s
Iteration 2
time: 1.146397s
Iteration 3
time: 1.118465s
Iteration 4
time: 1.217173s
Iteration 5
time: 1.149971s
Iteration 6
time: 1.152321s
Iteration 7
time: 1.188971s
Iteration 8
time: 1.127392s
Iteration 9
time: 1.153078s
Iteration 10
time: 1.187237s
Iteration 11
time: 1.093881s
Iteration 12
time: 1.086397s
Iteration 13
time: 1.123022s
Iteration 14
time: 1.097346s
Iteration 15
time: 1.081219s
Iteration 16
time: 1.163370s
Iteration 17
time: 1.109447s
Iteration 18
time: 1.171735s
Iteration 19
time: 1.093798s
Iteration 20
time: 1.149286s
Iteration 21
time: 1.079931s
Iteration 22
time: 1.134296s
Iteration 23
time: 1.126735s
Iteration 24
time: 1.114303s
5: Starting numprocs=16 N=8000, M=8000 impl=allreduce
0: Starting numprocs=16 N=8000, M=8000 impl=allreduce
Iteration 0
11: Starting numprocs=16 N=8000, M=8000 impl=allreduce
6: Starting numprocs=16 N=8000, M=8000 impl=allreduce
12: Starting numprocs=16 N=8000, M=8000 impl=allreduce
15: Starting numprocs=16 N=8000, M=8000 impl=allreduce
8: Starting numprocs=16 N=8000, M=8000 impl=allreduce
9: Starting numprocs=16 N=8000, M=8000 impl=allreduce
3: Starting numprocs=16 N=8000, M=8000 impl=allreduce
7: Starting numprocs=16 N=8000, M=8000 impl=allreduce
4: Starting numprocs=16 N=8000, M=8000 impl=allreduce
13: Starting numprocs=16 N=8000, M=8000 impl=allreduce
2: Starting numprocs=16 N=8000, M=8000 impl=allreduce
10: Starting numprocs=16 N=8000, M=8000 impl=allreduce
14: Starting numprocs=16 N=8000, M=8000 impl=allreduce
1: Starting numprocs=16 N=8000, M=8000 impl=allreduce
time: 1.610211s
Iteration 1
time: 5.359954s
Iteration 2
time: 2.987207s
Iteration 3
time: 1.403269s
Iteration 4
time: 8.481802s
Iteration 5
time: 1.408762s
Iteration 6
time: 1.536596s
Iteration 7
time: 5.582882s
Iteration 8
time: 1.426667s
Iteration 9
time: 1.404688s
Iteration 10
time: 1.401916s
Iteration 11
time: 1.377561s
Iteration 12
time: 1.381828s
Iteration 13
time: 1.381603s
Iteration 14
time: 1.422388s
Iteration 15
time: 1.461573s
Iteration 16
time: 14.255477s
Iteration 17
time: 1.424231s
Iteration 18
time: 7.535523s
Iteration 19
time: 1.467963s
Iteration 20
time: 23.112345s
Iteration 21
time: 1.430810s
Iteration 22
time: 7.941379s
Iteration 23
time: 9.694766s
Iteration 24
time: 7.492676s
5: Starting numprocs=16 N=8000, M=8000 impl=allreduce-ring
11: Starting numprocs=16 N=8000, M=8000 impl=allreduce-ring
6: Starting numprocs=16 N=8000, M=8000 impl=allreduce-ring
3: Starting numprocs=16 N=8000, M=8000 impl=allreduce-ring
12: Starting numprocs=16 N=8000, M=8000 impl=allreduce-ring
0: Starting numprocs=16 N=8000, M=8000 impl=allreduce-ring
Iteration 0
15: Starting numprocs=16 N=8000, M=8000 impl=allreduce-ring
4: Starting numprocs=16 N=8000, M=8000 impl=allreduce-ring
13: Starting numprocs=16 N=8000, M=8000 impl=allreduce-ring
2: Starting numprocs=16 N=8000, M=8000 impl=allreduce-ring
7: Starting numprocs=16 N=8000, M=8000 impl=allreduce-ring
9: Starting numprocs=16 N=8000, M=8000 impl=allreduce-ring
10: Starting numprocs=16 N=8000, M=8000 impl=allreduce-ring
8: Starting numprocs=16 N=8000, M=8000 impl=allreduce-ring
1: Starting numprocs=16 N=8000, M=8000 impl=allreduce-ring
14: Starting numprocs=16 N=8000, M=8000 impl=allreduce-ring
time: 1.018020s
Iteration 1
time: 0.969767s
Iteration 2
time: 0.969546s
Iteration 3
time: 0.975493s
Iteration 4
time: 0.980747s
Iteration 5
time: 0.973636s
Iteration 6
time: 0.961545s
Iteration 7
time: 47.098614s
Iteration 8
time: 7.496385s
Iteration 9
time: 0.968463s
Iteration 10
time: 0.965435s
Iteration 11
time: 0.966660s
Iteration 12
time: 0.966073s
Iteration 13
time: 0.975251s
Iteration 14
time: 0.982453s
Iteration 15
time: 0.985110s
Iteration 16
time: 0.962592s
Iteration 17
time: 0.966346s
Iteration 18
time: 0.995595s
Iteration 19
time: 0.965522s
Iteration 20
time: 26.386138s
Iteration 21
time: 0.962050s
Iteration 22
time: 0.986350s
Iteration 23
time: 0.967139s
Iteration 24
time: 0.979809s
5: Starting numprocs=16 N=8000, M=8000 impl=g-rabenseifner-allgather
11: Starting numprocs=16 N=8000, M=8000 impl=g-rabenseifner-allgather
6: Starting numprocs=16 N=8000, M=8000 impl=g-rabenseifner-allgather
12: Starting numprocs=16 N=8000, M=8000 impl=g-rabenseifner-allgather
3: Starting numprocs=16 N=8000, M=8000 impl=g-rabenseifner-allgather
15: Starting numprocs=16 N=8000, M=8000 impl=g-rabenseifner-allgather
4: Starting numprocs=16 N=8000, M=8000 impl=g-rabenseifner-allgather
13: Starting numprocs=16 N=8000, M=8000 impl=g-rabenseifner-allgather
9: Starting numprocs=16 N=8000, M=8000 impl=g-rabenseifner-allgather
0: Starting numprocs=16 N=8000, M=8000 impl=g-rabenseifner-allgather
Iteration 0
8: Starting numprocs=16 N=8000, M=8000 impl=g-rabenseifner-allgather
2: Starting numprocs=16 N=8000, M=8000 impl=g-rabenseifner-allgather
10: Starting numprocs=16 N=8000, M=8000 impl=g-rabenseifner-allgather
7: Starting numprocs=16 N=8000, M=8000 impl=g-rabenseifner-allgather
1: Starting numprocs=16 N=8000, M=8000 impl=g-rabenseifner-allgather
14: Starting numprocs=16 N=8000, M=8000 impl=g-rabenseifner-allgather
time: 0.527537s
Iteration 1
time: 0.458929s
Iteration 2
time: 0.458589s
Iteration 3
time: 0.460476s
Iteration 4
time: 0.459374s
Iteration 5
time: 0.458965s
Iteration 6
time: 0.459420s
Iteration 7
time: 0.458251s
Iteration 8
time: 23.860043s
Iteration 9
time: 13.415430s
Iteration 10
time: 0.459386s
Iteration 11
time: 0.459996s
Iteration 12
time: 0.461168s
Iteration 13
time: 0.460826s
Iteration 14
time: 0.458916s
Iteration 15
time: 0.459252s
Iteration 16
time: 0.461704s
Iteration 17
time: 0.458027s
Iteration 18
time: 0.459904s
Iteration 19
time: 4.242608s
Iteration 20
time: 0.459604s
Iteration 21
time: 0.460087s
Iteration 22
time: 0.458965s
Iteration 23
time: 0.459557s
Iteration 24
time: 11.236004s
5: Starting numprocs=16 N=8000, M=8000 impl=g-rabenseifner-subgroup-2
4: Starting numprocs=16 N=8000, M=8000 impl=g-rabenseifner-subgroup-2
12: Starting numprocs=16 N=8000, M=8000 impl=g-rabenseifner-subgroup-2
0: Starting numprocs=16 N=8000, M=8000 impl=g-rabenseifner-subgroup-2
Iteration 0
6: Starting numprocs=16 N=8000, M=8000 impl=g-rabenseifner-subgroup-2
7: Starting numprocs=16 N=8000, M=8000 impl=g-rabenseifner-subgroup-2
3: Starting numprocs=16 N=8000, M=8000 impl=g-rabenseifner-subgroup-2
11: Starting numprocs=16 N=8000, M=8000 impl=g-rabenseifner-subgroup-2
15: Starting numprocs=16 N=8000, M=8000 impl=g-rabenseifner-subgroup-2
13: Starting numprocs=16 N=8000, M=8000 impl=g-rabenseifner-subgroup-2
8: Starting numprocs=16 N=8000, M=8000 impl=g-rabenseifner-subgroup-2
2: Starting numprocs=16 N=8000, M=8000 impl=g-rabenseifner-subgroup-2
9: Starting numprocs=16 N=8000, M=8000 impl=g-rabenseifner-subgroup-2
10: Starting numprocs=16 N=8000, M=8000 impl=g-rabenseifner-subgroup-2
1: Starting numprocs=16 N=8000, M=8000 impl=g-rabenseifner-subgroup-2
14: Starting numprocs=16 N=8000, M=8000 impl=g-rabenseifner-subgroup-2
time: 0.570764s
Iteration 1
time: 17.774733s
Iteration 2
time: 0.486169s
Iteration 3
time: 0.489180s
Iteration 4
time: 0.487980s
Iteration 5
time: 6.687182s
Iteration 6
time: 1.876290s
Iteration 7
time: 0.486174s
Iteration 8
time: 6.501876s
Iteration 9
time: 11.062583s
Iteration 10
time: 0.483319s
Iteration 11
time: 0.485535s
Iteration 12
time: 17.314840s
Iteration 13
time: 0.488022s
Iteration 14
time: 19.923741s
Iteration 15
time: 0.489629s
Iteration 16
time: 0.496997s
Iteration 17
time: 0.485412s
Iteration 18
time: 2.667359s
Iteration 19
time: 0.485288s
Iteration 20
time: 0.489211s
Iteration 21
time: 0.486861s
Iteration 22
time: 0.485899s
Iteration 23
time: 2.249691s
Iteration 24
time: 0.487941s
5: Starting numprocs=16 N=8000, M=8000 impl=g-rabenseifner-subgroup-4
4: Starting numprocs=16 N=8000, M=8000 impl=g-rabenseifner-subgroup-4
6: Starting numprocs=16 N=8000, M=8000 impl=g-rabenseifner-subgroup-4
3: Starting numprocs=16 N=8000, M=8000 impl=g-rabenseifner-subgroup-4
0: Starting numprocs=16 N=8000, M=8000 impl=g-rabenseifner-subgroup-4
Iteration 0
15: Starting numprocs=16 N=8000, M=8000 impl=g-rabenseifner-subgroup-4
12: Starting numprocs=16 N=8000, M=8000 impl=g-rabenseifner-subgroup-4
11: Starting numprocs=16 N=8000, M=8000 impl=g-rabenseifner-subgroup-4
9: Starting numprocs=16 N=8000, M=8000 impl=g-rabenseifner-subgroup-4
13: Starting numprocs=16 N=8000, M=8000 impl=g-rabenseifner-subgroup-4
8: Starting numprocs=16 N=8000, M=8000 impl=g-rabenseifner-subgroup-4
7: Starting numprocs=16 N=8000, M=8000 impl=g-rabenseifner-subgroup-4
10: Starting numprocs=16 N=8000, M=8000 impl=g-rabenseifner-subgroup-4
2: Starting numprocs=16 N=8000, M=8000 impl=g-rabenseifner-subgroup-4
14: Starting numprocs=16 N=8000, M=8000 impl=g-rabenseifner-subgroup-4
1: Starting numprocs=16 N=8000, M=8000 impl=g-rabenseifner-subgroup-4
time: 36.882170s
Iteration 1
time: 0.530974s
Iteration 2
time: 0.523099s
Iteration 3
time: 2.262289s
Iteration 4
time: 0.524076s
Iteration 5
time: 0.522999s
Iteration 6
time: 0.524796s
Iteration 7
time: 0.527186s
Iteration 8
time: 0.521854s
Iteration 9
time: 0.522793s
Iteration 10
time: 0.524428s
Iteration 11
time: 0.552159s
Iteration 12
time: 0.547578s
Iteration 13
time: 0.548763s
Iteration 14
time: 0.548927s
Iteration 15
time: 49.996831s
Iteration 16
time: 0.549584s
Iteration 17
time: 0.550068s
Iteration 18
time: 0.548796s
Iteration 19
time: 106.153605s
Iteration 20
time: 0.558302s
Iteration 21
time: 0.549748s
Iteration 22
time: 19.483452s
Iteration 23
time: 6.455162s
Iteration 24
time: 0.550851s
5: Starting numprocs=16 N=8000, M=8000 impl=g-rabenseifner-subgroup-8
15: Starting numprocs=16 N=8000, M=8000 impl=g-rabenseifner-subgroup-8
3: Starting numprocs=16 N=8000, M=8000 impl=g-rabenseifner-subgroup-8
13: Starting numprocs=16 N=8000, M=8000 impl=g-rabenseifner-subgroup-8
6: Starting numprocs=16 N=8000, M=8000 impl=g-rabenseifner-subgroup-8
12: Starting numprocs=16 N=8000, M=8000 impl=g-rabenseifner-subgroup-8
9: Starting numprocs=16 N=8000, M=8000 impl=g-rabenseifner-subgroup-8
4: Starting numprocs=16 N=8000, M=8000 impl=g-rabenseifner-subgroup-8
7: Starting numprocs=16 N=8000, M=8000 impl=g-rabenseifner-subgroup-8
11: Starting numprocs=16 N=8000, M=8000 impl=g-rabenseifner-subgroup-8
0: Starting numprocs=16 N=8000, M=8000 impl=g-rabenseifner-subgroup-8
Iteration 0
10: Starting numprocs=16 N=8000, M=8000 impl=g-rabenseifner-subgroup-8
8: Starting numprocs=16 N=8000, M=8000 impl=g-rabenseifner-subgroup-8
2: Starting numprocs=16 N=8000, M=8000 impl=g-rabenseifner-subgroup-8
14: Starting numprocs=16 N=8000, M=8000 impl=g-rabenseifner-subgroup-8
1: Starting numprocs=16 N=8000, M=8000 impl=g-rabenseifner-subgroup-8
time: 43.197124s
Iteration 1
time: 0.684034s
Iteration 2
time: 2.191758s
Iteration 3
time: 0.678781s
Iteration 4
time: 0.688577s
Iteration 5
time: 0.686674s
Iteration 6
time: 2.416923s
Iteration 7
time: 0.623797s
Iteration 8
time: 0.628718s
Iteration 9
time: 2.786969s
Iteration 10
time: 0.626857s
Iteration 11
time: 0.624126s
Iteration 12
time: 2.807011s
Iteration 13
time: 0.617288s
Iteration 14
time: 0.630188s
Iteration 15
time: 0.625631s
Iteration 16
time: 0.610383s
Iteration 17
time: 2.227947s
Iteration 18
time: 0.619275s
Iteration 19
time: 0.616826s
Iteration 20
time: 9.293892s
Iteration 21
time: 0.614459s
Iteration 22
time: 1.891676s
Iteration 23
time: 0.619221s
Iteration 24
time: 0.630831s
