0: Starting numprocs=8 N=1000, M=1000 impl=allgather
Iteration 0
3: Starting numprocs=8 N=1000, M=1000 impl=allgather
2: Starting numprocs=8 N=1000, M=1000 impl=allgather
4: Starting numprocs=8 N=1000, M=1000 impl=allgather
6: Starting numprocs=8 N=1000, M=1000 impl=allgather
5: Starting numprocs=8 N=1000, M=1000 impl=allgather
1: Starting numprocs=8 N=1000, M=1000 impl=allgather
7: Starting numprocs=8 N=1000, M=1000 impl=allgather
time: 0.015753s
Iteration 1
time: 0.006922s
Iteration 2
time: 0.006886s
Iteration 3
time: 0.006846s
Iteration 4
time: 0.006943s
Iteration 5
time: 0.006863s
Iteration 6
time: 0.006874s
Iteration 7
time: 0.006909s
Iteration 8
time: 0.006831s
Iteration 9
time: 0.007377s
Iteration 10
time: 0.006853s
Iteration 11
time: 0.006860s
Iteration 12
time: 0.006893s
Iteration 13
time: 0.006725s
Iteration 14
time: 0.006761s
Iteration 15
time: 0.006726s
Iteration 16
time: 0.006744s
Iteration 17
time: 0.006682s
Iteration 18
time: 0.007212s
Iteration 19
time: 0.006724s
Iteration 20
time: 0.006742s
Iteration 21
time: 0.006761s
Iteration 22
time: 0.006911s
Iteration 23
time: 0.006950s
Iteration 24
time: 0.007428s
1: Starting numprocs=8 N=1000, M=1000 impl=allreduce
6: Starting numprocs=8 N=1000, M=1000 impl=allreduce
2: Starting numprocs=8 N=1000, M=1000 impl=allreduce
4: Starting numprocs=8 N=1000, M=1000 impl=allreduce
3: Starting numprocs=8 N=1000, M=1000 impl=allreduce
0: Starting numprocs=8 N=1000, M=1000 impl=allreduce
Iteration 0
5: Starting numprocs=8 N=1000, M=1000 impl=allreduce
7: Starting numprocs=8 N=1000, M=1000 impl=allreduce
time: 0.024754s
Iteration 1
time: 0.020940s
Iteration 2
time: 0.015080s
Iteration 3
time: 0.015722s
Iteration 4
time: 0.015527s
Iteration 5
time: 0.015578s
Iteration 6
time: 0.014938s
Iteration 7
time: 0.015311s
Iteration 8
time: 0.015100s
Iteration 9
time: 0.015199s
Iteration 10
time: 0.014991s
Iteration 11
time: 0.015159s
Iteration 12
time: 0.015308s
Iteration 13
time: 0.015703s
Iteration 14
time: 0.015071s
Iteration 15
time: 0.015979s
Iteration 16
time: 0.015156s
Iteration 17
time: 0.015251s
Iteration 18
time: 0.015138s
Iteration 19
time: 0.015701s
Iteration 20
time: 0.015426s
Iteration 21
time: 0.015625s
Iteration 22
time: 0.015220s
Iteration 23
time: 0.015591s
Iteration 24
time: 0.016683s
0: Starting numprocs=8 N=1000, M=1000 impl=allreduce-ring
Iteration 0
1: Starting numprocs=8 N=1000, M=1000 impl=allreduce-ring
5: Starting numprocs=8 N=1000, M=1000 impl=allreduce-ring
4: Starting numprocs=8 N=1000, M=1000 impl=allreduce-ring
3: Starting numprocs=8 N=1000, M=1000 impl=allreduce-ring
2: Starting numprocs=8 N=1000, M=1000 impl=allreduce-ring
6: Starting numprocs=8 N=1000, M=1000 impl=allreduce-ring
7: Starting numprocs=8 N=1000, M=1000 impl=allreduce-ring
time: 0.028134s
Iteration 1
time: 0.013673s
Iteration 2
time: 0.013680s
Iteration 3
time: 0.014304s
Iteration 4
time: 0.014136s
Iteration 5
time: 0.013782s
Iteration 6
time: 0.014234s
Iteration 7
time: 0.014210s
Iteration 8
time: 0.013788s
Iteration 9
time: 0.013924s
Iteration 10
time: 0.013779s
Iteration 11
time: 0.013997s
Iteration 12
time: 0.013832s
Iteration 13
time: 0.014972s
Iteration 14
time: 0.013824s
Iteration 15
time: 0.013983s
Iteration 16
time: 0.013835s
Iteration 17
time: 0.013768s
Iteration 18
time: 0.013797s
Iteration 19
time: 0.013886s
Iteration 20
time: 0.013826s
Iteration 21
time: 0.014338s
Iteration 22
time: 0.013693s
Iteration 23
time: 0.013749s
Iteration 24
time: 0.014023s
3: Starting numprocs=8 N=1000, M=1000 impl=g-rabenseifner-allgather
2: Starting numprocs=8 N=1000, M=1000 impl=g-rabenseifner-allgather
6: Starting numprocs=8 N=1000, M=1000 impl=g-rabenseifner-allgather
5: Starting numprocs=8 N=1000, M=1000 impl=g-rabenseifner-allgather
4: Starting numprocs=8 N=1000, M=1000 impl=g-rabenseifner-allgather
0: Starting numprocs=8 N=1000, M=1000 impl=g-rabenseifner-allgather
Iteration 0
1: Starting numprocs=8 N=1000, M=1000 impl=g-rabenseifner-allgather
7: Starting numprocs=8 N=1000, M=1000 impl=g-rabenseifner-allgather
time: 0.019665s
Iteration 1
time: 0.007529s
Iteration 2
time: 0.007004s
Iteration 3
time: 0.007004s
Iteration 4
time: 0.006991s
Iteration 5
time: 0.007064s
Iteration 6
time: 0.007030s
Iteration 7
time: 0.007213s
Iteration 8
time: 0.006970s
Iteration 9
time: 0.007543s
Iteration 10
time: 0.007579s
Iteration 11
time: 0.006992s
Iteration 12
time: 0.007024s
Iteration 13
time: 0.007000s
Iteration 14
time: 0.007027s
Iteration 15
time: 0.007018s
Iteration 16
time: 0.007026s
Iteration 17
time: 0.007027s
Iteration 18
time: 0.007669s
Iteration 19
time: 0.007132s
Iteration 20
time: 0.007009s
Iteration 21
time: 0.006992s
Iteration 22
time: 0.007010s
Iteration 23
time: 0.007000s
Iteration 24
time: 0.007009s
0: Starting numprocs=8 N=1000, M=1000 impl=g-rabenseifner-subgroup-2
Iteration 0
1: Starting numprocs=8 N=1000, M=1000 impl=g-rabenseifner-subgroup-2
4: Starting numprocs=8 N=1000, M=1000 impl=g-rabenseifner-subgroup-2
3: Starting numprocs=8 N=1000, M=1000 impl=g-rabenseifner-subgroup-2
2: Starting numprocs=8 N=1000, M=1000 impl=g-rabenseifner-subgroup-2
5: Starting numprocs=8 N=1000, M=1000 impl=g-rabenseifner-subgroup-2
7: Starting numprocs=8 N=1000, M=1000 impl=g-rabenseifner-subgroup-2
6: Starting numprocs=8 N=1000, M=1000 impl=g-rabenseifner-subgroup-2
time: 0.022810s
Iteration 1
time: 0.007039s
Iteration 2
time: 0.007006s
Iteration 3
time: 0.007014s
Iteration 4
time: 0.007024s
Iteration 5
time: 0.006961s
Iteration 6
time: 0.006959s
Iteration 7
time: 0.007038s
Iteration 8
time: 0.007015s
Iteration 9
time: 0.007513s
Iteration 10
time: 0.007064s
Iteration 11
time: 0.007071s
Iteration 12
time: 0.007019s
Iteration 13
time: 0.007056s
Iteration 14
time: 0.007051s
Iteration 15
time: 0.007061s
Iteration 16
time: 0.007044s
Iteration 17
time: 0.007466s
Iteration 18
time: 0.007007s
Iteration 19
time: 0.007004s
Iteration 20
time: 0.006972s
Iteration 21
time: 0.007416s
Iteration 22
time: 0.006998s
Iteration 23
time: 0.006954s
Iteration 24
time: 0.007021s
0: Starting numprocs=8 N=1000, M=1000 impl=g-rabenseifner-subgroup-4
Iteration 0
1: Starting numprocs=8 N=1000, M=1000 impl=g-rabenseifner-subgroup-4
4: Starting numprocs=8 N=1000, M=1000 impl=g-rabenseifner-subgroup-4
5: Starting numprocs=8 N=1000, M=1000 impl=g-rabenseifner-subgroup-4
2: Starting numprocs=8 N=1000, M=1000 impl=g-rabenseifner-subgroup-4
3: Starting numprocs=8 N=1000, M=1000 impl=g-rabenseifner-subgroup-4
7: Starting numprocs=8 N=1000, M=1000 impl=g-rabenseifner-subgroup-4
6: Starting numprocs=8 N=1000, M=1000 impl=g-rabenseifner-subgroup-4
time: 0.022068s
Iteration 1
time: 0.007298s
Iteration 2
time: 0.006876s
Iteration 3
time: 0.006937s
Iteration 4
time: 0.006886s
Iteration 5
time: 0.006881s
Iteration 6
time: 0.006895s
Iteration 7
time: 0.007086s
Iteration 8
time: 0.007165s
Iteration 9
time: 0.007171s
Iteration 10
time: 0.007133s
Iteration 11
time: 0.007132s
Iteration 12
time: 0.007640s
Iteration 13
time: 0.007104s
Iteration 14
time: 0.008171s
Iteration 15
time: 0.007742s
Iteration 16
time: 0.007199s
Iteration 17
time: 0.007246s
Iteration 18
time: 0.007187s
Iteration 19
time: 0.007176s
Iteration 20
time: 0.007180s
Iteration 21
time: 0.007172s
Iteration 22
time: 0.007167s
Iteration 23
time: 0.007175s
Iteration 24
time: 0.007267s
0: Starting numprocs=8 N=1000, M=1000 impl=g-rabenseifner-subgroup-8
Iteration 0
5: Starting numprocs=8 N=1000, M=1000 impl=g-rabenseifner-subgroup-8
1: Starting numprocs=8 N=1000, M=1000 impl=g-rabenseifner-subgroup-8
3: Starting numprocs=8 N=1000, M=1000 impl=g-rabenseifner-subgroup-8
6: Starting numprocs=8 N=1000, M=1000 impl=g-rabenseifner-subgroup-8
4: Starting numprocs=8 N=1000, M=1000 impl=g-rabenseifner-subgroup-8
2: Starting numprocs=8 N=1000, M=1000 impl=g-rabenseifner-subgroup-8
7: Starting numprocs=8 N=1000, M=1000 impl=g-rabenseifner-subgroup-8
time: 0.017391s
Iteration 1
time: 0.006564s
Iteration 2
time: 0.006456s
Iteration 3
time: 0.007081s
Iteration 4
time: 0.006759s
Iteration 5
time: 0.006651s
Iteration 6
time: 0.006634s
Iteration 7
time: 0.006680s
Iteration 8
time: 0.006736s
Iteration 9
time: 0.006812s
Iteration 10
time: 0.006768s
Iteration 11
time: 0.006754s
Iteration 12
time: 0.006783s
Iteration 13
time: 0.006794s
Iteration 14
time: 0.006809s
Iteration 15
time: 0.006783s
Iteration 16
time: 0.006775s
Iteration 17
time: 0.006720s
Iteration 18
time: 0.006787s
Iteration 19
time: 0.007319s
Iteration 20
time: 0.006829s
Iteration 21
time: 0.006835s
Iteration 22
time: 0.006770s
Iteration 23
time: 0.006804s
Iteration 24
time: 0.006881s
3: Starting numprocs=8 N=2000, M=2000 impl=allgather
6: Starting numprocs=8 N=2000, M=2000 impl=allgather
4: Starting numprocs=8 N=2000, M=2000 impl=allgather
5: Starting numprocs=8 N=2000, M=2000 impl=allgather
1: Starting numprocs=8 N=2000, M=2000 impl=allgather
0: Starting numprocs=8 N=2000, M=2000 impl=allgather
Iteration 0
2: Starting numprocs=8 N=2000, M=2000 impl=allgather
7: Starting numprocs=8 N=2000, M=2000 impl=allgather
time: 0.043158s
Iteration 1
time: 0.029091s
Iteration 2
time: 0.027854s
Iteration 3
time: 0.028967s
Iteration 4
time: 0.028190s
Iteration 5
time: 0.027745s
Iteration 6
time: 0.027629s
Iteration 7
time: 0.028064s
Iteration 8
time: 0.027534s
Iteration 9
time: 0.027554s
Iteration 10
time: 0.027671s
Iteration 11
time: 0.027593s
Iteration 12
time: 0.028306s
Iteration 13
time: 0.028589s
Iteration 14
time: 0.029804s
Iteration 15
time: 0.028807s
Iteration 16
time: 0.028764s
Iteration 17
time: 0.030286s
Iteration 18
time: 0.030481s
Iteration 19
time: 0.028704s
Iteration 20
time: 0.030333s
Iteration 21
time: 0.028967s
Iteration 22
time: 0.030634s
Iteration 23
time: 0.030661s
Iteration 24
time: 0.030016s
1: Starting numprocs=8 N=2000, M=2000 impl=allreduce
3: Starting numprocs=8 N=2000, M=2000 impl=allreduce
6: Starting numprocs=8 N=2000, M=2000 impl=allreduce
0: Starting numprocs=8 N=2000, M=2000 impl=allreduce
Iteration 0
4: Starting numprocs=8 N=2000, M=2000 impl=allreduce
2: Starting numprocs=8 N=2000, M=2000 impl=allreduce
5: Starting numprocs=8 N=2000, M=2000 impl=allreduce
7: Starting numprocs=8 N=2000, M=2000 impl=allreduce
time: 0.092215s
Iteration 1
time: 0.079820s
Iteration 2
time: 0.061629s
Iteration 3
time: 0.060958s
Iteration 4
time: 0.061591s
Iteration 5
time: 0.061334s
Iteration 6
time: 0.063469s
Iteration 7
time: 0.062116s
Iteration 8
time: 0.064403s
Iteration 9
time: 0.065006s
Iteration 10
time: 0.061785s
Iteration 11
time: 0.061384s
Iteration 12
time: 0.061763s
Iteration 13
time: 0.061152s
Iteration 14
time: 0.061957s
Iteration 15
time: 0.060629s
Iteration 16
time: 0.061459s
Iteration 17
time: 0.060393s
Iteration 18
time: 0.061682s
Iteration 19
time: 0.070496s
Iteration 20
time: 0.069991s
Iteration 21
time: 0.062055s
Iteration 22
time: 0.066624s
Iteration 23
time: 0.064816s
Iteration 24
time: 0.061586s
0: Starting numprocs=8 N=2000, M=2000 impl=allreduce-ring
Iteration 0
3: Starting numprocs=8 N=2000, M=2000 impl=allreduce-ring
6: Starting numprocs=8 N=2000, M=2000 impl=allreduce-ring
1: Starting numprocs=8 N=2000, M=2000 impl=allreduce-ring
5: Starting numprocs=8 N=2000, M=2000 impl=allreduce-ring
4: Starting numprocs=8 N=2000, M=2000 impl=allreduce-ring
2: Starting numprocs=8 N=2000, M=2000 impl=allreduce-ring
7: Starting numprocs=8 N=2000, M=2000 impl=allreduce-ring
time: 0.077992s
Iteration 1
time: 0.053921s
Iteration 2
time: 0.053623s
Iteration 3
time: 0.053968s
Iteration 4
time: 0.053443s
Iteration 5
time: 0.053080s
Iteration 6
time: 0.053840s
Iteration 7
time: 0.053811s
Iteration 8
time: 0.053650s
Iteration 9
time: 0.054152s
Iteration 10
time: 0.054683s
Iteration 11
time: 0.053333s
Iteration 12
time: 0.053616s
Iteration 13
time: 0.055233s
Iteration 14
time: 0.054725s
Iteration 15
time: 0.053790s
Iteration 16
time: 0.053773s
Iteration 17
time: 0.054384s
Iteration 18
time: 0.053624s
Iteration 19
time: 0.053930s
Iteration 20
time: 0.053723s
Iteration 21
time: 0.053663s
Iteration 22
time: 0.054460s
Iteration 23
time: 0.053710s
Iteration 24
time: 0.052940s
0: Starting numprocs=8 N=2000, M=2000 impl=g-rabenseifner-allgather
Iteration 0
4: Starting numprocs=8 N=2000, M=2000 impl=g-rabenseifner-allgather
1: Starting numprocs=8 N=2000, M=2000 impl=g-rabenseifner-allgather
3: Starting numprocs=8 N=2000, M=2000 impl=g-rabenseifner-allgather
2: Starting numprocs=8 N=2000, M=2000 impl=g-rabenseifner-allgather
5: Starting numprocs=8 N=2000, M=2000 impl=g-rabenseifner-allgather
7: Starting numprocs=8 N=2000, M=2000 impl=g-rabenseifner-allgather
6: Starting numprocs=8 N=2000, M=2000 impl=g-rabenseifner-allgather
time: 0.038548s
Iteration 1
time: 0.027842s
Iteration 2
time: 0.027470s
Iteration 3
time: 0.027647s
Iteration 4
time: 0.027388s
Iteration 5
time: 0.027305s
Iteration 6
time: 0.027621s
Iteration 7
time: 0.027512s
Iteration 8
time: 0.027401s
Iteration 9
time: 0.027394s
Iteration 10
time: 0.027360s
Iteration 11
time: 0.027452s
Iteration 12
time: 0.027324s
Iteration 13
time: 0.027355s
Iteration 14
time: 0.027339s
Iteration 15
time: 0.027346s
Iteration 16
time: 0.027238s
Iteration 17
time: 0.027582s
Iteration 18
time: 0.027289s
Iteration 19
time: 0.027964s
Iteration 20
time: 0.027334s
Iteration 21
time: 0.027688s
Iteration 22
time: 0.027699s
Iteration 23
time: 0.027762s
Iteration 24
time: 0.027394s
0: Starting numprocs=8 N=2000, M=2000 impl=g-rabenseifner-subgroup-2
Iteration 0
1: Starting numprocs=8 N=2000, M=2000 impl=g-rabenseifner-subgroup-2
4: Starting numprocs=8 N=2000, M=2000 impl=g-rabenseifner-subgroup-2
5: Starting numprocs=8 N=2000, M=2000 impl=g-rabenseifner-subgroup-2
3: Starting numprocs=8 N=2000, M=2000 impl=g-rabenseifner-subgroup-2
6: Starting numprocs=8 N=2000, M=2000 impl=g-rabenseifner-subgroup-2
2: Starting numprocs=8 N=2000, M=2000 impl=g-rabenseifner-subgroup-2
7: Starting numprocs=8 N=2000, M=2000 impl=g-rabenseifner-subgroup-2
time: 0.042537s
Iteration 1
time: 0.027569s
Iteration 2
time: 0.027390s
Iteration 3
time: 0.027353s
Iteration 4
time: 0.027383s
Iteration 5
time: 0.028057s
Iteration 6
time: 0.027643s
Iteration 7
time: 0.027599s
Iteration 8
time: 0.027406s
Iteration 9
time: 0.027945s
Iteration 10
time: 0.028014s
Iteration 11
time: 0.027610s
Iteration 12
time: 0.027735s
Iteration 13
time: 0.027386s
Iteration 14
time: 0.027502s
Iteration 15
time: 0.027733s
Iteration 16
time: 0.027746s
Iteration 17
time: 0.027362s
Iteration 18
time: 0.027309s
Iteration 19
time: 0.027348s
Iteration 20
time: 0.027687s
Iteration 21
time: 0.027419s
Iteration 22
time: 0.027484s
Iteration 23
time: 0.027388s
Iteration 24
time: 0.027435s
4: Starting numprocs=8 N=2000, M=2000 impl=g-rabenseifner-subgroup-4
0: Starting numprocs=8 N=2000, M=2000 impl=g-rabenseifner-subgroup-4
Iteration 0
6: Starting numprocs=8 N=2000, M=2000 impl=g-rabenseifner-subgroup-4
5: Starting numprocs=8 N=2000, M=2000 impl=g-rabenseifner-subgroup-4
7: Starting numprocs=8 N=2000, M=2000 impl=g-rabenseifner-subgroup-4
2: Starting numprocs=8 N=2000, M=2000 impl=g-rabenseifner-subgroup-4
1: Starting numprocs=8 N=2000, M=2000 impl=g-rabenseifner-subgroup-4
3: Starting numprocs=8 N=2000, M=2000 impl=g-rabenseifner-subgroup-4
time: 0.040551s
Iteration 1
time: 0.026823s
Iteration 2
time: 0.027031s
Iteration 3
time: 0.027252s
Iteration 4
time: 0.026710s
Iteration 5
time: 0.026708s
Iteration 6
time: 0.027390s
Iteration 7
time: 0.028048s
Iteration 8
time: 0.027500s
Iteration 9
time: 0.027319s
Iteration 10
time: 0.027009s
Iteration 11
time: 0.027117s
Iteration 12
time: 0.027322s
Iteration 13
time: 0.027388s
Iteration 14
time: 0.027290s
Iteration 15
time: 0.027356s
Iteration 16
time: 0.027337s
Iteration 17
time: 0.027229s
Iteration 18
time: 0.027676s
Iteration 19
time: 0.027237s
Iteration 20
time: 0.027345s
Iteration 21
time: 0.027126s
Iteration 22
time: 0.027751s
Iteration 23
time: 0.027682s
Iteration 24
time: 0.027264s
0: Starting numprocs=8 N=2000, M=2000 impl=g-rabenseifner-subgroup-8
Iteration 0
1: Starting numprocs=8 N=2000, M=2000 impl=g-rabenseifner-subgroup-8
5: Starting numprocs=8 N=2000, M=2000 impl=g-rabenseifner-subgroup-8
4: Starting numprocs=8 N=2000, M=2000 impl=g-rabenseifner-subgroup-8
2: Starting numprocs=8 N=2000, M=2000 impl=g-rabenseifner-subgroup-8
3: Starting numprocs=8 N=2000, M=2000 impl=g-rabenseifner-subgroup-8
6: Starting numprocs=8 N=2000, M=2000 impl=g-rabenseifner-subgroup-8
7: Starting numprocs=8 N=2000, M=2000 impl=g-rabenseifner-subgroup-8
time: 0.035781s
Iteration 1
time: 0.026902s
Iteration 2
time: 0.026190s
Iteration 3
time: 0.026058s
Iteration 4
time: 0.026320s
Iteration 5
time: 0.027511s
Iteration 6
time: 0.026959s
Iteration 7
time: 0.027021s
Iteration 8
time: 0.026959s
Iteration 9
time: 0.027455s
Iteration 10
time: 0.026874s
Iteration 11
time: 0.026858s
Iteration 12
time: 0.027168s
Iteration 13
time: 0.028212s
Iteration 14
time: 0.028277s
Iteration 15
time: 0.027761s
Iteration 16
time: 0.026994s
Iteration 17
time: 0.027727s
Iteration 18
time: 0.027022s
Iteration 19
time: 0.026970s
Iteration 20
time: 0.027354s
Iteration 21
time: 0.028320s
Iteration 22
time: 0.027733s
Iteration 23
time: 0.027883s
Iteration 24
time: 0.028003s
6: Starting numprocs=8 N=3000, M=3000 impl=allgather
4: Starting numprocs=8 N=3000, M=3000 impl=allgather
1: Starting numprocs=8 N=3000, M=3000 impl=allgather
3: Starting numprocs=8 N=3000, M=3000 impl=allgather
0: Starting numprocs=8 N=3000, M=3000 impl=allgather
Iteration 0
2: Starting numprocs=8 N=3000, M=3000 impl=allgather
7: Starting numprocs=8 N=3000, M=3000 impl=allgather
5: Starting numprocs=8 N=3000, M=3000 impl=allgather
time: 0.092156s
Iteration 1
time: 0.082922s
Iteration 2
time: 0.083568s
Iteration 3
time: 0.103014s
Iteration 4
time: 0.076947s
Iteration 5
time: 0.071297s
Iteration 6
time: 0.073783s
Iteration 7
time: 0.070330s
Iteration 8
time: 0.071811s
Iteration 9
time: 0.075133s
Iteration 10
time: 0.081019s
Iteration 11
time: 0.078193s
Iteration 12
time: 0.071525s
Iteration 13
time: 0.077254s
Iteration 14
time: 0.078942s
Iteration 15
time: 0.074232s
Iteration 16
time: 0.074903s
Iteration 17
time: 0.079273s
Iteration 18
time: 0.078175s
Iteration 19
time: 0.072561s
Iteration 20
time: 0.070687s
Iteration 21
time: 0.074084s
Iteration 22
time: 0.077956s
Iteration 23
time: 0.078385s
Iteration 24
time: 0.085838s
0: Starting numprocs=8 N=3000, M=3000 impl=allreduce
Iteration 0
1: Starting numprocs=8 N=3000, M=3000 impl=allreduce
3: Starting numprocs=8 N=3000, M=3000 impl=allreduce
5: Starting numprocs=8 N=3000, M=3000 impl=allreduce
4: Starting numprocs=8 N=3000, M=3000 impl=allreduce
6: Starting numprocs=8 N=3000, M=3000 impl=allreduce
2: Starting numprocs=8 N=3000, M=3000 impl=allreduce
7: Starting numprocs=8 N=3000, M=3000 impl=allreduce
time: 0.205160s
Iteration 1
time: 0.184387s
Iteration 2
time: 0.181576s
Iteration 3
time: 0.194877s
Iteration 4
time: 0.189199s
Iteration 5
time: 0.182578s
Iteration 6
time: 0.189875s
Iteration 7
time: 0.186714s
Iteration 8
time: 0.183715s
Iteration 9
time: 0.180908s
Iteration 10
time: 0.192096s
Iteration 11
time: 0.191357s
Iteration 12
time: 0.180407s
Iteration 13
time: 0.182345s
Iteration 14
time: 0.179550s
Iteration 15
time: 0.182197s
Iteration 16
time: 0.190264s
Iteration 17
time: 0.182542s
Iteration 18
time: 0.183332s
Iteration 19
time: 0.182163s
Iteration 20
time: 0.183766s
Iteration 21
time: 0.181886s
Iteration 22
time: 0.181248s
Iteration 23
time: 0.178637s
Iteration 24
time: 0.180793s
0: Starting numprocs=8 N=3000, M=3000 impl=allreduce-ring
Iteration 0
1: Starting numprocs=8 N=3000, M=3000 impl=allreduce-ring
5: Starting numprocs=8 N=3000, M=3000 impl=allreduce-ring
4: Starting numprocs=8 N=3000, M=3000 impl=allreduce-ring
3: Starting numprocs=8 N=3000, M=3000 impl=allreduce-ring
2: Starting numprocs=8 N=3000, M=3000 impl=allreduce-ring
7: Starting numprocs=8 N=3000, M=3000 impl=allreduce-ring
6: Starting numprocs=8 N=3000, M=3000 impl=allreduce-ring
time: 0.155260s
Iteration 1
time: 0.125011s
Iteration 2
time: 0.121713s
Iteration 3
time: 0.120889s
Iteration 4
time: 0.121309s
Iteration 5
time: 0.122946s
Iteration 6
time: 0.121593s
Iteration 7
time: 0.121869s
Iteration 8
time: 0.121510s
Iteration 9
time: 0.121471s
Iteration 10
time: 0.120736s
Iteration 11
time: 0.122028s
Iteration 12
time: 0.122239s
Iteration 13
time: 0.121062s
Iteration 14
time: 0.120973s
Iteration 15
time: 0.122691s
Iteration 16
time: 0.121515s
Iteration 17
time: 0.120612s
Iteration 18
time: 0.120964s
Iteration 19
time: 0.121256s
Iteration 20
time: 0.121961s
Iteration 21
time: 0.121164s
Iteration 22
time: 0.125127s
Iteration 23
time: 0.125984s
Iteration 24
time: 0.120362s
1: Starting numprocs=8 N=3000, M=3000 impl=g-rabenseifner-allgather
5: Starting numprocs=8 N=3000, M=3000 impl=g-rabenseifner-allgather
3: Starting numprocs=8 N=3000, M=3000 impl=g-rabenseifner-allgather
0: Starting numprocs=8 N=3000, M=3000 impl=g-rabenseifner-allgather
Iteration 0
4: Starting numprocs=8 N=3000, M=3000 impl=g-rabenseifner-allgather
6: Starting numprocs=8 N=3000, M=3000 impl=g-rabenseifner-allgather
2: Starting numprocs=8 N=3000, M=3000 impl=g-rabenseifner-allgather
7: Starting numprocs=8 N=3000, M=3000 impl=g-rabenseifner-allgather
time: 0.079627s
Iteration 1
time: 0.061196s
Iteration 2
time: 0.061615s
Iteration 3
time: 0.060948s
Iteration 4
time: 0.061092s
Iteration 5
time: 0.061384s
Iteration 6
time: 0.061415s
Iteration 7
time: 0.061632s
Iteration 8
time: 0.061105s
Iteration 9
time: 0.061032s
Iteration 10
time: 0.061155s
Iteration 11
time: 0.064563s
Iteration 12
time: 0.061433s
Iteration 13
time: 0.061325s
Iteration 14
time: 0.061403s
Iteration 15
time: 0.061773s
Iteration 16
time: 0.061400s
Iteration 17
time: 0.061043s
Iteration 18
time: 0.061256s
Iteration 19
time: 0.061902s
Iteration 20
time: 0.061245s
Iteration 21
time: 0.061300s
Iteration 22
time: 0.061280s
Iteration 23
time: 0.061341s
Iteration 24
time: 0.061531s
5: Starting numprocs=8 N=3000, M=3000 impl=g-rabenseifner-subgroup-2
1: Starting numprocs=8 N=3000, M=3000 impl=g-rabenseifner-subgroup-2
4: Starting numprocs=8 N=3000, M=3000 impl=g-rabenseifner-subgroup-2
0: Starting numprocs=8 N=3000, M=3000 impl=g-rabenseifner-subgroup-2
Iteration 0
6: Starting numprocs=8 N=3000, M=3000 impl=g-rabenseifner-subgroup-2
3: Starting numprocs=8 N=3000, M=3000 impl=g-rabenseifner-subgroup-2
2: Starting numprocs=8 N=3000, M=3000 impl=g-rabenseifner-subgroup-2
7: Starting numprocs=8 N=3000, M=3000 impl=g-rabenseifner-subgroup-2
time: 0.085191s
Iteration 1
time: 0.062101s
Iteration 2
time: 0.061499s
Iteration 3
time: 0.061238s
Iteration 4
time: 0.061012s
Iteration 5
time: 0.061801s
Iteration 6
time: 0.061102s
Iteration 7
time: 0.062189s
Iteration 8
time: 0.061649s
Iteration 9
time: 0.061448s
Iteration 10
time: 0.061567s
Iteration 11
time: 0.060884s
Iteration 12
time: 0.061620s
Iteration 13
time: 0.062447s
Iteration 14
time: 0.061427s
Iteration 15
time: 0.061383s
Iteration 16
time: 0.060891s
Iteration 17
time: 0.061373s
Iteration 18
time: 0.061584s
Iteration 19
time: 0.061326s
Iteration 20
time: 0.060884s
Iteration 21
time: 0.061630s
Iteration 22
time: 0.061445s
Iteration 23
time: 0.061204s
Iteration 24
time: 0.061788s
1: Starting numprocs=8 N=3000, M=3000 impl=g-rabenseifner-subgroup-4
5: Starting numprocs=8 N=3000, M=3000 impl=g-rabenseifner-subgroup-4
4: Starting numprocs=8 N=3000, M=3000 impl=g-rabenseifner-subgroup-4
6: Starting numprocs=8 N=3000, M=3000 impl=g-rabenseifner-subgroup-4
0: Starting numprocs=8 N=3000, M=3000 impl=g-rabenseifner-subgroup-4
Iteration 0
3: Starting numprocs=8 N=3000, M=3000 impl=g-rabenseifner-subgroup-4
2: Starting numprocs=8 N=3000, M=3000 impl=g-rabenseifner-subgroup-4
7: Starting numprocs=8 N=3000, M=3000 impl=g-rabenseifner-subgroup-4
time: 0.076121s
Iteration 1
time: 0.061489s
Iteration 2
time: 0.061304s
Iteration 3
time: 0.061608s
Iteration 4
time: 0.061677s
Iteration 5
time: 0.062130s
Iteration 6
time: 0.062769s
Iteration 7
time: 0.062407s
Iteration 8
time: 0.061425s
Iteration 9
time: 0.061891s
Iteration 10
time: 0.062047s
Iteration 11
time: 0.062171s
Iteration 12
time: 0.062031s
Iteration 13
time: 0.061513s
Iteration 14
time: 0.061309s
Iteration 15
time: 0.062003s
Iteration 16
time: 0.061187s
Iteration 17
time: 0.060838s
Iteration 18
time: 0.061220s
Iteration 19
time: 0.061926s
Iteration 20
time: 0.060870s
Iteration 21
time: 0.061719s
Iteration 22
time: 0.062212s
Iteration 23
time: 0.061532s
Iteration 24
time: 0.062071s
1: Starting numprocs=8 N=3000, M=3000 impl=g-rabenseifner-subgroup-8
5: Starting numprocs=8 N=3000, M=3000 impl=g-rabenseifner-subgroup-8
0: Starting numprocs=8 N=3000, M=3000 impl=g-rabenseifner-subgroup-8
Iteration 0
4: Starting numprocs=8 N=3000, M=3000 impl=g-rabenseifner-subgroup-8
6: Starting numprocs=8 N=3000, M=3000 impl=g-rabenseifner-subgroup-8
3: Starting numprocs=8 N=3000, M=3000 impl=g-rabenseifner-subgroup-8
2: Starting numprocs=8 N=3000, M=3000 impl=g-rabenseifner-subgroup-8
7: Starting numprocs=8 N=3000, M=3000 impl=g-rabenseifner-subgroup-8
time: 0.077151s
Iteration 1
time: 0.061072s
Iteration 2
time: 0.061529s
Iteration 3
time: 0.060931s
Iteration 4
time: 0.061444s
Iteration 5
time: 0.065196s
Iteration 6
time: 0.063441s
Iteration 7
time: 0.061460s
Iteration 8
time: 0.063513s
Iteration 9
time: 0.064521s
Iteration 10
time: 0.063575s
Iteration 11
time: 0.061700s
Iteration 12
time: 0.061910s
Iteration 13
time: 0.062230s
Iteration 14
time: 0.060907s
Iteration 15
time: 0.061094s
Iteration 16
time: 0.060595s
Iteration 17
time: 0.060991s
Iteration 18
time: 0.059895s
Iteration 19
time: 0.061120s
Iteration 20
time: 0.060525s
Iteration 21
time: 0.061316s
Iteration 22
time: 0.060549s
Iteration 23
time: 0.061190s
Iteration 24
time: 0.061332s
4: Starting numprocs=8 N=4000, M=4000 impl=allgather
5: Starting numprocs=8 N=4000, M=4000 impl=allgather
1: Starting numprocs=8 N=4000, M=4000 impl=allgather
0: Starting numprocs=8 N=4000, M=4000 impl=allgather
Iteration 0
3: Starting numprocs=8 N=4000, M=4000 impl=allgather
6: Starting numprocs=8 N=4000, M=4000 impl=allgather
7: Starting numprocs=8 N=4000, M=4000 impl=allgather
2: Starting numprocs=8 N=4000, M=4000 impl=allgather
time: 0.133341s
Iteration 1
time: 0.128491s
Iteration 2
time: 0.127137s
Iteration 3
time: 0.126216s
Iteration 4
time: 0.155747s
Iteration 5
time: 0.151470s
Iteration 6
time: 0.150627s
Iteration 7
time: 0.138283s
Iteration 8
time: 0.144648s
Iteration 9
time: 0.155649s
Iteration 10
time: 0.152460s
Iteration 11
time: 0.140652s
Iteration 12
time: 0.140072s
Iteration 13
time: 0.150024s
Iteration 14
time: 0.139697s
Iteration 15
time: 0.137137s
Iteration 16
time: 0.140108s
Iteration 17
time: 0.148863s
Iteration 18
time: 0.142249s
Iteration 19
time: 0.139241s
Iteration 20
time: 0.149306s
Iteration 21
time: 0.162016s
Iteration 22
time: 0.159080s
Iteration 23
time: 0.156065s
Iteration 24
time: 0.145194s
4: Starting numprocs=8 N=4000, M=4000 impl=allreduce
5: Starting numprocs=8 N=4000, M=4000 impl=allreduce
1: Starting numprocs=8 N=4000, M=4000 impl=allreduce
0: Starting numprocs=8 N=4000, M=4000 impl=allreduce
Iteration 0
3: Starting numprocs=8 N=4000, M=4000 impl=allreduce
2: Starting numprocs=8 N=4000, M=4000 impl=allreduce
6: Starting numprocs=8 N=4000, M=4000 impl=allreduce
7: Starting numprocs=8 N=4000, M=4000 impl=allreduce
time: 0.367779s
Iteration 1
time: 0.344689s
Iteration 2
time: 0.324397s
Iteration 3
time: 0.343204s
Iteration 4
time: 0.332461s
Iteration 5
time: 0.341025s
Iteration 6
time: 0.332357s
Iteration 7
time: 0.323358s
Iteration 8
time: 0.328272s
Iteration 9
time: 0.328631s
Iteration 10
time: 0.327460s
Iteration 11
time: 0.327076s
Iteration 12
time: 0.320760s
Iteration 13
time: 0.329688s
Iteration 14
time: 0.326529s
Iteration 15
time: 0.327480s
Iteration 16
time: 0.330697s
Iteration 17
time: 0.324958s
Iteration 18
time: 0.324608s
Iteration 19
time: 0.324450s
Iteration 20
time: 0.327312s
Iteration 21
time: 0.327030s
Iteration 22
time: 0.331614s
Iteration 23
time: 0.332420s
Iteration 24
time: 0.327921s
0: Starting numprocs=8 N=4000, M=4000 impl=allreduce-ring
Iteration 0
5: Starting numprocs=8 N=4000, M=4000 impl=allreduce-ring
1: Starting numprocs=8 N=4000, M=4000 impl=allreduce-ring
4: Starting numprocs=8 N=4000, M=4000 impl=allreduce-ring
6: Starting numprocs=8 N=4000, M=4000 impl=allreduce-ring
3: Starting numprocs=8 N=4000, M=4000 impl=allreduce-ring
2: Starting numprocs=8 N=4000, M=4000 impl=allreduce-ring
7: Starting numprocs=8 N=4000, M=4000 impl=allreduce-ring
time: 0.250874s
Iteration 1
time: 0.220660s
Iteration 2
time: 0.218363s
Iteration 3
time: 0.217994s
Iteration 4
time: 0.234783s
Iteration 5
time: 0.225538s
Iteration 6
time: 0.218159s
Iteration 7
time: 0.218568s
Iteration 8
time: 0.222042s
Iteration 9
time: 0.221102s
Iteration 10
time: 0.218406s
Iteration 11
time: 0.215617s
Iteration 12
time: 0.219427s
Iteration 13
time: 0.219708s
Iteration 14
time: 0.218993s
Iteration 15
time: 0.225175s
Iteration 16
time: 0.218475s
Iteration 17
time: 0.220382s
Iteration 18
time: 0.224011s
Iteration 19
time: 0.219348s
Iteration 20
time: 0.217358s
Iteration 21
time: 0.220810s
Iteration 22
time: 0.221757s
Iteration 23
time: 0.215933s
Iteration 24
time: 0.225246s
5: Starting numprocs=8 N=4000, M=4000 impl=g-rabenseifner-allgather
1: Starting numprocs=8 N=4000, M=4000 impl=g-rabenseifner-allgather
0: Starting numprocs=8 N=4000, M=4000 impl=g-rabenseifner-allgather
Iteration 0
4: Starting numprocs=8 N=4000, M=4000 impl=g-rabenseifner-allgather
6: Starting numprocs=8 N=4000, M=4000 impl=g-rabenseifner-allgather
3: Starting numprocs=8 N=4000, M=4000 impl=g-rabenseifner-allgather
2: Starting numprocs=8 N=4000, M=4000 impl=g-rabenseifner-allgather
7: Starting numprocs=8 N=4000, M=4000 impl=g-rabenseifner-allgather
time: 0.130221s
Iteration 1
time: 0.108999s
Iteration 2
time: 0.108543s
Iteration 3
time: 0.108573s
Iteration 4
time: 0.108563s
Iteration 5
time: 0.108504s
Iteration 6
time: 0.108639s
Iteration 7
time: 0.108668s
Iteration 8
time: 0.109146s
Iteration 9
time: 0.108357s
Iteration 10
time: 0.108494s
Iteration 11
time: 0.108229s
Iteration 12
time: 0.108338s
Iteration 13
time: 0.108914s
Iteration 14
time: 0.108478s
Iteration 15
time: 0.108281s
Iteration 16
time: 0.108317s
Iteration 17
time: 0.108641s
Iteration 18
time: 0.108478s
Iteration 19
time: 0.108252s
Iteration 20
time: 0.108785s
Iteration 21
time: 0.109453s
Iteration 22
time: 0.108729s
Iteration 23
time: 0.108763s
Iteration 24
time: 0.109268s
5: Starting numprocs=8 N=4000, M=4000 impl=g-rabenseifner-subgroup-2
1: Starting numprocs=8 N=4000, M=4000 impl=g-rabenseifner-subgroup-2
0: Starting numprocs=8 N=4000, M=4000 impl=g-rabenseifner-subgroup-2
Iteration 0
4: Starting numprocs=8 N=4000, M=4000 impl=g-rabenseifner-subgroup-2
3: Starting numprocs=8 N=4000, M=4000 impl=g-rabenseifner-subgroup-2
2: Starting numprocs=8 N=4000, M=4000 impl=g-rabenseifner-subgroup-2
6: Starting numprocs=8 N=4000, M=4000 impl=g-rabenseifner-subgroup-2
7: Starting numprocs=8 N=4000, M=4000 impl=g-rabenseifner-subgroup-2
time: 0.141320s
Iteration 1
time: 0.109898s
Iteration 2
time: 0.112076s
Iteration 3
time: 0.109017s
Iteration 4
time: 0.108734s
Iteration 5
time: 0.109979s
Iteration 6
time: 0.109240s
Iteration 7
time: 0.109404s
Iteration 8
time: 0.109465s
Iteration 9
time: 0.108732s
Iteration 10
time: 0.108633s
Iteration 11
time: 0.109531s
Iteration 12
time: 0.109569s
Iteration 13
time: 0.109426s
Iteration 14
time: 0.109910s
Iteration 15
time: 0.108873s
Iteration 16
time: 0.109038s
Iteration 17
time: 0.109762s
Iteration 18
time: 0.109442s
Iteration 19
time: 0.108891s
Iteration 20
time: 0.112068s
Iteration 21
time: 0.109175s
Iteration 22
time: 0.109445s
Iteration 23
time: 0.108817s
Iteration 24
time: 0.108699s
5: Starting numprocs=8 N=4000, M=4000 impl=g-rabenseifner-subgroup-4
4: Starting numprocs=8 N=4000, M=4000 impl=g-rabenseifner-subgroup-4
3: Starting numprocs=8 N=4000, M=4000 impl=g-rabenseifner-subgroup-4
1: Starting numprocs=8 N=4000, M=4000 impl=g-rabenseifner-subgroup-4
6: Starting numprocs=8 N=4000, M=4000 impl=g-rabenseifner-subgroup-4
0: Starting numprocs=8 N=4000, M=4000 impl=g-rabenseifner-subgroup-4
Iteration 0
2: Starting numprocs=8 N=4000, M=4000 impl=g-rabenseifner-subgroup-4
7: Starting numprocs=8 N=4000, M=4000 impl=g-rabenseifner-subgroup-4
time: 0.130464s
Iteration 1
time: 0.111344s
Iteration 2
time: 0.109870s
Iteration 3
time: 0.109608s
Iteration 4
time: 0.109439s
Iteration 5
time: 0.108301s
Iteration 6
time: 0.110340s
Iteration 7
time: 0.110056s
Iteration 8
time: 0.110598s
Iteration 9
time: 0.110137s
Iteration 10
time: 0.110190s
Iteration 11
time: 0.109751s
Iteration 12
time: 0.110686s
Iteration 13
time: 0.110481s
Iteration 14
time: 0.112455s
Iteration 15
time: 0.111647s
Iteration 16
time: 0.110267s
Iteration 17
time: 0.109289s
Iteration 18
time: 0.110356s
Iteration 19
time: 0.110429s
Iteration 20
time: 0.109794s
Iteration 21
time: 0.112365s
Iteration 22
time: 0.110649s
Iteration 23
time: 0.110016s
Iteration 24
time: 0.110276s
4: Starting numprocs=8 N=4000, M=4000 impl=g-rabenseifner-subgroup-8
5: Starting numprocs=8 N=4000, M=4000 impl=g-rabenseifner-subgroup-8
0: Starting numprocs=8 N=4000, M=4000 impl=g-rabenseifner-subgroup-8
Iteration 0
3: Starting numprocs=8 N=4000, M=4000 impl=g-rabenseifner-subgroup-8
1: Starting numprocs=8 N=4000, M=4000 impl=g-rabenseifner-subgroup-8
2: Starting numprocs=8 N=4000, M=4000 impl=g-rabenseifner-subgroup-8
6: Starting numprocs=8 N=4000, M=4000 impl=g-rabenseifner-subgroup-8
7: Starting numprocs=8 N=4000, M=4000 impl=g-rabenseifner-subgroup-8
time: 0.119076s
Iteration 1
time: 0.112115s
Iteration 2
time: 0.115347s
Iteration 3
time: 0.111534s
Iteration 4
time: 0.110620s
Iteration 5
time: 0.112832s
Iteration 6
time: 0.113081s
Iteration 7
time: 0.114247s
Iteration 8
time: 0.113491s
Iteration 9
time: 0.110540s
Iteration 10
time: 0.112173s
Iteration 11
time: 0.113258s
Iteration 12
time: 0.112906s
Iteration 13
time: 0.110773s
Iteration 14
time: 0.110157s
Iteration 15
time: 0.112694s
Iteration 16
time: 0.110987s
Iteration 17
time: 0.112149s
Iteration 18
time: 0.109887s
Iteration 19
time: 0.110843s
Iteration 20
time: 0.112714s
Iteration 21
time: 0.111447s
Iteration 22
time: 0.111798s
Iteration 23
time: 0.110194s
Iteration 24
time: 0.109988s
1: Starting numprocs=8 N=5000, M=5000 impl=allgather
4: Starting numprocs=8 N=5000, M=5000 impl=allgather
5: Starting numprocs=8 N=5000, M=5000 impl=allgather
6: Starting numprocs=8 N=5000, M=5000 impl=allgather
0: Starting numprocs=8 N=5000, M=5000 impl=allgather
Iteration 0
3: Starting numprocs=8 N=5000, M=5000 impl=allgather
7: Starting numprocs=8 N=5000, M=5000 impl=allgather
2: Starting numprocs=8 N=5000, M=5000 impl=allgather
time: 0.235346s
Iteration 1
time: 0.219526s
Iteration 2
time: 0.222276s
Iteration 3
time: 0.221538s
Iteration 4
time: 0.234640s
Iteration 5
time: 0.229526s
Iteration 6
time: 0.220330s
Iteration 7
time: 0.222077s
Iteration 8
time: 0.229219s
Iteration 9
time: 0.222881s
Iteration 10
time: 0.219513s
Iteration 11
time: 0.229609s
Iteration 12
time: 0.223356s
Iteration 13
time: 0.214710s
Iteration 14
time: 0.233402s
Iteration 15
time: 0.221454s
Iteration 16
time: 0.221239s
Iteration 17
time: 0.226366s
Iteration 18
time: 0.223299s
Iteration 19
time: 0.221605s
Iteration 20
time: 0.225237s
Iteration 21
time: 0.223119s
Iteration 22
time: 0.226355s
Iteration 23
time: 0.220328s
Iteration 24
time: 0.221797s
5: Starting numprocs=8 N=5000, M=5000 impl=allreduce
0: Starting numprocs=8 N=5000, M=5000 impl=allreduce
Iteration 0
1: Starting numprocs=8 N=5000, M=5000 impl=allreduce
4: Starting numprocs=8 N=5000, M=5000 impl=allreduce
3: Starting numprocs=8 N=5000, M=5000 impl=allreduce
6: Starting numprocs=8 N=5000, M=5000 impl=allreduce
2: Starting numprocs=8 N=5000, M=5000 impl=allreduce
7: Starting numprocs=8 N=5000, M=5000 impl=allreduce
time: 0.566771s
Iteration 1
time: 0.525568s
Iteration 2
time: 0.506189s
Iteration 3
time: 0.497942s
Iteration 4
time: 0.516997s
Iteration 5
time: 0.519930s
Iteration 6
time: 0.507923s
Iteration 7
time: 0.503792s
Iteration 8
time: 0.504742s
Iteration 9
time: 0.507930s
Iteration 10
time: 0.501362s
Iteration 11
time: 0.511891s
Iteration 12
time: 0.511902s
Iteration 13
time: 0.513842s
Iteration 14
time: 0.507486s
Iteration 15
time: 0.517288s
Iteration 16
time: 0.519229s
Iteration 17
time: 0.509037s
Iteration 18
time: 0.505785s
Iteration 19
time: 0.521262s
Iteration 20
time: 0.502485s
Iteration 21
time: 0.508208s
Iteration 22
time: 0.502263s
Iteration 23
time: 0.513844s
Iteration 24
time: 0.503851s
1: Starting numprocs=8 N=5000, M=5000 impl=allreduce-ring
5: Starting numprocs=8 N=5000, M=5000 impl=allreduce-ring
0: Starting numprocs=8 N=5000, M=5000 impl=allreduce-ring
Iteration 0
3: Starting numprocs=8 N=5000, M=5000 impl=allreduce-ring
4: Starting numprocs=8 N=5000, M=5000 impl=allreduce-ring
6: Starting numprocs=8 N=5000, M=5000 impl=allreduce-ring
2: Starting numprocs=8 N=5000, M=5000 impl=allreduce-ring
7: Starting numprocs=8 N=5000, M=5000 impl=allreduce-ring
time: 0.383950s
Iteration 1
time: 0.342954s
Iteration 2
time: 0.350351s
Iteration 3
time: 0.354841s
Iteration 4
time: 0.352314s
Iteration 5
time: 0.343994s
Iteration 6
time: 0.346091s
Iteration 7
time: 0.344375s
Iteration 8
time: 0.340934s
Iteration 9
time: 0.348024s
Iteration 10
time: 0.340145s
Iteration 11
time: 0.352767s
Iteration 12
time: 0.351590s
Iteration 13
time: 0.342078s
Iteration 14
time: 0.340727s
Iteration 15
time: 0.341700s
Iteration 16
time: 0.351883s
Iteration 17
time: 0.343302s
Iteration 18
time: 0.350313s
Iteration 19
time: 0.347508s
Iteration 20
time: 0.345946s
Iteration 21
time: 0.344061s
Iteration 22
time: 0.342932s
Iteration 23
time: 0.344562s
Iteration 24
time: 0.347838s
1: Starting numprocs=8 N=5000, M=5000 impl=g-rabenseifner-allgather
0: Starting numprocs=8 N=5000, M=5000 impl=g-rabenseifner-allgather
Iteration 0
5: Starting numprocs=8 N=5000, M=5000 impl=g-rabenseifner-allgather
4: Starting numprocs=8 N=5000, M=5000 impl=g-rabenseifner-allgather
3: Starting numprocs=8 N=5000, M=5000 impl=g-rabenseifner-allgather
6: Starting numprocs=8 N=5000, M=5000 impl=g-rabenseifner-allgather
2: Starting numprocs=8 N=5000, M=5000 impl=g-rabenseifner-allgather
7: Starting numprocs=8 N=5000, M=5000 impl=g-rabenseifner-allgather
time: 0.198535s
Iteration 1
time: 0.169803s
Iteration 2
time: 0.168949s
Iteration 3
time: 0.169364s
Iteration 4
time: 0.169438s
Iteration 5
time: 0.169410s
Iteration 6
time: 0.170508s
Iteration 7
time: 0.170710s
Iteration 8
time: 0.169593s
Iteration 9
time: 0.170131s
Iteration 10
time: 0.169444s
Iteration 11
time: 0.170951s
Iteration 12
time: 0.169036s
Iteration 13
time: 0.169507s
Iteration 14
time: 0.169363s
Iteration 15
time: 0.169107s
Iteration 16
time: 0.169246s
Iteration 17
time: 0.170465s
Iteration 18
time: 0.170071s
Iteration 19
time: 0.170402s
Iteration 20
time: 0.170280s
Iteration 21
time: 0.170648s
Iteration 22
time: 0.169224s
Iteration 23
time: 0.170163s
Iteration 24
time: 0.170726s
1: Starting numprocs=8 N=5000, M=5000 impl=g-rabenseifner-subgroup-2
0: Starting numprocs=8 N=5000, M=5000 impl=g-rabenseifner-subgroup-2
Iteration 0
6: Starting numprocs=8 N=5000, M=5000 impl=g-rabenseifner-subgroup-2
5: Starting numprocs=8 N=5000, M=5000 impl=g-rabenseifner-subgroup-2
4: Starting numprocs=8 N=5000, M=5000 impl=g-rabenseifner-subgroup-2
3: Starting numprocs=8 N=5000, M=5000 impl=g-rabenseifner-subgroup-2
2: Starting numprocs=8 N=5000, M=5000 impl=g-rabenseifner-subgroup-2
7: Starting numprocs=8 N=5000, M=5000 impl=g-rabenseifner-subgroup-2
time: 0.213996s
Iteration 1
time: 0.170554s
Iteration 2
time: 0.170940s
Iteration 3
time: 0.170675s
Iteration 4
time: 0.168903s
Iteration 5
time: 0.170396s
Iteration 6
time: 0.170646s
Iteration 7
time: 0.170026s
Iteration 8
time: 0.170494s
Iteration 9
time: 0.174049s
Iteration 10
time: 0.169899s
Iteration 11
time: 0.174158s
Iteration 12
time: 0.173495s
Iteration 13
time: 0.170649s
Iteration 14
time: 0.170325s
Iteration 15
time: 0.170164s
Iteration 16
time: 0.169971s
Iteration 17
time: 0.171255s
Iteration 18
time: 0.171532s
Iteration 19
time: 0.170650s
Iteration 20
time: 0.170219s
Iteration 21
time: 0.174022s
Iteration 22
time: 0.171008s
Iteration 23
time: 0.170233s
Iteration 24
time: 0.170963s
5: Starting numprocs=8 N=5000, M=5000 impl=g-rabenseifner-subgroup-4
6: Starting numprocs=8 N=5000, M=5000 impl=g-rabenseifner-subgroup-4
1: Starting numprocs=8 N=5000, M=5000 impl=g-rabenseifner-subgroup-4
4: Starting numprocs=8 N=5000, M=5000 impl=g-rabenseifner-subgroup-4
0: Starting numprocs=8 N=5000, M=5000 impl=g-rabenseifner-subgroup-4
Iteration 0
3: Starting numprocs=8 N=5000, M=5000 impl=g-rabenseifner-subgroup-4
2: Starting numprocs=8 N=5000, M=5000 impl=g-rabenseifner-subgroup-4
7: Starting numprocs=8 N=5000, M=5000 impl=g-rabenseifner-subgroup-4
time: 0.193001s
Iteration 1
time: 0.172216s
Iteration 2
time: 0.170784s
Iteration 3
time: 0.171685s
Iteration 4
time: 0.172340s
Iteration 5
time: 0.171857s
Iteration 6
time: 0.170698s
Iteration 7
time: 0.171903s
Iteration 8
time: 0.170567s
Iteration 9
time: 0.169879s
Iteration 10
time: 0.171081s
Iteration 11
time: 0.170610s
Iteration 12
time: 0.170557s
Iteration 13
time: 0.171079s
Iteration 14
time: 0.172322s
Iteration 15
time: 0.171770s
Iteration 16
time: 0.171825s
Iteration 17
time: 0.170374s
Iteration 18
time: 0.170530s
Iteration 19
time: 0.171497s
Iteration 20
time: 0.171171s
Iteration 21
time: 0.170176s
Iteration 22
time: 0.170472s
Iteration 23
time: 0.172233s
Iteration 24
time: 0.171654s
0: Starting numprocs=8 N=5000, M=5000 impl=g-rabenseifner-subgroup-8
Iteration 0
5: Starting numprocs=8 N=5000, M=5000 impl=g-rabenseifner-subgroup-8
4: Starting numprocs=8 N=5000, M=5000 impl=g-rabenseifner-subgroup-8
1: Starting numprocs=8 N=5000, M=5000 impl=g-rabenseifner-subgroup-8
3: Starting numprocs=8 N=5000, M=5000 impl=g-rabenseifner-subgroup-8
2: Starting numprocs=8 N=5000, M=5000 impl=g-rabenseifner-subgroup-8
6: Starting numprocs=8 N=5000, M=5000 impl=g-rabenseifner-subgroup-8
7: Starting numprocs=8 N=5000, M=5000 impl=g-rabenseifner-subgroup-8
time: 0.180854s
Iteration 1
time: 0.173959s
Iteration 2
time: 0.173356s
Iteration 3
time: 0.174992s
Iteration 4
time: 0.175440s
Iteration 5
time: 0.174115s
Iteration 6
time: 0.174076s
Iteration 7
time: 0.176887s
Iteration 8
time: 0.177802s
Iteration 9
time: 0.174578s
Iteration 10
time: 0.175418s
Iteration 11
time: 0.180319s
Iteration 12
time: 0.177495s
Iteration 13
time: 0.177261s
Iteration 14
time: 0.177527s
Iteration 15
time: 0.178460s
Iteration 16
time: 0.178896s
Iteration 17
time: 0.178395s
Iteration 18
time: 0.174897s
Iteration 19
time: 0.174963s
Iteration 20
time: 0.178284s
Iteration 21
time: 0.179291s
Iteration 22
time: 0.177873s
Iteration 23
time: 0.175221s
Iteration 24
time: 0.176959s
5: Starting numprocs=8 N=6000, M=6000 impl=allgather
1: Starting numprocs=8 N=6000, M=6000 impl=allgather
0: Starting numprocs=8 N=6000, M=6000 impl=allgather
Iteration 0
4: Starting numprocs=8 N=6000, M=6000 impl=allgather
3: Starting numprocs=8 N=6000, M=6000 impl=allgather
2: Starting numprocs=8 N=6000, M=6000 impl=allgather
6: Starting numprocs=8 N=6000, M=6000 impl=allgather
7: Starting numprocs=8 N=6000, M=6000 impl=allgather
time: 0.341415s
Iteration 1
time: 0.324180s
Iteration 2
time: 0.318642s
Iteration 3
time: 0.319860s
Iteration 4
time: 0.319948s
Iteration 5
time: 0.343874s
Iteration 6
time: 0.319332s
Iteration 7
time: 0.325062s
Iteration 8
time: 0.320633s
Iteration 9
time: 0.319155s
Iteration 10
time: 0.344080s
Iteration 11
time: 0.318773s
Iteration 12
time: 0.319787s
Iteration 13
time: 0.319854s
Iteration 14
time: 0.329611s
Iteration 15
time: 0.319539s
Iteration 16
time: 0.317348s
Iteration 17
time: 0.321249s
Iteration 18
time: 0.322087s
Iteration 19
time: 0.324310s
Iteration 20
time: 0.319222s
Iteration 21
time: 0.326979s
Iteration 22
time: 0.324869s
Iteration 23
time: 0.329655s
Iteration 24
time: 0.327838s
5: Starting numprocs=8 N=6000, M=6000 impl=allreduce
1: Starting numprocs=8 N=6000, M=6000 impl=allreduce
0: Starting numprocs=8 N=6000, M=6000 impl=allreduce
Iteration 0
4: Starting numprocs=8 N=6000, M=6000 impl=allreduce
2: Starting numprocs=8 N=6000, M=6000 impl=allreduce
6: Starting numprocs=8 N=6000, M=6000 impl=allreduce
3: Starting numprocs=8 N=6000, M=6000 impl=allreduce
7: Starting numprocs=8 N=6000, M=6000 impl=allreduce
time: 0.831971s
Iteration 1
time: 0.740849s
Iteration 2
time: 0.719604s
Iteration 3
time: 0.755586s
Iteration 4
time: 0.743567s
Iteration 5
time: 0.733096s
Iteration 6
time: 0.737089s
Iteration 7
time: 0.745300s
Iteration 8
time: 0.744013s
Iteration 9
time: 0.736331s
Iteration 10
time: 0.733259s
Iteration 11
time: 0.737613s
Iteration 12
time: 0.733925s
Iteration 13
time: 0.732903s
Iteration 14
time: 0.731710s
Iteration 15
time: 0.728597s
Iteration 16
time: 0.731550s
Iteration 17
time: 0.745193s
Iteration 18
time: 0.746530s
Iteration 19
time: 0.748245s
Iteration 20
time: 0.743682s
Iteration 21
time: 0.732062s
Iteration 22
time: 0.726694s
Iteration 23
time: 0.732497s
Iteration 24
time: 0.732370s
5: Starting numprocs=8 N=6000, M=6000 impl=allreduce-ring
4: Starting numprocs=8 N=6000, M=6000 impl=allreduce-ring
1: Starting numprocs=8 N=6000, M=6000 impl=allreduce-ring
0: Starting numprocs=8 N=6000, M=6000 impl=allreduce-ring
Iteration 0
3: Starting numprocs=8 N=6000, M=6000 impl=allreduce-ring
6: Starting numprocs=8 N=6000, M=6000 impl=allreduce-ring
2: Starting numprocs=8 N=6000, M=6000 impl=allreduce-ring
7: Starting numprocs=8 N=6000, M=6000 impl=allreduce-ring
time: 0.691149s
Iteration 1
time: 0.574362s
Iteration 2
time: 0.589245s
Iteration 3
time: 0.574988s
Iteration 4
time: 0.571616s
Iteration 5
time: 0.566512s
Iteration 6
time: 0.584396s
Iteration 7
time: 0.579567s
Iteration 8
time: 0.604166s
Iteration 9
time: 0.581875s
Iteration 10
time: 0.582652s
Iteration 11
time: 0.574422s
Iteration 12
time: 0.584187s
Iteration 13
time: 0.579392s
Iteration 14
time: 0.574541s
Iteration 15
time: 0.583297s
Iteration 16
time: 0.589927s
Iteration 17
time: 0.583554s
Iteration 18
time: 0.586209s
Iteration 19
time: 0.581533s
Iteration 20
time: 0.580516s
Iteration 21
time: 0.569605s
Iteration 22
time: 0.606529s
Iteration 23
time: 0.581960s
Iteration 24
time: 0.581345s
5: Starting numprocs=8 N=6000, M=6000 impl=g-rabenseifner-allgather
0: Starting numprocs=8 N=6000, M=6000 impl=g-rabenseifner-allgather
Iteration 0
1: Starting numprocs=8 N=6000, M=6000 impl=g-rabenseifner-allgather
4: Starting numprocs=8 N=6000, M=6000 impl=g-rabenseifner-allgather
6: Starting numprocs=8 N=6000, M=6000 impl=g-rabenseifner-allgather
3: Starting numprocs=8 N=6000, M=6000 impl=g-rabenseifner-allgather
2: Starting numprocs=8 N=6000, M=6000 impl=g-rabenseifner-allgather
7: Starting numprocs=8 N=6000, M=6000 impl=g-rabenseifner-allgather
time: 0.284753s
Iteration 1
time: 0.245309s
Iteration 2
time: 0.243992s
Iteration 3
time: 0.243493s
Iteration 4
time: 0.243849s
Iteration 5
time: 0.244204s
Iteration 6
time: 0.244320s
Iteration 7
time: 0.243366s
Iteration 8
time: 0.243875s
Iteration 9
time: 0.246056s
Iteration 10
time: 0.243794s
Iteration 11
time: 0.243909s
Iteration 12
time: 0.245846s
Iteration 13
time: 0.245607s
Iteration 14
time: 0.243557s
Iteration 15
time: 0.250519s
Iteration 16
time: 0.243426s
Iteration 17
time: 0.243136s
Iteration 18
time: 0.243325s
Iteration 19
time: 0.244065s
Iteration 20
time: 0.246848s
Iteration 21
time: 0.244257s
Iteration 22
time: 0.243367s
Iteration 23
time: 0.246165s
Iteration 24
time: 0.247478s
5: Starting numprocs=8 N=6000, M=6000 impl=g-rabenseifner-subgroup-2
1: Starting numprocs=8 N=6000, M=6000 impl=g-rabenseifner-subgroup-2
0: Starting numprocs=8 N=6000, M=6000 impl=g-rabenseifner-subgroup-2
Iteration 0
4: Starting numprocs=8 N=6000, M=6000 impl=g-rabenseifner-subgroup-2
6: Starting numprocs=8 N=6000, M=6000 impl=g-rabenseifner-subgroup-2
3: Starting numprocs=8 N=6000, M=6000 impl=g-rabenseifner-subgroup-2
2: Starting numprocs=8 N=6000, M=6000 impl=g-rabenseifner-subgroup-2
7: Starting numprocs=8 N=6000, M=6000 impl=g-rabenseifner-subgroup-2
time: 0.298905s
Iteration 1
time: 0.245380s
Iteration 2
time: 0.244738s
Iteration 3
time: 0.245894s
Iteration 4
time: 0.244688s
Iteration 5
time: 0.245231s
Iteration 6
time: 0.249227s
Iteration 7
time: 0.249024s
Iteration 8
time: 0.245826s
Iteration 9
time: 0.248471s
Iteration 10
time: 0.245584s
Iteration 11
time: 0.244914s
Iteration 12
time: 0.247265s
Iteration 13
time: 0.250948s
Iteration 14
time: 0.248324s
Iteration 15
time: 0.248921s
Iteration 16
time: 0.245203s
Iteration 17
time: 0.248405s
Iteration 18
time: 0.248018s
Iteration 19
time: 0.251399s
Iteration 20
time: 0.249577s
Iteration 21
time: 0.247062s
Iteration 22
time: 0.246219s
Iteration 23
time: 0.258838s
Iteration 24
time: 0.260785s
5: Starting numprocs=8 N=6000, M=6000 impl=g-rabenseifner-subgroup-4
2: Starting numprocs=8 N=6000, M=6000 impl=g-rabenseifner-subgroup-4
1: Starting numprocs=8 N=6000, M=6000 impl=g-rabenseifner-subgroup-4
0: Starting numprocs=8 N=6000, M=6000 impl=g-rabenseifner-subgroup-4
Iteration 0
4: Starting numprocs=8 N=6000, M=6000 impl=g-rabenseifner-subgroup-4
6: Starting numprocs=8 N=6000, M=6000 impl=g-rabenseifner-subgroup-4
3: Starting numprocs=8 N=6000, M=6000 impl=g-rabenseifner-subgroup-4
7: Starting numprocs=8 N=6000, M=6000 impl=g-rabenseifner-subgroup-4
time: 0.273008s
Iteration 1
time: 0.245987s
Iteration 2
time: 0.245912s
Iteration 3
time: 0.247682s
Iteration 4
time: 0.245498s
Iteration 5
time: 0.247590s
Iteration 6
time: 0.246772s
Iteration 7
time: 0.246300s
Iteration 8
time: 0.245496s
Iteration 9
time: 0.245961s
Iteration 10
time: 0.246064s
Iteration 11
time: 0.245570s
Iteration 12
time: 0.245487s
Iteration 13
time: 0.245452s
Iteration 14
time: 0.246585s
Iteration 15
time: 0.246206s
Iteration 16
time: 0.246769s
Iteration 17
time: 0.245751s
Iteration 18
time: 0.245585s
Iteration 19
time: 0.245511s
Iteration 20
time: 0.247595s
Iteration 21
time: 0.245703s
Iteration 22
time: 0.248254s
Iteration 23
time: 0.249153s
Iteration 24
time: 0.245755s
0: Starting numprocs=8 N=6000, M=6000 impl=g-rabenseifner-subgroup-8
Iteration 0
5: Starting numprocs=8 N=6000, M=6000 impl=g-rabenseifner-subgroup-8
1: Starting numprocs=8 N=6000, M=6000 impl=g-rabenseifner-subgroup-8
4: Starting numprocs=8 N=6000, M=6000 impl=g-rabenseifner-subgroup-8
3: Starting numprocs=8 N=6000, M=6000 impl=g-rabenseifner-subgroup-8
6: Starting numprocs=8 N=6000, M=6000 impl=g-rabenseifner-subgroup-8
2: Starting numprocs=8 N=6000, M=6000 impl=g-rabenseifner-subgroup-8
7: Starting numprocs=8 N=6000, M=6000 impl=g-rabenseifner-subgroup-8
time: 0.258605s
Iteration 1
time: 0.249069s
Iteration 2
time: 0.248602s
Iteration 3
time: 0.253335s
Iteration 4
time: 0.254077s
Iteration 5
time: 0.253940s
Iteration 6
time: 0.249118s
Iteration 7
time: 0.252321s
Iteration 8
time: 0.252134s
Iteration 9
time: 0.254738s
Iteration 10
time: 0.252601s
Iteration 11
time: 0.253053s
Iteration 12
time: 0.253442s
Iteration 13
time: 0.254817s
Iteration 14
time: 0.253857s
Iteration 15
time: 0.253487s
Iteration 16
time: 0.253292s
Iteration 17
time: 0.252247s
Iteration 18
time: 0.252371s
Iteration 19
time: 0.256510s
Iteration 20
time: 0.253693s
Iteration 21
time: 0.254931s
Iteration 22
time: 0.253599s
Iteration 23
time: 0.252462s
Iteration 24
time: 0.254517s
5: Starting numprocs=8 N=7000, M=7000 impl=allgather
0: Starting numprocs=8 N=7000, M=7000 impl=allgather
Iteration 0
4: Starting numprocs=8 N=7000, M=7000 impl=allgather
1: Starting numprocs=8 N=7000, M=7000 impl=allgather
3: Starting numprocs=8 N=7000, M=7000 impl=allgather
2: Starting numprocs=8 N=7000, M=7000 impl=allgather
6: Starting numprocs=8 N=7000, M=7000 impl=allgather
7: Starting numprocs=8 N=7000, M=7000 impl=allgather
time: 0.445167s
Iteration 1
time: 0.438196s
Iteration 2
time: 0.459351s
Iteration 3
time: 0.460312s
Iteration 4
time: 0.439861s
Iteration 5
time: 0.436844s
Iteration 6
time: 0.433563s
Iteration 7
time: 0.439517s
Iteration 8
time: 0.437923s
Iteration 9
time: 0.436560s
Iteration 10
time: 0.437081s
Iteration 11
time: 0.438595s
Iteration 12
time: 0.438478s
Iteration 13
time: 0.440345s
Iteration 14
time: 0.438420s
Iteration 15
time: 0.436836s
Iteration 16
time: 0.438815s
Iteration 17
time: 0.440126s
Iteration 18
time: 0.441245s
Iteration 19
time: 0.439041s
Iteration 20
time: 0.436857s
Iteration 21
time: 0.438477s
Iteration 22
time: 0.435854s
Iteration 23
time: 0.444550s
Iteration 24
time: 0.432865s
0: Starting numprocs=8 N=7000, M=7000 impl=allreduce
Iteration 0
5: Starting numprocs=8 N=7000, M=7000 impl=allreduce
1: Starting numprocs=8 N=7000, M=7000 impl=allreduce
4: Starting numprocs=8 N=7000, M=7000 impl=allreduce
6: Starting numprocs=8 N=7000, M=7000 impl=allreduce
3: Starting numprocs=8 N=7000, M=7000 impl=allreduce
2: Starting numprocs=8 N=7000, M=7000 impl=allreduce
7: Starting numprocs=8 N=7000, M=7000 impl=allreduce
time: 1.106412s
Iteration 1
time: 1.024321s
Iteration 2
time: 0.984040s
Iteration 3
time: 1.010747s
Iteration 4
time: 1.008778s
Iteration 5
time: 0.986856s
Iteration 6
time: 1.013564s
Iteration 7
time: 0.987062s
Iteration 8
time: 0.995507s
Iteration 9
time: 0.983694s
Iteration 10
time: 1.033056s
Iteration 11
time: 0.980092s
Iteration 12
time: 0.995693s
Iteration 13
time: 0.992654s
Iteration 14
time: 1.006930s
Iteration 15
time: 0.993811s
Iteration 16
time: 1.024076s
Iteration 17
time: 0.999352s
Iteration 18
time: 0.993490s
Iteration 19
time: 1.002026s
Iteration 20
time: 0.986677s
Iteration 21
time: 0.987448s
Iteration 22
time: 0.996098s
Iteration 23
time: 0.988527s
Iteration 24
time: 1.032483s
5: Starting numprocs=8 N=7000, M=7000 impl=allreduce-ring
4: Starting numprocs=8 N=7000, M=7000 impl=allreduce-ring
0: Starting numprocs=8 N=7000, M=7000 impl=allreduce-ring
Iteration 0
1: Starting numprocs=8 N=7000, M=7000 impl=allreduce-ring
3: Starting numprocs=8 N=7000, M=7000 impl=allreduce-ring
2: Starting numprocs=8 N=7000, M=7000 impl=allreduce-ring
6: Starting numprocs=8 N=7000, M=7000 impl=allreduce-ring
7: Starting numprocs=8 N=7000, M=7000 impl=allreduce-ring
time: 0.917604s
Iteration 1
time: 0.784379s
Iteration 2
time: 0.798748s
Iteration 3
time: 0.793045s
Iteration 4
time: 0.797991s
Iteration 5
time: 0.788915s
Iteration 6
time: 0.795592s
Iteration 7
time: 0.800401s
Iteration 8
time: 0.811014s
Iteration 9
time: 0.786909s
Iteration 10
time: 0.807889s
Iteration 11
time: 0.795674s
Iteration 12
time: 0.803443s
Iteration 13
time: 0.773410s
Iteration 14
time: 0.791392s
Iteration 15
time: 0.791670s
Iteration 16
time: 0.790580s
Iteration 17
time: 0.784641s
Iteration 18
time: 0.814461s
Iteration 19
time: 0.778572s
Iteration 20
time: 0.807599s
Iteration 21
time: 0.794881s
Iteration 22
time: 0.802656s
Iteration 23
time: 0.795416s
Iteration 24
time: 0.799588s
4: Starting numprocs=8 N=7000, M=7000 impl=g-rabenseifner-allgather
1: Starting numprocs=8 N=7000, M=7000 impl=g-rabenseifner-allgather
5: Starting numprocs=8 N=7000, M=7000 impl=g-rabenseifner-allgather
6: Starting numprocs=8 N=7000, M=7000 impl=g-rabenseifner-allgather
0: Starting numprocs=8 N=7000, M=7000 impl=g-rabenseifner-allgather
Iteration 0
3: Starting numprocs=8 N=7000, M=7000 impl=g-rabenseifner-allgather
2: Starting numprocs=8 N=7000, M=7000 impl=g-rabenseifner-allgather
7: Starting numprocs=8 N=7000, M=7000 impl=g-rabenseifner-allgather
time: 0.380415s
Iteration 1
time: 0.337391s
Iteration 2
time: 0.337237s
Iteration 3
time: 0.335593s
Iteration 4
time: 0.332521s
Iteration 5
time: 0.331704s
Iteration 6
time: 0.332731s
Iteration 7
time: 0.333063s
Iteration 8
time: 0.332281s
Iteration 9
time: 0.332291s
Iteration 10
time: 0.335548s
Iteration 11
time: 0.332691s
Iteration 12
time: 0.332474s
Iteration 13
time: 0.335966s
Iteration 14
time: 0.333590s
Iteration 15
time: 0.331786s
Iteration 16
time: 0.338930s
Iteration 17
time: 0.332568s
Iteration 18
time: 0.336889s
Iteration 19
time: 0.334252s
Iteration 20
time: 0.331750s
Iteration 21
time: 0.332157s
Iteration 22
time: 0.331204s
Iteration 23
time: 0.333775s
Iteration 24
time: 0.332759s
5: Starting numprocs=8 N=7000, M=7000 impl=g-rabenseifner-subgroup-2
4: Starting numprocs=8 N=7000, M=7000 impl=g-rabenseifner-subgroup-2
0: Starting numprocs=8 N=7000, M=7000 impl=g-rabenseifner-subgroup-2
Iteration 0
3: Starting numprocs=8 N=7000, M=7000 impl=g-rabenseifner-subgroup-2
1: Starting numprocs=8 N=7000, M=7000 impl=g-rabenseifner-subgroup-2
6: Starting numprocs=8 N=7000, M=7000 impl=g-rabenseifner-subgroup-2
2: Starting numprocs=8 N=7000, M=7000 impl=g-rabenseifner-subgroup-2
7: Starting numprocs=8 N=7000, M=7000 impl=g-rabenseifner-subgroup-2
time: 0.399931s
Iteration 1
time: 0.337511s
Iteration 2
time: 0.334441s
Iteration 3
time: 0.347331s
Iteration 4
time: 0.335804s
Iteration 5
time: 0.337787s
Iteration 6
time: 0.346293s
Iteration 7
time: 0.335564s
Iteration 8
time: 0.335971s
Iteration 9
time: 0.339920s
Iteration 10
time: 0.336590s
Iteration 11
time: 0.334710s
Iteration 12
time: 0.339609s
Iteration 13
time: 0.336123s
Iteration 14
time: 0.336939s
Iteration 15
time: 0.339137s
Iteration 16
time: 0.335650s
Iteration 17
time: 0.334952s
Iteration 18
time: 0.335576s
Iteration 19
time: 0.336392s
Iteration 20
time: 0.335013s
Iteration 21
time: 0.337041s
Iteration 22
time: 0.335511s
Iteration 23
time: 0.338593s
Iteration 24
time: 0.348275s
5: Starting numprocs=8 N=7000, M=7000 impl=g-rabenseifner-subgroup-4
0: Starting numprocs=8 N=7000, M=7000 impl=g-rabenseifner-subgroup-4
Iteration 0
1: Starting numprocs=8 N=7000, M=7000 impl=g-rabenseifner-subgroup-4
6: Starting numprocs=8 N=7000, M=7000 impl=g-rabenseifner-subgroup-4
2: Starting numprocs=8 N=7000, M=7000 impl=g-rabenseifner-subgroup-4
4: Starting numprocs=8 N=7000, M=7000 impl=g-rabenseifner-subgroup-4
3: Starting numprocs=8 N=7000, M=7000 impl=g-rabenseifner-subgroup-4
7: Starting numprocs=8 N=7000, M=7000 impl=g-rabenseifner-subgroup-4
time: 0.371086s
Iteration 1
time: 0.341803s
Iteration 2
time: 0.338237s
Iteration 3
time: 0.345908s
Iteration 4
time: 0.341233s
Iteration 5
time: 0.348856s
Iteration 6
time: 0.346128s
Iteration 7
time: 0.335858s
Iteration 8
time: 0.338124s
Iteration 9
time: 0.336742s
Iteration 10
time: 0.341419s
Iteration 11
time: 0.343533s
Iteration 12
time: 0.343394s
Iteration 13
time: 0.340729s
Iteration 14
time: 0.338366s
Iteration 15
time: 0.345193s
Iteration 16
time: 0.343197s
Iteration 17
time: 0.343109s
Iteration 18
time: 0.344800s
Iteration 19
time: 0.338254s
Iteration 20
time: 0.340040s
Iteration 21
time: 0.339959s
Iteration 22
time: 0.340899s
Iteration 23
time: 0.342269s
Iteration 24
time: 0.344029s
5: Starting numprocs=8 N=7000, M=7000 impl=g-rabenseifner-subgroup-8
4: Starting numprocs=8 N=7000, M=7000 impl=g-rabenseifner-subgroup-8
3: Starting numprocs=8 N=7000, M=7000 impl=g-rabenseifner-subgroup-8
1: Starting numprocs=8 N=7000, M=7000 impl=g-rabenseifner-subgroup-8
6: Starting numprocs=8 N=7000, M=7000 impl=g-rabenseifner-subgroup-8
2: Starting numprocs=8 N=7000, M=7000 impl=g-rabenseifner-subgroup-8
0: Starting numprocs=8 N=7000, M=7000 impl=g-rabenseifner-subgroup-8
Iteration 0
7: Starting numprocs=8 N=7000, M=7000 impl=g-rabenseifner-subgroup-8
time: 0.364122s
Iteration 1
time: 0.357776s
Iteration 2
time: 0.348969s
Iteration 3
time: 0.346521s
Iteration 4
time: 0.345663s
Iteration 5
time: 0.349448s
Iteration 6
time: 0.347439s
Iteration 7
time: 0.348255s
Iteration 8
time: 0.365814s
Iteration 9
time: 0.351152s
Iteration 10
time: 0.355751s
Iteration 11
time: 0.358347s
Iteration 12
time: 0.357174s
Iteration 13
time: 0.347487s
Iteration 14
time: 0.355016s
Iteration 15
time: 0.337103s
Iteration 16
time: 0.352384s
Iteration 17
time: 0.348666s
Iteration 18
time: 0.351278s
Iteration 19
time: 0.345586s
Iteration 20
time: 0.350812s
Iteration 21
time: 0.355515s
Iteration 22
time: 0.362877s
Iteration 23
time: 0.357432s
Iteration 24
time: 0.356519s
0: Starting numprocs=8 N=8000, M=8000 impl=allgather
Iteration 0
5: Starting numprocs=8 N=8000, M=8000 impl=allgather
3: Starting numprocs=8 N=8000, M=8000 impl=allgather
4: Starting numprocs=8 N=8000, M=8000 impl=allgather
1: Starting numprocs=8 N=8000, M=8000 impl=allgather
2: Starting numprocs=8 N=8000, M=8000 impl=allgather
6: Starting numprocs=8 N=8000, M=8000 impl=allgather
7: Starting numprocs=8 N=8000, M=8000 impl=allgather
time: 0.626775s
Iteration 1
time: 0.592969s
Iteration 2
time: 0.572729s
Iteration 3
time: 0.620186s
Iteration 4
time: 0.660415s
Iteration 5
time: 0.594009s
Iteration 6
time: 0.578766s
Iteration 7
time: 0.578980s
Iteration 8
time: 0.584786s
Iteration 9
time: 0.577399s
Iteration 10
time: 0.626629s
Iteration 11
time: 0.700187s
Iteration 12
time: 0.612071s
Iteration 13
time: 0.613929s
Iteration 14
time: 0.595121s
Iteration 15
time: 0.571422s
Iteration 16
time: 0.608610s
Iteration 17
time: 0.638836s
Iteration 18
time: 0.601288s
Iteration 19
time: 0.581885s
Iteration 20
time: 0.597783s
Iteration 21
time: 0.586490s
Iteration 22
time: 0.587473s
Iteration 23
time: 0.595690s
Iteration 24
time: 0.640671s
5: Starting numprocs=8 N=8000, M=8000 impl=allreduce
4: Starting numprocs=8 N=8000, M=8000 impl=allreduce
1: Starting numprocs=8 N=8000, M=8000 impl=allreduce
3: Starting numprocs=8 N=8000, M=8000 impl=allreduce
0: Starting numprocs=8 N=8000, M=8000 impl=allreduce
Iteration 0
2: Starting numprocs=8 N=8000, M=8000 impl=allreduce
6: Starting numprocs=8 N=8000, M=8000 impl=allreduce
7: Starting numprocs=8 N=8000, M=8000 impl=allreduce
time: 1.511254s
Iteration 1
time: 1.353758s
Iteration 2
time: 1.310654s
Iteration 3
time: 1.334811s
Iteration 4
time: 1.324029s
Iteration 5
time: 1.295755s
Iteration 6
time: 1.333738s
Iteration 7
time: 1.320522s
Iteration 8
time: 1.322861s
Iteration 9
time: 1.313715s
Iteration 10
time: 1.333103s
Iteration 11
time: 1.325027s
Iteration 12
time: 1.297116s
Iteration 13
time: 1.314968s
Iteration 14
time: 1.330702s
Iteration 15
time: 1.304335s
Iteration 16
time: 1.334970s
Iteration 17
time: 1.316040s
Iteration 18
time: 1.323263s
Iteration 19
time: 1.317111s
Iteration 20
time: 1.308816s
Iteration 21
time: 1.359362s
Iteration 22
time: 1.289791s
Iteration 23
time: 1.325346s
Iteration 24
time: 1.318770s
5: Starting numprocs=8 N=8000, M=8000 impl=allreduce-ring
0: Starting numprocs=8 N=8000, M=8000 impl=allreduce-ring
Iteration 0
3: Starting numprocs=8 N=8000, M=8000 impl=allreduce-ring
1: Starting numprocs=8 N=8000, M=8000 impl=allreduce-ring
4: Starting numprocs=8 N=8000, M=8000 impl=allreduce-ring
6: Starting numprocs=8 N=8000, M=8000 impl=allreduce-ring
2: Starting numprocs=8 N=8000, M=8000 impl=allreduce-ring
7: Starting numprocs=8 N=8000, M=8000 impl=allreduce-ring
time: 1.208685s
Iteration 1
time: 1.061323s
Iteration 2
time: 1.045298s
Iteration 3
time: 1.050819s
Iteration 4
time: 1.036871s
Iteration 5
time: 1.062101s
Iteration 6
time: 1.055013s
Iteration 7
time: 1.075124s
Iteration 8
time: 1.055909s
Iteration 9
time: 1.054571s
Iteration 10
time: 1.042327s
Iteration 11
time: 1.061126s
Iteration 12
time: 1.022588s
Iteration 13
time: 1.062424s
Iteration 14
time: 1.042709s
Iteration 15
time: 1.081753s
Iteration 16
time: 1.050864s
Iteration 17
time: 1.042899s
Iteration 18
time: 1.029851s
Iteration 19
time: 1.043078s
Iteration 20
time: 1.045170s
Iteration 21
time: 1.044096s
Iteration 22
time: 1.064613s
Iteration 23
time: 1.045553s
Iteration 24
time: 1.041218s
5: Starting numprocs=8 N=8000, M=8000 impl=g-rabenseifner-allgather
4: Starting numprocs=8 N=8000, M=8000 impl=g-rabenseifner-allgather
1: Starting numprocs=8 N=8000, M=8000 impl=g-rabenseifner-allgather
3: Starting numprocs=8 N=8000, M=8000 impl=g-rabenseifner-allgather
0: Starting numprocs=8 N=8000, M=8000 impl=g-rabenseifner-allgather
Iteration 0
6: Starting numprocs=8 N=8000, M=8000 impl=g-rabenseifner-allgather
2: Starting numprocs=8 N=8000, M=8000 impl=g-rabenseifner-allgather
7: Starting numprocs=8 N=8000, M=8000 impl=g-rabenseifner-allgather
time: 0.483940s
Iteration 1
time: 0.435665s
Iteration 2
time: 0.436653s
Iteration 3
time: 0.432915s
Iteration 4
time: 0.437979s
Iteration 5
time: 0.434285s
Iteration 6
time: 0.433393s
Iteration 7
time: 0.438190s
Iteration 8
time: 0.436102s
Iteration 9
time: 0.436091s
Iteration 10
time: 0.432976s
Iteration 11
time: 0.435398s
Iteration 12
time: 0.438804s
Iteration 13
time: 0.433271s
Iteration 14
time: 0.434538s
Iteration 15
time: 0.433999s
Iteration 16
time: 0.438165s
Iteration 17
time: 0.434056s
Iteration 18
time: 0.433733s
Iteration 19
time: 0.437262s
Iteration 20
time: 0.438977s
Iteration 21
time: 0.434976s
Iteration 22
time: 0.433185s
Iteration 23
time: 0.435637s
Iteration 24
time: 0.435916s
5: Starting numprocs=8 N=8000, M=8000 impl=g-rabenseifner-subgroup-2
3: Starting numprocs=8 N=8000, M=8000 impl=g-rabenseifner-subgroup-2
1: Starting numprocs=8 N=8000, M=8000 impl=g-rabenseifner-subgroup-2
0: Starting numprocs=8 N=8000, M=8000 impl=g-rabenseifner-subgroup-2
Iteration 0
4: Starting numprocs=8 N=8000, M=8000 impl=g-rabenseifner-subgroup-2
2: Starting numprocs=8 N=8000, M=8000 impl=g-rabenseifner-subgroup-2
6: Starting numprocs=8 N=8000, M=8000 impl=g-rabenseifner-subgroup-2
7: Starting numprocs=8 N=8000, M=8000 impl=g-rabenseifner-subgroup-2
time: 0.516722s
Iteration 1
time: 0.437179s
Iteration 2
time: 0.439740s
Iteration 3
time: 0.441087s
Iteration 4
time: 0.447233s
Iteration 5
time: 0.439578s
Iteration 6
time: 0.441938s
Iteration 7
time: 0.444694s
Iteration 8
time: 0.440094s
Iteration 9
time: 0.438887s
Iteration 10
time: 0.441993s
Iteration 11
time: 0.443587s
Iteration 12
time: 0.448731s
Iteration 13
time: 0.439907s
Iteration 14
time: 0.446775s
Iteration 15
time: 0.437964s
Iteration 16
time: 0.440016s
Iteration 17
time: 0.447427s
Iteration 18
time: 0.439006s
Iteration 19
time: 0.438542s
Iteration 20
time: 0.445299s
Iteration 21
time: 0.441957s
Iteration 22
time: 0.438430s
Iteration 23
time: 0.440287s
Iteration 24
time: 0.440893s
5: Starting numprocs=8 N=8000, M=8000 impl=g-rabenseifner-subgroup-4
4: Starting numprocs=8 N=8000, M=8000 impl=g-rabenseifner-subgroup-4
1: Starting numprocs=8 N=8000, M=8000 impl=g-rabenseifner-subgroup-4
0: Starting numprocs=8 N=8000, M=8000 impl=g-rabenseifner-subgroup-4
Iteration 0
2: Starting numprocs=8 N=8000, M=8000 impl=g-rabenseifner-subgroup-4
6: Starting numprocs=8 N=8000, M=8000 impl=g-rabenseifner-subgroup-4
3: Starting numprocs=8 N=8000, M=8000 impl=g-rabenseifner-subgroup-4
7: Starting numprocs=8 N=8000, M=8000 impl=g-rabenseifner-subgroup-4
time: 0.479358s
Iteration 1
time: 0.445329s
Iteration 2
time: 0.449393s
Iteration 3
time: 0.452606s
Iteration 4
time: 0.450154s
Iteration 5
time: 0.440979s
Iteration 6
time: 0.441087s
Iteration 7
time: 0.449661s
Iteration 8
time: 0.465975s
Iteration 9
time: 0.447485s
Iteration 10
time: 0.440163s
Iteration 11
time: 0.439253s
Iteration 12
time: 0.450279s
Iteration 13
time: 0.449650s
Iteration 14
time: 0.458516s
Iteration 15
time: 0.440761s
Iteration 16
time: 0.449102s
Iteration 17
time: 0.450114s
Iteration 18
time: 0.447641s
Iteration 19
time: 0.449641s
Iteration 20
time: 0.471227s
Iteration 21
time: 0.435579s
Iteration 22
time: 0.445030s
Iteration 23
time: 0.451382s
Iteration 24
time: 0.444625s
5: Starting numprocs=8 N=8000, M=8000 impl=g-rabenseifner-subgroup-8
4: Starting numprocs=8 N=8000, M=8000 impl=g-rabenseifner-subgroup-8
1: Starting numprocs=8 N=8000, M=8000 impl=g-rabenseifner-subgroup-8
6: Starting numprocs=8 N=8000, M=8000 impl=g-rabenseifner-subgroup-8
0: Starting numprocs=8 N=8000, M=8000 impl=g-rabenseifner-subgroup-8
Iteration 0
2: Starting numprocs=8 N=8000, M=8000 impl=g-rabenseifner-subgroup-8
3: Starting numprocs=8 N=8000, M=8000 impl=g-rabenseifner-subgroup-8
7: Starting numprocs=8 N=8000, M=8000 impl=g-rabenseifner-subgroup-8
time: 0.524506s
Iteration 1
time: 0.464102s
Iteration 2
time: 0.450624s
Iteration 3
time: 0.458920s
Iteration 4
time: 0.484244s
Iteration 5
time: 0.505710s
Iteration 6
time: 0.459394s
Iteration 7
time: 0.460131s
Iteration 8
time: 0.463374s
Iteration 9
time: 0.485610s
Iteration 10
time: 0.477687s
Iteration 11
time: 0.468374s
Iteration 12
time: 0.470380s
Iteration 13
time: 0.449452s
Iteration 14
time: 0.471062s
Iteration 15
time: 0.481563s
Iteration 16
time: 0.470834s
Iteration 17
time: 0.452076s
Iteration 18
time: 0.468389s
Iteration 19
time: 0.491502s
Iteration 20
time: 0.466130s
Iteration 21
time: 0.473536s
Iteration 22
time: 0.451395s
Iteration 23
time: 0.462417s
Iteration 24
time: 0.472038s
