0: Starting numprocs=8 N=1000, M=1000 impl=allgather
Iteration 0
3: Starting numprocs=8 N=1000, M=1000 impl=allgather
4: Starting numprocs=8 N=1000, M=1000 impl=allgather
2: Starting numprocs=8 N=1000, M=1000 impl=allgather
5: Starting numprocs=8 N=1000, M=1000 impl=allgather
6: Starting numprocs=8 N=1000, M=1000 impl=allgather
1: Starting numprocs=8 N=1000, M=1000 impl=allgather
7: Starting numprocs=8 N=1000, M=1000 impl=allgather
time: 0.017677s
Iteration 1
time: 0.007352s
Iteration 2
time: 0.007900s
Iteration 3
time: 0.007288s
Iteration 4
time: 0.007258s
Iteration 5
time: 0.007316s
Iteration 6
time: 0.007302s
Iteration 7
time: 0.007382s
Iteration 8
time: 0.007463s
Iteration 9
time: 0.007667s
Iteration 10
time: 0.007712s
Iteration 11
time: 0.007861s
Iteration 12
time: 0.007667s
Iteration 13
time: 0.007632s
Iteration 14
time: 0.007667s
Iteration 15
time: 0.007593s
Iteration 16
time: 0.007627s
Iteration 17
time: 0.007489s
Iteration 18
time: 0.007921s
Iteration 19
time: 0.007382s
Iteration 20
time: 0.007372s
Iteration 21
time: 0.007784s
Iteration 22
time: 0.007442s
Iteration 23
time: 0.007389s
Iteration 24
time: 0.007407s
0: Starting numprocs=8 N=1000, M=1000 impl=allreduce
Iteration 0
3: Starting numprocs=8 N=1000, M=1000 impl=allreduce
4: Starting numprocs=8 N=1000, M=1000 impl=allreduce
2: Starting numprocs=8 N=1000, M=1000 impl=allreduce
6: Starting numprocs=8 N=1000, M=1000 impl=allreduce
5: Starting numprocs=8 N=1000, M=1000 impl=allreduce
1: Starting numprocs=8 N=1000, M=1000 impl=allreduce
7: Starting numprocs=8 N=1000, M=1000 impl=allreduce
time: 0.031437s
Iteration 1
time: 0.020941s
Iteration 2
time: 0.015658s
Iteration 3
time: 0.015133s
Iteration 4
time: 0.015870s
Iteration 5
time: 0.015639s
Iteration 6
time: 0.015193s
Iteration 7
time: 0.015536s
Iteration 8
time: 0.015806s
Iteration 9
time: 0.016067s
Iteration 10
time: 0.015644s
Iteration 11
time: 0.016651s
Iteration 12
time: 0.015888s
Iteration 13
time: 0.016361s
Iteration 14
time: 0.015493s
Iteration 15
time: 0.016118s
Iteration 16
time: 0.016063s
Iteration 17
time: 0.015261s
Iteration 18
time: 0.015647s
Iteration 19
time: 0.016019s
Iteration 20
time: 0.016611s
Iteration 21
time: 0.015541s
Iteration 22
time: 0.016208s
Iteration 23
time: 0.016935s
Iteration 24
time: 0.015846s
0: Starting numprocs=8 N=1000, M=1000 impl=allreduce-ring
Iteration 0
4: Starting numprocs=8 N=1000, M=1000 impl=allreduce-ring
3: Starting numprocs=8 N=1000, M=1000 impl=allreduce-ring
6: Starting numprocs=8 N=1000, M=1000 impl=allreduce-ring
1: Starting numprocs=8 N=1000, M=1000 impl=allreduce-ring
5: Starting numprocs=8 N=1000, M=1000 impl=allreduce-ring
7: Starting numprocs=8 N=1000, M=1000 impl=allreduce-ring
2: Starting numprocs=8 N=1000, M=1000 impl=allreduce-ring
time: 0.032445s
Iteration 1
time: 0.014043s
Iteration 2
time: 0.014016s
Iteration 3
time: 0.013841s
Iteration 4
time: 8.280211s
Iteration 5
time: 2.174657s
Iteration 6
time: 0.013861s
Iteration 7
time: 0.014582s
Iteration 8
time: 0.014444s
Iteration 9
time: 0.013966s
Iteration 10
time: 0.013871s
Iteration 11
time: 0.013951s
Iteration 12
time: 0.014324s
Iteration 13
time: 0.014071s
Iteration 14
time: 0.013941s
Iteration 15
time: 0.014342s
Iteration 16
time: 0.014098s
Iteration 17
time: 0.014022s
Iteration 18
time: 0.014194s
Iteration 19
time: 0.014422s
Iteration 20
time: 0.014188s
Iteration 21
time: 0.014091s
Iteration 22
time: 0.013781s
Iteration 23
time: 0.013876s
Iteration 24
time: 0.013872s
0: Starting numprocs=8 N=1000, M=1000 impl=g-rabenseifner-allgather
Iteration 0
4: Starting numprocs=8 N=1000, M=1000 impl=g-rabenseifner-allgather
2: Starting numprocs=8 N=1000, M=1000 impl=g-rabenseifner-allgather
6: Starting numprocs=8 N=1000, M=1000 impl=g-rabenseifner-allgather
7: Starting numprocs=8 N=1000, M=1000 impl=g-rabenseifner-allgather
5: Starting numprocs=8 N=1000, M=1000 impl=g-rabenseifner-allgather
1: Starting numprocs=8 N=1000, M=1000 impl=g-rabenseifner-allgather
3: Starting numprocs=8 N=1000, M=1000 impl=g-rabenseifner-allgather
time: 0.019726s
Iteration 1
time: 0.007045s
Iteration 2
time: 0.006998s
Iteration 3
time: 0.007090s
Iteration 4
time: 0.007049s
Iteration 5
time: 0.007032s
Iteration 6
time: 0.007043s
Iteration 7
time: 0.007015s
Iteration 8
time: 0.007053s
Iteration 9
time: 0.007037s
Iteration 10
time: 0.007009s
Iteration 11
time: 0.007003s
Iteration 12
time: 0.007027s
Iteration 13
time: 0.007040s
Iteration 14
time: 0.007020s
Iteration 15
time: 0.007040s
Iteration 16
time: 0.007355s
Iteration 17
time: 0.006978s
Iteration 18
time: 0.007036s
Iteration 19
time: 0.007088s
Iteration 20
time: 0.007003s
Iteration 21
time: 0.007055s
Iteration 22
time: 0.007074s
Iteration 23
time: 0.007051s
Iteration 24
time: 0.007593s
0: Starting numprocs=8 N=1000, M=1000 impl=g-rabenseifner-subgroup-2
Iteration 0
3: Starting numprocs=8 N=1000, M=1000 impl=g-rabenseifner-subgroup-2
2: Starting numprocs=8 N=1000, M=1000 impl=g-rabenseifner-subgroup-2
5: Starting numprocs=8 N=1000, M=1000 impl=g-rabenseifner-subgroup-2
6: Starting numprocs=8 N=1000, M=1000 impl=g-rabenseifner-subgroup-2
7: Starting numprocs=8 N=1000, M=1000 impl=g-rabenseifner-subgroup-2
1: Starting numprocs=8 N=1000, M=1000 impl=g-rabenseifner-subgroup-2
4: Starting numprocs=8 N=1000, M=1000 impl=g-rabenseifner-subgroup-2
time: 0.025488s
Iteration 1
time: 0.007212s
Iteration 2
time: 0.007132s
Iteration 3
time: 0.007091s
Iteration 4
time: 0.007131s
Iteration 5
time: 0.007073s
Iteration 6
time: 0.007109s
Iteration 7
time: 0.007095s
Iteration 8
time: 0.007574s
Iteration 9
time: 0.007621s
Iteration 10
time: 0.007108s
Iteration 11
time: 0.007147s
Iteration 12
time: 0.007118s
Iteration 13
time: 0.007108s
Iteration 14
time: 0.007153s
Iteration 15
time: 0.007119s
Iteration 16
time: 0.007137s
Iteration 17
time: 0.007115s
Iteration 18
time: 0.007145s
Iteration 19
time: 0.007144s
Iteration 20
time: 0.007140s
Iteration 21
time: 0.007116s
Iteration 22
time: 0.007139s
Iteration 23
time: 0.007133s
Iteration 24
time: 0.007137s
0: Starting numprocs=8 N=1000, M=1000 impl=g-rabenseifner-subgroup-4
Iteration 0
4: Starting numprocs=8 N=1000, M=1000 impl=g-rabenseifner-subgroup-4
3: Starting numprocs=8 N=1000, M=1000 impl=g-rabenseifner-subgroup-4
2: Starting numprocs=8 N=1000, M=1000 impl=g-rabenseifner-subgroup-4
6: Starting numprocs=8 N=1000, M=1000 impl=g-rabenseifner-subgroup-4
5: Starting numprocs=8 N=1000, M=1000 impl=g-rabenseifner-subgroup-4
1: Starting numprocs=8 N=1000, M=1000 impl=g-rabenseifner-subgroup-4
7: Starting numprocs=8 N=1000, M=1000 impl=g-rabenseifner-subgroup-4
time: 0.023523s
Iteration 1
time: 0.007107s
Iteration 2
time: 0.006875s
Iteration 3
time: 0.006893s
Iteration 4
time: 0.006899s
Iteration 5
time: 0.006932s
Iteration 6
time: 0.006897s
Iteration 7
time: 0.007023s
Iteration 8
time: 0.007084s
Iteration 9
time: 0.007065s
Iteration 10
time: 0.007076s
Iteration 11
time: 0.007484s
Iteration 12
time: 0.007080s
Iteration 13
time: 0.007100s
Iteration 14
time: 0.007056s
Iteration 15
time: 0.007087s
Iteration 16
time: 0.007126s
Iteration 17
time: 0.007077s
Iteration 18
time: 0.007098s
Iteration 19
time: 0.007057s
Iteration 20
time: 0.007055s
Iteration 21
time: 0.007061s
Iteration 22
time: 0.007076s
Iteration 23
time: 0.007153s
Iteration 24
time: 0.007080s
0: Starting numprocs=8 N=1000, M=1000 impl=g-rabenseifner-subgroup-8
Iteration 0
2: Starting numprocs=8 N=1000, M=1000 impl=g-rabenseifner-subgroup-8
3: Starting numprocs=8 N=1000, M=1000 impl=g-rabenseifner-subgroup-8
4: Starting numprocs=8 N=1000, M=1000 impl=g-rabenseifner-subgroup-8
6: Starting numprocs=8 N=1000, M=1000 impl=g-rabenseifner-subgroup-8
1: Starting numprocs=8 N=1000, M=1000 impl=g-rabenseifner-subgroup-8
7: Starting numprocs=8 N=1000, M=1000 impl=g-rabenseifner-subgroup-8
5: Starting numprocs=8 N=1000, M=1000 impl=g-rabenseifner-subgroup-8
time: 0.017281s
Iteration 1
time: 0.006913s
Iteration 2
time: 0.006827s
Iteration 3
time: 0.006832s
Iteration 4
time: 0.007034s
Iteration 5
time: 0.007044s
Iteration 6
time: 0.007576s
Iteration 7
time: 0.007065s
Iteration 8
time: 0.007035s
Iteration 9
time: 0.006997s
Iteration 10
time: 0.007053s
Iteration 11
time: 0.007029s
Iteration 12
time: 0.011402s
Iteration 13
time: 0.009616s
Iteration 14
time: 0.007023s
Iteration 15
time: 0.007149s
Iteration 16
time: 0.007165s
Iteration 17
time: 0.007121s
Iteration 18
time: 0.007136s
Iteration 19
time: 0.007144s
Iteration 20
time: 0.007141s
Iteration 21
time: 0.007636s
Iteration 22
time: 0.007058s
Iteration 23
time: 0.007061s
Iteration 24
time: 0.007081s
0: Starting numprocs=8 N=2000, M=2000 impl=allgather
Iteration 0
4: Starting numprocs=8 N=2000, M=2000 impl=allgather
2: Starting numprocs=8 N=2000, M=2000 impl=allgather
3: Starting numprocs=8 N=2000, M=2000 impl=allgather
1: Starting numprocs=8 N=2000, M=2000 impl=allgather
6: Starting numprocs=8 N=2000, M=2000 impl=allgather
7: Starting numprocs=8 N=2000, M=2000 impl=allgather
5: Starting numprocs=8 N=2000, M=2000 impl=allgather
time: 0.035890s
Iteration 1
time: 0.028020s
Iteration 2
time: 0.028214s
Iteration 3
time: 0.028314s
Iteration 4
time: 0.028854s
Iteration 5
time: 0.029180s
Iteration 6
time: 0.029033s
Iteration 7
time: 0.028973s
Iteration 8
time: 0.029518s
Iteration 9
time: 0.029066s
Iteration 10
time: 0.028994s
Iteration 11
time: 0.029536s
Iteration 12
time: 0.029490s
Iteration 13
time: 0.029132s
Iteration 14
time: 0.029549s
Iteration 15
time: 0.029098s
Iteration 16
time: 0.030317s
Iteration 17
time: 0.029939s
Iteration 18
time: 0.030392s
Iteration 19
time: 0.028957s
Iteration 20
time: 0.029728s
Iteration 21
time: 0.029796s
Iteration 22
time: 0.029731s
Iteration 23
time: 0.030033s
Iteration 24
time: 0.031200s
4: Starting numprocs=8 N=2000, M=2000 impl=allreduce
0: Starting numprocs=8 N=2000, M=2000 impl=allreduce
Iteration 0
3: Starting numprocs=8 N=2000, M=2000 impl=allreduce
2: Starting numprocs=8 N=2000, M=2000 impl=allreduce
6: Starting numprocs=8 N=2000, M=2000 impl=allreduce
1: Starting numprocs=8 N=2000, M=2000 impl=allreduce
5: Starting numprocs=8 N=2000, M=2000 impl=allreduce
7: Starting numprocs=8 N=2000, M=2000 impl=allreduce
time: 0.102578s
Iteration 1
time: 0.081827s
Iteration 2
time: 0.067086s
Iteration 3
time: 0.064800s
Iteration 4
time: 0.064444s
Iteration 5
time: 0.066137s
Iteration 6
time: 0.066945s
Iteration 7
time: 0.067943s
Iteration 8
time: 0.065821s
Iteration 9
time: 0.066096s
Iteration 10
time: 0.066525s
Iteration 11
time: 0.065939s
Iteration 12
time: 0.064951s
Iteration 13
time: 0.066739s
Iteration 14
time: 0.072188s
Iteration 15
time: 0.066913s
Iteration 16
time: 0.065645s
Iteration 17
time: 0.066618s
Iteration 18
time: 0.068862s
Iteration 19
time: 0.070858s
Iteration 20
time: 0.098498s
Iteration 21
time: 0.099611s
Iteration 22
time: 0.097922s
Iteration 23
time: 0.098285s
Iteration 24
time: 0.099597s
4: Starting numprocs=8 N=2000, M=2000 impl=allreduce-ring
3: Starting numprocs=8 N=2000, M=2000 impl=allreduce-ring
2: Starting numprocs=8 N=2000, M=2000 impl=allreduce-ring
6: Starting numprocs=8 N=2000, M=2000 impl=allreduce-ring
7: Starting numprocs=8 N=2000, M=2000 impl=allreduce-ring
1: Starting numprocs=8 N=2000, M=2000 impl=allreduce-ring
5: Starting numprocs=8 N=2000, M=2000 impl=allreduce-ring
0: Starting numprocs=8 N=2000, M=2000 impl=allreduce-ring
Iteration 0
time: 0.071157s
Iteration 1
time: 0.055202s
Iteration 2
time: 0.053520s
Iteration 3
time: 0.054085s
Iteration 4
time: 0.057434s
Iteration 5
time: 0.058826s
Iteration 6
time: 0.065965s
Iteration 7
time: 0.055363s
Iteration 8
time: 0.056225s
Iteration 9
time: 0.054531s
Iteration 10
time: 0.054464s
Iteration 11
time: 0.054107s
Iteration 12
time: 0.053704s
Iteration 13
time: 0.054297s
Iteration 14
time: 0.054028s
Iteration 15
time: 0.055371s
Iteration 16
time: 0.054769s
Iteration 17
time: 0.055220s
Iteration 18
time: 0.055197s
Iteration 19
time: 0.055820s
Iteration 20
time: 0.055626s
Iteration 21
time: 0.053990s
Iteration 22
time: 0.053947s
Iteration 23
time: 0.055162s
Iteration 24
time: 0.056173s
4: Starting numprocs=8 N=2000, M=2000 impl=g-rabenseifner-allgather
2: Starting numprocs=8 N=2000, M=2000 impl=g-rabenseifner-allgather
3: Starting numprocs=8 N=2000, M=2000 impl=g-rabenseifner-allgather
0: Starting numprocs=8 N=2000, M=2000 impl=g-rabenseifner-allgather
Iteration 0
1: Starting numprocs=8 N=2000, M=2000 impl=g-rabenseifner-allgather
5: Starting numprocs=8 N=2000, M=2000 impl=g-rabenseifner-allgather
7: Starting numprocs=8 N=2000, M=2000 impl=g-rabenseifner-allgather
6: Starting numprocs=8 N=2000, M=2000 impl=g-rabenseifner-allgather
time: 0.037187s
Iteration 1
time: 0.027661s
Iteration 2
time: 0.027595s
Iteration 3
time: 0.027853s
Iteration 4
time: 0.027886s
Iteration 5
time: 0.027813s
Iteration 6
time: 0.027508s
Iteration 7
time: 0.027816s
Iteration 8
time: 0.028021s
Iteration 9
time: 0.027559s
Iteration 10
time: 0.028236s
Iteration 11
time: 0.029524s
Iteration 12
time: 0.029632s
Iteration 13
time: 0.027603s
Iteration 14
time: 0.027522s
Iteration 15
time: 0.027591s
Iteration 16
time: 0.030022s
Iteration 17
time: 0.027531s
Iteration 18
time: 0.027529s
Iteration 19
time: 0.027761s
Iteration 20
time: 0.027526s
Iteration 21
time: 0.027699s
Iteration 22
time: 0.027620s
Iteration 23
time: 0.027809s
Iteration 24
time: 0.027447s
0: Starting numprocs=8 N=2000, M=2000 impl=g-rabenseifner-subgroup-2
Iteration 0
4: Starting numprocs=8 N=2000, M=2000 impl=g-rabenseifner-subgroup-2
3: Starting numprocs=8 N=2000, M=2000 impl=g-rabenseifner-subgroup-2
2: Starting numprocs=8 N=2000, M=2000 impl=g-rabenseifner-subgroup-2
5: Starting numprocs=8 N=2000, M=2000 impl=g-rabenseifner-subgroup-2
6: Starting numprocs=8 N=2000, M=2000 impl=g-rabenseifner-subgroup-2
7: Starting numprocs=8 N=2000, M=2000 impl=g-rabenseifner-subgroup-2
1: Starting numprocs=8 N=2000, M=2000 impl=g-rabenseifner-subgroup-2
time: 0.046117s
Iteration 1
time: 0.027972s
Iteration 2
time: 0.027850s
Iteration 3
time: 0.027798s
Iteration 4
time: 0.028283s
Iteration 5
time: 0.027965s
Iteration 6
time: 0.027654s
Iteration 7
time: 0.028018s
Iteration 8
time: 0.028286s
Iteration 9
time: 0.028171s
Iteration 10
time: 0.027862s
Iteration 11
time: 0.027674s
Iteration 12
time: 0.027634s
Iteration 13
time: 0.028139s
Iteration 14
time: 0.027782s
Iteration 15
time: 0.027728s
Iteration 16
time: 0.027596s
Iteration 17
time: 0.028113s
Iteration 18
time: 0.027652s
Iteration 19
time: 0.027647s
Iteration 20
time: 0.027661s
Iteration 21
time: 0.027668s
Iteration 22
time: 0.027672s
Iteration 23
time: 0.027704s
Iteration 24
time: 0.027615s
0: Starting numprocs=8 N=2000, M=2000 impl=g-rabenseifner-subgroup-4
Iteration 0
4: Starting numprocs=8 N=2000, M=2000 impl=g-rabenseifner-subgroup-4
3: Starting numprocs=8 N=2000, M=2000 impl=g-rabenseifner-subgroup-4
1: Starting numprocs=8 N=2000, M=2000 impl=g-rabenseifner-subgroup-4
6: Starting numprocs=8 N=2000, M=2000 impl=g-rabenseifner-subgroup-4
7: Starting numprocs=8 N=2000, M=2000 impl=g-rabenseifner-subgroup-4
5: Starting numprocs=8 N=2000, M=2000 impl=g-rabenseifner-subgroup-4
2: Starting numprocs=8 N=2000, M=2000 impl=g-rabenseifner-subgroup-4
time: 0.041449s
Iteration 1
time: 0.027352s
Iteration 2
time: 0.026849s
Iteration 3
time: 0.027372s
Iteration 4
time: 0.026884s
Iteration 5
time: 0.026984s
Iteration 6
time: 0.027239s
Iteration 7
time: 0.027328s
Iteration 8
time: 0.027264s
Iteration 9
time: 0.027140s
Iteration 10
time: 0.027474s
Iteration 11
time: 0.027392s
Iteration 12
time: 0.027792s
Iteration 13
time: 0.027905s
Iteration 14
time: 0.027693s
Iteration 15
time: 0.027812s
Iteration 16
time: 0.027892s
Iteration 17
time: 0.027578s
Iteration 18
time: 0.027932s
Iteration 19
time: 0.027147s
Iteration 20
time: 0.027340s
Iteration 21
time: 0.027250s
Iteration 22
time: 0.028103s
Iteration 23
time: 0.027749s
Iteration 24
time: 0.027771s
4: Starting numprocs=8 N=2000, M=2000 impl=g-rabenseifner-subgroup-8
0: Starting numprocs=8 N=2000, M=2000 impl=g-rabenseifner-subgroup-8
Iteration 0
3: Starting numprocs=8 N=2000, M=2000 impl=g-rabenseifner-subgroup-8
2: Starting numprocs=8 N=2000, M=2000 impl=g-rabenseifner-subgroup-8
6: Starting numprocs=8 N=2000, M=2000 impl=g-rabenseifner-subgroup-8
5: Starting numprocs=8 N=2000, M=2000 impl=g-rabenseifner-subgroup-8
7: Starting numprocs=8 N=2000, M=2000 impl=g-rabenseifner-subgroup-8
1: Starting numprocs=8 N=2000, M=2000 impl=g-rabenseifner-subgroup-8
time: 0.040869s
Iteration 1
time: 0.027656s
Iteration 2
time: 0.031391s
Iteration 3
time: 0.027168s
Iteration 4
time: 0.027002s
Iteration 5
time: 0.027013s
Iteration 6
time: 0.027022s
Iteration 7
time: 0.027663s
Iteration 8
time: 0.027073s
Iteration 9
time: 0.027504s
Iteration 10
time: 0.027173s
Iteration 11
time: 0.027565s
Iteration 12
time: 0.027037s
Iteration 13
time: 0.026272s
Iteration 14
time: 0.026536s
Iteration 15
time: 0.027717s
Iteration 16
time: 0.027225s
Iteration 17
time: 0.027184s
Iteration 18
time: 0.027185s
Iteration 19
time: 0.027270s
Iteration 20
time: 0.027121s
Iteration 21
time: 0.027496s
Iteration 22
time: 0.027254s
Iteration 23
time: 0.027239s
Iteration 24
time: 0.027225s
0: Starting numprocs=8 N=3000, M=3000 impl=allgather
Iteration 0
4: Starting numprocs=8 N=3000, M=3000 impl=allgather
3: Starting numprocs=8 N=3000, M=3000 impl=allgather
2: Starting numprocs=8 N=3000, M=3000 impl=allgather
5: Starting numprocs=8 N=3000, M=3000 impl=allgather
6: Starting numprocs=8 N=3000, M=3000 impl=allgather
7: Starting numprocs=8 N=3000, M=3000 impl=allgather
1: Starting numprocs=8 N=3000, M=3000 impl=allgather
time: 0.076205s
Iteration 1
time: 0.067548s
Iteration 2
time: 0.067530s
Iteration 3
time: 0.067925s
Iteration 4
time: 0.067866s
Iteration 5
time: 0.069408s
Iteration 6
time: 0.067357s
Iteration 7
time: 0.067958s
Iteration 8
time: 0.067565s
Iteration 9
time: 0.068103s
Iteration 10
time: 0.068805s
Iteration 11
time: 0.068450s
Iteration 12
time: 0.069010s
Iteration 13
time: 0.068485s
Iteration 14
time: 0.096746s
Iteration 15
time: 0.068793s
Iteration 16
time: 0.080550s
Iteration 17
time: 0.069976s
Iteration 18
time: 0.066878s
Iteration 19
time: 0.068292s
Iteration 20
time: 0.069003s
Iteration 21
time: 0.070697s
Iteration 22
time: 0.070573s
Iteration 23
time: 0.071490s
Iteration 24
time: 0.070432s
0: Starting numprocs=8 N=3000, M=3000 impl=allreduce
Iteration 0
4: Starting numprocs=8 N=3000, M=3000 impl=allreduce
3: Starting numprocs=8 N=3000, M=3000 impl=allreduce
2: Starting numprocs=8 N=3000, M=3000 impl=allreduce
1: Starting numprocs=8 N=3000, M=3000 impl=allreduce
5: Starting numprocs=8 N=3000, M=3000 impl=allreduce
7: Starting numprocs=8 N=3000, M=3000 impl=allreduce
6: Starting numprocs=8 N=3000, M=3000 impl=allreduce
time: 0.252785s
Iteration 1
time: 0.193114s
Iteration 2
time: 0.188060s
Iteration 3
time: 0.190769s
Iteration 4
time: 0.188837s
Iteration 5
time: 0.188848s
Iteration 6
time: 0.189742s
Iteration 7
time: 0.190028s
Iteration 8
time: 0.195709s
Iteration 9
time: 0.194697s
Iteration 10
time: 0.188847s
Iteration 11
time: 0.192082s
Iteration 12
time: 0.183420s
Iteration 13
time: 0.181825s
Iteration 14
time: 0.184043s
Iteration 15
time: 0.187026s
Iteration 16
time: 0.183820s
Iteration 17
time: 0.187671s
Iteration 18
time: 0.185306s
Iteration 19
time: 0.191925s
Iteration 20
time: 0.185958s
Iteration 21
time: 0.192292s
Iteration 22
time: 0.190285s
Iteration 23
time: 0.204336s
Iteration 24
time: 0.195138s
0: Starting numprocs=8 N=3000, M=3000 impl=allreduce-ring
Iteration 0
4: Starting numprocs=8 N=3000, M=3000 impl=allreduce-ring
3: Starting numprocs=8 N=3000, M=3000 impl=allreduce-ring
2: Starting numprocs=8 N=3000, M=3000 impl=allreduce-ring
5: Starting numprocs=8 N=3000, M=3000 impl=allreduce-ring
1: Starting numprocs=8 N=3000, M=3000 impl=allreduce-ring
6: Starting numprocs=8 N=3000, M=3000 impl=allreduce-ring
7: Starting numprocs=8 N=3000, M=3000 impl=allreduce-ring
time: 0.149956s
Iteration 1
time: 0.124654s
Iteration 2
time: 0.124830s
Iteration 3
time: 0.124421s
Iteration 4
time: 0.125103s
Iteration 5
time: 0.128212s
Iteration 6
time: 0.127859s
Iteration 7
time: 0.127034s
Iteration 8
time: 0.129958s
Iteration 9
time: 0.131684s
Iteration 10
time: 0.124509s
Iteration 11
time: 0.125308s
Iteration 12
time: 0.125585s
Iteration 13
time: 0.126157s
Iteration 14
time: 0.126515s
Iteration 15
time: 0.124938s
Iteration 16
time: 0.124582s
Iteration 17
time: 0.127065s
Iteration 18
time: 0.126588s
Iteration 19
time: 0.129034s
Iteration 20
time: 0.128018s
Iteration 21
time: 0.127954s
Iteration 22
time: 0.155107s
Iteration 23
time: 0.124575s
Iteration 24
time: 0.120617s
0: Starting numprocs=8 N=3000, M=3000 impl=g-rabenseifner-allgather
Iteration 0
4: Starting numprocs=8 N=3000, M=3000 impl=g-rabenseifner-allgather
3: Starting numprocs=8 N=3000, M=3000 impl=g-rabenseifner-allgather
2: Starting numprocs=8 N=3000, M=3000 impl=g-rabenseifner-allgather
5: Starting numprocs=8 N=3000, M=3000 impl=g-rabenseifner-allgather
6: Starting numprocs=8 N=3000, M=3000 impl=g-rabenseifner-allgather
7: Starting numprocs=8 N=3000, M=3000 impl=g-rabenseifner-allgather
1: Starting numprocs=8 N=3000, M=3000 impl=g-rabenseifner-allgather
time: 0.083780s
Iteration 1
time: 0.061834s
Iteration 2
time: 0.061955s
Iteration 3
time: 0.061843s
Iteration 4
time: 0.061689s
Iteration 5
time: 0.061839s
Iteration 6
time: 0.061832s
Iteration 7
time: 0.061859s
Iteration 8
time: 0.062460s
Iteration 9
time: 0.061686s
Iteration 10
time: 0.061942s
Iteration 11
time: 0.061698s
Iteration 12
time: 0.061991s
Iteration 13
time: 0.061844s
Iteration 14
time: 0.061718s
Iteration 15
time: 0.084805s
Iteration 16
time: 0.061757s
Iteration 17
time: 0.061484s
Iteration 18
time: 0.061767s
Iteration 19
time: 0.062926s
Iteration 20
time: 0.061380s
Iteration 21
time: 0.061540s
Iteration 22
time: 0.062666s
Iteration 23
time: 0.061753s
Iteration 24
time: 0.061950s
0: Starting numprocs=8 N=3000, M=3000 impl=g-rabenseifner-subgroup-2
Iteration 0
4: Starting numprocs=8 N=3000, M=3000 impl=g-rabenseifner-subgroup-2
3: Starting numprocs=8 N=3000, M=3000 impl=g-rabenseifner-subgroup-2
2: Starting numprocs=8 N=3000, M=3000 impl=g-rabenseifner-subgroup-2
1: Starting numprocs=8 N=3000, M=3000 impl=g-rabenseifner-subgroup-2
6: Starting numprocs=8 N=3000, M=3000 impl=g-rabenseifner-subgroup-2
5: Starting numprocs=8 N=3000, M=3000 impl=g-rabenseifner-subgroup-2
7: Starting numprocs=8 N=3000, M=3000 impl=g-rabenseifner-subgroup-2
time: 0.092741s
Iteration 1
time: 0.062036s
Iteration 2
time: 0.062400s
Iteration 3
time: 0.061873s
Iteration 4
time: 0.061853s
Iteration 5
time: 2.199111s
Iteration 6
time: 0.062024s
Iteration 7
time: 0.062617s
Iteration 8
time: 0.063004s
Iteration 9
time: 0.062400s
Iteration 10
time: 0.062349s
Iteration 11
time: 12.612301s
Iteration 12
time: 2.200514s
Iteration 13
time: 0.061776s
Iteration 14
time: 0.062040s
Iteration 15
time: 0.062571s
Iteration 16
time: 0.062651s
Iteration 17
time: 0.061819s
Iteration 18
time: 6.141873s
Iteration 19
time: 0.062448s
Iteration 20
time: 0.061806s
Iteration 21
time: 0.062016s
Iteration 22
time: 0.061801s
Iteration 23
time: 0.062243s
Iteration 24
time: 0.062448s
4: Starting numprocs=8 N=3000, M=3000 impl=g-rabenseifner-subgroup-4
0: Starting numprocs=8 N=3000, M=3000 impl=g-rabenseifner-subgroup-4
Iteration 0
3: Starting numprocs=8 N=3000, M=3000 impl=g-rabenseifner-subgroup-4
2: Starting numprocs=8 N=3000, M=3000 impl=g-rabenseifner-subgroup-4
5: Starting numprocs=8 N=3000, M=3000 impl=g-rabenseifner-subgroup-4
1: Starting numprocs=8 N=3000, M=3000 impl=g-rabenseifner-subgroup-4
6: Starting numprocs=8 N=3000, M=3000 impl=g-rabenseifner-subgroup-4
7: Starting numprocs=8 N=3000, M=3000 impl=g-rabenseifner-subgroup-4
time: 0.074067s
Iteration 1
time: 0.062246s
Iteration 2
time: 0.061916s
Iteration 3
time: 0.061806s
Iteration 4
time: 0.061625s
Iteration 5
time: 0.061588s
Iteration 6
time: 0.062371s
Iteration 7
time: 0.063030s
Iteration 8
time: 0.061801s
Iteration 9
time: 0.061797s
Iteration 10
time: 0.061028s
Iteration 11
time: 0.062789s
Iteration 12
time: 0.061689s
Iteration 13
time: 0.062008s
Iteration 14
time: 0.060847s
Iteration 15
time: 0.061945s
Iteration 16
time: 0.061709s
Iteration 17
time: 0.061961s
Iteration 18
time: 0.061321s
Iteration 19
time: 0.060871s
Iteration 20
time: 0.060860s
Iteration 21
time: 0.061065s
Iteration 22
time: 0.061535s
Iteration 23
time: 0.062131s
Iteration 24
time: 0.060793s
4: Starting numprocs=8 N=3000, M=3000 impl=g-rabenseifner-subgroup-8
0: Starting numprocs=8 N=3000, M=3000 impl=g-rabenseifner-subgroup-8
Iteration 0
3: Starting numprocs=8 N=3000, M=3000 impl=g-rabenseifner-subgroup-8
2: Starting numprocs=8 N=3000, M=3000 impl=g-rabenseifner-subgroup-8
1: Starting numprocs=8 N=3000, M=3000 impl=g-rabenseifner-subgroup-8
5: Starting numprocs=8 N=3000, M=3000 impl=g-rabenseifner-subgroup-8
6: Starting numprocs=8 N=3000, M=3000 impl=g-rabenseifner-subgroup-8
7: Starting numprocs=8 N=3000, M=3000 impl=g-rabenseifner-subgroup-8
time: 0.082123s
Iteration 1
time: 0.062682s
Iteration 2
time: 0.063336s
Iteration 3
time: 0.063533s
Iteration 4
time: 0.062056s
Iteration 5
time: 0.063846s
Iteration 6
time: 0.061185s
Iteration 7
time: 0.062834s
Iteration 8
time: 0.061990s
Iteration 9
time: 0.062895s
Iteration 10
time: 0.062592s
Iteration 11
time: 0.063976s
Iteration 12
time: 0.061005s
Iteration 13
time: 0.061629s
Iteration 14
time: 0.062032s
Iteration 15
time: 0.062395s
Iteration 16
time: 0.063215s
Iteration 17
time: 0.061216s
Iteration 18
time: 0.061424s
Iteration 19
time: 0.063145s
Iteration 20
time: 0.062779s
Iteration 21
time: 0.063606s
Iteration 22
time: 0.062268s
Iteration 23
time: 0.062518s
Iteration 24
time: 0.063801s
0: Starting numprocs=8 N=4000, M=4000 impl=allgather
Iteration 0
4: Starting numprocs=8 N=4000, M=4000 impl=allgather
3: Starting numprocs=8 N=4000, M=4000 impl=allgather
2: Starting numprocs=8 N=4000, M=4000 impl=allgather
5: Starting numprocs=8 N=4000, M=4000 impl=allgather
1: Starting numprocs=8 N=4000, M=4000 impl=allgather
7: Starting numprocs=8 N=4000, M=4000 impl=allgather
6: Starting numprocs=8 N=4000, M=4000 impl=allgather
time: 0.149004s
Iteration 1
time: 0.133968s
Iteration 2
time: 0.135339s
Iteration 3
time: 0.133744s
Iteration 4
time: 0.135109s
Iteration 5
time: 0.135331s
Iteration 6
time: 0.168754s
Iteration 7
time: 0.139760s
Iteration 8
time: 0.141894s
Iteration 9
time: 0.140520s
Iteration 10
time: 0.138972s
Iteration 11
time: 0.138145s
Iteration 12
time: 0.141452s
Iteration 13
time: 0.134103s
Iteration 14
time: 0.132626s
Iteration 15
time: 0.133294s
Iteration 16
time: 0.134953s
Iteration 17
time: 0.132995s
Iteration 18
time: 0.179342s
Iteration 19
time: 0.140783s
Iteration 20
time: 0.138756s
Iteration 21
time: 0.138709s
Iteration 22
time: 0.141135s
Iteration 23
time: 0.134458s
Iteration 24
time: 0.132481s
4: Starting numprocs=8 N=4000, M=4000 impl=allreduce
0: Starting numprocs=8 N=4000, M=4000 impl=allreduce
Iteration 0
2: Starting numprocs=8 N=4000, M=4000 impl=allreduce
6: Starting numprocs=8 N=4000, M=4000 impl=allreduce
5: Starting numprocs=8 N=4000, M=4000 impl=allreduce
3: Starting numprocs=8 N=4000, M=4000 impl=allreduce
7: Starting numprocs=8 N=4000, M=4000 impl=allreduce
1: Starting numprocs=8 N=4000, M=4000 impl=allreduce
time: 0.392790s
Iteration 1
time: 0.324713s
Iteration 2
time: 0.331915s
Iteration 3
time: 0.332404s
Iteration 4
time: 0.331631s
Iteration 5
time: 0.334427s
Iteration 6
time: 0.333317s
Iteration 7
time: 0.344449s
Iteration 8
time: 0.347176s
Iteration 9
time: 0.337147s
Iteration 10
time: 0.337007s
Iteration 11
time: 0.338202s
Iteration 12
time: 0.368775s
Iteration 13
time: 0.343703s
Iteration 14
time: 0.340461s
Iteration 15
time: 0.335018s
Iteration 16
time: 6.834134s
Iteration 17
time: 0.342172s
Iteration 18
time: 0.350437s
Iteration 19
time: 0.340287s
Iteration 20
time: 0.335479s
Iteration 21
time: 0.347919s
Iteration 22
time: 0.347350s
Iteration 23
time: 0.343371s
Iteration 24
time: 0.335984s
0: Starting numprocs=8 N=4000, M=4000 impl=allreduce-ring
Iteration 0
4: Starting numprocs=8 N=4000, M=4000 impl=allreduce-ring
3: Starting numprocs=8 N=4000, M=4000 impl=allreduce-ring
2: Starting numprocs=8 N=4000, M=4000 impl=allreduce-ring
5: Starting numprocs=8 N=4000, M=4000 impl=allreduce-ring
6: Starting numprocs=8 N=4000, M=4000 impl=allreduce-ring
7: Starting numprocs=8 N=4000, M=4000 impl=allreduce-ring
1: Starting numprocs=8 N=4000, M=4000 impl=allreduce-ring
time: 0.259023s
Iteration 1
time: 0.225595s
Iteration 2
time: 0.220959s
Iteration 3
time: 0.225593s
Iteration 4
time: 0.223756s
Iteration 5
time: 0.236215s
Iteration 6
time: 0.229402s
Iteration 7
time: 0.230971s
Iteration 8
time: 10.673783s
Iteration 9
time: 0.222776s
Iteration 10
time: 1.519450s
Iteration 11
time: 0.224848s
Iteration 12
time: 0.228701s
Iteration 13
time: 0.237185s
Iteration 14
time: 0.233793s
Iteration 15
time: 0.230234s
Iteration 16
time: 0.219699s
Iteration 17
time: 0.226896s
Iteration 18
time: 0.226104s
Iteration 19
time: 0.231405s
Iteration 20
time: 0.234060s
Iteration 21
time: 0.233122s
Iteration 22
time: 0.220020s
Iteration 23
time: 0.229282s
Iteration 24
time: 0.226765s
4: Starting numprocs=8 N=4000, M=4000 impl=g-rabenseifner-allgather
0: Starting numprocs=8 N=4000, M=4000 impl=g-rabenseifner-allgather
Iteration 0
3: Starting numprocs=8 N=4000, M=4000 impl=g-rabenseifner-allgather
2: Starting numprocs=8 N=4000, M=4000 impl=g-rabenseifner-allgather
6: Starting numprocs=8 N=4000, M=4000 impl=g-rabenseifner-allgather
5: Starting numprocs=8 N=4000, M=4000 impl=g-rabenseifner-allgather
1: Starting numprocs=8 N=4000, M=4000 impl=g-rabenseifner-allgather
7: Starting numprocs=8 N=4000, M=4000 impl=g-rabenseifner-allgather
time: 0.131833s
Iteration 1
time: 0.109459s
Iteration 2
time: 0.109335s
Iteration 3
time: 0.109114s
Iteration 4
time: 0.111117s
Iteration 5
time: 0.109371s
Iteration 6
time: 0.109275s
Iteration 7
time: 0.124889s
Iteration 8
time: 0.109664s
Iteration 9
time: 0.109485s
Iteration 10
time: 0.109605s
Iteration 11
time: 0.120459s
Iteration 12
time: 0.109020s
Iteration 13
time: 0.109708s
Iteration 14
time: 0.109261s
Iteration 15
time: 0.109069s
Iteration 16
time: 0.108988s
Iteration 17
time: 0.108910s
Iteration 18
time: 0.109138s
Iteration 19
time: 0.109029s
Iteration 20
time: 0.109260s
Iteration 21
time: 2.258827s
Iteration 22
time: 0.111007s
Iteration 23
time: 0.110144s
Iteration 24
time: 0.109682s
4: Starting numprocs=8 N=4000, M=4000 impl=g-rabenseifner-subgroup-2
0: Starting numprocs=8 N=4000, M=4000 impl=g-rabenseifner-subgroup-2
Iteration 0
3: Starting numprocs=8 N=4000, M=4000 impl=g-rabenseifner-subgroup-2
2: Starting numprocs=8 N=4000, M=4000 impl=g-rabenseifner-subgroup-2
1: Starting numprocs=8 N=4000, M=4000 impl=g-rabenseifner-subgroup-2
6: Starting numprocs=8 N=4000, M=4000 impl=g-rabenseifner-subgroup-2
5: Starting numprocs=8 N=4000, M=4000 impl=g-rabenseifner-subgroup-2
7: Starting numprocs=8 N=4000, M=4000 impl=g-rabenseifner-subgroup-2
time: 0.145030s
Iteration 1
time: 0.110174s
Iteration 2
time: 0.111372s
Iteration 3
time: 0.109935s
Iteration 4
time: 0.110826s
Iteration 5
time: 0.110782s
Iteration 6
time: 0.109984s
Iteration 7
time: 0.109840s
Iteration 8
time: 0.109712s
Iteration 9
time: 0.109752s
Iteration 10
time: 0.109937s
Iteration 11
time: 0.109802s
Iteration 12
time: 0.109453s
Iteration 13
time: 0.109340s
Iteration 14
time: 0.109822s
Iteration 15
time: 0.109322s
Iteration 16
time: 0.111221s
Iteration 17
time: 0.110193s
Iteration 18
time: 0.109970s
Iteration 19
time: 0.111476s
Iteration 20
time: 0.109933s
Iteration 21
time: 0.110268s
Iteration 22
time: 0.109802s
Iteration 23
time: 0.110568s
Iteration 24
time: 0.109771s
4: Starting numprocs=8 N=4000, M=4000 impl=g-rabenseifner-subgroup-4
0: Starting numprocs=8 N=4000, M=4000 impl=g-rabenseifner-subgroup-4
Iteration 0
2: Starting numprocs=8 N=4000, M=4000 impl=g-rabenseifner-subgroup-4
3: Starting numprocs=8 N=4000, M=4000 impl=g-rabenseifner-subgroup-4
1: Starting numprocs=8 N=4000, M=4000 impl=g-rabenseifner-subgroup-4
5: Starting numprocs=8 N=4000, M=4000 impl=g-rabenseifner-subgroup-4
6: Starting numprocs=8 N=4000, M=4000 impl=g-rabenseifner-subgroup-4
7: Starting numprocs=8 N=4000, M=4000 impl=g-rabenseifner-subgroup-4
time: 0.125518s
Iteration 1
time: 0.111583s
Iteration 2
time: 0.110179s
Iteration 3
time: 0.111903s
Iteration 4
time: 0.111669s
Iteration 5
time: 0.112244s
Iteration 6
time: 0.112486s
Iteration 7
time: 1.785361s
Iteration 8
time: 0.109997s
Iteration 9
time: 0.110808s
Iteration 10
time: 0.119370s
Iteration 11
time: 0.111545s
Iteration 12
time: 0.111246s
Iteration 13
time: 0.111204s
Iteration 14
time: 0.110885s
Iteration 15
time: 0.110385s
Iteration 16
time: 0.109664s
Iteration 17
time: 0.108701s
Iteration 18
time: 0.109295s
Iteration 19
time: 0.110711s
Iteration 20
time: 0.109389s
Iteration 21
time: 0.110267s
Iteration 22
time: 0.111201s
Iteration 23
time: 0.110434s
Iteration 24
time: 0.116496s
3: Starting numprocs=8 N=4000, M=4000 impl=g-rabenseifner-subgroup-8
0: Starting numprocs=8 N=4000, M=4000 impl=g-rabenseifner-subgroup-8
Iteration 0
4: Starting numprocs=8 N=4000, M=4000 impl=g-rabenseifner-subgroup-8
2: Starting numprocs=8 N=4000, M=4000 impl=g-rabenseifner-subgroup-8
6: Starting numprocs=8 N=4000, M=4000 impl=g-rabenseifner-subgroup-8
1: Starting numprocs=8 N=4000, M=4000 impl=g-rabenseifner-subgroup-8
5: Starting numprocs=8 N=4000, M=4000 impl=g-rabenseifner-subgroup-8
7: Starting numprocs=8 N=4000, M=4000 impl=g-rabenseifner-subgroup-8
time: 0.125135s
Iteration 1
time: 0.111788s
Iteration 2
time: 0.113681s
Iteration 3
time: 0.112801s
Iteration 4
time: 0.115422s
Iteration 5
time: 0.112473s
Iteration 6
time: 0.112250s
Iteration 7
time: 0.112636s
Iteration 8
time: 0.113790s
Iteration 9
time: 0.115095s
Iteration 10
time: 0.112737s
Iteration 11
time: 0.114036s
Iteration 12
time: 0.113402s
Iteration 13
time: 0.113475s
Iteration 14
time: 0.111860s
Iteration 15
time: 0.112712s
Iteration 16
time: 0.114630s
Iteration 17
time: 0.111814s
Iteration 18
time: 0.112669s
Iteration 19
time: 0.113951s
Iteration 20
time: 0.112566s
Iteration 21
time: 0.113232s
Iteration 22
time: 0.114851s
Iteration 23
time: 0.114128s
Iteration 24
time: 0.115078s
0: Starting numprocs=8 N=5000, M=5000 impl=allgather
Iteration 0
4: Starting numprocs=8 N=5000, M=5000 impl=allgather
3: Starting numprocs=8 N=5000, M=5000 impl=allgather
2: Starting numprocs=8 N=5000, M=5000 impl=allgather
5: Starting numprocs=8 N=5000, M=5000 impl=allgather
1: Starting numprocs=8 N=5000, M=5000 impl=allgather
7: Starting numprocs=8 N=5000, M=5000 impl=allgather
6: Starting numprocs=8 N=5000, M=5000 impl=allgather
time: 0.235536s
Iteration 1
time: 0.221973s
Iteration 2
time: 0.233735s
Iteration 3
time: 0.220223s
Iteration 4
time: 0.225894s
Iteration 5
time: 0.230123s
Iteration 6
time: 0.220040s
Iteration 7
time: 0.221930s
Iteration 8
time: 0.221104s
Iteration 9
time: 0.222287s
Iteration 10
time: 0.224157s
Iteration 11
time: 0.260509s
Iteration 12
time: 0.232209s
Iteration 13
time: 0.222266s
Iteration 14
time: 0.225523s
Iteration 15
time: 0.220418s
Iteration 16
time: 0.227028s
Iteration 17
time: 0.219936s
Iteration 18
time: 0.225387s
Iteration 19
time: 0.239024s
Iteration 20
time: 0.222001s
Iteration 21
time: 0.219392s
Iteration 22
time: 0.223560s
Iteration 23
time: 0.223227s
Iteration 24
time: 0.223189s
0: Starting numprocs=8 N=5000, M=5000 impl=allreduce
Iteration 0
4: Starting numprocs=8 N=5000, M=5000 impl=allreduce
2: Starting numprocs=8 N=5000, M=5000 impl=allreduce
3: Starting numprocs=8 N=5000, M=5000 impl=allreduce
5: Starting numprocs=8 N=5000, M=5000 impl=allreduce
6: Starting numprocs=8 N=5000, M=5000 impl=allreduce
1: Starting numprocs=8 N=5000, M=5000 impl=allreduce
7: Starting numprocs=8 N=5000, M=5000 impl=allreduce
time: 0.617025s
Iteration 1
time: 0.515502s
Iteration 2
time: 0.533295s
Iteration 3
time: 0.538533s
Iteration 4
time: 0.524048s
Iteration 5
time: 0.540399s
Iteration 6
time: 0.543418s
Iteration 7
time: 0.528070s
Iteration 8
time: 0.518671s
Iteration 9
time: 0.540682s
Iteration 10
time: 0.567863s
Iteration 11
time: 0.539173s
Iteration 12
time: 0.547705s
Iteration 13
time: 0.544015s
Iteration 14
time: 0.534970s
Iteration 15
time: 0.540161s
Iteration 16
time: 0.512707s
Iteration 17
time: 0.586066s
Iteration 18
time: 2.138427s
Iteration 19
time: 0.528690s
Iteration 20
time: 0.536695s
Iteration 21
time: 0.543858s
Iteration 22
time: 2.630712s
Iteration 23
time: 0.540725s
Iteration 24
time: 0.526295s
0: Starting numprocs=8 N=5000, M=5000 impl=allreduce-ring
Iteration 0
4: Starting numprocs=8 N=5000, M=5000 impl=allreduce-ring
3: Starting numprocs=8 N=5000, M=5000 impl=allreduce-ring
2: Starting numprocs=8 N=5000, M=5000 impl=allreduce-ring
5: Starting numprocs=8 N=5000, M=5000 impl=allreduce-ring
6: Starting numprocs=8 N=5000, M=5000 impl=allreduce-ring
1: Starting numprocs=8 N=5000, M=5000 impl=allreduce-ring
7: Starting numprocs=8 N=5000, M=5000 impl=allreduce-ring
time: 0.397552s
Iteration 1
time: 0.354351s
Iteration 2
time: 0.348426s
Iteration 3
time: 0.357353s
Iteration 4
time: 0.352126s
Iteration 5
time: 0.352399s
Iteration 6
time: 0.358668s
Iteration 7
time: 0.357545s
Iteration 8
time: 0.369353s
Iteration 9
time: 0.363446s
Iteration 10
time: 0.351667s
Iteration 11
time: 0.369253s
Iteration 12
time: 0.351403s
Iteration 13
time: 0.351821s
Iteration 14
time: 0.345929s
Iteration 15
time: 0.346310s
Iteration 16
time: 0.355589s
Iteration 17
time: 0.362891s
Iteration 18
time: 0.352276s
Iteration 19
time: 0.357188s
Iteration 20
time: 8.626903s
Iteration 21
time: 0.366098s
Iteration 22
time: 0.360156s
Iteration 23
time: 0.356551s
Iteration 24
time: 0.353088s
4: Starting numprocs=8 N=5000, M=5000 impl=g-rabenseifner-allgather
0: Starting numprocs=8 N=5000, M=5000 impl=g-rabenseifner-allgather
Iteration 0
3: Starting numprocs=8 N=5000, M=5000 impl=g-rabenseifner-allgather
2: Starting numprocs=8 N=5000, M=5000 impl=g-rabenseifner-allgather
5: Starting numprocs=8 N=5000, M=5000 impl=g-rabenseifner-allgather
6: Starting numprocs=8 N=5000, M=5000 impl=g-rabenseifner-allgather
7: Starting numprocs=8 N=5000, M=5000 impl=g-rabenseifner-allgather
1: Starting numprocs=8 N=5000, M=5000 impl=g-rabenseifner-allgather
time: 0.203895s
Iteration 1
time: 0.171091s
Iteration 2
time: 0.171480s
Iteration 3
time: 0.170296s
Iteration 4
time: 0.171239s
Iteration 5
time: 0.171423s
Iteration 6
time: 0.171808s
Iteration 7
time: 0.170146s
Iteration 8
time: 0.170872s
Iteration 9
time: 0.170842s
Iteration 10
time: 0.170419s
Iteration 11
time: 0.171105s
Iteration 12
time: 0.171656s
Iteration 13
time: 0.170548s
Iteration 14
time: 0.170669s
Iteration 15
time: 0.171312s
Iteration 16
time: 0.171583s
Iteration 17
time: 0.170148s
Iteration 18
time: 0.171138s
Iteration 19
time: 0.170464s
Iteration 20
time: 0.171846s
Iteration 21
time: 0.171819s
Iteration 22
time: 0.170939s
Iteration 23
time: 0.171789s
Iteration 24
time: 0.170504s
4: Starting numprocs=8 N=5000, M=5000 impl=g-rabenseifner-subgroup-2
0: Starting numprocs=8 N=5000, M=5000 impl=g-rabenseifner-subgroup-2
Iteration 0
3: Starting numprocs=8 N=5000, M=5000 impl=g-rabenseifner-subgroup-2
2: Starting numprocs=8 N=5000, M=5000 impl=g-rabenseifner-subgroup-2
1: Starting numprocs=8 N=5000, M=5000 impl=g-rabenseifner-subgroup-2
5: Starting numprocs=8 N=5000, M=5000 impl=g-rabenseifner-subgroup-2
6: Starting numprocs=8 N=5000, M=5000 impl=g-rabenseifner-subgroup-2
7: Starting numprocs=8 N=5000, M=5000 impl=g-rabenseifner-subgroup-2
time: 0.212734s
Iteration 1
time: 1.432403s
Iteration 2
time: 0.173706s
Iteration 3
time: 1.930855s
Iteration 4
time: 0.172637s
Iteration 5
time: 0.174255s
Iteration 6
time: 0.172404s
Iteration 7
time: 0.171164s
Iteration 8
time: 0.172983s
Iteration 9
time: 0.176011s
Iteration 10
time: 0.172578s
Iteration 11
time: 0.173877s
Iteration 12
time: 0.173405s
Iteration 13
time: 0.173395s
Iteration 14
time: 0.171468s
Iteration 15
time: 0.171858s
Iteration 16
time: 1.929060s
Iteration 17
time: 0.178705s
Iteration 18
time: 0.171537s
Iteration 19
time: 0.172656s
Iteration 20
time: 0.173225s
Iteration 21
time: 0.173261s
Iteration 22
time: 0.172148s
Iteration 23
time: 0.172273s
Iteration 24
time: 0.173959s
0: Starting numprocs=8 N=5000, M=5000 impl=g-rabenseifner-subgroup-4
Iteration 0
4: Starting numprocs=8 N=5000, M=5000 impl=g-rabenseifner-subgroup-4
2: Starting numprocs=8 N=5000, M=5000 impl=g-rabenseifner-subgroup-4
3: Starting numprocs=8 N=5000, M=5000 impl=g-rabenseifner-subgroup-4
5: Starting numprocs=8 N=5000, M=5000 impl=g-rabenseifner-subgroup-4
6: Starting numprocs=8 N=5000, M=5000 impl=g-rabenseifner-subgroup-4
1: Starting numprocs=8 N=5000, M=5000 impl=g-rabenseifner-subgroup-4
7: Starting numprocs=8 N=5000, M=5000 impl=g-rabenseifner-subgroup-4
time: 0.195453s
Iteration 1
time: 0.171246s
Iteration 2
time: 0.169858s
Iteration 3
time: 0.170091s
Iteration 4
time: 0.171422s
Iteration 5
time: 0.170191s
Iteration 6
time: 0.170664s
Iteration 7
time: 0.171737s
Iteration 8
time: 0.170459s
Iteration 9
time: 0.171842s
Iteration 10
time: 0.170129s
Iteration 11
time: 0.173953s
Iteration 12
time: 0.172175s
Iteration 13
time: 0.172189s
Iteration 14
time: 0.172208s
Iteration 15
time: 0.172329s
Iteration 16
time: 1.913965s
Iteration 17
time: 0.172848s
Iteration 18
time: 0.184465s
Iteration 19
time: 0.171837s
Iteration 20
time: 0.172778s
Iteration 21
time: 0.172224s
Iteration 22
time: 0.171899s
Iteration 23
time: 0.169957s
Iteration 24
time: 0.171439s
4: Starting numprocs=8 N=5000, M=5000 impl=g-rabenseifner-subgroup-8
0: Starting numprocs=8 N=5000, M=5000 impl=g-rabenseifner-subgroup-8
Iteration 0
3: Starting numprocs=8 N=5000, M=5000 impl=g-rabenseifner-subgroup-8
2: Starting numprocs=8 N=5000, M=5000 impl=g-rabenseifner-subgroup-8
1: Starting numprocs=8 N=5000, M=5000 impl=g-rabenseifner-subgroup-8
5: Starting numprocs=8 N=5000, M=5000 impl=g-rabenseifner-subgroup-8
6: Starting numprocs=8 N=5000, M=5000 impl=g-rabenseifner-subgroup-8
7: Starting numprocs=8 N=5000, M=5000 impl=g-rabenseifner-subgroup-8
time: 0.185953s
Iteration 1
time: 0.178192s
Iteration 2
time: 0.179159s
Iteration 3
time: 0.177163s
Iteration 4
time: 0.177574s
Iteration 5
time: 0.178518s
Iteration 6
time: 0.177302s
Iteration 7
time: 0.178742s
Iteration 8
time: 0.177545s
Iteration 9
time: 0.176668s
Iteration 10
time: 0.178210s
Iteration 11
time: 0.178244s
Iteration 12
time: 0.178391s
Iteration 13
time: 0.177426s
Iteration 14
time: 0.177587s
Iteration 15
time: 0.176973s
Iteration 16
time: 0.178667s
Iteration 17
time: 0.180601s
Iteration 18
time: 0.177286s
Iteration 19
time: 0.176919s
Iteration 20
time: 0.178141s
Iteration 21
time: 0.178417s
Iteration 22
time: 0.178440s
Iteration 23
time: 0.179415s
Iteration 24
time: 0.177424s
4: Starting numprocs=8 N=6000, M=6000 impl=allgather
0: Starting numprocs=8 N=6000, M=6000 impl=allgather
Iteration 0
3: Starting numprocs=8 N=6000, M=6000 impl=allgather
2: Starting numprocs=8 N=6000, M=6000 impl=allgather
5: Starting numprocs=8 N=6000, M=6000 impl=allgather
1: Starting numprocs=8 N=6000, M=6000 impl=allgather
6: Starting numprocs=8 N=6000, M=6000 impl=allgather
7: Starting numprocs=8 N=6000, M=6000 impl=allgather
time: 0.331735s
Iteration 1
time: 0.325544s
Iteration 2
time: 0.336662s
Iteration 3
time: 0.325254s
Iteration 4
time: 0.322352s
Iteration 5
time: 0.324521s
Iteration 6
time: 0.328277s
Iteration 7
time: 0.331588s
Iteration 8
time: 0.325667s
Iteration 9
time: 0.327110s
Iteration 10
time: 0.322075s
Iteration 11
time: 0.320103s
Iteration 12
time: 0.331041s
Iteration 13
time: 0.321907s
Iteration 14
time: 0.318742s
Iteration 15
time: 0.319080s
Iteration 16
time: 0.319321s
Iteration 17
time: 0.320143s
Iteration 18
time: 0.319128s
Iteration 19
time: 0.318641s
Iteration 20
time: 0.330924s
Iteration 21
time: 0.319034s
Iteration 22
time: 0.319206s
Iteration 23
time: 0.319871s
Iteration 24
time: 0.320994s
0: Starting numprocs=8 N=6000, M=6000 impl=allreduce
Iteration 0
4: Starting numprocs=8 N=6000, M=6000 impl=allreduce
3: Starting numprocs=8 N=6000, M=6000 impl=allreduce
2: Starting numprocs=8 N=6000, M=6000 impl=allreduce
5: Starting numprocs=8 N=6000, M=6000 impl=allreduce
6: Starting numprocs=8 N=6000, M=6000 impl=allreduce
1: Starting numprocs=8 N=6000, M=6000 impl=allreduce
7: Starting numprocs=8 N=6000, M=6000 impl=allreduce
time: 0.855500s
Iteration 1
time: 0.772331s
Iteration 2
time: 0.732056s
Iteration 3
time: 0.737854s
Iteration 4
time: 0.759308s
Iteration 5
time: 0.778699s
Iteration 6
time: 0.738231s
Iteration 7
time: 0.772559s
Iteration 8
time: 0.774051s
Iteration 9
time: 0.758980s
Iteration 10
time: 0.745966s
Iteration 11
time: 0.768429s
Iteration 12
time: 0.782911s
Iteration 13
time: 0.774281s
Iteration 14
time: 0.750268s
Iteration 15
time: 0.739143s
Iteration 16
time: 0.762037s
Iteration 17
time: 0.737932s
Iteration 18
time: 0.767916s
Iteration 19
time: 0.752968s
Iteration 20
time: 4.536243s
Iteration 21
time: 0.755330s
Iteration 22
time: 0.739558s
Iteration 23
time: 0.734369s
Iteration 24
time: 0.784907s
0: Starting numprocs=8 N=6000, M=6000 impl=allreduce-ring
Iteration 0
4: Starting numprocs=8 N=6000, M=6000 impl=allreduce-ring
3: Starting numprocs=8 N=6000, M=6000 impl=allreduce-ring
2: Starting numprocs=8 N=6000, M=6000 impl=allreduce-ring
5: Starting numprocs=8 N=6000, M=6000 impl=allreduce-ring
6: Starting numprocs=8 N=6000, M=6000 impl=allreduce-ring
1: Starting numprocs=8 N=6000, M=6000 impl=allreduce-ring
7: Starting numprocs=8 N=6000, M=6000 impl=allreduce-ring
time: 0.707337s
Iteration 1
time: 0.584075s
Iteration 2
time: 0.594010s
Iteration 3
time: 0.607986s
Iteration 4
time: 0.582620s
Iteration 5
time: 0.588031s
Iteration 6
time: 0.596603s
Iteration 7
time: 0.597597s
Iteration 8
time: 0.609240s
Iteration 9
time: 0.589997s
Iteration 10
time: 0.588836s
Iteration 11
time: 0.584477s
Iteration 12
time: 0.576882s
Iteration 13
time: 0.596434s
Iteration 14
time: 0.592332s
Iteration 15
time: 0.580905s
Iteration 16
time: 0.592676s
Iteration 17
time: 0.586170s
Iteration 18
time: 0.595411s
Iteration 19
time: 0.590544s
Iteration 20
time: 0.580138s
Iteration 21
time: 0.597784s
Iteration 22
time: 0.599799s
Iteration 23
time: 0.602573s
Iteration 24
time: 0.597296s
0: Starting numprocs=8 N=6000, M=6000 impl=g-rabenseifner-allgather
Iteration 0
3: Starting numprocs=8 N=6000, M=6000 impl=g-rabenseifner-allgather
4: Starting numprocs=8 N=6000, M=6000 impl=g-rabenseifner-allgather
2: Starting numprocs=8 N=6000, M=6000 impl=g-rabenseifner-allgather
1: Starting numprocs=8 N=6000, M=6000 impl=g-rabenseifner-allgather
6: Starting numprocs=8 N=6000, M=6000 impl=g-rabenseifner-allgather
5: Starting numprocs=8 N=6000, M=6000 impl=g-rabenseifner-allgather
7: Starting numprocs=8 N=6000, M=6000 impl=g-rabenseifner-allgather
time: 0.286582s
Iteration 1
time: 0.246163s
Iteration 2
time: 0.247683s
Iteration 3
time: 0.245729s
Iteration 4
time: 0.249295s
Iteration 5
time: 0.245896s
Iteration 6
time: 0.246631s
Iteration 7
time: 0.244993s
Iteration 8
time: 0.247803s
Iteration 9
time: 0.245868s
Iteration 10
time: 0.245355s
Iteration 11
time: 0.247099s
Iteration 12
time: 0.249398s
Iteration 13
time: 0.250873s
Iteration 14
time: 0.245732s
Iteration 15
time: 0.246195s
Iteration 16
time: 0.247632s
Iteration 17
time: 0.246937s
Iteration 18
time: 0.247612s
Iteration 19
time: 0.249042s
Iteration 20
time: 0.247086s
Iteration 21
time: 0.245979s
Iteration 22
time: 0.247309s
Iteration 23
time: 0.245554s
Iteration 24
time: 0.246279s
0: Starting numprocs=8 N=6000, M=6000 impl=g-rabenseifner-subgroup-2
Iteration 0
4: Starting numprocs=8 N=6000, M=6000 impl=g-rabenseifner-subgroup-2
3: Starting numprocs=8 N=6000, M=6000 impl=g-rabenseifner-subgroup-2
2: Starting numprocs=8 N=6000, M=6000 impl=g-rabenseifner-subgroup-2
5: Starting numprocs=8 N=6000, M=6000 impl=g-rabenseifner-subgroup-2
1: Starting numprocs=8 N=6000, M=6000 impl=g-rabenseifner-subgroup-2
6: Starting numprocs=8 N=6000, M=6000 impl=g-rabenseifner-subgroup-2
7: Starting numprocs=8 N=6000, M=6000 impl=g-rabenseifner-subgroup-2
time: 0.304369s
Iteration 1
time: 0.249065s
Iteration 2
time: 0.249904s
Iteration 3
time: 0.248135s
Iteration 4
time: 0.248201s
Iteration 5
time: 0.250245s
Iteration 6
time: 0.249670s
Iteration 7
time: 0.249306s
Iteration 8
time: 0.246983s
Iteration 9
time: 0.246797s
Iteration 10
time: 0.250378s
Iteration 11
time: 0.249757s
Iteration 12
time: 0.248164s
Iteration 13
time: 6.334548s
Iteration 14
time: 0.258156s
Iteration 15
time: 0.250746s
Iteration 16
time: 0.249699s
Iteration 17
time: 0.248226s
Iteration 18
time: 0.250805s
Iteration 19
time: 0.248601s
Iteration 20
time: 0.248028s
Iteration 21
time: 34.880215s
Iteration 22
time: 0.247437s
Iteration 23
time: 0.247824s
Iteration 24
time: 0.245985s
0: Starting numprocs=8 N=6000, M=6000 impl=g-rabenseifner-subgroup-4
Iteration 0
4: Starting numprocs=8 N=6000, M=6000 impl=g-rabenseifner-subgroup-4
3: Starting numprocs=8 N=6000, M=6000 impl=g-rabenseifner-subgroup-4
2: Starting numprocs=8 N=6000, M=6000 impl=g-rabenseifner-subgroup-4
1: Starting numprocs=8 N=6000, M=6000 impl=g-rabenseifner-subgroup-4
6: Starting numprocs=8 N=6000, M=6000 impl=g-rabenseifner-subgroup-4
5: Starting numprocs=8 N=6000, M=6000 impl=g-rabenseifner-subgroup-4
7: Starting numprocs=8 N=6000, M=6000 impl=g-rabenseifner-subgroup-4
time: 10.256640s
Iteration 1
time: 0.247630s
Iteration 2
time: 0.247930s
Iteration 3
time: 0.247555s
Iteration 4
time: 0.249065s
Iteration 5
time: 0.247205s
Iteration 6
time: 0.249580s
Iteration 7
time: 6.798933s
Iteration 8
time: 0.247952s
Iteration 9
time: 0.270371s
Iteration 10
time: 0.249925s
Iteration 11
time: 0.249361s
Iteration 12
time: 0.250058s
Iteration 13
time: 0.250748s
Iteration 14
time: 0.248785s
Iteration 15
time: 30.550468s
Iteration 16
time: 0.248161s
Iteration 17
time: 0.248760s
Iteration 18
time: 0.250470s
Iteration 19
time: 0.251882s
Iteration 20
time: 0.249386s
Iteration 21
time: 0.248220s
Iteration 22
time: 11.072173s
Iteration 23
time: 0.247698s
Iteration 24
time: 0.249447s
0: Starting numprocs=8 N=6000, M=6000 impl=g-rabenseifner-subgroup-8
Iteration 0
4: Starting numprocs=8 N=6000, M=6000 impl=g-rabenseifner-subgroup-8
3: Starting numprocs=8 N=6000, M=6000 impl=g-rabenseifner-subgroup-8
2: Starting numprocs=8 N=6000, M=6000 impl=g-rabenseifner-subgroup-8
5: Starting numprocs=8 N=6000, M=6000 impl=g-rabenseifner-subgroup-8
6: Starting numprocs=8 N=6000, M=6000 impl=g-rabenseifner-subgroup-8
1: Starting numprocs=8 N=6000, M=6000 impl=g-rabenseifner-subgroup-8
7: Starting numprocs=8 N=6000, M=6000 impl=g-rabenseifner-subgroup-8
time: 0.272227s
Iteration 1
time: 0.260718s
Iteration 2
time: 0.259307s
Iteration 3
time: 0.259983s
Iteration 4
time: 0.260953s
Iteration 5
time: 0.260564s
Iteration 6
time: 0.263036s
Iteration 7
time: 0.259409s
Iteration 8
time: 0.260397s
Iteration 9
time: 0.262006s
Iteration 10
time: 0.268594s
Iteration 11
time: 0.264013s
Iteration 12
time: 0.282119s
Iteration 13
time: 0.266093s
Iteration 14
time: 0.265912s
Iteration 15
time: 0.262878s
Iteration 16
time: 0.273148s
Iteration 17
time: 0.264618s
Iteration 18
time: 0.263070s
Iteration 19
time: 0.265879s
Iteration 20
time: 0.265893s
Iteration 21
time: 0.265367s
Iteration 22
time: 0.280542s
Iteration 23
time: 0.260860s
Iteration 24
time: 0.260088s
4: Starting numprocs=8 N=7000, M=7000 impl=allgather
0: Starting numprocs=8 N=7000, M=7000 impl=allgather
Iteration 0
3: Starting numprocs=8 N=7000, M=7000 impl=allgather
2: Starting numprocs=8 N=7000, M=7000 impl=allgather
5: Starting numprocs=8 N=7000, M=7000 impl=allgather
6: Starting numprocs=8 N=7000, M=7000 impl=allgather
1: Starting numprocs=8 N=7000, M=7000 impl=allgather
7: Starting numprocs=8 N=7000, M=7000 impl=allgather
time: 0.449538s
Iteration 1
time: 0.470616s
Iteration 2
time: 0.496884s
Iteration 3
time: 0.472115s
Iteration 4
time: 0.490804s
Iteration 5
time: 0.441882s
Iteration 6
time: 0.441932s
Iteration 7
time: 0.450386s
Iteration 8
time: 0.441980s
Iteration 9
time: 0.445275s
Iteration 10
time: 0.441056s
Iteration 11
time: 0.446010s
Iteration 12
time: 0.441623s
Iteration 13
time: 0.441754s
Iteration 14
time: 0.443956s
Iteration 15
time: 0.440930s
Iteration 16
time: 0.442205s
Iteration 17
time: 0.441245s
Iteration 18
time: 0.441202s
Iteration 19
time: 0.440496s
Iteration 20
time: 0.440489s
Iteration 21
time: 0.440460s
Iteration 22
time: 0.440880s
Iteration 23
time: 0.441318s
Iteration 24
time: 0.442982s
4: Starting numprocs=8 N=7000, M=7000 impl=allreduce
0: Starting numprocs=8 N=7000, M=7000 impl=allreduce
Iteration 0
3: Starting numprocs=8 N=7000, M=7000 impl=allreduce
2: Starting numprocs=8 N=7000, M=7000 impl=allreduce
1: Starting numprocs=8 N=7000, M=7000 impl=allreduce
5: Starting numprocs=8 N=7000, M=7000 impl=allreduce
6: Starting numprocs=8 N=7000, M=7000 impl=allreduce
7: Starting numprocs=8 N=7000, M=7000 impl=allreduce
time: 1.134439s
Iteration 1
time: 1.025036s
Iteration 2
time: 1.037113s
Iteration 3
time: 1.054854s
Iteration 4
time: 1.042571s
Iteration 5
time: 1.026683s
Iteration 6
time: 1.035438s
Iteration 7
time: 1.047917s
Iteration 8
time: 1.021424s
Iteration 9
time: 1.013250s
Iteration 10
time: 1.009876s
Iteration 11
time: 1.020007s
Iteration 12
time: 1.025696s
Iteration 13
time: 1.059827s
Iteration 14
time: 20.108076s
Iteration 15
time: 1.030578s
Iteration 16
time: 1.052475s
Iteration 17
time: 1.010491s
Iteration 18
time: 1.003636s
Iteration 19
time: 1.032356s
Iteration 20
time: 1.019717s
Iteration 21
time: 1.028830s
Iteration 22
time: 1.051211s
Iteration 23
time: 1.011406s
Iteration 24
time: 1.036553s
3: Starting numprocs=8 N=7000, M=7000 impl=allreduce-ring
4: Starting numprocs=8 N=7000, M=7000 impl=allreduce-ring
0: Starting numprocs=8 N=7000, M=7000 impl=allreduce-ring
Iteration 0
2: Starting numprocs=8 N=7000, M=7000 impl=allreduce-ring
5: Starting numprocs=8 N=7000, M=7000 impl=allreduce-ring
6: Starting numprocs=8 N=7000, M=7000 impl=allreduce-ring
7: Starting numprocs=8 N=7000, M=7000 impl=allreduce-ring
1: Starting numprocs=8 N=7000, M=7000 impl=allreduce-ring
time: 0.939627s
Iteration 1
time: 0.792920s
Iteration 2
time: 0.810063s
Iteration 3
time: 0.811472s
Iteration 4
time: 0.796150s
Iteration 5
time: 0.817001s
Iteration 6
time: 0.799346s
Iteration 7
time: 0.807524s
Iteration 8
time: 0.806411s
Iteration 9
time: 0.830640s
Iteration 10
time: 0.824023s
Iteration 11
time: 22.070296s
Iteration 12
time: 35.451296s
Iteration 13
time: 0.823630s
Iteration 14
time: 2.968988s
Iteration 15
time: 0.804761s
Iteration 16
time: 0.819097s
Iteration 17
time: 0.817571s
Iteration 18
time: 0.806967s
Iteration 19
time: 0.795746s
Iteration 20
time: 0.797842s
Iteration 21
time: 0.818141s
Iteration 22
time: 0.812791s
Iteration 23
time: 0.818690s
Iteration 24
time: 0.809748s
0: Starting numprocs=8 N=7000, M=7000 impl=g-rabenseifner-allgather
Iteration 0
4: Starting numprocs=8 N=7000, M=7000 impl=g-rabenseifner-allgather
3: Starting numprocs=8 N=7000, M=7000 impl=g-rabenseifner-allgather
2: Starting numprocs=8 N=7000, M=7000 impl=g-rabenseifner-allgather
5: Starting numprocs=8 N=7000, M=7000 impl=g-rabenseifner-allgather
6: Starting numprocs=8 N=7000, M=7000 impl=g-rabenseifner-allgather
1: Starting numprocs=8 N=7000, M=7000 impl=g-rabenseifner-allgather
7: Starting numprocs=8 N=7000, M=7000 impl=g-rabenseifner-allgather
time: 0.382743s
Iteration 1
time: 0.335410s
Iteration 2
time: 0.336831s
Iteration 3
time: 0.336639s
Iteration 4
time: 0.335900s
Iteration 5
time: 0.337232s
Iteration 6
time: 0.335728s
Iteration 7
time: 0.336768s
Iteration 8
time: 0.335460s
Iteration 9
time: 0.334325s
Iteration 10
time: 0.336394s
Iteration 11
time: 0.334249s
Iteration 12
time: 0.334124s
Iteration 13
time: 0.335930s
Iteration 14
time: 0.333943s
Iteration 15
time: 0.335615s
Iteration 16
time: 0.336702s
Iteration 17
time: 21.592364s
Iteration 18
time: 0.337106s
Iteration 19
time: 0.338271s
Iteration 20
time: 0.336307s
Iteration 21
time: 0.338556s
Iteration 22
time: 0.336773s
Iteration 23
time: 0.334051s
Iteration 24
time: 0.334798s
0: Starting numprocs=8 N=7000, M=7000 impl=g-rabenseifner-subgroup-2
Iteration 0
4: Starting numprocs=8 N=7000, M=7000 impl=g-rabenseifner-subgroup-2
3: Starting numprocs=8 N=7000, M=7000 impl=g-rabenseifner-subgroup-2
2: Starting numprocs=8 N=7000, M=7000 impl=g-rabenseifner-subgroup-2
1: Starting numprocs=8 N=7000, M=7000 impl=g-rabenseifner-subgroup-2
5: Starting numprocs=8 N=7000, M=7000 impl=g-rabenseifner-subgroup-2
7: Starting numprocs=8 N=7000, M=7000 impl=g-rabenseifner-subgroup-2
6: Starting numprocs=8 N=7000, M=7000 impl=g-rabenseifner-subgroup-2
time: 0.403727s
Iteration 1
time: 0.339258s
Iteration 2
time: 0.340972s
Iteration 3
time: 0.338317s
Iteration 4
time: 0.341955s
Iteration 5
time: 0.366633s
Iteration 6
time: 0.337658s
Iteration 7
time: 0.338089s
Iteration 8
time: 0.337524s
Iteration 9
time: 0.343439s
Iteration 10
time: 0.337469s
Iteration 11
time: 0.337676s
Iteration 12
time: 0.347360s
Iteration 13
time: 0.337941s
Iteration 14
time: 0.339462s
Iteration 15
time: 0.340486s
Iteration 16
time: 12.943673s
Iteration 17
time: 0.343122s
Iteration 18
time: 0.339684s
Iteration 19
time: 0.340336s
Iteration 20
time: 0.340902s
Iteration 21
time: 13.431441s
Iteration 22
time: 0.340463s
Iteration 23
time: 0.339473s
Iteration 24
time: 0.339410s
4: Starting numprocs=8 N=7000, M=7000 impl=g-rabenseifner-subgroup-4
0: Starting numprocs=8 N=7000, M=7000 impl=g-rabenseifner-subgroup-4
Iteration 0
3: Starting numprocs=8 N=7000, M=7000 impl=g-rabenseifner-subgroup-4
1: Starting numprocs=8 N=7000, M=7000 impl=g-rabenseifner-subgroup-4
2: Starting numprocs=8 N=7000, M=7000 impl=g-rabenseifner-subgroup-4
5: Starting numprocs=8 N=7000, M=7000 impl=g-rabenseifner-subgroup-4
6: Starting numprocs=8 N=7000, M=7000 impl=g-rabenseifner-subgroup-4
7: Starting numprocs=8 N=7000, M=7000 impl=g-rabenseifner-subgroup-4
time: 0.429096s
Iteration 1
time: 0.344166s
Iteration 2
time: 0.341076s
Iteration 3
time: 0.341843s
Iteration 4
time: 0.340193s
Iteration 5
time: 0.340439s
Iteration 6
time: 0.343343s
Iteration 7
time: 0.355400s
Iteration 8
time: 0.342768s
Iteration 9
time: 0.339924s
Iteration 10
time: 0.338712s
Iteration 11
time: 0.343237s
Iteration 12
time: 0.344648s
Iteration 13
time: 0.346866s
Iteration 14
time: 0.339831s
Iteration 15
time: 0.340633s
Iteration 16
time: 0.339430s
Iteration 17
time: 0.339777s
Iteration 18
time: 0.345234s
Iteration 19
time: 0.345527s
Iteration 20
time: 0.344441s
Iteration 21
time: 0.339865s
Iteration 22
time: 0.340930s
Iteration 23
time: 0.340664s
Iteration 24
time: 0.343900s
4: Starting numprocs=8 N=7000, M=7000 impl=g-rabenseifner-subgroup-8
0: Starting numprocs=8 N=7000, M=7000 impl=g-rabenseifner-subgroup-8
Iteration 0
2: Starting numprocs=8 N=7000, M=7000 impl=g-rabenseifner-subgroup-8
3: Starting numprocs=8 N=7000, M=7000 impl=g-rabenseifner-subgroup-8
5: Starting numprocs=8 N=7000, M=7000 impl=g-rabenseifner-subgroup-8
6: Starting numprocs=8 N=7000, M=7000 impl=g-rabenseifner-subgroup-8
1: Starting numprocs=8 N=7000, M=7000 impl=g-rabenseifner-subgroup-8
7: Starting numprocs=8 N=7000, M=7000 impl=g-rabenseifner-subgroup-8
time: 0.360941s
Iteration 1
time: 0.346367s
Iteration 2
time: 0.349674s
Iteration 3
time: 0.355924s
Iteration 4
time: 0.372288s
Iteration 5
time: 0.351660s
Iteration 6
time: 0.346397s
Iteration 7
time: 0.348086s
Iteration 8
time: 0.355983s
Iteration 9
time: 0.359257s
Iteration 10
time: 0.355778s
Iteration 11
time: 0.351009s
Iteration 12
time: 0.346950s
Iteration 13
time: 0.348147s
Iteration 14
time: 0.355796s
Iteration 15
time: 0.358698s
Iteration 16
time: 0.357577s
Iteration 17
time: 0.346602s
Iteration 18
time: 0.348768s
Iteration 19
time: 0.350809s
Iteration 20
time: 0.361247s
Iteration 21
time: 0.380940s
Iteration 22
time: 0.350995s
Iteration 23
time: 0.348769s
Iteration 24
time: 0.346812s
4: Starting numprocs=8 N=8000, M=8000 impl=allgather
3: Starting numprocs=8 N=8000, M=8000 impl=allgather
0: Starting numprocs=8 N=8000, M=8000 impl=allgather
Iteration 0
2: Starting numprocs=8 N=8000, M=8000 impl=allgather
5: Starting numprocs=8 N=8000, M=8000 impl=allgather
1: Starting numprocs=8 N=8000, M=8000 impl=allgather
7: Starting numprocs=8 N=8000, M=8000 impl=allgather
6: Starting numprocs=8 N=8000, M=8000 impl=allgather
time: 0.634865s
Iteration 1
time: 0.579033s
Iteration 2
time: 0.592807s
Iteration 3
time: 0.628494s
Iteration 4
time: 0.575793s
Iteration 5
time: 0.586396s
Iteration 6
time: 0.624140s
Iteration 7
time: 0.576027s
Iteration 8
time: 0.587713s
Iteration 9
time: 0.630486s
Iteration 10
time: 0.590042s
Iteration 11
time: 0.589028s
Iteration 12
time: 0.598165s
Iteration 13
time: 0.584221s
Iteration 14
time: 0.594930s
Iteration 15
time: 0.579498s
Iteration 16
time: 0.589181s
Iteration 17
time: 0.633315s
Iteration 18
time: 0.605967s
Iteration 19
time: 0.583048s
Iteration 20
time: 0.590794s
Iteration 21
time: 0.591664s
Iteration 22
time: 0.599115s
Iteration 23
time: 0.583736s
Iteration 24
time: 0.596313s
4: Starting numprocs=8 N=8000, M=8000 impl=allreduce
0: Starting numprocs=8 N=8000, M=8000 impl=allreduce
Iteration 0
3: Starting numprocs=8 N=8000, M=8000 impl=allreduce
2: Starting numprocs=8 N=8000, M=8000 impl=allreduce
1: Starting numprocs=8 N=8000, M=8000 impl=allreduce
6: Starting numprocs=8 N=8000, M=8000 impl=allreduce
5: Starting numprocs=8 N=8000, M=8000 impl=allreduce
7: Starting numprocs=8 N=8000, M=8000 impl=allreduce
time: 1.534705s
Iteration 1
time: 1.376434s
Iteration 2
time: 11.736632s
Iteration 3
time: 7.337030s
Iteration 4
time: 1.361076s
Iteration 5
time: 1.314041s
Iteration 6
time: 1.337251s
Iteration 7
time: 1.368141s
Iteration 8
time: 1.357468s
Iteration 9
time: 1.350552s
Iteration 10
time: 1.365936s
Iteration 11
time: 1.369400s
Iteration 12
time: 1.317977s
Iteration 13
time: 1.338107s
Iteration 14
time: 1.357483s
Iteration 15
time: 13.968467s
Iteration 16
time: 1.323369s
Iteration 17
time: 1.428100s
Iteration 18
time: 1.376002s
Iteration 19
time: 1.350311s
Iteration 20
time: 1.315463s
Iteration 21
time: 1.364990s
Iteration 22
time: 29.143993s
Iteration 23
time: 1.350060s
Iteration 24
time: 1.382966s
0: Starting numprocs=8 N=8000, M=8000 impl=allreduce-ring
Iteration 0
4: Starting numprocs=8 N=8000, M=8000 impl=allreduce-ring
2: Starting numprocs=8 N=8000, M=8000 impl=allreduce-ring
3: Starting numprocs=8 N=8000, M=8000 impl=allreduce-ring
5: Starting numprocs=8 N=8000, M=8000 impl=allreduce-ring
6: Starting numprocs=8 N=8000, M=8000 impl=allreduce-ring
1: Starting numprocs=8 N=8000, M=8000 impl=allreduce-ring
7: Starting numprocs=8 N=8000, M=8000 impl=allreduce-ring
time: 13.236393s
Iteration 1
time: 1.030697s
Iteration 2
time: 2.869016s
Iteration 3
time: 1.054148s
Iteration 4
time: 27.013518s
Iteration 5
time: 1.064065s
Iteration 6
time: 1.048821s
Iteration 7
time: 1.069677s
Iteration 8
time: 5.118382s
Iteration 9
time: 1.080200s
Iteration 10
time: 3.177775s
Iteration 11
time: 1.077786s
Iteration 12
time: 1.036455s
Iteration 13
time: 1.034163s
Iteration 14
time: 1.053261s
Iteration 15
time: 1.051586s
Iteration 16
time: 1.065288s
Iteration 17
time: 1.055181s
Iteration 18
time: 1.045744s
Iteration 19
time: 1.067437s
Iteration 20
time: 1.069610s
Iteration 21
time: 1.040665s
Iteration 22
time: 1.046780s
Iteration 23
time: 1.053873s
Iteration 24
time: 1.042602s
4: Starting numprocs=8 N=8000, M=8000 impl=g-rabenseifner-allgather
0: Starting numprocs=8 N=8000, M=8000 impl=g-rabenseifner-allgather
Iteration 0
3: Starting numprocs=8 N=8000, M=8000 impl=g-rabenseifner-allgather
2: Starting numprocs=8 N=8000, M=8000 impl=g-rabenseifner-allgather
6: Starting numprocs=8 N=8000, M=8000 impl=g-rabenseifner-allgather
5: Starting numprocs=8 N=8000, M=8000 impl=g-rabenseifner-allgather
1: Starting numprocs=8 N=8000, M=8000 impl=g-rabenseifner-allgather
7: Starting numprocs=8 N=8000, M=8000 impl=g-rabenseifner-allgather
time: 0.491491s
Iteration 1
time: 0.441807s
Iteration 2
time: 0.440696s
Iteration 3
time: 0.438482s
Iteration 4
time: 0.440117s
Iteration 5
time: 0.495930s
Iteration 6
time: 0.442833s
Iteration 7
time: 0.439917s
Iteration 8
time: 0.439007s
Iteration 9
time: 0.438053s
Iteration 10
time: 0.437077s
Iteration 11
time: 0.440807s
Iteration 12
time: 0.441137s
Iteration 13
time: 0.439342s
Iteration 14
time: 0.439711s
Iteration 15
time: 0.438538s
Iteration 16
time: 0.440765s
Iteration 17
time: 0.440128s
Iteration 18
time: 0.440802s
Iteration 19
time: 0.462597s
Iteration 20
time: 0.439094s
Iteration 21
time: 0.436431s
Iteration 22
time: 0.441193s
Iteration 23
time: 0.439492s
Iteration 24
time: 0.440114s
4: Starting numprocs=8 N=8000, M=8000 impl=g-rabenseifner-subgroup-2
3: Starting numprocs=8 N=8000, M=8000 impl=g-rabenseifner-subgroup-2
0: Starting numprocs=8 N=8000, M=8000 impl=g-rabenseifner-subgroup-2
Iteration 0
2: Starting numprocs=8 N=8000, M=8000 impl=g-rabenseifner-subgroup-2
5: Starting numprocs=8 N=8000, M=8000 impl=g-rabenseifner-subgroup-2
6: Starting numprocs=8 N=8000, M=8000 impl=g-rabenseifner-subgroup-2
1: Starting numprocs=8 N=8000, M=8000 impl=g-rabenseifner-subgroup-2
7: Starting numprocs=8 N=8000, M=8000 impl=g-rabenseifner-subgroup-2
time: 0.518014s
Iteration 1
time: 0.441091s
Iteration 2
time: 0.444142s
Iteration 3
time: 0.443946s
Iteration 4
time: 0.443155s
Iteration 5
time: 0.451600s
Iteration 6
time: 0.446966s
Iteration 7
time: 0.447324s
Iteration 8
time: 0.444428s
Iteration 9
time: 0.444352s
Iteration 10
time: 0.443100s
Iteration 11
time: 0.449390s
Iteration 12
time: 90.985944s
Iteration 13
time: 0.443058s
Iteration 14
time: 0.442282s
Iteration 15
time: 0.442601s
Iteration 16
time: 26.460715s
Iteration 17
time: 0.440642s
Iteration 18
time: 0.443056s
Iteration 19
time: 0.445957s
Iteration 20
time: 0.443164s
Iteration 21
time: 74.048747s
Iteration 22
time: 0.442993s
Iteration 23
time: 0.444576s
Iteration 24
time: 0.440380s
0: Starting numprocs=8 N=8000, M=8000 impl=g-rabenseifner-subgroup-4
Iteration 0
4: Starting numprocs=8 N=8000, M=8000 impl=g-rabenseifner-subgroup-4
3: Starting numprocs=8 N=8000, M=8000 impl=g-rabenseifner-subgroup-4
2: Starting numprocs=8 N=8000, M=8000 impl=g-rabenseifner-subgroup-4
6: Starting numprocs=8 N=8000, M=8000 impl=g-rabenseifner-subgroup-4
5: Starting numprocs=8 N=8000, M=8000 impl=g-rabenseifner-subgroup-4
7: Starting numprocs=8 N=8000, M=8000 impl=g-rabenseifner-subgroup-4
1: Starting numprocs=8 N=8000, M=8000 impl=g-rabenseifner-subgroup-4
time: 0.498283s
Iteration 1
time: 99.742305s
Iteration 2
time: 95.474696s
Iteration 3
time: 0.441557s
Iteration 4
time: 0.428493s
Iteration 5
time: 0.428156s
Iteration 6
time: 39.452897s
Iteration 7
time: 0.432637s
Iteration 8
time: 0.431640s
Iteration 9
time: 0.431551s
Iteration 10
time: 0.442076s
Iteration 11
time: 0.433972s
Iteration 12
time: 0.435242s
Iteration 13
time: 0.430245s
Iteration 14
time: 0.435831s
Iteration 15
time: 36.976202s
Iteration 16
time: 0.437625s
Iteration 17
time: 0.432773s
Iteration 18
time: 0.438235s
Iteration 19
time: 4.767257s
Iteration 20
time: 117.084713s
Iteration 21
time: 0.437509s
Iteration 22
time: 0.438193s
Iteration 23
time: 0.428251s
Iteration 24
time: 0.429308s
0: Starting numprocs=8 N=8000, M=8000 impl=g-rabenseifner-subgroup-8
Iteration 0
4: Starting numprocs=8 N=8000, M=8000 impl=g-rabenseifner-subgroup-8
3: Starting numprocs=8 N=8000, M=8000 impl=g-rabenseifner-subgroup-8
2: Starting numprocs=8 N=8000, M=8000 impl=g-rabenseifner-subgroup-8
1: Starting numprocs=8 N=8000, M=8000 impl=g-rabenseifner-subgroup-8
5: Starting numprocs=8 N=8000, M=8000 impl=g-rabenseifner-subgroup-8
6: Starting numprocs=8 N=8000, M=8000 impl=g-rabenseifner-subgroup-8
7: Starting numprocs=8 N=8000, M=8000 impl=g-rabenseifner-subgroup-8
time: 0.445464s
Iteration 1
time: 0.418510s
Iteration 2
time: 0.427654s
Iteration 3
time: 0.451079s
Iteration 4
time: 0.460254s
Iteration 5
time: 0.431852s
Iteration 6
time: 0.426031s
Iteration 7
time: 0.433825s
Iteration 8
time: 0.453904s
Iteration 9
time: 0.415212s
Iteration 10
time: 0.420638s
Iteration 11
time: 0.424911s
Iteration 12
time: 0.437284s
Iteration 13
time: 0.429403s
Iteration 14
time: 0.432891s
Iteration 15
time: 0.428836s
Iteration 16
time: 0.427700s
Iteration 17
time: 0.454893s
Iteration 18
time: 0.433134s
Iteration 19
time: 0.444100s
Iteration 20
time: 0.430100s
Iteration 21
time: 0.433457s
Iteration 22
time: 0.424549s
Iteration 23
time: 0.428617s
Iteration 24
time: 0.436708s
