6: Starting numprocs=8 N=1000, M=1000 impl=allgather
0: Starting numprocs=8 N=1000, M=1000 impl=allgather
Iteration 0
5: Starting numprocs=8 N=1000, M=1000 impl=allgather
2: Starting numprocs=8 N=1000, M=1000 impl=allgather
4: Starting numprocs=8 N=1000, M=1000 impl=allgather
7: Starting numprocs=8 N=1000, M=1000 impl=allgather
1: Starting numprocs=8 N=1000, M=1000 impl=allgather
3: Starting numprocs=8 N=1000, M=1000 impl=allgather
time: 0.018932s
Iteration 1
time: 0.006973s
Iteration 2
time: 0.006962s
Iteration 3
time: 0.006921s
Iteration 4
time: 0.006964s
Iteration 5
time: 0.006909s
Iteration 6
time: 0.007000s
Iteration 7
time: 0.006961s
Iteration 8
time: 0.007281s
Iteration 9
time: 0.006859s
Iteration 10
time: 0.006749s
Iteration 11
time: 0.006807s
Iteration 12
time: 0.006894s
Iteration 13
time: 0.006815s
Iteration 14
time: 0.006861s
Iteration 15
time: 0.006814s
Iteration 16
time: 0.006869s
Iteration 17
time: 0.006933s
Iteration 18
time: 0.006879s
Iteration 19
time: 0.006912s
Iteration 20
time: 0.006867s
Iteration 21
time: 0.006953s
Iteration 22
time: 0.007331s
Iteration 23
time: 0.006797s
Iteration 24
time: 0.006758s
2: Starting numprocs=8 N=1000, M=1000 impl=allreduce
4: Starting numprocs=8 N=1000, M=1000 impl=allreduce
6: Starting numprocs=8 N=1000, M=1000 impl=allreduce
7: Starting numprocs=8 N=1000, M=1000 impl=allreduce
1: Starting numprocs=8 N=1000, M=1000 impl=allreduce
0: Starting numprocs=8 N=1000, M=1000 impl=allreduce
Iteration 0
5: Starting numprocs=8 N=1000, M=1000 impl=allreduce
3: Starting numprocs=8 N=1000, M=1000 impl=allreduce
time: 0.030084s
Iteration 1
time: 0.020748s
Iteration 2
time: 0.015562s
Iteration 3
time: 0.015071s
Iteration 4
time: 0.015758s
Iteration 5
time: 0.015081s
Iteration 6
time: 0.015524s
Iteration 7
time: 0.015303s
Iteration 8
time: 0.015355s
Iteration 9
time: 0.015105s
Iteration 10
time: 0.015640s
Iteration 11
time: 0.015431s
Iteration 12
time: 0.015664s
Iteration 13
time: 0.015173s
Iteration 14
time: 0.015625s
Iteration 15
time: 0.015232s
Iteration 16
time: 0.015181s
Iteration 17
time: 0.015228s
Iteration 18
time: 0.015463s
Iteration 19
time: 0.015620s
Iteration 20
time: 0.015184s
Iteration 21
time: 0.015232s
Iteration 22
time: 0.015417s
Iteration 23
time: 0.015685s
Iteration 24
time: 0.015312s
0: Starting numprocs=8 N=1000, M=1000 impl=allreduce-ring
Iteration 0
4: Starting numprocs=8 N=1000, M=1000 impl=allreduce-ring
2: Starting numprocs=8 N=1000, M=1000 impl=allreduce-ring
7: Starting numprocs=8 N=1000, M=1000 impl=allreduce-ring
5: Starting numprocs=8 N=1000, M=1000 impl=allreduce-ring
6: Starting numprocs=8 N=1000, M=1000 impl=allreduce-ring
1: Starting numprocs=8 N=1000, M=1000 impl=allreduce-ring
3: Starting numprocs=8 N=1000, M=1000 impl=allreduce-ring
time: 0.025667s
Iteration 1
time: 0.014590s
Iteration 2
time: 0.013740s
Iteration 3
time: 0.013835s
Iteration 4
time: 0.013789s
Iteration 5
time: 0.014295s
Iteration 6
time: 0.013786s
Iteration 7
time: 0.013839s
Iteration 8
time: 0.013988s
Iteration 9
time: 0.013865s
Iteration 10
time: 0.013843s
Iteration 11
time: 0.013844s
Iteration 12
time: 0.014452s
Iteration 13
time: 0.013775s
Iteration 14
time: 0.013828s
Iteration 15
time: 0.013962s
Iteration 16
time: 0.013796s
Iteration 17
time: 0.014280s
Iteration 18
time: 0.014049s
Iteration 19
time: 0.013919s
Iteration 20
time: 0.013979s
Iteration 21
time: 0.014724s
Iteration 22
time: 0.013720s
Iteration 23
time: 0.013981s
Iteration 24
time: 0.013841s
0: Starting numprocs=8 N=1000, M=1000 impl=g-rabenseifner-allgather
Iteration 0
4: Starting numprocs=8 N=1000, M=1000 impl=g-rabenseifner-allgather
6: Starting numprocs=8 N=1000, M=1000 impl=g-rabenseifner-allgather
2: Starting numprocs=8 N=1000, M=1000 impl=g-rabenseifner-allgather
7: Starting numprocs=8 N=1000, M=1000 impl=g-rabenseifner-allgather
5: Starting numprocs=8 N=1000, M=1000 impl=g-rabenseifner-allgather
1: Starting numprocs=8 N=1000, M=1000 impl=g-rabenseifner-allgather
3: Starting numprocs=8 N=1000, M=1000 impl=g-rabenseifner-allgather
time: 0.020105s
Iteration 1
time: 0.007118s
Iteration 2
time: 0.007034s
Iteration 3
time: 0.007423s
Iteration 4
time: 0.006997s
Iteration 5
time: 0.007017s
Iteration 6
time: 0.007535s
Iteration 7
time: 0.007062s
Iteration 8
time: 0.007020s
Iteration 9
time: 0.006999s
Iteration 10
time: 0.007029s
Iteration 11
time: 0.007018s
Iteration 12
time: 0.007034s
Iteration 13
time: 0.007001s
Iteration 14
time: 0.006995s
Iteration 15
time: 0.007349s
Iteration 16
time: 0.007013s
Iteration 17
time: 0.006982s
Iteration 18
time: 0.007048s
Iteration 19
time: 0.007284s
Iteration 20
time: 0.007008s
Iteration 21
time: 0.006997s
Iteration 22
time: 0.007062s
Iteration 23
time: 0.007011s
Iteration 24
time: 0.007048s
4: Starting numprocs=8 N=1000, M=1000 impl=g-rabenseifner-subgroup-2
0: Starting numprocs=8 N=1000, M=1000 impl=g-rabenseifner-subgroup-2
Iteration 0
7: Starting numprocs=8 N=1000, M=1000 impl=g-rabenseifner-subgroup-2
2: Starting numprocs=8 N=1000, M=1000 impl=g-rabenseifner-subgroup-2
6: Starting numprocs=8 N=1000, M=1000 impl=g-rabenseifner-subgroup-2
5: Starting numprocs=8 N=1000, M=1000 impl=g-rabenseifner-subgroup-2
1: Starting numprocs=8 N=1000, M=1000 impl=g-rabenseifner-subgroup-2
3: Starting numprocs=8 N=1000, M=1000 impl=g-rabenseifner-subgroup-2
time: 0.026348s
Iteration 1
time: 0.007048s
Iteration 2
time: 0.007014s
Iteration 3
time: 0.006965s
Iteration 4
time: 0.007398s
Iteration 5
time: 0.006955s
Iteration 6
time: 0.006963s
Iteration 7
time: 0.006963s
Iteration 8
time: 0.007713s
Iteration 9
time: 0.007044s
Iteration 10
time: 0.006984s
Iteration 11
time: 0.006998s
Iteration 12
time: 0.007439s
Iteration 13
time: 0.007052s
Iteration 14
time: 0.006981s
Iteration 15
time: 0.007031s
Iteration 16
time: 0.007029s
Iteration 17
time: 0.007000s
Iteration 18
time: 0.007041s
Iteration 19
time: 0.007044s
Iteration 20
time: 0.006981s
Iteration 21
time: 0.007058s
Iteration 22
time: 0.007042s
Iteration 23
time: 0.007023s
Iteration 24
time: 0.007022s
0: Starting numprocs=8 N=1000, M=1000 impl=g-rabenseifner-subgroup-4
Iteration 0
4: Starting numprocs=8 N=1000, M=1000 impl=g-rabenseifner-subgroup-4
2: Starting numprocs=8 N=1000, M=1000 impl=g-rabenseifner-subgroup-4
7: Starting numprocs=8 N=1000, M=1000 impl=g-rabenseifner-subgroup-4
6: Starting numprocs=8 N=1000, M=1000 impl=g-rabenseifner-subgroup-4
5: Starting numprocs=8 N=1000, M=1000 impl=g-rabenseifner-subgroup-4
1: Starting numprocs=8 N=1000, M=1000 impl=g-rabenseifner-subgroup-4
3: Starting numprocs=8 N=1000, M=1000 impl=g-rabenseifner-subgroup-4
time: 0.016343s
Iteration 1
time: 0.007194s
Iteration 2
time: 0.006931s
Iteration 3
time: 0.007050s
Iteration 4
time: 0.006920s
Iteration 5
time: 0.007428s
Iteration 6
time: 0.006949s
Iteration 7
time: 0.006962s
Iteration 8
time: 0.006931s
Iteration 9
time: 0.006935s
Iteration 10
time: 0.006947s
Iteration 11
time: 0.006959s
Iteration 12
time: 0.006913s
Iteration 13
time: 0.007438s
Iteration 14
time: 0.007215s
Iteration 15
time: 0.006937s
Iteration 16
time: 0.006912s
Iteration 17
time: 0.006941s
Iteration 18
time: 0.006932s
Iteration 19
time: 0.006947s
Iteration 20
time: 0.006999s
Iteration 21
time: 0.006967s
Iteration 22
time: 0.006998s
Iteration 23
time: 0.006973s
Iteration 24
time: 0.006932s
0: Starting numprocs=8 N=1000, M=1000 impl=g-rabenseifner-subgroup-8
Iteration 0
4: Starting numprocs=8 N=1000, M=1000 impl=g-rabenseifner-subgroup-8
7: Starting numprocs=8 N=1000, M=1000 impl=g-rabenseifner-subgroup-8
2: Starting numprocs=8 N=1000, M=1000 impl=g-rabenseifner-subgroup-8
5: Starting numprocs=8 N=1000, M=1000 impl=g-rabenseifner-subgroup-8
6: Starting numprocs=8 N=1000, M=1000 impl=g-rabenseifner-subgroup-8
1: Starting numprocs=8 N=1000, M=1000 impl=g-rabenseifner-subgroup-8
3: Starting numprocs=8 N=1000, M=1000 impl=g-rabenseifner-subgroup-8
time: 0.016428s
Iteration 1
time: 0.006705s
Iteration 2
time: 0.007122s
Iteration 3
time: 0.006585s
Iteration 4
time: 0.006539s
Iteration 5
time: 0.006664s
Iteration 6
time: 0.006707s
Iteration 7
time: 0.006713s
Iteration 8
time: 0.006600s
Iteration 9
time: 0.006587s
Iteration 10
time: 0.006500s
Iteration 11
time: 0.006513s
Iteration 12
time: 0.006497s
Iteration 13
time: 0.006543s
Iteration 14
time: 0.006519s
Iteration 15
time: 0.006539s
Iteration 16
time: 0.006525s
Iteration 17
time: 0.006548s
Iteration 18
time: 0.006553s
Iteration 19
time: 0.006526s
Iteration 20
time: 0.006542s
Iteration 21
time: 0.006519s
Iteration 22
time: 0.006528s
Iteration 23
time: 0.007044s
Iteration 24
time: 0.006586s
0: Starting numprocs=8 N=2000, M=2000 impl=allgather
Iteration 0
4: Starting numprocs=8 N=2000, M=2000 impl=allgather
2: Starting numprocs=8 N=2000, M=2000 impl=allgather
6: Starting numprocs=8 N=2000, M=2000 impl=allgather
5: Starting numprocs=8 N=2000, M=2000 impl=allgather
7: Starting numprocs=8 N=2000, M=2000 impl=allgather
1: Starting numprocs=8 N=2000, M=2000 impl=allgather
3: Starting numprocs=8 N=2000, M=2000 impl=allgather
time: 0.037834s
Iteration 1
time: 0.027993s
Iteration 2
time: 0.027512s
Iteration 3
time: 0.027482s
Iteration 4
time: 0.027505s
Iteration 5
time: 0.027906s
Iteration 6
time: 0.027508s
Iteration 7
time: 0.027592s
Iteration 8
time: 0.028213s
Iteration 9
time: 0.027567s
Iteration 10
time: 0.027384s
Iteration 11
time: 0.027380s
Iteration 12
time: 0.027871s
Iteration 13
time: 0.027413s
Iteration 14
time: 0.027608s
Iteration 15
time: 0.027519s
Iteration 16
time: 0.027513s
Iteration 17
time: 0.029898s
Iteration 18
time: 0.027391s
Iteration 19
time: 0.027815s
Iteration 20
time: 0.027382s
Iteration 21
time: 0.027482s
Iteration 22
time: 0.027460s
Iteration 23
time: 0.027878s
Iteration 24
time: 0.027421s
0: Starting numprocs=8 N=2000, M=2000 impl=allreduce
Iteration 0
7: Starting numprocs=8 N=2000, M=2000 impl=allreduce
6: Starting numprocs=8 N=2000, M=2000 impl=allreduce
4: Starting numprocs=8 N=2000, M=2000 impl=allreduce
1: Starting numprocs=8 N=2000, M=2000 impl=allreduce
2: Starting numprocs=8 N=2000, M=2000 impl=allreduce
5: Starting numprocs=8 N=2000, M=2000 impl=allreduce
3: Starting numprocs=8 N=2000, M=2000 impl=allreduce
time: 0.097161s
Iteration 1
time: 0.078342s
Iteration 2
time: 0.064867s
Iteration 3
time: 0.061859s
Iteration 4
time: 0.061181s
Iteration 5
time: 0.062295s
Iteration 6
time: 0.061048s
Iteration 7
time: 0.062415s
Iteration 8
time: 0.063346s
Iteration 9
time: 0.063791s
Iteration 10
time: 0.062782s
Iteration 11
time: 0.063179s
Iteration 12
time: 0.062952s
Iteration 13
time: 0.062310s
Iteration 14
time: 0.063271s
Iteration 15
time: 0.060634s
Iteration 16
time: 0.060906s
Iteration 17
time: 0.060857s
Iteration 18
time: 0.061055s
Iteration 19
time: 0.062141s
Iteration 20
time: 0.062456s
Iteration 21
time: 0.063724s
Iteration 22
time: 0.065423s
Iteration 23
time: 0.061840s
Iteration 24
time: 0.062855s
7: Starting numprocs=8 N=2000, M=2000 impl=allreduce-ring
4: Starting numprocs=8 N=2000, M=2000 impl=allreduce-ring
2: Starting numprocs=8 N=2000, M=2000 impl=allreduce-ring
6: Starting numprocs=8 N=2000, M=2000 impl=allreduce-ring
0: Starting numprocs=8 N=2000, M=2000 impl=allreduce-ring
Iteration 0
1: Starting numprocs=8 N=2000, M=2000 impl=allreduce-ring
3: Starting numprocs=8 N=2000, M=2000 impl=allreduce-ring
5: Starting numprocs=8 N=2000, M=2000 impl=allreduce-ring
time: 0.071587s
Iteration 1
time: 0.056320s
Iteration 2
time: 0.054257s
Iteration 3
time: 0.056144s
Iteration 4
time: 0.054670s
Iteration 5
time: 0.056623s
Iteration 6
time: 0.055041s
Iteration 7
time: 0.053929s
Iteration 8
time: 0.053490s
Iteration 9
time: 0.054647s
Iteration 10
time: 0.053860s
Iteration 11
time: 0.053871s
Iteration 12
time: 0.054371s
Iteration 13
time: 0.053771s
Iteration 14
time: 0.054445s
Iteration 15
time: 0.053913s
Iteration 16
time: 0.053408s
Iteration 17
time: 0.053786s
Iteration 18
time: 0.054270s
Iteration 19
time: 0.053175s
Iteration 20
time: 0.053409s
Iteration 21
time: 0.053371s
Iteration 22
time: 0.053435s
Iteration 23
time: 0.053513s
Iteration 24
time: 0.054185s
0: Starting numprocs=8 N=2000, M=2000 impl=g-rabenseifner-allgather
Iteration 0
7: Starting numprocs=8 N=2000, M=2000 impl=g-rabenseifner-allgather
4: Starting numprocs=8 N=2000, M=2000 impl=g-rabenseifner-allgather
5: Starting numprocs=8 N=2000, M=2000 impl=g-rabenseifner-allgather
6: Starting numprocs=8 N=2000, M=2000 impl=g-rabenseifner-allgather
2: Starting numprocs=8 N=2000, M=2000 impl=g-rabenseifner-allgather
1: Starting numprocs=8 N=2000, M=2000 impl=g-rabenseifner-allgather
3: Starting numprocs=8 N=2000, M=2000 impl=g-rabenseifner-allgather
time: 0.039870s
Iteration 1
time: 0.027729s
Iteration 2
time: 0.027596s
Iteration 3
time: 0.027499s
Iteration 4
time: 0.027339s
Iteration 5
time: 0.027660s
Iteration 6
time: 0.027483s
Iteration 7
time: 0.027778s
Iteration 8
time: 0.027434s
Iteration 9
time: 0.027615s
Iteration 10
time: 0.027505s
Iteration 11
time: 0.028542s
Iteration 12
time: 0.027493s
Iteration 13
time: 0.027468s
Iteration 14
time: 0.027511s
Iteration 15
time: 0.027927s
Iteration 16
time: 0.027443s
Iteration 17
time: 0.027774s
Iteration 18
time: 0.027463s
Iteration 19
time: 0.027930s
Iteration 20
time: 0.027425s
Iteration 21
time: 0.027482s
Iteration 22
time: 0.027380s
Iteration 23
time: 0.027899s
Iteration 24
time: 0.027493s
4: Starting numprocs=8 N=2000, M=2000 impl=g-rabenseifner-subgroup-2
0: Starting numprocs=8 N=2000, M=2000 impl=g-rabenseifner-subgroup-2
Iteration 0
2: Starting numprocs=8 N=2000, M=2000 impl=g-rabenseifner-subgroup-2
6: Starting numprocs=8 N=2000, M=2000 impl=g-rabenseifner-subgroup-2
7: Starting numprocs=8 N=2000, M=2000 impl=g-rabenseifner-subgroup-2
5: Starting numprocs=8 N=2000, M=2000 impl=g-rabenseifner-subgroup-2
1: Starting numprocs=8 N=2000, M=2000 impl=g-rabenseifner-subgroup-2
3: Starting numprocs=8 N=2000, M=2000 impl=g-rabenseifner-subgroup-2
time: 0.047385s
Iteration 1
time: 0.027214s
Iteration 2
time: 0.027042s
Iteration 3
time: 0.027458s
Iteration 4
time: 0.027093s
Iteration 5
time: 0.027281s
Iteration 6
time: 0.027255s
Iteration 7
time: 0.027860s
Iteration 8
time: 0.027280s
Iteration 9
time: 0.027241s
Iteration 10
time: 0.027580s
Iteration 11
time: 0.027292s
Iteration 12
time: 0.027329s
Iteration 13
time: 0.027428s
Iteration 14
time: 0.027335s
Iteration 15
time: 0.027162s
Iteration 16
time: 0.027441s
Iteration 17
time: 0.027537s
Iteration 18
time: 0.027674s
Iteration 19
time: 0.027278s
Iteration 20
time: 0.027147s
Iteration 21
time: 0.027093s
Iteration 22
time: 0.027099s
Iteration 23
time: 0.027087s
Iteration 24
time: 0.027131s
0: Starting numprocs=8 N=2000, M=2000 impl=g-rabenseifner-subgroup-4
Iteration 0
6: Starting numprocs=8 N=2000, M=2000 impl=g-rabenseifner-subgroup-4
2: Starting numprocs=8 N=2000, M=2000 impl=g-rabenseifner-subgroup-4
7: Starting numprocs=8 N=2000, M=2000 impl=g-rabenseifner-subgroup-4
5: Starting numprocs=8 N=2000, M=2000 impl=g-rabenseifner-subgroup-4
1: Starting numprocs=8 N=2000, M=2000 impl=g-rabenseifner-subgroup-4
3: Starting numprocs=8 N=2000, M=2000 impl=g-rabenseifner-subgroup-4
4: Starting numprocs=8 N=2000, M=2000 impl=g-rabenseifner-subgroup-4
time: 0.046428s
Iteration 1
time: 0.027016s
Iteration 2
time: 0.026701s
Iteration 3
time: 0.026636s
Iteration 4
time: 0.026500s
Iteration 5
time: 0.027220s
Iteration 6
time: 0.026715s
Iteration 7
time: 0.026632s
Iteration 8
time: 0.026461s
Iteration 9
time: 0.027267s
Iteration 10
time: 0.026613s
Iteration 11
time: 0.026588s
Iteration 12
time: 0.026692s
Iteration 13
time: 0.026930s
Iteration 14
time: 0.026470s
Iteration 15
time: 0.026449s
Iteration 16
time: 0.026953s
Iteration 17
time: 0.026902s
Iteration 18
time: 0.026969s
Iteration 19
time: 0.026465s
Iteration 20
time: 0.026964s
Iteration 21
time: 0.026896s
Iteration 22
time: 0.026464s
Iteration 23
time: 0.026441s
Iteration 24
time: 0.026954s
0: Starting numprocs=8 N=2000, M=2000 impl=g-rabenseifner-subgroup-8
Iteration 0
4: Starting numprocs=8 N=2000, M=2000 impl=g-rabenseifner-subgroup-8
7: Starting numprocs=8 N=2000, M=2000 impl=g-rabenseifner-subgroup-8
6: Starting numprocs=8 N=2000, M=2000 impl=g-rabenseifner-subgroup-8
2: Starting numprocs=8 N=2000, M=2000 impl=g-rabenseifner-subgroup-8
5: Starting numprocs=8 N=2000, M=2000 impl=g-rabenseifner-subgroup-8
1: Starting numprocs=8 N=2000, M=2000 impl=g-rabenseifner-subgroup-8
3: Starting numprocs=8 N=2000, M=2000 impl=g-rabenseifner-subgroup-8
time: 0.033438s
Iteration 1
time: 0.025868s
Iteration 2
time: 0.026014s
Iteration 3
time: 0.025553s
Iteration 4
time: 0.026129s
Iteration 5
time: 0.025491s
Iteration 6
time: 0.025814s
Iteration 7
time: 0.025506s
Iteration 8
time: 0.025474s
Iteration 9
time: 0.025573s
Iteration 10
time: 0.025689s
Iteration 11
time: 0.025626s
Iteration 12
time: 0.025489s
Iteration 13
time: 0.025507s
Iteration 14
time: 0.025604s
Iteration 15
time: 0.025584s
Iteration 16
time: 0.025529s
Iteration 17
time: 0.025604s
Iteration 18
time: 0.025512s
Iteration 19
time: 0.025500s
Iteration 20
time: 0.026001s
Iteration 21
time: 0.025657s
Iteration 22
time: 0.025537s
Iteration 23
time: 0.027243s
Iteration 24
time: 0.027981s
4: Starting numprocs=8 N=3000, M=3000 impl=allgather
7: Starting numprocs=8 N=3000, M=3000 impl=allgather
2: Starting numprocs=8 N=3000, M=3000 impl=allgather
0: Starting numprocs=8 N=3000, M=3000 impl=allgather
Iteration 0
5: Starting numprocs=8 N=3000, M=3000 impl=allgather
6: Starting numprocs=8 N=3000, M=3000 impl=allgather
1: Starting numprocs=8 N=3000, M=3000 impl=allgather
3: Starting numprocs=8 N=3000, M=3000 impl=allgather
time: 0.073266s
Iteration 1
time: 0.064643s
Iteration 2
time: 0.064323s
Iteration 3
time: 0.063763s
Iteration 4
time: 0.064239s
Iteration 5
time: 0.066321s
Iteration 6
time: 0.073767s
Iteration 7
time: 0.065613s
Iteration 8
time: 0.069964s
Iteration 9
time: 0.066984s
Iteration 10
time: 0.062270s
Iteration 11
time: 0.062496s
Iteration 12
time: 0.063982s
Iteration 13
time: 0.069668s
Iteration 14
time: 0.068307s
Iteration 15
time: 0.065301s
Iteration 16
time: 0.064263s
Iteration 17
time: 0.072366s
Iteration 18
time: 0.069285s
Iteration 19
time: 0.067597s
Iteration 20
time: 0.063457s
Iteration 21
time: 0.063706s
Iteration 22
time: 0.114377s
Iteration 23
time: 0.070509s
Iteration 24
time: 0.071112s
2: Starting numprocs=8 N=3000, M=3000 impl=allreduce
7: Starting numprocs=8 N=3000, M=3000 impl=allreduce
0: Starting numprocs=8 N=3000, M=3000 impl=allreduce
Iteration 0
4: Starting numprocs=8 N=3000, M=3000 impl=allreduce
6: Starting numprocs=8 N=3000, M=3000 impl=allreduce
5: Starting numprocs=8 N=3000, M=3000 impl=allreduce
1: Starting numprocs=8 N=3000, M=3000 impl=allreduce
3: Starting numprocs=8 N=3000, M=3000 impl=allreduce
time: 0.214866s
Iteration 1
time: 0.187863s
Iteration 2
time: 0.187571s
Iteration 3
time: 0.183579s
Iteration 4
time: 0.182375s
Iteration 5
time: 0.182645s
Iteration 6
time: 0.187663s
Iteration 7
time: 0.195646s
Iteration 8
time: 0.187043s
Iteration 9
time: 0.183758s
Iteration 10
time: 0.184142s
Iteration 11
time: 0.188189s
Iteration 12
time: 0.184726s
Iteration 13
time: 0.182752s
Iteration 14
time: 0.183236s
Iteration 15
time: 0.185223s
Iteration 16
time: 0.188940s
Iteration 17
time: 0.187080s
Iteration 18
time: 0.182150s
Iteration 19
time: 0.193587s
Iteration 20
time: 0.192408s
Iteration 21
time: 0.189155s
Iteration 22
time: 0.188953s
Iteration 23
time: 0.191015s
Iteration 24
time: 0.194391s
4: Starting numprocs=8 N=3000, M=3000 impl=allreduce-ring
7: Starting numprocs=8 N=3000, M=3000 impl=allreduce-ring
0: Starting numprocs=8 N=3000, M=3000 impl=allreduce-ring
Iteration 0
2: Starting numprocs=8 N=3000, M=3000 impl=allreduce-ring
6: Starting numprocs=8 N=3000, M=3000 impl=allreduce-ring
5: Starting numprocs=8 N=3000, M=3000 impl=allreduce-ring
3: Starting numprocs=8 N=3000, M=3000 impl=allreduce-ring
1: Starting numprocs=8 N=3000, M=3000 impl=allreduce-ring
time: 0.144377s
Iteration 1
time: 0.128918s
Iteration 2
time: 0.125134s
Iteration 3
time: 0.125231s
Iteration 4
time: 0.125633s
Iteration 5
time: 0.126268s
Iteration 6
time: 0.125580s
Iteration 7
time: 0.129710s
Iteration 8
time: 0.125344s
Iteration 9
time: 0.125187s
Iteration 10
time: 0.126676s
Iteration 11
time: 0.125686s
Iteration 12
time: 0.124008s
Iteration 13
time: 0.121747s
Iteration 14
time: 0.121742s
Iteration 15
time: 0.123444s
Iteration 16
time: 0.128095s
Iteration 17
time: 0.122084s
Iteration 18
time: 0.120772s
Iteration 19
time: 0.122029s
Iteration 20
time: 0.127935s
Iteration 21
time: 0.120141s
Iteration 22
time: 0.120883s
Iteration 23
time: 0.121917s
Iteration 24
time: 0.126316s
0: Starting numprocs=8 N=3000, M=3000 impl=g-rabenseifner-allgather
Iteration 0
7: Starting numprocs=8 N=3000, M=3000 impl=g-rabenseifner-allgather
4: Starting numprocs=8 N=3000, M=3000 impl=g-rabenseifner-allgather
2: Starting numprocs=8 N=3000, M=3000 impl=g-rabenseifner-allgather
6: Starting numprocs=8 N=3000, M=3000 impl=g-rabenseifner-allgather
5: Starting numprocs=8 N=3000, M=3000 impl=g-rabenseifner-allgather
1: Starting numprocs=8 N=3000, M=3000 impl=g-rabenseifner-allgather
3: Starting numprocs=8 N=3000, M=3000 impl=g-rabenseifner-allgather
time: 0.076506s
Iteration 1
time: 0.061789s
Iteration 2
time: 0.061974s
Iteration 3
time: 0.061613s
Iteration 4
time: 0.061459s
Iteration 5
time: 0.061525s
Iteration 6
time: 0.061540s
Iteration 7
time: 0.061480s
Iteration 8
time: 0.061411s
Iteration 9
time: 0.061448s
Iteration 10
time: 0.061497s
Iteration 11
time: 0.061260s
Iteration 12
time: 0.061972s
Iteration 13
time: 0.061435s
Iteration 14
time: 0.061990s
Iteration 15
time: 0.061843s
Iteration 16
time: 0.061415s
Iteration 17
time: 0.061934s
Iteration 18
time: 0.061511s
Iteration 19
time: 0.061649s
Iteration 20
time: 0.061314s
Iteration 21
time: 0.061763s
Iteration 22
time: 0.061704s
Iteration 23
time: 0.062036s
Iteration 24
time: 0.061436s
0: Starting numprocs=8 N=3000, M=3000 impl=g-rabenseifner-subgroup-2
Iteration 0
7: Starting numprocs=8 N=3000, M=3000 impl=g-rabenseifner-subgroup-2
4: Starting numprocs=8 N=3000, M=3000 impl=g-rabenseifner-subgroup-2
6: Starting numprocs=8 N=3000, M=3000 impl=g-rabenseifner-subgroup-2
2: Starting numprocs=8 N=3000, M=3000 impl=g-rabenseifner-subgroup-2
5: Starting numprocs=8 N=3000, M=3000 impl=g-rabenseifner-subgroup-2
3: Starting numprocs=8 N=3000, M=3000 impl=g-rabenseifner-subgroup-2
1: Starting numprocs=8 N=3000, M=3000 impl=g-rabenseifner-subgroup-2
time: 0.087914s
Iteration 1
time: 0.061117s
Iteration 2
time: 0.060604s
Iteration 3
time: 0.061154s
Iteration 4
time: 0.061186s
Iteration 5
time: 0.061629s
Iteration 6
time: 0.060996s
Iteration 7
time: 0.061676s
Iteration 8
time: 0.062004s
Iteration 9
time: 0.060986s
Iteration 10
time: 0.061300s
Iteration 11
time: 0.061075s
Iteration 12
time: 0.061006s
Iteration 13
time: 0.060781s
Iteration 14
time: 0.061012s
Iteration 15
time: 0.060821s
Iteration 16
time: 0.061326s
Iteration 17
time: 0.061230s
Iteration 18
time: 0.061010s
Iteration 19
time: 0.060824s
Iteration 20
time: 0.061325s
Iteration 21
time: 0.061190s
Iteration 22
time: 0.060736s
Iteration 23
time: 0.060774s
Iteration 24
time: 0.061359s
7: Starting numprocs=8 N=3000, M=3000 impl=g-rabenseifner-subgroup-4
4: Starting numprocs=8 N=3000, M=3000 impl=g-rabenseifner-subgroup-4
2: Starting numprocs=8 N=3000, M=3000 impl=g-rabenseifner-subgroup-4
0: Starting numprocs=8 N=3000, M=3000 impl=g-rabenseifner-subgroup-4
Iteration 0
6: Starting numprocs=8 N=3000, M=3000 impl=g-rabenseifner-subgroup-4
5: Starting numprocs=8 N=3000, M=3000 impl=g-rabenseifner-subgroup-4
1: Starting numprocs=8 N=3000, M=3000 impl=g-rabenseifner-subgroup-4
3: Starting numprocs=8 N=3000, M=3000 impl=g-rabenseifner-subgroup-4
time: 0.074770s
Iteration 1
time: 0.060706s
Iteration 2
time: 0.061364s
Iteration 3
time: 0.060451s
Iteration 4
time: 0.060646s
Iteration 5
time: 0.060951s
Iteration 6
time: 0.060936s
Iteration 7
time: 0.060783s
Iteration 8
time: 0.060917s
Iteration 9
time: 0.061009s
Iteration 10
time: 0.060536s
Iteration 11
time: 0.060793s
Iteration 12
time: 0.060927s
Iteration 13
time: 0.060570s
Iteration 14
time: 0.060414s
Iteration 15
time: 0.060374s
Iteration 16
time: 0.060607s
Iteration 17
time: 0.059905s
Iteration 18
time: 0.060696s
Iteration 19
time: 0.059966s
Iteration 20
time: 0.060347s
Iteration 21
time: 0.059826s
Iteration 22
time: 0.060217s
Iteration 23
time: 0.060023s
Iteration 24
time: 0.059045s
6: Starting numprocs=8 N=3000, M=3000 impl=g-rabenseifner-subgroup-8
4: Starting numprocs=8 N=3000, M=3000 impl=g-rabenseifner-subgroup-8
7: Starting numprocs=8 N=3000, M=3000 impl=g-rabenseifner-subgroup-8
2: Starting numprocs=8 N=3000, M=3000 impl=g-rabenseifner-subgroup-8
5: Starting numprocs=8 N=3000, M=3000 impl=g-rabenseifner-subgroup-8
0: Starting numprocs=8 N=3000, M=3000 impl=g-rabenseifner-subgroup-8
Iteration 0
3: Starting numprocs=8 N=3000, M=3000 impl=g-rabenseifner-subgroup-8
1: Starting numprocs=8 N=3000, M=3000 impl=g-rabenseifner-subgroup-8
time: 0.069092s
Iteration 1
time: 0.060550s
Iteration 2
time: 0.059468s
Iteration 3
time: 0.059454s
Iteration 4
time: 0.059148s
Iteration 5
time: 0.058525s
Iteration 6
time: 0.060543s
Iteration 7
time: 0.059922s
Iteration 8
time: 0.061360s
Iteration 9
time: 0.061581s
Iteration 10
time: 0.061665s
Iteration 11
time: 0.062818s
Iteration 12
time: 0.065484s
Iteration 13
time: 0.063714s
Iteration 14
time: 0.063118s
Iteration 15
time: 0.061572s
Iteration 16
time: 0.064028s
Iteration 17
time: 0.063805s
Iteration 18
time: 0.062459s
Iteration 19
time: 0.062342s
Iteration 20
time: 0.062299s
Iteration 21
time: 0.061835s
Iteration 22
time: 0.059722s
Iteration 23
time: 0.061546s
Iteration 24
time: 0.059628s
4: Starting numprocs=8 N=4000, M=4000 impl=allgather
7: Starting numprocs=8 N=4000, M=4000 impl=allgather
6: Starting numprocs=8 N=4000, M=4000 impl=allgather
2: Starting numprocs=8 N=4000, M=4000 impl=allgather
0: Starting numprocs=8 N=4000, M=4000 impl=allgather
Iteration 0
5: Starting numprocs=8 N=4000, M=4000 impl=allgather
1: Starting numprocs=8 N=4000, M=4000 impl=allgather
3: Starting numprocs=8 N=4000, M=4000 impl=allgather
time: 0.132932s
Iteration 1
time: 0.128485s
Iteration 2
time: 0.144683s
Iteration 3
time: 0.149031s
Iteration 4
time: 0.141580s
Iteration 5
time: 0.144434s
Iteration 6
time: 0.130944s
Iteration 7
time: 0.136963s
Iteration 8
time: 0.139612s
Iteration 9
time: 0.138590s
Iteration 10
time: 0.141916s
Iteration 11
time: 0.133328s
Iteration 12
time: 0.133227s
Iteration 13
time: 0.132784s
Iteration 14
time: 0.133452s
Iteration 15
time: 0.126648s
Iteration 16
time: 0.124867s
Iteration 17
time: 0.127587s
Iteration 18
time: 0.124803s
Iteration 19
time: 0.127514s
Iteration 20
time: 0.126565s
Iteration 21
time: 0.205248s
Iteration 22
time: 0.147506s
Iteration 23
time: 0.144294s
Iteration 24
time: 0.133137s
0: Starting numprocs=8 N=4000, M=4000 impl=allreduce
Iteration 0
4: Starting numprocs=8 N=4000, M=4000 impl=allreduce
7: Starting numprocs=8 N=4000, M=4000 impl=allreduce
2: Starting numprocs=8 N=4000, M=4000 impl=allreduce
6: Starting numprocs=8 N=4000, M=4000 impl=allreduce
5: Starting numprocs=8 N=4000, M=4000 impl=allreduce
1: Starting numprocs=8 N=4000, M=4000 impl=allreduce
3: Starting numprocs=8 N=4000, M=4000 impl=allreduce
time: 0.379020s
Iteration 1
time: 0.325998s
Iteration 2
time: 0.325504s
Iteration 3
time: 0.330915s
Iteration 4
time: 0.325493s
Iteration 5
time: 0.327651s
Iteration 6
time: 0.326377s
Iteration 7
time: 0.328211s
Iteration 8
time: 0.332007s
Iteration 9
time: 0.326823s
Iteration 10
time: 0.332240s
Iteration 11
time: 0.325378s
Iteration 12
time: 0.338554s
Iteration 13
time: 0.331522s
Iteration 14
time: 0.325819s
Iteration 15
time: 0.330084s
Iteration 16
time: 0.327569s
Iteration 17
time: 0.328109s
Iteration 18
time: 0.324576s
Iteration 19
time: 0.325735s
Iteration 20
time: 0.326182s
Iteration 21
time: 0.330495s
Iteration 22
time: 0.329579s
Iteration 23
time: 0.329558s
Iteration 24
time: 0.334778s
7: Starting numprocs=8 N=4000, M=4000 impl=allreduce-ring
4: Starting numprocs=8 N=4000, M=4000 impl=allreduce-ring
0: Starting numprocs=8 N=4000, M=4000 impl=allreduce-ring
Iteration 0
2: Starting numprocs=8 N=4000, M=4000 impl=allreduce-ring
5: Starting numprocs=8 N=4000, M=4000 impl=allreduce-ring
6: Starting numprocs=8 N=4000, M=4000 impl=allreduce-ring
1: Starting numprocs=8 N=4000, M=4000 impl=allreduce-ring
3: Starting numprocs=8 N=4000, M=4000 impl=allreduce-ring
time: 0.248411s
Iteration 1
time: 0.226750s
Iteration 2
time: 0.224763s
Iteration 3
time: 0.217923s
Iteration 4
time: 0.223224s
Iteration 5
time: 0.220085s
Iteration 6
time: 0.220961s
Iteration 7
time: 0.221875s
Iteration 8
time: 0.221755s
Iteration 9
time: 0.217563s
Iteration 10
time: 0.217781s
Iteration 11
time: 0.216820s
Iteration 12
time: 0.218453s
Iteration 13
time: 0.226913s
Iteration 14
time: 0.227378s
Iteration 15
time: 0.220492s
Iteration 16
time: 0.221239s
Iteration 17
time: 0.222294s
Iteration 18
time: 0.220194s
Iteration 19
time: 0.217634s
Iteration 20
time: 0.218035s
Iteration 21
time: 0.223321s
Iteration 22
time: 0.217666s
Iteration 23
time: 0.230506s
Iteration 24
time: 0.224938s
4: Starting numprocs=8 N=4000, M=4000 impl=g-rabenseifner-allgather
0: Starting numprocs=8 N=4000, M=4000 impl=g-rabenseifner-allgather
Iteration 0
7: Starting numprocs=8 N=4000, M=4000 impl=g-rabenseifner-allgather
5: Starting numprocs=8 N=4000, M=4000 impl=g-rabenseifner-allgather
2: Starting numprocs=8 N=4000, M=4000 impl=g-rabenseifner-allgather
6: Starting numprocs=8 N=4000, M=4000 impl=g-rabenseifner-allgather
1: Starting numprocs=8 N=4000, M=4000 impl=g-rabenseifner-allgather
3: Starting numprocs=8 N=4000, M=4000 impl=g-rabenseifner-allgather
time: 0.130983s
Iteration 1
time: 0.109487s
Iteration 2
time: 0.108964s
Iteration 3
time: 0.109282s
Iteration 4
time: 0.108728s
Iteration 5
time: 0.108998s
Iteration 6
time: 0.109176s
Iteration 7
time: 0.108935s
Iteration 8
time: 0.109186s
Iteration 9
time: 0.108761s
Iteration 10
time: 0.108864s
Iteration 11
time: 0.109235s
Iteration 12
time: 0.109192s
Iteration 13
time: 0.108938s
Iteration 14
time: 0.109235s
Iteration 15
time: 0.108950s
Iteration 16
time: 0.109001s
Iteration 17
time: 0.108707s
Iteration 18
time: 0.108923s
Iteration 19
time: 0.109033s
Iteration 20
time: 0.108894s
Iteration 21
time: 0.109546s
Iteration 22
time: 0.109032s
Iteration 23
time: 0.108957s
Iteration 24
time: 0.109409s
2: Starting numprocs=8 N=4000, M=4000 impl=g-rabenseifner-subgroup-2
4: Starting numprocs=8 N=4000, M=4000 impl=g-rabenseifner-subgroup-2
7: Starting numprocs=8 N=4000, M=4000 impl=g-rabenseifner-subgroup-2
0: Starting numprocs=8 N=4000, M=4000 impl=g-rabenseifner-subgroup-2
Iteration 0
6: Starting numprocs=8 N=4000, M=4000 impl=g-rabenseifner-subgroup-2
1: Starting numprocs=8 N=4000, M=4000 impl=g-rabenseifner-subgroup-2
5: Starting numprocs=8 N=4000, M=4000 impl=g-rabenseifner-subgroup-2
3: Starting numprocs=8 N=4000, M=4000 impl=g-rabenseifner-subgroup-2
time: 0.141290s
Iteration 1
time: 0.108262s
Iteration 2
time: 0.108504s
Iteration 3
time: 0.108178s
Iteration 4
time: 0.107843s
Iteration 5
time: 0.107801s
Iteration 6
time: 0.107752s
Iteration 7
time: 0.108016s
Iteration 8
time: 0.108809s
Iteration 9
time: 0.107710s
Iteration 10
time: 0.107641s
Iteration 11
time: 0.109281s
Iteration 12
time: 0.107893s
Iteration 13
time: 0.108509s
Iteration 14
time: 0.108073s
Iteration 15
time: 0.107651s
Iteration 16
time: 0.109163s
Iteration 17
time: 0.107696s
Iteration 18
time: 0.108584s
Iteration 19
time: 0.108988s
Iteration 20
time: 0.110989s
Iteration 21
time: 0.109746s
Iteration 22
time: 0.111616s
Iteration 23
time: 0.108570s
Iteration 24
time: 0.110849s
4: Starting numprocs=8 N=4000, M=4000 impl=g-rabenseifner-subgroup-4
0: Starting numprocs=8 N=4000, M=4000 impl=g-rabenseifner-subgroup-4
Iteration 0
6: Starting numprocs=8 N=4000, M=4000 impl=g-rabenseifner-subgroup-4
7: Starting numprocs=8 N=4000, M=4000 impl=g-rabenseifner-subgroup-4
5: Starting numprocs=8 N=4000, M=4000 impl=g-rabenseifner-subgroup-4
2: Starting numprocs=8 N=4000, M=4000 impl=g-rabenseifner-subgroup-4
1: Starting numprocs=8 N=4000, M=4000 impl=g-rabenseifner-subgroup-4
3: Starting numprocs=8 N=4000, M=4000 impl=g-rabenseifner-subgroup-4
time: 0.124624s
Iteration 1
time: 0.107379s
Iteration 2
time: 0.107882s
Iteration 3
time: 0.108162s
Iteration 4
time: 0.108123s
Iteration 5
time: 0.107879s
Iteration 6
time: 0.111922s
Iteration 7
time: 0.109725s
Iteration 8
time: 0.109257s
Iteration 9
time: 0.109394s
Iteration 10
time: 0.108860s
Iteration 11
time: 0.109207s
Iteration 12
time: 0.109398s
Iteration 13
time: 0.108777s
Iteration 14
time: 0.109231s
Iteration 15
time: 0.107978s
Iteration 16
time: 0.109931s
Iteration 17
time: 0.108184s
Iteration 18
time: 0.108265s
Iteration 19
time: 0.110333s
Iteration 20
time: 0.108446s
Iteration 21
time: 0.110190s
Iteration 22
time: 0.108543s
Iteration 23
time: 0.107814s
Iteration 24
time: 0.108831s
0: Starting numprocs=8 N=4000, M=4000 impl=g-rabenseifner-subgroup-8
Iteration 0
4: Starting numprocs=8 N=4000, M=4000 impl=g-rabenseifner-subgroup-8
2: Starting numprocs=8 N=4000, M=4000 impl=g-rabenseifner-subgroup-8
5: Starting numprocs=8 N=4000, M=4000 impl=g-rabenseifner-subgroup-8
7: Starting numprocs=8 N=4000, M=4000 impl=g-rabenseifner-subgroup-8
6: Starting numprocs=8 N=4000, M=4000 impl=g-rabenseifner-subgroup-8
1: Starting numprocs=8 N=4000, M=4000 impl=g-rabenseifner-subgroup-8
3: Starting numprocs=8 N=4000, M=4000 impl=g-rabenseifner-subgroup-8
time: 0.125848s
Iteration 1
time: 0.110660s
Iteration 2
time: 0.116660s
Iteration 3
time: 0.109275s
Iteration 4
time: 0.111821s
Iteration 5
time: 0.110546s
Iteration 6
time: 0.108371s
Iteration 7
time: 0.107723s
Iteration 8
time: 0.110808s
Iteration 9
time: 0.110479s
Iteration 10
time: 0.110111s
Iteration 11
time: 0.120372s
Iteration 12
time: 0.126160s
Iteration 13
time: 0.110974s
Iteration 14
time: 0.110823s
Iteration 15
time: 0.108698s
Iteration 16
time: 0.110131s
Iteration 17
time: 0.112917s
Iteration 18
time: 0.110450s
Iteration 19
time: 0.112400s
Iteration 20
time: 0.112058s
Iteration 21
time: 0.114656s
Iteration 22
time: 0.113735s
Iteration 23
time: 0.113934s
Iteration 24
time: 0.148951s
2: Starting numprocs=8 N=5000, M=5000 impl=allgather
5: Starting numprocs=8 N=5000, M=5000 impl=allgather
4: Starting numprocs=8 N=5000, M=5000 impl=allgather
6: Starting numprocs=8 N=5000, M=5000 impl=allgather
7: Starting numprocs=8 N=5000, M=5000 impl=allgather
0: Starting numprocs=8 N=5000, M=5000 impl=allgather
Iteration 0
1: Starting numprocs=8 N=5000, M=5000 impl=allgather
3: Starting numprocs=8 N=5000, M=5000 impl=allgather
time: 0.249156s
Iteration 1
time: 0.231289s
Iteration 2
time: 0.235097s
Iteration 3
time: 0.229223s
Iteration 4
time: 0.240945s
Iteration 5
time: 0.250857s
Iteration 6
time: 0.234824s
Iteration 7
time: 0.301777s
Iteration 8
time: 0.263906s
Iteration 9
time: 0.233623s
Iteration 10
time: 0.273320s
Iteration 11
time: 0.257853s
Iteration 12
time: 0.259229s
Iteration 13
time: 0.231066s
Iteration 14
time: 0.250353s
Iteration 15
time: 0.249571s
Iteration 16
time: 0.224024s
Iteration 17
time: 0.225280s
Iteration 18
time: 0.256098s
Iteration 19
time: 0.221755s
Iteration 20
time: 0.222825s
Iteration 21
time: 0.227248s
Iteration 22
time: 0.217741s
Iteration 23
time: 0.214544s
Iteration 24
time: 0.218061s
4: Starting numprocs=8 N=5000, M=5000 impl=allreduce
0: Starting numprocs=8 N=5000, M=5000 impl=allreduce
Iteration 0
7: Starting numprocs=8 N=5000, M=5000 impl=allreduce
5: Starting numprocs=8 N=5000, M=5000 impl=allreduce
6: Starting numprocs=8 N=5000, M=5000 impl=allreduce
2: Starting numprocs=8 N=5000, M=5000 impl=allreduce
1: Starting numprocs=8 N=5000, M=5000 impl=allreduce
3: Starting numprocs=8 N=5000, M=5000 impl=allreduce
time: 0.580857s
Iteration 1
time: 0.510375s
Iteration 2
time: 0.514640s
Iteration 3
time: 0.516540s
Iteration 4
time: 0.525909s
Iteration 5
time: 0.514559s
Iteration 6
time: 0.516782s
Iteration 7
time: 0.515047s
Iteration 8
time: 0.514101s
Iteration 9
time: 0.530186s
Iteration 10
time: 0.509100s
Iteration 11
time: 0.508989s
Iteration 12
time: 0.512456s
Iteration 13
time: 0.507122s
Iteration 14
time: 0.528913s
Iteration 15
time: 0.513378s
Iteration 16
time: 0.509665s
Iteration 17
time: 0.515917s
Iteration 18
time: 0.530551s
Iteration 19
time: 0.512248s
Iteration 20
time: 0.510412s
Iteration 21
time: 0.520482s
Iteration 22
time: 0.509058s
Iteration 23
time: 0.520334s
Iteration 24
time: 0.531144s
2: Starting numprocs=8 N=5000, M=5000 impl=allreduce-ring
0: Starting numprocs=8 N=5000, M=5000 impl=allreduce-ring
Iteration 0
4: Starting numprocs=8 N=5000, M=5000 impl=allreduce-ring
6: Starting numprocs=8 N=5000, M=5000 impl=allreduce-ring
7: Starting numprocs=8 N=5000, M=5000 impl=allreduce-ring
5: Starting numprocs=8 N=5000, M=5000 impl=allreduce-ring
1: Starting numprocs=8 N=5000, M=5000 impl=allreduce-ring
3: Starting numprocs=8 N=5000, M=5000 impl=allreduce-ring
time: 0.380818s
Iteration 1
time: 0.354658s
Iteration 2
time: 0.358936s
Iteration 3
time: 0.352691s
Iteration 4
time: 0.348741s
Iteration 5
time: 0.347132s
Iteration 6
time: 0.349671s
Iteration 7
time: 0.343004s
Iteration 8
time: 0.342865s
Iteration 9
time: 0.361266s
Iteration 10
time: 0.358436s
Iteration 11
time: 0.352691s
Iteration 12
time: 0.349002s
Iteration 13
time: 0.346544s
Iteration 14
time: 0.345363s
Iteration 15
time: 0.342169s
Iteration 16
time: 0.351060s
Iteration 17
time: 0.355203s
Iteration 18
time: 0.352568s
Iteration 19
time: 0.348047s
Iteration 20
time: 0.355167s
Iteration 21
time: 0.345204s
Iteration 22
time: 0.346452s
Iteration 23
time: 0.349704s
Iteration 24
time: 0.354019s
4: Starting numprocs=8 N=5000, M=5000 impl=g-rabenseifner-allgather
0: Starting numprocs=8 N=5000, M=5000 impl=g-rabenseifner-allgather
Iteration 0
2: Starting numprocs=8 N=5000, M=5000 impl=g-rabenseifner-allgather
7: Starting numprocs=8 N=5000, M=5000 impl=g-rabenseifner-allgather
5: Starting numprocs=8 N=5000, M=5000 impl=g-rabenseifner-allgather
6: Starting numprocs=8 N=5000, M=5000 impl=g-rabenseifner-allgather
1: Starting numprocs=8 N=5000, M=5000 impl=g-rabenseifner-allgather
3: Starting numprocs=8 N=5000, M=5000 impl=g-rabenseifner-allgather
time: 0.198890s
Iteration 1
time: 0.170341s
Iteration 2
time: 0.169623s
Iteration 3
time: 0.170184s
Iteration 4
time: 0.171275s
Iteration 5
time: 0.170507s
Iteration 6
time: 0.171239s
Iteration 7
time: 0.170813s
Iteration 8
time: 0.169892s
Iteration 9
time: 0.170464s
Iteration 10
time: 0.169591s
Iteration 11
time: 0.170359s
Iteration 12
time: 0.170768s
Iteration 13
time: 0.170153s
Iteration 14
time: 0.170115s
Iteration 15
time: 0.169795s
Iteration 16
time: 0.170356s
Iteration 17
time: 0.169872s
Iteration 18
time: 0.170162s
Iteration 19
time: 0.170010s
Iteration 20
time: 0.169923s
Iteration 21
time: 0.170395s
Iteration 22
time: 0.171145s
Iteration 23
time: 0.170537s
Iteration 24
time: 0.170212s
4: Starting numprocs=8 N=5000, M=5000 impl=g-rabenseifner-subgroup-2
2: Starting numprocs=8 N=5000, M=5000 impl=g-rabenseifner-subgroup-2
0: Starting numprocs=8 N=5000, M=5000 impl=g-rabenseifner-subgroup-2
Iteration 0
5: Starting numprocs=8 N=5000, M=5000 impl=g-rabenseifner-subgroup-2
7: Starting numprocs=8 N=5000, M=5000 impl=g-rabenseifner-subgroup-2
6: Starting numprocs=8 N=5000, M=5000 impl=g-rabenseifner-subgroup-2
3: Starting numprocs=8 N=5000, M=5000 impl=g-rabenseifner-subgroup-2
1: Starting numprocs=8 N=5000, M=5000 impl=g-rabenseifner-subgroup-2
time: 0.207664s
Iteration 1
time: 0.168684s
Iteration 2
time: 0.174075s
Iteration 3
time: 0.170106s
Iteration 4
time: 0.169991s
Iteration 5
time: 0.170133s
Iteration 6
time: 0.170504s
Iteration 7
time: 0.169946s
Iteration 8
time: 0.169667s
Iteration 9
time: 0.169339s
Iteration 10
time: 0.169038s
Iteration 11
time: 0.169311s
Iteration 12
time: 0.169242s
Iteration 13
time: 0.169154s
Iteration 14
time: 0.169864s
Iteration 15
time: 0.170954s
Iteration 16
time: 0.171340s
Iteration 17
time: 0.168779s
Iteration 18
time: 0.174195s
Iteration 19
time: 0.168188s
Iteration 20
time: 0.168897s
Iteration 21
time: 0.169423s
Iteration 22
time: 0.168473s
Iteration 23
time: 0.168741s
Iteration 24
time: 0.168464s
0: Starting numprocs=8 N=5000, M=5000 impl=g-rabenseifner-subgroup-4
Iteration 0
7: Starting numprocs=8 N=5000, M=5000 impl=g-rabenseifner-subgroup-4
4: Starting numprocs=8 N=5000, M=5000 impl=g-rabenseifner-subgroup-4
6: Starting numprocs=8 N=5000, M=5000 impl=g-rabenseifner-subgroup-4
2: Starting numprocs=8 N=5000, M=5000 impl=g-rabenseifner-subgroup-4
5: Starting numprocs=8 N=5000, M=5000 impl=g-rabenseifner-subgroup-4
1: Starting numprocs=8 N=5000, M=5000 impl=g-rabenseifner-subgroup-4
3: Starting numprocs=8 N=5000, M=5000 impl=g-rabenseifner-subgroup-4
time: 0.190727s
Iteration 1
time: 0.171196s
Iteration 2
time: 0.169166s
Iteration 3
time: 0.169439s
Iteration 4
time: 0.169465s
Iteration 5
time: 0.171933s
Iteration 6
time: 0.170464s
Iteration 7
time: 0.169355s
Iteration 8
time: 0.169961s
Iteration 9
time: 0.169357s
Iteration 10
time: 0.170852s
Iteration 11
time: 0.170492s
Iteration 12
time: 0.171483s
Iteration 13
time: 0.171059s
Iteration 14
time: 0.170478s
Iteration 15
time: 0.170839s
Iteration 16
time: 0.169520s
Iteration 17
time: 0.169813s
Iteration 18
time: 0.169164s
Iteration 19
time: 0.172068s
Iteration 20
time: 0.168896s
Iteration 21
time: 0.168363s
Iteration 22
time: 0.169376s
Iteration 23
time: 0.169689s
Iteration 24
time: 0.167977s
0: Starting numprocs=8 N=5000, M=5000 impl=g-rabenseifner-subgroup-8
Iteration 0
4: Starting numprocs=8 N=5000, M=5000 impl=g-rabenseifner-subgroup-8
7: Starting numprocs=8 N=5000, M=5000 impl=g-rabenseifner-subgroup-8
6: Starting numprocs=8 N=5000, M=5000 impl=g-rabenseifner-subgroup-8
5: Starting numprocs=8 N=5000, M=5000 impl=g-rabenseifner-subgroup-8
2: Starting numprocs=8 N=5000, M=5000 impl=g-rabenseifner-subgroup-8
1: Starting numprocs=8 N=5000, M=5000 impl=g-rabenseifner-subgroup-8
3: Starting numprocs=8 N=5000, M=5000 impl=g-rabenseifner-subgroup-8
time: 0.182189s
Iteration 1
time: 0.187347s
Iteration 2
time: 0.174072s
Iteration 3
time: 0.171753s
Iteration 4
time: 0.179764s
Iteration 5
time: 0.178402s
Iteration 6
time: 0.181265s
Iteration 7
time: 0.178122s
Iteration 8
time: 0.173374s
Iteration 9
time: 0.175168s
Iteration 10
time: 0.175983s
Iteration 11
time: 0.171941s
Iteration 12
time: 0.172636s
Iteration 13
time: 0.173340s
Iteration 14
time: 0.177342s
Iteration 15
time: 0.174225s
Iteration 16
time: 0.178270s
Iteration 17
time: 0.180527s
Iteration 18
time: 0.177615s
Iteration 19
time: 0.179811s
Iteration 20
time: 0.177901s
Iteration 21
time: 0.180150s
Iteration 22
time: 0.180779s
Iteration 23
time: 0.180292s
Iteration 24
time: 0.180029s
4: Starting numprocs=8 N=6000, M=6000 impl=allgather
2: Starting numprocs=8 N=6000, M=6000 impl=allgather
7: Starting numprocs=8 N=6000, M=6000 impl=allgather
5: Starting numprocs=8 N=6000, M=6000 impl=allgather
6: Starting numprocs=8 N=6000, M=6000 impl=allgather
1: Starting numprocs=8 N=6000, M=6000 impl=allgather
3: Starting numprocs=8 N=6000, M=6000 impl=allgather
0: Starting numprocs=8 N=6000, M=6000 impl=allgather
Iteration 0
time: 0.346889s
Iteration 1
time: 0.341213s
Iteration 2
time: 0.353224s
Iteration 3
time: 0.396885s
Iteration 4
time: 0.342392s
Iteration 5
time: 0.363369s
Iteration 6
time: 0.363527s
Iteration 7
time: 0.345599s
Iteration 8
time: 0.333004s
Iteration 9
time: 0.355690s
Iteration 10
time: 0.322869s
Iteration 11
time: 0.391266s
Iteration 12
time: 0.330770s
Iteration 13
time: 0.336165s
Iteration 14
time: 0.352561s
Iteration 15
time: 0.323882s
Iteration 16
time: 0.355511s
Iteration 17
time: 0.320946s
Iteration 18
time: 0.328157s
Iteration 19
time: 0.323666s
Iteration 20
time: 0.325750s
Iteration 21
time: 0.346832s
Iteration 22
time: 0.325763s
Iteration 23
time: 0.317772s
Iteration 24
time: 0.319464s
4: Starting numprocs=8 N=6000, M=6000 impl=allreduce
7: Starting numprocs=8 N=6000, M=6000 impl=allreduce
0: Starting numprocs=8 N=6000, M=6000 impl=allreduce
Iteration 0
5: Starting numprocs=8 N=6000, M=6000 impl=allreduce
6: Starting numprocs=8 N=6000, M=6000 impl=allreduce
2: Starting numprocs=8 N=6000, M=6000 impl=allreduce
1: Starting numprocs=8 N=6000, M=6000 impl=allreduce
3: Starting numprocs=8 N=6000, M=6000 impl=allreduce
time: 0.848260s
Iteration 1
time: 0.735885s
Iteration 2
time: 0.731547s
Iteration 3
time: 0.779043s
Iteration 4
time: 0.746854s
Iteration 5
time: 0.728353s
Iteration 6
time: 0.737924s
Iteration 7
time: 0.750991s
Iteration 8
time: 0.726941s
Iteration 9
time: 0.760420s
Iteration 10
time: 0.742235s
Iteration 11
time: 0.751515s
Iteration 12
time: 0.739502s
Iteration 13
time: 0.739491s
Iteration 14
time: 0.733398s
Iteration 15
time: 0.743838s
Iteration 16
time: 0.739342s
Iteration 17
time: 0.733575s
Iteration 18
time: 0.737164s
Iteration 19
time: 0.741797s
Iteration 20
time: 0.738049s
Iteration 21
time: 0.738317s
Iteration 22
time: 0.734246s
Iteration 23
time: 0.732814s
Iteration 24
time: 0.735620s
4: Starting numprocs=8 N=6000, M=6000 impl=allreduce-ring
5: Starting numprocs=8 N=6000, M=6000 impl=allreduce-ring
6: Starting numprocs=8 N=6000, M=6000 impl=allreduce-ring
7: Starting numprocs=8 N=6000, M=6000 impl=allreduce-ring
2: Starting numprocs=8 N=6000, M=6000 impl=allreduce-ring
0: Starting numprocs=8 N=6000, M=6000 impl=allreduce-ring
Iteration 0
1: Starting numprocs=8 N=6000, M=6000 impl=allreduce-ring
3: Starting numprocs=8 N=6000, M=6000 impl=allreduce-ring
time: 0.695579s
Iteration 1
time: 0.579094s
Iteration 2
time: 0.595655s
Iteration 3
time: 0.596870s
Iteration 4
time: 0.573109s
Iteration 5
time: 0.583773s
Iteration 6
time: 0.579586s
Iteration 7
time: 0.585058s
Iteration 8
time: 0.595112s
Iteration 9
time: 0.579310s
Iteration 10
time: 0.582806s
Iteration 11
time: 0.595370s
Iteration 12
time: 0.588331s
Iteration 13
time: 0.584534s
Iteration 14
time: 0.587995s
Iteration 15
time: 0.575514s
Iteration 16
time: 0.595236s
Iteration 17
time: 0.579091s
Iteration 18
time: 0.593591s
Iteration 19
time: 0.584138s
Iteration 20
time: 0.581147s
Iteration 21
time: 0.583065s
Iteration 22
time: 0.578902s
Iteration 23
time: 0.589058s
Iteration 24
time: 0.585035s
2: Starting numprocs=8 N=6000, M=6000 impl=g-rabenseifner-allgather
4: Starting numprocs=8 N=6000, M=6000 impl=g-rabenseifner-allgather
7: Starting numprocs=8 N=6000, M=6000 impl=g-rabenseifner-allgather
0: Starting numprocs=8 N=6000, M=6000 impl=g-rabenseifner-allgather
Iteration 0
6: Starting numprocs=8 N=6000, M=6000 impl=g-rabenseifner-allgather
5: Starting numprocs=8 N=6000, M=6000 impl=g-rabenseifner-allgather
1: Starting numprocs=8 N=6000, M=6000 impl=g-rabenseifner-allgather
3: Starting numprocs=8 N=6000, M=6000 impl=g-rabenseifner-allgather
time: 0.287112s
Iteration 1
time: 0.244965s
Iteration 2
time: 0.244780s
Iteration 3
time: 0.245297s
Iteration 4
time: 0.245521s
Iteration 5
time: 0.245214s
Iteration 6
time: 0.246413s
Iteration 7
time: 0.245176s
Iteration 8
time: 0.244130s
Iteration 9
time: 0.244581s
Iteration 10
time: 0.245741s
Iteration 11
time: 0.245018s
Iteration 12
time: 0.244843s
Iteration 13
time: 0.245116s
Iteration 14
time: 0.244596s
Iteration 15
time: 0.245865s
Iteration 16
time: 0.244465s
Iteration 17
time: 0.244608s
Iteration 18
time: 0.245422s
Iteration 19
time: 0.245843s
Iteration 20
time: 0.249322s
Iteration 21
time: 0.244842s
Iteration 22
time: 0.244726s
Iteration 23
time: 0.244193s
Iteration 24
time: 0.245527s
4: Starting numprocs=8 N=6000, M=6000 impl=g-rabenseifner-subgroup-2
7: Starting numprocs=8 N=6000, M=6000 impl=g-rabenseifner-subgroup-2
6: Starting numprocs=8 N=6000, M=6000 impl=g-rabenseifner-subgroup-2
2: Starting numprocs=8 N=6000, M=6000 impl=g-rabenseifner-subgroup-2
0: Starting numprocs=8 N=6000, M=6000 impl=g-rabenseifner-subgroup-2
Iteration 0
5: Starting numprocs=8 N=6000, M=6000 impl=g-rabenseifner-subgroup-2
1: Starting numprocs=8 N=6000, M=6000 impl=g-rabenseifner-subgroup-2
3: Starting numprocs=8 N=6000, M=6000 impl=g-rabenseifner-subgroup-2
time: 0.294966s
Iteration 1
time: 0.243627s
Iteration 2
time: 0.245066s
Iteration 3
time: 0.248685s
Iteration 4
time: 0.244841s
Iteration 5
time: 0.246239s
Iteration 6
time: 0.243227s
Iteration 7
time: 0.245483s
Iteration 8
time: 0.245614s
Iteration 9
time: 0.249868s
Iteration 10
time: 0.245411s
Iteration 11
time: 0.244420s
Iteration 12
time: 0.248030s
Iteration 13
time: 0.244785s
Iteration 14
time: 0.246482s
Iteration 15
time: 0.244258s
Iteration 16
time: 0.243655s
Iteration 17
time: 0.243666s
Iteration 18
time: 0.242638s
Iteration 19
time: 0.244955s
Iteration 20
time: 0.245024s
Iteration 21
time: 0.250666s
Iteration 22
time: 0.248131s
Iteration 23
time: 0.243661s
Iteration 24
time: 0.243462s
4: Starting numprocs=8 N=6000, M=6000 impl=g-rabenseifner-subgroup-4
7: Starting numprocs=8 N=6000, M=6000 impl=g-rabenseifner-subgroup-4
2: Starting numprocs=8 N=6000, M=6000 impl=g-rabenseifner-subgroup-4
0: Starting numprocs=8 N=6000, M=6000 impl=g-rabenseifner-subgroup-4
Iteration 0
6: Starting numprocs=8 N=6000, M=6000 impl=g-rabenseifner-subgroup-4
5: Starting numprocs=8 N=6000, M=6000 impl=g-rabenseifner-subgroup-4
1: Starting numprocs=8 N=6000, M=6000 impl=g-rabenseifner-subgroup-4
3: Starting numprocs=8 N=6000, M=6000 impl=g-rabenseifner-subgroup-4
time: 0.266021s
Iteration 1
time: 0.239434s
Iteration 2
time: 0.246235s
Iteration 3
time: 0.241709s
Iteration 4
time: 0.240642s
Iteration 5
time: 0.243632s
Iteration 6
time: 0.244915s
Iteration 7
time: 0.244878s
Iteration 8
time: 0.246425s
Iteration 9
time: 0.244696s
Iteration 10
time: 0.243674s
Iteration 11
time: 0.246683s
Iteration 12
time: 0.243112s
Iteration 13
time: 0.244332s
Iteration 14
time: 0.245282s
Iteration 15
time: 0.245407s
Iteration 16
time: 0.244973s
Iteration 17
time: 0.244069s
Iteration 18
time: 0.244229s
Iteration 19
time: 0.247726s
Iteration 20
time: 0.250178s
Iteration 21
time: 0.246819s
Iteration 22
time: 0.246885s
Iteration 23
time: 0.242672s
Iteration 24
time: 0.244576s
0: Starting numprocs=8 N=6000, M=6000 impl=g-rabenseifner-subgroup-8
Iteration 0
4: Starting numprocs=8 N=6000, M=6000 impl=g-rabenseifner-subgroup-8
7: Starting numprocs=8 N=6000, M=6000 impl=g-rabenseifner-subgroup-8
6: Starting numprocs=8 N=6000, M=6000 impl=g-rabenseifner-subgroup-8
5: Starting numprocs=8 N=6000, M=6000 impl=g-rabenseifner-subgroup-8
2: Starting numprocs=8 N=6000, M=6000 impl=g-rabenseifner-subgroup-8
1: Starting numprocs=8 N=6000, M=6000 impl=g-rabenseifner-subgroup-8
3: Starting numprocs=8 N=6000, M=6000 impl=g-rabenseifner-subgroup-8
time: 0.251816s
Iteration 1
time: 0.252583s
Iteration 2
time: 0.258635s
Iteration 3
time: 0.250879s
Iteration 4
time: 0.248219s
Iteration 5
time: 0.247226s
Iteration 6
time: 0.248729s
Iteration 7
time: 0.246432s
Iteration 8
time: 0.246914s
Iteration 9
time: 0.252238s
Iteration 10
time: 0.248995s
Iteration 11
time: 0.246711s
Iteration 12
time: 0.244806s
Iteration 13
time: 0.244184s
Iteration 14
time: 0.244217s
Iteration 15
time: 0.244184s
Iteration 16
time: 0.249731s
Iteration 17
time: 0.248047s
Iteration 18
time: 0.244440s
Iteration 19
time: 0.246609s
Iteration 20
time: 0.247235s
Iteration 21
time: 0.247285s
Iteration 22
time: 0.250015s
Iteration 23
time: 0.262216s
Iteration 24
time: 0.251540s
4: Starting numprocs=8 N=7000, M=7000 impl=allgather
7: Starting numprocs=8 N=7000, M=7000 impl=allgather
5: Starting numprocs=8 N=7000, M=7000 impl=allgather
0: Starting numprocs=8 N=7000, M=7000 impl=allgather
Iteration 0
6: Starting numprocs=8 N=7000, M=7000 impl=allgather
2: Starting numprocs=8 N=7000, M=7000 impl=allgather
1: Starting numprocs=8 N=7000, M=7000 impl=allgather
3: Starting numprocs=8 N=7000, M=7000 impl=allgather
time: 0.431774s
Iteration 1
time: 0.435266s
Iteration 2
time: 0.457429s
Iteration 3
time: 0.429861s
Iteration 4
time: 0.461411s
Iteration 5
time: 0.438803s
Iteration 6
time: 0.432448s
Iteration 7
time: 0.423460s
Iteration 8
time: 0.425978s
Iteration 9
time: 0.431126s
Iteration 10
time: 0.467103s
Iteration 11
time: 0.424404s
Iteration 12
time: 0.427809s
Iteration 13
time: 0.431825s
Iteration 14
time: 0.457260s
Iteration 15
time: 0.439879s
Iteration 16
time: 0.438397s
Iteration 17
time: 0.431315s
Iteration 18
time: 0.464720s
Iteration 19
time: 0.424640s
Iteration 20
time: 0.426944s
Iteration 21
time: 0.435007s
Iteration 22
time: 0.467272s
Iteration 23
time: 0.427634s
Iteration 24
time: 0.425311s
0: Starting numprocs=8 N=7000, M=7000 impl=allreduce
Iteration 0
4: Starting numprocs=8 N=7000, M=7000 impl=allreduce
2: Starting numprocs=8 N=7000, M=7000 impl=allreduce
7: Starting numprocs=8 N=7000, M=7000 impl=allreduce
6: Starting numprocs=8 N=7000, M=7000 impl=allreduce
1: Starting numprocs=8 N=7000, M=7000 impl=allreduce
5: Starting numprocs=8 N=7000, M=7000 impl=allreduce
3: Starting numprocs=8 N=7000, M=7000 impl=allreduce
time: 1.126830s
Iteration 1
time: 1.025068s
Iteration 2
time: 1.010897s
Iteration 3
time: 1.018325s
Iteration 4
time: 1.002093s
Iteration 5
time: 1.008595s
Iteration 6
time: 1.003665s
Iteration 7
time: 1.018689s
Iteration 8
time: 1.004879s
Iteration 9
time: 1.000589s
Iteration 10
time: 1.034994s
Iteration 11
time: 1.007495s
Iteration 12
time: 1.003883s
Iteration 13
time: 1.011224s
Iteration 14
time: 1.005809s
Iteration 15
time: 0.989692s
Iteration 16
time: 1.009223s
Iteration 17
time: 1.010743s
Iteration 18
time: 0.998892s
Iteration 19
time: 1.005085s
Iteration 20
time: 1.007173s
Iteration 21
time: 1.003635s
Iteration 22
time: 1.029069s
Iteration 23
time: 1.018919s
Iteration 24
time: 1.030391s
4: Starting numprocs=8 N=7000, M=7000 impl=allreduce-ring
0: Starting numprocs=8 N=7000, M=7000 impl=allreduce-ring
Iteration 0
2: Starting numprocs=8 N=7000, M=7000 impl=allreduce-ring
7: Starting numprocs=8 N=7000, M=7000 impl=allreduce-ring
6: Starting numprocs=8 N=7000, M=7000 impl=allreduce-ring
1: Starting numprocs=8 N=7000, M=7000 impl=allreduce-ring
3: Starting numprocs=8 N=7000, M=7000 impl=allreduce-ring
5: Starting numprocs=8 N=7000, M=7000 impl=allreduce-ring
time: 0.951332s
Iteration 1
time: 0.793576s
Iteration 2
time: 0.785554s
Iteration 3
time: 0.828903s
Iteration 4
time: 0.795496s
Iteration 5
time: 0.793477s
Iteration 6
time: 0.783366s
Iteration 7
time: 0.819092s
Iteration 8
time: 0.798860s
Iteration 9
time: 0.795352s
Iteration 10
time: 0.787115s
Iteration 11
time: 0.811452s
Iteration 12
time: 0.799695s
Iteration 13
time: 0.791422s
Iteration 14
time: 0.784958s
Iteration 15
time: 0.823074s
Iteration 16
time: 0.799137s
Iteration 17
time: 0.789975s
Iteration 18
time: 0.788036s
Iteration 19
time: 0.801641s
Iteration 20
time: 0.795199s
Iteration 21
time: 0.793631s
Iteration 22
time: 0.783559s
Iteration 23
time: 0.808105s
Iteration 24
time: 0.783897s
4: Starting numprocs=8 N=7000, M=7000 impl=g-rabenseifner-allgather
5: Starting numprocs=8 N=7000, M=7000 impl=g-rabenseifner-allgather
7: Starting numprocs=8 N=7000, M=7000 impl=g-rabenseifner-allgather
0: Starting numprocs=8 N=7000, M=7000 impl=g-rabenseifner-allgather
Iteration 0
2: Starting numprocs=8 N=7000, M=7000 impl=g-rabenseifner-allgather
6: Starting numprocs=8 N=7000, M=7000 impl=g-rabenseifner-allgather
1: Starting numprocs=8 N=7000, M=7000 impl=g-rabenseifner-allgather
3: Starting numprocs=8 N=7000, M=7000 impl=g-rabenseifner-allgather
time: 0.382202s
Iteration 1
time: 0.333457s
Iteration 2
time: 0.333388s
Iteration 3
time: 0.337119s
Iteration 4
time: 0.333402s
Iteration 5
time: 0.334763s
Iteration 6
time: 0.333786s
Iteration 7
time: 0.334422s
Iteration 8
time: 0.333524s
Iteration 9
time: 0.335000s
Iteration 10
time: 0.333616s
Iteration 11
time: 0.334597s
Iteration 12
time: 0.333270s
Iteration 13
time: 0.334501s
Iteration 14
time: 0.333680s
Iteration 15
time: 0.333677s
Iteration 16
time: 0.334129s
Iteration 17
time: 0.334283s
Iteration 18
time: 0.334292s
Iteration 19
time: 0.334310s
Iteration 20
time: 0.335705s
Iteration 21
time: 0.333828s
Iteration 22
time: 0.335533s
Iteration 23
time: 0.333435s
Iteration 24
time: 0.334805s
4: Starting numprocs=8 N=7000, M=7000 impl=g-rabenseifner-subgroup-2
2: Starting numprocs=8 N=7000, M=7000 impl=g-rabenseifner-subgroup-2
7: Starting numprocs=8 N=7000, M=7000 impl=g-rabenseifner-subgroup-2
0: Starting numprocs=8 N=7000, M=7000 impl=g-rabenseifner-subgroup-2
Iteration 0
6: Starting numprocs=8 N=7000, M=7000 impl=g-rabenseifner-subgroup-2
1: Starting numprocs=8 N=7000, M=7000 impl=g-rabenseifner-subgroup-2
5: Starting numprocs=8 N=7000, M=7000 impl=g-rabenseifner-subgroup-2
3: Starting numprocs=8 N=7000, M=7000 impl=g-rabenseifner-subgroup-2
time: 0.392488s
Iteration 1
time: 0.330841s
Iteration 2
time: 0.330747s
Iteration 3
time: 0.336225s
Iteration 4
time: 0.341161s
Iteration 5
time: 0.330236s
Iteration 6
time: 0.333075s
Iteration 7
time: 0.331983s
Iteration 8
time: 0.331479s
Iteration 9
time: 0.333345s
Iteration 10
time: 0.336865s
Iteration 11
time: 0.337342s
Iteration 12
time: 0.342991s
Iteration 13
time: 0.336184s
Iteration 14
time: 0.331689s
Iteration 15
time: 0.332473s
Iteration 16
time: 0.332233s
Iteration 17
time: 0.336346s
Iteration 18
time: 0.332465s
Iteration 19
time: 0.332429s
Iteration 20
time: 0.333917s
Iteration 21
time: 0.340675s
Iteration 22
time: 0.333936s
Iteration 23
time: 0.333379s
Iteration 24
time: 0.334439s
4: Starting numprocs=8 N=7000, M=7000 impl=g-rabenseifner-subgroup-4
7: Starting numprocs=8 N=7000, M=7000 impl=g-rabenseifner-subgroup-4
2: Starting numprocs=8 N=7000, M=7000 impl=g-rabenseifner-subgroup-4
0: Starting numprocs=8 N=7000, M=7000 impl=g-rabenseifner-subgroup-4
Iteration 0
6: Starting numprocs=8 N=7000, M=7000 impl=g-rabenseifner-subgroup-4
5: Starting numprocs=8 N=7000, M=7000 impl=g-rabenseifner-subgroup-4
1: Starting numprocs=8 N=7000, M=7000 impl=g-rabenseifner-subgroup-4
3: Starting numprocs=8 N=7000, M=7000 impl=g-rabenseifner-subgroup-4
time: 0.366156s
Iteration 1
time: 0.335522s
Iteration 2
time: 0.337112s
Iteration 3
time: 0.329816s
Iteration 4
time: 0.333146s
Iteration 5
time: 0.330510s
Iteration 6
time: 0.336485s
Iteration 7
time: 0.332917s
Iteration 8
time: 0.332504s
Iteration 9
time: 0.333206s
Iteration 10
time: 0.331611s
Iteration 11
time: 0.331654s
Iteration 12
time: 0.329471s
Iteration 13
time: 0.331198s
Iteration 14
time: 0.331613s
Iteration 15
time: 0.329942s
Iteration 16
time: 0.328600s
Iteration 17
time: 0.331977s
Iteration 18
time: 0.330679s
Iteration 19
time: 0.329060s
Iteration 20
time: 0.328736s
Iteration 21
time: 0.331867s
Iteration 22
time: 0.329947s
Iteration 23
time: 0.334513s
Iteration 24
time: 0.327949s
2: Starting numprocs=8 N=7000, M=7000 impl=g-rabenseifner-subgroup-8
4: Starting numprocs=8 N=7000, M=7000 impl=g-rabenseifner-subgroup-8
7: Starting numprocs=8 N=7000, M=7000 impl=g-rabenseifner-subgroup-8
0: Starting numprocs=8 N=7000, M=7000 impl=g-rabenseifner-subgroup-8
Iteration 0
6: Starting numprocs=8 N=7000, M=7000 impl=g-rabenseifner-subgroup-8
1: Starting numprocs=8 N=7000, M=7000 impl=g-rabenseifner-subgroup-8
3: Starting numprocs=8 N=7000, M=7000 impl=g-rabenseifner-subgroup-8
5: Starting numprocs=8 N=7000, M=7000 impl=g-rabenseifner-subgroup-8
time: 0.338610s
Iteration 1
time: 0.331657s
Iteration 2
time: 0.329464s
Iteration 3
time: 0.332969s
Iteration 4
time: 0.332203s
Iteration 5
time: 0.342318s
Iteration 6
time: 0.341470s
Iteration 7
time: 0.336568s
Iteration 8
time: 0.332211s
Iteration 9
time: 0.330357s
Iteration 10
time: 0.331404s
Iteration 11
time: 0.328647s
Iteration 12
time: 0.331041s
Iteration 13
time: 0.330537s
Iteration 14
time: 0.331319s
Iteration 15
time: 0.338059s
Iteration 16
time: 0.332087s
Iteration 17
time: 0.329644s
Iteration 18
time: 0.329541s
Iteration 19
time: 0.331295s
Iteration 20
time: 0.329075s
Iteration 21
time: 0.331419s
Iteration 22
time: 0.329818s
Iteration 23
time: 0.324393s
Iteration 24
time: 0.331176s
4: Starting numprocs=8 N=8000, M=8000 impl=allgather
7: Starting numprocs=8 N=8000, M=8000 impl=allgather
2: Starting numprocs=8 N=8000, M=8000 impl=allgather
6: Starting numprocs=8 N=8000, M=8000 impl=allgather
0: Starting numprocs=8 N=8000, M=8000 impl=allgather
Iteration 0
5: Starting numprocs=8 N=8000, M=8000 impl=allgather
1: Starting numprocs=8 N=8000, M=8000 impl=allgather
3: Starting numprocs=8 N=8000, M=8000 impl=allgather
time: 0.540850s
Iteration 1
time: 0.541383s
Iteration 2
time: 0.550422s
Iteration 3
time: 0.552382s
Iteration 4
time: 0.548566s
Iteration 5
time: 0.549199s
Iteration 6
time: 0.556258s
Iteration 7
time: 0.560618s
Iteration 8
time: 0.563704s
Iteration 9
time: 0.556003s
Iteration 10
time: 0.558089s
Iteration 11
time: 0.564644s
Iteration 12
time: 0.551774s
Iteration 13
time: 0.577303s
Iteration 14
time: 0.552481s
Iteration 15
time: 0.563525s
Iteration 16
time: 0.554588s
Iteration 17
time: 0.557369s
Iteration 18
time: 0.594172s
Iteration 19
time: 0.548259s
Iteration 20
time: 0.567059s
Iteration 21
time: 0.571786s
Iteration 22
time: 0.602368s
Iteration 23
time: 0.568258s
Iteration 24
time: 0.579351s
4: Starting numprocs=8 N=8000, M=8000 impl=allreduce
2: Starting numprocs=8 N=8000, M=8000 impl=allreduce
0: Starting numprocs=8 N=8000, M=8000 impl=allreduce
Iteration 0
7: Starting numprocs=8 N=8000, M=8000 impl=allreduce
6: Starting numprocs=8 N=8000, M=8000 impl=allreduce
5: Starting numprocs=8 N=8000, M=8000 impl=allreduce
1: Starting numprocs=8 N=8000, M=8000 impl=allreduce
3: Starting numprocs=8 N=8000, M=8000 impl=allreduce
time: 1.473445s
Iteration 1
time: 1.307700s
Iteration 2
time: 1.330451s
Iteration 3
time: 1.333132s
Iteration 4
time: 1.311824s
Iteration 5
time: 1.336868s
Iteration 6
time: 1.312627s
Iteration 7
time: 1.303063s
Iteration 8
time: 1.333965s
Iteration 9
time: 1.308503s
Iteration 10
time: 1.372854s
Iteration 11
time: 1.333270s
Iteration 12
time: 1.306009s
Iteration 13
time: 1.311954s
Iteration 14
time: 1.329598s
Iteration 15
time: 1.317937s
Iteration 16
time: 1.324697s
Iteration 17
time: 1.338057s
Iteration 18
time: 1.322794s
Iteration 19
time: 1.316172s
Iteration 20
time: 1.319016s
Iteration 21
time: 1.370074s
Iteration 22
time: 1.303954s
Iteration 23
time: 1.315333s
Iteration 24
time: 1.318436s
7: Starting numprocs=8 N=8000, M=8000 impl=allreduce-ring
4: Starting numprocs=8 N=8000, M=8000 impl=allreduce-ring
2: Starting numprocs=8 N=8000, M=8000 impl=allreduce-ring
0: Starting numprocs=8 N=8000, M=8000 impl=allreduce-ring
Iteration 0
6: Starting numprocs=8 N=8000, M=8000 impl=allreduce-ring
5: Starting numprocs=8 N=8000, M=8000 impl=allreduce-ring
1: Starting numprocs=8 N=8000, M=8000 impl=allreduce-ring
3: Starting numprocs=8 N=8000, M=8000 impl=allreduce-ring
time: 1.214558s
Iteration 1
time: 1.046063s
Iteration 2
time: 1.034557s
Iteration 3
time: 1.041469s
Iteration 4
time: 1.047840s
Iteration 5
time: 1.032963s
Iteration 6
time: 1.032293s
Iteration 7
time: 1.048451s
Iteration 8
time: 1.035777s
Iteration 9
time: 1.033769s
Iteration 10
time: 1.036419s
Iteration 11
time: 1.035947s
Iteration 12
time: 1.042346s
Iteration 13
time: 1.038401s
Iteration 14
time: 1.039660s
Iteration 15
time: 1.033412s
Iteration 16
time: 1.040977s
Iteration 17
time: 1.034845s
Iteration 18
time: 1.030334s
Iteration 19
time: 1.038996s
Iteration 20
time: 1.059053s
Iteration 21
time: 1.039167s
Iteration 22
time: 1.035175s
Iteration 23
time: 1.055474s
Iteration 24
time: 1.045330s
4: Starting numprocs=8 N=8000, M=8000 impl=g-rabenseifner-allgather
0: Starting numprocs=8 N=8000, M=8000 impl=g-rabenseifner-allgather
Iteration 0
2: Starting numprocs=8 N=8000, M=8000 impl=g-rabenseifner-allgather
7: Starting numprocs=8 N=8000, M=8000 impl=g-rabenseifner-allgather
6: Starting numprocs=8 N=8000, M=8000 impl=g-rabenseifner-allgather
1: Starting numprocs=8 N=8000, M=8000 impl=g-rabenseifner-allgather
5: Starting numprocs=8 N=8000, M=8000 impl=g-rabenseifner-allgather
3: Starting numprocs=8 N=8000, M=8000 impl=g-rabenseifner-allgather
time: 0.496535s
Iteration 1
time: 0.436646s
Iteration 2
time: 0.436301s
Iteration 3
time: 0.434975s
Iteration 4
time: 0.438349s
Iteration 5
time: 0.435328s
Iteration 6
time: 0.435713s
Iteration 7
time: 0.436481s
Iteration 8
time: 0.436203s
Iteration 9
time: 0.436570s
Iteration 10
time: 0.437084s
Iteration 11
time: 0.436820s
Iteration 12
time: 0.437499s
Iteration 13
time: 0.434705s
Iteration 14
time: 0.438388s
Iteration 15
time: 0.435971s
Iteration 16
time: 0.435914s
Iteration 17
time: 0.435681s
Iteration 18
time: 0.435370s
Iteration 19
time: 0.444663s
Iteration 20
time: 0.437440s
Iteration 21
time: 0.435717s
Iteration 22
time: 0.437763s
Iteration 23
time: 0.435794s
Iteration 24
time: 0.440432s
4: Starting numprocs=8 N=8000, M=8000 impl=g-rabenseifner-subgroup-2
7: Starting numprocs=8 N=8000, M=8000 impl=g-rabenseifner-subgroup-2
2: Starting numprocs=8 N=8000, M=8000 impl=g-rabenseifner-subgroup-2
0: Starting numprocs=8 N=8000, M=8000 impl=g-rabenseifner-subgroup-2
Iteration 0
5: Starting numprocs=8 N=8000, M=8000 impl=g-rabenseifner-subgroup-2
6: Starting numprocs=8 N=8000, M=8000 impl=g-rabenseifner-subgroup-2
1: Starting numprocs=8 N=8000, M=8000 impl=g-rabenseifner-subgroup-2
3: Starting numprocs=8 N=8000, M=8000 impl=g-rabenseifner-subgroup-2
time: 0.505432s
Iteration 1
time: 0.434567s
Iteration 2
time: 0.433615s
Iteration 3
time: 0.434336s
Iteration 4
time: 0.432132s
Iteration 5
time: 0.435382s
Iteration 6
time: 0.434569s
Iteration 7
time: 0.442365s
Iteration 8
time: 0.435364s
Iteration 9
time: 0.434367s
Iteration 10
time: 0.438484s
Iteration 11
time: 0.435411s
Iteration 12
time: 0.438639s
Iteration 13
time: 0.438425s
Iteration 14
time: 0.437360s
Iteration 15
time: 0.438981s
Iteration 16
time: 0.437630s
Iteration 17
time: 0.439610s
Iteration 18
time: 0.451755s
Iteration 19
time: 0.440084s
Iteration 20
time: 0.441396s
Iteration 21
time: 0.436600s
Iteration 22
time: 0.439541s
Iteration 23
time: 0.444251s
Iteration 24
time: 0.442674s
0: Starting numprocs=8 N=8000, M=8000 impl=g-rabenseifner-subgroup-4
Iteration 0
4: Starting numprocs=8 N=8000, M=8000 impl=g-rabenseifner-subgroup-4
7: Starting numprocs=8 N=8000, M=8000 impl=g-rabenseifner-subgroup-4
2: Starting numprocs=8 N=8000, M=8000 impl=g-rabenseifner-subgroup-4
5: Starting numprocs=8 N=8000, M=8000 impl=g-rabenseifner-subgroup-4
1: Starting numprocs=8 N=8000, M=8000 impl=g-rabenseifner-subgroup-4
6: Starting numprocs=8 N=8000, M=8000 impl=g-rabenseifner-subgroup-4
3: Starting numprocs=8 N=8000, M=8000 impl=g-rabenseifner-subgroup-4
time: 0.467248s
Iteration 1
time: 0.441094s
Iteration 2
time: 0.436591s
Iteration 3
time: 0.433615s
Iteration 4
time: 0.438128s
Iteration 5
time: 0.437916s
Iteration 6
time: 0.437329s
Iteration 7
time: 0.436358s
Iteration 8
time: 0.436942s
Iteration 9
time: 0.427910s
Iteration 10
time: 0.434979s
Iteration 11
time: 0.442019s
Iteration 12
time: 0.435173s
Iteration 13
time: 0.434986s
Iteration 14
time: 0.432839s
Iteration 15
time: 0.437318s
Iteration 16
time: 0.438377s
Iteration 17
time: 0.436372s
Iteration 18
time: 0.437822s
Iteration 19
time: 0.434989s
Iteration 20
time: 0.439205s
Iteration 21
time: 0.440426s
Iteration 22
time: 0.436249s
Iteration 23
time: 0.442002s
Iteration 24
time: 0.441278s
4: Starting numprocs=8 N=8000, M=8000 impl=g-rabenseifner-subgroup-8
2: Starting numprocs=8 N=8000, M=8000 impl=g-rabenseifner-subgroup-8
0: Starting numprocs=8 N=8000, M=8000 impl=g-rabenseifner-subgroup-8
Iteration 0
7: Starting numprocs=8 N=8000, M=8000 impl=g-rabenseifner-subgroup-8
5: Starting numprocs=8 N=8000, M=8000 impl=g-rabenseifner-subgroup-8
1: Starting numprocs=8 N=8000, M=8000 impl=g-rabenseifner-subgroup-8
6: Starting numprocs=8 N=8000, M=8000 impl=g-rabenseifner-subgroup-8
3: Starting numprocs=8 N=8000, M=8000 impl=g-rabenseifner-subgroup-8
time: 0.454939s
Iteration 1
time: 0.429815s
Iteration 2
time: 0.431058s
Iteration 3
time: 0.441622s
Iteration 4
time: 0.442950s
Iteration 5
time: 0.436754s
Iteration 6
time: 0.436266s
Iteration 7
time: 0.446240s
Iteration 8
time: 0.450057s
Iteration 9
time: 0.437877s
Iteration 10
time: 0.437965s
Iteration 11
time: 0.447247s
Iteration 12
time: 0.456137s
Iteration 13
time: 0.440719s
Iteration 14
time: 0.439050s
Iteration 15
time: 0.440678s
Iteration 16
time: 0.451316s
Iteration 17
time: 0.473921s
Iteration 18
time: 0.467093s
Iteration 19
time: 0.452140s
Iteration 20
time: 0.452672s
Iteration 21
time: 0.454448s
Iteration 22
time: 0.456600s
Iteration 23
time: 0.456581s
Iteration 24
time: 0.474414s
