2: Starting numprocs=16 N=1000, M=1000 impl=allgather
15: Starting numprocs=16 N=1000, M=1000 impl=allgather
12: Starting numprocs=16 N=1000, M=1000 impl=allgather
14: Starting numprocs=16 N=1000, M=1000 impl=allgather
0: Starting numprocs=16 N=1000, M=1000 impl=allgather
Iteration 0
13: Starting numprocs=16 N=1000, M=1000 impl=allgather
5: Starting numprocs=16 N=1000, M=1000 impl=allgather
4: Starting numprocs=16 N=1000, M=1000 impl=allgather
8: Starting numprocs=16 N=1000, M=1000 impl=allgather
11: Starting numprocs=16 N=1000, M=1000 impl=allgather
3: Starting numprocs=16 N=1000, M=1000 impl=allgather
10: Starting numprocs=16 N=1000, M=1000 impl=allgather
6: Starting numprocs=16 N=1000, M=1000 impl=allgather
9: Starting numprocs=16 N=1000, M=1000 impl=allgather
1: Starting numprocs=16 N=1000, M=1000 impl=allgather
7: Starting numprocs=16 N=1000, M=1000 impl=allgather
time: 0.026942s
Iteration 1
time: 0.013828s
Iteration 2
time: 0.013815s
Iteration 3
time: 0.014263s
Iteration 4
time: 0.013869s
Iteration 5
time: 0.013748s
Iteration 6
time: 0.013723s
Iteration 7
time: 0.013700s
Iteration 8
time: 0.013930s
Iteration 9
time: 0.013743s
Iteration 10
time: 0.018163s
Iteration 11
time: 0.014072s
Iteration 12
time: 0.013777s
Iteration 13
time: 0.013660s
Iteration 14
time: 0.014482s
Iteration 15
time: 0.013690s
Iteration 16
time: 0.013756s
Iteration 17
time: 0.014024s
Iteration 18
time: 0.013664s
Iteration 19
time: 0.014107s
Iteration 20
time: 0.013959s
Iteration 21
time: 0.014314s
Iteration 22
time: 0.014004s
Iteration 23
time: 0.013926s
Iteration 24
time: 0.013907s
2: Starting numprocs=16 N=1000, M=1000 impl=allreduce
15: Starting numprocs=16 N=1000, M=1000 impl=allreduce
14: Starting numprocs=16 N=1000, M=1000 impl=allreduce
12: Starting numprocs=16 N=1000, M=1000 impl=allreduce
5: Starting numprocs=16 N=1000, M=1000 impl=allreduce
13: Starting numprocs=16 N=1000, M=1000 impl=allreduce
4: Starting numprocs=16 N=1000, M=1000 impl=allreduce
8: Starting numprocs=16 N=1000, M=1000 impl=allreduce
0: Starting numprocs=16 N=1000, M=1000 impl=allreduce
Iteration 0
11: Starting numprocs=16 N=1000, M=1000 impl=allreduce
6: Starting numprocs=16 N=1000, M=1000 impl=allreduce
9: Starting numprocs=16 N=1000, M=1000 impl=allreduce
3: Starting numprocs=16 N=1000, M=1000 impl=allreduce
10: Starting numprocs=16 N=1000, M=1000 impl=allreduce
1: Starting numprocs=16 N=1000, M=1000 impl=allreduce
7: Starting numprocs=16 N=1000, M=1000 impl=allreduce
time: 0.031786s
Iteration 1
time: 0.022343s
Iteration 2
time: 0.017639s
Iteration 3
time: 0.017610s
Iteration 4
time: 0.017959s
Iteration 5
time: 0.017805s
Iteration 6
time: 0.017770s
Iteration 7
time: 0.017483s
Iteration 8
time: 0.018455s
Iteration 9
time: 0.017664s
Iteration 10
time: 0.017882s
Iteration 11
time: 0.017761s
Iteration 12
time: 0.018003s
Iteration 13
time: 0.018432s
Iteration 14
time: 0.017676s
Iteration 15
time: 0.017930s
Iteration 16
time: 0.017943s
Iteration 17
time: 0.017435s
Iteration 18
time: 0.017801s
Iteration 19
time: 0.018153s
Iteration 20
time: 0.018649s
Iteration 21
time: 0.019332s
Iteration 22
time: 0.019543s
Iteration 23
time: 0.019054s
Iteration 24
time: 0.019024s
2: Starting numprocs=16 N=1000, M=1000 impl=allreduce-ring
13: Starting numprocs=16 N=1000, M=1000 impl=allreduce-ring
15: Starting numprocs=16 N=1000, M=1000 impl=allreduce-ring
14: Starting numprocs=16 N=1000, M=1000 impl=allreduce-ring
0: Starting numprocs=16 N=1000, M=1000 impl=allreduce-ring
Iteration 0
12: Starting numprocs=16 N=1000, M=1000 impl=allreduce-ring
5: Starting numprocs=16 N=1000, M=1000 impl=allreduce-ring
4: Starting numprocs=16 N=1000, M=1000 impl=allreduce-ring
11: Starting numprocs=16 N=1000, M=1000 impl=allreduce-ring
8: Starting numprocs=16 N=1000, M=1000 impl=allreduce-ring
6: Starting numprocs=16 N=1000, M=1000 impl=allreduce-ring
9: Starting numprocs=16 N=1000, M=1000 impl=allreduce-ring
3: Starting numprocs=16 N=1000, M=1000 impl=allreduce-ring
1: Starting numprocs=16 N=1000, M=1000 impl=allreduce-ring
7: Starting numprocs=16 N=1000, M=1000 impl=allreduce-ring
10: Starting numprocs=16 N=1000, M=1000 impl=allreduce-ring
time: 0.025776s
Iteration 1
time: 0.014653s
Iteration 2
time: 0.014775s
Iteration 3
time: 0.014821s
Iteration 4
time: 0.014676s
Iteration 5
time: 0.014475s
Iteration 6
time: 0.014830s
Iteration 7
time: 0.014666s
Iteration 8
time: 0.014254s
Iteration 9
time: 0.014951s
Iteration 10
time: 0.014614s
Iteration 11
time: 0.014718s
Iteration 12
time: 0.014971s
Iteration 13
time: 0.014830s
Iteration 14
time: 0.015193s
Iteration 15
time: 0.015239s
Iteration 16
time: 0.014265s
Iteration 17
time: 0.014640s
Iteration 18
time: 0.014862s
Iteration 19
time: 0.015041s
Iteration 20
time: 0.014722s
Iteration 21
time: 0.014629s
Iteration 22
time: 0.014737s
Iteration 23
time: 0.014609s
Iteration 24
time: 0.014259s
2: Starting numprocs=16 N=1000, M=1000 impl=g-rabenseifner-allgather
15: Starting numprocs=16 N=1000, M=1000 impl=g-rabenseifner-allgather
12: Starting numprocs=16 N=1000, M=1000 impl=g-rabenseifner-allgather
14: Starting numprocs=16 N=1000, M=1000 impl=g-rabenseifner-allgather
13: Starting numprocs=16 N=1000, M=1000 impl=g-rabenseifner-allgather
0: Starting numprocs=16 N=1000, M=1000 impl=g-rabenseifner-allgather
Iteration 0
11: Starting numprocs=16 N=1000, M=1000 impl=g-rabenseifner-allgather
5: Starting numprocs=16 N=1000, M=1000 impl=g-rabenseifner-allgather
4: Starting numprocs=16 N=1000, M=1000 impl=g-rabenseifner-allgather
9: Starting numprocs=16 N=1000, M=1000 impl=g-rabenseifner-allgather
3: Starting numprocs=16 N=1000, M=1000 impl=g-rabenseifner-allgather
10: Starting numprocs=16 N=1000, M=1000 impl=g-rabenseifner-allgather
6: Starting numprocs=16 N=1000, M=1000 impl=g-rabenseifner-allgather
7: Starting numprocs=16 N=1000, M=1000 impl=g-rabenseifner-allgather
1: Starting numprocs=16 N=1000, M=1000 impl=g-rabenseifner-allgather
8: Starting numprocs=16 N=1000, M=1000 impl=g-rabenseifner-allgather
time: 0.026290s
Iteration 1
time: 0.008111s
Iteration 2
time: 0.008055s
Iteration 3
time: 0.008385s
Iteration 4
time: 0.007856s
Iteration 5
time: 0.008128s
Iteration 6
time: 0.007854s
Iteration 7
time: 0.007845s
Iteration 8
time: 0.008597s
Iteration 9
time: 0.007892s
Iteration 10
time: 0.008205s
Iteration 11
time: 0.007875s
Iteration 12
time: 0.008252s
Iteration 13
time: 0.008245s
Iteration 14
time: 0.008239s
Iteration 15
time: 0.007820s
Iteration 16
time: 0.008736s
Iteration 17
time: 0.007859s
Iteration 18
time: 0.007775s
Iteration 19
time: 0.008063s
Iteration 20
time: 0.007842s
Iteration 21
time: 0.007816s
Iteration 22
time: 0.008331s
Iteration 23
time: 0.008089s
Iteration 24
time: 0.007815s
2: Starting numprocs=16 N=1000, M=1000 impl=g-rabenseifner-subgroup-2
15: Starting numprocs=16 N=1000, M=1000 impl=g-rabenseifner-subgroup-2
13: Starting numprocs=16 N=1000, M=1000 impl=g-rabenseifner-subgroup-2
14: Starting numprocs=16 N=1000, M=1000 impl=g-rabenseifner-subgroup-2
0: Starting numprocs=16 N=1000, M=1000 impl=g-rabenseifner-subgroup-2
Iteration 0
12: Starting numprocs=16 N=1000, M=1000 impl=g-rabenseifner-subgroup-2
5: Starting numprocs=16 N=1000, M=1000 impl=g-rabenseifner-subgroup-2
4: Starting numprocs=16 N=1000, M=1000 impl=g-rabenseifner-subgroup-2
6: Starting numprocs=16 N=1000, M=1000 impl=g-rabenseifner-subgroup-2
8: Starting numprocs=16 N=1000, M=1000 impl=g-rabenseifner-subgroup-2
11: Starting numprocs=16 N=1000, M=1000 impl=g-rabenseifner-subgroup-2
10: Starting numprocs=16 N=1000, M=1000 impl=g-rabenseifner-subgroup-2
3: Starting numprocs=16 N=1000, M=1000 impl=g-rabenseifner-subgroup-2
1: Starting numprocs=16 N=1000, M=1000 impl=g-rabenseifner-subgroup-2
9: Starting numprocs=16 N=1000, M=1000 impl=g-rabenseifner-subgroup-2
7: Starting numprocs=16 N=1000, M=1000 impl=g-rabenseifner-subgroup-2
time: 0.025848s
Iteration 1
time: 0.008214s
Iteration 2
time: 0.008583s
Iteration 3
time: 0.008056s
Iteration 4
time: 0.008079s
Iteration 5
time: 0.007997s
Iteration 6
time: 0.008462s
Iteration 7
time: 0.008542s
Iteration 8
time: 0.008444s
Iteration 9
time: 0.008522s
Iteration 10
time: 0.008100s
Iteration 11
time: 0.008061s
Iteration 12
time: 0.008113s
Iteration 13
time: 0.008211s
Iteration 14
time: 0.008550s
Iteration 15
time: 0.008213s
Iteration 16
time: 0.008680s
Iteration 17
time: 0.008365s
Iteration 18
time: 0.008265s
Iteration 19
time: 0.008548s
Iteration 20
time: 0.008167s
Iteration 21
time: 0.008606s
Iteration 22
time: 0.009218s
Iteration 23
time: 0.008108s
Iteration 24
time: 0.008454s
2: Starting numprocs=16 N=1000, M=1000 impl=g-rabenseifner-subgroup-4
14: Starting numprocs=16 N=1000, M=1000 impl=g-rabenseifner-subgroup-4
15: Starting numprocs=16 N=1000, M=1000 impl=g-rabenseifner-subgroup-4
0: Starting numprocs=16 N=1000, M=1000 impl=g-rabenseifner-subgroup-4
Iteration 0
13: Starting numprocs=16 N=1000, M=1000 impl=g-rabenseifner-subgroup-4
12: Starting numprocs=16 N=1000, M=1000 impl=g-rabenseifner-subgroup-4
5: Starting numprocs=16 N=1000, M=1000 impl=g-rabenseifner-subgroup-4
4: Starting numprocs=16 N=1000, M=1000 impl=g-rabenseifner-subgroup-4
11: Starting numprocs=16 N=1000, M=1000 impl=g-rabenseifner-subgroup-4
6: Starting numprocs=16 N=1000, M=1000 impl=g-rabenseifner-subgroup-4
9: Starting numprocs=16 N=1000, M=1000 impl=g-rabenseifner-subgroup-4
10: Starting numprocs=16 N=1000, M=1000 impl=g-rabenseifner-subgroup-4
8: Starting numprocs=16 N=1000, M=1000 impl=g-rabenseifner-subgroup-4
3: Starting numprocs=16 N=1000, M=1000 impl=g-rabenseifner-subgroup-4
1: Starting numprocs=16 N=1000, M=1000 impl=g-rabenseifner-subgroup-4
7: Starting numprocs=16 N=1000, M=1000 impl=g-rabenseifner-subgroup-4
time: 0.022661s
Iteration 1
time: 0.008752s
Iteration 2
time: 0.008928s
Iteration 3
time: 0.008589s
Iteration 4
time: 0.009059s
Iteration 5
time: 0.008487s
Iteration 6
time: 0.008560s
Iteration 7
time: 0.008696s
Iteration 8
time: 0.008617s
Iteration 9
time: 0.008547s
Iteration 10
time: 0.008550s
Iteration 11
time: 0.008563s
Iteration 12
time: 0.008568s
Iteration 13
time: 0.008488s
Iteration 14
time: 0.009025s
Iteration 15
time: 0.009791s
Iteration 16
time: 0.008470s
Iteration 17
time: 0.008771s
Iteration 18
time: 0.008696s
Iteration 19
time: 0.008890s
Iteration 20
time: 0.008522s
Iteration 21
time: 0.008491s
Iteration 22
time: 0.008861s
Iteration 23
time: 0.010229s
Iteration 24
time: 0.010240s
14: Starting numprocs=16 N=1000, M=1000 impl=g-rabenseifner-subgroup-8
15: Starting numprocs=16 N=1000, M=1000 impl=g-rabenseifner-subgroup-8
13: Starting numprocs=16 N=1000, M=1000 impl=g-rabenseifner-subgroup-8
5: Starting numprocs=16 N=1000, M=1000 impl=g-rabenseifner-subgroup-8
0: Starting numprocs=16 N=1000, M=1000 impl=g-rabenseifner-subgroup-8
Iteration 0
4: Starting numprocs=16 N=1000, M=1000 impl=g-rabenseifner-subgroup-8
12: Starting numprocs=16 N=1000, M=1000 impl=g-rabenseifner-subgroup-8
8: Starting numprocs=16 N=1000, M=1000 impl=g-rabenseifner-subgroup-8
11: Starting numprocs=16 N=1000, M=1000 impl=g-rabenseifner-subgroup-8
2: Starting numprocs=16 N=1000, M=1000 impl=g-rabenseifner-subgroup-8
9: Starting numprocs=16 N=1000, M=1000 impl=g-rabenseifner-subgroup-8
3: Starting numprocs=16 N=1000, M=1000 impl=g-rabenseifner-subgroup-8
6: Starting numprocs=16 N=1000, M=1000 impl=g-rabenseifner-subgroup-8
10: Starting numprocs=16 N=1000, M=1000 impl=g-rabenseifner-subgroup-8
7: Starting numprocs=16 N=1000, M=1000 impl=g-rabenseifner-subgroup-8
1: Starting numprocs=16 N=1000, M=1000 impl=g-rabenseifner-subgroup-8
time: 0.020965s
Iteration 1
time: 0.009952s
Iteration 2
time: 0.009934s
Iteration 3
time: 0.009889s
Iteration 4
time: 0.009833s
Iteration 5
time: 0.010455s
Iteration 6
time: 0.009744s
Iteration 7
time: 0.009731s
Iteration 8
time: 0.010653s
Iteration 9
time: 0.010063s
Iteration 10
time: 0.009528s
Iteration 11
time: 0.009918s
Iteration 12
time: 0.009560s
Iteration 13
time: 0.009759s
Iteration 14
time: 0.009665s
Iteration 15
time: 0.009800s
Iteration 16
time: 0.009616s
Iteration 17
time: 0.009576s
Iteration 18
time: 0.009605s
Iteration 19
time: 0.009602s
Iteration 20
time: 0.010033s
Iteration 21
time: 0.009689s
Iteration 22
time: 0.010100s
Iteration 23
time: 0.009586s
Iteration 24
time: 0.009713s
13: Starting numprocs=16 N=2000, M=2000 impl=allgather
15: Starting numprocs=16 N=2000, M=2000 impl=allgather
14: Starting numprocs=16 N=2000, M=2000 impl=allgather
2: Starting numprocs=16 N=2000, M=2000 impl=allgather
12: Starting numprocs=16 N=2000, M=2000 impl=allgather
5: Starting numprocs=16 N=2000, M=2000 impl=allgather
0: Starting numprocs=16 N=2000, M=2000 impl=allgather
Iteration 0
11: Starting numprocs=16 N=2000, M=2000 impl=allgather
8: Starting numprocs=16 N=2000, M=2000 impl=allgather
6: Starting numprocs=16 N=2000, M=2000 impl=allgather
7: Starting numprocs=16 N=2000, M=2000 impl=allgather
3: Starting numprocs=16 N=2000, M=2000 impl=allgather
1: Starting numprocs=16 N=2000, M=2000 impl=allgather
4: Starting numprocs=16 N=2000, M=2000 impl=allgather
10: Starting numprocs=16 N=2000, M=2000 impl=allgather
9: Starting numprocs=16 N=2000, M=2000 impl=allgather
time: 0.067301s
Iteration 1
time: 0.055998s
Iteration 2
time: 0.055556s
Iteration 3
time: 0.055887s
Iteration 4
time: 0.055479s
Iteration 5
time: 0.055365s
Iteration 6
time: 0.055699s
Iteration 7
time: 0.056226s
Iteration 8
time: 0.055760s
Iteration 9
time: 0.055572s
Iteration 10
time: 0.055712s
Iteration 11
time: 0.055268s
Iteration 12
time: 0.055835s
Iteration 13
time: 0.055384s
Iteration 14
time: 0.055622s
Iteration 15
time: 0.055136s
Iteration 16
time: 0.055247s
Iteration 17
time: 0.055590s
Iteration 18
time: 0.055317s
Iteration 19
time: 0.056469s
Iteration 20
time: 0.056075s
Iteration 21
time: 0.055492s
Iteration 22
time: 0.056277s
Iteration 23
time: 0.054304s
Iteration 24
time: 0.057313s
15: Starting numprocs=16 N=2000, M=2000 impl=allreduce
14: Starting numprocs=16 N=2000, M=2000 impl=allreduce
13: Starting numprocs=16 N=2000, M=2000 impl=allreduce
2: Starting numprocs=16 N=2000, M=2000 impl=allreduce
12: Starting numprocs=16 N=2000, M=2000 impl=allreduce
0: Starting numprocs=16 N=2000, M=2000 impl=allreduce
Iteration 0
5: Starting numprocs=16 N=2000, M=2000 impl=allreduce
11: Starting numprocs=16 N=2000, M=2000 impl=allreduce
8: Starting numprocs=16 N=2000, M=2000 impl=allreduce
4: Starting numprocs=16 N=2000, M=2000 impl=allreduce
6: Starting numprocs=16 N=2000, M=2000 impl=allreduce
10: Starting numprocs=16 N=2000, M=2000 impl=allreduce
9: Starting numprocs=16 N=2000, M=2000 impl=allreduce
3: Starting numprocs=16 N=2000, M=2000 impl=allreduce
1: Starting numprocs=16 N=2000, M=2000 impl=allreduce
7: Starting numprocs=16 N=2000, M=2000 impl=allreduce
time: 0.102339s
Iteration 1
time: 0.088168s
Iteration 2
time: 0.071923s
Iteration 3
time: 0.074236s
Iteration 4
time: 0.071345s
Iteration 5
time: 0.069950s
Iteration 6
time: 0.069757s
Iteration 7
time: 0.072996s
Iteration 8
time: 0.074958s
Iteration 9
time: 0.073098s
Iteration 10
time: 0.070400s
Iteration 11
time: 0.091246s
Iteration 12
time: 0.070568s
Iteration 13
time: 0.071934s
Iteration 14
time: 0.073139s
Iteration 15
time: 0.074051s
Iteration 16
time: 0.078858s
Iteration 17
time: 0.077869s
Iteration 18
time: 0.072221s
Iteration 19
time: 0.074756s
Iteration 20
time: 0.070327s
Iteration 21
time: 0.074340s
Iteration 22
time: 0.071018s
Iteration 23
time: 0.069081s
Iteration 24
time: 0.069371s
15: Starting numprocs=16 N=2000, M=2000 impl=allreduce-ring
13: Starting numprocs=16 N=2000, M=2000 impl=allreduce-ring
2: Starting numprocs=16 N=2000, M=2000 impl=allreduce-ring
14: Starting numprocs=16 N=2000, M=2000 impl=allreduce-ring
11: Starting numprocs=16 N=2000, M=2000 impl=allreduce-ring
12: Starting numprocs=16 N=2000, M=2000 impl=allreduce-ring
5: Starting numprocs=16 N=2000, M=2000 impl=allreduce-ring
4: Starting numprocs=16 N=2000, M=2000 impl=allreduce-ring
8: Starting numprocs=16 N=2000, M=2000 impl=allreduce-ring
0: Starting numprocs=16 N=2000, M=2000 impl=allreduce-ring
Iteration 0
3: Starting numprocs=16 N=2000, M=2000 impl=allreduce-ring
10: Starting numprocs=16 N=2000, M=2000 impl=allreduce-ring
1: Starting numprocs=16 N=2000, M=2000 impl=allreduce-ring
9: Starting numprocs=16 N=2000, M=2000 impl=allreduce-ring
7: Starting numprocs=16 N=2000, M=2000 impl=allreduce-ring
6: Starting numprocs=16 N=2000, M=2000 impl=allreduce-ring
time: 0.072327s
Iteration 1
time: 0.062747s
Iteration 2
time: 0.061867s
Iteration 3
time: 0.062521s
Iteration 4
time: 0.060286s
Iteration 5
time: 0.059670s
Iteration 6
time: 0.060162s
Iteration 7
time: 0.058839s
Iteration 8
time: 0.059078s
Iteration 9
time: 0.059205s
Iteration 10
time: 0.059368s
Iteration 11
time: 0.059443s
Iteration 12
time: 0.060789s
Iteration 13
time: 0.059621s
Iteration 14
time: 0.060686s
Iteration 15
time: 0.063188s
Iteration 16
time: 0.066792s
Iteration 17
time: 0.064726s
Iteration 18
time: 0.063940s
Iteration 19
time: 0.064510s
Iteration 20
time: 0.061804s
Iteration 21
time: 0.060545s
Iteration 22
time: 0.060109s
Iteration 23
time: 0.066003s
Iteration 24
time: 0.068084s
14: Starting numprocs=16 N=2000, M=2000 impl=g-rabenseifner-allgather
2: Starting numprocs=16 N=2000, M=2000 impl=g-rabenseifner-allgather
13: Starting numprocs=16 N=2000, M=2000 impl=g-rabenseifner-allgather
15: Starting numprocs=16 N=2000, M=2000 impl=g-rabenseifner-allgather
11: Starting numprocs=16 N=2000, M=2000 impl=g-rabenseifner-allgather
12: Starting numprocs=16 N=2000, M=2000 impl=g-rabenseifner-allgather
5: Starting numprocs=16 N=2000, M=2000 impl=g-rabenseifner-allgather
8: Starting numprocs=16 N=2000, M=2000 impl=g-rabenseifner-allgather
4: Starting numprocs=16 N=2000, M=2000 impl=g-rabenseifner-allgather
0: Starting numprocs=16 N=2000, M=2000 impl=g-rabenseifner-allgather
Iteration 0
1: Starting numprocs=16 N=2000, M=2000 impl=g-rabenseifner-allgather
9: Starting numprocs=16 N=2000, M=2000 impl=g-rabenseifner-allgather
6: Starting numprocs=16 N=2000, M=2000 impl=g-rabenseifner-allgather
10: Starting numprocs=16 N=2000, M=2000 impl=g-rabenseifner-allgather
3: Starting numprocs=16 N=2000, M=2000 impl=g-rabenseifner-allgather
7: Starting numprocs=16 N=2000, M=2000 impl=g-rabenseifner-allgather
time: 0.041040s
Iteration 1
time: 0.030128s
Iteration 2
time: 0.030291s
Iteration 3
time: 0.029578s
Iteration 4
time: 0.029949s
Iteration 5
time: 0.030156s
Iteration 6
time: 0.029737s
Iteration 7
time: 0.030583s
Iteration 8
time: 0.029782s
Iteration 9
time: 0.029774s
Iteration 10
time: 0.030029s
Iteration 11
time: 0.032295s
Iteration 12
time: 0.029608s
Iteration 13
time: 0.029637s
Iteration 14
time: 0.030089s
Iteration 15
time: 0.029889s
Iteration 16
time: 0.030045s
Iteration 17
time: 0.030885s
Iteration 18
time: 0.031081s
Iteration 19
time: 0.031540s
Iteration 20
time: 0.030228s
Iteration 21
time: 0.031910s
Iteration 22
time: 0.029998s
Iteration 23
time: 0.031197s
Iteration 24
time: 0.030396s
14: Starting numprocs=16 N=2000, M=2000 impl=g-rabenseifner-subgroup-2
13: Starting numprocs=16 N=2000, M=2000 impl=g-rabenseifner-subgroup-2
2: Starting numprocs=16 N=2000, M=2000 impl=g-rabenseifner-subgroup-2
15: Starting numprocs=16 N=2000, M=2000 impl=g-rabenseifner-subgroup-2
12: Starting numprocs=16 N=2000, M=2000 impl=g-rabenseifner-subgroup-2
5: Starting numprocs=16 N=2000, M=2000 impl=g-rabenseifner-subgroup-2
4: Starting numprocs=16 N=2000, M=2000 impl=g-rabenseifner-subgroup-2
8: Starting numprocs=16 N=2000, M=2000 impl=g-rabenseifner-subgroup-2
0: Starting numprocs=16 N=2000, M=2000 impl=g-rabenseifner-subgroup-2
Iteration 0
9: Starting numprocs=16 N=2000, M=2000 impl=g-rabenseifner-subgroup-2
11: Starting numprocs=16 N=2000, M=2000 impl=g-rabenseifner-subgroup-2
6: Starting numprocs=16 N=2000, M=2000 impl=g-rabenseifner-subgroup-2
3: Starting numprocs=16 N=2000, M=2000 impl=g-rabenseifner-subgroup-2
1: Starting numprocs=16 N=2000, M=2000 impl=g-rabenseifner-subgroup-2
7: Starting numprocs=16 N=2000, M=2000 impl=g-rabenseifner-subgroup-2
10: Starting numprocs=16 N=2000, M=2000 impl=g-rabenseifner-subgroup-2
time: 0.057812s
Iteration 1
time: 0.031704s
Iteration 2
time: 0.032346s
Iteration 3
time: 0.032743s
Iteration 4
time: 0.031344s
Iteration 5
time: 0.031242s
Iteration 6
time: 0.032165s
Iteration 7
time: 0.032013s
Iteration 8
time: 0.031982s
Iteration 9
time: 0.031418s
Iteration 10
time: 0.032528s
Iteration 11
time: 0.032287s
Iteration 12
time: 0.031470s
Iteration 13
time: 0.031134s
Iteration 14
time: 0.031022s
Iteration 15
time: 0.032105s
Iteration 16
time: 0.033536s
Iteration 17
time: 0.032884s
Iteration 18
time: 0.032765s
Iteration 19
time: 0.031556s
Iteration 20
time: 0.030854s
Iteration 21
time: 0.030842s
Iteration 22
time: 0.032765s
Iteration 23
time: 0.031606s
Iteration 24
time: 0.031511s
2: Starting numprocs=16 N=2000, M=2000 impl=g-rabenseifner-subgroup-4
14: Starting numprocs=16 N=2000, M=2000 impl=g-rabenseifner-subgroup-4
13: Starting numprocs=16 N=2000, M=2000 impl=g-rabenseifner-subgroup-4
4: Starting numprocs=16 N=2000, M=2000 impl=g-rabenseifner-subgroup-4
12: Starting numprocs=16 N=2000, M=2000 impl=g-rabenseifner-subgroup-4
15: Starting numprocs=16 N=2000, M=2000 impl=g-rabenseifner-subgroup-4
8: Starting numprocs=16 N=2000, M=2000 impl=g-rabenseifner-subgroup-4
5: Starting numprocs=16 N=2000, M=2000 impl=g-rabenseifner-subgroup-4
0: Starting numprocs=16 N=2000, M=2000 impl=g-rabenseifner-subgroup-4
Iteration 0
6: Starting numprocs=16 N=2000, M=2000 impl=g-rabenseifner-subgroup-4
9: Starting numprocs=16 N=2000, M=2000 impl=g-rabenseifner-subgroup-4
1: Starting numprocs=16 N=2000, M=2000 impl=g-rabenseifner-subgroup-4
10: Starting numprocs=16 N=2000, M=2000 impl=g-rabenseifner-subgroup-4
7: Starting numprocs=16 N=2000, M=2000 impl=g-rabenseifner-subgroup-4
3: Starting numprocs=16 N=2000, M=2000 impl=g-rabenseifner-subgroup-4
11: Starting numprocs=16 N=2000, M=2000 impl=g-rabenseifner-subgroup-4
time: 0.057761s
Iteration 1
time: 0.034033s
Iteration 2
time: 0.033691s
Iteration 3
time: 0.032777s
Iteration 4
time: 0.032943s
Iteration 5
time: 0.033201s
Iteration 6
time: 0.033209s
Iteration 7
time: 0.033568s
Iteration 8
time: 0.034471s
Iteration 9
time: 0.033953s
Iteration 10
time: 0.034030s
Iteration 11
time: 0.033795s
Iteration 12
time: 0.033668s
Iteration 13
time: 0.033728s
Iteration 14
time: 0.033017s
Iteration 15
time: 0.033345s
Iteration 16
time: 0.032538s
Iteration 17
time: 0.033169s
Iteration 18
time: 0.033025s
Iteration 19
time: 0.032469s
Iteration 20
time: 0.032765s
Iteration 21
time: 0.033516s
Iteration 22
time: 0.032584s
Iteration 23
time: 0.032757s
Iteration 24
time: 0.032816s
13: Starting numprocs=16 N=2000, M=2000 impl=g-rabenseifner-subgroup-8
14: Starting numprocs=16 N=2000, M=2000 impl=g-rabenseifner-subgroup-8
15: Starting numprocs=16 N=2000, M=2000 impl=g-rabenseifner-subgroup-8
2: Starting numprocs=16 N=2000, M=2000 impl=g-rabenseifner-subgroup-8
12: Starting numprocs=16 N=2000, M=2000 impl=g-rabenseifner-subgroup-8
4: Starting numprocs=16 N=2000, M=2000 impl=g-rabenseifner-subgroup-8
5: Starting numprocs=16 N=2000, M=2000 impl=g-rabenseifner-subgroup-8
8: Starting numprocs=16 N=2000, M=2000 impl=g-rabenseifner-subgroup-8
6: Starting numprocs=16 N=2000, M=2000 impl=g-rabenseifner-subgroup-8
11: Starting numprocs=16 N=2000, M=2000 impl=g-rabenseifner-subgroup-8
9: Starting numprocs=16 N=2000, M=2000 impl=g-rabenseifner-subgroup-8
3: Starting numprocs=16 N=2000, M=2000 impl=g-rabenseifner-subgroup-8
0: Starting numprocs=16 N=2000, M=2000 impl=g-rabenseifner-subgroup-8
Iteration 0
10: Starting numprocs=16 N=2000, M=2000 impl=g-rabenseifner-subgroup-8
1: Starting numprocs=16 N=2000, M=2000 impl=g-rabenseifner-subgroup-8
7: Starting numprocs=16 N=2000, M=2000 impl=g-rabenseifner-subgroup-8
time: 0.055224s
Iteration 1
time: 0.040114s
Iteration 2
time: 0.040419s
Iteration 3
time: 0.039872s
Iteration 4
time: 0.039490s
Iteration 5
time: 0.041112s
Iteration 6
time: 0.039446s
Iteration 7
time: 0.040520s
Iteration 8
time: 0.039697s
Iteration 9
time: 0.039324s
Iteration 10
time: 0.040083s
Iteration 11
time: 0.039257s
Iteration 12
time: 0.040974s
Iteration 13
time: 0.039893s
Iteration 14
time: 0.042041s
Iteration 15
time: 0.042503s
Iteration 16
time: 0.043307s
Iteration 17
time: 0.040782s
Iteration 18
time: 0.038792s
Iteration 19
time: 0.041289s
Iteration 20
time: 0.040408s
Iteration 21
time: 0.039979s
Iteration 22
time: 0.039916s
Iteration 23
time: 0.040868s
Iteration 24
time: 0.039208s
14: Starting numprocs=16 N=3000, M=3000 impl=allgather
12: Starting numprocs=16 N=3000, M=3000 impl=allgather
13: Starting numprocs=16 N=3000, M=3000 impl=allgather
15: Starting numprocs=16 N=3000, M=3000 impl=allgather
4: Starting numprocs=16 N=3000, M=3000 impl=allgather
2: Starting numprocs=16 N=3000, M=3000 impl=allgather
5: Starting numprocs=16 N=3000, M=3000 impl=allgather
8: Starting numprocs=16 N=3000, M=3000 impl=allgather
3: Starting numprocs=16 N=3000, M=3000 impl=allgather
6: Starting numprocs=16 N=3000, M=3000 impl=allgather
10: Starting numprocs=16 N=3000, M=3000 impl=allgather
1: Starting numprocs=16 N=3000, M=3000 impl=allgather
0: Starting numprocs=16 N=3000, M=3000 impl=allgather
Iteration 0
7: Starting numprocs=16 N=3000, M=3000 impl=allgather
11: Starting numprocs=16 N=3000, M=3000 impl=allgather
9: Starting numprocs=16 N=3000, M=3000 impl=allgather
time: 0.152528s
Iteration 1
time: 0.140357s
Iteration 2
time: 0.140761s
Iteration 3
time: 0.139147s
Iteration 4
time: 0.139817s
Iteration 5
time: 0.140360s
Iteration 6
time: 0.139431s
Iteration 7
time: 0.142067s
Iteration 8
time: 0.140207s
Iteration 9
time: 0.139487s
Iteration 10
time: 0.138740s
Iteration 11
time: 0.139321s
Iteration 12
time: 0.138276s
Iteration 13
time: 0.139839s
Iteration 14
time: 0.139763s
Iteration 15
time: 0.141269s
Iteration 16
time: 0.140087s
Iteration 17
time: 0.140278s
Iteration 18
time: 0.140882s
Iteration 19
time: 0.139440s
Iteration 20
time: 0.145807s
Iteration 21
time: 0.139241s
Iteration 22
time: 0.141986s
Iteration 23
time: 0.139684s
Iteration 24
time: 0.144322s
14: Starting numprocs=16 N=3000, M=3000 impl=allreduce
4: Starting numprocs=16 N=3000, M=3000 impl=allreduce
15: Starting numprocs=16 N=3000, M=3000 impl=allreduce
2: Starting numprocs=16 N=3000, M=3000 impl=allreduce
13: Starting numprocs=16 N=3000, M=3000 impl=allreduce
5: Starting numprocs=16 N=3000, M=3000 impl=allreduce
11: Starting numprocs=16 N=3000, M=3000 impl=allreduce
12: Starting numprocs=16 N=3000, M=3000 impl=allreduce
8: Starting numprocs=16 N=3000, M=3000 impl=allreduce
6: Starting numprocs=16 N=3000, M=3000 impl=allreduce
9: Starting numprocs=16 N=3000, M=3000 impl=allreduce
3: Starting numprocs=16 N=3000, M=3000 impl=allreduce
0: Starting numprocs=16 N=3000, M=3000 impl=allreduce
Iteration 0
7: Starting numprocs=16 N=3000, M=3000 impl=allreduce
10: Starting numprocs=16 N=3000, M=3000 impl=allreduce
1: Starting numprocs=16 N=3000, M=3000 impl=allreduce
time: 0.263414s
Iteration 1
time: 0.209087s
Iteration 2
time: 0.210867s
Iteration 3
time: 0.217154s
Iteration 4
time: 0.204851s
Iteration 5
time: 0.220562s
Iteration 6
time: 0.201029s
Iteration 7
time: 0.203418s
Iteration 8
time: 0.224680s
Iteration 9
time: 0.214737s
Iteration 10
time: 0.240400s
Iteration 11
time: 0.206004s
Iteration 12
time: 0.207295s
Iteration 13
time: 0.225398s
Iteration 14
time: 1.334977s
Iteration 15
time: 1.978171s
Iteration 16
time: 0.207634s
Iteration 17
time: 0.221445s
Iteration 18
time: 0.215851s
Iteration 19
time: 0.225096s
Iteration 20
time: 0.195248s
Iteration 21
time: 0.202724s
Iteration 22
time: 0.201769s
Iteration 23
time: 3.952289s
Iteration 24
time: 0.239146s
13: Starting numprocs=16 N=3000, M=3000 impl=allreduce-ring
15: Starting numprocs=16 N=3000, M=3000 impl=allreduce-ring
2: Starting numprocs=16 N=3000, M=3000 impl=allreduce-ring
14: Starting numprocs=16 N=3000, M=3000 impl=allreduce-ring
5: Starting numprocs=16 N=3000, M=3000 impl=allreduce-ring
12: Starting numprocs=16 N=3000, M=3000 impl=allreduce-ring
11: Starting numprocs=16 N=3000, M=3000 impl=allreduce-ring
4: Starting numprocs=16 N=3000, M=3000 impl=allreduce-ring
8: Starting numprocs=16 N=3000, M=3000 impl=allreduce-ring
3: Starting numprocs=16 N=3000, M=3000 impl=allreduce-ring
0: Starting numprocs=16 N=3000, M=3000 impl=allreduce-ring
Iteration 0
9: Starting numprocs=16 N=3000, M=3000 impl=allreduce-ring
10: Starting numprocs=16 N=3000, M=3000 impl=allreduce-ring
6: Starting numprocs=16 N=3000, M=3000 impl=allreduce-ring
1: Starting numprocs=16 N=3000, M=3000 impl=allreduce-ring
7: Starting numprocs=16 N=3000, M=3000 impl=allreduce-ring
time: 0.155963s
Iteration 1
time: 0.137223s
Iteration 2
time: 0.133334s
Iteration 3
time: 0.136249s
Iteration 4
time: 0.139317s
Iteration 5
time: 0.137544s
Iteration 6
time: 0.133613s
Iteration 7
time: 0.157763s
Iteration 8
time: 0.135029s
Iteration 9
time: 0.136902s
Iteration 10
time: 0.135889s
Iteration 11
time: 0.142121s
Iteration 12
time: 0.138331s
Iteration 13
time: 0.134663s
Iteration 14
time: 0.135252s
Iteration 15
time: 0.139406s
Iteration 16
time: 0.135083s
Iteration 17
time: 0.135119s
Iteration 18
time: 0.133340s
Iteration 19
time: 0.138509s
Iteration 20
time: 0.138577s
Iteration 21
time: 0.133929s
Iteration 22
time: 0.159324s
Iteration 23
time: 0.133434s
Iteration 24
time: 0.134282s
13: Starting numprocs=16 N=3000, M=3000 impl=g-rabenseifner-allgather
15: Starting numprocs=16 N=3000, M=3000 impl=g-rabenseifner-allgather
14: Starting numprocs=16 N=3000, M=3000 impl=g-rabenseifner-allgather
2: Starting numprocs=16 N=3000, M=3000 impl=g-rabenseifner-allgather
12: Starting numprocs=16 N=3000, M=3000 impl=g-rabenseifner-allgather
4: Starting numprocs=16 N=3000, M=3000 impl=g-rabenseifner-allgather
5: Starting numprocs=16 N=3000, M=3000 impl=g-rabenseifner-allgather
0: Starting numprocs=16 N=3000, M=3000 impl=g-rabenseifner-allgather
Iteration 0
8: Starting numprocs=16 N=3000, M=3000 impl=g-rabenseifner-allgather
11: Starting numprocs=16 N=3000, M=3000 impl=g-rabenseifner-allgather
6: Starting numprocs=16 N=3000, M=3000 impl=g-rabenseifner-allgather
1: Starting numprocs=16 N=3000, M=3000 impl=g-rabenseifner-allgather
3: Starting numprocs=16 N=3000, M=3000 impl=g-rabenseifner-allgather
7: Starting numprocs=16 N=3000, M=3000 impl=g-rabenseifner-allgather
10: Starting numprocs=16 N=3000, M=3000 impl=g-rabenseifner-allgather
9: Starting numprocs=16 N=3000, M=3000 impl=g-rabenseifner-allgather
time: 0.098506s
Iteration 1
time: 0.065920s
Iteration 2
time: 0.066075s
Iteration 3
time: 0.066047s
Iteration 4
time: 0.067107s
Iteration 5
time: 0.066461s
Iteration 6
time: 0.065489s
Iteration 7
time: 0.066084s
Iteration 8
time: 0.070358s
Iteration 9
time: 0.068441s
Iteration 10
time: 0.065794s
Iteration 11
time: 0.065583s
Iteration 12
time: 0.084196s
Iteration 13
time: 0.066033s
Iteration 14
time: 0.065708s
Iteration 15
time: 0.065899s
Iteration 16
time: 0.065780s
Iteration 17
time: 0.065398s
Iteration 18
time: 0.065524s
Iteration 19
time: 0.065600s
Iteration 20
time: 0.066612s
Iteration 21
time: 0.065685s
Iteration 22
time: 0.065891s
Iteration 23
time: 0.066011s
Iteration 24
time: 0.065574s
13: Starting numprocs=16 N=3000, M=3000 impl=g-rabenseifner-subgroup-2
14: Starting numprocs=16 N=3000, M=3000 impl=g-rabenseifner-subgroup-2
15: Starting numprocs=16 N=3000, M=3000 impl=g-rabenseifner-subgroup-2
12: Starting numprocs=16 N=3000, M=3000 impl=g-rabenseifner-subgroup-2
4: Starting numprocs=16 N=3000, M=3000 impl=g-rabenseifner-subgroup-2
5: Starting numprocs=16 N=3000, M=3000 impl=g-rabenseifner-subgroup-2
2: Starting numprocs=16 N=3000, M=3000 impl=g-rabenseifner-subgroup-2
0: Starting numprocs=16 N=3000, M=3000 impl=g-rabenseifner-subgroup-2
Iteration 0
11: Starting numprocs=16 N=3000, M=3000 impl=g-rabenseifner-subgroup-2
8: Starting numprocs=16 N=3000, M=3000 impl=g-rabenseifner-subgroup-2
6: Starting numprocs=16 N=3000, M=3000 impl=g-rabenseifner-subgroup-2
10: Starting numprocs=16 N=3000, M=3000 impl=g-rabenseifner-subgroup-2
9: Starting numprocs=16 N=3000, M=3000 impl=g-rabenseifner-subgroup-2
3: Starting numprocs=16 N=3000, M=3000 impl=g-rabenseifner-subgroup-2
7: Starting numprocs=16 N=3000, M=3000 impl=g-rabenseifner-subgroup-2
1: Starting numprocs=16 N=3000, M=3000 impl=g-rabenseifner-subgroup-2
time: 0.094099s
Iteration 1
time: 0.068823s
Iteration 2
time: 0.068440s
Iteration 3
time: 0.068477s
Iteration 4
time: 0.067969s
Iteration 5
time: 0.068632s
Iteration 6
time: 0.068751s
Iteration 7
time: 0.069151s
Iteration 8
time: 0.068230s
Iteration 9
time: 0.069093s
Iteration 10
time: 0.068601s
Iteration 11
time: 0.068388s
Iteration 12
time: 0.068662s
Iteration 13
time: 0.069270s
Iteration 14
time: 0.069578s
Iteration 15
time: 0.069891s
Iteration 16
time: 0.071220s
Iteration 17
time: 0.070775s
Iteration 18
time: 0.070128s
Iteration 19
time: 0.070132s
Iteration 20
time: 0.071075s
Iteration 21
time: 0.071539s
Iteration 22
time: 0.069447s
Iteration 23
time: 0.070228s
Iteration 24
time: 0.070182s
11: Starting numprocs=16 N=3000, M=3000 impl=g-rabenseifner-subgroup-4
15: Starting numprocs=16 N=3000, M=3000 impl=g-rabenseifner-subgroup-4
14: Starting numprocs=16 N=3000, M=3000 impl=g-rabenseifner-subgroup-4
4: Starting numprocs=16 N=3000, M=3000 impl=g-rabenseifner-subgroup-4
13: Starting numprocs=16 N=3000, M=3000 impl=g-rabenseifner-subgroup-4
2: Starting numprocs=16 N=3000, M=3000 impl=g-rabenseifner-subgroup-4
0: Starting numprocs=16 N=3000, M=3000 impl=g-rabenseifner-subgroup-4
Iteration 0
8: Starting numprocs=16 N=3000, M=3000 impl=g-rabenseifner-subgroup-4
6: Starting numprocs=16 N=3000, M=3000 impl=g-rabenseifner-subgroup-4
5: Starting numprocs=16 N=3000, M=3000 impl=g-rabenseifner-subgroup-4
12: Starting numprocs=16 N=3000, M=3000 impl=g-rabenseifner-subgroup-4
3: Starting numprocs=16 N=3000, M=3000 impl=g-rabenseifner-subgroup-4
7: Starting numprocs=16 N=3000, M=3000 impl=g-rabenseifner-subgroup-4
10: Starting numprocs=16 N=3000, M=3000 impl=g-rabenseifner-subgroup-4
1: Starting numprocs=16 N=3000, M=3000 impl=g-rabenseifner-subgroup-4
9: Starting numprocs=16 N=3000, M=3000 impl=g-rabenseifner-subgroup-4
time: 8.757459s
Iteration 1
time: 0.075949s
Iteration 2
time: 0.075498s
Iteration 3
time: 0.075333s
Iteration 4
time: 0.075730s
Iteration 5
time: 0.075997s
Iteration 6
time: 0.075726s
Iteration 7
time: 0.076676s
Iteration 8
time: 0.075720s
Iteration 9
time: 0.075753s
Iteration 10
time: 0.075365s
Iteration 11
time: 0.076988s
Iteration 12
time: 0.076005s
Iteration 13
time: 0.076144s
Iteration 14
time: 0.075737s
Iteration 15
time: 0.075880s
Iteration 16
time: 0.075648s
Iteration 17
time: 0.075299s
Iteration 18
time: 0.074632s
Iteration 19
time: 0.074443s
Iteration 20
time: 0.077239s
Iteration 21
time: 0.075668s
Iteration 22
time: 0.074995s
Iteration 23
time: 0.075815s
Iteration 24
time: 0.075676s
15: Starting numprocs=16 N=3000, M=3000 impl=g-rabenseifner-subgroup-8
2: Starting numprocs=16 N=3000, M=3000 impl=g-rabenseifner-subgroup-8
11: Starting numprocs=16 N=3000, M=3000 impl=g-rabenseifner-subgroup-8
4: Starting numprocs=16 N=3000, M=3000 impl=g-rabenseifner-subgroup-8
14: Starting numprocs=16 N=3000, M=3000 impl=g-rabenseifner-subgroup-8
0: Starting numprocs=16 N=3000, M=3000 impl=g-rabenseifner-subgroup-8
Iteration 0
8: Starting numprocs=16 N=3000, M=3000 impl=g-rabenseifner-subgroup-8
6: Starting numprocs=16 N=3000, M=3000 impl=g-rabenseifner-subgroup-8
3: Starting numprocs=16 N=3000, M=3000 impl=g-rabenseifner-subgroup-8
13: Starting numprocs=16 N=3000, M=3000 impl=g-rabenseifner-subgroup-8
1: Starting numprocs=16 N=3000, M=3000 impl=g-rabenseifner-subgroup-8
5: Starting numprocs=16 N=3000, M=3000 impl=g-rabenseifner-subgroup-8
7: Starting numprocs=16 N=3000, M=3000 impl=g-rabenseifner-subgroup-8
9: Starting numprocs=16 N=3000, M=3000 impl=g-rabenseifner-subgroup-8
10: Starting numprocs=16 N=3000, M=3000 impl=g-rabenseifner-subgroup-8
12: Starting numprocs=16 N=3000, M=3000 impl=g-rabenseifner-subgroup-8
time: 0.106635s
Iteration 1
time: 0.083289s
Iteration 2
time: 0.082926s
Iteration 3
time: 0.082371s
Iteration 4
time: 0.082753s
Iteration 5
time: 0.082734s
Iteration 6
time: 0.083195s
Iteration 7
time: 0.082418s
Iteration 8
time: 0.082557s
Iteration 9
time: 0.082607s
Iteration 10
time: 0.083592s
Iteration 11
time: 0.083317s
Iteration 12
time: 9.995468s
Iteration 13
time: 0.082986s
Iteration 14
time: 0.084469s
Iteration 15
time: 0.083629s
Iteration 16
time: 0.085201s
Iteration 17
time: 0.084571s
Iteration 18
time: 0.083340s
Iteration 19
time: 0.087061s
Iteration 20
time: 0.084152s
Iteration 21
time: 0.083679s
Iteration 22
time: 0.085411s
Iteration 23
time: 0.082834s
Iteration 24
time: 0.085820s
0: Starting numprocs=16 N=4000, M=4000 impl=allgather
Iteration 0
14: Starting numprocs=16 N=4000, M=4000 impl=allgather
15: Starting numprocs=16 N=4000, M=4000 impl=allgather
4: Starting numprocs=16 N=4000, M=4000 impl=allgather
11: Starting numprocs=16 N=4000, M=4000 impl=allgather
2: Starting numprocs=16 N=4000, M=4000 impl=allgather
8: Starting numprocs=16 N=4000, M=4000 impl=allgather
6: Starting numprocs=16 N=4000, M=4000 impl=allgather
10: Starting numprocs=16 N=4000, M=4000 impl=allgather
9: Starting numprocs=16 N=4000, M=4000 impl=allgather
5: Starting numprocs=16 N=4000, M=4000 impl=allgather
13: Starting numprocs=16 N=4000, M=4000 impl=allgather
3: Starting numprocs=16 N=4000, M=4000 impl=allgather
12: Starting numprocs=16 N=4000, M=4000 impl=allgather
7: Starting numprocs=16 N=4000, M=4000 impl=allgather
1: Starting numprocs=16 N=4000, M=4000 impl=allgather
time: 0.233200s
Iteration 1
time: 0.224121s
Iteration 2
time: 0.223517s
Iteration 3
time: 0.223837s
Iteration 4
time: 0.223175s
Iteration 5
time: 0.223088s
Iteration 6
time: 0.223904s
Iteration 7
time: 0.222917s
Iteration 8
time: 0.232011s
Iteration 9
time: 0.230287s
Iteration 10
time: 0.222959s
Iteration 11
time: 0.223487s
Iteration 12
time: 0.223188s
Iteration 13
time: 0.223261s
Iteration 14
time: 0.226418s
Iteration 15
time: 0.223130s
Iteration 16
time: 0.222722s
Iteration 17
time: 0.222326s
Iteration 18
time: 0.222414s
Iteration 19
time: 0.223987s
Iteration 20
time: 0.222802s
Iteration 21
time: 0.223043s
Iteration 22
time: 0.223356s
Iteration 23
time: 0.224623s
Iteration 24
time: 0.224179s
0: Starting numprocs=16 N=4000, M=4000 impl=allreduce
Iteration 0
14: Starting numprocs=16 N=4000, M=4000 impl=allreduce
11: Starting numprocs=16 N=4000, M=4000 impl=allreduce
15: Starting numprocs=16 N=4000, M=4000 impl=allreduce
2: Starting numprocs=16 N=4000, M=4000 impl=allreduce
4: Starting numprocs=16 N=4000, M=4000 impl=allreduce
13: Starting numprocs=16 N=4000, M=4000 impl=allreduce
8: Starting numprocs=16 N=4000, M=4000 impl=allreduce
6: Starting numprocs=16 N=4000, M=4000 impl=allreduce
5: Starting numprocs=16 N=4000, M=4000 impl=allreduce
10: Starting numprocs=16 N=4000, M=4000 impl=allreduce
7: Starting numprocs=16 N=4000, M=4000 impl=allreduce
12: Starting numprocs=16 N=4000, M=4000 impl=allreduce
3: Starting numprocs=16 N=4000, M=4000 impl=allreduce
9: Starting numprocs=16 N=4000, M=4000 impl=allreduce
1: Starting numprocs=16 N=4000, M=4000 impl=allreduce
time: 0.410074s
Iteration 1
time: 0.364796s
Iteration 2
time: 0.368471s
Iteration 3
time: 0.376780s
Iteration 4
time: 0.372615s
Iteration 5
time: 0.363870s
Iteration 6
time: 0.376995s
Iteration 7
time: 0.373211s
Iteration 8
time: 0.362620s
Iteration 9
time: 0.348792s
Iteration 10
time: 0.354716s
Iteration 11
time: 0.361078s
Iteration 12
time: 0.363407s
Iteration 13
time: 0.356775s
Iteration 14
time: 0.360462s
Iteration 15
time: 0.366762s
Iteration 16
time: 0.350850s
Iteration 17
time: 0.364464s
Iteration 18
time: 0.353502s
Iteration 19
time: 0.357758s
Iteration 20
time: 0.355324s
Iteration 21
time: 0.364412s
Iteration 22
time: 0.374853s
Iteration 23
time: 0.363976s
Iteration 24
time: 0.352330s
0: Starting numprocs=16 N=4000, M=4000 impl=allreduce-ring
Iteration 0
14: Starting numprocs=16 N=4000, M=4000 impl=allreduce-ring
12: Starting numprocs=16 N=4000, M=4000 impl=allreduce-ring
11: Starting numprocs=16 N=4000, M=4000 impl=allreduce-ring
5: Starting numprocs=16 N=4000, M=4000 impl=allreduce-ring
2: Starting numprocs=16 N=4000, M=4000 impl=allreduce-ring
15: Starting numprocs=16 N=4000, M=4000 impl=allreduce-ring
4: Starting numprocs=16 N=4000, M=4000 impl=allreduce-ring
8: Starting numprocs=16 N=4000, M=4000 impl=allreduce-ring
3: Starting numprocs=16 N=4000, M=4000 impl=allreduce-ring
10: Starting numprocs=16 N=4000, M=4000 impl=allreduce-ring
6: Starting numprocs=16 N=4000, M=4000 impl=allreduce-ring
9: Starting numprocs=16 N=4000, M=4000 impl=allreduce-ring
1: Starting numprocs=16 N=4000, M=4000 impl=allreduce-ring
7: Starting numprocs=16 N=4000, M=4000 impl=allreduce-ring
13: Starting numprocs=16 N=4000, M=4000 impl=allreduce-ring
time: 0.270334s
Iteration 1
time: 0.241353s
Iteration 2
time: 0.242750s
Iteration 3
time: 0.255315s
Iteration 4
time: 0.241468s
Iteration 5
time: 0.252393s
Iteration 6
time: 0.239275s
Iteration 7
time: 0.246472s
Iteration 8
time: 0.241492s
Iteration 9
time: 0.240451s
Iteration 10
time: 0.240679s
Iteration 11
time: 0.243321s
Iteration 12
time: 0.276820s
Iteration 13
time: 0.238578s
Iteration 14
time: 0.242270s
Iteration 15
time: 0.244215s
Iteration 16
time: 0.245948s
Iteration 17
time: 0.244418s
Iteration 18
time: 0.240402s
Iteration 19
time: 2.427519s
Iteration 20
time: 0.241152s
Iteration 21
time: 0.237824s
Iteration 22
time: 0.239388s
Iteration 23
time: 0.239996s
Iteration 24
time: 0.237662s
14: Starting numprocs=16 N=4000, M=4000 impl=g-rabenseifner-allgather
0: Starting numprocs=16 N=4000, M=4000 impl=g-rabenseifner-allgather
Iteration 0
11: Starting numprocs=16 N=4000, M=4000 impl=g-rabenseifner-allgather
15: Starting numprocs=16 N=4000, M=4000 impl=g-rabenseifner-allgather
4: Starting numprocs=16 N=4000, M=4000 impl=g-rabenseifner-allgather
2: Starting numprocs=16 N=4000, M=4000 impl=g-rabenseifner-allgather
5: Starting numprocs=16 N=4000, M=4000 impl=g-rabenseifner-allgather
12: Starting numprocs=16 N=4000, M=4000 impl=g-rabenseifner-allgather
8: Starting numprocs=16 N=4000, M=4000 impl=g-rabenseifner-allgather
10: Starting numprocs=16 N=4000, M=4000 impl=g-rabenseifner-allgather
6: Starting numprocs=16 N=4000, M=4000 impl=g-rabenseifner-allgather
3: Starting numprocs=16 N=4000, M=4000 impl=g-rabenseifner-allgather
9: Starting numprocs=16 N=4000, M=4000 impl=g-rabenseifner-allgather
1: Starting numprocs=16 N=4000, M=4000 impl=g-rabenseifner-allgather
7: Starting numprocs=16 N=4000, M=4000 impl=g-rabenseifner-allgather
13: Starting numprocs=16 N=4000, M=4000 impl=g-rabenseifner-allgather
time: 0.141023s
Iteration 1
time: 0.116378s
Iteration 2
time: 0.115822s
Iteration 3
time: 2.018577s
Iteration 4
time: 0.115749s
Iteration 5
time: 0.116023s
Iteration 6
time: 0.116290s
Iteration 7
time: 0.115771s
Iteration 8
time: 0.115480s
Iteration 9
time: 0.117161s
Iteration 10
time: 0.117450s
Iteration 11
time: 0.118281s
Iteration 12
time: 0.117624s
Iteration 13
time: 0.116971s
Iteration 14
time: 0.117993s
Iteration 15
time: 0.118870s
Iteration 16
time: 0.120312s
Iteration 17
time: 0.118787s
Iteration 18
time: 0.117597s
Iteration 19
time: 0.116729s
Iteration 20
time: 0.117526s
Iteration 21
time: 0.117833s
Iteration 22
time: 0.116420s
Iteration 23
time: 0.116908s
Iteration 24
time: 0.115700s
13: Starting numprocs=16 N=4000, M=4000 impl=g-rabenseifner-subgroup-2
14: Starting numprocs=16 N=4000, M=4000 impl=g-rabenseifner-subgroup-2
4: Starting numprocs=16 N=4000, M=4000 impl=g-rabenseifner-subgroup-2
2: Starting numprocs=16 N=4000, M=4000 impl=g-rabenseifner-subgroup-2
15: Starting numprocs=16 N=4000, M=4000 impl=g-rabenseifner-subgroup-2
12: Starting numprocs=16 N=4000, M=4000 impl=g-rabenseifner-subgroup-2
8: Starting numprocs=16 N=4000, M=4000 impl=g-rabenseifner-subgroup-2
10: Starting numprocs=16 N=4000, M=4000 impl=g-rabenseifner-subgroup-2
5: Starting numprocs=16 N=4000, M=4000 impl=g-rabenseifner-subgroup-2
3: Starting numprocs=16 N=4000, M=4000 impl=g-rabenseifner-subgroup-2
6: Starting numprocs=16 N=4000, M=4000 impl=g-rabenseifner-subgroup-2
1: Starting numprocs=16 N=4000, M=4000 impl=g-rabenseifner-subgroup-2
9: Starting numprocs=16 N=4000, M=4000 impl=g-rabenseifner-subgroup-2
0: Starting numprocs=16 N=4000, M=4000 impl=g-rabenseifner-subgroup-2
Iteration 0
7: Starting numprocs=16 N=4000, M=4000 impl=g-rabenseifner-subgroup-2
11: Starting numprocs=16 N=4000, M=4000 impl=g-rabenseifner-subgroup-2
time: 0.157950s
Iteration 1
time: 0.127547s
Iteration 2
time: 0.125382s
Iteration 3
time: 0.124166s
Iteration 4
time: 0.123547s
Iteration 5
time: 0.124938s
Iteration 6
time: 0.127351s
Iteration 7
time: 0.126708s
Iteration 8
time: 0.122282s
Iteration 9
time: 0.121257s
Iteration 10
time: 8.751212s
Iteration 11
time: 0.121371s
Iteration 12
time: 0.121063s
Iteration 13
time: 0.120812s
Iteration 14
time: 0.120689s
Iteration 15
time: 0.121499s
Iteration 16
time: 0.120634s
Iteration 17
time: 0.120953s
Iteration 18
time: 0.121319s
Iteration 19
time: 0.121982s
Iteration 20
time: 0.120872s
Iteration 21
time: 0.121601s
Iteration 22
time: 0.120580s
Iteration 23
time: 0.121293s
Iteration 24
time: 0.121994s
14: Starting numprocs=16 N=4000, M=4000 impl=g-rabenseifner-subgroup-4
12: Starting numprocs=16 N=4000, M=4000 impl=g-rabenseifner-subgroup-4
0: Starting numprocs=16 N=4000, M=4000 impl=g-rabenseifner-subgroup-4
Iteration 0
15: Starting numprocs=16 N=4000, M=4000 impl=g-rabenseifner-subgroup-4
4: Starting numprocs=16 N=4000, M=4000 impl=g-rabenseifner-subgroup-4
11: Starting numprocs=16 N=4000, M=4000 impl=g-rabenseifner-subgroup-4
2: Starting numprocs=16 N=4000, M=4000 impl=g-rabenseifner-subgroup-4
5: Starting numprocs=16 N=4000, M=4000 impl=g-rabenseifner-subgroup-4
13: Starting numprocs=16 N=4000, M=4000 impl=g-rabenseifner-subgroup-4
8: Starting numprocs=16 N=4000, M=4000 impl=g-rabenseifner-subgroup-4
10: Starting numprocs=16 N=4000, M=4000 impl=g-rabenseifner-subgroup-4
3: Starting numprocs=16 N=4000, M=4000 impl=g-rabenseifner-subgroup-4
9: Starting numprocs=16 N=4000, M=4000 impl=g-rabenseifner-subgroup-4
1: Starting numprocs=16 N=4000, M=4000 impl=g-rabenseifner-subgroup-4
6: Starting numprocs=16 N=4000, M=4000 impl=g-rabenseifner-subgroup-4
7: Starting numprocs=16 N=4000, M=4000 impl=g-rabenseifner-subgroup-4
time: 0.171445s
Iteration 1
time: 0.128705s
Iteration 2
time: 0.128238s
Iteration 3
time: 0.127869s
Iteration 4
time: 0.128560s
Iteration 5
time: 0.127297s
Iteration 6
time: 0.128420s
Iteration 7
time: 0.129956s
Iteration 8
time: 0.129956s
Iteration 9
time: 0.129753s
Iteration 10
time: 0.130239s
Iteration 11
time: 0.130826s
Iteration 12
time: 0.130362s
Iteration 13
time: 0.130289s
Iteration 14
time: 0.128544s
Iteration 15
time: 0.128947s
Iteration 16
time: 0.129376s
Iteration 17
time: 0.128971s
Iteration 18
time: 0.128829s
Iteration 19
time: 0.128865s
Iteration 20
time: 0.129742s
Iteration 21
time: 0.129003s
Iteration 22
time: 0.128805s
Iteration 23
time: 0.132557s
Iteration 24
time: 0.129075s
14: Starting numprocs=16 N=4000, M=4000 impl=g-rabenseifner-subgroup-8
15: Starting numprocs=16 N=4000, M=4000 impl=g-rabenseifner-subgroup-8
2: Starting numprocs=16 N=4000, M=4000 impl=g-rabenseifner-subgroup-8
12: Starting numprocs=16 N=4000, M=4000 impl=g-rabenseifner-subgroup-8
0: Starting numprocs=16 N=4000, M=4000 impl=g-rabenseifner-subgroup-8
Iteration 0
4: Starting numprocs=16 N=4000, M=4000 impl=g-rabenseifner-subgroup-8
11: Starting numprocs=16 N=4000, M=4000 impl=g-rabenseifner-subgroup-8
5: Starting numprocs=16 N=4000, M=4000 impl=g-rabenseifner-subgroup-8
8: Starting numprocs=16 N=4000, M=4000 impl=g-rabenseifner-subgroup-8
13: Starting numprocs=16 N=4000, M=4000 impl=g-rabenseifner-subgroup-8
6: Starting numprocs=16 N=4000, M=4000 impl=g-rabenseifner-subgroup-8
9: Starting numprocs=16 N=4000, M=4000 impl=g-rabenseifner-subgroup-8
10: Starting numprocs=16 N=4000, M=4000 impl=g-rabenseifner-subgroup-8
3: Starting numprocs=16 N=4000, M=4000 impl=g-rabenseifner-subgroup-8
1: Starting numprocs=16 N=4000, M=4000 impl=g-rabenseifner-subgroup-8
7: Starting numprocs=16 N=4000, M=4000 impl=g-rabenseifner-subgroup-8
time: 8.031836s
Iteration 1
time: 0.148559s
Iteration 2
time: 0.148571s
Iteration 3
time: 0.149737s
Iteration 4
time: 0.148585s
Iteration 5
time: 0.149035s
Iteration 6
time: 0.149511s
Iteration 7
time: 0.149807s
Iteration 8
time: 0.151457s
Iteration 9
time: 0.149271s
Iteration 10
time: 0.151207s
Iteration 11
time: 0.150844s
Iteration 12
time: 2.318401s
Iteration 13
time: 0.149367s
Iteration 14
time: 0.151237s
Iteration 15
time: 0.148648s
Iteration 16
time: 0.151718s
Iteration 17
time: 0.151339s
Iteration 18
time: 0.150604s
Iteration 19
time: 0.149273s
Iteration 20
time: 0.148976s
Iteration 21
time: 0.148814s
Iteration 22
time: 0.145809s
Iteration 23
time: 0.149073s
Iteration 24
time: 0.148012s
14: Starting numprocs=16 N=5000, M=5000 impl=allgather
15: Starting numprocs=16 N=5000, M=5000 impl=allgather
12: Starting numprocs=16 N=5000, M=5000 impl=allgather
11: Starting numprocs=16 N=5000, M=5000 impl=allgather
0: Starting numprocs=16 N=5000, M=5000 impl=allgather
Iteration 0
4: Starting numprocs=16 N=5000, M=5000 impl=allgather
2: Starting numprocs=16 N=5000, M=5000 impl=allgather
5: Starting numprocs=16 N=5000, M=5000 impl=allgather
8: Starting numprocs=16 N=5000, M=5000 impl=allgather
13: Starting numprocs=16 N=5000, M=5000 impl=allgather
10: Starting numprocs=16 N=5000, M=5000 impl=allgather
6: Starting numprocs=16 N=5000, M=5000 impl=allgather
3: Starting numprocs=16 N=5000, M=5000 impl=allgather
7: Starting numprocs=16 N=5000, M=5000 impl=allgather
9: Starting numprocs=16 N=5000, M=5000 impl=allgather
1: Starting numprocs=16 N=5000, M=5000 impl=allgather
time: 0.396958s
Iteration 1
time: 0.386514s
Iteration 2
time: 0.384750s
Iteration 3
time: 0.387843s
Iteration 4
time: 0.386165s
Iteration 5
time: 0.385481s
Iteration 6
time: 0.386286s
Iteration 7
time: 0.384645s
Iteration 8
time: 0.385831s
Iteration 9
time: 0.386874s
Iteration 10
time: 0.385435s
Iteration 11
time: 0.386625s
Iteration 12
time: 0.387004s
Iteration 13
time: 0.385494s
Iteration 14
time: 0.387041s
Iteration 15
time: 0.385668s
Iteration 16
time: 0.385055s
Iteration 17
time: 0.387584s
Iteration 18
time: 0.386590s
Iteration 19
time: 0.385191s
Iteration 20
time: 0.391021s
Iteration 21
time: 0.386051s
Iteration 22
time: 0.425720s
Iteration 23
time: 0.422008s
Iteration 24
time: 0.435517s
15: Starting numprocs=16 N=5000, M=5000 impl=allreduce
14: Starting numprocs=16 N=5000, M=5000 impl=allreduce
2: Starting numprocs=16 N=5000, M=5000 impl=allreduce
11: Starting numprocs=16 N=5000, M=5000 impl=allreduce
12: Starting numprocs=16 N=5000, M=5000 impl=allreduce
0: Starting numprocs=16 N=5000, M=5000 impl=allreduce
Iteration 0
4: Starting numprocs=16 N=5000, M=5000 impl=allreduce
8: Starting numprocs=16 N=5000, M=5000 impl=allreduce
5: Starting numprocs=16 N=5000, M=5000 impl=allreduce
13: Starting numprocs=16 N=5000, M=5000 impl=allreduce
9: Starting numprocs=16 N=5000, M=5000 impl=allreduce
6: Starting numprocs=16 N=5000, M=5000 impl=allreduce
3: Starting numprocs=16 N=5000, M=5000 impl=allreduce
1: Starting numprocs=16 N=5000, M=5000 impl=allreduce
10: Starting numprocs=16 N=5000, M=5000 impl=allreduce
7: Starting numprocs=16 N=5000, M=5000 impl=allreduce
time: 0.634791s
Iteration 1
time: 0.565049s
Iteration 2
time: 0.572449s
Iteration 3
time: 0.562498s
Iteration 4
time: 0.556352s
Iteration 5
time: 0.560357s
Iteration 6
time: 0.560333s
Iteration 7
time: 0.571783s
Iteration 8
time: 0.571634s
Iteration 9
time: 0.581953s
Iteration 10
time: 0.565154s
Iteration 11
time: 0.559823s
Iteration 12
time: 0.558205s
Iteration 13
time: 0.557587s
Iteration 14
time: 0.575559s
Iteration 15
time: 0.557063s
Iteration 16
time: 0.584970s
Iteration 17
time: 0.548085s
Iteration 18
time: 0.558139s
Iteration 19
time: 0.557187s
Iteration 20
time: 0.563874s
Iteration 21
time: 0.590129s
Iteration 22
time: 2.236287s
Iteration 23
time: 0.569111s
Iteration 24
time: 0.546586s
15: Starting numprocs=16 N=5000, M=5000 impl=allreduce-ring
14: Starting numprocs=16 N=5000, M=5000 impl=allreduce-ring
2: Starting numprocs=16 N=5000, M=5000 impl=allreduce-ring
11: Starting numprocs=16 N=5000, M=5000 impl=allreduce-ring
5: Starting numprocs=16 N=5000, M=5000 impl=allreduce-ring
4: Starting numprocs=16 N=5000, M=5000 impl=allreduce-ring
13: Starting numprocs=16 N=5000, M=5000 impl=allreduce-ring
8: Starting numprocs=16 N=5000, M=5000 impl=allreduce-ring
6: Starting numprocs=16 N=5000, M=5000 impl=allreduce-ring
3: Starting numprocs=16 N=5000, M=5000 impl=allreduce-ring
9: Starting numprocs=16 N=5000, M=5000 impl=allreduce-ring
10: Starting numprocs=16 N=5000, M=5000 impl=allreduce-ring
1: Starting numprocs=16 N=5000, M=5000 impl=allreduce-ring
0: Starting numprocs=16 N=5000, M=5000 impl=allreduce-ring
Iteration 0
12: Starting numprocs=16 N=5000, M=5000 impl=allreduce-ring
7: Starting numprocs=16 N=5000, M=5000 impl=allreduce-ring
time: 0.424136s
Iteration 1
time: 0.381374s
Iteration 2
time: 0.383331s
Iteration 3
time: 0.381439s
Iteration 4
time: 0.389025s
Iteration 5
time: 6.588037s
Iteration 6
time: 0.381849s
Iteration 7
time: 0.375127s
Iteration 8
time: 0.386381s
Iteration 9
time: 0.386202s
Iteration 10
time: 0.381062s
Iteration 11
time: 0.378935s
Iteration 12
time: 0.376865s
Iteration 13
time: 0.381176s
Iteration 14
time: 0.380434s
Iteration 15
time: 0.392966s
Iteration 16
time: 0.391163s
Iteration 17
time: 0.390597s
Iteration 18
time: 0.388795s
Iteration 19
time: 0.373118s
Iteration 20
time: 0.398512s
Iteration 21
time: 0.401336s
Iteration 22
time: 0.379329s
Iteration 23
time: 0.394140s
Iteration 24
time: 0.382734s
14: Starting numprocs=16 N=5000, M=5000 impl=g-rabenseifner-allgather
15: Starting numprocs=16 N=5000, M=5000 impl=g-rabenseifner-allgather
2: Starting numprocs=16 N=5000, M=5000 impl=g-rabenseifner-allgather
0: Starting numprocs=16 N=5000, M=5000 impl=g-rabenseifner-allgather
Iteration 0
12: Starting numprocs=16 N=5000, M=5000 impl=g-rabenseifner-allgather
5: Starting numprocs=16 N=5000, M=5000 impl=g-rabenseifner-allgather
11: Starting numprocs=16 N=5000, M=5000 impl=g-rabenseifner-allgather
4: Starting numprocs=16 N=5000, M=5000 impl=g-rabenseifner-allgather
13: Starting numprocs=16 N=5000, M=5000 impl=g-rabenseifner-allgather
6: Starting numprocs=16 N=5000, M=5000 impl=g-rabenseifner-allgather
3: Starting numprocs=16 N=5000, M=5000 impl=g-rabenseifner-allgather
10: Starting numprocs=16 N=5000, M=5000 impl=g-rabenseifner-allgather
8: Starting numprocs=16 N=5000, M=5000 impl=g-rabenseifner-allgather
7: Starting numprocs=16 N=5000, M=5000 impl=g-rabenseifner-allgather
1: Starting numprocs=16 N=5000, M=5000 impl=g-rabenseifner-allgather
9: Starting numprocs=16 N=5000, M=5000 impl=g-rabenseifner-allgather
time: 0.215801s
Iteration 1
time: 0.180902s
Iteration 2
time: 0.180847s
Iteration 3
time: 0.180621s
Iteration 4
time: 0.181393s
Iteration 5
time: 0.181100s
Iteration 6
time: 0.180835s
Iteration 7
time: 0.181133s
Iteration 8
time: 0.180757s
Iteration 9
time: 0.181063s
Iteration 10
time: 0.181767s
Iteration 11
time: 0.180482s
Iteration 12
time: 0.180667s
Iteration 13
time: 0.181155s
Iteration 14
time: 0.180422s
Iteration 15
time: 0.181484s
Iteration 16
time: 0.189071s
Iteration 17
time: 0.181343s
Iteration 18
time: 0.180985s
Iteration 19
time: 0.181590s
Iteration 20
time: 0.180328s
Iteration 21
time: 0.180822s
Iteration 22
time: 0.181492s
Iteration 23
time: 0.180459s
Iteration 24
time: 0.181582s
14: Starting numprocs=16 N=5000, M=5000 impl=g-rabenseifner-subgroup-2
0: Starting numprocs=16 N=5000, M=5000 impl=g-rabenseifner-subgroup-2
Iteration 0
15: Starting numprocs=16 N=5000, M=5000 impl=g-rabenseifner-subgroup-2
12: Starting numprocs=16 N=5000, M=5000 impl=g-rabenseifner-subgroup-2
11: Starting numprocs=16 N=5000, M=5000 impl=g-rabenseifner-subgroup-2
2: Starting numprocs=16 N=5000, M=5000 impl=g-rabenseifner-subgroup-2
5: Starting numprocs=16 N=5000, M=5000 impl=g-rabenseifner-subgroup-2
4: Starting numprocs=16 N=5000, M=5000 impl=g-rabenseifner-subgroup-2
13: Starting numprocs=16 N=5000, M=5000 impl=g-rabenseifner-subgroup-2
10: Starting numprocs=16 N=5000, M=5000 impl=g-rabenseifner-subgroup-2
6: Starting numprocs=16 N=5000, M=5000 impl=g-rabenseifner-subgroup-2
8: Starting numprocs=16 N=5000, M=5000 impl=g-rabenseifner-subgroup-2
9: Starting numprocs=16 N=5000, M=5000 impl=g-rabenseifner-subgroup-2
1: Starting numprocs=16 N=5000, M=5000 impl=g-rabenseifner-subgroup-2
3: Starting numprocs=16 N=5000, M=5000 impl=g-rabenseifner-subgroup-2
7: Starting numprocs=16 N=5000, M=5000 impl=g-rabenseifner-subgroup-2
time: 0.224116s
Iteration 1
time: 0.187895s
Iteration 2
time: 0.188589s
Iteration 3
time: 0.188565s
Iteration 4
time: 0.189012s
Iteration 5
time: 0.190552s
Iteration 6
time: 0.188816s
Iteration 7
time: 0.190235s
Iteration 8
time: 0.191975s
Iteration 9
time: 0.188423s
Iteration 10
time: 0.187705s
Iteration 11
time: 0.187997s
Iteration 12
time: 0.189132s
Iteration 13
time: 0.189444s
Iteration 14
time: 0.188576s
Iteration 15
time: 0.187669s
Iteration 16
time: 0.189535s
Iteration 17
time: 0.190409s
Iteration 18
time: 0.191270s
Iteration 19
time: 0.187553s
Iteration 20
time: 0.189996s
Iteration 21
time: 0.188566s
Iteration 22
time: 0.189606s
Iteration 23
time: 0.189724s
Iteration 24
time: 0.190309s
15: Starting numprocs=16 N=5000, M=5000 impl=g-rabenseifner-subgroup-4
0: Starting numprocs=16 N=5000, M=5000 impl=g-rabenseifner-subgroup-4
Iteration 0
2: Starting numprocs=16 N=5000, M=5000 impl=g-rabenseifner-subgroup-4
11: Starting numprocs=16 N=5000, M=5000 impl=g-rabenseifner-subgroup-4
12: Starting numprocs=16 N=5000, M=5000 impl=g-rabenseifner-subgroup-4
14: Starting numprocs=16 N=5000, M=5000 impl=g-rabenseifner-subgroup-4
5: Starting numprocs=16 N=5000, M=5000 impl=g-rabenseifner-subgroup-4
4: Starting numprocs=16 N=5000, M=5000 impl=g-rabenseifner-subgroup-4
6: Starting numprocs=16 N=5000, M=5000 impl=g-rabenseifner-subgroup-4
13: Starting numprocs=16 N=5000, M=5000 impl=g-rabenseifner-subgroup-4
8: Starting numprocs=16 N=5000, M=5000 impl=g-rabenseifner-subgroup-4
3: Starting numprocs=16 N=5000, M=5000 impl=g-rabenseifner-subgroup-4
9: Starting numprocs=16 N=5000, M=5000 impl=g-rabenseifner-subgroup-4
1: Starting numprocs=16 N=5000, M=5000 impl=g-rabenseifner-subgroup-4
10: Starting numprocs=16 N=5000, M=5000 impl=g-rabenseifner-subgroup-4
7: Starting numprocs=16 N=5000, M=5000 impl=g-rabenseifner-subgroup-4
time: 0.242000s
Iteration 1
time: 0.203638s
Iteration 2
time: 0.204125s
Iteration 3
time: 0.203535s
Iteration 4
time: 0.206688s
Iteration 5
time: 0.218199s
Iteration 6
time: 0.200521s
Iteration 7
time: 0.200578s
Iteration 8
time: 0.204494s
Iteration 9
time: 0.200617s
Iteration 10
time: 34.141431s
Iteration 11
time: 0.200136s
Iteration 12
time: 0.199599s
Iteration 13
time: 0.201789s
Iteration 14
time: 0.200307s
Iteration 15
time: 0.202293s
Iteration 16
time: 30.242573s
Iteration 17
time: 0.205060s
Iteration 18
time: 0.203702s
Iteration 19
time: 0.204013s
Iteration 20
time: 0.204269s
Iteration 21
time: 0.200943s
Iteration 22
time: 0.207824s
Iteration 23
time: 0.199937s
Iteration 24
time: 34.112754s
14: Starting numprocs=16 N=5000, M=5000 impl=g-rabenseifner-subgroup-8
15: Starting numprocs=16 N=5000, M=5000 impl=g-rabenseifner-subgroup-8
12: Starting numprocs=16 N=5000, M=5000 impl=g-rabenseifner-subgroup-8
2: Starting numprocs=16 N=5000, M=5000 impl=g-rabenseifner-subgroup-8
11: Starting numprocs=16 N=5000, M=5000 impl=g-rabenseifner-subgroup-8
5: Starting numprocs=16 N=5000, M=5000 impl=g-rabenseifner-subgroup-8
13: Starting numprocs=16 N=5000, M=5000 impl=g-rabenseifner-subgroup-8
4: Starting numprocs=16 N=5000, M=5000 impl=g-rabenseifner-subgroup-8
0: Starting numprocs=16 N=5000, M=5000 impl=g-rabenseifner-subgroup-8
Iteration 0
8: Starting numprocs=16 N=5000, M=5000 impl=g-rabenseifner-subgroup-8
6: Starting numprocs=16 N=5000, M=5000 impl=g-rabenseifner-subgroup-8
1: Starting numprocs=16 N=5000, M=5000 impl=g-rabenseifner-subgroup-8
3: Starting numprocs=16 N=5000, M=5000 impl=g-rabenseifner-subgroup-8
7: Starting numprocs=16 N=5000, M=5000 impl=g-rabenseifner-subgroup-8
9: Starting numprocs=16 N=5000, M=5000 impl=g-rabenseifner-subgroup-8
10: Starting numprocs=16 N=5000, M=5000 impl=g-rabenseifner-subgroup-8
time: 0.259814s
Iteration 1
time: 0.232149s
Iteration 2
time: 0.231258s
Iteration 3
time: 0.233162s
Iteration 4
time: 47.730903s
Iteration 5
time: 0.234992s
Iteration 6
time: 0.229327s
Iteration 7
time: 0.230375s
Iteration 8
time: 0.230630s
Iteration 9
time: 0.236055s
Iteration 10
time: 0.240005s
Iteration 11
time: 0.237800s
Iteration 12
time: 37.020972s
Iteration 13
time: 0.238732s
Iteration 14
time: 0.240606s
Iteration 15
time: 0.242310s
Iteration 16
time: 0.241531s
Iteration 17
time: 0.242485s
Iteration 18
time: 0.242193s
Iteration 19
time: 0.239783s
Iteration 20
time: 19.662853s
Iteration 21
time: 0.233596s
Iteration 22
time: 0.244000s
Iteration 23
time: 0.235218s
Iteration 24
time: 0.238389s
14: Starting numprocs=16 N=6000, M=6000 impl=allgather
13: Starting numprocs=16 N=6000, M=6000 impl=allgather
12: Starting numprocs=16 N=6000, M=6000 impl=allgather
11: Starting numprocs=16 N=6000, M=6000 impl=allgather
15: Starting numprocs=16 N=6000, M=6000 impl=allgather
2: Starting numprocs=16 N=6000, M=6000 impl=allgather
5: Starting numprocs=16 N=6000, M=6000 impl=allgather
4: Starting numprocs=16 N=6000, M=6000 impl=allgather
8: Starting numprocs=16 N=6000, M=6000 impl=allgather
0: Starting numprocs=16 N=6000, M=6000 impl=allgather
Iteration 0
3: Starting numprocs=16 N=6000, M=6000 impl=allgather
10: Starting numprocs=16 N=6000, M=6000 impl=allgather
6: Starting numprocs=16 N=6000, M=6000 impl=allgather
1: Starting numprocs=16 N=6000, M=6000 impl=allgather
9: Starting numprocs=16 N=6000, M=6000 impl=allgather
7: Starting numprocs=16 N=6000, M=6000 impl=allgather
time: 0.662951s
Iteration 1
time: 0.639911s
Iteration 2
time: 0.648662s
Iteration 3
time: 0.643952s
Iteration 4
time: 0.642304s
Iteration 5
time: 0.643957s
Iteration 6
time: 0.643218s
Iteration 7
time: 0.649400s
Iteration 8
time: 0.646689s
Iteration 9
time: 0.643074s
Iteration 10
time: 0.643087s
Iteration 11
time: 0.644629s
Iteration 12
time: 0.649925s
Iteration 13
time: 0.648418s
Iteration 14
time: 0.648301s
Iteration 15
time: 0.645946s
Iteration 16
time: 0.730472s
Iteration 17
time: 0.749157s
Iteration 18
time: 0.679478s
Iteration 19
time: 0.792931s
Iteration 20
time: 0.650026s
Iteration 21
time: 0.663934s
Iteration 22
time: 0.652025s
Iteration 23
time: 0.640330s
Iteration 24
time: 0.639304s
13: Starting numprocs=16 N=6000, M=6000 impl=allreduce
15: Starting numprocs=16 N=6000, M=6000 impl=allreduce
14: Starting numprocs=16 N=6000, M=6000 impl=allreduce
12: Starting numprocs=16 N=6000, M=6000 impl=allreduce
11: Starting numprocs=16 N=6000, M=6000 impl=allreduce
2: Starting numprocs=16 N=6000, M=6000 impl=allreduce
4: Starting numprocs=16 N=6000, M=6000 impl=allreduce
5: Starting numprocs=16 N=6000, M=6000 impl=allreduce
0: Starting numprocs=16 N=6000, M=6000 impl=allreduce
Iteration 0
8: Starting numprocs=16 N=6000, M=6000 impl=allreduce
10: Starting numprocs=16 N=6000, M=6000 impl=allreduce
6: Starting numprocs=16 N=6000, M=6000 impl=allreduce
1: Starting numprocs=16 N=6000, M=6000 impl=allreduce
3: Starting numprocs=16 N=6000, M=6000 impl=allreduce
9: Starting numprocs=16 N=6000, M=6000 impl=allreduce
7: Starting numprocs=16 N=6000, M=6000 impl=allreduce
time: 0.878807s
Iteration 1
time: 0.827931s
Iteration 2
time: 0.786846s
Iteration 3
time: 0.804814s
Iteration 4
time: 0.795176s
Iteration 5
time: 0.857553s
Iteration 6
time: 0.854606s
Iteration 7
time: 0.775713s
Iteration 8
time: 0.821499s
Iteration 9
time: 0.853901s
Iteration 10
time: 0.804143s
Iteration 11
time: 2.010258s
Iteration 12
time: 0.860281s
Iteration 13
time: 0.839608s
Iteration 14
time: 0.827600s
Iteration 15
time: 0.800663s
Iteration 16
time: 0.797240s
Iteration 17
time: 4.929508s
Iteration 18
time: 0.799996s
Iteration 19
time: 0.801666s
Iteration 20
time: 5.061473s
Iteration 21
time: 0.803735s
Iteration 22
time: 0.824068s
Iteration 23
time: 0.802290s
Iteration 24
time: 0.827835s
12: Starting numprocs=16 N=6000, M=6000 impl=allreduce-ring
15: Starting numprocs=16 N=6000, M=6000 impl=allreduce-ring
13: Starting numprocs=16 N=6000, M=6000 impl=allreduce-ring
11: Starting numprocs=16 N=6000, M=6000 impl=allreduce-ring
5: Starting numprocs=16 N=6000, M=6000 impl=allreduce-ring
2: Starting numprocs=16 N=6000, M=6000 impl=allreduce-ring
4: Starting numprocs=16 N=6000, M=6000 impl=allreduce-ring
8: Starting numprocs=16 N=6000, M=6000 impl=allreduce-ring
14: Starting numprocs=16 N=6000, M=6000 impl=allreduce-ring
0: Starting numprocs=16 N=6000, M=6000 impl=allreduce-ring
Iteration 0
6: Starting numprocs=16 N=6000, M=6000 impl=allreduce-ring
9: Starting numprocs=16 N=6000, M=6000 impl=allreduce-ring
3: Starting numprocs=16 N=6000, M=6000 impl=allreduce-ring
10: Starting numprocs=16 N=6000, M=6000 impl=allreduce-ring
7: Starting numprocs=16 N=6000, M=6000 impl=allreduce-ring
1: Starting numprocs=16 N=6000, M=6000 impl=allreduce-ring
time: 0.597458s
Iteration 1
time: 0.564130s
Iteration 2
time: 0.556410s
Iteration 3
time: 0.573444s
Iteration 4
time: 0.543471s
Iteration 5
time: 0.558213s
Iteration 6
time: 0.543268s
Iteration 7
time: 0.553802s
Iteration 8
time: 0.560812s
Iteration 9
time: 0.567258s
Iteration 10
time: 0.561878s
Iteration 11
time: 0.556407s
Iteration 12
time: 0.554989s
Iteration 13
time: 0.562817s
Iteration 14
time: 0.548812s
Iteration 15
time: 0.558167s
Iteration 16
time: 0.552274s
Iteration 17
time: 0.570890s
Iteration 18
time: 0.552289s
Iteration 19
time: 0.561157s
Iteration 20
time: 0.573950s
Iteration 21
time: 0.574642s
Iteration 22
time: 0.573674s
Iteration 23
time: 0.559933s
Iteration 24
time: 0.566333s
13: Starting numprocs=16 N=6000, M=6000 impl=g-rabenseifner-allgather
5: Starting numprocs=16 N=6000, M=6000 impl=g-rabenseifner-allgather
2: Starting numprocs=16 N=6000, M=6000 impl=g-rabenseifner-allgather
15: Starting numprocs=16 N=6000, M=6000 impl=g-rabenseifner-allgather
14: Starting numprocs=16 N=6000, M=6000 impl=g-rabenseifner-allgather
12: Starting numprocs=16 N=6000, M=6000 impl=g-rabenseifner-allgather
11: Starting numprocs=16 N=6000, M=6000 impl=g-rabenseifner-allgather
0: Starting numprocs=16 N=6000, M=6000 impl=g-rabenseifner-allgather
Iteration 0
4: Starting numprocs=16 N=6000, M=6000 impl=g-rabenseifner-allgather
8: Starting numprocs=16 N=6000, M=6000 impl=g-rabenseifner-allgather
6: Starting numprocs=16 N=6000, M=6000 impl=g-rabenseifner-allgather
10: Starting numprocs=16 N=6000, M=6000 impl=g-rabenseifner-allgather
3: Starting numprocs=16 N=6000, M=6000 impl=g-rabenseifner-allgather
1: Starting numprocs=16 N=6000, M=6000 impl=g-rabenseifner-allgather
9: Starting numprocs=16 N=6000, M=6000 impl=g-rabenseifner-allgather
7: Starting numprocs=16 N=6000, M=6000 impl=g-rabenseifner-allgather
time: 0.304058s
Iteration 1
time: 0.260483s
Iteration 2
time: 0.259562s
Iteration 3
time: 0.259642s
Iteration 4
time: 0.259326s
Iteration 5
time: 0.258721s
Iteration 6
time: 0.259000s
Iteration 7
time: 0.258850s
Iteration 8
time: 0.257624s
Iteration 9
time: 0.258244s
Iteration 10
time: 0.261220s
Iteration 11
time: 0.259185s
Iteration 12
time: 0.258769s
Iteration 13
time: 0.258786s
Iteration 14
time: 0.259159s
Iteration 15
time: 0.259182s
Iteration 16
time: 0.258786s
Iteration 17
time: 0.258140s
Iteration 18
time: 0.258581s
Iteration 19
time: 0.258907s
Iteration 20
time: 0.258937s
Iteration 21
time: 0.259508s
Iteration 22
time: 0.259062s
Iteration 23
time: 0.259089s
Iteration 24
time: 0.258735s
15: Starting numprocs=16 N=6000, M=6000 impl=g-rabenseifner-subgroup-2
12: Starting numprocs=16 N=6000, M=6000 impl=g-rabenseifner-subgroup-2
13: Starting numprocs=16 N=6000, M=6000 impl=g-rabenseifner-subgroup-2
11: Starting numprocs=16 N=6000, M=6000 impl=g-rabenseifner-subgroup-2
2: Starting numprocs=16 N=6000, M=6000 impl=g-rabenseifner-subgroup-2
14: Starting numprocs=16 N=6000, M=6000 impl=g-rabenseifner-subgroup-2
5: Starting numprocs=16 N=6000, M=6000 impl=g-rabenseifner-subgroup-2
0: Starting numprocs=16 N=6000, M=6000 impl=g-rabenseifner-subgroup-2
Iteration 0
4: Starting numprocs=16 N=6000, M=6000 impl=g-rabenseifner-subgroup-2
8: Starting numprocs=16 N=6000, M=6000 impl=g-rabenseifner-subgroup-2
10: Starting numprocs=16 N=6000, M=6000 impl=g-rabenseifner-subgroup-2
9: Starting numprocs=16 N=6000, M=6000 impl=g-rabenseifner-subgroup-2
3: Starting numprocs=16 N=6000, M=6000 impl=g-rabenseifner-subgroup-2
6: Starting numprocs=16 N=6000, M=6000 impl=g-rabenseifner-subgroup-2
1: Starting numprocs=16 N=6000, M=6000 impl=g-rabenseifner-subgroup-2
7: Starting numprocs=16 N=6000, M=6000 impl=g-rabenseifner-subgroup-2
time: 0.322217s
Iteration 1
time: 0.277287s
Iteration 2
time: 0.271897s
Iteration 3
time: 0.271998s
Iteration 4
time: 0.272953s
Iteration 5
time: 0.271365s
Iteration 6
time: 0.275003s
Iteration 7
time: 0.274587s
Iteration 8
time: 0.271647s
Iteration 9
time: 0.272586s
Iteration 10
time: 0.281888s
Iteration 11
time: 0.273445s
Iteration 12
time: 0.271347s
Iteration 13
time: 0.272681s
Iteration 14
time: 0.276963s
Iteration 15
time: 0.274918s
Iteration 16
time: 0.274311s
Iteration 17
time: 0.272388s
Iteration 18
time: 0.272258s
Iteration 19
time: 0.273334s
Iteration 20
time: 0.271524s
Iteration 21
time: 0.275913s
Iteration 22
time: 0.273740s
Iteration 23
time: 0.273152s
Iteration 24
time: 0.271848s
13: Starting numprocs=16 N=6000, M=6000 impl=g-rabenseifner-subgroup-4
14: Starting numprocs=16 N=6000, M=6000 impl=g-rabenseifner-subgroup-4
15: Starting numprocs=16 N=6000, M=6000 impl=g-rabenseifner-subgroup-4
2: Starting numprocs=16 N=6000, M=6000 impl=g-rabenseifner-subgroup-4
11: Starting numprocs=16 N=6000, M=6000 impl=g-rabenseifner-subgroup-4
12: Starting numprocs=16 N=6000, M=6000 impl=g-rabenseifner-subgroup-4
5: Starting numprocs=16 N=6000, M=6000 impl=g-rabenseifner-subgroup-4
0: Starting numprocs=16 N=6000, M=6000 impl=g-rabenseifner-subgroup-4
Iteration 0
4: Starting numprocs=16 N=6000, M=6000 impl=g-rabenseifner-subgroup-4
8: Starting numprocs=16 N=6000, M=6000 impl=g-rabenseifner-subgroup-4
6: Starting numprocs=16 N=6000, M=6000 impl=g-rabenseifner-subgroup-4
1: Starting numprocs=16 N=6000, M=6000 impl=g-rabenseifner-subgroup-4
7: Starting numprocs=16 N=6000, M=6000 impl=g-rabenseifner-subgroup-4
9: Starting numprocs=16 N=6000, M=6000 impl=g-rabenseifner-subgroup-4
10: Starting numprocs=16 N=6000, M=6000 impl=g-rabenseifner-subgroup-4
3: Starting numprocs=16 N=6000, M=6000 impl=g-rabenseifner-subgroup-4
time: 0.352161s
Iteration 1
time: 0.291538s
Iteration 2
time: 0.291126s
Iteration 3
time: 0.291666s
Iteration 4
time: 0.293458s
Iteration 5
time: 0.293781s
Iteration 6
time: 0.293498s
Iteration 7
time: 0.293335s
Iteration 8
time: 0.292559s
Iteration 9
time: 0.302299s
Iteration 10
time: 0.302121s
Iteration 11
time: 0.300489s
Iteration 12
time: 0.299780s
Iteration 13
time: 30.279116s
Iteration 14
time: 0.300240s
Iteration 15
time: 0.297067s
Iteration 16
time: 0.306615s
Iteration 17
time: 0.298874s
Iteration 18
time: 0.297278s
Iteration 19
time: 0.304001s
Iteration 20
time: 0.298170s
Iteration 21
time: 0.300248s
Iteration 22
time: 0.297579s
Iteration 23
time: 0.305182s
Iteration 24
time: 0.302830s
14: Starting numprocs=16 N=6000, M=6000 impl=g-rabenseifner-subgroup-8
13: Starting numprocs=16 N=6000, M=6000 impl=g-rabenseifner-subgroup-8
15: Starting numprocs=16 N=6000, M=6000 impl=g-rabenseifner-subgroup-8
11: Starting numprocs=16 N=6000, M=6000 impl=g-rabenseifner-subgroup-8
12: Starting numprocs=16 N=6000, M=6000 impl=g-rabenseifner-subgroup-8
2: Starting numprocs=16 N=6000, M=6000 impl=g-rabenseifner-subgroup-8
4: Starting numprocs=16 N=6000, M=6000 impl=g-rabenseifner-subgroup-8
5: Starting numprocs=16 N=6000, M=6000 impl=g-rabenseifner-subgroup-8
0: Starting numprocs=16 N=6000, M=6000 impl=g-rabenseifner-subgroup-8
Iteration 0
8: Starting numprocs=16 N=6000, M=6000 impl=g-rabenseifner-subgroup-8
6: Starting numprocs=16 N=6000, M=6000 impl=g-rabenseifner-subgroup-8
3: Starting numprocs=16 N=6000, M=6000 impl=g-rabenseifner-subgroup-8
9: Starting numprocs=16 N=6000, M=6000 impl=g-rabenseifner-subgroup-8
1: Starting numprocs=16 N=6000, M=6000 impl=g-rabenseifner-subgroup-8
7: Starting numprocs=16 N=6000, M=6000 impl=g-rabenseifner-subgroup-8
10: Starting numprocs=16 N=6000, M=6000 impl=g-rabenseifner-subgroup-8
time: 0.381102s
Iteration 1
time: 0.358360s
Iteration 2
time: 0.352753s
Iteration 3
time: 0.358407s
Iteration 4
time: 0.352845s
Iteration 5
time: 0.351488s
Iteration 6
time: 0.357881s
Iteration 7
time: 0.357947s
Iteration 8
time: 0.355914s
Iteration 9
time: 0.356298s
Iteration 10
time: 0.366659s
Iteration 11
time: 0.360250s
Iteration 12
time: 0.353774s
Iteration 13
time: 0.361778s
Iteration 14
time: 0.360603s
Iteration 15
time: 0.365763s
Iteration 16
time: 0.359685s
Iteration 17
time: 0.361667s
Iteration 18
time: 0.354887s
Iteration 19
time: 0.353785s
Iteration 20
time: 0.357520s
Iteration 21
time: 0.367953s
Iteration 22
time: 0.360868s
Iteration 23
time: 0.354698s
Iteration 24
time: 0.338452s
14: Starting numprocs=16 N=7000, M=7000 impl=allgather
13: Starting numprocs=16 N=7000, M=7000 impl=allgather
12: Starting numprocs=16 N=7000, M=7000 impl=allgather
15: Starting numprocs=16 N=7000, M=7000 impl=allgather
11: Starting numprocs=16 N=7000, M=7000 impl=allgather
2: Starting numprocs=16 N=7000, M=7000 impl=allgather
4: Starting numprocs=16 N=7000, M=7000 impl=allgather
5: Starting numprocs=16 N=7000, M=7000 impl=allgather
8: Starting numprocs=16 N=7000, M=7000 impl=allgather
0: Starting numprocs=16 N=7000, M=7000 impl=allgather
Iteration 0
3: Starting numprocs=16 N=7000, M=7000 impl=allgather
6: Starting numprocs=16 N=7000, M=7000 impl=allgather
1: Starting numprocs=16 N=7000, M=7000 impl=allgather
10: Starting numprocs=16 N=7000, M=7000 impl=allgather
9: Starting numprocs=16 N=7000, M=7000 impl=allgather
7: Starting numprocs=16 N=7000, M=7000 impl=allgather
time: 0.916409s
Iteration 1
time: 0.913315s
Iteration 2
time: 0.955667s
Iteration 3
time: 0.991885s
Iteration 4
time: 0.964286s
Iteration 5
time: 0.930414s
Iteration 6
time: 0.966315s
Iteration 7
time: 0.976154s
Iteration 8
time: 0.947946s
Iteration 9
time: 0.915683s
Iteration 10
time: 0.908915s
Iteration 11
time: 0.930252s
Iteration 12
time: 0.940666s
Iteration 13
time: 0.936143s
Iteration 14
time: 0.956153s
Iteration 15
time: 0.960310s
Iteration 16
time: 0.966750s
Iteration 17
time: 0.949740s
Iteration 18
time: 0.948330s
Iteration 19
time: 0.939969s
Iteration 20
time: 0.961542s
Iteration 21
time: 0.940612s
Iteration 22
time: 0.904727s
Iteration 23
time: 0.913651s
Iteration 24
time: 0.934740s
15: Starting numprocs=16 N=7000, M=7000 impl=allreduce
14: Starting numprocs=16 N=7000, M=7000 impl=allreduce
11: Starting numprocs=16 N=7000, M=7000 impl=allreduce
2: Starting numprocs=16 N=7000, M=7000 impl=allreduce
4: Starting numprocs=16 N=7000, M=7000 impl=allreduce
5: Starting numprocs=16 N=7000, M=7000 impl=allreduce
0: Starting numprocs=16 N=7000, M=7000 impl=allreduce
Iteration 0
8: Starting numprocs=16 N=7000, M=7000 impl=allreduce
12: Starting numprocs=16 N=7000, M=7000 impl=allreduce
13: Starting numprocs=16 N=7000, M=7000 impl=allreduce
3: Starting numprocs=16 N=7000, M=7000 impl=allreduce
10: Starting numprocs=16 N=7000, M=7000 impl=allreduce
7: Starting numprocs=16 N=7000, M=7000 impl=allreduce
6: Starting numprocs=16 N=7000, M=7000 impl=allreduce
9: Starting numprocs=16 N=7000, M=7000 impl=allreduce
1: Starting numprocs=16 N=7000, M=7000 impl=allreduce
time: 1.217664s
Iteration 1
time: 1.089739s
Iteration 2
time: 1.118002s
Iteration 3
time: 1.089183s
Iteration 4
time: 1.124119s
Iteration 5
time: 1.155780s
Iteration 6
time: 1.089955s
Iteration 7
time: 1.094109s
Iteration 8
time: 1.078993s
Iteration 9
time: 1.115434s
Iteration 10
time: 1.084518s
Iteration 11
time: 1.110859s
Iteration 12
time: 1.087293s
Iteration 13
time: 1.115003s
Iteration 14
time: 1.096341s
Iteration 15
time: 1.115298s
Iteration 16
time: 1.120276s
Iteration 17
time: 1.093714s
Iteration 18
time: 1.095533s
Iteration 19
time: 1.079338s
Iteration 20
time: 6.702888s
Iteration 21
time: 1.094054s
Iteration 22
time: 1.094315s
Iteration 23
time: 1.131875s
Iteration 24
time: 1.089976s
2: Starting numprocs=16 N=7000, M=7000 impl=allreduce-ring
15: Starting numprocs=16 N=7000, M=7000 impl=allreduce-ring
14: Starting numprocs=16 N=7000, M=7000 impl=allreduce-ring
4: Starting numprocs=16 N=7000, M=7000 impl=allreduce-ring
12: Starting numprocs=16 N=7000, M=7000 impl=allreduce-ring
11: Starting numprocs=16 N=7000, M=7000 impl=allreduce-ring
5: Starting numprocs=16 N=7000, M=7000 impl=allreduce-ring
0: Starting numprocs=16 N=7000, M=7000 impl=allreduce-ring
Iteration 0
8: Starting numprocs=16 N=7000, M=7000 impl=allreduce-ring
6: Starting numprocs=16 N=7000, M=7000 impl=allreduce-ring
13: Starting numprocs=16 N=7000, M=7000 impl=allreduce-ring
10: Starting numprocs=16 N=7000, M=7000 impl=allreduce-ring
9: Starting numprocs=16 N=7000, M=7000 impl=allreduce-ring
3: Starting numprocs=16 N=7000, M=7000 impl=allreduce-ring
7: Starting numprocs=16 N=7000, M=7000 impl=allreduce-ring
1: Starting numprocs=16 N=7000, M=7000 impl=allreduce-ring
time: 0.823306s
Iteration 1
time: 0.767753s
Iteration 2
time: 0.752730s
Iteration 3
time: 0.748455s
Iteration 4
time: 0.747418s
Iteration 5
time: 0.766046s
Iteration 6
time: 0.763546s
Iteration 7
time: 0.754841s
Iteration 8
time: 0.764033s
Iteration 9
time: 0.741563s
Iteration 10
time: 0.762039s
Iteration 11
time: 0.751207s
Iteration 12
time: 0.768452s
Iteration 13
time: 0.750825s
Iteration 14
time: 0.753291s
Iteration 15
time: 0.764265s
Iteration 16
time: 0.764714s
Iteration 17
time: 0.773420s
Iteration 18
time: 0.762592s
Iteration 19
time: 2.614243s
Iteration 20
time: 0.760793s
Iteration 21
time: 0.772909s
Iteration 22
time: 2.593989s
Iteration 23
time: 0.764023s
Iteration 24
time: 0.748604s
14: Starting numprocs=16 N=7000, M=7000 impl=g-rabenseifner-allgather
15: Starting numprocs=16 N=7000, M=7000 impl=g-rabenseifner-allgather
4: Starting numprocs=16 N=7000, M=7000 impl=g-rabenseifner-allgather
5: Starting numprocs=16 N=7000, M=7000 impl=g-rabenseifner-allgather
2: Starting numprocs=16 N=7000, M=7000 impl=g-rabenseifner-allgather
11: Starting numprocs=16 N=7000, M=7000 impl=g-rabenseifner-allgather
13: Starting numprocs=16 N=7000, M=7000 impl=g-rabenseifner-allgather
0: Starting numprocs=16 N=7000, M=7000 impl=g-rabenseifner-allgather
Iteration 0
12: Starting numprocs=16 N=7000, M=7000 impl=g-rabenseifner-allgather
8: Starting numprocs=16 N=7000, M=7000 impl=g-rabenseifner-allgather
6: Starting numprocs=16 N=7000, M=7000 impl=g-rabenseifner-allgather
7: Starting numprocs=16 N=7000, M=7000 impl=g-rabenseifner-allgather
3: Starting numprocs=16 N=7000, M=7000 impl=g-rabenseifner-allgather
10: Starting numprocs=16 N=7000, M=7000 impl=g-rabenseifner-allgather
1: Starting numprocs=16 N=7000, M=7000 impl=g-rabenseifner-allgather
9: Starting numprocs=16 N=7000, M=7000 impl=g-rabenseifner-allgather
time: 0.401965s
Iteration 1
time: 0.351224s
Iteration 2
time: 0.350919s
Iteration 3
time: 0.352003s
Iteration 4
time: 0.353661s
Iteration 5
time: 0.353311s
Iteration 6
time: 0.353587s
Iteration 7
time: 0.351697s
Iteration 8
time: 0.351685s
Iteration 9
time: 0.353220s
Iteration 10
time: 0.351780s
Iteration 11
time: 0.352831s
Iteration 12
time: 0.350819s
Iteration 13
time: 0.351293s
Iteration 14
time: 0.351681s
Iteration 15
time: 0.351007s
Iteration 16
time: 0.351588s
Iteration 17
time: 0.352182s
Iteration 18
time: 0.355063s
Iteration 19
time: 0.350810s
Iteration 20
time: 0.351792s
Iteration 21
time: 0.353011s
Iteration 22
time: 0.351957s
Iteration 23
time: 0.352385s
Iteration 24
time: 0.351656s
14: Starting numprocs=16 N=7000, M=7000 impl=g-rabenseifner-subgroup-2
15: Starting numprocs=16 N=7000, M=7000 impl=g-rabenseifner-subgroup-2
2: Starting numprocs=16 N=7000, M=7000 impl=g-rabenseifner-subgroup-2
4: Starting numprocs=16 N=7000, M=7000 impl=g-rabenseifner-subgroup-2
12: Starting numprocs=16 N=7000, M=7000 impl=g-rabenseifner-subgroup-2
5: Starting numprocs=16 N=7000, M=7000 impl=g-rabenseifner-subgroup-2
11: Starting numprocs=16 N=7000, M=7000 impl=g-rabenseifner-subgroup-2
13: Starting numprocs=16 N=7000, M=7000 impl=g-rabenseifner-subgroup-2
8: Starting numprocs=16 N=7000, M=7000 impl=g-rabenseifner-subgroup-2
0: Starting numprocs=16 N=7000, M=7000 impl=g-rabenseifner-subgroup-2
Iteration 0
6: Starting numprocs=16 N=7000, M=7000 impl=g-rabenseifner-subgroup-2
1: Starting numprocs=16 N=7000, M=7000 impl=g-rabenseifner-subgroup-2
10: Starting numprocs=16 N=7000, M=7000 impl=g-rabenseifner-subgroup-2
9: Starting numprocs=16 N=7000, M=7000 impl=g-rabenseifner-subgroup-2
7: Starting numprocs=16 N=7000, M=7000 impl=g-rabenseifner-subgroup-2
3: Starting numprocs=16 N=7000, M=7000 impl=g-rabenseifner-subgroup-2
time: 0.427071s
Iteration 1
time: 0.375056s
Iteration 2
time: 0.371836s
Iteration 3
time: 0.376723s
Iteration 4
time: 0.374440s
Iteration 5
time: 0.370897s
Iteration 6
time: 0.369483s
Iteration 7
time: 0.369777s
Iteration 8
time: 0.371919s
Iteration 9
time: 0.373445s
Iteration 10
time: 0.377409s
Iteration 11
time: 0.378513s
Iteration 12
time: 0.372162s
Iteration 13
time: 0.370303s
Iteration 14
time: 0.373857s
Iteration 15
time: 0.373357s
Iteration 16
time: 0.373018s
Iteration 17
time: 0.370707s
Iteration 18
time: 0.373544s
Iteration 19
time: 0.374900s
Iteration 20
time: 0.368189s
Iteration 21
time: 0.369570s
Iteration 22
time: 0.367671s
Iteration 23
time: 0.367869s
Iteration 24
time: 0.371375s
14: Starting numprocs=16 N=7000, M=7000 impl=g-rabenseifner-subgroup-4
4: Starting numprocs=16 N=7000, M=7000 impl=g-rabenseifner-subgroup-4
15: Starting numprocs=16 N=7000, M=7000 impl=g-rabenseifner-subgroup-4
12: Starting numprocs=16 N=7000, M=7000 impl=g-rabenseifner-subgroup-4
2: Starting numprocs=16 N=7000, M=7000 impl=g-rabenseifner-subgroup-4
5: Starting numprocs=16 N=7000, M=7000 impl=g-rabenseifner-subgroup-4
0: Starting numprocs=16 N=7000, M=7000 impl=g-rabenseifner-subgroup-4
Iteration 0
13: Starting numprocs=16 N=7000, M=7000 impl=g-rabenseifner-subgroup-4
11: Starting numprocs=16 N=7000, M=7000 impl=g-rabenseifner-subgroup-4
8: Starting numprocs=16 N=7000, M=7000 impl=g-rabenseifner-subgroup-4
6: Starting numprocs=16 N=7000, M=7000 impl=g-rabenseifner-subgroup-4
1: Starting numprocs=16 N=7000, M=7000 impl=g-rabenseifner-subgroup-4
9: Starting numprocs=16 N=7000, M=7000 impl=g-rabenseifner-subgroup-4
10: Starting numprocs=16 N=7000, M=7000 impl=g-rabenseifner-subgroup-4
3: Starting numprocs=16 N=7000, M=7000 impl=g-rabenseifner-subgroup-4
7: Starting numprocs=16 N=7000, M=7000 impl=g-rabenseifner-subgroup-4
time: 0.452455s
Iteration 1
time: 0.399293s
Iteration 2
time: 0.398407s
Iteration 3
time: 0.399282s
Iteration 4
time: 0.402015s
Iteration 5
time: 0.403242s
Iteration 6
time: 0.397723s
Iteration 7
time: 0.398663s
Iteration 8
time: 0.399465s
Iteration 9
time: 0.398486s
Iteration 10
time: 0.405747s
Iteration 11
time: 0.402505s
Iteration 12
time: 0.403674s
Iteration 13
time: 0.402145s
Iteration 14
time: 0.400029s
Iteration 15
time: 0.401666s
Iteration 16
time: 0.402916s
Iteration 17
time: 0.401996s
Iteration 18
time: 0.404872s
Iteration 19
time: 0.392377s
Iteration 20
time: 0.395736s
Iteration 21
time: 0.402133s
Iteration 22
time: 0.394620s
Iteration 23
time: 0.396884s
Iteration 24
time: 0.399316s
15: Starting numprocs=16 N=7000, M=7000 impl=g-rabenseifner-subgroup-8
13: Starting numprocs=16 N=7000, M=7000 impl=g-rabenseifner-subgroup-8
14: Starting numprocs=16 N=7000, M=7000 impl=g-rabenseifner-subgroup-8
2: Starting numprocs=16 N=7000, M=7000 impl=g-rabenseifner-subgroup-8
12: Starting numprocs=16 N=7000, M=7000 impl=g-rabenseifner-subgroup-8
5: Starting numprocs=16 N=7000, M=7000 impl=g-rabenseifner-subgroup-8
11: Starting numprocs=16 N=7000, M=7000 impl=g-rabenseifner-subgroup-8
4: Starting numprocs=16 N=7000, M=7000 impl=g-rabenseifner-subgroup-8
0: Starting numprocs=16 N=7000, M=7000 impl=g-rabenseifner-subgroup-8
Iteration 0
8: Starting numprocs=16 N=7000, M=7000 impl=g-rabenseifner-subgroup-8
10: Starting numprocs=16 N=7000, M=7000 impl=g-rabenseifner-subgroup-8
6: Starting numprocs=16 N=7000, M=7000 impl=g-rabenseifner-subgroup-8
3: Starting numprocs=16 N=7000, M=7000 impl=g-rabenseifner-subgroup-8
7: Starting numprocs=16 N=7000, M=7000 impl=g-rabenseifner-subgroup-8
9: Starting numprocs=16 N=7000, M=7000 impl=g-rabenseifner-subgroup-8
1: Starting numprocs=16 N=7000, M=7000 impl=g-rabenseifner-subgroup-8
time: 0.501840s
Iteration 1
time: 0.470960s
Iteration 2
time: 0.477091s
Iteration 3
time: 0.477387s
Iteration 4
time: 0.470444s
Iteration 5
time: 45.980817s
Iteration 6
time: 2.109982s
Iteration 7
time: 0.473598s
Iteration 8
time: 0.475673s
Iteration 9
time: 0.484221s
Iteration 10
time: 0.472411s
Iteration 11
time: 0.480706s
Iteration 12
time: 0.477040s
Iteration 13
time: 0.467976s
Iteration 14
time: 0.467244s
Iteration 15
time: 0.462962s
Iteration 16
time: 0.465155s
Iteration 17
time: 0.474805s
Iteration 18
time: 0.466296s
Iteration 19
time: 0.460752s
Iteration 20
time: 0.478038s
Iteration 21
time: 0.473828s
Iteration 22
time: 0.462108s
Iteration 23
time: 0.461665s
Iteration 24
time: 0.463792s
14: Starting numprocs=16 N=8000, M=8000 impl=allgather
15: Starting numprocs=16 N=8000, M=8000 impl=allgather
2: Starting numprocs=16 N=8000, M=8000 impl=allgather
4: Starting numprocs=16 N=8000, M=8000 impl=allgather
5: Starting numprocs=16 N=8000, M=8000 impl=allgather
11: Starting numprocs=16 N=8000, M=8000 impl=allgather
12: Starting numprocs=16 N=8000, M=8000 impl=allgather
0: Starting numprocs=16 N=8000, M=8000 impl=allgather
Iteration 0
13: Starting numprocs=16 N=8000, M=8000 impl=allgather
8: Starting numprocs=16 N=8000, M=8000 impl=allgather
6: Starting numprocs=16 N=8000, M=8000 impl=allgather
10: Starting numprocs=16 N=8000, M=8000 impl=allgather
3: Starting numprocs=16 N=8000, M=8000 impl=allgather
1: Starting numprocs=16 N=8000, M=8000 impl=allgather
7: Starting numprocs=16 N=8000, M=8000 impl=allgather
9: Starting numprocs=16 N=8000, M=8000 impl=allgather
time: 1.263388s
Iteration 1
time: 1.222139s
Iteration 2
time: 1.233154s
Iteration 3
time: 1.289758s
Iteration 4
time: 1.285605s
Iteration 5
time: 1.284696s
Iteration 6
time: 1.281689s
Iteration 7
time: 1.261587s
Iteration 8
time: 1.289889s
Iteration 9
time: 1.260908s
Iteration 10
time: 1.262676s
Iteration 11
time: 1.287522s
Iteration 12
time: 1.274492s
Iteration 13
time: 1.266204s
Iteration 14
time: 1.276442s
Iteration 15
time: 1.269450s
Iteration 16
time: 1.280727s
Iteration 17
time: 1.293051s
Iteration 18
time: 1.246795s
Iteration 19
time: 1.266417s
Iteration 20
time: 1.271501s
Iteration 21
time: 1.279293s
Iteration 22
time: 1.263956s
Iteration 23
time: 1.259512s
Iteration 24
time: 1.262860s
14: Starting numprocs=16 N=8000, M=8000 impl=allreduce
15: Starting numprocs=16 N=8000, M=8000 impl=allreduce
12: Starting numprocs=16 N=8000, M=8000 impl=allreduce
2: Starting numprocs=16 N=8000, M=8000 impl=allreduce
4: Starting numprocs=16 N=8000, M=8000 impl=allreduce
5: Starting numprocs=16 N=8000, M=8000 impl=allreduce
11: Starting numprocs=16 N=8000, M=8000 impl=allreduce
8: Starting numprocs=16 N=8000, M=8000 impl=allreduce
0: Starting numprocs=16 N=8000, M=8000 impl=allreduce
Iteration 0
13: Starting numprocs=16 N=8000, M=8000 impl=allreduce
10: Starting numprocs=16 N=8000, M=8000 impl=allreduce
6: Starting numprocs=16 N=8000, M=8000 impl=allreduce
9: Starting numprocs=16 N=8000, M=8000 impl=allreduce
1: Starting numprocs=16 N=8000, M=8000 impl=allreduce
3: Starting numprocs=16 N=8000, M=8000 impl=allreduce
7: Starting numprocs=16 N=8000, M=8000 impl=allreduce
time: 1.588159s
Iteration 1
time: 1.393080s
Iteration 2
time: 1.456005s
Iteration 3
time: 1.411350s
Iteration 4
time: 1.433047s
Iteration 5
time: 1.430563s
Iteration 6
time: 1.409789s
Iteration 7
time: 1.434967s
Iteration 8
time: 1.408140s
Iteration 9
time: 1.402691s
Iteration 10
time: 1.416778s
Iteration 11
time: 1.403344s
Iteration 12
time: 1.409843s
Iteration 13
time: 1.415675s
Iteration 14
time: 1.425171s
Iteration 15
time: 1.470527s
Iteration 16
time: 1.417102s
Iteration 17
time: 1.413892s
Iteration 18
time: 1.396135s
Iteration 19
time: 1.406502s
Iteration 20
time: 1.407880s
Iteration 21
time: 1.419002s
Iteration 22
time: 1.411563s
Iteration 23
time: 1.403445s
Iteration 24
time: 1.404930s
14: Starting numprocs=16 N=8000, M=8000 impl=allreduce-ring
12: Starting numprocs=16 N=8000, M=8000 impl=allreduce-ring
2: Starting numprocs=16 N=8000, M=8000 impl=allreduce-ring
15: Starting numprocs=16 N=8000, M=8000 impl=allreduce-ring
4: Starting numprocs=16 N=8000, M=8000 impl=allreduce-ring
5: Starting numprocs=16 N=8000, M=8000 impl=allreduce-ring
11: Starting numprocs=16 N=8000, M=8000 impl=allreduce-ring
13: Starting numprocs=16 N=8000, M=8000 impl=allreduce-ring
0: Starting numprocs=16 N=8000, M=8000 impl=allreduce-ring
Iteration 0
8: Starting numprocs=16 N=8000, M=8000 impl=allreduce-ring
9: Starting numprocs=16 N=8000, M=8000 impl=allreduce-ring
6: Starting numprocs=16 N=8000, M=8000 impl=allreduce-ring
7: Starting numprocs=16 N=8000, M=8000 impl=allreduce-ring
10: Starting numprocs=16 N=8000, M=8000 impl=allreduce-ring
1: Starting numprocs=16 N=8000, M=8000 impl=allreduce-ring
3: Starting numprocs=16 N=8000, M=8000 impl=allreduce-ring
time: 1.021831s
Iteration 1
time: 0.974625s
Iteration 2
time: 0.972631s
Iteration 3
time: 0.980492s
Iteration 4
time: 0.983467s
Iteration 5
time: 0.977405s
Iteration 6
time: 0.973818s
Iteration 7
time: 0.973569s
Iteration 8
time: 30.523184s
Iteration 9
time: 0.979786s
Iteration 10
time: 13.963989s
Iteration 11
time: 2.600045s
Iteration 12
time: 3.808043s
Iteration 13
time: 2.512128s
Iteration 14
time: 0.980343s
Iteration 15
time: 0.974347s
Iteration 16
time: 0.974825s
Iteration 17
time: 0.973357s
Iteration 18
time: 0.989452s
Iteration 19
time: 0.976251s
Iteration 20
time: 0.986408s
Iteration 21
time: 9.404525s
Iteration 22
time: 0.991550s
Iteration 23
time: 74.655904s
Iteration 24
time: 0.988367s
11: Starting numprocs=16 N=8000, M=8000 impl=g-rabenseifner-allgather
15: Starting numprocs=16 N=8000, M=8000 impl=g-rabenseifner-allgather
2: Starting numprocs=16 N=8000, M=8000 impl=g-rabenseifner-allgather
12: Starting numprocs=16 N=8000, M=8000 impl=g-rabenseifner-allgather
14: Starting numprocs=16 N=8000, M=8000 impl=g-rabenseifner-allgather
5: Starting numprocs=16 N=8000, M=8000 impl=g-rabenseifner-allgather
6: Starting numprocs=16 N=8000, M=8000 impl=g-rabenseifner-allgather
4: Starting numprocs=16 N=8000, M=8000 impl=g-rabenseifner-allgather
13: Starting numprocs=16 N=8000, M=8000 impl=g-rabenseifner-allgather
8: Starting numprocs=16 N=8000, M=8000 impl=g-rabenseifner-allgather
0: Starting numprocs=16 N=8000, M=8000 impl=g-rabenseifner-allgather
Iteration 0
3: Starting numprocs=16 N=8000, M=8000 impl=g-rabenseifner-allgather
9: Starting numprocs=16 N=8000, M=8000 impl=g-rabenseifner-allgather
7: Starting numprocs=16 N=8000, M=8000 impl=g-rabenseifner-allgather
1: Starting numprocs=16 N=8000, M=8000 impl=g-rabenseifner-allgather
10: Starting numprocs=16 N=8000, M=8000 impl=g-rabenseifner-allgather
time: 0.524760s
Iteration 1
time: 0.458405s
Iteration 2
time: 0.457574s
Iteration 3
time: 0.457951s
Iteration 4
time: 0.458447s
Iteration 5
time: 0.459285s
Iteration 6
time: 0.458950s
Iteration 7
time: 1.832337s
Iteration 8
time: 0.468267s
Iteration 9
time: 2.328620s
Iteration 10
time: 0.459893s
Iteration 11
time: 0.470484s
Iteration 12
time: 0.473486s
Iteration 13
time: 0.475591s
Iteration 14
time: 0.464309s
Iteration 15
time: 0.489489s
Iteration 16
time: 2.225182s
Iteration 17
time: 2.373832s
Iteration 18
time: 0.462836s
Iteration 19
time: 2.237736s
Iteration 20
time: 0.458626s
Iteration 21
time: 0.472884s
Iteration 22
time: 0.469361s
Iteration 23
time: 0.458028s
Iteration 24
time: 0.457621s
14: Starting numprocs=16 N=8000, M=8000 impl=g-rabenseifner-subgroup-2
15: Starting numprocs=16 N=8000, M=8000 impl=g-rabenseifner-subgroup-2
2: Starting numprocs=16 N=8000, M=8000 impl=g-rabenseifner-subgroup-2
13: Starting numprocs=16 N=8000, M=8000 impl=g-rabenseifner-subgroup-2
12: Starting numprocs=16 N=8000, M=8000 impl=g-rabenseifner-subgroup-2
5: Starting numprocs=16 N=8000, M=8000 impl=g-rabenseifner-subgroup-2
11: Starting numprocs=16 N=8000, M=8000 impl=g-rabenseifner-subgroup-2
4: Starting numprocs=16 N=8000, M=8000 impl=g-rabenseifner-subgroup-2
6: Starting numprocs=16 N=8000, M=8000 impl=g-rabenseifner-subgroup-2
0: Starting numprocs=16 N=8000, M=8000 impl=g-rabenseifner-subgroup-2
Iteration 0
8: Starting numprocs=16 N=8000, M=8000 impl=g-rabenseifner-subgroup-2
9: Starting numprocs=16 N=8000, M=8000 impl=g-rabenseifner-subgroup-2
3: Starting numprocs=16 N=8000, M=8000 impl=g-rabenseifner-subgroup-2
10: Starting numprocs=16 N=8000, M=8000 impl=g-rabenseifner-subgroup-2
1: Starting numprocs=16 N=8000, M=8000 impl=g-rabenseifner-subgroup-2
7: Starting numprocs=16 N=8000, M=8000 impl=g-rabenseifner-subgroup-2
time: 0.554862s
Iteration 1
time: 0.478257s
Iteration 2
time: 0.480660s
Iteration 3
time: 0.483726s
Iteration 4
time: 0.483207s
Iteration 5
time: 0.481232s
Iteration 6
time: 0.480966s
Iteration 7
time: 0.482199s
Iteration 8
time: 0.487950s
Iteration 9
time: 0.482415s
Iteration 10
time: 0.481287s
Iteration 11
time: 0.483690s
Iteration 12
time: 0.481194s
Iteration 13
time: 0.481446s
Iteration 14
time: 0.488099s
Iteration 15
time: 0.485404s
Iteration 16
time: 0.486473s
Iteration 17
time: 0.481965s
Iteration 18
time: 0.482376s
Iteration 19
time: 0.480782s
Iteration 20
time: 0.482774s
Iteration 21
time: 0.484352s
Iteration 22
time: 0.478431s
Iteration 23
time: 0.480017s
Iteration 24
time: 0.478352s
12: Starting numprocs=16 N=8000, M=8000 impl=g-rabenseifner-subgroup-4
14: Starting numprocs=16 N=8000, M=8000 impl=g-rabenseifner-subgroup-4
15: Starting numprocs=16 N=8000, M=8000 impl=g-rabenseifner-subgroup-4
2: Starting numprocs=16 N=8000, M=8000 impl=g-rabenseifner-subgroup-4
11: Starting numprocs=16 N=8000, M=8000 impl=g-rabenseifner-subgroup-4
13: Starting numprocs=16 N=8000, M=8000 impl=g-rabenseifner-subgroup-4
4: Starting numprocs=16 N=8000, M=8000 impl=g-rabenseifner-subgroup-4
6: Starting numprocs=16 N=8000, M=8000 impl=g-rabenseifner-subgroup-4
5: Starting numprocs=16 N=8000, M=8000 impl=g-rabenseifner-subgroup-4
0: Starting numprocs=16 N=8000, M=8000 impl=g-rabenseifner-subgroup-4
Iteration 0
8: Starting numprocs=16 N=8000, M=8000 impl=g-rabenseifner-subgroup-4
10: Starting numprocs=16 N=8000, M=8000 impl=g-rabenseifner-subgroup-4
1: Starting numprocs=16 N=8000, M=8000 impl=g-rabenseifner-subgroup-4
9: Starting numprocs=16 N=8000, M=8000 impl=g-rabenseifner-subgroup-4
7: Starting numprocs=16 N=8000, M=8000 impl=g-rabenseifner-subgroup-4
3: Starting numprocs=16 N=8000, M=8000 impl=g-rabenseifner-subgroup-4
time: 0.617890s
Iteration 1
time: 0.525126s
Iteration 2
time: 0.515848s
Iteration 3
time: 0.518277s
Iteration 4
time: 0.521071s
Iteration 5
time: 0.515752s
Iteration 6
time: 0.520363s
Iteration 7
time: 0.515728s
Iteration 8
time: 0.514091s
Iteration 9
time: 0.515792s
Iteration 10
time: 0.518433s
Iteration 11
time: 0.522943s
Iteration 12
time: 0.552238s
Iteration 13
time: 0.515770s
Iteration 14
time: 0.516477s
Iteration 15
time: 0.518633s
Iteration 16
time: 0.514951s
Iteration 17
time: 0.522619s
Iteration 18
time: 0.526496s
Iteration 19
time: 0.526518s
Iteration 20
time: 0.537591s
Iteration 21
time: 0.550190s
Iteration 22
time: 0.537235s
Iteration 23
time: 0.527164s
Iteration 24
time: 0.529307s
14: Starting numprocs=16 N=8000, M=8000 impl=g-rabenseifner-subgroup-8
11: Starting numprocs=16 N=8000, M=8000 impl=g-rabenseifner-subgroup-8
15: Starting numprocs=16 N=8000, M=8000 impl=g-rabenseifner-subgroup-8
12: Starting numprocs=16 N=8000, M=8000 impl=g-rabenseifner-subgroup-8
2: Starting numprocs=16 N=8000, M=8000 impl=g-rabenseifner-subgroup-8
6: Starting numprocs=16 N=8000, M=8000 impl=g-rabenseifner-subgroup-8
4: Starting numprocs=16 N=8000, M=8000 impl=g-rabenseifner-subgroup-8
5: Starting numprocs=16 N=8000, M=8000 impl=g-rabenseifner-subgroup-8
8: Starting numprocs=16 N=8000, M=8000 impl=g-rabenseifner-subgroup-8
0: Starting numprocs=16 N=8000, M=8000 impl=g-rabenseifner-subgroup-8
Iteration 0
10: Starting numprocs=16 N=8000, M=8000 impl=g-rabenseifner-subgroup-8
13: Starting numprocs=16 N=8000, M=8000 impl=g-rabenseifner-subgroup-8
3: Starting numprocs=16 N=8000, M=8000 impl=g-rabenseifner-subgroup-8
1: Starting numprocs=16 N=8000, M=8000 impl=g-rabenseifner-subgroup-8
9: Starting numprocs=16 N=8000, M=8000 impl=g-rabenseifner-subgroup-8
7: Starting numprocs=16 N=8000, M=8000 impl=g-rabenseifner-subgroup-8
time: 0.704078s
Iteration 1
time: 0.609776s
Iteration 2
time: 0.599217s
Iteration 3
time: 0.605970s
Iteration 4
time: 0.604916s
Iteration 5
time: 0.604519s
Iteration 6
time: 0.603442s
Iteration 7
time: 0.605573s
Iteration 8
time: 0.604218s
Iteration 9
time: 0.599876s
Iteration 10
time: 0.603321s
Iteration 11
time: 0.603968s
Iteration 12
time: 0.600258s
Iteration 13
time: 0.602161s
Iteration 14
time: 0.611637s
Iteration 15
time: 0.602393s
Iteration 16
time: 0.600777s
Iteration 17
time: 0.604534s
Iteration 18
time: 0.601135s
Iteration 19
time: 0.600977s
Iteration 20
time: 0.677201s
Iteration 21
time: 0.611553s
Iteration 22
time: 0.603360s
Iteration 23
time: 0.610418s
Iteration 24
time: 0.600621s
