15: Starting numprocs=16 N=1000, M=1000 impl=allgather
9: Starting numprocs=16 N=1000, M=1000 impl=allgather
6: Starting numprocs=16 N=1000, M=1000 impl=allgather
8: Starting numprocs=16 N=1000, M=1000 impl=allgather
0: Starting numprocs=16 N=1000, M=1000 impl=allgather
Iteration 0
10: Starting numprocs=16 N=1000, M=1000 impl=allgather
1: Starting numprocs=16 N=1000, M=1000 impl=allgather
2: Starting numprocs=16 N=1000, M=1000 impl=allgather
7: Starting numprocs=16 N=1000, M=1000 impl=allgather
14: Starting numprocs=16 N=1000, M=1000 impl=allgather
13: Starting numprocs=16 N=1000, M=1000 impl=allgather
4: Starting numprocs=16 N=1000, M=1000 impl=allgather
5: Starting numprocs=16 N=1000, M=1000 impl=allgather
3: Starting numprocs=16 N=1000, M=1000 impl=allgather
12: Starting numprocs=16 N=1000, M=1000 impl=allgather
11: Starting numprocs=16 N=1000, M=1000 impl=allgather
time: 0.017966s
Iteration 1
time: 0.013133s
Iteration 2
time: 0.013000s
Iteration 3
time: 0.013213s
Iteration 4
time: 0.012802s
Iteration 5
time: 0.012976s
Iteration 6
time: 0.013167s
Iteration 7
time: 0.012958s
Iteration 8
time: 0.013674s
Iteration 9
time: 0.012917s
Iteration 10
time: 0.013488s
Iteration 11
time: 0.013243s
Iteration 12
time: 0.013218s
Iteration 13
time: 0.013299s
Iteration 14
time: 0.013538s
Iteration 15
time: 0.012963s
Iteration 16
time: 0.013326s
Iteration 17
time: 0.013821s
Iteration 18
time: 0.012952s
Iteration 19
time: 0.012864s
Iteration 20
time: 0.012951s
Iteration 21
time: 0.012983s
Iteration 22
time: 0.012840s
Iteration 23
time: 0.012996s
Iteration 24
time: 0.013358s
15: Starting numprocs=16 N=1000, M=1000 impl=allreduce
9: Starting numprocs=16 N=1000, M=1000 impl=allreduce
4: Starting numprocs=16 N=1000, M=1000 impl=allreduce
6: Starting numprocs=16 N=1000, M=1000 impl=allreduce
2: Starting numprocs=16 N=1000, M=1000 impl=allreduce
1: Starting numprocs=16 N=1000, M=1000 impl=allreduce
10: Starting numprocs=16 N=1000, M=1000 impl=allreduce
5: Starting numprocs=16 N=1000, M=1000 impl=allreduce
14: Starting numprocs=16 N=1000, M=1000 impl=allreduce
8: Starting numprocs=16 N=1000, M=1000 impl=allreduce
7: Starting numprocs=16 N=1000, M=1000 impl=allreduce
13: Starting numprocs=16 N=1000, M=1000 impl=allreduce
0: Starting numprocs=16 N=1000, M=1000 impl=allreduce
Iteration 0
3: Starting numprocs=16 N=1000, M=1000 impl=allreduce
11: Starting numprocs=16 N=1000, M=1000 impl=allreduce
12: Starting numprocs=16 N=1000, M=1000 impl=allreduce
time: 0.033427s
Iteration 1
time: 0.023524s
Iteration 2
time: 0.018529s
Iteration 3
time: 0.018479s
Iteration 4
time: 0.018745s
Iteration 5
time: 0.017986s
Iteration 6
time: 0.018707s
Iteration 7
time: 0.019192s
Iteration 8
time: 0.018729s
Iteration 9
time: 0.018409s
Iteration 10
time: 0.018819s
Iteration 11
time: 0.019545s
Iteration 12
time: 0.020095s
Iteration 13
time: 0.019180s
Iteration 14
time: 0.017708s
Iteration 15
time: 0.018418s
Iteration 16
time: 0.017873s
Iteration 17
time: 0.018788s
Iteration 18
time: 0.017613s
Iteration 19
time: 0.018067s
Iteration 20
time: 0.017136s
Iteration 21
time: 0.017703s
Iteration 22
time: 0.018039s
Iteration 23
time: 0.018016s
Iteration 24
time: 0.018262s
15: Starting numprocs=16 N=1000, M=1000 impl=allreduce-ring
10: Starting numprocs=16 N=1000, M=1000 impl=allreduce-ring
0: Starting numprocs=16 N=1000, M=1000 impl=allreduce-ring
Iteration 0
9: Starting numprocs=16 N=1000, M=1000 impl=allreduce-ring
7: Starting numprocs=16 N=1000, M=1000 impl=allreduce-ring
14: Starting numprocs=16 N=1000, M=1000 impl=allreduce-ring
2: Starting numprocs=16 N=1000, M=1000 impl=allreduce-ring
6: Starting numprocs=16 N=1000, M=1000 impl=allreduce-ring
4: Starting numprocs=16 N=1000, M=1000 impl=allreduce-ring
1: Starting numprocs=16 N=1000, M=1000 impl=allreduce-ring
5: Starting numprocs=16 N=1000, M=1000 impl=allreduce-ring
13: Starting numprocs=16 N=1000, M=1000 impl=allreduce-ring
12: Starting numprocs=16 N=1000, M=1000 impl=allreduce-ring
3: Starting numprocs=16 N=1000, M=1000 impl=allreduce-ring
8: Starting numprocs=16 N=1000, M=1000 impl=allreduce-ring
11: Starting numprocs=16 N=1000, M=1000 impl=allreduce-ring
time: 0.025965s
Iteration 1
time: 0.014768s
Iteration 2
time: 0.015008s
Iteration 3
time: 0.014686s
Iteration 4
time: 0.015019s
Iteration 5
time: 0.014851s
Iteration 6
time: 0.014538s
Iteration 7
time: 0.014502s
Iteration 8
time: 0.014468s
Iteration 9
time: 0.015381s
Iteration 10
time: 0.014745s
Iteration 11
time: 0.014236s
Iteration 12
time: 0.014826s
Iteration 13
time: 0.015001s
Iteration 14
time: 0.015098s
Iteration 15
time: 0.014685s
Iteration 16
time: 0.014615s
Iteration 17
time: 0.014913s
Iteration 18
time: 0.014426s
Iteration 19
time: 0.015054s
Iteration 20
time: 0.014801s
Iteration 21
time: 0.014720s
Iteration 22
time: 0.014564s
Iteration 23
time: 0.014974s
Iteration 24
time: 0.014979s
0: Starting numprocs=16 N=1000, M=1000 impl=g-rabenseifner-allgather
Iteration 0
10: Starting numprocs=16 N=1000, M=1000 impl=g-rabenseifner-allgather
15: Starting numprocs=16 N=1000, M=1000 impl=g-rabenseifner-allgather
9: Starting numprocs=16 N=1000, M=1000 impl=g-rabenseifner-allgather
7: Starting numprocs=16 N=1000, M=1000 impl=g-rabenseifner-allgather
6: Starting numprocs=16 N=1000, M=1000 impl=g-rabenseifner-allgather
1: Starting numprocs=16 N=1000, M=1000 impl=g-rabenseifner-allgather
13: Starting numprocs=16 N=1000, M=1000 impl=g-rabenseifner-allgather
14: Starting numprocs=16 N=1000, M=1000 impl=g-rabenseifner-allgather
5: Starting numprocs=16 N=1000, M=1000 impl=g-rabenseifner-allgather
4: Starting numprocs=16 N=1000, M=1000 impl=g-rabenseifner-allgather
2: Starting numprocs=16 N=1000, M=1000 impl=g-rabenseifner-allgather
11: Starting numprocs=16 N=1000, M=1000 impl=g-rabenseifner-allgather
3: Starting numprocs=16 N=1000, M=1000 impl=g-rabenseifner-allgather
8: Starting numprocs=16 N=1000, M=1000 impl=g-rabenseifner-allgather
12: Starting numprocs=16 N=1000, M=1000 impl=g-rabenseifner-allgather
time: 0.030280s
Iteration 1
time: 0.008905s
Iteration 2
time: 0.008511s
Iteration 3
time: 0.008380s
Iteration 4
time: 0.007821s
Iteration 5
time: 0.007961s
Iteration 6
time: 0.008579s
Iteration 7
time: 0.007984s
Iteration 8
time: 0.008020s
Iteration 9
time: 0.008064s
Iteration 10
time: 0.008020s
Iteration 11
time: 0.007952s
Iteration 12
time: 0.008772s
Iteration 13
time: 0.008415s
Iteration 14
time: 0.008395s
Iteration 15
time: 0.008048s
Iteration 16
time: 0.007786s
Iteration 17
time: 0.007842s
Iteration 18
time: 0.007966s
Iteration 19
time: 0.007901s
Iteration 20
time: 0.008525s
Iteration 21
time: 0.007868s
Iteration 22
time: 0.008170s
Iteration 23
time: 0.009070s
Iteration 24
time: 0.008054s
4: Starting numprocs=16 N=1000, M=1000 impl=g-rabenseifner-subgroup-2
15: Starting numprocs=16 N=1000, M=1000 impl=g-rabenseifner-subgroup-2
6: Starting numprocs=16 N=1000, M=1000 impl=g-rabenseifner-subgroup-2
2: Starting numprocs=16 N=1000, M=1000 impl=g-rabenseifner-subgroup-2
7: Starting numprocs=16 N=1000, M=1000 impl=g-rabenseifner-subgroup-2
0: Starting numprocs=16 N=1000, M=1000 impl=g-rabenseifner-subgroup-2
Iteration 0
10: Starting numprocs=16 N=1000, M=1000 impl=g-rabenseifner-subgroup-2
9: Starting numprocs=16 N=1000, M=1000 impl=g-rabenseifner-subgroup-2
14: Starting numprocs=16 N=1000, M=1000 impl=g-rabenseifner-subgroup-2
1: Starting numprocs=16 N=1000, M=1000 impl=g-rabenseifner-subgroup-2
13: Starting numprocs=16 N=1000, M=1000 impl=g-rabenseifner-subgroup-2
5: Starting numprocs=16 N=1000, M=1000 impl=g-rabenseifner-subgroup-2
8: Starting numprocs=16 N=1000, M=1000 impl=g-rabenseifner-subgroup-2
12: Starting numprocs=16 N=1000, M=1000 impl=g-rabenseifner-subgroup-2
3: Starting numprocs=16 N=1000, M=1000 impl=g-rabenseifner-subgroup-2
11: Starting numprocs=16 N=1000, M=1000 impl=g-rabenseifner-subgroup-2
time: 0.022612s
Iteration 1
time: 0.008036s
Iteration 2
time: 0.008462s
Iteration 3
time: 0.008249s
Iteration 4
time: 0.008319s
Iteration 5
time: 0.008218s
Iteration 6
time: 0.008042s
Iteration 7
time: 0.008503s
Iteration 8
time: 0.008439s
Iteration 9
time: 0.008177s
Iteration 10
time: 0.008107s
Iteration 11
time: 0.008603s
Iteration 12
time: 0.008107s
Iteration 13
time: 0.008144s
Iteration 14
time: 0.008165s
Iteration 15
time: 0.008150s
Iteration 16
time: 0.008267s
Iteration 17
time: 0.008278s
Iteration 18
time: 0.008943s
Iteration 19
time: 0.008250s
Iteration 20
time: 0.008253s
Iteration 21
time: 0.008165s
Iteration 22
time: 0.008934s
Iteration 23
time: 0.009049s
Iteration 24
time: 0.008573s
0: Starting numprocs=16 N=1000, M=1000 impl=g-rabenseifner-subgroup-4
Iteration 0
10: Starting numprocs=16 N=1000, M=1000 impl=g-rabenseifner-subgroup-4
6: Starting numprocs=16 N=1000, M=1000 impl=g-rabenseifner-subgroup-4
15: Starting numprocs=16 N=1000, M=1000 impl=g-rabenseifner-subgroup-4
9: Starting numprocs=16 N=1000, M=1000 impl=g-rabenseifner-subgroup-4
1: Starting numprocs=16 N=1000, M=1000 impl=g-rabenseifner-subgroup-4
2: Starting numprocs=16 N=1000, M=1000 impl=g-rabenseifner-subgroup-4
14: Starting numprocs=16 N=1000, M=1000 impl=g-rabenseifner-subgroup-4
13: Starting numprocs=16 N=1000, M=1000 impl=g-rabenseifner-subgroup-4
7: Starting numprocs=16 N=1000, M=1000 impl=g-rabenseifner-subgroup-4
5: Starting numprocs=16 N=1000, M=1000 impl=g-rabenseifner-subgroup-4
12: Starting numprocs=16 N=1000, M=1000 impl=g-rabenseifner-subgroup-4
4: Starting numprocs=16 N=1000, M=1000 impl=g-rabenseifner-subgroup-4
8: Starting numprocs=16 N=1000, M=1000 impl=g-rabenseifner-subgroup-4
3: Starting numprocs=16 N=1000, M=1000 impl=g-rabenseifner-subgroup-4
11: Starting numprocs=16 N=1000, M=1000 impl=g-rabenseifner-subgroup-4
time: 0.029859s
Iteration 1
time: 0.009117s
Iteration 2
time: 0.009617s
Iteration 3
time: 0.009307s
Iteration 4
time: 0.008879s
Iteration 5
time: 0.010941s
Iteration 6
time: 0.009558s
Iteration 7
time: 0.009088s
Iteration 8
time: 0.008772s
Iteration 9
time: 0.008953s
Iteration 10
time: 0.008706s
Iteration 11
time: 0.008743s
Iteration 12
time: 0.008715s
Iteration 13
time: 0.008845s
Iteration 14
time: 0.008813s
Iteration 15
time: 0.008872s
Iteration 16
time: 0.008889s
Iteration 17
time: 0.009039s
Iteration 18
time: 0.009159s
Iteration 19
time: 0.009034s
Iteration 20
time: 0.008836s
Iteration 21
time: 0.009152s
Iteration 22
time: 0.009180s
Iteration 23
time: 0.008946s
Iteration 24
time: 0.008718s
9: Starting numprocs=16 N=1000, M=1000 impl=g-rabenseifner-subgroup-8
10: Starting numprocs=16 N=1000, M=1000 impl=g-rabenseifner-subgroup-8
0: Starting numprocs=16 N=1000, M=1000 impl=g-rabenseifner-subgroup-8
Iteration 0
6: Starting numprocs=16 N=1000, M=1000 impl=g-rabenseifner-subgroup-8
15: Starting numprocs=16 N=1000, M=1000 impl=g-rabenseifner-subgroup-8
2: Starting numprocs=16 N=1000, M=1000 impl=g-rabenseifner-subgroup-8
1: Starting numprocs=16 N=1000, M=1000 impl=g-rabenseifner-subgroup-8
13: Starting numprocs=16 N=1000, M=1000 impl=g-rabenseifner-subgroup-8
14: Starting numprocs=16 N=1000, M=1000 impl=g-rabenseifner-subgroup-8
5: Starting numprocs=16 N=1000, M=1000 impl=g-rabenseifner-subgroup-8
7: Starting numprocs=16 N=1000, M=1000 impl=g-rabenseifner-subgroup-8
4: Starting numprocs=16 N=1000, M=1000 impl=g-rabenseifner-subgroup-8
12: Starting numprocs=16 N=1000, M=1000 impl=g-rabenseifner-subgroup-8
8: Starting numprocs=16 N=1000, M=1000 impl=g-rabenseifner-subgroup-8
3: Starting numprocs=16 N=1000, M=1000 impl=g-rabenseifner-subgroup-8
11: Starting numprocs=16 N=1000, M=1000 impl=g-rabenseifner-subgroup-8
time: 0.022958s
Iteration 1
time: 0.010648s
Iteration 2
time: 0.009340s
Iteration 3
time: 0.009337s
Iteration 4
time: 0.009758s
Iteration 5
time: 0.009356s
Iteration 6
time: 0.010113s
Iteration 7
time: 0.009548s
Iteration 8
time: 0.010431s
Iteration 9
time: 0.010030s
Iteration 10
time: 0.010113s
Iteration 11
time: 0.009620s
Iteration 12
time: 0.009641s
Iteration 13
time: 0.009386s
Iteration 14
time: 0.009667s
Iteration 15
time: 0.009694s
Iteration 16
time: 0.010229s
Iteration 17
time: 0.010137s
Iteration 18
time: 0.009776s
Iteration 19
time: 0.009277s
Iteration 20
time: 0.009488s
Iteration 21
time: 0.010071s
Iteration 22
time: 0.009753s
Iteration 23
time: 0.009612s
Iteration 24
time: 0.010020s
10: Starting numprocs=16 N=2000, M=2000 impl=allgather
15: Starting numprocs=16 N=2000, M=2000 impl=allgather
0: Starting numprocs=16 N=2000, M=2000 impl=allgather
Iteration 0
9: Starting numprocs=16 N=2000, M=2000 impl=allgather
6: Starting numprocs=16 N=2000, M=2000 impl=allgather
7: Starting numprocs=16 N=2000, M=2000 impl=allgather
2: Starting numprocs=16 N=2000, M=2000 impl=allgather
1: Starting numprocs=16 N=2000, M=2000 impl=allgather
14: Starting numprocs=16 N=2000, M=2000 impl=allgather
5: Starting numprocs=16 N=2000, M=2000 impl=allgather
8: Starting numprocs=16 N=2000, M=2000 impl=allgather
13: Starting numprocs=16 N=2000, M=2000 impl=allgather
12: Starting numprocs=16 N=2000, M=2000 impl=allgather
11: Starting numprocs=16 N=2000, M=2000 impl=allgather
4: Starting numprocs=16 N=2000, M=2000 impl=allgather
3: Starting numprocs=16 N=2000, M=2000 impl=allgather
time: 0.063364s
Iteration 1
time: 0.051412s
Iteration 2
time: 0.051778s
Iteration 3
time: 0.051449s
Iteration 4
time: 0.051571s
Iteration 5
time: 0.050984s
Iteration 6
time: 0.051746s
Iteration 7
time: 0.051069s
Iteration 8
time: 0.052276s
Iteration 9
time: 0.051739s
Iteration 10
time: 0.051512s
Iteration 11
time: 0.052211s
Iteration 12
time: 0.051511s
Iteration 13
time: 0.051673s
Iteration 14
time: 0.050999s
Iteration 15
time: 0.052264s
Iteration 16
time: 0.051113s
Iteration 17
time: 0.051050s
Iteration 18
time: 0.051832s
Iteration 19
time: 0.051900s
Iteration 20
time: 0.051630s
Iteration 21
time: 0.052089s
Iteration 22
time: 0.051096s
Iteration 23
time: 0.051048s
Iteration 24
time: 0.052535s
7: Starting numprocs=16 N=2000, M=2000 impl=allreduce
15: Starting numprocs=16 N=2000, M=2000 impl=allreduce
0: Starting numprocs=16 N=2000, M=2000 impl=allreduce
Iteration 0
10: Starting numprocs=16 N=2000, M=2000 impl=allreduce
9: Starting numprocs=16 N=2000, M=2000 impl=allreduce
6: Starting numprocs=16 N=2000, M=2000 impl=allreduce
1: Starting numprocs=16 N=2000, M=2000 impl=allreduce
13: Starting numprocs=16 N=2000, M=2000 impl=allreduce
2: Starting numprocs=16 N=2000, M=2000 impl=allreduce
14: Starting numprocs=16 N=2000, M=2000 impl=allreduce
4: Starting numprocs=16 N=2000, M=2000 impl=allreduce
8: Starting numprocs=16 N=2000, M=2000 impl=allreduce
12: Starting numprocs=16 N=2000, M=2000 impl=allreduce
5: Starting numprocs=16 N=2000, M=2000 impl=allreduce
3: Starting numprocs=16 N=2000, M=2000 impl=allreduce
11: Starting numprocs=16 N=2000, M=2000 impl=allreduce
time: 0.100295s
Iteration 1
time: 0.083725s
Iteration 2
time: 0.066958s
Iteration 3
time: 0.070164s
Iteration 4
time: 0.069685s
Iteration 5
time: 0.073518s
Iteration 6
time: 0.072315s
Iteration 7
time: 0.073775s
Iteration 8
time: 0.073064s
Iteration 9
time: 0.071224s
Iteration 10
time: 0.074349s
Iteration 11
time: 0.071051s
Iteration 12
time: 0.066447s
Iteration 13
time: 0.073507s
Iteration 14
time: 0.072559s
Iteration 15
time: 0.067716s
Iteration 16
time: 0.069109s
Iteration 17
time: 0.079655s
Iteration 18
time: 0.078120s
Iteration 19
time: 0.072154s
Iteration 20
time: 0.070800s
Iteration 21
time: 0.073567s
Iteration 22
time: 0.072296s
Iteration 23
time: 0.069262s
Iteration 24
time: 0.071197s
0: Starting numprocs=16 N=2000, M=2000 impl=allreduce-ring
Iteration 0
7: Starting numprocs=16 N=2000, M=2000 impl=allreduce-ring
10: Starting numprocs=16 N=2000, M=2000 impl=allreduce-ring
9: Starting numprocs=16 N=2000, M=2000 impl=allreduce-ring
1: Starting numprocs=16 N=2000, M=2000 impl=allreduce-ring
15: Starting numprocs=16 N=2000, M=2000 impl=allreduce-ring
13: Starting numprocs=16 N=2000, M=2000 impl=allreduce-ring
14: Starting numprocs=16 N=2000, M=2000 impl=allreduce-ring
5: Starting numprocs=16 N=2000, M=2000 impl=allreduce-ring
2: Starting numprocs=16 N=2000, M=2000 impl=allreduce-ring
6: Starting numprocs=16 N=2000, M=2000 impl=allreduce-ring
8: Starting numprocs=16 N=2000, M=2000 impl=allreduce-ring
4: Starting numprocs=16 N=2000, M=2000 impl=allreduce-ring
11: Starting numprocs=16 N=2000, M=2000 impl=allreduce-ring
3: Starting numprocs=16 N=2000, M=2000 impl=allreduce-ring
12: Starting numprocs=16 N=2000, M=2000 impl=allreduce-ring
time: 0.073433s
Iteration 1
time: 0.059391s
Iteration 2
time: 0.057875s
Iteration 3
time: 0.058963s
Iteration 4
time: 0.059348s
Iteration 5
time: 0.058664s
Iteration 6
time: 0.059051s
Iteration 7
time: 0.059407s
Iteration 8
time: 0.059985s
Iteration 9
time: 0.060204s
Iteration 10
time: 0.060773s
Iteration 11
time: 0.058111s
Iteration 12
time: 0.059622s
Iteration 13
time: 0.062148s
Iteration 14
time: 0.059726s
Iteration 15
time: 0.060760s
Iteration 16
time: 0.061334s
Iteration 17
time: 0.061453s
Iteration 18
time: 0.059917s
Iteration 19
time: 0.060692s
Iteration 20
time: 0.059301s
Iteration 21
time: 0.059586s
Iteration 22
time: 0.059170s
Iteration 23
time: 0.058555s
Iteration 24
time: 0.061347s
9: Starting numprocs=16 N=2000, M=2000 impl=g-rabenseifner-allgather
15: Starting numprocs=16 N=2000, M=2000 impl=g-rabenseifner-allgather
0: Starting numprocs=16 N=2000, M=2000 impl=g-rabenseifner-allgather
Iteration 0
10: Starting numprocs=16 N=2000, M=2000 impl=g-rabenseifner-allgather
1: Starting numprocs=16 N=2000, M=2000 impl=g-rabenseifner-allgather
2: Starting numprocs=16 N=2000, M=2000 impl=g-rabenseifner-allgather
6: Starting numprocs=16 N=2000, M=2000 impl=g-rabenseifner-allgather
14: Starting numprocs=16 N=2000, M=2000 impl=g-rabenseifner-allgather
8: Starting numprocs=16 N=2000, M=2000 impl=g-rabenseifner-allgather
13: Starting numprocs=16 N=2000, M=2000 impl=g-rabenseifner-allgather
7: Starting numprocs=16 N=2000, M=2000 impl=g-rabenseifner-allgather
5: Starting numprocs=16 N=2000, M=2000 impl=g-rabenseifner-allgather
4: Starting numprocs=16 N=2000, M=2000 impl=g-rabenseifner-allgather
11: Starting numprocs=16 N=2000, M=2000 impl=g-rabenseifner-allgather
12: Starting numprocs=16 N=2000, M=2000 impl=g-rabenseifner-allgather
3: Starting numprocs=16 N=2000, M=2000 impl=g-rabenseifner-allgather
time: 0.050287s
Iteration 1
time: 0.029348s
Iteration 2
time: 0.029612s
Iteration 3
time: 0.029827s
Iteration 4
time: 0.029840s
Iteration 5
time: 0.029334s
Iteration 6
time: 0.029692s
Iteration 7
time: 0.029638s
Iteration 8
time: 0.029630s
Iteration 9
time: 0.029679s
Iteration 10
time: 0.029758s
Iteration 11
time: 0.029542s
Iteration 12
time: 0.029758s
Iteration 13
time: 0.029848s
Iteration 14
time: 0.029440s
Iteration 15
time: 0.029240s
Iteration 16
time: 0.029271s
Iteration 17
time: 0.029222s
Iteration 18
time: 0.029996s
Iteration 19
time: 0.029235s
Iteration 20
time: 0.029273s
Iteration 21
time: 0.029492s
Iteration 22
time: 0.029878s
Iteration 23
time: 0.030058s
Iteration 24
time: 0.029704s
9: Starting numprocs=16 N=2000, M=2000 impl=g-rabenseifner-subgroup-2
10: Starting numprocs=16 N=2000, M=2000 impl=g-rabenseifner-subgroup-2
15: Starting numprocs=16 N=2000, M=2000 impl=g-rabenseifner-subgroup-2
0: Starting numprocs=16 N=2000, M=2000 impl=g-rabenseifner-subgroup-2
Iteration 0
6: Starting numprocs=16 N=2000, M=2000 impl=g-rabenseifner-subgroup-2
2: Starting numprocs=16 N=2000, M=2000 impl=g-rabenseifner-subgroup-2
14: Starting numprocs=16 N=2000, M=2000 impl=g-rabenseifner-subgroup-2
7: Starting numprocs=16 N=2000, M=2000 impl=g-rabenseifner-subgroup-2
13: Starting numprocs=16 N=2000, M=2000 impl=g-rabenseifner-subgroup-2
5: Starting numprocs=16 N=2000, M=2000 impl=g-rabenseifner-subgroup-2
1: Starting numprocs=16 N=2000, M=2000 impl=g-rabenseifner-subgroup-2
11: Starting numprocs=16 N=2000, M=2000 impl=g-rabenseifner-subgroup-2
8: Starting numprocs=16 N=2000, M=2000 impl=g-rabenseifner-subgroup-2
4: Starting numprocs=16 N=2000, M=2000 impl=g-rabenseifner-subgroup-2
3: Starting numprocs=16 N=2000, M=2000 impl=g-rabenseifner-subgroup-2
12: Starting numprocs=16 N=2000, M=2000 impl=g-rabenseifner-subgroup-2
time: 0.054122s
Iteration 1
time: 0.031268s
Iteration 2
time: 0.031658s
Iteration 3
time: 0.031041s
Iteration 4
time: 0.030978s
Iteration 5
time: 0.030995s
Iteration 6
time: 0.031509s
Iteration 7
time: 0.030589s
Iteration 8
time: 0.030875s
Iteration 9
time: 0.031540s
Iteration 10
time: 0.031095s
Iteration 11
time: 0.031237s
Iteration 12
time: 0.030680s
Iteration 13
time: 0.031330s
Iteration 14
time: 0.031130s
Iteration 15
time: 0.031157s
Iteration 16
time: 0.030771s
Iteration 17
time: 0.031078s
Iteration 18
time: 0.030678s
Iteration 19
time: 0.030865s
Iteration 20
time: 0.030856s
Iteration 21
time: 0.030920s
Iteration 22
time: 0.031192s
Iteration 23
time: 0.031419s
Iteration 24
time: 0.031163s
10: Starting numprocs=16 N=2000, M=2000 impl=g-rabenseifner-subgroup-4
9: Starting numprocs=16 N=2000, M=2000 impl=g-rabenseifner-subgroup-4
0: Starting numprocs=16 N=2000, M=2000 impl=g-rabenseifner-subgroup-4
Iteration 0
15: Starting numprocs=16 N=2000, M=2000 impl=g-rabenseifner-subgroup-4
14: Starting numprocs=16 N=2000, M=2000 impl=g-rabenseifner-subgroup-4
7: Starting numprocs=16 N=2000, M=2000 impl=g-rabenseifner-subgroup-4
2: Starting numprocs=16 N=2000, M=2000 impl=g-rabenseifner-subgroup-4
6: Starting numprocs=16 N=2000, M=2000 impl=g-rabenseifner-subgroup-4
1: Starting numprocs=16 N=2000, M=2000 impl=g-rabenseifner-subgroup-4
13: Starting numprocs=16 N=2000, M=2000 impl=g-rabenseifner-subgroup-4
5: Starting numprocs=16 N=2000, M=2000 impl=g-rabenseifner-subgroup-4
11: Starting numprocs=16 N=2000, M=2000 impl=g-rabenseifner-subgroup-4
4: Starting numprocs=16 N=2000, M=2000 impl=g-rabenseifner-subgroup-4
12: Starting numprocs=16 N=2000, M=2000 impl=g-rabenseifner-subgroup-4
8: Starting numprocs=16 N=2000, M=2000 impl=g-rabenseifner-subgroup-4
3: Starting numprocs=16 N=2000, M=2000 impl=g-rabenseifner-subgroup-4
time: 0.054772s
Iteration 1
time: 0.034065s
Iteration 2
time: 0.033736s
Iteration 3
time: 0.033781s
Iteration 4
time: 0.035178s
Iteration 5
time: 0.034452s
Iteration 6
time: 0.033688s
Iteration 7
time: 0.034618s
Iteration 8
time: 0.034538s
Iteration 9
time: 0.033796s
Iteration 10
time: 0.033896s
Iteration 11
time: 0.034263s
Iteration 12
time: 0.033679s
Iteration 13
time: 0.033671s
Iteration 14
time: 0.035122s
Iteration 15
time: 0.034938s
Iteration 16
time: 0.033628s
Iteration 17
time: 0.034330s
Iteration 18
time: 0.034430s
Iteration 19
time: 0.033570s
Iteration 20
time: 0.034903s
Iteration 21
time: 0.033638s
Iteration 22
time: 0.033724s
Iteration 23
time: 0.033623s
Iteration 24
time: 0.033506s
10: Starting numprocs=16 N=2000, M=2000 impl=g-rabenseifner-subgroup-8
9: Starting numprocs=16 N=2000, M=2000 impl=g-rabenseifner-subgroup-8
1: Starting numprocs=16 N=2000, M=2000 impl=g-rabenseifner-subgroup-8
7: Starting numprocs=16 N=2000, M=2000 impl=g-rabenseifner-subgroup-8
6: Starting numprocs=16 N=2000, M=2000 impl=g-rabenseifner-subgroup-8
15: Starting numprocs=16 N=2000, M=2000 impl=g-rabenseifner-subgroup-8
2: Starting numprocs=16 N=2000, M=2000 impl=g-rabenseifner-subgroup-8
0: Starting numprocs=16 N=2000, M=2000 impl=g-rabenseifner-subgroup-8
Iteration 0
14: Starting numprocs=16 N=2000, M=2000 impl=g-rabenseifner-subgroup-8
8: Starting numprocs=16 N=2000, M=2000 impl=g-rabenseifner-subgroup-8
13: Starting numprocs=16 N=2000, M=2000 impl=g-rabenseifner-subgroup-8
4: Starting numprocs=16 N=2000, M=2000 impl=g-rabenseifner-subgroup-8
5: Starting numprocs=16 N=2000, M=2000 impl=g-rabenseifner-subgroup-8
3: Starting numprocs=16 N=2000, M=2000 impl=g-rabenseifner-subgroup-8
11: Starting numprocs=16 N=2000, M=2000 impl=g-rabenseifner-subgroup-8
12: Starting numprocs=16 N=2000, M=2000 impl=g-rabenseifner-subgroup-8
time: 0.051407s
Iteration 1
time: 0.040211s
Iteration 2
time: 0.035894s
Iteration 3
time: 0.036554s
Iteration 4
time: 0.037132s
Iteration 5
time: 0.035998s
Iteration 6
time: 0.036626s
Iteration 7
time: 0.036410s
Iteration 8
time: 0.036874s
Iteration 9
time: 0.036303s
Iteration 10
time: 0.037346s
Iteration 11
time: 0.036246s
Iteration 12
time: 0.038331s
Iteration 13
time: 0.036152s
Iteration 14
time: 0.035966s
Iteration 15
time: 0.035851s
Iteration 16
time: 0.036165s
Iteration 17
time: 0.036049s
Iteration 18
time: 0.036942s
Iteration 19
time: 0.035996s
Iteration 20
time: 0.038741s
Iteration 21
time: 0.036235s
Iteration 22
time: 0.038009s
Iteration 23
time: 0.036197s
Iteration 24
time: 0.037645s
9: Starting numprocs=16 N=3000, M=3000 impl=allgather
15: Starting numprocs=16 N=3000, M=3000 impl=allgather
7: Starting numprocs=16 N=3000, M=3000 impl=allgather
0: Starting numprocs=16 N=3000, M=3000 impl=allgather
Iteration 0
10: Starting numprocs=16 N=3000, M=3000 impl=allgather
6: Starting numprocs=16 N=3000, M=3000 impl=allgather
1: Starting numprocs=16 N=3000, M=3000 impl=allgather
2: Starting numprocs=16 N=3000, M=3000 impl=allgather
14: Starting numprocs=16 N=3000, M=3000 impl=allgather
13: Starting numprocs=16 N=3000, M=3000 impl=allgather
8: Starting numprocs=16 N=3000, M=3000 impl=allgather
4: Starting numprocs=16 N=3000, M=3000 impl=allgather
11: Starting numprocs=16 N=3000, M=3000 impl=allgather
3: Starting numprocs=16 N=3000, M=3000 impl=allgather
12: Starting numprocs=16 N=3000, M=3000 impl=allgather
5: Starting numprocs=16 N=3000, M=3000 impl=allgather
time: 0.128606s
Iteration 1
time: 0.116486s
Iteration 2
time: 0.115472s
Iteration 3
time: 0.117266s
Iteration 4
time: 0.116002s
Iteration 5
time: 0.116497s
Iteration 6
time: 0.115846s
Iteration 7
time: 0.116378s
Iteration 8
time: 0.115516s
Iteration 9
time: 0.116524s
Iteration 10
time: 0.115336s
Iteration 11
time: 0.115581s
Iteration 12
time: 0.115050s
Iteration 13
time: 0.115795s
Iteration 14
time: 0.117528s
Iteration 15
time: 0.115609s
Iteration 16
time: 0.118244s
Iteration 17
time: 0.115629s
Iteration 18
time: 0.116358s
Iteration 19
time: 0.116004s
Iteration 20
time: 0.115964s
Iteration 21
time: 0.117200s
Iteration 22
time: 0.115913s
Iteration 23
time: 0.116737s
Iteration 24
time: 0.116914s
9: Starting numprocs=16 N=3000, M=3000 impl=allreduce
15: Starting numprocs=16 N=3000, M=3000 impl=allreduce
7: Starting numprocs=16 N=3000, M=3000 impl=allreduce
0: Starting numprocs=16 N=3000, M=3000 impl=allreduce
Iteration 0
10: Starting numprocs=16 N=3000, M=3000 impl=allreduce
2: Starting numprocs=16 N=3000, M=3000 impl=allreduce
1: Starting numprocs=16 N=3000, M=3000 impl=allreduce
6: Starting numprocs=16 N=3000, M=3000 impl=allreduce
13: Starting numprocs=16 N=3000, M=3000 impl=allreduce
14: Starting numprocs=16 N=3000, M=3000 impl=allreduce
5: Starting numprocs=16 N=3000, M=3000 impl=allreduce
11: Starting numprocs=16 N=3000, M=3000 impl=allreduce
8: Starting numprocs=16 N=3000, M=3000 impl=allreduce
3: Starting numprocs=16 N=3000, M=3000 impl=allreduce
4: Starting numprocs=16 N=3000, M=3000 impl=allreduce
12: Starting numprocs=16 N=3000, M=3000 impl=allreduce
time: 0.226075s
Iteration 1
time: 0.204497s
Iteration 2
time: 0.199279s
Iteration 3
time: 0.208798s
Iteration 4
time: 0.197751s
Iteration 5
time: 0.197149s
Iteration 6
time: 0.198870s
Iteration 7
time: 0.192621s
Iteration 8
time: 0.202013s
Iteration 9
time: 0.195893s
Iteration 10
time: 0.206359s
Iteration 11
time: 0.204743s
Iteration 12
time: 0.196601s
Iteration 13
time: 0.197930s
Iteration 14
time: 0.193431s
Iteration 15
time: 0.196927s
Iteration 16
time: 0.198354s
Iteration 17
time: 0.204105s
Iteration 18
time: 0.194218s
Iteration 19
time: 0.191031s
Iteration 20
time: 0.193948s
Iteration 21
time: 0.199073s
Iteration 22
time: 0.206998s
Iteration 23
time: 0.197359s
Iteration 24
time: 0.197804s
9: Starting numprocs=16 N=3000, M=3000 impl=allreduce-ring
15: Starting numprocs=16 N=3000, M=3000 impl=allreduce-ring
0: Starting numprocs=16 N=3000, M=3000 impl=allreduce-ring
Iteration 0
10: Starting numprocs=16 N=3000, M=3000 impl=allreduce-ring
6: Starting numprocs=16 N=3000, M=3000 impl=allreduce-ring
2: Starting numprocs=16 N=3000, M=3000 impl=allreduce-ring
1: Starting numprocs=16 N=3000, M=3000 impl=allreduce-ring
13: Starting numprocs=16 N=3000, M=3000 impl=allreduce-ring
7: Starting numprocs=16 N=3000, M=3000 impl=allreduce-ring
14: Starting numprocs=16 N=3000, M=3000 impl=allreduce-ring
11: Starting numprocs=16 N=3000, M=3000 impl=allreduce-ring
5: Starting numprocs=16 N=3000, M=3000 impl=allreduce-ring
8: Starting numprocs=16 N=3000, M=3000 impl=allreduce-ring
4: Starting numprocs=16 N=3000, M=3000 impl=allreduce-ring
12: Starting numprocs=16 N=3000, M=3000 impl=allreduce-ring
3: Starting numprocs=16 N=3000, M=3000 impl=allreduce-ring
time: 0.147808s
Iteration 1
time: 0.135315s
Iteration 2
time: 0.133145s
Iteration 3
time: 0.132464s
Iteration 4
time: 0.133097s
Iteration 5
time: 0.135120s
Iteration 6
time: 0.139008s
Iteration 7
time: 0.135909s
Iteration 8
time: 0.136953s
Iteration 9
time: 0.134020s
Iteration 10
time: 0.130164s
Iteration 11
time: 0.137695s
Iteration 12
time: 0.130432s
Iteration 13
time: 0.131086s
Iteration 14
time: 0.129025s
Iteration 15
time: 0.130217s
Iteration 16
time: 0.131835s
Iteration 17
time: 0.132983s
Iteration 18
time: 0.132006s
Iteration 19
time: 0.130091s
Iteration 20
time: 0.136500s
Iteration 21
time: 0.132325s
Iteration 22
time: 0.132583s
Iteration 23
time: 0.134741s
Iteration 24
time: 0.134370s
0: Starting numprocs=16 N=3000, M=3000 impl=g-rabenseifner-allgather
Iteration 0
15: Starting numprocs=16 N=3000, M=3000 impl=g-rabenseifner-allgather
9: Starting numprocs=16 N=3000, M=3000 impl=g-rabenseifner-allgather
10: Starting numprocs=16 N=3000, M=3000 impl=g-rabenseifner-allgather
6: Starting numprocs=16 N=3000, M=3000 impl=g-rabenseifner-allgather
1: Starting numprocs=16 N=3000, M=3000 impl=g-rabenseifner-allgather
2: Starting numprocs=16 N=3000, M=3000 impl=g-rabenseifner-allgather
7: Starting numprocs=16 N=3000, M=3000 impl=g-rabenseifner-allgather
13: Starting numprocs=16 N=3000, M=3000 impl=g-rabenseifner-allgather
14: Starting numprocs=16 N=3000, M=3000 impl=g-rabenseifner-allgather
4: Starting numprocs=16 N=3000, M=3000 impl=g-rabenseifner-allgather
5: Starting numprocs=16 N=3000, M=3000 impl=g-rabenseifner-allgather
12: Starting numprocs=16 N=3000, M=3000 impl=g-rabenseifner-allgather
3: Starting numprocs=16 N=3000, M=3000 impl=g-rabenseifner-allgather
8: Starting numprocs=16 N=3000, M=3000 impl=g-rabenseifner-allgather
11: Starting numprocs=16 N=3000, M=3000 impl=g-rabenseifner-allgather
time: 0.095777s
Iteration 1
time: 0.065855s
Iteration 2
time: 0.065709s
Iteration 3
time: 0.066675s
Iteration 4
time: 0.065892s
Iteration 5
time: 0.065785s
Iteration 6
time: 0.066087s
Iteration 7
time: 0.065603s
Iteration 8
time: 0.066757s
Iteration 9
time: 0.065854s
Iteration 10
time: 0.066799s
Iteration 11
time: 0.066478s
Iteration 12
time: 0.066179s
Iteration 13
time: 0.066432s
Iteration 14
time: 0.065903s
Iteration 15
time: 0.065511s
Iteration 16
time: 0.066256s
Iteration 17
time: 0.065702s
Iteration 18
time: 0.065616s
Iteration 19
time: 0.066397s
Iteration 20
time: 0.065538s
Iteration 21
time: 0.067043s
Iteration 22
time: 0.065569s
Iteration 23
time: 0.065666s
Iteration 24
time: 0.065398s
10: Starting numprocs=16 N=3000, M=3000 impl=g-rabenseifner-subgroup-2
9: Starting numprocs=16 N=3000, M=3000 impl=g-rabenseifner-subgroup-2
7: Starting numprocs=16 N=3000, M=3000 impl=g-rabenseifner-subgroup-2
1: Starting numprocs=16 N=3000, M=3000 impl=g-rabenseifner-subgroup-2
15: Starting numprocs=16 N=3000, M=3000 impl=g-rabenseifner-subgroup-2
0: Starting numprocs=16 N=3000, M=3000 impl=g-rabenseifner-subgroup-2
Iteration 0
6: Starting numprocs=16 N=3000, M=3000 impl=g-rabenseifner-subgroup-2
2: Starting numprocs=16 N=3000, M=3000 impl=g-rabenseifner-subgroup-2
13: Starting numprocs=16 N=3000, M=3000 impl=g-rabenseifner-subgroup-2
14: Starting numprocs=16 N=3000, M=3000 impl=g-rabenseifner-subgroup-2
4: Starting numprocs=16 N=3000, M=3000 impl=g-rabenseifner-subgroup-2
5: Starting numprocs=16 N=3000, M=3000 impl=g-rabenseifner-subgroup-2
8: Starting numprocs=16 N=3000, M=3000 impl=g-rabenseifner-subgroup-2
3: Starting numprocs=16 N=3000, M=3000 impl=g-rabenseifner-subgroup-2
12: Starting numprocs=16 N=3000, M=3000 impl=g-rabenseifner-subgroup-2
11: Starting numprocs=16 N=3000, M=3000 impl=g-rabenseifner-subgroup-2
time: 0.092462s
Iteration 1
time: 0.069766s
Iteration 2
time: 0.069562s
Iteration 3
time: 0.069489s
Iteration 4
time: 0.069310s
Iteration 5
time: 0.068805s
Iteration 6
time: 0.069347s
Iteration 7
time: 0.068961s
Iteration 8
time: 0.069270s
Iteration 9
time: 0.069252s
Iteration 10
time: 0.069137s
Iteration 11
time: 0.069107s
Iteration 12
time: 0.068375s
Iteration 13
time: 0.068924s
Iteration 14
time: 0.068559s
Iteration 15
time: 0.068576s
Iteration 16
time: 0.068820s
Iteration 17
time: 0.068198s
Iteration 18
time: 0.068575s
Iteration 19
time: 0.068737s
Iteration 20
time: 0.069118s
Iteration 21
time: 0.069156s
Iteration 22
time: 0.068727s
Iteration 23
time: 0.070098s
Iteration 24
time: 0.068228s
9: Starting numprocs=16 N=3000, M=3000 impl=g-rabenseifner-subgroup-4
10: Starting numprocs=16 N=3000, M=3000 impl=g-rabenseifner-subgroup-4
0: Starting numprocs=16 N=3000, M=3000 impl=g-rabenseifner-subgroup-4
Iteration 0
15: Starting numprocs=16 N=3000, M=3000 impl=g-rabenseifner-subgroup-4
1: Starting numprocs=16 N=3000, M=3000 impl=g-rabenseifner-subgroup-4
6: Starting numprocs=16 N=3000, M=3000 impl=g-rabenseifner-subgroup-4
7: Starting numprocs=16 N=3000, M=3000 impl=g-rabenseifner-subgroup-4
14: Starting numprocs=16 N=3000, M=3000 impl=g-rabenseifner-subgroup-4
2: Starting numprocs=16 N=3000, M=3000 impl=g-rabenseifner-subgroup-4
8: Starting numprocs=16 N=3000, M=3000 impl=g-rabenseifner-subgroup-4
13: Starting numprocs=16 N=3000, M=3000 impl=g-rabenseifner-subgroup-4
4: Starting numprocs=16 N=3000, M=3000 impl=g-rabenseifner-subgroup-4
5: Starting numprocs=16 N=3000, M=3000 impl=g-rabenseifner-subgroup-4
11: Starting numprocs=16 N=3000, M=3000 impl=g-rabenseifner-subgroup-4
3: Starting numprocs=16 N=3000, M=3000 impl=g-rabenseifner-subgroup-4
12: Starting numprocs=16 N=3000, M=3000 impl=g-rabenseifner-subgroup-4
time: 0.099840s
Iteration 1
time: 0.076486s
Iteration 2
time: 0.077257s
Iteration 3
time: 0.077052s
Iteration 4
time: 0.076202s
Iteration 5
time: 0.075905s
Iteration 6
time: 0.077001s
Iteration 7
time: 0.078993s
Iteration 8
time: 0.077953s
Iteration 9
time: 0.076334s
Iteration 10
time: 0.075574s
Iteration 11
time: 0.076677s
Iteration 12
time: 0.075046s
Iteration 13
time: 0.076059s
Iteration 14
time: 0.077326s
Iteration 15
time: 0.075916s
Iteration 16
time: 0.075772s
Iteration 17
time: 0.076539s
Iteration 18
time: 0.075475s
Iteration 19
time: 0.074547s
Iteration 20
time: 0.077661s
Iteration 21
time: 0.074104s
Iteration 22
time: 0.073557s
Iteration 23
time: 0.076083s
Iteration 24
time: 0.073712s
15: Starting numprocs=16 N=3000, M=3000 impl=g-rabenseifner-subgroup-8
9: Starting numprocs=16 N=3000, M=3000 impl=g-rabenseifner-subgroup-8
0: Starting numprocs=16 N=3000, M=3000 impl=g-rabenseifner-subgroup-8
Iteration 0
10: Starting numprocs=16 N=3000, M=3000 impl=g-rabenseifner-subgroup-8
7: Starting numprocs=16 N=3000, M=3000 impl=g-rabenseifner-subgroup-8
1: Starting numprocs=16 N=3000, M=3000 impl=g-rabenseifner-subgroup-8
2: Starting numprocs=16 N=3000, M=3000 impl=g-rabenseifner-subgroup-8
6: Starting numprocs=16 N=3000, M=3000 impl=g-rabenseifner-subgroup-8
8: Starting numprocs=16 N=3000, M=3000 impl=g-rabenseifner-subgroup-8
14: Starting numprocs=16 N=3000, M=3000 impl=g-rabenseifner-subgroup-8
13: Starting numprocs=16 N=3000, M=3000 impl=g-rabenseifner-subgroup-8
12: Starting numprocs=16 N=3000, M=3000 impl=g-rabenseifner-subgroup-8
5: Starting numprocs=16 N=3000, M=3000 impl=g-rabenseifner-subgroup-8
11: Starting numprocs=16 N=3000, M=3000 impl=g-rabenseifner-subgroup-8
4: Starting numprocs=16 N=3000, M=3000 impl=g-rabenseifner-subgroup-8
3: Starting numprocs=16 N=3000, M=3000 impl=g-rabenseifner-subgroup-8
time: 0.096913s
Iteration 1
time: 0.079763s
Iteration 2
time: 0.081722s
Iteration 3
time: 0.082533s
Iteration 4
time: 0.079158s
Iteration 5
time: 0.081764s
Iteration 6
time: 0.079822s
Iteration 7
time: 0.084837s
Iteration 8
time: 0.080379s
Iteration 9
time: 0.080728s
Iteration 10
time: 0.081713s
Iteration 11
time: 0.079325s
Iteration 12
time: 0.082283s
Iteration 13
time: 0.080832s
Iteration 14
time: 0.078824s
Iteration 15
time: 0.080340s
Iteration 16
time: 0.079746s
Iteration 17
time: 0.079008s
Iteration 18
time: 0.081581s
Iteration 19
time: 0.081729s
Iteration 20
time: 0.081454s
Iteration 21
time: 0.080628s
Iteration 22
time: 0.080091s
Iteration 23
time: 0.080982s
Iteration 24
time: 0.080520s
9: Starting numprocs=16 N=4000, M=4000 impl=allgather
15: Starting numprocs=16 N=4000, M=4000 impl=allgather
0: Starting numprocs=16 N=4000, M=4000 impl=allgather
Iteration 0
1: Starting numprocs=16 N=4000, M=4000 impl=allgather
6: Starting numprocs=16 N=4000, M=4000 impl=allgather
2: Starting numprocs=16 N=4000, M=4000 impl=allgather
10: Starting numprocs=16 N=4000, M=4000 impl=allgather
7: Starting numprocs=16 N=4000, M=4000 impl=allgather
8: Starting numprocs=16 N=4000, M=4000 impl=allgather
13: Starting numprocs=16 N=4000, M=4000 impl=allgather
5: Starting numprocs=16 N=4000, M=4000 impl=allgather
14: Starting numprocs=16 N=4000, M=4000 impl=allgather
11: Starting numprocs=16 N=4000, M=4000 impl=allgather
4: Starting numprocs=16 N=4000, M=4000 impl=allgather
12: Starting numprocs=16 N=4000, M=4000 impl=allgather
3: Starting numprocs=16 N=4000, M=4000 impl=allgather
time: 0.256276s
Iteration 1
time: 0.225126s
Iteration 2
time: 0.225155s
Iteration 3
time: 0.223610s
Iteration 4
time: 0.224595s
Iteration 5
time: 0.224042s
Iteration 6
time: 0.223416s
Iteration 7
time: 0.224424s
Iteration 8
time: 0.223606s
Iteration 9
time: 0.223822s
Iteration 10
time: 0.223423s
Iteration 11
time: 0.224165s
Iteration 12
time: 0.223655s
Iteration 13
time: 0.223151s
Iteration 14
time: 0.223640s
Iteration 15
time: 0.222236s
Iteration 16
time: 0.220726s
Iteration 17
time: 0.222407s
Iteration 18
time: 0.221426s
Iteration 19
time: 0.223937s
Iteration 20
time: 0.224698s
Iteration 21
time: 0.224660s
Iteration 22
time: 0.223650s
Iteration 23
time: 0.225250s
Iteration 24
time: 0.226225s
0: Starting numprocs=16 N=4000, M=4000 impl=allreduce
Iteration 0
7: Starting numprocs=16 N=4000, M=4000 impl=allreduce
10: Starting numprocs=16 N=4000, M=4000 impl=allreduce
9: Starting numprocs=16 N=4000, M=4000 impl=allreduce
15: Starting numprocs=16 N=4000, M=4000 impl=allreduce
2: Starting numprocs=16 N=4000, M=4000 impl=allreduce
6: Starting numprocs=16 N=4000, M=4000 impl=allreduce
14: Starting numprocs=16 N=4000, M=4000 impl=allreduce
5: Starting numprocs=16 N=4000, M=4000 impl=allreduce
13: Starting numprocs=16 N=4000, M=4000 impl=allreduce
4: Starting numprocs=16 N=4000, M=4000 impl=allreduce
1: Starting numprocs=16 N=4000, M=4000 impl=allreduce
11: Starting numprocs=16 N=4000, M=4000 impl=allreduce
8: Starting numprocs=16 N=4000, M=4000 impl=allreduce
12: Starting numprocs=16 N=4000, M=4000 impl=allreduce
3: Starting numprocs=16 N=4000, M=4000 impl=allreduce
time: 0.418972s
Iteration 1
time: 0.355326s
Iteration 2
time: 0.356833s
Iteration 3
time: 0.361303s
Iteration 4
time: 0.373520s
Iteration 5
time: 0.360274s
Iteration 6
time: 0.364943s
Iteration 7
time: 0.368292s
Iteration 8
time: 0.354764s
Iteration 9
time: 0.353255s
Iteration 10
time: 0.350051s
Iteration 11
time: 0.368696s
Iteration 12
time: 0.354025s
Iteration 13
time: 0.345210s
Iteration 14
time: 0.343966s
Iteration 15
time: 0.350251s
Iteration 16
time: 0.344702s
Iteration 17
time: 0.351623s
Iteration 18
time: 0.352273s
Iteration 19
time: 0.362560s
Iteration 20
time: 0.356312s
Iteration 21
time: 0.349538s
Iteration 22
time: 0.350523s
Iteration 23
time: 0.356548s
Iteration 24
time: 0.348610s
0: Starting numprocs=16 N=4000, M=4000 impl=allreduce-ring
Iteration 0
9: Starting numprocs=16 N=4000, M=4000 impl=allreduce-ring
15: Starting numprocs=16 N=4000, M=4000 impl=allreduce-ring
7: Starting numprocs=16 N=4000, M=4000 impl=allreduce-ring
10: Starting numprocs=16 N=4000, M=4000 impl=allreduce-ring
6: Starting numprocs=16 N=4000, M=4000 impl=allreduce-ring
2: Starting numprocs=16 N=4000, M=4000 impl=allreduce-ring
13: Starting numprocs=16 N=4000, M=4000 impl=allreduce-ring
8: Starting numprocs=16 N=4000, M=4000 impl=allreduce-ring
5: Starting numprocs=16 N=4000, M=4000 impl=allreduce-ring
14: Starting numprocs=16 N=4000, M=4000 impl=allreduce-ring
4: Starting numprocs=16 N=4000, M=4000 impl=allreduce-ring
1: Starting numprocs=16 N=4000, M=4000 impl=allreduce-ring
11: Starting numprocs=16 N=4000, M=4000 impl=allreduce-ring
3: Starting numprocs=16 N=4000, M=4000 impl=allreduce-ring
12: Starting numprocs=16 N=4000, M=4000 impl=allreduce-ring
time: 0.276481s
Iteration 1
time: 0.237917s
Iteration 2
time: 0.243028s
Iteration 3
time: 0.239191s
Iteration 4
time: 0.241615s
Iteration 5
time: 0.241227s
Iteration 6
time: 0.249961s
Iteration 7
time: 0.238681s
Iteration 8
time: 0.239243s
Iteration 9
time: 0.243263s
Iteration 10
time: 0.238890s
Iteration 11
time: 0.256629s
Iteration 12
time: 0.246043s
Iteration 13
time: 0.244515s
Iteration 14
time: 0.244002s
Iteration 15
time: 0.239709s
Iteration 16
time: 0.234771s
Iteration 17
time: 0.239518s
Iteration 18
time: 0.236859s
Iteration 19
time: 0.241572s
Iteration 20
time: 0.231682s
Iteration 21
time: 0.242247s
Iteration 22
time: 0.248353s
Iteration 23
time: 0.251152s
Iteration 24
time: 0.238521s
7: Starting numprocs=16 N=4000, M=4000 impl=g-rabenseifner-allgather
10: Starting numprocs=16 N=4000, M=4000 impl=g-rabenseifner-allgather
0: Starting numprocs=16 N=4000, M=4000 impl=g-rabenseifner-allgather
Iteration 0
9: Starting numprocs=16 N=4000, M=4000 impl=g-rabenseifner-allgather
6: Starting numprocs=16 N=4000, M=4000 impl=g-rabenseifner-allgather
15: Starting numprocs=16 N=4000, M=4000 impl=g-rabenseifner-allgather
2: Starting numprocs=16 N=4000, M=4000 impl=g-rabenseifner-allgather
5: Starting numprocs=16 N=4000, M=4000 impl=g-rabenseifner-allgather
13: Starting numprocs=16 N=4000, M=4000 impl=g-rabenseifner-allgather
8: Starting numprocs=16 N=4000, M=4000 impl=g-rabenseifner-allgather
14: Starting numprocs=16 N=4000, M=4000 impl=g-rabenseifner-allgather
1: Starting numprocs=16 N=4000, M=4000 impl=g-rabenseifner-allgather
4: Starting numprocs=16 N=4000, M=4000 impl=g-rabenseifner-allgather
11: Starting numprocs=16 N=4000, M=4000 impl=g-rabenseifner-allgather
12: Starting numprocs=16 N=4000, M=4000 impl=g-rabenseifner-allgather
3: Starting numprocs=16 N=4000, M=4000 impl=g-rabenseifner-allgather
time: 0.142368s
Iteration 1
time: 0.116443s
Iteration 2
time: 0.115256s
Iteration 3
time: 0.116759s
Iteration 4
time: 0.115508s
Iteration 5
time: 0.115300s
Iteration 6
time: 0.115684s
Iteration 7
time: 0.116130s
Iteration 8
time: 0.116654s
Iteration 9
time: 0.116352s
Iteration 10
time: 0.115348s
Iteration 11
time: 0.116175s
Iteration 12
time: 0.115799s
Iteration 13
time: 0.116239s
Iteration 14
time: 0.115417s
Iteration 15
time: 0.115204s
Iteration 16
time: 0.116106s
Iteration 17
time: 0.115114s
Iteration 18
time: 0.116858s
Iteration 19
time: 0.115195s
Iteration 20
time: 0.115484s
Iteration 21
time: 0.115508s
Iteration 22
time: 0.115196s
Iteration 23
time: 0.115753s
Iteration 24
time: 0.115423s
0: Starting numprocs=16 N=4000, M=4000 impl=g-rabenseifner-subgroup-2
Iteration 0
9: Starting numprocs=16 N=4000, M=4000 impl=g-rabenseifner-subgroup-2
7: Starting numprocs=16 N=4000, M=4000 impl=g-rabenseifner-subgroup-2
10: Starting numprocs=16 N=4000, M=4000 impl=g-rabenseifner-subgroup-2
15: Starting numprocs=16 N=4000, M=4000 impl=g-rabenseifner-subgroup-2
2: Starting numprocs=16 N=4000, M=4000 impl=g-rabenseifner-subgroup-2
8: Starting numprocs=16 N=4000, M=4000 impl=g-rabenseifner-subgroup-2
5: Starting numprocs=16 N=4000, M=4000 impl=g-rabenseifner-subgroup-2
14: Starting numprocs=16 N=4000, M=4000 impl=g-rabenseifner-subgroup-2
13: Starting numprocs=16 N=4000, M=4000 impl=g-rabenseifner-subgroup-2
4: Starting numprocs=16 N=4000, M=4000 impl=g-rabenseifner-subgroup-2
6: Starting numprocs=16 N=4000, M=4000 impl=g-rabenseifner-subgroup-2
1: Starting numprocs=16 N=4000, M=4000 impl=g-rabenseifner-subgroup-2
11: Starting numprocs=16 N=4000, M=4000 impl=g-rabenseifner-subgroup-2
3: Starting numprocs=16 N=4000, M=4000 impl=g-rabenseifner-subgroup-2
12: Starting numprocs=16 N=4000, M=4000 impl=g-rabenseifner-subgroup-2
time: 0.161547s
Iteration 1
time: 0.121840s
Iteration 2
time: 0.121472s
Iteration 3
time: 0.121900s
Iteration 4
time: 0.121399s
Iteration 5
time: 0.122495s
Iteration 6
time: 0.121569s
Iteration 7
time: 0.123414s
Iteration 8
time: 0.122061s
Iteration 9
time: 0.120268s
Iteration 10
time: 0.121255s
Iteration 11
time: 0.121122s
Iteration 12
time: 0.121287s
Iteration 13
time: 0.120726s
Iteration 14
time: 0.121961s
Iteration 15
time: 0.121266s
Iteration 16
time: 0.121743s
Iteration 17
time: 0.121741s
Iteration 18
time: 0.120972s
Iteration 19
time: 0.120767s
Iteration 20
time: 0.121242s
Iteration 21
time: 0.120640s
Iteration 22
time: 0.120996s
Iteration 23
time: 0.120070s
Iteration 24
time: 0.120279s
0: Starting numprocs=16 N=4000, M=4000 impl=g-rabenseifner-subgroup-4
Iteration 0
9: Starting numprocs=16 N=4000, M=4000 impl=g-rabenseifner-subgroup-4
6: Starting numprocs=16 N=4000, M=4000 impl=g-rabenseifner-subgroup-4
10: Starting numprocs=16 N=4000, M=4000 impl=g-rabenseifner-subgroup-4
15: Starting numprocs=16 N=4000, M=4000 impl=g-rabenseifner-subgroup-4
7: Starting numprocs=16 N=4000, M=4000 impl=g-rabenseifner-subgroup-4
2: Starting numprocs=16 N=4000, M=4000 impl=g-rabenseifner-subgroup-4
8: Starting numprocs=16 N=4000, M=4000 impl=g-rabenseifner-subgroup-4
14: Starting numprocs=16 N=4000, M=4000 impl=g-rabenseifner-subgroup-4
5: Starting numprocs=16 N=4000, M=4000 impl=g-rabenseifner-subgroup-4
13: Starting numprocs=16 N=4000, M=4000 impl=g-rabenseifner-subgroup-4
11: Starting numprocs=16 N=4000, M=4000 impl=g-rabenseifner-subgroup-4
4: Starting numprocs=16 N=4000, M=4000 impl=g-rabenseifner-subgroup-4
12: Starting numprocs=16 N=4000, M=4000 impl=g-rabenseifner-subgroup-4
3: Starting numprocs=16 N=4000, M=4000 impl=g-rabenseifner-subgroup-4
1: Starting numprocs=16 N=4000, M=4000 impl=g-rabenseifner-subgroup-4
time: 0.167899s
Iteration 1
time: 0.137412s
Iteration 2
time: 0.135960s
Iteration 3
time: 0.135742s
Iteration 4
time: 0.135799s
Iteration 5
time: 0.134247s
Iteration 6
time: 0.137465s
Iteration 7
time: 0.134906s
Iteration 8
time: 0.135525s
Iteration 9
time: 0.134521s
Iteration 10
time: 0.133286s
Iteration 11
time: 0.133435s
Iteration 12
time: 0.134757s
Iteration 13
time: 0.133582s
Iteration 14
time: 0.133832s
Iteration 15
time: 0.132423s
Iteration 16
time: 0.135353s
Iteration 17
time: 0.143424s
Iteration 18
time: 0.134115s
Iteration 19
time: 0.142080s
Iteration 20
time: 0.133925s
Iteration 21
time: 0.142052s
Iteration 22
time: 0.133944s
Iteration 23
time: 0.143569s
Iteration 24
time: 0.135737s
9: Starting numprocs=16 N=4000, M=4000 impl=g-rabenseifner-subgroup-8
10: Starting numprocs=16 N=4000, M=4000 impl=g-rabenseifner-subgroup-8
6: Starting numprocs=16 N=4000, M=4000 impl=g-rabenseifner-subgroup-8
7: Starting numprocs=16 N=4000, M=4000 impl=g-rabenseifner-subgroup-8
15: Starting numprocs=16 N=4000, M=4000 impl=g-rabenseifner-subgroup-8
0: Starting numprocs=16 N=4000, M=4000 impl=g-rabenseifner-subgroup-8
Iteration 0
2: Starting numprocs=16 N=4000, M=4000 impl=g-rabenseifner-subgroup-8
14: Starting numprocs=16 N=4000, M=4000 impl=g-rabenseifner-subgroup-8
8: Starting numprocs=16 N=4000, M=4000 impl=g-rabenseifner-subgroup-8
5: Starting numprocs=16 N=4000, M=4000 impl=g-rabenseifner-subgroup-8
13: Starting numprocs=16 N=4000, M=4000 impl=g-rabenseifner-subgroup-8
4: Starting numprocs=16 N=4000, M=4000 impl=g-rabenseifner-subgroup-8
11: Starting numprocs=16 N=4000, M=4000 impl=g-rabenseifner-subgroup-8
12: Starting numprocs=16 N=4000, M=4000 impl=g-rabenseifner-subgroup-8
3: Starting numprocs=16 N=4000, M=4000 impl=g-rabenseifner-subgroup-8
1: Starting numprocs=16 N=4000, M=4000 impl=g-rabenseifner-subgroup-8
time: 0.180186s
Iteration 1
time: 0.154833s
Iteration 2
time: 0.147692s
Iteration 3
time: 0.141966s
Iteration 4
time: 0.142476s
Iteration 5
time: 0.142800s
Iteration 6
time: 0.139509s
Iteration 7
time: 0.145540s
Iteration 8
time: 0.142036s
Iteration 9
time: 0.139510s
Iteration 10
time: 0.140617s
Iteration 11
time: 0.142338s
Iteration 12
time: 0.140516s
Iteration 13
time: 0.141006s
Iteration 14
time: 0.140810s
Iteration 15
time: 0.141728s
Iteration 16
time: 0.142488s
Iteration 17
time: 0.141907s
Iteration 18
time: 0.143017s
Iteration 19
time: 0.142824s
Iteration 20
time: 0.142128s
Iteration 21
time: 0.141985s
Iteration 22
time: 0.146258s
Iteration 23
time: 0.145655s
Iteration 24
time: 0.147937s
0: Starting numprocs=16 N=5000, M=5000 impl=allgather
Iteration 0
7: Starting numprocs=16 N=5000, M=5000 impl=allgather
9: Starting numprocs=16 N=5000, M=5000 impl=allgather
10: Starting numprocs=16 N=5000, M=5000 impl=allgather
6: Starting numprocs=16 N=5000, M=5000 impl=allgather
15: Starting numprocs=16 N=5000, M=5000 impl=allgather
2: Starting numprocs=16 N=5000, M=5000 impl=allgather
14: Starting numprocs=16 N=5000, M=5000 impl=allgather
13: Starting numprocs=16 N=5000, M=5000 impl=allgather
5: Starting numprocs=16 N=5000, M=5000 impl=allgather
4: Starting numprocs=16 N=5000, M=5000 impl=allgather
11: Starting numprocs=16 N=5000, M=5000 impl=allgather
8: Starting numprocs=16 N=5000, M=5000 impl=allgather
3: Starting numprocs=16 N=5000, M=5000 impl=allgather
1: Starting numprocs=16 N=5000, M=5000 impl=allgather
12: Starting numprocs=16 N=5000, M=5000 impl=allgather
time: 0.401010s
Iteration 1
time: 0.392332s
Iteration 2
time: 0.391979s
Iteration 3
time: 0.393262s
Iteration 4
time: 0.391481s
Iteration 5
time: 0.391970s
Iteration 6
time: 0.391982s
Iteration 7
time: 0.391043s
Iteration 8
time: 0.393288s
Iteration 9
time: 0.391717s
Iteration 10
time: 0.391616s
Iteration 11
time: 0.392213s
Iteration 12
time: 0.393352s
Iteration 13
time: 0.391022s
Iteration 14
time: 0.396058s
Iteration 15
time: 0.391358s
Iteration 16
time: 0.393272s
Iteration 17
time: 0.397451s
Iteration 18
time: 0.393191s
Iteration 19
time: 0.391710s
Iteration 20
time: 0.395757s
Iteration 21
time: 0.393325s
Iteration 22
time: 0.390838s
Iteration 23
time: 0.391514s
Iteration 24
time: 0.391072s
9: Starting numprocs=16 N=5000, M=5000 impl=allreduce
7: Starting numprocs=16 N=5000, M=5000 impl=allreduce
10: Starting numprocs=16 N=5000, M=5000 impl=allreduce
0: Starting numprocs=16 N=5000, M=5000 impl=allreduce
Iteration 0
6: Starting numprocs=16 N=5000, M=5000 impl=allreduce
15: Starting numprocs=16 N=5000, M=5000 impl=allreduce
2: Starting numprocs=16 N=5000, M=5000 impl=allreduce
14: Starting numprocs=16 N=5000, M=5000 impl=allreduce
8: Starting numprocs=16 N=5000, M=5000 impl=allreduce
13: Starting numprocs=16 N=5000, M=5000 impl=allreduce
5: Starting numprocs=16 N=5000, M=5000 impl=allreduce
1: Starting numprocs=16 N=5000, M=5000 impl=allreduce
11: Starting numprocs=16 N=5000, M=5000 impl=allreduce
4: Starting numprocs=16 N=5000, M=5000 impl=allreduce
12: Starting numprocs=16 N=5000, M=5000 impl=allreduce
3: Starting numprocs=16 N=5000, M=5000 impl=allreduce
time: 0.625999s
Iteration 1
time: 0.578139s
Iteration 2
time: 0.556822s
Iteration 3
time: 0.542319s
Iteration 4
time: 0.584664s
Iteration 5
time: 0.594995s
Iteration 6
time: 0.542557s
Iteration 7
time: 0.574323s
Iteration 8
time: 0.536162s
Iteration 9
time: 0.558280s
Iteration 10
time: 2.269148s
Iteration 11
time: 0.570761s
Iteration 12
time: 0.545576s
Iteration 13
time: 0.554767s
Iteration 14
time: 0.566288s
Iteration 15
time: 0.550111s
Iteration 16
time: 0.547063s
Iteration 17
time: 0.548391s
Iteration 18
time: 0.554599s
Iteration 19
time: 0.547371s
Iteration 20
time: 0.551963s
Iteration 21
time: 2.422884s
Iteration 22
time: 0.553075s
Iteration 23
time: 0.574755s
Iteration 24
time: 0.570090s
0: Starting numprocs=16 N=5000, M=5000 impl=allreduce-ring
Iteration 0
7: Starting numprocs=16 N=5000, M=5000 impl=allreduce-ring
9: Starting numprocs=16 N=5000, M=5000 impl=allreduce-ring
10: Starting numprocs=16 N=5000, M=5000 impl=allreduce-ring
6: Starting numprocs=16 N=5000, M=5000 impl=allreduce-ring
15: Starting numprocs=16 N=5000, M=5000 impl=allreduce-ring
2: Starting numprocs=16 N=5000, M=5000 impl=allreduce-ring
14: Starting numprocs=16 N=5000, M=5000 impl=allreduce-ring
4: Starting numprocs=16 N=5000, M=5000 impl=allreduce-ring
13: Starting numprocs=16 N=5000, M=5000 impl=allreduce-ring
1: Starting numprocs=16 N=5000, M=5000 impl=allreduce-ring
5: Starting numprocs=16 N=5000, M=5000 impl=allreduce-ring
11: Starting numprocs=16 N=5000, M=5000 impl=allreduce-ring
12: Starting numprocs=16 N=5000, M=5000 impl=allreduce-ring
3: Starting numprocs=16 N=5000, M=5000 impl=allreduce-ring
8: Starting numprocs=16 N=5000, M=5000 impl=allreduce-ring
time: 0.422221s
Iteration 1
time: 0.375756s
Iteration 2
time: 0.373135s
Iteration 3
time: 0.368415s
Iteration 4
time: 0.378403s
Iteration 5
time: 0.367741s
Iteration 6
time: 0.383796s
Iteration 7
time: 0.380735s
Iteration 8
time: 0.390031s
Iteration 9
time: 0.380993s
Iteration 10
time: 0.378219s
Iteration 11
time: 0.376592s
Iteration 12
time: 0.394422s
Iteration 13
time: 0.377766s
Iteration 14
time: 0.381180s
Iteration 15
time: 0.390874s
Iteration 16
time: 0.375447s
Iteration 17
time: 0.378718s
Iteration 18
time: 0.377751s
Iteration 19
time: 0.375733s
Iteration 20
time: 0.374768s
Iteration 21
time: 0.384207s
Iteration 22
time: 0.389454s
Iteration 23
time: 0.374398s
Iteration 24
time: 0.393956s
0: Starting numprocs=16 N=5000, M=5000 impl=g-rabenseifner-allgather
Iteration 0
9: Starting numprocs=16 N=5000, M=5000 impl=g-rabenseifner-allgather
7: Starting numprocs=16 N=5000, M=5000 impl=g-rabenseifner-allgather
10: Starting numprocs=16 N=5000, M=5000 impl=g-rabenseifner-allgather
15: Starting numprocs=16 N=5000, M=5000 impl=g-rabenseifner-allgather
1: Starting numprocs=16 N=5000, M=5000 impl=g-rabenseifner-allgather
2: Starting numprocs=16 N=5000, M=5000 impl=g-rabenseifner-allgather
14: Starting numprocs=16 N=5000, M=5000 impl=g-rabenseifner-allgather
6: Starting numprocs=16 N=5000, M=5000 impl=g-rabenseifner-allgather
13: Starting numprocs=16 N=5000, M=5000 impl=g-rabenseifner-allgather
5: Starting numprocs=16 N=5000, M=5000 impl=g-rabenseifner-allgather
11: Starting numprocs=16 N=5000, M=5000 impl=g-rabenseifner-allgather
8: Starting numprocs=16 N=5000, M=5000 impl=g-rabenseifner-allgather
12: Starting numprocs=16 N=5000, M=5000 impl=g-rabenseifner-allgather
4: Starting numprocs=16 N=5000, M=5000 impl=g-rabenseifner-allgather
3: Starting numprocs=16 N=5000, M=5000 impl=g-rabenseifner-allgather
time: 0.213496s
Iteration 1
time: 0.180146s
Iteration 2
time: 0.180287s
Iteration 3
time: 0.181096s
Iteration 4
time: 0.181875s
Iteration 5
time: 0.180174s
Iteration 6
time: 0.179590s
Iteration 7
time: 0.179924s
Iteration 8
time: 0.179765s
Iteration 9
time: 0.181204s
Iteration 10
time: 0.180973s
Iteration 11
time: 0.183716s
Iteration 12
time: 0.180053s
Iteration 13
time: 0.180831s
Iteration 14
time: 0.180769s
Iteration 15
time: 0.180453s
Iteration 16
time: 0.180551s
Iteration 17
time: 0.180723s
Iteration 18
time: 0.180571s
Iteration 19
time: 0.181114s
Iteration 20
time: 0.181306s
Iteration 21
time: 0.181496s
Iteration 22
time: 0.181315s
Iteration 23
time: 0.180037s
Iteration 24
time: 0.181249s
7: Starting numprocs=16 N=5000, M=5000 impl=g-rabenseifner-subgroup-2
0: Starting numprocs=16 N=5000, M=5000 impl=g-rabenseifner-subgroup-2
Iteration 0
1: Starting numprocs=16 N=5000, M=5000 impl=g-rabenseifner-subgroup-2
9: Starting numprocs=16 N=5000, M=5000 impl=g-rabenseifner-subgroup-2
10: Starting numprocs=16 N=5000, M=5000 impl=g-rabenseifner-subgroup-2
15: Starting numprocs=16 N=5000, M=5000 impl=g-rabenseifner-subgroup-2
6: Starting numprocs=16 N=5000, M=5000 impl=g-rabenseifner-subgroup-2
2: Starting numprocs=16 N=5000, M=5000 impl=g-rabenseifner-subgroup-2
14: Starting numprocs=16 N=5000, M=5000 impl=g-rabenseifner-subgroup-2
13: Starting numprocs=16 N=5000, M=5000 impl=g-rabenseifner-subgroup-2
11: Starting numprocs=16 N=5000, M=5000 impl=g-rabenseifner-subgroup-2
5: Starting numprocs=16 N=5000, M=5000 impl=g-rabenseifner-subgroup-2
4: Starting numprocs=16 N=5000, M=5000 impl=g-rabenseifner-subgroup-2
8: Starting numprocs=16 N=5000, M=5000 impl=g-rabenseifner-subgroup-2
12: Starting numprocs=16 N=5000, M=5000 impl=g-rabenseifner-subgroup-2
3: Starting numprocs=16 N=5000, M=5000 impl=g-rabenseifner-subgroup-2
time: 0.228068s
Iteration 1
time: 0.188311s
Iteration 2
time: 0.187918s
Iteration 3
time: 0.188261s
Iteration 4
time: 0.188615s
Iteration 5
time: 0.190980s
Iteration 6
time: 0.189531s
Iteration 7
time: 0.190781s
Iteration 8
time: 0.188961s
Iteration 9
time: 0.191606s
Iteration 10
time: 0.188252s
Iteration 11
time: 0.186917s
Iteration 12
time: 0.187345s
Iteration 13
time: 0.187578s
Iteration 14
time: 0.187595s
Iteration 15
time: 0.186893s
Iteration 16
time: 0.186580s
Iteration 17
time: 0.186964s
Iteration 18
time: 0.187972s
Iteration 19
time: 0.188988s
Iteration 20
time: 0.188286s
Iteration 21
time: 0.188446s
Iteration 22
time: 0.187242s
Iteration 23
time: 0.187805s
Iteration 24
time: 0.191950s
9: Starting numprocs=16 N=5000, M=5000 impl=g-rabenseifner-subgroup-4
0: Starting numprocs=16 N=5000, M=5000 impl=g-rabenseifner-subgroup-4
Iteration 0
7: Starting numprocs=16 N=5000, M=5000 impl=g-rabenseifner-subgroup-4
1: Starting numprocs=16 N=5000, M=5000 impl=g-rabenseifner-subgroup-4
10: Starting numprocs=16 N=5000, M=5000 impl=g-rabenseifner-subgroup-4
6: Starting numprocs=16 N=5000, M=5000 impl=g-rabenseifner-subgroup-4
2: Starting numprocs=16 N=5000, M=5000 impl=g-rabenseifner-subgroup-4
15: Starting numprocs=16 N=5000, M=5000 impl=g-rabenseifner-subgroup-4
14: Starting numprocs=16 N=5000, M=5000 impl=g-rabenseifner-subgroup-4
8: Starting numprocs=16 N=5000, M=5000 impl=g-rabenseifner-subgroup-4
5: Starting numprocs=16 N=5000, M=5000 impl=g-rabenseifner-subgroup-4
4: Starting numprocs=16 N=5000, M=5000 impl=g-rabenseifner-subgroup-4
13: Starting numprocs=16 N=5000, M=5000 impl=g-rabenseifner-subgroup-4
11: Starting numprocs=16 N=5000, M=5000 impl=g-rabenseifner-subgroup-4
3: Starting numprocs=16 N=5000, M=5000 impl=g-rabenseifner-subgroup-4
12: Starting numprocs=16 N=5000, M=5000 impl=g-rabenseifner-subgroup-4
time: 0.246901s
Iteration 1
time: 0.208642s
Iteration 2
time: 0.209779s
Iteration 3
time: 0.210119s
Iteration 4
time: 0.212070s
Iteration 5
time: 0.209578s
Iteration 6
time: 0.212031s
Iteration 7
time: 0.212719s
Iteration 8
time: 0.211689s
Iteration 9
time: 0.208087s
Iteration 10
time: 0.209410s
Iteration 11
time: 0.209439s
Iteration 12
time: 0.206848s
Iteration 13
time: 0.207764s
Iteration 14
time: 0.211302s
Iteration 15
time: 0.211599s
Iteration 16
time: 0.213157s
Iteration 17
time: 0.211459s
Iteration 18
time: 0.210823s
Iteration 19
time: 0.213141s
Iteration 20
time: 0.212207s
Iteration 21
time: 0.212274s
Iteration 22
time: 0.216456s
Iteration 23
time: 0.215363s
Iteration 24
time: 0.209395s
0: Starting numprocs=16 N=5000, M=5000 impl=g-rabenseifner-subgroup-8
Iteration 0
9: Starting numprocs=16 N=5000, M=5000 impl=g-rabenseifner-subgroup-8
7: Starting numprocs=16 N=5000, M=5000 impl=g-rabenseifner-subgroup-8
6: Starting numprocs=16 N=5000, M=5000 impl=g-rabenseifner-subgroup-8
10: Starting numprocs=16 N=5000, M=5000 impl=g-rabenseifner-subgroup-8
15: Starting numprocs=16 N=5000, M=5000 impl=g-rabenseifner-subgroup-8
2: Starting numprocs=16 N=5000, M=5000 impl=g-rabenseifner-subgroup-8
1: Starting numprocs=16 N=5000, M=5000 impl=g-rabenseifner-subgroup-8
14: Starting numprocs=16 N=5000, M=5000 impl=g-rabenseifner-subgroup-8
5: Starting numprocs=16 N=5000, M=5000 impl=g-rabenseifner-subgroup-8
13: Starting numprocs=16 N=5000, M=5000 impl=g-rabenseifner-subgroup-8
8: Starting numprocs=16 N=5000, M=5000 impl=g-rabenseifner-subgroup-8
4: Starting numprocs=16 N=5000, M=5000 impl=g-rabenseifner-subgroup-8
11: Starting numprocs=16 N=5000, M=5000 impl=g-rabenseifner-subgroup-8
12: Starting numprocs=16 N=5000, M=5000 impl=g-rabenseifner-subgroup-8
3: Starting numprocs=16 N=5000, M=5000 impl=g-rabenseifner-subgroup-8
time: 0.249647s
Iteration 1
time: 0.224063s
Iteration 2
time: 0.225152s
Iteration 3
time: 0.235126s
Iteration 4
time: 0.226401s
Iteration 5
time: 0.224878s
Iteration 6
time: 0.235300s
Iteration 7
time: 0.232824s
Iteration 8
time: 0.231446s
Iteration 9
time: 0.230134s
Iteration 10
time: 0.236673s
Iteration 11
time: 0.230260s
Iteration 12
time: 0.229682s
Iteration 13
time: 0.229569s
Iteration 14
time: 0.230748s
Iteration 15
time: 0.238125s
Iteration 16
time: 0.238989s
Iteration 17
time: 0.244202s
Iteration 18
time: 0.240331s
Iteration 19
time: 0.237685s
Iteration 20
time: 0.236572s
Iteration 21
time: 0.236537s
Iteration 22
time: 0.237843s
Iteration 23
time: 0.236445s
Iteration 24
time: 0.236627s
7: Starting numprocs=16 N=6000, M=6000 impl=allgather
9: Starting numprocs=16 N=6000, M=6000 impl=allgather
0: Starting numprocs=16 N=6000, M=6000 impl=allgather
Iteration 0
10: Starting numprocs=16 N=6000, M=6000 impl=allgather
15: Starting numprocs=16 N=6000, M=6000 impl=allgather
6: Starting numprocs=16 N=6000, M=6000 impl=allgather
2: Starting numprocs=16 N=6000, M=6000 impl=allgather
1: Starting numprocs=16 N=6000, M=6000 impl=allgather
14: Starting numprocs=16 N=6000, M=6000 impl=allgather
13: Starting numprocs=16 N=6000, M=6000 impl=allgather
8: Starting numprocs=16 N=6000, M=6000 impl=allgather
5: Starting numprocs=16 N=6000, M=6000 impl=allgather
4: Starting numprocs=16 N=6000, M=6000 impl=allgather
11: Starting numprocs=16 N=6000, M=6000 impl=allgather
3: Starting numprocs=16 N=6000, M=6000 impl=allgather
12: Starting numprocs=16 N=6000, M=6000 impl=allgather
time: 0.593074s
Iteration 1
time: 0.587749s
Iteration 2
time: 0.587594s
Iteration 3
time: 0.577313s
Iteration 4
time: 0.589251s
Iteration 5
time: 0.587593s
Iteration 6
time: 0.583990s
Iteration 7
time: 0.577687s
Iteration 8
time: 0.587093s
Iteration 9
time: 0.586824s
Iteration 10
time: 0.579493s
Iteration 11
time: 0.585679s
Iteration 12
time: 0.586421s
Iteration 13
time: 0.576714s
Iteration 14
time: 0.578258s
Iteration 15
time: 0.585875s
Iteration 16
time: 0.578715s
Iteration 17
time: 0.578505s
Iteration 18
time: 0.576736s
Iteration 19
time: 0.577335s
Iteration 20
time: 0.577326s
Iteration 21
time: 0.576683s
Iteration 22
time: 0.578941s
Iteration 23
time: 0.582375s
Iteration 24
time: 0.576988s
6: Starting numprocs=16 N=6000, M=6000 impl=allreduce
10: Starting numprocs=16 N=6000, M=6000 impl=allreduce
9: Starting numprocs=16 N=6000, M=6000 impl=allreduce
0: Starting numprocs=16 N=6000, M=6000 impl=allreduce
Iteration 0
15: Starting numprocs=16 N=6000, M=6000 impl=allreduce
7: Starting numprocs=16 N=6000, M=6000 impl=allreduce
2: Starting numprocs=16 N=6000, M=6000 impl=allreduce
1: Starting numprocs=16 N=6000, M=6000 impl=allreduce
8: Starting numprocs=16 N=6000, M=6000 impl=allreduce
14: Starting numprocs=16 N=6000, M=6000 impl=allreduce
13: Starting numprocs=16 N=6000, M=6000 impl=allreduce
4: Starting numprocs=16 N=6000, M=6000 impl=allreduce
12: Starting numprocs=16 N=6000, M=6000 impl=allreduce
11: Starting numprocs=16 N=6000, M=6000 impl=allreduce
5: Starting numprocs=16 N=6000, M=6000 impl=allreduce
3: Starting numprocs=16 N=6000, M=6000 impl=allreduce
time: 0.908680s
Iteration 1
time: 0.792700s
Iteration 2
time: 0.770094s
Iteration 3
time: 0.796516s
Iteration 4
time: 0.785360s
Iteration 5
time: 0.791570s
Iteration 6
time: 0.793587s
Iteration 7
time: 0.778353s
Iteration 8
time: 0.786030s
Iteration 9
time: 0.834715s
Iteration 10
time: 0.802820s
Iteration 11
time: 0.777322s
Iteration 12
time: 0.774979s
Iteration 13
time: 0.793185s
Iteration 14
time: 0.795568s
Iteration 15
time: 0.789922s
Iteration 16
time: 0.792167s
Iteration 17
time: 0.782296s
Iteration 18
time: 0.817049s
Iteration 19
time: 0.787575s
Iteration 20
time: 0.807158s
Iteration 21
time: 0.775246s
Iteration 22
time: 0.788762s
Iteration 23
time: 0.769397s
Iteration 24
time: 0.801962s
6: Starting numprocs=16 N=6000, M=6000 impl=allreduce-ring
7: Starting numprocs=16 N=6000, M=6000 impl=allreduce-ring
9: Starting numprocs=16 N=6000, M=6000 impl=allreduce-ring
0: Starting numprocs=16 N=6000, M=6000 impl=allreduce-ring
Iteration 0
10: Starting numprocs=16 N=6000, M=6000 impl=allreduce-ring
15: Starting numprocs=16 N=6000, M=6000 impl=allreduce-ring
1: Starting numprocs=16 N=6000, M=6000 impl=allreduce-ring
2: Starting numprocs=16 N=6000, M=6000 impl=allreduce-ring
8: Starting numprocs=16 N=6000, M=6000 impl=allreduce-ring
14: Starting numprocs=16 N=6000, M=6000 impl=allreduce-ring
4: Starting numprocs=16 N=6000, M=6000 impl=allreduce-ring
5: Starting numprocs=16 N=6000, M=6000 impl=allreduce-ring
13: Starting numprocs=16 N=6000, M=6000 impl=allreduce-ring
11: Starting numprocs=16 N=6000, M=6000 impl=allreduce-ring
3: Starting numprocs=16 N=6000, M=6000 impl=allreduce-ring
12: Starting numprocs=16 N=6000, M=6000 impl=allreduce-ring
time: 0.578503s
Iteration 1
time: 0.547471s
Iteration 2
time: 0.569072s
Iteration 3
time: 0.546350s
Iteration 4
time: 0.549371s
Iteration 5
time: 0.556908s
Iteration 6
time: 0.542045s
Iteration 7
time: 0.545895s
Iteration 8
time: 0.571670s
Iteration 9
time: 0.545493s
Iteration 10
time: 0.562149s
Iteration 11
time: 0.538302s
Iteration 12
time: 0.537611s
Iteration 13
time: 0.543998s
Iteration 14
time: 0.547873s
Iteration 15
time: 0.549384s
Iteration 16
time: 0.555000s
Iteration 17
time: 0.556454s
Iteration 18
time: 0.563282s
Iteration 19
time: 0.535493s
Iteration 20
time: 0.548180s
Iteration 21
time: 0.573710s
Iteration 22
time: 0.529832s
Iteration 23
time: 0.543376s
Iteration 24
time: 0.553154s
6: Starting numprocs=16 N=6000, M=6000 impl=g-rabenseifner-allgather
7: Starting numprocs=16 N=6000, M=6000 impl=g-rabenseifner-allgather
9: Starting numprocs=16 N=6000, M=6000 impl=g-rabenseifner-allgather
0: Starting numprocs=16 N=6000, M=6000 impl=g-rabenseifner-allgather
Iteration 0
10: Starting numprocs=16 N=6000, M=6000 impl=g-rabenseifner-allgather
15: Starting numprocs=16 N=6000, M=6000 impl=g-rabenseifner-allgather
1: Starting numprocs=16 N=6000, M=6000 impl=g-rabenseifner-allgather
2: Starting numprocs=16 N=6000, M=6000 impl=g-rabenseifner-allgather
8: Starting numprocs=16 N=6000, M=6000 impl=g-rabenseifner-allgather
14: Starting numprocs=16 N=6000, M=6000 impl=g-rabenseifner-allgather
13: Starting numprocs=16 N=6000, M=6000 impl=g-rabenseifner-allgather
4: Starting numprocs=16 N=6000, M=6000 impl=g-rabenseifner-allgather
5: Starting numprocs=16 N=6000, M=6000 impl=g-rabenseifner-allgather
12: Starting numprocs=16 N=6000, M=6000 impl=g-rabenseifner-allgather
3: Starting numprocs=16 N=6000, M=6000 impl=g-rabenseifner-allgather
11: Starting numprocs=16 N=6000, M=6000 impl=g-rabenseifner-allgather
time: 0.304559s
Iteration 1
time: 0.262283s
Iteration 2
time: 0.261638s
Iteration 3
time: 0.259763s
Iteration 4
time: 0.261889s
Iteration 5
time: 0.260099s
Iteration 6
time: 0.261606s
Iteration 7
time: 0.262467s
Iteration 8
time: 0.261003s
Iteration 9
time: 0.263728s
Iteration 10
time: 0.261004s
Iteration 11
time: 0.260307s
Iteration 12
time: 0.259981s
Iteration 13
time: 0.261969s
Iteration 14
time: 0.261972s
Iteration 15
time: 0.259306s
Iteration 16
time: 0.261266s
Iteration 17
time: 0.259843s
Iteration 18
time: 0.259862s
Iteration 19
time: 0.261673s
Iteration 20
time: 0.273375s
Iteration 21
time: 0.260002s
Iteration 22
time: 0.261110s
Iteration 23
time: 0.260374s
Iteration 24
time: 0.261616s
6: Starting numprocs=16 N=6000, M=6000 impl=g-rabenseifner-subgroup-2
7: Starting numprocs=16 N=6000, M=6000 impl=g-rabenseifner-subgroup-2
10: Starting numprocs=16 N=6000, M=6000 impl=g-rabenseifner-subgroup-2
1: Starting numprocs=16 N=6000, M=6000 impl=g-rabenseifner-subgroup-2
0: Starting numprocs=16 N=6000, M=6000 impl=g-rabenseifner-subgroup-2
Iteration 0
15: Starting numprocs=16 N=6000, M=6000 impl=g-rabenseifner-subgroup-2
2: Starting numprocs=16 N=6000, M=6000 impl=g-rabenseifner-subgroup-2
8: Starting numprocs=16 N=6000, M=6000 impl=g-rabenseifner-subgroup-2
9: Starting numprocs=16 N=6000, M=6000 impl=g-rabenseifner-subgroup-2
13: Starting numprocs=16 N=6000, M=6000 impl=g-rabenseifner-subgroup-2
14: Starting numprocs=16 N=6000, M=6000 impl=g-rabenseifner-subgroup-2
5: Starting numprocs=16 N=6000, M=6000 impl=g-rabenseifner-subgroup-2
4: Starting numprocs=16 N=6000, M=6000 impl=g-rabenseifner-subgroup-2
11: Starting numprocs=16 N=6000, M=6000 impl=g-rabenseifner-subgroup-2
3: Starting numprocs=16 N=6000, M=6000 impl=g-rabenseifner-subgroup-2
12: Starting numprocs=16 N=6000, M=6000 impl=g-rabenseifner-subgroup-2
time: 0.326687s
Iteration 1
time: 0.271717s
Iteration 2
time: 0.270430s
Iteration 3
time: 0.272454s
Iteration 4
time: 0.273269s
Iteration 5
time: 0.275394s
Iteration 6
time: 0.279010s
Iteration 7
time: 0.273419s
Iteration 8
time: 0.273498s
Iteration 9
time: 0.274610s
Iteration 10
time: 0.271693s
Iteration 11
time: 0.274338s
Iteration 12
time: 0.273005s
Iteration 13
time: 0.275523s
Iteration 14
time: 0.275578s
Iteration 15
time: 0.273494s
Iteration 16
time: 0.274566s
Iteration 17
time: 0.273922s
Iteration 18
time: 0.278496s
Iteration 19
time: 0.272695s
Iteration 20
time: 0.272313s
Iteration 21
time: 0.277424s
Iteration 22
time: 0.273546s
Iteration 23
time: 0.273350s
Iteration 24
time: 0.273212s
9: Starting numprocs=16 N=6000, M=6000 impl=g-rabenseifner-subgroup-4
6: Starting numprocs=16 N=6000, M=6000 impl=g-rabenseifner-subgroup-4
10: Starting numprocs=16 N=6000, M=6000 impl=g-rabenseifner-subgroup-4
0: Starting numprocs=16 N=6000, M=6000 impl=g-rabenseifner-subgroup-4
Iteration 0
7: Starting numprocs=16 N=6000, M=6000 impl=g-rabenseifner-subgroup-4
1: Starting numprocs=16 N=6000, M=6000 impl=g-rabenseifner-subgroup-4
14: Starting numprocs=16 N=6000, M=6000 impl=g-rabenseifner-subgroup-4
8: Starting numprocs=16 N=6000, M=6000 impl=g-rabenseifner-subgroup-4
2: Starting numprocs=16 N=6000, M=6000 impl=g-rabenseifner-subgroup-4
15: Starting numprocs=16 N=6000, M=6000 impl=g-rabenseifner-subgroup-4
5: Starting numprocs=16 N=6000, M=6000 impl=g-rabenseifner-subgroup-4
13: Starting numprocs=16 N=6000, M=6000 impl=g-rabenseifner-subgroup-4
4: Starting numprocs=16 N=6000, M=6000 impl=g-rabenseifner-subgroup-4
11: Starting numprocs=16 N=6000, M=6000 impl=g-rabenseifner-subgroup-4
12: Starting numprocs=16 N=6000, M=6000 impl=g-rabenseifner-subgroup-4
3: Starting numprocs=16 N=6000, M=6000 impl=g-rabenseifner-subgroup-4
time: 0.378201s
Iteration 1
time: 0.303771s
Iteration 2
time: 0.300329s
Iteration 3
time: 0.303897s
Iteration 4
time: 0.303467s
Iteration 5
time: 0.308062s
Iteration 6
time: 0.303638s
Iteration 7
time: 0.305657s
Iteration 8
time: 0.304904s
Iteration 9
time: 0.303648s
Iteration 10
time: 0.302829s
Iteration 11
time: 0.301039s
Iteration 12
time: 0.300396s
Iteration 13
time: 0.304675s
Iteration 14
time: 0.312465s
Iteration 15
time: 0.303912s
Iteration 16
time: 0.306114s
Iteration 17
time: 0.304953s
Iteration 18
time: 0.310865s
Iteration 19
time: 0.302106s
Iteration 20
time: 0.299162s
Iteration 21
time: 0.303455s
Iteration 22
time: 0.300316s
Iteration 23
time: 0.299090s
Iteration 24
time: 0.295347s
9: Starting numprocs=16 N=6000, M=6000 impl=g-rabenseifner-subgroup-8
7: Starting numprocs=16 N=6000, M=6000 impl=g-rabenseifner-subgroup-8
6: Starting numprocs=16 N=6000, M=6000 impl=g-rabenseifner-subgroup-8
10: Starting numprocs=16 N=6000, M=6000 impl=g-rabenseifner-subgroup-8
15: Starting numprocs=16 N=6000, M=6000 impl=g-rabenseifner-subgroup-8
0: Starting numprocs=16 N=6000, M=6000 impl=g-rabenseifner-subgroup-8
Iteration 0
1: Starting numprocs=16 N=6000, M=6000 impl=g-rabenseifner-subgroup-8
8: Starting numprocs=16 N=6000, M=6000 impl=g-rabenseifner-subgroup-8
2: Starting numprocs=16 N=6000, M=6000 impl=g-rabenseifner-subgroup-8
14: Starting numprocs=16 N=6000, M=6000 impl=g-rabenseifner-subgroup-8
4: Starting numprocs=16 N=6000, M=6000 impl=g-rabenseifner-subgroup-8
13: Starting numprocs=16 N=6000, M=6000 impl=g-rabenseifner-subgroup-8
5: Starting numprocs=16 N=6000, M=6000 impl=g-rabenseifner-subgroup-8
11: Starting numprocs=16 N=6000, M=6000 impl=g-rabenseifner-subgroup-8
12: Starting numprocs=16 N=6000, M=6000 impl=g-rabenseifner-subgroup-8
3: Starting numprocs=16 N=6000, M=6000 impl=g-rabenseifner-subgroup-8
time: 0.367666s
Iteration 1
time: 0.324335s
Iteration 2
time: 0.322956s
Iteration 3
time: 0.327708s
Iteration 4
time: 0.323470s
Iteration 5
time: 0.320708s
Iteration 6
time: 0.321017s
Iteration 7
time: 0.332531s
Iteration 8
time: 0.327065s
Iteration 9
time: 0.322161s
Iteration 10
time: 0.322800s
Iteration 11
time: 0.317512s
Iteration 12
time: 0.331999s
Iteration 13
time: 0.323650s
Iteration 14
time: 0.328374s
Iteration 15
time: 0.336903s
Iteration 16
time: 0.323853s
Iteration 17
time: 0.334368s
Iteration 18
time: 0.326895s
Iteration 19
time: 0.321621s
Iteration 20
time: 0.323755s
Iteration 21
time: 0.348742s
Iteration 22
time: 0.341569s
Iteration 23
time: 0.333886s
Iteration 24
time: 0.320318s
9: Starting numprocs=16 N=7000, M=7000 impl=allgather
0: Starting numprocs=16 N=7000, M=7000 impl=allgather
Iteration 0
10: Starting numprocs=16 N=7000, M=7000 impl=allgather
15: Starting numprocs=16 N=7000, M=7000 impl=allgather
6: Starting numprocs=16 N=7000, M=7000 impl=allgather
7: Starting numprocs=16 N=7000, M=7000 impl=allgather
1: Starting numprocs=16 N=7000, M=7000 impl=allgather
2: Starting numprocs=16 N=7000, M=7000 impl=allgather
8: Starting numprocs=16 N=7000, M=7000 impl=allgather
14: Starting numprocs=16 N=7000, M=7000 impl=allgather
5: Starting numprocs=16 N=7000, M=7000 impl=allgather
13: Starting numprocs=16 N=7000, M=7000 impl=allgather
4: Starting numprocs=16 N=7000, M=7000 impl=allgather
11: Starting numprocs=16 N=7000, M=7000 impl=allgather
3: Starting numprocs=16 N=7000, M=7000 impl=allgather
12: Starting numprocs=16 N=7000, M=7000 impl=allgather
time: 0.790365s
Iteration 1
time: 0.780869s
Iteration 2
time: 0.781806s
Iteration 3
time: 0.785348s
Iteration 4
time: 0.781892s
Iteration 5
time: 0.782688s
Iteration 6
time: 0.780561s
Iteration 7
time: 0.780833s
Iteration 8
time: 0.786262s
Iteration 9
time: 0.779341s
Iteration 10
time: 0.784456s
Iteration 11
time: 0.783877s
Iteration 12
time: 0.782497s
Iteration 13
time: 0.790257s
Iteration 14
time: 0.781378s
Iteration 15
time: 0.781989s
Iteration 16
time: 0.784120s
Iteration 17
time: 0.781026s
Iteration 18
time: 0.780910s
Iteration 19
time: 0.783729s
Iteration 20
time: 0.791641s
Iteration 21
time: 0.791399s
Iteration 22
time: 0.789754s
Iteration 23
time: 0.792927s
Iteration 24
time: 0.781630s
9: Starting numprocs=16 N=7000, M=7000 impl=allreduce
6: Starting numprocs=16 N=7000, M=7000 impl=allreduce
10: Starting numprocs=16 N=7000, M=7000 impl=allreduce
7: Starting numprocs=16 N=7000, M=7000 impl=allreduce
0: Starting numprocs=16 N=7000, M=7000 impl=allreduce
Iteration 0
15: Starting numprocs=16 N=7000, M=7000 impl=allreduce
2: Starting numprocs=16 N=7000, M=7000 impl=allreduce
1: Starting numprocs=16 N=7000, M=7000 impl=allreduce
8: Starting numprocs=16 N=7000, M=7000 impl=allreduce
14: Starting numprocs=16 N=7000, M=7000 impl=allreduce
13: Starting numprocs=16 N=7000, M=7000 impl=allreduce
4: Starting numprocs=16 N=7000, M=7000 impl=allreduce
11: Starting numprocs=16 N=7000, M=7000 impl=allreduce
5: Starting numprocs=16 N=7000, M=7000 impl=allreduce
12: Starting numprocs=16 N=7000, M=7000 impl=allreduce
3: Starting numprocs=16 N=7000, M=7000 impl=allreduce
time: 1.224815s
Iteration 1
time: 1.064316s
Iteration 2
time: 1.083134s
Iteration 3
time: 1.056622s
Iteration 4
time: 1.080809s
Iteration 5
time: 1.076881s
Iteration 6
time: 1.060453s
Iteration 7
time: 1.066816s
Iteration 8
time: 1.046263s
Iteration 9
time: 1.060838s
Iteration 10
time: 1.079241s
Iteration 11
time: 1.062636s
Iteration 12
time: 1.062787s
Iteration 13
time: 1.116911s
Iteration 14
time: 1.073533s
Iteration 15
time: 1.068501s
Iteration 16
time: 1.084400s
Iteration 17
time: 1.076887s
Iteration 18
time: 1.077095s
Iteration 19
time: 1.038673s
Iteration 20
time: 1.082394s
Iteration 21
time: 1.072046s
Iteration 22
time: 1.086507s
Iteration 23
time: 1.059099s
Iteration 24
time: 1.074753s
9: Starting numprocs=16 N=7000, M=7000 impl=allreduce-ring
10: Starting numprocs=16 N=7000, M=7000 impl=allreduce-ring
6: Starting numprocs=16 N=7000, M=7000 impl=allreduce-ring
15: Starting numprocs=16 N=7000, M=7000 impl=allreduce-ring
0: Starting numprocs=16 N=7000, M=7000 impl=allreduce-ring
Iteration 0
7: Starting numprocs=16 N=7000, M=7000 impl=allreduce-ring
2: Starting numprocs=16 N=7000, M=7000 impl=allreduce-ring
1: Starting numprocs=16 N=7000, M=7000 impl=allreduce-ring
8: Starting numprocs=16 N=7000, M=7000 impl=allreduce-ring
4: Starting numprocs=16 N=7000, M=7000 impl=allreduce-ring
11: Starting numprocs=16 N=7000, M=7000 impl=allreduce-ring
14: Starting numprocs=16 N=7000, M=7000 impl=allreduce-ring
13: Starting numprocs=16 N=7000, M=7000 impl=allreduce-ring
5: Starting numprocs=16 N=7000, M=7000 impl=allreduce-ring
12: Starting numprocs=16 N=7000, M=7000 impl=allreduce-ring
3: Starting numprocs=16 N=7000, M=7000 impl=allreduce-ring
time: 0.794791s
Iteration 1
time: 0.726060s
Iteration 2
time: 0.742957s
Iteration 3
time: 0.727755s
Iteration 4
time: 0.741753s
Iteration 5
time: 0.731110s
Iteration 6
time: 0.762161s
Iteration 7
time: 0.734236s
Iteration 8
time: 0.735511s
Iteration 9
time: 0.743098s
Iteration 10
time: 0.735906s
Iteration 11
time: 0.736901s
Iteration 12
time: 0.747165s
Iteration 13
time: 0.729201s
Iteration 14
time: 0.729220s
Iteration 15
time: 0.745444s
Iteration 16
time: 0.741949s
Iteration 17
time: 0.724947s
Iteration 18
time: 0.745394s
Iteration 19
time: 0.747314s
Iteration 20
time: 0.734639s
Iteration 21
time: 0.730217s
Iteration 22
time: 0.740010s
Iteration 23
time: 0.729127s
Iteration 24
time: 0.733394s
9: Starting numprocs=16 N=7000, M=7000 impl=g-rabenseifner-allgather
10: Starting numprocs=16 N=7000, M=7000 impl=g-rabenseifner-allgather
15: Starting numprocs=16 N=7000, M=7000 impl=g-rabenseifner-allgather
6: Starting numprocs=16 N=7000, M=7000 impl=g-rabenseifner-allgather
7: Starting numprocs=16 N=7000, M=7000 impl=g-rabenseifner-allgather
0: Starting numprocs=16 N=7000, M=7000 impl=g-rabenseifner-allgather
Iteration 0
2: Starting numprocs=16 N=7000, M=7000 impl=g-rabenseifner-allgather
1: Starting numprocs=16 N=7000, M=7000 impl=g-rabenseifner-allgather
8: Starting numprocs=16 N=7000, M=7000 impl=g-rabenseifner-allgather
14: Starting numprocs=16 N=7000, M=7000 impl=g-rabenseifner-allgather
4: Starting numprocs=16 N=7000, M=7000 impl=g-rabenseifner-allgather
13: Starting numprocs=16 N=7000, M=7000 impl=g-rabenseifner-allgather
5: Starting numprocs=16 N=7000, M=7000 impl=g-rabenseifner-allgather
11: Starting numprocs=16 N=7000, M=7000 impl=g-rabenseifner-allgather
12: Starting numprocs=16 N=7000, M=7000 impl=g-rabenseifner-allgather
3: Starting numprocs=16 N=7000, M=7000 impl=g-rabenseifner-allgather
time: 0.405447s
Iteration 1
time: 0.352019s
Iteration 2
time: 0.349696s
Iteration 3
time: 0.351899s
Iteration 4
time: 0.353666s
Iteration 5
time: 0.350158s
Iteration 6
time: 0.350237s
Iteration 7
time: 0.352367s
Iteration 8
time: 0.349768s
Iteration 9
time: 0.352067s
Iteration 10
time: 0.353023s
Iteration 11
time: 0.350344s
Iteration 12
time: 0.350849s
Iteration 13
time: 0.350406s
Iteration 14
time: 0.352784s
Iteration 15
time: 0.351288s
Iteration 16
time: 0.353145s
Iteration 17
time: 0.350803s
Iteration 18
time: 0.351026s
Iteration 19
time: 0.353992s
Iteration 20
time: 0.353726s
Iteration 21
time: 0.349618s
Iteration 22
time: 0.352011s
Iteration 23
time: 0.351418s
Iteration 24
time: 0.350499s
7: Starting numprocs=16 N=7000, M=7000 impl=g-rabenseifner-subgroup-2
10: Starting numprocs=16 N=7000, M=7000 impl=g-rabenseifner-subgroup-2
9: Starting numprocs=16 N=7000, M=7000 impl=g-rabenseifner-subgroup-2
6: Starting numprocs=16 N=7000, M=7000 impl=g-rabenseifner-subgroup-2
15: Starting numprocs=16 N=7000, M=7000 impl=g-rabenseifner-subgroup-2
0: Starting numprocs=16 N=7000, M=7000 impl=g-rabenseifner-subgroup-2
Iteration 0
2: Starting numprocs=16 N=7000, M=7000 impl=g-rabenseifner-subgroup-2
1: Starting numprocs=16 N=7000, M=7000 impl=g-rabenseifner-subgroup-2
8: Starting numprocs=16 N=7000, M=7000 impl=g-rabenseifner-subgroup-2
13: Starting numprocs=16 N=7000, M=7000 impl=g-rabenseifner-subgroup-2
11: Starting numprocs=16 N=7000, M=7000 impl=g-rabenseifner-subgroup-2
4: Starting numprocs=16 N=7000, M=7000 impl=g-rabenseifner-subgroup-2
5: Starting numprocs=16 N=7000, M=7000 impl=g-rabenseifner-subgroup-2
14: Starting numprocs=16 N=7000, M=7000 impl=g-rabenseifner-subgroup-2
12: Starting numprocs=16 N=7000, M=7000 impl=g-rabenseifner-subgroup-2
3: Starting numprocs=16 N=7000, M=7000 impl=g-rabenseifner-subgroup-2
time: 0.426628s
Iteration 1
time: 0.369251s
Iteration 2
time: 0.366651s
Iteration 3
time: 0.370457s
Iteration 4
time: 0.371849s
Iteration 5
time: 0.371724s
Iteration 6
time: 0.369922s
Iteration 7
time: 0.372916s
Iteration 8
time: 0.373712s
Iteration 9
time: 0.375827s
Iteration 10
time: 0.373422s
Iteration 11
time: 0.374831s
Iteration 12
time: 0.372536s
Iteration 13
time: 0.369314s
Iteration 14
time: 0.368729s
Iteration 15
time: 0.369191s
Iteration 16
time: 0.378365s
Iteration 17
time: 0.372479s
Iteration 18
time: 0.371863s
Iteration 19
time: 0.374641s
Iteration 20
time: 0.373806s
Iteration 21
time: 0.372812s
Iteration 22
time: 0.373757s
Iteration 23
time: 0.367437s
Iteration 24
time: 0.370380s
9: Starting numprocs=16 N=7000, M=7000 impl=g-rabenseifner-subgroup-4
0: Starting numprocs=16 N=7000, M=7000 impl=g-rabenseifner-subgroup-4
Iteration 0
7: Starting numprocs=16 N=7000, M=7000 impl=g-rabenseifner-subgroup-4
10: Starting numprocs=16 N=7000, M=7000 impl=g-rabenseifner-subgroup-4
6: Starting numprocs=16 N=7000, M=7000 impl=g-rabenseifner-subgroup-4
15: Starting numprocs=16 N=7000, M=7000 impl=g-rabenseifner-subgroup-4
1: Starting numprocs=16 N=7000, M=7000 impl=g-rabenseifner-subgroup-4
2: Starting numprocs=16 N=7000, M=7000 impl=g-rabenseifner-subgroup-4
14: Starting numprocs=16 N=7000, M=7000 impl=g-rabenseifner-subgroup-4
4: Starting numprocs=16 N=7000, M=7000 impl=g-rabenseifner-subgroup-4
8: Starting numprocs=16 N=7000, M=7000 impl=g-rabenseifner-subgroup-4
5: Starting numprocs=16 N=7000, M=7000 impl=g-rabenseifner-subgroup-4
11: Starting numprocs=16 N=7000, M=7000 impl=g-rabenseifner-subgroup-4
13: Starting numprocs=16 N=7000, M=7000 impl=g-rabenseifner-subgroup-4
12: Starting numprocs=16 N=7000, M=7000 impl=g-rabenseifner-subgroup-4
3: Starting numprocs=16 N=7000, M=7000 impl=g-rabenseifner-subgroup-4
time: 0.477792s
Iteration 1
time: 0.408961s
Iteration 2
time: 0.407692s
Iteration 3
time: 0.410025s
Iteration 4
time: 0.410766s
Iteration 5
time: 0.412858s
Iteration 6
time: 0.400265s
Iteration 7
time: 0.398748s
Iteration 8
time: 0.402315s
Iteration 9
time: 0.409713s
Iteration 10
time: 0.408670s
Iteration 11
time: 0.407138s
Iteration 12
time: 0.409425s
Iteration 13
time: 0.409215s
Iteration 14
time: 0.412769s
Iteration 15
time: 0.410810s
Iteration 16
time: 0.409303s
Iteration 17
time: 0.404923s
Iteration 18
time: 0.408885s
Iteration 19
time: 0.401487s
Iteration 20
time: 0.402973s
Iteration 21
time: 0.406193s
Iteration 22
time: 0.406945s
Iteration 23
time: 0.407893s
Iteration 24
time: 0.411065s
0: Starting numprocs=16 N=7000, M=7000 impl=g-rabenseifner-subgroup-8
Iteration 0
9: Starting numprocs=16 N=7000, M=7000 impl=g-rabenseifner-subgroup-8
7: Starting numprocs=16 N=7000, M=7000 impl=g-rabenseifner-subgroup-8
10: Starting numprocs=16 N=7000, M=7000 impl=g-rabenseifner-subgroup-8
15: Starting numprocs=16 N=7000, M=7000 impl=g-rabenseifner-subgroup-8
6: Starting numprocs=16 N=7000, M=7000 impl=g-rabenseifner-subgroup-8
2: Starting numprocs=16 N=7000, M=7000 impl=g-rabenseifner-subgroup-8
1: Starting numprocs=16 N=7000, M=7000 impl=g-rabenseifner-subgroup-8
8: Starting numprocs=16 N=7000, M=7000 impl=g-rabenseifner-subgroup-8
14: Starting numprocs=16 N=7000, M=7000 impl=g-rabenseifner-subgroup-8
5: Starting numprocs=16 N=7000, M=7000 impl=g-rabenseifner-subgroup-8
13: Starting numprocs=16 N=7000, M=7000 impl=g-rabenseifner-subgroup-8
4: Starting numprocs=16 N=7000, M=7000 impl=g-rabenseifner-subgroup-8
11: Starting numprocs=16 N=7000, M=7000 impl=g-rabenseifner-subgroup-8
12: Starting numprocs=16 N=7000, M=7000 impl=g-rabenseifner-subgroup-8
3: Starting numprocs=16 N=7000, M=7000 impl=g-rabenseifner-subgroup-8
time: 0.481492s
Iteration 1
time: 0.441355s
Iteration 2
time: 0.441827s
Iteration 3
time: 0.442046s
Iteration 4
time: 0.440303s
Iteration 5
time: 0.440257s
Iteration 6
time: 0.439935s
Iteration 7
time: 0.439091s
Iteration 8
time: 0.442234s
Iteration 9
time: 0.440827s
Iteration 10
time: 0.440742s
Iteration 11
time: 0.441143s
Iteration 12
time: 0.447443s
Iteration 13
time: 0.445987s
Iteration 14
time: 0.439437s
Iteration 15
time: 0.438880s
Iteration 16
time: 0.452951s
Iteration 17
time: 0.440788s
Iteration 18
time: 0.449348s
Iteration 19
time: 0.433584s
Iteration 20
time: 0.436691s
Iteration 21
time: 0.439139s
Iteration 22
time: 0.441870s
Iteration 23
time: 0.436338s
Iteration 24
time: 0.436255s
9: Starting numprocs=16 N=8000, M=8000 impl=allgather
7: Starting numprocs=16 N=8000, M=8000 impl=allgather
10: Starting numprocs=16 N=8000, M=8000 impl=allgather
0: Starting numprocs=16 N=8000, M=8000 impl=allgather
Iteration 0
15: Starting numprocs=16 N=8000, M=8000 impl=allgather
6: Starting numprocs=16 N=8000, M=8000 impl=allgather
1: Starting numprocs=16 N=8000, M=8000 impl=allgather
2: Starting numprocs=16 N=8000, M=8000 impl=allgather
4: Starting numprocs=16 N=8000, M=8000 impl=allgather
14: Starting numprocs=16 N=8000, M=8000 impl=allgather
13: Starting numprocs=16 N=8000, M=8000 impl=allgather
8: Starting numprocs=16 N=8000, M=8000 impl=allgather
11: Starting numprocs=16 N=8000, M=8000 impl=allgather
5: Starting numprocs=16 N=8000, M=8000 impl=allgather
3: Starting numprocs=16 N=8000, M=8000 impl=allgather
12: Starting numprocs=16 N=8000, M=8000 impl=allgather
time: 1.034991s
Iteration 1
time: 1.028438s
Iteration 2
time: 1.023750s
Iteration 3
time: 1.024129s
Iteration 4
time: 1.024579s
Iteration 5
time: 1.023350s
Iteration 6
time: 1.025339s
Iteration 7
time: 1.028045s
Iteration 8
time: 1.025342s
Iteration 9
time: 1.029425s
Iteration 10
time: 1.024605s
Iteration 11
time: 1.032841s
Iteration 12
time: 1.028195s
Iteration 13
time: 1.047723s
Iteration 14
time: 1.031387s
Iteration 15
time: 1.034242s
Iteration 16
time: 1.032154s
Iteration 17
time: 1.031424s
Iteration 18
time: 1.023233s
Iteration 19
time: 1.031786s
Iteration 20
time: 1.033822s
Iteration 21
time: 1.033366s
Iteration 22
time: 1.034151s
Iteration 23
time: 1.025532s
Iteration 24
time: 1.023592s
9: Starting numprocs=16 N=8000, M=8000 impl=allreduce
0: Starting numprocs=16 N=8000, M=8000 impl=allreduce
Iteration 0
10: Starting numprocs=16 N=8000, M=8000 impl=allreduce
15: Starting numprocs=16 N=8000, M=8000 impl=allreduce
7: Starting numprocs=16 N=8000, M=8000 impl=allreduce
1: Starting numprocs=16 N=8000, M=8000 impl=allreduce
6: Starting numprocs=16 N=8000, M=8000 impl=allreduce
8: Starting numprocs=16 N=8000, M=8000 impl=allreduce
2: Starting numprocs=16 N=8000, M=8000 impl=allreduce
14: Starting numprocs=16 N=8000, M=8000 impl=allreduce
4: Starting numprocs=16 N=8000, M=8000 impl=allreduce
13: Starting numprocs=16 N=8000, M=8000 impl=allreduce
5: Starting numprocs=16 N=8000, M=8000 impl=allreduce
11: Starting numprocs=16 N=8000, M=8000 impl=allreduce
3: Starting numprocs=16 N=8000, M=8000 impl=allreduce
12: Starting numprocs=16 N=8000, M=8000 impl=allreduce
time: 1.569350s
Iteration 1
time: 1.377272s
Iteration 2
time: 1.393390s
Iteration 3
time: 1.381692s
Iteration 4
time: 1.365095s
Iteration 5
time: 1.405224s
Iteration 6
time: 1.406255s
Iteration 7
time: 1.424015s
Iteration 8
time: 1.406699s
Iteration 9
time: 1.400470s
Iteration 10
time: 2.937737s
Iteration 11
time: 1.380400s
Iteration 12
time: 1.389366s
Iteration 13
time: 1.373277s
Iteration 14
time: 1.400686s
Iteration 15
time: 1.362501s
Iteration 16
time: 1.428524s
Iteration 17
time: 1.391747s
Iteration 18
time: 1.401939s
Iteration 19
time: 1.370719s
Iteration 20
time: 1.399692s
Iteration 21
time: 1.516865s
Iteration 22
time: 1.411716s
Iteration 23
time: 1.388624s
Iteration 24
time: 1.391537s
7: Starting numprocs=16 N=8000, M=8000 impl=allreduce-ring
0: Starting numprocs=16 N=8000, M=8000 impl=allreduce-ring
Iteration 0
9: Starting numprocs=16 N=8000, M=8000 impl=allreduce-ring
10: Starting numprocs=16 N=8000, M=8000 impl=allreduce-ring
6: Starting numprocs=16 N=8000, M=8000 impl=allreduce-ring
15: Starting numprocs=16 N=8000, M=8000 impl=allreduce-ring
1: Starting numprocs=16 N=8000, M=8000 impl=allreduce-ring
2: Starting numprocs=16 N=8000, M=8000 impl=allreduce-ring
8: Starting numprocs=16 N=8000, M=8000 impl=allreduce-ring
13: Starting numprocs=16 N=8000, M=8000 impl=allreduce-ring
11: Starting numprocs=16 N=8000, M=8000 impl=allreduce-ring
5: Starting numprocs=16 N=8000, M=8000 impl=allreduce-ring
14: Starting numprocs=16 N=8000, M=8000 impl=allreduce-ring
4: Starting numprocs=16 N=8000, M=8000 impl=allreduce-ring
12: Starting numprocs=16 N=8000, M=8000 impl=allreduce-ring
3: Starting numprocs=16 N=8000, M=8000 impl=allreduce-ring
time: 1.045456s
Iteration 1
time: 0.988339s
Iteration 2
time: 0.976737s
Iteration 3
time: 4.998856s
Iteration 4
time: 0.984207s
Iteration 5
time: 2.645202s
Iteration 6
time: 2.768183s
Iteration 7
time: 0.983662s
Iteration 8
time: 2.850569s
Iteration 9
time: 0.984199s
Iteration 10
time: 0.970952s
Iteration 11
time: 0.963829s
Iteration 12
time: 2.856846s
Iteration 13
time: 0.965533s
Iteration 14
time: 2.284703s
Iteration 15
time: 0.985129s
Iteration 16
time: 3.125867s
Iteration 17
time: 0.974780s
Iteration 18
time: 2.265605s
Iteration 19
time: 0.987341s
Iteration 20
time: 0.980443s
Iteration 21
time: 0.991933s
Iteration 22
time: 0.978087s
Iteration 23
time: 0.964655s
Iteration 24
time: 2.463192s
0: Starting numprocs=16 N=8000, M=8000 impl=g-rabenseifner-allgather
Iteration 0
9: Starting numprocs=16 N=8000, M=8000 impl=g-rabenseifner-allgather
10: Starting numprocs=16 N=8000, M=8000 impl=g-rabenseifner-allgather
15: Starting numprocs=16 N=8000, M=8000 impl=g-rabenseifner-allgather
1: Starting numprocs=16 N=8000, M=8000 impl=g-rabenseifner-allgather
7: Starting numprocs=16 N=8000, M=8000 impl=g-rabenseifner-allgather
6: Starting numprocs=16 N=8000, M=8000 impl=g-rabenseifner-allgather
2: Starting numprocs=16 N=8000, M=8000 impl=g-rabenseifner-allgather
5: Starting numprocs=16 N=8000, M=8000 impl=g-rabenseifner-allgather
14: Starting numprocs=16 N=8000, M=8000 impl=g-rabenseifner-allgather
11: Starting numprocs=16 N=8000, M=8000 impl=g-rabenseifner-allgather
4: Starting numprocs=16 N=8000, M=8000 impl=g-rabenseifner-allgather
8: Starting numprocs=16 N=8000, M=8000 impl=g-rabenseifner-allgather
13: Starting numprocs=16 N=8000, M=8000 impl=g-rabenseifner-allgather
3: Starting numprocs=16 N=8000, M=8000 impl=g-rabenseifner-allgather
12: Starting numprocs=16 N=8000, M=8000 impl=g-rabenseifner-allgather
time: 0.550698s
Iteration 1
time: 1.799994s
Iteration 2
time: 4.064282s
Iteration 3
time: 0.460338s
Iteration 4
time: 1.857156s
Iteration 5
time: 0.464178s
Iteration 6
time: 0.466139s
Iteration 7
time: 0.459074s
Iteration 8
time: 0.463482s
Iteration 9
time: 2.099243s
Iteration 10
time: 2.061646s
Iteration 11
time: 0.462533s
Iteration 12
time: 0.461387s
Iteration 13
time: 0.457680s
Iteration 14
time: 0.459620s
Iteration 15
time: 0.475064s
Iteration 16
time: 6.058971s
Iteration 17
time: 0.460037s
Iteration 18
time: 0.460623s
Iteration 19
time: 0.460351s
Iteration 20
time: 0.460098s
Iteration 21
time: 0.460893s
Iteration 22
time: 0.458714s
Iteration 23
time: 0.465709s
Iteration 24
time: 0.458007s
10: Starting numprocs=16 N=8000, M=8000 impl=g-rabenseifner-subgroup-2
0: Starting numprocs=16 N=8000, M=8000 impl=g-rabenseifner-subgroup-2
Iteration 0
9: Starting numprocs=16 N=8000, M=8000 impl=g-rabenseifner-subgroup-2
6: Starting numprocs=16 N=8000, M=8000 impl=g-rabenseifner-subgroup-2
15: Starting numprocs=16 N=8000, M=8000 impl=g-rabenseifner-subgroup-2
7: Starting numprocs=16 N=8000, M=8000 impl=g-rabenseifner-subgroup-2
2: Starting numprocs=16 N=8000, M=8000 impl=g-rabenseifner-subgroup-2
13: Starting numprocs=16 N=8000, M=8000 impl=g-rabenseifner-subgroup-2
1: Starting numprocs=16 N=8000, M=8000 impl=g-rabenseifner-subgroup-2
5: Starting numprocs=16 N=8000, M=8000 impl=g-rabenseifner-subgroup-2
11: Starting numprocs=16 N=8000, M=8000 impl=g-rabenseifner-subgroup-2
8: Starting numprocs=16 N=8000, M=8000 impl=g-rabenseifner-subgroup-2
4: Starting numprocs=16 N=8000, M=8000 impl=g-rabenseifner-subgroup-2
12: Starting numprocs=16 N=8000, M=8000 impl=g-rabenseifner-subgroup-2
3: Starting numprocs=16 N=8000, M=8000 impl=g-rabenseifner-subgroup-2
14: Starting numprocs=16 N=8000, M=8000 impl=g-rabenseifner-subgroup-2
time: 0.573821s
Iteration 1
time: 0.489721s
Iteration 2
time: 0.489702s
Iteration 3
time: 0.491789s
Iteration 4
time: 0.492434s
Iteration 5
time: 0.491625s
Iteration 6
time: 0.489439s
Iteration 7
time: 0.490102s
Iteration 8
time: 0.485486s
Iteration 9
time: 0.488039s
Iteration 10
time: 0.488954s
Iteration 11
time: 0.491955s
Iteration 12
time: 0.491530s
Iteration 13
time: 0.488278s
Iteration 14
time: 0.486701s
Iteration 15
time: 0.491430s
Iteration 16
time: 0.510239s
Iteration 17
time: 0.489308s
Iteration 18
time: 2.025502s
Iteration 19
time: 0.489356s
Iteration 20
time: 2.586193s
Iteration 21
time: 2.277781s
Iteration 22
time: 0.501762s
Iteration 23
time: 0.487262s
Iteration 24
time: 2.370755s
2: Starting numprocs=16 N=8000, M=8000 impl=g-rabenseifner-subgroup-4
0: Starting numprocs=16 N=8000, M=8000 impl=g-rabenseifner-subgroup-4
Iteration 0
15: Starting numprocs=16 N=8000, M=8000 impl=g-rabenseifner-subgroup-4
6: Starting numprocs=16 N=8000, M=8000 impl=g-rabenseifner-subgroup-4
7: Starting numprocs=16 N=8000, M=8000 impl=g-rabenseifner-subgroup-4
13: Starting numprocs=16 N=8000, M=8000 impl=g-rabenseifner-subgroup-4
1: Starting numprocs=16 N=8000, M=8000 impl=g-rabenseifner-subgroup-4
11: Starting numprocs=16 N=8000, M=8000 impl=g-rabenseifner-subgroup-4
8: Starting numprocs=16 N=8000, M=8000 impl=g-rabenseifner-subgroup-4
9: Starting numprocs=16 N=8000, M=8000 impl=g-rabenseifner-subgroup-4
10: Starting numprocs=16 N=8000, M=8000 impl=g-rabenseifner-subgroup-4
5: Starting numprocs=16 N=8000, M=8000 impl=g-rabenseifner-subgroup-4
12: Starting numprocs=16 N=8000, M=8000 impl=g-rabenseifner-subgroup-4
3: Starting numprocs=16 N=8000, M=8000 impl=g-rabenseifner-subgroup-4
14: Starting numprocs=16 N=8000, M=8000 impl=g-rabenseifner-subgroup-4
4: Starting numprocs=16 N=8000, M=8000 impl=g-rabenseifner-subgroup-4
time: 0.647732s
Iteration 1
time: 0.547642s
Iteration 2
time: 0.554716s
Iteration 3
time: 0.536952s
Iteration 4
time: 0.539407s
Iteration 5
time: 0.548242s
Iteration 6
time: 0.529081s
Iteration 7
time: 0.531640s
Iteration 8
time: 0.536602s
Iteration 9
time: 0.537560s
Iteration 10
time: 0.541811s
Iteration 11
time: 0.537686s
Iteration 12
time: 0.537267s
Iteration 13
time: 0.537438s
Iteration 14
time: 0.530507s
Iteration 15
time: 0.541711s
Iteration 16
time: 0.541216s
Iteration 17
time: 0.544049s
Iteration 18
time: 0.543298s
Iteration 19
time: 0.538767s
Iteration 20
time: 0.537692s
Iteration 21
time: 0.537151s
Iteration 22
time: 0.537950s
Iteration 23
time: 0.536772s
Iteration 24
time: 0.537644s
1: Starting numprocs=16 N=8000, M=8000 impl=g-rabenseifner-subgroup-8
7: Starting numprocs=16 N=8000, M=8000 impl=g-rabenseifner-subgroup-8
6: Starting numprocs=16 N=8000, M=8000 impl=g-rabenseifner-subgroup-8
15: Starting numprocs=16 N=8000, M=8000 impl=g-rabenseifner-subgroup-8
0: Starting numprocs=16 N=8000, M=8000 impl=g-rabenseifner-subgroup-8
Iteration 0
2: Starting numprocs=16 N=8000, M=8000 impl=g-rabenseifner-subgroup-8
8: Starting numprocs=16 N=8000, M=8000 impl=g-rabenseifner-subgroup-8
9: Starting numprocs=16 N=8000, M=8000 impl=g-rabenseifner-subgroup-8
10: Starting numprocs=16 N=8000, M=8000 impl=g-rabenseifner-subgroup-8
14: Starting numprocs=16 N=8000, M=8000 impl=g-rabenseifner-subgroup-8
4: Starting numprocs=16 N=8000, M=8000 impl=g-rabenseifner-subgroup-8
13: Starting numprocs=16 N=8000, M=8000 impl=g-rabenseifner-subgroup-8
11: Starting numprocs=16 N=8000, M=8000 impl=g-rabenseifner-subgroup-8
5: Starting numprocs=16 N=8000, M=8000 impl=g-rabenseifner-subgroup-8
3: Starting numprocs=16 N=8000, M=8000 impl=g-rabenseifner-subgroup-8
12: Starting numprocs=16 N=8000, M=8000 impl=g-rabenseifner-subgroup-8
time: 0.683022s
Iteration 1
time: 0.577981s
Iteration 2
time: 0.575959s
Iteration 3
time: 0.573369s
Iteration 4
time: 0.574180s
Iteration 5
time: 0.565224s
Iteration 6
time: 0.568718s
Iteration 7
time: 0.578243s
Iteration 8
time: 0.581621s
Iteration 9
time: 0.568419s
Iteration 10
time: 0.572561s
Iteration 11
time: 0.571478s
Iteration 12
time: 0.579165s
Iteration 13
time: 0.645579s
Iteration 14
time: 0.561911s
Iteration 15
time: 0.572770s
Iteration 16
time: 0.625617s
Iteration 17
time: 0.572344s
Iteration 18
time: 0.569384s
Iteration 19
time: 0.574318s
Iteration 20
time: 0.569207s
Iteration 21
time: 0.568344s
Iteration 22
time: 0.568795s
Iteration 23
time: 0.564431s
Iteration 24
time: 0.638466s
