0: Starting numprocs=8 N=1000, M=1000 impl=allgather
Iteration 0
7: Starting numprocs=8 N=1000, M=1000 impl=allgather
2: Starting numprocs=8 N=1000, M=1000 impl=allgather
4: Starting numprocs=8 N=1000, M=1000 impl=allgather
1: Starting numprocs=8 N=1000, M=1000 impl=allgather
3: Starting numprocs=8 N=1000, M=1000 impl=allgather
6: Starting numprocs=8 N=1000, M=1000 impl=allgather
5: Starting numprocs=8 N=1000, M=1000 impl=allgather
time: 0.018144s
Iteration 1
time: 0.007289s
Iteration 2
time: 0.007241s
Iteration 3
time: 0.007225s
Iteration 4
time: 0.007200s
Iteration 5
time: 0.007179s
Iteration 6
time: 0.007198s
Iteration 7
time: 0.007193s
Iteration 8
time: 0.007205s
Iteration 9
time: 0.007162s
Iteration 10
time: 0.007185s
Iteration 11
time: 0.007930s
Iteration 12
time: 0.007411s
Iteration 13
time: 0.007412s
Iteration 14
time: 0.007446s
Iteration 15
time: 0.009027s
Iteration 16
time: 0.007442s
Iteration 17
time: 0.007918s
Iteration 18
time: 0.007410s
Iteration 19
time: 0.007405s
Iteration 20
time: 0.007398s
Iteration 21
time: 0.007372s
Iteration 22
time: 0.007378s
Iteration 23
time: 0.007421s
Iteration 24
time: 0.007437s
0: Starting numprocs=8 N=1000, M=1000 impl=allreduce
Iteration 0
7: Starting numprocs=8 N=1000, M=1000 impl=allreduce
2: Starting numprocs=8 N=1000, M=1000 impl=allreduce
4: Starting numprocs=8 N=1000, M=1000 impl=allreduce
3: Starting numprocs=8 N=1000, M=1000 impl=allreduce
6: Starting numprocs=8 N=1000, M=1000 impl=allreduce
1: Starting numprocs=8 N=1000, M=1000 impl=allreduce
5: Starting numprocs=8 N=1000, M=1000 impl=allreduce
time: 0.033087s
Iteration 1
time: 0.020711s
Iteration 2
time: 0.016241s
Iteration 3
time: 0.015739s
Iteration 4
time: 0.015785s
Iteration 5
time: 0.015911s
Iteration 6
time: 0.015594s
Iteration 7
time: 0.015444s
Iteration 8
time: 0.015650s
Iteration 9
time: 0.016144s
Iteration 10
time: 0.015656s
Iteration 11
time: 0.015629s
Iteration 12
time: 0.016622s
Iteration 13
time: 0.015942s
Iteration 14
time: 0.015962s
Iteration 15
time: 0.015519s
Iteration 16
time: 0.015934s
Iteration 17
time: 0.015701s
Iteration 18
time: 0.015602s
Iteration 19
time: 0.015892s
Iteration 20
time: 0.015920s
Iteration 21
time: 0.016063s
Iteration 22
time: 0.015663s
Iteration 23
time: 0.016683s
Iteration 24
time: 0.016387s
0: Starting numprocs=8 N=1000, M=1000 impl=allreduce-ring
Iteration 0
7: Starting numprocs=8 N=1000, M=1000 impl=allreduce-ring
4: Starting numprocs=8 N=1000, M=1000 impl=allreduce-ring
2: Starting numprocs=8 N=1000, M=1000 impl=allreduce-ring
1: Starting numprocs=8 N=1000, M=1000 impl=allreduce-ring
6: Starting numprocs=8 N=1000, M=1000 impl=allreduce-ring
3: Starting numprocs=8 N=1000, M=1000 impl=allreduce-ring
5: Starting numprocs=8 N=1000, M=1000 impl=allreduce-ring
time: 0.030417s
Iteration 1
time: 0.015012s
Iteration 2
time: 0.014022s
Iteration 3
time: 0.014041s
Iteration 4
time: 0.013771s
Iteration 5
time: 0.014624s
Iteration 6
time: 0.014323s
Iteration 7
time: 0.013904s
Iteration 8
time: 0.013972s
Iteration 9
time: 0.014277s
Iteration 10
time: 0.014027s
Iteration 11
time: 0.014128s
Iteration 12
time: 0.014483s
Iteration 13
time: 0.014128s
Iteration 14
time: 0.013992s
Iteration 15
time: 0.014804s
Iteration 16
time: 0.013910s
Iteration 17
time: 0.014304s
Iteration 18
time: 0.014051s
Iteration 19
time: 0.014402s
Iteration 20
time: 0.014269s
Iteration 21
time: 0.014016s
Iteration 22
time: 0.013929s
Iteration 23
time: 0.013990s
Iteration 24
time: 0.013853s
0: Starting numprocs=8 N=1000, M=1000 impl=g-rabenseifner-allgather
Iteration 0
7: Starting numprocs=8 N=1000, M=1000 impl=g-rabenseifner-allgather
4: Starting numprocs=8 N=1000, M=1000 impl=g-rabenseifner-allgather
2: Starting numprocs=8 N=1000, M=1000 impl=g-rabenseifner-allgather
3: Starting numprocs=8 N=1000, M=1000 impl=g-rabenseifner-allgather
6: Starting numprocs=8 N=1000, M=1000 impl=g-rabenseifner-allgather
1: Starting numprocs=8 N=1000, M=1000 impl=g-rabenseifner-allgather
5: Starting numprocs=8 N=1000, M=1000 impl=g-rabenseifner-allgather
time: 0.019845s
Iteration 1
time: 0.007173s
Iteration 2
time: 0.007016s
Iteration 3
time: 0.007026s
Iteration 4
time: 0.007038s
Iteration 5
time: 0.007068s
Iteration 6
time: 0.007056s
Iteration 7
time: 0.007064s
Iteration 8
time: 0.007076s
Iteration 9
time: 0.007087s
Iteration 10
time: 0.007039s
Iteration 11
time: 0.007029s
Iteration 12
time: 0.007063s
Iteration 13
time: 0.007070s
Iteration 14
time: 0.007070s
Iteration 15
time: 0.007066s
Iteration 16
time: 0.007074s
Iteration 17
time: 0.007323s
Iteration 18
time: 0.007105s
Iteration 19
time: 0.007098s
Iteration 20
time: 0.007077s
Iteration 21
time: 0.007076s
Iteration 22
time: 0.007278s
Iteration 23
time: 0.007080s
Iteration 24
time: 0.007090s
0: Starting numprocs=8 N=1000, M=1000 impl=g-rabenseifner-subgroup-2
Iteration 0
2: Starting numprocs=8 N=1000, M=1000 impl=g-rabenseifner-subgroup-2
4: Starting numprocs=8 N=1000, M=1000 impl=g-rabenseifner-subgroup-2
3: Starting numprocs=8 N=1000, M=1000 impl=g-rabenseifner-subgroup-2
1: Starting numprocs=8 N=1000, M=1000 impl=g-rabenseifner-subgroup-2
7: Starting numprocs=8 N=1000, M=1000 impl=g-rabenseifner-subgroup-2
6: Starting numprocs=8 N=1000, M=1000 impl=g-rabenseifner-subgroup-2
5: Starting numprocs=8 N=1000, M=1000 impl=g-rabenseifner-subgroup-2
time: 0.025886s
Iteration 1
time: 0.007063s
Iteration 2
time: 0.007046s
Iteration 3
time: 0.007028s
Iteration 4
time: 0.007438s
Iteration 5
time: 0.007076s
Iteration 6
time: 0.007375s
Iteration 7
time: 0.007561s
Iteration 8
time: 0.007032s
Iteration 9
time: 0.007104s
Iteration 10
time: 0.007070s
Iteration 11
time: 0.007119s
Iteration 12
time: 0.007576s
Iteration 13
time: 0.007560s
Iteration 14
time: 0.007090s
Iteration 15
time: 0.007130s
Iteration 16
time: 0.007095s
Iteration 17
time: 0.007136s
Iteration 18
time: 0.007120s
Iteration 19
time: 0.007098s
Iteration 20
time: 0.007636s
Iteration 21
time: 0.007174s
Iteration 22
time: 0.007116s
Iteration 23
time: 0.007095s
Iteration 24
time: 0.007097s
0: Starting numprocs=8 N=1000, M=1000 impl=g-rabenseifner-subgroup-4
Iteration 0
7: Starting numprocs=8 N=1000, M=1000 impl=g-rabenseifner-subgroup-4
2: Starting numprocs=8 N=1000, M=1000 impl=g-rabenseifner-subgroup-4
4: Starting numprocs=8 N=1000, M=1000 impl=g-rabenseifner-subgroup-4
3: Starting numprocs=8 N=1000, M=1000 impl=g-rabenseifner-subgroup-4
1: Starting numprocs=8 N=1000, M=1000 impl=g-rabenseifner-subgroup-4
6: Starting numprocs=8 N=1000, M=1000 impl=g-rabenseifner-subgroup-4
5: Starting numprocs=8 N=1000, M=1000 impl=g-rabenseifner-subgroup-4
time: 0.024276s
Iteration 1
time: 0.007088s
Iteration 2
time: 0.007116s
Iteration 3
time: 0.007203s
Iteration 4
time: 0.007106s
Iteration 5
time: 0.007184s
Iteration 6
time: 0.007126s
Iteration 7
time: 0.007124s
Iteration 8
time: 0.007097s
Iteration 9
time: 0.007143s
Iteration 10
time: 0.007636s
Iteration 11
time: 0.007171s
Iteration 12
time: 0.007112s
Iteration 13
time: 0.007126s
Iteration 14
time: 0.007144s
Iteration 15
time: 0.007130s
Iteration 16
time: 0.007158s
Iteration 17
time: 0.007192s
Iteration 18
time: 0.007139s
Iteration 19
time: 0.007177s
Iteration 20
time: 0.007168s
Iteration 21
time: 0.007151s
Iteration 22
time: 0.007303s
Iteration 23
time: 0.007280s
Iteration 24
time: 0.007303s
0: Starting numprocs=8 N=1000, M=1000 impl=g-rabenseifner-subgroup-8
Iteration 0
7: Starting numprocs=8 N=1000, M=1000 impl=g-rabenseifner-subgroup-8
2: Starting numprocs=8 N=1000, M=1000 impl=g-rabenseifner-subgroup-8
3: Starting numprocs=8 N=1000, M=1000 impl=g-rabenseifner-subgroup-8
4: Starting numprocs=8 N=1000, M=1000 impl=g-rabenseifner-subgroup-8
6: Starting numprocs=8 N=1000, M=1000 impl=g-rabenseifner-subgroup-8
1: Starting numprocs=8 N=1000, M=1000 impl=g-rabenseifner-subgroup-8
5: Starting numprocs=8 N=1000, M=1000 impl=g-rabenseifner-subgroup-8
time: 0.016234s
Iteration 1
time: 0.006556s
Iteration 2
time: 0.006654s
Iteration 3
time: 0.006652s
Iteration 4
time: 0.006701s
Iteration 5
time: 0.006751s
Iteration 6
time: 0.006771s
Iteration 7
time: 0.006751s
Iteration 8
time: 0.006969s
Iteration 9
time: 0.006915s
Iteration 10
time: 0.007496s
Iteration 11
time: 0.007025s
Iteration 12
time: 0.006979s
Iteration 13
time: 0.006993s
Iteration 14
time: 0.007471s
Iteration 15
time: 0.006948s
Iteration 16
time: 0.006983s
Iteration 17
time: 0.006920s
Iteration 18
time: 0.006927s
Iteration 19
time: 0.006870s
Iteration 20
time: 0.006874s
Iteration 21
time: 0.006847s
Iteration 22
time: 0.006958s
Iteration 23
time: 0.006978s
Iteration 24
time: 0.006955s
0: Starting numprocs=8 N=2000, M=2000 impl=allgather
Iteration 0
7: Starting numprocs=8 N=2000, M=2000 impl=allgather
2: Starting numprocs=8 N=2000, M=2000 impl=allgather
4: Starting numprocs=8 N=2000, M=2000 impl=allgather
3: Starting numprocs=8 N=2000, M=2000 impl=allgather
1: Starting numprocs=8 N=2000, M=2000 impl=allgather
6: Starting numprocs=8 N=2000, M=2000 impl=allgather
5: Starting numprocs=8 N=2000, M=2000 impl=allgather
time: 0.042022s
Iteration 1
time: 0.029260s
Iteration 2
time: 0.029069s
Iteration 3
time: 0.030245s
Iteration 4
time: 0.029822s
Iteration 5
time: 0.029844s
Iteration 6
time: 0.030990s
Iteration 7
time: 0.029911s
Iteration 8
time: 0.030015s
Iteration 9
time: 0.029946s
Iteration 10
time: 0.030413s
Iteration 11
time: 0.029972s
Iteration 12
time: 0.029893s
Iteration 13
time: 0.029538s
Iteration 14
time: 0.029957s
Iteration 15
time: 0.034741s
Iteration 16
time: 0.030934s
Iteration 17
time: 0.029887s
Iteration 18
time: 0.029354s
Iteration 19
time: 0.029545s
Iteration 20
time: 0.029430s
Iteration 21
time: 0.029928s
Iteration 22
time: 0.029964s
Iteration 23
time: 0.029614s
Iteration 24
time: 0.029633s
0: Starting numprocs=8 N=2000, M=2000 impl=allreduce
Iteration 0
7: Starting numprocs=8 N=2000, M=2000 impl=allreduce
4: Starting numprocs=8 N=2000, M=2000 impl=allreduce
3: Starting numprocs=8 N=2000, M=2000 impl=allreduce
1: Starting numprocs=8 N=2000, M=2000 impl=allreduce
2: Starting numprocs=8 N=2000, M=2000 impl=allreduce
6: Starting numprocs=8 N=2000, M=2000 impl=allreduce
5: Starting numprocs=8 N=2000, M=2000 impl=allreduce
time: 0.101587s
Iteration 1
time: 0.082286s
Iteration 2
time: 0.064177s
Iteration 3
time: 0.066043s
Iteration 4
time: 0.067866s
Iteration 5
time: 0.067606s
Iteration 6
time: 0.070843s
Iteration 7
time: 0.070768s
Iteration 8
time: 0.067518s
Iteration 9
time: 0.065674s
Iteration 10
time: 0.065242s
Iteration 11
time: 0.067370s
Iteration 12
time: 0.067528s
Iteration 13
time: 0.067820s
Iteration 14
time: 0.071436s
Iteration 15
time: 0.068539s
Iteration 16
time: 0.065320s
Iteration 17
time: 0.065044s
Iteration 18
time: 0.067454s
Iteration 19
time: 0.066147s
Iteration 20
time: 0.068437s
Iteration 21
time: 0.064621s
Iteration 22
time: 0.070678s
Iteration 23
time: 0.066952s
Iteration 24
time: 0.066204s
0: Starting numprocs=8 N=2000, M=2000 impl=allreduce-ring
Iteration 0
2: Starting numprocs=8 N=2000, M=2000 impl=allreduce-ring
7: Starting numprocs=8 N=2000, M=2000 impl=allreduce-ring
3: Starting numprocs=8 N=2000, M=2000 impl=allreduce-ring
6: Starting numprocs=8 N=2000, M=2000 impl=allreduce-ring
4: Starting numprocs=8 N=2000, M=2000 impl=allreduce-ring
1: Starting numprocs=8 N=2000, M=2000 impl=allreduce-ring
5: Starting numprocs=8 N=2000, M=2000 impl=allreduce-ring
time: 0.074931s
Iteration 1
time: 0.055346s
Iteration 2
time: 0.054825s
Iteration 3
time: 0.055991s
Iteration 4
time: 0.056260s
Iteration 5
time: 0.054338s
Iteration 6
time: 0.055036s
Iteration 7
time: 0.055528s
Iteration 8
time: 0.054388s
Iteration 9
time: 0.055264s
Iteration 10
time: 0.055629s
Iteration 11
time: 0.055235s
Iteration 12
time: 0.055984s
Iteration 13
time: 0.056270s
Iteration 14
time: 0.056081s
Iteration 15
time: 0.055229s
Iteration 16
time: 0.055142s
Iteration 17
time: 0.055069s
Iteration 18
time: 0.054412s
Iteration 19
time: 0.054522s
Iteration 20
time: 0.054372s
Iteration 21
time: 0.054381s
Iteration 22
time: 0.053920s
Iteration 23
time: 0.057882s
Iteration 24
time: 0.054808s
0: Starting numprocs=8 N=2000, M=2000 impl=g-rabenseifner-allgather
Iteration 0
2: Starting numprocs=8 N=2000, M=2000 impl=g-rabenseifner-allgather
3: Starting numprocs=8 N=2000, M=2000 impl=g-rabenseifner-allgather
7: Starting numprocs=8 N=2000, M=2000 impl=g-rabenseifner-allgather
4: Starting numprocs=8 N=2000, M=2000 impl=g-rabenseifner-allgather
6: Starting numprocs=8 N=2000, M=2000 impl=g-rabenseifner-allgather
1: Starting numprocs=8 N=2000, M=2000 impl=g-rabenseifner-allgather
5: Starting numprocs=8 N=2000, M=2000 impl=g-rabenseifner-allgather
time: 0.041078s
Iteration 1
time: 0.027737s
Iteration 2
time: 0.027857s
Iteration 3
time: 0.027743s
Iteration 4
time: 0.027505s
Iteration 5
time: 0.027652s
Iteration 6
time: 0.027518s
Iteration 7
time: 0.028158s
Iteration 8
time: 0.027572s
Iteration 9
time: 0.027739s
Iteration 10
time: 0.027710s
Iteration 11
time: 0.028159s
Iteration 12
time: 0.027681s
Iteration 13
time: 0.027779s
Iteration 14
time: 0.027797s
Iteration 15
time: 0.027599s
Iteration 16
time: 0.027751s
Iteration 17
time: 0.027524s
Iteration 18
time: 0.027692s
Iteration 19
time: 0.027686s
Iteration 20
time: 0.027628s
Iteration 21
time: 0.028062s
Iteration 22
time: 0.027739s
Iteration 23
time: 0.027625s
Iteration 24
time: 0.027885s
0: Starting numprocs=8 N=2000, M=2000 impl=g-rabenseifner-subgroup-2
Iteration 0
3: Starting numprocs=8 N=2000, M=2000 impl=g-rabenseifner-subgroup-2
7: Starting numprocs=8 N=2000, M=2000 impl=g-rabenseifner-subgroup-2
4: Starting numprocs=8 N=2000, M=2000 impl=g-rabenseifner-subgroup-2
2: Starting numprocs=8 N=2000, M=2000 impl=g-rabenseifner-subgroup-2
1: Starting numprocs=8 N=2000, M=2000 impl=g-rabenseifner-subgroup-2
6: Starting numprocs=8 N=2000, M=2000 impl=g-rabenseifner-subgroup-2
5: Starting numprocs=8 N=2000, M=2000 impl=g-rabenseifner-subgroup-2
time: 0.042427s
Iteration 1
time: 0.027242s
Iteration 2
time: 0.028001s
Iteration 3
time: 0.027549s
Iteration 4
time: 0.027486s
Iteration 5
time: 0.027310s
Iteration 6
time: 0.028106s
Iteration 7
time: 0.027895s
Iteration 8
time: 0.027869s
Iteration 9
time: 0.028742s
Iteration 10
time: 0.027536s
Iteration 11
time: 0.027792s
Iteration 12
time: 0.027761s
Iteration 13
time: 0.027522s
Iteration 14
time: 0.027592s
Iteration 15
time: 0.027738s
Iteration 16
time: 0.027730s
Iteration 17
time: 0.027732s
Iteration 18
time: 0.027532s
Iteration 19
time: 0.027445s
Iteration 20
time: 0.027402s
Iteration 21
time: 0.027499s
Iteration 22
time: 0.027486s
Iteration 23
time: 0.027391s
Iteration 24
time: 0.027421s
0: Starting numprocs=8 N=2000, M=2000 impl=g-rabenseifner-subgroup-4
Iteration 0
4: Starting numprocs=8 N=2000, M=2000 impl=g-rabenseifner-subgroup-4
7: Starting numprocs=8 N=2000, M=2000 impl=g-rabenseifner-subgroup-4
2: Starting numprocs=8 N=2000, M=2000 impl=g-rabenseifner-subgroup-4
3: Starting numprocs=8 N=2000, M=2000 impl=g-rabenseifner-subgroup-4
1: Starting numprocs=8 N=2000, M=2000 impl=g-rabenseifner-subgroup-4
6: Starting numprocs=8 N=2000, M=2000 impl=g-rabenseifner-subgroup-4
5: Starting numprocs=8 N=2000, M=2000 impl=g-rabenseifner-subgroup-4
time: 0.037723s
Iteration 1
time: 0.027418s
Iteration 2
time: 0.027999s
Iteration 3
time: 0.027943s
Iteration 4
time: 0.027713s
Iteration 5
time: 0.027844s
Iteration 6
time: 0.027372s
Iteration 7
time: 0.027954s
Iteration 8
time: 0.027817s
Iteration 9
time: 0.028068s
Iteration 10
time: 0.028104s
Iteration 11
time: 0.027255s
Iteration 12
time: 0.027505s
Iteration 13
time: 0.027717s
Iteration 14
time: 0.028491s
Iteration 15
time: 0.027515s
Iteration 16
time: 0.027498s
Iteration 17
time: 0.027219s
Iteration 18
time: 0.027672s
Iteration 19
time: 0.027657s
Iteration 20
time: 0.027677s
Iteration 21
time: 0.027728s
Iteration 22
time: 0.027773s
Iteration 23
time: 0.027560s
Iteration 24
time: 0.027623s
0: Starting numprocs=8 N=2000, M=2000 impl=g-rabenseifner-subgroup-8
Iteration 0
7: Starting numprocs=8 N=2000, M=2000 impl=g-rabenseifner-subgroup-8
4: Starting numprocs=8 N=2000, M=2000 impl=g-rabenseifner-subgroup-8
3: Starting numprocs=8 N=2000, M=2000 impl=g-rabenseifner-subgroup-8
6: Starting numprocs=8 N=2000, M=2000 impl=g-rabenseifner-subgroup-8
2: Starting numprocs=8 N=2000, M=2000 impl=g-rabenseifner-subgroup-8
1: Starting numprocs=8 N=2000, M=2000 impl=g-rabenseifner-subgroup-8
5: Starting numprocs=8 N=2000, M=2000 impl=g-rabenseifner-subgroup-8
time: 0.039184s
Iteration 1
time: 0.027427s
Iteration 2
time: 0.027082s
Iteration 3
time: 0.027562s
Iteration 4
time: 0.026962s
Iteration 5
time: 0.027635s
Iteration 6
time: 0.027868s
Iteration 7
time: 0.027033s
Iteration 8
time: 0.027089s
Iteration 9
time: 0.027809s
Iteration 10
time: 0.027935s
Iteration 11
time: 0.027278s
Iteration 12
time: 0.027089s
Iteration 13
time: 0.027745s
Iteration 14
time: 0.027814s
Iteration 15
time: 0.027323s
Iteration 16
time: 0.027219s
Iteration 17
time: 0.027679s
Iteration 18
time: 0.026982s
Iteration 19
time: 0.026911s
Iteration 20
time: 0.027393s
Iteration 21
time: 0.027646s
Iteration 22
time: 0.027454s
Iteration 23
time: 0.027077s
Iteration 24
time: 0.027803s
0: Starting numprocs=8 N=3000, M=3000 impl=allgather
Iteration 0
7: Starting numprocs=8 N=3000, M=3000 impl=allgather
3: Starting numprocs=8 N=3000, M=3000 impl=allgather
4: Starting numprocs=8 N=3000, M=3000 impl=allgather
2: Starting numprocs=8 N=3000, M=3000 impl=allgather
6: Starting numprocs=8 N=3000, M=3000 impl=allgather
1: Starting numprocs=8 N=3000, M=3000 impl=allgather
5: Starting numprocs=8 N=3000, M=3000 impl=allgather
time: 0.078077s
Iteration 1
time: 0.066091s
Iteration 2
time: 0.066484s
Iteration 3
time: 0.068189s
Iteration 4
time: 0.066280s
Iteration 5
time: 0.066468s
Iteration 6
time: 0.067361s
Iteration 7
time: 0.066704s
Iteration 8
time: 0.066577s
Iteration 9
time: 0.068107s
Iteration 10
time: 0.067487s
Iteration 11
time: 0.067037s
Iteration 12
time: 0.067700s
Iteration 13
time: 0.069228s
Iteration 14
time: 0.067841s
Iteration 15
time: 0.067873s
Iteration 16
time: 0.067911s
Iteration 17
time: 0.066675s
Iteration 18
time: 0.067400s
Iteration 19
time: 0.067882s
Iteration 20
time: 0.067383s
Iteration 21
time: 0.067521s
Iteration 22
time: 0.067247s
Iteration 23
time: 0.066730s
Iteration 24
time: 0.068052s
7: Starting numprocs=8 N=3000, M=3000 impl=allreduce
0: Starting numprocs=8 N=3000, M=3000 impl=allreduce
Iteration 0
4: Starting numprocs=8 N=3000, M=3000 impl=allreduce
2: Starting numprocs=8 N=3000, M=3000 impl=allreduce
3: Starting numprocs=8 N=3000, M=3000 impl=allreduce
1: Starting numprocs=8 N=3000, M=3000 impl=allreduce
6: Starting numprocs=8 N=3000, M=3000 impl=allreduce
5: Starting numprocs=8 N=3000, M=3000 impl=allreduce
time: 0.226362s
Iteration 1
time: 0.195624s
Iteration 2
time: 0.192307s
Iteration 3
time: 0.196950s
Iteration 4
time: 0.190617s
Iteration 5
time: 0.200144s
Iteration 6
time: 0.199865s
Iteration 7
time: 0.189545s
Iteration 8
time: 0.194736s
Iteration 9
time: 0.193595s
Iteration 10
time: 0.194176s
Iteration 11
time: 0.204091s
Iteration 12
time: 0.194634s
Iteration 13
time: 0.187867s
Iteration 14
time: 0.199151s
Iteration 15
time: 0.196628s
Iteration 16
time: 0.197165s
Iteration 17
time: 0.193454s
Iteration 18
time: 0.192285s
Iteration 19
time: 0.193999s
Iteration 20
time: 0.197927s
Iteration 21
time: 0.197644s
Iteration 22
time: 0.197018s
Iteration 23
time: 0.188304s
Iteration 24
time: 0.193429s
0: Starting numprocs=8 N=3000, M=3000 impl=allreduce-ring
Iteration 0
7: Starting numprocs=8 N=3000, M=3000 impl=allreduce-ring
2: Starting numprocs=8 N=3000, M=3000 impl=allreduce-ring
4: Starting numprocs=8 N=3000, M=3000 impl=allreduce-ring
3: Starting numprocs=8 N=3000, M=3000 impl=allreduce-ring
6: Starting numprocs=8 N=3000, M=3000 impl=allreduce-ring
1: Starting numprocs=8 N=3000, M=3000 impl=allreduce-ring
5: Starting numprocs=8 N=3000, M=3000 impl=allreduce-ring
time: 0.156169s
Iteration 1
time: 0.129647s
Iteration 2
time: 0.124187s
Iteration 3
time: 0.125832s
Iteration 4
time: 0.128009s
Iteration 5
time: 0.130179s
Iteration 6
time: 0.128747s
Iteration 7
time: 0.126035s
Iteration 8
time: 0.126868s
Iteration 9
time: 0.129177s
Iteration 10
time: 0.132328s
Iteration 11
time: 0.129706s
Iteration 12
time: 0.124629s
Iteration 13
time: 0.130635s
Iteration 14
time: 0.130307s
Iteration 15
time: 0.125272s
Iteration 16
time: 0.125135s
Iteration 17
time: 0.128317s
Iteration 18
time: 0.126289s
Iteration 19
time: 0.126681s
Iteration 20
time: 0.124539s
Iteration 21
time: 0.124536s
Iteration 22
time: 0.126237s
Iteration 23
time: 0.129331s
Iteration 24
time: 0.132308s
0: Starting numprocs=8 N=3000, M=3000 impl=g-rabenseifner-allgather
Iteration 0
7: Starting numprocs=8 N=3000, M=3000 impl=g-rabenseifner-allgather
4: Starting numprocs=8 N=3000, M=3000 impl=g-rabenseifner-allgather
1: Starting numprocs=8 N=3000, M=3000 impl=g-rabenseifner-allgather
3: Starting numprocs=8 N=3000, M=3000 impl=g-rabenseifner-allgather
6: Starting numprocs=8 N=3000, M=3000 impl=g-rabenseifner-allgather
2: Starting numprocs=8 N=3000, M=3000 impl=g-rabenseifner-allgather
5: Starting numprocs=8 N=3000, M=3000 impl=g-rabenseifner-allgather
time: 0.088455s
Iteration 1
time: 0.063420s
Iteration 2
time: 0.062244s
Iteration 3
time: 0.061787s
Iteration 4
time: 0.061954s
Iteration 5
time: 0.061993s
Iteration 6
time: 0.062890s
Iteration 7
time: 0.061964s
Iteration 8
time: 0.061879s
Iteration 9
time: 0.061577s
Iteration 10
time: 0.061604s
Iteration 11
time: 0.061605s
Iteration 12
time: 0.061936s
Iteration 13
time: 0.061819s
Iteration 14
time: 0.061819s
Iteration 15
time: 0.061936s
Iteration 16
time: 0.061874s
Iteration 17
time: 0.062025s
Iteration 18
time: 0.061922s
Iteration 19
time: 0.061974s
Iteration 20
time: 0.061645s
Iteration 21
time: 0.061873s
Iteration 22
time: 0.062276s
Iteration 23
time: 0.061771s
Iteration 24
time: 0.061954s
7: Starting numprocs=8 N=3000, M=3000 impl=g-rabenseifner-subgroup-2
0: Starting numprocs=8 N=3000, M=3000 impl=g-rabenseifner-subgroup-2
Iteration 0
3: Starting numprocs=8 N=3000, M=3000 impl=g-rabenseifner-subgroup-2
2: Starting numprocs=8 N=3000, M=3000 impl=g-rabenseifner-subgroup-2
4: Starting numprocs=8 N=3000, M=3000 impl=g-rabenseifner-subgroup-2
6: Starting numprocs=8 N=3000, M=3000 impl=g-rabenseifner-subgroup-2
1: Starting numprocs=8 N=3000, M=3000 impl=g-rabenseifner-subgroup-2
5: Starting numprocs=8 N=3000, M=3000 impl=g-rabenseifner-subgroup-2
time: 0.085654s
Iteration 1
time: 0.061435s
Iteration 2
time: 0.061572s
Iteration 3
time: 0.061509s
Iteration 4
time: 0.061477s
Iteration 5
time: 0.062005s
Iteration 6
time: 0.061833s
Iteration 7
time: 0.062289s
Iteration 8
time: 0.062171s
Iteration 9
time: 0.062093s
Iteration 10
time: 0.061533s
Iteration 11
time: 0.062033s
Iteration 12
time: 0.061755s
Iteration 13
time: 0.061888s
Iteration 14
time: 0.062324s
Iteration 15
time: 0.061636s
Iteration 16
time: 0.061736s
Iteration 17
time: 0.061495s
Iteration 18
time: 0.061993s
Iteration 19
time: 0.061791s
Iteration 20
time: 0.061687s
Iteration 21
time: 0.061640s
Iteration 22
time: 0.061598s
Iteration 23
time: 0.061758s
Iteration 24
time: 0.061552s
0: Starting numprocs=8 N=3000, M=3000 impl=g-rabenseifner-subgroup-4
Iteration 0
4: Starting numprocs=8 N=3000, M=3000 impl=g-rabenseifner-subgroup-4
7: Starting numprocs=8 N=3000, M=3000 impl=g-rabenseifner-subgroup-4
3: Starting numprocs=8 N=3000, M=3000 impl=g-rabenseifner-subgroup-4
2: Starting numprocs=8 N=3000, M=3000 impl=g-rabenseifner-subgroup-4
1: Starting numprocs=8 N=3000, M=3000 impl=g-rabenseifner-subgroup-4
6: Starting numprocs=8 N=3000, M=3000 impl=g-rabenseifner-subgroup-4
5: Starting numprocs=8 N=3000, M=3000 impl=g-rabenseifner-subgroup-4
time: 0.075393s
Iteration 1
time: 0.061601s
Iteration 2
time: 0.061146s
Iteration 3
time: 0.062172s
Iteration 4
time: 0.061667s
Iteration 5
time: 0.062634s
Iteration 6
time: 0.061712s
Iteration 7
time: 0.061184s
Iteration 8
time: 0.062038s
Iteration 9
time: 0.061358s
Iteration 10
time: 0.062219s
Iteration 11
time: 0.061344s
Iteration 12
time: 0.061756s
Iteration 13
time: 0.062120s
Iteration 14
time: 0.061101s
Iteration 15
time: 0.062211s
Iteration 16
time: 0.060916s
Iteration 17
time: 0.061791s
Iteration 18
time: 0.061737s
Iteration 19
time: 0.061781s
Iteration 20
time: 0.061622s
Iteration 21
time: 0.061554s
Iteration 22
time: 0.060963s
Iteration 23
time: 0.061590s
Iteration 24
time: 0.060804s
3: Starting numprocs=8 N=3000, M=3000 impl=g-rabenseifner-subgroup-8
0: Starting numprocs=8 N=3000, M=3000 impl=g-rabenseifner-subgroup-8
Iteration 0
4: Starting numprocs=8 N=3000, M=3000 impl=g-rabenseifner-subgroup-8
2: Starting numprocs=8 N=3000, M=3000 impl=g-rabenseifner-subgroup-8
7: Starting numprocs=8 N=3000, M=3000 impl=g-rabenseifner-subgroup-8
6: Starting numprocs=8 N=3000, M=3000 impl=g-rabenseifner-subgroup-8
1: Starting numprocs=8 N=3000, M=3000 impl=g-rabenseifner-subgroup-8
5: Starting numprocs=8 N=3000, M=3000 impl=g-rabenseifner-subgroup-8
time: 0.069412s
Iteration 1
time: 0.060934s
Iteration 2
time: 0.061411s
Iteration 3
time: 0.060967s
Iteration 4
time: 0.060575s
Iteration 5
time: 0.060883s
Iteration 6
time: 0.061401s
Iteration 7
time: 0.061645s
Iteration 8
time: 0.061602s
Iteration 9
time: 0.060956s
Iteration 10
time: 0.061136s
Iteration 11
time: 0.061717s
Iteration 12
time: 0.060510s
Iteration 13
time: 0.063051s
Iteration 14
time: 0.061343s
Iteration 15
time: 0.062943s
Iteration 16
time: 0.062830s
Iteration 17
time: 0.060888s
Iteration 18
time: 0.062626s
Iteration 19
time: 0.062323s
Iteration 20
time: 0.061609s
Iteration 21
time: 0.061743s
Iteration 22
time: 0.061453s
Iteration 23
time: 0.062444s
Iteration 24
time: 0.060868s
3: Starting numprocs=8 N=4000, M=4000 impl=allgather
0: Starting numprocs=8 N=4000, M=4000 impl=allgather
Iteration 0
4: Starting numprocs=8 N=4000, M=4000 impl=allgather
2: Starting numprocs=8 N=4000, M=4000 impl=allgather
7: Starting numprocs=8 N=4000, M=4000 impl=allgather
6: Starting numprocs=8 N=4000, M=4000 impl=allgather
1: Starting numprocs=8 N=4000, M=4000 impl=allgather
5: Starting numprocs=8 N=4000, M=4000 impl=allgather
time: 0.136886s
Iteration 1
time: 0.134219s
Iteration 2
time: 0.128716s
Iteration 3
time: 0.129169s
Iteration 4
time: 0.129859s
Iteration 5
time: 0.131493s
Iteration 6
time: 0.131005s
Iteration 7
time: 0.129167s
Iteration 8
time: 0.128642s
Iteration 9
time: 0.130419s
Iteration 10
time: 0.129595s
Iteration 11
time: 0.134054s
Iteration 12
time: 0.128698s
Iteration 13
time: 0.129704s
Iteration 14
time: 0.130654s
Iteration 15
time: 0.129435s
Iteration 16
time: 0.135181s
Iteration 17
time: 0.129591s
Iteration 18
time: 0.129379s
Iteration 19
time: 0.129469s
Iteration 20
time: 0.128889s
Iteration 21
time: 0.132165s
Iteration 22
time: 0.129529s
Iteration 23
time: 0.128808s
Iteration 24
time: 0.129836s
0: Starting numprocs=8 N=4000, M=4000 impl=allreduce
Iteration 0
4: Starting numprocs=8 N=4000, M=4000 impl=allreduce
3: Starting numprocs=8 N=4000, M=4000 impl=allreduce
2: Starting numprocs=8 N=4000, M=4000 impl=allreduce
6: Starting numprocs=8 N=4000, M=4000 impl=allreduce
1: Starting numprocs=8 N=4000, M=4000 impl=allreduce
7: Starting numprocs=8 N=4000, M=4000 impl=allreduce
5: Starting numprocs=8 N=4000, M=4000 impl=allreduce
time: 0.383196s
Iteration 1
time: 0.343903s
Iteration 2
time: 0.355165s
Iteration 3
time: 0.339291s
Iteration 4
time: 0.345850s
Iteration 5
time: 0.345508s
Iteration 6
time: 0.343626s
Iteration 7
time: 0.347019s
Iteration 8
time: 0.346559s
Iteration 9
time: 0.341733s
Iteration 10
time: 0.343609s
Iteration 11
time: 0.355724s
Iteration 12
time: 0.343826s
Iteration 13
time: 0.347516s
Iteration 14
time: 0.346481s
Iteration 15
time: 0.346069s
Iteration 16
time: 0.342710s
Iteration 17
time: 0.354166s
Iteration 18
time: 0.340556s
Iteration 19
time: 0.346807s
Iteration 20
time: 0.351572s
Iteration 21
time: 0.338263s
Iteration 22
time: 0.340498s
Iteration 23
time: 0.350826s
Iteration 24
time: 0.342123s
0: Starting numprocs=8 N=4000, M=4000 impl=allreduce-ring
Iteration 0
2: Starting numprocs=8 N=4000, M=4000 impl=allreduce-ring
7: Starting numprocs=8 N=4000, M=4000 impl=allreduce-ring
4: Starting numprocs=8 N=4000, M=4000 impl=allreduce-ring
3: Starting numprocs=8 N=4000, M=4000 impl=allreduce-ring
6: Starting numprocs=8 N=4000, M=4000 impl=allreduce-ring
1: Starting numprocs=8 N=4000, M=4000 impl=allreduce-ring
5: Starting numprocs=8 N=4000, M=4000 impl=allreduce-ring
time: 0.255661s
Iteration 1
time: 0.226414s
Iteration 2
time: 0.236026s
Iteration 3
time: 0.226114s
Iteration 4
time: 0.229481s
Iteration 5
time: 0.225263s
Iteration 6
time: 0.228736s
Iteration 7
time: 0.224289s
Iteration 8
time: 0.235391s
Iteration 9
time: 0.226537s
Iteration 10
time: 0.231636s
Iteration 11
time: 0.227790s
Iteration 12
time: 0.232162s
Iteration 13
time: 0.233545s
Iteration 14
time: 0.226959s
Iteration 15
time: 0.223531s
Iteration 16
time: 0.230716s
Iteration 17
time: 0.225474s
Iteration 18
time: 0.231519s
Iteration 19
time: 0.223113s
Iteration 20
time: 0.231673s
Iteration 21
time: 0.224381s
Iteration 22
time: 0.234149s
Iteration 23
time: 0.228589s
Iteration 24
time: 0.227248s
0: Starting numprocs=8 N=4000, M=4000 impl=g-rabenseifner-allgather
Iteration 0
7: Starting numprocs=8 N=4000, M=4000 impl=g-rabenseifner-allgather
3: Starting numprocs=8 N=4000, M=4000 impl=g-rabenseifner-allgather
4: Starting numprocs=8 N=4000, M=4000 impl=g-rabenseifner-allgather
1: Starting numprocs=8 N=4000, M=4000 impl=g-rabenseifner-allgather
2: Starting numprocs=8 N=4000, M=4000 impl=g-rabenseifner-allgather
6: Starting numprocs=8 N=4000, M=4000 impl=g-rabenseifner-allgather
5: Starting numprocs=8 N=4000, M=4000 impl=g-rabenseifner-allgather
time: 0.131817s
Iteration 1
time: 0.109855s
Iteration 2
time: 0.109638s
Iteration 3
time: 0.109483s
Iteration 4
time: 0.110040s
Iteration 5
time: 0.110443s
Iteration 6
time: 0.110336s
Iteration 7
time: 0.112762s
Iteration 8
time: 0.109466s
Iteration 9
time: 0.109785s
Iteration 10
time: 0.109648s
Iteration 11
time: 0.110002s
Iteration 12
time: 0.109931s
Iteration 13
time: 0.109607s
Iteration 14
time: 0.109609s
Iteration 15
time: 0.109701s
Iteration 16
time: 0.109725s
Iteration 17
time: 0.110060s
Iteration 18
time: 0.109346s
Iteration 19
time: 0.109850s
Iteration 20
time: 0.111223s
Iteration 21
time: 0.109416s
Iteration 22
time: 0.110000s
Iteration 23
time: 0.109387s
Iteration 24
time: 0.109387s
0: Starting numprocs=8 N=4000, M=4000 impl=g-rabenseifner-subgroup-2
Iteration 0
3: Starting numprocs=8 N=4000, M=4000 impl=g-rabenseifner-subgroup-2
7: Starting numprocs=8 N=4000, M=4000 impl=g-rabenseifner-subgroup-2
2: Starting numprocs=8 N=4000, M=4000 impl=g-rabenseifner-subgroup-2
4: Starting numprocs=8 N=4000, M=4000 impl=g-rabenseifner-subgroup-2
1: Starting numprocs=8 N=4000, M=4000 impl=g-rabenseifner-subgroup-2
6: Starting numprocs=8 N=4000, M=4000 impl=g-rabenseifner-subgroup-2
5: Starting numprocs=8 N=4000, M=4000 impl=g-rabenseifner-subgroup-2
time: 0.136119s
Iteration 1
time: 0.110585s
Iteration 2
time: 0.110225s
Iteration 3
time: 0.109137s
Iteration 4
time: 0.110493s
Iteration 5
time: 0.109297s
Iteration 6
time: 0.109446s
Iteration 7
time: 0.109273s
Iteration 8
time: 0.110334s
Iteration 9
time: 0.109850s
Iteration 10
time: 0.109331s
Iteration 11
time: 0.109279s
Iteration 12
time: 0.109712s
Iteration 13
time: 0.109212s
Iteration 14
time: 0.109747s
Iteration 15
time: 0.109666s
Iteration 16
time: 0.110147s
Iteration 17
time: 0.110643s
Iteration 18
time: 0.108928s
Iteration 19
time: 0.108974s
Iteration 20
time: 0.109816s
Iteration 21
time: 0.109534s
Iteration 22
time: 0.109562s
Iteration 23
time: 0.109185s
Iteration 24
time: 0.110858s
0: Starting numprocs=8 N=4000, M=4000 impl=g-rabenseifner-subgroup-4
Iteration 0
7: Starting numprocs=8 N=4000, M=4000 impl=g-rabenseifner-subgroup-4
3: Starting numprocs=8 N=4000, M=4000 impl=g-rabenseifner-subgroup-4
4: Starting numprocs=8 N=4000, M=4000 impl=g-rabenseifner-subgroup-4
1: Starting numprocs=8 N=4000, M=4000 impl=g-rabenseifner-subgroup-4
6: Starting numprocs=8 N=4000, M=4000 impl=g-rabenseifner-subgroup-4
2: Starting numprocs=8 N=4000, M=4000 impl=g-rabenseifner-subgroup-4
5: Starting numprocs=8 N=4000, M=4000 impl=g-rabenseifner-subgroup-4
time: 0.130542s
Iteration 1
time: 0.111140s
Iteration 2
time: 0.109521s
Iteration 3
time: 0.110487s
Iteration 4
time: 0.109663s
Iteration 5
time: 0.109535s
Iteration 6
time: 0.109754s
Iteration 7
time: 0.110751s
Iteration 8
time: 0.108979s
Iteration 9
time: 0.109375s
Iteration 10
time: 0.109187s
Iteration 11
time: 0.109921s
Iteration 12
time: 0.109294s
Iteration 13
time: 0.111956s
Iteration 14
time: 0.109560s
Iteration 15
time: 0.108210s
Iteration 16
time: 0.109349s
Iteration 17
time: 0.108727s
Iteration 18
time: 0.109016s
Iteration 19
time: 0.108527s
Iteration 20
time: 0.109427s
Iteration 21
time: 0.110157s
Iteration 22
time: 0.111281s
Iteration 23
time: 0.109256s
Iteration 24
time: 0.109118s
0: Starting numprocs=8 N=4000, M=4000 impl=g-rabenseifner-subgroup-8
Iteration 0
3: Starting numprocs=8 N=4000, M=4000 impl=g-rabenseifner-subgroup-8
2: Starting numprocs=8 N=4000, M=4000 impl=g-rabenseifner-subgroup-8
7: Starting numprocs=8 N=4000, M=4000 impl=g-rabenseifner-subgroup-8
4: Starting numprocs=8 N=4000, M=4000 impl=g-rabenseifner-subgroup-8
6: Starting numprocs=8 N=4000, M=4000 impl=g-rabenseifner-subgroup-8
1: Starting numprocs=8 N=4000, M=4000 impl=g-rabenseifner-subgroup-8
5: Starting numprocs=8 N=4000, M=4000 impl=g-rabenseifner-subgroup-8
time: 0.119896s
Iteration 1
time: 0.112860s
Iteration 2
time: 0.111909s
Iteration 3
time: 0.111306s
Iteration 4
time: 0.112045s
Iteration 5
time: 0.111214s
Iteration 6
time: 0.111994s
Iteration 7
time: 0.111328s
Iteration 8
time: 0.111449s
Iteration 9
time: 0.112928s
Iteration 10
time: 0.111662s
Iteration 11
time: 0.113451s
Iteration 12
time: 0.112369s
Iteration 13
time: 0.110948s
Iteration 14
time: 0.113636s
Iteration 15
time: 0.111408s
Iteration 16
time: 0.112039s
Iteration 17
time: 0.110860s
Iteration 18
time: 0.113420s
Iteration 19
time: 0.110927s
Iteration 20
time: 0.113125s
Iteration 21
time: 0.113234s
Iteration 22
time: 0.111145s
Iteration 23
time: 0.110922s
Iteration 24
time: 0.111446s
3: Starting numprocs=8 N=5000, M=5000 impl=allgather
0: Starting numprocs=8 N=5000, M=5000 impl=allgather
Iteration 0
7: Starting numprocs=8 N=5000, M=5000 impl=allgather
1: Starting numprocs=8 N=5000, M=5000 impl=allgather
4: Starting numprocs=8 N=5000, M=5000 impl=allgather
2: Starting numprocs=8 N=5000, M=5000 impl=allgather
6: Starting numprocs=8 N=5000, M=5000 impl=allgather
5: Starting numprocs=8 N=5000, M=5000 impl=allgather
time: 0.226193s
Iteration 1
time: 0.222351s
Iteration 2
time: 0.220883s
Iteration 3
time: 0.221398s
Iteration 4
time: 0.219591s
Iteration 5
time: 0.223847s
Iteration 6
time: 0.220135s
Iteration 7
time: 0.224045s
Iteration 8
time: 0.220098s
Iteration 9
time: 0.222682s
Iteration 10
time: 0.220604s
Iteration 11
time: 0.219065s
Iteration 12
time: 0.220414s
Iteration 13
time: 0.218919s
Iteration 14
time: 0.220363s
Iteration 15
time: 0.223190s
Iteration 16
time: 0.221146s
Iteration 17
time: 0.218934s
Iteration 18
time: 0.220979s
Iteration 19
time: 0.218165s
Iteration 20
time: 0.229775s
Iteration 21
time: 0.222307s
Iteration 22
time: 0.220364s
Iteration 23
time: 0.221212s
Iteration 24
time: 0.220111s
0: Starting numprocs=8 N=5000, M=5000 impl=allreduce
Iteration 0
3: Starting numprocs=8 N=5000, M=5000 impl=allreduce
7: Starting numprocs=8 N=5000, M=5000 impl=allreduce
4: Starting numprocs=8 N=5000, M=5000 impl=allreduce
1: Starting numprocs=8 N=5000, M=5000 impl=allreduce
2: Starting numprocs=8 N=5000, M=5000 impl=allreduce
6: Starting numprocs=8 N=5000, M=5000 impl=allreduce
5: Starting numprocs=8 N=5000, M=5000 impl=allreduce
time: 0.607035s
Iteration 1
time: 0.549344s
Iteration 2
time: 0.539982s
Iteration 3
time: 0.542906s
Iteration 4
time: 0.533346s
Iteration 5
time: 0.539555s
Iteration 6
time: 0.533414s
Iteration 7
time: 0.542096s
Iteration 8
time: 0.525602s
Iteration 9
time: 0.546452s
Iteration 10
time: 0.531461s
Iteration 11
time: 0.540608s
Iteration 12
time: 0.536121s
Iteration 13
time: 0.530511s
Iteration 14
time: 0.526073s
Iteration 15
time: 0.544755s
Iteration 16
time: 0.535789s
Iteration 17
time: 0.523534s
Iteration 18
time: 0.530477s
Iteration 19
time: 0.524018s
Iteration 20
time: 0.539176s
Iteration 21
time: 0.543012s
Iteration 22
time: 0.527175s
Iteration 23
time: 0.547736s
Iteration 24
time: 0.528946s
0: Starting numprocs=8 N=5000, M=5000 impl=allreduce-ring
Iteration 0
7: Starting numprocs=8 N=5000, M=5000 impl=allreduce-ring
4: Starting numprocs=8 N=5000, M=5000 impl=allreduce-ring
3: Starting numprocs=8 N=5000, M=5000 impl=allreduce-ring
6: Starting numprocs=8 N=5000, M=5000 impl=allreduce-ring
2: Starting numprocs=8 N=5000, M=5000 impl=allreduce-ring
1: Starting numprocs=8 N=5000, M=5000 impl=allreduce-ring
5: Starting numprocs=8 N=5000, M=5000 impl=allreduce-ring
time: 0.395443s
Iteration 1
time: 0.357712s
Iteration 2
time: 0.361008s
Iteration 3
time: 0.364268s
Iteration 4
time: 0.358988s
Iteration 5
time: 0.354317s
Iteration 6
time: 0.353754s
Iteration 7
time: 0.362305s
Iteration 8
time: 0.358394s
Iteration 9
time: 0.357536s
Iteration 10
time: 0.368045s
Iteration 11
time: 0.359799s
Iteration 12
time: 0.358438s
Iteration 13
time: 0.358007s
Iteration 14
time: 0.359281s
Iteration 15
time: 0.358900s
Iteration 16
time: 0.363706s
Iteration 17
time: 0.359180s
Iteration 18
time: 0.355486s
Iteration 19
time: 0.347733s
Iteration 20
time: 0.359255s
Iteration 21
time: 0.360280s
Iteration 22
time: 0.357471s
Iteration 23
time: 0.368107s
Iteration 24
time: 0.362612s
0: Starting numprocs=8 N=5000, M=5000 impl=g-rabenseifner-allgather
Iteration 0
2: Starting numprocs=8 N=5000, M=5000 impl=g-rabenseifner-allgather
7: Starting numprocs=8 N=5000, M=5000 impl=g-rabenseifner-allgather
3: Starting numprocs=8 N=5000, M=5000 impl=g-rabenseifner-allgather
4: Starting numprocs=8 N=5000, M=5000 impl=g-rabenseifner-allgather
1: Starting numprocs=8 N=5000, M=5000 impl=g-rabenseifner-allgather
6: Starting numprocs=8 N=5000, M=5000 impl=g-rabenseifner-allgather
5: Starting numprocs=8 N=5000, M=5000 impl=g-rabenseifner-allgather
time: 0.203840s
Iteration 1
time: 0.171740s
Iteration 2
time: 0.170856s
Iteration 3
time: 0.171974s
Iteration 4
time: 0.184681s
Iteration 5
time: 0.171352s
Iteration 6
time: 0.172435s
Iteration 7
time: 0.172102s
Iteration 8
time: 0.172584s
Iteration 9
time: 0.173413s
Iteration 10
time: 0.170803s
Iteration 11
time: 0.173085s
Iteration 12
time: 0.171216s
Iteration 13
time: 0.171884s
Iteration 14
time: 0.170715s
Iteration 15
time: 0.171752s
Iteration 16
time: 0.171963s
Iteration 17
time: 0.172965s
Iteration 18
time: 0.172149s
Iteration 19
time: 0.171454s
Iteration 20
time: 0.171332s
Iteration 21
time: 0.172271s
Iteration 22
time: 0.171454s
Iteration 23
time: 0.171569s
Iteration 24
time: 0.171942s
7: Starting numprocs=8 N=5000, M=5000 impl=g-rabenseifner-subgroup-2
0: Starting numprocs=8 N=5000, M=5000 impl=g-rabenseifner-subgroup-2
Iteration 0
3: Starting numprocs=8 N=5000, M=5000 impl=g-rabenseifner-subgroup-2
2: Starting numprocs=8 N=5000, M=5000 impl=g-rabenseifner-subgroup-2
4: Starting numprocs=8 N=5000, M=5000 impl=g-rabenseifner-subgroup-2
1: Starting numprocs=8 N=5000, M=5000 impl=g-rabenseifner-subgroup-2
6: Starting numprocs=8 N=5000, M=5000 impl=g-rabenseifner-subgroup-2
5: Starting numprocs=8 N=5000, M=5000 impl=g-rabenseifner-subgroup-2
time: 0.211812s
Iteration 1
time: 0.172129s
Iteration 2
time: 0.170816s
Iteration 3
time: 0.173923s
Iteration 4
time: 0.171510s
Iteration 5
time: 0.172620s
Iteration 6
time: 0.169625s
Iteration 7
time: 0.170451s
Iteration 8
time: 0.172926s
Iteration 9
time: 0.171597s
Iteration 10
time: 0.171650s
Iteration 11
time: 0.172141s
Iteration 12
time: 0.170793s
Iteration 13
time: 0.173525s
Iteration 14
time: 0.171015s
Iteration 15
time: 0.172030s
Iteration 16
time: 0.173239s
Iteration 17
time: 0.170423s
Iteration 18
time: 0.171891s
Iteration 19
time: 0.173724s
Iteration 20
time: 0.171671s
Iteration 21
time: 0.170895s
Iteration 22
time: 0.170277s
Iteration 23
time: 0.173060s
Iteration 24
time: 0.170400s
0: Starting numprocs=8 N=5000, M=5000 impl=g-rabenseifner-subgroup-4
Iteration 0
7: Starting numprocs=8 N=5000, M=5000 impl=g-rabenseifner-subgroup-4
3: Starting numprocs=8 N=5000, M=5000 impl=g-rabenseifner-subgroup-4
4: Starting numprocs=8 N=5000, M=5000 impl=g-rabenseifner-subgroup-4
6: Starting numprocs=8 N=5000, M=5000 impl=g-rabenseifner-subgroup-4
1: Starting numprocs=8 N=5000, M=5000 impl=g-rabenseifner-subgroup-4
2: Starting numprocs=8 N=5000, M=5000 impl=g-rabenseifner-subgroup-4
5: Starting numprocs=8 N=5000, M=5000 impl=g-rabenseifner-subgroup-4
time: 0.190713s
Iteration 1
time: 0.175237s
Iteration 2
time: 0.173660s
Iteration 3
time: 0.173584s
Iteration 4
time: 0.173353s
Iteration 5
time: 0.172829s
Iteration 6
time: 0.175163s
Iteration 7
time: 0.172964s
Iteration 8
time: 0.173629s
Iteration 9
time: 0.175713s
Iteration 10
time: 0.173563s
Iteration 11
time: 0.175313s
Iteration 12
time: 0.173589s
Iteration 13
time: 0.173572s
Iteration 14
time: 0.172275s
Iteration 15
time: 0.174053s
Iteration 16
time: 0.179404s
Iteration 17
time: 0.175054s
Iteration 18
time: 0.174391s
Iteration 19
time: 0.174382s
Iteration 20
time: 0.174277s
Iteration 21
time: 0.174623s
Iteration 22
time: 0.174092s
Iteration 23
time: 0.174502s
Iteration 24
time: 0.174488s
3: Starting numprocs=8 N=5000, M=5000 impl=g-rabenseifner-subgroup-8
0: Starting numprocs=8 N=5000, M=5000 impl=g-rabenseifner-subgroup-8
Iteration 0
7: Starting numprocs=8 N=5000, M=5000 impl=g-rabenseifner-subgroup-8
2: Starting numprocs=8 N=5000, M=5000 impl=g-rabenseifner-subgroup-8
4: Starting numprocs=8 N=5000, M=5000 impl=g-rabenseifner-subgroup-8
1: Starting numprocs=8 N=5000, M=5000 impl=g-rabenseifner-subgroup-8
6: Starting numprocs=8 N=5000, M=5000 impl=g-rabenseifner-subgroup-8
5: Starting numprocs=8 N=5000, M=5000 impl=g-rabenseifner-subgroup-8
time: 0.191170s
Iteration 1
time: 0.176678s
Iteration 2
time: 0.176657s
Iteration 3
time: 0.175897s
Iteration 4
time: 0.178756s
Iteration 5
time: 0.178953s
Iteration 6
time: 0.182970s
Iteration 7
time: 0.184339s
Iteration 8
time: 0.182634s
Iteration 9
time: 0.193495s
Iteration 10
time: 0.182123s
Iteration 11
time: 0.177993s
Iteration 12
time: 0.181028s
Iteration 13
time: 0.185412s
Iteration 14
time: 0.180827s
Iteration 15
time: 0.181553s
Iteration 16
time: 0.183716s
Iteration 17
time: 0.181841s
Iteration 18
time: 0.182035s
Iteration 19
time: 0.179304s
Iteration 20
time: 0.184298s
Iteration 21
time: 0.179656s
Iteration 22
time: 0.178713s
Iteration 23
time: 0.181107s
Iteration 24
time: 0.183266s
2: Starting numprocs=8 N=6000, M=6000 impl=allgather
3: Starting numprocs=8 N=6000, M=6000 impl=allgather
4: Starting numprocs=8 N=6000, M=6000 impl=allgather
0: Starting numprocs=8 N=6000, M=6000 impl=allgather
Iteration 0
6: Starting numprocs=8 N=6000, M=6000 impl=allgather
7: Starting numprocs=8 N=6000, M=6000 impl=allgather
1: Starting numprocs=8 N=6000, M=6000 impl=allgather
5: Starting numprocs=8 N=6000, M=6000 impl=allgather
time: 0.349163s
Iteration 1
time: 0.372698s
Iteration 2
time: 0.334683s
Iteration 3
time: 0.334072s
Iteration 4
time: 0.345474s
Iteration 5
time: 0.333243s
Iteration 6
time: 0.349128s
Iteration 7
time: 0.331541s
Iteration 8
time: 0.329750s
Iteration 9
time: 0.352879s
Iteration 10
time: 0.339760s
Iteration 11
time: 0.369747s
Iteration 12
time: 0.337148s
Iteration 13
time: 0.336656s
Iteration 14
time: 0.346290s
Iteration 15
time: 0.340927s
Iteration 16
time: 0.341967s
Iteration 17
time: 0.336009s
Iteration 18
time: 0.323989s
Iteration 19
time: 0.327468s
Iteration 20
time: 0.345578s
Iteration 21
time: 0.385725s
Iteration 22
time: 0.338118s
Iteration 23
time: 0.335567s
Iteration 24
time: 0.330695s
0: Starting numprocs=8 N=6000, M=6000 impl=allreduce
Iteration 0
2: Starting numprocs=8 N=6000, M=6000 impl=allreduce
3: Starting numprocs=8 N=6000, M=6000 impl=allreduce
4: Starting numprocs=8 N=6000, M=6000 impl=allreduce
6: Starting numprocs=8 N=6000, M=6000 impl=allreduce
1: Starting numprocs=8 N=6000, M=6000 impl=allreduce
7: Starting numprocs=8 N=6000, M=6000 impl=allreduce
5: Starting numprocs=8 N=6000, M=6000 impl=allreduce
time: 0.870113s
Iteration 1
time: 0.762846s
Iteration 2
time: 0.772100s
Iteration 3
time: 0.771889s
Iteration 4
time: 0.767718s
Iteration 5
time: 0.769968s
Iteration 6
time: 0.779628s
Iteration 7
time: 0.768504s
Iteration 8
time: 0.774727s
Iteration 9
time: 0.785013s
Iteration 10
time: 0.771413s
Iteration 11
time: 0.769605s
Iteration 12
time: 0.786679s
Iteration 13
time: 0.761931s
Iteration 14
time: 0.758510s
Iteration 15
time: 0.757236s
Iteration 16
time: 0.781522s
Iteration 17
time: 0.782422s
Iteration 18
time: 0.762589s
Iteration 19
time: 0.771718s
Iteration 20
time: 0.781386s
Iteration 21
time: 0.786203s
Iteration 22
time: 0.770950s
Iteration 23
time: 0.782309s
Iteration 24
time: 0.787269s
2: Starting numprocs=8 N=6000, M=6000 impl=allreduce-ring
7: Starting numprocs=8 N=6000, M=6000 impl=allreduce-ring
3: Starting numprocs=8 N=6000, M=6000 impl=allreduce-ring
0: Starting numprocs=8 N=6000, M=6000 impl=allreduce-ring
Iteration 0
4: Starting numprocs=8 N=6000, M=6000 impl=allreduce-ring
1: Starting numprocs=8 N=6000, M=6000 impl=allreduce-ring
6: Starting numprocs=8 N=6000, M=6000 impl=allreduce-ring
5: Starting numprocs=8 N=6000, M=6000 impl=allreduce-ring
time: 0.712866s
Iteration 1
time: 0.587780s
Iteration 2
time: 0.602399s
Iteration 3
time: 0.603217s
Iteration 4
time: 0.604277s
Iteration 5
time: 0.595728s
Iteration 6
time: 0.598930s
Iteration 7
time: 0.591747s
Iteration 8
time: 0.605471s
Iteration 9
time: 0.601376s
Iteration 10
time: 0.600960s
Iteration 11
time: 0.608858s
Iteration 12
time: 0.600189s
Iteration 13
time: 0.609979s
Iteration 14
time: 0.606014s
Iteration 15
time: 0.607226s
Iteration 16
time: 0.598952s
Iteration 17
time: 0.600392s
Iteration 18
time: 0.592375s
Iteration 19
time: 0.597070s
Iteration 20
time: 0.610046s
Iteration 21
time: 0.598604s
Iteration 22
time: 0.606641s
Iteration 23
time: 0.601476s
Iteration 24
time: 0.601509s
2: Starting numprocs=8 N=6000, M=6000 impl=g-rabenseifner-allgather
7: Starting numprocs=8 N=6000, M=6000 impl=g-rabenseifner-allgather
4: Starting numprocs=8 N=6000, M=6000 impl=g-rabenseifner-allgather
3: Starting numprocs=8 N=6000, M=6000 impl=g-rabenseifner-allgather
0: Starting numprocs=8 N=6000, M=6000 impl=g-rabenseifner-allgather
Iteration 0
1: Starting numprocs=8 N=6000, M=6000 impl=g-rabenseifner-allgather
6: Starting numprocs=8 N=6000, M=6000 impl=g-rabenseifner-allgather
5: Starting numprocs=8 N=6000, M=6000 impl=g-rabenseifner-allgather
time: 0.295679s
Iteration 1
time: 0.247457s
Iteration 2
time: 0.248595s
Iteration 3
time: 0.246494s
Iteration 4
time: 0.248801s
Iteration 5
time: 0.247880s
Iteration 6
time: 0.247714s
Iteration 7
time: 0.249382s
Iteration 8
time: 0.246897s
Iteration 9
time: 0.247840s
Iteration 10
time: 0.247581s
Iteration 11
time: 0.249633s
Iteration 12
time: 0.246771s
Iteration 13
time: 0.247507s
Iteration 14
time: 0.249040s
Iteration 15
time: 0.246840s
Iteration 16
time: 0.247397s
Iteration 17
time: 0.247776s
Iteration 18
time: 0.246442s
Iteration 19
time: 0.248234s
Iteration 20
time: 0.245964s
Iteration 21
time: 0.248001s
Iteration 22
time: 0.247454s
Iteration 23
time: 0.248632s
Iteration 24
time: 0.248392s
0: Starting numprocs=8 N=6000, M=6000 impl=g-rabenseifner-subgroup-2
Iteration 0
2: Starting numprocs=8 N=6000, M=6000 impl=g-rabenseifner-subgroup-2
3: Starting numprocs=8 N=6000, M=6000 impl=g-rabenseifner-subgroup-2
1: Starting numprocs=8 N=6000, M=6000 impl=g-rabenseifner-subgroup-2
4: Starting numprocs=8 N=6000, M=6000 impl=g-rabenseifner-subgroup-2
6: Starting numprocs=8 N=6000, M=6000 impl=g-rabenseifner-subgroup-2
7: Starting numprocs=8 N=6000, M=6000 impl=g-rabenseifner-subgroup-2
5: Starting numprocs=8 N=6000, M=6000 impl=g-rabenseifner-subgroup-2
time: 0.292635s
Iteration 1
time: 0.250772s
Iteration 2
time: 0.249234s
Iteration 3
time: 0.247044s
Iteration 4
time: 0.249147s
Iteration 5
time: 0.246772s
Iteration 6
time: 0.248118s
Iteration 7
time: 0.247807s
Iteration 8
time: 0.247110s
Iteration 9
time: 0.246617s
Iteration 10
time: 0.249532s
Iteration 11
time: 0.248968s
Iteration 12
time: 0.247942s
Iteration 13
time: 0.248962s
Iteration 14
time: 0.247052s
Iteration 15
time: 0.251813s
Iteration 16
time: 0.248154s
Iteration 17
time: 0.249000s
Iteration 18
time: 0.248683s
Iteration 19
time: 0.257301s
Iteration 20
time: 0.249615s
Iteration 21
time: 0.248636s
Iteration 22
time: 0.246498s
Iteration 23
time: 0.249025s
Iteration 24
time: 0.247440s
2: Starting numprocs=8 N=6000, M=6000 impl=g-rabenseifner-subgroup-4
4: Starting numprocs=8 N=6000, M=6000 impl=g-rabenseifner-subgroup-4
0: Starting numprocs=8 N=6000, M=6000 impl=g-rabenseifner-subgroup-4
Iteration 0
7: Starting numprocs=8 N=6000, M=6000 impl=g-rabenseifner-subgroup-4
3: Starting numprocs=8 N=6000, M=6000 impl=g-rabenseifner-subgroup-4
6: Starting numprocs=8 N=6000, M=6000 impl=g-rabenseifner-subgroup-4
1: Starting numprocs=8 N=6000, M=6000 impl=g-rabenseifner-subgroup-4
5: Starting numprocs=8 N=6000, M=6000 impl=g-rabenseifner-subgroup-4
time: 0.278159s
Iteration 1
time: 0.262137s
Iteration 2
time: 0.254829s
Iteration 3
time: 0.252689s
Iteration 4
time: 0.252186s
Iteration 5
time: 0.253003s
Iteration 6
time: 0.252506s
Iteration 7
time: 0.251951s
Iteration 8
time: 0.252200s
Iteration 9
time: 0.253901s
Iteration 10
time: 0.254338s
Iteration 11
time: 0.252786s
Iteration 12
time: 0.252399s
Iteration 13
time: 0.252779s
Iteration 14
time: 0.254125s
Iteration 15
time: 0.252535s
Iteration 16
time: 0.255955s
Iteration 17
time: 0.252463s
Iteration 18
time: 0.265762s
Iteration 19
time: 0.253562s
Iteration 20
time: 0.250589s
Iteration 21
time: 0.253302s
Iteration 22
time: 0.252679s
Iteration 23
time: 0.253926s
Iteration 24
time: 0.253970s
7: Starting numprocs=8 N=6000, M=6000 impl=g-rabenseifner-subgroup-8
2: Starting numprocs=8 N=6000, M=6000 impl=g-rabenseifner-subgroup-8
3: Starting numprocs=8 N=6000, M=6000 impl=g-rabenseifner-subgroup-8
4: Starting numprocs=8 N=6000, M=6000 impl=g-rabenseifner-subgroup-8
0: Starting numprocs=8 N=6000, M=6000 impl=g-rabenseifner-subgroup-8
Iteration 0
6: Starting numprocs=8 N=6000, M=6000 impl=g-rabenseifner-subgroup-8
1: Starting numprocs=8 N=6000, M=6000 impl=g-rabenseifner-subgroup-8
5: Starting numprocs=8 N=6000, M=6000 impl=g-rabenseifner-subgroup-8
time: 0.275220s
Iteration 1
time: 0.260679s
Iteration 2
time: 0.259345s
Iteration 3
time: 0.263495s
Iteration 4
time: 0.267636s
Iteration 5
time: 0.269605s
Iteration 6
time: 0.279642s
Iteration 7
time: 0.264403s
Iteration 8
time: 0.261335s
Iteration 9
time: 0.259285s
Iteration 10
time: 0.257873s
Iteration 11
time: 0.258794s
Iteration 12
time: 0.263797s
Iteration 13
time: 0.263421s
Iteration 14
time: 0.267104s
Iteration 15
time: 0.280077s
Iteration 16
time: 0.257704s
Iteration 17
time: 0.256107s
Iteration 18
time: 0.260610s
Iteration 19
time: 0.261883s
Iteration 20
time: 0.265981s
Iteration 21
time: 0.267433s
Iteration 22
time: 0.264105s
Iteration 23
time: 0.261567s
Iteration 24
time: 0.257923s
0: Starting numprocs=8 N=7000, M=7000 impl=allgather
Iteration 0
4: Starting numprocs=8 N=7000, M=7000 impl=allgather
7: Starting numprocs=8 N=7000, M=7000 impl=allgather
2: Starting numprocs=8 N=7000, M=7000 impl=allgather
3: Starting numprocs=8 N=7000, M=7000 impl=allgather
1: Starting numprocs=8 N=7000, M=7000 impl=allgather
6: Starting numprocs=8 N=7000, M=7000 impl=allgather
5: Starting numprocs=8 N=7000, M=7000 impl=allgather
time: 0.470548s
Iteration 1
time: 0.447878s
Iteration 2
time: 0.449478s
Iteration 3
time: 0.454576s
Iteration 4
time: 0.479378s
Iteration 5
time: 0.506471s
Iteration 6
time: 0.469925s
Iteration 7
time: 0.452035s
Iteration 8
time: 0.448703s
Iteration 9
time: 0.493712s
Iteration 10
time: 0.447354s
Iteration 11
time: 0.491835s
Iteration 12
time: 0.448927s
Iteration 13
time: 0.492838s
Iteration 14
time: 0.449518s
Iteration 15
time: 0.465338s
Iteration 16
time: 0.448281s
Iteration 17
time: 0.473324s
Iteration 18
time: 0.450394s
Iteration 19
time: 0.473109s
Iteration 20
time: 0.456429s
Iteration 21
time: 0.516720s
Iteration 22
time: 0.464036s
Iteration 23
time: 0.444602s
Iteration 24
time: 0.445061s
7: Starting numprocs=8 N=7000, M=7000 impl=allreduce
3: Starting numprocs=8 N=7000, M=7000 impl=allreduce
4: Starting numprocs=8 N=7000, M=7000 impl=allreduce
2: Starting numprocs=8 N=7000, M=7000 impl=allreduce
0: Starting numprocs=8 N=7000, M=7000 impl=allreduce
Iteration 0
6: Starting numprocs=8 N=7000, M=7000 impl=allreduce
1: Starting numprocs=8 N=7000, M=7000 impl=allreduce
5: Starting numprocs=8 N=7000, M=7000 impl=allreduce
time: 1.173884s
Iteration 1
time: 1.067397s
Iteration 2
time: 1.047302s
Iteration 3
time: 1.046522s
Iteration 4
time: 1.051225s
Iteration 5
time: 1.053115s
Iteration 6
time: 1.035425s
Iteration 7
time: 1.037680s
Iteration 8
time: 1.043428s
Iteration 9
time: 1.030909s
Iteration 10
time: 1.048539s
Iteration 11
time: 1.037298s
Iteration 12
time: 1.056932s
Iteration 13
time: 1.054129s
Iteration 14
time: 1.047390s
Iteration 15
time: 1.049973s
Iteration 16
time: 1.033719s
Iteration 17
time: 1.057389s
Iteration 18
time: 1.045437s
Iteration 19
time: 1.045164s
Iteration 20
time: 1.053951s
Iteration 21
time: 1.043834s
Iteration 22
time: 1.074084s
Iteration 23
time: 1.049300s
Iteration 24
time: 1.051726s
0: Starting numprocs=8 N=7000, M=7000 impl=allreduce-ring
Iteration 0
7: Starting numprocs=8 N=7000, M=7000 impl=allreduce-ring
2: Starting numprocs=8 N=7000, M=7000 impl=allreduce-ring
3: Starting numprocs=8 N=7000, M=7000 impl=allreduce-ring
4: Starting numprocs=8 N=7000, M=7000 impl=allreduce-ring
1: Starting numprocs=8 N=7000, M=7000 impl=allreduce-ring
6: Starting numprocs=8 N=7000, M=7000 impl=allreduce-ring
5: Starting numprocs=8 N=7000, M=7000 impl=allreduce-ring
time: 0.959194s
Iteration 1
time: 0.809238s
Iteration 2
time: 0.818506s
Iteration 3
time: 0.816864s
Iteration 4
time: 0.804275s
Iteration 5
time: 0.821914s
Iteration 6
time: 0.832861s
Iteration 7
time: 0.819528s
Iteration 8
time: 0.824110s
Iteration 9
time: 0.818693s
Iteration 10
time: 0.821567s
Iteration 11
time: 0.819187s
Iteration 12
time: 0.816694s
Iteration 13
time: 0.819402s
Iteration 14
time: 0.821327s
Iteration 15
time: 0.825276s
Iteration 16
time: 0.820033s
Iteration 17
time: 0.819650s
Iteration 18
time: 0.817938s
Iteration 19
time: 0.816676s
Iteration 20
time: 0.824740s
Iteration 21
time: 0.827769s
Iteration 22
time: 0.831736s
Iteration 23
time: 0.831248s
Iteration 24
time: 0.812130s
7: Starting numprocs=8 N=7000, M=7000 impl=g-rabenseifner-allgather
3: Starting numprocs=8 N=7000, M=7000 impl=g-rabenseifner-allgather
4: Starting numprocs=8 N=7000, M=7000 impl=g-rabenseifner-allgather
2: Starting numprocs=8 N=7000, M=7000 impl=g-rabenseifner-allgather
6: Starting numprocs=8 N=7000, M=7000 impl=g-rabenseifner-allgather
1: Starting numprocs=8 N=7000, M=7000 impl=g-rabenseifner-allgather
0: Starting numprocs=8 N=7000, M=7000 impl=g-rabenseifner-allgather
Iteration 0
5: Starting numprocs=8 N=7000, M=7000 impl=g-rabenseifner-allgather
time: 0.383710s
Iteration 1
time: 0.339673s
Iteration 2
time: 0.337803s
Iteration 3
time: 0.338639s
Iteration 4
time: 0.339862s
Iteration 5
time: 0.337943s
Iteration 6
time: 0.335875s
Iteration 7
time: 0.337025s
Iteration 8
time: 0.337744s
Iteration 9
time: 0.337584s
Iteration 10
time: 0.336971s
Iteration 11
time: 0.337048s
Iteration 12
time: 0.337229s
Iteration 13
time: 0.337654s
Iteration 14
time: 0.335368s
Iteration 15
time: 0.336241s
Iteration 16
time: 0.337959s
Iteration 17
time: 0.338497s
Iteration 18
time: 0.337903s
Iteration 19
time: 0.337421s
Iteration 20
time: 0.337773s
Iteration 21
time: 0.336699s
Iteration 22
time: 0.335779s
Iteration 23
time: 0.337473s
Iteration 24
time: 0.350839s
0: Starting numprocs=8 N=7000, M=7000 impl=g-rabenseifner-subgroup-2
Iteration 0
7: Starting numprocs=8 N=7000, M=7000 impl=g-rabenseifner-subgroup-2
3: Starting numprocs=8 N=7000, M=7000 impl=g-rabenseifner-subgroup-2
4: Starting numprocs=8 N=7000, M=7000 impl=g-rabenseifner-subgroup-2
6: Starting numprocs=8 N=7000, M=7000 impl=g-rabenseifner-subgroup-2
2: Starting numprocs=8 N=7000, M=7000 impl=g-rabenseifner-subgroup-2
1: Starting numprocs=8 N=7000, M=7000 impl=g-rabenseifner-subgroup-2
5: Starting numprocs=8 N=7000, M=7000 impl=g-rabenseifner-subgroup-2
time: 0.390022s
Iteration 1
time: 0.338367s
Iteration 2
time: 0.340349s
Iteration 3
time: 0.340141s
Iteration 4
time: 0.338279s
Iteration 5
time: 0.338155s
Iteration 6
time: 0.340165s
Iteration 7
time: 0.339492s
Iteration 8
time: 0.340731s
Iteration 9
time: 0.339701s
Iteration 10
time: 0.338972s
Iteration 11
time: 0.342819s
Iteration 12
time: 0.340898s
Iteration 13
time: 0.338412s
Iteration 14
time: 0.339514s
Iteration 15
time: 0.340023s
Iteration 16
time: 0.338147s
Iteration 17
time: 0.339467s
Iteration 18
time: 0.345050s
Iteration 19
time: 0.343039s
Iteration 20
time: 0.338698s
Iteration 21
time: 0.338151s
Iteration 22
time: 0.338600s
Iteration 23
time: 0.339415s
Iteration 24
time: 0.338892s
3: Starting numprocs=8 N=7000, M=7000 impl=g-rabenseifner-subgroup-4
2: Starting numprocs=8 N=7000, M=7000 impl=g-rabenseifner-subgroup-4
0: Starting numprocs=8 N=7000, M=7000 impl=g-rabenseifner-subgroup-4
Iteration 0
7: Starting numprocs=8 N=7000, M=7000 impl=g-rabenseifner-subgroup-4
4: Starting numprocs=8 N=7000, M=7000 impl=g-rabenseifner-subgroup-4
1: Starting numprocs=8 N=7000, M=7000 impl=g-rabenseifner-subgroup-4
6: Starting numprocs=8 N=7000, M=7000 impl=g-rabenseifner-subgroup-4
5: Starting numprocs=8 N=7000, M=7000 impl=g-rabenseifner-subgroup-4
time: 0.370372s
Iteration 1
time: 0.344043s
Iteration 2
time: 0.343101s
Iteration 3
time: 0.365384s
Iteration 4
time: 0.349710s
Iteration 5
time: 0.341416s
Iteration 6
time: 0.342858s
Iteration 7
time: 0.344884s
Iteration 8
time: 0.343463s
Iteration 9
time: 0.355729s
Iteration 10
time: 0.344980s
Iteration 11
time: 0.342769s
Iteration 12
time: 0.339066s
Iteration 13
time: 0.339154s
Iteration 14
time: 0.345783s
Iteration 15
time: 0.349482s
Iteration 16
time: 0.348033s
Iteration 17
time: 0.345468s
Iteration 18
time: 0.339656s
Iteration 19
time: 0.342146s
Iteration 20
time: 0.344730s
Iteration 21
time: 0.344791s
Iteration 22
time: 0.345283s
Iteration 23
time: 0.350958s
Iteration 24
time: 0.342323s
2: Starting numprocs=8 N=7000, M=7000 impl=g-rabenseifner-subgroup-8
7: Starting numprocs=8 N=7000, M=7000 impl=g-rabenseifner-subgroup-8
4: Starting numprocs=8 N=7000, M=7000 impl=g-rabenseifner-subgroup-8
3: Starting numprocs=8 N=7000, M=7000 impl=g-rabenseifner-subgroup-8
1: Starting numprocs=8 N=7000, M=7000 impl=g-rabenseifner-subgroup-8
6: Starting numprocs=8 N=7000, M=7000 impl=g-rabenseifner-subgroup-8
0: Starting numprocs=8 N=7000, M=7000 impl=g-rabenseifner-subgroup-8
Iteration 0
5: Starting numprocs=8 N=7000, M=7000 impl=g-rabenseifner-subgroup-8
time: 0.376231s
Iteration 1
time: 0.356664s
Iteration 2
time: 0.354299s
Iteration 3
time: 0.359320s
Iteration 4
time: 0.349557s
Iteration 5
time: 0.363556s
Iteration 6
time: 0.369791s
Iteration 7
time: 0.375172s
Iteration 8
time: 0.351698s
Iteration 9
time: 0.355986s
Iteration 10
time: 0.358679s
Iteration 11
time: 0.360597s
Iteration 12
time: 0.365375s
Iteration 13
time: 0.363325s
Iteration 14
time: 0.363405s
Iteration 15
time: 0.362127s
Iteration 16
time: 0.355346s
Iteration 17
time: 0.359801s
Iteration 18
time: 0.377927s
Iteration 19
time: 0.350249s
Iteration 20
time: 0.353104s
Iteration 21
time: 0.354352s
Iteration 22
time: 0.382976s
Iteration 23
time: 0.369437s
Iteration 24
time: 0.358240s
7: Starting numprocs=8 N=8000, M=8000 impl=allgather
0: Starting numprocs=8 N=8000, M=8000 impl=allgather
Iteration 0
2: Starting numprocs=8 N=8000, M=8000 impl=allgather
4: Starting numprocs=8 N=8000, M=8000 impl=allgather
3: Starting numprocs=8 N=8000, M=8000 impl=allgather
6: Starting numprocs=8 N=8000, M=8000 impl=allgather
1: Starting numprocs=8 N=8000, M=8000 impl=allgather
5: Starting numprocs=8 N=8000, M=8000 impl=allgather
time: 0.598621s
Iteration 1
time: 0.692249s
Iteration 2
time: 0.586872s
Iteration 3
time: 0.587158s
Iteration 4
time: 0.632605s
Iteration 5
time: 0.642702s
Iteration 6
time: 0.588721s
Iteration 7
time: 0.597936s
Iteration 8
time: 0.588680s
Iteration 9
time: 0.646770s
Iteration 10
time: 0.596067s
Iteration 11
time: 0.594769s
Iteration 12
time: 0.641407s
Iteration 13
time: 0.637192s
Iteration 14
time: 0.598550s
Iteration 15
time: 0.598163s
Iteration 16
time: 0.641225s
Iteration 17
time: 0.613364s
Iteration 18
time: 0.595169s
Iteration 19
time: 0.600246s
Iteration 20
time: 0.603223s
Iteration 21
time: 0.611086s
Iteration 22
time: 0.594510s
Iteration 23
time: 0.602127s
Iteration 24
time: 0.587905s
7: Starting numprocs=8 N=8000, M=8000 impl=allreduce
3: Starting numprocs=8 N=8000, M=8000 impl=allreduce
2: Starting numprocs=8 N=8000, M=8000 impl=allreduce
0: Starting numprocs=8 N=8000, M=8000 impl=allreduce
Iteration 0
4: Starting numprocs=8 N=8000, M=8000 impl=allreduce
6: Starting numprocs=8 N=8000, M=8000 impl=allreduce
1: Starting numprocs=8 N=8000, M=8000 impl=allreduce
5: Starting numprocs=8 N=8000, M=8000 impl=allreduce
time: 1.521223s
Iteration 1
time: 1.362459s
Iteration 2
time: 1.375576s
Iteration 3
time: 1.396653s
Iteration 4
time: 1.370517s
Iteration 5
time: 1.376814s
Iteration 6
time: 1.399476s
Iteration 7
time: 1.371927s
Iteration 8
time: 1.398744s
Iteration 9
time: 1.355515s
Iteration 10
time: 1.376719s
Iteration 11
time: 1.375689s
Iteration 12
time: 1.360428s
Iteration 13
time: 1.391400s
Iteration 14
time: 1.369108s
Iteration 15
time: 1.351453s
Iteration 16
time: 1.373945s
Iteration 17
time: 1.357892s
Iteration 18
time: 1.403169s
Iteration 19
time: 1.353296s
Iteration 20
time: 1.362743s
Iteration 21
time: 1.414775s
Iteration 22
time: 1.378867s
Iteration 23
time: 1.405006s
Iteration 24
time: 1.393905s
2: Starting numprocs=8 N=8000, M=8000 impl=allreduce-ring
3: Starting numprocs=8 N=8000, M=8000 impl=allreduce-ring
4: Starting numprocs=8 N=8000, M=8000 impl=allreduce-ring
7: Starting numprocs=8 N=8000, M=8000 impl=allreduce-ring
6: Starting numprocs=8 N=8000, M=8000 impl=allreduce-ring
0: Starting numprocs=8 N=8000, M=8000 impl=allreduce-ring
Iteration 0
1: Starting numprocs=8 N=8000, M=8000 impl=allreduce-ring
5: Starting numprocs=8 N=8000, M=8000 impl=allreduce-ring
time: 1.244563s
Iteration 1
time: 1.063027s
Iteration 2
time: 1.067834s
Iteration 3
time: 1.052286s
Iteration 4
time: 1.057143s
Iteration 5
time: 1.062847s
Iteration 6
time: 1.071637s
Iteration 7
time: 1.072074s
Iteration 8
time: 1.064535s
Iteration 9
time: 1.065328s
Iteration 10
time: 1.056387s
Iteration 11
time: 1.064473s
Iteration 12
time: 1.053510s
Iteration 13
time: 1.042944s
Iteration 14
time: 1.057700s
Iteration 15
time: 1.062763s
Iteration 16
time: 1.052487s
Iteration 17
time: 1.055743s
Iteration 18
time: 1.052437s
Iteration 19
time: 1.059292s
Iteration 20
time: 1.053891s
Iteration 21
time: 1.052516s
Iteration 22
time: 1.043992s
Iteration 23
time: 1.056270s
Iteration 24
time: 1.063028s
7: Starting numprocs=8 N=8000, M=8000 impl=g-rabenseifner-allgather
4: Starting numprocs=8 N=8000, M=8000 impl=g-rabenseifner-allgather
3: Starting numprocs=8 N=8000, M=8000 impl=g-rabenseifner-allgather
0: Starting numprocs=8 N=8000, M=8000 impl=g-rabenseifner-allgather
Iteration 0
2: Starting numprocs=8 N=8000, M=8000 impl=g-rabenseifner-allgather
1: Starting numprocs=8 N=8000, M=8000 impl=g-rabenseifner-allgather
6: Starting numprocs=8 N=8000, M=8000 impl=g-rabenseifner-allgather
5: Starting numprocs=8 N=8000, M=8000 impl=g-rabenseifner-allgather
time: 0.493730s
Iteration 1
time: 0.442656s
Iteration 2
time: 0.442680s
Iteration 3
time: 0.443395s
Iteration 4
time: 0.442742s
Iteration 5
time: 0.440611s
Iteration 6
time: 0.441490s
Iteration 7
time: 0.440030s
Iteration 8
time: 0.444274s
Iteration 9
time: 0.443529s
Iteration 10
time: 0.443027s
Iteration 11
time: 0.440395s
Iteration 12
time: 0.440755s
Iteration 13
time: 0.438772s
Iteration 14
time: 0.441027s
Iteration 15
time: 0.441883s
Iteration 16
time: 0.440634s
Iteration 17
time: 0.441396s
Iteration 18
time: 0.439816s
Iteration 19
time: 0.440749s
Iteration 20
time: 0.442665s
Iteration 21
time: 0.440602s
Iteration 22
time: 0.440674s
Iteration 23
time: 0.443586s
Iteration 24
time: 0.442457s
0: Starting numprocs=8 N=8000, M=8000 impl=g-rabenseifner-subgroup-2
Iteration 0
4: Starting numprocs=8 N=8000, M=8000 impl=g-rabenseifner-subgroup-2
2: Starting numprocs=8 N=8000, M=8000 impl=g-rabenseifner-subgroup-2
7: Starting numprocs=8 N=8000, M=8000 impl=g-rabenseifner-subgroup-2
3: Starting numprocs=8 N=8000, M=8000 impl=g-rabenseifner-subgroup-2
1: Starting numprocs=8 N=8000, M=8000 impl=g-rabenseifner-subgroup-2
6: Starting numprocs=8 N=8000, M=8000 impl=g-rabenseifner-subgroup-2
5: Starting numprocs=8 N=8000, M=8000 impl=g-rabenseifner-subgroup-2
time: 0.512257s
Iteration 1
time: 0.442884s
Iteration 2
time: 0.445420s
Iteration 3
time: 0.441555s
Iteration 4
time: 0.444785s
Iteration 5
time: 0.444882s
Iteration 6
time: 0.442221s
Iteration 7
time: 0.442845s
Iteration 8
time: 0.444164s
Iteration 9
time: 0.445061s
Iteration 10
time: 0.443409s
Iteration 11
time: 0.441990s
Iteration 12
time: 0.445376s
Iteration 13
time: 0.445645s
Iteration 14
time: 0.443233s
Iteration 15
time: 0.445494s
Iteration 16
time: 0.441506s
Iteration 17
time: 0.442952s
Iteration 18
time: 0.445499s
Iteration 19
time: 0.442639s
Iteration 20
time: 0.444083s
Iteration 21
time: 0.453461s
Iteration 22
time: 0.443961s
Iteration 23
time: 0.443681s
Iteration 24
time: 0.443786s
7: Starting numprocs=8 N=8000, M=8000 impl=g-rabenseifner-subgroup-4
0: Starting numprocs=8 N=8000, M=8000 impl=g-rabenseifner-subgroup-4
Iteration 0
4: Starting numprocs=8 N=8000, M=8000 impl=g-rabenseifner-subgroup-4
2: Starting numprocs=8 N=8000, M=8000 impl=g-rabenseifner-subgroup-4
3: Starting numprocs=8 N=8000, M=8000 impl=g-rabenseifner-subgroup-4
6: Starting numprocs=8 N=8000, M=8000 impl=g-rabenseifner-subgroup-4
1: Starting numprocs=8 N=8000, M=8000 impl=g-rabenseifner-subgroup-4
5: Starting numprocs=8 N=8000, M=8000 impl=g-rabenseifner-subgroup-4
time: 0.475799s
Iteration 1
time: 0.445622s
Iteration 2
time: 0.450770s
Iteration 3
time: 0.447130s
Iteration 4
time: 0.443215s
Iteration 5
time: 0.456561s
Iteration 6
time: 0.443276s
Iteration 7
time: 0.451276s
Iteration 8
time: 0.447531s
Iteration 9
time: 0.450390s
Iteration 10
time: 0.451539s
Iteration 11
time: 0.453452s
Iteration 12
time: 0.443015s
Iteration 13
time: 0.446684s
Iteration 14
time: 0.453050s
Iteration 15
time: 0.450998s
Iteration 16
time: 0.446966s
Iteration 17
time: 0.453417s
Iteration 18
time: 0.452595s
Iteration 19
time: 0.445107s
Iteration 20
time: 0.448372s
Iteration 21
time: 0.451674s
Iteration 22
time: 0.463948s
Iteration 23
time: 0.443776s
Iteration 24
time: 0.446295s
7: Starting numprocs=8 N=8000, M=8000 impl=g-rabenseifner-subgroup-8
3: Starting numprocs=8 N=8000, M=8000 impl=g-rabenseifner-subgroup-8
4: Starting numprocs=8 N=8000, M=8000 impl=g-rabenseifner-subgroup-8
2: Starting numprocs=8 N=8000, M=8000 impl=g-rabenseifner-subgroup-8
0: Starting numprocs=8 N=8000, M=8000 impl=g-rabenseifner-subgroup-8
Iteration 0
6: Starting numprocs=8 N=8000, M=8000 impl=g-rabenseifner-subgroup-8
1: Starting numprocs=8 N=8000, M=8000 impl=g-rabenseifner-subgroup-8
5: Starting numprocs=8 N=8000, M=8000 impl=g-rabenseifner-subgroup-8
time: 0.493899s
Iteration 1
time: 0.448787s
Iteration 2
time: 0.452727s
Iteration 3
time: 0.464260s
Iteration 4
time: 0.473628s
Iteration 5
time: 0.455386s
Iteration 6
time: 0.463847s
Iteration 7
time: 0.468918s
Iteration 8
time: 0.445755s
Iteration 9
time: 0.463959s
Iteration 10
time: 0.475757s
Iteration 11
time: 0.449482s
Iteration 12
time: 0.452061s
Iteration 13
time: 0.461680s
Iteration 14
time: 0.474712s
Iteration 15
time: 0.459746s
Iteration 16
time: 0.471320s
Iteration 17
time: 0.452779s
Iteration 18
time: 0.458273s
Iteration 19
time: 0.444450s
Iteration 20
time: 0.458419s
Iteration 21
time: 0.469626s
Iteration 22
time: 0.494716s
Iteration 23
time: 0.449824s
Iteration 24
time: 0.453034s
