0: Starting numprocs=8 N=1000, M=1000 impl=allgather
Iteration 0
5: Starting numprocs=8 N=1000, M=1000 impl=allgather
2: Starting numprocs=8 N=1000, M=1000 impl=allgather
1: Starting numprocs=8 N=1000, M=1000 impl=allgather
7: Starting numprocs=8 N=1000, M=1000 impl=allgather
6: Starting numprocs=8 N=1000, M=1000 impl=allgather
3: Starting numprocs=8 N=1000, M=1000 impl=allgather
4: Starting numprocs=8 N=1000, M=1000 impl=allgather
time: 0.018759s
Iteration 1
time: 0.007004s
Iteration 2
time: 0.006904s
Iteration 3
time: 0.006780s
Iteration 4
time: 0.006731s
Iteration 5
time: 0.007928s
Iteration 6
time: 0.006768s
Iteration 7
time: 0.006705s
Iteration 8
time: 0.006778s
Iteration 9
time: 0.006741s
Iteration 10
time: 0.006702s
Iteration 11
time: 0.006718s
Iteration 12
time: 0.006816s
Iteration 13
time: 0.006722s
Iteration 14
time: 0.006762s
Iteration 15
time: 0.006838s
Iteration 16
time: 0.006987s
Iteration 17
time: 0.006961s
Iteration 18
time: 0.006969s
Iteration 19
time: 0.006992s
Iteration 20
time: 0.007451s
Iteration 21
time: 0.006777s
Iteration 22
time: 0.007229s
Iteration 23
time: 0.006722s
Iteration 24
time: 0.006839s
0: Starting numprocs=8 N=1000, M=1000 impl=allreduce
Iteration 0
2: Starting numprocs=8 N=1000, M=1000 impl=allreduce
5: Starting numprocs=8 N=1000, M=1000 impl=allreduce
7: Starting numprocs=8 N=1000, M=1000 impl=allreduce
1: Starting numprocs=8 N=1000, M=1000 impl=allreduce
3: Starting numprocs=8 N=1000, M=1000 impl=allreduce
6: Starting numprocs=8 N=1000, M=1000 impl=allreduce
4: Starting numprocs=8 N=1000, M=1000 impl=allreduce
time: 0.030997s
Iteration 1
time: 0.020607s
Iteration 2
time: 0.015308s
Iteration 3
time: 0.016178s
Iteration 4
time: 0.016121s
Iteration 5
time: 0.015448s
Iteration 6
time: 0.015417s
Iteration 7
time: 0.015053s
Iteration 8
time: 0.015616s
Iteration 9
time: 0.015283s
Iteration 10
time: 0.015400s
Iteration 11
time: 0.015762s
Iteration 12
time: 0.015817s
Iteration 13
time: 0.016001s
Iteration 14
time: 0.017284s
Iteration 15
time: 0.016586s
Iteration 16
time: 0.017483s
Iteration 17
time: 0.015502s
Iteration 18
time: 0.017571s
Iteration 19
time: 0.016130s
Iteration 20
time: 0.016067s
Iteration 21
time: 0.015345s
Iteration 22
time: 0.015243s
Iteration 23
time: 0.015288s
Iteration 24
time: 0.015268s
0: Starting numprocs=8 N=1000, M=1000 impl=allreduce-ring
Iteration 0
2: Starting numprocs=8 N=1000, M=1000 impl=allreduce-ring
5: Starting numprocs=8 N=1000, M=1000 impl=allreduce-ring
1: Starting numprocs=8 N=1000, M=1000 impl=allreduce-ring
7: Starting numprocs=8 N=1000, M=1000 impl=allreduce-ring
3: Starting numprocs=8 N=1000, M=1000 impl=allreduce-ring
6: Starting numprocs=8 N=1000, M=1000 impl=allreduce-ring
4: Starting numprocs=8 N=1000, M=1000 impl=allreduce-ring
time: 0.025400s
Iteration 1
time: 0.014085s
Iteration 2
time: 0.014113s
Iteration 3
time: 0.014139s
Iteration 4
time: 0.013847s
Iteration 5
time: 0.014527s
Iteration 6
time: 0.014086s
Iteration 7
time: 0.014028s
Iteration 8
time: 0.013929s
Iteration 9
time: 0.014019s
Iteration 10
time: 0.014564s
Iteration 11
time: 0.013739s
Iteration 12
time: 0.014539s
Iteration 13
time: 0.013754s
Iteration 14
time: 0.013927s
Iteration 15
time: 0.013883s
Iteration 16
time: 0.013755s
Iteration 17
time: 0.013891s
Iteration 18
time: 0.014675s
Iteration 19
time: 0.014248s
Iteration 20
time: 0.014016s
Iteration 21
time: 0.013891s
Iteration 22
time: 0.013936s
Iteration 23
time: 0.013864s
Iteration 24
time: 0.013782s
0: Starting numprocs=8 N=1000, M=1000 impl=g-rabenseifner-allgather
Iteration 0
2: Starting numprocs=8 N=1000, M=1000 impl=g-rabenseifner-allgather
1: Starting numprocs=8 N=1000, M=1000 impl=g-rabenseifner-allgather
5: Starting numprocs=8 N=1000, M=1000 impl=g-rabenseifner-allgather
3: Starting numprocs=8 N=1000, M=1000 impl=g-rabenseifner-allgather
7: Starting numprocs=8 N=1000, M=1000 impl=g-rabenseifner-allgather
6: Starting numprocs=8 N=1000, M=1000 impl=g-rabenseifner-allgather
4: Starting numprocs=8 N=1000, M=1000 impl=g-rabenseifner-allgather
time: 0.014598s
Iteration 1
time: 0.007627s
Iteration 2
time: 0.007035s
Iteration 3
time: 0.007532s
Iteration 4
time: 0.007058s
Iteration 5
time: 0.007050s
Iteration 6
time: 0.007425s
Iteration 7
time: 0.007056s
Iteration 8
time: 0.007045s
Iteration 9
time: 0.007047s
Iteration 10
time: 0.007035s
Iteration 11
time: 0.007065s
Iteration 12
time: 0.007032s
Iteration 13
time: 0.007025s
Iteration 14
time: 0.007040s
Iteration 15
time: 0.006995s
Iteration 16
time: 0.007018s
Iteration 17
time: 0.007263s
Iteration 18
time: 0.007032s
Iteration 19
time: 0.007483s
Iteration 20
time: 0.007029s
Iteration 21
time: 0.007000s
Iteration 22
time: 0.007551s
Iteration 23
time: 0.007464s
Iteration 24
time: 0.007448s
0: Starting numprocs=8 N=1000, M=1000 impl=g-rabenseifner-subgroup-2
Iteration 0
2: Starting numprocs=8 N=1000, M=1000 impl=g-rabenseifner-subgroup-2
7: Starting numprocs=8 N=1000, M=1000 impl=g-rabenseifner-subgroup-2
5: Starting numprocs=8 N=1000, M=1000 impl=g-rabenseifner-subgroup-2
1: Starting numprocs=8 N=1000, M=1000 impl=g-rabenseifner-subgroup-2
3: Starting numprocs=8 N=1000, M=1000 impl=g-rabenseifner-subgroup-2
6: Starting numprocs=8 N=1000, M=1000 impl=g-rabenseifner-subgroup-2
4: Starting numprocs=8 N=1000, M=1000 impl=g-rabenseifner-subgroup-2
time: 0.023853s
Iteration 1
time: 0.007084s
Iteration 2
time: 0.007088s
Iteration 3
time: 0.007113s
Iteration 4
time: 0.007096s
Iteration 5
time: 0.007066s
Iteration 6
time: 0.007113s
Iteration 7
time: 0.007463s
Iteration 8
time: 0.007085s
Iteration 9
time: 0.007569s
Iteration 10
time: 0.007103s
Iteration 11
time: 0.007096s
Iteration 12
time: 0.007105s
Iteration 13
time: 0.007128s
Iteration 14
time: 0.007082s
Iteration 15
time: 0.007082s
Iteration 16
time: 0.007097s
Iteration 17
time: 0.007109s
Iteration 18
time: 0.007149s
Iteration 19
time: 0.007118s
Iteration 20
time: 0.007099s
Iteration 21
time: 0.007093s
Iteration 22
time: 0.007109s
Iteration 23
time: 0.007124s
Iteration 24
time: 0.007157s
2: Starting numprocs=8 N=1000, M=1000 impl=g-rabenseifner-subgroup-4
5: Starting numprocs=8 N=1000, M=1000 impl=g-rabenseifner-subgroup-4
0: Starting numprocs=8 N=1000, M=1000 impl=g-rabenseifner-subgroup-4
Iteration 0
7: Starting numprocs=8 N=1000, M=1000 impl=g-rabenseifner-subgroup-4
3: Starting numprocs=8 N=1000, M=1000 impl=g-rabenseifner-subgroup-4
1: Starting numprocs=8 N=1000, M=1000 impl=g-rabenseifner-subgroup-4
6: Starting numprocs=8 N=1000, M=1000 impl=g-rabenseifner-subgroup-4
4: Starting numprocs=8 N=1000, M=1000 impl=g-rabenseifner-subgroup-4
time: 0.017115s
Iteration 1
time: 0.007720s
Iteration 2
time: 0.007703s
Iteration 3
time: 0.007259s
Iteration 4
time: 0.007163s
Iteration 5
time: 0.007170s
Iteration 6
time: 0.007230s
Iteration 7
time: 0.007204s
Iteration 8
time: 0.007214s
Iteration 9
time: 0.007228s
Iteration 10
time: 0.007249s
Iteration 11
time: 0.007345s
Iteration 12
time: 0.007413s
Iteration 13
time: 0.007280s
Iteration 14
time: 0.007690s
Iteration 15
time: 0.007192s
Iteration 16
time: 0.007274s
Iteration 17
time: 0.007341s
Iteration 18
time: 0.007389s
Iteration 19
time: 0.007493s
Iteration 20
time: 0.007387s
Iteration 21
time: 0.007545s
Iteration 22
time: 0.007717s
Iteration 23
time: 0.007565s
Iteration 24
time: 0.007474s
5: Starting numprocs=8 N=1000, M=1000 impl=g-rabenseifner-subgroup-8
2: Starting numprocs=8 N=1000, M=1000 impl=g-rabenseifner-subgroup-8
7: Starting numprocs=8 N=1000, M=1000 impl=g-rabenseifner-subgroup-8
0: Starting numprocs=8 N=1000, M=1000 impl=g-rabenseifner-subgroup-8
Iteration 0
1: Starting numprocs=8 N=1000, M=1000 impl=g-rabenseifner-subgroup-8
3: Starting numprocs=8 N=1000, M=1000 impl=g-rabenseifner-subgroup-8
6: Starting numprocs=8 N=1000, M=1000 impl=g-rabenseifner-subgroup-8
4: Starting numprocs=8 N=1000, M=1000 impl=g-rabenseifner-subgroup-8
time: 0.015986s
Iteration 1
time: 0.007180s
Iteration 2
time: 0.007128s
Iteration 3
time: 0.006586s
Iteration 4
time: 0.006665s
Iteration 5
time: 0.006630s
Iteration 6
time: 0.006738s
Iteration 7
time: 0.006689s
Iteration 8
time: 0.006695s
Iteration 9
time: 0.006645s
Iteration 10
time: 0.007080s
Iteration 11
time: 0.006629s
Iteration 12
time: 0.006558s
Iteration 13
time: 0.006534s
Iteration 14
time: 0.006515s
Iteration 15
time: 0.006545s
Iteration 16
time: 0.006519s
Iteration 17
time: 0.006538s
Iteration 18
time: 0.006513s
Iteration 19
time: 0.006558s
Iteration 20
time: 0.006506s
Iteration 21
time: 0.006596s
Iteration 22
time: 0.006639s
Iteration 23
time: 0.006605s
Iteration 24
time: 0.006603s
5: Starting numprocs=8 N=2000, M=2000 impl=allgather
2: Starting numprocs=8 N=2000, M=2000 impl=allgather
0: Starting numprocs=8 N=2000, M=2000 impl=allgather
Iteration 0
7: Starting numprocs=8 N=2000, M=2000 impl=allgather
3: Starting numprocs=8 N=2000, M=2000 impl=allgather
1: Starting numprocs=8 N=2000, M=2000 impl=allgather
6: Starting numprocs=8 N=2000, M=2000 impl=allgather
4: Starting numprocs=8 N=2000, M=2000 impl=allgather
time: 0.034203s
Iteration 1
time: 0.027789s
Iteration 2
time: 0.028179s
Iteration 3
time: 0.028542s
Iteration 4
time: 0.028581s
Iteration 5
time: 0.028077s
Iteration 6
time: 0.028467s
Iteration 7
time: 0.027492s
Iteration 8
time: 0.027975s
Iteration 9
time: 0.027504s
Iteration 10
time: 0.027557s
Iteration 11
time: 0.028090s
Iteration 12
time: 0.027620s
Iteration 13
time: 0.027596s
Iteration 14
time: 0.027671s
Iteration 15
time: 0.028138s
Iteration 16
time: 0.027579s
Iteration 17
time: 0.027556s
Iteration 18
time: 0.027734s
Iteration 19
time: 0.027689s
Iteration 20
time: 0.028338s
Iteration 21
time: 0.027777s
Iteration 22
time: 0.028271s
Iteration 23
time: 0.027728s
Iteration 24
time: 0.027962s
0: Starting numprocs=8 N=2000, M=2000 impl=allreduce
Iteration 0
2: Starting numprocs=8 N=2000, M=2000 impl=allreduce
5: Starting numprocs=8 N=2000, M=2000 impl=allreduce
7: Starting numprocs=8 N=2000, M=2000 impl=allreduce
3: Starting numprocs=8 N=2000, M=2000 impl=allreduce
6: Starting numprocs=8 N=2000, M=2000 impl=allreduce
1: Starting numprocs=8 N=2000, M=2000 impl=allreduce
4: Starting numprocs=8 N=2000, M=2000 impl=allreduce
time: 0.092378s
Iteration 1
time: 0.079095s
Iteration 2
time: 0.063652s
Iteration 3
time: 0.066841s
Iteration 4
time: 0.065435s
Iteration 5
time: 0.066562s
Iteration 6
time: 0.063772s
Iteration 7
time: 0.065286s
Iteration 8
time: 0.064320s
Iteration 9
time: 0.063349s
Iteration 10
time: 0.063621s
Iteration 11
time: 0.064226s
Iteration 12
time: 0.064362s
Iteration 13
time: 0.065724s
Iteration 14
time: 0.064357s
Iteration 15
time: 0.082492s
Iteration 16
time: 0.063772s
Iteration 17
time: 0.064117s
Iteration 18
time: 0.068468s
Iteration 19
time: 0.129443s
Iteration 20
time: 0.062600s
Iteration 21
time: 0.064330s
Iteration 22
time: 0.063631s
Iteration 23
time: 0.064699s
Iteration 24
time: 0.064202s
2: Starting numprocs=8 N=2000, M=2000 impl=allreduce-ring
5: Starting numprocs=8 N=2000, M=2000 impl=allreduce-ring
0: Starting numprocs=8 N=2000, M=2000 impl=allreduce-ring
Iteration 0
7: Starting numprocs=8 N=2000, M=2000 impl=allreduce-ring
1: Starting numprocs=8 N=2000, M=2000 impl=allreduce-ring
3: Starting numprocs=8 N=2000, M=2000 impl=allreduce-ring
6: Starting numprocs=8 N=2000, M=2000 impl=allreduce-ring
4: Starting numprocs=8 N=2000, M=2000 impl=allreduce-ring
time: 0.071051s
Iteration 1
time: 0.056049s
Iteration 2
time: 0.054514s
Iteration 3
time: 0.054663s
Iteration 4
time: 0.053912s
Iteration 5
time: 0.054533s
Iteration 6
time: 0.054257s
Iteration 7
time: 0.055988s
Iteration 8
time: 0.057477s
Iteration 9
time: 0.054712s
Iteration 10
time: 0.053920s
Iteration 11
time: 0.055047s
Iteration 12
time: 0.053440s
Iteration 13
time: 0.053204s
Iteration 14
time: 0.053097s
Iteration 15
time: 0.054489s
Iteration 16
time: 0.054071s
Iteration 17
time: 0.056365s
Iteration 18
time: 0.055166s
Iteration 19
time: 0.054271s
Iteration 20
time: 0.054973s
Iteration 21
time: 0.054619s
Iteration 22
time: 0.054548s
Iteration 23
time: 0.055277s
Iteration 24
time: 0.054633s
0: Starting numprocs=8 N=2000, M=2000 impl=g-rabenseifner-allgather
Iteration 0
5: Starting numprocs=8 N=2000, M=2000 impl=g-rabenseifner-allgather
7: Starting numprocs=8 N=2000, M=2000 impl=g-rabenseifner-allgather
1: Starting numprocs=8 N=2000, M=2000 impl=g-rabenseifner-allgather
2: Starting numprocs=8 N=2000, M=2000 impl=g-rabenseifner-allgather
3: Starting numprocs=8 N=2000, M=2000 impl=g-rabenseifner-allgather
4: Starting numprocs=8 N=2000, M=2000 impl=g-rabenseifner-allgather
6: Starting numprocs=8 N=2000, M=2000 impl=g-rabenseifner-allgather
time: 0.040671s
Iteration 1
time: 0.027939s
Iteration 2
time: 0.027711s
Iteration 3
time: 0.027528s
Iteration 4
time: 0.027412s
Iteration 5
time: 0.027587s
Iteration 6
time: 0.027446s
Iteration 7
time: 0.027388s
Iteration 8
time: 0.027674s
Iteration 9
time: 0.027431s
Iteration 10
time: 0.027484s
Iteration 11
time: 0.027402s
Iteration 12
time: 0.027420s
Iteration 13
time: 0.027988s
Iteration 14
time: 0.029207s
Iteration 15
time: 0.027445s
Iteration 16
time: 0.027442s
Iteration 17
time: 0.027429s
Iteration 18
time: 0.027537s
Iteration 19
time: 0.027305s
Iteration 20
time: 0.027408s
Iteration 21
time: 0.028105s
Iteration 22
time: 0.028065s
Iteration 23
time: 0.027393s
Iteration 24
time: 0.027361s
2: Starting numprocs=8 N=2000, M=2000 impl=g-rabenseifner-subgroup-2
1: Starting numprocs=8 N=2000, M=2000 impl=g-rabenseifner-subgroup-2
5: Starting numprocs=8 N=2000, M=2000 impl=g-rabenseifner-subgroup-2
0: Starting numprocs=8 N=2000, M=2000 impl=g-rabenseifner-subgroup-2
Iteration 0
3: Starting numprocs=8 N=2000, M=2000 impl=g-rabenseifner-subgroup-2
6: Starting numprocs=8 N=2000, M=2000 impl=g-rabenseifner-subgroup-2
4: Starting numprocs=8 N=2000, M=2000 impl=g-rabenseifner-subgroup-2
7: Starting numprocs=8 N=2000, M=2000 impl=g-rabenseifner-subgroup-2
time: 0.043953s
Iteration 1
time: 0.028070s
Iteration 2
time: 0.027737s
Iteration 3
time: 0.027669s
Iteration 4
time: 0.027696s
Iteration 5
time: 0.028442s
Iteration 6
time: 0.027798s
Iteration 7
time: 0.027879s
Iteration 8
time: 0.027978s
Iteration 9
time: 0.028418s
Iteration 10
time: 0.028075s
Iteration 11
time: 0.028072s
Iteration 12
time: 0.028061s
Iteration 13
time: 0.028254s
Iteration 14
time: 0.027728s
Iteration 15
time: 0.027658s
Iteration 16
time: 0.027690s
Iteration 17
time: 0.027769s
Iteration 18
time: 0.027891s
Iteration 19
time: 0.027840s
Iteration 20
time: 0.027670s
Iteration 21
time: 0.027669s
Iteration 22
time: 0.027657s
Iteration 23
time: 0.027691s
Iteration 24
time: 0.028231s
0: Starting numprocs=8 N=2000, M=2000 impl=g-rabenseifner-subgroup-4
Iteration 0
2: Starting numprocs=8 N=2000, M=2000 impl=g-rabenseifner-subgroup-4
5: Starting numprocs=8 N=2000, M=2000 impl=g-rabenseifner-subgroup-4
7: Starting numprocs=8 N=2000, M=2000 impl=g-rabenseifner-subgroup-4
3: Starting numprocs=8 N=2000, M=2000 impl=g-rabenseifner-subgroup-4
1: Starting numprocs=8 N=2000, M=2000 impl=g-rabenseifner-subgroup-4
4: Starting numprocs=8 N=2000, M=2000 impl=g-rabenseifner-subgroup-4
6: Starting numprocs=8 N=2000, M=2000 impl=g-rabenseifner-subgroup-4
time: 0.041768s
Iteration 1
time: 0.028561s
Iteration 2
time: 0.028107s
Iteration 3
time: 0.028170s
Iteration 4
time: 0.028077s
Iteration 5
time: 0.027981s
Iteration 6
time: 0.027708s
Iteration 7
time: 0.028148s
Iteration 8
time: 0.028281s
Iteration 9
time: 0.028187s
Iteration 10
time: 0.028126s
Iteration 11
time: 0.028138s
Iteration 12
time: 0.028175s
Iteration 13
time: 0.028032s
Iteration 14
time: 0.028070s
Iteration 15
time: 0.029624s
Iteration 16
time: 0.029363s
Iteration 17
time: 0.029892s
Iteration 18
time: 0.028753s
Iteration 19
time: 0.028758s
Iteration 20
time: 0.028323s
Iteration 21
time: 0.028829s
Iteration 22
time: 0.029204s
Iteration 23
time: 0.028858s
Iteration 24
time: 0.027981s
2: Starting numprocs=8 N=2000, M=2000 impl=g-rabenseifner-subgroup-8
0: Starting numprocs=8 N=2000, M=2000 impl=g-rabenseifner-subgroup-8
Iteration 0
5: Starting numprocs=8 N=2000, M=2000 impl=g-rabenseifner-subgroup-8
7: Starting numprocs=8 N=2000, M=2000 impl=g-rabenseifner-subgroup-8
1: Starting numprocs=8 N=2000, M=2000 impl=g-rabenseifner-subgroup-8
6: Starting numprocs=8 N=2000, M=2000 impl=g-rabenseifner-subgroup-8
3: Starting numprocs=8 N=2000, M=2000 impl=g-rabenseifner-subgroup-8
4: Starting numprocs=8 N=2000, M=2000 impl=g-rabenseifner-subgroup-8
time: 0.033869s
Iteration 1
time: 0.026014s
Iteration 2
time: 0.026081s
Iteration 3
time: 0.025635s
Iteration 4
time: 0.026035s
Iteration 5
time: 0.025483s
Iteration 6
time: 0.025578s
Iteration 7
time: 0.025484s
Iteration 8
time: 0.026008s
Iteration 9
time: 0.026710s
Iteration 10
time: 0.025839s
Iteration 11
time: 0.025556s
Iteration 12
time: 0.026007s
Iteration 13
time: 0.025977s
Iteration 14
time: 0.025622s
Iteration 15
time: 0.025818s
Iteration 16
time: 0.026371s
Iteration 17
time: 0.026305s
Iteration 18
time: 0.026351s
Iteration 19
time: 0.025814s
Iteration 20
time: 0.026254s
Iteration 21
time: 0.025833s
Iteration 22
time: 0.025659s
Iteration 23
time: 0.025849s
Iteration 24
time: 0.026598s
2: Starting numprocs=8 N=3000, M=3000 impl=allgather
5: Starting numprocs=8 N=3000, M=3000 impl=allgather
0: Starting numprocs=8 N=3000, M=3000 impl=allgather
Iteration 0
3: Starting numprocs=8 N=3000, M=3000 impl=allgather
1: Starting numprocs=8 N=3000, M=3000 impl=allgather
7: Starting numprocs=8 N=3000, M=3000 impl=allgather
4: Starting numprocs=8 N=3000, M=3000 impl=allgather
6: Starting numprocs=8 N=3000, M=3000 impl=allgather
time: 0.075729s
Iteration 1
time: 0.067551s
Iteration 2
time: 0.065686s
Iteration 3
time: 0.072502s
Iteration 4
time: 0.071063s
Iteration 5
time: 0.072360s
Iteration 6
time: 0.065305s
Iteration 7
time: 0.068122s
Iteration 8
time: 0.064924s
Iteration 9
time: 0.066043s
Iteration 10
time: 0.066419s
Iteration 11
time: 0.067439s
Iteration 12
time: 0.066306s
Iteration 13
time: 0.064396s
Iteration 14
time: 0.063317s
Iteration 15
time: 0.063291s
Iteration 16
time: 0.066194s
Iteration 17
time: 0.065926s
Iteration 18
time: 0.068942s
Iteration 19
time: 0.120771s
Iteration 20
time: 0.076586s
Iteration 21
time: 0.077313s
Iteration 22
time: 0.070420s
Iteration 23
time: 0.066763s
Iteration 24
time: 0.065600s
5: Starting numprocs=8 N=3000, M=3000 impl=allreduce
0: Starting numprocs=8 N=3000, M=3000 impl=allreduce
Iteration 0
2: Starting numprocs=8 N=3000, M=3000 impl=allreduce
1: Starting numprocs=8 N=3000, M=3000 impl=allreduce
7: Starting numprocs=8 N=3000, M=3000 impl=allreduce
3: Starting numprocs=8 N=3000, M=3000 impl=allreduce
6: Starting numprocs=8 N=3000, M=3000 impl=allreduce
4: Starting numprocs=8 N=3000, M=3000 impl=allreduce
time: 0.208780s
Iteration 1
time: 0.190714s
Iteration 2
time: 0.187550s
Iteration 3
time: 0.185854s
Iteration 4
time: 0.185364s
Iteration 5
time: 0.184780s
Iteration 6
time: 0.191461s
Iteration 7
time: 0.188528s
Iteration 8
time: 0.185895s
Iteration 9
time: 0.188037s
Iteration 10
time: 0.186409s
Iteration 11
time: 0.192967s
Iteration 12
time: 0.194217s
Iteration 13
time: 0.186145s
Iteration 14
time: 0.193417s
Iteration 15
time: 0.184351s
Iteration 16
time: 0.188665s
Iteration 17
time: 0.189311s
Iteration 18
time: 0.196678s
Iteration 19
time: 0.187678s
Iteration 20
time: 0.206249s
Iteration 21
time: 0.202688s
Iteration 22
time: 0.189512s
Iteration 23
time: 0.184631s
Iteration 24
time: 0.188704s
1: Starting numprocs=8 N=3000, M=3000 impl=allreduce-ring
0: Starting numprocs=8 N=3000, M=3000 impl=allreduce-ring
Iteration 0
2: Starting numprocs=8 N=3000, M=3000 impl=allreduce-ring
5: Starting numprocs=8 N=3000, M=3000 impl=allreduce-ring
3: Starting numprocs=8 N=3000, M=3000 impl=allreduce-ring
6: Starting numprocs=8 N=3000, M=3000 impl=allreduce-ring
4: Starting numprocs=8 N=3000, M=3000 impl=allreduce-ring
7: Starting numprocs=8 N=3000, M=3000 impl=allreduce-ring
time: 0.145353s
Iteration 1
time: 0.128238s
Iteration 2
time: 0.125258s
Iteration 3
time: 0.125365s
Iteration 4
time: 0.124111s
Iteration 5
time: 0.123311s
Iteration 6
time: 0.124694s
Iteration 7
time: 0.124681s
Iteration 8
time: 0.122886s
Iteration 9
time: 0.125730s
Iteration 10
time: 0.122701s
Iteration 11
time: 0.122116s
Iteration 12
time: 0.129349s
Iteration 13
time: 0.124229s
Iteration 14
time: 0.124893s
Iteration 15
time: 0.123768s
Iteration 16
time: 0.129859s
Iteration 17
time: 0.124814s
Iteration 18
time: 0.122342s
Iteration 19
time: 0.124062s
Iteration 20
time: 0.127602s
Iteration 21
time: 0.125613s
Iteration 22
time: 0.126251s
Iteration 23
time: 0.121224s
Iteration 24
time: 0.122042s
2: Starting numprocs=8 N=3000, M=3000 impl=g-rabenseifner-allgather
5: Starting numprocs=8 N=3000, M=3000 impl=g-rabenseifner-allgather
1: Starting numprocs=8 N=3000, M=3000 impl=g-rabenseifner-allgather
0: Starting numprocs=8 N=3000, M=3000 impl=g-rabenseifner-allgather
Iteration 0
3: Starting numprocs=8 N=3000, M=3000 impl=g-rabenseifner-allgather
6: Starting numprocs=8 N=3000, M=3000 impl=g-rabenseifner-allgather
7: Starting numprocs=8 N=3000, M=3000 impl=g-rabenseifner-allgather
4: Starting numprocs=8 N=3000, M=3000 impl=g-rabenseifner-allgather
time: 0.082087s
Iteration 1
time: 0.061723s
Iteration 2
time: 0.061722s
Iteration 3
time: 0.061346s
Iteration 4
time: 0.061861s
Iteration 5
time: 0.061275s
Iteration 6
time: 0.061436s
Iteration 7
time: 0.061325s
Iteration 8
time: 0.061958s
Iteration 9
time: 0.061863s
Iteration 10
time: 0.061329s
Iteration 11
time: 0.061713s
Iteration 12
time: 0.061378s
Iteration 13
time: 0.061344s
Iteration 14
time: 0.061483s
Iteration 15
time: 0.061355s
Iteration 16
time: 0.061334s
Iteration 17
time: 0.061852s
Iteration 18
time: 0.061394s
Iteration 19
time: 0.061513s
Iteration 20
time: 0.061808s
Iteration 21
time: 0.061594s
Iteration 22
time: 0.067394s
Iteration 23
time: 0.061470s
Iteration 24
time: 0.061457s
2: Starting numprocs=8 N=3000, M=3000 impl=g-rabenseifner-subgroup-2
5: Starting numprocs=8 N=3000, M=3000 impl=g-rabenseifner-subgroup-2
0: Starting numprocs=8 N=3000, M=3000 impl=g-rabenseifner-subgroup-2
Iteration 0
7: Starting numprocs=8 N=3000, M=3000 impl=g-rabenseifner-subgroup-2
1: Starting numprocs=8 N=3000, M=3000 impl=g-rabenseifner-subgroup-2
3: Starting numprocs=8 N=3000, M=3000 impl=g-rabenseifner-subgroup-2
6: Starting numprocs=8 N=3000, M=3000 impl=g-rabenseifner-subgroup-2
4: Starting numprocs=8 N=3000, M=3000 impl=g-rabenseifner-subgroup-2
time: 0.086829s
Iteration 1
time: 0.062325s
Iteration 2
time: 0.062755s
Iteration 3
time: 0.061830s
Iteration 4
time: 0.062512s
Iteration 5
time: 0.061991s
Iteration 6
time: 0.062210s
Iteration 7
time: 0.062501s
Iteration 8
time: 0.062749s
Iteration 9
time: 0.063064s
Iteration 10
time: 0.062071s
Iteration 11
time: 0.063009s
Iteration 12
time: 0.062139s
Iteration 13
time: 0.062064s
Iteration 14
time: 0.062061s
Iteration 15
time: 0.061991s
Iteration 16
time: 0.061893s
Iteration 17
time: 0.062095s
Iteration 18
time: 0.062677s
Iteration 19
time: 0.062280s
Iteration 20
time: 0.062714s
Iteration 21
time: 0.062423s
Iteration 22
time: 0.062141s
Iteration 23
time: 0.062152s
Iteration 24
time: 0.062266s
0: Starting numprocs=8 N=3000, M=3000 impl=g-rabenseifner-subgroup-4
Iteration 0
5: Starting numprocs=8 N=3000, M=3000 impl=g-rabenseifner-subgroup-4
2: Starting numprocs=8 N=3000, M=3000 impl=g-rabenseifner-subgroup-4
3: Starting numprocs=8 N=3000, M=3000 impl=g-rabenseifner-subgroup-4
7: Starting numprocs=8 N=3000, M=3000 impl=g-rabenseifner-subgroup-4
1: Starting numprocs=8 N=3000, M=3000 impl=g-rabenseifner-subgroup-4
6: Starting numprocs=8 N=3000, M=3000 impl=g-rabenseifner-subgroup-4
4: Starting numprocs=8 N=3000, M=3000 impl=g-rabenseifner-subgroup-4
time: 0.075881s
Iteration 1
time: 0.063678s
Iteration 2
time: 0.062820s
Iteration 3
time: 0.063040s
Iteration 4
time: 0.062609s
Iteration 5
time: 0.062236s
Iteration 6
time: 0.062924s
Iteration 7
time: 0.062911s
Iteration 8
time: 0.066522s
Iteration 9
time: 0.063922s
Iteration 10
time: 0.065141s
Iteration 11
time: 0.064016s
Iteration 12
time: 0.064032s
Iteration 13
time: 0.064130s
Iteration 14
time: 0.064168s
Iteration 15
time: 0.063592s
Iteration 16
time: 0.064673s
Iteration 17
time: 0.064306s
Iteration 18
time: 0.065506s
Iteration 19
time: 0.063757s
Iteration 20
time: 0.064111s
Iteration 21
time: 0.063083s
Iteration 22
time: 0.064118s
Iteration 23
time: 0.064102s
Iteration 24
time: 0.063431s
2: Starting numprocs=8 N=3000, M=3000 impl=g-rabenseifner-subgroup-8
1: Starting numprocs=8 N=3000, M=3000 impl=g-rabenseifner-subgroup-8
5: Starting numprocs=8 N=3000, M=3000 impl=g-rabenseifner-subgroup-8
0: Starting numprocs=8 N=3000, M=3000 impl=g-rabenseifner-subgroup-8
Iteration 0
7: Starting numprocs=8 N=3000, M=3000 impl=g-rabenseifner-subgroup-8
3: Starting numprocs=8 N=3000, M=3000 impl=g-rabenseifner-subgroup-8
6: Starting numprocs=8 N=3000, M=3000 impl=g-rabenseifner-subgroup-8
4: Starting numprocs=8 N=3000, M=3000 impl=g-rabenseifner-subgroup-8
time: 0.066946s
Iteration 1
time: 0.059925s
Iteration 2
time: 0.059363s
Iteration 3
time: 0.060430s
Iteration 4
time: 0.059600s
Iteration 5
time: 0.058994s
Iteration 6
time: 0.058877s
Iteration 7
time: 0.059146s
Iteration 8
time: 0.060659s
Iteration 9
time: 0.060062s
Iteration 10
time: 0.059127s
Iteration 11
time: 0.060495s
Iteration 12
time: 0.060966s
Iteration 13
time: 0.063676s
Iteration 14
time: 0.062134s
Iteration 15
time: 0.059801s
Iteration 16
time: 0.060930s
Iteration 17
time: 0.059088s
Iteration 18
time: 0.059087s
Iteration 19
time: 0.059241s
Iteration 20
time: 0.059350s
Iteration 21
time: 0.060050s
Iteration 22
time: 0.059690s
Iteration 23
time: 0.061701s
Iteration 24
time: 0.059115s
2: Starting numprocs=8 N=4000, M=4000 impl=allgather
5: Starting numprocs=8 N=4000, M=4000 impl=allgather
0: Starting numprocs=8 N=4000, M=4000 impl=allgather
Iteration 0
7: Starting numprocs=8 N=4000, M=4000 impl=allgather
1: Starting numprocs=8 N=4000, M=4000 impl=allgather
3: Starting numprocs=8 N=4000, M=4000 impl=allgather
6: Starting numprocs=8 N=4000, M=4000 impl=allgather
4: Starting numprocs=8 N=4000, M=4000 impl=allgather
time: 0.141838s
Iteration 1
time: 0.134504s
Iteration 2
time: 0.146400s
Iteration 3
time: 0.140428s
Iteration 4
time: 0.128184s
Iteration 5
time: 0.139043s
Iteration 6
time: 0.157880s
Iteration 7
time: 0.143255s
Iteration 8
time: 0.131582s
Iteration 9
time: 0.134285s
Iteration 10
time: 0.151255s
Iteration 11
time: 0.158295s
Iteration 12
time: 0.140716s
Iteration 13
time: 0.129793s
Iteration 14
time: 0.129987s
Iteration 15
time: 0.128951s
Iteration 16
time: 0.129719s
Iteration 17
time: 0.123750s
Iteration 18
time: 0.121204s
Iteration 19
time: 0.120631s
Iteration 20
time: 0.122792s
Iteration 21
time: 0.128998s
Iteration 22
time: 0.143890s
Iteration 23
time: 0.134660s
Iteration 24
time: 0.124790s
2: Starting numprocs=8 N=4000, M=4000 impl=allreduce
5: Starting numprocs=8 N=4000, M=4000 impl=allreduce
1: Starting numprocs=8 N=4000, M=4000 impl=allreduce
0: Starting numprocs=8 N=4000, M=4000 impl=allreduce
Iteration 0
7: Starting numprocs=8 N=4000, M=4000 impl=allreduce
6: Starting numprocs=8 N=4000, M=4000 impl=allreduce
3: Starting numprocs=8 N=4000, M=4000 impl=allreduce
4: Starting numprocs=8 N=4000, M=4000 impl=allreduce
time: 0.370771s
Iteration 1
time: 0.332693s
Iteration 2
time: 0.334736s
Iteration 3
time: 0.335588s
Iteration 4
time: 0.325059s
Iteration 5
time: 0.339676s
Iteration 6
time: 0.328509s
Iteration 7
time: 0.330940s
Iteration 8
time: 0.339241s
Iteration 9
time: 0.333204s
Iteration 10
time: 0.335385s
Iteration 11
time: 0.331853s
Iteration 12
time: 0.357188s
Iteration 13
time: 0.337592s
Iteration 14
time: 0.334185s
Iteration 15
time: 0.332869s
Iteration 16
time: 0.332692s
Iteration 17
time: 0.333583s
Iteration 18
time: 0.334674s
Iteration 19
time: 0.329721s
Iteration 20
time: 0.352397s
Iteration 21
time: 0.330388s
Iteration 22
time: 0.332798s
Iteration 23
time: 0.331790s
Iteration 24
time: 0.337396s
2: Starting numprocs=8 N=4000, M=4000 impl=allreduce-ring
5: Starting numprocs=8 N=4000, M=4000 impl=allreduce-ring
1: Starting numprocs=8 N=4000, M=4000 impl=allreduce-ring
0: Starting numprocs=8 N=4000, M=4000 impl=allreduce-ring
Iteration 0
7: Starting numprocs=8 N=4000, M=4000 impl=allreduce-ring
3: Starting numprocs=8 N=4000, M=4000 impl=allreduce-ring
6: Starting numprocs=8 N=4000, M=4000 impl=allreduce-ring
4: Starting numprocs=8 N=4000, M=4000 impl=allreduce-ring
time: 0.247907s
Iteration 1
time: 0.219333s
Iteration 2
time: 0.223830s
Iteration 3
time: 0.221993s
Iteration 4
time: 0.225767s
Iteration 5
time: 0.223864s
Iteration 6
time: 0.225968s
Iteration 7
time: 0.223412s
Iteration 8
time: 0.225346s
Iteration 9
time: 0.222974s
Iteration 10
time: 0.220746s
Iteration 11
time: 0.222891s
Iteration 12
time: 0.242014s
Iteration 13
time: 0.224997s
Iteration 14
time: 0.220475s
Iteration 15
time: 0.225175s
Iteration 16
time: 0.224878s
Iteration 17
time: 0.224960s
Iteration 18
time: 0.233989s
Iteration 19
time: 0.231864s
Iteration 20
time: 0.221054s
Iteration 21
time: 0.224922s
Iteration 22
time: 0.224376s
Iteration 23
time: 0.224028s
Iteration 24
time: 0.223887s
5: Starting numprocs=8 N=4000, M=4000 impl=g-rabenseifner-allgather
0: Starting numprocs=8 N=4000, M=4000 impl=g-rabenseifner-allgather
Iteration 0
2: Starting numprocs=8 N=4000, M=4000 impl=g-rabenseifner-allgather
1: Starting numprocs=8 N=4000, M=4000 impl=g-rabenseifner-allgather
6: Starting numprocs=8 N=4000, M=4000 impl=g-rabenseifner-allgather
7: Starting numprocs=8 N=4000, M=4000 impl=g-rabenseifner-allgather
3: Starting numprocs=8 N=4000, M=4000 impl=g-rabenseifner-allgather
4: Starting numprocs=8 N=4000, M=4000 impl=g-rabenseifner-allgather
time: 0.131943s
Iteration 1
time: 0.109006s
Iteration 2
time: 0.108892s
Iteration 3
time: 0.109992s
Iteration 4
time: 0.109658s
Iteration 5
time: 0.109810s
Iteration 6
time: 0.109677s
Iteration 7
time: 0.109685s
Iteration 8
time: 0.109280s
Iteration 9
time: 0.110170s
Iteration 10
time: 0.110196s
Iteration 11
time: 0.109677s
Iteration 12
time: 0.109364s
Iteration 13
time: 0.109854s
Iteration 14
time: 0.108864s
Iteration 15
time: 0.109145s
Iteration 16
time: 0.108876s
Iteration 17
time: 0.109105s
Iteration 18
time: 0.108775s
Iteration 19
time: 0.108796s
Iteration 20
time: 0.108783s
Iteration 21
time: 0.109363s
Iteration 22
time: 0.108756s
Iteration 23
time: 0.109676s
Iteration 24
time: 0.109203s
5: Starting numprocs=8 N=4000, M=4000 impl=g-rabenseifner-subgroup-2
7: Starting numprocs=8 N=4000, M=4000 impl=g-rabenseifner-subgroup-2
2: Starting numprocs=8 N=4000, M=4000 impl=g-rabenseifner-subgroup-2
0: Starting numprocs=8 N=4000, M=4000 impl=g-rabenseifner-subgroup-2
Iteration 0
3: Starting numprocs=8 N=4000, M=4000 impl=g-rabenseifner-subgroup-2
1: Starting numprocs=8 N=4000, M=4000 impl=g-rabenseifner-subgroup-2
6: Starting numprocs=8 N=4000, M=4000 impl=g-rabenseifner-subgroup-2
4: Starting numprocs=8 N=4000, M=4000 impl=g-rabenseifner-subgroup-2
time: 0.143444s
Iteration 1
time: 0.111159s
Iteration 2
time: 0.111347s
Iteration 3
time: 0.110572s
Iteration 4
time: 0.111761s
Iteration 5
time: 0.111020s
Iteration 6
time: 0.111377s
Iteration 7
time: 0.111134s
Iteration 8
time: 0.110091s
Iteration 9
time: 0.109727s
Iteration 10
time: 0.109918s
Iteration 11
time: 0.109438s
Iteration 12
time: 0.111345s
Iteration 13
time: 0.112598s
Iteration 14
time: 0.110958s
Iteration 15
time: 0.110967s
Iteration 16
time: 0.110889s
Iteration 17
time: 0.110216s
Iteration 18
time: 0.110807s
Iteration 19
time: 0.111405s
Iteration 20
time: 0.112977s
Iteration 21
time: 0.111334s
Iteration 22
time: 0.110310s
Iteration 23
time: 0.109840s
Iteration 24
time: 0.109252s
2: Starting numprocs=8 N=4000, M=4000 impl=g-rabenseifner-subgroup-4
5: Starting numprocs=8 N=4000, M=4000 impl=g-rabenseifner-subgroup-4
0: Starting numprocs=8 N=4000, M=4000 impl=g-rabenseifner-subgroup-4
Iteration 0
3: Starting numprocs=8 N=4000, M=4000 impl=g-rabenseifner-subgroup-4
1: Starting numprocs=8 N=4000, M=4000 impl=g-rabenseifner-subgroup-4
7: Starting numprocs=8 N=4000, M=4000 impl=g-rabenseifner-subgroup-4
6: Starting numprocs=8 N=4000, M=4000 impl=g-rabenseifner-subgroup-4
4: Starting numprocs=8 N=4000, M=4000 impl=g-rabenseifner-subgroup-4
time: 0.130531s
Iteration 1
time: 0.139041s
Iteration 2
time: 0.114957s
Iteration 3
time: 0.113576s
Iteration 4
time: 0.113053s
Iteration 5
time: 0.114459s
Iteration 6
time: 0.113395s
Iteration 7
time: 0.113305s
Iteration 8
time: 0.114376s
Iteration 9
time: 0.114709s
Iteration 10
time: 0.117115s
Iteration 11
time: 0.113711s
Iteration 12
time: 0.114675s
Iteration 13
time: 0.114111s
Iteration 14
time: 0.115386s
Iteration 15
time: 0.114231s
Iteration 16
time: 0.114971s
Iteration 17
time: 0.113929s
Iteration 18
time: 0.113829s
Iteration 19
time: 0.113741s
Iteration 20
time: 0.114363s
Iteration 21
time: 0.113890s
Iteration 22
time: 0.113802s
Iteration 23
time: 0.113526s
Iteration 24
time: 0.114489s
2: Starting numprocs=8 N=4000, M=4000 impl=g-rabenseifner-subgroup-8
5: Starting numprocs=8 N=4000, M=4000 impl=g-rabenseifner-subgroup-8
0: Starting numprocs=8 N=4000, M=4000 impl=g-rabenseifner-subgroup-8
Iteration 0
1: Starting numprocs=8 N=4000, M=4000 impl=g-rabenseifner-subgroup-8
3: Starting numprocs=8 N=4000, M=4000 impl=g-rabenseifner-subgroup-8
7: Starting numprocs=8 N=4000, M=4000 impl=g-rabenseifner-subgroup-8
6: Starting numprocs=8 N=4000, M=4000 impl=g-rabenseifner-subgroup-8
4: Starting numprocs=8 N=4000, M=4000 impl=g-rabenseifner-subgroup-8
time: 0.119583s
Iteration 1
time: 0.107092s
Iteration 2
time: 0.106808s
Iteration 3
time: 0.107319s
Iteration 4
time: 0.107094s
Iteration 5
time: 0.105606s
Iteration 6
time: 0.105051s
Iteration 7
time: 0.104249s
Iteration 8
time: 0.103899s
Iteration 9
time: 0.103547s
Iteration 10
time: 0.105263s
Iteration 11
time: 0.104993s
Iteration 12
time: 0.104516s
Iteration 13
time: 0.103934s
Iteration 14
time: 0.105904s
Iteration 15
time: 0.104245s
Iteration 16
time: 0.107507s
Iteration 17
time: 0.106881s
Iteration 18
time: 0.108845s
Iteration 19
time: 0.107862s
Iteration 20
time: 0.107572s
Iteration 21
time: 0.109665s
Iteration 22
time: 0.104835s
Iteration 23
time: 0.105568s
Iteration 24
time: 0.106352s
5: Starting numprocs=8 N=5000, M=5000 impl=allgather
2: Starting numprocs=8 N=5000, M=5000 impl=allgather
1: Starting numprocs=8 N=5000, M=5000 impl=allgather
0: Starting numprocs=8 N=5000, M=5000 impl=allgather
Iteration 0
3: Starting numprocs=8 N=5000, M=5000 impl=allgather
7: Starting numprocs=8 N=5000, M=5000 impl=allgather
6: Starting numprocs=8 N=5000, M=5000 impl=allgather
4: Starting numprocs=8 N=5000, M=5000 impl=allgather
time: 0.216605s
Iteration 1
time: 0.207715s
Iteration 2
time: 0.202578s
Iteration 3
time: 0.211754s
Iteration 4
time: 0.208870s
Iteration 5
time: 0.204228s
Iteration 6
time: 0.208431s
Iteration 7
time: 0.204217s
Iteration 8
time: 0.210542s
Iteration 9
time: 0.208064s
Iteration 10
time: 0.209152s
Iteration 11
time: 0.209820s
Iteration 12
time: 0.231357s
Iteration 13
time: 0.209781s
Iteration 14
time: 0.214471s
Iteration 15
time: 0.223461s
Iteration 16
time: 0.211771s
Iteration 17
time: 0.217221s
Iteration 18
time: 0.214844s
Iteration 19
time: 0.217188s
Iteration 20
time: 0.209364s
Iteration 21
time: 0.216456s
Iteration 22
time: 0.218776s
Iteration 23
time: 0.214282s
Iteration 24
time: 0.217686s
5: Starting numprocs=8 N=5000, M=5000 impl=allreduce
2: Starting numprocs=8 N=5000, M=5000 impl=allreduce
1: Starting numprocs=8 N=5000, M=5000 impl=allreduce
0: Starting numprocs=8 N=5000, M=5000 impl=allreduce
Iteration 0
3: Starting numprocs=8 N=5000, M=5000 impl=allreduce
6: Starting numprocs=8 N=5000, M=5000 impl=allreduce
7: Starting numprocs=8 N=5000, M=5000 impl=allreduce
4: Starting numprocs=8 N=5000, M=5000 impl=allreduce
time: 0.579207s
Iteration 1
time: 0.514119s
Iteration 2
time: 0.522587s
Iteration 3
time: 0.525297s
Iteration 4
time: 0.515747s
Iteration 5
time: 0.526812s
Iteration 6
time: 0.530353s
Iteration 7
time: 0.514474s
Iteration 8
time: 0.518800s
Iteration 9
time: 0.527201s
Iteration 10
time: 0.525743s
Iteration 11
time: 0.516780s
Iteration 12
time: 0.528927s
Iteration 13
time: 0.514669s
Iteration 14
time: 0.550810s
Iteration 15
time: 0.518499s
Iteration 16
time: 0.515122s
Iteration 17
time: 0.518122s
Iteration 18
time: 0.543285s
Iteration 19
time: 0.519021s
Iteration 20
time: 0.526032s
Iteration 21
time: 0.522494s
Iteration 22
time: 0.520617s
Iteration 23
time: 0.529271s
Iteration 24
time: 0.518966s
5: Starting numprocs=8 N=5000, M=5000 impl=allreduce-ring
2: Starting numprocs=8 N=5000, M=5000 impl=allreduce-ring
0: Starting numprocs=8 N=5000, M=5000 impl=allreduce-ring
Iteration 0
3: Starting numprocs=8 N=5000, M=5000 impl=allreduce-ring
1: Starting numprocs=8 N=5000, M=5000 impl=allreduce-ring
6: Starting numprocs=8 N=5000, M=5000 impl=allreduce-ring
7: Starting numprocs=8 N=5000, M=5000 impl=allreduce-ring
4: Starting numprocs=8 N=5000, M=5000 impl=allreduce-ring
time: 0.393379s
Iteration 1
time: 0.352026s
Iteration 2
time: 0.346274s
Iteration 3
time: 0.357094s
Iteration 4
time: 0.343735s
Iteration 5
time: 0.351020s
Iteration 6
time: 0.351800s
Iteration 7
time: 0.352244s
Iteration 8
time: 0.352034s
Iteration 9
time: 0.353540s
Iteration 10
time: 0.345364s
Iteration 11
time: 0.350843s
Iteration 12
time: 0.351328s
Iteration 13
time: 0.350455s
Iteration 14
time: 0.346064s
Iteration 15
time: 0.355696s
Iteration 16
time: 0.348384s
Iteration 17
time: 0.357111s
Iteration 18
time: 0.355058s
Iteration 19
time: 0.353401s
Iteration 20
time: 0.347335s
Iteration 21
time: 0.352496s
Iteration 22
time: 0.347141s
Iteration 23
time: 0.354504s
Iteration 24
time: 0.351926s
5: Starting numprocs=8 N=5000, M=5000 impl=g-rabenseifner-allgather
0: Starting numprocs=8 N=5000, M=5000 impl=g-rabenseifner-allgather
Iteration 0
2: Starting numprocs=8 N=5000, M=5000 impl=g-rabenseifner-allgather
1: Starting numprocs=8 N=5000, M=5000 impl=g-rabenseifner-allgather
3: Starting numprocs=8 N=5000, M=5000 impl=g-rabenseifner-allgather
7: Starting numprocs=8 N=5000, M=5000 impl=g-rabenseifner-allgather
6: Starting numprocs=8 N=5000, M=5000 impl=g-rabenseifner-allgather
4: Starting numprocs=8 N=5000, M=5000 impl=g-rabenseifner-allgather
time: 0.204406s
Iteration 1
time: 0.170764s
Iteration 2
time: 0.171287s
Iteration 3
time: 0.171094s
Iteration 4
time: 0.169830s
Iteration 5
time: 0.171161s
Iteration 6
time: 0.170361s
Iteration 7
time: 0.170492s
Iteration 8
time: 0.170341s
Iteration 9
time: 0.172021s
Iteration 10
time: 0.170747s
Iteration 11
time: 0.171869s
Iteration 12
time: 0.170983s
Iteration 13
time: 0.170349s
Iteration 14
time: 0.170194s
Iteration 15
time: 0.170182s
Iteration 16
time: 0.170412s
Iteration 17
time: 0.170035s
Iteration 18
time: 0.170520s
Iteration 19
time: 0.170385s
Iteration 20
time: 0.171054s
Iteration 21
time: 0.170451s
Iteration 22
time: 0.170358s
Iteration 23
time: 0.170521s
Iteration 24
time: 0.171334s
2: Starting numprocs=8 N=5000, M=5000 impl=g-rabenseifner-subgroup-2
5: Starting numprocs=8 N=5000, M=5000 impl=g-rabenseifner-subgroup-2
1: Starting numprocs=8 N=5000, M=5000 impl=g-rabenseifner-subgroup-2
0: Starting numprocs=8 N=5000, M=5000 impl=g-rabenseifner-subgroup-2
Iteration 0
7: Starting numprocs=8 N=5000, M=5000 impl=g-rabenseifner-subgroup-2
3: Starting numprocs=8 N=5000, M=5000 impl=g-rabenseifner-subgroup-2
6: Starting numprocs=8 N=5000, M=5000 impl=g-rabenseifner-subgroup-2
4: Starting numprocs=8 N=5000, M=5000 impl=g-rabenseifner-subgroup-2
time: 0.209739s
Iteration 1
time: 0.171726s
Iteration 2
time: 0.173583s
Iteration 3
time: 0.174340s
Iteration 4
time: 0.174293s
Iteration 5
time: 0.174521s
Iteration 6
time: 0.174395s
Iteration 7
time: 0.176973s
Iteration 8
time: 0.177372s
Iteration 9
time: 0.172896s
Iteration 10
time: 0.171999s
Iteration 11
time: 0.172181s
Iteration 12
time: 0.175283s
Iteration 13
time: 0.173727s
Iteration 14
time: 0.173597s
Iteration 15
time: 0.172687s
Iteration 16
time: 0.173414s
Iteration 17
time: 0.172803s
Iteration 18
time: 0.172878s
Iteration 19
time: 0.173344s
Iteration 20
time: 0.173376s
Iteration 21
time: 0.189286s
Iteration 22
time: 0.173798s
Iteration 23
time: 0.182006s
Iteration 24
time: 0.176299s
2: Starting numprocs=8 N=5000, M=5000 impl=g-rabenseifner-subgroup-4
0: Starting numprocs=8 N=5000, M=5000 impl=g-rabenseifner-subgroup-4
Iteration 0
5: Starting numprocs=8 N=5000, M=5000 impl=g-rabenseifner-subgroup-4
6: Starting numprocs=8 N=5000, M=5000 impl=g-rabenseifner-subgroup-4
1: Starting numprocs=8 N=5000, M=5000 impl=g-rabenseifner-subgroup-4
3: Starting numprocs=8 N=5000, M=5000 impl=g-rabenseifner-subgroup-4
7: Starting numprocs=8 N=5000, M=5000 impl=g-rabenseifner-subgroup-4
4: Starting numprocs=8 N=5000, M=5000 impl=g-rabenseifner-subgroup-4
time: 0.195977s
Iteration 1
time: 0.177033s
Iteration 2
time: 0.176416s
Iteration 3
time: 0.176012s
Iteration 4
time: 0.175385s
Iteration 5
time: 0.176486s
Iteration 6
time: 0.175355s
Iteration 7
time: 0.176486s
Iteration 8
time: 0.176176s
Iteration 9
time: 0.177007s
Iteration 10
time: 0.178079s
Iteration 11
time: 0.177372s
Iteration 12
time: 0.175440s
Iteration 13
time: 0.176224s
Iteration 14
time: 0.177311s
Iteration 15
time: 0.175895s
Iteration 16
time: 0.181140s
Iteration 17
time: 0.177104s
Iteration 18
time: 0.178147s
Iteration 19
time: 0.178531s
Iteration 20
time: 0.177523s
Iteration 21
time: 0.176144s
Iteration 22
time: 0.179007s
Iteration 23
time: 0.176943s
Iteration 24
time: 0.178811s
5: Starting numprocs=8 N=5000, M=5000 impl=g-rabenseifner-subgroup-8
2: Starting numprocs=8 N=5000, M=5000 impl=g-rabenseifner-subgroup-8
0: Starting numprocs=8 N=5000, M=5000 impl=g-rabenseifner-subgroup-8
Iteration 0
1: Starting numprocs=8 N=5000, M=5000 impl=g-rabenseifner-subgroup-8
3: Starting numprocs=8 N=5000, M=5000 impl=g-rabenseifner-subgroup-8
6: Starting numprocs=8 N=5000, M=5000 impl=g-rabenseifner-subgroup-8
7: Starting numprocs=8 N=5000, M=5000 impl=g-rabenseifner-subgroup-8
4: Starting numprocs=8 N=5000, M=5000 impl=g-rabenseifner-subgroup-8
time: 0.178604s
Iteration 1
time: 0.165374s
Iteration 2
time: 0.168466s
Iteration 3
time: 0.170034s
Iteration 4
time: 0.164997s
Iteration 5
time: 0.168223s
Iteration 6
time: 0.167207s
Iteration 7
time: 0.167600s
Iteration 8
time: 0.166195s
Iteration 9
time: 0.168347s
Iteration 10
time: 0.168370s
Iteration 11
time: 0.167372s
Iteration 12
time: 0.165861s
Iteration 13
time: 0.164576s
Iteration 14
time: 0.165559s
Iteration 15
time: 0.165293s
Iteration 16
time: 0.165459s
Iteration 17
time: 0.164691s
Iteration 18
time: 0.167394s
Iteration 19
time: 0.168919s
Iteration 20
time: 0.169017s
Iteration 21
time: 0.168748s
Iteration 22
time: 0.171700s
Iteration 23
time: 0.168710s
Iteration 24
time: 0.169175s
2: Starting numprocs=8 N=6000, M=6000 impl=allgather
5: Starting numprocs=8 N=6000, M=6000 impl=allgather
0: Starting numprocs=8 N=6000, M=6000 impl=allgather
Iteration 0
1: Starting numprocs=8 N=6000, M=6000 impl=allgather
3: Starting numprocs=8 N=6000, M=6000 impl=allgather
7: Starting numprocs=8 N=6000, M=6000 impl=allgather
4: Starting numprocs=8 N=6000, M=6000 impl=allgather
6: Starting numprocs=8 N=6000, M=6000 impl=allgather
time: 0.308120s
Iteration 1
time: 0.304312s
Iteration 2
time: 0.320834s
Iteration 3
time: 0.308244s
Iteration 4
time: 0.307895s
Iteration 5
time: 0.310004s
Iteration 6
time: 0.307322s
Iteration 7
time: 0.329350s
Iteration 8
time: 0.330389s
Iteration 9
time: 0.307023s
Iteration 10
time: 0.320886s
Iteration 11
time: 0.309034s
Iteration 12
time: 0.310278s
Iteration 13
time: 0.313885s
Iteration 14
time: 0.307896s
Iteration 15
time: 0.320676s
Iteration 16
time: 0.313549s
Iteration 17
time: 0.318585s
Iteration 18
time: 0.306479s
Iteration 19
time: 0.306715s
Iteration 20
time: 0.312069s
Iteration 21
time: 0.305573s
Iteration 22
time: 0.307417s
Iteration 23
time: 0.317076s
Iteration 24
time: 0.307680s
5: Starting numprocs=8 N=6000, M=6000 impl=allreduce
2: Starting numprocs=8 N=6000, M=6000 impl=allreduce
0: Starting numprocs=8 N=6000, M=6000 impl=allreduce
Iteration 0
1: Starting numprocs=8 N=6000, M=6000 impl=allreduce
7: Starting numprocs=8 N=6000, M=6000 impl=allreduce
3: Starting numprocs=8 N=6000, M=6000 impl=allreduce
4: Starting numprocs=8 N=6000, M=6000 impl=allreduce
6: Starting numprocs=8 N=6000, M=6000 impl=allreduce
time: 0.842027s
Iteration 1
time: 0.739614s
Iteration 2
time: 0.753677s
Iteration 3
time: 0.737098s
Iteration 4
time: 0.747928s
Iteration 5
time: 0.749457s
Iteration 6
time: 0.746737s
Iteration 7
time: 0.772603s
Iteration 8
time: 0.742390s
Iteration 9
time: 0.760248s
Iteration 10
time: 0.747540s
Iteration 11
time: 0.755733s
Iteration 12
time: 0.763298s
Iteration 13
time: 0.742055s
Iteration 14
time: 0.731481s
Iteration 15
time: 0.753772s
Iteration 16
time: 0.742493s
Iteration 17
time: 0.745547s
Iteration 18
time: 0.741961s
Iteration 19
time: 0.788474s
Iteration 20
time: 0.744084s
Iteration 21
time: 0.743399s
Iteration 22
time: 0.745205s
Iteration 23
time: 0.744798s
Iteration 24
time: 0.741489s
2: Starting numprocs=8 N=6000, M=6000 impl=allreduce-ring
5: Starting numprocs=8 N=6000, M=6000 impl=allreduce-ring
0: Starting numprocs=8 N=6000, M=6000 impl=allreduce-ring
Iteration 0
1: Starting numprocs=8 N=6000, M=6000 impl=allreduce-ring
3: Starting numprocs=8 N=6000, M=6000 impl=allreduce-ring
7: Starting numprocs=8 N=6000, M=6000 impl=allreduce-ring
6: Starting numprocs=8 N=6000, M=6000 impl=allreduce-ring
4: Starting numprocs=8 N=6000, M=6000 impl=allreduce-ring
time: 0.689136s
Iteration 1
time: 0.587262s
Iteration 2
time: 0.583728s
Iteration 3
time: 0.584911s
Iteration 4
time: 0.592477s
Iteration 5
time: 0.586245s
Iteration 6
time: 0.576568s
Iteration 7
time: 0.597955s
Iteration 8
time: 0.591064s
Iteration 9
time: 0.584278s
Iteration 10
time: 0.583868s
Iteration 11
time: 0.584940s
Iteration 12
time: 0.594139s
Iteration 13
time: 0.589507s
Iteration 14
time: 0.593902s
Iteration 15
time: 0.587500s
Iteration 16
time: 0.580320s
Iteration 17
time: 0.589883s
Iteration 18
time: 0.595196s
Iteration 19
time: 0.582279s
Iteration 20
time: 0.584421s
Iteration 21
time: 0.598121s
Iteration 22
time: 0.592713s
Iteration 23
time: 0.586596s
Iteration 24
time: 0.579990s
5: Starting numprocs=8 N=6000, M=6000 impl=g-rabenseifner-allgather
2: Starting numprocs=8 N=6000, M=6000 impl=g-rabenseifner-allgather
0: Starting numprocs=8 N=6000, M=6000 impl=g-rabenseifner-allgather
Iteration 0
1: Starting numprocs=8 N=6000, M=6000 impl=g-rabenseifner-allgather
3: Starting numprocs=8 N=6000, M=6000 impl=g-rabenseifner-allgather
7: Starting numprocs=8 N=6000, M=6000 impl=g-rabenseifner-allgather
6: Starting numprocs=8 N=6000, M=6000 impl=g-rabenseifner-allgather
4: Starting numprocs=8 N=6000, M=6000 impl=g-rabenseifner-allgather
time: 0.288751s
Iteration 1
time: 0.244992s
Iteration 2
time: 0.244927s
Iteration 3
time: 0.244778s
Iteration 4
time: 0.245655s
Iteration 5
time: 0.244612s
Iteration 6
time: 0.245920s
Iteration 7
time: 0.245791s
Iteration 8
time: 0.246036s
Iteration 9
time: 0.247947s
Iteration 10
time: 0.246232s
Iteration 11
time: 0.244567s
Iteration 12
time: 0.244734s
Iteration 13
time: 0.245096s
Iteration 14
time: 0.244875s
Iteration 15
time: 0.244753s
Iteration 16
time: 0.245394s
Iteration 17
time: 0.245608s
Iteration 18
time: 0.245799s
Iteration 19
time: 0.245036s
Iteration 20
time: 0.245762s
Iteration 21
time: 0.247111s
Iteration 22
time: 0.246926s
Iteration 23
time: 0.246021s
Iteration 24
time: 0.244523s
2: Starting numprocs=8 N=6000, M=6000 impl=g-rabenseifner-subgroup-2
5: Starting numprocs=8 N=6000, M=6000 impl=g-rabenseifner-subgroup-2
0: Starting numprocs=8 N=6000, M=6000 impl=g-rabenseifner-subgroup-2
Iteration 0
7: Starting numprocs=8 N=6000, M=6000 impl=g-rabenseifner-subgroup-2
1: Starting numprocs=8 N=6000, M=6000 impl=g-rabenseifner-subgroup-2
3: Starting numprocs=8 N=6000, M=6000 impl=g-rabenseifner-subgroup-2
6: Starting numprocs=8 N=6000, M=6000 impl=g-rabenseifner-subgroup-2
4: Starting numprocs=8 N=6000, M=6000 impl=g-rabenseifner-subgroup-2
time: 0.301372s
Iteration 1
time: 0.250691s
Iteration 2
time: 0.251926s
Iteration 3
time: 0.252327s
Iteration 4
time: 0.249811s
Iteration 5
time: 0.256811s
Iteration 6
time: 0.253645s
Iteration 7
time: 0.249872s
Iteration 8
time: 0.249807s
Iteration 9
time: 0.251852s
Iteration 10
time: 0.269382s
Iteration 11
time: 0.250434s
Iteration 12
time: 0.252357s
Iteration 13
time: 0.250954s
Iteration 14
time: 0.250489s
Iteration 15
time: 0.253193s
Iteration 16
time: 0.251087s
Iteration 17
time: 0.249707s
Iteration 18
time: 0.254810s
Iteration 19
time: 0.249211s
Iteration 20
time: 0.249315s
Iteration 21
time: 0.250924s
Iteration 22
time: 0.250541s
Iteration 23
time: 0.251713s
Iteration 24
time: 0.253029s
2: Starting numprocs=8 N=6000, M=6000 impl=g-rabenseifner-subgroup-4
0: Starting numprocs=8 N=6000, M=6000 impl=g-rabenseifner-subgroup-4
Iteration 0
5: Starting numprocs=8 N=6000, M=6000 impl=g-rabenseifner-subgroup-4
1: Starting numprocs=8 N=6000, M=6000 impl=g-rabenseifner-subgroup-4
7: Starting numprocs=8 N=6000, M=6000 impl=g-rabenseifner-subgroup-4
3: Starting numprocs=8 N=6000, M=6000 impl=g-rabenseifner-subgroup-4
6: Starting numprocs=8 N=6000, M=6000 impl=g-rabenseifner-subgroup-4
4: Starting numprocs=8 N=6000, M=6000 impl=g-rabenseifner-subgroup-4
time: 0.284568s
Iteration 1
time: 0.258038s
Iteration 2
time: 0.258005s
Iteration 3
time: 0.256491s
Iteration 4
time: 0.256520s
Iteration 5
time: 0.257542s
Iteration 6
time: 0.257188s
Iteration 7
time: 0.258717s
Iteration 8
time: 0.257620s
Iteration 9
time: 0.255610s
Iteration 10
time: 0.257100s
Iteration 11
time: 0.257529s
Iteration 12
time: 0.257729s
Iteration 13
time: 0.257392s
Iteration 14
time: 0.256642s
Iteration 15
time: 0.263048s
Iteration 16
time: 0.255924s
Iteration 17
time: 0.257052s
Iteration 18
time: 0.257644s
Iteration 19
time: 0.269534s
Iteration 20
time: 0.256621s
Iteration 21
time: 0.257271s
Iteration 22
time: 0.254786s
Iteration 23
time: 0.256642s
Iteration 24
time: 0.260066s
2: Starting numprocs=8 N=6000, M=6000 impl=g-rabenseifner-subgroup-8
5: Starting numprocs=8 N=6000, M=6000 impl=g-rabenseifner-subgroup-8
0: Starting numprocs=8 N=6000, M=6000 impl=g-rabenseifner-subgroup-8
Iteration 0
1: Starting numprocs=8 N=6000, M=6000 impl=g-rabenseifner-subgroup-8
7: Starting numprocs=8 N=6000, M=6000 impl=g-rabenseifner-subgroup-8
3: Starting numprocs=8 N=6000, M=6000 impl=g-rabenseifner-subgroup-8
6: Starting numprocs=8 N=6000, M=6000 impl=g-rabenseifner-subgroup-8
4: Starting numprocs=8 N=6000, M=6000 impl=g-rabenseifner-subgroup-8
time: 0.254708s
Iteration 1
time: 0.243934s
Iteration 2
time: 0.240357s
Iteration 3
time: 0.261526s
Iteration 4
time: 0.244473s
Iteration 5
time: 0.245304s
Iteration 6
time: 0.250497s
Iteration 7
time: 0.245462s
Iteration 8
time: 0.254443s
Iteration 9
time: 0.245790s
Iteration 10
time: 0.255515s
Iteration 11
time: 0.249371s
Iteration 12
time: 0.244585s
Iteration 13
time: 0.244693s
Iteration 14
time: 0.246495s
Iteration 15
time: 0.241823s
Iteration 16
time: 0.242137s
Iteration 17
time: 0.242270s
Iteration 18
time: 0.254209s
Iteration 19
time: 0.244127s
Iteration 20
time: 0.245112s
Iteration 21
time: 0.245559s
Iteration 22
time: 0.244753s
Iteration 23
time: 0.243404s
Iteration 24
time: 0.248362s
2: Starting numprocs=8 N=7000, M=7000 impl=allgather
5: Starting numprocs=8 N=7000, M=7000 impl=allgather
0: Starting numprocs=8 N=7000, M=7000 impl=allgather
Iteration 0
1: Starting numprocs=8 N=7000, M=7000 impl=allgather
7: Starting numprocs=8 N=7000, M=7000 impl=allgather
3: Starting numprocs=8 N=7000, M=7000 impl=allgather
6: Starting numprocs=8 N=7000, M=7000 impl=allgather
4: Starting numprocs=8 N=7000, M=7000 impl=allgather
time: 0.436165s
Iteration 1
time: 0.415594s
Iteration 2
time: 0.426766s
Iteration 3
time: 0.463237s
Iteration 4
time: 0.431177s
Iteration 5
time: 0.430147s
Iteration 6
time: 0.425854s
Iteration 7
time: 0.444482s
Iteration 8
time: 0.421907s
Iteration 9
time: 0.427284s
Iteration 10
time: 0.431326s
Iteration 11
time: 0.472899s
Iteration 12
time: 0.432025s
Iteration 13
time: 0.430274s
Iteration 14
time: 0.422810s
Iteration 15
time: 0.437775s
Iteration 16
time: 0.420395s
Iteration 17
time: 0.425251s
Iteration 18
time: 0.428007s
Iteration 19
time: 0.467297s
Iteration 20
time: 0.425758s
Iteration 21
time: 0.428664s
Iteration 22
time: 0.423762s
Iteration 23
time: 0.434774s
Iteration 24
time: 0.424362s
0: Starting numprocs=8 N=7000, M=7000 impl=allreduce
Iteration 0
5: Starting numprocs=8 N=7000, M=7000 impl=allreduce
2: Starting numprocs=8 N=7000, M=7000 impl=allreduce
1: Starting numprocs=8 N=7000, M=7000 impl=allreduce
7: Starting numprocs=8 N=7000, M=7000 impl=allreduce
3: Starting numprocs=8 N=7000, M=7000 impl=allreduce
6: Starting numprocs=8 N=7000, M=7000 impl=allreduce
4: Starting numprocs=8 N=7000, M=7000 impl=allreduce
time: 1.116964s
Iteration 1
time: 1.014192s
Iteration 2
time: 1.031238s
Iteration 3
time: 1.036981s
Iteration 4
time: 1.012768s
Iteration 5
time: 1.025768s
Iteration 6
time: 1.010261s
Iteration 7
time: 1.004661s
Iteration 8
time: 1.017933s
Iteration 9
time: 1.014199s
Iteration 10
time: 1.001352s
Iteration 11
time: 1.025752s
Iteration 12
time: 1.009558s
Iteration 13
time: 1.027933s
Iteration 14
time: 1.003869s
Iteration 15
time: 1.019378s
Iteration 16
time: 1.025325s
Iteration 17
time: 1.008139s
Iteration 18
time: 1.003653s
Iteration 19
time: 1.049448s
Iteration 20
time: 1.021759s
Iteration 21
time: 1.016607s
Iteration 22
time: 1.034450s
Iteration 23
time: 1.013100s
Iteration 24
time: 1.014896s
5: Starting numprocs=8 N=7000, M=7000 impl=allreduce-ring
2: Starting numprocs=8 N=7000, M=7000 impl=allreduce-ring
0: Starting numprocs=8 N=7000, M=7000 impl=allreduce-ring
Iteration 0
1: Starting numprocs=8 N=7000, M=7000 impl=allreduce-ring
7: Starting numprocs=8 N=7000, M=7000 impl=allreduce-ring
3: Starting numprocs=8 N=7000, M=7000 impl=allreduce-ring
4: Starting numprocs=8 N=7000, M=7000 impl=allreduce-ring
6: Starting numprocs=8 N=7000, M=7000 impl=allreduce-ring
time: 0.935360s
Iteration 1
time: 0.791449s
Iteration 2
time: 0.786318s
Iteration 3
time: 0.801642s
Iteration 4
time: 0.800526s
Iteration 5
time: 0.823431s
Iteration 6
time: 0.795887s
Iteration 7
time: 0.802933s
Iteration 8
time: 0.804650s
Iteration 9
time: 0.797460s
Iteration 10
time: 0.796321s
Iteration 11
time: 0.811668s
Iteration 12
time: 0.794269s
Iteration 13
time: 0.790941s
Iteration 14
time: 0.806904s
Iteration 15
time: 0.803234s
Iteration 16
time: 0.798133s
Iteration 17
time: 0.787931s
Iteration 18
time: 0.801062s
Iteration 19
time: 0.792551s
Iteration 20
time: 0.799365s
Iteration 21
time: 0.794870s
Iteration 22
time: 0.792773s
Iteration 23
time: 0.830140s
Iteration 24
time: 0.801287s
5: Starting numprocs=8 N=7000, M=7000 impl=g-rabenseifner-allgather
2: Starting numprocs=8 N=7000, M=7000 impl=g-rabenseifner-allgather
0: Starting numprocs=8 N=7000, M=7000 impl=g-rabenseifner-allgather
Iteration 0
1: Starting numprocs=8 N=7000, M=7000 impl=g-rabenseifner-allgather
7: Starting numprocs=8 N=7000, M=7000 impl=g-rabenseifner-allgather
6: Starting numprocs=8 N=7000, M=7000 impl=g-rabenseifner-allgather
3: Starting numprocs=8 N=7000, M=7000 impl=g-rabenseifner-allgather
4: Starting numprocs=8 N=7000, M=7000 impl=g-rabenseifner-allgather
time: 0.379763s
Iteration 1
time: 0.334047s
Iteration 2
time: 0.334653s
Iteration 3
time: 0.336680s
Iteration 4
time: 0.333122s
Iteration 5
time: 0.333941s
Iteration 6
time: 0.334084s
Iteration 7
time: 0.333414s
Iteration 8
time: 0.333924s
Iteration 9
time: 0.333955s
Iteration 10
time: 0.334856s
Iteration 11
time: 0.334570s
Iteration 12
time: 0.335598s
Iteration 13
time: 0.335380s
Iteration 14
time: 0.336763s
Iteration 15
time: 0.334410s
Iteration 16
time: 0.333290s
Iteration 17
time: 0.333103s
Iteration 18
time: 0.338752s
Iteration 19
time: 0.334682s
Iteration 20
time: 0.333307s
Iteration 21
time: 0.334873s
Iteration 22
time: 0.334709s
Iteration 23
time: 0.338134s
Iteration 24
time: 0.334492s
2: Starting numprocs=8 N=7000, M=7000 impl=g-rabenseifner-subgroup-2
5: Starting numprocs=8 N=7000, M=7000 impl=g-rabenseifner-subgroup-2
0: Starting numprocs=8 N=7000, M=7000 impl=g-rabenseifner-subgroup-2
Iteration 0
1: Starting numprocs=8 N=7000, M=7000 impl=g-rabenseifner-subgroup-2
6: Starting numprocs=8 N=7000, M=7000 impl=g-rabenseifner-subgroup-2
3: Starting numprocs=8 N=7000, M=7000 impl=g-rabenseifner-subgroup-2
7: Starting numprocs=8 N=7000, M=7000 impl=g-rabenseifner-subgroup-2
4: Starting numprocs=8 N=7000, M=7000 impl=g-rabenseifner-subgroup-2
time: 0.398255s
Iteration 1
time: 0.340423s
Iteration 2
time: 0.342846s
Iteration 3
time: 0.341326s
Iteration 4
time: 0.339972s
Iteration 5
time: 0.343497s
Iteration 6
time: 0.344812s
Iteration 7
time: 0.340336s
Iteration 8
time: 0.341661s
Iteration 9
time: 0.340670s
Iteration 10
time: 0.340003s
Iteration 11
time: 0.342593s
Iteration 12
time: 0.345878s
Iteration 13
time: 0.346208s
Iteration 14
time: 0.339268s
Iteration 15
time: 0.343727s
Iteration 16
time: 0.340107s
Iteration 17
time: 0.342890s
Iteration 18
time: 0.338715s
Iteration 19
time: 0.342457s
Iteration 20
time: 0.340616s
Iteration 21
time: 0.340006s
Iteration 22
time: 0.345087s
Iteration 23
time: 0.345498s
Iteration 24
time: 0.341819s
5: Starting numprocs=8 N=7000, M=7000 impl=g-rabenseifner-subgroup-4
2: Starting numprocs=8 N=7000, M=7000 impl=g-rabenseifner-subgroup-4
0: Starting numprocs=8 N=7000, M=7000 impl=g-rabenseifner-subgroup-4
Iteration 0
7: Starting numprocs=8 N=7000, M=7000 impl=g-rabenseifner-subgroup-4
1: Starting numprocs=8 N=7000, M=7000 impl=g-rabenseifner-subgroup-4
3: Starting numprocs=8 N=7000, M=7000 impl=g-rabenseifner-subgroup-4
6: Starting numprocs=8 N=7000, M=7000 impl=g-rabenseifner-subgroup-4
4: Starting numprocs=8 N=7000, M=7000 impl=g-rabenseifner-subgroup-4
time: 0.380252s
Iteration 1
time: 0.350155s
Iteration 2
time: 0.365518s
Iteration 3
time: 0.352346s
Iteration 4
time: 0.351657s
Iteration 5
time: 0.351675s
Iteration 6
time: 0.351847s
Iteration 7
time: 0.352134s
Iteration 8
time: 0.347736s
Iteration 9
time: 0.348898s
Iteration 10
time: 0.349610s
Iteration 11
time: 0.350651s
Iteration 12
time: 0.347511s
Iteration 13
time: 0.348611s
Iteration 14
time: 0.354372s
Iteration 15
time: 0.353114s
Iteration 16
time: 0.350392s
Iteration 17
time: 0.350141s
Iteration 18
time: 0.348460s
Iteration 19
time: 0.350312s
Iteration 20
time: 0.360697s
Iteration 21
time: 0.355208s
Iteration 22
time: 0.350887s
Iteration 23
time: 0.349964s
Iteration 24
time: 0.359857s
0: Starting numprocs=8 N=7000, M=7000 impl=g-rabenseifner-subgroup-8
Iteration 0
5: Starting numprocs=8 N=7000, M=7000 impl=g-rabenseifner-subgroup-8
2: Starting numprocs=8 N=7000, M=7000 impl=g-rabenseifner-subgroup-8
6: Starting numprocs=8 N=7000, M=7000 impl=g-rabenseifner-subgroup-8
1: Starting numprocs=8 N=7000, M=7000 impl=g-rabenseifner-subgroup-8
7: Starting numprocs=8 N=7000, M=7000 impl=g-rabenseifner-subgroup-8
3: Starting numprocs=8 N=7000, M=7000 impl=g-rabenseifner-subgroup-8
4: Starting numprocs=8 N=7000, M=7000 impl=g-rabenseifner-subgroup-8
time: 0.343881s
Iteration 1
time: 0.335125s
Iteration 2
time: 0.333674s
Iteration 3
time: 0.331861s
Iteration 4
time: 0.329136s
Iteration 5
time: 0.364837s
Iteration 6
time: 0.334885s
Iteration 7
time: 0.332371s
Iteration 8
time: 0.336240s
Iteration 9
time: 0.333705s
Iteration 10
time: 0.333814s
Iteration 11
time: 0.333834s
Iteration 12
time: 0.337256s
Iteration 13
time: 0.335735s
Iteration 14
time: 0.340100s
Iteration 15
time: 0.330484s
Iteration 16
time: 0.337449s
Iteration 17
time: 0.339914s
Iteration 18
time: 0.339404s
Iteration 19
time: 0.345259s
Iteration 20
time: 0.338025s
Iteration 21
time: 0.334096s
Iteration 22
time: 0.334930s
Iteration 23
time: 0.346044s
Iteration 24
time: 0.345772s
5: Starting numprocs=8 N=8000, M=8000 impl=allgather
0: Starting numprocs=8 N=8000, M=8000 impl=allgather
Iteration 0
2: Starting numprocs=8 N=8000, M=8000 impl=allgather
1: Starting numprocs=8 N=8000, M=8000 impl=allgather
7: Starting numprocs=8 N=8000, M=8000 impl=allgather
3: Starting numprocs=8 N=8000, M=8000 impl=allgather
6: Starting numprocs=8 N=8000, M=8000 impl=allgather
4: Starting numprocs=8 N=8000, M=8000 impl=allgather
time: 0.599345s
Iteration 1
time: 0.631388s
Iteration 2
time: 0.571616s
Iteration 3
time: 0.569407s
Iteration 4
time: 0.571705s
Iteration 5
time: 0.585157s
Iteration 6
time: 0.569961s
Iteration 7
time: 0.588153s
Iteration 8
time: 0.626085s
Iteration 9
time: 0.572199s
Iteration 10
time: 0.616399s
Iteration 11
time: 0.572552s
Iteration 12
time: 0.569453s
Iteration 13
time: 0.573588s
Iteration 14
time: 0.605725s
Iteration 15
time: 0.590380s
Iteration 16
time: 0.575106s
Iteration 17
time: 0.619709s
Iteration 18
time: 0.581627s
Iteration 19
time: 0.564132s
Iteration 20
time: 0.577602s
Iteration 21
time: 0.615629s
Iteration 22
time: 0.564956s
Iteration 23
time: 0.603640s
Iteration 24
time: 0.633792s
2: Starting numprocs=8 N=8000, M=8000 impl=allreduce
5: Starting numprocs=8 N=8000, M=8000 impl=allreduce
0: Starting numprocs=8 N=8000, M=8000 impl=allreduce
Iteration 0
1: Starting numprocs=8 N=8000, M=8000 impl=allreduce
7: Starting numprocs=8 N=8000, M=8000 impl=allreduce
3: Starting numprocs=8 N=8000, M=8000 impl=allreduce
6: Starting numprocs=8 N=8000, M=8000 impl=allreduce
4: Starting numprocs=8 N=8000, M=8000 impl=allreduce
time: 1.471375s
Iteration 1
time: 1.317180s
Iteration 2
time: 1.342308s
Iteration 3
time: 1.318486s
Iteration 4
time: 1.322131s
Iteration 5
time: 1.330853s
Iteration 6
time: 1.315615s
Iteration 7
time: 1.330866s
Iteration 8
time: 1.336797s
Iteration 9
time: 1.328830s
Iteration 10
time: 1.312228s
Iteration 11
time: 1.327000s
Iteration 12
time: 1.334298s
Iteration 13
time: 1.342019s
Iteration 14
time: 1.324155s
Iteration 15
time: 1.325655s
Iteration 16
time: 1.334971s
Iteration 17
time: 1.298487s
Iteration 18
time: 1.331309s
Iteration 19
time: 1.329109s
Iteration 20
time: 1.324524s
Iteration 21
time: 1.395093s
Iteration 22
time: 1.323401s
Iteration 23
time: 1.331734s
Iteration 24
time: 1.320036s
2: Starting numprocs=8 N=8000, M=8000 impl=allreduce-ring
5: Starting numprocs=8 N=8000, M=8000 impl=allreduce-ring
0: Starting numprocs=8 N=8000, M=8000 impl=allreduce-ring
Iteration 0
7: Starting numprocs=8 N=8000, M=8000 impl=allreduce-ring
1: Starting numprocs=8 N=8000, M=8000 impl=allreduce-ring
3: Starting numprocs=8 N=8000, M=8000 impl=allreduce-ring
6: Starting numprocs=8 N=8000, M=8000 impl=allreduce-ring
4: Starting numprocs=8 N=8000, M=8000 impl=allreduce-ring
time: 1.218942s
Iteration 1
time: 1.032707s
Iteration 2
time: 1.052561s
Iteration 3
time: 1.058058s
Iteration 4
time: 1.038073s
Iteration 5
time: 1.039565s
Iteration 6
time: 1.036623s
Iteration 7
time: 1.028322s
Iteration 8
time: 1.036939s
Iteration 9
time: 1.044420s
Iteration 10
time: 1.031817s
Iteration 11
time: 1.036278s
Iteration 12
time: 1.046969s
Iteration 13
time: 1.052560s
Iteration 14
time: 1.043892s
Iteration 15
time: 1.056240s
Iteration 16
time: 1.035731s
Iteration 17
time: 3.008329s
Iteration 18
time: 2.898409s
Iteration 19
time: 1.030715s
Iteration 20
time: 1.037194s
Iteration 21
time: 1.049378s
Iteration 22
time: 1.038126s
Iteration 23
time: 1.052188s
Iteration 24
time: 1.033000s
2: Starting numprocs=8 N=8000, M=8000 impl=g-rabenseifner-allgather
5: Starting numprocs=8 N=8000, M=8000 impl=g-rabenseifner-allgather
1: Starting numprocs=8 N=8000, M=8000 impl=g-rabenseifner-allgather
7: Starting numprocs=8 N=8000, M=8000 impl=g-rabenseifner-allgather
3: Starting numprocs=8 N=8000, M=8000 impl=g-rabenseifner-allgather
6: Starting numprocs=8 N=8000, M=8000 impl=g-rabenseifner-allgather
0: Starting numprocs=8 N=8000, M=8000 impl=g-rabenseifner-allgather
Iteration 0
4: Starting numprocs=8 N=8000, M=8000 impl=g-rabenseifner-allgather
time: 0.493980s
Iteration 1
time: 0.436571s
Iteration 2
time: 0.436268s
Iteration 3
time: 0.438427s
Iteration 4
time: 0.438163s
Iteration 5
time: 0.437756s
Iteration 6
time: 0.436567s
Iteration 7
time: 0.439600s
Iteration 8
time: 0.435814s
Iteration 9
time: 0.437262s
Iteration 10
time: 0.436104s
Iteration 11
time: 0.436804s
Iteration 12
time: 0.437015s
Iteration 13
time: 0.439923s
Iteration 14
time: 0.437595s
Iteration 15
time: 0.438364s
Iteration 16
time: 0.438241s
Iteration 17
time: 0.440385s
Iteration 18
time: 0.434924s
Iteration 19
time: 0.438035s
Iteration 20
time: 0.436570s
Iteration 21
time: 0.438440s
Iteration 22
time: 0.437263s
Iteration 23
time: 0.437519s
Iteration 24
time: 0.436448s
2: Starting numprocs=8 N=8000, M=8000 impl=g-rabenseifner-subgroup-2
5: Starting numprocs=8 N=8000, M=8000 impl=g-rabenseifner-subgroup-2
0: Starting numprocs=8 N=8000, M=8000 impl=g-rabenseifner-subgroup-2
Iteration 0
1: Starting numprocs=8 N=8000, M=8000 impl=g-rabenseifner-subgroup-2
7: Starting numprocs=8 N=8000, M=8000 impl=g-rabenseifner-subgroup-2
3: Starting numprocs=8 N=8000, M=8000 impl=g-rabenseifner-subgroup-2
6: Starting numprocs=8 N=8000, M=8000 impl=g-rabenseifner-subgroup-2
4: Starting numprocs=8 N=8000, M=8000 impl=g-rabenseifner-subgroup-2
time: 0.521370s
Iteration 1
time: 0.447906s
Iteration 2
time: 0.448185s
Iteration 3
time: 0.446590s
Iteration 4
time: 0.446577s
Iteration 5
time: 0.443383s
Iteration 6
time: 0.448404s
Iteration 7
time: 0.445699s
Iteration 8
time: 0.445687s
Iteration 9
time: 0.446405s
Iteration 10
time: 0.447240s
Iteration 11
time: 0.443539s
Iteration 12
time: 0.445626s
Iteration 13
time: 0.449204s
Iteration 14
time: 0.444258s
Iteration 15
time: 0.444919s
Iteration 16
time: 0.444809s
Iteration 17
time: 0.447973s
Iteration 18
time: 0.447364s
Iteration 19
time: 0.444462s
Iteration 20
time: 0.448074s
Iteration 21
time: 0.449639s
Iteration 22
time: 0.448665s
Iteration 23
time: 0.446942s
Iteration 24
time: 0.443562s
5: Starting numprocs=8 N=8000, M=8000 impl=g-rabenseifner-subgroup-4
2: Starting numprocs=8 N=8000, M=8000 impl=g-rabenseifner-subgroup-4
0: Starting numprocs=8 N=8000, M=8000 impl=g-rabenseifner-subgroup-4
Iteration 0
1: Starting numprocs=8 N=8000, M=8000 impl=g-rabenseifner-subgroup-4
3: Starting numprocs=8 N=8000, M=8000 impl=g-rabenseifner-subgroup-4
6: Starting numprocs=8 N=8000, M=8000 impl=g-rabenseifner-subgroup-4
7: Starting numprocs=8 N=8000, M=8000 impl=g-rabenseifner-subgroup-4
4: Starting numprocs=8 N=8000, M=8000 impl=g-rabenseifner-subgroup-4
time: 0.506697s
Iteration 1
time: 0.468111s
Iteration 2
time: 0.463335s
Iteration 3
time: 0.470824s
Iteration 4
time: 0.466056s
Iteration 5
time: 0.467995s
Iteration 6
time: 0.460151s
Iteration 7
time: 0.466927s
Iteration 8
time: 0.465292s
Iteration 9
time: 0.461119s
Iteration 10
time: 0.465845s
Iteration 11
time: 0.466156s
Iteration 12
time: 0.461260s
Iteration 13
time: 0.464331s
Iteration 14
time: 0.465559s
Iteration 15
time: 0.461288s
Iteration 16
time: 0.461322s
Iteration 17
time: 0.463618s
Iteration 18
time: 0.466862s
Iteration 19
time: 0.462863s
Iteration 20
time: 0.473413s
Iteration 21
time: 0.459714s
Iteration 22
time: 0.464356s
Iteration 23
time: 0.466892s
Iteration 24
time: 0.473721s
2: Starting numprocs=8 N=8000, M=8000 impl=g-rabenseifner-subgroup-8
0: Starting numprocs=8 N=8000, M=8000 impl=g-rabenseifner-subgroup-8
Iteration 0
5: Starting numprocs=8 N=8000, M=8000 impl=g-rabenseifner-subgroup-8
1: Starting numprocs=8 N=8000, M=8000 impl=g-rabenseifner-subgroup-8
7: Starting numprocs=8 N=8000, M=8000 impl=g-rabenseifner-subgroup-8
3: Starting numprocs=8 N=8000, M=8000 impl=g-rabenseifner-subgroup-8
6: Starting numprocs=8 N=8000, M=8000 impl=g-rabenseifner-subgroup-8
4: Starting numprocs=8 N=8000, M=8000 impl=g-rabenseifner-subgroup-8
time: 0.467720s
Iteration 1
time: 0.442593s
Iteration 2
time: 0.441390s
Iteration 3
time: 0.440594s
Iteration 4
time: 0.441631s
Iteration 5
time: 0.440463s
Iteration 6
time: 0.447019s
Iteration 7
time: 0.437296s
Iteration 8
time: 0.476374s
Iteration 9
time: 0.438022s
Iteration 10
time: 0.443729s
Iteration 11
time: 0.441852s
Iteration 12
time: 0.466989s
Iteration 13
time: 0.454791s
Iteration 14
time: 0.440103s
Iteration 15
time: 0.438376s
Iteration 16
time: 0.437704s
Iteration 17
time: 0.449116s
Iteration 18
time: 0.440681s
Iteration 19
time: 0.445233s
Iteration 20
time: 0.440654s
Iteration 21
time: 0.438801s
Iteration 22
time: 0.441988s
Iteration 23
time: 0.473147s
Iteration 24
time: 0.442977s
