7: Starting numprocs=16 N=1000, M=1000 impl=allgather
0: Starting numprocs=16 N=1000, M=1000 impl=allgather
Iteration 0
8: Starting numprocs=16 N=1000, M=1000 impl=allgather
15: Starting numprocs=16 N=1000, M=1000 impl=allgather
2: Starting numprocs=16 N=1000, M=1000 impl=allgather
6: Starting numprocs=16 N=1000, M=1000 impl=allgather
10: Starting numprocs=16 N=1000, M=1000 impl=allgather
3: Starting numprocs=16 N=1000, M=1000 impl=allgather
12: Starting numprocs=16 N=1000, M=1000 impl=allgather
5: Starting numprocs=16 N=1000, M=1000 impl=allgather
14: Starting numprocs=16 N=1000, M=1000 impl=allgather
11: Starting numprocs=16 N=1000, M=1000 impl=allgather
1: Starting numprocs=16 N=1000, M=1000 impl=allgather
4: Starting numprocs=16 N=1000, M=1000 impl=allgather
13: Starting numprocs=16 N=1000, M=1000 impl=allgather
9: Starting numprocs=16 N=1000, M=1000 impl=allgather
time: 0.023355s
Iteration 1
time: 0.016414s
Iteration 2
time: 0.015232s
Iteration 3
time: 1.239912s
Iteration 4
time: 0.013733s
Iteration 5
time: 0.013642s
Iteration 6
time: 0.013436s
Iteration 7
time: 0.013459s
Iteration 8
time: 0.013984s
Iteration 9
time: 0.013848s
Iteration 10
time: 0.013526s
Iteration 11
time: 0.013598s
Iteration 12
time: 0.013685s
Iteration 13
time: 0.013807s
Iteration 14
time: 0.013791s
Iteration 15
time: 0.014311s
Iteration 16
time: 0.014296s
Iteration 17
time: 0.013626s
Iteration 18
time: 0.013458s
Iteration 19
time: 0.013432s
Iteration 20
time: 0.013443s
Iteration 21
time: 0.013409s
Iteration 22
time: 0.013602s
Iteration 23
time: 0.013635s
Iteration 24
time: 0.013765s
15: Starting numprocs=16 N=1000, M=1000 impl=allreduce
8: Starting numprocs=16 N=1000, M=1000 impl=allreduce
5: Starting numprocs=16 N=1000, M=1000 impl=allreduce
12: Starting numprocs=16 N=1000, M=1000 impl=allreduce
7: Starting numprocs=16 N=1000, M=1000 impl=allreduce
0: Starting numprocs=16 N=1000, M=1000 impl=allreduce
Iteration 0
2: Starting numprocs=16 N=1000, M=1000 impl=allreduce
3: Starting numprocs=16 N=1000, M=1000 impl=allreduce
10: Starting numprocs=16 N=1000, M=1000 impl=allreduce
1: Starting numprocs=16 N=1000, M=1000 impl=allreduce
14: Starting numprocs=16 N=1000, M=1000 impl=allreduce
13: Starting numprocs=16 N=1000, M=1000 impl=allreduce
6: Starting numprocs=16 N=1000, M=1000 impl=allreduce
4: Starting numprocs=16 N=1000, M=1000 impl=allreduce
11: Starting numprocs=16 N=1000, M=1000 impl=allreduce
9: Starting numprocs=16 N=1000, M=1000 impl=allreduce
time: 0.034687s
Iteration 1
time: 0.023602s
Iteration 2
time: 0.018111s
Iteration 3
time: 0.018009s
Iteration 4
time: 0.018200s
Iteration 5
time: 0.017253s
Iteration 6
time: 0.018214s
Iteration 7
time: 0.017635s
Iteration 8
time: 0.017653s
Iteration 9
time: 0.017365s
Iteration 10
time: 0.018195s
Iteration 11
time: 0.017786s
Iteration 12
time: 0.017392s
Iteration 13
time: 0.017945s
Iteration 14
time: 0.017561s
Iteration 15
time: 0.016992s
Iteration 16
time: 0.017530s
Iteration 17
time: 0.018116s
Iteration 18
time: 0.017640s
Iteration 19
time: 0.017722s
Iteration 20
time: 0.017099s
Iteration 21
time: 0.018028s
Iteration 22
time: 0.017241s
Iteration 23
time: 0.017094s
Iteration 24
time: 0.017726s
2: Starting numprocs=16 N=1000, M=1000 impl=allreduce-ring
15: Starting numprocs=16 N=1000, M=1000 impl=allreduce-ring
0: Starting numprocs=16 N=1000, M=1000 impl=allreduce-ring
Iteration 0
7: Starting numprocs=16 N=1000, M=1000 impl=allreduce-ring
8: Starting numprocs=16 N=1000, M=1000 impl=allreduce-ring
5: Starting numprocs=16 N=1000, M=1000 impl=allreduce-ring
1: Starting numprocs=16 N=1000, M=1000 impl=allreduce-ring
4: Starting numprocs=16 N=1000, M=1000 impl=allreduce-ring
13: Starting numprocs=16 N=1000, M=1000 impl=allreduce-ring
12: Starting numprocs=16 N=1000, M=1000 impl=allreduce-ring
3: Starting numprocs=16 N=1000, M=1000 impl=allreduce-ring
14: Starting numprocs=16 N=1000, M=1000 impl=allreduce-ring
6: Starting numprocs=16 N=1000, M=1000 impl=allreduce-ring
10: Starting numprocs=16 N=1000, M=1000 impl=allreduce-ring
11: Starting numprocs=16 N=1000, M=1000 impl=allreduce-ring
9: Starting numprocs=16 N=1000, M=1000 impl=allreduce-ring
time: 0.034688s
Iteration 1
time: 0.014649s
Iteration 2
time: 0.014642s
Iteration 3
time: 0.014502s
Iteration 4
time: 0.014170s
Iteration 5
time: 0.014797s
Iteration 6
time: 0.014260s
Iteration 7
time: 0.014967s
Iteration 8
time: 0.014171s
Iteration 9
time: 0.014448s
Iteration 10
time: 0.014722s
Iteration 11
time: 0.015189s
Iteration 12
time: 0.014598s
Iteration 13
time: 0.014831s
Iteration 14
time: 0.014226s
Iteration 15
time: 0.014792s
Iteration 16
time: 0.014179s
Iteration 17
time: 0.014612s
Iteration 18
time: 0.014852s
Iteration 19
time: 0.014721s
Iteration 20
time: 0.014648s
Iteration 21
time: 0.014937s
Iteration 22
time: 0.014179s
Iteration 23
time: 0.015083s
Iteration 24
time: 0.014179s
7: Starting numprocs=16 N=1000, M=1000 impl=g-rabenseifner-allgather
8: Starting numprocs=16 N=1000, M=1000 impl=g-rabenseifner-allgather
15: Starting numprocs=16 N=1000, M=1000 impl=g-rabenseifner-allgather
4: Starting numprocs=16 N=1000, M=1000 impl=g-rabenseifner-allgather
12: Starting numprocs=16 N=1000, M=1000 impl=g-rabenseifner-allgather
10: Starting numprocs=16 N=1000, M=1000 impl=g-rabenseifner-allgather
0: Starting numprocs=16 N=1000, M=1000 impl=g-rabenseifner-allgather
Iteration 0
3: Starting numprocs=16 N=1000, M=1000 impl=g-rabenseifner-allgather
13: Starting numprocs=16 N=1000, M=1000 impl=g-rabenseifner-allgather
2: Starting numprocs=16 N=1000, M=1000 impl=g-rabenseifner-allgather
5: Starting numprocs=16 N=1000, M=1000 impl=g-rabenseifner-allgather
1: Starting numprocs=16 N=1000, M=1000 impl=g-rabenseifner-allgather
6: Starting numprocs=16 N=1000, M=1000 impl=g-rabenseifner-allgather
9: Starting numprocs=16 N=1000, M=1000 impl=g-rabenseifner-allgather
11: Starting numprocs=16 N=1000, M=1000 impl=g-rabenseifner-allgather
14: Starting numprocs=16 N=1000, M=1000 impl=g-rabenseifner-allgather
time: 0.024681s
Iteration 1
time: 0.008029s
Iteration 2
time: 0.007899s
Iteration 3
time: 0.008707s
Iteration 4
time: 0.007778s
Iteration 5
time: 0.007698s
Iteration 6
time: 0.007728s
Iteration 7
time: 0.008207s
Iteration 8
time: 0.007751s
Iteration 9
time: 0.007772s
Iteration 10
time: 0.008192s
Iteration 11
time: 0.007749s
Iteration 12
time: 0.008316s
Iteration 13
time: 0.007697s
Iteration 14
time: 0.008217s
Iteration 15
time: 0.008195s
Iteration 16
time: 0.007733s
Iteration 17
time: 0.008156s
Iteration 18
time: 0.007966s
Iteration 19
time: 0.007777s
Iteration 20
time: 0.007774s
Iteration 21
time: 0.007754s
Iteration 22
time: 0.008243s
Iteration 23
time: 0.008272s
Iteration 24
time: 0.007813s
7: Starting numprocs=16 N=1000, M=1000 impl=g-rabenseifner-subgroup-2
3: Starting numprocs=16 N=1000, M=1000 impl=g-rabenseifner-subgroup-2
10: Starting numprocs=16 N=1000, M=1000 impl=g-rabenseifner-subgroup-2
15: Starting numprocs=16 N=1000, M=1000 impl=g-rabenseifner-subgroup-2
2: Starting numprocs=16 N=1000, M=1000 impl=g-rabenseifner-subgroup-2
1: Starting numprocs=16 N=1000, M=1000 impl=g-rabenseifner-subgroup-2
12: Starting numprocs=16 N=1000, M=1000 impl=g-rabenseifner-subgroup-2
5: Starting numprocs=16 N=1000, M=1000 impl=g-rabenseifner-subgroup-2
4: Starting numprocs=16 N=1000, M=1000 impl=g-rabenseifner-subgroup-2
14: Starting numprocs=16 N=1000, M=1000 impl=g-rabenseifner-subgroup-2
0: Starting numprocs=16 N=1000, M=1000 impl=g-rabenseifner-subgroup-2
Iteration 0
8: Starting numprocs=16 N=1000, M=1000 impl=g-rabenseifner-subgroup-2
13: Starting numprocs=16 N=1000, M=1000 impl=g-rabenseifner-subgroup-2
6: Starting numprocs=16 N=1000, M=1000 impl=g-rabenseifner-subgroup-2
11: Starting numprocs=16 N=1000, M=1000 impl=g-rabenseifner-subgroup-2
9: Starting numprocs=16 N=1000, M=1000 impl=g-rabenseifner-subgroup-2
time: 0.019724s
Iteration 1
time: 0.008466s
Iteration 2
time: 0.008089s
Iteration 3
time: 0.008064s
Iteration 4
time: 0.008034s
Iteration 5
time: 0.008029s
Iteration 6
time: 0.008408s
Iteration 7
time: 0.008093s
Iteration 8
time: 0.008072s
Iteration 9
time: 0.008094s
Iteration 10
time: 0.008020s
Iteration 11
time: 0.008058s
Iteration 12
time: 0.007978s
Iteration 13
time: 0.008024s
Iteration 14
time: 0.008089s
Iteration 15
time: 0.008052s
Iteration 16
time: 0.008198s
Iteration 17
time: 0.008033s
Iteration 18
time: 0.007984s
Iteration 19
time: 0.007983s
Iteration 20
time: 0.008506s
Iteration 21
time: 0.008010s
Iteration 22
time: 0.008005s
Iteration 23
time: 0.008019s
Iteration 24
time: 0.007995s
5: Starting numprocs=16 N=1000, M=1000 impl=g-rabenseifner-subgroup-4
7: Starting numprocs=16 N=1000, M=1000 impl=g-rabenseifner-subgroup-4
2: Starting numprocs=16 N=1000, M=1000 impl=g-rabenseifner-subgroup-4
10: Starting numprocs=16 N=1000, M=1000 impl=g-rabenseifner-subgroup-4
12: Starting numprocs=16 N=1000, M=1000 impl=g-rabenseifner-subgroup-4
15: Starting numprocs=16 N=1000, M=1000 impl=g-rabenseifner-subgroup-4
0: Starting numprocs=16 N=1000, M=1000 impl=g-rabenseifner-subgroup-4
Iteration 0
4: Starting numprocs=16 N=1000, M=1000 impl=g-rabenseifner-subgroup-4
1: Starting numprocs=16 N=1000, M=1000 impl=g-rabenseifner-subgroup-4
13: Starting numprocs=16 N=1000, M=1000 impl=g-rabenseifner-subgroup-4
14: Starting numprocs=16 N=1000, M=1000 impl=g-rabenseifner-subgroup-4
8: Starting numprocs=16 N=1000, M=1000 impl=g-rabenseifner-subgroup-4
3: Starting numprocs=16 N=1000, M=1000 impl=g-rabenseifner-subgroup-4
6: Starting numprocs=16 N=1000, M=1000 impl=g-rabenseifner-subgroup-4
9: Starting numprocs=16 N=1000, M=1000 impl=g-rabenseifner-subgroup-4
11: Starting numprocs=16 N=1000, M=1000 impl=g-rabenseifner-subgroup-4
time: 0.023225s
Iteration 1
time: 0.008689s
Iteration 2
time: 0.009039s
Iteration 3
time: 0.008836s
Iteration 4
time: 0.008438s
Iteration 5
time: 0.008618s
Iteration 6
time: 0.008539s
Iteration 7
time: 0.008691s
Iteration 8
time: 0.009127s
Iteration 9
time: 0.008651s
Iteration 10
time: 0.008688s
Iteration 11
time: 0.008565s
Iteration 12
time: 0.008493s
Iteration 13
time: 0.008534s
Iteration 14
time: 0.008599s
Iteration 15
time: 0.008540s
Iteration 16
time: 0.008722s
Iteration 17
time: 0.008641s
Iteration 18
time: 0.009476s
Iteration 19
time: 0.008601s
Iteration 20
time: 0.008615s
Iteration 21
time: 0.008518s
Iteration 22
time: 0.008544s
Iteration 23
time: 0.008470s
Iteration 24
time: 0.008609s
7: Starting numprocs=16 N=1000, M=1000 impl=g-rabenseifner-subgroup-8
15: Starting numprocs=16 N=1000, M=1000 impl=g-rabenseifner-subgroup-8
2: Starting numprocs=16 N=1000, M=1000 impl=g-rabenseifner-subgroup-8
12: Starting numprocs=16 N=1000, M=1000 impl=g-rabenseifner-subgroup-8
3: Starting numprocs=16 N=1000, M=1000 impl=g-rabenseifner-subgroup-8
10: Starting numprocs=16 N=1000, M=1000 impl=g-rabenseifner-subgroup-8
1: Starting numprocs=16 N=1000, M=1000 impl=g-rabenseifner-subgroup-8
8: Starting numprocs=16 N=1000, M=1000 impl=g-rabenseifner-subgroup-8
5: Starting numprocs=16 N=1000, M=1000 impl=g-rabenseifner-subgroup-8
4: Starting numprocs=16 N=1000, M=1000 impl=g-rabenseifner-subgroup-8
9: Starting numprocs=16 N=1000, M=1000 impl=g-rabenseifner-subgroup-8
0: Starting numprocs=16 N=1000, M=1000 impl=g-rabenseifner-subgroup-8
Iteration 0
13: Starting numprocs=16 N=1000, M=1000 impl=g-rabenseifner-subgroup-8
14: Starting numprocs=16 N=1000, M=1000 impl=g-rabenseifner-subgroup-8
11: Starting numprocs=16 N=1000, M=1000 impl=g-rabenseifner-subgroup-8
6: Starting numprocs=16 N=1000, M=1000 impl=g-rabenseifner-subgroup-8
time: 0.021770s
Iteration 1
time: 0.009916s
Iteration 2
time: 0.009862s
Iteration 3
time: 0.009722s
Iteration 4
time: 0.009750s
Iteration 5
time: 0.009600s
Iteration 6
time: 0.009551s
Iteration 7
time: 0.010010s
Iteration 8
time: 0.009674s
Iteration 9
time: 0.009784s
Iteration 10
time: 0.010203s
Iteration 11
time: 0.009655s
Iteration 12
time: 0.009648s
Iteration 13
time: 0.009617s
Iteration 14
time: 0.010105s
Iteration 15
time: 0.009739s
Iteration 16
time: 0.010172s
Iteration 17
time: 0.009653s
Iteration 18
time: 0.009696s
Iteration 19
time: 0.009707s
Iteration 20
time: 0.009611s
Iteration 21
time: 0.009977s
Iteration 22
time: 0.009696s
Iteration 23
time: 0.009720s
Iteration 24
time: 0.009668s
2: Starting numprocs=16 N=2000, M=2000 impl=allgather
7: Starting numprocs=16 N=2000, M=2000 impl=allgather
10: Starting numprocs=16 N=2000, M=2000 impl=allgather
12: Starting numprocs=16 N=2000, M=2000 impl=allgather
15: Starting numprocs=16 N=2000, M=2000 impl=allgather
8: Starting numprocs=16 N=2000, M=2000 impl=allgather
1: Starting numprocs=16 N=2000, M=2000 impl=allgather
5: Starting numprocs=16 N=2000, M=2000 impl=allgather
4: Starting numprocs=16 N=2000, M=2000 impl=allgather
6: Starting numprocs=16 N=2000, M=2000 impl=allgather
0: Starting numprocs=16 N=2000, M=2000 impl=allgather
Iteration 0
3: Starting numprocs=16 N=2000, M=2000 impl=allgather
13: Starting numprocs=16 N=2000, M=2000 impl=allgather
14: Starting numprocs=16 N=2000, M=2000 impl=allgather
9: Starting numprocs=16 N=2000, M=2000 impl=allgather
11: Starting numprocs=16 N=2000, M=2000 impl=allgather
time: 0.077872s
Iteration 1
time: 0.056397s
Iteration 2
time: 0.057170s
Iteration 3
time: 0.056318s
Iteration 4
time: 0.056047s
Iteration 5
time: 0.056302s
Iteration 6
time: 0.056026s
Iteration 7
time: 0.056569s
Iteration 8
time: 0.056006s
Iteration 9
time: 0.055665s
Iteration 10
time: 0.056130s
Iteration 11
time: 0.055560s
Iteration 12
time: 0.056101s
Iteration 13
time: 0.056271s
Iteration 14
time: 0.056149s
Iteration 15
time: 0.055714s
Iteration 16
time: 0.056722s
Iteration 17
time: 0.055765s
Iteration 18
time: 0.056311s
Iteration 19
time: 0.055908s
Iteration 20
time: 0.055869s
Iteration 21
time: 0.055946s
Iteration 22
time: 0.055882s
Iteration 23
time: 0.055910s
Iteration 24
time: 0.055649s
2: Starting numprocs=16 N=2000, M=2000 impl=allreduce
10: Starting numprocs=16 N=2000, M=2000 impl=allreduce
12: Starting numprocs=16 N=2000, M=2000 impl=allreduce
15: Starting numprocs=16 N=2000, M=2000 impl=allreduce
5: Starting numprocs=16 N=2000, M=2000 impl=allreduce
7: Starting numprocs=16 N=2000, M=2000 impl=allreduce
3: Starting numprocs=16 N=2000, M=2000 impl=allreduce
13: Starting numprocs=16 N=2000, M=2000 impl=allreduce
8: Starting numprocs=16 N=2000, M=2000 impl=allreduce
1: Starting numprocs=16 N=2000, M=2000 impl=allreduce
4: Starting numprocs=16 N=2000, M=2000 impl=allreduce
6: Starting numprocs=16 N=2000, M=2000 impl=allreduce
0: Starting numprocs=16 N=2000, M=2000 impl=allreduce
Iteration 0
11: Starting numprocs=16 N=2000, M=2000 impl=allreduce
14: Starting numprocs=16 N=2000, M=2000 impl=allreduce
9: Starting numprocs=16 N=2000, M=2000 impl=allreduce
time: 0.106137s
Iteration 1
time: 0.084832s
Iteration 2
time: 0.069369s
Iteration 3
time: 0.069684s
Iteration 4
time: 0.067250s
Iteration 5
time: 0.065435s
Iteration 6
time: 0.067107s
Iteration 7
time: 0.071713s
Iteration 8
time: 0.071040s
Iteration 9
time: 0.070157s
Iteration 10
time: 0.071866s
Iteration 11
time: 0.067069s
Iteration 12
time: 0.066571s
Iteration 13
time: 0.070152s
Iteration 14
time: 0.071611s
Iteration 15
time: 0.068213s
Iteration 16
time: 0.073541s
Iteration 17
time: 0.069383s
Iteration 18
time: 0.068256s
Iteration 19
time: 0.069229s
Iteration 20
time: 0.071598s
Iteration 21
time: 0.066888s
Iteration 22
time: 0.072819s
Iteration 23
time: 0.072693s
Iteration 24
time: 0.074592s
7: Starting numprocs=16 N=2000, M=2000 impl=allreduce-ring
2: Starting numprocs=16 N=2000, M=2000 impl=allreduce-ring
10: Starting numprocs=16 N=2000, M=2000 impl=allreduce-ring
15: Starting numprocs=16 N=2000, M=2000 impl=allreduce-ring
12: Starting numprocs=16 N=2000, M=2000 impl=allreduce-ring
5: Starting numprocs=16 N=2000, M=2000 impl=allreduce-ring
1: Starting numprocs=16 N=2000, M=2000 impl=allreduce-ring
13: Starting numprocs=16 N=2000, M=2000 impl=allreduce-ring
3: Starting numprocs=16 N=2000, M=2000 impl=allreduce-ring
6: Starting numprocs=16 N=2000, M=2000 impl=allreduce-ring
0: Starting numprocs=16 N=2000, M=2000 impl=allreduce-ring
Iteration 0
11: Starting numprocs=16 N=2000, M=2000 impl=allreduce-ring
4: Starting numprocs=16 N=2000, M=2000 impl=allreduce-ring
8: Starting numprocs=16 N=2000, M=2000 impl=allreduce-ring
14: Starting numprocs=16 N=2000, M=2000 impl=allreduce-ring
9: Starting numprocs=16 N=2000, M=2000 impl=allreduce-ring
time: 0.076960s
Iteration 1
time: 0.059656s
Iteration 2
time: 0.060034s
Iteration 3
time: 0.059942s
Iteration 4
time: 0.059155s
Iteration 5
time: 0.060001s
Iteration 6
time: 0.058255s
Iteration 7
time: 0.057780s
Iteration 8
time: 0.057529s
Iteration 9
time: 0.058709s
Iteration 10
time: 0.058116s
Iteration 11
time: 0.059513s
Iteration 12
time: 0.060692s
Iteration 13
time: 0.059971s
Iteration 14
time: 0.057929s
Iteration 15
time: 0.058417s
Iteration 16
time: 0.058782s
Iteration 17
time: 0.060733s
Iteration 18
time: 0.060289s
Iteration 19
time: 0.058691s
Iteration 20
time: 0.058691s
Iteration 21
time: 0.058997s
Iteration 22
time: 0.058470s
Iteration 23
time: 0.059529s
Iteration 24
time: 0.058375s
15: Starting numprocs=16 N=2000, M=2000 impl=g-rabenseifner-allgather
7: Starting numprocs=16 N=2000, M=2000 impl=g-rabenseifner-allgather
3: Starting numprocs=16 N=2000, M=2000 impl=g-rabenseifner-allgather
8: Starting numprocs=16 N=2000, M=2000 impl=g-rabenseifner-allgather
5: Starting numprocs=16 N=2000, M=2000 impl=g-rabenseifner-allgather
0: Starting numprocs=16 N=2000, M=2000 impl=g-rabenseifner-allgather
Iteration 0
10: Starting numprocs=16 N=2000, M=2000 impl=g-rabenseifner-allgather
12: Starting numprocs=16 N=2000, M=2000 impl=g-rabenseifner-allgather
13: Starting numprocs=16 N=2000, M=2000 impl=g-rabenseifner-allgather
4: Starting numprocs=16 N=2000, M=2000 impl=g-rabenseifner-allgather
14: Starting numprocs=16 N=2000, M=2000 impl=g-rabenseifner-allgather
1: Starting numprocs=16 N=2000, M=2000 impl=g-rabenseifner-allgather
2: Starting numprocs=16 N=2000, M=2000 impl=g-rabenseifner-allgather
6: Starting numprocs=16 N=2000, M=2000 impl=g-rabenseifner-allgather
9: Starting numprocs=16 N=2000, M=2000 impl=g-rabenseifner-allgather
11: Starting numprocs=16 N=2000, M=2000 impl=g-rabenseifner-allgather
time: 0.042995s
Iteration 1
time: 0.029783s
Iteration 2
time: 0.029529s
Iteration 3
time: 0.029790s
Iteration 4
time: 0.029372s
Iteration 5
time: 0.029968s
Iteration 6
time: 0.029331s
Iteration 7
time: 0.029299s
Iteration 8
time: 0.029690s
Iteration 9
time: 0.029227s
Iteration 10
time: 0.029521s
Iteration 11
time: 0.030227s
Iteration 12
time: 0.030329s
Iteration 13
time: 0.029554s
Iteration 14
time: 0.030379s
Iteration 15
time: 0.029434s
Iteration 16
time: 0.029430s
Iteration 17
time: 0.031368s
Iteration 18
time: 0.030199s
Iteration 19
time: 0.029430s
Iteration 20
time: 0.029259s
Iteration 21
time: 0.029944s
Iteration 22
time: 0.029295s
Iteration 23
time: 0.029306s
Iteration 24
time: 0.029566s
5: Starting numprocs=16 N=2000, M=2000 impl=g-rabenseifner-subgroup-2
7: Starting numprocs=16 N=2000, M=2000 impl=g-rabenseifner-subgroup-2
15: Starting numprocs=16 N=2000, M=2000 impl=g-rabenseifner-subgroup-2
8: Starting numprocs=16 N=2000, M=2000 impl=g-rabenseifner-subgroup-2
10: Starting numprocs=16 N=2000, M=2000 impl=g-rabenseifner-subgroup-2
3: Starting numprocs=16 N=2000, M=2000 impl=g-rabenseifner-subgroup-2
1: Starting numprocs=16 N=2000, M=2000 impl=g-rabenseifner-subgroup-2
13: Starting numprocs=16 N=2000, M=2000 impl=g-rabenseifner-subgroup-2
4: Starting numprocs=16 N=2000, M=2000 impl=g-rabenseifner-subgroup-2
14: Starting numprocs=16 N=2000, M=2000 impl=g-rabenseifner-subgroup-2
6: Starting numprocs=16 N=2000, M=2000 impl=g-rabenseifner-subgroup-2
9: Starting numprocs=16 N=2000, M=2000 impl=g-rabenseifner-subgroup-2
0: Starting numprocs=16 N=2000, M=2000 impl=g-rabenseifner-subgroup-2
Iteration 0
12: Starting numprocs=16 N=2000, M=2000 impl=g-rabenseifner-subgroup-2
11: Starting numprocs=16 N=2000, M=2000 impl=g-rabenseifner-subgroup-2
2: Starting numprocs=16 N=2000, M=2000 impl=g-rabenseifner-subgroup-2
time: 0.049446s
Iteration 1
time: 0.031068s
Iteration 2
time: 0.030901s
Iteration 3
time: 0.030773s
Iteration 4
time: 0.030692s
Iteration 5
time: 0.030730s
Iteration 6
time: 0.030791s
Iteration 7
time: 0.030641s
Iteration 8
time: 0.030926s
Iteration 9
time: 0.030151s
Iteration 10
time: 0.030453s
Iteration 11
time: 0.030487s
Iteration 12
time: 0.030325s
Iteration 13
time: 0.030804s
Iteration 14
time: 0.030760s
Iteration 15
time: 0.030884s
Iteration 16
time: 0.031003s
Iteration 17
time: 0.030687s
Iteration 18
time: 0.030502s
Iteration 19
time: 0.030515s
Iteration 20
time: 0.030732s
Iteration 21
time: 0.030659s
Iteration 22
time: 0.030573s
Iteration 23
time: 0.031322s
Iteration 24
time: 0.030775s
8: Starting numprocs=16 N=2000, M=2000 impl=g-rabenseifner-subgroup-4
12: Starting numprocs=16 N=2000, M=2000 impl=g-rabenseifner-subgroup-4
5: Starting numprocs=16 N=2000, M=2000 impl=g-rabenseifner-subgroup-4
15: Starting numprocs=16 N=2000, M=2000 impl=g-rabenseifner-subgroup-4
2: Starting numprocs=16 N=2000, M=2000 impl=g-rabenseifner-subgroup-4
6: Starting numprocs=16 N=2000, M=2000 impl=g-rabenseifner-subgroup-4
0: Starting numprocs=16 N=2000, M=2000 impl=g-rabenseifner-subgroup-4
Iteration 0
4: Starting numprocs=16 N=2000, M=2000 impl=g-rabenseifner-subgroup-4
3: Starting numprocs=16 N=2000, M=2000 impl=g-rabenseifner-subgroup-4
14: Starting numprocs=16 N=2000, M=2000 impl=g-rabenseifner-subgroup-4
7: Starting numprocs=16 N=2000, M=2000 impl=g-rabenseifner-subgroup-4
13: Starting numprocs=16 N=2000, M=2000 impl=g-rabenseifner-subgroup-4
10: Starting numprocs=16 N=2000, M=2000 impl=g-rabenseifner-subgroup-4
1: Starting numprocs=16 N=2000, M=2000 impl=g-rabenseifner-subgroup-4
11: Starting numprocs=16 N=2000, M=2000 impl=g-rabenseifner-subgroup-4
9: Starting numprocs=16 N=2000, M=2000 impl=g-rabenseifner-subgroup-4
time: 0.049187s
Iteration 1
time: 0.032880s
Iteration 2
time: 0.032748s
Iteration 3
time: 0.032592s
Iteration 4
time: 0.032715s
Iteration 5
time: 0.033053s
Iteration 6
time: 0.033363s
Iteration 7
time: 0.033063s
Iteration 8
time: 0.032606s
Iteration 9
time: 0.033030s
Iteration 10
time: 0.033913s
Iteration 11
time: 0.032784s
Iteration 12
time: 0.032988s
Iteration 13
time: 0.032695s
Iteration 14
time: 0.033006s
Iteration 15
time: 0.032732s
Iteration 16
time: 0.032281s
Iteration 17
time: 0.032946s
Iteration 18
time: 0.033677s
Iteration 19
time: 0.032874s
Iteration 20
time: 0.033375s
Iteration 21
time: 0.032433s
Iteration 22
time: 0.033555s
Iteration 23
time: 0.032803s
Iteration 24
time: 0.032439s
12: Starting numprocs=16 N=2000, M=2000 impl=g-rabenseifner-subgroup-8
15: Starting numprocs=16 N=2000, M=2000 impl=g-rabenseifner-subgroup-8
8: Starting numprocs=16 N=2000, M=2000 impl=g-rabenseifner-subgroup-8
7: Starting numprocs=16 N=2000, M=2000 impl=g-rabenseifner-subgroup-8
5: Starting numprocs=16 N=2000, M=2000 impl=g-rabenseifner-subgroup-8
2: Starting numprocs=16 N=2000, M=2000 impl=g-rabenseifner-subgroup-8
3: Starting numprocs=16 N=2000, M=2000 impl=g-rabenseifner-subgroup-8
1: Starting numprocs=16 N=2000, M=2000 impl=g-rabenseifner-subgroup-8
10: Starting numprocs=16 N=2000, M=2000 impl=g-rabenseifner-subgroup-8
0: Starting numprocs=16 N=2000, M=2000 impl=g-rabenseifner-subgroup-8
Iteration 0
13: Starting numprocs=16 N=2000, M=2000 impl=g-rabenseifner-subgroup-8
14: Starting numprocs=16 N=2000, M=2000 impl=g-rabenseifner-subgroup-8
4: Starting numprocs=16 N=2000, M=2000 impl=g-rabenseifner-subgroup-8
6: Starting numprocs=16 N=2000, M=2000 impl=g-rabenseifner-subgroup-8
11: Starting numprocs=16 N=2000, M=2000 impl=g-rabenseifner-subgroup-8
9: Starting numprocs=16 N=2000, M=2000 impl=g-rabenseifner-subgroup-8
time: 0.053327s
Iteration 1
time: 0.037019s
Iteration 2
time: 0.037020s
Iteration 3
time: 0.037085s
Iteration 4
time: 0.037821s
Iteration 5
time: 0.037905s
Iteration 6
time: 0.038614s
Iteration 7
time: 0.038479s
Iteration 8
time: 0.038258s
Iteration 9
time: 0.038027s
Iteration 10
time: 0.038667s
Iteration 11
time: 0.039508s
Iteration 12
time: 0.038651s
Iteration 13
time: 0.038763s
Iteration 14
time: 0.038356s
Iteration 15
time: 0.039225s
Iteration 16
time: 0.038963s
Iteration 17
time: 0.038698s
Iteration 18
time: 0.040121s
Iteration 19
time: 0.037906s
Iteration 20
time: 0.038081s
Iteration 21
time: 0.037628s
Iteration 22
time: 0.037465s
Iteration 23
time: 0.038237s
Iteration 24
time: 0.038890s
7: Starting numprocs=16 N=3000, M=3000 impl=allgather
15: Starting numprocs=16 N=3000, M=3000 impl=allgather
8: Starting numprocs=16 N=3000, M=3000 impl=allgather
2: Starting numprocs=16 N=3000, M=3000 impl=allgather
5: Starting numprocs=16 N=3000, M=3000 impl=allgather
1: Starting numprocs=16 N=3000, M=3000 impl=allgather
10: Starting numprocs=16 N=3000, M=3000 impl=allgather
4: Starting numprocs=16 N=3000, M=3000 impl=allgather
12: Starting numprocs=16 N=3000, M=3000 impl=allgather
0: Starting numprocs=16 N=3000, M=3000 impl=allgather
Iteration 0
14: Starting numprocs=16 N=3000, M=3000 impl=allgather
13: Starting numprocs=16 N=3000, M=3000 impl=allgather
6: Starting numprocs=16 N=3000, M=3000 impl=allgather
3: Starting numprocs=16 N=3000, M=3000 impl=allgather
9: Starting numprocs=16 N=3000, M=3000 impl=allgather
11: Starting numprocs=16 N=3000, M=3000 impl=allgather
time: 0.148095s
Iteration 1
time: 0.128967s
Iteration 2
time: 0.137820s
Iteration 3
time: 0.131930s
Iteration 4
time: 0.135244s
Iteration 5
time: 0.132437s
Iteration 6
time: 0.168513s
Iteration 7
time: 0.136351s
Iteration 8
time: 0.131826s
Iteration 9
time: 0.133375s
Iteration 10
time: 0.132241s
Iteration 11
time: 0.133471s
Iteration 12
time: 0.132269s
Iteration 13
time: 0.131540s
Iteration 14
time: 0.132079s
Iteration 15
time: 0.134594s
Iteration 16
time: 0.134105s
Iteration 17
time: 0.169063s
Iteration 18
time: 0.143081s
Iteration 19
time: 0.135762s
Iteration 20
time: 0.141011s
Iteration 21
time: 0.142725s
Iteration 22
time: 0.169948s
Iteration 23
time: 0.137189s
Iteration 24
time: 0.132197s
7: Starting numprocs=16 N=3000, M=3000 impl=allreduce
2: Starting numprocs=16 N=3000, M=3000 impl=allreduce
8: Starting numprocs=16 N=3000, M=3000 impl=allreduce
12: Starting numprocs=16 N=3000, M=3000 impl=allreduce
5: Starting numprocs=16 N=3000, M=3000 impl=allreduce
10: Starting numprocs=16 N=3000, M=3000 impl=allreduce
4: Starting numprocs=16 N=3000, M=3000 impl=allreduce
15: Starting numprocs=16 N=3000, M=3000 impl=allreduce
13: Starting numprocs=16 N=3000, M=3000 impl=allreduce
1: Starting numprocs=16 N=3000, M=3000 impl=allreduce
6: Starting numprocs=16 N=3000, M=3000 impl=allreduce
3: Starting numprocs=16 N=3000, M=3000 impl=allreduce
0: Starting numprocs=16 N=3000, M=3000 impl=allreduce
Iteration 0
14: Starting numprocs=16 N=3000, M=3000 impl=allreduce
9: Starting numprocs=16 N=3000, M=3000 impl=allreduce
11: Starting numprocs=16 N=3000, M=3000 impl=allreduce
time: 0.235049s
Iteration 1
time: 0.193517s
Iteration 2
time: 0.200457s
Iteration 3
time: 0.193653s
Iteration 4
time: 0.194040s
Iteration 5
time: 0.191667s
Iteration 6
time: 0.195324s
Iteration 7
time: 0.199594s
Iteration 8
time: 0.194859s
Iteration 9
time: 0.202522s
Iteration 10
time: 0.203241s
Iteration 11
time: 0.197792s
Iteration 12
time: 0.198766s
Iteration 13
time: 0.189693s
Iteration 14
time: 0.190622s
Iteration 15
time: 0.190283s
Iteration 16
time: 0.189856s
Iteration 17
time: 0.194077s
Iteration 18
time: 0.199108s
Iteration 19
time: 0.201002s
Iteration 20
time: 0.192316s
Iteration 21
time: 0.194032s
Iteration 22
time: 0.189588s
Iteration 23
time: 0.194350s
Iteration 24
time: 0.193850s
10: Starting numprocs=16 N=3000, M=3000 impl=allreduce-ring
12: Starting numprocs=16 N=3000, M=3000 impl=allreduce-ring
15: Starting numprocs=16 N=3000, M=3000 impl=allreduce-ring
7: Starting numprocs=16 N=3000, M=3000 impl=allreduce-ring
5: Starting numprocs=16 N=3000, M=3000 impl=allreduce-ring
8: Starting numprocs=16 N=3000, M=3000 impl=allreduce-ring
3: Starting numprocs=16 N=3000, M=3000 impl=allreduce-ring
1: Starting numprocs=16 N=3000, M=3000 impl=allreduce-ring
13: Starting numprocs=16 N=3000, M=3000 impl=allreduce-ring
14: Starting numprocs=16 N=3000, M=3000 impl=allreduce-ring
6: Starting numprocs=16 N=3000, M=3000 impl=allreduce-ring
2: Starting numprocs=16 N=3000, M=3000 impl=allreduce-ring
0: Starting numprocs=16 N=3000, M=3000 impl=allreduce-ring
Iteration 0
4: Starting numprocs=16 N=3000, M=3000 impl=allreduce-ring
9: Starting numprocs=16 N=3000, M=3000 impl=allreduce-ring
11: Starting numprocs=16 N=3000, M=3000 impl=allreduce-ring
time: 0.154716s
Iteration 1
time: 0.136070s
Iteration 2
time: 0.135932s
Iteration 3
time: 0.131376s
Iteration 4
time: 0.132639s
Iteration 5
time: 0.135260s
Iteration 6
time: 0.130900s
Iteration 7
time: 0.134584s
Iteration 8
time: 0.131888s
Iteration 9
time: 0.129874s
Iteration 10
time: 0.134489s
Iteration 11
time: 0.131199s
Iteration 12
time: 0.131010s
Iteration 13
time: 0.134759s
Iteration 14
time: 0.133532s
Iteration 15
time: 0.135023s
Iteration 16
time: 0.132068s
Iteration 17
time: 0.134718s
Iteration 18
time: 0.137179s
Iteration 19
time: 0.135186s
Iteration 20
time: 4.034980s
Iteration 21
time: 0.131112s
Iteration 22
time: 0.134402s
Iteration 23
time: 0.202509s
Iteration 24
time: 0.134503s
12: Starting numprocs=16 N=3000, M=3000 impl=g-rabenseifner-allgather
15: Starting numprocs=16 N=3000, M=3000 impl=g-rabenseifner-allgather
10: Starting numprocs=16 N=3000, M=3000 impl=g-rabenseifner-allgather
3: Starting numprocs=16 N=3000, M=3000 impl=g-rabenseifner-allgather
8: Starting numprocs=16 N=3000, M=3000 impl=g-rabenseifner-allgather
1: Starting numprocs=16 N=3000, M=3000 impl=g-rabenseifner-allgather
6: Starting numprocs=16 N=3000, M=3000 impl=g-rabenseifner-allgather
4: Starting numprocs=16 N=3000, M=3000 impl=g-rabenseifner-allgather
14: Starting numprocs=16 N=3000, M=3000 impl=g-rabenseifner-allgather
13: Starting numprocs=16 N=3000, M=3000 impl=g-rabenseifner-allgather
7: Starting numprocs=16 N=3000, M=3000 impl=g-rabenseifner-allgather
5: Starting numprocs=16 N=3000, M=3000 impl=g-rabenseifner-allgather
2: Starting numprocs=16 N=3000, M=3000 impl=g-rabenseifner-allgather
0: Starting numprocs=16 N=3000, M=3000 impl=g-rabenseifner-allgather
Iteration 0
11: Starting numprocs=16 N=3000, M=3000 impl=g-rabenseifner-allgather
9: Starting numprocs=16 N=3000, M=3000 impl=g-rabenseifner-allgather
time: 0.094390s
Iteration 1
time: 0.065462s
Iteration 2
time: 0.065470s
Iteration 3
time: 0.065860s
Iteration 4
time: 0.065312s
Iteration 5
time: 0.065604s
Iteration 6
time: 0.065429s
Iteration 7
time: 0.065287s
Iteration 8
time: 0.065340s
Iteration 9
time: 0.065465s
Iteration 10
time: 0.065946s
Iteration 11
time: 0.077798s
Iteration 12
time: 0.065008s
Iteration 13
time: 0.065079s
Iteration 14
time: 0.082873s
Iteration 15
time: 0.111086s
Iteration 16
time: 0.065450s
Iteration 17
time: 0.065675s
Iteration 18
time: 0.066494s
Iteration 19
time: 0.065036s
Iteration 20
time: 0.065144s
Iteration 21
time: 0.065362s
Iteration 22
time: 0.065388s
Iteration 23
time: 0.065539s
Iteration 24
time: 0.065245s
2: Starting numprocs=16 N=3000, M=3000 impl=g-rabenseifner-subgroup-2
12: Starting numprocs=16 N=3000, M=3000 impl=g-rabenseifner-subgroup-2
15: Starting numprocs=16 N=3000, M=3000 impl=g-rabenseifner-subgroup-2
8: Starting numprocs=16 N=3000, M=3000 impl=g-rabenseifner-subgroup-2
7: Starting numprocs=16 N=3000, M=3000 impl=g-rabenseifner-subgroup-2
10: Starting numprocs=16 N=3000, M=3000 impl=g-rabenseifner-subgroup-2
3: Starting numprocs=16 N=3000, M=3000 impl=g-rabenseifner-subgroup-2
5: Starting numprocs=16 N=3000, M=3000 impl=g-rabenseifner-subgroup-2
13: Starting numprocs=16 N=3000, M=3000 impl=g-rabenseifner-subgroup-2
6: Starting numprocs=16 N=3000, M=3000 impl=g-rabenseifner-subgroup-2
1: Starting numprocs=16 N=3000, M=3000 impl=g-rabenseifner-subgroup-2
4: Starting numprocs=16 N=3000, M=3000 impl=g-rabenseifner-subgroup-2
14: Starting numprocs=16 N=3000, M=3000 impl=g-rabenseifner-subgroup-2
9: Starting numprocs=16 N=3000, M=3000 impl=g-rabenseifner-subgroup-2
0: Starting numprocs=16 N=3000, M=3000 impl=g-rabenseifner-subgroup-2
Iteration 0
11: Starting numprocs=16 N=3000, M=3000 impl=g-rabenseifner-subgroup-2
time: 0.096760s
Iteration 1
time: 0.067500s
Iteration 2
time: 0.067370s
Iteration 3
time: 0.067104s
Iteration 4
time: 0.067501s
Iteration 5
time: 0.066828s
Iteration 6
time: 0.067771s
Iteration 7
time: 0.067003s
Iteration 8
time: 0.120716s
Iteration 9
time: 0.068448s
Iteration 10
time: 0.068027s
Iteration 11
time: 0.068309s
Iteration 12
time: 0.067852s
Iteration 13
time: 0.067565s
Iteration 14
time: 0.068822s
Iteration 15
time: 0.067927s
Iteration 16
time: 0.067910s
Iteration 17
time: 0.067794s
Iteration 18
time: 0.067741s
Iteration 19
time: 0.068008s
Iteration 20
time: 0.067809s
Iteration 21
time: 0.068144s
Iteration 22
time: 0.067961s
Iteration 23
time: 0.068490s
Iteration 24
time: 0.069191s
10: Starting numprocs=16 N=3000, M=3000 impl=g-rabenseifner-subgroup-4
7: Starting numprocs=16 N=3000, M=3000 impl=g-rabenseifner-subgroup-4
15: Starting numprocs=16 N=3000, M=3000 impl=g-rabenseifner-subgroup-4
8: Starting numprocs=16 N=3000, M=3000 impl=g-rabenseifner-subgroup-4
12: Starting numprocs=16 N=3000, M=3000 impl=g-rabenseifner-subgroup-4
3: Starting numprocs=16 N=3000, M=3000 impl=g-rabenseifner-subgroup-4
5: Starting numprocs=16 N=3000, M=3000 impl=g-rabenseifner-subgroup-4
1: Starting numprocs=16 N=3000, M=3000 impl=g-rabenseifner-subgroup-4
13: Starting numprocs=16 N=3000, M=3000 impl=g-rabenseifner-subgroup-4
4: Starting numprocs=16 N=3000, M=3000 impl=g-rabenseifner-subgroup-4
6: Starting numprocs=16 N=3000, M=3000 impl=g-rabenseifner-subgroup-4
14: Starting numprocs=16 N=3000, M=3000 impl=g-rabenseifner-subgroup-4
0: Starting numprocs=16 N=3000, M=3000 impl=g-rabenseifner-subgroup-4
Iteration 0
2: Starting numprocs=16 N=3000, M=3000 impl=g-rabenseifner-subgroup-4
9: Starting numprocs=16 N=3000, M=3000 impl=g-rabenseifner-subgroup-4
11: Starting numprocs=16 N=3000, M=3000 impl=g-rabenseifner-subgroup-4
time: 0.097495s
Iteration 1
time: 0.118325s
Iteration 2
time: 0.072455s
Iteration 3
time: 0.073004s
Iteration 4
time: 0.072127s
Iteration 5
time: 0.072799s
Iteration 6
time: 0.072844s
Iteration 7
time: 0.072383s
Iteration 8
time: 0.073073s
Iteration 9
time: 0.072798s
Iteration 10
time: 0.072960s
Iteration 11
time: 0.072007s
Iteration 12
time: 0.072843s
Iteration 13
time: 0.072103s
Iteration 14
time: 0.074202s
Iteration 15
time: 0.073774s
Iteration 16
time: 0.073821s
Iteration 17
time: 0.073669s
Iteration 18
time: 0.073714s
Iteration 19
time: 0.074651s
Iteration 20
time: 0.074053s
Iteration 21
time: 0.073341s
Iteration 22
time: 0.073409s
Iteration 23
time: 0.073981s
Iteration 24
time: 0.074903s
7: Starting numprocs=16 N=3000, M=3000 impl=g-rabenseifner-subgroup-8
2: Starting numprocs=16 N=3000, M=3000 impl=g-rabenseifner-subgroup-8
15: Starting numprocs=16 N=3000, M=3000 impl=g-rabenseifner-subgroup-8
8: Starting numprocs=16 N=3000, M=3000 impl=g-rabenseifner-subgroup-8
10: Starting numprocs=16 N=3000, M=3000 impl=g-rabenseifner-subgroup-8
1: Starting numprocs=16 N=3000, M=3000 impl=g-rabenseifner-subgroup-8
5: Starting numprocs=16 N=3000, M=3000 impl=g-rabenseifner-subgroup-8
12: Starting numprocs=16 N=3000, M=3000 impl=g-rabenseifner-subgroup-8
13: Starting numprocs=16 N=3000, M=3000 impl=g-rabenseifner-subgroup-8
3: Starting numprocs=16 N=3000, M=3000 impl=g-rabenseifner-subgroup-8
11: Starting numprocs=16 N=3000, M=3000 impl=g-rabenseifner-subgroup-8
14: Starting numprocs=16 N=3000, M=3000 impl=g-rabenseifner-subgroup-8
4: Starting numprocs=16 N=3000, M=3000 impl=g-rabenseifner-subgroup-8
0: Starting numprocs=16 N=3000, M=3000 impl=g-rabenseifner-subgroup-8
Iteration 0
6: Starting numprocs=16 N=3000, M=3000 impl=g-rabenseifner-subgroup-8
9: Starting numprocs=16 N=3000, M=3000 impl=g-rabenseifner-subgroup-8
time: 0.107283s
Iteration 1
time: 0.083636s
Iteration 2
time: 0.083847s
Iteration 3
time: 0.083881s
Iteration 4
time: 0.082473s
Iteration 5
time: 0.083106s
Iteration 6
time: 0.082441s
Iteration 7
time: 0.083721s
Iteration 8
time: 0.083625s
Iteration 9
time: 0.082990s
Iteration 10
time: 0.083268s
Iteration 11
time: 0.083774s
Iteration 12
time: 0.083409s
Iteration 13
time: 0.084288s
Iteration 14
time: 0.083474s
Iteration 15
time: 0.083380s
Iteration 16
time: 0.100354s
Iteration 17
time: 0.083885s
Iteration 18
time: 0.084063s
Iteration 19
time: 0.083527s
Iteration 20
time: 0.083231s
Iteration 21
time: 0.083880s
Iteration 22
time: 0.086384s
Iteration 23
time: 0.083647s
Iteration 24
time: 0.084781s
2: Starting numprocs=16 N=4000, M=4000 impl=allgather
1: Starting numprocs=16 N=4000, M=4000 impl=allgather
7: Starting numprocs=16 N=4000, M=4000 impl=allgather
8: Starting numprocs=16 N=4000, M=4000 impl=allgather
5: Starting numprocs=16 N=4000, M=4000 impl=allgather
10: Starting numprocs=16 N=4000, M=4000 impl=allgather
3: Starting numprocs=16 N=4000, M=4000 impl=allgather
12: Starting numprocs=16 N=4000, M=4000 impl=allgather
15: Starting numprocs=16 N=4000, M=4000 impl=allgather
6: Starting numprocs=16 N=4000, M=4000 impl=allgather
13: Starting numprocs=16 N=4000, M=4000 impl=allgather
14: Starting numprocs=16 N=4000, M=4000 impl=allgather
4: Starting numprocs=16 N=4000, M=4000 impl=allgather
9: Starting numprocs=16 N=4000, M=4000 impl=allgather
0: Starting numprocs=16 N=4000, M=4000 impl=allgather
Iteration 0
11: Starting numprocs=16 N=4000, M=4000 impl=allgather
time: 0.282319s
Iteration 1
time: 0.265713s
Iteration 2
time: 0.267869s
Iteration 3
time: 0.264015s
Iteration 4
time: 0.271465s
Iteration 5
time: 0.264054s
Iteration 6
time: 0.276660s
Iteration 7
time: 0.269026s
Iteration 8
time: 0.264071s
Iteration 9
time: 0.260566s
Iteration 10
time: 0.253132s
Iteration 11
time: 0.269639s
Iteration 12
time: 0.302420s
Iteration 13
time: 0.267986s
Iteration 14
time: 0.267965s
Iteration 15
time: 0.259765s
Iteration 16
time: 0.278383s
Iteration 17
time: 0.258154s
Iteration 18
time: 0.272932s
Iteration 19
time: 0.270880s
Iteration 20
time: 0.266136s
Iteration 21
time: 0.265016s
Iteration 22
time: 0.252834s
Iteration 23
time: 0.252160s
Iteration 24
time: 0.254318s
5: Starting numprocs=16 N=4000, M=4000 impl=allreduce
12: Starting numprocs=16 N=4000, M=4000 impl=allreduce
1: Starting numprocs=16 N=4000, M=4000 impl=allreduce
15: Starting numprocs=16 N=4000, M=4000 impl=allreduce
10: Starting numprocs=16 N=4000, M=4000 impl=allreduce
3: Starting numprocs=16 N=4000, M=4000 impl=allreduce
7: Starting numprocs=16 N=4000, M=4000 impl=allreduce
8: Starting numprocs=16 N=4000, M=4000 impl=allreduce
2: Starting numprocs=16 N=4000, M=4000 impl=allreduce
4: Starting numprocs=16 N=4000, M=4000 impl=allreduce
14: Starting numprocs=16 N=4000, M=4000 impl=allreduce
13: Starting numprocs=16 N=4000, M=4000 impl=allreduce
0: Starting numprocs=16 N=4000, M=4000 impl=allreduce
Iteration 0
6: Starting numprocs=16 N=4000, M=4000 impl=allreduce
9: Starting numprocs=16 N=4000, M=4000 impl=allreduce
11: Starting numprocs=16 N=4000, M=4000 impl=allreduce
time: 0.389571s
Iteration 1
time: 0.371429s
Iteration 2
time: 0.357866s
Iteration 3
time: 0.343337s
Iteration 4
time: 0.380092s
Iteration 5
time: 0.343163s
Iteration 6
time: 0.356277s
Iteration 7
time: 0.355488s
Iteration 8
time: 0.347741s
Iteration 9
time: 0.346697s
Iteration 10
time: 0.376494s
Iteration 11
time: 0.359811s
Iteration 12
time: 0.346957s
Iteration 13
time: 0.359749s
Iteration 14
time: 0.345811s
Iteration 15
time: 0.344075s
Iteration 16
time: 0.352677s
Iteration 17
time: 0.350494s
Iteration 18
time: 0.339509s
Iteration 19
time: 0.341265s
Iteration 20
time: 0.356924s
Iteration 21
time: 0.344136s
Iteration 22
time: 0.340141s
Iteration 23
time: 0.342434s
Iteration 24
time: 0.351567s
2: Starting numprocs=16 N=4000, M=4000 impl=allreduce-ring
15: Starting numprocs=16 N=4000, M=4000 impl=allreduce-ring
10: Starting numprocs=16 N=4000, M=4000 impl=allreduce-ring
7: Starting numprocs=16 N=4000, M=4000 impl=allreduce-ring
3: Starting numprocs=16 N=4000, M=4000 impl=allreduce-ring
5: Starting numprocs=16 N=4000, M=4000 impl=allreduce-ring
12: Starting numprocs=16 N=4000, M=4000 impl=allreduce-ring
8: Starting numprocs=16 N=4000, M=4000 impl=allreduce-ring
14: Starting numprocs=16 N=4000, M=4000 impl=allreduce-ring
1: Starting numprocs=16 N=4000, M=4000 impl=allreduce-ring
13: Starting numprocs=16 N=4000, M=4000 impl=allreduce-ring
6: Starting numprocs=16 N=4000, M=4000 impl=allreduce-ring
4: Starting numprocs=16 N=4000, M=4000 impl=allreduce-ring
0: Starting numprocs=16 N=4000, M=4000 impl=allreduce-ring
Iteration 0
11: Starting numprocs=16 N=4000, M=4000 impl=allreduce-ring
9: Starting numprocs=16 N=4000, M=4000 impl=allreduce-ring
time: 0.252323s
Iteration 1
time: 0.234992s
Iteration 2
time: 0.241442s
Iteration 3
time: 0.239804s
Iteration 4
time: 0.242891s
Iteration 5
time: 0.234044s
Iteration 6
time: 0.236420s
Iteration 7
time: 0.240105s
Iteration 8
time: 0.233066s
Iteration 9
time: 0.242649s
Iteration 10
time: 0.237041s
Iteration 11
time: 0.235768s
Iteration 12
time: 0.236963s
Iteration 13
time: 0.243079s
Iteration 14
time: 0.237944s
Iteration 15
time: 0.239897s
Iteration 16
time: 0.247636s
Iteration 17
time: 0.242839s
Iteration 18
time: 0.240062s
Iteration 19
time: 0.235778s
Iteration 20
time: 0.244896s
Iteration 21
time: 0.238935s
Iteration 22
time: 0.238334s
Iteration 23
time: 0.240492s
Iteration 24
time: 0.242900s
2: Starting numprocs=16 N=4000, M=4000 impl=g-rabenseifner-allgather
7: Starting numprocs=16 N=4000, M=4000 impl=g-rabenseifner-allgather
8: Starting numprocs=16 N=4000, M=4000 impl=g-rabenseifner-allgather
1: Starting numprocs=16 N=4000, M=4000 impl=g-rabenseifner-allgather
12: Starting numprocs=16 N=4000, M=4000 impl=g-rabenseifner-allgather
10: Starting numprocs=16 N=4000, M=4000 impl=g-rabenseifner-allgather
3: Starting numprocs=16 N=4000, M=4000 impl=g-rabenseifner-allgather
5: Starting numprocs=16 N=4000, M=4000 impl=g-rabenseifner-allgather
13: Starting numprocs=16 N=4000, M=4000 impl=g-rabenseifner-allgather
14: Starting numprocs=16 N=4000, M=4000 impl=g-rabenseifner-allgather
6: Starting numprocs=16 N=4000, M=4000 impl=g-rabenseifner-allgather
0: Starting numprocs=16 N=4000, M=4000 impl=g-rabenseifner-allgather
Iteration 0
4: Starting numprocs=16 N=4000, M=4000 impl=g-rabenseifner-allgather
15: Starting numprocs=16 N=4000, M=4000 impl=g-rabenseifner-allgather
11: Starting numprocs=16 N=4000, M=4000 impl=g-rabenseifner-allgather
9: Starting numprocs=16 N=4000, M=4000 impl=g-rabenseifner-allgather
time: 0.138648s
Iteration 1
time: 0.116278s
Iteration 2
time: 0.115111s
Iteration 3
time: 0.115750s
Iteration 4
time: 0.114694s
Iteration 5
time: 0.115007s
Iteration 6
time: 0.114854s
Iteration 7
time: 0.114526s
Iteration 8
time: 0.114945s
Iteration 9
time: 0.114819s
Iteration 10
time: 0.115617s
Iteration 11
time: 0.115549s
Iteration 12
time: 0.115480s
Iteration 13
time: 0.115071s
Iteration 14
time: 0.115543s
Iteration 15
time: 0.115040s
Iteration 16
time: 0.115134s
Iteration 17
time: 0.114593s
Iteration 18
time: 0.115013s
Iteration 19
time: 0.114823s
Iteration 20
time: 0.117443s
Iteration 21
time: 0.115008s
Iteration 22
time: 0.114881s
Iteration 23
time: 0.114963s
Iteration 24
time: 0.115436s
2: Starting numprocs=16 N=4000, M=4000 impl=g-rabenseifner-subgroup-2
3: Starting numprocs=16 N=4000, M=4000 impl=g-rabenseifner-subgroup-2
7: Starting numprocs=16 N=4000, M=4000 impl=g-rabenseifner-subgroup-2
15: Starting numprocs=16 N=4000, M=4000 impl=g-rabenseifner-subgroup-2
8: Starting numprocs=16 N=4000, M=4000 impl=g-rabenseifner-subgroup-2
10: Starting numprocs=16 N=4000, M=4000 impl=g-rabenseifner-subgroup-2
1: Starting numprocs=16 N=4000, M=4000 impl=g-rabenseifner-subgroup-2
5: Starting numprocs=16 N=4000, M=4000 impl=g-rabenseifner-subgroup-2
12: Starting numprocs=16 N=4000, M=4000 impl=g-rabenseifner-subgroup-2
13: Starting numprocs=16 N=4000, M=4000 impl=g-rabenseifner-subgroup-2
14: Starting numprocs=16 N=4000, M=4000 impl=g-rabenseifner-subgroup-2
4: Starting numprocs=16 N=4000, M=4000 impl=g-rabenseifner-subgroup-2
0: Starting numprocs=16 N=4000, M=4000 impl=g-rabenseifner-subgroup-2
Iteration 0
11: Starting numprocs=16 N=4000, M=4000 impl=g-rabenseifner-subgroup-2
9: Starting numprocs=16 N=4000, M=4000 impl=g-rabenseifner-subgroup-2
6: Starting numprocs=16 N=4000, M=4000 impl=g-rabenseifner-subgroup-2
time: 0.157268s
Iteration 1
time: 0.120335s
Iteration 2
time: 0.119820s
Iteration 3
time: 0.119777s
Iteration 4
time: 0.118937s
Iteration 5
time: 0.119913s
Iteration 6
time: 0.120013s
Iteration 7
time: 0.119988s
Iteration 8
time: 0.120144s
Iteration 9
time: 0.119739s
Iteration 10
time: 0.119808s
Iteration 11
time: 0.120026s
Iteration 12
time: 0.119801s
Iteration 13
time: 0.119710s
Iteration 14
time: 0.119838s
Iteration 15
time: 0.119038s
Iteration 16
time: 0.120531s
Iteration 17
time: 0.121541s
Iteration 18
time: 0.122137s
Iteration 19
time: 0.122786s
Iteration 20
time: 0.119915s
Iteration 21
time: 0.119645s
Iteration 22
time: 0.123052s
Iteration 23
time: 0.122565s
Iteration 24
time: 0.119244s
15: Starting numprocs=16 N=4000, M=4000 impl=g-rabenseifner-subgroup-4
7: Starting numprocs=16 N=4000, M=4000 impl=g-rabenseifner-subgroup-4
8: Starting numprocs=16 N=4000, M=4000 impl=g-rabenseifner-subgroup-4
12: Starting numprocs=16 N=4000, M=4000 impl=g-rabenseifner-subgroup-4
10: Starting numprocs=16 N=4000, M=4000 impl=g-rabenseifner-subgroup-4
5: Starting numprocs=16 N=4000, M=4000 impl=g-rabenseifner-subgroup-4
1: Starting numprocs=16 N=4000, M=4000 impl=g-rabenseifner-subgroup-4
13: Starting numprocs=16 N=4000, M=4000 impl=g-rabenseifner-subgroup-4
6: Starting numprocs=16 N=4000, M=4000 impl=g-rabenseifner-subgroup-4
14: Starting numprocs=16 N=4000, M=4000 impl=g-rabenseifner-subgroup-4
3: Starting numprocs=16 N=4000, M=4000 impl=g-rabenseifner-subgroup-4
4: Starting numprocs=16 N=4000, M=4000 impl=g-rabenseifner-subgroup-4
0: Starting numprocs=16 N=4000, M=4000 impl=g-rabenseifner-subgroup-4
Iteration 0
2: Starting numprocs=16 N=4000, M=4000 impl=g-rabenseifner-subgroup-4
11: Starting numprocs=16 N=4000, M=4000 impl=g-rabenseifner-subgroup-4
9: Starting numprocs=16 N=4000, M=4000 impl=g-rabenseifner-subgroup-4
time: 0.177149s
Iteration 1
time: 0.128841s
Iteration 2
time: 0.129525s
Iteration 3
time: 1.607293s
Iteration 4
time: 0.129898s
Iteration 5
time: 0.131154s
Iteration 6
time: 0.131432s
Iteration 7
time: 0.132416s
Iteration 8
time: 0.131659s
Iteration 9
time: 0.132733s
Iteration 10
time: 0.135661s
Iteration 11
time: 0.133574s
Iteration 12
time: 0.135527s
Iteration 13
time: 0.133462s
Iteration 14
time: 0.133237s
Iteration 15
time: 0.132762s
Iteration 16
time: 0.135397s
Iteration 17
time: 0.132203s
Iteration 18
time: 0.131412s
Iteration 19
time: 0.131642s
Iteration 20
time: 0.130392s
Iteration 21
time: 0.131604s
Iteration 22
time: 0.132227s
Iteration 23
time: 0.136450s
Iteration 24
time: 0.131097s
15: Starting numprocs=16 N=4000, M=4000 impl=g-rabenseifner-subgroup-8
7: Starting numprocs=16 N=4000, M=4000 impl=g-rabenseifner-subgroup-8
2: Starting numprocs=16 N=4000, M=4000 impl=g-rabenseifner-subgroup-8
1: Starting numprocs=16 N=4000, M=4000 impl=g-rabenseifner-subgroup-8
3: Starting numprocs=16 N=4000, M=4000 impl=g-rabenseifner-subgroup-8
8: Starting numprocs=16 N=4000, M=4000 impl=g-rabenseifner-subgroup-8
5: Starting numprocs=16 N=4000, M=4000 impl=g-rabenseifner-subgroup-8
10: Starting numprocs=16 N=4000, M=4000 impl=g-rabenseifner-subgroup-8
13: Starting numprocs=16 N=4000, M=4000 impl=g-rabenseifner-subgroup-8
12: Starting numprocs=16 N=4000, M=4000 impl=g-rabenseifner-subgroup-8
0: Starting numprocs=16 N=4000, M=4000 impl=g-rabenseifner-subgroup-8
Iteration 0
4: Starting numprocs=16 N=4000, M=4000 impl=g-rabenseifner-subgroup-8
6: Starting numprocs=16 N=4000, M=4000 impl=g-rabenseifner-subgroup-8
14: Starting numprocs=16 N=4000, M=4000 impl=g-rabenseifner-subgroup-8
9: Starting numprocs=16 N=4000, M=4000 impl=g-rabenseifner-subgroup-8
11: Starting numprocs=16 N=4000, M=4000 impl=g-rabenseifner-subgroup-8
time: 0.178784s
Iteration 1
time: 0.149417s
Iteration 2
time: 0.148752s
Iteration 3
time: 0.148955s
Iteration 4
time: 0.148687s
Iteration 5
time: 0.148779s
Iteration 6
time: 0.148952s
Iteration 7
time: 0.148714s
Iteration 8
time: 0.150733s
Iteration 9
time: 0.165238s
Iteration 10
time: 0.153428s
Iteration 11
time: 0.153050s
Iteration 12
time: 0.151650s
Iteration 13
time: 0.152119s
Iteration 14
time: 0.151598s
Iteration 15
time: 0.163163s
Iteration 16
time: 0.148994s
Iteration 17
time: 0.150113s
Iteration 18
time: 0.151518s
Iteration 19
time: 0.150513s
Iteration 20
time: 0.149625s
Iteration 21
time: 0.148695s
Iteration 22
time: 0.147887s
Iteration 23
time: 0.148635s
Iteration 24
time: 0.166385s
2: Starting numprocs=16 N=5000, M=5000 impl=allgather
5: Starting numprocs=16 N=5000, M=5000 impl=allgather
7: Starting numprocs=16 N=5000, M=5000 impl=allgather
8: Starting numprocs=16 N=5000, M=5000 impl=allgather
10: Starting numprocs=16 N=5000, M=5000 impl=allgather
3: Starting numprocs=16 N=5000, M=5000 impl=allgather
15: Starting numprocs=16 N=5000, M=5000 impl=allgather
12: Starting numprocs=16 N=5000, M=5000 impl=allgather
13: Starting numprocs=16 N=5000, M=5000 impl=allgather
1: Starting numprocs=16 N=5000, M=5000 impl=allgather
4: Starting numprocs=16 N=5000, M=5000 impl=allgather
0: Starting numprocs=16 N=5000, M=5000 impl=allgather
Iteration 0
14: Starting numprocs=16 N=5000, M=5000 impl=allgather
9: Starting numprocs=16 N=5000, M=5000 impl=allgather
6: Starting numprocs=16 N=5000, M=5000 impl=allgather
11: Starting numprocs=16 N=5000, M=5000 impl=allgather
time: 0.447587s
Iteration 1
time: 0.418744s
Iteration 2
time: 0.468860s
Iteration 3
time: 0.440182s
Iteration 4
time: 0.442804s
Iteration 5
time: 0.445032s
Iteration 6
time: 0.443153s
Iteration 7
time: 0.432269s
Iteration 8
time: 0.431685s
Iteration 9
time: 0.448736s
Iteration 10
time: 0.449212s
Iteration 11
time: 0.487765s
Iteration 12
time: 0.452393s
Iteration 13
time: 0.459947s
Iteration 14
time: 0.440515s
Iteration 15
time: 0.485625s
Iteration 16
time: 0.443693s
Iteration 17
time: 0.439254s
Iteration 18
time: 0.431286s
Iteration 19
time: 0.476123s
Iteration 20
time: 0.439356s
Iteration 21
time: 0.442116s
Iteration 22
time: 0.448774s
Iteration 23
time: 0.437939s
Iteration 24
time: 0.437101s
7: Starting numprocs=16 N=5000, M=5000 impl=allreduce
2: Starting numprocs=16 N=5000, M=5000 impl=allreduce
5: Starting numprocs=16 N=5000, M=5000 impl=allreduce
15: Starting numprocs=16 N=5000, M=5000 impl=allreduce
10: Starting numprocs=16 N=5000, M=5000 impl=allreduce
8: Starting numprocs=16 N=5000, M=5000 impl=allreduce
3: Starting numprocs=16 N=5000, M=5000 impl=allreduce
14: Starting numprocs=16 N=5000, M=5000 impl=allreduce
13: Starting numprocs=16 N=5000, M=5000 impl=allreduce
0: Starting numprocs=16 N=5000, M=5000 impl=allreduce
Iteration 0
4: Starting numprocs=16 N=5000, M=5000 impl=allreduce
1: Starting numprocs=16 N=5000, M=5000 impl=allreduce
6: Starting numprocs=16 N=5000, M=5000 impl=allreduce
9: Starting numprocs=16 N=5000, M=5000 impl=allreduce
11: Starting numprocs=16 N=5000, M=5000 impl=allreduce
12: Starting numprocs=16 N=5000, M=5000 impl=allreduce
time: 0.646991s
Iteration 1
time: 0.544017s
Iteration 2
time: 0.531795s
Iteration 3
time: 0.590466s
Iteration 4
time: 0.538551s
Iteration 5
time: 0.583611s
Iteration 6
time: 0.851814s
Iteration 7
time: 4.246033s
Iteration 8
time: 0.569955s
Iteration 9
time: 0.561501s
Iteration 10
time: 0.527185s
Iteration 11
time: 0.545747s
Iteration 12
time: 0.550929s
Iteration 13
time: 0.566533s
Iteration 14
time: 0.541667s
Iteration 15
time: 0.600957s
Iteration 16
time: 0.546143s
Iteration 17
time: 0.565271s
Iteration 18
time: 0.560747s
Iteration 19
time: 0.605644s
Iteration 20
time: 0.536552s
Iteration 21
time: 0.531721s
Iteration 22
time: 0.551963s
Iteration 23
time: 0.533074s
Iteration 24
time: 0.557879s
7: Starting numprocs=16 N=5000, M=5000 impl=allreduce-ring
8: Starting numprocs=16 N=5000, M=5000 impl=allreduce-ring
2: Starting numprocs=16 N=5000, M=5000 impl=allreduce-ring
10: Starting numprocs=16 N=5000, M=5000 impl=allreduce-ring
15: Starting numprocs=16 N=5000, M=5000 impl=allreduce-ring
3: Starting numprocs=16 N=5000, M=5000 impl=allreduce-ring
1: Starting numprocs=16 N=5000, M=5000 impl=allreduce-ring
0: Starting numprocs=16 N=5000, M=5000 impl=allreduce-ring
Iteration 0
5: Starting numprocs=16 N=5000, M=5000 impl=allreduce-ring
14: Starting numprocs=16 N=5000, M=5000 impl=allreduce-ring
4: Starting numprocs=16 N=5000, M=5000 impl=allreduce-ring
13: Starting numprocs=16 N=5000, M=5000 impl=allreduce-ring
6: Starting numprocs=16 N=5000, M=5000 impl=allreduce-ring
12: Starting numprocs=16 N=5000, M=5000 impl=allreduce-ring
9: Starting numprocs=16 N=5000, M=5000 impl=allreduce-ring
11: Starting numprocs=16 N=5000, M=5000 impl=allreduce-ring
time: 0.402609s
Iteration 1
time: 0.383352s
Iteration 2
time: 0.380679s
Iteration 3
time: 0.372578s
Iteration 4
time: 0.374582s
Iteration 5
time: 0.378207s
Iteration 6
time: 0.367381s
Iteration 7
time: 0.374344s
Iteration 8
time: 0.373840s
Iteration 9
time: 0.379463s
Iteration 10
time: 0.374075s
Iteration 11
time: 0.371486s
Iteration 12
time: 0.373126s
Iteration 13
time: 0.376343s
Iteration 14
time: 0.368070s
Iteration 15
time: 0.377278s
Iteration 16
time: 0.380153s
Iteration 17
time: 0.370806s
Iteration 18
time: 0.373393s
Iteration 19
time: 0.375962s
Iteration 20
time: 0.381251s
Iteration 21
time: 0.379845s
Iteration 22
time: 0.370240s
Iteration 23
time: 0.378941s
Iteration 24
time: 0.373860s
2: Starting numprocs=16 N=5000, M=5000 impl=g-rabenseifner-allgather
7: Starting numprocs=16 N=5000, M=5000 impl=g-rabenseifner-allgather
10: Starting numprocs=16 N=5000, M=5000 impl=g-rabenseifner-allgather
8: Starting numprocs=16 N=5000, M=5000 impl=g-rabenseifner-allgather
5: Starting numprocs=16 N=5000, M=5000 impl=g-rabenseifner-allgather
15: Starting numprocs=16 N=5000, M=5000 impl=g-rabenseifner-allgather
1: Starting numprocs=16 N=5000, M=5000 impl=g-rabenseifner-allgather
3: Starting numprocs=16 N=5000, M=5000 impl=g-rabenseifner-allgather
13: Starting numprocs=16 N=5000, M=5000 impl=g-rabenseifner-allgather
4: Starting numprocs=16 N=5000, M=5000 impl=g-rabenseifner-allgather
0: Starting numprocs=16 N=5000, M=5000 impl=g-rabenseifner-allgather
Iteration 0
14: Starting numprocs=16 N=5000, M=5000 impl=g-rabenseifner-allgather
12: Starting numprocs=16 N=5000, M=5000 impl=g-rabenseifner-allgather
6: Starting numprocs=16 N=5000, M=5000 impl=g-rabenseifner-allgather
9: Starting numprocs=16 N=5000, M=5000 impl=g-rabenseifner-allgather
11: Starting numprocs=16 N=5000, M=5000 impl=g-rabenseifner-allgather
time: 0.218401s
Iteration 1
time: 0.179505s
Iteration 2
time: 0.178201s
Iteration 3
time: 0.179446s
Iteration 4
time: 0.179530s
Iteration 5
time: 0.179662s
Iteration 6
time: 0.179697s
Iteration 7
time: 0.179013s
Iteration 8
time: 0.178655s
Iteration 9
time: 0.179208s
Iteration 10
time: 0.179391s
Iteration 11
time: 0.179428s
Iteration 12
time: 0.179209s
Iteration 13
time: 0.178292s
Iteration 14
time: 0.178957s
Iteration 15
time: 0.178724s
Iteration 16
time: 0.179158s
Iteration 17
time: 0.178646s
Iteration 18
time: 0.179182s
Iteration 19
time: 0.181996s
Iteration 20
time: 0.179816s
Iteration 21
time: 0.178832s
Iteration 22
time: 0.178495s
Iteration 23
time: 0.178756s
Iteration 24
time: 0.179371s
3: Starting numprocs=16 N=5000, M=5000 impl=g-rabenseifner-subgroup-2
8: Starting numprocs=16 N=5000, M=5000 impl=g-rabenseifner-subgroup-2
15: Starting numprocs=16 N=5000, M=5000 impl=g-rabenseifner-subgroup-2
7: Starting numprocs=16 N=5000, M=5000 impl=g-rabenseifner-subgroup-2
2: Starting numprocs=16 N=5000, M=5000 impl=g-rabenseifner-subgroup-2
10: Starting numprocs=16 N=5000, M=5000 impl=g-rabenseifner-subgroup-2
5: Starting numprocs=16 N=5000, M=5000 impl=g-rabenseifner-subgroup-2
13: Starting numprocs=16 N=5000, M=5000 impl=g-rabenseifner-subgroup-2
4: Starting numprocs=16 N=5000, M=5000 impl=g-rabenseifner-subgroup-2
1: Starting numprocs=16 N=5000, M=5000 impl=g-rabenseifner-subgroup-2
0: Starting numprocs=16 N=5000, M=5000 impl=g-rabenseifner-subgroup-2
Iteration 0
14: Starting numprocs=16 N=5000, M=5000 impl=g-rabenseifner-subgroup-2
9: Starting numprocs=16 N=5000, M=5000 impl=g-rabenseifner-subgroup-2
6: Starting numprocs=16 N=5000, M=5000 impl=g-rabenseifner-subgroup-2
12: Starting numprocs=16 N=5000, M=5000 impl=g-rabenseifner-subgroup-2
11: Starting numprocs=16 N=5000, M=5000 impl=g-rabenseifner-subgroup-2
time: 0.232638s
Iteration 1
time: 0.186514s
Iteration 2
time: 0.186017s
Iteration 3
time: 0.187204s
Iteration 4
time: 0.188873s
Iteration 5
time: 0.189244s
Iteration 6
time: 0.187271s
Iteration 7
time: 0.187596s
Iteration 8
time: 0.187503s
Iteration 9
time: 0.186856s
Iteration 10
time: 0.185861s
Iteration 11
time: 0.187892s
Iteration 12
time: 0.200023s
Iteration 13
time: 0.186394s
Iteration 14
time: 0.188506s
Iteration 15
time: 0.185924s
Iteration 16
time: 0.187601s
Iteration 17
time: 0.187516s
Iteration 18
time: 0.186694s
Iteration 19
time: 0.187997s
Iteration 20
time: 0.187041s
Iteration 21
time: 0.188065s
Iteration 22
time: 0.186762s
Iteration 23
time: 0.186347s
Iteration 24
time: 0.186865s
15: Starting numprocs=16 N=5000, M=5000 impl=g-rabenseifner-subgroup-4
3: Starting numprocs=16 N=5000, M=5000 impl=g-rabenseifner-subgroup-4
7: Starting numprocs=16 N=5000, M=5000 impl=g-rabenseifner-subgroup-4
5: Starting numprocs=16 N=5000, M=5000 impl=g-rabenseifner-subgroup-4
8: Starting numprocs=16 N=5000, M=5000 impl=g-rabenseifner-subgroup-4
10: Starting numprocs=16 N=5000, M=5000 impl=g-rabenseifner-subgroup-4
1: Starting numprocs=16 N=5000, M=5000 impl=g-rabenseifner-subgroup-4
13: Starting numprocs=16 N=5000, M=5000 impl=g-rabenseifner-subgroup-4
4: Starting numprocs=16 N=5000, M=5000 impl=g-rabenseifner-subgroup-4
14: Starting numprocs=16 N=5000, M=5000 impl=g-rabenseifner-subgroup-4
9: Starting numprocs=16 N=5000, M=5000 impl=g-rabenseifner-subgroup-4
6: Starting numprocs=16 N=5000, M=5000 impl=g-rabenseifner-subgroup-4
0: Starting numprocs=16 N=5000, M=5000 impl=g-rabenseifner-subgroup-4
Iteration 0
12: Starting numprocs=16 N=5000, M=5000 impl=g-rabenseifner-subgroup-4
11: Starting numprocs=16 N=5000, M=5000 impl=g-rabenseifner-subgroup-4
2: Starting numprocs=16 N=5000, M=5000 impl=g-rabenseifner-subgroup-4
time: 0.239856s
Iteration 1
time: 0.209620s
Iteration 2
time: 0.206211s
Iteration 3
time: 0.207575s
Iteration 4
time: 0.207422s
Iteration 5
time: 0.208050s
Iteration 6
time: 0.205990s
Iteration 7
time: 0.206799s
Iteration 8
time: 0.206480s
Iteration 9
time: 0.203565s
Iteration 10
time: 0.202041s
Iteration 11
time: 0.204159s
Iteration 12
time: 0.207067s
Iteration 13
time: 0.205112s
Iteration 14
time: 0.205339s
Iteration 15
time: 0.203660s
Iteration 16
time: 0.206229s
Iteration 17
time: 0.204330s
Iteration 18
time: 0.203882s
Iteration 19
time: 0.206319s
Iteration 20
time: 0.206001s
Iteration 21
time: 0.206354s
Iteration 22
time: 0.204224s
Iteration 23
time: 0.204043s
Iteration 24
time: 0.205046s
2: Starting numprocs=16 N=5000, M=5000 impl=g-rabenseifner-subgroup-8
7: Starting numprocs=16 N=5000, M=5000 impl=g-rabenseifner-subgroup-8
15: Starting numprocs=16 N=5000, M=5000 impl=g-rabenseifner-subgroup-8
3: Starting numprocs=16 N=5000, M=5000 impl=g-rabenseifner-subgroup-8
13: Starting numprocs=16 N=5000, M=5000 impl=g-rabenseifner-subgroup-8
1: Starting numprocs=16 N=5000, M=5000 impl=g-rabenseifner-subgroup-8
10: Starting numprocs=16 N=5000, M=5000 impl=g-rabenseifner-subgroup-8
4: Starting numprocs=16 N=5000, M=5000 impl=g-rabenseifner-subgroup-8
6: Starting numprocs=16 N=5000, M=5000 impl=g-rabenseifner-subgroup-8
8: Starting numprocs=16 N=5000, M=5000 impl=g-rabenseifner-subgroup-8
12: Starting numprocs=16 N=5000, M=5000 impl=g-rabenseifner-subgroup-8
0: Starting numprocs=16 N=5000, M=5000 impl=g-rabenseifner-subgroup-8
Iteration 0
14: Starting numprocs=16 N=5000, M=5000 impl=g-rabenseifner-subgroup-8
5: Starting numprocs=16 N=5000, M=5000 impl=g-rabenseifner-subgroup-8
11: Starting numprocs=16 N=5000, M=5000 impl=g-rabenseifner-subgroup-8
9: Starting numprocs=16 N=5000, M=5000 impl=g-rabenseifner-subgroup-8
time: 0.262253s
Iteration 1
time: 0.231308s
Iteration 2
time: 0.231258s
Iteration 3
time: 0.232065s
Iteration 4
time: 0.232930s
Iteration 5
time: 0.235686s
Iteration 6
time: 0.236776s
Iteration 7
time: 0.236898s
Iteration 8
time: 0.235657s
Iteration 9
time: 0.235459s
Iteration 10
time: 0.232243s
Iteration 11
time: 0.230538s
Iteration 12
time: 0.233402s
Iteration 13
time: 0.233580s
Iteration 14
time: 0.233681s
Iteration 15
time: 0.234607s
Iteration 16
time: 0.236053s
Iteration 17
time: 0.239858s
Iteration 18
time: 0.231186s
Iteration 19
time: 0.232717s
Iteration 20
time: 0.231678s
Iteration 21
time: 0.232426s
Iteration 22
time: 0.233523s
Iteration 23
time: 0.234332s
Iteration 24
time: 0.236457s
5: Starting numprocs=16 N=6000, M=6000 impl=allgather
15: Starting numprocs=16 N=6000, M=6000 impl=allgather
7: Starting numprocs=16 N=6000, M=6000 impl=allgather
8: Starting numprocs=16 N=6000, M=6000 impl=allgather
10: Starting numprocs=16 N=6000, M=6000 impl=allgather
2: Starting numprocs=16 N=6000, M=6000 impl=allgather
1: Starting numprocs=16 N=6000, M=6000 impl=allgather
4: Starting numprocs=16 N=6000, M=6000 impl=allgather
13: Starting numprocs=16 N=6000, M=6000 impl=allgather
3: Starting numprocs=16 N=6000, M=6000 impl=allgather
12: Starting numprocs=16 N=6000, M=6000 impl=allgather
9: Starting numprocs=16 N=6000, M=6000 impl=allgather
0: Starting numprocs=16 N=6000, M=6000 impl=allgather
Iteration 0
14: Starting numprocs=16 N=6000, M=6000 impl=allgather
6: Starting numprocs=16 N=6000, M=6000 impl=allgather
11: Starting numprocs=16 N=6000, M=6000 impl=allgather
time: 0.644249s
Iteration 1
time: 0.650973s
Iteration 2
time: 0.672979s
Iteration 3
time: 0.618898s
Iteration 4
time: 0.622985s
Iteration 5
time: 0.660642s
Iteration 6
time: 0.625727s
Iteration 7
time: 0.621804s
Iteration 8
time: 0.634104s
Iteration 9
time: 0.657068s
Iteration 10
time: 0.619707s
Iteration 11
time: 0.632838s
Iteration 12
time: 0.659166s
Iteration 13
time: 0.617333s
Iteration 14
time: 0.624746s
Iteration 15
time: 0.663559s
Iteration 16
time: 0.617421s
Iteration 17
time: 0.626488s
Iteration 18
time: 0.666116s
Iteration 19
time: 0.623196s
Iteration 20
time: 0.621352s
Iteration 21
time: 0.634132s
Iteration 22
time: 0.621770s
Iteration 23
time: 0.623829s
Iteration 24
time: 0.636679s
7: Starting numprocs=16 N=6000, M=6000 impl=allreduce
8: Starting numprocs=16 N=6000, M=6000 impl=allreduce
2: Starting numprocs=16 N=6000, M=6000 impl=allreduce
15: Starting numprocs=16 N=6000, M=6000 impl=allreduce
1: Starting numprocs=16 N=6000, M=6000 impl=allreduce
4: Starting numprocs=16 N=6000, M=6000 impl=allreduce
13: Starting numprocs=16 N=6000, M=6000 impl=allreduce
0: Starting numprocs=16 N=6000, M=6000 impl=allreduce
Iteration 0
12: Starting numprocs=16 N=6000, M=6000 impl=allreduce
14: Starting numprocs=16 N=6000, M=6000 impl=allreduce
10: Starting numprocs=16 N=6000, M=6000 impl=allreduce
6: Starting numprocs=16 N=6000, M=6000 impl=allreduce
9: Starting numprocs=16 N=6000, M=6000 impl=allreduce
3: Starting numprocs=16 N=6000, M=6000 impl=allreduce
11: Starting numprocs=16 N=6000, M=6000 impl=allreduce
5: Starting numprocs=16 N=6000, M=6000 impl=allreduce
time: 0.900543s
Iteration 1
time: 0.770574s
Iteration 2
time: 0.796945s
Iteration 3
time: 0.781237s
Iteration 4
time: 0.788407s
Iteration 5
time: 0.781345s
Iteration 6
time: 0.776600s
Iteration 7
time: 0.784904s
Iteration 8
time: 0.811657s
Iteration 9
time: 0.783351s
Iteration 10
time: 0.775741s
Iteration 11
time: 0.815332s
Iteration 12
time: 0.768973s
Iteration 13
time: 0.790361s
Iteration 14
time: 0.792500s
Iteration 15
time: 0.786045s
Iteration 16
time: 0.775984s
Iteration 17
time: 0.776356s
Iteration 18
time: 0.776694s
Iteration 19
time: 0.794214s
Iteration 20
time: 0.776608s
Iteration 21
time: 0.780202s
Iteration 22
time: 0.807536s
Iteration 23
time: 0.779376s
Iteration 24
time: 0.783166s
7: Starting numprocs=16 N=6000, M=6000 impl=allreduce-ring
2: Starting numprocs=16 N=6000, M=6000 impl=allreduce-ring
15: Starting numprocs=16 N=6000, M=6000 impl=allreduce-ring
8: Starting numprocs=16 N=6000, M=6000 impl=allreduce-ring
13: Starting numprocs=16 N=6000, M=6000 impl=allreduce-ring
4: Starting numprocs=16 N=6000, M=6000 impl=allreduce-ring
1: Starting numprocs=16 N=6000, M=6000 impl=allreduce-ring
10: Starting numprocs=16 N=6000, M=6000 impl=allreduce-ring
6: Starting numprocs=16 N=6000, M=6000 impl=allreduce-ring
12: Starting numprocs=16 N=6000, M=6000 impl=allreduce-ring
0: Starting numprocs=16 N=6000, M=6000 impl=allreduce-ring
Iteration 0
14: Starting numprocs=16 N=6000, M=6000 impl=allreduce-ring
11: Starting numprocs=16 N=6000, M=6000 impl=allreduce-ring
5: Starting numprocs=16 N=6000, M=6000 impl=allreduce-ring
3: Starting numprocs=16 N=6000, M=6000 impl=allreduce-ring
9: Starting numprocs=16 N=6000, M=6000 impl=allreduce-ring
time: 0.582598s
Iteration 1
time: 0.540072s
Iteration 2
time: 0.549672s
Iteration 3
time: 0.533458s
Iteration 4
time: 0.534032s
Iteration 5
time: 0.534750s
Iteration 6
time: 0.536933s
Iteration 7
time: 0.538173s
Iteration 8
time: 0.538164s
Iteration 9
time: 0.554087s
Iteration 10
time: 0.540407s
Iteration 11
time: 0.534454s
Iteration 12
time: 0.537629s
Iteration 13
time: 0.540182s
Iteration 14
time: 0.538405s
Iteration 15
time: 0.540364s
Iteration 16
time: 0.546264s
Iteration 17
time: 0.541142s
Iteration 18
time: 0.530989s
Iteration 19
time: 0.532250s
Iteration 20
time: 0.554612s
Iteration 21
time: 0.549496s
Iteration 22
time: 0.550961s
Iteration 23
time: 0.538578s
Iteration 24
time: 0.547373s
15: Starting numprocs=16 N=6000, M=6000 impl=g-rabenseifner-allgather
7: Starting numprocs=16 N=6000, M=6000 impl=g-rabenseifner-allgather
2: Starting numprocs=16 N=6000, M=6000 impl=g-rabenseifner-allgather
1: Starting numprocs=16 N=6000, M=6000 impl=g-rabenseifner-allgather
0: Starting numprocs=16 N=6000, M=6000 impl=g-rabenseifner-allgather
Iteration 0
13: Starting numprocs=16 N=6000, M=6000 impl=g-rabenseifner-allgather
8: Starting numprocs=16 N=6000, M=6000 impl=g-rabenseifner-allgather
10: Starting numprocs=16 N=6000, M=6000 impl=g-rabenseifner-allgather
12: Starting numprocs=16 N=6000, M=6000 impl=g-rabenseifner-allgather
4: Starting numprocs=16 N=6000, M=6000 impl=g-rabenseifner-allgather
14: Starting numprocs=16 N=6000, M=6000 impl=g-rabenseifner-allgather
6: Starting numprocs=16 N=6000, M=6000 impl=g-rabenseifner-allgather
9: Starting numprocs=16 N=6000, M=6000 impl=g-rabenseifner-allgather
11: Starting numprocs=16 N=6000, M=6000 impl=g-rabenseifner-allgather
3: Starting numprocs=16 N=6000, M=6000 impl=g-rabenseifner-allgather
5: Starting numprocs=16 N=6000, M=6000 impl=g-rabenseifner-allgather
time: 0.306756s
Iteration 1
time: 0.259986s
Iteration 2
time: 0.259125s
Iteration 3
time: 0.260318s
Iteration 4
time: 0.259154s
Iteration 5
time: 0.260096s
Iteration 6
time: 0.258725s
Iteration 7
time: 0.259603s
Iteration 8
time: 0.259775s
Iteration 9
time: 0.259690s
Iteration 10
time: 0.259754s
Iteration 11
time: 0.259703s
Iteration 12
time: 0.260030s
Iteration 13
time: 0.259505s
Iteration 14
time: 0.259253s
Iteration 15
time: 0.259569s
Iteration 16
time: 0.259611s
Iteration 17
time: 0.260001s
Iteration 18
time: 0.263681s
Iteration 19
time: 0.259214s
Iteration 20
time: 0.259408s
Iteration 21
time: 0.259276s
Iteration 22
time: 0.261071s
Iteration 23
time: 0.259207s
Iteration 24
time: 0.260139s
2: Starting numprocs=16 N=6000, M=6000 impl=g-rabenseifner-subgroup-2
15: Starting numprocs=16 N=6000, M=6000 impl=g-rabenseifner-subgroup-2
8: Starting numprocs=16 N=6000, M=6000 impl=g-rabenseifner-subgroup-2
7: Starting numprocs=16 N=6000, M=6000 impl=g-rabenseifner-subgroup-2
1: Starting numprocs=16 N=6000, M=6000 impl=g-rabenseifner-subgroup-2
10: Starting numprocs=16 N=6000, M=6000 impl=g-rabenseifner-subgroup-2
4: Starting numprocs=16 N=6000, M=6000 impl=g-rabenseifner-subgroup-2
9: Starting numprocs=16 N=6000, M=6000 impl=g-rabenseifner-subgroup-2
13: Starting numprocs=16 N=6000, M=6000 impl=g-rabenseifner-subgroup-2
12: Starting numprocs=16 N=6000, M=6000 impl=g-rabenseifner-subgroup-2
6: Starting numprocs=16 N=6000, M=6000 impl=g-rabenseifner-subgroup-2
0: Starting numprocs=16 N=6000, M=6000 impl=g-rabenseifner-subgroup-2
Iteration 0
14: Starting numprocs=16 N=6000, M=6000 impl=g-rabenseifner-subgroup-2
5: Starting numprocs=16 N=6000, M=6000 impl=g-rabenseifner-subgroup-2
3: Starting numprocs=16 N=6000, M=6000 impl=g-rabenseifner-subgroup-2
11: Starting numprocs=16 N=6000, M=6000 impl=g-rabenseifner-subgroup-2
time: 0.322680s
Iteration 1
time: 0.271874s
Iteration 2
time: 0.270800s
Iteration 3
time: 0.271731s
Iteration 4
time: 0.272478s
Iteration 5
time: 0.274423s
Iteration 6
time: 0.273845s
Iteration 7
time: 0.270812s
Iteration 8
time: 0.271619s
Iteration 9
time: 0.272198s
Iteration 10
time: 0.272179s
Iteration 11
time: 0.275307s
Iteration 12
time: 0.274419s
Iteration 13
time: 0.271190s
Iteration 14
time: 0.270628s
Iteration 15
time: 0.273012s
Iteration 16
time: 0.273634s
Iteration 17
time: 11.896416s
Iteration 18
time: 2.383760s
Iteration 19
time: 0.267679s
Iteration 20
time: 0.273929s
Iteration 21
time: 0.271878s
Iteration 22
time: 0.269066s
Iteration 23
time: 0.272837s
Iteration 24
time: 0.273529s
15: Starting numprocs=16 N=6000, M=6000 impl=g-rabenseifner-subgroup-4
1: Starting numprocs=16 N=6000, M=6000 impl=g-rabenseifner-subgroup-4
8: Starting numprocs=16 N=6000, M=6000 impl=g-rabenseifner-subgroup-4
7: Starting numprocs=16 N=6000, M=6000 impl=g-rabenseifner-subgroup-4
2: Starting numprocs=16 N=6000, M=6000 impl=g-rabenseifner-subgroup-4
12: Starting numprocs=16 N=6000, M=6000 impl=g-rabenseifner-subgroup-4
13: Starting numprocs=16 N=6000, M=6000 impl=g-rabenseifner-subgroup-4
4: Starting numprocs=16 N=6000, M=6000 impl=g-rabenseifner-subgroup-4
14: Starting numprocs=16 N=6000, M=6000 impl=g-rabenseifner-subgroup-4
6: Starting numprocs=16 N=6000, M=6000 impl=g-rabenseifner-subgroup-4
10: Starting numprocs=16 N=6000, M=6000 impl=g-rabenseifner-subgroup-4
3: Starting numprocs=16 N=6000, M=6000 impl=g-rabenseifner-subgroup-4
9: Starting numprocs=16 N=6000, M=6000 impl=g-rabenseifner-subgroup-4
11: Starting numprocs=16 N=6000, M=6000 impl=g-rabenseifner-subgroup-4
5: Starting numprocs=16 N=6000, M=6000 impl=g-rabenseifner-subgroup-4
0: Starting numprocs=16 N=6000, M=6000 impl=g-rabenseifner-subgroup-4
Iteration 0
time: 0.361651s
Iteration 1
time: 0.307857s
Iteration 2
time: 0.308859s
Iteration 3
time: 0.304687s
Iteration 4
time: 0.305562s
Iteration 5
time: 0.303650s
Iteration 6
time: 0.303136s
Iteration 7
time: 0.307307s
Iteration 8
time: 0.304909s
Iteration 9
time: 0.295158s
Iteration 10
time: 0.293296s
Iteration 11
time: 0.295218s
Iteration 12
time: 0.294994s
Iteration 13
time: 0.297538s
Iteration 14
time: 0.294946s
Iteration 15
time: 0.296965s
Iteration 16
time: 0.298814s
Iteration 17
time: 0.293892s
Iteration 18
time: 0.295788s
Iteration 19
time: 0.292349s
Iteration 20
time: 0.295215s
Iteration 21
time: 0.295818s
Iteration 22
time: 0.303122s
Iteration 23
time: 0.293846s
Iteration 24
time: 0.299774s
15: Starting numprocs=16 N=6000, M=6000 impl=g-rabenseifner-subgroup-8
7: Starting numprocs=16 N=6000, M=6000 impl=g-rabenseifner-subgroup-8
8: Starting numprocs=16 N=6000, M=6000 impl=g-rabenseifner-subgroup-8
2: Starting numprocs=16 N=6000, M=6000 impl=g-rabenseifner-subgroup-8
1: Starting numprocs=16 N=6000, M=6000 impl=g-rabenseifner-subgroup-8
13: Starting numprocs=16 N=6000, M=6000 impl=g-rabenseifner-subgroup-8
14: Starting numprocs=16 N=6000, M=6000 impl=g-rabenseifner-subgroup-8
10: Starting numprocs=16 N=6000, M=6000 impl=g-rabenseifner-subgroup-8
4: Starting numprocs=16 N=6000, M=6000 impl=g-rabenseifner-subgroup-8
6: Starting numprocs=16 N=6000, M=6000 impl=g-rabenseifner-subgroup-8
12: Starting numprocs=16 N=6000, M=6000 impl=g-rabenseifner-subgroup-8
9: Starting numprocs=16 N=6000, M=6000 impl=g-rabenseifner-subgroup-8
3: Starting numprocs=16 N=6000, M=6000 impl=g-rabenseifner-subgroup-8
11: Starting numprocs=16 N=6000, M=6000 impl=g-rabenseifner-subgroup-8
5: Starting numprocs=16 N=6000, M=6000 impl=g-rabenseifner-subgroup-8
0: Starting numprocs=16 N=6000, M=6000 impl=g-rabenseifner-subgroup-8
Iteration 0
time: 0.388775s
Iteration 1
time: 0.341830s
Iteration 2
time: 0.341264s
Iteration 3
time: 0.341978s
Iteration 4
time: 0.339812s
Iteration 5
time: 0.341270s
Iteration 6
time: 0.341867s
Iteration 7
time: 0.344269s
Iteration 8
time: 0.340798s
Iteration 9
time: 0.344445s
Iteration 10
time: 0.338965s
Iteration 11
time: 0.349909s
Iteration 12
time: 0.340366s
Iteration 13
time: 0.341250s
Iteration 14
time: 0.341662s
Iteration 15
time: 0.343547s
Iteration 16
time: 0.344879s
Iteration 17
time: 0.345455s
Iteration 18
time: 0.339391s
Iteration 19
time: 0.342502s
Iteration 20
time: 0.344101s
Iteration 21
time: 0.341425s
Iteration 22
time: 0.343923s
Iteration 23
time: 0.342813s
Iteration 24
time: 0.343275s
15: Starting numprocs=16 N=7000, M=7000 impl=allgather
7: Starting numprocs=16 N=7000, M=7000 impl=allgather
8: Starting numprocs=16 N=7000, M=7000 impl=allgather
2: Starting numprocs=16 N=7000, M=7000 impl=allgather
1: Starting numprocs=16 N=7000, M=7000 impl=allgather
13: Starting numprocs=16 N=7000, M=7000 impl=allgather
6: Starting numprocs=16 N=7000, M=7000 impl=allgather
4: Starting numprocs=16 N=7000, M=7000 impl=allgather
14: Starting numprocs=16 N=7000, M=7000 impl=allgather
10: Starting numprocs=16 N=7000, M=7000 impl=allgather
12: Starting numprocs=16 N=7000, M=7000 impl=allgather
0: Starting numprocs=16 N=7000, M=7000 impl=allgather
Iteration 0
5: Starting numprocs=16 N=7000, M=7000 impl=allgather
11: Starting numprocs=16 N=7000, M=7000 impl=allgather
3: Starting numprocs=16 N=7000, M=7000 impl=allgather
9: Starting numprocs=16 N=7000, M=7000 impl=allgather
time: 0.944546s
Iteration 1
time: 0.911594s
Iteration 2
time: 0.880309s
Iteration 3
time: 0.911859s
Iteration 4
time: 0.904748s
Iteration 5
time: 0.882110s
Iteration 6
time: 0.910378s
Iteration 7
time: 0.910869s
Iteration 8
time: 0.917141s
Iteration 9
time: 0.880917s
Iteration 10
time: 0.910681s
Iteration 11
time: 0.883862s
Iteration 12
time: 0.868824s
Iteration 13
time: 0.911138s
Iteration 14
time: 0.877072s
Iteration 15
time: 0.878845s
Iteration 16
time: 0.907581s
Iteration 17
time: 0.879237s
Iteration 18
time: 0.872708s
Iteration 19
time: 0.904166s
Iteration 20
time: 0.883790s
Iteration 21
time: 0.877095s
Iteration 22
time: 1.212580s
Iteration 23
time: 1.167457s
Iteration 24
time: 1.164137s
7: Starting numprocs=16 N=7000, M=7000 impl=allreduce
2: Starting numprocs=16 N=7000, M=7000 impl=allreduce
15: Starting numprocs=16 N=7000, M=7000 impl=allreduce
8: Starting numprocs=16 N=7000, M=7000 impl=allreduce
1: Starting numprocs=16 N=7000, M=7000 impl=allreduce
6: Starting numprocs=16 N=7000, M=7000 impl=allreduce
4: Starting numprocs=16 N=7000, M=7000 impl=allreduce
13: Starting numprocs=16 N=7000, M=7000 impl=allreduce
10: Starting numprocs=16 N=7000, M=7000 impl=allreduce
14: Starting numprocs=16 N=7000, M=7000 impl=allreduce
0: Starting numprocs=16 N=7000, M=7000 impl=allreduce
Iteration 0
5: Starting numprocs=16 N=7000, M=7000 impl=allreduce
12: Starting numprocs=16 N=7000, M=7000 impl=allreduce
3: Starting numprocs=16 N=7000, M=7000 impl=allreduce
11: Starting numprocs=16 N=7000, M=7000 impl=allreduce
9: Starting numprocs=16 N=7000, M=7000 impl=allreduce
time: 1.219909s
Iteration 1
time: 1.070280s
Iteration 2
time: 1.083131s
Iteration 3
time: 1.068768s
Iteration 4
time: 1.080057s
Iteration 5
time: 1.085893s
Iteration 6
time: 1.068201s
Iteration 7
time: 1.059884s
Iteration 8
time: 1.062850s
Iteration 9
time: 1.077000s
Iteration 10
time: 1.078449s
Iteration 11
time: 1.072348s
Iteration 12
time: 1.084427s
Iteration 13
time: 1.093998s
Iteration 14
time: 1.071507s
Iteration 15
time: 1.063694s
Iteration 16
time: 3.038695s
Iteration 17
time: 1.048671s
Iteration 18
time: 1.089314s
Iteration 19
time: 5.252034s
Iteration 20
time: 1.064162s
Iteration 21
time: 7.387619s
Iteration 22
time: 1.056599s
Iteration 23
time: 1.073529s
Iteration 24
time: 1.060602s
7: Starting numprocs=16 N=7000, M=7000 impl=allreduce-ring
15: Starting numprocs=16 N=7000, M=7000 impl=allreduce-ring
8: Starting numprocs=16 N=7000, M=7000 impl=allreduce-ring
2: Starting numprocs=16 N=7000, M=7000 impl=allreduce-ring
1: Starting numprocs=16 N=7000, M=7000 impl=allreduce-ring
0: Starting numprocs=16 N=7000, M=7000 impl=allreduce-ring
Iteration 0
13: Starting numprocs=16 N=7000, M=7000 impl=allreduce-ring
6: Starting numprocs=16 N=7000, M=7000 impl=allreduce-ring
10: Starting numprocs=16 N=7000, M=7000 impl=allreduce-ring
4: Starting numprocs=16 N=7000, M=7000 impl=allreduce-ring
12: Starting numprocs=16 N=7000, M=7000 impl=allreduce-ring
14: Starting numprocs=16 N=7000, M=7000 impl=allreduce-ring
5: Starting numprocs=16 N=7000, M=7000 impl=allreduce-ring
9: Starting numprocs=16 N=7000, M=7000 impl=allreduce-ring
11: Starting numprocs=16 N=7000, M=7000 impl=allreduce-ring
3: Starting numprocs=16 N=7000, M=7000 impl=allreduce-ring
time: 0.785021s
Iteration 1
time: 0.731276s
Iteration 2
time: 0.733583s
Iteration 3
time: 0.729760s
Iteration 4
time: 0.739466s
Iteration 5
time: 2.881130s
Iteration 6
time: 0.730726s
Iteration 7
time: 0.737198s
Iteration 8
time: 2.889439s
Iteration 9
time: 0.738323s
Iteration 10
time: 0.733602s
Iteration 11
time: 0.738083s
Iteration 12
time: 0.736257s
Iteration 13
time: 0.730146s
Iteration 14
time: 0.730164s
Iteration 15
time: 0.741947s
Iteration 16
time: 0.727964s
Iteration 17
time: 0.748700s
Iteration 18
time: 0.734422s
Iteration 19
time: 0.724519s
Iteration 20
time: 0.736742s
Iteration 21
time: 0.742244s
Iteration 22
time: 0.733893s
Iteration 23
time: 0.744368s
Iteration 24
time: 0.741928s
7: Starting numprocs=16 N=7000, M=7000 impl=g-rabenseifner-allgather
15: Starting numprocs=16 N=7000, M=7000 impl=g-rabenseifner-allgather
2: Starting numprocs=16 N=7000, M=7000 impl=g-rabenseifner-allgather
8: Starting numprocs=16 N=7000, M=7000 impl=g-rabenseifner-allgather
1: Starting numprocs=16 N=7000, M=7000 impl=g-rabenseifner-allgather
0: Starting numprocs=16 N=7000, M=7000 impl=g-rabenseifner-allgather
Iteration 0
13: Starting numprocs=16 N=7000, M=7000 impl=g-rabenseifner-allgather
14: Starting numprocs=16 N=7000, M=7000 impl=g-rabenseifner-allgather
4: Starting numprocs=16 N=7000, M=7000 impl=g-rabenseifner-allgather
12: Starting numprocs=16 N=7000, M=7000 impl=g-rabenseifner-allgather
10: Starting numprocs=16 N=7000, M=7000 impl=g-rabenseifner-allgather
6: Starting numprocs=16 N=7000, M=7000 impl=g-rabenseifner-allgather
3: Starting numprocs=16 N=7000, M=7000 impl=g-rabenseifner-allgather
5: Starting numprocs=16 N=7000, M=7000 impl=g-rabenseifner-allgather
9: Starting numprocs=16 N=7000, M=7000 impl=g-rabenseifner-allgather
11: Starting numprocs=16 N=7000, M=7000 impl=g-rabenseifner-allgather
time: 2.567240s
Iteration 1
time: 0.349741s
Iteration 2
time: 0.350091s
Iteration 3
time: 0.375475s
Iteration 4
time: 0.350160s
Iteration 5
time: 4.556319s
Iteration 6
time: 0.349824s
Iteration 7
time: 0.349858s
Iteration 8
time: 0.349743s
Iteration 9
time: 0.349012s
Iteration 10
time: 0.349477s
Iteration 11
time: 13.361272s
Iteration 12
time: 0.349301s
Iteration 13
time: 0.350225s
Iteration 14
time: 0.348584s
Iteration 15
time: 0.350746s
Iteration 16
time: 4.692047s
Iteration 17
time: 0.350155s
Iteration 18
time: 0.349362s
Iteration 19
time: 0.349455s
Iteration 20
time: 0.349524s
Iteration 21
time: 0.350970s
Iteration 22
time: 2.527122s
Iteration 23
time: 0.350110s
Iteration 24
time: 0.349603s
7: Starting numprocs=16 N=7000, M=7000 impl=g-rabenseifner-subgroup-2
8: Starting numprocs=16 N=7000, M=7000 impl=g-rabenseifner-subgroup-2
2: Starting numprocs=16 N=7000, M=7000 impl=g-rabenseifner-subgroup-2
1: Starting numprocs=16 N=7000, M=7000 impl=g-rabenseifner-subgroup-2
13: Starting numprocs=16 N=7000, M=7000 impl=g-rabenseifner-subgroup-2
14: Starting numprocs=16 N=7000, M=7000 impl=g-rabenseifner-subgroup-2
4: Starting numprocs=16 N=7000, M=7000 impl=g-rabenseifner-subgroup-2
6: Starting numprocs=16 N=7000, M=7000 impl=g-rabenseifner-subgroup-2
15: Starting numprocs=16 N=7000, M=7000 impl=g-rabenseifner-subgroup-2
10: Starting numprocs=16 N=7000, M=7000 impl=g-rabenseifner-subgroup-2
12: Starting numprocs=16 N=7000, M=7000 impl=g-rabenseifner-subgroup-2
0: Starting numprocs=16 N=7000, M=7000 impl=g-rabenseifner-subgroup-2
Iteration 0
11: Starting numprocs=16 N=7000, M=7000 impl=g-rabenseifner-subgroup-2
9: Starting numprocs=16 N=7000, M=7000 impl=g-rabenseifner-subgroup-2
5: Starting numprocs=16 N=7000, M=7000 impl=g-rabenseifner-subgroup-2
3: Starting numprocs=16 N=7000, M=7000 impl=g-rabenseifner-subgroup-2
time: 11.266755s
Iteration 1
time: 0.367434s
Iteration 2
time: 0.367572s
Iteration 3
time: 0.366024s
Iteration 4
time: 0.368568s
Iteration 5
time: 0.468591s
Iteration 6
time: 0.367804s
Iteration 7
time: 0.370815s
Iteration 8
time: 0.384720s
Iteration 9
time: 0.364619s
Iteration 10
time: 2.555690s
Iteration 11
time: 0.370154s
Iteration 12
time: 0.366252s
Iteration 13
time: 0.365294s
Iteration 14
time: 0.366198s
Iteration 15
time: 4.705345s
Iteration 16
time: 0.364822s
Iteration 17
time: 0.372575s
Iteration 18
time: 0.368460s
Iteration 19
time: 0.368321s
Iteration 20
time: 0.368697s
Iteration 21
time: 0.373402s
Iteration 22
time: 0.368968s
Iteration 23
time: 0.371676s
Iteration 24
time: 0.370706s
7: Starting numprocs=16 N=7000, M=7000 impl=g-rabenseifner-subgroup-4
15: Starting numprocs=16 N=7000, M=7000 impl=g-rabenseifner-subgroup-4
8: Starting numprocs=16 N=7000, M=7000 impl=g-rabenseifner-subgroup-4
3: Starting numprocs=16 N=7000, M=7000 impl=g-rabenseifner-subgroup-4
5: Starting numprocs=16 N=7000, M=7000 impl=g-rabenseifner-subgroup-4
2: Starting numprocs=16 N=7000, M=7000 impl=g-rabenseifner-subgroup-4
10: Starting numprocs=16 N=7000, M=7000 impl=g-rabenseifner-subgroup-4
4: Starting numprocs=16 N=7000, M=7000 impl=g-rabenseifner-subgroup-4
13: Starting numprocs=16 N=7000, M=7000 impl=g-rabenseifner-subgroup-4
1: Starting numprocs=16 N=7000, M=7000 impl=g-rabenseifner-subgroup-4
12: Starting numprocs=16 N=7000, M=7000 impl=g-rabenseifner-subgroup-4
6: Starting numprocs=16 N=7000, M=7000 impl=g-rabenseifner-subgroup-4
0: Starting numprocs=16 N=7000, M=7000 impl=g-rabenseifner-subgroup-4
Iteration 0
14: Starting numprocs=16 N=7000, M=7000 impl=g-rabenseifner-subgroup-4
9: Starting numprocs=16 N=7000, M=7000 impl=g-rabenseifner-subgroup-4
11: Starting numprocs=16 N=7000, M=7000 impl=g-rabenseifner-subgroup-4
time: 0.461167s
Iteration 1
time: 0.400011s
Iteration 2
time: 0.408407s
Iteration 3
time: 0.404960s
Iteration 4
time: 0.399910s
Iteration 5
time: 0.396675s
Iteration 6
time: 0.407519s
Iteration 7
time: 0.402645s
Iteration 8
time: 0.400262s
Iteration 9
time: 0.407900s
Iteration 10
time: 0.402087s
Iteration 11
time: 0.402925s
Iteration 12
time: 0.408705s
Iteration 13
time: 0.400176s
Iteration 14
time: 0.400561s
Iteration 15
time: 0.431737s
Iteration 16
time: 0.408042s
Iteration 17
time: 0.399560s
Iteration 18
time: 0.400528s
Iteration 19
time: 0.399287s
Iteration 20
time: 0.404247s
Iteration 21
time: 0.400475s
Iteration 22
time: 0.401109s
Iteration 23
time: 0.402358s
Iteration 24
time: 0.401652s
7: Starting numprocs=16 N=7000, M=7000 impl=g-rabenseifner-subgroup-8
15: Starting numprocs=16 N=7000, M=7000 impl=g-rabenseifner-subgroup-8
8: Starting numprocs=16 N=7000, M=7000 impl=g-rabenseifner-subgroup-8
2: Starting numprocs=16 N=7000, M=7000 impl=g-rabenseifner-subgroup-8
5: Starting numprocs=16 N=7000, M=7000 impl=g-rabenseifner-subgroup-8
10: Starting numprocs=16 N=7000, M=7000 impl=g-rabenseifner-subgroup-8
3: Starting numprocs=16 N=7000, M=7000 impl=g-rabenseifner-subgroup-8
1: Starting numprocs=16 N=7000, M=7000 impl=g-rabenseifner-subgroup-8
13: Starting numprocs=16 N=7000, M=7000 impl=g-rabenseifner-subgroup-8
0: Starting numprocs=16 N=7000, M=7000 impl=g-rabenseifner-subgroup-8
Iteration 0
6: Starting numprocs=16 N=7000, M=7000 impl=g-rabenseifner-subgroup-8
14: Starting numprocs=16 N=7000, M=7000 impl=g-rabenseifner-subgroup-8
4: Starting numprocs=16 N=7000, M=7000 impl=g-rabenseifner-subgroup-8
12: Starting numprocs=16 N=7000, M=7000 impl=g-rabenseifner-subgroup-8
11: Starting numprocs=16 N=7000, M=7000 impl=g-rabenseifner-subgroup-8
9: Starting numprocs=16 N=7000, M=7000 impl=g-rabenseifner-subgroup-8
time: 0.498970s
Iteration 1
time: 0.453432s
Iteration 2
time: 0.452926s
Iteration 3
time: 0.460965s
Iteration 4
time: 0.455295s
Iteration 5
time: 0.455234s
Iteration 6
time: 0.467838s
Iteration 7
time: 0.464796s
Iteration 8
time: 0.460005s
Iteration 9
time: 0.455662s
Iteration 10
time: 0.457396s
Iteration 11
time: 0.459007s
Iteration 12
time: 0.473713s
Iteration 13
time: 0.458047s
Iteration 14
time: 0.456252s
Iteration 15
time: 0.458900s
Iteration 16
time: 0.462373s
Iteration 17
time: 0.463401s
Iteration 18
time: 0.458052s
Iteration 19
time: 0.455523s
Iteration 20
time: 0.454765s
Iteration 21
time: 0.463042s
Iteration 22
time: 0.465012s
Iteration 23
time: 0.456401s
Iteration 24
time: 0.452104s
7: Starting numprocs=16 N=8000, M=8000 impl=allgather
5: Starting numprocs=16 N=8000, M=8000 impl=allgather
8: Starting numprocs=16 N=8000, M=8000 impl=allgather
10: Starting numprocs=16 N=8000, M=8000 impl=allgather
15: Starting numprocs=16 N=8000, M=8000 impl=allgather
1: Starting numprocs=16 N=8000, M=8000 impl=allgather
2: Starting numprocs=16 N=8000, M=8000 impl=allgather
3: Starting numprocs=16 N=8000, M=8000 impl=allgather
13: Starting numprocs=16 N=8000, M=8000 impl=allgather
14: Starting numprocs=16 N=8000, M=8000 impl=allgather
0: Starting numprocs=16 N=8000, M=8000 impl=allgather
Iteration 0
4: Starting numprocs=16 N=8000, M=8000 impl=allgather
6: Starting numprocs=16 N=8000, M=8000 impl=allgather
9: Starting numprocs=16 N=8000, M=8000 impl=allgather
11: Starting numprocs=16 N=8000, M=8000 impl=allgather
12: Starting numprocs=16 N=8000, M=8000 impl=allgather
time: 1.131790s
Iteration 1
time: 1.119911s
Iteration 2
time: 1.126116s
Iteration 3
time: 1.206824s
Iteration 4
time: 1.139480s
Iteration 5
time: 1.197097s
Iteration 6
time: 1.143711s
Iteration 7
time: 1.225304s
Iteration 8
time: 1.138401s
Iteration 9
time: 1.158248s
Iteration 10
time: 1.127125s
Iteration 11
time: 1.193314s
Iteration 12
time: 1.113695s
Iteration 13
time: 1.376600s
Iteration 14
time: 1.231958s
Iteration 15
time: 1.182281s
Iteration 16
time: 1.122912s
Iteration 17
time: 1.199631s
Iteration 18
time: 1.237236s
Iteration 19
time: 1.134088s
Iteration 20
time: 1.178008s
Iteration 21
time: 1.139287s
Iteration 22
time: 1.199283s
Iteration 23
time: 1.148734s
Iteration 24
time: 1.177624s
7: Starting numprocs=16 N=8000, M=8000 impl=allreduce
8: Starting numprocs=16 N=8000, M=8000 impl=allreduce
1: Starting numprocs=16 N=8000, M=8000 impl=allreduce
10: Starting numprocs=16 N=8000, M=8000 impl=allreduce
15: Starting numprocs=16 N=8000, M=8000 impl=allreduce
5: Starting numprocs=16 N=8000, M=8000 impl=allreduce
3: Starting numprocs=16 N=8000, M=8000 impl=allreduce
2: Starting numprocs=16 N=8000, M=8000 impl=allreduce
0: Starting numprocs=16 N=8000, M=8000 impl=allreduce
Iteration 0
13: Starting numprocs=16 N=8000, M=8000 impl=allreduce
14: Starting numprocs=16 N=8000, M=8000 impl=allreduce
12: Starting numprocs=16 N=8000, M=8000 impl=allreduce
6: Starting numprocs=16 N=8000, M=8000 impl=allreduce
9: Starting numprocs=16 N=8000, M=8000 impl=allreduce
4: Starting numprocs=16 N=8000, M=8000 impl=allreduce
11: Starting numprocs=16 N=8000, M=8000 impl=allreduce
time: 1.551716s
Iteration 1
time: 1.385124s
Iteration 2
time: 1.380245s
Iteration 3
time: 5.345223s
Iteration 4
time: 1.367500s
Iteration 5
time: 1.407708s
Iteration 6
time: 1.375913s
Iteration 7
time: 1.480740s
Iteration 8
time: 3.327693s
Iteration 9
time: 1.376102s
Iteration 10
time: 1.411430s
Iteration 11
time: 1.403891s
Iteration 12
time: 2.599233s
Iteration 13
time: 1.404214s
Iteration 14
time: 1.382877s
Iteration 15
time: 1.392583s
Iteration 16
time: 1.388962s
Iteration 17
time: 1.377395s
Iteration 18
time: 2.662418s
Iteration 19
time: 1.425191s
Iteration 20
time: 1.508430s
Iteration 21
time: 3.569161s
Iteration 22
time: 1.410884s
Iteration 23
time: 3.455350s
Iteration 24
time: 5.096242s
7: Starting numprocs=16 N=8000, M=8000 impl=allreduce-ring
8: Starting numprocs=16 N=8000, M=8000 impl=allreduce-ring
15: Starting numprocs=16 N=8000, M=8000 impl=allreduce-ring
1: Starting numprocs=16 N=8000, M=8000 impl=allreduce-ring
2: Starting numprocs=16 N=8000, M=8000 impl=allreduce-ring
10: Starting numprocs=16 N=8000, M=8000 impl=allreduce-ring
0: Starting numprocs=16 N=8000, M=8000 impl=allreduce-ring
Iteration 0
13: Starting numprocs=16 N=8000, M=8000 impl=allreduce-ring
4: Starting numprocs=16 N=8000, M=8000 impl=allreduce-ring
14: Starting numprocs=16 N=8000, M=8000 impl=allreduce-ring
3: Starting numprocs=16 N=8000, M=8000 impl=allreduce-ring
6: Starting numprocs=16 N=8000, M=8000 impl=allreduce-ring
9: Starting numprocs=16 N=8000, M=8000 impl=allreduce-ring
11: Starting numprocs=16 N=8000, M=8000 impl=allreduce-ring
12: Starting numprocs=16 N=8000, M=8000 impl=allreduce-ring
5: Starting numprocs=16 N=8000, M=8000 impl=allreduce-ring
time: 1.022849s
Iteration 1
time: 0.971756s
Iteration 2
time: 0.956712s
Iteration 3
time: 0.957977s
Iteration 4
time: 0.947095s
Iteration 5
time: 0.965225s
Iteration 6
time: 0.964408s
Iteration 7
time: 0.957109s
Iteration 8
time: 0.975986s
Iteration 9
time: 0.979103s
Iteration 10
time: 2.542763s
Iteration 11
time: 0.972483s
Iteration 12
time: 3.059699s
Iteration 13
time: 0.972835s
Iteration 14
time: 0.956696s
Iteration 15
time: 0.969013s
Iteration 16
time: 0.953680s
Iteration 17
time: 3.133341s
Iteration 18
time: 0.968010s
Iteration 19
time: 3.117097s
Iteration 20
time: 0.944657s
Iteration 21
time: 0.955584s
Iteration 22
time: 0.959699s
Iteration 23
time: 0.961854s
Iteration 24
time: 3.121028s
7: Starting numprocs=16 N=8000, M=8000 impl=g-rabenseifner-allgather
2: Starting numprocs=16 N=8000, M=8000 impl=g-rabenseifner-allgather
15: Starting numprocs=16 N=8000, M=8000 impl=g-rabenseifner-allgather
8: Starting numprocs=16 N=8000, M=8000 impl=g-rabenseifner-allgather
10: Starting numprocs=16 N=8000, M=8000 impl=g-rabenseifner-allgather
0: Starting numprocs=16 N=8000, M=8000 impl=g-rabenseifner-allgather
Iteration 0
3: Starting numprocs=16 N=8000, M=8000 impl=g-rabenseifner-allgather
6: Starting numprocs=16 N=8000, M=8000 impl=g-rabenseifner-allgather
5: Starting numprocs=16 N=8000, M=8000 impl=g-rabenseifner-allgather
1: Starting numprocs=16 N=8000, M=8000 impl=g-rabenseifner-allgather
13: Starting numprocs=16 N=8000, M=8000 impl=g-rabenseifner-allgather
4: Starting numprocs=16 N=8000, M=8000 impl=g-rabenseifner-allgather
14: Starting numprocs=16 N=8000, M=8000 impl=g-rabenseifner-allgather
12: Starting numprocs=16 N=8000, M=8000 impl=g-rabenseifner-allgather
9: Starting numprocs=16 N=8000, M=8000 impl=g-rabenseifner-allgather
11: Starting numprocs=16 N=8000, M=8000 impl=g-rabenseifner-allgather
time: 0.524180s
Iteration 1
time: 0.459066s
Iteration 2
time: 0.455442s
Iteration 3
time: 0.456458s
Iteration 4
time: 4.635561s
Iteration 5
time: 0.456401s
Iteration 6
time: 0.456870s
Iteration 7
time: 0.464949s
Iteration 8
time: 0.460434s
Iteration 9
time: 0.456432s
Iteration 10
time: 0.456001s
Iteration 11
time: 0.458791s
Iteration 12
time: 1.869637s
Iteration 13
time: 0.456830s
Iteration 14
time: 0.456351s
Iteration 15
time: 0.456808s
Iteration 16
time: 0.456858s
Iteration 17
time: 1.788296s
Iteration 18
time: 0.464680s
Iteration 19
time: 0.455750s
Iteration 20
time: 0.456310s
Iteration 21
time: 0.455179s
Iteration 22
time: 2.609235s
Iteration 23
time: 0.455484s
Iteration 24
time: 0.455914s
8: Starting numprocs=16 N=8000, M=8000 impl=g-rabenseifner-subgroup-2
15: Starting numprocs=16 N=8000, M=8000 impl=g-rabenseifner-subgroup-2
7: Starting numprocs=16 N=8000, M=8000 impl=g-rabenseifner-subgroup-2
3: Starting numprocs=16 N=8000, M=8000 impl=g-rabenseifner-subgroup-2
10: Starting numprocs=16 N=8000, M=8000 impl=g-rabenseifner-subgroup-2
1: Starting numprocs=16 N=8000, M=8000 impl=g-rabenseifner-subgroup-2
14: Starting numprocs=16 N=8000, M=8000 impl=g-rabenseifner-subgroup-2
13: Starting numprocs=16 N=8000, M=8000 impl=g-rabenseifner-subgroup-2
4: Starting numprocs=16 N=8000, M=8000 impl=g-rabenseifner-subgroup-2
2: Starting numprocs=16 N=8000, M=8000 impl=g-rabenseifner-subgroup-2
5: Starting numprocs=16 N=8000, M=8000 impl=g-rabenseifner-subgroup-2
6: Starting numprocs=16 N=8000, M=8000 impl=g-rabenseifner-subgroup-2
0: Starting numprocs=16 N=8000, M=8000 impl=g-rabenseifner-subgroup-2
Iteration 0
12: Starting numprocs=16 N=8000, M=8000 impl=g-rabenseifner-subgroup-2
11: Starting numprocs=16 N=8000, M=8000 impl=g-rabenseifner-subgroup-2
9: Starting numprocs=16 N=8000, M=8000 impl=g-rabenseifner-subgroup-2
time: 0.561417s
Iteration 1
time: 0.484351s
Iteration 2
time: 0.476425s
Iteration 3
time: 0.480083s
Iteration 4
time: 0.477874s
Iteration 5
time: 0.478798s
Iteration 6
time: 0.494151s
Iteration 7
time: 0.494586s
Iteration 8
time: 0.491014s
Iteration 9
time: 0.490267s
Iteration 10
time: 13.194166s
Iteration 11
time: 0.492099s
Iteration 12
time: 0.489055s
Iteration 13
time: 0.490289s
Iteration 14
time: 6.524973s
Iteration 15
time: 9.128658s
Iteration 16
time: 0.491935s
Iteration 17
time: 0.492306s
Iteration 18
time: 0.491200s
Iteration 19
time: 6.978127s
Iteration 20
time: 0.493004s
Iteration 21
time: 0.492593s
Iteration 22
time: 0.492134s
Iteration 23
time: 0.493547s
Iteration 24
time: 1.914235s
7: Starting numprocs=16 N=8000, M=8000 impl=g-rabenseifner-subgroup-4
2: Starting numprocs=16 N=8000, M=8000 impl=g-rabenseifner-subgroup-4
5: Starting numprocs=16 N=8000, M=8000 impl=g-rabenseifner-subgroup-4
15: Starting numprocs=16 N=8000, M=8000 impl=g-rabenseifner-subgroup-4
8: Starting numprocs=16 N=8000, M=8000 impl=g-rabenseifner-subgroup-4
10: Starting numprocs=16 N=8000, M=8000 impl=g-rabenseifner-subgroup-4
12: Starting numprocs=16 N=8000, M=8000 impl=g-rabenseifner-subgroup-4
0: Starting numprocs=16 N=8000, M=8000 impl=g-rabenseifner-subgroup-4
Iteration 0
13: Starting numprocs=16 N=8000, M=8000 impl=g-rabenseifner-subgroup-4
14: Starting numprocs=16 N=8000, M=8000 impl=g-rabenseifner-subgroup-4
4: Starting numprocs=16 N=8000, M=8000 impl=g-rabenseifner-subgroup-4
6: Starting numprocs=16 N=8000, M=8000 impl=g-rabenseifner-subgroup-4
1: Starting numprocs=16 N=8000, M=8000 impl=g-rabenseifner-subgroup-4
9: Starting numprocs=16 N=8000, M=8000 impl=g-rabenseifner-subgroup-4
3: Starting numprocs=16 N=8000, M=8000 impl=g-rabenseifner-subgroup-4
11: Starting numprocs=16 N=8000, M=8000 impl=g-rabenseifner-subgroup-4
time: 0.626389s
Iteration 1
time: 0.542896s
Iteration 2
time: 0.526601s
Iteration 3
time: 0.527020s
Iteration 4
time: 0.521365s
Iteration 5
time: 0.528188s
Iteration 6
time: 0.529352s
Iteration 7
time: 0.521236s
Iteration 8
time: 0.529176s
Iteration 9
time: 0.529231s
Iteration 10
time: 0.523598s
Iteration 11
time: 0.525115s
Iteration 12
time: 0.521173s
Iteration 13
time: 0.529824s
Iteration 14
time: 0.526260s
Iteration 15
time: 0.527849s
Iteration 16
time: 0.524145s
Iteration 17
time: 0.526752s
Iteration 18
time: 0.528726s
Iteration 19
time: 0.521677s
Iteration 20
time: 0.524592s
Iteration 21
time: 0.520858s
Iteration 22
time: 0.521283s
Iteration 23
time: 0.525542s
Iteration 24
time: 0.524031s
7: Starting numprocs=16 N=8000, M=8000 impl=g-rabenseifner-subgroup-8
15: Starting numprocs=16 N=8000, M=8000 impl=g-rabenseifner-subgroup-8
8: Starting numprocs=16 N=8000, M=8000 impl=g-rabenseifner-subgroup-8
0: Starting numprocs=16 N=8000, M=8000 impl=g-rabenseifner-subgroup-8
Iteration 0
5: Starting numprocs=16 N=8000, M=8000 impl=g-rabenseifner-subgroup-8
4: Starting numprocs=16 N=8000, M=8000 impl=g-rabenseifner-subgroup-8
1: Starting numprocs=16 N=8000, M=8000 impl=g-rabenseifner-subgroup-8
13: Starting numprocs=16 N=8000, M=8000 impl=g-rabenseifner-subgroup-8
2: Starting numprocs=16 N=8000, M=8000 impl=g-rabenseifner-subgroup-8
10: Starting numprocs=16 N=8000, M=8000 impl=g-rabenseifner-subgroup-8
14: Starting numprocs=16 N=8000, M=8000 impl=g-rabenseifner-subgroup-8
6: Starting numprocs=16 N=8000, M=8000 impl=g-rabenseifner-subgroup-8
9: Starting numprocs=16 N=8000, M=8000 impl=g-rabenseifner-subgroup-8
12: Starting numprocs=16 N=8000, M=8000 impl=g-rabenseifner-subgroup-8
3: Starting numprocs=16 N=8000, M=8000 impl=g-rabenseifner-subgroup-8
11: Starting numprocs=16 N=8000, M=8000 impl=g-rabenseifner-subgroup-8
time: 0.712002s
Iteration 1
time: 0.613597s
Iteration 2
time: 0.597505s
Iteration 3
time: 0.600975s
Iteration 4
time: 0.608447s
Iteration 5
time: 0.599457s
Iteration 6
time: 0.614619s
Iteration 7
time: 0.614190s
Iteration 8
time: 0.602250s
Iteration 9
time: 9.281311s
Iteration 10
time: 0.609606s
Iteration 11
time: 0.602446s
Iteration 12
time: 2.775445s
Iteration 13
time: 0.610563s
Iteration 14
time: 0.602092s
Iteration 15
time: 0.617188s
Iteration 16
time: 0.613454s
Iteration 17
time: 0.602547s
Iteration 18
time: 0.596698s
Iteration 19
time: 0.601502s
Iteration 20
time: 0.601833s
Iteration 21
time: 0.601897s
Iteration 22
time: 0.609822s
Iteration 23
time: 0.600569s
Iteration 24
time: 0.601523s
