0: Starting numprocs=8 N=1000, M=1000 impl=allgather
Iteration 0
1: Starting numprocs=8 N=1000, M=1000 impl=allgather
3: Starting numprocs=8 N=1000, M=1000 impl=allgather
5: Starting numprocs=8 N=1000, M=1000 impl=allgather
4: Starting numprocs=8 N=1000, M=1000 impl=allgather
7: Starting numprocs=8 N=1000, M=1000 impl=allgather
2: Starting numprocs=8 N=1000, M=1000 impl=allgather
6: Starting numprocs=8 N=1000, M=1000 impl=allgather
time: 0.016475s
Iteration 1
time: 0.007021s
Iteration 2
time: 0.007002s
Iteration 3
time: 0.006941s
Iteration 4
time: 0.006973s
Iteration 5
time: 0.006974s
Iteration 6
time: 0.006971s
Iteration 7
time: 0.007003s
Iteration 8
time: 0.006943s
Iteration 9
time: 0.006959s
Iteration 10
time: 0.006963s
Iteration 11
time: 0.006928s
Iteration 12
time: 0.006938s
Iteration 13
time: 0.007004s
Iteration 14
time: 0.006995s
Iteration 15
time: 0.006954s
Iteration 16
time: 0.006972s
Iteration 17
time: 0.006935s
Iteration 18
time: 0.006939s
Iteration 19
time: 0.006969s
Iteration 20
time: 0.007460s
Iteration 21
time: 0.006964s
Iteration 22
time: 0.006949s
Iteration 23
time: 0.006974s
Iteration 24
time: 0.006981s
0: Starting numprocs=8 N=1000, M=1000 impl=allreduce
Iteration 0
1: Starting numprocs=8 N=1000, M=1000 impl=allreduce
5: Starting numprocs=8 N=1000, M=1000 impl=allreduce
3: Starting numprocs=8 N=1000, M=1000 impl=allreduce
4: Starting numprocs=8 N=1000, M=1000 impl=allreduce
7: Starting numprocs=8 N=1000, M=1000 impl=allreduce
2: Starting numprocs=8 N=1000, M=1000 impl=allreduce
6: Starting numprocs=8 N=1000, M=1000 impl=allreduce
time: 0.032240s
Iteration 1
time: 0.020942s
Iteration 2
time: 0.015526s
Iteration 3
time: 0.015140s
Iteration 4
time: 0.015215s
Iteration 5
time: 0.015351s
Iteration 6
time: 0.015087s
Iteration 7
time: 0.015230s
Iteration 8
time: 0.015087s
Iteration 9
time: 0.015172s
Iteration 10
time: 0.015227s
Iteration 11
time: 0.015946s
Iteration 12
time: 0.014956s
Iteration 13
time: 0.015445s
Iteration 14
time: 0.015737s
Iteration 15
time: 0.015892s
Iteration 16
time: 0.015593s
Iteration 17
time: 0.015939s
Iteration 18
time: 0.016401s
Iteration 19
time: 0.015931s
Iteration 20
time: 0.015679s
Iteration 21
time: 0.016218s
Iteration 22
time: 0.015685s
Iteration 23
time: 0.015321s
Iteration 24
time: 0.015595s
0: Starting numprocs=8 N=1000, M=1000 impl=allreduce-ring
Iteration 0
5: Starting numprocs=8 N=1000, M=1000 impl=allreduce-ring
3: Starting numprocs=8 N=1000, M=1000 impl=allreduce-ring
1: Starting numprocs=8 N=1000, M=1000 impl=allreduce-ring
4: Starting numprocs=8 N=1000, M=1000 impl=allreduce-ring
2: Starting numprocs=8 N=1000, M=1000 impl=allreduce-ring
7: Starting numprocs=8 N=1000, M=1000 impl=allreduce-ring
6: Starting numprocs=8 N=1000, M=1000 impl=allreduce-ring
time: 0.029951s
Iteration 1
time: 0.014282s
Iteration 2
time: 0.013914s
Iteration 3
time: 0.013702s
Iteration 4
time: 0.013855s
Iteration 5
time: 0.013778s
Iteration 6
time: 0.014356s
Iteration 7
time: 0.014084s
Iteration 8
time: 0.014658s
Iteration 9
time: 0.013972s
Iteration 10
time: 0.013832s
Iteration 11
time: 0.014089s
Iteration 12
time: 0.013971s
Iteration 13
time: 0.014342s
Iteration 14
time: 0.013932s
Iteration 15
time: 0.013974s
Iteration 16
time: 0.013736s
Iteration 17
time: 0.013943s
Iteration 18
time: 0.013911s
Iteration 19
time: 0.013976s
Iteration 20
time: 0.013969s
Iteration 21
time: 0.014018s
Iteration 22
time: 0.013727s
Iteration 23
time: 0.014168s
Iteration 24
time: 0.013885s
1: Starting numprocs=8 N=1000, M=1000 impl=g-rabenseifner-allgather
0: Starting numprocs=8 N=1000, M=1000 impl=g-rabenseifner-allgather
Iteration 0
5: Starting numprocs=8 N=1000, M=1000 impl=g-rabenseifner-allgather
4: Starting numprocs=8 N=1000, M=1000 impl=g-rabenseifner-allgather
3: Starting numprocs=8 N=1000, M=1000 impl=g-rabenseifner-allgather
2: Starting numprocs=8 N=1000, M=1000 impl=g-rabenseifner-allgather
7: Starting numprocs=8 N=1000, M=1000 impl=g-rabenseifner-allgather
6: Starting numprocs=8 N=1000, M=1000 impl=g-rabenseifner-allgather
time: 0.018502s
Iteration 1
time: 0.007017s
Iteration 2
time: 0.007022s
Iteration 3
time: 0.006999s
Iteration 4
time: 0.007053s
Iteration 5
time: 0.007115s
Iteration 6
time: 0.006972s
Iteration 7
time: 0.007132s
Iteration 8
time: 0.007220s
Iteration 9
time: 0.007573s
Iteration 10
time: 0.006991s
Iteration 11
time: 0.007359s
Iteration 12
time: 0.007031s
Iteration 13
time: 0.006991s
Iteration 14
time: 0.007529s
Iteration 15
time: 0.007031s
Iteration 16
time: 0.007048s
Iteration 17
time: 0.007039s
Iteration 18
time: 0.007000s
Iteration 19
time: 0.007519s
Iteration 20
time: 0.006998s
Iteration 21
time: 0.006993s
Iteration 22
time: 0.006975s
Iteration 23
time: 0.007016s
Iteration 24
time: 0.006984s
0: Starting numprocs=8 N=1000, M=1000 impl=g-rabenseifner-subgroup-2
Iteration 0
1: Starting numprocs=8 N=1000, M=1000 impl=g-rabenseifner-subgroup-2
3: Starting numprocs=8 N=1000, M=1000 impl=g-rabenseifner-subgroup-2
5: Starting numprocs=8 N=1000, M=1000 impl=g-rabenseifner-subgroup-2
4: Starting numprocs=8 N=1000, M=1000 impl=g-rabenseifner-subgroup-2
7: Starting numprocs=8 N=1000, M=1000 impl=g-rabenseifner-subgroup-2
2: Starting numprocs=8 N=1000, M=1000 impl=g-rabenseifner-subgroup-2
6: Starting numprocs=8 N=1000, M=1000 impl=g-rabenseifner-subgroup-2
time: 0.030474s
Iteration 1
time: 0.008009s
Iteration 2
time: 0.007147s
Iteration 3
time: 0.007164s
Iteration 4
time: 0.007132s
Iteration 5
time: 0.007134s
Iteration 6
time: 0.007137s
Iteration 7
time: 0.007137s
Iteration 8
time: 0.007151s
Iteration 9
time: 0.007110s
Iteration 10
time: 0.007593s
Iteration 11
time: 0.007120s
Iteration 12
time: 0.007450s
Iteration 13
time: 0.007147s
Iteration 14
time: 0.007082s
Iteration 15
time: 0.007076s
Iteration 16
time: 0.007079s
Iteration 17
time: 0.007156s
Iteration 18
time: 0.007091s
Iteration 19
time: 0.007085s
Iteration 20
time: 0.007108s
Iteration 21
time: 0.007103s
Iteration 22
time: 0.007082s
Iteration 23
time: 0.007071s
Iteration 24
time: 0.007127s
0: Starting numprocs=8 N=1000, M=1000 impl=g-rabenseifner-subgroup-4
Iteration 0
1: Starting numprocs=8 N=1000, M=1000 impl=g-rabenseifner-subgroup-4
5: Starting numprocs=8 N=1000, M=1000 impl=g-rabenseifner-subgroup-4
2: Starting numprocs=8 N=1000, M=1000 impl=g-rabenseifner-subgroup-4
6: Starting numprocs=8 N=1000, M=1000 impl=g-rabenseifner-subgroup-4
3: Starting numprocs=8 N=1000, M=1000 impl=g-rabenseifner-subgroup-4
4: Starting numprocs=8 N=1000, M=1000 impl=g-rabenseifner-subgroup-4
7: Starting numprocs=8 N=1000, M=1000 impl=g-rabenseifner-subgroup-4
time: 0.016661s
Iteration 1
time: 0.007200s
Iteration 2
time: 0.007133s
Iteration 3
time: 0.007151s
Iteration 4
time: 0.007157s
Iteration 5
time: 0.007102s
Iteration 6
time: 0.007084s
Iteration 7
time: 0.007041s
Iteration 8
time: 0.007533s
Iteration 9
time: 0.007032s
Iteration 10
time: 0.007013s
Iteration 11
time: 0.007021s
Iteration 12
time: 0.007546s
Iteration 13
time: 0.007030s
Iteration 14
time: 0.007054s
Iteration 15
time: 0.007125s
Iteration 16
time: 0.007128s
Iteration 17
time: 0.007123s
Iteration 18
time: 0.007140s
Iteration 19
time: 0.007180s
Iteration 20
time: 0.007216s
Iteration 21
time: 0.007210s
Iteration 22
time: 0.007187s
Iteration 23
time: 0.007158s
Iteration 24
time: 0.007224s
0: Starting numprocs=8 N=1000, M=1000 impl=g-rabenseifner-subgroup-8
Iteration 0
3: Starting numprocs=8 N=1000, M=1000 impl=g-rabenseifner-subgroup-8
1: Starting numprocs=8 N=1000, M=1000 impl=g-rabenseifner-subgroup-8
5: Starting numprocs=8 N=1000, M=1000 impl=g-rabenseifner-subgroup-8
2: Starting numprocs=8 N=1000, M=1000 impl=g-rabenseifner-subgroup-8
4: Starting numprocs=8 N=1000, M=1000 impl=g-rabenseifner-subgroup-8
7: Starting numprocs=8 N=1000, M=1000 impl=g-rabenseifner-subgroup-8
6: Starting numprocs=8 N=1000, M=1000 impl=g-rabenseifner-subgroup-8
time: 0.015022s
Iteration 1
time: 0.006473s
Iteration 2
time: 0.006471s
Iteration 3
time: 0.006412s
Iteration 4
time: 0.006462s
Iteration 5
time: 0.006425s
Iteration 6
time: 0.006436s
Iteration 7
time: 0.006438s
Iteration 8
time: 0.006460s
Iteration 9
time: 0.006429s
Iteration 10
time: 0.006436s
Iteration 11
time: 0.006440s
Iteration 12
time: 0.006425s
Iteration 13
time: 0.006455s
Iteration 14
time: 0.006489s
Iteration 15
time: 0.006446s
Iteration 16
time: 0.006929s
Iteration 17
time: 0.006403s
Iteration 18
time: 0.006457s
Iteration 19
time: 0.006458s
Iteration 20
time: 0.006445s
Iteration 21
time: 0.006433s
Iteration 22
time: 0.006426s
Iteration 23
time: 0.007436s
Iteration 24
time: 0.006448s
4: Starting numprocs=8 N=2000, M=2000 impl=allgather
0: Starting numprocs=8 N=2000, M=2000 impl=allgather
Iteration 0
5: Starting numprocs=8 N=2000, M=2000 impl=allgather
1: Starting numprocs=8 N=2000, M=2000 impl=allgather
3: Starting numprocs=8 N=2000, M=2000 impl=allgather
2: Starting numprocs=8 N=2000, M=2000 impl=allgather
6: Starting numprocs=8 N=2000, M=2000 impl=allgather
7: Starting numprocs=8 N=2000, M=2000 impl=allgather
time: 0.038199s
Iteration 1
time: 0.027450s
Iteration 2
time: 0.027471s
Iteration 3
time: 0.027439s
Iteration 4
time: 0.027922s
Iteration 5
time: 0.027380s
Iteration 6
time: 0.027882s
Iteration 7
time: 0.027559s
Iteration 8
time: 0.027425s
Iteration 9
time: 0.027536s
Iteration 10
time: 0.027379s
Iteration 11
time: 0.027872s
Iteration 12
time: 0.027411s
Iteration 13
time: 0.027377s
Iteration 14
time: 0.027381s
Iteration 15
time: 0.027855s
Iteration 16
time: 0.027368s
Iteration 17
time: 0.027448s
Iteration 18
time: 0.027406s
Iteration 19
time: 0.027887s
Iteration 20
time: 0.027447s
Iteration 21
time: 0.027435s
Iteration 22
time: 0.027926s
Iteration 23
time: 0.027493s
Iteration 24
time: 0.027425s
0: Starting numprocs=8 N=2000, M=2000 impl=allreduce
Iteration 0
5: Starting numprocs=8 N=2000, M=2000 impl=allreduce
3: Starting numprocs=8 N=2000, M=2000 impl=allreduce
1: Starting numprocs=8 N=2000, M=2000 impl=allreduce
6: Starting numprocs=8 N=2000, M=2000 impl=allreduce
4: Starting numprocs=8 N=2000, M=2000 impl=allreduce
7: Starting numprocs=8 N=2000, M=2000 impl=allreduce
2: Starting numprocs=8 N=2000, M=2000 impl=allreduce
time: 0.096370s
Iteration 1
time: 0.083523s
Iteration 2
time: 0.070708s
Iteration 3
time: 0.062186s
Iteration 4
time: 0.064170s
Iteration 5
time: 0.062689s
Iteration 6
time: 0.062467s
Iteration 7
time: 0.066084s
Iteration 8
time: 0.061777s
Iteration 9
time: 0.063053s
Iteration 10
time: 0.061004s
Iteration 11
time: 0.061039s
Iteration 12
time: 0.064822s
Iteration 13
time: 0.062886s
Iteration 14
time: 0.064837s
Iteration 15
time: 0.065543s
Iteration 16
time: 0.062786s
Iteration 17
time: 0.065419s
Iteration 18
time: 0.061981s
Iteration 19
time: 0.064015s
Iteration 20
time: 0.061885s
Iteration 21
time: 0.061101s
Iteration 22
time: 0.061414s
Iteration 23
time: 0.060883s
Iteration 24
time: 0.061888s
0: Starting numprocs=8 N=2000, M=2000 impl=allreduce-ring
Iteration 0
1: Starting numprocs=8 N=2000, M=2000 impl=allreduce-ring
5: Starting numprocs=8 N=2000, M=2000 impl=allreduce-ring
3: Starting numprocs=8 N=2000, M=2000 impl=allreduce-ring
4: Starting numprocs=8 N=2000, M=2000 impl=allreduce-ring
2: Starting numprocs=8 N=2000, M=2000 impl=allreduce-ring
7: Starting numprocs=8 N=2000, M=2000 impl=allreduce-ring
6: Starting numprocs=8 N=2000, M=2000 impl=allreduce-ring
time: 0.066261s
Iteration 1
time: 0.054943s
Iteration 2
time: 0.054122s
Iteration 3
time: 0.053777s
Iteration 4
time: 0.054921s
Iteration 5
time: 0.054578s
Iteration 6
time: 0.053733s
Iteration 7
time: 0.055115s
Iteration 8
time: 0.053572s
Iteration 9
time: 0.054004s
Iteration 10
time: 0.053472s
Iteration 11
time: 0.053711s
Iteration 12
time: 0.054182s
Iteration 13
time: 0.053943s
Iteration 14
time: 0.053855s
Iteration 15
time: 0.056623s
Iteration 16
time: 0.059711s
Iteration 17
time: 0.053825s
Iteration 18
time: 0.053548s
Iteration 19
time: 0.053522s
Iteration 20
time: 0.054145s
Iteration 21
time: 0.053467s
Iteration 22
time: 0.053846s
Iteration 23
time: 0.054085s
Iteration 24
time: 0.053413s
0: Starting numprocs=8 N=2000, M=2000 impl=g-rabenseifner-allgather
Iteration 0
1: Starting numprocs=8 N=2000, M=2000 impl=g-rabenseifner-allgather
4: Starting numprocs=8 N=2000, M=2000 impl=g-rabenseifner-allgather
3: Starting numprocs=8 N=2000, M=2000 impl=g-rabenseifner-allgather
5: Starting numprocs=8 N=2000, M=2000 impl=g-rabenseifner-allgather
2: Starting numprocs=8 N=2000, M=2000 impl=g-rabenseifner-allgather
7: Starting numprocs=8 N=2000, M=2000 impl=g-rabenseifner-allgather
6: Starting numprocs=8 N=2000, M=2000 impl=g-rabenseifner-allgather
time: 0.042178s
Iteration 1
time: 0.027486s
Iteration 2
time: 0.027604s
Iteration 3
time: 0.027506s
Iteration 4
time: 0.027411s
Iteration 5
time: 0.027441s
Iteration 6
time: 0.027426s
Iteration 7
time: 0.027426s
Iteration 8
time: 0.027983s
Iteration 9
time: 0.027420s
Iteration 10
time: 0.027448s
Iteration 11
time: 0.027557s
Iteration 12
time: 0.029818s
Iteration 13
time: 0.027450s
Iteration 14
time: 0.027408s
Iteration 15
time: 0.027326s
Iteration 16
time: 0.027303s
Iteration 17
time: 0.027350s
Iteration 18
time: 0.027498s
Iteration 19
time: 0.027633s
Iteration 20
time: 0.027293s
Iteration 21
time: 0.027426s
Iteration 22
time: 0.027355s
Iteration 23
time: 0.027374s
Iteration 24
time: 0.027798s
3: Starting numprocs=8 N=2000, M=2000 impl=g-rabenseifner-subgroup-2
0: Starting numprocs=8 N=2000, M=2000 impl=g-rabenseifner-subgroup-2
Iteration 0
2: Starting numprocs=8 N=2000, M=2000 impl=g-rabenseifner-subgroup-2
1: Starting numprocs=8 N=2000, M=2000 impl=g-rabenseifner-subgroup-2
5: Starting numprocs=8 N=2000, M=2000 impl=g-rabenseifner-subgroup-2
7: Starting numprocs=8 N=2000, M=2000 impl=g-rabenseifner-subgroup-2
4: Starting numprocs=8 N=2000, M=2000 impl=g-rabenseifner-subgroup-2
6: Starting numprocs=8 N=2000, M=2000 impl=g-rabenseifner-subgroup-2
time: 0.043928s
Iteration 1
time: 0.027490s
Iteration 2
time: 0.027959s
Iteration 3
time: 0.027438s
Iteration 4
time: 0.027394s
Iteration 5
time: 0.027605s
Iteration 6
time: 0.027590s
Iteration 7
time: 0.027830s
Iteration 8
time: 0.027771s
Iteration 9
time: 0.027760s
Iteration 10
time: 0.028620s
Iteration 11
time: 0.028075s
Iteration 12
time: 0.027795s
Iteration 13
time: 0.027659s
Iteration 14
time: 0.027871s
Iteration 15
time: 0.028201s
Iteration 16
time: 0.027904s
Iteration 17
time: 0.028070s
Iteration 18
time: 0.027590s
Iteration 19
time: 0.028019s
Iteration 20
time: 0.027992s
Iteration 21
time: 0.027688s
Iteration 22
time: 0.027608s
Iteration 23
time: 0.027637s
Iteration 24
time: 0.027704s
0: Starting numprocs=8 N=2000, M=2000 impl=g-rabenseifner-subgroup-4
Iteration 0
5: Starting numprocs=8 N=2000, M=2000 impl=g-rabenseifner-subgroup-4
7: Starting numprocs=8 N=2000, M=2000 impl=g-rabenseifner-subgroup-4
6: Starting numprocs=8 N=2000, M=2000 impl=g-rabenseifner-subgroup-4
3: Starting numprocs=8 N=2000, M=2000 impl=g-rabenseifner-subgroup-4
4: Starting numprocs=8 N=2000, M=2000 impl=g-rabenseifner-subgroup-4
1: Starting numprocs=8 N=2000, M=2000 impl=g-rabenseifner-subgroup-4
2: Starting numprocs=8 N=2000, M=2000 impl=g-rabenseifner-subgroup-4
time: 0.038082s
Iteration 1
time: 0.027330s
Iteration 2
time: 0.027153s
Iteration 3
time: 0.027338s
Iteration 4
time: 0.028713s
Iteration 5
time: 0.028536s
Iteration 6
time: 0.031241s
Iteration 7
time: 0.027505s
Iteration 8
time: 0.027489s
Iteration 9
time: 0.027154s
Iteration 10
time: 0.027883s
Iteration 11
time: 0.027671s
Iteration 12
time: 0.027260s
Iteration 13
time: 0.027261s
Iteration 14
time: 0.027268s
Iteration 15
time: 0.027228s
Iteration 16
time: 0.026860s
Iteration 17
time: 0.027185s
Iteration 18
time: 0.027689s
Iteration 19
time: 0.027461s
Iteration 20
time: 0.027833s
Iteration 21
time: 0.027241s
Iteration 22
time: 0.027275s
Iteration 23
time: 0.027244s
Iteration 24
time: 0.027676s
1: Starting numprocs=8 N=2000, M=2000 impl=g-rabenseifner-subgroup-8
0: Starting numprocs=8 N=2000, M=2000 impl=g-rabenseifner-subgroup-8
Iteration 0
3: Starting numprocs=8 N=2000, M=2000 impl=g-rabenseifner-subgroup-8
4: Starting numprocs=8 N=2000, M=2000 impl=g-rabenseifner-subgroup-8
5: Starting numprocs=8 N=2000, M=2000 impl=g-rabenseifner-subgroup-8
7: Starting numprocs=8 N=2000, M=2000 impl=g-rabenseifner-subgroup-8
2: Starting numprocs=8 N=2000, M=2000 impl=g-rabenseifner-subgroup-8
6: Starting numprocs=8 N=2000, M=2000 impl=g-rabenseifner-subgroup-8
time: 0.031858s
Iteration 1
time: 0.026224s
Iteration 2
time: 0.026180s
Iteration 3
time: 0.025643s
Iteration 4
time: 0.025529s
Iteration 5
time: 0.025425s
Iteration 6
time: 0.026064s
Iteration 7
time: 0.025507s
Iteration 8
time: 0.025601s
Iteration 9
time: 0.025871s
Iteration 10
time: 0.026163s
Iteration 11
time: 0.025858s
Iteration 12
time: 0.025535s
Iteration 13
time: 0.025498s
Iteration 14
time: 0.025560s
Iteration 15
time: 0.025799s
Iteration 16
time: 0.025512s
Iteration 17
time: 0.025676s
Iteration 18
time: 0.026017s
Iteration 19
time: 0.025524s
Iteration 20
time: 0.025567s
Iteration 21
time: 0.025561s
Iteration 22
time: 0.026020s
Iteration 23
time: 0.025554s
Iteration 24
time: 0.025602s
5: Starting numprocs=8 N=3000, M=3000 impl=allgather
0: Starting numprocs=8 N=3000, M=3000 impl=allgather
Iteration 0
1: Starting numprocs=8 N=3000, M=3000 impl=allgather
3: Starting numprocs=8 N=3000, M=3000 impl=allgather
4: Starting numprocs=8 N=3000, M=3000 impl=allgather
7: Starting numprocs=8 N=3000, M=3000 impl=allgather
6: Starting numprocs=8 N=3000, M=3000 impl=allgather
2: Starting numprocs=8 N=3000, M=3000 impl=allgather
time: 0.071578s
Iteration 1
time: 0.063267s
Iteration 2
time: 0.063245s
Iteration 3
time: 0.062659s
Iteration 4
time: 0.063161s
Iteration 5
time: 0.064030s
Iteration 6
time: 0.063207s
Iteration 7
time: 0.063369s
Iteration 8
time: 0.062917s
Iteration 9
time: 0.062321s
Iteration 10
time: 0.062816s
Iteration 11
time: 0.062869s
Iteration 12
time: 0.062679s
Iteration 13
time: 0.063840s
Iteration 14
time: 0.063793s
Iteration 15
time: 0.063294s
Iteration 16
time: 0.063850s
Iteration 17
time: 0.062740s
Iteration 18
time: 0.063232s
Iteration 19
time: 0.062127s
Iteration 20
time: 0.062127s
Iteration 21
time: 0.062661s
Iteration 22
time: 0.062126s
Iteration 23
time: 0.062268s
Iteration 24
time: 0.062693s
0: Starting numprocs=8 N=3000, M=3000 impl=allreduce
Iteration 0
5: Starting numprocs=8 N=3000, M=3000 impl=allreduce
1: Starting numprocs=8 N=3000, M=3000 impl=allreduce
4: Starting numprocs=8 N=3000, M=3000 impl=allreduce
2: Starting numprocs=8 N=3000, M=3000 impl=allreduce
3: Starting numprocs=8 N=3000, M=3000 impl=allreduce
7: Starting numprocs=8 N=3000, M=3000 impl=allreduce
6: Starting numprocs=8 N=3000, M=3000 impl=allreduce
time: 0.210356s
Iteration 1
time: 0.186450s
Iteration 2
time: 0.185285s
Iteration 3
time: 0.180137s
Iteration 4
time: 0.180312s
Iteration 5
time: 0.183556s
Iteration 6
time: 0.199929s
Iteration 7
time: 0.183633s
Iteration 8
time: 0.184427s
Iteration 9
time: 0.182510s
Iteration 10
time: 0.189094s
Iteration 11
time: 0.188580s
Iteration 12
time: 0.180868s
Iteration 13
time: 0.181030s
Iteration 14
time: 0.185178s
Iteration 15
time: 0.184809s
Iteration 16
time: 0.194996s
Iteration 17
time: 0.181454s
Iteration 18
time: 0.190944s
Iteration 19
time: 0.187068s
Iteration 20
time: 0.186319s
Iteration 21
time: 0.183153s
Iteration 22
time: 0.181366s
Iteration 23
time: 0.182514s
Iteration 24
time: 0.189743s
3: Starting numprocs=8 N=3000, M=3000 impl=allreduce-ring
0: Starting numprocs=8 N=3000, M=3000 impl=allreduce-ring
Iteration 0
5: Starting numprocs=8 N=3000, M=3000 impl=allreduce-ring
1: Starting numprocs=8 N=3000, M=3000 impl=allreduce-ring
4: Starting numprocs=8 N=3000, M=3000 impl=allreduce-ring
2: Starting numprocs=8 N=3000, M=3000 impl=allreduce-ring
6: Starting numprocs=8 N=3000, M=3000 impl=allreduce-ring
7: Starting numprocs=8 N=3000, M=3000 impl=allreduce-ring
time: 0.146271s
Iteration 1
time: 0.121653s
Iteration 2
time: 0.121396s
Iteration 3
time: 0.129083s
Iteration 4
time: 0.121963s
Iteration 5
time: 0.122973s
Iteration 6
time: 0.121252s
Iteration 7
time: 0.122017s
Iteration 8
time: 0.120528s
Iteration 9
time: 0.123257s
Iteration 10
time: 0.121171s
Iteration 11
time: 0.119792s
Iteration 12
time: 0.125155s
Iteration 13
time: 0.122461s
Iteration 14
time: 0.122932s
Iteration 15
time: 0.121747s
Iteration 16
time: 0.124024s
Iteration 17
time: 0.129853s
Iteration 18
time: 0.122348s
Iteration 19
time: 0.125370s
Iteration 20
time: 0.123857s
Iteration 21
time: 0.121620s
Iteration 22
time: 0.124005s
Iteration 23
time: 0.120682s
Iteration 24
time: 0.121717s
5: Starting numprocs=8 N=3000, M=3000 impl=g-rabenseifner-allgather
0: Starting numprocs=8 N=3000, M=3000 impl=g-rabenseifner-allgather
Iteration 0
3: Starting numprocs=8 N=3000, M=3000 impl=g-rabenseifner-allgather
6: Starting numprocs=8 N=3000, M=3000 impl=g-rabenseifner-allgather
1: Starting numprocs=8 N=3000, M=3000 impl=g-rabenseifner-allgather
2: Starting numprocs=8 N=3000, M=3000 impl=g-rabenseifner-allgather
7: Starting numprocs=8 N=3000, M=3000 impl=g-rabenseifner-allgather
4: Starting numprocs=8 N=3000, M=3000 impl=g-rabenseifner-allgather
time: 0.083978s
Iteration 1
time: 0.061389s
Iteration 2
time: 0.061318s
Iteration 3
time: 0.061270s
Iteration 4
time: 0.061587s
Iteration 5
time: 0.061268s
Iteration 6
time: 0.062015s
Iteration 7
time: 0.061417s
Iteration 8
time: 0.061121s
Iteration 9
time: 0.061343s
Iteration 10
time: 0.067469s
Iteration 11
time: 0.068654s
Iteration 12
time: 0.061364s
Iteration 13
time: 0.061857s
Iteration 14
time: 0.061301s
Iteration 15
time: 0.061419s
Iteration 16
time: 0.061553s
Iteration 17
time: 0.061702s
Iteration 18
time: 0.061716s
Iteration 19
time: 0.061342s
Iteration 20
time: 0.061603s
Iteration 21
time: 0.061041s
Iteration 22
time: 0.061180s
Iteration 23
time: 0.061164s
Iteration 24
time: 0.061605s
5: Starting numprocs=8 N=3000, M=3000 impl=g-rabenseifner-subgroup-2
3: Starting numprocs=8 N=3000, M=3000 impl=g-rabenseifner-subgroup-2
1: Starting numprocs=8 N=3000, M=3000 impl=g-rabenseifner-subgroup-2
0: Starting numprocs=8 N=3000, M=3000 impl=g-rabenseifner-subgroup-2
Iteration 0
6: Starting numprocs=8 N=3000, M=3000 impl=g-rabenseifner-subgroup-2
4: Starting numprocs=8 N=3000, M=3000 impl=g-rabenseifner-subgroup-2
2: Starting numprocs=8 N=3000, M=3000 impl=g-rabenseifner-subgroup-2
7: Starting numprocs=8 N=3000, M=3000 impl=g-rabenseifner-subgroup-2
time: 0.091422s
Iteration 1
time: 0.074311s
Iteration 2
time: 0.064708s
Iteration 3
time: 0.061891s
Iteration 4
time: 0.063047s
Iteration 5
time: 0.062516s
Iteration 6
time: 0.062861s
Iteration 7
time: 0.063329s
Iteration 8
time: 0.064124s
Iteration 9
time: 0.062234s
Iteration 10
time: 0.061871s
Iteration 11
time: 0.061867s
Iteration 12
time: 0.062543s
Iteration 13
time: 0.061812s
Iteration 14
time: 0.062200s
Iteration 15
time: 0.061692s
Iteration 16
time: 0.061452s
Iteration 17
time: 0.061999s
Iteration 18
time: 0.062176s
Iteration 19
time: 0.061822s
Iteration 20
time: 0.062011s
Iteration 21
time: 0.062040s
Iteration 22
time: 0.061440s
Iteration 23
time: 0.062088s
Iteration 24
time: 0.061544s
0: Starting numprocs=8 N=3000, M=3000 impl=g-rabenseifner-subgroup-4
Iteration 0
3: Starting numprocs=8 N=3000, M=3000 impl=g-rabenseifner-subgroup-4
5: Starting numprocs=8 N=3000, M=3000 impl=g-rabenseifner-subgroup-4
4: Starting numprocs=8 N=3000, M=3000 impl=g-rabenseifner-subgroup-4
6: Starting numprocs=8 N=3000, M=3000 impl=g-rabenseifner-subgroup-4
7: Starting numprocs=8 N=3000, M=3000 impl=g-rabenseifner-subgroup-4
1: Starting numprocs=8 N=3000, M=3000 impl=g-rabenseifner-subgroup-4
2: Starting numprocs=8 N=3000, M=3000 impl=g-rabenseifner-subgroup-4
time: 0.075679s
Iteration 1
time: 0.063374s
Iteration 2
time: 0.062113s
Iteration 3
time: 0.062302s
Iteration 4
time: 0.062506s
Iteration 5
time: 0.062699s
Iteration 6
time: 0.064223s
Iteration 7
time: 0.063134s
Iteration 8
time: 0.062762s
Iteration 9
time: 0.062284s
Iteration 10
time: 0.061511s
Iteration 11
time: 0.061445s
Iteration 12
time: 0.060931s
Iteration 13
time: 0.061494s
Iteration 14
time: 0.061206s
Iteration 15
time: 0.061381s
Iteration 16
time: 0.061235s
Iteration 17
time: 0.061165s
Iteration 18
time: 0.060374s
Iteration 19
time: 0.061243s
Iteration 20
time: 0.062514s
Iteration 21
time: 0.061423s
Iteration 22
time: 0.062660s
Iteration 23
time: 0.062172s
Iteration 24
time: 0.062497s
0: Starting numprocs=8 N=3000, M=3000 impl=g-rabenseifner-subgroup-8
Iteration 0
5: Starting numprocs=8 N=3000, M=3000 impl=g-rabenseifner-subgroup-8
3: Starting numprocs=8 N=3000, M=3000 impl=g-rabenseifner-subgroup-8
1: Starting numprocs=8 N=3000, M=3000 impl=g-rabenseifner-subgroup-8
4: Starting numprocs=8 N=3000, M=3000 impl=g-rabenseifner-subgroup-8
2: Starting numprocs=8 N=3000, M=3000 impl=g-rabenseifner-subgroup-8
6: Starting numprocs=8 N=3000, M=3000 impl=g-rabenseifner-subgroup-8
7: Starting numprocs=8 N=3000, M=3000 impl=g-rabenseifner-subgroup-8
time: 0.070232s
Iteration 1
time: 0.059019s
Iteration 2
time: 0.060225s
Iteration 3
time: 0.058866s
Iteration 4
time: 0.058702s
Iteration 5
time: 0.058867s
Iteration 6
time: 0.058516s
Iteration 7
time: 0.058747s
Iteration 8
time: 0.058238s
Iteration 9
time: 0.059279s
Iteration 10
time: 0.058493s
Iteration 11
time: 0.057914s
Iteration 12
time: 0.058522s
Iteration 13
time: 0.058522s
Iteration 14
time: 0.058658s
Iteration 15
time: 0.059200s
Iteration 16
time: 0.059218s
Iteration 17
time: 0.058265s
Iteration 18
time: 0.058435s
Iteration 19
time: 0.058737s
Iteration 20
time: 0.058476s
Iteration 21
time: 0.058796s
Iteration 22
time: 0.058220s
Iteration 23
time: 0.058999s
Iteration 24
time: 0.058083s
0: Starting numprocs=8 N=4000, M=4000 impl=allgather
Iteration 0
5: Starting numprocs=8 N=4000, M=4000 impl=allgather
4: Starting numprocs=8 N=4000, M=4000 impl=allgather
3: Starting numprocs=8 N=4000, M=4000 impl=allgather
1: Starting numprocs=8 N=4000, M=4000 impl=allgather
2: Starting numprocs=8 N=4000, M=4000 impl=allgather
7: Starting numprocs=8 N=4000, M=4000 impl=allgather
6: Starting numprocs=8 N=4000, M=4000 impl=allgather
time: 0.141206s
Iteration 1
time: 0.135596s
Iteration 2
time: 0.135664s
Iteration 3
time: 0.135718s
Iteration 4
time: 0.135466s
Iteration 5
time: 0.135915s
Iteration 6
time: 0.136525s
Iteration 7
time: 0.136016s
Iteration 8
time: 0.136460s
Iteration 9
time: 0.135958s
Iteration 10
time: 0.135064s
Iteration 11
time: 0.134829s
Iteration 12
time: 0.135734s
Iteration 13
time: 0.135619s
Iteration 14
time: 0.135649s
Iteration 15
time: 0.137937s
Iteration 16
time: 0.136871s
Iteration 17
time: 0.142760s
Iteration 18
time: 0.142207s
Iteration 19
time: 0.151096s
Iteration 20
time: 0.140068s
Iteration 21
time: 0.147401s
Iteration 22
time: 0.149411s
Iteration 23
time: 0.151667s
Iteration 24
time: 0.150830s
0: Starting numprocs=8 N=4000, M=4000 impl=allreduce
Iteration 0
5: Starting numprocs=8 N=4000, M=4000 impl=allreduce
3: Starting numprocs=8 N=4000, M=4000 impl=allreduce
4: Starting numprocs=8 N=4000, M=4000 impl=allreduce
2: Starting numprocs=8 N=4000, M=4000 impl=allreduce
1: Starting numprocs=8 N=4000, M=4000 impl=allreduce
7: Starting numprocs=8 N=4000, M=4000 impl=allreduce
6: Starting numprocs=8 N=4000, M=4000 impl=allreduce
time: 0.368689s
Iteration 1
time: 0.329001s
Iteration 2
time: 0.324931s
Iteration 3
time: 0.331265s
Iteration 4
time: 0.330757s
Iteration 5
time: 0.327873s
Iteration 6
time: 0.336253s
Iteration 7
time: 0.332493s
Iteration 8
time: 0.325934s
Iteration 9
time: 0.323107s
Iteration 10
time: 0.333096s
Iteration 11
time: 0.328965s
Iteration 12
time: 0.329798s
Iteration 13
time: 0.330268s
Iteration 14
time: 0.321994s
Iteration 15
time: 0.327870s
Iteration 16
time: 0.330505s
Iteration 17
time: 0.326507s
Iteration 18
time: 0.328286s
Iteration 19
time: 0.323579s
Iteration 20
time: 0.350084s
Iteration 21
time: 0.333206s
Iteration 22
time: 0.327740s
Iteration 23
time: 0.333299s
Iteration 24
time: 0.326500s
0: Starting numprocs=8 N=4000, M=4000 impl=allreduce-ring
Iteration 0
5: Starting numprocs=8 N=4000, M=4000 impl=allreduce-ring
1: Starting numprocs=8 N=4000, M=4000 impl=allreduce-ring
3: Starting numprocs=8 N=4000, M=4000 impl=allreduce-ring
4: Starting numprocs=8 N=4000, M=4000 impl=allreduce-ring
6: Starting numprocs=8 N=4000, M=4000 impl=allreduce-ring
7: Starting numprocs=8 N=4000, M=4000 impl=allreduce-ring
2: Starting numprocs=8 N=4000, M=4000 impl=allreduce-ring
time: 0.255544s
Iteration 1
time: 0.219858s
Iteration 2
time: 0.222518s
Iteration 3
time: 0.220441s
Iteration 4
time: 0.220231s
Iteration 5
time: 0.219366s
Iteration 6
time: 0.221458s
Iteration 7
time: 0.217752s
Iteration 8
time: 0.222106s
Iteration 9
time: 0.231925s
Iteration 10
time: 0.225192s
Iteration 11
time: 0.217751s
Iteration 12
time: 0.222017s
Iteration 13
time: 0.219441s
Iteration 14
time: 0.216288s
Iteration 15
time: 0.223265s
Iteration 16
time: 0.218018s
Iteration 17
time: 0.220516s
Iteration 18
time: 0.215776s
Iteration 19
time: 0.218648s
Iteration 20
time: 0.220443s
Iteration 21
time: 0.217980s
Iteration 22
time: 0.217347s
Iteration 23
time: 0.222994s
Iteration 24
time: 0.227006s
5: Starting numprocs=8 N=4000, M=4000 impl=g-rabenseifner-allgather
3: Starting numprocs=8 N=4000, M=4000 impl=g-rabenseifner-allgather
0: Starting numprocs=8 N=4000, M=4000 impl=g-rabenseifner-allgather
Iteration 0
4: Starting numprocs=8 N=4000, M=4000 impl=g-rabenseifner-allgather
1: Starting numprocs=8 N=4000, M=4000 impl=g-rabenseifner-allgather
6: Starting numprocs=8 N=4000, M=4000 impl=g-rabenseifner-allgather
2: Starting numprocs=8 N=4000, M=4000 impl=g-rabenseifner-allgather
7: Starting numprocs=8 N=4000, M=4000 impl=g-rabenseifner-allgather
time: 0.130410s
Iteration 1
time: 0.109815s
Iteration 2
time: 0.109433s
Iteration 3
time: 0.108758s
Iteration 4
time: 0.109515s
Iteration 5
time: 0.108847s
Iteration 6
time: 0.108916s
Iteration 7
time: 0.108775s
Iteration 8
time: 0.108615s
Iteration 9
time: 0.109981s
Iteration 10
time: 0.108758s
Iteration 11
time: 0.108433s
Iteration 12
time: 0.108680s
Iteration 13
time: 0.108534s
Iteration 14
time: 0.109119s
Iteration 15
time: 0.108647s
Iteration 16
time: 0.108521s
Iteration 17
time: 0.108727s
Iteration 18
time: 0.108634s
Iteration 19
time: 0.109332s
Iteration 20
time: 0.108740s
Iteration 21
time: 0.109425s
Iteration 22
time: 0.108701s
Iteration 23
time: 0.109732s
Iteration 24
time: 0.108511s
5: Starting numprocs=8 N=4000, M=4000 impl=g-rabenseifner-subgroup-2
0: Starting numprocs=8 N=4000, M=4000 impl=g-rabenseifner-subgroup-2
Iteration 0
3: Starting numprocs=8 N=4000, M=4000 impl=g-rabenseifner-subgroup-2
1: Starting numprocs=8 N=4000, M=4000 impl=g-rabenseifner-subgroup-2
2: Starting numprocs=8 N=4000, M=4000 impl=g-rabenseifner-subgroup-2
4: Starting numprocs=8 N=4000, M=4000 impl=g-rabenseifner-subgroup-2
6: Starting numprocs=8 N=4000, M=4000 impl=g-rabenseifner-subgroup-2
7: Starting numprocs=8 N=4000, M=4000 impl=g-rabenseifner-subgroup-2
time: 0.139403s
Iteration 1
time: 0.110301s
Iteration 2
time: 0.110195s
Iteration 3
time: 0.110030s
Iteration 4
time: 0.110414s
Iteration 5
time: 0.110584s
Iteration 6
time: 0.111129s
Iteration 7
time: 0.112510s
Iteration 8
time: 0.110706s
Iteration 9
time: 0.111710s
Iteration 10
time: 0.109622s
Iteration 11
time: 0.110889s
Iteration 12
time: 0.109677s
Iteration 13
time: 0.110218s
Iteration 14
time: 0.109506s
Iteration 15
time: 0.108922s
Iteration 16
time: 0.109632s
Iteration 17
time: 0.109294s
Iteration 18
time: 0.109834s
Iteration 19
time: 0.113048s
Iteration 20
time: 0.109271s
Iteration 21
time: 0.109632s
Iteration 22
time: 0.109122s
Iteration 23
time: 0.109883s
Iteration 24
time: 0.109700s
3: Starting numprocs=8 N=4000, M=4000 impl=g-rabenseifner-subgroup-4
0: Starting numprocs=8 N=4000, M=4000 impl=g-rabenseifner-subgroup-4
Iteration 0
5: Starting numprocs=8 N=4000, M=4000 impl=g-rabenseifner-subgroup-4
1: Starting numprocs=8 N=4000, M=4000 impl=g-rabenseifner-subgroup-4
4: Starting numprocs=8 N=4000, M=4000 impl=g-rabenseifner-subgroup-4
7: Starting numprocs=8 N=4000, M=4000 impl=g-rabenseifner-subgroup-4
6: Starting numprocs=8 N=4000, M=4000 impl=g-rabenseifner-subgroup-4
2: Starting numprocs=8 N=4000, M=4000 impl=g-rabenseifner-subgroup-4
time: 0.132579s
Iteration 1
time: 0.110255s
Iteration 2
time: 0.110562s
Iteration 3
time: 0.110911s
Iteration 4
time: 0.112752s
Iteration 5
time: 0.111578s
Iteration 6
time: 0.110887s
Iteration 7
time: 0.111455s
Iteration 8
time: 0.113353s
Iteration 9
time: 0.113088s
Iteration 10
time: 0.112746s
Iteration 11
time: 0.110447s
Iteration 12
time: 0.109849s
Iteration 13
time: 0.110375s
Iteration 14
time: 0.109550s
Iteration 15
time: 0.109777s
Iteration 16
time: 0.109177s
Iteration 17
time: 0.109022s
Iteration 18
time: 0.109090s
Iteration 19
time: 0.110927s
Iteration 20
time: 0.109821s
Iteration 21
time: 0.111340s
Iteration 22
time: 0.109886s
Iteration 23
time: 0.110012s
Iteration 24
time: 0.111620s
0: Starting numprocs=8 N=4000, M=4000 impl=g-rabenseifner-subgroup-8
Iteration 0
5: Starting numprocs=8 N=4000, M=4000 impl=g-rabenseifner-subgroup-8
6: Starting numprocs=8 N=4000, M=4000 impl=g-rabenseifner-subgroup-8
3: Starting numprocs=8 N=4000, M=4000 impl=g-rabenseifner-subgroup-8
4: Starting numprocs=8 N=4000, M=4000 impl=g-rabenseifner-subgroup-8
7: Starting numprocs=8 N=4000, M=4000 impl=g-rabenseifner-subgroup-8
2: Starting numprocs=8 N=4000, M=4000 impl=g-rabenseifner-subgroup-8
1: Starting numprocs=8 N=4000, M=4000 impl=g-rabenseifner-subgroup-8
time: 0.117063s
Iteration 1
time: 0.106948s
Iteration 2
time: 0.105641s
Iteration 3
time: 0.106740s
Iteration 4
time: 0.107279s
Iteration 5
time: 0.105815s
Iteration 6
time: 0.106369s
Iteration 7
time: 0.107899s
Iteration 8
time: 0.109306s
Iteration 9
time: 0.107522s
Iteration 10
time: 0.108994s
Iteration 11
time: 0.109177s
Iteration 12
time: 0.108468s
Iteration 13
time: 0.106658s
Iteration 14
time: 0.107680s
Iteration 15
time: 0.108259s
Iteration 16
time: 0.107865s
Iteration 17
time: 0.109412s
Iteration 18
time: 0.111729s
Iteration 19
time: 0.109668s
Iteration 20
time: 0.107993s
Iteration 21
time: 0.108912s
Iteration 22
time: 0.109101s
Iteration 23
time: 0.109608s
Iteration 24
time: 0.108198s
5: Starting numprocs=8 N=5000, M=5000 impl=allgather
0: Starting numprocs=8 N=5000, M=5000 impl=allgather
Iteration 0
1: Starting numprocs=8 N=5000, M=5000 impl=allgather
3: Starting numprocs=8 N=5000, M=5000 impl=allgather
6: Starting numprocs=8 N=5000, M=5000 impl=allgather
2: Starting numprocs=8 N=5000, M=5000 impl=allgather
4: Starting numprocs=8 N=5000, M=5000 impl=allgather
7: Starting numprocs=8 N=5000, M=5000 impl=allgather
time: 0.211761s
Iteration 1
time: 0.204613s
Iteration 2
time: 0.207215s
Iteration 3
time: 0.215372s
Iteration 4
time: 0.205660s
Iteration 5
time: 0.206255s
Iteration 6
time: 0.205764s
Iteration 7
time: 0.206050s
Iteration 8
time: 0.205604s
Iteration 9
time: 0.206505s
Iteration 10
time: 0.204758s
Iteration 11
time: 0.205144s
Iteration 12
time: 0.206825s
Iteration 13
time: 0.224887s
Iteration 14
time: 0.216205s
Iteration 15
time: 0.220807s
Iteration 16
time: 0.212759s
Iteration 17
time: 0.214908s
Iteration 18
time: 0.215700s
Iteration 19
time: 0.213178s
Iteration 20
time: 0.220904s
Iteration 21
time: 0.222597s
Iteration 22
time: 0.210442s
Iteration 23
time: 0.209862s
Iteration 24
time: 0.210323s
3: Starting numprocs=8 N=5000, M=5000 impl=allreduce
0: Starting numprocs=8 N=5000, M=5000 impl=allreduce
Iteration 0
5: Starting numprocs=8 N=5000, M=5000 impl=allreduce
4: Starting numprocs=8 N=5000, M=5000 impl=allreduce
2: Starting numprocs=8 N=5000, M=5000 impl=allreduce
7: Starting numprocs=8 N=5000, M=5000 impl=allreduce
6: Starting numprocs=8 N=5000, M=5000 impl=allreduce
1: Starting numprocs=8 N=5000, M=5000 impl=allreduce
time: 0.565494s
Iteration 1
time: 0.521787s
Iteration 2
time: 0.514438s
Iteration 3
time: 0.522594s
Iteration 4
time: 0.507553s
Iteration 5
time: 0.504772s
Iteration 6
time: 0.513243s
Iteration 7
time: 0.503095s
Iteration 8
time: 0.504278s
Iteration 9
time: 0.504923s
Iteration 10
time: 0.504522s
Iteration 11
time: 0.505298s
Iteration 12
time: 0.502179s
Iteration 13
time: 0.501672s
Iteration 14
time: 0.515084s
Iteration 15
time: 0.498320s
Iteration 16
time: 0.518245s
Iteration 17
time: 0.519475s
Iteration 18
time: 0.512263s
Iteration 19
time: 0.519429s
Iteration 20
time: 0.531675s
Iteration 21
time: 0.520974s
Iteration 22
time: 0.521190s
Iteration 23
time: 0.528429s
Iteration 24
time: 0.526167s
5: Starting numprocs=8 N=5000, M=5000 impl=allreduce-ring
3: Starting numprocs=8 N=5000, M=5000 impl=allreduce-ring
0: Starting numprocs=8 N=5000, M=5000 impl=allreduce-ring
Iteration 0
4: Starting numprocs=8 N=5000, M=5000 impl=allreduce-ring
2: Starting numprocs=8 N=5000, M=5000 impl=allreduce-ring
1: Starting numprocs=8 N=5000, M=5000 impl=allreduce-ring
6: Starting numprocs=8 N=5000, M=5000 impl=allreduce-ring
7: Starting numprocs=8 N=5000, M=5000 impl=allreduce-ring
time: 0.388684s
Iteration 1
time: 0.344899s
Iteration 2
time: 0.340395s
Iteration 3
time: 0.356134s
Iteration 4
time: 0.344728s
Iteration 5
time: 0.344832s
Iteration 6
time: 0.344805s
Iteration 7
time: 0.342188s
Iteration 8
time: 0.346766s
Iteration 9
time: 0.346754s
Iteration 10
time: 0.346909s
Iteration 11
time: 0.348204s
Iteration 12
time: 0.350433s
Iteration 13
time: 0.344391s
Iteration 14
time: 0.342993s
Iteration 15
time: 0.343734s
Iteration 16
time: 0.346457s
Iteration 17
time: 0.342466s
Iteration 18
time: 0.341507s
Iteration 19
time: 0.344732s
Iteration 20
time: 0.346505s
Iteration 21
time: 0.340420s
Iteration 22
time: 0.358594s
Iteration 23
time: 0.342474s
Iteration 24
time: 0.344929s
3: Starting numprocs=8 N=5000, M=5000 impl=g-rabenseifner-allgather
5: Starting numprocs=8 N=5000, M=5000 impl=g-rabenseifner-allgather
0: Starting numprocs=8 N=5000, M=5000 impl=g-rabenseifner-allgather
Iteration 0
1: Starting numprocs=8 N=5000, M=5000 impl=g-rabenseifner-allgather
4: Starting numprocs=8 N=5000, M=5000 impl=g-rabenseifner-allgather
6: Starting numprocs=8 N=5000, M=5000 impl=g-rabenseifner-allgather
2: Starting numprocs=8 N=5000, M=5000 impl=g-rabenseifner-allgather
7: Starting numprocs=8 N=5000, M=5000 impl=g-rabenseifner-allgather
time: 0.199655s
Iteration 1
time: 0.170614s
Iteration 2
time: 0.170151s
Iteration 3
time: 0.170399s
Iteration 4
time: 0.170974s
Iteration 5
time: 0.170076s
Iteration 6
time: 0.170299s
Iteration 7
time: 0.169763s
Iteration 8
time: 0.169890s
Iteration 9
time: 0.170186s
Iteration 10
time: 0.169891s
Iteration 11
time: 0.170377s
Iteration 12
time: 0.170575s
Iteration 13
time: 0.169888s
Iteration 14
time: 0.170567s
Iteration 15
time: 0.169972s
Iteration 16
time: 0.170099s
Iteration 17
time: 0.169960s
Iteration 18
time: 0.169771s
Iteration 19
time: 0.170701s
Iteration 20
time: 0.170085s
Iteration 21
time: 0.169722s
Iteration 22
time: 0.170176s
Iteration 23
time: 0.169578s
Iteration 24
time: 0.169434s
5: Starting numprocs=8 N=5000, M=5000 impl=g-rabenseifner-subgroup-2
0: Starting numprocs=8 N=5000, M=5000 impl=g-rabenseifner-subgroup-2
Iteration 0
3: Starting numprocs=8 N=5000, M=5000 impl=g-rabenseifner-subgroup-2
6: Starting numprocs=8 N=5000, M=5000 impl=g-rabenseifner-subgroup-2
4: Starting numprocs=8 N=5000, M=5000 impl=g-rabenseifner-subgroup-2
1: Starting numprocs=8 N=5000, M=5000 impl=g-rabenseifner-subgroup-2
2: Starting numprocs=8 N=5000, M=5000 impl=g-rabenseifner-subgroup-2
7: Starting numprocs=8 N=5000, M=5000 impl=g-rabenseifner-subgroup-2
time: 0.210501s
Iteration 1
time: 0.170365s
Iteration 2
time: 0.173981s
Iteration 3
time: 0.171507s
Iteration 4
time: 0.171857s
Iteration 5
time: 0.170866s
Iteration 6
time: 0.171811s
Iteration 7
time: 0.171631s
Iteration 8
time: 0.173512s
Iteration 9
time: 0.170915s
Iteration 10
time: 0.172083s
Iteration 11
time: 0.171151s
Iteration 12
time: 0.172525s
Iteration 13
time: 0.171768s
Iteration 14
time: 0.171626s
Iteration 15
time: 0.171435s
Iteration 16
time: 0.171798s
Iteration 17
time: 0.172536s
Iteration 18
time: 0.171194s
Iteration 19
time: 0.170397s
Iteration 20
time: 0.172256s
Iteration 21
time: 0.170505s
Iteration 22
time: 0.171459s
Iteration 23
time: 0.171345s
Iteration 24
time: 0.171557s
5: Starting numprocs=8 N=5000, M=5000 impl=g-rabenseifner-subgroup-4
3: Starting numprocs=8 N=5000, M=5000 impl=g-rabenseifner-subgroup-4
0: Starting numprocs=8 N=5000, M=5000 impl=g-rabenseifner-subgroup-4
Iteration 0
1: Starting numprocs=8 N=5000, M=5000 impl=g-rabenseifner-subgroup-4
4: Starting numprocs=8 N=5000, M=5000 impl=g-rabenseifner-subgroup-4
6: Starting numprocs=8 N=5000, M=5000 impl=g-rabenseifner-subgroup-4
7: Starting numprocs=8 N=5000, M=5000 impl=g-rabenseifner-subgroup-4
2: Starting numprocs=8 N=5000, M=5000 impl=g-rabenseifner-subgroup-4
time: 0.194120s
Iteration 1
time: 0.171770s
Iteration 2
time: 0.172842s
Iteration 3
time: 0.170781s
Iteration 4
time: 0.173393s
Iteration 5
time: 0.172445s
Iteration 6
time: 0.170227s
Iteration 7
time: 0.172579s
Iteration 8
time: 0.172726s
Iteration 9
time: 0.171531s
Iteration 10
time: 0.170809s
Iteration 11
time: 0.170741s
Iteration 12
time: 0.170970s
Iteration 13
time: 0.172613s
Iteration 14
time: 0.172428s
Iteration 15
time: 0.173670s
Iteration 16
time: 0.173291s
Iteration 17
time: 0.171280s
Iteration 18
time: 0.170585s
Iteration 19
time: 0.171251s
Iteration 20
time: 0.171159s
Iteration 21
time: 0.171748s
Iteration 22
time: 0.172915s
Iteration 23
time: 0.172155s
Iteration 24
time: 0.172701s
0: Starting numprocs=8 N=5000, M=5000 impl=g-rabenseifner-subgroup-8
Iteration 0
5: Starting numprocs=8 N=5000, M=5000 impl=g-rabenseifner-subgroup-8
3: Starting numprocs=8 N=5000, M=5000 impl=g-rabenseifner-subgroup-8
4: Starting numprocs=8 N=5000, M=5000 impl=g-rabenseifner-subgroup-8
1: Starting numprocs=8 N=5000, M=5000 impl=g-rabenseifner-subgroup-8
2: Starting numprocs=8 N=5000, M=5000 impl=g-rabenseifner-subgroup-8
6: Starting numprocs=8 N=5000, M=5000 impl=g-rabenseifner-subgroup-8
7: Starting numprocs=8 N=5000, M=5000 impl=g-rabenseifner-subgroup-8
time: 0.177997s
Iteration 1
time: 0.166699s
Iteration 2
time: 0.165812s
Iteration 3
time: 0.166108s
Iteration 4
time: 0.165661s
Iteration 5
time: 0.165615s
Iteration 6
time: 0.166640s
Iteration 7
time: 0.165679s
Iteration 8
time: 0.165618s
Iteration 9
time: 0.166084s
Iteration 10
time: 0.165632s
Iteration 11
time: 0.165932s
Iteration 12
time: 0.165869s
Iteration 13
time: 0.164007s
Iteration 14
time: 0.164053s
Iteration 15
time: 0.164568s
Iteration 16
time: 0.164104s
Iteration 17
time: 0.164071s
Iteration 18
time: 0.165948s
Iteration 19
time: 0.163741s
Iteration 20
time: 0.169280s
Iteration 21
time: 0.166582s
Iteration 22
time: 0.164679s
Iteration 23
time: 0.163984s
Iteration 24
time: 0.164856s
1: Starting numprocs=8 N=6000, M=6000 impl=allgather
5: Starting numprocs=8 N=6000, M=6000 impl=allgather
3: Starting numprocs=8 N=6000, M=6000 impl=allgather
0: Starting numprocs=8 N=6000, M=6000 impl=allgather
Iteration 0
4: Starting numprocs=8 N=6000, M=6000 impl=allgather
7: Starting numprocs=8 N=6000, M=6000 impl=allgather
6: Starting numprocs=8 N=6000, M=6000 impl=allgather
2: Starting numprocs=8 N=6000, M=6000 impl=allgather
time: 0.301371s
Iteration 1
time: 0.295272s
Iteration 2
time: 0.295258s
Iteration 3
time: 0.295652s
Iteration 4
time: 0.295091s
Iteration 5
time: 0.298454s
Iteration 6
time: 0.302550s
Iteration 7
time: 0.303713s
Iteration 8
time: 0.303612s
Iteration 9
time: 0.304525s
Iteration 10
time: 0.304738s
Iteration 11
time: 0.304817s
Iteration 12
time: 0.302439s
Iteration 13
time: 0.302401s
Iteration 14
time: 0.302321s
Iteration 15
time: 0.302118s
Iteration 16
time: 0.304361s
Iteration 17
time: 0.301871s
Iteration 18
time: 0.302457s
Iteration 19
time: 0.301815s
Iteration 20
time: 0.301980s
Iteration 21
time: 0.302684s
Iteration 22
time: 0.302428s
Iteration 23
time: 0.301797s
Iteration 24
time: 0.302333s
5: Starting numprocs=8 N=6000, M=6000 impl=allreduce
0: Starting numprocs=8 N=6000, M=6000 impl=allreduce
Iteration 0
3: Starting numprocs=8 N=6000, M=6000 impl=allreduce
1: Starting numprocs=8 N=6000, M=6000 impl=allreduce
4: Starting numprocs=8 N=6000, M=6000 impl=allreduce
2: Starting numprocs=8 N=6000, M=6000 impl=allreduce
6: Starting numprocs=8 N=6000, M=6000 impl=allreduce
7: Starting numprocs=8 N=6000, M=6000 impl=allreduce
time: 0.840662s
Iteration 1
time: 0.731436s
Iteration 2
time: 0.735214s
Iteration 3
time: 0.739425s
Iteration 4
time: 0.732075s
Iteration 5
time: 0.731080s
Iteration 6
time: 0.730946s
Iteration 7
time: 0.736163s
Iteration 8
time: 0.740386s
Iteration 9
time: 0.740538s
Iteration 10
time: 0.734977s
Iteration 11
time: 0.729422s
Iteration 12
time: 0.737092s
Iteration 13
time: 0.737540s
Iteration 14
time: 0.745588s
Iteration 15
time: 0.743580s
Iteration 16
time: 0.737649s
Iteration 17
time: 0.725312s
Iteration 18
time: 0.735224s
Iteration 19
time: 0.753703s
Iteration 20
time: 0.744248s
Iteration 21
time: 0.734543s
Iteration 22
time: 0.734684s
Iteration 23
time: 0.733473s
Iteration 24
time: 0.730174s
0: Starting numprocs=8 N=6000, M=6000 impl=allreduce-ring
Iteration 0
5: Starting numprocs=8 N=6000, M=6000 impl=allreduce-ring
1: Starting numprocs=8 N=6000, M=6000 impl=allreduce-ring
3: Starting numprocs=8 N=6000, M=6000 impl=allreduce-ring
6: Starting numprocs=8 N=6000, M=6000 impl=allreduce-ring
4: Starting numprocs=8 N=6000, M=6000 impl=allreduce-ring
2: Starting numprocs=8 N=6000, M=6000 impl=allreduce-ring
7: Starting numprocs=8 N=6000, M=6000 impl=allreduce-ring
time: 0.684267s
Iteration 1
time: 0.561985s
Iteration 2
time: 0.572946s
Iteration 3
time: 0.575356s
Iteration 4
time: 0.573997s
Iteration 5
time: 0.572987s
Iteration 6
time: 0.575597s
Iteration 7
time: 0.572408s
Iteration 8
time: 0.571532s
Iteration 9
time: 0.578094s
Iteration 10
time: 0.571103s
Iteration 11
time: 0.584606s
Iteration 12
time: 0.572133s
Iteration 13
time: 0.577949s
Iteration 14
time: 0.575018s
Iteration 15
time: 0.580154s
Iteration 16
time: 0.579106s
Iteration 17
time: 0.568140s
Iteration 18
time: 0.564727s
Iteration 19
time: 0.570894s
Iteration 20
time: 0.568698s
Iteration 21
time: 0.565384s
Iteration 22
time: 0.568963s
Iteration 23
time: 0.568405s
Iteration 24
time: 0.564132s
5: Starting numprocs=8 N=6000, M=6000 impl=g-rabenseifner-allgather
0: Starting numprocs=8 N=6000, M=6000 impl=g-rabenseifner-allgather
Iteration 0
1: Starting numprocs=8 N=6000, M=6000 impl=g-rabenseifner-allgather
3: Starting numprocs=8 N=6000, M=6000 impl=g-rabenseifner-allgather
4: Starting numprocs=8 N=6000, M=6000 impl=g-rabenseifner-allgather
6: Starting numprocs=8 N=6000, M=6000 impl=g-rabenseifner-allgather
2: Starting numprocs=8 N=6000, M=6000 impl=g-rabenseifner-allgather
7: Starting numprocs=8 N=6000, M=6000 impl=g-rabenseifner-allgather
time: 0.286678s
Iteration 1
time: 0.244502s
Iteration 2
time: 0.244398s
Iteration 3
time: 0.244746s
Iteration 4
time: 0.244516s
Iteration 5
time: 0.246816s
Iteration 6
time: 0.244971s
Iteration 7
time: 0.244635s
Iteration 8
time: 0.247234s
Iteration 9
time: 0.245337s
Iteration 10
time: 0.244290s
Iteration 11
time: 0.243734s
Iteration 12
time: 0.244284s
Iteration 13
time: 0.243805s
Iteration 14
time: 0.244766s
Iteration 15
time: 0.244536s
Iteration 16
time: 0.245774s
Iteration 17
time: 0.245097s
Iteration 18
time: 0.243872s
Iteration 19
time: 0.246629s
Iteration 20
time: 0.244844s
Iteration 21
time: 0.246019s
Iteration 22
time: 0.244958s
Iteration 23
time: 0.244381s
Iteration 24
time: 0.245458s
3: Starting numprocs=8 N=6000, M=6000 impl=g-rabenseifner-subgroup-2
5: Starting numprocs=8 N=6000, M=6000 impl=g-rabenseifner-subgroup-2
0: Starting numprocs=8 N=6000, M=6000 impl=g-rabenseifner-subgroup-2
Iteration 0
1: Starting numprocs=8 N=6000, M=6000 impl=g-rabenseifner-subgroup-2
6: Starting numprocs=8 N=6000, M=6000 impl=g-rabenseifner-subgroup-2
4: Starting numprocs=8 N=6000, M=6000 impl=g-rabenseifner-subgroup-2
2: Starting numprocs=8 N=6000, M=6000 impl=g-rabenseifner-subgroup-2
7: Starting numprocs=8 N=6000, M=6000 impl=g-rabenseifner-subgroup-2
time: 0.300340s
Iteration 1
time: 0.248028s
Iteration 2
time: 0.251002s
Iteration 3
time: 0.247434s
Iteration 4
time: 0.251498s
Iteration 5
time: 0.248285s
Iteration 6
time: 0.248727s
Iteration 7
time: 0.247285s
Iteration 8
time: 0.248244s
Iteration 9
time: 0.251026s
Iteration 10
time: 0.246447s
Iteration 11
time: 0.248150s
Iteration 12
time: 0.249423s
Iteration 13
time: 0.246787s
Iteration 14
time: 0.246907s
Iteration 15
time: 0.249152s
Iteration 16
time: 0.248266s
Iteration 17
time: 0.249898s
Iteration 18
time: 0.248492s
Iteration 19
time: 0.249810s
Iteration 20
time: 0.246567s
Iteration 21
time: 0.247365s
Iteration 22
time: 0.249396s
Iteration 23
time: 0.249040s
Iteration 24
time: 0.246883s
3: Starting numprocs=8 N=6000, M=6000 impl=g-rabenseifner-subgroup-4
0: Starting numprocs=8 N=6000, M=6000 impl=g-rabenseifner-subgroup-4
Iteration 0
5: Starting numprocs=8 N=6000, M=6000 impl=g-rabenseifner-subgroup-4
1: Starting numprocs=8 N=6000, M=6000 impl=g-rabenseifner-subgroup-4
4: Starting numprocs=8 N=6000, M=6000 impl=g-rabenseifner-subgroup-4
6: Starting numprocs=8 N=6000, M=6000 impl=g-rabenseifner-subgroup-4
2: Starting numprocs=8 N=6000, M=6000 impl=g-rabenseifner-subgroup-4
7: Starting numprocs=8 N=6000, M=6000 impl=g-rabenseifner-subgroup-4
time: 0.275936s
Iteration 1
time: 0.249767s
Iteration 2
time: 0.248393s
Iteration 3
time: 0.247250s
Iteration 4
time: 0.246421s
Iteration 5
time: 0.247723s
Iteration 6
time: 0.249760s
Iteration 7
time: 0.246327s
Iteration 8
time: 0.247181s
Iteration 9
time: 0.248595s
Iteration 10
time: 0.244759s
Iteration 11
time: 0.246101s
Iteration 12
time: 0.249105s
Iteration 13
time: 0.249207s
Iteration 14
time: 0.248502s
Iteration 15
time: 0.248676s
Iteration 16
time: 0.247000s
Iteration 17
time: 0.248767s
Iteration 18
time: 0.248633s
Iteration 19
time: 0.249634s
Iteration 20
time: 0.251589s
Iteration 21
time: 0.247738s
Iteration 22
time: 0.248957s
Iteration 23
time: 0.247886s
Iteration 24
time: 0.261921s
3: Starting numprocs=8 N=6000, M=6000 impl=g-rabenseifner-subgroup-8
0: Starting numprocs=8 N=6000, M=6000 impl=g-rabenseifner-subgroup-8
Iteration 0
5: Starting numprocs=8 N=6000, M=6000 impl=g-rabenseifner-subgroup-8
1: Starting numprocs=8 N=6000, M=6000 impl=g-rabenseifner-subgroup-8
4: Starting numprocs=8 N=6000, M=6000 impl=g-rabenseifner-subgroup-8
7: Starting numprocs=8 N=6000, M=6000 impl=g-rabenseifner-subgroup-8
6: Starting numprocs=8 N=6000, M=6000 impl=g-rabenseifner-subgroup-8
2: Starting numprocs=8 N=6000, M=6000 impl=g-rabenseifner-subgroup-8
time: 0.249643s
Iteration 1
time: 0.237239s
Iteration 2
time: 0.239523s
Iteration 3
time: 0.239635s
Iteration 4
time: 0.240463s
Iteration 5
time: 0.241003s
Iteration 6
time: 0.240457s
Iteration 7
time: 0.240656s
Iteration 8
time: 0.239926s
Iteration 9
time: 0.240785s
Iteration 10
time: 0.240414s
Iteration 11
time: 0.239686s
Iteration 12
time: 0.241166s
Iteration 13
time: 0.240358s
Iteration 14
time: 0.240067s
Iteration 15
time: 0.240596s
Iteration 16
time: 0.240341s
Iteration 17
time: 0.242356s
Iteration 18
time: 0.241451s
Iteration 19
time: 0.241976s
Iteration 20
time: 0.240834s
Iteration 21
time: 0.240759s
Iteration 22
time: 0.241531s
Iteration 23
time: 0.240914s
Iteration 24
time: 0.243149s
3: Starting numprocs=8 N=7000, M=7000 impl=allgather
5: Starting numprocs=8 N=7000, M=7000 impl=allgather
0: Starting numprocs=8 N=7000, M=7000 impl=allgather
Iteration 0
1: Starting numprocs=8 N=7000, M=7000 impl=allgather
4: Starting numprocs=8 N=7000, M=7000 impl=allgather
7: Starting numprocs=8 N=7000, M=7000 impl=allgather
2: Starting numprocs=8 N=7000, M=7000 impl=allgather
6: Starting numprocs=8 N=7000, M=7000 impl=allgather
time: 0.411648s
Iteration 1
time: 0.412583s
Iteration 2
time: 0.413148s
Iteration 3
time: 0.412651s
Iteration 4
time: 0.413510s
Iteration 5
time: 0.412978s
Iteration 6
time: 0.414010s
Iteration 7
time: 0.412018s
Iteration 8
time: 0.413496s
Iteration 9
time: 0.411808s
Iteration 10
time: 0.412977s
Iteration 11
time: 0.412655s
Iteration 12
time: 0.413565s
Iteration 13
time: 0.413369s
Iteration 14
time: 0.412886s
Iteration 15
time: 0.412469s
Iteration 16
time: 0.412646s
Iteration 17
time: 0.412867s
Iteration 18
time: 0.413874s
Iteration 19
time: 0.412275s
Iteration 20
time: 0.413376s
Iteration 21
time: 0.413475s
Iteration 22
time: 0.408472s
Iteration 23
time: 0.407551s
Iteration 24
time: 0.408516s
3: Starting numprocs=8 N=7000, M=7000 impl=allreduce
5: Starting numprocs=8 N=7000, M=7000 impl=allreduce
0: Starting numprocs=8 N=7000, M=7000 impl=allreduce
Iteration 0
1: Starting numprocs=8 N=7000, M=7000 impl=allreduce
6: Starting numprocs=8 N=7000, M=7000 impl=allreduce
4: Starting numprocs=8 N=7000, M=7000 impl=allreduce
2: Starting numprocs=8 N=7000, M=7000 impl=allreduce
7: Starting numprocs=8 N=7000, M=7000 impl=allreduce
time: 1.110582s
Iteration 1
time: 0.994215s
Iteration 2
time: 0.989154s
Iteration 3
time: 0.987698s
Iteration 4
time: 0.994661s
Iteration 5
time: 0.994081s
Iteration 6
time: 0.996754s
Iteration 7
time: 0.981431s
Iteration 8
time: 1.001214s
Iteration 9
time: 0.987154s
Iteration 10
time: 0.991023s
Iteration 11
time: 0.995651s
Iteration 12
time: 1.000754s
Iteration 13
time: 0.987431s
Iteration 14
time: 0.987104s
Iteration 15
time: 0.993350s
Iteration 16
time: 0.999588s
Iteration 17
time: 1.009121s
Iteration 18
time: 0.986315s
Iteration 19
time: 0.993840s
Iteration 20
time: 2.128665s
Iteration 21
time: 0.988889s
Iteration 22
time: 1.007880s
Iteration 23
time: 1.063703s
Iteration 24
time: 1.045657s
3: Starting numprocs=8 N=7000, M=7000 impl=allreduce-ring
0: Starting numprocs=8 N=7000, M=7000 impl=allreduce-ring
Iteration 0
1: Starting numprocs=8 N=7000, M=7000 impl=allreduce-ring
5: Starting numprocs=8 N=7000, M=7000 impl=allreduce-ring
6: Starting numprocs=8 N=7000, M=7000 impl=allreduce-ring
4: Starting numprocs=8 N=7000, M=7000 impl=allreduce-ring
2: Starting numprocs=8 N=7000, M=7000 impl=allreduce-ring
7: Starting numprocs=8 N=7000, M=7000 impl=allreduce-ring
time: 0.922476s
Iteration 1
time: 0.764668s
Iteration 2
time: 0.787338s
Iteration 3
time: 0.782819s
Iteration 4
time: 0.779897s
Iteration 5
time: 0.789466s
Iteration 6
time: 0.778299s
Iteration 7
time: 0.781583s
Iteration 8
time: 0.786055s
Iteration 9
time: 0.789234s
Iteration 10
time: 0.785445s
Iteration 11
time: 0.785281s
Iteration 12
time: 0.782605s
Iteration 13
time: 0.818120s
Iteration 14
time: 0.791208s
Iteration 15
time: 0.782457s
Iteration 16
time: 0.786610s
Iteration 17
time: 0.785548s
Iteration 18
time: 0.791465s
Iteration 19
time: 0.782000s
Iteration 20
time: 0.787714s
Iteration 21
time: 0.794325s
Iteration 22
time: 0.814462s
Iteration 23
time: 0.788698s
Iteration 24
time: 0.804828s
0: Starting numprocs=8 N=7000, M=7000 impl=g-rabenseifner-allgather
Iteration 0
1: Starting numprocs=8 N=7000, M=7000 impl=g-rabenseifner-allgather
3: Starting numprocs=8 N=7000, M=7000 impl=g-rabenseifner-allgather
5: Starting numprocs=8 N=7000, M=7000 impl=g-rabenseifner-allgather
6: Starting numprocs=8 N=7000, M=7000 impl=g-rabenseifner-allgather
4: Starting numprocs=8 N=7000, M=7000 impl=g-rabenseifner-allgather
2: Starting numprocs=8 N=7000, M=7000 impl=g-rabenseifner-allgather
7: Starting numprocs=8 N=7000, M=7000 impl=g-rabenseifner-allgather
time: 0.380050s
Iteration 1
time: 0.332941s
Iteration 2
time: 0.333565s
Iteration 3
time: 0.333724s
Iteration 4
time: 0.332347s
Iteration 5
time: 0.333453s
Iteration 6
time: 0.332607s
Iteration 7
time: 0.333033s
Iteration 8
time: 0.332955s
Iteration 9
time: 0.333215s
Iteration 10
time: 0.332469s
Iteration 11
time: 0.332998s
Iteration 12
time: 0.334409s
Iteration 13
time: 0.333812s
Iteration 14
time: 0.336611s
Iteration 15
time: 0.332329s
Iteration 16
time: 0.334159s
Iteration 17
time: 0.332256s
Iteration 18
time: 0.332101s
Iteration 19
time: 0.332358s
Iteration 20
time: 0.332299s
Iteration 21
time: 0.334121s
Iteration 22
time: 0.334044s
Iteration 23
time: 0.332990s
Iteration 24
time: 0.332464s
3: Starting numprocs=8 N=7000, M=7000 impl=g-rabenseifner-subgroup-2
0: Starting numprocs=8 N=7000, M=7000 impl=g-rabenseifner-subgroup-2
Iteration 0
1: Starting numprocs=8 N=7000, M=7000 impl=g-rabenseifner-subgroup-2
2: Starting numprocs=8 N=7000, M=7000 impl=g-rabenseifner-subgroup-2
5: Starting numprocs=8 N=7000, M=7000 impl=g-rabenseifner-subgroup-2
4: Starting numprocs=8 N=7000, M=7000 impl=g-rabenseifner-subgroup-2
7: Starting numprocs=8 N=7000, M=7000 impl=g-rabenseifner-subgroup-2
6: Starting numprocs=8 N=7000, M=7000 impl=g-rabenseifner-subgroup-2
time: 0.398368s
Iteration 1
time: 0.338368s
Iteration 2
time: 0.342001s
Iteration 3
time: 0.337979s
Iteration 4
time: 0.338617s
Iteration 5
time: 0.338980s
Iteration 6
time: 0.338828s
Iteration 7
time: 0.342061s
Iteration 8
time: 0.338104s
Iteration 9
time: 0.341847s
Iteration 10
time: 0.338072s
Iteration 11
time: 0.340442s
Iteration 12
time: 0.338635s
Iteration 13
time: 0.345067s
Iteration 14
time: 0.340739s
Iteration 15
time: 0.338900s
Iteration 16
time: 0.340958s
Iteration 17
time: 0.343193s
Iteration 18
time: 0.340043s
Iteration 19
time: 0.338220s
Iteration 20
time: 0.339870s
Iteration 21
time: 0.340766s
Iteration 22
time: 0.340821s
Iteration 23
time: 0.340722s
Iteration 24
time: 0.339920s
3: Starting numprocs=8 N=7000, M=7000 impl=g-rabenseifner-subgroup-4
0: Starting numprocs=8 N=7000, M=7000 impl=g-rabenseifner-subgroup-4
Iteration 0
4: Starting numprocs=8 N=7000, M=7000 impl=g-rabenseifner-subgroup-4
1: Starting numprocs=8 N=7000, M=7000 impl=g-rabenseifner-subgroup-4
5: Starting numprocs=8 N=7000, M=7000 impl=g-rabenseifner-subgroup-4
6: Starting numprocs=8 N=7000, M=7000 impl=g-rabenseifner-subgroup-4
2: Starting numprocs=8 N=7000, M=7000 impl=g-rabenseifner-subgroup-4
7: Starting numprocs=8 N=7000, M=7000 impl=g-rabenseifner-subgroup-4
time: 0.373475s
Iteration 1
time: 0.342051s
Iteration 2
time: 0.340754s
Iteration 3
time: 0.337185s
Iteration 4
time: 0.340653s
Iteration 5
time: 0.339510s
Iteration 6
time: 0.336064s
Iteration 7
time: 0.339198s
Iteration 8
time: 0.339418s
Iteration 9
time: 0.339225s
Iteration 10
time: 0.337275s
Iteration 11
time: 0.338851s
Iteration 12
time: 0.338794s
Iteration 13
time: 0.339937s
Iteration 14
time: 0.338817s
Iteration 15
time: 0.339855s
Iteration 16
time: 0.341248s
Iteration 17
time: 0.339383s
Iteration 18
time: 0.342546s
Iteration 19
time: 0.343081s
Iteration 20
time: 0.338462s
Iteration 21
time: 0.338844s
Iteration 22
time: 0.338722s
Iteration 23
time: 0.340069s
Iteration 24
time: 0.343487s
3: Starting numprocs=8 N=7000, M=7000 impl=g-rabenseifner-subgroup-8
0: Starting numprocs=8 N=7000, M=7000 impl=g-rabenseifner-subgroup-8
Iteration 0
1: Starting numprocs=8 N=7000, M=7000 impl=g-rabenseifner-subgroup-8
6: Starting numprocs=8 N=7000, M=7000 impl=g-rabenseifner-subgroup-8
5: Starting numprocs=8 N=7000, M=7000 impl=g-rabenseifner-subgroup-8
4: Starting numprocs=8 N=7000, M=7000 impl=g-rabenseifner-subgroup-8
2: Starting numprocs=8 N=7000, M=7000 impl=g-rabenseifner-subgroup-8
7: Starting numprocs=8 N=7000, M=7000 impl=g-rabenseifner-subgroup-8
time: 0.332646s
Iteration 1
time: 0.325636s
Iteration 2
time: 0.323409s
Iteration 3
time: 0.325755s
Iteration 4
time: 0.325626s
Iteration 5
time: 0.326158s
Iteration 6
time: 0.326029s
Iteration 7
time: 0.331334s
Iteration 8
time: 0.332333s
Iteration 9
time: 0.330668s
Iteration 10
time: 0.331025s
Iteration 11
time: 0.331421s
Iteration 12
time: 0.330580s
Iteration 13
time: 0.331710s
Iteration 14
time: 0.328123s
Iteration 15
time: 0.325036s
Iteration 16
time: 0.328386s
Iteration 17
time: 0.327069s
Iteration 18
time: 0.325883s
Iteration 19
time: 0.326301s
Iteration 20
time: 0.326348s
Iteration 21
time: 0.324976s
Iteration 22
time: 0.323657s
Iteration 23
time: 0.327599s
Iteration 24
time: 0.329583s
0: Starting numprocs=8 N=8000, M=8000 impl=allgather
Iteration 0
3: Starting numprocs=8 N=8000, M=8000 impl=allgather
1: Starting numprocs=8 N=8000, M=8000 impl=allgather
4: Starting numprocs=8 N=8000, M=8000 impl=allgather
5: Starting numprocs=8 N=8000, M=8000 impl=allgather
6: Starting numprocs=8 N=8000, M=8000 impl=allgather
2: Starting numprocs=8 N=8000, M=8000 impl=allgather
7: Starting numprocs=8 N=8000, M=8000 impl=allgather
time: 0.533857s
Iteration 1
time: 0.537194s
Iteration 2
time: 0.536904s
Iteration 3
time: 0.547073s
Iteration 4
time: 0.549121s
Iteration 5
time: 0.541979s
Iteration 6
time: 0.536222s
Iteration 7
time: 0.536497s
Iteration 8
time: 0.536452s
Iteration 9
time: 0.536422s
Iteration 10
time: 0.540391s
Iteration 11
time: 0.531991s
Iteration 12
time: 0.532084s
Iteration 13
time: 0.544896s
Iteration 14
time: 0.527031s
Iteration 15
time: 0.526440s
Iteration 16
time: 0.531468s
Iteration 17
time: 0.526530s
Iteration 18
time: 0.528984s
Iteration 19
time: 0.526387s
Iteration 20
time: 0.525372s
Iteration 21
time: 0.527175s
Iteration 22
time: 0.524452s
Iteration 23
time: 0.529144s
Iteration 24
time: 0.523441s
3: Starting numprocs=8 N=8000, M=8000 impl=allreduce
1: Starting numprocs=8 N=8000, M=8000 impl=allreduce
0: Starting numprocs=8 N=8000, M=8000 impl=allreduce
Iteration 0
4: Starting numprocs=8 N=8000, M=8000 impl=allreduce
5: Starting numprocs=8 N=8000, M=8000 impl=allreduce
6: Starting numprocs=8 N=8000, M=8000 impl=allreduce
2: Starting numprocs=8 N=8000, M=8000 impl=allreduce
7: Starting numprocs=8 N=8000, M=8000 impl=allreduce
time: 1.455680s
Iteration 1
time: 1.334173s
Iteration 2
time: 1.298744s
Iteration 3
time: 1.296888s
Iteration 4
time: 1.296773s
Iteration 5
time: 1.333382s
Iteration 6
time: 1.290888s
Iteration 7
time: 1.293939s
Iteration 8
time: 1.293509s
Iteration 9
time: 1.311776s
Iteration 10
time: 1.306116s
Iteration 11
time: 1.307860s
Iteration 12
time: 1.301847s
Iteration 13
time: 1.292408s
Iteration 14
time: 1.330341s
Iteration 15
time: 1.328049s
Iteration 16
time: 1.305349s
Iteration 17
time: 1.303826s
Iteration 18
time: 1.335132s
Iteration 19
time: 1.302513s
Iteration 20
time: 1.291536s
Iteration 21
time: 1.301729s
Iteration 22
time: 1.346967s
Iteration 23
time: 1.309168s
Iteration 24
time: 1.303685s
3: Starting numprocs=8 N=8000, M=8000 impl=allreduce-ring
0: Starting numprocs=8 N=8000, M=8000 impl=allreduce-ring
Iteration 0
4: Starting numprocs=8 N=8000, M=8000 impl=allreduce-ring
1: Starting numprocs=8 N=8000, M=8000 impl=allreduce-ring
5: Starting numprocs=8 N=8000, M=8000 impl=allreduce-ring
2: Starting numprocs=8 N=8000, M=8000 impl=allreduce-ring
6: Starting numprocs=8 N=8000, M=8000 impl=allreduce-ring
7: Starting numprocs=8 N=8000, M=8000 impl=allreduce-ring
time: 1.200338s
Iteration 1
time: 1.026040s
Iteration 2
time: 1.020026s
Iteration 3
time: 1.029766s
Iteration 4
time: 1.028890s
Iteration 5
time: 1.031706s
Iteration 6
time: 1.037632s
Iteration 7
time: 1.021172s
Iteration 8
time: 1.020667s
Iteration 9
time: 1.029283s
Iteration 10
time: 1.030151s
Iteration 11
time: 1.039520s
Iteration 12
time: 1.036845s
Iteration 13
time: 1.025803s
Iteration 14
time: 1.025535s
Iteration 15
time: 1.020043s
Iteration 16
time: 1.041030s
Iteration 17
time: 1.026132s
Iteration 18
time: 1.024660s
Iteration 19
time: 1.032997s
Iteration 20
time: 1.023428s
Iteration 21
time: 1.037416s
Iteration 22
time: 1.020355s
Iteration 23
time: 1.050435s
Iteration 24
time: 1.025305s
3: Starting numprocs=8 N=8000, M=8000 impl=g-rabenseifner-allgather
0: Starting numprocs=8 N=8000, M=8000 impl=g-rabenseifner-allgather
Iteration 0
1: Starting numprocs=8 N=8000, M=8000 impl=g-rabenseifner-allgather
4: Starting numprocs=8 N=8000, M=8000 impl=g-rabenseifner-allgather
5: Starting numprocs=8 N=8000, M=8000 impl=g-rabenseifner-allgather
7: Starting numprocs=8 N=8000, M=8000 impl=g-rabenseifner-allgather
2: Starting numprocs=8 N=8000, M=8000 impl=g-rabenseifner-allgather
6: Starting numprocs=8 N=8000, M=8000 impl=g-rabenseifner-allgather
time: 0.492070s
Iteration 1
time: 0.435827s
Iteration 2
time: 0.433824s
Iteration 3
time: 0.435731s
Iteration 4
time: 0.436117s
Iteration 5
time: 0.434923s
Iteration 6
time: 0.437783s
Iteration 7
time: 0.437540s
Iteration 8
time: 0.437411s
Iteration 9
time: 0.434919s
Iteration 10
time: 0.435257s
Iteration 11
time: 0.437023s
Iteration 12
time: 0.435236s
Iteration 13
time: 0.434804s
Iteration 14
time: 0.435117s
Iteration 15
time: 0.435673s
Iteration 16
time: 0.436451s
Iteration 17
time: 0.439142s
Iteration 18
time: 0.434766s
Iteration 19
time: 0.435510s
Iteration 20
time: 0.436350s
Iteration 21
time: 0.438125s
Iteration 22
time: 0.435675s
Iteration 23
time: 0.435195s
Iteration 24
time: 0.438093s
3: Starting numprocs=8 N=8000, M=8000 impl=g-rabenseifner-subgroup-2
0: Starting numprocs=8 N=8000, M=8000 impl=g-rabenseifner-subgroup-2
Iteration 0
1: Starting numprocs=8 N=8000, M=8000 impl=g-rabenseifner-subgroup-2
4: Starting numprocs=8 N=8000, M=8000 impl=g-rabenseifner-subgroup-2
5: Starting numprocs=8 N=8000, M=8000 impl=g-rabenseifner-subgroup-2
2: Starting numprocs=8 N=8000, M=8000 impl=g-rabenseifner-subgroup-2
6: Starting numprocs=8 N=8000, M=8000 impl=g-rabenseifner-subgroup-2
7: Starting numprocs=8 N=8000, M=8000 impl=g-rabenseifner-subgroup-2
time: 0.516103s
Iteration 1
time: 0.443572s
Iteration 2
time: 0.444686s
Iteration 3
time: 0.447108s
Iteration 4
time: 0.447045s
Iteration 5
time: 0.447329s
Iteration 6
time: 0.443488s
Iteration 7
time: 0.443600s
Iteration 8
time: 0.442173s
Iteration 9
time: 0.447199s
Iteration 10
time: 0.441540s
Iteration 11
time: 0.450331s
Iteration 12
time: 0.443434s
Iteration 13
time: 0.444642s
Iteration 14
time: 0.452065s
Iteration 15
time: 0.445917s
Iteration 16
time: 0.449511s
Iteration 17
time: 0.444469s
Iteration 18
time: 0.445130s
Iteration 19
time: 0.442034s
Iteration 20
time: 0.447850s
Iteration 21
time: 0.443059s
Iteration 22
time: 0.442248s
Iteration 23
time: 0.446314s
Iteration 24
time: 0.445535s
3: Starting numprocs=8 N=8000, M=8000 impl=g-rabenseifner-subgroup-4
0: Starting numprocs=8 N=8000, M=8000 impl=g-rabenseifner-subgroup-4
Iteration 0
1: Starting numprocs=8 N=8000, M=8000 impl=g-rabenseifner-subgroup-4
4: Starting numprocs=8 N=8000, M=8000 impl=g-rabenseifner-subgroup-4
5: Starting numprocs=8 N=8000, M=8000 impl=g-rabenseifner-subgroup-4
6: Starting numprocs=8 N=8000, M=8000 impl=g-rabenseifner-subgroup-4
2: Starting numprocs=8 N=8000, M=8000 impl=g-rabenseifner-subgroup-4
7: Starting numprocs=8 N=8000, M=8000 impl=g-rabenseifner-subgroup-4
time: 0.489546s
Iteration 1
time: 0.447513s
Iteration 2
time: 0.447109s
Iteration 3
time: 0.442783s
Iteration 4
time: 0.441270s
Iteration 5
time: 0.442179s
Iteration 6
time: 0.445633s
Iteration 7
time: 0.440090s
Iteration 8
time: 0.440116s
Iteration 9
time: 0.443577s
Iteration 10
time: 0.449570s
Iteration 11
time: 0.447016s
Iteration 12
time: 0.444608s
Iteration 13
time: 0.444496s
Iteration 14
time: 0.445947s
Iteration 15
time: 0.444533s
Iteration 16
time: 0.444302s
Iteration 17
time: 0.442653s
Iteration 18
time: 0.442758s
Iteration 19
time: 0.442300s
Iteration 20
time: 0.445415s
Iteration 21
time: 0.441705s
Iteration 22
time: 0.440927s
Iteration 23
time: 0.439835s
Iteration 24
time: 0.440330s
3: Starting numprocs=8 N=8000, M=8000 impl=g-rabenseifner-subgroup-8
0: Starting numprocs=8 N=8000, M=8000 impl=g-rabenseifner-subgroup-8
Iteration 0
4: Starting numprocs=8 N=8000, M=8000 impl=g-rabenseifner-subgroup-8
2: Starting numprocs=8 N=8000, M=8000 impl=g-rabenseifner-subgroup-8
5: Starting numprocs=8 N=8000, M=8000 impl=g-rabenseifner-subgroup-8
6: Starting numprocs=8 N=8000, M=8000 impl=g-rabenseifner-subgroup-8
7: Starting numprocs=8 N=8000, M=8000 impl=g-rabenseifner-subgroup-8
1: Starting numprocs=8 N=8000, M=8000 impl=g-rabenseifner-subgroup-8
time: 0.450646s
Iteration 1
time: 0.423066s
Iteration 2
time: 0.423941s
Iteration 3
time: 0.422996s
Iteration 4
time: 0.423086s
Iteration 5
time: 0.422308s
Iteration 6
time: 0.423080s
Iteration 7
time: 0.429284s
Iteration 8
time: 0.423636s
Iteration 9
time: 0.424983s
Iteration 10
time: 0.426672s
Iteration 11
time: 0.428616s
Iteration 12
time: 0.428345s
Iteration 13
time: 0.429586s
Iteration 14
time: 0.423672s
Iteration 15
time: 0.426647s
Iteration 16
time: 0.425882s
Iteration 17
time: 0.426407s
Iteration 18
time: 0.429510s
Iteration 19
time: 0.424263s
Iteration 20
time: 0.425883s
Iteration 21
time: 0.425558s
Iteration 22
time: 0.430666s
Iteration 23
time: 0.425454s
Iteration 24
time: 0.425437s
