2: Starting numprocs=8 N=1000, M=1000 impl=allgather
6: Starting numprocs=8 N=1000, M=1000 impl=allgather
5: Starting numprocs=8 N=1000, M=1000 impl=allgather
0: Starting numprocs=8 N=1000, M=1000 impl=allgather
Iteration 0
7: Starting numprocs=8 N=1000, M=1000 impl=allgather
3: Starting numprocs=8 N=1000, M=1000 impl=allgather
4: Starting numprocs=8 N=1000, M=1000 impl=allgather
1: Starting numprocs=8 N=1000, M=1000 impl=allgather
time: 0.019466s
Iteration 1
time: 0.008075s
Iteration 2
time: 0.007626s
Iteration 3
time: 0.007595s
Iteration 4
time: 0.007652s
Iteration 5
time: 0.007594s
Iteration 6
time: 0.007626s
Iteration 7
time: 0.007604s
Iteration 8
time: 0.007650s
Iteration 9
time: 0.007925s
Iteration 10
time: 0.007586s
Iteration 11
time: 0.007549s
Iteration 12
time: 0.007508s
Iteration 13
time: 0.007556s
Iteration 14
time: 0.007587s
Iteration 15
time: 0.007545s
Iteration 16
time: 0.007990s
Iteration 17
time: 0.007488s
Iteration 18
time: 0.007522s
Iteration 19
time: 0.007510s
Iteration 20
time: 0.007520s
Iteration 21
time: 0.007500s
Iteration 22
time: 0.007494s
Iteration 23
time: 0.007378s
Iteration 24
time: 0.007523s
6: Starting numprocs=8 N=1000, M=1000 impl=allreduce
7: Starting numprocs=8 N=1000, M=1000 impl=allreduce
0: Starting numprocs=8 N=1000, M=1000 impl=allreduce
Iteration 0
4: Starting numprocs=8 N=1000, M=1000 impl=allreduce
5: Starting numprocs=8 N=1000, M=1000 impl=allreduce
3: Starting numprocs=8 N=1000, M=1000 impl=allreduce
2: Starting numprocs=8 N=1000, M=1000 impl=allreduce
1: Starting numprocs=8 N=1000, M=1000 impl=allreduce
time: 0.032781s
Iteration 1
time: 0.022712s
Iteration 2
time: 0.016417s
Iteration 3
time: 0.016647s
Iteration 4
time: 0.016802s
Iteration 5
time: 0.016212s
Iteration 6
time: 0.015659s
Iteration 7
time: 0.015434s
Iteration 8
time: 0.015861s
Iteration 9
time: 0.015176s
Iteration 10
time: 0.015212s
Iteration 11
time: 0.015596s
Iteration 12
time: 0.016193s
Iteration 13
time: 0.016006s
Iteration 14
time: 0.015754s
Iteration 15
time: 0.016162s
Iteration 16
time: 0.015268s
Iteration 17
time: 0.015377s
Iteration 18
time: 0.015288s
Iteration 19
time: 0.015640s
Iteration 20
time: 0.015571s
Iteration 21
time: 0.015364s
Iteration 22
time: 0.016451s
Iteration 23
time: 0.015460s
Iteration 24
time: 0.015629s
0: Starting numprocs=8 N=1000, M=1000 impl=allreduce-ring
Iteration 0
4: Starting numprocs=8 N=1000, M=1000 impl=allreduce-ring
6: Starting numprocs=8 N=1000, M=1000 impl=allreduce-ring
7: Starting numprocs=8 N=1000, M=1000 impl=allreduce-ring
5: Starting numprocs=8 N=1000, M=1000 impl=allreduce-ring
1: Starting numprocs=8 N=1000, M=1000 impl=allreduce-ring
3: Starting numprocs=8 N=1000, M=1000 impl=allreduce-ring
2: Starting numprocs=8 N=1000, M=1000 impl=allreduce-ring
time: 0.021865s
Iteration 1
time: 0.014147s
Iteration 2
time: 0.013786s
Iteration 3
time: 0.013690s
Iteration 4
time: 0.014204s
Iteration 5
time: 0.014121s
Iteration 6
time: 0.014000s
Iteration 7
time: 0.014844s
Iteration 8
time: 0.014334s
Iteration 9
time: 0.013705s
Iteration 10
time: 0.013666s
Iteration 11
time: 0.013635s
Iteration 12
time: 0.014171s
Iteration 13
time: 0.013888s
Iteration 14
time: 0.014491s
Iteration 15
time: 0.013961s
Iteration 16
time: 0.014184s
Iteration 17
time: 0.013923s
Iteration 18
time: 0.013953s
Iteration 19
time: 0.013577s
Iteration 20
time: 0.013950s
Iteration 21
time: 0.014022s
Iteration 22
time: 0.013899s
Iteration 23
time: 0.013930s
Iteration 24
time: 0.014201s
0: Starting numprocs=8 N=1000, M=1000 impl=g-rabenseifner-allgather
Iteration 0
6: Starting numprocs=8 N=1000, M=1000 impl=g-rabenseifner-allgather
4: Starting numprocs=8 N=1000, M=1000 impl=g-rabenseifner-allgather
7: Starting numprocs=8 N=1000, M=1000 impl=g-rabenseifner-allgather
5: Starting numprocs=8 N=1000, M=1000 impl=g-rabenseifner-allgather
3: Starting numprocs=8 N=1000, M=1000 impl=g-rabenseifner-allgather
2: Starting numprocs=8 N=1000, M=1000 impl=g-rabenseifner-allgather
1: Starting numprocs=8 N=1000, M=1000 impl=g-rabenseifner-allgather
time: 0.018323s
Iteration 1
time: 0.007007s
Iteration 2
time: 0.006978s
Iteration 3
time: 0.007010s
Iteration 4
time: 0.007053s
Iteration 5
time: 0.007002s
Iteration 6
time: 0.007724s
Iteration 7
time: 0.007421s
Iteration 8
time: 0.006974s
Iteration 9
time: 0.006965s
Iteration 10
time: 0.007492s
Iteration 11
time: 0.007197s
Iteration 12
time: 0.006990s
Iteration 13
time: 0.006978s
Iteration 14
time: 0.006961s
Iteration 15
time: 0.006969s
Iteration 16
time: 0.006970s
Iteration 17
time: 0.006995s
Iteration 18
time: 0.006977s
Iteration 19
time: 0.006989s
Iteration 20
time: 0.006969s
Iteration 21
time: 0.006972s
Iteration 22
time: 0.007013s
Iteration 23
time: 0.007045s
Iteration 24
time: 0.007473s
0: Starting numprocs=8 N=1000, M=1000 impl=g-rabenseifner-subgroup-2
Iteration 0
6: Starting numprocs=8 N=1000, M=1000 impl=g-rabenseifner-subgroup-2
2: Starting numprocs=8 N=1000, M=1000 impl=g-rabenseifner-subgroup-2
4: Starting numprocs=8 N=1000, M=1000 impl=g-rabenseifner-subgroup-2
7: Starting numprocs=8 N=1000, M=1000 impl=g-rabenseifner-subgroup-2
5: Starting numprocs=8 N=1000, M=1000 impl=g-rabenseifner-subgroup-2
3: Starting numprocs=8 N=1000, M=1000 impl=g-rabenseifner-subgroup-2
1: Starting numprocs=8 N=1000, M=1000 impl=g-rabenseifner-subgroup-2
time: 0.025929s
Iteration 1
time: 0.007041s
Iteration 2
time: 0.007008s
Iteration 3
time: 0.007481s
Iteration 4
time: 0.006976s
Iteration 5
time: 0.006991s
Iteration 6
time: 0.006976s
Iteration 7
time: 0.007025s
Iteration 8
time: 0.007080s
Iteration 9
time: 0.007032s
Iteration 10
time: 0.007071s
Iteration 11
time: 0.007051s
Iteration 12
time: 0.007075s
Iteration 13
time: 0.007512s
Iteration 14
time: 0.007100s
Iteration 15
time: 0.007132s
Iteration 16
time: 0.007121s
Iteration 17
time: 0.007499s
Iteration 18
time: 0.007105s
Iteration 19
time: 0.007164s
Iteration 20
time: 0.007116s
Iteration 21
time: 0.007131s
Iteration 22
time: 0.007034s
Iteration 23
time: 0.007037s
Iteration 24
time: 0.007025s
0: Starting numprocs=8 N=1000, M=1000 impl=g-rabenseifner-subgroup-4
Iteration 0
6: Starting numprocs=8 N=1000, M=1000 impl=g-rabenseifner-subgroup-4
4: Starting numprocs=8 N=1000, M=1000 impl=g-rabenseifner-subgroup-4
7: Starting numprocs=8 N=1000, M=1000 impl=g-rabenseifner-subgroup-4
5: Starting numprocs=8 N=1000, M=1000 impl=g-rabenseifner-subgroup-4
1: Starting numprocs=8 N=1000, M=1000 impl=g-rabenseifner-subgroup-4
2: Starting numprocs=8 N=1000, M=1000 impl=g-rabenseifner-subgroup-4
3: Starting numprocs=8 N=1000, M=1000 impl=g-rabenseifner-subgroup-4
time: 0.016295s
Iteration 1
time: 0.006950s
Iteration 2
time: 0.006981s
Iteration 3
time: 0.007293s
Iteration 4
time: 0.007024s
Iteration 5
time: 0.007059s
Iteration 6
time: 0.007023s
Iteration 7
time: 0.006989s
Iteration 8
time: 0.007113s
Iteration 9
time: 0.006947s
Iteration 10
time: 0.006933s
Iteration 11
time: 0.006972s
Iteration 12
time: 0.006993s
Iteration 13
time: 0.006972s
Iteration 14
time: 0.007016s
Iteration 15
time: 0.007010s
Iteration 16
time: 0.007042s
Iteration 17
time: 0.007046s
Iteration 18
time: 0.007011s
Iteration 19
time: 0.007523s
Iteration 20
time: 0.007010s
Iteration 21
time: 0.006999s
Iteration 22
time: 0.006980s
Iteration 23
time: 0.007509s
Iteration 24
time: 0.007007s
6: Starting numprocs=8 N=1000, M=1000 impl=g-rabenseifner-subgroup-8
2: Starting numprocs=8 N=1000, M=1000 impl=g-rabenseifner-subgroup-8
7: Starting numprocs=8 N=1000, M=1000 impl=g-rabenseifner-subgroup-8
4: Starting numprocs=8 N=1000, M=1000 impl=g-rabenseifner-subgroup-8
5: Starting numprocs=8 N=1000, M=1000 impl=g-rabenseifner-subgroup-8
0: Starting numprocs=8 N=1000, M=1000 impl=g-rabenseifner-subgroup-8
Iteration 0
3: Starting numprocs=8 N=1000, M=1000 impl=g-rabenseifner-subgroup-8
1: Starting numprocs=8 N=1000, M=1000 impl=g-rabenseifner-subgroup-8
time: 0.015097s
Iteration 1
time: 0.006603s
Iteration 2
time: 0.006620s
Iteration 3
time: 0.006631s
Iteration 4
time: 0.006601s
Iteration 5
time: 0.006598s
Iteration 6
time: 0.006830s
Iteration 7
time: 0.006819s
Iteration 8
time: 0.006762s
Iteration 9
time: 0.006759s
Iteration 10
time: 0.007267s
Iteration 11
time: 0.006794s
Iteration 12
time: 0.006764s
Iteration 13
time: 0.006760s
Iteration 14
time: 0.006766s
Iteration 15
time: 0.006747s
Iteration 16
time: 0.007230s
Iteration 17
time: 0.006878s
Iteration 18
time: 0.006938s
Iteration 19
time: 0.006995s
Iteration 20
time: 0.006926s
Iteration 21
time: 0.006929s
Iteration 22
time: 0.006919s
Iteration 23
time: 0.006913s
Iteration 24
time: 0.006947s
0: Starting numprocs=8 N=2000, M=2000 impl=allgather
Iteration 0
2: Starting numprocs=8 N=2000, M=2000 impl=allgather
6: Starting numprocs=8 N=2000, M=2000 impl=allgather
4: Starting numprocs=8 N=2000, M=2000 impl=allgather
3: Starting numprocs=8 N=2000, M=2000 impl=allgather
7: Starting numprocs=8 N=2000, M=2000 impl=allgather
5: Starting numprocs=8 N=2000, M=2000 impl=allgather
1: Starting numprocs=8 N=2000, M=2000 impl=allgather
time: 0.041773s
Iteration 1
time: 0.029745s
Iteration 2
time: 0.029643s
Iteration 3
time: 0.030415s
Iteration 4
time: 0.030081s
Iteration 5
time: 0.030754s
Iteration 6
time: 0.030870s
Iteration 7
time: 0.031306s
Iteration 8
time: 0.029836s
Iteration 9
time: 0.029845s
Iteration 10
time: 0.029862s
Iteration 11
time: 0.030395s
Iteration 12
time: 0.029848s
Iteration 13
time: 0.030941s
Iteration 14
time: 0.031907s
Iteration 15
time: 0.030722s
Iteration 16
time: 0.030853s
Iteration 17
time: 0.030795s
Iteration 18
time: 0.031470s
Iteration 19
time: 0.030279s
Iteration 20
time: 0.030282s
Iteration 21
time: 0.030809s
Iteration 22
time: 0.030874s
Iteration 23
time: 0.030782s
Iteration 24
time: 0.029950s
0: Starting numprocs=8 N=2000, M=2000 impl=allreduce
Iteration 0
4: Starting numprocs=8 N=2000, M=2000 impl=allreduce
2: Starting numprocs=8 N=2000, M=2000 impl=allreduce
6: Starting numprocs=8 N=2000, M=2000 impl=allreduce
5: Starting numprocs=8 N=2000, M=2000 impl=allreduce
7: Starting numprocs=8 N=2000, M=2000 impl=allreduce
3: Starting numprocs=8 N=2000, M=2000 impl=allreduce
1: Starting numprocs=8 N=2000, M=2000 impl=allreduce
time: 0.094467s
Iteration 1
time: 0.077454s
Iteration 2
time: 0.062542s
Iteration 3
time: 0.063377s
Iteration 4
time: 0.063917s
Iteration 5
time: 0.068393s
Iteration 6
time: 0.064715s
Iteration 7
time: 0.064644s
Iteration 8
time: 0.065519s
Iteration 9
time: 0.063815s
Iteration 10
time: 0.063915s
Iteration 11
time: 0.062722s
Iteration 12
time: 0.063904s
Iteration 13
time: 0.062692s
Iteration 14
time: 0.064056s
Iteration 15
time: 0.064232s
Iteration 16
time: 0.061880s
Iteration 17
time: 0.061700s
Iteration 18
time: 0.065890s
Iteration 19
time: 0.063887s
Iteration 20
time: 0.065404s
Iteration 21
time: 0.066279s
Iteration 22
time: 0.062750s
Iteration 23
time: 0.067882s
Iteration 24
time: 0.066488s
0: Starting numprocs=8 N=2000, M=2000 impl=allreduce-ring
Iteration 0
6: Starting numprocs=8 N=2000, M=2000 impl=allreduce-ring
7: Starting numprocs=8 N=2000, M=2000 impl=allreduce-ring
4: Starting numprocs=8 N=2000, M=2000 impl=allreduce-ring
2: Starting numprocs=8 N=2000, M=2000 impl=allreduce-ring
3: Starting numprocs=8 N=2000, M=2000 impl=allreduce-ring
5: Starting numprocs=8 N=2000, M=2000 impl=allreduce-ring
1: Starting numprocs=8 N=2000, M=2000 impl=allreduce-ring
time: 0.074647s
Iteration 1
time: 0.054637s
Iteration 2
time: 0.053501s
Iteration 3
time: 0.054165s
Iteration 4
time: 0.053546s
Iteration 5
time: 0.053712s
Iteration 6
time: 0.053553s
Iteration 7
time: 0.053531s
Iteration 8
time: 0.053168s
Iteration 9
time: 0.053756s
Iteration 10
time: 0.053720s
Iteration 11
time: 0.054033s
Iteration 12
time: 0.055869s
Iteration 13
time: 0.057989s
Iteration 14
time: 0.056744s
Iteration 15
time: 0.054058s
Iteration 16
time: 0.054271s
Iteration 17
time: 0.055287s
Iteration 18
time: 0.053988s
Iteration 19
time: 0.053863s
Iteration 20
time: 0.054197s
Iteration 21
time: 0.054061s
Iteration 22
time: 0.053877s
Iteration 23
time: 0.053412s
Iteration 24
time: 0.053753s
0: Starting numprocs=8 N=2000, M=2000 impl=g-rabenseifner-allgather
Iteration 0
2: Starting numprocs=8 N=2000, M=2000 impl=g-rabenseifner-allgather
6: Starting numprocs=8 N=2000, M=2000 impl=g-rabenseifner-allgather
7: Starting numprocs=8 N=2000, M=2000 impl=g-rabenseifner-allgather
4: Starting numprocs=8 N=2000, M=2000 impl=g-rabenseifner-allgather
3: Starting numprocs=8 N=2000, M=2000 impl=g-rabenseifner-allgather
5: Starting numprocs=8 N=2000, M=2000 impl=g-rabenseifner-allgather
1: Starting numprocs=8 N=2000, M=2000 impl=g-rabenseifner-allgather
time: 0.043399s
Iteration 1
time: 0.027549s
Iteration 2
time: 0.027474s
Iteration 3
time: 0.027807s
Iteration 4
time: 0.027388s
Iteration 5
time: 0.027391s
Iteration 6
time: 0.027347s
Iteration 7
time: 0.027387s
Iteration 8
time: 0.027767s
Iteration 9
time: 0.027312s
Iteration 10
time: 0.027381s
Iteration 11
time: 0.027319s
Iteration 12
time: 0.027690s
Iteration 13
time: 0.027694s
Iteration 14
time: 0.027396s
Iteration 15
time: 0.027425s
Iteration 16
time: 0.027371s
Iteration 17
time: 0.027887s
Iteration 18
time: 0.027273s
Iteration 19
time: 0.027504s
Iteration 20
time: 0.027421s
Iteration 21
time: 0.027858s
Iteration 22
time: 0.027357s
Iteration 23
time: 0.027507s
Iteration 24
time: 0.027428s
0: Starting numprocs=8 N=2000, M=2000 impl=g-rabenseifner-subgroup-2
Iteration 0
6: Starting numprocs=8 N=2000, M=2000 impl=g-rabenseifner-subgroup-2
2: Starting numprocs=8 N=2000, M=2000 impl=g-rabenseifner-subgroup-2
4: Starting numprocs=8 N=2000, M=2000 impl=g-rabenseifner-subgroup-2
5: Starting numprocs=8 N=2000, M=2000 impl=g-rabenseifner-subgroup-2
7: Starting numprocs=8 N=2000, M=2000 impl=g-rabenseifner-subgroup-2
1: Starting numprocs=8 N=2000, M=2000 impl=g-rabenseifner-subgroup-2
3: Starting numprocs=8 N=2000, M=2000 impl=g-rabenseifner-subgroup-2
time: 0.042248s
Iteration 1
time: 0.026962s
Iteration 2
time: 0.026966s
Iteration 3
time: 0.027093s
Iteration 4
time: 0.027357s
Iteration 5
time: 0.027310s
Iteration 6
time: 0.027221s
Iteration 7
time: 0.027276s
Iteration 8
time: 0.027297s
Iteration 9
time: 0.027260s
Iteration 10
time: 0.027244s
Iteration 11
time: 0.027438s
Iteration 12
time: 0.027376s
Iteration 13
time: 0.027190s
Iteration 14
time: 0.027373s
Iteration 15
time: 0.027401s
Iteration 16
time: 0.027192s
Iteration 17
time: 0.027454s
Iteration 18
time: 0.027329s
Iteration 19
time: 0.027930s
Iteration 20
time: 0.027391s
Iteration 21
time: 0.027619s
Iteration 22
time: 0.027640s
Iteration 23
time: 0.027423s
Iteration 24
time: 0.027205s
0: Starting numprocs=8 N=2000, M=2000 impl=g-rabenseifner-subgroup-4
Iteration 0
6: Starting numprocs=8 N=2000, M=2000 impl=g-rabenseifner-subgroup-4
7: Starting numprocs=8 N=2000, M=2000 impl=g-rabenseifner-subgroup-4
2: Starting numprocs=8 N=2000, M=2000 impl=g-rabenseifner-subgroup-4
4: Starting numprocs=8 N=2000, M=2000 impl=g-rabenseifner-subgroup-4
3: Starting numprocs=8 N=2000, M=2000 impl=g-rabenseifner-subgroup-4
5: Starting numprocs=8 N=2000, M=2000 impl=g-rabenseifner-subgroup-4
1: Starting numprocs=8 N=2000, M=2000 impl=g-rabenseifner-subgroup-4
time: 0.038509s
Iteration 1
time: 0.026900s
Iteration 2
time: 0.026956s
Iteration 3
time: 0.027191s
Iteration 4
time: 0.027108s
Iteration 5
time: 0.027261s
Iteration 6
time: 0.027663s
Iteration 7
time: 0.027584s
Iteration 8
time: 0.027280s
Iteration 9
time: 0.027153s
Iteration 10
time: 0.027158s
Iteration 11
time: 0.027181s
Iteration 12
time: 0.027257s
Iteration 13
time: 0.027777s
Iteration 14
time: 0.027266s
Iteration 15
time: 0.027528s
Iteration 16
time: 0.027685s
Iteration 17
time: 0.027765s
Iteration 18
time: 0.027691s
Iteration 19
time: 0.027792s
Iteration 20
time: 0.027744s
Iteration 21
time: 0.027677s
Iteration 22
time: 0.028102s
Iteration 23
time: 0.027465s
Iteration 24
time: 0.027195s
2: Starting numprocs=8 N=2000, M=2000 impl=g-rabenseifner-subgroup-8
6: Starting numprocs=8 N=2000, M=2000 impl=g-rabenseifner-subgroup-8
0: Starting numprocs=8 N=2000, M=2000 impl=g-rabenseifner-subgroup-8
Iteration 0
7: Starting numprocs=8 N=2000, M=2000 impl=g-rabenseifner-subgroup-8
4: Starting numprocs=8 N=2000, M=2000 impl=g-rabenseifner-subgroup-8
5: Starting numprocs=8 N=2000, M=2000 impl=g-rabenseifner-subgroup-8
1: Starting numprocs=8 N=2000, M=2000 impl=g-rabenseifner-subgroup-8
3: Starting numprocs=8 N=2000, M=2000 impl=g-rabenseifner-subgroup-8
time: 0.035195s
Iteration 1
time: 0.027774s
Iteration 2
time: 0.027331s
Iteration 3
time: 0.027099s
Iteration 4
time: 0.027443s
Iteration 5
time: 0.027524s
Iteration 6
time: 0.027099s
Iteration 7
time: 0.027130s
Iteration 8
time: 0.027627s
Iteration 9
time: 0.027203s
Iteration 10
time: 0.026731s
Iteration 11
time: 0.027188s
Iteration 12
time: 0.027129s
Iteration 13
time: 0.027594s
Iteration 14
time: 0.026402s
Iteration 15
time: 0.026360s
Iteration 16
time: 0.027026s
Iteration 17
time: 0.027592s
Iteration 18
time: 0.027034s
Iteration 19
time: 0.026572s
Iteration 20
time: 0.026435s
Iteration 21
time: 0.027557s
Iteration 22
time: 0.026846s
Iteration 23
time: 0.026410s
Iteration 24
time: 0.026308s
2: Starting numprocs=8 N=3000, M=3000 impl=allgather
6: Starting numprocs=8 N=3000, M=3000 impl=allgather
4: Starting numprocs=8 N=3000, M=3000 impl=allgather
5: Starting numprocs=8 N=3000, M=3000 impl=allgather
7: Starting numprocs=8 N=3000, M=3000 impl=allgather
0: Starting numprocs=8 N=3000, M=3000 impl=allgather
Iteration 0
1: Starting numprocs=8 N=3000, M=3000 impl=allgather
3: Starting numprocs=8 N=3000, M=3000 impl=allgather
time: 0.079580s
Iteration 1
time: 0.070577s
Iteration 2
time: 0.071648s
Iteration 3
time: 0.069859s
Iteration 4
time: 0.070882s
Iteration 5
time: 0.072112s
Iteration 6
time: 0.088911s
Iteration 7
time: 0.071039s
Iteration 8
time: 0.070769s
Iteration 9
time: 0.070380s
Iteration 10
time: 0.068713s
Iteration 11
time: 0.068168s
Iteration 12
time: 0.068485s
Iteration 13
time: 0.068787s
Iteration 14
time: 0.067280s
Iteration 15
time: 0.068420s
Iteration 16
time: 0.068499s
Iteration 17
time: 0.066759s
Iteration 18
time: 0.066854s
Iteration 19
time: 0.069202s
Iteration 20
time: 0.068255s
Iteration 21
time: 0.068722s
Iteration 22
time: 0.067278s
Iteration 23
time: 0.068299s
Iteration 24
time: 0.068302s
0: Starting numprocs=8 N=3000, M=3000 impl=allreduce
Iteration 0
6: Starting numprocs=8 N=3000, M=3000 impl=allreduce
2: Starting numprocs=8 N=3000, M=3000 impl=allreduce
5: Starting numprocs=8 N=3000, M=3000 impl=allreduce
4: Starting numprocs=8 N=3000, M=3000 impl=allreduce
7: Starting numprocs=8 N=3000, M=3000 impl=allreduce
3: Starting numprocs=8 N=3000, M=3000 impl=allreduce
1: Starting numprocs=8 N=3000, M=3000 impl=allreduce
time: 0.213034s
Iteration 1
time: 0.184778s
Iteration 2
time: 0.185280s
Iteration 3
time: 0.183777s
Iteration 4
time: 0.184348s
Iteration 5
time: 0.183204s
Iteration 6
time: 0.185579s
Iteration 7
time: 0.185420s
Iteration 8
time: 0.183940s
Iteration 9
time: 0.188869s
Iteration 10
time: 0.187726s
Iteration 11
time: 0.185386s
Iteration 12
time: 0.187942s
Iteration 13
time: 0.179426s
Iteration 14
time: 0.184835s
Iteration 15
time: 0.186527s
Iteration 16
time: 0.192520s
Iteration 17
time: 0.185491s
Iteration 18
time: 0.183097s
Iteration 19
time: 0.188074s
Iteration 20
time: 0.181355s
Iteration 21
time: 0.183948s
Iteration 22
time: 0.199414s
Iteration 23
time: 0.179354s
Iteration 24
time: 0.182233s
7: Starting numprocs=8 N=3000, M=3000 impl=allreduce-ring
2: Starting numprocs=8 N=3000, M=3000 impl=allreduce-ring
6: Starting numprocs=8 N=3000, M=3000 impl=allreduce-ring
4: Starting numprocs=8 N=3000, M=3000 impl=allreduce-ring
0: Starting numprocs=8 N=3000, M=3000 impl=allreduce-ring
Iteration 0
3: Starting numprocs=8 N=3000, M=3000 impl=allreduce-ring
5: Starting numprocs=8 N=3000, M=3000 impl=allreduce-ring
1: Starting numprocs=8 N=3000, M=3000 impl=allreduce-ring
time: 0.142924s
Iteration 1
time: 0.121121s
Iteration 2
time: 0.123868s
Iteration 3
time: 0.132322s
Iteration 4
time: 0.124192s
Iteration 5
time: 0.125186s
Iteration 6
time: 0.125107s
Iteration 7
time: 0.123138s
Iteration 8
time: 0.124221s
Iteration 9
time: 0.129084s
Iteration 10
time: 0.127119s
Iteration 11
time: 0.123593s
Iteration 12
time: 0.121870s
Iteration 13
time: 0.126720s
Iteration 14
time: 0.122835s
Iteration 15
time: 0.123900s
Iteration 16
time: 0.123324s
Iteration 17
time: 0.121249s
Iteration 18
time: 0.121436s
Iteration 19
time: 0.123183s
Iteration 20
time: 0.123873s
Iteration 21
time: 0.127682s
Iteration 22
time: 0.120809s
Iteration 23
time: 0.133361s
Iteration 24
time: 0.124601s
2: Starting numprocs=8 N=3000, M=3000 impl=g-rabenseifner-allgather
6: Starting numprocs=8 N=3000, M=3000 impl=g-rabenseifner-allgather
4: Starting numprocs=8 N=3000, M=3000 impl=g-rabenseifner-allgather
7: Starting numprocs=8 N=3000, M=3000 impl=g-rabenseifner-allgather
5: Starting numprocs=8 N=3000, M=3000 impl=g-rabenseifner-allgather
3: Starting numprocs=8 N=3000, M=3000 impl=g-rabenseifner-allgather
0: Starting numprocs=8 N=3000, M=3000 impl=g-rabenseifner-allgather
Iteration 0
1: Starting numprocs=8 N=3000, M=3000 impl=g-rabenseifner-allgather
time: 0.078204s
Iteration 1
time: 0.061458s
Iteration 2
time: 0.061203s
Iteration 3
time: 0.061613s
Iteration 4
time: 0.061219s
Iteration 5
time: 0.061184s
Iteration 6
time: 0.061288s
Iteration 7
time: 0.061578s
Iteration 8
time: 0.061789s
Iteration 9
time: 0.061195s
Iteration 10
time: 0.061294s
Iteration 11
time: 0.061261s
Iteration 12
time: 0.062219s
Iteration 13
time: 0.061114s
Iteration 14
time: 0.061302s
Iteration 15
time: 0.061156s
Iteration 16
time: 0.061288s
Iteration 17
time: 0.061651s
Iteration 18
time: 0.061017s
Iteration 19
time: 0.061508s
Iteration 20
time: 0.061110s
Iteration 21
time: 0.061587s
Iteration 22
time: 0.061201s
Iteration 23
time: 0.062662s
Iteration 24
time: 1.405141s
6: Starting numprocs=8 N=3000, M=3000 impl=g-rabenseifner-subgroup-2
0: Starting numprocs=8 N=3000, M=3000 impl=g-rabenseifner-subgroup-2
Iteration 0
7: Starting numprocs=8 N=3000, M=3000 impl=g-rabenseifner-subgroup-2
2: Starting numprocs=8 N=3000, M=3000 impl=g-rabenseifner-subgroup-2
4: Starting numprocs=8 N=3000, M=3000 impl=g-rabenseifner-subgroup-2
5: Starting numprocs=8 N=3000, M=3000 impl=g-rabenseifner-subgroup-2
1: Starting numprocs=8 N=3000, M=3000 impl=g-rabenseifner-subgroup-2
3: Starting numprocs=8 N=3000, M=3000 impl=g-rabenseifner-subgroup-2
time: 0.088010s
Iteration 1
time: 0.061307s
Iteration 2
time: 0.061288s
Iteration 3
time: 0.061386s
Iteration 4
time: 0.061393s
Iteration 5
time: 0.061290s
Iteration 6
time: 0.062110s
Iteration 7
time: 0.061537s
Iteration 8
time: 0.061493s
Iteration 9
time: 0.061003s
Iteration 10
time: 0.061271s
Iteration 11
time: 0.061343s
Iteration 12
time: 0.061550s
Iteration 13
time: 0.062831s
Iteration 14
time: 0.062389s
Iteration 15
time: 0.061902s
Iteration 16
time: 0.061277s
Iteration 17
time: 0.061076s
Iteration 18
time: 0.061110s
Iteration 19
time: 0.061276s
Iteration 20
time: 0.061310s
Iteration 21
time: 0.060877s
Iteration 22
time: 0.060985s
Iteration 23
time: 0.060795s
Iteration 24
time: 0.061493s
2: Starting numprocs=8 N=3000, M=3000 impl=g-rabenseifner-subgroup-4
6: Starting numprocs=8 N=3000, M=3000 impl=g-rabenseifner-subgroup-4
7: Starting numprocs=8 N=3000, M=3000 impl=g-rabenseifner-subgroup-4
0: Starting numprocs=8 N=3000, M=3000 impl=g-rabenseifner-subgroup-4
Iteration 0
4: Starting numprocs=8 N=3000, M=3000 impl=g-rabenseifner-subgroup-4
5: Starting numprocs=8 N=3000, M=3000 impl=g-rabenseifner-subgroup-4
3: Starting numprocs=8 N=3000, M=3000 impl=g-rabenseifner-subgroup-4
1: Starting numprocs=8 N=3000, M=3000 impl=g-rabenseifner-subgroup-4
time: 0.076472s
Iteration 1
time: 0.061912s
Iteration 2
time: 0.061813s
Iteration 3
time: 0.062021s
Iteration 4
time: 0.062355s
Iteration 5
time: 0.061945s
Iteration 6
time: 0.061944s
Iteration 7
time: 0.066883s
Iteration 8
time: 0.063861s
Iteration 9
time: 0.063328s
Iteration 10
time: 0.061919s
Iteration 11
time: 0.061395s
Iteration 12
time: 0.063452s
Iteration 13
time: 0.061557s
Iteration 14
time: 0.061681s
Iteration 15
time: 0.062192s
Iteration 16
time: 0.062283s
Iteration 17
time: 0.062629s
Iteration 18
time: 0.062399s
Iteration 19
time: 0.061872s
Iteration 20
time: 0.061337s
Iteration 21
time: 0.062351s
Iteration 22
time: 0.062001s
Iteration 23
time: 0.062392s
Iteration 24
time: 0.065126s
2: Starting numprocs=8 N=3000, M=3000 impl=g-rabenseifner-subgroup-8
6: Starting numprocs=8 N=3000, M=3000 impl=g-rabenseifner-subgroup-8
7: Starting numprocs=8 N=3000, M=3000 impl=g-rabenseifner-subgroup-8
4: Starting numprocs=8 N=3000, M=3000 impl=g-rabenseifner-subgroup-8
0: Starting numprocs=8 N=3000, M=3000 impl=g-rabenseifner-subgroup-8
Iteration 0
5: Starting numprocs=8 N=3000, M=3000 impl=g-rabenseifner-subgroup-8
3: Starting numprocs=8 N=3000, M=3000 impl=g-rabenseifner-subgroup-8
1: Starting numprocs=8 N=3000, M=3000 impl=g-rabenseifner-subgroup-8
time: 0.078201s
Iteration 1
time: 0.062396s
Iteration 2
time: 0.063480s
Iteration 3
time: 0.064423s
Iteration 4
time: 0.064011s
Iteration 5
time: 0.063819s
Iteration 6
time: 0.069170s
Iteration 7
time: 0.070899s
Iteration 8
time: 0.064951s
Iteration 9
time: 0.064718s
Iteration 10
time: 0.063002s
Iteration 11
time: 0.061470s
Iteration 12
time: 0.064100s
Iteration 13
time: 0.063391s
Iteration 14
time: 0.063930s
Iteration 15
time: 0.062986s
Iteration 16
time: 0.063913s
Iteration 17
time: 0.062831s
Iteration 18
time: 0.062761s
Iteration 19
time: 0.061927s
Iteration 20
time: 0.063882s
Iteration 21
time: 0.063892s
Iteration 22
time: 0.062557s
Iteration 23
time: 0.062060s
Iteration 24
time: 0.063486s
2: Starting numprocs=8 N=4000, M=4000 impl=allgather
7: Starting numprocs=8 N=4000, M=4000 impl=allgather
6: Starting numprocs=8 N=4000, M=4000 impl=allgather
0: Starting numprocs=8 N=4000, M=4000 impl=allgather
Iteration 0
4: Starting numprocs=8 N=4000, M=4000 impl=allgather
5: Starting numprocs=8 N=4000, M=4000 impl=allgather
3: Starting numprocs=8 N=4000, M=4000 impl=allgather
1: Starting numprocs=8 N=4000, M=4000 impl=allgather
time: 0.216663s
Iteration 1
time: 0.148593s
Iteration 2
time: 0.141854s
Iteration 3
time: 0.150479s
Iteration 4
time: 0.146384s
Iteration 5
time: 0.141648s
Iteration 6
time: 0.139139s
Iteration 7
time: 0.151479s
Iteration 8
time: 0.138595s
Iteration 9
time: 0.131734s
Iteration 10
time: 0.152159s
Iteration 11
time: 0.136833s
Iteration 12
time: 0.131096s
Iteration 13
time: 0.194009s
Iteration 14
time: 0.146558s
Iteration 15
time: 0.138620s
Iteration 16
time: 0.163000s
Iteration 17
time: 0.140486s
Iteration 18
time: 0.140378s
Iteration 19
time: 0.149847s
Iteration 20
time: 0.135055s
Iteration 21
time: 0.133046s
Iteration 22
time: 0.155562s
Iteration 23
time: 0.138055s
Iteration 24
time: 0.133436s
2: Starting numprocs=8 N=4000, M=4000 impl=allreduce
0: Starting numprocs=8 N=4000, M=4000 impl=allreduce
Iteration 0
6: Starting numprocs=8 N=4000, M=4000 impl=allreduce
4: Starting numprocs=8 N=4000, M=4000 impl=allreduce
5: Starting numprocs=8 N=4000, M=4000 impl=allreduce
7: Starting numprocs=8 N=4000, M=4000 impl=allreduce
3: Starting numprocs=8 N=4000, M=4000 impl=allreduce
1: Starting numprocs=8 N=4000, M=4000 impl=allreduce
time: 0.375772s
Iteration 1
time: 0.325785s
Iteration 2
time: 0.323903s
Iteration 3
time: 0.330864s
Iteration 4
time: 0.324711s
Iteration 5
time: 0.332332s
Iteration 6
time: 0.329666s
Iteration 7
time: 0.326950s
Iteration 8
time: 0.323649s
Iteration 9
time: 0.329456s
Iteration 10
time: 0.328098s
Iteration 11
time: 0.328077s
Iteration 12
time: 0.328423s
Iteration 13
time: 0.334334s
Iteration 14
time: 0.325645s
Iteration 15
time: 0.330103s
Iteration 16
time: 0.330490s
Iteration 17
time: 0.355482s
Iteration 18
time: 0.351192s
Iteration 19
time: 0.333870s
Iteration 20
time: 0.327519s
Iteration 21
time: 0.330707s
Iteration 22
time: 0.329518s
Iteration 23
time: 0.345195s
Iteration 24
time: 0.326949s
2: Starting numprocs=8 N=4000, M=4000 impl=allreduce-ring
6: Starting numprocs=8 N=4000, M=4000 impl=allreduce-ring
4: Starting numprocs=8 N=4000, M=4000 impl=allreduce-ring
7: Starting numprocs=8 N=4000, M=4000 impl=allreduce-ring
0: Starting numprocs=8 N=4000, M=4000 impl=allreduce-ring
Iteration 0
3: Starting numprocs=8 N=4000, M=4000 impl=allreduce-ring
5: Starting numprocs=8 N=4000, M=4000 impl=allreduce-ring
1: Starting numprocs=8 N=4000, M=4000 impl=allreduce-ring
time: 0.246193s
Iteration 1
time: 0.218853s
Iteration 2
time: 0.221900s
Iteration 3
time: 0.220994s
Iteration 4
time: 0.223592s
Iteration 5
time: 0.236782s
Iteration 6
time: 0.226266s
Iteration 7
time: 0.220983s
Iteration 8
time: 0.226832s
Iteration 9
time: 0.229214s
Iteration 10
time: 0.218793s
Iteration 11
time: 0.224814s
Iteration 12
time: 0.222728s
Iteration 13
time: 0.224182s
Iteration 14
time: 0.229972s
Iteration 15
time: 0.226614s
Iteration 16
time: 0.223079s
Iteration 17
time: 0.225281s
Iteration 18
time: 0.221841s
Iteration 19
time: 0.229332s
Iteration 20
time: 0.220811s
Iteration 21
time: 0.223458s
Iteration 22
time: 0.218919s
Iteration 23
time: 0.220365s
Iteration 24
time: 0.223371s
2: Starting numprocs=8 N=4000, M=4000 impl=g-rabenseifner-allgather
6: Starting numprocs=8 N=4000, M=4000 impl=g-rabenseifner-allgather
4: Starting numprocs=8 N=4000, M=4000 impl=g-rabenseifner-allgather
0: Starting numprocs=8 N=4000, M=4000 impl=g-rabenseifner-allgather
Iteration 0
7: Starting numprocs=8 N=4000, M=4000 impl=g-rabenseifner-allgather
3: Starting numprocs=8 N=4000, M=4000 impl=g-rabenseifner-allgather
5: Starting numprocs=8 N=4000, M=4000 impl=g-rabenseifner-allgather
1: Starting numprocs=8 N=4000, M=4000 impl=g-rabenseifner-allgather
time: 0.132510s
Iteration 1
time: 0.109515s
Iteration 2
time: 0.109620s
Iteration 3
time: 0.109203s
Iteration 4
time: 0.109101s
Iteration 5
time: 0.109367s
Iteration 6
time: 0.109674s
Iteration 7
time: 0.109575s
Iteration 8
time: 0.108966s
Iteration 9
time: 0.109469s
Iteration 10
time: 0.108952s
Iteration 11
time: 0.108859s
Iteration 12
time: 0.108434s
Iteration 13
time: 0.108966s
Iteration 14
time: 0.109914s
Iteration 15
time: 0.108647s
Iteration 16
time: 0.108781s
Iteration 17
time: 0.108960s
Iteration 18
time: 0.108964s
Iteration 19
time: 0.108727s
Iteration 20
time: 0.108568s
Iteration 21
time: 0.109110s
Iteration 22
time: 0.108868s
Iteration 23
time: 0.108775s
Iteration 24
time: 0.108684s
2: Starting numprocs=8 N=4000, M=4000 impl=g-rabenseifner-subgroup-2
0: Starting numprocs=8 N=4000, M=4000 impl=g-rabenseifner-subgroup-2
Iteration 0
6: Starting numprocs=8 N=4000, M=4000 impl=g-rabenseifner-subgroup-2
4: Starting numprocs=8 N=4000, M=4000 impl=g-rabenseifner-subgroup-2
7: Starting numprocs=8 N=4000, M=4000 impl=g-rabenseifner-subgroup-2
5: Starting numprocs=8 N=4000, M=4000 impl=g-rabenseifner-subgroup-2
3: Starting numprocs=8 N=4000, M=4000 impl=g-rabenseifner-subgroup-2
1: Starting numprocs=8 N=4000, M=4000 impl=g-rabenseifner-subgroup-2
time: 0.134725s
Iteration 1
time: 0.108235s
Iteration 2
time: 0.108316s
Iteration 3
time: 0.108025s
Iteration 4
time: 0.108176s
Iteration 5
time: 0.108142s
Iteration 6
time: 0.108137s
Iteration 7
time: 0.108285s
Iteration 8
time: 0.109247s
Iteration 9
time: 0.108527s
Iteration 10
time: 0.108576s
Iteration 11
time: 0.108711s
Iteration 12
time: 0.111223s
Iteration 13
time: 0.108611s
Iteration 14
time: 0.108350s
Iteration 15
time: 0.108402s
Iteration 16
time: 0.108195s
Iteration 17
time: 0.109512s
Iteration 18
time: 0.109086s
Iteration 19
time: 0.108337s
Iteration 20
time: 0.108777s
Iteration 21
time: 0.108046s
Iteration 22
time: 0.108785s
Iteration 23
time: 0.108676s
Iteration 24
time: 0.108749s
0: Starting numprocs=8 N=4000, M=4000 impl=g-rabenseifner-subgroup-4
Iteration 0
6: Starting numprocs=8 N=4000, M=4000 impl=g-rabenseifner-subgroup-4
2: Starting numprocs=8 N=4000, M=4000 impl=g-rabenseifner-subgroup-4
4: Starting numprocs=8 N=4000, M=4000 impl=g-rabenseifner-subgroup-4
7: Starting numprocs=8 N=4000, M=4000 impl=g-rabenseifner-subgroup-4
5: Starting numprocs=8 N=4000, M=4000 impl=g-rabenseifner-subgroup-4
3: Starting numprocs=8 N=4000, M=4000 impl=g-rabenseifner-subgroup-4
1: Starting numprocs=8 N=4000, M=4000 impl=g-rabenseifner-subgroup-4
time: 0.128613s
Iteration 1
time: 0.110489s
Iteration 2
time: 0.110553s
Iteration 3
time: 0.109235s
Iteration 4
time: 0.110000s
Iteration 5
time: 0.112305s
Iteration 6
time: 0.110179s
Iteration 7
time: 0.110282s
Iteration 8
time: 0.109945s
Iteration 9
time: 0.109721s
Iteration 10
time: 0.110043s
Iteration 11
time: 0.110859s
Iteration 12
time: 0.110337s
Iteration 13
time: 0.109483s
Iteration 14
time: 0.110424s
Iteration 15
time: 0.111511s
Iteration 16
time: 0.110965s
Iteration 17
time: 0.110940s
Iteration 18
time: 0.109542s
Iteration 19
time: 0.111180s
Iteration 20
time: 0.111572s
Iteration 21
time: 0.110922s
Iteration 22
time: 0.109149s
Iteration 23
time: 0.109868s
Iteration 24
time: 0.110843s
2: Starting numprocs=8 N=4000, M=4000 impl=g-rabenseifner-subgroup-8
6: Starting numprocs=8 N=4000, M=4000 impl=g-rabenseifner-subgroup-8
7: Starting numprocs=8 N=4000, M=4000 impl=g-rabenseifner-subgroup-8
4: Starting numprocs=8 N=4000, M=4000 impl=g-rabenseifner-subgroup-8
3: Starting numprocs=8 N=4000, M=4000 impl=g-rabenseifner-subgroup-8
5: Starting numprocs=8 N=4000, M=4000 impl=g-rabenseifner-subgroup-8
0: Starting numprocs=8 N=4000, M=4000 impl=g-rabenseifner-subgroup-8
Iteration 0
1: Starting numprocs=8 N=4000, M=4000 impl=g-rabenseifner-subgroup-8
time: 0.127828s
Iteration 1
time: 0.112955s
Iteration 2
time: 0.113412s
Iteration 3
time: 0.113695s
Iteration 4
time: 0.114687s
Iteration 5
time: 0.115850s
Iteration 6
time: 0.111672s
Iteration 7
time: 0.112803s
Iteration 8
time: 0.114944s
Iteration 9
time: 0.114869s
Iteration 10
time: 0.115463s
Iteration 11
time: 0.115250s
Iteration 12
time: 0.113295s
Iteration 13
time: 0.113904s
Iteration 14
time: 0.115246s
Iteration 15
time: 0.113872s
Iteration 16
time: 0.122078s
Iteration 17
time: 0.114626s
Iteration 18
time: 0.115349s
Iteration 19
time: 0.114042s
Iteration 20
time: 0.113836s
Iteration 21
time: 0.111615s
Iteration 22
time: 0.113789s
Iteration 23
time: 0.114234s
Iteration 24
time: 0.113080s
2: Starting numprocs=8 N=5000, M=5000 impl=allgather
6: Starting numprocs=8 N=5000, M=5000 impl=allgather
4: Starting numprocs=8 N=5000, M=5000 impl=allgather
7: Starting numprocs=8 N=5000, M=5000 impl=allgather
0: Starting numprocs=8 N=5000, M=5000 impl=allgather
Iteration 0
3: Starting numprocs=8 N=5000, M=5000 impl=allgather
5: Starting numprocs=8 N=5000, M=5000 impl=allgather
1: Starting numprocs=8 N=5000, M=5000 impl=allgather
time: 0.233575s
Iteration 1
time: 0.260214s
Iteration 2
time: 0.241053s
Iteration 3
time: 0.228443s
Iteration 4
time: 0.251392s
Iteration 5
time: 0.226692s
Iteration 6
time: 0.256534s
Iteration 7
time: 0.224756s
Iteration 8
time: 0.248139s
Iteration 9
time: 0.239539s
Iteration 10
time: 0.245406s
Iteration 11
time: 0.224705s
Iteration 12
time: 0.246137s
Iteration 13
time: 0.224946s
Iteration 14
time: 0.241428s
Iteration 15
time: 0.229206s
Iteration 16
time: 0.241884s
Iteration 17
time: 0.245131s
Iteration 18
time: 0.240187s
Iteration 19
time: 0.229523s
Iteration 20
time: 0.246223s
Iteration 21
time: 0.228376s
Iteration 22
time: 0.260657s
Iteration 23
time: 0.223973s
Iteration 24
time: 0.248673s
2: Starting numprocs=8 N=5000, M=5000 impl=allreduce
0: Starting numprocs=8 N=5000, M=5000 impl=allreduce
Iteration 0
6: Starting numprocs=8 N=5000, M=5000 impl=allreduce
7: Starting numprocs=8 N=5000, M=5000 impl=allreduce
4: Starting numprocs=8 N=5000, M=5000 impl=allreduce
5: Starting numprocs=8 N=5000, M=5000 impl=allreduce
3: Starting numprocs=8 N=5000, M=5000 impl=allreduce
1: Starting numprocs=8 N=5000, M=5000 impl=allreduce
time: 0.570355s
Iteration 1
time: 0.519126s
Iteration 2
time: 0.519466s
Iteration 3
time: 0.510250s
Iteration 4
time: 0.512544s
Iteration 5
time: 0.537567s
Iteration 6
time: 0.518266s
Iteration 7
time: 0.512410s
Iteration 8
time: 0.519246s
Iteration 9
time: 0.520434s
Iteration 10
time: 0.519121s
Iteration 11
time: 0.527408s
Iteration 12
time: 0.541122s
Iteration 13
time: 0.515230s
Iteration 14
time: 0.509228s
Iteration 15
time: 0.508481s
Iteration 16
time: 0.517850s
Iteration 17
time: 0.506211s
Iteration 18
time: 0.514702s
Iteration 19
time: 0.519908s
Iteration 20
time: 0.520299s
Iteration 21
time: 0.515534s
Iteration 22
time: 0.538722s
Iteration 23
time: 0.506940s
Iteration 24
time: 0.528463s
6: Starting numprocs=8 N=5000, M=5000 impl=allreduce-ring
2: Starting numprocs=8 N=5000, M=5000 impl=allreduce-ring
0: Starting numprocs=8 N=5000, M=5000 impl=allreduce-ring
Iteration 0
4: Starting numprocs=8 N=5000, M=5000 impl=allreduce-ring
7: Starting numprocs=8 N=5000, M=5000 impl=allreduce-ring
3: Starting numprocs=8 N=5000, M=5000 impl=allreduce-ring
5: Starting numprocs=8 N=5000, M=5000 impl=allreduce-ring
1: Starting numprocs=8 N=5000, M=5000 impl=allreduce-ring
time: 0.390443s
Iteration 1
time: 0.345656s
Iteration 2
time: 0.350123s
Iteration 3
time: 0.354473s
Iteration 4
time: 0.349514s
Iteration 5
time: 0.344719s
Iteration 6
time: 0.352473s
Iteration 7
time: 0.348372s
Iteration 8
time: 0.352180s
Iteration 9
time: 0.349340s
Iteration 10
time: 0.350811s
Iteration 11
time: 0.349952s
Iteration 12
time: 0.348619s
Iteration 13
time: 0.352483s
Iteration 14
time: 0.352380s
Iteration 15
time: 0.357928s
Iteration 16
time: 0.344738s
Iteration 17
time: 0.348616s
Iteration 18
time: 0.347504s
Iteration 19
time: 0.353330s
Iteration 20
time: 0.343335s
Iteration 21
time: 0.352512s
Iteration 22
time: 0.345751s
Iteration 23
time: 0.355335s
Iteration 24
time: 0.352161s
6: Starting numprocs=8 N=5000, M=5000 impl=g-rabenseifner-allgather
4: Starting numprocs=8 N=5000, M=5000 impl=g-rabenseifner-allgather
0: Starting numprocs=8 N=5000, M=5000 impl=g-rabenseifner-allgather
Iteration 0
7: Starting numprocs=8 N=5000, M=5000 impl=g-rabenseifner-allgather
2: Starting numprocs=8 N=5000, M=5000 impl=g-rabenseifner-allgather
3: Starting numprocs=8 N=5000, M=5000 impl=g-rabenseifner-allgather
5: Starting numprocs=8 N=5000, M=5000 impl=g-rabenseifner-allgather
1: Starting numprocs=8 N=5000, M=5000 impl=g-rabenseifner-allgather
time: 0.194202s
Iteration 1
time: 0.169577s
Iteration 2
time: 0.170114s
Iteration 3
time: 0.169613s
Iteration 4
time: 0.170610s
Iteration 5
time: 0.170572s
Iteration 6
time: 0.170051s
Iteration 7
time: 0.170663s
Iteration 8
time: 0.169698s
Iteration 9
time: 0.170492s
Iteration 10
time: 0.169961s
Iteration 11
time: 0.171165s
Iteration 12
time: 0.170302s
Iteration 13
time: 0.169854s
Iteration 14
time: 0.170039s
Iteration 15
time: 0.170407s
Iteration 16
time: 0.169990s
Iteration 17
time: 0.170267s
Iteration 18
time: 0.170005s
Iteration 19
time: 0.170385s
Iteration 20
time: 0.170358s
Iteration 21
time: 0.170522s
Iteration 22
time: 0.170027s
Iteration 23
time: 0.170171s
Iteration 24
time: 0.170756s
2: Starting numprocs=8 N=5000, M=5000 impl=g-rabenseifner-subgroup-2
6: Starting numprocs=8 N=5000, M=5000 impl=g-rabenseifner-subgroup-2
0: Starting numprocs=8 N=5000, M=5000 impl=g-rabenseifner-subgroup-2
Iteration 0
4: Starting numprocs=8 N=5000, M=5000 impl=g-rabenseifner-subgroup-2
7: Starting numprocs=8 N=5000, M=5000 impl=g-rabenseifner-subgroup-2
5: Starting numprocs=8 N=5000, M=5000 impl=g-rabenseifner-subgroup-2
3: Starting numprocs=8 N=5000, M=5000 impl=g-rabenseifner-subgroup-2
1: Starting numprocs=8 N=5000, M=5000 impl=g-rabenseifner-subgroup-2
time: 0.208437s
Iteration 1
time: 0.169244s
Iteration 2
time: 0.168723s
Iteration 3
time: 0.168613s
Iteration 4
time: 0.169811s
Iteration 5
time: 0.168512s
Iteration 6
time: 0.168809s
Iteration 7
time: 0.168467s
Iteration 8
time: 0.169093s
Iteration 9
time: 0.169256s
Iteration 10
time: 0.169202s
Iteration 11
time: 0.170151s
Iteration 12
time: 0.170671s
Iteration 13
time: 0.171363s
Iteration 14
time: 0.169628s
Iteration 15
time: 0.174206s
Iteration 16
time: 0.169851s
Iteration 17
time: 0.169561s
Iteration 18
time: 0.169355s
Iteration 19
time: 0.168936s
Iteration 20
time: 0.169505s
Iteration 21
time: 0.169770s
Iteration 22
time: 0.168758s
Iteration 23
time: 0.169167s
Iteration 24
time: 0.169003s
6: Starting numprocs=8 N=5000, M=5000 impl=g-rabenseifner-subgroup-4
2: Starting numprocs=8 N=5000, M=5000 impl=g-rabenseifner-subgroup-4
0: Starting numprocs=8 N=5000, M=5000 impl=g-rabenseifner-subgroup-4
Iteration 0
4: Starting numprocs=8 N=5000, M=5000 impl=g-rabenseifner-subgroup-4
7: Starting numprocs=8 N=5000, M=5000 impl=g-rabenseifner-subgroup-4
5: Starting numprocs=8 N=5000, M=5000 impl=g-rabenseifner-subgroup-4
3: Starting numprocs=8 N=5000, M=5000 impl=g-rabenseifner-subgroup-4
1: Starting numprocs=8 N=5000, M=5000 impl=g-rabenseifner-subgroup-4
time: 0.196957s
Iteration 1
time: 0.173030s
Iteration 2
time: 0.175551s
Iteration 3
time: 0.172377s
Iteration 4
time: 0.172358s
Iteration 5
time: 0.171409s
Iteration 6
time: 0.171834s
Iteration 7
time: 0.174929s
Iteration 8
time: 0.172538s
Iteration 9
time: 0.174145s
Iteration 10
time: 0.172545s
Iteration 11
time: 0.171905s
Iteration 12
time: 0.172156s
Iteration 13
time: 0.172318s
Iteration 14
time: 0.174702s
Iteration 15
time: 0.171181s
Iteration 16
time: 0.170241s
Iteration 17
time: 0.171397s
Iteration 18
time: 0.173966s
Iteration 19
time: 0.171432s
Iteration 20
time: 0.173128s
Iteration 21
time: 0.172825s
Iteration 22
time: 0.170691s
Iteration 23
time: 0.172292s
Iteration 24
time: 0.176094s
6: Starting numprocs=8 N=5000, M=5000 impl=g-rabenseifner-subgroup-8
2: Starting numprocs=8 N=5000, M=5000 impl=g-rabenseifner-subgroup-8
0: Starting numprocs=8 N=5000, M=5000 impl=g-rabenseifner-subgroup-8
Iteration 0
4: Starting numprocs=8 N=5000, M=5000 impl=g-rabenseifner-subgroup-8
7: Starting numprocs=8 N=5000, M=5000 impl=g-rabenseifner-subgroup-8
5: Starting numprocs=8 N=5000, M=5000 impl=g-rabenseifner-subgroup-8
3: Starting numprocs=8 N=5000, M=5000 impl=g-rabenseifner-subgroup-8
1: Starting numprocs=8 N=5000, M=5000 impl=g-rabenseifner-subgroup-8
time: 0.189693s
Iteration 1
time: 0.178566s
Iteration 2
time: 0.181218s
Iteration 3
time: 0.179341s
Iteration 4
time: 0.175626s
Iteration 5
time: 0.179156s
Iteration 6
time: 0.178944s
Iteration 7
time: 0.179143s
Iteration 8
time: 0.174611s
Iteration 9
time: 0.180101s
Iteration 10
time: 0.179945s
Iteration 11
time: 0.178927s
Iteration 12
time: 0.178329s
Iteration 13
time: 0.175187s
Iteration 14
time: 0.177838s
Iteration 15
time: 0.176610s
Iteration 16
time: 0.177243s
Iteration 17
time: 0.178615s
Iteration 18
time: 0.176010s
Iteration 19
time: 0.178212s
Iteration 20
time: 0.175917s
Iteration 21
time: 0.179487s
Iteration 22
time: 0.180183s
Iteration 23
time: 0.183172s
Iteration 24
time: 0.178066s
6: Starting numprocs=8 N=6000, M=6000 impl=allgather
7: Starting numprocs=8 N=6000, M=6000 impl=allgather
0: Starting numprocs=8 N=6000, M=6000 impl=allgather
Iteration 0
4: Starting numprocs=8 N=6000, M=6000 impl=allgather
2: Starting numprocs=8 N=6000, M=6000 impl=allgather
5: Starting numprocs=8 N=6000, M=6000 impl=allgather
3: Starting numprocs=8 N=6000, M=6000 impl=allgather
1: Starting numprocs=8 N=6000, M=6000 impl=allgather
time: 0.351583s
Iteration 1
time: 0.345321s
Iteration 2
time: 0.322126s
Iteration 3
time: 0.347333s
Iteration 4
time: 0.339306s
Iteration 5
time: 0.326981s
Iteration 6
time: 0.347711s
Iteration 7
time: 0.334888s
Iteration 8
time: 0.334839s
Iteration 9
time: 0.322257s
Iteration 10
time: 0.320484s
Iteration 11
time: 0.332447s
Iteration 12
time: 0.331787s
Iteration 13
time: 0.321843s
Iteration 14
time: 0.334055s
Iteration 15
time: 0.332232s
Iteration 16
time: 0.319604s
Iteration 17
time: 0.335255s
Iteration 18
time: 0.320690s
Iteration 19
time: 0.344936s
Iteration 20
time: 0.335359s
Iteration 21
time: 0.318787s
Iteration 22
time: 0.336425s
Iteration 23
time: 0.333772s
Iteration 24
time: 0.334394s
2: Starting numprocs=8 N=6000, M=6000 impl=allreduce
6: Starting numprocs=8 N=6000, M=6000 impl=allreduce
4: Starting numprocs=8 N=6000, M=6000 impl=allreduce
0: Starting numprocs=8 N=6000, M=6000 impl=allreduce
Iteration 0
7: Starting numprocs=8 N=6000, M=6000 impl=allreduce
5: Starting numprocs=8 N=6000, M=6000 impl=allreduce
3: Starting numprocs=8 N=6000, M=6000 impl=allreduce
1: Starting numprocs=8 N=6000, M=6000 impl=allreduce
time: 0.829630s
Iteration 1
time: 0.751439s
Iteration 2
time: 0.736210s
Iteration 3
time: 0.750141s
Iteration 4
time: 0.735442s
Iteration 5
time: 0.734139s
Iteration 6
time: 0.732432s
Iteration 7
time: 0.735546s
Iteration 8
time: 0.737404s
Iteration 9
time: 0.742603s
Iteration 10
time: 0.731331s
Iteration 11
time: 0.733554s
Iteration 12
time: 0.728163s
Iteration 13
time: 0.744350s
Iteration 14
time: 0.728785s
Iteration 15
time: 0.733941s
Iteration 16
time: 0.739973s
Iteration 17
time: 0.736822s
Iteration 18
time: 0.759090s
Iteration 19
time: 0.744277s
Iteration 20
time: 0.736024s
Iteration 21
time: 0.740218s
Iteration 22
time: 0.736717s
Iteration 23
time: 0.736228s
Iteration 24
time: 0.741694s
6: Starting numprocs=8 N=6000, M=6000 impl=allreduce-ring
0: Starting numprocs=8 N=6000, M=6000 impl=allreduce-ring
Iteration 0
2: Starting numprocs=8 N=6000, M=6000 impl=allreduce-ring
4: Starting numprocs=8 N=6000, M=6000 impl=allreduce-ring
5: Starting numprocs=8 N=6000, M=6000 impl=allreduce-ring
7: Starting numprocs=8 N=6000, M=6000 impl=allreduce-ring
3: Starting numprocs=8 N=6000, M=6000 impl=allreduce-ring
1: Starting numprocs=8 N=6000, M=6000 impl=allreduce-ring
time: 0.679539s
Iteration 1
time: 0.576284s
Iteration 2
time: 0.576078s
Iteration 3
time: 0.582486s
Iteration 4
time: 0.576890s
Iteration 5
time: 0.575270s
Iteration 6
time: 0.577153s
Iteration 7
time: 0.579057s
Iteration 8
time: 0.597887s
Iteration 9
time: 0.593670s
Iteration 10
time: 0.582315s
Iteration 11
time: 0.582926s
Iteration 12
time: 0.580259s
Iteration 13
time: 0.590004s
Iteration 14
time: 0.580240s
Iteration 15
time: 0.583261s
Iteration 16
time: 0.577385s
Iteration 17
time: 0.572862s
Iteration 18
time: 0.577880s
Iteration 19
time: 0.588165s
Iteration 20
time: 0.575248s
Iteration 21
time: 0.584229s
Iteration 22
time: 0.572582s
Iteration 23
time: 0.572962s
Iteration 24
time: 0.581095s
6: Starting numprocs=8 N=6000, M=6000 impl=g-rabenseifner-allgather
2: Starting numprocs=8 N=6000, M=6000 impl=g-rabenseifner-allgather
4: Starting numprocs=8 N=6000, M=6000 impl=g-rabenseifner-allgather
7: Starting numprocs=8 N=6000, M=6000 impl=g-rabenseifner-allgather
0: Starting numprocs=8 N=6000, M=6000 impl=g-rabenseifner-allgather
Iteration 0
5: Starting numprocs=8 N=6000, M=6000 impl=g-rabenseifner-allgather
3: Starting numprocs=8 N=6000, M=6000 impl=g-rabenseifner-allgather
1: Starting numprocs=8 N=6000, M=6000 impl=g-rabenseifner-allgather
time: 0.288165s
Iteration 1
time: 0.245379s
Iteration 2
time: 0.243847s
Iteration 3
time: 0.244230s
Iteration 4
time: 0.243674s
Iteration 5
time: 0.244367s
Iteration 6
time: 0.244790s
Iteration 7
time: 0.244862s
Iteration 8
time: 0.243726s
Iteration 9
time: 0.244361s
Iteration 10
time: 0.245739s
Iteration 11
time: 0.244761s
Iteration 12
time: 0.244357s
Iteration 13
time: 0.243818s
Iteration 14
time: 0.244031s
Iteration 15
time: 0.245564s
Iteration 16
time: 0.244514s
Iteration 17
time: 0.244918s
Iteration 18
time: 0.244947s
Iteration 19
time: 0.244731s
Iteration 20
time: 0.244734s
Iteration 21
time: 0.246114s
Iteration 22
time: 0.245010s
Iteration 23
time: 0.245270s
Iteration 24
time: 0.245079s
6: Starting numprocs=8 N=6000, M=6000 impl=g-rabenseifner-subgroup-2
2: Starting numprocs=8 N=6000, M=6000 impl=g-rabenseifner-subgroup-2
7: Starting numprocs=8 N=6000, M=6000 impl=g-rabenseifner-subgroup-2
0: Starting numprocs=8 N=6000, M=6000 impl=g-rabenseifner-subgroup-2
Iteration 0
4: Starting numprocs=8 N=6000, M=6000 impl=g-rabenseifner-subgroup-2
5: Starting numprocs=8 N=6000, M=6000 impl=g-rabenseifner-subgroup-2
3: Starting numprocs=8 N=6000, M=6000 impl=g-rabenseifner-subgroup-2
1: Starting numprocs=8 N=6000, M=6000 impl=g-rabenseifner-subgroup-2
time: 0.291076s
Iteration 1
time: 0.243016s
Iteration 2
time: 0.244169s
Iteration 3
time: 0.244878s
Iteration 4
time: 0.243605s
Iteration 5
time: 0.245527s
Iteration 6
time: 0.246674s
Iteration 7
time: 0.245611s
Iteration 8
time: 0.244429s
Iteration 9
time: 0.244567s
Iteration 10
time: 0.242923s
Iteration 11
time: 0.244071s
Iteration 12
time: 0.244980s
Iteration 13
time: 0.244037s
Iteration 14
time: 0.247908s
Iteration 15
time: 0.244643s
Iteration 16
time: 0.246724s
Iteration 17
time: 0.245603s
Iteration 18
time: 0.244334s
Iteration 19
time: 0.243448s
Iteration 20
time: 0.245035s
Iteration 21
time: 0.244118s
Iteration 22
time: 0.245064s
Iteration 23
time: 0.245886s
Iteration 24
time: 0.243028s
6: Starting numprocs=8 N=6000, M=6000 impl=g-rabenseifner-subgroup-4
2: Starting numprocs=8 N=6000, M=6000 impl=g-rabenseifner-subgroup-4
4: Starting numprocs=8 N=6000, M=6000 impl=g-rabenseifner-subgroup-4
7: Starting numprocs=8 N=6000, M=6000 impl=g-rabenseifner-subgroup-4
0: Starting numprocs=8 N=6000, M=6000 impl=g-rabenseifner-subgroup-4
Iteration 0
5: Starting numprocs=8 N=6000, M=6000 impl=g-rabenseifner-subgroup-4
3: Starting numprocs=8 N=6000, M=6000 impl=g-rabenseifner-subgroup-4
1: Starting numprocs=8 N=6000, M=6000 impl=g-rabenseifner-subgroup-4
time: 0.277673s
Iteration 1
time: 0.247976s
Iteration 2
time: 0.253185s
Iteration 3
time: 0.269832s
Iteration 4
time: 0.247906s
Iteration 5
time: 0.250279s
Iteration 6
time: 0.248343s
Iteration 7
time: 0.249343s
Iteration 8
time: 0.249091s
Iteration 9
time: 0.252234s
Iteration 10
time: 0.249188s
Iteration 11
time: 0.247036s
Iteration 12
time: 0.249352s
Iteration 13
time: 0.248088s
Iteration 14
time: 0.249016s
Iteration 15
time: 0.247369s
Iteration 16
time: 0.249879s
Iteration 17
time: 0.247554s
Iteration 18
time: 0.250287s
Iteration 19
time: 0.249234s
Iteration 20
time: 0.248727s
Iteration 21
time: 0.249023s
Iteration 22
time: 0.253185s
Iteration 23
time: 0.249110s
Iteration 24
time: 0.248299s
6: Starting numprocs=8 N=6000, M=6000 impl=g-rabenseifner-subgroup-8
2: Starting numprocs=8 N=6000, M=6000 impl=g-rabenseifner-subgroup-8
4: Starting numprocs=8 N=6000, M=6000 impl=g-rabenseifner-subgroup-8
0: Starting numprocs=8 N=6000, M=6000 impl=g-rabenseifner-subgroup-8
Iteration 0
7: Starting numprocs=8 N=6000, M=6000 impl=g-rabenseifner-subgroup-8
5: Starting numprocs=8 N=6000, M=6000 impl=g-rabenseifner-subgroup-8
3: Starting numprocs=8 N=6000, M=6000 impl=g-rabenseifner-subgroup-8
1: Starting numprocs=8 N=6000, M=6000 impl=g-rabenseifner-subgroup-8
time: 0.268603s
Iteration 1
time: 0.259457s
Iteration 2
time: 0.261547s
Iteration 3
time: 0.255073s
Iteration 4
time: 0.257196s
Iteration 5
time: 0.262227s
Iteration 6
time: 0.258487s
Iteration 7
time: 0.253501s
Iteration 8
time: 0.260047s
Iteration 9
time: 0.254102s
Iteration 10
time: 0.259836s
Iteration 11
time: 0.262125s
Iteration 12
time: 0.255499s
Iteration 13
time: 0.257393s
Iteration 14
time: 0.256325s
Iteration 15
time: 0.258567s
Iteration 16
time: 0.254940s
Iteration 17
time: 0.254035s
Iteration 18
time: 0.270664s
Iteration 19
time: 0.259470s
Iteration 20
time: 0.248341s
Iteration 21
time: 0.256785s
Iteration 22
time: 0.252276s
Iteration 23
time: 0.257360s
Iteration 24
time: 0.264782s
6: Starting numprocs=8 N=7000, M=7000 impl=allgather
4: Starting numprocs=8 N=7000, M=7000 impl=allgather
2: Starting numprocs=8 N=7000, M=7000 impl=allgather
0: Starting numprocs=8 N=7000, M=7000 impl=allgather
Iteration 0
7: Starting numprocs=8 N=7000, M=7000 impl=allgather
5: Starting numprocs=8 N=7000, M=7000 impl=allgather
1: Starting numprocs=8 N=7000, M=7000 impl=allgather
3: Starting numprocs=8 N=7000, M=7000 impl=allgather
time: 0.460215s
Iteration 1
time: 0.468552s
Iteration 2
time: 0.473692s
Iteration 3
time: 0.466128s
Iteration 4
time: 0.462407s
Iteration 5
time: 0.448522s
Iteration 6
time: 0.457453s
Iteration 7
time: 0.450418s
Iteration 8
time: 0.437004s
Iteration 9
time: 0.451129s
Iteration 10
time: 0.448594s
Iteration 11
time: 0.449278s
Iteration 12
time: 0.444960s
Iteration 13
time: 0.438809s
Iteration 14
time: 0.443122s
Iteration 15
time: 0.441560s
Iteration 16
time: 0.439709s
Iteration 17
time: 0.466164s
Iteration 18
time: 0.453462s
Iteration 19
time: 0.451860s
Iteration 20
time: 0.448599s
Iteration 21
time: 0.451758s
Iteration 22
time: 0.475494s
Iteration 23
time: 0.444103s
Iteration 24
time: 0.451370s
6: Starting numprocs=8 N=7000, M=7000 impl=allreduce
2: Starting numprocs=8 N=7000, M=7000 impl=allreduce
0: Starting numprocs=8 N=7000, M=7000 impl=allreduce
Iteration 0
4: Starting numprocs=8 N=7000, M=7000 impl=allreduce
7: Starting numprocs=8 N=7000, M=7000 impl=allreduce
5: Starting numprocs=8 N=7000, M=7000 impl=allreduce
3: Starting numprocs=8 N=7000, M=7000 impl=allreduce
1: Starting numprocs=8 N=7000, M=7000 impl=allreduce
time: 1.148241s
Iteration 1
time: 1.008903s
Iteration 2
time: 1.019656s
Iteration 3
time: 0.988760s
Iteration 4
time: 1.018299s
Iteration 5
time: 1.011781s
Iteration 6
time: 1.003603s
Iteration 7
time: 1.002187s
Iteration 8
time: 1.002043s
Iteration 9
time: 1.015650s
Iteration 10
time: 1.007803s
Iteration 11
time: 1.008334s
Iteration 12
time: 1.021520s
Iteration 13
time: 1.008783s
Iteration 14
time: 1.044394s
Iteration 15
time: 1.033676s
Iteration 16
time: 1.033627s
Iteration 17
time: 1.007342s
Iteration 18
time: 1.013742s
Iteration 19
time: 1.011615s
Iteration 20
time: 1.000933s
Iteration 21
time: 0.999151s
Iteration 22
time: 1.011793s
Iteration 23
time: 1.011060s
Iteration 24
time: 1.010598s
6: Starting numprocs=8 N=7000, M=7000 impl=allreduce-ring
2: Starting numprocs=8 N=7000, M=7000 impl=allreduce-ring
4: Starting numprocs=8 N=7000, M=7000 impl=allreduce-ring
7: Starting numprocs=8 N=7000, M=7000 impl=allreduce-ring
0: Starting numprocs=8 N=7000, M=7000 impl=allreduce-ring
Iteration 0
3: Starting numprocs=8 N=7000, M=7000 impl=allreduce-ring
5: Starting numprocs=8 N=7000, M=7000 impl=allreduce-ring
1: Starting numprocs=8 N=7000, M=7000 impl=allreduce-ring
time: 0.923073s
Iteration 1
time: 0.780638s
Iteration 2
time: 0.783888s
Iteration 3
time: 0.796707s
Iteration 4
time: 0.789357s
Iteration 5
time: 0.799642s
Iteration 6
time: 0.795387s
Iteration 7
time: 0.804880s
Iteration 8
time: 0.807548s
Iteration 9
time: 0.790893s
Iteration 10
time: 0.782324s
Iteration 11
time: 0.781088s
Iteration 12
time: 0.797999s
Iteration 13
time: 0.785684s
Iteration 14
time: 0.793036s
Iteration 15
time: 0.802863s
Iteration 16
time: 0.782721s
Iteration 17
time: 0.787569s
Iteration 18
time: 0.787038s
Iteration 19
time: 0.786224s
Iteration 20
time: 0.787774s
Iteration 21
time: 0.794395s
Iteration 22
time: 0.790298s
Iteration 23
time: 0.788758s
Iteration 24
time: 0.794627s
6: Starting numprocs=8 N=7000, M=7000 impl=g-rabenseifner-allgather
2: Starting numprocs=8 N=7000, M=7000 impl=g-rabenseifner-allgather
0: Starting numprocs=8 N=7000, M=7000 impl=g-rabenseifner-allgather
Iteration 0
7: Starting numprocs=8 N=7000, M=7000 impl=g-rabenseifner-allgather
4: Starting numprocs=8 N=7000, M=7000 impl=g-rabenseifner-allgather
5: Starting numprocs=8 N=7000, M=7000 impl=g-rabenseifner-allgather
3: Starting numprocs=8 N=7000, M=7000 impl=g-rabenseifner-allgather
1: Starting numprocs=8 N=7000, M=7000 impl=g-rabenseifner-allgather
time: 0.376086s
Iteration 1
time: 0.334204s
Iteration 2
time: 0.331462s
Iteration 3
time: 0.332625s
Iteration 4
time: 0.331897s
Iteration 5
time: 0.332223s
Iteration 6
time: 0.332690s
Iteration 7
time: 0.332486s
Iteration 8
time: 0.333706s
Iteration 9
time: 0.332940s
Iteration 10
time: 0.332964s
Iteration 11
time: 0.333192s
Iteration 12
time: 0.346922s
Iteration 13
time: 0.332259s
Iteration 14
time: 0.332652s
Iteration 15
time: 0.331410s
Iteration 16
time: 0.334496s
Iteration 17
time: 0.333920s
Iteration 18
time: 0.334061s
Iteration 19
time: 0.333357s
Iteration 20
time: 0.335655s
Iteration 21
time: 0.332870s
Iteration 22
time: 0.331411s
Iteration 23
time: 0.332661s
Iteration 24
time: 0.331730s
6: Starting numprocs=8 N=7000, M=7000 impl=g-rabenseifner-subgroup-2
4: Starting numprocs=8 N=7000, M=7000 impl=g-rabenseifner-subgroup-2
2: Starting numprocs=8 N=7000, M=7000 impl=g-rabenseifner-subgroup-2
7: Starting numprocs=8 N=7000, M=7000 impl=g-rabenseifner-subgroup-2
0: Starting numprocs=8 N=7000, M=7000 impl=g-rabenseifner-subgroup-2
Iteration 0
3: Starting numprocs=8 N=7000, M=7000 impl=g-rabenseifner-subgroup-2
5: Starting numprocs=8 N=7000, M=7000 impl=g-rabenseifner-subgroup-2
1: Starting numprocs=8 N=7000, M=7000 impl=g-rabenseifner-subgroup-2
time: 0.387321s
Iteration 1
time: 0.336374s
Iteration 2
time: 0.333735s
Iteration 3
time: 0.332915s
Iteration 4
time: 0.335205s
Iteration 5
time: 0.332794s
Iteration 6
time: 0.333607s
Iteration 7
time: 0.334086s
Iteration 8
time: 0.340311s
Iteration 9
time: 0.332154s
Iteration 10
time: 0.333858s
Iteration 11
time: 0.332557s
Iteration 12
time: 0.334347s
Iteration 13
time: 0.333170s
Iteration 14
time: 0.334162s
Iteration 15
time: 0.332913s
Iteration 16
time: 0.333471s
Iteration 17
time: 0.333929s
Iteration 18
time: 0.333671s
Iteration 19
time: 0.333927s
Iteration 20
time: 0.335900s
Iteration 21
time: 0.331821s
Iteration 22
time: 0.333515s
Iteration 23
time: 0.332296s
Iteration 24
time: 0.335464s
6: Starting numprocs=8 N=7000, M=7000 impl=g-rabenseifner-subgroup-4
2: Starting numprocs=8 N=7000, M=7000 impl=g-rabenseifner-subgroup-4
4: Starting numprocs=8 N=7000, M=7000 impl=g-rabenseifner-subgroup-4
7: Starting numprocs=8 N=7000, M=7000 impl=g-rabenseifner-subgroup-4
0: Starting numprocs=8 N=7000, M=7000 impl=g-rabenseifner-subgroup-4
Iteration 0
5: Starting numprocs=8 N=7000, M=7000 impl=g-rabenseifner-subgroup-4
3: Starting numprocs=8 N=7000, M=7000 impl=g-rabenseifner-subgroup-4
1: Starting numprocs=8 N=7000, M=7000 impl=g-rabenseifner-subgroup-4
time: 0.366630s
Iteration 1
time: 0.340194s
Iteration 2
time: 0.339522s
Iteration 3
time: 0.339609s
Iteration 4
time: 0.337180s
Iteration 5
time: 0.340539s
Iteration 6
time: 0.342298s
Iteration 7
time: 0.341023s
Iteration 8
time: 0.338610s
Iteration 9
time: 0.341361s
Iteration 10
time: 0.335843s
Iteration 11
time: 0.340336s
Iteration 12
time: 0.341120s
Iteration 13
time: 0.341128s
Iteration 14
time: 0.336001s
Iteration 15
time: 0.340480s
Iteration 16
time: 0.336977s
Iteration 17
time: 0.346114s
Iteration 18
time: 0.341827s
Iteration 19
time: 0.340405s
Iteration 20
time: 0.337060s
Iteration 21
time: 0.335912s
Iteration 22
time: 0.339551s
Iteration 23
time: 0.342804s
Iteration 24
time: 0.340431s
6: Starting numprocs=8 N=7000, M=7000 impl=g-rabenseifner-subgroup-8
2: Starting numprocs=8 N=7000, M=7000 impl=g-rabenseifner-subgroup-8
7: Starting numprocs=8 N=7000, M=7000 impl=g-rabenseifner-subgroup-8
4: Starting numprocs=8 N=7000, M=7000 impl=g-rabenseifner-subgroup-8
0: Starting numprocs=8 N=7000, M=7000 impl=g-rabenseifner-subgroup-8
Iteration 0
1: Starting numprocs=8 N=7000, M=7000 impl=g-rabenseifner-subgroup-8
5: Starting numprocs=8 N=7000, M=7000 impl=g-rabenseifner-subgroup-8
3: Starting numprocs=8 N=7000, M=7000 impl=g-rabenseifner-subgroup-8
time: 0.365534s
Iteration 1
time: 0.350752s
Iteration 2
time: 0.346622s
Iteration 3
time: 0.347957s
Iteration 4
time: 0.351358s
Iteration 5
time: 0.349767s
Iteration 6
time: 0.351337s
Iteration 7
time: 0.354767s
Iteration 8
time: 0.347900s
Iteration 9
time: 0.347737s
Iteration 10
time: 0.345545s
Iteration 11
time: 0.350051s
Iteration 12
time: 0.352300s
Iteration 13
time: 0.352967s
Iteration 14
time: 0.339026s
Iteration 15
time: 0.354010s
Iteration 16
time: 0.350329s
Iteration 17
time: 0.343790s
Iteration 18
time: 0.346677s
Iteration 19
time: 0.343526s
Iteration 20
time: 0.341770s
Iteration 21
time: 0.339930s
Iteration 22
time: 0.344956s
Iteration 23
time: 0.345763s
Iteration 24
time: 0.342302s
6: Starting numprocs=8 N=8000, M=8000 impl=allgather
2: Starting numprocs=8 N=8000, M=8000 impl=allgather
0: Starting numprocs=8 N=8000, M=8000 impl=allgather
Iteration 0
4: Starting numprocs=8 N=8000, M=8000 impl=allgather
7: Starting numprocs=8 N=8000, M=8000 impl=allgather
5: Starting numprocs=8 N=8000, M=8000 impl=allgather
3: Starting numprocs=8 N=8000, M=8000 impl=allgather
1: Starting numprocs=8 N=8000, M=8000 impl=allgather
time: 0.569964s
Iteration 1
time: 0.564322s
Iteration 2
time: 0.562072s
Iteration 3
time: 0.568973s
Iteration 4
time: 0.573676s
Iteration 5
time: 0.561985s
Iteration 6
time: 0.561770s
Iteration 7
time: 0.581622s
Iteration 8
time: 0.580170s
Iteration 9
time: 0.580037s
Iteration 10
time: 0.582928s
Iteration 11
time: 0.581015s
Iteration 12
time: 0.581779s
Iteration 13
time: 0.585715s
Iteration 14
time: 0.580442s
Iteration 15
time: 0.582742s
Iteration 16
time: 0.582127s
Iteration 17
time: 0.579221s
Iteration 18
time: 0.578117s
Iteration 19
time: 0.569207s
Iteration 20
time: 0.582511s
Iteration 21
time: 0.581127s
Iteration 22
time: 0.579347s
Iteration 23
time: 0.581085s
Iteration 24
time: 0.584908s
6: Starting numprocs=8 N=8000, M=8000 impl=allreduce
2: Starting numprocs=8 N=8000, M=8000 impl=allreduce
4: Starting numprocs=8 N=8000, M=8000 impl=allreduce
7: Starting numprocs=8 N=8000, M=8000 impl=allreduce
0: Starting numprocs=8 N=8000, M=8000 impl=allreduce
Iteration 0
5: Starting numprocs=8 N=8000, M=8000 impl=allreduce
3: Starting numprocs=8 N=8000, M=8000 impl=allreduce
1: Starting numprocs=8 N=8000, M=8000 impl=allreduce
time: 1.494895s
Iteration 1
time: 1.323848s
Iteration 2
time: 1.294136s
Iteration 3
time: 1.292964s
Iteration 4
time: 1.299420s
Iteration 5
time: 1.296508s
Iteration 6
time: 1.294319s
Iteration 7
time: 1.302178s
Iteration 8
time: 1.310213s
Iteration 9
time: 1.300117s
Iteration 10
time: 1.301927s
Iteration 11
time: 1.298073s
Iteration 12
time: 1.301931s
Iteration 13
time: 1.299570s
Iteration 14
time: 1.286195s
Iteration 15
time: 1.331522s
Iteration 16
time: 1.279887s
Iteration 17
time: 1.294380s
Iteration 18
time: 1.316779s
Iteration 19
time: 1.277800s
Iteration 20
time: 1.302854s
Iteration 21
time: 1.283031s
Iteration 22
time: 1.299996s
Iteration 23
time: 1.303590s
Iteration 24
time: 1.282318s
3: Starting numprocs=8 N=8000, M=8000 impl=allreduce-ring
6: Starting numprocs=8 N=8000, M=8000 impl=allreduce-ring
7: Starting numprocs=8 N=8000, M=8000 impl=allreduce-ring
2: Starting numprocs=8 N=8000, M=8000 impl=allreduce-ring
4: Starting numprocs=8 N=8000, M=8000 impl=allreduce-ring
5: Starting numprocs=8 N=8000, M=8000 impl=allreduce-ring
0: Starting numprocs=8 N=8000, M=8000 impl=allreduce-ring
Iteration 0
1: Starting numprocs=8 N=8000, M=8000 impl=allreduce-ring
time: 1.207483s
Iteration 1
time: 1.027564s
Iteration 2
time: 1.025808s
Iteration 3
time: 1.017883s
Iteration 4
time: 1.027934s
Iteration 5
time: 1.024669s
Iteration 6
time: 1.017601s
Iteration 7
time: 1.032709s
Iteration 8
time: 1.033353s
Iteration 9
time: 1.021904s
Iteration 10
time: 1.019308s
Iteration 11
time: 1.029798s
Iteration 12
time: 1.015269s
Iteration 13
time: 1.015627s
Iteration 14
time: 1.041132s
Iteration 15
time: 1.028463s
Iteration 16
time: 1.026281s
Iteration 17
time: 1.029689s
Iteration 18
time: 1.018167s
Iteration 19
time: 1.021530s
Iteration 20
time: 1.021105s
Iteration 21
time: 1.017889s
Iteration 22
time: 1.013125s
Iteration 23
time: 1.033956s
Iteration 24
time: 1.029122s
6: Starting numprocs=8 N=8000, M=8000 impl=g-rabenseifner-allgather
3: Starting numprocs=8 N=8000, M=8000 impl=g-rabenseifner-allgather
2: Starting numprocs=8 N=8000, M=8000 impl=g-rabenseifner-allgather
4: Starting numprocs=8 N=8000, M=8000 impl=g-rabenseifner-allgather
0: Starting numprocs=8 N=8000, M=8000 impl=g-rabenseifner-allgather
Iteration 0
7: Starting numprocs=8 N=8000, M=8000 impl=g-rabenseifner-allgather
5: Starting numprocs=8 N=8000, M=8000 impl=g-rabenseifner-allgather
1: Starting numprocs=8 N=8000, M=8000 impl=g-rabenseifner-allgather
time: 0.498326s
Iteration 1
time: 0.434367s
Iteration 2
time: 0.433076s
Iteration 3
time: 0.433266s
Iteration 4
time: 0.433874s
Iteration 5
time: 0.434401s
Iteration 6
time: 0.434567s
Iteration 7
time: 0.432905s
Iteration 8
time: 0.434390s
Iteration 9
time: 0.434922s
Iteration 10
time: 0.434404s
Iteration 11
time: 0.432431s
Iteration 12
time: 0.437618s
Iteration 13
time: 0.432746s
Iteration 14
time: 0.434309s
Iteration 15
time: 0.437861s
Iteration 16
time: 0.436529s
Iteration 17
time: 0.433102s
Iteration 18
time: 0.433937s
Iteration 19
time: 0.436239s
Iteration 20
time: 0.432640s
Iteration 21
time: 0.432532s
Iteration 22
time: 0.433243s
Iteration 23
time: 0.433945s
Iteration 24
time: 0.433238s
6: Starting numprocs=8 N=8000, M=8000 impl=g-rabenseifner-subgroup-2
3: Starting numprocs=8 N=8000, M=8000 impl=g-rabenseifner-subgroup-2
2: Starting numprocs=8 N=8000, M=8000 impl=g-rabenseifner-subgroup-2
4: Starting numprocs=8 N=8000, M=8000 impl=g-rabenseifner-subgroup-2
7: Starting numprocs=8 N=8000, M=8000 impl=g-rabenseifner-subgroup-2
0: Starting numprocs=8 N=8000, M=8000 impl=g-rabenseifner-subgroup-2
Iteration 0
5: Starting numprocs=8 N=8000, M=8000 impl=g-rabenseifner-subgroup-2
1: Starting numprocs=8 N=8000, M=8000 impl=g-rabenseifner-subgroup-2
time: 0.500545s
Iteration 1
time: 0.435777s
Iteration 2
time: 0.435114s
Iteration 3
time: 0.436837s
Iteration 4
time: 0.441819s
Iteration 5
time: 0.436779s
Iteration 6
time: 0.438815s
Iteration 7
time: 0.435848s
Iteration 8
time: 0.436004s
Iteration 9
time: 0.436086s
Iteration 10
time: 0.445264s
Iteration 11
time: 0.440477s
Iteration 12
time: 0.437013s
Iteration 13
time: 0.437183s
Iteration 14
time: 0.436079s
Iteration 15
time: 0.436764s
Iteration 16
time: 0.446477s
Iteration 17
time: 0.436907s
Iteration 18
time: 0.437587s
Iteration 19
time: 0.437220s
Iteration 20
time: 0.436133s
Iteration 21
time: 0.437402s
Iteration 22
time: 0.449088s
Iteration 23
time: 0.436618s
Iteration 24
time: 0.437687s
3: Starting numprocs=8 N=8000, M=8000 impl=g-rabenseifner-subgroup-4
6: Starting numprocs=8 N=8000, M=8000 impl=g-rabenseifner-subgroup-4
2: Starting numprocs=8 N=8000, M=8000 impl=g-rabenseifner-subgroup-4
4: Starting numprocs=8 N=8000, M=8000 impl=g-rabenseifner-subgroup-4
7: Starting numprocs=8 N=8000, M=8000 impl=g-rabenseifner-subgroup-4
5: Starting numprocs=8 N=8000, M=8000 impl=g-rabenseifner-subgroup-4
0: Starting numprocs=8 N=8000, M=8000 impl=g-rabenseifner-subgroup-4
Iteration 0
1: Starting numprocs=8 N=8000, M=8000 impl=g-rabenseifner-subgroup-4
time: 0.483759s
Iteration 1
time: 0.445211s
Iteration 2
time: 0.441240s
Iteration 3
time: 0.440939s
Iteration 4
time: 0.441160s
Iteration 5
time: 0.442303s
Iteration 6
time: 0.445147s
Iteration 7
time: 0.443916s
Iteration 8
time: 0.443949s
Iteration 9
time: 0.441932s
Iteration 10
time: 0.438750s
Iteration 11
time: 0.452573s
Iteration 12
time: 0.447282s
Iteration 13
time: 0.455127s
Iteration 14
time: 0.442593s
Iteration 15
time: 0.442367s
Iteration 16
time: 0.442540s
Iteration 17
time: 0.442795s
Iteration 18
time: 0.449396s
Iteration 19
time: 0.447963s
Iteration 20
time: 0.447510s
Iteration 21
time: 0.443644s
Iteration 22
time: 0.451717s
Iteration 23
time: 0.455012s
Iteration 24
time: 0.441956s
3: Starting numprocs=8 N=8000, M=8000 impl=g-rabenseifner-subgroup-8
6: Starting numprocs=8 N=8000, M=8000 impl=g-rabenseifner-subgroup-8
2: Starting numprocs=8 N=8000, M=8000 impl=g-rabenseifner-subgroup-8
4: Starting numprocs=8 N=8000, M=8000 impl=g-rabenseifner-subgroup-8
7: Starting numprocs=8 N=8000, M=8000 impl=g-rabenseifner-subgroup-8
5: Starting numprocs=8 N=8000, M=8000 impl=g-rabenseifner-subgroup-8
0: Starting numprocs=8 N=8000, M=8000 impl=g-rabenseifner-subgroup-8
Iteration 0
1: Starting numprocs=8 N=8000, M=8000 impl=g-rabenseifner-subgroup-8
time: 0.495812s
Iteration 1
time: 0.458009s
Iteration 2
time: 0.457154s
Iteration 3
time: 0.467879s
Iteration 4
time: 0.472569s
Iteration 5
time: 0.462539s
Iteration 6
time: 0.455295s
Iteration 7
time: 0.456474s
Iteration 8
time: 0.460455s
Iteration 9
time: 0.464037s
Iteration 10
time: 0.458051s
Iteration 11
time: 0.456928s
Iteration 12
time: 0.469421s
Iteration 13
time: 0.493904s
Iteration 14
time: 0.459286s
Iteration 15
time: 0.456388s
Iteration 16
time: 0.460729s
Iteration 17
time: 0.459063s
Iteration 18
time: 0.460278s
Iteration 19
time: 0.454632s
Iteration 20
time: 0.452890s
Iteration 21
time: 0.462498s
Iteration 22
time: 0.472579s
Iteration 23
time: 0.459545s
Iteration 24
time: 0.452606s
