12: Starting numprocs=16 N=1000, M=1000 impl=allgather
15: Starting numprocs=16 N=1000, M=1000 impl=allgather
4: Starting numprocs=16 N=1000, M=1000 impl=allgather
1: Starting numprocs=16 N=1000, M=1000 impl=allgather
14: Starting numprocs=16 N=1000, M=1000 impl=allgather
6: Starting numprocs=16 N=1000, M=1000 impl=allgather
10: Starting numprocs=16 N=1000, M=1000 impl=allgather
7: Starting numprocs=16 N=1000, M=1000 impl=allgather
11: Starting numprocs=16 N=1000, M=1000 impl=allgather
13: Starting numprocs=16 N=1000, M=1000 impl=allgather
3: Starting numprocs=16 N=1000, M=1000 impl=allgather
8: Starting numprocs=16 N=1000, M=1000 impl=allgather
5: Starting numprocs=16 N=1000, M=1000 impl=allgather
2: Starting numprocs=16 N=1000, M=1000 impl=allgather
0: Starting numprocs=16 N=1000, M=1000 impl=allgather
Iteration 0
9: Starting numprocs=16 N=1000, M=1000 impl=allgather
time: 0.024808s
Iteration 1
time: 0.014251s
Iteration 2
time: 0.014114s
Iteration 3
time: 0.014228s
Iteration 4
time: 0.013894s
Iteration 5
time: 0.013717s
Iteration 6
time: 0.013435s
Iteration 7
time: 0.013960s
Iteration 8
time: 0.013839s
Iteration 9
time: 0.013845s
Iteration 10
time: 0.013949s
Iteration 11
time: 0.013910s
Iteration 12
time: 0.013910s
Iteration 13
time: 0.014403s
Iteration 14
time: 0.014163s
Iteration 15
time: 0.014634s
Iteration 16
time: 0.012983s
Iteration 17
time: 0.012994s
Iteration 18
time: 0.012990s
Iteration 19
time: 0.013522s
Iteration 20
time: 0.014022s
Iteration 21
time: 0.013375s
Iteration 22
time: 0.013603s
Iteration 23
time: 0.013223s
Iteration 24
time: 0.012865s
12: Starting numprocs=16 N=1000, M=1000 impl=allreduce
15: Starting numprocs=16 N=1000, M=1000 impl=allreduce
0: Starting numprocs=16 N=1000, M=1000 impl=allreduce
Iteration 0
13: Starting numprocs=16 N=1000, M=1000 impl=allreduce
6: Starting numprocs=16 N=1000, M=1000 impl=allreduce
1: Starting numprocs=16 N=1000, M=1000 impl=allreduce
7: Starting numprocs=16 N=1000, M=1000 impl=allreduce
8: Starting numprocs=16 N=1000, M=1000 impl=allreduce
3: Starting numprocs=16 N=1000, M=1000 impl=allreduce
14: Starting numprocs=16 N=1000, M=1000 impl=allreduce
9: Starting numprocs=16 N=1000, M=1000 impl=allreduce
4: Starting numprocs=16 N=1000, M=1000 impl=allreduce
11: Starting numprocs=16 N=1000, M=1000 impl=allreduce
5: Starting numprocs=16 N=1000, M=1000 impl=allreduce
10: Starting numprocs=16 N=1000, M=1000 impl=allreduce
2: Starting numprocs=16 N=1000, M=1000 impl=allreduce
time: 0.026441s
Iteration 1
time: 0.023230s
Iteration 2
time: 0.018911s
Iteration 3
time: 0.017789s
Iteration 4
time: 0.017543s
Iteration 5
time: 0.017824s
Iteration 6
time: 0.017196s
Iteration 7
time: 0.017145s
Iteration 8
time: 0.017970s
Iteration 9
time: 0.018521s
Iteration 10
time: 0.017916s
Iteration 11
time: 0.017087s
Iteration 12
time: 0.018578s
Iteration 13
time: 0.017584s
Iteration 14
time: 0.017984s
Iteration 15
time: 0.017270s
Iteration 16
time: 0.017778s
Iteration 17
time: 0.017699s
Iteration 18
time: 0.017357s
Iteration 19
time: 0.017151s
Iteration 20
time: 0.017338s
Iteration 21
time: 0.017659s
Iteration 22
time: 0.017649s
Iteration 23
time: 0.017747s
Iteration 24
time: 0.017809s
12: Starting numprocs=16 N=1000, M=1000 impl=allreduce-ring
15: Starting numprocs=16 N=1000, M=1000 impl=allreduce-ring
0: Starting numprocs=16 N=1000, M=1000 impl=allreduce-ring
Iteration 0
13: Starting numprocs=16 N=1000, M=1000 impl=allreduce-ring
4: Starting numprocs=16 N=1000, M=1000 impl=allreduce-ring
6: Starting numprocs=16 N=1000, M=1000 impl=allreduce-ring
9: Starting numprocs=16 N=1000, M=1000 impl=allreduce-ring
3: Starting numprocs=16 N=1000, M=1000 impl=allreduce-ring
14: Starting numprocs=16 N=1000, M=1000 impl=allreduce-ring
7: Starting numprocs=16 N=1000, M=1000 impl=allreduce-ring
1: Starting numprocs=16 N=1000, M=1000 impl=allreduce-ring
11: Starting numprocs=16 N=1000, M=1000 impl=allreduce-ring
10: Starting numprocs=16 N=1000, M=1000 impl=allreduce-ring
8: Starting numprocs=16 N=1000, M=1000 impl=allreduce-ring
5: Starting numprocs=16 N=1000, M=1000 impl=allreduce-ring
2: Starting numprocs=16 N=1000, M=1000 impl=allreduce-ring
time: 0.035080s
Iteration 1
time: 0.014819s
Iteration 2
time: 0.014520s
Iteration 3
time: 0.014483s
Iteration 4
time: 0.014286s
Iteration 5
time: 0.014291s
Iteration 6
time: 0.015191s
Iteration 7
time: 0.014611s
Iteration 8
time: 0.014426s
Iteration 9
time: 0.015146s
Iteration 10
time: 0.014251s
Iteration 11
time: 0.014681s
Iteration 12
time: 0.014250s
Iteration 13
time: 0.014671s
Iteration 14
time: 0.015022s
Iteration 15
time: 0.014573s
Iteration 16
time: 0.014466s
Iteration 17
time: 0.014989s
Iteration 18
time: 0.014246s
Iteration 19
time: 0.014250s
Iteration 20
time: 0.014503s
Iteration 21
time: 0.014707s
Iteration 22
time: 0.014259s
Iteration 23
time: 0.014251s
Iteration 24
time: 0.014474s
15: Starting numprocs=16 N=1000, M=1000 impl=g-rabenseifner-allgather
12: Starting numprocs=16 N=1000, M=1000 impl=g-rabenseifner-allgather
0: Starting numprocs=16 N=1000, M=1000 impl=g-rabenseifner-allgather
Iteration 0
6: Starting numprocs=16 N=1000, M=1000 impl=g-rabenseifner-allgather
13: Starting numprocs=16 N=1000, M=1000 impl=g-rabenseifner-allgather
8: Starting numprocs=16 N=1000, M=1000 impl=g-rabenseifner-allgather
11: Starting numprocs=16 N=1000, M=1000 impl=g-rabenseifner-allgather
7: Starting numprocs=16 N=1000, M=1000 impl=g-rabenseifner-allgather
9: Starting numprocs=16 N=1000, M=1000 impl=g-rabenseifner-allgather
3: Starting numprocs=16 N=1000, M=1000 impl=g-rabenseifner-allgather
1: Starting numprocs=16 N=1000, M=1000 impl=g-rabenseifner-allgather
4: Starting numprocs=16 N=1000, M=1000 impl=g-rabenseifner-allgather
5: Starting numprocs=16 N=1000, M=1000 impl=g-rabenseifner-allgather
2: Starting numprocs=16 N=1000, M=1000 impl=g-rabenseifner-allgather
10: Starting numprocs=16 N=1000, M=1000 impl=g-rabenseifner-allgather
14: Starting numprocs=16 N=1000, M=1000 impl=g-rabenseifner-allgather
time: 0.025074s
Iteration 1
time: 0.008027s
Iteration 2
time: 0.008405s
Iteration 3
time: 0.007917s
Iteration 4
time: 0.008206s
Iteration 5
time: 0.007840s
Iteration 6
time: 0.008135s
Iteration 7
time: 0.007812s
Iteration 8
time: 0.008271s
Iteration 9
time: 0.007813s
Iteration 10
time: 0.007805s
Iteration 11
time: 0.008211s
Iteration 12
time: 0.008157s
Iteration 13
time: 0.007854s
Iteration 14
time: 0.007839s
Iteration 15
time: 0.007799s
Iteration 16
time: 0.008201s
Iteration 17
time: 0.007984s
Iteration 18
time: 0.008358s
Iteration 19
time: 0.007805s
Iteration 20
time: 0.008149s
Iteration 21
time: 0.007865s
Iteration 22
time: 0.007758s
Iteration 23
time: 0.007801s
Iteration 24
time: 0.007856s
15: Starting numprocs=16 N=1000, M=1000 impl=g-rabenseifner-subgroup-2
12: Starting numprocs=16 N=1000, M=1000 impl=g-rabenseifner-subgroup-2
0: Starting numprocs=16 N=1000, M=1000 impl=g-rabenseifner-subgroup-2
Iteration 0
13: Starting numprocs=16 N=1000, M=1000 impl=g-rabenseifner-subgroup-2
6: Starting numprocs=16 N=1000, M=1000 impl=g-rabenseifner-subgroup-2
11: Starting numprocs=16 N=1000, M=1000 impl=g-rabenseifner-subgroup-2
10: Starting numprocs=16 N=1000, M=1000 impl=g-rabenseifner-subgroup-2
9: Starting numprocs=16 N=1000, M=1000 impl=g-rabenseifner-subgroup-2
3: Starting numprocs=16 N=1000, M=1000 impl=g-rabenseifner-subgroup-2
4: Starting numprocs=16 N=1000, M=1000 impl=g-rabenseifner-subgroup-2
7: Starting numprocs=16 N=1000, M=1000 impl=g-rabenseifner-subgroup-2
8: Starting numprocs=16 N=1000, M=1000 impl=g-rabenseifner-subgroup-2
14: Starting numprocs=16 N=1000, M=1000 impl=g-rabenseifner-subgroup-2
5: Starting numprocs=16 N=1000, M=1000 impl=g-rabenseifner-subgroup-2
2: Starting numprocs=16 N=1000, M=1000 impl=g-rabenseifner-subgroup-2
1: Starting numprocs=16 N=1000, M=1000 impl=g-rabenseifner-subgroup-2
time: 0.023519s
Iteration 1
time: 0.008235s
Iteration 2
time: 0.008322s
Iteration 3
time: 0.008227s
Iteration 4
time: 0.008096s
Iteration 5
time: 0.008596s
Iteration 6
time: 0.008036s
Iteration 7
time: 0.008149s
Iteration 8
time: 0.008499s
Iteration 9
time: 0.008273s
Iteration 10
time: 0.008257s
Iteration 11
time: 0.008226s
Iteration 12
time: 0.008193s
Iteration 13
time: 0.008246s
Iteration 14
time: 0.008269s
Iteration 15
time: 0.008637s
Iteration 16
time: 0.008172s
Iteration 17
time: 0.008310s
Iteration 18
time: 0.008227s
Iteration 19
time: 0.008663s
Iteration 20
time: 0.008183s
Iteration 21
time: 0.008209s
Iteration 22
time: 0.008148s
Iteration 23
time: 0.008198s
Iteration 24
time: 0.008166s
12: Starting numprocs=16 N=1000, M=1000 impl=g-rabenseifner-subgroup-4
15: Starting numprocs=16 N=1000, M=1000 impl=g-rabenseifner-subgroup-4
4: Starting numprocs=16 N=1000, M=1000 impl=g-rabenseifner-subgroup-4
10: Starting numprocs=16 N=1000, M=1000 impl=g-rabenseifner-subgroup-4
6: Starting numprocs=16 N=1000, M=1000 impl=g-rabenseifner-subgroup-4
7: Starting numprocs=16 N=1000, M=1000 impl=g-rabenseifner-subgroup-4
9: Starting numprocs=16 N=1000, M=1000 impl=g-rabenseifner-subgroup-4
13: Starting numprocs=16 N=1000, M=1000 impl=g-rabenseifner-subgroup-4
1: Starting numprocs=16 N=1000, M=1000 impl=g-rabenseifner-subgroup-4
14: Starting numprocs=16 N=1000, M=1000 impl=g-rabenseifner-subgroup-4
8: Starting numprocs=16 N=1000, M=1000 impl=g-rabenseifner-subgroup-4
3: Starting numprocs=16 N=1000, M=1000 impl=g-rabenseifner-subgroup-4
11: Starting numprocs=16 N=1000, M=1000 impl=g-rabenseifner-subgroup-4
5: Starting numprocs=16 N=1000, M=1000 impl=g-rabenseifner-subgroup-4
0: Starting numprocs=16 N=1000, M=1000 impl=g-rabenseifner-subgroup-4
Iteration 0
2: Starting numprocs=16 N=1000, M=1000 impl=g-rabenseifner-subgroup-4
time: 0.027088s
Iteration 1
time: 0.009025s
Iteration 2
time: 0.008892s
Iteration 3
time: 0.008895s
Iteration 4
time: 0.008810s
Iteration 5
time: 0.008722s
Iteration 6
time: 0.008762s
Iteration 7
time: 0.008913s
Iteration 8
time: 0.009157s
Iteration 9
time: 0.008967s
Iteration 10
time: 0.008670s
Iteration 11
time: 0.008700s
Iteration 12
time: 0.009346s
Iteration 13
time: 0.009200s
Iteration 14
time: 0.008746s
Iteration 15
time: 0.008937s
Iteration 16
time: 0.008774s
Iteration 17
time: 0.008750s
Iteration 18
time: 0.008871s
Iteration 19
time: 0.008702s
Iteration 20
time: 0.008555s
Iteration 21
time: 0.008581s
Iteration 22
time: 0.008852s
Iteration 23
time: 0.009222s
Iteration 24
time: 0.008913s
12: Starting numprocs=16 N=1000, M=1000 impl=g-rabenseifner-subgroup-8
0: Starting numprocs=16 N=1000, M=1000 impl=g-rabenseifner-subgroup-8
Iteration 0
15: Starting numprocs=16 N=1000, M=1000 impl=g-rabenseifner-subgroup-8
6: Starting numprocs=16 N=1000, M=1000 impl=g-rabenseifner-subgroup-8
14: Starting numprocs=16 N=1000, M=1000 impl=g-rabenseifner-subgroup-8
13: Starting numprocs=16 N=1000, M=1000 impl=g-rabenseifner-subgroup-8
9: Starting numprocs=16 N=1000, M=1000 impl=g-rabenseifner-subgroup-8
4: Starting numprocs=16 N=1000, M=1000 impl=g-rabenseifner-subgroup-8
10: Starting numprocs=16 N=1000, M=1000 impl=g-rabenseifner-subgroup-8
11: Starting numprocs=16 N=1000, M=1000 impl=g-rabenseifner-subgroup-8
1: Starting numprocs=16 N=1000, M=1000 impl=g-rabenseifner-subgroup-8
7: Starting numprocs=16 N=1000, M=1000 impl=g-rabenseifner-subgroup-8
5: Starting numprocs=16 N=1000, M=1000 impl=g-rabenseifner-subgroup-8
8: Starting numprocs=16 N=1000, M=1000 impl=g-rabenseifner-subgroup-8
2: Starting numprocs=16 N=1000, M=1000 impl=g-rabenseifner-subgroup-8
3: Starting numprocs=16 N=1000, M=1000 impl=g-rabenseifner-subgroup-8
time: 0.025195s
Iteration 1
time: 0.010436s
Iteration 2
time: 0.009967s
Iteration 3
time: 0.009995s
Iteration 4
time: 0.009809s
Iteration 5
time: 0.009981s
Iteration 6
time: 0.009786s
Iteration 7
time: 0.009728s
Iteration 8
time: 0.009866s
Iteration 9
time: 0.009837s
Iteration 10
time: 0.009857s
Iteration 11
time: 0.009732s
Iteration 12
time: 0.009895s
Iteration 13
time: 0.009830s
Iteration 14
time: 0.010178s
Iteration 15
time: 0.010477s
Iteration 16
time: 0.009935s
Iteration 17
time: 0.009951s
Iteration 18
time: 0.010033s
Iteration 19
time: 0.009838s
Iteration 20
time: 0.010159s
Iteration 21
time: 0.010119s
Iteration 22
time: 0.009830s
Iteration 23
time: 0.010112s
Iteration 24
time: 0.010053s
12: Starting numprocs=16 N=2000, M=2000 impl=allgather
6: Starting numprocs=16 N=2000, M=2000 impl=allgather
4: Starting numprocs=16 N=2000, M=2000 impl=allgather
13: Starting numprocs=16 N=2000, M=2000 impl=allgather
15: Starting numprocs=16 N=2000, M=2000 impl=allgather
0: Starting numprocs=16 N=2000, M=2000 impl=allgather
Iteration 0
10: Starting numprocs=16 N=2000, M=2000 impl=allgather
14: Starting numprocs=16 N=2000, M=2000 impl=allgather
3: Starting numprocs=16 N=2000, M=2000 impl=allgather
9: Starting numprocs=16 N=2000, M=2000 impl=allgather
7: Starting numprocs=16 N=2000, M=2000 impl=allgather
1: Starting numprocs=16 N=2000, M=2000 impl=allgather
8: Starting numprocs=16 N=2000, M=2000 impl=allgather
5: Starting numprocs=16 N=2000, M=2000 impl=allgather
11: Starting numprocs=16 N=2000, M=2000 impl=allgather
2: Starting numprocs=16 N=2000, M=2000 impl=allgather
time: 0.071228s
Iteration 1
time: 0.055006s
Iteration 2
time: 0.053552s
Iteration 3
time: 0.053884s
Iteration 4
time: 0.052893s
Iteration 5
time: 0.054771s
Iteration 6
time: 0.054570s
Iteration 7
time: 0.057595s
Iteration 8
time: 0.057300s
Iteration 9
time: 0.057215s
Iteration 10
time: 0.057691s
Iteration 11
time: 0.056523s
Iteration 12
time: 0.080395s
Iteration 13
time: 0.063705s
Iteration 14
time: 0.058149s
Iteration 15
time: 0.059972s
Iteration 16
time: 0.060136s
Iteration 17
time: 0.056060s
Iteration 18
time: 0.058125s
Iteration 19
time: 0.057327s
Iteration 20
time: 0.055465s
Iteration 21
time: 0.053581s
Iteration 22
time: 0.056173s
Iteration 23
time: 0.052738s
Iteration 24
time: 0.053845s
12: Starting numprocs=16 N=2000, M=2000 impl=allreduce
15: Starting numprocs=16 N=2000, M=2000 impl=allreduce
4: Starting numprocs=16 N=2000, M=2000 impl=allreduce
13: Starting numprocs=16 N=2000, M=2000 impl=allreduce
0: Starting numprocs=16 N=2000, M=2000 impl=allreduce
Iteration 0
6: Starting numprocs=16 N=2000, M=2000 impl=allreduce
11: Starting numprocs=16 N=2000, M=2000 impl=allreduce
1: Starting numprocs=16 N=2000, M=2000 impl=allreduce
10: Starting numprocs=16 N=2000, M=2000 impl=allreduce
14: Starting numprocs=16 N=2000, M=2000 impl=allreduce
7: Starting numprocs=16 N=2000, M=2000 impl=allreduce
8: Starting numprocs=16 N=2000, M=2000 impl=allreduce
9: Starting numprocs=16 N=2000, M=2000 impl=allreduce
3: Starting numprocs=16 N=2000, M=2000 impl=allreduce
5: Starting numprocs=16 N=2000, M=2000 impl=allreduce
2: Starting numprocs=16 N=2000, M=2000 impl=allreduce
time: 0.113807s
Iteration 1
time: 0.104032s
Iteration 2
time: 0.070696s
Iteration 3
time: 0.074132s
Iteration 4
time: 0.072969s
Iteration 5
time: 0.067143s
Iteration 6
time: 0.066028s
Iteration 7
time: 0.066522s
Iteration 8
time: 0.072108s
Iteration 9
time: 0.067856s
Iteration 10
time: 0.067854s
Iteration 11
time: 0.067283s
Iteration 12
time: 0.072376s
Iteration 13
time: 0.068285s
Iteration 14
time: 0.068596s
Iteration 15
time: 0.065937s
Iteration 16
time: 0.068913s
Iteration 17
time: 0.069872s
Iteration 18
time: 0.069081s
Iteration 19
time: 0.068294s
Iteration 20
time: 0.069374s
Iteration 21
time: 0.066894s
Iteration 22
time: 0.070372s
Iteration 23
time: 0.067228s
Iteration 24
time: 0.068066s
12: Starting numprocs=16 N=2000, M=2000 impl=allreduce-ring
13: Starting numprocs=16 N=2000, M=2000 impl=allreduce-ring
1: Starting numprocs=16 N=2000, M=2000 impl=allreduce-ring
6: Starting numprocs=16 N=2000, M=2000 impl=allreduce-ring
15: Starting numprocs=16 N=2000, M=2000 impl=allreduce-ring
4: Starting numprocs=16 N=2000, M=2000 impl=allreduce-ring
3: Starting numprocs=16 N=2000, M=2000 impl=allreduce-ring
11: Starting numprocs=16 N=2000, M=2000 impl=allreduce-ring
0: Starting numprocs=16 N=2000, M=2000 impl=allreduce-ring
Iteration 0
8: Starting numprocs=16 N=2000, M=2000 impl=allreduce-ring
7: Starting numprocs=16 N=2000, M=2000 impl=allreduce-ring
14: Starting numprocs=16 N=2000, M=2000 impl=allreduce-ring
9: Starting numprocs=16 N=2000, M=2000 impl=allreduce-ring
10: Starting numprocs=16 N=2000, M=2000 impl=allreduce-ring
5: Starting numprocs=16 N=2000, M=2000 impl=allreduce-ring
2: Starting numprocs=16 N=2000, M=2000 impl=allreduce-ring
time: 0.074065s
Iteration 1
time: 0.058820s
Iteration 2
time: 0.059590s
Iteration 3
time: 0.061387s
Iteration 4
time: 0.059665s
Iteration 5
time: 0.059197s
Iteration 6
time: 0.058029s
Iteration 7
time: 0.059244s
Iteration 8
time: 0.058978s
Iteration 9
time: 0.060238s
Iteration 10
time: 0.059506s
Iteration 11
time: 0.074526s
Iteration 12
time: 0.083061s
Iteration 13
time: 0.083952s
Iteration 14
time: 0.085295s
Iteration 15
time: 0.083588s
Iteration 16
time: 0.083363s
Iteration 17
time: 5.376852s
Iteration 18
time: 0.085469s
Iteration 19
time: 0.084397s
Iteration 20
time: 1.950025s
Iteration 21
time: 0.076043s
Iteration 22
time: 0.059216s
Iteration 23
time: 0.058597s
Iteration 24
time: 0.058076s
12: Starting numprocs=16 N=2000, M=2000 impl=g-rabenseifner-allgather
1: Starting numprocs=16 N=2000, M=2000 impl=g-rabenseifner-allgather
4: Starting numprocs=16 N=2000, M=2000 impl=g-rabenseifner-allgather
6: Starting numprocs=16 N=2000, M=2000 impl=g-rabenseifner-allgather
15: Starting numprocs=16 N=2000, M=2000 impl=g-rabenseifner-allgather
13: Starting numprocs=16 N=2000, M=2000 impl=g-rabenseifner-allgather
11: Starting numprocs=16 N=2000, M=2000 impl=g-rabenseifner-allgather
14: Starting numprocs=16 N=2000, M=2000 impl=g-rabenseifner-allgather
0: Starting numprocs=16 N=2000, M=2000 impl=g-rabenseifner-allgather
Iteration 0
10: Starting numprocs=16 N=2000, M=2000 impl=g-rabenseifner-allgather
7: Starting numprocs=16 N=2000, M=2000 impl=g-rabenseifner-allgather
9: Starting numprocs=16 N=2000, M=2000 impl=g-rabenseifner-allgather
8: Starting numprocs=16 N=2000, M=2000 impl=g-rabenseifner-allgather
5: Starting numprocs=16 N=2000, M=2000 impl=g-rabenseifner-allgather
3: Starting numprocs=16 N=2000, M=2000 impl=g-rabenseifner-allgather
2: Starting numprocs=16 N=2000, M=2000 impl=g-rabenseifner-allgather
time: 0.042754s
Iteration 1
time: 0.029993s
Iteration 2
time: 0.029565s
Iteration 3
time: 0.029562s
Iteration 4
time: 0.029429s
Iteration 5
time: 0.029268s
Iteration 6
time: 0.029333s
Iteration 7
time: 0.029452s
Iteration 8
time: 0.029341s
Iteration 9
time: 0.029490s
Iteration 10
time: 0.029668s
Iteration 11
time: 0.029491s
Iteration 12
time: 0.029361s
Iteration 13
time: 0.029339s
Iteration 14
time: 0.029769s
Iteration 15
time: 0.029583s
Iteration 16
time: 0.029733s
Iteration 17
time: 0.029642s
Iteration 18
time: 0.030013s
Iteration 19
time: 0.029786s
Iteration 20
time: 0.030091s
Iteration 21
time: 0.029420s
Iteration 22
time: 0.029420s
Iteration 23
time: 0.029398s
Iteration 24
time: 0.029543s
15: Starting numprocs=16 N=2000, M=2000 impl=g-rabenseifner-subgroup-2
12: Starting numprocs=16 N=2000, M=2000 impl=g-rabenseifner-subgroup-2
4: Starting numprocs=16 N=2000, M=2000 impl=g-rabenseifner-subgroup-2
0: Starting numprocs=16 N=2000, M=2000 impl=g-rabenseifner-subgroup-2
Iteration 0
13: Starting numprocs=16 N=2000, M=2000 impl=g-rabenseifner-subgroup-2
6: Starting numprocs=16 N=2000, M=2000 impl=g-rabenseifner-subgroup-2
1: Starting numprocs=16 N=2000, M=2000 impl=g-rabenseifner-subgroup-2
7: Starting numprocs=16 N=2000, M=2000 impl=g-rabenseifner-subgroup-2
14: Starting numprocs=16 N=2000, M=2000 impl=g-rabenseifner-subgroup-2
10: Starting numprocs=16 N=2000, M=2000 impl=g-rabenseifner-subgroup-2
11: Starting numprocs=16 N=2000, M=2000 impl=g-rabenseifner-subgroup-2
8: Starting numprocs=16 N=2000, M=2000 impl=g-rabenseifner-subgroup-2
9: Starting numprocs=16 N=2000, M=2000 impl=g-rabenseifner-subgroup-2
3: Starting numprocs=16 N=2000, M=2000 impl=g-rabenseifner-subgroup-2
5: Starting numprocs=16 N=2000, M=2000 impl=g-rabenseifner-subgroup-2
2: Starting numprocs=16 N=2000, M=2000 impl=g-rabenseifner-subgroup-2
time: 0.055829s
Iteration 1
time: 0.031725s
Iteration 2
time: 0.031095s
Iteration 3
time: 0.031090s
Iteration 4
time: 0.031334s
Iteration 5
time: 0.031142s
Iteration 6
time: 0.037260s
Iteration 7
time: 0.039848s
Iteration 8
time: 0.040082s
Iteration 9
time: 0.039705s
Iteration 10
time: 0.039347s
Iteration 11
time: 0.039613s
Iteration 12
time: 0.039995s
Iteration 13
time: 0.040644s
Iteration 14
time: 0.041033s
Iteration 15
time: 0.039613s
Iteration 16
time: 0.039826s
Iteration 17
time: 0.039792s
Iteration 18
time: 0.039923s
Iteration 19
time: 0.039961s
Iteration 20
time: 13.016092s
Iteration 21
time: 2.187490s
Iteration 22
time: 0.039984s
Iteration 23
time: 0.040527s
Iteration 24
time: 0.040486s
12: Starting numprocs=16 N=2000, M=2000 impl=g-rabenseifner-subgroup-4
15: Starting numprocs=16 N=2000, M=2000 impl=g-rabenseifner-subgroup-4
1: Starting numprocs=16 N=2000, M=2000 impl=g-rabenseifner-subgroup-4
4: Starting numprocs=16 N=2000, M=2000 impl=g-rabenseifner-subgroup-4
13: Starting numprocs=16 N=2000, M=2000 impl=g-rabenseifner-subgroup-4
10: Starting numprocs=16 N=2000, M=2000 impl=g-rabenseifner-subgroup-4
3: Starting numprocs=16 N=2000, M=2000 impl=g-rabenseifner-subgroup-4
14: Starting numprocs=16 N=2000, M=2000 impl=g-rabenseifner-subgroup-4
11: Starting numprocs=16 N=2000, M=2000 impl=g-rabenseifner-subgroup-4
9: Starting numprocs=16 N=2000, M=2000 impl=g-rabenseifner-subgroup-4
8: Starting numprocs=16 N=2000, M=2000 impl=g-rabenseifner-subgroup-4
5: Starting numprocs=16 N=2000, M=2000 impl=g-rabenseifner-subgroup-4
0: Starting numprocs=16 N=2000, M=2000 impl=g-rabenseifner-subgroup-4
Iteration 0
2: Starting numprocs=16 N=2000, M=2000 impl=g-rabenseifner-subgroup-4
6: Starting numprocs=16 N=2000, M=2000 impl=g-rabenseifner-subgroup-4
7: Starting numprocs=16 N=2000, M=2000 impl=g-rabenseifner-subgroup-4
time: 1.840963s
Iteration 1
time: 0.034604s
Iteration 2
time: 0.034649s
Iteration 3
time: 1.280782s
Iteration 4
time: 0.034552s
Iteration 5
time: 0.039131s
Iteration 6
time: 1.318675s
Iteration 7
time: 0.042795s
Iteration 8
time: 0.041505s
Iteration 9
time: 2.036288s
Iteration 10
time: 0.035326s
Iteration 11
time: 0.035217s
Iteration 12
time: 0.041857s
Iteration 13
time: 0.033177s
Iteration 14
time: 0.033036s
Iteration 15
time: 0.032961s
Iteration 16
time: 0.033280s
Iteration 17
time: 0.034716s
Iteration 18
time: 0.033488s
Iteration 19
time: 0.042746s
Iteration 20
time: 0.034798s
Iteration 21
time: 0.040218s
Iteration 22
time: 1.950487s
Iteration 23
time: 0.035984s
Iteration 24
time: 0.043651s
6: Starting numprocs=16 N=2000, M=2000 impl=g-rabenseifner-subgroup-8
12: Starting numprocs=16 N=2000, M=2000 impl=g-rabenseifner-subgroup-8
15: Starting numprocs=16 N=2000, M=2000 impl=g-rabenseifner-subgroup-8
1: Starting numprocs=16 N=2000, M=2000 impl=g-rabenseifner-subgroup-8
4: Starting numprocs=16 N=2000, M=2000 impl=g-rabenseifner-subgroup-8
13: Starting numprocs=16 N=2000, M=2000 impl=g-rabenseifner-subgroup-8
11: Starting numprocs=16 N=2000, M=2000 impl=g-rabenseifner-subgroup-8
14: Starting numprocs=16 N=2000, M=2000 impl=g-rabenseifner-subgroup-8
7: Starting numprocs=16 N=2000, M=2000 impl=g-rabenseifner-subgroup-8
10: Starting numprocs=16 N=2000, M=2000 impl=g-rabenseifner-subgroup-8
0: Starting numprocs=16 N=2000, M=2000 impl=g-rabenseifner-subgroup-8
Iteration 0
3: Starting numprocs=16 N=2000, M=2000 impl=g-rabenseifner-subgroup-8
9: Starting numprocs=16 N=2000, M=2000 impl=g-rabenseifner-subgroup-8
2: Starting numprocs=16 N=2000, M=2000 impl=g-rabenseifner-subgroup-8
8: Starting numprocs=16 N=2000, M=2000 impl=g-rabenseifner-subgroup-8
5: Starting numprocs=16 N=2000, M=2000 impl=g-rabenseifner-subgroup-8
time: 0.055804s
Iteration 1
time: 0.040948s
Iteration 2
time: 0.039386s
Iteration 3
time: 0.044601s
Iteration 4
time: 0.039318s
Iteration 5
time: 0.039903s
Iteration 6
time: 0.039265s
Iteration 7
time: 0.040416s
Iteration 8
time: 0.040206s
Iteration 9
time: 2.171510s
Iteration 10
time: 0.041561s
Iteration 11
time: 2.110149s
Iteration 12
time: 0.048625s
Iteration 13
time: 0.040915s
Iteration 14
time: 0.038496s
Iteration 15
time: 0.038290s
Iteration 16
time: 0.038572s
Iteration 17
time: 0.038980s
Iteration 18
time: 0.038984s
Iteration 19
time: 5.540686s
Iteration 20
time: 4.335793s
Iteration 21
time: 2.167188s
Iteration 22
time: 0.042398s
Iteration 23
time: 0.038344s
Iteration 24
time: 0.038779s
12: Starting numprocs=16 N=3000, M=3000 impl=allgather
6: Starting numprocs=16 N=3000, M=3000 impl=allgather
4: Starting numprocs=16 N=3000, M=3000 impl=allgather
15: Starting numprocs=16 N=3000, M=3000 impl=allgather
0: Starting numprocs=16 N=3000, M=3000 impl=allgather
Iteration 0
1: Starting numprocs=16 N=3000, M=3000 impl=allgather
10: Starting numprocs=16 N=3000, M=3000 impl=allgather
3: Starting numprocs=16 N=3000, M=3000 impl=allgather
11: Starting numprocs=16 N=3000, M=3000 impl=allgather
14: Starting numprocs=16 N=3000, M=3000 impl=allgather
13: Starting numprocs=16 N=3000, M=3000 impl=allgather
9: Starting numprocs=16 N=3000, M=3000 impl=allgather
8: Starting numprocs=16 N=3000, M=3000 impl=allgather
5: Starting numprocs=16 N=3000, M=3000 impl=allgather
2: Starting numprocs=16 N=3000, M=3000 impl=allgather
7: Starting numprocs=16 N=3000, M=3000 impl=allgather
time: 0.141641s
Iteration 1
time: 0.155761s
Iteration 2
time: 0.127545s
Iteration 3
time: 0.127129s
Iteration 4
time: 0.126634s
Iteration 5
time: 0.129258s
Iteration 6
time: 0.128221s
Iteration 7
time: 0.149869s
Iteration 8
time: 0.127853s
Iteration 9
time: 0.127447s
Iteration 10
time: 0.127299s
Iteration 11
time: 0.129248s
Iteration 12
time: 0.127416s
Iteration 13
time: 0.127707s
Iteration 14
time: 0.126359s
Iteration 15
time: 0.128304s
Iteration 16
time: 0.128919s
Iteration 17
time: 0.169148s
Iteration 18
time: 0.137050s
Iteration 19
time: 0.125820s
Iteration 20
time: 0.128466s
Iteration 21
time: 0.131218s
Iteration 22
time: 0.126898s
Iteration 23
time: 0.128755s
Iteration 24
time: 0.136798s
12: Starting numprocs=16 N=3000, M=3000 impl=allreduce
4: Starting numprocs=16 N=3000, M=3000 impl=allreduce
6: Starting numprocs=16 N=3000, M=3000 impl=allreduce
0: Starting numprocs=16 N=3000, M=3000 impl=allreduce
Iteration 0
10: Starting numprocs=16 N=3000, M=3000 impl=allreduce
1: Starting numprocs=16 N=3000, M=3000 impl=allreduce
15: Starting numprocs=16 N=3000, M=3000 impl=allreduce
13: Starting numprocs=16 N=3000, M=3000 impl=allreduce
14: Starting numprocs=16 N=3000, M=3000 impl=allreduce
8: Starting numprocs=16 N=3000, M=3000 impl=allreduce
3: Starting numprocs=16 N=3000, M=3000 impl=allreduce
7: Starting numprocs=16 N=3000, M=3000 impl=allreduce
9: Starting numprocs=16 N=3000, M=3000 impl=allreduce
11: Starting numprocs=16 N=3000, M=3000 impl=allreduce
5: Starting numprocs=16 N=3000, M=3000 impl=allreduce
2: Starting numprocs=16 N=3000, M=3000 impl=allreduce
time: 2.333609s
Iteration 1
time: 0.209840s
Iteration 2
time: 0.198800s
Iteration 3
time: 0.191443s
Iteration 4
time: 0.200653s
Iteration 5
time: 5.687924s
Iteration 6
time: 0.205950s
Iteration 7
time: 0.207172s
Iteration 8
time: 0.195030s
Iteration 9
time: 0.193095s
Iteration 10
time: 0.205395s
Iteration 11
time: 0.199239s
Iteration 12
time: 0.192686s
Iteration 13
time: 0.196762s
Iteration 14
time: 0.190989s
Iteration 15
time: 0.200194s
Iteration 16
time: 0.197342s
Iteration 17
time: 0.197424s
Iteration 18
time: 0.215579s
Iteration 19
time: 0.198107s
Iteration 20
time: 0.194399s
Iteration 21
time: 0.199816s
Iteration 22
time: 0.198326s
Iteration 23
time: 0.207615s
Iteration 24
time: 0.197643s
0: Starting numprocs=16 N=3000, M=3000 impl=allreduce-ring
Iteration 0
12: Starting numprocs=16 N=3000, M=3000 impl=allreduce-ring
4: Starting numprocs=16 N=3000, M=3000 impl=allreduce-ring
6: Starting numprocs=16 N=3000, M=3000 impl=allreduce-ring
13: Starting numprocs=16 N=3000, M=3000 impl=allreduce-ring
1: Starting numprocs=16 N=3000, M=3000 impl=allreduce-ring
15: Starting numprocs=16 N=3000, M=3000 impl=allreduce-ring
9: Starting numprocs=16 N=3000, M=3000 impl=allreduce-ring
10: Starting numprocs=16 N=3000, M=3000 impl=allreduce-ring
3: Starting numprocs=16 N=3000, M=3000 impl=allreduce-ring
14: Starting numprocs=16 N=3000, M=3000 impl=allreduce-ring
8: Starting numprocs=16 N=3000, M=3000 impl=allreduce-ring
5: Starting numprocs=16 N=3000, M=3000 impl=allreduce-ring
7: Starting numprocs=16 N=3000, M=3000 impl=allreduce-ring
11: Starting numprocs=16 N=3000, M=3000 impl=allreduce-ring
2: Starting numprocs=16 N=3000, M=3000 impl=allreduce-ring
time: 3.797853s
Iteration 1
time: 2.305114s
Iteration 2
time: 0.132499s
Iteration 3
time: 8.601679s
Iteration 4
time: 4.272078s
Iteration 5
time: 0.135217s
Iteration 6
time: 4.475136s
Iteration 7
time: 0.132761s
Iteration 8
time: 0.131358s
Iteration 9
time: 0.132841s
Iteration 10
time: 0.130864s
Iteration 11
time: 0.139567s
Iteration 12
time: 0.140663s
Iteration 13
time: 0.138364s
Iteration 14
time: 0.134683s
Iteration 15
time: 0.132511s
Iteration 16
time: 0.132746s
Iteration 17
time: 0.132921s
Iteration 18
time: 0.138155s
Iteration 19
time: 12.137754s
Iteration 20
time: 10.493356s
Iteration 21
time: 5.670202s
Iteration 22
time: 0.135009s
Iteration 23
time: 0.132399s
Iteration 24
time: 0.136120s
15: Starting numprocs=16 N=3000, M=3000 impl=g-rabenseifner-allgather
12: Starting numprocs=16 N=3000, M=3000 impl=g-rabenseifner-allgather
4: Starting numprocs=16 N=3000, M=3000 impl=g-rabenseifner-allgather
0: Starting numprocs=16 N=3000, M=3000 impl=g-rabenseifner-allgather
Iteration 0
6: Starting numprocs=16 N=3000, M=3000 impl=g-rabenseifner-allgather
3: Starting numprocs=16 N=3000, M=3000 impl=g-rabenseifner-allgather
10: Starting numprocs=16 N=3000, M=3000 impl=g-rabenseifner-allgather
11: Starting numprocs=16 N=3000, M=3000 impl=g-rabenseifner-allgather
7: Starting numprocs=16 N=3000, M=3000 impl=g-rabenseifner-allgather
1: Starting numprocs=16 N=3000, M=3000 impl=g-rabenseifner-allgather
9: Starting numprocs=16 N=3000, M=3000 impl=g-rabenseifner-allgather
14: Starting numprocs=16 N=3000, M=3000 impl=g-rabenseifner-allgather
13: Starting numprocs=16 N=3000, M=3000 impl=g-rabenseifner-allgather
8: Starting numprocs=16 N=3000, M=3000 impl=g-rabenseifner-allgather
5: Starting numprocs=16 N=3000, M=3000 impl=g-rabenseifner-allgather
2: Starting numprocs=16 N=3000, M=3000 impl=g-rabenseifner-allgather
time: 0.095172s
Iteration 1
time: 0.065490s
Iteration 2
time: 0.065645s
Iteration 3
time: 0.065793s
Iteration 4
time: 0.066185s
Iteration 5
time: 0.069468s
Iteration 6
time: 0.065335s
Iteration 7
time: 0.065277s
Iteration 8
time: 0.065749s
Iteration 9
time: 0.065911s
Iteration 10
time: 0.065403s
Iteration 11
time: 0.065387s
Iteration 12
time: 0.065538s
Iteration 13
time: 0.065669s
Iteration 14
time: 0.065838s
Iteration 15
time: 0.065308s
Iteration 16
time: 0.065195s
Iteration 17
time: 0.065572s
Iteration 18
time: 0.065384s
Iteration 19
time: 0.065477s
Iteration 20
time: 0.065550s
Iteration 21
time: 0.065857s
Iteration 22
time: 0.065573s
Iteration 23
time: 0.065512s
Iteration 24
time: 8.014500s
12: Starting numprocs=16 N=3000, M=3000 impl=g-rabenseifner-subgroup-2
15: Starting numprocs=16 N=3000, M=3000 impl=g-rabenseifner-subgroup-2
4: Starting numprocs=16 N=3000, M=3000 impl=g-rabenseifner-subgroup-2
6: Starting numprocs=16 N=3000, M=3000 impl=g-rabenseifner-subgroup-2
10: Starting numprocs=16 N=3000, M=3000 impl=g-rabenseifner-subgroup-2
11: Starting numprocs=16 N=3000, M=3000 impl=g-rabenseifner-subgroup-2
0: Starting numprocs=16 N=3000, M=3000 impl=g-rabenseifner-subgroup-2
Iteration 0
14: Starting numprocs=16 N=3000, M=3000 impl=g-rabenseifner-subgroup-2
9: Starting numprocs=16 N=3000, M=3000 impl=g-rabenseifner-subgroup-2
3: Starting numprocs=16 N=3000, M=3000 impl=g-rabenseifner-subgroup-2
1: Starting numprocs=16 N=3000, M=3000 impl=g-rabenseifner-subgroup-2
8: Starting numprocs=16 N=3000, M=3000 impl=g-rabenseifner-subgroup-2
7: Starting numprocs=16 N=3000, M=3000 impl=g-rabenseifner-subgroup-2
13: Starting numprocs=16 N=3000, M=3000 impl=g-rabenseifner-subgroup-2
5: Starting numprocs=16 N=3000, M=3000 impl=g-rabenseifner-subgroup-2
2: Starting numprocs=16 N=3000, M=3000 impl=g-rabenseifner-subgroup-2
time: 0.095099s
Iteration 1
time: 0.068297s
Iteration 2
time: 0.068211s
Iteration 3
time: 0.069566s
Iteration 4
time: 0.068155s
Iteration 5
time: 0.068798s
Iteration 6
time: 0.068835s
Iteration 7
time: 0.068480s
Iteration 8
time: 0.069413s
Iteration 9
time: 0.069394s
Iteration 10
time: 0.068951s
Iteration 11
time: 0.069764s
Iteration 12
time: 0.069035s
Iteration 13
time: 7.821976s
Iteration 14
time: 8.700410s
Iteration 15
time: 13.024843s
Iteration 16
time: 0.073491s
Iteration 17
time: 0.068345s
Iteration 18
time: 0.069842s
Iteration 19
time: 0.068673s
Iteration 20
time: 0.068251s
Iteration 21
time: 0.069529s
Iteration 22
time: 0.068524s
Iteration 23
time: 0.069004s
Iteration 24
time: 0.068476s
12: Starting numprocs=16 N=3000, M=3000 impl=g-rabenseifner-subgroup-4
15: Starting numprocs=16 N=3000, M=3000 impl=g-rabenseifner-subgroup-4
4: Starting numprocs=16 N=3000, M=3000 impl=g-rabenseifner-subgroup-4
6: Starting numprocs=16 N=3000, M=3000 impl=g-rabenseifner-subgroup-4
1: Starting numprocs=16 N=3000, M=3000 impl=g-rabenseifner-subgroup-4
10: Starting numprocs=16 N=3000, M=3000 impl=g-rabenseifner-subgroup-4
7: Starting numprocs=16 N=3000, M=3000 impl=g-rabenseifner-subgroup-4
13: Starting numprocs=16 N=3000, M=3000 impl=g-rabenseifner-subgroup-4
14: Starting numprocs=16 N=3000, M=3000 impl=g-rabenseifner-subgroup-4
9: Starting numprocs=16 N=3000, M=3000 impl=g-rabenseifner-subgroup-4
0: Starting numprocs=16 N=3000, M=3000 impl=g-rabenseifner-subgroup-4
Iteration 0
11: Starting numprocs=16 N=3000, M=3000 impl=g-rabenseifner-subgroup-4
8: Starting numprocs=16 N=3000, M=3000 impl=g-rabenseifner-subgroup-4
3: Starting numprocs=16 N=3000, M=3000 impl=g-rabenseifner-subgroup-4
2: Starting numprocs=16 N=3000, M=3000 impl=g-rabenseifner-subgroup-4
5: Starting numprocs=16 N=3000, M=3000 impl=g-rabenseifner-subgroup-4
time: 7.784820s
Iteration 1
time: 0.075001s
Iteration 2
time: 0.074928s
Iteration 3
time: 0.075012s
Iteration 4
time: 0.074813s
Iteration 5
time: 0.074687s
Iteration 6
time: 0.074964s
Iteration 7
time: 0.075463s
Iteration 8
time: 0.074239s
Iteration 9
time: 0.073651s
Iteration 10
time: 0.074152s
Iteration 11
time: 0.073943s
Iteration 12
time: 0.074247s
Iteration 13
time: 0.074829s
Iteration 14
time: 0.074377s
Iteration 15
time: 0.075001s
Iteration 16
time: 0.075582s
Iteration 17
time: 0.074990s
Iteration 18
time: 0.075458s
Iteration 19
time: 0.075669s
Iteration 20
time: 0.074285s
Iteration 21
time: 0.074963s
Iteration 22
time: 0.075570s
Iteration 23
time: 0.075032s
Iteration 24
time: 0.074154s
12: Starting numprocs=16 N=3000, M=3000 impl=g-rabenseifner-subgroup-8
0: Starting numprocs=16 N=3000, M=3000 impl=g-rabenseifner-subgroup-8
Iteration 0
6: Starting numprocs=16 N=3000, M=3000 impl=g-rabenseifner-subgroup-8
4: Starting numprocs=16 N=3000, M=3000 impl=g-rabenseifner-subgroup-8
1: Starting numprocs=16 N=3000, M=3000 impl=g-rabenseifner-subgroup-8
13: Starting numprocs=16 N=3000, M=3000 impl=g-rabenseifner-subgroup-8
15: Starting numprocs=16 N=3000, M=3000 impl=g-rabenseifner-subgroup-8
9: Starting numprocs=16 N=3000, M=3000 impl=g-rabenseifner-subgroup-8
14: Starting numprocs=16 N=3000, M=3000 impl=g-rabenseifner-subgroup-8
10: Starting numprocs=16 N=3000, M=3000 impl=g-rabenseifner-subgroup-8
7: Starting numprocs=16 N=3000, M=3000 impl=g-rabenseifner-subgroup-8
3: Starting numprocs=16 N=3000, M=3000 impl=g-rabenseifner-subgroup-8
8: Starting numprocs=16 N=3000, M=3000 impl=g-rabenseifner-subgroup-8
11: Starting numprocs=16 N=3000, M=3000 impl=g-rabenseifner-subgroup-8
5: Starting numprocs=16 N=3000, M=3000 impl=g-rabenseifner-subgroup-8
2: Starting numprocs=16 N=3000, M=3000 impl=g-rabenseifner-subgroup-8
time: 1.244841s
Iteration 1
time: 10.615824s
Iteration 2
time: 6.501251s
Iteration 3
time: 0.088595s
Iteration 4
time: 6.403538s
Iteration 5
time: 0.091479s
Iteration 6
time: 0.092685s
Iteration 7
time: 0.091936s
Iteration 8
time: 0.092874s
Iteration 9
time: 0.088065s
Iteration 10
time: 0.087723s
Iteration 11
time: 0.088233s
Iteration 12
time: 0.088924s
Iteration 13
time: 0.087730s
Iteration 14
time: 0.088174s
Iteration 15
time: 0.088137s
Iteration 16
time: 0.088108s
Iteration 17
time: 0.088508s
Iteration 18
time: 0.088066s
Iteration 19
time: 0.090216s
Iteration 20
time: 0.088329s
Iteration 21
time: 0.087942s
Iteration 22
time: 0.087844s
Iteration 23
time: 0.087429s
Iteration 24
time: 0.085352s
15: Starting numprocs=16 N=4000, M=4000 impl=allgather
12: Starting numprocs=16 N=4000, M=4000 impl=allgather
4: Starting numprocs=16 N=4000, M=4000 impl=allgather
0: Starting numprocs=16 N=4000, M=4000 impl=allgather
Iteration 0
11: Starting numprocs=16 N=4000, M=4000 impl=allgather
3: Starting numprocs=16 N=4000, M=4000 impl=allgather
14: Starting numprocs=16 N=4000, M=4000 impl=allgather
6: Starting numprocs=16 N=4000, M=4000 impl=allgather
13: Starting numprocs=16 N=4000, M=4000 impl=allgather
9: Starting numprocs=16 N=4000, M=4000 impl=allgather
1: Starting numprocs=16 N=4000, M=4000 impl=allgather
8: Starting numprocs=16 N=4000, M=4000 impl=allgather
7: Starting numprocs=16 N=4000, M=4000 impl=allgather
2: Starting numprocs=16 N=4000, M=4000 impl=allgather
5: Starting numprocs=16 N=4000, M=4000 impl=allgather
10: Starting numprocs=16 N=4000, M=4000 impl=allgather
time: 0.245034s
Iteration 1
time: 0.238637s
Iteration 2
time: 0.239412s
Iteration 3
time: 0.244410s
Iteration 4
time: 0.250793s
Iteration 5
time: 0.253726s
Iteration 6
time: 0.241347s
Iteration 7
time: 0.241670s
Iteration 8
time: 0.252262s
Iteration 9
time: 0.252933s
Iteration 10
time: 0.245903s
Iteration 11
time: 0.241155s
Iteration 12
time: 0.242547s
Iteration 13
time: 0.239195s
Iteration 14
time: 0.243255s
Iteration 15
time: 0.245789s
Iteration 16
time: 0.242559s
Iteration 17
time: 0.241794s
Iteration 18
time: 0.242891s
Iteration 19
time: 0.253305s
Iteration 20
time: 0.239188s
Iteration 21
time: 0.239285s
Iteration 22
time: 0.238674s
Iteration 23
time: 0.238643s
Iteration 24
time: 0.241633s
12: Starting numprocs=16 N=4000, M=4000 impl=allreduce
15: Starting numprocs=16 N=4000, M=4000 impl=allreduce
6: Starting numprocs=16 N=4000, M=4000 impl=allreduce
10: Starting numprocs=16 N=4000, M=4000 impl=allreduce
1: Starting numprocs=16 N=4000, M=4000 impl=allreduce
0: Starting numprocs=16 N=4000, M=4000 impl=allreduce
Iteration 0
4: Starting numprocs=16 N=4000, M=4000 impl=allreduce
11: Starting numprocs=16 N=4000, M=4000 impl=allreduce
7: Starting numprocs=16 N=4000, M=4000 impl=allreduce
3: Starting numprocs=16 N=4000, M=4000 impl=allreduce
14: Starting numprocs=16 N=4000, M=4000 impl=allreduce
13: Starting numprocs=16 N=4000, M=4000 impl=allreduce
9: Starting numprocs=16 N=4000, M=4000 impl=allreduce
2: Starting numprocs=16 N=4000, M=4000 impl=allreduce
5: Starting numprocs=16 N=4000, M=4000 impl=allreduce
8: Starting numprocs=16 N=4000, M=4000 impl=allreduce
time: 0.396108s
Iteration 1
time: 0.354458s
Iteration 2
time: 0.361284s
Iteration 3
time: 0.350843s
Iteration 4
time: 0.351374s
Iteration 5
time: 0.352665s
Iteration 6
time: 0.365551s
Iteration 7
time: 0.363374s
Iteration 8
time: 0.356137s
Iteration 9
time: 0.354225s
Iteration 10
time: 0.344571s
Iteration 11
time: 0.374454s
Iteration 12
time: 0.359608s
Iteration 13
time: 0.366216s
Iteration 14
time: 0.396762s
Iteration 15
time: 0.362804s
Iteration 16
time: 0.352900s
Iteration 17
time: 0.357295s
Iteration 18
time: 0.355426s
Iteration 19
time: 0.359460s
Iteration 20
time: 0.347537s
Iteration 21
time: 0.355905s
Iteration 22
time: 0.361989s
Iteration 23
time: 0.355956s
Iteration 24
time: 0.353420s
12: Starting numprocs=16 N=4000, M=4000 impl=allreduce-ring
6: Starting numprocs=16 N=4000, M=4000 impl=allreduce-ring
1: Starting numprocs=16 N=4000, M=4000 impl=allreduce-ring
4: Starting numprocs=16 N=4000, M=4000 impl=allreduce-ring
10: Starting numprocs=16 N=4000, M=4000 impl=allreduce-ring
0: Starting numprocs=16 N=4000, M=4000 impl=allreduce-ring
Iteration 0
15: Starting numprocs=16 N=4000, M=4000 impl=allreduce-ring
14: Starting numprocs=16 N=4000, M=4000 impl=allreduce-ring
13: Starting numprocs=16 N=4000, M=4000 impl=allreduce-ring
3: Starting numprocs=16 N=4000, M=4000 impl=allreduce-ring
11: Starting numprocs=16 N=4000, M=4000 impl=allreduce-ring
7: Starting numprocs=16 N=4000, M=4000 impl=allreduce-ring
5: Starting numprocs=16 N=4000, M=4000 impl=allreduce-ring
8: Starting numprocs=16 N=4000, M=4000 impl=allreduce-ring
9: Starting numprocs=16 N=4000, M=4000 impl=allreduce-ring
2: Starting numprocs=16 N=4000, M=4000 impl=allreduce-ring
time: 0.267186s
Iteration 1
time: 0.236813s
Iteration 2
time: 0.242225s
Iteration 3
time: 0.242892s
Iteration 4
time: 0.243766s
Iteration 5
time: 0.241870s
Iteration 6
time: 0.247725s
Iteration 7
time: 0.251996s
Iteration 8
time: 0.238864s
Iteration 9
time: 0.250217s
Iteration 10
time: 0.251593s
Iteration 11
time: 0.243416s
Iteration 12
time: 0.247062s
Iteration 13
time: 0.250251s
Iteration 14
time: 0.241889s
Iteration 15
time: 0.237350s
Iteration 16
time: 0.243046s
Iteration 17
time: 0.240548s
Iteration 18
time: 0.255670s
Iteration 19
time: 0.250292s
Iteration 20
time: 0.240164s
Iteration 21
time: 0.242969s
Iteration 22
time: 0.242035s
Iteration 23
time: 0.241239s
Iteration 24
time: 0.251436s
12: Starting numprocs=16 N=4000, M=4000 impl=g-rabenseifner-allgather
4: Starting numprocs=16 N=4000, M=4000 impl=g-rabenseifner-allgather
1: Starting numprocs=16 N=4000, M=4000 impl=g-rabenseifner-allgather
0: Starting numprocs=16 N=4000, M=4000 impl=g-rabenseifner-allgather
Iteration 0
10: Starting numprocs=16 N=4000, M=4000 impl=g-rabenseifner-allgather
15: Starting numprocs=16 N=4000, M=4000 impl=g-rabenseifner-allgather
6: Starting numprocs=16 N=4000, M=4000 impl=g-rabenseifner-allgather
13: Starting numprocs=16 N=4000, M=4000 impl=g-rabenseifner-allgather
14: Starting numprocs=16 N=4000, M=4000 impl=g-rabenseifner-allgather
7: Starting numprocs=16 N=4000, M=4000 impl=g-rabenseifner-allgather
3: Starting numprocs=16 N=4000, M=4000 impl=g-rabenseifner-allgather
11: Starting numprocs=16 N=4000, M=4000 impl=g-rabenseifner-allgather
8: Starting numprocs=16 N=4000, M=4000 impl=g-rabenseifner-allgather
2: Starting numprocs=16 N=4000, M=4000 impl=g-rabenseifner-allgather
5: Starting numprocs=16 N=4000, M=4000 impl=g-rabenseifner-allgather
9: Starting numprocs=16 N=4000, M=4000 impl=g-rabenseifner-allgather
time: 0.141675s
Iteration 1
time: 0.116220s
Iteration 2
time: 0.115472s
Iteration 3
time: 0.115870s
Iteration 4
time: 0.115848s
Iteration 5
time: 0.116537s
Iteration 6
time: 0.116037s
Iteration 7
time: 0.116814s
Iteration 8
time: 0.115828s
Iteration 9
time: 0.116146s
Iteration 10
time: 0.116024s
Iteration 11
time: 0.116419s
Iteration 12
time: 0.116304s
Iteration 13
time: 0.116461s
Iteration 14
time: 0.116575s
Iteration 15
time: 0.115982s
Iteration 16
time: 0.116276s
Iteration 17
time: 0.116206s
Iteration 18
time: 0.116412s
Iteration 19
time: 0.115757s
Iteration 20
time: 20.822073s
Iteration 21
time: 0.116453s
Iteration 22
time: 2.282931s
Iteration 23
time: 0.115962s
Iteration 24
time: 0.116353s
12: Starting numprocs=16 N=4000, M=4000 impl=g-rabenseifner-subgroup-2
10: Starting numprocs=16 N=4000, M=4000 impl=g-rabenseifner-subgroup-2
15: Starting numprocs=16 N=4000, M=4000 impl=g-rabenseifner-subgroup-2
6: Starting numprocs=16 N=4000, M=4000 impl=g-rabenseifner-subgroup-2
4: Starting numprocs=16 N=4000, M=4000 impl=g-rabenseifner-subgroup-2
1: Starting numprocs=16 N=4000, M=4000 impl=g-rabenseifner-subgroup-2
13: Starting numprocs=16 N=4000, M=4000 impl=g-rabenseifner-subgroup-2
0: Starting numprocs=16 N=4000, M=4000 impl=g-rabenseifner-subgroup-2
Iteration 0
11: Starting numprocs=16 N=4000, M=4000 impl=g-rabenseifner-subgroup-2
3: Starting numprocs=16 N=4000, M=4000 impl=g-rabenseifner-subgroup-2
7: Starting numprocs=16 N=4000, M=4000 impl=g-rabenseifner-subgroup-2
14: Starting numprocs=16 N=4000, M=4000 impl=g-rabenseifner-subgroup-2
8: Starting numprocs=16 N=4000, M=4000 impl=g-rabenseifner-subgroup-2
9: Starting numprocs=16 N=4000, M=4000 impl=g-rabenseifner-subgroup-2
2: Starting numprocs=16 N=4000, M=4000 impl=g-rabenseifner-subgroup-2
5: Starting numprocs=16 N=4000, M=4000 impl=g-rabenseifner-subgroup-2
time: 0.156272s
Iteration 1
time: 0.124332s
Iteration 2
time: 0.124464s
Iteration 3
time: 0.123267s
Iteration 4
time: 0.123652s
Iteration 5
time: 0.123440s
Iteration 6
time: 0.123186s
Iteration 7
time: 0.121370s
Iteration 8
time: 0.120859s
Iteration 9
time: 0.120711s
Iteration 10
time: 0.122468s
Iteration 11
time: 0.121520s
Iteration 12
time: 0.122238s
Iteration 13
time: 0.121999s
Iteration 14
time: 0.121987s
Iteration 15
time: 0.122066s
Iteration 16
time: 0.121828s
Iteration 17
time: 0.121699s
Iteration 18
time: 0.122074s
Iteration 19
time: 0.121815s
Iteration 20
time: 0.121940s
Iteration 21
time: 0.122158s
Iteration 22
time: 0.120916s
Iteration 23
time: 0.121744s
Iteration 24
time: 0.121667s
15: Starting numprocs=16 N=4000, M=4000 impl=g-rabenseifner-subgroup-4
12: Starting numprocs=16 N=4000, M=4000 impl=g-rabenseifner-subgroup-4
6: Starting numprocs=16 N=4000, M=4000 impl=g-rabenseifner-subgroup-4
10: Starting numprocs=16 N=4000, M=4000 impl=g-rabenseifner-subgroup-4
4: Starting numprocs=16 N=4000, M=4000 impl=g-rabenseifner-subgroup-4
0: Starting numprocs=16 N=4000, M=4000 impl=g-rabenseifner-subgroup-4
Iteration 0
1: Starting numprocs=16 N=4000, M=4000 impl=g-rabenseifner-subgroup-4
11: Starting numprocs=16 N=4000, M=4000 impl=g-rabenseifner-subgroup-4
9: Starting numprocs=16 N=4000, M=4000 impl=g-rabenseifner-subgroup-4
3: Starting numprocs=16 N=4000, M=4000 impl=g-rabenseifner-subgroup-4
5: Starting numprocs=16 N=4000, M=4000 impl=g-rabenseifner-subgroup-4
13: Starting numprocs=16 N=4000, M=4000 impl=g-rabenseifner-subgroup-4
8: Starting numprocs=16 N=4000, M=4000 impl=g-rabenseifner-subgroup-4
14: Starting numprocs=16 N=4000, M=4000 impl=g-rabenseifner-subgroup-4
7: Starting numprocs=16 N=4000, M=4000 impl=g-rabenseifner-subgroup-4
2: Starting numprocs=16 N=4000, M=4000 impl=g-rabenseifner-subgroup-4
time: 0.167850s
Iteration 1
time: 0.131836s
Iteration 2
time: 0.131564s
Iteration 3
time: 0.131342s
Iteration 4
time: 0.132474s
Iteration 5
time: 0.131808s
Iteration 6
time: 0.133856s
Iteration 7
time: 0.132397s
Iteration 8
time: 0.133466s
Iteration 9
time: 0.132162s
Iteration 10
time: 0.133580s
Iteration 11
time: 0.133788s
Iteration 12
time: 0.133142s
Iteration 13
time: 0.130743s
Iteration 14
time: 0.138003s
Iteration 15
time: 0.140138s
Iteration 16
time: 0.138575s
Iteration 17
time: 0.139968s
Iteration 18
time: 0.138112s
Iteration 19
time: 0.138294s
Iteration 20
time: 0.139893s
Iteration 21
time: 0.138467s
Iteration 22
time: 0.138962s
Iteration 23
time: 0.130750s
Iteration 24
time: 0.130620s
15: Starting numprocs=16 N=4000, M=4000 impl=g-rabenseifner-subgroup-8
12: Starting numprocs=16 N=4000, M=4000 impl=g-rabenseifner-subgroup-8
6: Starting numprocs=16 N=4000, M=4000 impl=g-rabenseifner-subgroup-8
4: Starting numprocs=16 N=4000, M=4000 impl=g-rabenseifner-subgroup-8
1: Starting numprocs=16 N=4000, M=4000 impl=g-rabenseifner-subgroup-8
3: Starting numprocs=16 N=4000, M=4000 impl=g-rabenseifner-subgroup-8
10: Starting numprocs=16 N=4000, M=4000 impl=g-rabenseifner-subgroup-8
11: Starting numprocs=16 N=4000, M=4000 impl=g-rabenseifner-subgroup-8
14: Starting numprocs=16 N=4000, M=4000 impl=g-rabenseifner-subgroup-8
5: Starting numprocs=16 N=4000, M=4000 impl=g-rabenseifner-subgroup-8
0: Starting numprocs=16 N=4000, M=4000 impl=g-rabenseifner-subgroup-8
Iteration 0
9: Starting numprocs=16 N=4000, M=4000 impl=g-rabenseifner-subgroup-8
7: Starting numprocs=16 N=4000, M=4000 impl=g-rabenseifner-subgroup-8
13: Starting numprocs=16 N=4000, M=4000 impl=g-rabenseifner-subgroup-8
8: Starting numprocs=16 N=4000, M=4000 impl=g-rabenseifner-subgroup-8
2: Starting numprocs=16 N=4000, M=4000 impl=g-rabenseifner-subgroup-8
time: 0.189884s
Iteration 1
time: 0.157520s
Iteration 2
time: 0.157452s
Iteration 3
time: 0.156419s
Iteration 4
time: 0.152272s
Iteration 5
time: 0.152489s
Iteration 6
time: 0.154840s
Iteration 7
time: 0.157316s
Iteration 8
time: 16.972708s
Iteration 9
time: 0.157710s
Iteration 10
time: 10.645223s
Iteration 11
time: 0.158178s
Iteration 12
time: 17.154795s
Iteration 13
time: 0.154012s
Iteration 14
time: 0.161336s
Iteration 15
time: 0.162495s
Iteration 16
time: 0.159653s
Iteration 17
time: 0.164368s
Iteration 18
time: 0.167897s
Iteration 19
time: 0.167631s
Iteration 20
time: 0.158680s
Iteration 21
time: 0.158404s
Iteration 22
time: 0.159243s
Iteration 23
time: 0.153400s
Iteration 24
time: 0.155913s
12: Starting numprocs=16 N=5000, M=5000 impl=allgather
10: Starting numprocs=16 N=5000, M=5000 impl=allgather
4: Starting numprocs=16 N=5000, M=5000 impl=allgather
6: Starting numprocs=16 N=5000, M=5000 impl=allgather
15: Starting numprocs=16 N=5000, M=5000 impl=allgather
1: Starting numprocs=16 N=5000, M=5000 impl=allgather
7: Starting numprocs=16 N=5000, M=5000 impl=allgather
9: Starting numprocs=16 N=5000, M=5000 impl=allgather
3: Starting numprocs=16 N=5000, M=5000 impl=allgather
14: Starting numprocs=16 N=5000, M=5000 impl=allgather
11: Starting numprocs=16 N=5000, M=5000 impl=allgather
0: Starting numprocs=16 N=5000, M=5000 impl=allgather
Iteration 0
13: Starting numprocs=16 N=5000, M=5000 impl=allgather
8: Starting numprocs=16 N=5000, M=5000 impl=allgather
2: Starting numprocs=16 N=5000, M=5000 impl=allgather
5: Starting numprocs=16 N=5000, M=5000 impl=allgather
time: 0.459127s
Iteration 1
time: 0.550561s
Iteration 2
time: 0.490519s
Iteration 3
time: 0.530647s
Iteration 4
time: 0.514209s
Iteration 5
time: 0.533066s
Iteration 6
time: 0.493788s
Iteration 7
time: 0.591281s
Iteration 8
time: 0.535104s
Iteration 9
time: 0.531921s
Iteration 10
time: 0.482173s
Iteration 11
time: 0.514540s
Iteration 12
time: 0.502491s
Iteration 13
time: 0.522500s
Iteration 14
time: 0.470770s
Iteration 15
time: 0.517460s
Iteration 16
time: 0.573091s
Iteration 17
time: 0.528078s
Iteration 18
time: 0.506866s
Iteration 19
time: 0.522177s
Iteration 20
time: 0.494217s
Iteration 21
time: 0.516827s
Iteration 22
time: 0.519879s
Iteration 23
time: 0.485709s
Iteration 24
time: 0.514988s
15: Starting numprocs=16 N=5000, M=5000 impl=allreduce
12: Starting numprocs=16 N=5000, M=5000 impl=allreduce
10: Starting numprocs=16 N=5000, M=5000 impl=allreduce
4: Starting numprocs=16 N=5000, M=5000 impl=allreduce
6: Starting numprocs=16 N=5000, M=5000 impl=allreduce
1: Starting numprocs=16 N=5000, M=5000 impl=allreduce
3: Starting numprocs=16 N=5000, M=5000 impl=allreduce
14: Starting numprocs=16 N=5000, M=5000 impl=allreduce
13: Starting numprocs=16 N=5000, M=5000 impl=allreduce
11: Starting numprocs=16 N=5000, M=5000 impl=allreduce
0: Starting numprocs=16 N=5000, M=5000 impl=allreduce
Iteration 0
7: Starting numprocs=16 N=5000, M=5000 impl=allreduce
9: Starting numprocs=16 N=5000, M=5000 impl=allreduce
5: Starting numprocs=16 N=5000, M=5000 impl=allreduce
8: Starting numprocs=16 N=5000, M=5000 impl=allreduce
2: Starting numprocs=16 N=5000, M=5000 impl=allreduce
time: 0.610210s
Iteration 1
time: 0.563986s
Iteration 2
time: 45.284205s
Iteration 3
time: 0.560231s
Iteration 4
time: 0.592007s
Iteration 5
time: 0.591598s
Iteration 6
time: 19.847911s
Iteration 7
time: 0.560841s
Iteration 8
time: 0.555320s
Iteration 9
time: 0.558521s
Iteration 10
time: 2.724645s
Iteration 11
time: 0.537225s
Iteration 12
time: 0.568384s
Iteration 13
time: 0.572149s
Iteration 14
time: 0.560559s
Iteration 15
time: 0.554555s
Iteration 16
time: 0.560337s
Iteration 17
time: 8.174363s
Iteration 18
time: 0.571154s
Iteration 19
time: 0.551739s
Iteration 20
time: 0.549578s
Iteration 21
time: 0.546056s
Iteration 22
time: 0.554243s
Iteration 23
time: 0.554267s
Iteration 24
time: 0.566432s
12: Starting numprocs=16 N=5000, M=5000 impl=allreduce-ring
10: Starting numprocs=16 N=5000, M=5000 impl=allreduce-ring
15: Starting numprocs=16 N=5000, M=5000 impl=allreduce-ring
4: Starting numprocs=16 N=5000, M=5000 impl=allreduce-ring
6: Starting numprocs=16 N=5000, M=5000 impl=allreduce-ring
1: Starting numprocs=16 N=5000, M=5000 impl=allreduce-ring
0: Starting numprocs=16 N=5000, M=5000 impl=allreduce-ring
Iteration 0
3: Starting numprocs=16 N=5000, M=5000 impl=allreduce-ring
13: Starting numprocs=16 N=5000, M=5000 impl=allreduce-ring
7: Starting numprocs=16 N=5000, M=5000 impl=allreduce-ring
14: Starting numprocs=16 N=5000, M=5000 impl=allreduce-ring
9: Starting numprocs=16 N=5000, M=5000 impl=allreduce-ring
8: Starting numprocs=16 N=5000, M=5000 impl=allreduce-ring
11: Starting numprocs=16 N=5000, M=5000 impl=allreduce-ring
5: Starting numprocs=16 N=5000, M=5000 impl=allreduce-ring
2: Starting numprocs=16 N=5000, M=5000 impl=allreduce-ring
time: 0.399856s
Iteration 1
time: 0.373883s
Iteration 2
time: 0.369958s
Iteration 3
time: 0.382012s
Iteration 4
time: 0.377031s
Iteration 5
time: 0.372509s
Iteration 6
time: 0.368141s
Iteration 7
time: 0.384127s
Iteration 8
time: 0.376397s
Iteration 9
time: 0.387240s
Iteration 10
time: 0.384425s
Iteration 11
time: 0.377384s
Iteration 12
time: 0.377489s
Iteration 13
time: 0.377881s
Iteration 14
time: 0.372760s
Iteration 15
time: 0.373813s
Iteration 16
time: 8.020113s
Iteration 17
time: 4.766384s
Iteration 18
time: 0.374793s
Iteration 19
time: 0.381744s
Iteration 20
time: 0.383575s
Iteration 21
time: 0.367684s
Iteration 22
time: 0.398314s
Iteration 23
time: 0.383602s
Iteration 24
time: 0.381751s
15: Starting numprocs=16 N=5000, M=5000 impl=g-rabenseifner-allgather
12: Starting numprocs=16 N=5000, M=5000 impl=g-rabenseifner-allgather
4: Starting numprocs=16 N=5000, M=5000 impl=g-rabenseifner-allgather
0: Starting numprocs=16 N=5000, M=5000 impl=g-rabenseifner-allgather
Iteration 0
10: Starting numprocs=16 N=5000, M=5000 impl=g-rabenseifner-allgather
1: Starting numprocs=16 N=5000, M=5000 impl=g-rabenseifner-allgather
8: Starting numprocs=16 N=5000, M=5000 impl=g-rabenseifner-allgather
13: Starting numprocs=16 N=5000, M=5000 impl=g-rabenseifner-allgather
6: Starting numprocs=16 N=5000, M=5000 impl=g-rabenseifner-allgather
11: Starting numprocs=16 N=5000, M=5000 impl=g-rabenseifner-allgather
9: Starting numprocs=16 N=5000, M=5000 impl=g-rabenseifner-allgather
14: Starting numprocs=16 N=5000, M=5000 impl=g-rabenseifner-allgather
7: Starting numprocs=16 N=5000, M=5000 impl=g-rabenseifner-allgather
3: Starting numprocs=16 N=5000, M=5000 impl=g-rabenseifner-allgather
5: Starting numprocs=16 N=5000, M=5000 impl=g-rabenseifner-allgather
2: Starting numprocs=16 N=5000, M=5000 impl=g-rabenseifner-allgather
time: 8.823509s
Iteration 1
time: 0.180559s
Iteration 2
time: 0.181006s
Iteration 3
time: 0.180016s
Iteration 4
time: 0.180402s
Iteration 5
time: 0.180995s
Iteration 6
time: 4.311439s
Iteration 7
time: 10.972809s
Iteration 8
time: 0.180318s
Iteration 9
time: 0.182307s
Iteration 10
time: 0.180693s
Iteration 11
time: 0.180681s
Iteration 12
time: 0.181644s
Iteration 13
time: 0.180792s
Iteration 14
time: 0.180526s
Iteration 15
time: 0.180015s
Iteration 16
time: 0.180682s
Iteration 17
time: 0.188314s
Iteration 18
time: 0.180613s
Iteration 19
time: 0.180425s
Iteration 20
time: 0.181175s
Iteration 21
time: 0.180490s
Iteration 22
time: 0.180250s
Iteration 23
time: 0.180362s
Iteration 24
time: 0.180382s
12: Starting numprocs=16 N=5000, M=5000 impl=g-rabenseifner-subgroup-2
4: Starting numprocs=16 N=5000, M=5000 impl=g-rabenseifner-subgroup-2
15: Starting numprocs=16 N=5000, M=5000 impl=g-rabenseifner-subgroup-2
6: Starting numprocs=16 N=5000, M=5000 impl=g-rabenseifner-subgroup-2
10: Starting numprocs=16 N=5000, M=5000 impl=g-rabenseifner-subgroup-2
0: Starting numprocs=16 N=5000, M=5000 impl=g-rabenseifner-subgroup-2
Iteration 0
3: Starting numprocs=16 N=5000, M=5000 impl=g-rabenseifner-subgroup-2
1: Starting numprocs=16 N=5000, M=5000 impl=g-rabenseifner-subgroup-2
11: Starting numprocs=16 N=5000, M=5000 impl=g-rabenseifner-subgroup-2
13: Starting numprocs=16 N=5000, M=5000 impl=g-rabenseifner-subgroup-2
14: Starting numprocs=16 N=5000, M=5000 impl=g-rabenseifner-subgroup-2
7: Starting numprocs=16 N=5000, M=5000 impl=g-rabenseifner-subgroup-2
9: Starting numprocs=16 N=5000, M=5000 impl=g-rabenseifner-subgroup-2
8: Starting numprocs=16 N=5000, M=5000 impl=g-rabenseifner-subgroup-2
5: Starting numprocs=16 N=5000, M=5000 impl=g-rabenseifner-subgroup-2
2: Starting numprocs=16 N=5000, M=5000 impl=g-rabenseifner-subgroup-2
time: 0.234959s
Iteration 1
time: 0.189834s
Iteration 2
time: 0.189895s
Iteration 3
time: 0.191000s
Iteration 4
time: 0.189852s
Iteration 5
time: 0.189674s
Iteration 6
time: 0.189160s
Iteration 7
time: 0.188812s
Iteration 8
time: 0.187591s
Iteration 9
time: 17.355083s
Iteration 10
time: 19.581728s
Iteration 11
time: 10.829418s
Iteration 12
time: 0.188855s
Iteration 13
time: 0.188955s
Iteration 14
time: 0.188815s
Iteration 15
time: 0.190464s
Iteration 16
time: 0.189337s
Iteration 17
time: 0.189918s
Iteration 18
time: 0.190141s
Iteration 19
time: 0.189489s
Iteration 20
time: 0.187761s
Iteration 21
time: 0.189313s
Iteration 22
time: 8.548448s
Iteration 23
time: 0.190929s
Iteration 24
time: 0.191255s
12: Starting numprocs=16 N=5000, M=5000 impl=g-rabenseifner-subgroup-4
15: Starting numprocs=16 N=5000, M=5000 impl=g-rabenseifner-subgroup-4
4: Starting numprocs=16 N=5000, M=5000 impl=g-rabenseifner-subgroup-4
0: Starting numprocs=16 N=5000, M=5000 impl=g-rabenseifner-subgroup-4
Iteration 0
13: Starting numprocs=16 N=5000, M=5000 impl=g-rabenseifner-subgroup-4
10: Starting numprocs=16 N=5000, M=5000 impl=g-rabenseifner-subgroup-4
1: Starting numprocs=16 N=5000, M=5000 impl=g-rabenseifner-subgroup-4
3: Starting numprocs=16 N=5000, M=5000 impl=g-rabenseifner-subgroup-4
6: Starting numprocs=16 N=5000, M=5000 impl=g-rabenseifner-subgroup-4
14: Starting numprocs=16 N=5000, M=5000 impl=g-rabenseifner-subgroup-4
9: Starting numprocs=16 N=5000, M=5000 impl=g-rabenseifner-subgroup-4
8: Starting numprocs=16 N=5000, M=5000 impl=g-rabenseifner-subgroup-4
7: Starting numprocs=16 N=5000, M=5000 impl=g-rabenseifner-subgroup-4
11: Starting numprocs=16 N=5000, M=5000 impl=g-rabenseifner-subgroup-4
5: Starting numprocs=16 N=5000, M=5000 impl=g-rabenseifner-subgroup-4
2: Starting numprocs=16 N=5000, M=5000 impl=g-rabenseifner-subgroup-4
time: 0.251310s
Iteration 1
time: 0.204867s
Iteration 2
time: 0.204077s
Iteration 3
time: 0.204084s
Iteration 4
time: 0.206407s
Iteration 5
time: 0.206407s
Iteration 6
time: 0.205266s
Iteration 7
time: 0.207045s
Iteration 8
time: 0.207223s
Iteration 9
time: 0.205665s
Iteration 10
time: 0.204962s
Iteration 11
time: 0.206488s
Iteration 12
time: 0.204290s
Iteration 13
time: 0.206250s
Iteration 14
time: 0.204965s
Iteration 15
time: 0.204813s
Iteration 16
time: 0.205278s
Iteration 17
time: 0.207361s
Iteration 18
time: 0.204656s
Iteration 19
time: 0.206917s
Iteration 20
time: 0.206164s
Iteration 21
time: 0.205695s
Iteration 22
time: 0.209694s
Iteration 23
time: 0.206588s
Iteration 24
time: 6.439708s
12: Starting numprocs=16 N=5000, M=5000 impl=g-rabenseifner-subgroup-8
4: Starting numprocs=16 N=5000, M=5000 impl=g-rabenseifner-subgroup-8
15: Starting numprocs=16 N=5000, M=5000 impl=g-rabenseifner-subgroup-8
6: Starting numprocs=16 N=5000, M=5000 impl=g-rabenseifner-subgroup-8
1: Starting numprocs=16 N=5000, M=5000 impl=g-rabenseifner-subgroup-8
7: Starting numprocs=16 N=5000, M=5000 impl=g-rabenseifner-subgroup-8
13: Starting numprocs=16 N=5000, M=5000 impl=g-rabenseifner-subgroup-8
3: Starting numprocs=16 N=5000, M=5000 impl=g-rabenseifner-subgroup-8
0: Starting numprocs=16 N=5000, M=5000 impl=g-rabenseifner-subgroup-8
Iteration 0
10: Starting numprocs=16 N=5000, M=5000 impl=g-rabenseifner-subgroup-8
14: Starting numprocs=16 N=5000, M=5000 impl=g-rabenseifner-subgroup-8
11: Starting numprocs=16 N=5000, M=5000 impl=g-rabenseifner-subgroup-8
9: Starting numprocs=16 N=5000, M=5000 impl=g-rabenseifner-subgroup-8
5: Starting numprocs=16 N=5000, M=5000 impl=g-rabenseifner-subgroup-8
2: Starting numprocs=16 N=5000, M=5000 impl=g-rabenseifner-subgroup-8
8: Starting numprocs=16 N=5000, M=5000 impl=g-rabenseifner-subgroup-8
time: 1.460440s
Iteration 1
time: 0.242375s
Iteration 2
time: 0.241059s
Iteration 3
time: 0.241380s
Iteration 4
time: 0.252528s
Iteration 5
time: 0.251477s
Iteration 6
time: 0.253007s
Iteration 7
time: 0.254067s
Iteration 8
time: 0.252437s
Iteration 9
time: 0.255955s
Iteration 10
time: 1.874554s
Iteration 11
time: 0.253086s
Iteration 12
time: 0.249496s
Iteration 13
time: 0.248383s
Iteration 14
time: 0.249740s
Iteration 15
time: 0.250856s
Iteration 16
time: 0.248858s
Iteration 17
time: 0.242871s
Iteration 18
time: 0.245128s
Iteration 19
time: 0.246808s
Iteration 20
time: 0.256963s
Iteration 21
time: 0.253265s
Iteration 22
time: 0.242874s
Iteration 23
time: 4.168339s
Iteration 24
time: 0.246616s
12: Starting numprocs=16 N=6000, M=6000 impl=allgather
15: Starting numprocs=16 N=6000, M=6000 impl=allgather
4: Starting numprocs=16 N=6000, M=6000 impl=allgather
0: Starting numprocs=16 N=6000, M=6000 impl=allgather
Iteration 0
6: Starting numprocs=16 N=6000, M=6000 impl=allgather
3: Starting numprocs=16 N=6000, M=6000 impl=allgather
1: Starting numprocs=16 N=6000, M=6000 impl=allgather
11: Starting numprocs=16 N=6000, M=6000 impl=allgather
7: Starting numprocs=16 N=6000, M=6000 impl=allgather
10: Starting numprocs=16 N=6000, M=6000 impl=allgather
9: Starting numprocs=16 N=6000, M=6000 impl=allgather
14: Starting numprocs=16 N=6000, M=6000 impl=allgather
13: Starting numprocs=16 N=6000, M=6000 impl=allgather
8: Starting numprocs=16 N=6000, M=6000 impl=allgather
5: Starting numprocs=16 N=6000, M=6000 impl=allgather
2: Starting numprocs=16 N=6000, M=6000 impl=allgather
time: 0.598183s
Iteration 1
time: 0.602009s
Iteration 2
time: 0.606279s
Iteration 3
time: 0.611614s
Iteration 4
time: 0.626216s
Iteration 5
time: 0.612142s
Iteration 6
time: 0.607999s
Iteration 7
time: 0.616762s
Iteration 8
time: 0.612143s
Iteration 9
time: 0.614575s
Iteration 10
time: 0.609215s
Iteration 11
time: 0.606554s
Iteration 12
time: 0.608432s
Iteration 13
time: 0.597312s
Iteration 14
time: 0.598232s
Iteration 15
time: 0.596583s
Iteration 16
time: 0.650212s
Iteration 17
time: 0.651879s
Iteration 18
time: 0.660148s
Iteration 19
time: 0.613588s
Iteration 20
time: 0.611985s
Iteration 21
time: 0.599210s
Iteration 22
time: 0.602252s
Iteration 23
time: 0.612761s
Iteration 24
time: 0.605790s
15: Starting numprocs=16 N=6000, M=6000 impl=allreduce
12: Starting numprocs=16 N=6000, M=6000 impl=allreduce
4: Starting numprocs=16 N=6000, M=6000 impl=allreduce
0: Starting numprocs=16 N=6000, M=6000 impl=allreduce
Iteration 0
6: Starting numprocs=16 N=6000, M=6000 impl=allreduce
10: Starting numprocs=16 N=6000, M=6000 impl=allreduce
3: Starting numprocs=16 N=6000, M=6000 impl=allreduce
1: Starting numprocs=16 N=6000, M=6000 impl=allreduce
13: Starting numprocs=16 N=6000, M=6000 impl=allreduce
14: Starting numprocs=16 N=6000, M=6000 impl=allreduce
9: Starting numprocs=16 N=6000, M=6000 impl=allreduce
11: Starting numprocs=16 N=6000, M=6000 impl=allreduce
7: Starting numprocs=16 N=6000, M=6000 impl=allreduce
8: Starting numprocs=16 N=6000, M=6000 impl=allreduce
5: Starting numprocs=16 N=6000, M=6000 impl=allreduce
2: Starting numprocs=16 N=6000, M=6000 impl=allreduce
time: 0.892496s
Iteration 1
time: 2.435162s
Iteration 2
time: 2.952974s
Iteration 3
time: 0.817095s
Iteration 4
time: 0.772840s
Iteration 5
time: 0.789300s
Iteration 6
time: 0.784572s
Iteration 7
time: 0.780568s
Iteration 8
time: 0.788042s
Iteration 9
time: 0.807780s
Iteration 10
time: 0.785366s
Iteration 11
time: 0.790475s
Iteration 12
time: 0.804837s
Iteration 13
time: 0.786328s
Iteration 14
time: 0.798228s
Iteration 15
time: 0.826451s
Iteration 16
time: 0.777831s
Iteration 17
time: 0.774677s
Iteration 18
time: 0.880148s
Iteration 19
time: 52.909318s
Iteration 20
time: 0.773988s
Iteration 21
time: 0.787091s
Iteration 22
time: 31.182098s
Iteration 23
time: 0.790418s
Iteration 24
time: 0.813023s
12: Starting numprocs=16 N=6000, M=6000 impl=allreduce-ring
15: Starting numprocs=16 N=6000, M=6000 impl=allreduce-ring
6: Starting numprocs=16 N=6000, M=6000 impl=allreduce-ring
10: Starting numprocs=16 N=6000, M=6000 impl=allreduce-ring
1: Starting numprocs=16 N=6000, M=6000 impl=allreduce-ring
0: Starting numprocs=16 N=6000, M=6000 impl=allreduce-ring
Iteration 0
4: Starting numprocs=16 N=6000, M=6000 impl=allreduce-ring
9: Starting numprocs=16 N=6000, M=6000 impl=allreduce-ring
7: Starting numprocs=16 N=6000, M=6000 impl=allreduce-ring
13: Starting numprocs=16 N=6000, M=6000 impl=allreduce-ring
3: Starting numprocs=16 N=6000, M=6000 impl=allreduce-ring
8: Starting numprocs=16 N=6000, M=6000 impl=allreduce-ring
14: Starting numprocs=16 N=6000, M=6000 impl=allreduce-ring
5: Starting numprocs=16 N=6000, M=6000 impl=allreduce-ring
2: Starting numprocs=16 N=6000, M=6000 impl=allreduce-ring
11: Starting numprocs=16 N=6000, M=6000 impl=allreduce-ring
time: 0.570469s
Iteration 1
time: 0.550872s
Iteration 2
time: 123.572695s
Iteration 3
time: 15.088335s
Iteration 4
time: 91.373720s
Iteration 5
time: 0.544510s
Iteration 6
time: 15.423650s
Iteration 7
time: 0.550733s
Iteration 8
time: 0.568105s
Iteration 9
time: 0.552495s
Iteration 10
time: 14.817278s
Iteration 11
time: 0.549289s
Iteration 12
time: 0.546618s
Iteration 13
time: 0.574888s
Iteration 14
time: 2.739438s
Iteration 15
time: 0.555716s
Iteration 16
time: 0.545791s
Iteration 17
time: 0.580828s
Iteration 18
time: 29.422952s
Iteration 19
time: 0.552979s
Iteration 20
time: 0.548714s
Iteration 21
time: 0.562234s
Iteration 22
time: 4.856888s
Iteration 23
time: 4.155976s
Iteration 24
time: 0.541741s
12: Starting numprocs=16 N=6000, M=6000 impl=g-rabenseifner-allgather
0: Starting numprocs=16 N=6000, M=6000 impl=g-rabenseifner-allgather
Iteration 0
4: Starting numprocs=16 N=6000, M=6000 impl=g-rabenseifner-allgather
15: Starting numprocs=16 N=6000, M=6000 impl=g-rabenseifner-allgather
1: Starting numprocs=16 N=6000, M=6000 impl=g-rabenseifner-allgather
6: Starting numprocs=16 N=6000, M=6000 impl=g-rabenseifner-allgather
14: Starting numprocs=16 N=6000, M=6000 impl=g-rabenseifner-allgather
13: Starting numprocs=16 N=6000, M=6000 impl=g-rabenseifner-allgather
3: Starting numprocs=16 N=6000, M=6000 impl=g-rabenseifner-allgather
10: Starting numprocs=16 N=6000, M=6000 impl=g-rabenseifner-allgather
11: Starting numprocs=16 N=6000, M=6000 impl=g-rabenseifner-allgather
9: Starting numprocs=16 N=6000, M=6000 impl=g-rabenseifner-allgather
7: Starting numprocs=16 N=6000, M=6000 impl=g-rabenseifner-allgather
8: Starting numprocs=16 N=6000, M=6000 impl=g-rabenseifner-allgather
5: Starting numprocs=16 N=6000, M=6000 impl=g-rabenseifner-allgather
2: Starting numprocs=16 N=6000, M=6000 impl=g-rabenseifner-allgather
time: 0.307531s
Iteration 1
time: 21.943295s
Iteration 2
time: 48.603468s
Iteration 3
time: 0.257796s
Iteration 4
time: 10.551154s
Iteration 5
time: 0.258315s
Iteration 6
time: 0.258990s
Iteration 7
time: 0.257681s
Iteration 8
time: 0.257643s
Iteration 9
time: 0.270351s
Iteration 10
time: 1.799930s
Iteration 11
time: 0.257089s
Iteration 12
time: 0.258141s
Iteration 13
time: 0.257721s
Iteration 14
time: 0.258048s
Iteration 15
time: 0.259001s
Iteration 16
time: 0.257949s
Iteration 17
time: 0.257715s
Iteration 18
time: 4.579581s
Iteration 19
time: 0.258005s
Iteration 20
time: 0.258186s
Iteration 21
time: 0.257951s
Iteration 22
time: 0.257181s
Iteration 23
time: 0.258104s
Iteration 24
time: 0.257438s
12: Starting numprocs=16 N=6000, M=6000 impl=g-rabenseifner-subgroup-2
4: Starting numprocs=16 N=6000, M=6000 impl=g-rabenseifner-subgroup-2
15: Starting numprocs=16 N=6000, M=6000 impl=g-rabenseifner-subgroup-2
6: Starting numprocs=16 N=6000, M=6000 impl=g-rabenseifner-subgroup-2
10: Starting numprocs=16 N=6000, M=6000 impl=g-rabenseifner-subgroup-2
0: Starting numprocs=16 N=6000, M=6000 impl=g-rabenseifner-subgroup-2
Iteration 0
14: Starting numprocs=16 N=6000, M=6000 impl=g-rabenseifner-subgroup-2
7: Starting numprocs=16 N=6000, M=6000 impl=g-rabenseifner-subgroup-2
13: Starting numprocs=16 N=6000, M=6000 impl=g-rabenseifner-subgroup-2
1: Starting numprocs=16 N=6000, M=6000 impl=g-rabenseifner-subgroup-2
3: Starting numprocs=16 N=6000, M=6000 impl=g-rabenseifner-subgroup-2
9: Starting numprocs=16 N=6000, M=6000 impl=g-rabenseifner-subgroup-2
11: Starting numprocs=16 N=6000, M=6000 impl=g-rabenseifner-subgroup-2
2: Starting numprocs=16 N=6000, M=6000 impl=g-rabenseifner-subgroup-2
8: Starting numprocs=16 N=6000, M=6000 impl=g-rabenseifner-subgroup-2
5: Starting numprocs=16 N=6000, M=6000 impl=g-rabenseifner-subgroup-2
time: 0.327275s
Iteration 1
time: 0.272537s
Iteration 2
time: 0.273466s
Iteration 3
time: 0.272722s
Iteration 4
time: 0.273063s
Iteration 5
time: 2.129659s
Iteration 6
time: 0.272866s
Iteration 7
time: 0.274049s
Iteration 8
time: 16.494118s
Iteration 9
time: 0.273474s
Iteration 10
time: 0.272128s
Iteration 11
time: 0.273295s
Iteration 12
time: 0.274007s
Iteration 13
time: 0.272705s
Iteration 14
time: 0.273007s
Iteration 15
time: 0.271515s
Iteration 16
time: 0.273929s
Iteration 17
time: 0.273466s
Iteration 18
time: 0.272810s
Iteration 19
time: 0.272072s
Iteration 20
time: 0.273564s
Iteration 21
time: 0.273127s
Iteration 22
time: 0.273787s
Iteration 23
time: 0.279358s
Iteration 24
time: 0.276324s
4: Starting numprocs=16 N=6000, M=6000 impl=g-rabenseifner-subgroup-4
12: Starting numprocs=16 N=6000, M=6000 impl=g-rabenseifner-subgroup-4
15: Starting numprocs=16 N=6000, M=6000 impl=g-rabenseifner-subgroup-4
0: Starting numprocs=16 N=6000, M=6000 impl=g-rabenseifner-subgroup-4
Iteration 0
6: Starting numprocs=16 N=6000, M=6000 impl=g-rabenseifner-subgroup-4
1: Starting numprocs=16 N=6000, M=6000 impl=g-rabenseifner-subgroup-4
13: Starting numprocs=16 N=6000, M=6000 impl=g-rabenseifner-subgroup-4
10: Starting numprocs=16 N=6000, M=6000 impl=g-rabenseifner-subgroup-4
7: Starting numprocs=16 N=6000, M=6000 impl=g-rabenseifner-subgroup-4
9: Starting numprocs=16 N=6000, M=6000 impl=g-rabenseifner-subgroup-4
14: Starting numprocs=16 N=6000, M=6000 impl=g-rabenseifner-subgroup-4
11: Starting numprocs=16 N=6000, M=6000 impl=g-rabenseifner-subgroup-4
3: Starting numprocs=16 N=6000, M=6000 impl=g-rabenseifner-subgroup-4
8: Starting numprocs=16 N=6000, M=6000 impl=g-rabenseifner-subgroup-4
2: Starting numprocs=16 N=6000, M=6000 impl=g-rabenseifner-subgroup-4
5: Starting numprocs=16 N=6000, M=6000 impl=g-rabenseifner-subgroup-4
time: 0.362375s
Iteration 1
time: 0.306539s
Iteration 2
time: 0.307324s
Iteration 3
time: 0.304580s
Iteration 4
time: 0.304999s
Iteration 5
time: 0.306051s
Iteration 6
time: 0.325832s
Iteration 7
time: 0.311023s
Iteration 8
time: 0.314803s
Iteration 9
time: 0.303809s
Iteration 10
time: 0.302474s
Iteration 11
time: 0.306118s
Iteration 12
time: 0.297337s
Iteration 13
time: 0.299636s
Iteration 14
time: 0.298962s
Iteration 15
time: 0.303219s
Iteration 16
time: 0.292426s
Iteration 17
time: 0.296290s
Iteration 18
time: 0.299739s
Iteration 19
time: 0.297141s
Iteration 20
time: 0.296553s
Iteration 21
time: 0.295881s
Iteration 22
time: 0.297976s
Iteration 23
time: 0.296142s
Iteration 24
time: 0.298060s
12: Starting numprocs=16 N=6000, M=6000 impl=g-rabenseifner-subgroup-8
4: Starting numprocs=16 N=6000, M=6000 impl=g-rabenseifner-subgroup-8
15: Starting numprocs=16 N=6000, M=6000 impl=g-rabenseifner-subgroup-8
6: Starting numprocs=16 N=6000, M=6000 impl=g-rabenseifner-subgroup-8
1: Starting numprocs=16 N=6000, M=6000 impl=g-rabenseifner-subgroup-8
0: Starting numprocs=16 N=6000, M=6000 impl=g-rabenseifner-subgroup-8
Iteration 0
10: Starting numprocs=16 N=6000, M=6000 impl=g-rabenseifner-subgroup-8
7: Starting numprocs=16 N=6000, M=6000 impl=g-rabenseifner-subgroup-8
3: Starting numprocs=16 N=6000, M=6000 impl=g-rabenseifner-subgroup-8
14: Starting numprocs=16 N=6000, M=6000 impl=g-rabenseifner-subgroup-8
11: Starting numprocs=16 N=6000, M=6000 impl=g-rabenseifner-subgroup-8
13: Starting numprocs=16 N=6000, M=6000 impl=g-rabenseifner-subgroup-8
9: Starting numprocs=16 N=6000, M=6000 impl=g-rabenseifner-subgroup-8
8: Starting numprocs=16 N=6000, M=6000 impl=g-rabenseifner-subgroup-8
5: Starting numprocs=16 N=6000, M=6000 impl=g-rabenseifner-subgroup-8
2: Starting numprocs=16 N=6000, M=6000 impl=g-rabenseifner-subgroup-8
time: 8.788468s
Iteration 1
time: 0.353989s
Iteration 2
time: 0.350514s
Iteration 3
time: 0.347579s
Iteration 4
time: 0.340917s
Iteration 5
time: 0.357565s
Iteration 6
time: 0.344787s
Iteration 7
time: 0.345162s
Iteration 8
time: 0.347093s
Iteration 9
time: 0.346031s
Iteration 10
time: 0.350192s
Iteration 11
time: 0.353158s
Iteration 12
time: 0.350171s
Iteration 13
time: 0.347589s
Iteration 14
time: 0.346363s
Iteration 15
time: 0.350511s
Iteration 16
time: 0.348656s
Iteration 17
time: 0.348988s
Iteration 18
time: 0.372007s
Iteration 19
time: 0.366901s
Iteration 20
time: 0.346843s
Iteration 21
time: 0.345425s
Iteration 22
time: 0.351378s
Iteration 23
time: 0.371056s
Iteration 24
time: 0.352925s
12: Starting numprocs=16 N=7000, M=7000 impl=allgather
6: Starting numprocs=16 N=7000, M=7000 impl=allgather
15: Starting numprocs=16 N=7000, M=7000 impl=allgather
4: Starting numprocs=16 N=7000, M=7000 impl=allgather
0: Starting numprocs=16 N=7000, M=7000 impl=allgather
Iteration 0
10: Starting numprocs=16 N=7000, M=7000 impl=allgather
1: Starting numprocs=16 N=7000, M=7000 impl=allgather
14: Starting numprocs=16 N=7000, M=7000 impl=allgather
3: Starting numprocs=16 N=7000, M=7000 impl=allgather
9: Starting numprocs=16 N=7000, M=7000 impl=allgather
7: Starting numprocs=16 N=7000, M=7000 impl=allgather
8: Starting numprocs=16 N=7000, M=7000 impl=allgather
13: Starting numprocs=16 N=7000, M=7000 impl=allgather
11: Starting numprocs=16 N=7000, M=7000 impl=allgather
5: Starting numprocs=16 N=7000, M=7000 impl=allgather
2: Starting numprocs=16 N=7000, M=7000 impl=allgather
time: 0.833980s
Iteration 1
time: 2.843538s
Iteration 2
time: 0.842085s
Iteration 3
time: 0.875311s
Iteration 4
time: 0.941231s
Iteration 5
time: 2.726370s
Iteration 6
time: 0.843753s
Iteration 7
time: 2.854874s
Iteration 8
time: 0.867807s
Iteration 9
time: 0.873942s
Iteration 10
time: 2.792863s
Iteration 11
time: 0.845409s
Iteration 12
time: 0.824715s
Iteration 13
time: 0.873823s
Iteration 14
time: 0.841551s
Iteration 15
time: 0.827368s
Iteration 16
time: 0.867407s
Iteration 17
time: 0.873021s
Iteration 18
time: 0.875009s
Iteration 19
time: 0.840158s
Iteration 20
time: 0.827386s
Iteration 21
time: 0.864576s
Iteration 22
time: 0.842370s
Iteration 23
time: 0.823273s
Iteration 24
time: 0.896911s
1: Starting numprocs=16 N=7000, M=7000 impl=allreduce
6: Starting numprocs=16 N=7000, M=7000 impl=allreduce
4: Starting numprocs=16 N=7000, M=7000 impl=allreduce
15: Starting numprocs=16 N=7000, M=7000 impl=allreduce
13: Starting numprocs=16 N=7000, M=7000 impl=allreduce
3: Starting numprocs=16 N=7000, M=7000 impl=allreduce
10: Starting numprocs=16 N=7000, M=7000 impl=allreduce
12: Starting numprocs=16 N=7000, M=7000 impl=allreduce
14: Starting numprocs=16 N=7000, M=7000 impl=allreduce
9: Starting numprocs=16 N=7000, M=7000 impl=allreduce
0: Starting numprocs=16 N=7000, M=7000 impl=allreduce
Iteration 0
7: Starting numprocs=16 N=7000, M=7000 impl=allreduce
11: Starting numprocs=16 N=7000, M=7000 impl=allreduce
8: Starting numprocs=16 N=7000, M=7000 impl=allreduce
5: Starting numprocs=16 N=7000, M=7000 impl=allreduce
2: Starting numprocs=16 N=7000, M=7000 impl=allreduce
time: 1.231940s
Iteration 1
time: 17.592886s
Iteration 2
time: 13.922107s
Iteration 3
time: 1.088862s
Iteration 4
time: 46.425242s
Iteration 5
time: 1.079170s
Iteration 6
time: 3.244686s
Iteration 7
time: 1.086110s
Iteration 8
time: 109.505911s
Iteration 9
time: 1.087747s
Iteration 10
time: 80.019320s
Iteration 11
time: 46.385309s
Iteration 12
time: 1.083409s
Iteration 13
time: 5.095733s
Iteration 14
time: 1.069938s
Iteration 15
time: 3.236898s
Iteration 16
time: 1.081728s
Iteration 17
time: 24.995336s
Iteration 18
time: 1.068923s
Iteration 19
time: 24.982176s
Iteration 20
time: 1.083098s
Iteration 21
time: 415.146833s
Iteration 22
time: 15.588718s
Iteration 23
time: 3.241700s
Iteration 24
time: 6.492611s
6: Starting numprocs=16 N=7000, M=7000 impl=allreduce-ring
5: Starting numprocs=16 N=7000, M=7000 impl=allreduce-ring
1: Starting numprocs=16 N=7000, M=7000 impl=allreduce-ring
0: Starting numprocs=16 N=7000, M=7000 impl=allreduce-ring
Iteration 0
15: Starting numprocs=16 N=7000, M=7000 impl=allreduce-ring
9: Starting numprocs=16 N=7000, M=7000 impl=allreduce-ring
11: Starting numprocs=16 N=7000, M=7000 impl=allreduce-ring
10: Starting numprocs=16 N=7000, M=7000 impl=allreduce-ring
3: Starting numprocs=16 N=7000, M=7000 impl=allreduce-ring
13: Starting numprocs=16 N=7000, M=7000 impl=allreduce-ring
12: Starting numprocs=16 N=7000, M=7000 impl=allreduce-ring
7: Starting numprocs=16 N=7000, M=7000 impl=allreduce-ring
14: Starting numprocs=16 N=7000, M=7000 impl=allreduce-ring
8: Starting numprocs=16 N=7000, M=7000 impl=allreduce-ring
4: Starting numprocs=16 N=7000, M=7000 impl=allreduce-ring
2: Starting numprocs=16 N=7000, M=7000 impl=allreduce-ring
time: 50.636431s
Iteration 1
time: 0.750715s
Iteration 2
time: 11.589981s
Iteration 3
time: 0.749418s
Iteration 4
time: 0.740043s
Iteration 5
time: 34.619751s
Iteration 6
time: 0.739331s
Iteration 7
time: 2.440646s
Iteration 8
time: 0.779394s
Iteration 9
time: 0.735083s
Iteration 10
time: 0.739324s
Iteration 11
time: 32.765494s
Iteration 12
time: 0.750502s
Iteration 13
time: 90.387426s
Iteration 14
time: 54.957604s
Iteration 15
time: 0.749526s
Iteration 16
time: 0.739978s
Iteration 17
time: 15.199717s
Iteration 18
time: 0.737544s
Iteration 19
time: 0.740531s
Iteration 20
time: 78.717054s
Iteration 21
time: 0.754067s
Iteration 22
time: 0.741101s
Iteration 23
time: 5.066920s
Iteration 24
time: 0.737980s
6: Starting numprocs=16 N=7000, M=7000 impl=g-rabenseifner-allgather
5: Starting numprocs=16 N=7000, M=7000 impl=g-rabenseifner-allgather
1: Starting numprocs=16 N=7000, M=7000 impl=g-rabenseifner-allgather
15: Starting numprocs=16 N=7000, M=7000 impl=g-rabenseifner-allgather
10: Starting numprocs=16 N=7000, M=7000 impl=g-rabenseifner-allgather
13: Starting numprocs=16 N=7000, M=7000 impl=g-rabenseifner-allgather
14: Starting numprocs=16 N=7000, M=7000 impl=g-rabenseifner-allgather
3: Starting numprocs=16 N=7000, M=7000 impl=g-rabenseifner-allgather
9: Starting numprocs=16 N=7000, M=7000 impl=g-rabenseifner-allgather
7: Starting numprocs=16 N=7000, M=7000 impl=g-rabenseifner-allgather
11: Starting numprocs=16 N=7000, M=7000 impl=g-rabenseifner-allgather
12: Starting numprocs=16 N=7000, M=7000 impl=g-rabenseifner-allgather
0: Starting numprocs=16 N=7000, M=7000 impl=g-rabenseifner-allgather
Iteration 0
4: Starting numprocs=16 N=7000, M=7000 impl=g-rabenseifner-allgather
8: Starting numprocs=16 N=7000, M=7000 impl=g-rabenseifner-allgather
2: Starting numprocs=16 N=7000, M=7000 impl=g-rabenseifner-allgather
time: 0.406510s
Iteration 1
time: 0.351725s
Iteration 2
time: 0.351129s
Iteration 3
time: 0.352344s
Iteration 4
time: 2.404672s
Iteration 5
time: 0.351804s
Iteration 6
time: 0.352121s
Iteration 7
time: 0.350424s
Iteration 8
time: 0.351695s
Iteration 9
time: 0.351610s
Iteration 10
time: 0.351445s
Iteration 11
time: 0.351311s
Iteration 12
time: 0.350766s
Iteration 13
time: 0.350935s
Iteration 14
time: 0.351989s
Iteration 15
time: 83.058453s
Iteration 16
time: 0.353254s
Iteration 17
time: 0.351408s
Iteration 18
time: 84.713334s
Iteration 19
time: 490.338402s
Iteration 20
time: 2.040361s
Iteration 21
time: 93.596110s
Iteration 22
time: 246.990616s
Iteration 23
time: 0.353086s
Iteration 24
time: 0.352151s
1: Starting numprocs=16 N=7000, M=7000 impl=g-rabenseifner-subgroup-2
0: Starting numprocs=16 N=7000, M=7000 impl=g-rabenseifner-subgroup-2
Iteration 0
3: Starting numprocs=16 N=7000, M=7000 impl=g-rabenseifner-subgroup-2
6: Starting numprocs=16 N=7000, M=7000 impl=g-rabenseifner-subgroup-2
15: Starting numprocs=16 N=7000, M=7000 impl=g-rabenseifner-subgroup-2
10: Starting numprocs=16 N=7000, M=7000 impl=g-rabenseifner-subgroup-2
14: Starting numprocs=16 N=7000, M=7000 impl=g-rabenseifner-subgroup-2
5: Starting numprocs=16 N=7000, M=7000 impl=g-rabenseifner-subgroup-2
7: Starting numprocs=16 N=7000, M=7000 impl=g-rabenseifner-subgroup-2
13: Starting numprocs=16 N=7000, M=7000 impl=g-rabenseifner-subgroup-2
12: Starting numprocs=16 N=7000, M=7000 impl=g-rabenseifner-subgroup-2
9: Starting numprocs=16 N=7000, M=7000 impl=g-rabenseifner-subgroup-2
11: Starting numprocs=16 N=7000, M=7000 impl=g-rabenseifner-subgroup-2
8: Starting numprocs=16 N=7000, M=7000 impl=g-rabenseifner-subgroup-2
4: Starting numprocs=16 N=7000, M=7000 impl=g-rabenseifner-subgroup-2
2: Starting numprocs=16 N=7000, M=7000 impl=g-rabenseifner-subgroup-2
time: 0.440363s
Iteration 1
time: 0.371816s
Iteration 2
time: 0.374858s
Iteration 3
time: 0.371600s
Iteration 4
time: 0.369330s
Iteration 5
time: 0.371035s
Iteration 6
time: 0.372045s
Iteration 7
time: 0.369516s
Iteration 8
time: 0.370970s
Iteration 9
time: 0.367919s
Iteration 10
time: 0.370315s
Iteration 11
time: 0.374846s
Iteration 12
time: 0.370477s
Iteration 13
time: 0.368686s
Iteration 14
time: 0.390142s
Iteration 15
time: 0.375675s
Iteration 16
time: 0.371299s
Iteration 17
time: 0.369477s
Iteration 18
time: 0.371405s
Iteration 19
time: 0.372614s
Iteration 20
time: 0.372750s
Iteration 21
time: 0.368902s
Iteration 22
time: 0.372546s
Iteration 23
time: 0.374304s
Iteration 24
time: 0.370296s
6: Starting numprocs=16 N=7000, M=7000 impl=g-rabenseifner-subgroup-4
12: Starting numprocs=16 N=7000, M=7000 impl=g-rabenseifner-subgroup-4
0: Starting numprocs=16 N=7000, M=7000 impl=g-rabenseifner-subgroup-4
Iteration 0
1: Starting numprocs=16 N=7000, M=7000 impl=g-rabenseifner-subgroup-4
10: Starting numprocs=16 N=7000, M=7000 impl=g-rabenseifner-subgroup-4
15: Starting numprocs=16 N=7000, M=7000 impl=g-rabenseifner-subgroup-4
3: Starting numprocs=16 N=7000, M=7000 impl=g-rabenseifner-subgroup-4
14: Starting numprocs=16 N=7000, M=7000 impl=g-rabenseifner-subgroup-4
7: Starting numprocs=16 N=7000, M=7000 impl=g-rabenseifner-subgroup-4
11: Starting numprocs=16 N=7000, M=7000 impl=g-rabenseifner-subgroup-4
13: Starting numprocs=16 N=7000, M=7000 impl=g-rabenseifner-subgroup-4
5: Starting numprocs=16 N=7000, M=7000 impl=g-rabenseifner-subgroup-4
8: Starting numprocs=16 N=7000, M=7000 impl=g-rabenseifner-subgroup-4
4: Starting numprocs=16 N=7000, M=7000 impl=g-rabenseifner-subgroup-4
9: Starting numprocs=16 N=7000, M=7000 impl=g-rabenseifner-subgroup-4
2: Starting numprocs=16 N=7000, M=7000 impl=g-rabenseifner-subgroup-4
time: 0.494168s
Iteration 1
time: 0.408611s
Iteration 2
time: 0.404539s
Iteration 3
time: 0.407372s
Iteration 4
time: 0.405731s
Iteration 5
time: 0.410432s
Iteration 6
time: 0.404991s
Iteration 7
time: 0.404750s
Iteration 8
time: 0.411411s
Iteration 9
time: 0.410175s
Iteration 10
time: 0.412321s
Iteration 11
time: 0.408714s
Iteration 12
time: 0.410257s
Iteration 13
time: 0.408703s
Iteration 14
time: 0.412969s
Iteration 15
time: 0.413442s
Iteration 16
time: 0.410082s
Iteration 17
time: 0.412647s
Iteration 18
time: 0.409440s
Iteration 19
time: 0.411500s
Iteration 20
time: 0.408517s
Iteration 21
time: 0.409018s
Iteration 22
time: 0.412054s
Iteration 23
time: 0.408854s
Iteration 24
time: 0.405866s
1: Starting numprocs=16 N=7000, M=7000 impl=g-rabenseifner-subgroup-8
6: Starting numprocs=16 N=7000, M=7000 impl=g-rabenseifner-subgroup-8
12: Starting numprocs=16 N=7000, M=7000 impl=g-rabenseifner-subgroup-8
10: Starting numprocs=16 N=7000, M=7000 impl=g-rabenseifner-subgroup-8
0: Starting numprocs=16 N=7000, M=7000 impl=g-rabenseifner-subgroup-8
Iteration 0
15: Starting numprocs=16 N=7000, M=7000 impl=g-rabenseifner-subgroup-8
11: Starting numprocs=16 N=7000, M=7000 impl=g-rabenseifner-subgroup-8
7: Starting numprocs=16 N=7000, M=7000 impl=g-rabenseifner-subgroup-8
3: Starting numprocs=16 N=7000, M=7000 impl=g-rabenseifner-subgroup-8
14: Starting numprocs=16 N=7000, M=7000 impl=g-rabenseifner-subgroup-8
13: Starting numprocs=16 N=7000, M=7000 impl=g-rabenseifner-subgroup-8
9: Starting numprocs=16 N=7000, M=7000 impl=g-rabenseifner-subgroup-8
5: Starting numprocs=16 N=7000, M=7000 impl=g-rabenseifner-subgroup-8
8: Starting numprocs=16 N=7000, M=7000 impl=g-rabenseifner-subgroup-8
4: Starting numprocs=16 N=7000, M=7000 impl=g-rabenseifner-subgroup-8
2: Starting numprocs=16 N=7000, M=7000 impl=g-rabenseifner-subgroup-8
time: 0.519509s
Iteration 1
time: 0.473632s
Iteration 2
time: 0.470906s
Iteration 3
time: 0.477721s
Iteration 4
time: 0.477070s
Iteration 5
time: 0.478673s
Iteration 6
time: 0.471705s
Iteration 7
time: 0.477548s
Iteration 8
time: 0.515548s
Iteration 9
time: 0.474028s
Iteration 10
time: 0.476618s
Iteration 11
time: 0.470287s
Iteration 12
time: 0.471430s
Iteration 13
time: 0.476931s
Iteration 14
time: 0.468522s
Iteration 15
time: 0.487460s
Iteration 16
time: 0.479762s
Iteration 17
time: 0.469757s
Iteration 18
time: 0.486967s
Iteration 19
time: 0.477695s
Iteration 20
time: 0.481354s
Iteration 21
time: 0.485496s
Iteration 22
time: 0.495991s
Iteration 23
time: 0.478741s
Iteration 24
time: 0.476873s
12: Starting numprocs=16 N=8000, M=8000 impl=allgather
1: Starting numprocs=16 N=8000, M=8000 impl=allgather
6: Starting numprocs=16 N=8000, M=8000 impl=allgather
15: Starting numprocs=16 N=8000, M=8000 impl=allgather
0: Starting numprocs=16 N=8000, M=8000 impl=allgather
Iteration 0
11: Starting numprocs=16 N=8000, M=8000 impl=allgather
10: Starting numprocs=16 N=8000, M=8000 impl=allgather
7: Starting numprocs=16 N=8000, M=8000 impl=allgather
9: Starting numprocs=16 N=8000, M=8000 impl=allgather
3: Starting numprocs=16 N=8000, M=8000 impl=allgather
13: Starting numprocs=16 N=8000, M=8000 impl=allgather
5: Starting numprocs=16 N=8000, M=8000 impl=allgather
14: Starting numprocs=16 N=8000, M=8000 impl=allgather
8: Starting numprocs=16 N=8000, M=8000 impl=allgather
4: Starting numprocs=16 N=8000, M=8000 impl=allgather
2: Starting numprocs=16 N=8000, M=8000 impl=allgather
time: 1.144122s
Iteration 1
time: 1.075223s
Iteration 2
time: 1.127106s
Iteration 3
time: 1.081116s
Iteration 4
time: 1.129079s
Iteration 5
time: 1.097012s
Iteration 6
time: 1.097542s
Iteration 7
time: 1.100637s
Iteration 8
time: 1.085168s
Iteration 9
time: 1.135656s
Iteration 10
time: 1.137774s
Iteration 11
time: 1.113803s
Iteration 12
time: 1.100540s
Iteration 13
time: 1.149647s
Iteration 14
time: 1.096282s
Iteration 15
time: 1.121492s
Iteration 16
time: 1.086200s
Iteration 17
time: 1.110539s
Iteration 18
time: 1.129624s
Iteration 19
time: 1.080775s
Iteration 20
time: 1.112627s
Iteration 21
time: 1.155020s
Iteration 22
time: 1.107562s
Iteration 23
time: 1.142120s
Iteration 24
time: 1.123688s
6: Starting numprocs=16 N=8000, M=8000 impl=allreduce
12: Starting numprocs=16 N=8000, M=8000 impl=allreduce
0: Starting numprocs=16 N=8000, M=8000 impl=allreduce
Iteration 0
1: Starting numprocs=16 N=8000, M=8000 impl=allreduce
3: Starting numprocs=16 N=8000, M=8000 impl=allreduce
15: Starting numprocs=16 N=8000, M=8000 impl=allreduce
14: Starting numprocs=16 N=8000, M=8000 impl=allreduce
9: Starting numprocs=16 N=8000, M=8000 impl=allreduce
7: Starting numprocs=16 N=8000, M=8000 impl=allreduce
11: Starting numprocs=16 N=8000, M=8000 impl=allreduce
13: Starting numprocs=16 N=8000, M=8000 impl=allreduce
8: Starting numprocs=16 N=8000, M=8000 impl=allreduce
10: Starting numprocs=16 N=8000, M=8000 impl=allreduce
5: Starting numprocs=16 N=8000, M=8000 impl=allreduce
4: Starting numprocs=16 N=8000, M=8000 impl=allreduce
2: Starting numprocs=16 N=8000, M=8000 impl=allreduce
time: 5.893813s
Iteration 1
time: 29.545291s
Iteration 2
time: 1.397629s
Iteration 3
time: 1.398718s
Iteration 4
time: 1.397362s
Iteration 5
time: 1.390916s
Iteration 6
time: 1.407259s
Iteration 7
time: 1.386623s
Iteration 8
time: 1.411631s
Iteration 9
time: 1.410124s
Iteration 10
time: 1.428523s
Iteration 11
time: 1.433066s
Iteration 12
time: 1.418081s
Iteration 13
time: 1.415001s
Iteration 14
time: 1.426700s
Iteration 15
time: 1.421334s
Iteration 16
time: 1.418302s
Iteration 17
time: 1.419001s
Iteration 18
time: 1.449560s
Iteration 19
time: 1.423555s
Iteration 20
time: 1.409727s
Iteration 21
time: 1.409465s
Iteration 22
time: 1.426846s
Iteration 23
time: 1.463706s
Iteration 24
time: 1.428890s
6: Starting numprocs=16 N=8000, M=8000 impl=allreduce-ring
12: Starting numprocs=16 N=8000, M=8000 impl=allreduce-ring
1: Starting numprocs=16 N=8000, M=8000 impl=allreduce-ring
0: Starting numprocs=16 N=8000, M=8000 impl=allreduce-ring
Iteration 0
3: Starting numprocs=16 N=8000, M=8000 impl=allreduce-ring
10: Starting numprocs=16 N=8000, M=8000 impl=allreduce-ring
9: Starting numprocs=16 N=8000, M=8000 impl=allreduce-ring
7: Starting numprocs=16 N=8000, M=8000 impl=allreduce-ring
14: Starting numprocs=16 N=8000, M=8000 impl=allreduce-ring
5: Starting numprocs=16 N=8000, M=8000 impl=allreduce-ring
4: Starting numprocs=16 N=8000, M=8000 impl=allreduce-ring
11: Starting numprocs=16 N=8000, M=8000 impl=allreduce-ring
15: Starting numprocs=16 N=8000, M=8000 impl=allreduce-ring
8: Starting numprocs=16 N=8000, M=8000 impl=allreduce-ring
2: Starting numprocs=16 N=8000, M=8000 impl=allreduce-ring
13: Starting numprocs=16 N=8000, M=8000 impl=allreduce-ring
time: 1.046256s
Iteration 1
time: 12.865675s
Iteration 2
time: 0.981197s
Iteration 3
time: 0.986018s
Iteration 4
time: 0.976179s
Iteration 5
time: 0.965015s
Iteration 6
time: 0.954090s
Iteration 7
time: 0.962344s
Iteration 8
time: 0.962574s
Iteration 9
time: 4.757206s
Iteration 10
time: 0.968084s
Iteration 11
time: 0.964322s
Iteration 12
time: 4.765030s
Iteration 13
time: 0.990987s
Iteration 14
time: 6.977867s
Iteration 15
time: 0.988130s
Iteration 16
time: 0.960762s
Iteration 17
time: 0.957439s
Iteration 18
time: 0.962082s
Iteration 19
time: 9.614409s
Iteration 20
time: 1.005783s
Iteration 21
time: 3.127637s
Iteration 22
time: 0.957593s
Iteration 23
time: 5.280849s
Iteration 24
time: 0.961430s
6: Starting numprocs=16 N=8000, M=8000 impl=g-rabenseifner-allgather
12: Starting numprocs=16 N=8000, M=8000 impl=g-rabenseifner-allgather
0: Starting numprocs=16 N=8000, M=8000 impl=g-rabenseifner-allgather
Iteration 0
1: Starting numprocs=16 N=8000, M=8000 impl=g-rabenseifner-allgather
15: Starting numprocs=16 N=8000, M=8000 impl=g-rabenseifner-allgather
7: Starting numprocs=16 N=8000, M=8000 impl=g-rabenseifner-allgather
3: Starting numprocs=16 N=8000, M=8000 impl=g-rabenseifner-allgather
14: Starting numprocs=16 N=8000, M=8000 impl=g-rabenseifner-allgather
9: Starting numprocs=16 N=8000, M=8000 impl=g-rabenseifner-allgather
8: Starting numprocs=16 N=8000, M=8000 impl=g-rabenseifner-allgather
10: Starting numprocs=16 N=8000, M=8000 impl=g-rabenseifner-allgather
11: Starting numprocs=16 N=8000, M=8000 impl=g-rabenseifner-allgather
4: Starting numprocs=16 N=8000, M=8000 impl=g-rabenseifner-allgather
5: Starting numprocs=16 N=8000, M=8000 impl=g-rabenseifner-allgather
13: Starting numprocs=16 N=8000, M=8000 impl=g-rabenseifner-allgather
2: Starting numprocs=16 N=8000, M=8000 impl=g-rabenseifner-allgather
time: 4.180740s
Iteration 1
time: 8.986274s
Iteration 2
time: 0.460272s
Iteration 3
time: 0.457594s
Iteration 4
time: 0.460486s
Iteration 5
time: 19.971284s
Iteration 6
time: 0.455820s
Iteration 7
time: 0.457673s
Iteration 8
time: 0.457676s
Iteration 9
time: 2.629051s
Iteration 10
time: 0.458090s
Iteration 11
time: 0.458155s
Iteration 12
time: 0.458492s
Iteration 13
time: 0.461900s
Iteration 14
time: 0.455559s
Iteration 15
time: 0.457786s
Iteration 16
time: 0.455867s
Iteration 17
time: 0.456662s
Iteration 18
time: 1.812648s
Iteration 19
time: 0.456833s
Iteration 20
time: 0.457442s
Iteration 21
time: 0.456628s
Iteration 22
time: 0.458374s
Iteration 23
time: 2.296726s
Iteration 24
time: 0.458057s
12: Starting numprocs=16 N=8000, M=8000 impl=g-rabenseifner-subgroup-2
6: Starting numprocs=16 N=8000, M=8000 impl=g-rabenseifner-subgroup-2
15: Starting numprocs=16 N=8000, M=8000 impl=g-rabenseifner-subgroup-2
1: Starting numprocs=16 N=8000, M=8000 impl=g-rabenseifner-subgroup-2
10: Starting numprocs=16 N=8000, M=8000 impl=g-rabenseifner-subgroup-2
0: Starting numprocs=16 N=8000, M=8000 impl=g-rabenseifner-subgroup-2
Iteration 0
11: Starting numprocs=16 N=8000, M=8000 impl=g-rabenseifner-subgroup-2
13: Starting numprocs=16 N=8000, M=8000 impl=g-rabenseifner-subgroup-2
7: Starting numprocs=16 N=8000, M=8000 impl=g-rabenseifner-subgroup-2
5: Starting numprocs=16 N=8000, M=8000 impl=g-rabenseifner-subgroup-2
14: Starting numprocs=16 N=8000, M=8000 impl=g-rabenseifner-subgroup-2
3: Starting numprocs=16 N=8000, M=8000 impl=g-rabenseifner-subgroup-2
9: Starting numprocs=16 N=8000, M=8000 impl=g-rabenseifner-subgroup-2
4: Starting numprocs=16 N=8000, M=8000 impl=g-rabenseifner-subgroup-2
8: Starting numprocs=16 N=8000, M=8000 impl=g-rabenseifner-subgroup-2
2: Starting numprocs=16 N=8000, M=8000 impl=g-rabenseifner-subgroup-2
time: 0.575542s
Iteration 1
time: 0.493881s
Iteration 2
time: 0.489876s
Iteration 3
time: 0.492480s
Iteration 4
time: 0.492465s
Iteration 5
time: 0.494176s
Iteration 6
time: 0.501879s
Iteration 7
time: 0.493389s
Iteration 8
time: 0.492393s
Iteration 9
time: 0.497322s
Iteration 10
time: 0.496613s
Iteration 11
time: 0.492276s
Iteration 12
time: 0.495616s
Iteration 13
time: 0.496874s
Iteration 14
time: 0.496081s
Iteration 15
time: 0.496752s
Iteration 16
time: 0.493169s
Iteration 17
time: 0.492711s
Iteration 18
time: 0.497883s
Iteration 19
time: 0.554234s
Iteration 20
time: 1.723386s
Iteration 21
time: 2.395852s
Iteration 22
time: 0.518474s
Iteration 23
time: 0.502476s
Iteration 24
time: 2.369670s
12: Starting numprocs=16 N=8000, M=8000 impl=g-rabenseifner-subgroup-4
6: Starting numprocs=16 N=8000, M=8000 impl=g-rabenseifner-subgroup-4
0: Starting numprocs=16 N=8000, M=8000 impl=g-rabenseifner-subgroup-4
Iteration 0
10: Starting numprocs=16 N=8000, M=8000 impl=g-rabenseifner-subgroup-4
1: Starting numprocs=16 N=8000, M=8000 impl=g-rabenseifner-subgroup-4
9: Starting numprocs=16 N=8000, M=8000 impl=g-rabenseifner-subgroup-4
3: Starting numprocs=16 N=8000, M=8000 impl=g-rabenseifner-subgroup-4
15: Starting numprocs=16 N=8000, M=8000 impl=g-rabenseifner-subgroup-4
13: Starting numprocs=16 N=8000, M=8000 impl=g-rabenseifner-subgroup-4
7: Starting numprocs=16 N=8000, M=8000 impl=g-rabenseifner-subgroup-4
14: Starting numprocs=16 N=8000, M=8000 impl=g-rabenseifner-subgroup-4
8: Starting numprocs=16 N=8000, M=8000 impl=g-rabenseifner-subgroup-4
4: Starting numprocs=16 N=8000, M=8000 impl=g-rabenseifner-subgroup-4
11: Starting numprocs=16 N=8000, M=8000 impl=g-rabenseifner-subgroup-4
5: Starting numprocs=16 N=8000, M=8000 impl=g-rabenseifner-subgroup-4
2: Starting numprocs=16 N=8000, M=8000 impl=g-rabenseifner-subgroup-4
time: 0.648985s
Iteration 1
time: 0.560686s
Iteration 2
time: 0.587222s
Iteration 3
time: 0.569124s
Iteration 4
time: 2.328063s
Iteration 5
time: 0.568691s
Iteration 6
time: 0.559879s
Iteration 7
time: 0.557725s
Iteration 8
time: 0.563679s
Iteration 9
time: 2.655860s
Iteration 10
time: 0.560546s
Iteration 11
time: 0.592737s
Iteration 12
time: 0.561739s
Iteration 13
time: 2.621336s
Iteration 14
time: 0.565682s
Iteration 15
time: 0.565962s
Iteration 16
time: 0.568764s
Iteration 17
time: 0.567968s
Iteration 18
time: 0.524609s
Iteration 19
time: 0.556719s
Iteration 20
time: 0.528838s
Iteration 21
time: 0.574493s
Iteration 22
time: 0.533836s
Iteration 23
time: 0.527592s
Iteration 24
time: 0.531998s
12: Starting numprocs=16 N=8000, M=8000 impl=g-rabenseifner-subgroup-8
6: Starting numprocs=16 N=8000, M=8000 impl=g-rabenseifner-subgroup-8
1: Starting numprocs=16 N=8000, M=8000 impl=g-rabenseifner-subgroup-8
0: Starting numprocs=16 N=8000, M=8000 impl=g-rabenseifner-subgroup-8
Iteration 0
3: Starting numprocs=16 N=8000, M=8000 impl=g-rabenseifner-subgroup-8
11: Starting numprocs=16 N=8000, M=8000 impl=g-rabenseifner-subgroup-8
7: Starting numprocs=16 N=8000, M=8000 impl=g-rabenseifner-subgroup-8
15: Starting numprocs=16 N=8000, M=8000 impl=g-rabenseifner-subgroup-8
10: Starting numprocs=16 N=8000, M=8000 impl=g-rabenseifner-subgroup-8
14: Starting numprocs=16 N=8000, M=8000 impl=g-rabenseifner-subgroup-8
9: Starting numprocs=16 N=8000, M=8000 impl=g-rabenseifner-subgroup-8
13: Starting numprocs=16 N=8000, M=8000 impl=g-rabenseifner-subgroup-8
5: Starting numprocs=16 N=8000, M=8000 impl=g-rabenseifner-subgroup-8
4: Starting numprocs=16 N=8000, M=8000 impl=g-rabenseifner-subgroup-8
8: Starting numprocs=16 N=8000, M=8000 impl=g-rabenseifner-subgroup-8
2: Starting numprocs=16 N=8000, M=8000 impl=g-rabenseifner-subgroup-8
time: 0.752082s
Iteration 1
time: 0.620756s
Iteration 2
time: 0.627752s
Iteration 3
time: 0.620036s
Iteration 4
time: 0.615159s
Iteration 5
time: 0.627291s
Iteration 6
time: 0.618014s
Iteration 7
time: 0.610741s
Iteration 8
time: 0.623504s
Iteration 9
time: 0.616290s
Iteration 10
time: 0.619158s
Iteration 11
time: 0.629844s
Iteration 12
time: 0.620995s
Iteration 13
time: 0.617967s
Iteration 14
time: 0.628038s
Iteration 15
time: 0.629006s
Iteration 16
time: 0.616472s
Iteration 17
time: 0.623975s
Iteration 18
time: 0.626105s
Iteration 19
time: 0.627801s
Iteration 20
time: 0.628854s
Iteration 21
time: 0.634134s
Iteration 22
time: 0.614523s
Iteration 23
time: 0.628651s
Iteration 24
time: 0.630938s
