7: Starting numprocs=8 N=1000, M=1000 impl=allgather
6: Starting numprocs=8 N=1000, M=1000 impl=allgather
4: Starting numprocs=8 N=1000, M=1000 impl=allgather
2: Starting numprocs=8 N=1000, M=1000 impl=allgather
1: Starting numprocs=8 N=1000, M=1000 impl=allgather
0: Starting numprocs=8 N=1000, M=1000 impl=allgather
Iteration 0
5: Starting numprocs=8 N=1000, M=1000 impl=allgather
3: Starting numprocs=8 N=1000, M=1000 impl=allgather
time: 0.018417s
Iteration 1
time: 0.007956s
Iteration 2
time: 0.007937s
Iteration 3
time: 0.008423s
Iteration 4
time: 0.008083s
Iteration 5
time: 0.008168s
Iteration 6
time: 0.008158s
Iteration 7
time: 0.008157s
Iteration 8
time: 0.008171s
Iteration 9
time: 0.008148s
Iteration 10
time: 0.008179s
Iteration 11
time: 0.008219s
Iteration 12
time: 0.008190s
Iteration 13
time: 0.008183s
Iteration 14
time: 0.008248s
Iteration 15
time: 0.008247s
Iteration 16
time: 0.008161s
Iteration 17
time: 0.009361s
Iteration 18
time: 0.008171s
Iteration 19
time: 0.008300s
Iteration 20
time: 0.008200s
Iteration 21
time: 0.008293s
Iteration 22
time: 0.008218s
Iteration 23
time: 0.008441s
Iteration 24
time: 0.008155s
0: Starting numprocs=8 N=1000, M=1000 impl=allreduce
Iteration 0
2: Starting numprocs=8 N=1000, M=1000 impl=allreduce
3: Starting numprocs=8 N=1000, M=1000 impl=allreduce
4: Starting numprocs=8 N=1000, M=1000 impl=allreduce
6: Starting numprocs=8 N=1000, M=1000 impl=allreduce
7: Starting numprocs=8 N=1000, M=1000 impl=allreduce
5: Starting numprocs=8 N=1000, M=1000 impl=allreduce
1: Starting numprocs=8 N=1000, M=1000 impl=allreduce
time: 0.024733s
Iteration 1
time: 0.021528s
Iteration 2
time: 0.017236s
Iteration 3
time: 0.015508s
Iteration 4
time: 0.015358s
Iteration 5
time: 0.015581s
Iteration 6
time: 0.015713s
Iteration 7
time: 0.015868s
Iteration 8
time: 0.015950s
Iteration 9
time: 0.016990s
Iteration 10
time: 0.016135s
Iteration 11
time: 0.015547s
Iteration 12
time: 0.015214s
Iteration 13
time: 0.016293s
Iteration 14
time: 0.016417s
Iteration 15
time: 0.015629s
Iteration 16
time: 0.016363s
Iteration 17
time: 0.015758s
Iteration 18
time: 0.015283s
Iteration 19
time: 0.015070s
Iteration 20
time: 0.015381s
Iteration 21
time: 0.017067s
Iteration 22
time: 0.016000s
Iteration 23
time: 0.016188s
Iteration 24
time: 0.015808s
2: Starting numprocs=8 N=1000, M=1000 impl=allreduce-ring
7: Starting numprocs=8 N=1000, M=1000 impl=allreduce-ring
4: Starting numprocs=8 N=1000, M=1000 impl=allreduce-ring
6: Starting numprocs=8 N=1000, M=1000 impl=allreduce-ring
1: Starting numprocs=8 N=1000, M=1000 impl=allreduce-ring
5: Starting numprocs=8 N=1000, M=1000 impl=allreduce-ring
3: Starting numprocs=8 N=1000, M=1000 impl=allreduce-ring
0: Starting numprocs=8 N=1000, M=1000 impl=allreduce-ring
Iteration 0
time: 0.027685s
Iteration 1
time: 0.014081s
Iteration 2
time: 0.014076s
Iteration 3
time: 0.014088s
Iteration 4
time: 0.013757s
Iteration 5
time: 0.013870s
Iteration 6
time: 0.014204s
Iteration 7
time: 0.014131s
Iteration 8
time: 0.014376s
Iteration 9
time: 0.014186s
Iteration 10
time: 0.013706s
Iteration 11
time: 0.014363s
Iteration 12
time: 0.014206s
Iteration 13
time: 0.013779s
Iteration 14
time: 0.014266s
Iteration 15
time: 0.014602s
Iteration 16
time: 0.014277s
Iteration 17
time: 0.013891s
Iteration 18
time: 0.013784s
Iteration 19
time: 0.014025s
Iteration 20
time: 0.013977s
Iteration 21
time: 0.013923s
Iteration 22
time: 0.014219s
Iteration 23
time: 0.013941s
Iteration 24
time: 0.014599s
7: Starting numprocs=8 N=1000, M=1000 impl=g-rabenseifner-allgather
6: Starting numprocs=8 N=1000, M=1000 impl=g-rabenseifner-allgather
4: Starting numprocs=8 N=1000, M=1000 impl=g-rabenseifner-allgather
1: Starting numprocs=8 N=1000, M=1000 impl=g-rabenseifner-allgather
5: Starting numprocs=8 N=1000, M=1000 impl=g-rabenseifner-allgather
2: Starting numprocs=8 N=1000, M=1000 impl=g-rabenseifner-allgather
3: Starting numprocs=8 N=1000, M=1000 impl=g-rabenseifner-allgather
0: Starting numprocs=8 N=1000, M=1000 impl=g-rabenseifner-allgather
Iteration 0
time: 0.017262s
Iteration 1
time: 0.007027s
Iteration 2
time: 0.007022s
Iteration 3
time: 0.007018s
Iteration 4
time: 0.006999s
Iteration 5
time: 0.007031s
Iteration 6
time: 0.007009s
Iteration 7
time: 0.007000s
Iteration 8
time: 0.006983s
Iteration 9
time: 0.007028s
Iteration 10
time: 0.007151s
Iteration 11
time: 0.006990s
Iteration 12
time: 0.007011s
Iteration 13
time: 0.006995s
Iteration 14
time: 0.007432s
Iteration 15
time: 0.007004s
Iteration 16
time: 0.007012s
Iteration 17
time: 0.007065s
Iteration 18
time: 0.007091s
Iteration 19
time: 0.007024s
Iteration 20
time: 0.007035s
Iteration 21
time: 0.007013s
Iteration 22
time: 0.007031s
Iteration 23
time: 0.006999s
Iteration 24
time: 0.007010s
2: Starting numprocs=8 N=1000, M=1000 impl=g-rabenseifner-subgroup-2
4: Starting numprocs=8 N=1000, M=1000 impl=g-rabenseifner-subgroup-2
7: Starting numprocs=8 N=1000, M=1000 impl=g-rabenseifner-subgroup-2
3: Starting numprocs=8 N=1000, M=1000 impl=g-rabenseifner-subgroup-2
6: Starting numprocs=8 N=1000, M=1000 impl=g-rabenseifner-subgroup-2
0: Starting numprocs=8 N=1000, M=1000 impl=g-rabenseifner-subgroup-2
Iteration 0
1: Starting numprocs=8 N=1000, M=1000 impl=g-rabenseifner-subgroup-2
5: Starting numprocs=8 N=1000, M=1000 impl=g-rabenseifner-subgroup-2
time: 0.022756s
Iteration 1
time: 0.007164s
Iteration 2
time: 0.007171s
Iteration 3
time: 0.007155s
Iteration 4
time: 0.007100s
Iteration 5
time: 0.007084s
Iteration 6
time: 0.007095s
Iteration 7
time: 0.007077s
Iteration 8
time: 0.007426s
Iteration 9
time: 0.007202s
Iteration 10
time: 0.007117s
Iteration 11
time: 0.007177s
Iteration 12
time: 0.007140s
Iteration 13
time: 0.007635s
Iteration 14
time: 0.007129s
Iteration 15
time: 0.007250s
Iteration 16
time: 0.007113s
Iteration 17
time: 0.007182s
Iteration 18
time: 0.007105s
Iteration 19
time: 0.007118s
Iteration 20
time: 0.007151s
Iteration 21
time: 0.007201s
Iteration 22
time: 0.007128s
Iteration 23
time: 0.007131s
Iteration 24
time: 0.007204s
6: Starting numprocs=8 N=1000, M=1000 impl=g-rabenseifner-subgroup-4
2: Starting numprocs=8 N=1000, M=1000 impl=g-rabenseifner-subgroup-4
7: Starting numprocs=8 N=1000, M=1000 impl=g-rabenseifner-subgroup-4
5: Starting numprocs=8 N=1000, M=1000 impl=g-rabenseifner-subgroup-4
4: Starting numprocs=8 N=1000, M=1000 impl=g-rabenseifner-subgroup-4
1: Starting numprocs=8 N=1000, M=1000 impl=g-rabenseifner-subgroup-4
3: Starting numprocs=8 N=1000, M=1000 impl=g-rabenseifner-subgroup-4
0: Starting numprocs=8 N=1000, M=1000 impl=g-rabenseifner-subgroup-4
Iteration 0
time: 0.017184s
Iteration 1
time: 0.007378s
Iteration 2
time: 0.007764s
Iteration 3
time: 0.007220s
Iteration 4
time: 0.007848s
Iteration 5
time: 0.007237s
Iteration 6
time: 0.007217s
Iteration 7
time: 0.007297s
Iteration 8
time: 0.007276s
Iteration 9
time: 0.007342s
Iteration 10
time: 0.007266s
Iteration 11
time: 0.007314s
Iteration 12
time: 0.007268s
Iteration 13
time: 0.007794s
Iteration 14
time: 0.007361s
Iteration 15
time: 0.007279s
Iteration 16
time: 0.007274s
Iteration 17
time: 0.007247s
Iteration 18
time: 0.007277s
Iteration 19
time: 0.007250s
Iteration 20
time: 0.007490s
Iteration 21
time: 0.007353s
Iteration 22
time: 0.007303s
Iteration 23
time: 0.007334s
Iteration 24
time: 0.007454s
3: Starting numprocs=8 N=1000, M=1000 impl=g-rabenseifner-subgroup-8
7: Starting numprocs=8 N=1000, M=1000 impl=g-rabenseifner-subgroup-8
5: Starting numprocs=8 N=1000, M=1000 impl=g-rabenseifner-subgroup-8
6: Starting numprocs=8 N=1000, M=1000 impl=g-rabenseifner-subgroup-8
4: Starting numprocs=8 N=1000, M=1000 impl=g-rabenseifner-subgroup-8
2: Starting numprocs=8 N=1000, M=1000 impl=g-rabenseifner-subgroup-8
1: Starting numprocs=8 N=1000, M=1000 impl=g-rabenseifner-subgroup-8
0: Starting numprocs=8 N=1000, M=1000 impl=g-rabenseifner-subgroup-8
Iteration 0
time: 0.016356s
Iteration 1
time: 0.007210s
Iteration 2
time: 0.007343s
Iteration 3
time: 0.007383s
Iteration 4
time: 0.007586s
Iteration 5
time: 0.008024s
Iteration 6
time: 0.007496s
Iteration 7
time: 0.007427s
Iteration 8
time: 0.007491s
Iteration 9
time: 0.007953s
Iteration 10
time: 0.007477s
Iteration 11
time: 0.007634s
Iteration 12
time: 0.007452s
Iteration 13
time: 0.007474s
Iteration 14
time: 0.007561s
Iteration 15
time: 0.007453s
Iteration 16
time: 0.007470s
Iteration 17
time: 0.007463s
Iteration 18
time: 0.007419s
Iteration 19
time: 0.007402s
Iteration 20
time: 0.007229s
Iteration 21
time: 0.007710s
Iteration 22
time: 0.007221s
Iteration 23
time: 0.007244s
Iteration 24
time: 0.007263s
4: Starting numprocs=8 N=2000, M=2000 impl=allgather
6: Starting numprocs=8 N=2000, M=2000 impl=allgather
2: Starting numprocs=8 N=2000, M=2000 impl=allgather
7: Starting numprocs=8 N=2000, M=2000 impl=allgather
1: Starting numprocs=8 N=2000, M=2000 impl=allgather
5: Starting numprocs=8 N=2000, M=2000 impl=allgather
0: Starting numprocs=8 N=2000, M=2000 impl=allgather
Iteration 0
3: Starting numprocs=8 N=2000, M=2000 impl=allgather
time: 0.042407s
Iteration 1
time: 0.033165s
Iteration 2
time: 0.033046s
Iteration 3
time: 0.032366s
Iteration 4
time: 0.032336s
Iteration 5
time: 0.031990s
Iteration 6
time: 0.033071s
Iteration 7
time: 0.033002s
Iteration 8
time: 0.033000s
Iteration 9
time: 0.034175s
Iteration 10
time: 0.032384s
Iteration 11
time: 0.034738s
Iteration 12
time: 0.037288s
Iteration 13
time: 0.032987s
Iteration 14
time: 0.034763s
Iteration 15
time: 0.036603s
Iteration 16
time: 0.035000s
Iteration 17
time: 0.032552s
Iteration 18
time: 0.032629s
Iteration 19
time: 0.032335s
Iteration 20
time: 0.032398s
Iteration 21
time: 0.032371s
Iteration 22
time: 0.033757s
Iteration 23
time: 0.032585s
Iteration 24
time: 0.033185s
7: Starting numprocs=8 N=2000, M=2000 impl=allreduce
2: Starting numprocs=8 N=2000, M=2000 impl=allreduce
4: Starting numprocs=8 N=2000, M=2000 impl=allreduce
5: Starting numprocs=8 N=2000, M=2000 impl=allreduce
6: Starting numprocs=8 N=2000, M=2000 impl=allreduce
1: Starting numprocs=8 N=2000, M=2000 impl=allreduce
3: Starting numprocs=8 N=2000, M=2000 impl=allreduce
0: Starting numprocs=8 N=2000, M=2000 impl=allreduce
Iteration 0
time: 0.102145s
Iteration 1
time: 0.086172s
Iteration 2
time: 0.064432s
Iteration 3
time: 0.064794s
Iteration 4
time: 0.066522s
Iteration 5
time: 0.067472s
Iteration 6
time: 0.064201s
Iteration 7
time: 0.062410s
Iteration 8
time: 0.062580s
Iteration 9
time: 0.062233s
Iteration 10
time: 0.065519s
Iteration 11
time: 0.064525s
Iteration 12
time: 0.066730s
Iteration 13
time: 0.072638s
Iteration 14
time: 0.063895s
Iteration 15
time: 0.068062s
Iteration 16
time: 0.074490s
Iteration 17
time: 0.065715s
Iteration 18
time: 0.064378s
Iteration 19
time: 1.505481s
Iteration 20
time: 0.063187s
Iteration 21
time: 0.063175s
Iteration 22
time: 0.065954s
Iteration 23
time: 0.067429s
Iteration 24
time: 0.066692s
2: Starting numprocs=8 N=2000, M=2000 impl=allreduce-ring
7: Starting numprocs=8 N=2000, M=2000 impl=allreduce-ring
4: Starting numprocs=8 N=2000, M=2000 impl=allreduce-ring
1: Starting numprocs=8 N=2000, M=2000 impl=allreduce-ring
6: Starting numprocs=8 N=2000, M=2000 impl=allreduce-ring
5: Starting numprocs=8 N=2000, M=2000 impl=allreduce-ring
3: Starting numprocs=8 N=2000, M=2000 impl=allreduce-ring
0: Starting numprocs=8 N=2000, M=2000 impl=allreduce-ring
Iteration 0
time: 0.069289s
Iteration 1
time: 0.054363s
Iteration 2
time: 0.057265s
Iteration 3
time: 0.056777s
Iteration 4
time: 0.055242s
Iteration 5
time: 0.054360s
Iteration 6
time: 0.054333s
Iteration 7
time: 0.054813s
Iteration 8
time: 0.053717s
Iteration 9
time: 0.054203s
Iteration 10
time: 0.055476s
Iteration 11
time: 0.057407s
Iteration 12
time: 0.058994s
Iteration 13
time: 0.058595s
Iteration 14
time: 0.054507s
Iteration 15
time: 0.055606s
Iteration 16
time: 0.055011s
Iteration 17
time: 0.055761s
Iteration 18
time: 0.055296s
Iteration 19
time: 0.055108s
Iteration 20
time: 0.056829s
Iteration 21
time: 0.054333s
Iteration 22
time: 0.054242s
Iteration 23
time: 0.054175s
Iteration 24
time: 0.054170s
2: Starting numprocs=8 N=2000, M=2000 impl=g-rabenseifner-allgather
7: Starting numprocs=8 N=2000, M=2000 impl=g-rabenseifner-allgather
5: Starting numprocs=8 N=2000, M=2000 impl=g-rabenseifner-allgather
6: Starting numprocs=8 N=2000, M=2000 impl=g-rabenseifner-allgather
4: Starting numprocs=8 N=2000, M=2000 impl=g-rabenseifner-allgather
1: Starting numprocs=8 N=2000, M=2000 impl=g-rabenseifner-allgather
3: Starting numprocs=8 N=2000, M=2000 impl=g-rabenseifner-allgather
0: Starting numprocs=8 N=2000, M=2000 impl=g-rabenseifner-allgather
Iteration 0
time: 0.036711s
Iteration 1
time: 0.027680s
Iteration 2
time: 0.028153s
Iteration 3
time: 0.027527s
Iteration 4
time: 0.027691s
Iteration 5
time: 0.027523s
Iteration 6
time: 0.027471s
Iteration 7
time: 0.027423s
Iteration 8
time: 0.027491s
Iteration 9
time: 0.027394s
Iteration 10
time: 0.027975s
Iteration 11
time: 0.027454s
Iteration 12
time: 0.027384s
Iteration 13
time: 0.027394s
Iteration 14
time: 0.027910s
Iteration 15
time: 0.027600s
Iteration 16
time: 0.027429s
Iteration 17
time: 0.027394s
Iteration 18
time: 0.028242s
Iteration 19
time: 0.027581s
Iteration 20
time: 0.027991s
Iteration 21
time: 0.027998s
Iteration 22
time: 0.028572s
Iteration 23
time: 0.027613s
Iteration 24
time: 0.027551s
4: Starting numprocs=8 N=2000, M=2000 impl=g-rabenseifner-subgroup-2
2: Starting numprocs=8 N=2000, M=2000 impl=g-rabenseifner-subgroup-2
6: Starting numprocs=8 N=2000, M=2000 impl=g-rabenseifner-subgroup-2
1: Starting numprocs=8 N=2000, M=2000 impl=g-rabenseifner-subgroup-2
5: Starting numprocs=8 N=2000, M=2000 impl=g-rabenseifner-subgroup-2
7: Starting numprocs=8 N=2000, M=2000 impl=g-rabenseifner-subgroup-2
3: Starting numprocs=8 N=2000, M=2000 impl=g-rabenseifner-subgroup-2
0: Starting numprocs=8 N=2000, M=2000 impl=g-rabenseifner-subgroup-2
Iteration 0
time: 0.046514s
Iteration 1
time: 0.027727s
Iteration 2
time: 0.027733s
Iteration 3
time: 0.027721s
Iteration 4
time: 0.027533s
Iteration 5
time: 0.027559s
Iteration 6
time: 0.027751s
Iteration 7
time: 0.027738s
Iteration 8
time: 0.028156s
Iteration 9
time: 0.027702s
Iteration 10
time: 0.027637s
Iteration 11
time: 0.027574s
Iteration 12
time: 0.027952s
Iteration 13
time: 0.027487s
Iteration 14
time: 0.027502s
Iteration 15
time: 0.028552s
Iteration 16
time: 0.028227s
Iteration 17
time: 0.027746s
Iteration 18
time: 0.027942s
Iteration 19
time: 0.027823s
Iteration 20
time: 0.028392s
Iteration 21
time: 0.027704s
Iteration 22
time: 0.027733s
Iteration 23
time: 0.028261s
Iteration 24
time: 0.027753s
4: Starting numprocs=8 N=2000, M=2000 impl=g-rabenseifner-subgroup-4
7: Starting numprocs=8 N=2000, M=2000 impl=g-rabenseifner-subgroup-4
2: Starting numprocs=8 N=2000, M=2000 impl=g-rabenseifner-subgroup-4
6: Starting numprocs=8 N=2000, M=2000 impl=g-rabenseifner-subgroup-4
5: Starting numprocs=8 N=2000, M=2000 impl=g-rabenseifner-subgroup-4
1: Starting numprocs=8 N=2000, M=2000 impl=g-rabenseifner-subgroup-4
3: Starting numprocs=8 N=2000, M=2000 impl=g-rabenseifner-subgroup-4
0: Starting numprocs=8 N=2000, M=2000 impl=g-rabenseifner-subgroup-4
Iteration 0
time: 0.038699s
Iteration 1
time: 0.029172s
Iteration 2
time: 0.030357s
Iteration 3
time: 0.030505s
Iteration 4
time: 0.030863s
Iteration 5
time: 0.028810s
Iteration 6
time: 0.028834s
Iteration 7
time: 0.028860s
Iteration 8
time: 0.029146s
Iteration 9
time: 0.029428s
Iteration 10
time: 0.028714s
Iteration 11
time: 0.028430s
Iteration 12
time: 0.028968s
Iteration 13
time: 0.028669s
Iteration 14
time: 0.029116s
Iteration 15
time: 0.029195s
Iteration 16
time: 0.029028s
Iteration 17
time: 0.028772s
Iteration 18
time: 0.028723s
Iteration 19
time: 0.028783s
Iteration 20
time: 0.028813s
Iteration 21
time: 0.028490s
Iteration 22
time: 0.028861s
Iteration 23
time: 0.028440s
Iteration 24
time: 0.029429s
4: Starting numprocs=8 N=2000, M=2000 impl=g-rabenseifner-subgroup-8
7: Starting numprocs=8 N=2000, M=2000 impl=g-rabenseifner-subgroup-8
2: Starting numprocs=8 N=2000, M=2000 impl=g-rabenseifner-subgroup-8
6: Starting numprocs=8 N=2000, M=2000 impl=g-rabenseifner-subgroup-8
1: Starting numprocs=8 N=2000, M=2000 impl=g-rabenseifner-subgroup-8
5: Starting numprocs=8 N=2000, M=2000 impl=g-rabenseifner-subgroup-8
3: Starting numprocs=8 N=2000, M=2000 impl=g-rabenseifner-subgroup-8
0: Starting numprocs=8 N=2000, M=2000 impl=g-rabenseifner-subgroup-8
Iteration 0
time: 0.039426s
Iteration 1
time: 0.029307s
Iteration 2
time: 0.029605s
Iteration 3
time: 0.029527s
Iteration 4
time: 0.029231s
Iteration 5
time: 0.029320s
Iteration 6
time: 0.029879s
Iteration 7
time: 0.029541s
Iteration 8
time: 0.029715s
Iteration 9
time: 0.029818s
Iteration 10
time: 0.030306s
Iteration 11
time: 0.029900s
Iteration 12
time: 0.030335s
Iteration 13
time: 0.030154s
Iteration 14
time: 0.031526s
Iteration 15
time: 0.030214s
Iteration 16
time: 0.030351s
Iteration 17
time: 0.030528s
Iteration 18
time: 0.030449s
Iteration 19
time: 0.029547s
Iteration 20
time: 0.030539s
Iteration 21
time: 0.031891s
Iteration 22
time: 0.031122s
Iteration 23
time: 0.030849s
Iteration 24
time: 0.030937s
2: Starting numprocs=8 N=3000, M=3000 impl=allgather
7: Starting numprocs=8 N=3000, M=3000 impl=allgather
4: Starting numprocs=8 N=3000, M=3000 impl=allgather
5: Starting numprocs=8 N=3000, M=3000 impl=allgather
6: Starting numprocs=8 N=3000, M=3000 impl=allgather
0: Starting numprocs=8 N=3000, M=3000 impl=allgather
Iteration 0
1: Starting numprocs=8 N=3000, M=3000 impl=allgather
3: Starting numprocs=8 N=3000, M=3000 impl=allgather
time: 0.102674s
Iteration 1
time: 0.089072s
Iteration 2
time: 0.093213s
Iteration 3
time: 0.077721s
Iteration 4
time: 0.089803s
Iteration 5
time: 0.083501s
Iteration 6
time: 0.102154s
Iteration 7
time: 0.091395s
Iteration 8
time: 0.085318s
Iteration 9
time: 0.101053s
Iteration 10
time: 0.098421s
Iteration 11
time: 0.104455s
Iteration 12
time: 0.083779s
Iteration 13
time: 0.081479s
Iteration 14
time: 0.079431s
Iteration 15
time: 0.081668s
Iteration 16
time: 0.078167s
Iteration 17
time: 0.078747s
Iteration 18
time: 0.086406s
Iteration 19
time: 0.144753s
Iteration 20
time: 0.105476s
Iteration 21
time: 0.110767s
Iteration 22
time: 0.091312s
Iteration 23
time: 0.093184s
Iteration 24
time: 0.101376s
2: Starting numprocs=8 N=3000, M=3000 impl=allreduce
4: Starting numprocs=8 N=3000, M=3000 impl=allreduce
7: Starting numprocs=8 N=3000, M=3000 impl=allreduce
6: Starting numprocs=8 N=3000, M=3000 impl=allreduce
1: Starting numprocs=8 N=3000, M=3000 impl=allreduce
0: Starting numprocs=8 N=3000, M=3000 impl=allreduce
Iteration 0
5: Starting numprocs=8 N=3000, M=3000 impl=allreduce
3: Starting numprocs=8 N=3000, M=3000 impl=allreduce
time: 0.220699s
Iteration 1
time: 0.188691s
Iteration 2
time: 0.184922s
Iteration 3
time: 0.196407s
Iteration 4
time: 0.185837s
Iteration 5
time: 0.189853s
Iteration 6
time: 0.187958s
Iteration 7
time: 0.189026s
Iteration 8
time: 0.194141s
Iteration 9
time: 0.186232s
Iteration 10
time: 0.192117s
Iteration 11
time: 0.193824s
Iteration 12
time: 0.188097s
Iteration 13
time: 0.188902s
Iteration 14
time: 0.185868s
Iteration 15
time: 0.185332s
Iteration 16
time: 0.194449s
Iteration 17
time: 0.193613s
Iteration 18
time: 0.198482s
Iteration 19
time: 0.197188s
Iteration 20
time: 0.202068s
Iteration 21
time: 0.184678s
Iteration 22
time: 0.185512s
Iteration 23
time: 0.187112s
Iteration 24
time: 0.190432s
4: Starting numprocs=8 N=3000, M=3000 impl=allreduce-ring
7: Starting numprocs=8 N=3000, M=3000 impl=allreduce-ring
2: Starting numprocs=8 N=3000, M=3000 impl=allreduce-ring
5: Starting numprocs=8 N=3000, M=3000 impl=allreduce-ring
1: Starting numprocs=8 N=3000, M=3000 impl=allreduce-ring
0: Starting numprocs=8 N=3000, M=3000 impl=allreduce-ring
Iteration 0
6: Starting numprocs=8 N=3000, M=3000 impl=allreduce-ring
3: Starting numprocs=8 N=3000, M=3000 impl=allreduce-ring
time: 0.143648s
Iteration 1
time: 0.124064s
Iteration 2
time: 0.126114s
Iteration 3
time: 0.126236s
Iteration 4
time: 0.135084s
Iteration 5
time: 0.125614s
Iteration 6
time: 0.125631s
Iteration 7
time: 0.126030s
Iteration 8
time: 0.123433s
Iteration 9
time: 0.127341s
Iteration 10
time: 0.127931s
Iteration 11
time: 0.133626s
Iteration 12
time: 0.122680s
Iteration 13
time: 0.124951s
Iteration 14
time: 0.123022s
Iteration 15
time: 0.121505s
Iteration 16
time: 0.122914s
Iteration 17
time: 0.123878s
Iteration 18
time: 0.124804s
Iteration 19
time: 0.126363s
Iteration 20
time: 0.124575s
Iteration 21
time: 0.139365s
Iteration 22
time: 0.127796s
Iteration 23
time: 0.121587s
Iteration 24
time: 0.123197s
2: Starting numprocs=8 N=3000, M=3000 impl=g-rabenseifner-allgather
7: Starting numprocs=8 N=3000, M=3000 impl=g-rabenseifner-allgather
6: Starting numprocs=8 N=3000, M=3000 impl=g-rabenseifner-allgather
4: Starting numprocs=8 N=3000, M=3000 impl=g-rabenseifner-allgather
5: Starting numprocs=8 N=3000, M=3000 impl=g-rabenseifner-allgather
3: Starting numprocs=8 N=3000, M=3000 impl=g-rabenseifner-allgather
0: Starting numprocs=8 N=3000, M=3000 impl=g-rabenseifner-allgather
Iteration 0
1: Starting numprocs=8 N=3000, M=3000 impl=g-rabenseifner-allgather
time: 0.078100s
Iteration 1
time: 0.061813s
Iteration 2
time: 0.061676s
Iteration 3
time: 0.061638s
Iteration 4
time: 0.061446s
Iteration 5
time: 0.061456s
Iteration 6
time: 0.061723s
Iteration 7
time: 0.062162s
Iteration 8
time: 0.061658s
Iteration 9
time: 0.062376s
Iteration 10
time: 0.061404s
Iteration 11
time: 0.061590s
Iteration 12
time: 0.061290s
Iteration 13
time: 0.061706s
Iteration 14
time: 0.061895s
Iteration 15
time: 0.061637s
Iteration 16
time: 0.061714s
Iteration 17
time: 0.061639s
Iteration 18
time: 0.062114s
Iteration 19
time: 0.062005s
Iteration 20
time: 0.062261s
Iteration 21
time: 0.061870s
Iteration 22
time: 0.061535s
Iteration 23
time: 0.061880s
Iteration 24
time: 0.061711s
2: Starting numprocs=8 N=3000, M=3000 impl=g-rabenseifner-subgroup-2
4: Starting numprocs=8 N=3000, M=3000 impl=g-rabenseifner-subgroup-2
7: Starting numprocs=8 N=3000, M=3000 impl=g-rabenseifner-subgroup-2
6: Starting numprocs=8 N=3000, M=3000 impl=g-rabenseifner-subgroup-2
3: Starting numprocs=8 N=3000, M=3000 impl=g-rabenseifner-subgroup-2
5: Starting numprocs=8 N=3000, M=3000 impl=g-rabenseifner-subgroup-2
1: Starting numprocs=8 N=3000, M=3000 impl=g-rabenseifner-subgroup-2
0: Starting numprocs=8 N=3000, M=3000 impl=g-rabenseifner-subgroup-2
Iteration 0
time: 0.086618s
Iteration 1
time: 0.063122s
Iteration 2
time: 0.063460s
Iteration 3
time: 0.062071s
Iteration 4
time: 0.062437s
Iteration 5
time: 0.062320s
Iteration 6
time: 0.062219s
Iteration 7
time: 0.062686s
Iteration 8
time: 0.063315s
Iteration 9
time: 0.063070s
Iteration 10
time: 0.062575s
Iteration 11
time: 0.062517s
Iteration 12
time: 0.062371s
Iteration 13
time: 0.062628s
Iteration 14
time: 0.062105s
Iteration 15
time: 0.062725s
Iteration 16
time: 0.064031s
Iteration 17
time: 0.062924s
Iteration 18
time: 0.062569s
Iteration 19
time: 0.062952s
Iteration 20
time: 0.070980s
Iteration 21
time: 0.062766s
Iteration 22
time: 0.063026s
Iteration 23
time: 0.062952s
Iteration 24
time: 0.063612s
2: Starting numprocs=8 N=3000, M=3000 impl=g-rabenseifner-subgroup-4
4: Starting numprocs=8 N=3000, M=3000 impl=g-rabenseifner-subgroup-4
6: Starting numprocs=8 N=3000, M=3000 impl=g-rabenseifner-subgroup-4
7: Starting numprocs=8 N=3000, M=3000 impl=g-rabenseifner-subgroup-4
5: Starting numprocs=8 N=3000, M=3000 impl=g-rabenseifner-subgroup-4
1: Starting numprocs=8 N=3000, M=3000 impl=g-rabenseifner-subgroup-4
0: Starting numprocs=8 N=3000, M=3000 impl=g-rabenseifner-subgroup-4
Iteration 0
3: Starting numprocs=8 N=3000, M=3000 impl=g-rabenseifner-subgroup-4
time: 0.078982s
Iteration 1
time: 0.064056s
Iteration 2
time: 0.063617s
Iteration 3
time: 0.065177s
Iteration 4
time: 0.064664s
Iteration 5
time: 0.065173s
Iteration 6
time: 0.067858s
Iteration 7
time: 0.065590s
Iteration 8
time: 0.066201s
Iteration 9
time: 0.064728s
Iteration 10
time: 0.064799s
Iteration 11
time: 0.065551s
Iteration 12
time: 0.065219s
Iteration 13
time: 0.067390s
Iteration 14
time: 0.066661s
Iteration 15
time: 0.066085s
Iteration 16
time: 0.065893s
Iteration 17
time: 0.066771s
Iteration 18
time: 0.067082s
Iteration 19
time: 0.063990s
Iteration 20
time: 0.063678s
Iteration 21
time: 0.064268s
Iteration 22
time: 0.063916s
Iteration 23
time: 0.063364s
Iteration 24
time: 0.063713s
2: Starting numprocs=8 N=3000, M=3000 impl=g-rabenseifner-subgroup-8
4: Starting numprocs=8 N=3000, M=3000 impl=g-rabenseifner-subgroup-8
7: Starting numprocs=8 N=3000, M=3000 impl=g-rabenseifner-subgroup-8
1: Starting numprocs=8 N=3000, M=3000 impl=g-rabenseifner-subgroup-8
6: Starting numprocs=8 N=3000, M=3000 impl=g-rabenseifner-subgroup-8
5: Starting numprocs=8 N=3000, M=3000 impl=g-rabenseifner-subgroup-8
3: Starting numprocs=8 N=3000, M=3000 impl=g-rabenseifner-subgroup-8
0: Starting numprocs=8 N=3000, M=3000 impl=g-rabenseifner-subgroup-8
Iteration 0
time: 0.079045s
Iteration 1
time: 0.070404s
Iteration 2
time: 0.070695s
Iteration 3
time: 0.071020s
Iteration 4
time: 0.074690s
Iteration 5
time: 0.070226s
Iteration 6
time: 0.070046s
Iteration 7
time: 0.069949s
Iteration 8
time: 0.070529s
Iteration 9
time: 0.076486s
Iteration 10
time: 0.072266s
Iteration 11
time: 0.069208s
Iteration 12
time: 0.068947s
Iteration 13
time: 0.067868s
Iteration 14
time: 0.067216s
Iteration 15
time: 0.070162s
Iteration 16
time: 0.071895s
Iteration 17
time: 0.069041s
Iteration 18
time: 0.071021s
Iteration 19
time: 0.070071s
Iteration 20
time: 0.070174s
Iteration 21
time: 0.070390s
Iteration 22
time: 0.072710s
Iteration 23
time: 0.069613s
Iteration 24
time: 0.074602s
7: Starting numprocs=8 N=4000, M=4000 impl=allgather
2: Starting numprocs=8 N=4000, M=4000 impl=allgather
5: Starting numprocs=8 N=4000, M=4000 impl=allgather
6: Starting numprocs=8 N=4000, M=4000 impl=allgather
4: Starting numprocs=8 N=4000, M=4000 impl=allgather
1: Starting numprocs=8 N=4000, M=4000 impl=allgather
3: Starting numprocs=8 N=4000, M=4000 impl=allgather
0: Starting numprocs=8 N=4000, M=4000 impl=allgather
Iteration 0
time: 0.195061s
Iteration 1
time: 0.216120s
Iteration 2
time: 0.212436s
Iteration 3
time: 0.194690s
Iteration 4
time: 0.169070s
Iteration 5
time: 0.180914s
Iteration 6
time: 0.171150s
Iteration 7
time: 0.169046s
Iteration 8
time: 0.183364s
Iteration 9
time: 0.216158s
Iteration 10
time: 0.216039s
Iteration 11
time: 0.167386s
Iteration 12
time: 0.167075s
Iteration 13
time: 0.171334s
Iteration 14
time: 0.208208s
Iteration 15
time: 0.215471s
Iteration 16
time: 0.176502s
Iteration 17
time: 0.185403s
Iteration 18
time: 0.195436s
Iteration 19
time: 0.174301s
Iteration 20
time: 0.172182s
Iteration 21
time: 0.158142s
Iteration 22
time: 0.164986s
Iteration 23
time: 0.170546s
Iteration 24
time: 0.185085s
2: Starting numprocs=8 N=4000, M=4000 impl=allreduce
4: Starting numprocs=8 N=4000, M=4000 impl=allreduce
7: Starting numprocs=8 N=4000, M=4000 impl=allreduce
6: Starting numprocs=8 N=4000, M=4000 impl=allreduce
1: Starting numprocs=8 N=4000, M=4000 impl=allreduce
5: Starting numprocs=8 N=4000, M=4000 impl=allreduce
0: Starting numprocs=8 N=4000, M=4000 impl=allreduce
Iteration 0
3: Starting numprocs=8 N=4000, M=4000 impl=allreduce
time: 0.374965s
Iteration 1
time: 0.338953s
Iteration 2
time: 0.345765s
Iteration 3
time: 0.340202s
Iteration 4
time: 0.329488s
Iteration 5
time: 0.352617s
Iteration 6
time: 0.351450s
Iteration 7
time: 0.335369s
Iteration 8
time: 0.343071s
Iteration 9
time: 0.332835s
Iteration 10
time: 0.333725s
Iteration 11
time: 0.345186s
Iteration 12
time: 0.333411s
Iteration 13
time: 0.346890s
Iteration 14
time: 0.364172s
Iteration 15
time: 0.342381s
Iteration 16
time: 0.328629s
Iteration 17
time: 0.340363s
Iteration 18
time: 0.336452s
Iteration 19
time: 0.343613s
Iteration 20
time: 0.344362s
Iteration 21
time: 0.346090s
Iteration 22
time: 0.340289s
Iteration 23
time: 0.336823s
Iteration 24
time: 0.345177s
4: Starting numprocs=8 N=4000, M=4000 impl=allreduce-ring
2: Starting numprocs=8 N=4000, M=4000 impl=allreduce-ring
7: Starting numprocs=8 N=4000, M=4000 impl=allreduce-ring
5: Starting numprocs=8 N=4000, M=4000 impl=allreduce-ring
3: Starting numprocs=8 N=4000, M=4000 impl=allreduce-ring
6: Starting numprocs=8 N=4000, M=4000 impl=allreduce-ring
1: Starting numprocs=8 N=4000, M=4000 impl=allreduce-ring
0: Starting numprocs=8 N=4000, M=4000 impl=allreduce-ring
Iteration 0
time: 0.265326s
Iteration 1
time: 0.225813s
Iteration 2
time: 0.224778s
Iteration 3
time: 0.224694s
Iteration 4
time: 0.223715s
Iteration 5
time: 0.237113s
Iteration 6
time: 0.222266s
Iteration 7
time: 0.224383s
Iteration 8
time: 0.232361s
Iteration 9
time: 0.229820s
Iteration 10
time: 0.224337s
Iteration 11
time: 0.226827s
Iteration 12
time: 0.227124s
Iteration 13
time: 0.223476s
Iteration 14
time: 0.222284s
Iteration 15
time: 0.233719s
Iteration 16
time: 0.226226s
Iteration 17
time: 0.220459s
Iteration 18
time: 0.224585s
Iteration 19
time: 0.235185s
Iteration 20
time: 0.228367s
Iteration 21
time: 0.225944s
Iteration 22
time: 0.221123s
Iteration 23
time: 0.225798s
Iteration 24
time: 0.226355s
2: Starting numprocs=8 N=4000, M=4000 impl=g-rabenseifner-allgather
4: Starting numprocs=8 N=4000, M=4000 impl=g-rabenseifner-allgather
7: Starting numprocs=8 N=4000, M=4000 impl=g-rabenseifner-allgather
6: Starting numprocs=8 N=4000, M=4000 impl=g-rabenseifner-allgather
3: Starting numprocs=8 N=4000, M=4000 impl=g-rabenseifner-allgather
1: Starting numprocs=8 N=4000, M=4000 impl=g-rabenseifner-allgather
5: Starting numprocs=8 N=4000, M=4000 impl=g-rabenseifner-allgather
0: Starting numprocs=8 N=4000, M=4000 impl=g-rabenseifner-allgather
Iteration 0
time: 0.125386s
Iteration 1
time: 0.109579s
Iteration 2
time: 0.108699s
Iteration 3
time: 0.109649s
Iteration 4
time: 0.109300s
Iteration 5
time: 0.109165s
Iteration 6
time: 0.108824s
Iteration 7
time: 0.108918s
Iteration 8
time: 0.110066s
Iteration 9
time: 0.109964s
Iteration 10
time: 0.108992s
Iteration 11
time: 0.109422s
Iteration 12
time: 0.110243s
Iteration 13
time: 0.108886s
Iteration 14
time: 0.108778s
Iteration 15
time: 0.110167s
Iteration 16
time: 0.108960s
Iteration 17
time: 0.109493s
Iteration 18
time: 0.109195s
Iteration 19
time: 0.109404s
Iteration 20
time: 0.109542s
Iteration 21
time: 0.110318s
Iteration 22
time: 0.108625s
Iteration 23
time: 0.110580s
Iteration 24
time: 0.108848s
7: Starting numprocs=8 N=4000, M=4000 impl=g-rabenseifner-subgroup-2
2: Starting numprocs=8 N=4000, M=4000 impl=g-rabenseifner-subgroup-2
6: Starting numprocs=8 N=4000, M=4000 impl=g-rabenseifner-subgroup-2
5: Starting numprocs=8 N=4000, M=4000 impl=g-rabenseifner-subgroup-2
4: Starting numprocs=8 N=4000, M=4000 impl=g-rabenseifner-subgroup-2
0: Starting numprocs=8 N=4000, M=4000 impl=g-rabenseifner-subgroup-2
Iteration 0
1: Starting numprocs=8 N=4000, M=4000 impl=g-rabenseifner-subgroup-2
3: Starting numprocs=8 N=4000, M=4000 impl=g-rabenseifner-subgroup-2
time: 0.138615s
Iteration 1
time: 0.112011s
Iteration 2
time: 0.110744s
Iteration 3
time: 0.113517s
Iteration 4
time: 0.112104s
Iteration 5
time: 0.110092s
Iteration 6
time: 0.109750s
Iteration 7
time: 0.109761s
Iteration 8
time: 0.111025s
Iteration 9
time: 0.110014s
Iteration 10
time: 0.110682s
Iteration 11
time: 0.109859s
Iteration 12
time: 0.110497s
Iteration 13
time: 0.112534s
Iteration 14
time: 0.111479s
Iteration 15
time: 0.112816s
Iteration 16
time: 0.113343s
Iteration 17
time: 0.120877s
Iteration 18
time: 0.110153s
Iteration 19
time: 0.109796s
Iteration 20
time: 0.110407s
Iteration 21
time: 0.111081s
Iteration 22
time: 0.111276s
Iteration 23
time: 0.110517s
Iteration 24
time: 0.112024s
2: Starting numprocs=8 N=4000, M=4000 impl=g-rabenseifner-subgroup-4
7: Starting numprocs=8 N=4000, M=4000 impl=g-rabenseifner-subgroup-4
6: Starting numprocs=8 N=4000, M=4000 impl=g-rabenseifner-subgroup-4
4: Starting numprocs=8 N=4000, M=4000 impl=g-rabenseifner-subgroup-4
1: Starting numprocs=8 N=4000, M=4000 impl=g-rabenseifner-subgroup-4
5: Starting numprocs=8 N=4000, M=4000 impl=g-rabenseifner-subgroup-4
3: Starting numprocs=8 N=4000, M=4000 impl=g-rabenseifner-subgroup-4
0: Starting numprocs=8 N=4000, M=4000 impl=g-rabenseifner-subgroup-4
Iteration 0
time: 0.131122s
Iteration 1
time: 0.117334s
Iteration 2
time: 0.115387s
Iteration 3
time: 0.115129s
Iteration 4
time: 0.114161s
Iteration 5
time: 0.114749s
Iteration 6
time: 0.115859s
Iteration 7
time: 0.117971s
Iteration 8
time: 0.116630s
Iteration 9
time: 0.115450s
Iteration 10
time: 0.114454s
Iteration 11
time: 0.114272s
Iteration 12
time: 0.113993s
Iteration 13
time: 0.114483s
Iteration 14
time: 0.118169s
Iteration 15
time: 0.115060s
Iteration 16
time: 0.114611s
Iteration 17
time: 0.116386s
Iteration 18
time: 0.119203s
Iteration 19
time: 0.117114s
Iteration 20
time: 0.116789s
Iteration 21
time: 0.114394s
Iteration 22
time: 0.115961s
Iteration 23
time: 0.112891s
Iteration 24
time: 0.114001s
7: Starting numprocs=8 N=4000, M=4000 impl=g-rabenseifner-subgroup-8
2: Starting numprocs=8 N=4000, M=4000 impl=g-rabenseifner-subgroup-8
4: Starting numprocs=8 N=4000, M=4000 impl=g-rabenseifner-subgroup-8
6: Starting numprocs=8 N=4000, M=4000 impl=g-rabenseifner-subgroup-8
3: Starting numprocs=8 N=4000, M=4000 impl=g-rabenseifner-subgroup-8
1: Starting numprocs=8 N=4000, M=4000 impl=g-rabenseifner-subgroup-8
5: Starting numprocs=8 N=4000, M=4000 impl=g-rabenseifner-subgroup-8
0: Starting numprocs=8 N=4000, M=4000 impl=g-rabenseifner-subgroup-8
Iteration 0
time: 0.139545s
Iteration 1
time: 0.131405s
Iteration 2
time: 0.125060s
Iteration 3
time: 0.124827s
Iteration 4
time: 0.127246s
Iteration 5
time: 0.129208s
Iteration 6
time: 0.126125s
Iteration 7
time: 0.125024s
Iteration 8
time: 0.123020s
Iteration 9
time: 0.128614s
Iteration 10
time: 0.122774s
Iteration 11
time: 0.121304s
Iteration 12
time: 0.125249s
Iteration 13
time: 0.123823s
Iteration 14
time: 0.122312s
Iteration 15
time: 0.121670s
Iteration 16
time: 0.123762s
Iteration 17
time: 0.126329s
Iteration 18
time: 0.123696s
Iteration 19
time: 0.128316s
Iteration 20
time: 0.122925s
Iteration 21
time: 0.122343s
Iteration 22
time: 0.124306s
Iteration 23
time: 0.126602s
Iteration 24
time: 0.126650s
2: Starting numprocs=8 N=5000, M=5000 impl=allgather
4: Starting numprocs=8 N=5000, M=5000 impl=allgather
7: Starting numprocs=8 N=5000, M=5000 impl=allgather
6: Starting numprocs=8 N=5000, M=5000 impl=allgather
5: Starting numprocs=8 N=5000, M=5000 impl=allgather
3: Starting numprocs=8 N=5000, M=5000 impl=allgather
1: Starting numprocs=8 N=5000, M=5000 impl=allgather
0: Starting numprocs=8 N=5000, M=5000 impl=allgather
Iteration 0
time: 0.288608s
Iteration 1
time: 0.308243s
Iteration 2
time: 0.266889s
Iteration 3
time: 0.257079s
Iteration 4
time: 0.299189s
Iteration 5
time: 0.315751s
Iteration 6
time: 0.283295s
Iteration 7
time: 0.303304s
Iteration 8
time: 0.274393s
Iteration 9
time: 0.264684s
Iteration 10
time: 0.298482s
Iteration 11
time: 0.301409s
Iteration 12
time: 0.283868s
Iteration 13
time: 0.277945s
Iteration 14
time: 0.299793s
Iteration 15
time: 0.259827s
Iteration 16
time: 0.289037s
Iteration 17
time: 0.311428s
Iteration 18
time: 0.268739s
Iteration 19
time: 0.294167s
Iteration 20
time: 0.272981s
Iteration 21
time: 0.306743s
Iteration 22
time: 0.261750s
Iteration 23
time: 0.302048s
Iteration 24
time: 0.273389s
2: Starting numprocs=8 N=5000, M=5000 impl=allreduce
4: Starting numprocs=8 N=5000, M=5000 impl=allreduce
7: Starting numprocs=8 N=5000, M=5000 impl=allreduce
3: Starting numprocs=8 N=5000, M=5000 impl=allreduce
5: Starting numprocs=8 N=5000, M=5000 impl=allreduce
1: Starting numprocs=8 N=5000, M=5000 impl=allreduce
0: Starting numprocs=8 N=5000, M=5000 impl=allreduce
Iteration 0
6: Starting numprocs=8 N=5000, M=5000 impl=allreduce
time: 0.581920s
Iteration 1
time: 0.530655s
Iteration 2
time: 0.519894s
Iteration 3
time: 0.535418s
Iteration 4
time: 0.514418s
Iteration 5
time: 0.532619s
Iteration 6
time: 0.551806s
Iteration 7
time: 0.523781s
Iteration 8
time: 0.530464s
Iteration 9
time: 0.521217s
Iteration 10
time: 0.526857s
Iteration 11
time: 0.515532s
Iteration 12
time: 0.529457s
Iteration 13
time: 0.539966s
Iteration 14
time: 0.525063s
Iteration 15
time: 0.522471s
Iteration 16
time: 0.529483s
Iteration 17
time: 0.524165s
Iteration 18
time: 0.531428s
Iteration 19
time: 0.525740s
Iteration 20
time: 0.533694s
Iteration 21
time: 0.521402s
Iteration 22
time: 0.520222s
Iteration 23
time: 0.525511s
Iteration 24
time: 0.529414s
2: Starting numprocs=8 N=5000, M=5000 impl=allreduce-ring
4: Starting numprocs=8 N=5000, M=5000 impl=allreduce-ring
7: Starting numprocs=8 N=5000, M=5000 impl=allreduce-ring
6: Starting numprocs=8 N=5000, M=5000 impl=allreduce-ring
1: Starting numprocs=8 N=5000, M=5000 impl=allreduce-ring
3: Starting numprocs=8 N=5000, M=5000 impl=allreduce-ring
5: Starting numprocs=8 N=5000, M=5000 impl=allreduce-ring
0: Starting numprocs=8 N=5000, M=5000 impl=allreduce-ring
Iteration 0
time: 0.392625s
Iteration 1
time: 0.354112s
Iteration 2
time: 0.353581s
Iteration 3
time: 0.350611s
Iteration 4
time: 0.355353s
Iteration 5
time: 0.351688s
Iteration 6
time: 0.353221s
Iteration 7
time: 0.360176s
Iteration 8
time: 0.347805s
Iteration 9
time: 0.353578s
Iteration 10
time: 0.345764s
Iteration 11
time: 0.357542s
Iteration 12
time: 0.354987s
Iteration 13
time: 0.355191s
Iteration 14
time: 0.360195s
Iteration 15
time: 0.356795s
Iteration 16
time: 0.352195s
Iteration 17
time: 0.358081s
Iteration 18
time: 0.354792s
Iteration 19
time: 0.351011s
Iteration 20
time: 0.353894s
Iteration 21
time: 0.355504s
Iteration 22
time: 0.348308s
Iteration 23
time: 0.351612s
Iteration 24
time: 0.367770s
4: Starting numprocs=8 N=5000, M=5000 impl=g-rabenseifner-allgather
2: Starting numprocs=8 N=5000, M=5000 impl=g-rabenseifner-allgather
7: Starting numprocs=8 N=5000, M=5000 impl=g-rabenseifner-allgather
6: Starting numprocs=8 N=5000, M=5000 impl=g-rabenseifner-allgather
5: Starting numprocs=8 N=5000, M=5000 impl=g-rabenseifner-allgather
3: Starting numprocs=8 N=5000, M=5000 impl=g-rabenseifner-allgather
1: Starting numprocs=8 N=5000, M=5000 impl=g-rabenseifner-allgather
0: Starting numprocs=8 N=5000, M=5000 impl=g-rabenseifner-allgather
Iteration 0
time: 0.204311s
Iteration 1
time: 0.170235s
Iteration 2
time: 0.170059s
Iteration 3
time: 0.169466s
Iteration 4
time: 0.170803s
Iteration 5
time: 0.170886s
Iteration 6
time: 0.171030s
Iteration 7
time: 0.170978s
Iteration 8
time: 0.171670s
Iteration 9
time: 0.170145s
Iteration 10
time: 0.171883s
Iteration 11
time: 0.170227s
Iteration 12
time: 0.171706s
Iteration 13
time: 0.169910s
Iteration 14
time: 0.169393s
Iteration 15
time: 0.169928s
Iteration 16
time: 0.169922s
Iteration 17
time: 0.170777s
Iteration 18
time: 0.170687s
Iteration 19
time: 0.171051s
Iteration 20
time: 0.171131s
Iteration 21
time: 0.172831s
Iteration 22
time: 0.170109s
Iteration 23
time: 0.170598s
Iteration 24
time: 0.171103s
4: Starting numprocs=8 N=5000, M=5000 impl=g-rabenseifner-subgroup-2
2: Starting numprocs=8 N=5000, M=5000 impl=g-rabenseifner-subgroup-2
5: Starting numprocs=8 N=5000, M=5000 impl=g-rabenseifner-subgroup-2
7: Starting numprocs=8 N=5000, M=5000 impl=g-rabenseifner-subgroup-2
6: Starting numprocs=8 N=5000, M=5000 impl=g-rabenseifner-subgroup-2
3: Starting numprocs=8 N=5000, M=5000 impl=g-rabenseifner-subgroup-2
1: Starting numprocs=8 N=5000, M=5000 impl=g-rabenseifner-subgroup-2
0: Starting numprocs=8 N=5000, M=5000 impl=g-rabenseifner-subgroup-2
Iteration 0
time: 0.207440s
Iteration 1
time: 0.175152s
Iteration 2
time: 0.172236s
Iteration 3
time: 0.173405s
Iteration 4
time: 0.174356s
Iteration 5
time: 0.174449s
Iteration 6
time: 0.173723s
Iteration 7
time: 0.172250s
Iteration 8
time: 0.172401s
Iteration 9
time: 0.173309s
Iteration 10
time: 0.175996s
Iteration 11
time: 0.172224s
Iteration 12
time: 0.176825s
Iteration 13
time: 0.175429s
Iteration 14
time: 0.173347s
Iteration 15
time: 0.174721s
Iteration 16
time: 0.171683s
Iteration 17
time: 0.174136s
Iteration 18
time: 0.174502s
Iteration 19
time: 0.172667s
Iteration 20
time: 0.174552s
Iteration 21
time: 0.175710s
Iteration 22
time: 0.172467s
Iteration 23
time: 0.171504s
Iteration 24
time: 0.172880s
7: Starting numprocs=8 N=5000, M=5000 impl=g-rabenseifner-subgroup-4
4: Starting numprocs=8 N=5000, M=5000 impl=g-rabenseifner-subgroup-4
6: Starting numprocs=8 N=5000, M=5000 impl=g-rabenseifner-subgroup-4
2: Starting numprocs=8 N=5000, M=5000 impl=g-rabenseifner-subgroup-4
5: Starting numprocs=8 N=5000, M=5000 impl=g-rabenseifner-subgroup-4
3: Starting numprocs=8 N=5000, M=5000 impl=g-rabenseifner-subgroup-4
1: Starting numprocs=8 N=5000, M=5000 impl=g-rabenseifner-subgroup-4
0: Starting numprocs=8 N=5000, M=5000 impl=g-rabenseifner-subgroup-4
Iteration 0
time: 0.201126s
Iteration 1
time: 0.176973s
Iteration 2
time: 0.182156s
Iteration 3
time: 0.181292s
Iteration 4
time: 0.183169s
Iteration 5
time: 0.179106s
Iteration 6
time: 0.179360s
Iteration 7
time: 0.180887s
Iteration 8
time: 0.178900s
Iteration 9
time: 0.182495s
Iteration 10
time: 0.177808s
Iteration 11
time: 0.180481s
Iteration 12
time: 0.179424s
Iteration 13
time: 0.183312s
Iteration 14
time: 0.179541s
Iteration 15
time: 0.178161s
Iteration 16
time: 0.179843s
Iteration 17
time: 0.181272s
Iteration 18
time: 0.180434s
Iteration 19
time: 0.179054s
Iteration 20
time: 0.180330s
Iteration 21
time: 0.179782s
Iteration 22
time: 0.179452s
Iteration 23
time: 0.179570s
Iteration 24
time: 0.179389s
4: Starting numprocs=8 N=5000, M=5000 impl=g-rabenseifner-subgroup-8
2: Starting numprocs=8 N=5000, M=5000 impl=g-rabenseifner-subgroup-8
6: Starting numprocs=8 N=5000, M=5000 impl=g-rabenseifner-subgroup-8
7: Starting numprocs=8 N=5000, M=5000 impl=g-rabenseifner-subgroup-8
5: Starting numprocs=8 N=5000, M=5000 impl=g-rabenseifner-subgroup-8
1: Starting numprocs=8 N=5000, M=5000 impl=g-rabenseifner-subgroup-8
3: Starting numprocs=8 N=5000, M=5000 impl=g-rabenseifner-subgroup-8
0: Starting numprocs=8 N=5000, M=5000 impl=g-rabenseifner-subgroup-8
Iteration 0
time: 0.201519s
Iteration 1
time: 0.191806s
Iteration 2
time: 0.205566s
Iteration 3
time: 0.196737s
Iteration 4
time: 0.189763s
Iteration 5
time: 0.192026s
Iteration 6
time: 0.192925s
Iteration 7
time: 0.193575s
Iteration 8
time: 0.192723s
Iteration 9
time: 0.192288s
Iteration 10
time: 0.192298s
Iteration 11
time: 0.198110s
Iteration 12
time: 0.200374s
Iteration 13
time: 0.193416s
Iteration 14
time: 0.192595s
Iteration 15
time: 0.190916s
Iteration 16
time: 0.199235s
Iteration 17
time: 0.193169s
Iteration 18
time: 0.193659s
Iteration 19
time: 0.199965s
Iteration 20
time: 0.201921s
Iteration 21
time: 0.195394s
Iteration 22
time: 0.188533s
Iteration 23
time: 0.197025s
Iteration 24
time: 0.193514s
7: Starting numprocs=8 N=6000, M=6000 impl=allgather
2: Starting numprocs=8 N=6000, M=6000 impl=allgather
6: Starting numprocs=8 N=6000, M=6000 impl=allgather
4: Starting numprocs=8 N=6000, M=6000 impl=allgather
1: Starting numprocs=8 N=6000, M=6000 impl=allgather
3: Starting numprocs=8 N=6000, M=6000 impl=allgather
5: Starting numprocs=8 N=6000, M=6000 impl=allgather
0: Starting numprocs=8 N=6000, M=6000 impl=allgather
Iteration 0
time: 0.395052s
Iteration 1
time: 0.403494s
Iteration 2
time: 0.431985s
Iteration 3
time: 0.397761s
Iteration 4
time: 0.385000s
Iteration 5
time: 0.402108s
Iteration 6
time: 0.397198s
Iteration 7
time: 0.366547s
Iteration 8
time: 0.372298s
Iteration 9
time: 0.387376s
Iteration 10
time: 0.423603s
Iteration 11
time: 0.355940s
Iteration 12
time: 0.381961s
Iteration 13
time: 0.379979s
Iteration 14
time: 0.391928s
Iteration 15
time: 0.368900s
Iteration 16
time: 0.375034s
Iteration 17
time: 0.433342s
Iteration 18
time: 0.388133s
Iteration 19
time: 0.357231s
Iteration 20
time: 0.383880s
Iteration 21
time: 0.398103s
Iteration 22
time: 0.395387s
Iteration 23
time: 0.357436s
Iteration 24
time: 0.380923s
2: Starting numprocs=8 N=6000, M=6000 impl=allreduce
4: Starting numprocs=8 N=6000, M=6000 impl=allreduce
7: Starting numprocs=8 N=6000, M=6000 impl=allreduce
5: Starting numprocs=8 N=6000, M=6000 impl=allreduce
3: Starting numprocs=8 N=6000, M=6000 impl=allreduce
1: Starting numprocs=8 N=6000, M=6000 impl=allreduce
6: Starting numprocs=8 N=6000, M=6000 impl=allreduce
0: Starting numprocs=8 N=6000, M=6000 impl=allreduce
Iteration 0
time: 0.872764s
Iteration 1
time: 0.755876s
Iteration 2
time: 0.752733s
Iteration 3
time: 0.759434s
Iteration 4
time: 0.767263s
Iteration 5
time: 0.744128s
Iteration 6
time: 0.769326s
Iteration 7
time: 0.746152s
Iteration 8
time: 0.747930s
Iteration 9
time: 0.744649s
Iteration 10
time: 0.756168s
Iteration 11
time: 0.760503s
Iteration 12
time: 0.754561s
Iteration 13
time: 0.742263s
Iteration 14
time: 0.761685s
Iteration 15
time: 0.764092s
Iteration 16
time: 0.761247s
Iteration 17
time: 0.747984s
Iteration 18
time: 0.762278s
Iteration 19
time: 0.756137s
Iteration 20
time: 0.772550s
Iteration 21
time: 0.741283s
Iteration 22
time: 0.763615s
Iteration 23
time: 0.756795s
Iteration 24
time: 0.771605s
2: Starting numprocs=8 N=6000, M=6000 impl=allreduce-ring
4: Starting numprocs=8 N=6000, M=6000 impl=allreduce-ring
7: Starting numprocs=8 N=6000, M=6000 impl=allreduce-ring
5: Starting numprocs=8 N=6000, M=6000 impl=allreduce-ring
6: Starting numprocs=8 N=6000, M=6000 impl=allreduce-ring
3: Starting numprocs=8 N=6000, M=6000 impl=allreduce-ring
1: Starting numprocs=8 N=6000, M=6000 impl=allreduce-ring
0: Starting numprocs=8 N=6000, M=6000 impl=allreduce-ring
Iteration 0
time: 0.702985s
Iteration 1
time: 0.578961s
Iteration 2
time: 0.597369s
Iteration 3
time: 0.586803s
Iteration 4
time: 0.587399s
Iteration 5
time: 0.588026s
Iteration 6
time: 0.587414s
Iteration 7
time: 0.598951s
Iteration 8
time: 0.597034s
Iteration 9
time: 0.603563s
Iteration 10
time: 0.588126s
Iteration 11
time: 0.591901s
Iteration 12
time: 0.600917s
Iteration 13
time: 0.599862s
Iteration 14
time: 0.598556s
Iteration 15
time: 0.577972s
Iteration 16
time: 0.595106s
Iteration 17
time: 0.585546s
Iteration 18
time: 0.594445s
Iteration 19
time: 0.593280s
Iteration 20
time: 0.596083s
Iteration 21
time: 0.580680s
Iteration 22
time: 0.588318s
Iteration 23
time: 0.589841s
Iteration 24
time: 0.595337s
2: Starting numprocs=8 N=6000, M=6000 impl=g-rabenseifner-allgather
4: Starting numprocs=8 N=6000, M=6000 impl=g-rabenseifner-allgather
5: Starting numprocs=8 N=6000, M=6000 impl=g-rabenseifner-allgather
7: Starting numprocs=8 N=6000, M=6000 impl=g-rabenseifner-allgather
1: Starting numprocs=8 N=6000, M=6000 impl=g-rabenseifner-allgather
0: Starting numprocs=8 N=6000, M=6000 impl=g-rabenseifner-allgather
Iteration 0
3: Starting numprocs=8 N=6000, M=6000 impl=g-rabenseifner-allgather
6: Starting numprocs=8 N=6000, M=6000 impl=g-rabenseifner-allgather
time: 0.287296s
Iteration 1
time: 0.244768s
Iteration 2
time: 0.245431s
Iteration 3
time: 0.246888s
Iteration 4
time: 0.245462s
Iteration 5
time: 0.245219s
Iteration 6
time: 0.257187s
Iteration 7
time: 0.246563s
Iteration 8
time: 0.244769s
Iteration 9
time: 0.246075s
Iteration 10
time: 0.244486s
Iteration 11
time: 0.246985s
Iteration 12
time: 0.243872s
Iteration 13
time: 0.245422s
Iteration 14
time: 0.245840s
Iteration 15
time: 0.245113s
Iteration 16
time: 0.247422s
Iteration 17
time: 0.248180s
Iteration 18
time: 0.249881s
Iteration 19
time: 0.245011s
Iteration 20
time: 0.244534s
Iteration 21
time: 0.246742s
Iteration 22
time: 0.245431s
Iteration 23
time: 0.245455s
Iteration 24
time: 0.245469s
2: Starting numprocs=8 N=6000, M=6000 impl=g-rabenseifner-subgroup-2
4: Starting numprocs=8 N=6000, M=6000 impl=g-rabenseifner-subgroup-2
6: Starting numprocs=8 N=6000, M=6000 impl=g-rabenseifner-subgroup-2
7: Starting numprocs=8 N=6000, M=6000 impl=g-rabenseifner-subgroup-2
1: Starting numprocs=8 N=6000, M=6000 impl=g-rabenseifner-subgroup-2
5: Starting numprocs=8 N=6000, M=6000 impl=g-rabenseifner-subgroup-2
0: Starting numprocs=8 N=6000, M=6000 impl=g-rabenseifner-subgroup-2
Iteration 0
3: Starting numprocs=8 N=6000, M=6000 impl=g-rabenseifner-subgroup-2
time: 0.297894s
Iteration 1
time: 0.248485s
Iteration 2
time: 0.250045s
Iteration 3
time: 0.252861s
Iteration 4
time: 0.247779s
Iteration 5
time: 0.250253s
Iteration 6
time: 0.250979s
Iteration 7
time: 0.250037s
Iteration 8
time: 0.251265s
Iteration 9
time: 0.250116s
Iteration 10
time: 0.251505s
Iteration 11
time: 0.251892s
Iteration 12
time: 0.249725s
Iteration 13
time: 0.248915s
Iteration 14
time: 0.251451s
Iteration 15
time: 0.248373s
Iteration 16
time: 0.252515s
Iteration 17
time: 0.248228s
Iteration 18
time: 0.251880s
Iteration 19
time: 0.250717s
Iteration 20
time: 0.248931s
Iteration 21
time: 0.251525s
Iteration 22
time: 0.251792s
Iteration 23
time: 0.247928s
Iteration 24
time: 0.253580s
2: Starting numprocs=8 N=6000, M=6000 impl=g-rabenseifner-subgroup-4
4: Starting numprocs=8 N=6000, M=6000 impl=g-rabenseifner-subgroup-4
7: Starting numprocs=8 N=6000, M=6000 impl=g-rabenseifner-subgroup-4
5: Starting numprocs=8 N=6000, M=6000 impl=g-rabenseifner-subgroup-4
6: Starting numprocs=8 N=6000, M=6000 impl=g-rabenseifner-subgroup-4
1: Starting numprocs=8 N=6000, M=6000 impl=g-rabenseifner-subgroup-4
3: Starting numprocs=8 N=6000, M=6000 impl=g-rabenseifner-subgroup-4
0: Starting numprocs=8 N=6000, M=6000 impl=g-rabenseifner-subgroup-4
Iteration 0
time: 0.288015s
Iteration 1
time: 0.259018s
Iteration 2
time: 0.260918s
Iteration 3
time: 0.257012s
Iteration 4
time: 0.262975s
Iteration 5
time: 0.256929s
Iteration 6
time: 0.260453s
Iteration 7
time: 0.260444s
Iteration 8
time: 0.259588s
Iteration 9
time: 0.258997s
Iteration 10
time: 0.262337s
Iteration 11
time: 0.260630s
Iteration 12
time: 0.262705s
Iteration 13
time: 0.258305s
Iteration 14
time: 0.263702s
Iteration 15
time: 0.264557s
Iteration 16
time: 0.259349s
Iteration 17
time: 0.257993s
Iteration 18
time: 0.258044s
Iteration 19
time: 0.260194s
Iteration 20
time: 0.258196s
Iteration 21
time: 0.260055s
Iteration 22
time: 0.262810s
Iteration 23
time: 0.260804s
Iteration 24
time: 0.260829s
2: Starting numprocs=8 N=6000, M=6000 impl=g-rabenseifner-subgroup-8
4: Starting numprocs=8 N=6000, M=6000 impl=g-rabenseifner-subgroup-8
6: Starting numprocs=8 N=6000, M=6000 impl=g-rabenseifner-subgroup-8
7: Starting numprocs=8 N=6000, M=6000 impl=g-rabenseifner-subgroup-8
3: Starting numprocs=8 N=6000, M=6000 impl=g-rabenseifner-subgroup-8
5: Starting numprocs=8 N=6000, M=6000 impl=g-rabenseifner-subgroup-8
1: Starting numprocs=8 N=6000, M=6000 impl=g-rabenseifner-subgroup-8
0: Starting numprocs=8 N=6000, M=6000 impl=g-rabenseifner-subgroup-8
Iteration 0
time: 0.290913s
Iteration 1
time: 0.285100s
Iteration 2
time: 0.278149s
Iteration 3
time: 0.277849s
Iteration 4
time: 0.278405s
Iteration 5
time: 0.276581s
Iteration 6
time: 0.277580s
Iteration 7
time: 0.281259s
Iteration 8
time: 0.274238s
Iteration 9
time: 0.277403s
Iteration 10
time: 0.290048s
Iteration 11
time: 0.279402s
Iteration 12
time: 0.277674s
Iteration 13
time: 0.282861s
Iteration 14
time: 0.279736s
Iteration 15
time: 0.281781s
Iteration 16
time: 0.288614s
Iteration 17
time: 0.269442s
Iteration 18
time: 0.280610s
Iteration 19
time: 0.279678s
Iteration 20
time: 0.280198s
Iteration 21
time: 0.282299s
Iteration 22
time: 0.278354s
Iteration 23
time: 0.273521s
Iteration 24
time: 0.283953s
7: Starting numprocs=8 N=7000, M=7000 impl=allgather
2: Starting numprocs=8 N=7000, M=7000 impl=allgather
4: Starting numprocs=8 N=7000, M=7000 impl=allgather
6: Starting numprocs=8 N=7000, M=7000 impl=allgather
3: Starting numprocs=8 N=7000, M=7000 impl=allgather
1: Starting numprocs=8 N=7000, M=7000 impl=allgather
5: Starting numprocs=8 N=7000, M=7000 impl=allgather
0: Starting numprocs=8 N=7000, M=7000 impl=allgather
Iteration 0
time: 0.529852s
Iteration 1
time: 0.539563s
Iteration 2
time: 0.528285s
Iteration 3
time: 0.511016s
Iteration 4
time: 0.556295s
Iteration 5
time: 0.498540s
Iteration 6
time: 0.541099s
Iteration 7
time: 0.561818s
Iteration 8
time: 0.492104s
Iteration 9
time: 0.533031s
Iteration 10
time: 0.524951s
Iteration 11
time: 0.545082s
Iteration 12
time: 0.555623s
Iteration 13
time: 0.551716s
Iteration 14
time: 0.560823s
Iteration 15
time: 0.571236s
Iteration 16
time: 0.513628s
Iteration 17
time: 0.582750s
Iteration 18
time: 0.554702s
Iteration 19
time: 0.554898s
Iteration 20
time: 0.530869s
Iteration 21
time: 0.520501s
Iteration 22
time: 0.498328s
Iteration 23
time: 0.565550s
Iteration 24
time: 0.504795s
4: Starting numprocs=8 N=7000, M=7000 impl=allreduce
7: Starting numprocs=8 N=7000, M=7000 impl=allreduce
2: Starting numprocs=8 N=7000, M=7000 impl=allreduce
6: Starting numprocs=8 N=7000, M=7000 impl=allreduce
5: Starting numprocs=8 N=7000, M=7000 impl=allreduce
3: Starting numprocs=8 N=7000, M=7000 impl=allreduce
1: Starting numprocs=8 N=7000, M=7000 impl=allreduce
0: Starting numprocs=8 N=7000, M=7000 impl=allreduce
Iteration 0
time: 1.119363s
Iteration 1
time: 1.045008s
Iteration 2
time: 1.032670s
Iteration 3
time: 1.036757s
Iteration 4
time: 1.036137s
Iteration 5
time: 1.050124s
Iteration 6
time: 1.025426s
Iteration 7
time: 1.033163s
Iteration 8
time: 1.041406s
Iteration 9
time: 1.034077s
Iteration 10
time: 1.025234s
Iteration 11
time: 1.021704s
Iteration 12
time: 1.032742s
Iteration 13
time: 1.019077s
Iteration 14
time: 1.015330s
Iteration 15
time: 1.044070s
Iteration 16
time: 1.012484s
Iteration 17
time: 1.018303s
Iteration 18
time: 1.010070s
Iteration 19
time: 1.030324s
Iteration 20
time: 1.028010s
Iteration 21
time: 1.019434s
Iteration 22
time: 1.041224s
Iteration 23
time: 1.030941s
Iteration 24
time: 1.035452s
2: Starting numprocs=8 N=7000, M=7000 impl=allreduce-ring
7: Starting numprocs=8 N=7000, M=7000 impl=allreduce-ring
4: Starting numprocs=8 N=7000, M=7000 impl=allreduce-ring
6: Starting numprocs=8 N=7000, M=7000 impl=allreduce-ring
1: Starting numprocs=8 N=7000, M=7000 impl=allreduce-ring
5: Starting numprocs=8 N=7000, M=7000 impl=allreduce-ring
3: Starting numprocs=8 N=7000, M=7000 impl=allreduce-ring
0: Starting numprocs=8 N=7000, M=7000 impl=allreduce-ring
Iteration 0
time: 0.936862s
Iteration 1
time: 0.793385s
Iteration 2
time: 0.810142s
Iteration 3
time: 0.804154s
Iteration 4
time: 0.807623s
Iteration 5
time: 0.807755s
Iteration 6
time: 0.801806s
Iteration 7
time: 0.806984s
Iteration 8
time: 0.807502s
Iteration 9
time: 0.809620s
Iteration 10
time: 0.802851s
Iteration 11
time: 0.804690s
Iteration 12
time: 0.799612s
Iteration 13
time: 0.809076s
Iteration 14
time: 0.802947s
Iteration 15
time: 0.788381s
Iteration 16
time: 0.816857s
Iteration 17
time: 0.792627s
Iteration 18
time: 0.802968s
Iteration 19
time: 0.812309s
Iteration 20
time: 0.804112s
Iteration 21
time: 0.796711s
Iteration 22
time: 0.795344s
Iteration 23
time: 0.793344s
Iteration 24
time: 0.803017s
2: Starting numprocs=8 N=7000, M=7000 impl=g-rabenseifner-allgather
7: Starting numprocs=8 N=7000, M=7000 impl=g-rabenseifner-allgather
4: Starting numprocs=8 N=7000, M=7000 impl=g-rabenseifner-allgather
6: Starting numprocs=8 N=7000, M=7000 impl=g-rabenseifner-allgather
3: Starting numprocs=8 N=7000, M=7000 impl=g-rabenseifner-allgather
5: Starting numprocs=8 N=7000, M=7000 impl=g-rabenseifner-allgather
1: Starting numprocs=8 N=7000, M=7000 impl=g-rabenseifner-allgather
0: Starting numprocs=8 N=7000, M=7000 impl=g-rabenseifner-allgather
Iteration 0
time: 0.382469s
Iteration 1
time: 0.334767s
Iteration 2
time: 0.335458s
Iteration 3
time: 0.337876s
Iteration 4
time: 0.332606s
Iteration 5
time: 0.334405s
Iteration 6
time: 0.334210s
Iteration 7
time: 0.334787s
Iteration 8
time: 0.333915s
Iteration 9
time: 0.333350s
Iteration 10
time: 0.335486s
Iteration 11
time: 0.334432s
Iteration 12
time: 0.333954s
Iteration 13
time: 0.333879s
Iteration 14
time: 0.334573s
Iteration 15
time: 0.334619s
Iteration 16
time: 0.335423s
Iteration 17
time: 0.334152s
Iteration 18
time: 0.334272s
Iteration 19
time: 0.333204s
Iteration 20
time: 0.335486s
Iteration 21
time: 0.336163s
Iteration 22
time: 0.333531s
Iteration 23
time: 0.333357s
Iteration 24
time: 0.332585s
2: Starting numprocs=8 N=7000, M=7000 impl=g-rabenseifner-subgroup-2
4: Starting numprocs=8 N=7000, M=7000 impl=g-rabenseifner-subgroup-2
7: Starting numprocs=8 N=7000, M=7000 impl=g-rabenseifner-subgroup-2
6: Starting numprocs=8 N=7000, M=7000 impl=g-rabenseifner-subgroup-2
5: Starting numprocs=8 N=7000, M=7000 impl=g-rabenseifner-subgroup-2
3: Starting numprocs=8 N=7000, M=7000 impl=g-rabenseifner-subgroup-2
1: Starting numprocs=8 N=7000, M=7000 impl=g-rabenseifner-subgroup-2
0: Starting numprocs=8 N=7000, M=7000 impl=g-rabenseifner-subgroup-2
Iteration 0
time: 0.407914s
Iteration 1
time: 0.344118s
Iteration 2
time: 0.344290s
Iteration 3
time: 0.338487s
Iteration 4
time: 0.340723s
Iteration 5
time: 0.341785s
Iteration 6
time: 0.343315s
Iteration 7
time: 0.340755s
Iteration 8
time: 0.343460s
Iteration 9
time: 0.343076s
Iteration 10
time: 0.341401s
Iteration 11
time: 0.344385s
Iteration 12
time: 0.342016s
Iteration 13
time: 0.344807s
Iteration 14
time: 0.340744s
Iteration 15
time: 0.340116s
Iteration 16
time: 0.341208s
Iteration 17
time: 0.341085s
Iteration 18
time: 0.339726s
Iteration 19
time: 0.343431s
Iteration 20
time: 0.340587s
Iteration 21
time: 0.343222s
Iteration 22
time: 0.339254s
Iteration 23
time: 0.340630s
Iteration 24
time: 0.339964s
2: Starting numprocs=8 N=7000, M=7000 impl=g-rabenseifner-subgroup-4
7: Starting numprocs=8 N=7000, M=7000 impl=g-rabenseifner-subgroup-4
4: Starting numprocs=8 N=7000, M=7000 impl=g-rabenseifner-subgroup-4
6: Starting numprocs=8 N=7000, M=7000 impl=g-rabenseifner-subgroup-4
1: Starting numprocs=8 N=7000, M=7000 impl=g-rabenseifner-subgroup-4
3: Starting numprocs=8 N=7000, M=7000 impl=g-rabenseifner-subgroup-4
5: Starting numprocs=8 N=7000, M=7000 impl=g-rabenseifner-subgroup-4
0: Starting numprocs=8 N=7000, M=7000 impl=g-rabenseifner-subgroup-4
Iteration 0
time: 0.394963s
Iteration 1
time: 0.353443s
Iteration 2
time: 0.350402s
Iteration 3
time: 0.351078s
Iteration 4
time: 0.351539s
Iteration 5
time: 0.353451s
Iteration 6
time: 0.357491s
Iteration 7
time: 0.352899s
Iteration 8
time: 0.358894s
Iteration 9
time: 0.351781s
Iteration 10
time: 0.357104s
Iteration 11
time: 0.357924s
Iteration 12
time: 0.354188s
Iteration 13
time: 0.351918s
Iteration 14
time: 0.353206s
Iteration 15
time: 0.353733s
Iteration 16
time: 0.352426s
Iteration 17
time: 0.357164s
Iteration 18
time: 0.355755s
Iteration 19
time: 0.358780s
Iteration 20
time: 0.352767s
Iteration 21
time: 0.352075s
Iteration 22
time: 0.358009s
Iteration 23
time: 0.356447s
Iteration 24
time: 0.352484s
2: Starting numprocs=8 N=7000, M=7000 impl=g-rabenseifner-subgroup-8
4: Starting numprocs=8 N=7000, M=7000 impl=g-rabenseifner-subgroup-8
7: Starting numprocs=8 N=7000, M=7000 impl=g-rabenseifner-subgroup-8
6: Starting numprocs=8 N=7000, M=7000 impl=g-rabenseifner-subgroup-8
5: Starting numprocs=8 N=7000, M=7000 impl=g-rabenseifner-subgroup-8
1: Starting numprocs=8 N=7000, M=7000 impl=g-rabenseifner-subgroup-8
3: Starting numprocs=8 N=7000, M=7000 impl=g-rabenseifner-subgroup-8
0: Starting numprocs=8 N=7000, M=7000 impl=g-rabenseifner-subgroup-8
Iteration 0
time: 0.389712s
Iteration 1
time: 0.381365s
Iteration 2
time: 0.382568s
Iteration 3
time: 0.379633s
Iteration 4
time: 0.383048s
Iteration 5
time: 0.389652s
Iteration 6
time: 0.386090s
Iteration 7
time: 0.385580s
Iteration 8
time: 0.382949s
Iteration 9
time: 0.390340s
Iteration 10
time: 0.384507s
Iteration 11
time: 0.390247s
Iteration 12
time: 0.375850s
Iteration 13
time: 0.386517s
Iteration 14
time: 0.392953s
Iteration 15
time: 0.374184s
Iteration 16
time: 0.378416s
Iteration 17
time: 0.384870s
Iteration 18
time: 0.380450s
Iteration 19
time: 0.385711s
Iteration 20
time: 0.388865s
Iteration 21
time: 0.397291s
Iteration 22
time: 0.377851s
Iteration 23
time: 0.388119s
Iteration 24
time: 0.386050s
2: Starting numprocs=8 N=8000, M=8000 impl=allgather
7: Starting numprocs=8 N=8000, M=8000 impl=allgather
4: Starting numprocs=8 N=8000, M=8000 impl=allgather
6: Starting numprocs=8 N=8000, M=8000 impl=allgather
3: Starting numprocs=8 N=8000, M=8000 impl=allgather
5: Starting numprocs=8 N=8000, M=8000 impl=allgather
1: Starting numprocs=8 N=8000, M=8000 impl=allgather
0: Starting numprocs=8 N=8000, M=8000 impl=allgather
Iteration 0
time: 0.735693s
Iteration 1
time: 0.660017s
Iteration 2
time: 0.709383s
Iteration 3
time: 0.661675s
Iteration 4
time: 0.717480s
Iteration 5
time: 0.641884s
Iteration 6
time: 0.695301s
Iteration 7
time: 0.670863s
Iteration 8
time: 0.675701s
Iteration 9
time: 0.685202s
Iteration 10
time: 0.672227s
Iteration 11
time: 0.715380s
Iteration 12
time: 0.661584s
Iteration 13
time: 0.712987s
Iteration 14
time: 0.668153s
Iteration 15
time: 0.730989s
Iteration 16
time: 0.643637s
Iteration 17
time: 0.705486s
Iteration 18
time: 0.674188s
Iteration 19
time: 0.713244s
Iteration 20
time: 0.648140s
Iteration 21
time: 0.683922s
Iteration 22
time: 0.691595s
Iteration 23
time: 0.675180s
Iteration 24
time: 0.698717s
7: Starting numprocs=8 N=8000, M=8000 impl=allreduce
4: Starting numprocs=8 N=8000, M=8000 impl=allreduce
2: Starting numprocs=8 N=8000, M=8000 impl=allreduce
6: Starting numprocs=8 N=8000, M=8000 impl=allreduce
5: Starting numprocs=8 N=8000, M=8000 impl=allreduce
3: Starting numprocs=8 N=8000, M=8000 impl=allreduce
1: Starting numprocs=8 N=8000, M=8000 impl=allreduce
0: Starting numprocs=8 N=8000, M=8000 impl=allreduce
Iteration 0
time: 1.490114s
Iteration 1
time: 1.315834s
Iteration 2
time: 1.358468s
Iteration 3
time: 1.347220s
Iteration 4
time: 1.344553s
Iteration 5
time: 1.339988s
Iteration 6
time: 1.370259s
Iteration 7
time: 1.321982s
Iteration 8
time: 1.357900s
Iteration 9
time: 1.317896s
Iteration 10
time: 1.346845s
Iteration 11
time: 1.329219s
Iteration 12
time: 1.316887s
Iteration 13
time: 1.310958s
Iteration 14
time: 1.325143s
Iteration 15
time: 1.325515s
Iteration 16
time: 1.330776s
Iteration 17
time: 1.357954s
Iteration 18
time: 1.338411s
Iteration 19
time: 1.348934s
Iteration 20
time: 1.322095s
Iteration 21
time: 1.334036s
Iteration 22
time: 1.322707s
Iteration 23
time: 1.320279s
Iteration 24
time: 1.330914s
4: Starting numprocs=8 N=8000, M=8000 impl=allreduce-ring
2: Starting numprocs=8 N=8000, M=8000 impl=allreduce-ring
7: Starting numprocs=8 N=8000, M=8000 impl=allreduce-ring
6: Starting numprocs=8 N=8000, M=8000 impl=allreduce-ring
5: Starting numprocs=8 N=8000, M=8000 impl=allreduce-ring
3: Starting numprocs=8 N=8000, M=8000 impl=allreduce-ring
1: Starting numprocs=8 N=8000, M=8000 impl=allreduce-ring
0: Starting numprocs=8 N=8000, M=8000 impl=allreduce-ring
Iteration 0
time: 1.231169s
Iteration 1
time: 1.033521s
Iteration 2
time: 1.043267s
Iteration 3
time: 1.040134s
Iteration 4
time: 1.066236s
Iteration 5
time: 1.049301s
Iteration 6
time: 1.043918s
Iteration 7
time: 1.062354s
Iteration 8
time: 1.053992s
Iteration 9
time: 1.058151s
Iteration 10
time: 1.044983s
Iteration 11
time: 1.043076s
Iteration 12
time: 1.062434s
Iteration 13
time: 1.056932s
Iteration 14
time: 1.042220s
Iteration 15
time: 1.047256s
Iteration 16
time: 1.055416s
Iteration 17
time: 1.051358s
Iteration 18
time: 1.052862s
Iteration 19
time: 1.051447s
Iteration 20
time: 1.047669s
Iteration 21
time: 1.034325s
Iteration 22
time: 1.043938s
Iteration 23
time: 1.071798s
Iteration 24
time: 1.051595s
7: Starting numprocs=8 N=8000, M=8000 impl=g-rabenseifner-allgather
4: Starting numprocs=8 N=8000, M=8000 impl=g-rabenseifner-allgather
2: Starting numprocs=8 N=8000, M=8000 impl=g-rabenseifner-allgather
6: Starting numprocs=8 N=8000, M=8000 impl=g-rabenseifner-allgather
5: Starting numprocs=8 N=8000, M=8000 impl=g-rabenseifner-allgather
3: Starting numprocs=8 N=8000, M=8000 impl=g-rabenseifner-allgather
1: Starting numprocs=8 N=8000, M=8000 impl=g-rabenseifner-allgather
0: Starting numprocs=8 N=8000, M=8000 impl=g-rabenseifner-allgather
Iteration 0
time: 0.505184s
Iteration 1
time: 0.437357s
Iteration 2
time: 0.438416s
Iteration 3
time: 0.439780s
Iteration 4
time: 0.437557s
Iteration 5
time: 0.439698s
Iteration 6
time: 0.440878s
Iteration 7
time: 0.436238s
Iteration 8
time: 0.436328s
Iteration 9
time: 0.436783s
Iteration 10
time: 0.435864s
Iteration 11
time: 0.435778s
Iteration 12
time: 0.436741s
Iteration 13
time: 0.434392s
Iteration 14
time: 0.436397s
Iteration 15
time: 0.435858s
Iteration 16
time: 0.436113s
Iteration 17
time: 0.436330s
Iteration 18
time: 0.439649s
Iteration 19
time: 0.435939s
Iteration 20
time: 0.437696s
Iteration 21
time: 0.437383s
Iteration 22
time: 0.436514s
Iteration 23
time: 0.437248s
Iteration 24
time: 0.438967s
4: Starting numprocs=8 N=8000, M=8000 impl=g-rabenseifner-subgroup-2
2: Starting numprocs=8 N=8000, M=8000 impl=g-rabenseifner-subgroup-2
7: Starting numprocs=8 N=8000, M=8000 impl=g-rabenseifner-subgroup-2
6: Starting numprocs=8 N=8000, M=8000 impl=g-rabenseifner-subgroup-2
5: Starting numprocs=8 N=8000, M=8000 impl=g-rabenseifner-subgroup-2
3: Starting numprocs=8 N=8000, M=8000 impl=g-rabenseifner-subgroup-2
1: Starting numprocs=8 N=8000, M=8000 impl=g-rabenseifner-subgroup-2
0: Starting numprocs=8 N=8000, M=8000 impl=g-rabenseifner-subgroup-2
Iteration 0
time: 0.523777s
Iteration 1
time: 0.447020s
Iteration 2
time: 0.446110s
Iteration 3
time: 0.443996s
Iteration 4
time: 0.445811s
Iteration 5
time: 0.444622s
Iteration 6
time: 0.444488s
Iteration 7
time: 0.444173s
Iteration 8
time: 0.443689s
Iteration 9
time: 0.444524s
Iteration 10
time: 0.449371s
Iteration 11
time: 0.445905s
Iteration 12
time: 0.449828s
Iteration 13
time: 0.448267s
Iteration 14
time: 0.449668s
Iteration 15
time: 0.446633s
Iteration 16
time: 0.446622s
Iteration 17
time: 0.463916s
Iteration 18
time: 0.444815s
Iteration 19
time: 0.442638s
Iteration 20
time: 0.447004s
Iteration 21
time: 0.450998s
Iteration 22
time: 0.444507s
Iteration 23
time: 0.445226s
Iteration 24
time: 0.444343s
2: Starting numprocs=8 N=8000, M=8000 impl=g-rabenseifner-subgroup-4
4: Starting numprocs=8 N=8000, M=8000 impl=g-rabenseifner-subgroup-4
6: Starting numprocs=8 N=8000, M=8000 impl=g-rabenseifner-subgroup-4
7: Starting numprocs=8 N=8000, M=8000 impl=g-rabenseifner-subgroup-4
5: Starting numprocs=8 N=8000, M=8000 impl=g-rabenseifner-subgroup-4
3: Starting numprocs=8 N=8000, M=8000 impl=g-rabenseifner-subgroup-4
1: Starting numprocs=8 N=8000, M=8000 impl=g-rabenseifner-subgroup-4
0: Starting numprocs=8 N=8000, M=8000 impl=g-rabenseifner-subgroup-4
Iteration 0
time: 0.501976s
Iteration 1
time: 0.466116s
Iteration 2
time: 0.462511s
Iteration 3
time: 0.468833s
Iteration 4
time: 0.463218s
Iteration 5
time: 0.463686s
Iteration 6
time: 0.465544s
Iteration 7
time: 0.460476s
Iteration 8
time: 0.464299s
Iteration 9
time: 0.460520s
Iteration 10
time: 0.463080s
Iteration 11
time: 0.457942s
Iteration 12
time: 0.463060s
Iteration 13
time: 0.462112s
Iteration 14
time: 0.463222s
Iteration 15
time: 0.461720s
Iteration 16
time: 0.469588s
Iteration 17
time: 0.460536s
Iteration 18
time: 0.460179s
Iteration 19
time: 0.466638s
Iteration 20
time: 0.459592s
Iteration 21
time: 0.461099s
Iteration 22
time: 0.458837s
Iteration 23
time: 0.462502s
Iteration 24
time: 0.457345s
4: Starting numprocs=8 N=8000, M=8000 impl=g-rabenseifner-subgroup-8
7: Starting numprocs=8 N=8000, M=8000 impl=g-rabenseifner-subgroup-8
6: Starting numprocs=8 N=8000, M=8000 impl=g-rabenseifner-subgroup-8
2: Starting numprocs=8 N=8000, M=8000 impl=g-rabenseifner-subgroup-8
3: Starting numprocs=8 N=8000, M=8000 impl=g-rabenseifner-subgroup-8
5: Starting numprocs=8 N=8000, M=8000 impl=g-rabenseifner-subgroup-8
1: Starting numprocs=8 N=8000, M=8000 impl=g-rabenseifner-subgroup-8
0: Starting numprocs=8 N=8000, M=8000 impl=g-rabenseifner-subgroup-8
Iteration 0
time: 0.528631s
Iteration 1
time: 0.510835s
Iteration 2
time: 0.492937s
Iteration 3
time: 0.488750s
Iteration 4
time: 0.511133s
Iteration 5
time: 0.497196s
Iteration 6
time: 0.489403s
Iteration 7
time: 0.495993s
Iteration 8
time: 0.513746s
Iteration 9
time: 0.518940s
Iteration 10
time: 0.487197s
Iteration 11
time: 0.497729s
Iteration 12
time: 0.504784s
Iteration 13
time: 0.500144s
Iteration 14
time: 0.517754s
Iteration 15
time: 0.513817s
Iteration 16
time: 0.496033s
Iteration 17
time: 0.492711s
Iteration 18
time: 0.501659s
Iteration 19
time: 0.498462s
Iteration 20
time: 0.507947s
Iteration 21
time: 0.490658s
Iteration 22
time: 0.512509s
Iteration 23
time: 0.525989s
Iteration 24
time: 0.483639s
