14: Starting numprocs=16 N=1000, M=1000 impl=allgather
3: Starting numprocs=16 N=1000, M=1000 impl=allgather
12: Starting numprocs=16 N=1000, M=1000 impl=allgather
9: Starting numprocs=16 N=1000, M=1000 impl=allgather
15: Starting numprocs=16 N=1000, M=1000 impl=allgather
2: Starting numprocs=16 N=1000, M=1000 impl=allgather
11: Starting numprocs=16 N=1000, M=1000 impl=allgather
6: Starting numprocs=16 N=1000, M=1000 impl=allgather
10: Starting numprocs=16 N=1000, M=1000 impl=allgather
4: Starting numprocs=16 N=1000, M=1000 impl=allgather
5: Starting numprocs=16 N=1000, M=1000 impl=allgather
7: Starting numprocs=16 N=1000, M=1000 impl=allgather
13: Starting numprocs=16 N=1000, M=1000 impl=allgather
0: Starting numprocs=16 N=1000, M=1000 impl=allgather
Iteration 0
8: Starting numprocs=16 N=1000, M=1000 impl=allgather
1: Starting numprocs=16 N=1000, M=1000 impl=allgather
time: 0.023530s
Iteration 1
time: 0.014779s
Iteration 2
time: 0.014816s
Iteration 3
time: 0.015171s
Iteration 4
time: 0.015520s
Iteration 5
time: 0.015582s
Iteration 6
time: 0.015543s
Iteration 7
time: 0.015439s
Iteration 8
time: 0.015411s
Iteration 9
time: 0.015538s
Iteration 10
time: 0.015188s
Iteration 11
time: 0.014559s
Iteration 12
time: 0.015202s
Iteration 13
time: 0.015243s
Iteration 14
time: 0.015126s
Iteration 15
time: 0.015117s
Iteration 16
time: 0.016064s
Iteration 17
time: 0.014998s
Iteration 18
time: 0.014844s
Iteration 19
time: 0.014687s
Iteration 20
time: 0.014500s
Iteration 21
time: 0.015144s
Iteration 22
time: 0.015157s
Iteration 23
time: 0.015606s
Iteration 24
time: 0.015301s
10: Starting numprocs=16 N=1000, M=1000 impl=allreduce
14: Starting numprocs=16 N=1000, M=1000 impl=allreduce
0: Starting numprocs=16 N=1000, M=1000 impl=allreduce
Iteration 0
15: Starting numprocs=16 N=1000, M=1000 impl=allreduce
11: Starting numprocs=16 N=1000, M=1000 impl=allreduce
9: Starting numprocs=16 N=1000, M=1000 impl=allreduce
4: Starting numprocs=16 N=1000, M=1000 impl=allreduce
12: Starting numprocs=16 N=1000, M=1000 impl=allreduce
6: Starting numprocs=16 N=1000, M=1000 impl=allreduce
7: Starting numprocs=16 N=1000, M=1000 impl=allreduce
3: Starting numprocs=16 N=1000, M=1000 impl=allreduce
2: Starting numprocs=16 N=1000, M=1000 impl=allreduce
8: Starting numprocs=16 N=1000, M=1000 impl=allreduce
5: Starting numprocs=16 N=1000, M=1000 impl=allreduce
13: Starting numprocs=16 N=1000, M=1000 impl=allreduce
1: Starting numprocs=16 N=1000, M=1000 impl=allreduce
time: 0.028410s
Iteration 1
time: 0.021999s
Iteration 2
time: 0.017387s
Iteration 3
time: 0.017440s
Iteration 4
time: 0.017999s
Iteration 5
time: 0.017592s
Iteration 6
time: 0.017891s
Iteration 7
time: 0.016928s
Iteration 8
time: 0.017263s
Iteration 9
time: 0.017113s
Iteration 10
time: 0.017592s
Iteration 11
time: 0.019147s
Iteration 12
time: 0.017665s
Iteration 13
time: 0.017531s
Iteration 14
time: 0.017660s
Iteration 15
time: 0.018605s
Iteration 16
time: 0.018279s
Iteration 17
time: 0.017994s
Iteration 18
time: 0.019095s
Iteration 19
time: 0.017788s
Iteration 20
time: 0.017321s
Iteration 21
time: 0.017307s
Iteration 22
time: 0.017638s
Iteration 23
time: 0.017725s
Iteration 24
time: 0.017962s
14: Starting numprocs=16 N=1000, M=1000 impl=allreduce-ring
10: Starting numprocs=16 N=1000, M=1000 impl=allreduce-ring
5: Starting numprocs=16 N=1000, M=1000 impl=allreduce-ring
9: Starting numprocs=16 N=1000, M=1000 impl=allreduce-ring
3: Starting numprocs=16 N=1000, M=1000 impl=allreduce-ring
11: Starting numprocs=16 N=1000, M=1000 impl=allreduce-ring
2: Starting numprocs=16 N=1000, M=1000 impl=allreduce-ring
13: Starting numprocs=16 N=1000, M=1000 impl=allreduce-ring
7: Starting numprocs=16 N=1000, M=1000 impl=allreduce-ring
8: Starting numprocs=16 N=1000, M=1000 impl=allreduce-ring
6: Starting numprocs=16 N=1000, M=1000 impl=allreduce-ring
0: Starting numprocs=16 N=1000, M=1000 impl=allreduce-ring
Iteration 0
1: Starting numprocs=16 N=1000, M=1000 impl=allreduce-ring
12: Starting numprocs=16 N=1000, M=1000 impl=allreduce-ring
4: Starting numprocs=16 N=1000, M=1000 impl=allreduce-ring
15: Starting numprocs=16 N=1000, M=1000 impl=allreduce-ring
time: 0.024064s
Iteration 1
time: 0.015084s
Iteration 2
time: 0.014529s
Iteration 3
time: 0.014959s
Iteration 4
time: 0.014259s
Iteration 5
time: 0.015024s
Iteration 6
time: 0.014264s
Iteration 7
time: 0.014670s
Iteration 8
time: 0.014722s
Iteration 9
time: 0.014755s
Iteration 10
time: 0.014599s
Iteration 11
time: 0.015162s
Iteration 12
time: 0.014262s
Iteration 13
time: 0.014280s
Iteration 14
time: 0.014284s
Iteration 15
time: 0.014493s
Iteration 16
time: 0.014702s
Iteration 17
time: 0.014470s
Iteration 18
time: 0.014257s
Iteration 19
time: 0.014689s
Iteration 20
time: 0.014488s
Iteration 21
time: 0.014736s
Iteration 22
time: 0.014645s
Iteration 23
time: 0.014237s
Iteration 24
time: 0.015048s
3: Starting numprocs=16 N=1000, M=1000 impl=g-rabenseifner-allgather
14: Starting numprocs=16 N=1000, M=1000 impl=g-rabenseifner-allgather
11: Starting numprocs=16 N=1000, M=1000 impl=g-rabenseifner-allgather
5: Starting numprocs=16 N=1000, M=1000 impl=g-rabenseifner-allgather
12: Starting numprocs=16 N=1000, M=1000 impl=g-rabenseifner-allgather
10: Starting numprocs=16 N=1000, M=1000 impl=g-rabenseifner-allgather
4: Starting numprocs=16 N=1000, M=1000 impl=g-rabenseifner-allgather
6: Starting numprocs=16 N=1000, M=1000 impl=g-rabenseifner-allgather
0: Starting numprocs=16 N=1000, M=1000 impl=g-rabenseifner-allgather
Iteration 0
2: Starting numprocs=16 N=1000, M=1000 impl=g-rabenseifner-allgather
9: Starting numprocs=16 N=1000, M=1000 impl=g-rabenseifner-allgather
13: Starting numprocs=16 N=1000, M=1000 impl=g-rabenseifner-allgather
15: Starting numprocs=16 N=1000, M=1000 impl=g-rabenseifner-allgather
8: Starting numprocs=16 N=1000, M=1000 impl=g-rabenseifner-allgather
1: Starting numprocs=16 N=1000, M=1000 impl=g-rabenseifner-allgather
7: Starting numprocs=16 N=1000, M=1000 impl=g-rabenseifner-allgather
time: 0.027962s
Iteration 1
time: 0.008185s
Iteration 2
time: 0.008047s
Iteration 3
time: 0.007961s
Iteration 4
time: 0.008271s
Iteration 5
time: 0.007820s
Iteration 6
time: 0.008120s
Iteration 7
time: 0.008941s
Iteration 8
time: 0.008458s
Iteration 9
time: 0.007888s
Iteration 10
time: 0.007801s
Iteration 11
time: 0.007995s
Iteration 12
time: 0.007796s
Iteration 13
time: 0.007764s
Iteration 14
time: 0.007902s
Iteration 15
time: 0.008058s
Iteration 16
time: 0.007853s
Iteration 17
time: 0.007857s
Iteration 18
time: 0.008186s
Iteration 19
time: 0.008221s
Iteration 20
time: 0.007868s
Iteration 21
time: 0.008217s
Iteration 22
time: 0.008078s
Iteration 23
time: 0.007819s
Iteration 24
time: 0.007803s
14: Starting numprocs=16 N=1000, M=1000 impl=g-rabenseifner-subgroup-2
5: Starting numprocs=16 N=1000, M=1000 impl=g-rabenseifner-subgroup-2
10: Starting numprocs=16 N=1000, M=1000 impl=g-rabenseifner-subgroup-2
12: Starting numprocs=16 N=1000, M=1000 impl=g-rabenseifner-subgroup-2
9: Starting numprocs=16 N=1000, M=1000 impl=g-rabenseifner-subgroup-2
3: Starting numprocs=16 N=1000, M=1000 impl=g-rabenseifner-subgroup-2
4: Starting numprocs=16 N=1000, M=1000 impl=g-rabenseifner-subgroup-2
6: Starting numprocs=16 N=1000, M=1000 impl=g-rabenseifner-subgroup-2
2: Starting numprocs=16 N=1000, M=1000 impl=g-rabenseifner-subgroup-2
11: Starting numprocs=16 N=1000, M=1000 impl=g-rabenseifner-subgroup-2
8: Starting numprocs=16 N=1000, M=1000 impl=g-rabenseifner-subgroup-2
15: Starting numprocs=16 N=1000, M=1000 impl=g-rabenseifner-subgroup-2
0: Starting numprocs=16 N=1000, M=1000 impl=g-rabenseifner-subgroup-2
Iteration 0
13: Starting numprocs=16 N=1000, M=1000 impl=g-rabenseifner-subgroup-2
1: Starting numprocs=16 N=1000, M=1000 impl=g-rabenseifner-subgroup-2
7: Starting numprocs=16 N=1000, M=1000 impl=g-rabenseifner-subgroup-2
time: 0.028189s
Iteration 1
time: 0.008347s
Iteration 2
time: 0.008356s
Iteration 3
time: 0.008563s
Iteration 4
time: 0.008140s
Iteration 5
time: 0.008145s
Iteration 6
time: 0.008058s
Iteration 7
time: 0.008038s
Iteration 8
time: 0.008742s
Iteration 9
time: 0.008920s
Iteration 10
time: 0.008221s
Iteration 11
time: 0.008150s
Iteration 12
time: 0.008497s
Iteration 13
time: 0.008354s
Iteration 14
time: 0.008242s
Iteration 15
time: 0.008220s
Iteration 16
time: 0.008655s
Iteration 17
time: 0.008353s
Iteration 18
time: 0.008286s
Iteration 19
time: 0.008245s
Iteration 20
time: 0.008057s
Iteration 21
time: 0.008433s
Iteration 22
time: 0.008153s
Iteration 23
time: 0.008081s
Iteration 24
time: 0.008147s
10: Starting numprocs=16 N=1000, M=1000 impl=g-rabenseifner-subgroup-4
14: Starting numprocs=16 N=1000, M=1000 impl=g-rabenseifner-subgroup-4
3: Starting numprocs=16 N=1000, M=1000 impl=g-rabenseifner-subgroup-4
12: Starting numprocs=16 N=1000, M=1000 impl=g-rabenseifner-subgroup-4
9: Starting numprocs=16 N=1000, M=1000 impl=g-rabenseifner-subgroup-4
2: Starting numprocs=16 N=1000, M=1000 impl=g-rabenseifner-subgroup-4
15: Starting numprocs=16 N=1000, M=1000 impl=g-rabenseifner-subgroup-4
0: Starting numprocs=16 N=1000, M=1000 impl=g-rabenseifner-subgroup-4
Iteration 0
11: Starting numprocs=16 N=1000, M=1000 impl=g-rabenseifner-subgroup-4
6: Starting numprocs=16 N=1000, M=1000 impl=g-rabenseifner-subgroup-4
5: Starting numprocs=16 N=1000, M=1000 impl=g-rabenseifner-subgroup-4
4: Starting numprocs=16 N=1000, M=1000 impl=g-rabenseifner-subgroup-4
8: Starting numprocs=16 N=1000, M=1000 impl=g-rabenseifner-subgroup-4
13: Starting numprocs=16 N=1000, M=1000 impl=g-rabenseifner-subgroup-4
1: Starting numprocs=16 N=1000, M=1000 impl=g-rabenseifner-subgroup-4
7: Starting numprocs=16 N=1000, M=1000 impl=g-rabenseifner-subgroup-4
time: 0.025973s
Iteration 1
time: 0.009134s
Iteration 2
time: 0.008921s
Iteration 3
time: 0.008903s
Iteration 4
time: 0.008790s
Iteration 5
time: 0.008793s
Iteration 6
time: 0.008673s
Iteration 7
time: 0.009014s
Iteration 8
time: 0.009070s
Iteration 9
time: 0.009117s
Iteration 10
time: 0.008949s
Iteration 11
time: 0.008868s
Iteration 12
time: 0.009263s
Iteration 13
time: 0.009372s
Iteration 14
time: 0.009117s
Iteration 15
time: 0.008969s
Iteration 16
time: 0.008861s
Iteration 17
time: 0.009064s
Iteration 18
time: 0.008913s
Iteration 19
time: 0.009187s
Iteration 20
time: 0.008915s
Iteration 21
time: 0.008786s
Iteration 22
time: 0.008918s
Iteration 23
time: 0.009334s
Iteration 24
time: 0.008752s
10: Starting numprocs=16 N=1000, M=1000 impl=g-rabenseifner-subgroup-8
3: Starting numprocs=16 N=1000, M=1000 impl=g-rabenseifner-subgroup-8
14: Starting numprocs=16 N=1000, M=1000 impl=g-rabenseifner-subgroup-8
0: Starting numprocs=16 N=1000, M=1000 impl=g-rabenseifner-subgroup-8
Iteration 0
6: Starting numprocs=16 N=1000, M=1000 impl=g-rabenseifner-subgroup-8
12: Starting numprocs=16 N=1000, M=1000 impl=g-rabenseifner-subgroup-8
7: Starting numprocs=16 N=1000, M=1000 impl=g-rabenseifner-subgroup-8
9: Starting numprocs=16 N=1000, M=1000 impl=g-rabenseifner-subgroup-8
15: Starting numprocs=16 N=1000, M=1000 impl=g-rabenseifner-subgroup-8
4: Starting numprocs=16 N=1000, M=1000 impl=g-rabenseifner-subgroup-8
2: Starting numprocs=16 N=1000, M=1000 impl=g-rabenseifner-subgroup-8
5: Starting numprocs=16 N=1000, M=1000 impl=g-rabenseifner-subgroup-8
1: Starting numprocs=16 N=1000, M=1000 impl=g-rabenseifner-subgroup-8
13: Starting numprocs=16 N=1000, M=1000 impl=g-rabenseifner-subgroup-8
11: Starting numprocs=16 N=1000, M=1000 impl=g-rabenseifner-subgroup-8
8: Starting numprocs=16 N=1000, M=1000 impl=g-rabenseifner-subgroup-8
time: 0.024316s
Iteration 1
time: 0.011012s
Iteration 2
time: 0.010401s
Iteration 3
time: 0.010242s
Iteration 4
time: 0.010176s
Iteration 5
time: 0.010214s
Iteration 6
time: 0.010644s
Iteration 7
time: 0.010539s
Iteration 8
time: 0.010511s
Iteration 9
time: 0.010486s
Iteration 10
time: 0.010317s
Iteration 11
time: 0.010936s
Iteration 12
time: 0.010903s
Iteration 13
time: 0.010416s
Iteration 14
time: 0.010369s
Iteration 15
time: 0.010621s
Iteration 16
time: 0.010569s
Iteration 17
time: 0.011065s
Iteration 18
time: 0.010538s
Iteration 19
time: 0.010561s
Iteration 20
time: 0.010569s
Iteration 21
time: 0.010490s
Iteration 22
time: 0.010559s
Iteration 23
time: 0.010814s
Iteration 24
time: 0.010577s
10: Starting numprocs=16 N=2000, M=2000 impl=allgather
14: Starting numprocs=16 N=2000, M=2000 impl=allgather
9: Starting numprocs=16 N=2000, M=2000 impl=allgather
3: Starting numprocs=16 N=2000, M=2000 impl=allgather
6: Starting numprocs=16 N=2000, M=2000 impl=allgather
4: Starting numprocs=16 N=2000, M=2000 impl=allgather
2: Starting numprocs=16 N=2000, M=2000 impl=allgather
5: Starting numprocs=16 N=2000, M=2000 impl=allgather
11: Starting numprocs=16 N=2000, M=2000 impl=allgather
12: Starting numprocs=16 N=2000, M=2000 impl=allgather
7: Starting numprocs=16 N=2000, M=2000 impl=allgather
15: Starting numprocs=16 N=2000, M=2000 impl=allgather
13: Starting numprocs=16 N=2000, M=2000 impl=allgather
0: Starting numprocs=16 N=2000, M=2000 impl=allgather
Iteration 0
8: Starting numprocs=16 N=2000, M=2000 impl=allgather
1: Starting numprocs=16 N=2000, M=2000 impl=allgather
time: 0.063131s
Iteration 1
time: 0.059148s
Iteration 2
time: 0.061049s
Iteration 3
time: 0.061417s
Iteration 4
time: 0.061462s
Iteration 5
time: 0.062155s
Iteration 6
time: 0.061149s
Iteration 7
time: 0.062901s
Iteration 8
time: 0.062165s
Iteration 9
time: 0.061388s
Iteration 10
time: 0.062014s
Iteration 11
time: 0.061230s
Iteration 12
time: 0.062565s
Iteration 13
time: 0.062459s
Iteration 14
time: 0.061654s
Iteration 15
time: 0.062593s
Iteration 16
time: 0.061969s
Iteration 17
time: 0.063345s
Iteration 18
time: 0.062532s
Iteration 19
time: 0.070359s
Iteration 20
time: 0.064425s
Iteration 21
time: 0.060903s
Iteration 22
time: 0.062393s
Iteration 23
time: 0.060589s
Iteration 24
time: 0.061754s
10: Starting numprocs=16 N=2000, M=2000 impl=allreduce
2: Starting numprocs=16 N=2000, M=2000 impl=allreduce
14: Starting numprocs=16 N=2000, M=2000 impl=allreduce
3: Starting numprocs=16 N=2000, M=2000 impl=allreduce
4: Starting numprocs=16 N=2000, M=2000 impl=allreduce
9: Starting numprocs=16 N=2000, M=2000 impl=allreduce
6: Starting numprocs=16 N=2000, M=2000 impl=allreduce
7: Starting numprocs=16 N=2000, M=2000 impl=allreduce
12: Starting numprocs=16 N=2000, M=2000 impl=allreduce
15: Starting numprocs=16 N=2000, M=2000 impl=allreduce
11: Starting numprocs=16 N=2000, M=2000 impl=allreduce
8: Starting numprocs=16 N=2000, M=2000 impl=allreduce
13: Starting numprocs=16 N=2000, M=2000 impl=allreduce
0: Starting numprocs=16 N=2000, M=2000 impl=allreduce
Iteration 0
5: Starting numprocs=16 N=2000, M=2000 impl=allreduce
1: Starting numprocs=16 N=2000, M=2000 impl=allreduce
time: 0.105981s
Iteration 1
time: 0.083457s
Iteration 2
time: 0.068958s
Iteration 3
time: 0.067790s
Iteration 4
time: 0.073709s
Iteration 5
time: 0.076001s
Iteration 6
time: 0.072893s
Iteration 7
time: 0.068419s
Iteration 8
time: 0.069837s
Iteration 9
time: 0.068025s
Iteration 10
time: 0.071160s
Iteration 11
time: 0.068595s
Iteration 12
time: 0.067769s
Iteration 13
time: 0.071481s
Iteration 14
time: 0.068221s
Iteration 15
time: 0.072287s
Iteration 16
time: 0.070167s
Iteration 17
time: 0.069411s
Iteration 18
time: 0.073301s
Iteration 19
time: 0.068405s
Iteration 20
time: 0.072757s
Iteration 21
time: 0.074206s
Iteration 22
time: 0.068087s
Iteration 23
time: 0.069491s
Iteration 24
time: 0.068038s
9: Starting numprocs=16 N=2000, M=2000 impl=allreduce-ring
10: Starting numprocs=16 N=2000, M=2000 impl=allreduce-ring
3: Starting numprocs=16 N=2000, M=2000 impl=allreduce-ring
6: Starting numprocs=16 N=2000, M=2000 impl=allreduce-ring
14: Starting numprocs=16 N=2000, M=2000 impl=allreduce-ring
2: Starting numprocs=16 N=2000, M=2000 impl=allreduce-ring
0: Starting numprocs=16 N=2000, M=2000 impl=allreduce-ring
Iteration 0
7: Starting numprocs=16 N=2000, M=2000 impl=allreduce-ring
12: Starting numprocs=16 N=2000, M=2000 impl=allreduce-ring
15: Starting numprocs=16 N=2000, M=2000 impl=allreduce-ring
4: Starting numprocs=16 N=2000, M=2000 impl=allreduce-ring
13: Starting numprocs=16 N=2000, M=2000 impl=allreduce-ring
5: Starting numprocs=16 N=2000, M=2000 impl=allreduce-ring
8: Starting numprocs=16 N=2000, M=2000 impl=allreduce-ring
11: Starting numprocs=16 N=2000, M=2000 impl=allreduce-ring
1: Starting numprocs=16 N=2000, M=2000 impl=allreduce-ring
time: 0.064111s
Iteration 1
time: 0.060261s
Iteration 2
time: 0.060084s
Iteration 3
time: 0.059662s
Iteration 4
time: 0.059522s
Iteration 5
time: 0.059402s
Iteration 6
time: 0.059824s
Iteration 7
time: 0.059174s
Iteration 8
time: 0.057975s
Iteration 9
time: 0.058464s
Iteration 10
time: 0.057954s
Iteration 11
time: 0.059501s
Iteration 12
time: 0.059457s
Iteration 13
time: 0.060001s
Iteration 14
time: 0.059727s
Iteration 15
time: 0.060654s
Iteration 16
time: 0.058220s
Iteration 17
time: 0.059515s
Iteration 18
time: 0.060358s
Iteration 19
time: 0.060588s
Iteration 20
time: 0.058760s
Iteration 21
time: 0.059024s
Iteration 22
time: 0.058632s
Iteration 23
time: 0.059092s
Iteration 24
time: 0.059729s
6: Starting numprocs=16 N=2000, M=2000 impl=g-rabenseifner-allgather
9: Starting numprocs=16 N=2000, M=2000 impl=g-rabenseifner-allgather
14: Starting numprocs=16 N=2000, M=2000 impl=g-rabenseifner-allgather
3: Starting numprocs=16 N=2000, M=2000 impl=g-rabenseifner-allgather
10: Starting numprocs=16 N=2000, M=2000 impl=g-rabenseifner-allgather
0: Starting numprocs=16 N=2000, M=2000 impl=g-rabenseifner-allgather
Iteration 0
5: Starting numprocs=16 N=2000, M=2000 impl=g-rabenseifner-allgather
2: Starting numprocs=16 N=2000, M=2000 impl=g-rabenseifner-allgather
4: Starting numprocs=16 N=2000, M=2000 impl=g-rabenseifner-allgather
7: Starting numprocs=16 N=2000, M=2000 impl=g-rabenseifner-allgather
11: Starting numprocs=16 N=2000, M=2000 impl=g-rabenseifner-allgather
12: Starting numprocs=16 N=2000, M=2000 impl=g-rabenseifner-allgather
8: Starting numprocs=16 N=2000, M=2000 impl=g-rabenseifner-allgather
13: Starting numprocs=16 N=2000, M=2000 impl=g-rabenseifner-allgather
15: Starting numprocs=16 N=2000, M=2000 impl=g-rabenseifner-allgather
1: Starting numprocs=16 N=2000, M=2000 impl=g-rabenseifner-allgather
time: 0.047628s
Iteration 1
time: 0.029825s
Iteration 2
time: 0.029401s
Iteration 3
time: 0.029952s
Iteration 4
time: 0.029856s
Iteration 5
time: 0.030208s
Iteration 6
time: 0.029527s
Iteration 7
time: 0.029547s
Iteration 8
time: 0.030277s
Iteration 9
time: 0.029558s
Iteration 10
time: 0.029533s
Iteration 11
time: 0.029600s
Iteration 12
time: 0.029888s
Iteration 13
time: 0.029603s
Iteration 14
time: 0.029515s
Iteration 15
time: 0.029768s
Iteration 16
time: 0.030001s
Iteration 17
time: 0.030343s
Iteration 18
time: 0.029872s
Iteration 19
time: 0.029844s
Iteration 20
time: 0.029802s
Iteration 21
time: 0.029492s
Iteration 22
time: 0.029434s
Iteration 23
time: 0.029496s
Iteration 24
time: 0.029431s
10: Starting numprocs=16 N=2000, M=2000 impl=g-rabenseifner-subgroup-2
4: Starting numprocs=16 N=2000, M=2000 impl=g-rabenseifner-subgroup-2
5: Starting numprocs=16 N=2000, M=2000 impl=g-rabenseifner-subgroup-2
9: Starting numprocs=16 N=2000, M=2000 impl=g-rabenseifner-subgroup-2
2: Starting numprocs=16 N=2000, M=2000 impl=g-rabenseifner-subgroup-2
14: Starting numprocs=16 N=2000, M=2000 impl=g-rabenseifner-subgroup-2
3: Starting numprocs=16 N=2000, M=2000 impl=g-rabenseifner-subgroup-2
0: Starting numprocs=16 N=2000, M=2000 impl=g-rabenseifner-subgroup-2
Iteration 0
7: Starting numprocs=16 N=2000, M=2000 impl=g-rabenseifner-subgroup-2
15: Starting numprocs=16 N=2000, M=2000 impl=g-rabenseifner-subgroup-2
12: Starting numprocs=16 N=2000, M=2000 impl=g-rabenseifner-subgroup-2
6: Starting numprocs=16 N=2000, M=2000 impl=g-rabenseifner-subgroup-2
11: Starting numprocs=16 N=2000, M=2000 impl=g-rabenseifner-subgroup-2
13: Starting numprocs=16 N=2000, M=2000 impl=g-rabenseifner-subgroup-2
8: Starting numprocs=16 N=2000, M=2000 impl=g-rabenseifner-subgroup-2
1: Starting numprocs=16 N=2000, M=2000 impl=g-rabenseifner-subgroup-2
time: 0.047676s
Iteration 1
time: 0.031280s
Iteration 2
time: 0.031597s
Iteration 3
time: 0.031017s
Iteration 4
time: 0.031164s
Iteration 5
time: 0.031827s
Iteration 6
time: 0.031483s
Iteration 7
time: 0.031882s
Iteration 8
time: 0.031378s
Iteration 9
time: 0.031583s
Iteration 10
time: 0.031577s
Iteration 11
time: 0.031521s
Iteration 12
time: 0.031299s
Iteration 13
time: 0.031744s
Iteration 14
time: 0.031860s
Iteration 15
time: 0.032263s
Iteration 16
time: 0.031658s
Iteration 17
time: 0.031368s
Iteration 18
time: 0.030840s
Iteration 19
time: 0.030968s
Iteration 20
time: 0.031175s
Iteration 21
time: 0.031073s
Iteration 22
time: 0.031427s
Iteration 23
time: 0.031240s
Iteration 24
time: 0.031396s
10: Starting numprocs=16 N=2000, M=2000 impl=g-rabenseifner-subgroup-4
5: Starting numprocs=16 N=2000, M=2000 impl=g-rabenseifner-subgroup-4
3: Starting numprocs=16 N=2000, M=2000 impl=g-rabenseifner-subgroup-4
9: Starting numprocs=16 N=2000, M=2000 impl=g-rabenseifner-subgroup-4
14: Starting numprocs=16 N=2000, M=2000 impl=g-rabenseifner-subgroup-4
11: Starting numprocs=16 N=2000, M=2000 impl=g-rabenseifner-subgroup-4
4: Starting numprocs=16 N=2000, M=2000 impl=g-rabenseifner-subgroup-4
15: Starting numprocs=16 N=2000, M=2000 impl=g-rabenseifner-subgroup-4
12: Starting numprocs=16 N=2000, M=2000 impl=g-rabenseifner-subgroup-4
7: Starting numprocs=16 N=2000, M=2000 impl=g-rabenseifner-subgroup-4
2: Starting numprocs=16 N=2000, M=2000 impl=g-rabenseifner-subgroup-4
8: Starting numprocs=16 N=2000, M=2000 impl=g-rabenseifner-subgroup-4
6: Starting numprocs=16 N=2000, M=2000 impl=g-rabenseifner-subgroup-4
13: Starting numprocs=16 N=2000, M=2000 impl=g-rabenseifner-subgroup-4
1: Starting numprocs=16 N=2000, M=2000 impl=g-rabenseifner-subgroup-4
0: Starting numprocs=16 N=2000, M=2000 impl=g-rabenseifner-subgroup-4
Iteration 0
time: 0.056233s
Iteration 1
time: 0.034265s
Iteration 2
time: 0.033568s
Iteration 3
time: 0.033849s
Iteration 4
time: 0.033712s
Iteration 5
time: 0.034017s
Iteration 6
time: 0.035188s
Iteration 7
time: 0.033631s
Iteration 8
time: 0.033725s
Iteration 9
time: 0.033756s
Iteration 10
time: 0.034242s
Iteration 11
time: 0.034326s
Iteration 12
time: 0.034005s
Iteration 13
time: 0.033753s
Iteration 14
time: 0.033532s
Iteration 15
time: 0.033630s
Iteration 16
time: 0.034234s
Iteration 17
time: 0.034103s
Iteration 18
time: 0.033894s
Iteration 19
time: 0.033450s
Iteration 20
time: 0.033651s
Iteration 21
time: 0.034087s
Iteration 22
time: 0.035541s
Iteration 23
time: 0.034647s
Iteration 24
time: 0.033909s
10: Starting numprocs=16 N=2000, M=2000 impl=g-rabenseifner-subgroup-8
3: Starting numprocs=16 N=2000, M=2000 impl=g-rabenseifner-subgroup-8
15: Starting numprocs=16 N=2000, M=2000 impl=g-rabenseifner-subgroup-8
14: Starting numprocs=16 N=2000, M=2000 impl=g-rabenseifner-subgroup-8
4: Starting numprocs=16 N=2000, M=2000 impl=g-rabenseifner-subgroup-8
6: Starting numprocs=16 N=2000, M=2000 impl=g-rabenseifner-subgroup-8
11: Starting numprocs=16 N=2000, M=2000 impl=g-rabenseifner-subgroup-8
9: Starting numprocs=16 N=2000, M=2000 impl=g-rabenseifner-subgroup-8
12: Starting numprocs=16 N=2000, M=2000 impl=g-rabenseifner-subgroup-8
0: Starting numprocs=16 N=2000, M=2000 impl=g-rabenseifner-subgroup-8
Iteration 0
7: Starting numprocs=16 N=2000, M=2000 impl=g-rabenseifner-subgroup-8
5: Starting numprocs=16 N=2000, M=2000 impl=g-rabenseifner-subgroup-8
8: Starting numprocs=16 N=2000, M=2000 impl=g-rabenseifner-subgroup-8
2: Starting numprocs=16 N=2000, M=2000 impl=g-rabenseifner-subgroup-8
13: Starting numprocs=16 N=2000, M=2000 impl=g-rabenseifner-subgroup-8
1: Starting numprocs=16 N=2000, M=2000 impl=g-rabenseifner-subgroup-8
time: 0.057348s
Iteration 1
time: 0.039967s
Iteration 2
time: 0.039828s
Iteration 3
time: 0.039606s
Iteration 4
time: 0.039656s
Iteration 5
time: 0.039888s
Iteration 6
time: 0.039416s
Iteration 7
time: 0.039770s
Iteration 8
time: 0.040492s
Iteration 9
time: 0.039706s
Iteration 10
time: 0.039367s
Iteration 11
time: 0.040293s
Iteration 12
time: 0.040249s
Iteration 13
time: 0.039682s
Iteration 14
time: 0.039422s
Iteration 15
time: 0.040958s
Iteration 16
time: 0.040478s
Iteration 17
time: 0.040161s
Iteration 18
time: 0.040047s
Iteration 19
time: 0.042872s
Iteration 20
time: 0.042089s
Iteration 21
time: 0.042403s
Iteration 22
time: 0.042597s
Iteration 23
time: 0.039641s
Iteration 24
time: 0.039053s
5: Starting numprocs=16 N=3000, M=3000 impl=allgather
14: Starting numprocs=16 N=3000, M=3000 impl=allgather
6: Starting numprocs=16 N=3000, M=3000 impl=allgather
9: Starting numprocs=16 N=3000, M=3000 impl=allgather
3: Starting numprocs=16 N=3000, M=3000 impl=allgather
15: Starting numprocs=16 N=3000, M=3000 impl=allgather
4: Starting numprocs=16 N=3000, M=3000 impl=allgather
10: Starting numprocs=16 N=3000, M=3000 impl=allgather
11: Starting numprocs=16 N=3000, M=3000 impl=allgather
7: Starting numprocs=16 N=3000, M=3000 impl=allgather
12: Starting numprocs=16 N=3000, M=3000 impl=allgather
2: Starting numprocs=16 N=3000, M=3000 impl=allgather
0: Starting numprocs=16 N=3000, M=3000 impl=allgather
Iteration 0
13: Starting numprocs=16 N=3000, M=3000 impl=allgather
8: Starting numprocs=16 N=3000, M=3000 impl=allgather
1: Starting numprocs=16 N=3000, M=3000 impl=allgather
time: 0.145801s
Iteration 1
time: 0.142012s
Iteration 2
time: 0.151756s
Iteration 3
time: 0.138522s
Iteration 4
time: 0.139052s
Iteration 5
time: 0.139752s
Iteration 6
time: 0.152671s
Iteration 7
time: 0.144268s
Iteration 8
time: 0.140929s
Iteration 9
time: 0.140767s
Iteration 10
time: 0.140876s
Iteration 11
time: 0.141200s
Iteration 12
time: 0.139631s
Iteration 13
time: 0.138760s
Iteration 14
time: 0.140848s
Iteration 15
time: 0.139038s
Iteration 16
time: 0.140472s
Iteration 17
time: 0.139482s
Iteration 18
time: 0.174075s
Iteration 19
time: 0.148995s
Iteration 20
time: 0.139814s
Iteration 21
time: 0.141128s
Iteration 22
time: 0.141718s
Iteration 23
time: 0.145373s
Iteration 24
time: 0.138190s
10: Starting numprocs=16 N=3000, M=3000 impl=allreduce
14: Starting numprocs=16 N=3000, M=3000 impl=allreduce
9: Starting numprocs=16 N=3000, M=3000 impl=allreduce
4: Starting numprocs=16 N=3000, M=3000 impl=allreduce
3: Starting numprocs=16 N=3000, M=3000 impl=allreduce
11: Starting numprocs=16 N=3000, M=3000 impl=allreduce
2: Starting numprocs=16 N=3000, M=3000 impl=allreduce
7: Starting numprocs=16 N=3000, M=3000 impl=allreduce
5: Starting numprocs=16 N=3000, M=3000 impl=allreduce
15: Starting numprocs=16 N=3000, M=3000 impl=allreduce
12: Starting numprocs=16 N=3000, M=3000 impl=allreduce
0: Starting numprocs=16 N=3000, M=3000 impl=allreduce
Iteration 0
6: Starting numprocs=16 N=3000, M=3000 impl=allreduce
13: Starting numprocs=16 N=3000, M=3000 impl=allreduce
1: Starting numprocs=16 N=3000, M=3000 impl=allreduce
8: Starting numprocs=16 N=3000, M=3000 impl=allreduce
time: 0.234788s
Iteration 1
time: 0.204656s
Iteration 2
time: 2.257435s
Iteration 3
time: 0.270248s
Iteration 4
time: 0.203533s
Iteration 5
time: 0.201098s
Iteration 6
time: 0.197177s
Iteration 7
time: 0.191434s
Iteration 8
time: 0.201249s
Iteration 9
time: 0.198920s
Iteration 10
time: 0.198938s
Iteration 11
time: 0.202956s
Iteration 12
time: 0.206782s
Iteration 13
time: 6.220962s
Iteration 14
time: 0.260832s
Iteration 15
time: 8.370350s
Iteration 16
time: 0.199066s
Iteration 17
time: 0.270301s
Iteration 18
time: 10.313508s
Iteration 19
time: 12.972675s
Iteration 20
time: 0.191180s
Iteration 21
time: 0.193687s
Iteration 22
time: 0.197950s
Iteration 23
time: 0.197190s
Iteration 24
time: 0.193135s
14: Starting numprocs=16 N=3000, M=3000 impl=allreduce-ring
10: Starting numprocs=16 N=3000, M=3000 impl=allreduce-ring
4: Starting numprocs=16 N=3000, M=3000 impl=allreduce-ring
15: Starting numprocs=16 N=3000, M=3000 impl=allreduce-ring
6: Starting numprocs=16 N=3000, M=3000 impl=allreduce-ring
9: Starting numprocs=16 N=3000, M=3000 impl=allreduce-ring
2: Starting numprocs=16 N=3000, M=3000 impl=allreduce-ring
11: Starting numprocs=16 N=3000, M=3000 impl=allreduce-ring
7: Starting numprocs=16 N=3000, M=3000 impl=allreduce-ring
5: Starting numprocs=16 N=3000, M=3000 impl=allreduce-ring
0: Starting numprocs=16 N=3000, M=3000 impl=allreduce-ring
Iteration 0
12: Starting numprocs=16 N=3000, M=3000 impl=allreduce-ring
3: Starting numprocs=16 N=3000, M=3000 impl=allreduce-ring
13: Starting numprocs=16 N=3000, M=3000 impl=allreduce-ring
8: Starting numprocs=16 N=3000, M=3000 impl=allreduce-ring
1: Starting numprocs=16 N=3000, M=3000 impl=allreduce-ring
time: 0.154939s
Iteration 1
time: 0.132274s
Iteration 2
time: 0.132442s
Iteration 3
time: 0.134632s
Iteration 4
time: 0.131196s
Iteration 5
time: 0.134719s
Iteration 6
time: 0.133066s
Iteration 7
time: 0.132520s
Iteration 8
time: 0.131882s
Iteration 9
time: 0.135487s
Iteration 10
time: 0.131951s
Iteration 11
time: 0.134057s
Iteration 12
time: 0.131075s
Iteration 13
time: 0.135804s
Iteration 14
time: 0.139511s
Iteration 15
time: 0.133697s
Iteration 16
time: 0.132211s
Iteration 17
time: 0.130873s
Iteration 18
time: 0.132365s
Iteration 19
time: 0.134853s
Iteration 20
time: 0.134577s
Iteration 21
time: 0.133140s
Iteration 22
time: 0.132183s
Iteration 23
time: 0.133780s
Iteration 24
time: 0.132115s
10: Starting numprocs=16 N=3000, M=3000 impl=g-rabenseifner-allgather
5: Starting numprocs=16 N=3000, M=3000 impl=g-rabenseifner-allgather
15: Starting numprocs=16 N=3000, M=3000 impl=g-rabenseifner-allgather
4: Starting numprocs=16 N=3000, M=3000 impl=g-rabenseifner-allgather
11: Starting numprocs=16 N=3000, M=3000 impl=g-rabenseifner-allgather
14: Starting numprocs=16 N=3000, M=3000 impl=g-rabenseifner-allgather
7: Starting numprocs=16 N=3000, M=3000 impl=g-rabenseifner-allgather
3: Starting numprocs=16 N=3000, M=3000 impl=g-rabenseifner-allgather
6: Starting numprocs=16 N=3000, M=3000 impl=g-rabenseifner-allgather
9: Starting numprocs=16 N=3000, M=3000 impl=g-rabenseifner-allgather
13: Starting numprocs=16 N=3000, M=3000 impl=g-rabenseifner-allgather
2: Starting numprocs=16 N=3000, M=3000 impl=g-rabenseifner-allgather
0: Starting numprocs=16 N=3000, M=3000 impl=g-rabenseifner-allgather
Iteration 0
12: Starting numprocs=16 N=3000, M=3000 impl=g-rabenseifner-allgather
8: Starting numprocs=16 N=3000, M=3000 impl=g-rabenseifner-allgather
1: Starting numprocs=16 N=3000, M=3000 impl=g-rabenseifner-allgather
time: 0.086678s
Iteration 1
time: 0.066684s
Iteration 2
time: 0.065624s
Iteration 3
time: 0.066072s
Iteration 4
time: 0.065673s
Iteration 5
time: 0.065892s
Iteration 6
time: 0.066156s
Iteration 7
time: 0.065348s
Iteration 8
time: 0.070992s
Iteration 9
time: 0.066245s
Iteration 10
time: 0.065696s
Iteration 11
time: 0.066447s
Iteration 12
time: 0.066135s
Iteration 13
time: 0.065728s
Iteration 14
time: 0.066039s
Iteration 15
time: 0.065775s
Iteration 16
time: 0.065869s
Iteration 17
time: 0.065809s
Iteration 18
time: 0.065921s
Iteration 19
time: 0.065845s
Iteration 20
time: 0.065769s
Iteration 21
time: 0.065812s
Iteration 22
time: 0.066060s
Iteration 23
time: 0.065713s
Iteration 24
time: 0.066353s
5: Starting numprocs=16 N=3000, M=3000 impl=g-rabenseifner-subgroup-2
10: Starting numprocs=16 N=3000, M=3000 impl=g-rabenseifner-subgroup-2
6: Starting numprocs=16 N=3000, M=3000 impl=g-rabenseifner-subgroup-2
14: Starting numprocs=16 N=3000, M=3000 impl=g-rabenseifner-subgroup-2
15: Starting numprocs=16 N=3000, M=3000 impl=g-rabenseifner-subgroup-2
4: Starting numprocs=16 N=3000, M=3000 impl=g-rabenseifner-subgroup-2
11: Starting numprocs=16 N=3000, M=3000 impl=g-rabenseifner-subgroup-2
9: Starting numprocs=16 N=3000, M=3000 impl=g-rabenseifner-subgroup-2
2: Starting numprocs=16 N=3000, M=3000 impl=g-rabenseifner-subgroup-2
3: Starting numprocs=16 N=3000, M=3000 impl=g-rabenseifner-subgroup-2
12: Starting numprocs=16 N=3000, M=3000 impl=g-rabenseifner-subgroup-2
7: Starting numprocs=16 N=3000, M=3000 impl=g-rabenseifner-subgroup-2
0: Starting numprocs=16 N=3000, M=3000 impl=g-rabenseifner-subgroup-2
Iteration 0
13: Starting numprocs=16 N=3000, M=3000 impl=g-rabenseifner-subgroup-2
8: Starting numprocs=16 N=3000, M=3000 impl=g-rabenseifner-subgroup-2
1: Starting numprocs=16 N=3000, M=3000 impl=g-rabenseifner-subgroup-2
time: 0.095438s
Iteration 1
time: 0.068745s
Iteration 2
time: 0.069673s
Iteration 3
time: 0.068873s
Iteration 4
time: 0.068977s
Iteration 5
time: 0.068285s
Iteration 6
time: 0.068424s
Iteration 7
time: 0.068670s
Iteration 8
time: 0.069131s
Iteration 9
time: 0.069359s
Iteration 10
time: 0.069407s
Iteration 11
time: 0.069387s
Iteration 12
time: 0.069586s
Iteration 13
time: 0.068844s
Iteration 14
time: 0.068443s
Iteration 15
time: 0.068830s
Iteration 16
time: 0.068875s
Iteration 17
time: 0.068084s
Iteration 18
time: 0.068678s
Iteration 19
time: 0.068601s
Iteration 20
time: 0.068297s
Iteration 21
time: 0.070981s
Iteration 22
time: 0.068620s
Iteration 23
time: 0.068383s
Iteration 24
time: 0.068396s
5: Starting numprocs=16 N=3000, M=3000 impl=g-rabenseifner-subgroup-4
14: Starting numprocs=16 N=3000, M=3000 impl=g-rabenseifner-subgroup-4
9: Starting numprocs=16 N=3000, M=3000 impl=g-rabenseifner-subgroup-4
4: Starting numprocs=16 N=3000, M=3000 impl=g-rabenseifner-subgroup-4
7: Starting numprocs=16 N=3000, M=3000 impl=g-rabenseifner-subgroup-4
10: Starting numprocs=16 N=3000, M=3000 impl=g-rabenseifner-subgroup-4
15: Starting numprocs=16 N=3000, M=3000 impl=g-rabenseifner-subgroup-4
0: Starting numprocs=16 N=3000, M=3000 impl=g-rabenseifner-subgroup-4
Iteration 0
3: Starting numprocs=16 N=3000, M=3000 impl=g-rabenseifner-subgroup-4
2: Starting numprocs=16 N=3000, M=3000 impl=g-rabenseifner-subgroup-4
6: Starting numprocs=16 N=3000, M=3000 impl=g-rabenseifner-subgroup-4
12: Starting numprocs=16 N=3000, M=3000 impl=g-rabenseifner-subgroup-4
11: Starting numprocs=16 N=3000, M=3000 impl=g-rabenseifner-subgroup-4
13: Starting numprocs=16 N=3000, M=3000 impl=g-rabenseifner-subgroup-4
8: Starting numprocs=16 N=3000, M=3000 impl=g-rabenseifner-subgroup-4
1: Starting numprocs=16 N=3000, M=3000 impl=g-rabenseifner-subgroup-4
time: 0.100974s
Iteration 1
time: 0.077982s
Iteration 2
time: 0.078124s
Iteration 3
time: 0.077913s
Iteration 4
time: 0.077217s
Iteration 5
time: 0.076869s
Iteration 6
time: 0.076824s
Iteration 7
time: 0.076511s
Iteration 8
time: 0.076414s
Iteration 9
time: 0.076183s
Iteration 10
time: 0.076897s
Iteration 11
time: 0.078017s
Iteration 12
time: 0.077258s
Iteration 13
time: 0.076488s
Iteration 14
time: 0.077005s
Iteration 15
time: 0.075647s
Iteration 16
time: 0.075654s
Iteration 17
time: 0.075982s
Iteration 18
time: 0.075078s
Iteration 19
time: 0.075279s
Iteration 20
time: 0.076428s
Iteration 21
time: 0.083601s
Iteration 22
time: 0.076325s
Iteration 23
time: 0.076682s
Iteration 24
time: 0.075985s
10: Starting numprocs=16 N=3000, M=3000 impl=g-rabenseifner-subgroup-8
15: Starting numprocs=16 N=3000, M=3000 impl=g-rabenseifner-subgroup-8
14: Starting numprocs=16 N=3000, M=3000 impl=g-rabenseifner-subgroup-8
4: Starting numprocs=16 N=3000, M=3000 impl=g-rabenseifner-subgroup-8
5: Starting numprocs=16 N=3000, M=3000 impl=g-rabenseifner-subgroup-8
6: Starting numprocs=16 N=3000, M=3000 impl=g-rabenseifner-subgroup-8
9: Starting numprocs=16 N=3000, M=3000 impl=g-rabenseifner-subgroup-8
11: Starting numprocs=16 N=3000, M=3000 impl=g-rabenseifner-subgroup-8
0: Starting numprocs=16 N=3000, M=3000 impl=g-rabenseifner-subgroup-8
Iteration 0
7: Starting numprocs=16 N=3000, M=3000 impl=g-rabenseifner-subgroup-8
12: Starting numprocs=16 N=3000, M=3000 impl=g-rabenseifner-subgroup-8
2: Starting numprocs=16 N=3000, M=3000 impl=g-rabenseifner-subgroup-8
3: Starting numprocs=16 N=3000, M=3000 impl=g-rabenseifner-subgroup-8
13: Starting numprocs=16 N=3000, M=3000 impl=g-rabenseifner-subgroup-8
8: Starting numprocs=16 N=3000, M=3000 impl=g-rabenseifner-subgroup-8
1: Starting numprocs=16 N=3000, M=3000 impl=g-rabenseifner-subgroup-8
time: 0.107448s
Iteration 1
time: 0.086936s
Iteration 2
time: 0.089382s
Iteration 3
time: 0.087793s
Iteration 4
time: 0.090705s
Iteration 5
time: 0.088393s
Iteration 6
time: 0.089187s
Iteration 7
time: 0.088861s
Iteration 8
time: 0.092492s
Iteration 9
time: 0.090460s
Iteration 10
time: 0.092653s
Iteration 11
time: 0.092616s
Iteration 12
time: 0.092829s
Iteration 13
time: 0.094034s
Iteration 14
time: 0.092297s
Iteration 15
time: 0.091068s
Iteration 16
time: 0.089866s
Iteration 17
time: 0.091952s
Iteration 18
time: 0.100257s
Iteration 19
time: 0.096423s
Iteration 20
time: 0.090102s
Iteration 21
time: 0.090040s
Iteration 22
time: 0.095064s
Iteration 23
time: 0.090200s
Iteration 24
time: 0.091986s
10: Starting numprocs=16 N=4000, M=4000 impl=allgather
5: Starting numprocs=16 N=4000, M=4000 impl=allgather
9: Starting numprocs=16 N=4000, M=4000 impl=allgather
4: Starting numprocs=16 N=4000, M=4000 impl=allgather
6: Starting numprocs=16 N=4000, M=4000 impl=allgather
14: Starting numprocs=16 N=4000, M=4000 impl=allgather
11: Starting numprocs=16 N=4000, M=4000 impl=allgather
3: Starting numprocs=16 N=4000, M=4000 impl=allgather
15: Starting numprocs=16 N=4000, M=4000 impl=allgather
7: Starting numprocs=16 N=4000, M=4000 impl=allgather
2: Starting numprocs=16 N=4000, M=4000 impl=allgather
0: Starting numprocs=16 N=4000, M=4000 impl=allgather
Iteration 0
12: Starting numprocs=16 N=4000, M=4000 impl=allgather
8: Starting numprocs=16 N=4000, M=4000 impl=allgather
13: Starting numprocs=16 N=4000, M=4000 impl=allgather
1: Starting numprocs=16 N=4000, M=4000 impl=allgather
time: 0.309974s
Iteration 1
time: 0.307297s
Iteration 2
time: 0.289975s
Iteration 3
time: 0.341536s
Iteration 4
time: 0.290094s
Iteration 5
time: 0.310526s
Iteration 6
time: 0.287204s
Iteration 7
time: 0.332546s
Iteration 8
time: 0.291857s
Iteration 9
time: 0.321932s
Iteration 10
time: 0.317439s
Iteration 11
time: 0.288599s
Iteration 12
time: 0.285654s
Iteration 13
time: 0.291094s
Iteration 14
time: 0.272918s
Iteration 15
time: 0.276008s
Iteration 16
time: 0.276690s
Iteration 17
time: 0.338948s
Iteration 18
time: 0.280051s
Iteration 19
time: 0.291809s
Iteration 20
time: 0.277321s
Iteration 21
time: 0.301287s
Iteration 22
time: 0.280374s
Iteration 23
time: 0.290552s
Iteration 24
time: 0.299932s
10: Starting numprocs=16 N=4000, M=4000 impl=allreduce
4: Starting numprocs=16 N=4000, M=4000 impl=allreduce
9: Starting numprocs=16 N=4000, M=4000 impl=allreduce
14: Starting numprocs=16 N=4000, M=4000 impl=allreduce
0: Starting numprocs=16 N=4000, M=4000 impl=allreduce
Iteration 0
3: Starting numprocs=16 N=4000, M=4000 impl=allreduce
11: Starting numprocs=16 N=4000, M=4000 impl=allreduce
5: Starting numprocs=16 N=4000, M=4000 impl=allreduce
15: Starting numprocs=16 N=4000, M=4000 impl=allreduce
2: Starting numprocs=16 N=4000, M=4000 impl=allreduce
7: Starting numprocs=16 N=4000, M=4000 impl=allreduce
13: Starting numprocs=16 N=4000, M=4000 impl=allreduce
12: Starting numprocs=16 N=4000, M=4000 impl=allreduce
6: Starting numprocs=16 N=4000, M=4000 impl=allreduce
8: Starting numprocs=16 N=4000, M=4000 impl=allreduce
1: Starting numprocs=16 N=4000, M=4000 impl=allreduce
time: 0.403121s
Iteration 1
time: 0.364487s
Iteration 2
time: 0.346854s
Iteration 3
time: 0.346270s
Iteration 4
time: 0.353644s
Iteration 5
time: 0.365640s
Iteration 6
time: 0.352231s
Iteration 7
time: 0.355824s
Iteration 8
time: 0.349361s
Iteration 9
time: 0.352237s
Iteration 10
time: 0.346695s
Iteration 11
time: 0.348168s
Iteration 12
time: 0.362360s
Iteration 13
time: 0.352128s
Iteration 14
time: 2.014018s
Iteration 15
time: 0.358582s
Iteration 16
time: 0.354142s
Iteration 17
time: 0.356767s
Iteration 18
time: 0.367126s
Iteration 19
time: 0.350751s
Iteration 20
time: 0.353262s
Iteration 21
time: 0.356056s
Iteration 22
time: 0.345640s
Iteration 23
time: 0.351399s
Iteration 24
time: 0.356268s
10: Starting numprocs=16 N=4000, M=4000 impl=allreduce-ring
5: Starting numprocs=16 N=4000, M=4000 impl=allreduce-ring
9: Starting numprocs=16 N=4000, M=4000 impl=allreduce-ring
15: Starting numprocs=16 N=4000, M=4000 impl=allreduce-ring
4: Starting numprocs=16 N=4000, M=4000 impl=allreduce-ring
14: Starting numprocs=16 N=4000, M=4000 impl=allreduce-ring
3: Starting numprocs=16 N=4000, M=4000 impl=allreduce-ring
6: Starting numprocs=16 N=4000, M=4000 impl=allreduce-ring
11: Starting numprocs=16 N=4000, M=4000 impl=allreduce-ring
7: Starting numprocs=16 N=4000, M=4000 impl=allreduce-ring
2: Starting numprocs=16 N=4000, M=4000 impl=allreduce-ring
0: Starting numprocs=16 N=4000, M=4000 impl=allreduce-ring
Iteration 0
12: Starting numprocs=16 N=4000, M=4000 impl=allreduce-ring
13: Starting numprocs=16 N=4000, M=4000 impl=allreduce-ring
8: Starting numprocs=16 N=4000, M=4000 impl=allreduce-ring
1: Starting numprocs=16 N=4000, M=4000 impl=allreduce-ring
time: 0.261479s
Iteration 1
time: 0.244089s
Iteration 2
time: 0.237412s
Iteration 3
time: 0.237958s
Iteration 4
time: 0.243790s
Iteration 5
time: 0.242489s
Iteration 6
time: 0.236063s
Iteration 7
time: 0.236883s
Iteration 8
time: 0.247134s
Iteration 9
time: 0.236845s
Iteration 10
time: 0.237383s
Iteration 11
time: 0.241743s
Iteration 12
time: 0.241657s
Iteration 13
time: 0.245247s
Iteration 14
time: 0.237106s
Iteration 15
time: 0.242106s
Iteration 16
time: 8.814307s
Iteration 17
time: 0.243924s
Iteration 18
time: 0.246388s
Iteration 19
time: 0.242163s
Iteration 20
time: 0.239585s
Iteration 21
time: 0.247157s
Iteration 22
time: 0.238461s
Iteration 23
time: 0.247391s
Iteration 24
time: 0.240805s
10: Starting numprocs=16 N=4000, M=4000 impl=g-rabenseifner-allgather
5: Starting numprocs=16 N=4000, M=4000 impl=g-rabenseifner-allgather
14: Starting numprocs=16 N=4000, M=4000 impl=g-rabenseifner-allgather
4: Starting numprocs=16 N=4000, M=4000 impl=g-rabenseifner-allgather
9: Starting numprocs=16 N=4000, M=4000 impl=g-rabenseifner-allgather
11: Starting numprocs=16 N=4000, M=4000 impl=g-rabenseifner-allgather
0: Starting numprocs=16 N=4000, M=4000 impl=g-rabenseifner-allgather
Iteration 0
6: Starting numprocs=16 N=4000, M=4000 impl=g-rabenseifner-allgather
3: Starting numprocs=16 N=4000, M=4000 impl=g-rabenseifner-allgather
2: Starting numprocs=16 N=4000, M=4000 impl=g-rabenseifner-allgather
7: Starting numprocs=16 N=4000, M=4000 impl=g-rabenseifner-allgather
15: Starting numprocs=16 N=4000, M=4000 impl=g-rabenseifner-allgather
12: Starting numprocs=16 N=4000, M=4000 impl=g-rabenseifner-allgather
8: Starting numprocs=16 N=4000, M=4000 impl=g-rabenseifner-allgather
13: Starting numprocs=16 N=4000, M=4000 impl=g-rabenseifner-allgather
1: Starting numprocs=16 N=4000, M=4000 impl=g-rabenseifner-allgather
time: 0.134815s
Iteration 1
time: 0.124844s
Iteration 2
time: 0.115356s
Iteration 3
time: 0.116346s
Iteration 4
time: 0.116354s
Iteration 5
time: 0.115453s
Iteration 6
time: 0.115219s
Iteration 7
time: 0.115333s
Iteration 8
time: 0.115945s
Iteration 9
time: 0.115767s
Iteration 10
time: 0.115415s
Iteration 11
time: 0.116450s
Iteration 12
time: 0.115843s
Iteration 13
time: 0.116348s
Iteration 14
time: 0.115732s
Iteration 15
time: 0.115303s
Iteration 16
time: 0.116944s
Iteration 17
time: 0.115474s
Iteration 18
time: 17.353029s
Iteration 19
time: 0.115241s
Iteration 20
time: 0.115676s
Iteration 21
time: 0.115794s
Iteration 22
time: 0.116219s
Iteration 23
time: 0.115618s
Iteration 24
time: 0.115806s
10: Starting numprocs=16 N=4000, M=4000 impl=g-rabenseifner-subgroup-2
14: Starting numprocs=16 N=4000, M=4000 impl=g-rabenseifner-subgroup-2
9: Starting numprocs=16 N=4000, M=4000 impl=g-rabenseifner-subgroup-2
11: Starting numprocs=16 N=4000, M=4000 impl=g-rabenseifner-subgroup-2
15: Starting numprocs=16 N=4000, M=4000 impl=g-rabenseifner-subgroup-2
5: Starting numprocs=16 N=4000, M=4000 impl=g-rabenseifner-subgroup-2
3: Starting numprocs=16 N=4000, M=4000 impl=g-rabenseifner-subgroup-2
7: Starting numprocs=16 N=4000, M=4000 impl=g-rabenseifner-subgroup-2
4: Starting numprocs=16 N=4000, M=4000 impl=g-rabenseifner-subgroup-2
6: Starting numprocs=16 N=4000, M=4000 impl=g-rabenseifner-subgroup-2
2: Starting numprocs=16 N=4000, M=4000 impl=g-rabenseifner-subgroup-2
13: Starting numprocs=16 N=4000, M=4000 impl=g-rabenseifner-subgroup-2
0: Starting numprocs=16 N=4000, M=4000 impl=g-rabenseifner-subgroup-2
Iteration 0
12: Starting numprocs=16 N=4000, M=4000 impl=g-rabenseifner-subgroup-2
8: Starting numprocs=16 N=4000, M=4000 impl=g-rabenseifner-subgroup-2
1: Starting numprocs=16 N=4000, M=4000 impl=g-rabenseifner-subgroup-2
time: 0.158121s
Iteration 1
time: 0.125551s
Iteration 2
time: 0.124878s
Iteration 3
time: 0.124121s
Iteration 4
time: 0.124668s
Iteration 5
time: 0.125430s
Iteration 6
time: 0.124623s
Iteration 7
time: 0.124289s
Iteration 8
time: 0.124487s
Iteration 9
time: 0.121527s
Iteration 10
time: 0.121969s
Iteration 11
time: 0.121833s
Iteration 12
time: 0.122618s
Iteration 13
time: 0.121586s
Iteration 14
time: 0.121936s
Iteration 15
time: 0.121783s
Iteration 16
time: 0.122128s
Iteration 17
time: 0.122206s
Iteration 18
time: 0.123693s
Iteration 19
time: 0.124641s
Iteration 20
time: 0.123532s
Iteration 21
time: 0.125171s
Iteration 22
time: 0.121054s
Iteration 23
time: 0.121578s
Iteration 24
time: 0.120633s
5: Starting numprocs=16 N=4000, M=4000 impl=g-rabenseifner-subgroup-4
10: Starting numprocs=16 N=4000, M=4000 impl=g-rabenseifner-subgroup-4
14: Starting numprocs=16 N=4000, M=4000 impl=g-rabenseifner-subgroup-4
6: Starting numprocs=16 N=4000, M=4000 impl=g-rabenseifner-subgroup-4
4: Starting numprocs=16 N=4000, M=4000 impl=g-rabenseifner-subgroup-4
11: Starting numprocs=16 N=4000, M=4000 impl=g-rabenseifner-subgroup-4
0: Starting numprocs=16 N=4000, M=4000 impl=g-rabenseifner-subgroup-4
Iteration 0
2: Starting numprocs=16 N=4000, M=4000 impl=g-rabenseifner-subgroup-4
9: Starting numprocs=16 N=4000, M=4000 impl=g-rabenseifner-subgroup-4
3: Starting numprocs=16 N=4000, M=4000 impl=g-rabenseifner-subgroup-4
15: Starting numprocs=16 N=4000, M=4000 impl=g-rabenseifner-subgroup-4
7: Starting numprocs=16 N=4000, M=4000 impl=g-rabenseifner-subgroup-4
12: Starting numprocs=16 N=4000, M=4000 impl=g-rabenseifner-subgroup-4
8: Starting numprocs=16 N=4000, M=4000 impl=g-rabenseifner-subgroup-4
1: Starting numprocs=16 N=4000, M=4000 impl=g-rabenseifner-subgroup-4
13: Starting numprocs=16 N=4000, M=4000 impl=g-rabenseifner-subgroup-4
time: 0.192277s
Iteration 1
time: 0.133949s
Iteration 2
time: 0.134625s
Iteration 3
time: 0.135264s
Iteration 4
time: 0.133572s
Iteration 5
time: 0.134674s
Iteration 6
time: 0.133086s
Iteration 7
time: 0.134355s
Iteration 8
time: 0.135495s
Iteration 9
time: 0.134266s
Iteration 10
time: 0.135025s
Iteration 11
time: 0.133141s
Iteration 12
time: 0.133094s
Iteration 13
time: 0.132898s
Iteration 14
time: 0.133180s
Iteration 15
time: 0.133294s
Iteration 16
time: 0.133893s
Iteration 17
time: 0.133693s
Iteration 18
time: 0.135939s
Iteration 19
time: 0.133749s
Iteration 20
time: 0.134017s
Iteration 21
time: 0.133221s
Iteration 22
time: 0.134081s
Iteration 23
time: 0.135984s
Iteration 24
time: 0.133203s
14: Starting numprocs=16 N=4000, M=4000 impl=g-rabenseifner-subgroup-8
15: Starting numprocs=16 N=4000, M=4000 impl=g-rabenseifner-subgroup-8
6: Starting numprocs=16 N=4000, M=4000 impl=g-rabenseifner-subgroup-8
10: Starting numprocs=16 N=4000, M=4000 impl=g-rabenseifner-subgroup-8
9: Starting numprocs=16 N=4000, M=4000 impl=g-rabenseifner-subgroup-8
4: Starting numprocs=16 N=4000, M=4000 impl=g-rabenseifner-subgroup-8
2: Starting numprocs=16 N=4000, M=4000 impl=g-rabenseifner-subgroup-8
11: Starting numprocs=16 N=4000, M=4000 impl=g-rabenseifner-subgroup-8
12: Starting numprocs=16 N=4000, M=4000 impl=g-rabenseifner-subgroup-8
3: Starting numprocs=16 N=4000, M=4000 impl=g-rabenseifner-subgroup-8
7: Starting numprocs=16 N=4000, M=4000 impl=g-rabenseifner-subgroup-8
8: Starting numprocs=16 N=4000, M=4000 impl=g-rabenseifner-subgroup-8
5: Starting numprocs=16 N=4000, M=4000 impl=g-rabenseifner-subgroup-8
13: Starting numprocs=16 N=4000, M=4000 impl=g-rabenseifner-subgroup-8
0: Starting numprocs=16 N=4000, M=4000 impl=g-rabenseifner-subgroup-8
Iteration 0
1: Starting numprocs=16 N=4000, M=4000 impl=g-rabenseifner-subgroup-8
time: 0.187749s
Iteration 1
time: 0.159246s
Iteration 2
time: 0.157562s
Iteration 3
time: 0.159114s
Iteration 4
time: 0.159139s
Iteration 5
time: 0.158850s
Iteration 6
time: 0.158122s
Iteration 7
time: 0.160342s
Iteration 8
time: 0.164513s
Iteration 9
time: 0.161307s
Iteration 10
time: 0.162119s
Iteration 11
time: 0.171151s
Iteration 12
time: 0.162988s
Iteration 13
time: 0.158821s
Iteration 14
time: 0.157887s
Iteration 15
time: 0.158080s
Iteration 16
time: 0.158069s
Iteration 17
time: 0.158617s
Iteration 18
time: 0.158585s
Iteration 19
time: 0.159964s
Iteration 20
time: 0.159268s
Iteration 21
time: 0.159963s
Iteration 22
time: 0.161112s
Iteration 23
time: 0.160530s
Iteration 24
time: 0.157132s
5: Starting numprocs=16 N=5000, M=5000 impl=allgather
10: Starting numprocs=16 N=5000, M=5000 impl=allgather
14: Starting numprocs=16 N=5000, M=5000 impl=allgather
9: Starting numprocs=16 N=5000, M=5000 impl=allgather
15: Starting numprocs=16 N=5000, M=5000 impl=allgather
4: Starting numprocs=16 N=5000, M=5000 impl=allgather
3: Starting numprocs=16 N=5000, M=5000 impl=allgather
11: Starting numprocs=16 N=5000, M=5000 impl=allgather
6: Starting numprocs=16 N=5000, M=5000 impl=allgather
7: Starting numprocs=16 N=5000, M=5000 impl=allgather
2: Starting numprocs=16 N=5000, M=5000 impl=allgather
12: Starting numprocs=16 N=5000, M=5000 impl=allgather
0: Starting numprocs=16 N=5000, M=5000 impl=allgather
Iteration 0
13: Starting numprocs=16 N=5000, M=5000 impl=allgather
1: Starting numprocs=16 N=5000, M=5000 impl=allgather
8: Starting numprocs=16 N=5000, M=5000 impl=allgather
time: 0.526719s
Iteration 1
time: 0.464335s
Iteration 2
time: 0.461744s
Iteration 3
time: 0.467352s
Iteration 4
time: 0.465996s
Iteration 5
time: 0.500719s
Iteration 6
time: 0.460992s
Iteration 7
time: 0.465619s
Iteration 8
time: 0.462702s
Iteration 9
time: 0.462647s
Iteration 10
time: 0.525420s
Iteration 11
time: 0.464978s
Iteration 12
time: 0.460360s
Iteration 13
time: 0.462384s
Iteration 14
time: 0.464108s
Iteration 15
time: 0.498399s
Iteration 16
time: 0.462847s
Iteration 17
time: 0.460992s
Iteration 18
time: 0.462436s
Iteration 19
time: 0.495685s
Iteration 20
time: 0.467115s
Iteration 21
time: 0.467591s
Iteration 22
time: 0.461907s
Iteration 23
time: 0.466557s
Iteration 24
time: 0.463990s
10: Starting numprocs=16 N=5000, M=5000 impl=allreduce
15: Starting numprocs=16 N=5000, M=5000 impl=allreduce
5: Starting numprocs=16 N=5000, M=5000 impl=allreduce
9: Starting numprocs=16 N=5000, M=5000 impl=allreduce
11: Starting numprocs=16 N=5000, M=5000 impl=allreduce
14: Starting numprocs=16 N=5000, M=5000 impl=allreduce
4: Starting numprocs=16 N=5000, M=5000 impl=allreduce
2: Starting numprocs=16 N=5000, M=5000 impl=allreduce
6: Starting numprocs=16 N=5000, M=5000 impl=allreduce
3: Starting numprocs=16 N=5000, M=5000 impl=allreduce
0: Starting numprocs=16 N=5000, M=5000 impl=allreduce
Iteration 0
12: Starting numprocs=16 N=5000, M=5000 impl=allreduce
7: Starting numprocs=16 N=5000, M=5000 impl=allreduce
13: Starting numprocs=16 N=5000, M=5000 impl=allreduce
8: Starting numprocs=16 N=5000, M=5000 impl=allreduce
1: Starting numprocs=16 N=5000, M=5000 impl=allreduce
time: 0.622695s
Iteration 1
time: 0.559053s
Iteration 2
time: 0.545675s
Iteration 3
time: 0.541475s
Iteration 4
time: 0.550170s
Iteration 5
time: 0.565916s
Iteration 6
time: 0.542569s
Iteration 7
time: 0.551596s
Iteration 8
time: 0.540897s
Iteration 9
time: 2.640930s
Iteration 10
time: 0.551026s
Iteration 11
time: 0.561674s
Iteration 12
time: 0.542318s
Iteration 13
time: 0.572789s
Iteration 14
time: 0.556071s
Iteration 15
time: 0.540186s
Iteration 16
time: 0.552477s
Iteration 17
time: 0.556135s
Iteration 18
time: 0.548038s
Iteration 19
time: 0.558690s
Iteration 20
time: 0.544651s
Iteration 21
time: 0.552278s
Iteration 22
time: 0.556359s
Iteration 23
time: 0.566983s
Iteration 24
time: 0.550850s
10: Starting numprocs=16 N=5000, M=5000 impl=allreduce-ring
5: Starting numprocs=16 N=5000, M=5000 impl=allreduce-ring
14: Starting numprocs=16 N=5000, M=5000 impl=allreduce-ring
9: Starting numprocs=16 N=5000, M=5000 impl=allreduce-ring
4: Starting numprocs=16 N=5000, M=5000 impl=allreduce-ring
6: Starting numprocs=16 N=5000, M=5000 impl=allreduce-ring
15: Starting numprocs=16 N=5000, M=5000 impl=allreduce-ring
11: Starting numprocs=16 N=5000, M=5000 impl=allreduce-ring
2: Starting numprocs=16 N=5000, M=5000 impl=allreduce-ring
12: Starting numprocs=16 N=5000, M=5000 impl=allreduce-ring
3: Starting numprocs=16 N=5000, M=5000 impl=allreduce-ring
7: Starting numprocs=16 N=5000, M=5000 impl=allreduce-ring
0: Starting numprocs=16 N=5000, M=5000 impl=allreduce-ring
Iteration 0
8: Starting numprocs=16 N=5000, M=5000 impl=allreduce-ring
13: Starting numprocs=16 N=5000, M=5000 impl=allreduce-ring
1: Starting numprocs=16 N=5000, M=5000 impl=allreduce-ring
time: 0.402599s
Iteration 1
time: 0.374019s
Iteration 2
time: 0.375177s
Iteration 3
time: 8.937407s
Iteration 4
time: 0.374723s
Iteration 5
time: 0.386096s
Iteration 6
time: 0.385950s
Iteration 7
time: 0.373667s
Iteration 8
time: 0.372668s
Iteration 9
time: 0.389170s
Iteration 10
time: 0.373399s
Iteration 11
time: 0.375820s
Iteration 12
time: 0.376877s
Iteration 13
time: 0.374292s
Iteration 14
time: 0.372785s
Iteration 15
time: 0.379696s
Iteration 16
time: 0.383405s
Iteration 17
time: 0.372566s
Iteration 18
time: 0.373163s
Iteration 19
time: 0.371336s
Iteration 20
time: 0.383314s
Iteration 21
time: 0.377342s
Iteration 22
time: 2.462772s
Iteration 23
time: 0.376437s
Iteration 24
time: 0.375206s
10: Starting numprocs=16 N=5000, M=5000 impl=g-rabenseifner-allgather
5: Starting numprocs=16 N=5000, M=5000 impl=g-rabenseifner-allgather
9: Starting numprocs=16 N=5000, M=5000 impl=g-rabenseifner-allgather
15: Starting numprocs=16 N=5000, M=5000 impl=g-rabenseifner-allgather
14: Starting numprocs=16 N=5000, M=5000 impl=g-rabenseifner-allgather
4: Starting numprocs=16 N=5000, M=5000 impl=g-rabenseifner-allgather
11: Starting numprocs=16 N=5000, M=5000 impl=g-rabenseifner-allgather
3: Starting numprocs=16 N=5000, M=5000 impl=g-rabenseifner-allgather
7: Starting numprocs=16 N=5000, M=5000 impl=g-rabenseifner-allgather
6: Starting numprocs=16 N=5000, M=5000 impl=g-rabenseifner-allgather
2: Starting numprocs=16 N=5000, M=5000 impl=g-rabenseifner-allgather
12: Starting numprocs=16 N=5000, M=5000 impl=g-rabenseifner-allgather
0: Starting numprocs=16 N=5000, M=5000 impl=g-rabenseifner-allgather
Iteration 0
8: Starting numprocs=16 N=5000, M=5000 impl=g-rabenseifner-allgather
13: Starting numprocs=16 N=5000, M=5000 impl=g-rabenseifner-allgather
1: Starting numprocs=16 N=5000, M=5000 impl=g-rabenseifner-allgather
time: 0.218597s
Iteration 1
time: 0.193585s
Iteration 2
time: 0.180731s
Iteration 3
time: 0.180809s
Iteration 4
time: 0.181028s
Iteration 5
time: 0.180410s
Iteration 6
time: 0.180246s
Iteration 7
time: 0.180546s
Iteration 8
time: 0.180229s
Iteration 9
time: 0.181196s
Iteration 10
time: 0.180360s
Iteration 11
time: 0.182722s
Iteration 12
time: 0.180844s
Iteration 13
time: 0.180059s
Iteration 14
time: 0.185852s
Iteration 15
time: 0.181000s
Iteration 16
time: 0.179992s
Iteration 17
time: 0.180262s
Iteration 18
time: 0.180211s
Iteration 19
time: 0.181027s
Iteration 20
time: 0.180639s
Iteration 21
time: 0.181588s
Iteration 22
time: 0.188512s
Iteration 23
time: 0.179961s
Iteration 24
time: 0.180493s
10: Starting numprocs=16 N=5000, M=5000 impl=g-rabenseifner-subgroup-2
14: Starting numprocs=16 N=5000, M=5000 impl=g-rabenseifner-subgroup-2
5: Starting numprocs=16 N=5000, M=5000 impl=g-rabenseifner-subgroup-2
6: Starting numprocs=16 N=5000, M=5000 impl=g-rabenseifner-subgroup-2
3: Starting numprocs=16 N=5000, M=5000 impl=g-rabenseifner-subgroup-2
9: Starting numprocs=16 N=5000, M=5000 impl=g-rabenseifner-subgroup-2
11: Starting numprocs=16 N=5000, M=5000 impl=g-rabenseifner-subgroup-2
4: Starting numprocs=16 N=5000, M=5000 impl=g-rabenseifner-subgroup-2
15: Starting numprocs=16 N=5000, M=5000 impl=g-rabenseifner-subgroup-2
2: Starting numprocs=16 N=5000, M=5000 impl=g-rabenseifner-subgroup-2
7: Starting numprocs=16 N=5000, M=5000 impl=g-rabenseifner-subgroup-2
12: Starting numprocs=16 N=5000, M=5000 impl=g-rabenseifner-subgroup-2
0: Starting numprocs=16 N=5000, M=5000 impl=g-rabenseifner-subgroup-2
Iteration 0
13: Starting numprocs=16 N=5000, M=5000 impl=g-rabenseifner-subgroup-2
8: Starting numprocs=16 N=5000, M=5000 impl=g-rabenseifner-subgroup-2
1: Starting numprocs=16 N=5000, M=5000 impl=g-rabenseifner-subgroup-2
time: 0.229027s
Iteration 1
time: 0.189806s
Iteration 2
time: 0.188747s
Iteration 3
time: 0.188886s
Iteration 4
time: 0.188510s
Iteration 5
time: 0.189853s
Iteration 6
time: 0.189176s
Iteration 7
time: 0.190788s
Iteration 8
time: 0.189465s
Iteration 9
time: 0.190222s
Iteration 10
time: 0.190439s
Iteration 11
time: 0.189631s
Iteration 12
time: 0.188825s
Iteration 13
time: 0.188837s
Iteration 14
time: 1.599628s
Iteration 15
time: 0.190290s
Iteration 16
time: 0.189978s
Iteration 17
time: 0.188861s
Iteration 18
time: 0.189583s
Iteration 19
time: 0.213083s
Iteration 20
time: 0.188957s
Iteration 21
time: 0.189969s
Iteration 22
time: 0.188698s
Iteration 23
time: 0.188357s
Iteration 24
time: 0.191013s
10: Starting numprocs=16 N=5000, M=5000 impl=g-rabenseifner-subgroup-4
9: Starting numprocs=16 N=5000, M=5000 impl=g-rabenseifner-subgroup-4
4: Starting numprocs=16 N=5000, M=5000 impl=g-rabenseifner-subgroup-4
5: Starting numprocs=16 N=5000, M=5000 impl=g-rabenseifner-subgroup-4
6: Starting numprocs=16 N=5000, M=5000 impl=g-rabenseifner-subgroup-4
14: Starting numprocs=16 N=5000, M=5000 impl=g-rabenseifner-subgroup-4
11: Starting numprocs=16 N=5000, M=5000 impl=g-rabenseifner-subgroup-4
2: Starting numprocs=16 N=5000, M=5000 impl=g-rabenseifner-subgroup-4
15: Starting numprocs=16 N=5000, M=5000 impl=g-rabenseifner-subgroup-4
7: Starting numprocs=16 N=5000, M=5000 impl=g-rabenseifner-subgroup-4
3: Starting numprocs=16 N=5000, M=5000 impl=g-rabenseifner-subgroup-4
12: Starting numprocs=16 N=5000, M=5000 impl=g-rabenseifner-subgroup-4
0: Starting numprocs=16 N=5000, M=5000 impl=g-rabenseifner-subgroup-4
Iteration 0
13: Starting numprocs=16 N=5000, M=5000 impl=g-rabenseifner-subgroup-4
8: Starting numprocs=16 N=5000, M=5000 impl=g-rabenseifner-subgroup-4
1: Starting numprocs=16 N=5000, M=5000 impl=g-rabenseifner-subgroup-4
time: 0.247926s
Iteration 1
time: 0.208408s
Iteration 2
time: 0.211020s
Iteration 3
time: 0.209824s
Iteration 4
time: 0.209417s
Iteration 5
time: 0.209497s
Iteration 6
time: 0.210176s
Iteration 7
time: 0.207781s
Iteration 8
time: 0.207381s
Iteration 9
time: 2.248772s
Iteration 10
time: 0.209842s
Iteration 11
time: 0.209962s
Iteration 12
time: 0.207429s
Iteration 13
time: 0.207230s
Iteration 14
time: 0.211688s
Iteration 15
time: 0.212119s
Iteration 16
time: 0.210663s
Iteration 17
time: 0.211089s
Iteration 18
time: 0.211281s
Iteration 19
time: 0.209186s
Iteration 20
time: 0.210569s
Iteration 21
time: 0.212544s
Iteration 22
time: 0.214458s
Iteration 23
time: 0.214407s
Iteration 24
time: 0.213472s
10: Starting numprocs=16 N=5000, M=5000 impl=g-rabenseifner-subgroup-8
5: Starting numprocs=16 N=5000, M=5000 impl=g-rabenseifner-subgroup-8
15: Starting numprocs=16 N=5000, M=5000 impl=g-rabenseifner-subgroup-8
9: Starting numprocs=16 N=5000, M=5000 impl=g-rabenseifner-subgroup-8
14: Starting numprocs=16 N=5000, M=5000 impl=g-rabenseifner-subgroup-8
4: Starting numprocs=16 N=5000, M=5000 impl=g-rabenseifner-subgroup-8
11: Starting numprocs=16 N=5000, M=5000 impl=g-rabenseifner-subgroup-8
6: Starting numprocs=16 N=5000, M=5000 impl=g-rabenseifner-subgroup-8
7: Starting numprocs=16 N=5000, M=5000 impl=g-rabenseifner-subgroup-8
12: Starting numprocs=16 N=5000, M=5000 impl=g-rabenseifner-subgroup-8
0: Starting numprocs=16 N=5000, M=5000 impl=g-rabenseifner-subgroup-8
Iteration 0
8: Starting numprocs=16 N=5000, M=5000 impl=g-rabenseifner-subgroup-8
13: Starting numprocs=16 N=5000, M=5000 impl=g-rabenseifner-subgroup-8
2: Starting numprocs=16 N=5000, M=5000 impl=g-rabenseifner-subgroup-8
3: Starting numprocs=16 N=5000, M=5000 impl=g-rabenseifner-subgroup-8
1: Starting numprocs=16 N=5000, M=5000 impl=g-rabenseifner-subgroup-8
time: 0.274950s
Iteration 1
time: 0.251247s
Iteration 2
time: 0.249678s
Iteration 3
time: 0.254052s
Iteration 4
time: 0.247088s
Iteration 5
time: 0.246198s
Iteration 6
time: 0.246725s
Iteration 7
time: 0.247465s
Iteration 8
time: 0.245497s
Iteration 9
time: 0.246893s
Iteration 10
time: 0.246591s
Iteration 11
time: 0.247656s
Iteration 12
time: 0.251048s
Iteration 13
time: 0.250681s
Iteration 14
time: 0.251924s
Iteration 15
time: 0.248170s
Iteration 16
time: 0.247273s
Iteration 17
time: 0.247906s
Iteration 18
time: 0.246792s
Iteration 19
time: 0.248187s
Iteration 20
time: 0.248000s
Iteration 21
time: 0.248476s
Iteration 22
time: 0.249390s
Iteration 23
time: 0.247193s
Iteration 24
time: 0.249761s
10: Starting numprocs=16 N=6000, M=6000 impl=allgather
5: Starting numprocs=16 N=6000, M=6000 impl=allgather
14: Starting numprocs=16 N=6000, M=6000 impl=allgather
15: Starting numprocs=16 N=6000, M=6000 impl=allgather
4: Starting numprocs=16 N=6000, M=6000 impl=allgather
9: Starting numprocs=16 N=6000, M=6000 impl=allgather
6: Starting numprocs=16 N=6000, M=6000 impl=allgather
11: Starting numprocs=16 N=6000, M=6000 impl=allgather
3: Starting numprocs=16 N=6000, M=6000 impl=allgather
2: Starting numprocs=16 N=6000, M=6000 impl=allgather
12: Starting numprocs=16 N=6000, M=6000 impl=allgather
7: Starting numprocs=16 N=6000, M=6000 impl=allgather
13: Starting numprocs=16 N=6000, M=6000 impl=allgather
0: Starting numprocs=16 N=6000, M=6000 impl=allgather
Iteration 0
8: Starting numprocs=16 N=6000, M=6000 impl=allgather
1: Starting numprocs=16 N=6000, M=6000 impl=allgather
time: 0.728605s
Iteration 1
time: 0.684605s
Iteration 2
time: 0.656882s
Iteration 3
time: 0.664205s
Iteration 4
time: 0.706161s
Iteration 5
time: 0.665140s
Iteration 6
time: 0.667971s
Iteration 7
time: 0.662099s
Iteration 8
time: 0.673097s
Iteration 9
time: 0.666367s
Iteration 10
time: 0.678351s
Iteration 11
time: 0.657741s
Iteration 12
time: 0.676490s
Iteration 13
time: 0.707282s
Iteration 14
time: 0.676582s
Iteration 15
time: 0.721594s
Iteration 16
time: 0.669129s
Iteration 17
time: 0.702435s
Iteration 18
time: 0.664671s
Iteration 19
time: 0.665931s
Iteration 20
time: 0.658315s
Iteration 21
time: 0.674321s
Iteration 22
time: 0.669455s
Iteration 23
time: 0.687653s
Iteration 24
time: 0.657364s
5: Starting numprocs=16 N=6000, M=6000 impl=allreduce
10: Starting numprocs=16 N=6000, M=6000 impl=allreduce
15: Starting numprocs=16 N=6000, M=6000 impl=allreduce
14: Starting numprocs=16 N=6000, M=6000 impl=allreduce
11: Starting numprocs=16 N=6000, M=6000 impl=allreduce
4: Starting numprocs=16 N=6000, M=6000 impl=allreduce
9: Starting numprocs=16 N=6000, M=6000 impl=allreduce
3: Starting numprocs=16 N=6000, M=6000 impl=allreduce
6: Starting numprocs=16 N=6000, M=6000 impl=allreduce
7: Starting numprocs=16 N=6000, M=6000 impl=allreduce
2: Starting numprocs=16 N=6000, M=6000 impl=allreduce
12: Starting numprocs=16 N=6000, M=6000 impl=allreduce
0: Starting numprocs=16 N=6000, M=6000 impl=allreduce
Iteration 0
13: Starting numprocs=16 N=6000, M=6000 impl=allreduce
8: Starting numprocs=16 N=6000, M=6000 impl=allreduce
1: Starting numprocs=16 N=6000, M=6000 impl=allreduce
time: 0.881088s
Iteration 1
time: 0.812007s
Iteration 2
time: 0.790418s
Iteration 3
time: 0.786709s
Iteration 4
time: 0.811040s
Iteration 5
time: 0.797444s
Iteration 6
time: 0.798287s
Iteration 7
time: 4.641498s
Iteration 8
time: 0.795558s
Iteration 9
time: 0.803083s
Iteration 10
time: 0.820907s
Iteration 11
time: 0.800505s
Iteration 12
time: 0.790007s
Iteration 13
time: 0.788565s
Iteration 14
time: 0.807902s
Iteration 15
time: 0.788997s
Iteration 16
time: 0.800414s
Iteration 17
time: 0.807615s
Iteration 18
time: 0.800521s
Iteration 19
time: 2.912763s
Iteration 20
time: 0.791890s
Iteration 21
time: 0.816525s
Iteration 22
time: 0.827285s
Iteration 23
time: 0.784880s
Iteration 24
time: 0.824331s
5: Starting numprocs=16 N=6000, M=6000 impl=allreduce-ring
10: Starting numprocs=16 N=6000, M=6000 impl=allreduce-ring
15: Starting numprocs=16 N=6000, M=6000 impl=allreduce-ring
9: Starting numprocs=16 N=6000, M=6000 impl=allreduce-ring
4: Starting numprocs=16 N=6000, M=6000 impl=allreduce-ring
14: Starting numprocs=16 N=6000, M=6000 impl=allreduce-ring
2: Starting numprocs=16 N=6000, M=6000 impl=allreduce-ring
6: Starting numprocs=16 N=6000, M=6000 impl=allreduce-ring
12: Starting numprocs=16 N=6000, M=6000 impl=allreduce-ring
11: Starting numprocs=16 N=6000, M=6000 impl=allreduce-ring
7: Starting numprocs=16 N=6000, M=6000 impl=allreduce-ring
0: Starting numprocs=16 N=6000, M=6000 impl=allreduce-ring
Iteration 0
8: Starting numprocs=16 N=6000, M=6000 impl=allreduce-ring
3: Starting numprocs=16 N=6000, M=6000 impl=allreduce-ring
13: Starting numprocs=16 N=6000, M=6000 impl=allreduce-ring
1: Starting numprocs=16 N=6000, M=6000 impl=allreduce-ring
time: 0.595692s
Iteration 1
time: 0.532279s
Iteration 2
time: 26.059586s
Iteration 3
time: 0.544202s
Iteration 4
time: 0.544629s
Iteration 5
time: 0.528930s
Iteration 6
time: 41.761152s
Iteration 7
time: 0.543628s
Iteration 8
time: 0.552503s
Iteration 9
time: 0.543894s
Iteration 10
time: 27.986602s
Iteration 11
time: 0.538288s
Iteration 12
time: 0.560230s
Iteration 13
time: 9.223744s
Iteration 14
time: 22.446658s
Iteration 15
time: 0.551071s
Iteration 16
time: 25.388101s
Iteration 17
time: 0.556771s
Iteration 18
time: 0.548342s
Iteration 19
time: 0.560935s
Iteration 20
time: 10.649387s
Iteration 21
time: 0.557218s
Iteration 22
time: 0.552931s
Iteration 23
time: 58.803484s
Iteration 24
time: 20.934351s
14: Starting numprocs=16 N=6000, M=6000 impl=g-rabenseifner-allgather
9: Starting numprocs=16 N=6000, M=6000 impl=g-rabenseifner-allgather
4: Starting numprocs=16 N=6000, M=6000 impl=g-rabenseifner-allgather
15: Starting numprocs=16 N=6000, M=6000 impl=g-rabenseifner-allgather
6: Starting numprocs=16 N=6000, M=6000 impl=g-rabenseifner-allgather
11: Starting numprocs=16 N=6000, M=6000 impl=g-rabenseifner-allgather
5: Starting numprocs=16 N=6000, M=6000 impl=g-rabenseifner-allgather
0: Starting numprocs=16 N=6000, M=6000 impl=g-rabenseifner-allgather
Iteration 0
3: Starting numprocs=16 N=6000, M=6000 impl=g-rabenseifner-allgather
12: Starting numprocs=16 N=6000, M=6000 impl=g-rabenseifner-allgather
2: Starting numprocs=16 N=6000, M=6000 impl=g-rabenseifner-allgather
10: Starting numprocs=16 N=6000, M=6000 impl=g-rabenseifner-allgather
8: Starting numprocs=16 N=6000, M=6000 impl=g-rabenseifner-allgather
7: Starting numprocs=16 N=6000, M=6000 impl=g-rabenseifner-allgather
13: Starting numprocs=16 N=6000, M=6000 impl=g-rabenseifner-allgather
1: Starting numprocs=16 N=6000, M=6000 impl=g-rabenseifner-allgather
time: 0.343391s
Iteration 1
time: 0.260464s
Iteration 2
time: 0.260762s
Iteration 3
time: 0.259196s
Iteration 4
time: 0.259038s
Iteration 5
time: 0.269197s
Iteration 6
time: 18.775333s
Iteration 7
time: 0.260496s
Iteration 8
time: 0.258894s
Iteration 9
time: 0.258839s
Iteration 10
time: 0.258374s
Iteration 11
time: 0.260693s
Iteration 12
time: 0.260563s
Iteration 13
time: 0.259216s
Iteration 14
time: 0.259038s
Iteration 15
time: 0.261010s
Iteration 16
time: 0.260124s
Iteration 17
time: 0.259589s
Iteration 18
time: 0.259140s
Iteration 19
time: 0.259955s
Iteration 20
time: 0.261018s
Iteration 21
time: 0.259196s
Iteration 22
time: 0.258667s
Iteration 23
time: 0.259378s
Iteration 24
time: 0.258285s
4: Starting numprocs=16 N=6000, M=6000 impl=g-rabenseifner-subgroup-2
14: Starting numprocs=16 N=6000, M=6000 impl=g-rabenseifner-subgroup-2
9: Starting numprocs=16 N=6000, M=6000 impl=g-rabenseifner-subgroup-2
15: Starting numprocs=16 N=6000, M=6000 impl=g-rabenseifner-subgroup-2
11: Starting numprocs=16 N=6000, M=6000 impl=g-rabenseifner-subgroup-2
5: Starting numprocs=16 N=6000, M=6000 impl=g-rabenseifner-subgroup-2
2: Starting numprocs=16 N=6000, M=6000 impl=g-rabenseifner-subgroup-2
10: Starting numprocs=16 N=6000, M=6000 impl=g-rabenseifner-subgroup-2
0: Starting numprocs=16 N=6000, M=6000 impl=g-rabenseifner-subgroup-2
Iteration 0
12: Starting numprocs=16 N=6000, M=6000 impl=g-rabenseifner-subgroup-2
6: Starting numprocs=16 N=6000, M=6000 impl=g-rabenseifner-subgroup-2
13: Starting numprocs=16 N=6000, M=6000 impl=g-rabenseifner-subgroup-2
7: Starting numprocs=16 N=6000, M=6000 impl=g-rabenseifner-subgroup-2
8: Starting numprocs=16 N=6000, M=6000 impl=g-rabenseifner-subgroup-2
1: Starting numprocs=16 N=6000, M=6000 impl=g-rabenseifner-subgroup-2
3: Starting numprocs=16 N=6000, M=6000 impl=g-rabenseifner-subgroup-2
time: 8.614679s
Iteration 1
time: 0.280778s
Iteration 2
time: 0.276772s
Iteration 3
time: 0.276475s
Iteration 4
time: 0.276625s
Iteration 5
time: 0.275854s
Iteration 6
time: 0.276442s
Iteration 7
time: 6.713386s
Iteration 8
time: 0.275468s
Iteration 9
time: 0.277520s
Iteration 10
time: 0.277235s
Iteration 11
time: 2.291281s
Iteration 12
time: 0.277372s
Iteration 13
time: 0.277323s
Iteration 14
time: 0.274358s
Iteration 15
time: 0.275170s
Iteration 16
time: 0.277306s
Iteration 17
time: 0.275166s
Iteration 18
time: 11.116082s
Iteration 19
time: 15.028231s
Iteration 20
time: 0.273682s
Iteration 21
time: 0.275326s
Iteration 22
time: 0.271912s
Iteration 23
time: 0.273734s
Iteration 24
time: 15.036100s
14: Starting numprocs=16 N=6000, M=6000 impl=g-rabenseifner-subgroup-4
15: Starting numprocs=16 N=6000, M=6000 impl=g-rabenseifner-subgroup-4
9: Starting numprocs=16 N=6000, M=6000 impl=g-rabenseifner-subgroup-4
4: Starting numprocs=16 N=6000, M=6000 impl=g-rabenseifner-subgroup-4
11: Starting numprocs=16 N=6000, M=6000 impl=g-rabenseifner-subgroup-4
6: Starting numprocs=16 N=6000, M=6000 impl=g-rabenseifner-subgroup-4
5: Starting numprocs=16 N=6000, M=6000 impl=g-rabenseifner-subgroup-4
10: Starting numprocs=16 N=6000, M=6000 impl=g-rabenseifner-subgroup-4
7: Starting numprocs=16 N=6000, M=6000 impl=g-rabenseifner-subgroup-4
2: Starting numprocs=16 N=6000, M=6000 impl=g-rabenseifner-subgroup-4
0: Starting numprocs=16 N=6000, M=6000 impl=g-rabenseifner-subgroup-4
Iteration 0
12: Starting numprocs=16 N=6000, M=6000 impl=g-rabenseifner-subgroup-4
3: Starting numprocs=16 N=6000, M=6000 impl=g-rabenseifner-subgroup-4
13: Starting numprocs=16 N=6000, M=6000 impl=g-rabenseifner-subgroup-4
8: Starting numprocs=16 N=6000, M=6000 impl=g-rabenseifner-subgroup-4
1: Starting numprocs=16 N=6000, M=6000 impl=g-rabenseifner-subgroup-4
time: 3.450485s
Iteration 1
time: 0.302469s
Iteration 2
time: 0.304454s
Iteration 3
time: 0.305618s
Iteration 4
time: 0.300084s
Iteration 5
time: 0.302329s
Iteration 6
time: 23.908805s
Iteration 7
time: 8.787039s
Iteration 8
time: 0.304902s
Iteration 9
time: 0.306456s
Iteration 10
time: 0.303667s
Iteration 11
time: 0.310116s
Iteration 12
time: 0.314511s
Iteration 13
time: 0.303661s
Iteration 14
time: 0.302766s
Iteration 15
time: 0.304489s
Iteration 16
time: 0.302668s
Iteration 17
time: 4.493195s
Iteration 18
time: 0.302925s
Iteration 19
time: 0.300357s
Iteration 20
time: 0.309560s
Iteration 21
time: 0.309153s
Iteration 22
time: 0.300992s
Iteration 23
time: 2.498608s
Iteration 24
time: 0.300458s
9: Starting numprocs=16 N=6000, M=6000 impl=g-rabenseifner-subgroup-8
14: Starting numprocs=16 N=6000, M=6000 impl=g-rabenseifner-subgroup-8
6: Starting numprocs=16 N=6000, M=6000 impl=g-rabenseifner-subgroup-8
3: Starting numprocs=16 N=6000, M=6000 impl=g-rabenseifner-subgroup-8
4: Starting numprocs=16 N=6000, M=6000 impl=g-rabenseifner-subgroup-8
12: Starting numprocs=16 N=6000, M=6000 impl=g-rabenseifner-subgroup-8
11: Starting numprocs=16 N=6000, M=6000 impl=g-rabenseifner-subgroup-8
7: Starting numprocs=16 N=6000, M=6000 impl=g-rabenseifner-subgroup-8
2: Starting numprocs=16 N=6000, M=6000 impl=g-rabenseifner-subgroup-8
15: Starting numprocs=16 N=6000, M=6000 impl=g-rabenseifner-subgroup-8
0: Starting numprocs=16 N=6000, M=6000 impl=g-rabenseifner-subgroup-8
Iteration 0
10: Starting numprocs=16 N=6000, M=6000 impl=g-rabenseifner-subgroup-8
5: Starting numprocs=16 N=6000, M=6000 impl=g-rabenseifner-subgroup-8
13: Starting numprocs=16 N=6000, M=6000 impl=g-rabenseifner-subgroup-8
1: Starting numprocs=16 N=6000, M=6000 impl=g-rabenseifner-subgroup-8
8: Starting numprocs=16 N=6000, M=6000 impl=g-rabenseifner-subgroup-8
time: 0.413726s
Iteration 1
time: 0.355507s
Iteration 2
time: 0.360177s
Iteration 3
time: 0.359783s
Iteration 4
time: 0.357554s
Iteration 5
time: 0.354984s
Iteration 6
time: 0.359150s
Iteration 7
time: 0.360386s
Iteration 8
time: 0.362670s
Iteration 9
time: 0.364668s
Iteration 10
time: 0.357573s
Iteration 11
time: 0.359586s
Iteration 12
time: 0.373596s
Iteration 13
time: 0.357542s
Iteration 14
time: 0.358140s
Iteration 15
time: 0.359316s
Iteration 16
time: 0.361682s
Iteration 17
time: 0.383652s
Iteration 18
time: 0.358186s
Iteration 19
time: 0.360506s
Iteration 20
time: 0.363449s
Iteration 21
time: 0.384058s
Iteration 22
time: 0.357649s
Iteration 23
time: 0.358738s
Iteration 24
time: 0.361645s
7: Starting numprocs=16 N=7000, M=7000 impl=allgather
15: Starting numprocs=16 N=7000, M=7000 impl=allgather
14: Starting numprocs=16 N=7000, M=7000 impl=allgather
4: Starting numprocs=16 N=7000, M=7000 impl=allgather
6: Starting numprocs=16 N=7000, M=7000 impl=allgather
9: Starting numprocs=16 N=7000, M=7000 impl=allgather
11: Starting numprocs=16 N=7000, M=7000 impl=allgather
10: Starting numprocs=16 N=7000, M=7000 impl=allgather
12: Starting numprocs=16 N=7000, M=7000 impl=allgather
3: Starting numprocs=16 N=7000, M=7000 impl=allgather
2: Starting numprocs=16 N=7000, M=7000 impl=allgather
0: Starting numprocs=16 N=7000, M=7000 impl=allgather
Iteration 0
8: Starting numprocs=16 N=7000, M=7000 impl=allgather
13: Starting numprocs=16 N=7000, M=7000 impl=allgather
1: Starting numprocs=16 N=7000, M=7000 impl=allgather
5: Starting numprocs=16 N=7000, M=7000 impl=allgather
time: 0.927909s
Iteration 1
time: 0.898721s
Iteration 2
time: 0.946824s
Iteration 3
time: 0.911192s
Iteration 4
time: 0.889792s
Iteration 5
time: 0.937189s
Iteration 6
time: 0.919872s
Iteration 7
time: 0.911896s
Iteration 8
time: 0.897159s
Iteration 9
time: 0.919725s
Iteration 10
time: 0.899232s
Iteration 11
time: 0.937729s
Iteration 12
time: 0.896011s
Iteration 13
time: 0.956395s
Iteration 14
time: 0.932067s
Iteration 15
time: 0.894958s
Iteration 16
time: 0.941517s
Iteration 17
time: 0.911832s
Iteration 18
time: 0.898476s
Iteration 19
time: 0.939507s
Iteration 20
time: 0.913527s
Iteration 21
time: 0.890926s
Iteration 22
time: 0.939177s
Iteration 23
time: 0.910228s
Iteration 24
time: 0.889512s
14: Starting numprocs=16 N=7000, M=7000 impl=allreduce
7: Starting numprocs=16 N=7000, M=7000 impl=allreduce
4: Starting numprocs=16 N=7000, M=7000 impl=allreduce
9: Starting numprocs=16 N=7000, M=7000 impl=allreduce
15: Starting numprocs=16 N=7000, M=7000 impl=allreduce
6: Starting numprocs=16 N=7000, M=7000 impl=allreduce
11: Starting numprocs=16 N=7000, M=7000 impl=allreduce
10: Starting numprocs=16 N=7000, M=7000 impl=allreduce
5: Starting numprocs=16 N=7000, M=7000 impl=allreduce
12: Starting numprocs=16 N=7000, M=7000 impl=allreduce
2: Starting numprocs=16 N=7000, M=7000 impl=allreduce
3: Starting numprocs=16 N=7000, M=7000 impl=allreduce
13: Starting numprocs=16 N=7000, M=7000 impl=allreduce
1: Starting numprocs=16 N=7000, M=7000 impl=allreduce
0: Starting numprocs=16 N=7000, M=7000 impl=allreduce
Iteration 0
8: Starting numprocs=16 N=7000, M=7000 impl=allreduce
time: 8.781969s
Iteration 1
time: 5.451312s
Iteration 2
time: 1.069388s
Iteration 3
time: 8.745862s
Iteration 4
time: 12.273263s
Iteration 5
time: 3.786903s
Iteration 6
time: 4.759187s
Iteration 7
time: 19.472943s
Iteration 8
time: 1.078998s
Iteration 9
time: 5.286725s
Iteration 10
time: 1.080025s
Iteration 11
time: 11.932463s
Iteration 12
time: 1.081987s
Iteration 13
time: 116.532345s
Iteration 14
time: 1.089087s
Iteration 15
time: 26.515594s
Iteration 16
time: 1.079084s
Iteration 17
time: 1.200979s
Iteration 18
time: 1.087213s
Iteration 19
time: 4.507259s
Iteration 20
time: 16.169059s
Iteration 21
time: 9.632259s
Iteration 22
time: 1.062960s
Iteration 23
time: 1.240519s
Iteration 24
time: 2.628936s
3: Starting numprocs=16 N=7000, M=7000 impl=allreduce-ring
7: Starting numprocs=16 N=7000, M=7000 impl=allreduce-ring
12: Starting numprocs=16 N=7000, M=7000 impl=allreduce-ring
9: Starting numprocs=16 N=7000, M=7000 impl=allreduce-ring
14: Starting numprocs=16 N=7000, M=7000 impl=allreduce-ring
11: Starting numprocs=16 N=7000, M=7000 impl=allreduce-ring
6: Starting numprocs=16 N=7000, M=7000 impl=allreduce-ring
4: Starting numprocs=16 N=7000, M=7000 impl=allreduce-ring
15: Starting numprocs=16 N=7000, M=7000 impl=allreduce-ring
2: Starting numprocs=16 N=7000, M=7000 impl=allreduce-ring
10: Starting numprocs=16 N=7000, M=7000 impl=allreduce-ring
0: Starting numprocs=16 N=7000, M=7000 impl=allreduce-ring
Iteration 0
13: Starting numprocs=16 N=7000, M=7000 impl=allreduce-ring
8: Starting numprocs=16 N=7000, M=7000 impl=allreduce-ring
5: Starting numprocs=16 N=7000, M=7000 impl=allreduce-ring
1: Starting numprocs=16 N=7000, M=7000 impl=allreduce-ring
time: 3.272829s
Iteration 1
time: 0.732286s
Iteration 2
time: 0.765103s
Iteration 3
time: 46.218734s
Iteration 4
time: 2.269722s
Iteration 5
time: 0.841970s
Iteration 6
time: 11.196372s
Iteration 7
time: 23.777254s
Iteration 8
time: 10.602223s
Iteration 9
time: 16.997521s
Iteration 10
time: 21.829288s
Iteration 11
time: 26.140582s
Iteration 12
time: 0.739769s
Iteration 13
time: 5.899221s
Iteration 14
time: 2.471135s
Iteration 15
time: 0.737084s
Iteration 16
time: 4.778937s
Iteration 17
time: 0.740199s
Iteration 18
time: 5.068517s
Iteration 19
time: 0.736603s
Iteration 20
time: 0.752919s
Iteration 21
time: 43.719044s
Iteration 22
time: 40.088425s
Iteration 23
time: 0.747850s
Iteration 24
time: 0.738234s
3: Starting numprocs=16 N=7000, M=7000 impl=g-rabenseifner-allgather
15: Starting numprocs=16 N=7000, M=7000 impl=g-rabenseifner-allgather
9: Starting numprocs=16 N=7000, M=7000 impl=g-rabenseifner-allgather
14: Starting numprocs=16 N=7000, M=7000 impl=g-rabenseifner-allgather
11: Starting numprocs=16 N=7000, M=7000 impl=g-rabenseifner-allgather
4: Starting numprocs=16 N=7000, M=7000 impl=g-rabenseifner-allgather
6: Starting numprocs=16 N=7000, M=7000 impl=g-rabenseifner-allgather
5: Starting numprocs=16 N=7000, M=7000 impl=g-rabenseifner-allgather
13: Starting numprocs=16 N=7000, M=7000 impl=g-rabenseifner-allgather
2: Starting numprocs=16 N=7000, M=7000 impl=g-rabenseifner-allgather
10: Starting numprocs=16 N=7000, M=7000 impl=g-rabenseifner-allgather
0: Starting numprocs=16 N=7000, M=7000 impl=g-rabenseifner-allgather
Iteration 0
7: Starting numprocs=16 N=7000, M=7000 impl=g-rabenseifner-allgather
12: Starting numprocs=16 N=7000, M=7000 impl=g-rabenseifner-allgather
8: Starting numprocs=16 N=7000, M=7000 impl=g-rabenseifner-allgather
1: Starting numprocs=16 N=7000, M=7000 impl=g-rabenseifner-allgather
time: 14.912013s
Iteration 1
time: 0.354665s
Iteration 2
time: 0.351953s
Iteration 3
time: 4.668110s
Iteration 4
time: 0.352978s
Iteration 5
time: 0.352851s
Iteration 6
time: 20.913952s
Iteration 7
time: 0.354676s
Iteration 8
time: 11.011206s
Iteration 9
time: 0.364316s
Iteration 10
time: 0.356239s
Iteration 11
time: 0.354115s
Iteration 12
time: 45.680307s
Iteration 13
time: 0.353645s
Iteration 14
time: 0.353461s
Iteration 15
time: 0.351996s
Iteration 16
time: 0.351457s
Iteration 17
time: 4.682561s
Iteration 18
time: 0.380468s
Iteration 19
time: 0.352547s
Iteration 20
time: 3.602074s
Iteration 21
time: 0.352164s
Iteration 22
time: 0.353935s
Iteration 23
time: 0.352198s
Iteration 24
time: 0.354144s
3: Starting numprocs=16 N=7000, M=7000 impl=g-rabenseifner-subgroup-2
14: Starting numprocs=16 N=7000, M=7000 impl=g-rabenseifner-subgroup-2
4: Starting numprocs=16 N=7000, M=7000 impl=g-rabenseifner-subgroup-2
15: Starting numprocs=16 N=7000, M=7000 impl=g-rabenseifner-subgroup-2
6: Starting numprocs=16 N=7000, M=7000 impl=g-rabenseifner-subgroup-2
0: Starting numprocs=16 N=7000, M=7000 impl=g-rabenseifner-subgroup-2
Iteration 0
2: Starting numprocs=16 N=7000, M=7000 impl=g-rabenseifner-subgroup-2
9: Starting numprocs=16 N=7000, M=7000 impl=g-rabenseifner-subgroup-2
10: Starting numprocs=16 N=7000, M=7000 impl=g-rabenseifner-subgroup-2
11: Starting numprocs=16 N=7000, M=7000 impl=g-rabenseifner-subgroup-2
12: Starting numprocs=16 N=7000, M=7000 impl=g-rabenseifner-subgroup-2
5: Starting numprocs=16 N=7000, M=7000 impl=g-rabenseifner-subgroup-2
7: Starting numprocs=16 N=7000, M=7000 impl=g-rabenseifner-subgroup-2
13: Starting numprocs=16 N=7000, M=7000 impl=g-rabenseifner-subgroup-2
1: Starting numprocs=16 N=7000, M=7000 impl=g-rabenseifner-subgroup-2
8: Starting numprocs=16 N=7000, M=7000 impl=g-rabenseifner-subgroup-2
time: 29.760905s
Iteration 1
time: 0.370444s
Iteration 2
time: 75.851810s
Iteration 3
time: 16.672020s
Iteration 4
time: 0.369312s
Iteration 5
time: 24.206734s
Iteration 6
time: 0.373272s
Iteration 7
time: 0.370529s
Iteration 8
time: 0.369066s
Iteration 9
time: 0.369981s
Iteration 10
time: 0.371477s
Iteration 11
time: 2.395135s
Iteration 12
time: 0.371804s
Iteration 13
time: 0.370028s
Iteration 14
time: 0.371912s
Iteration 15
time: 0.373386s
Iteration 16
time: 6.870751s
Iteration 17
time: 0.367921s
Iteration 18
time: 0.368655s
Iteration 19
time: 0.370426s
Iteration 20
time: 0.371527s
Iteration 21
time: 1.980764s
Iteration 22
time: 0.370032s
Iteration 23
time: 0.368212s
Iteration 24
time: 0.367233s
3: Starting numprocs=16 N=7000, M=7000 impl=g-rabenseifner-subgroup-4
9: Starting numprocs=16 N=7000, M=7000 impl=g-rabenseifner-subgroup-4
14: Starting numprocs=16 N=7000, M=7000 impl=g-rabenseifner-subgroup-4
6: Starting numprocs=16 N=7000, M=7000 impl=g-rabenseifner-subgroup-4
15: Starting numprocs=16 N=7000, M=7000 impl=g-rabenseifner-subgroup-4
4: Starting numprocs=16 N=7000, M=7000 impl=g-rabenseifner-subgroup-4
10: Starting numprocs=16 N=7000, M=7000 impl=g-rabenseifner-subgroup-4
5: Starting numprocs=16 N=7000, M=7000 impl=g-rabenseifner-subgroup-4
11: Starting numprocs=16 N=7000, M=7000 impl=g-rabenseifner-subgroup-4
7: Starting numprocs=16 N=7000, M=7000 impl=g-rabenseifner-subgroup-4
2: Starting numprocs=16 N=7000, M=7000 impl=g-rabenseifner-subgroup-4
12: Starting numprocs=16 N=7000, M=7000 impl=g-rabenseifner-subgroup-4
0: Starting numprocs=16 N=7000, M=7000 impl=g-rabenseifner-subgroup-4
Iteration 0
8: Starting numprocs=16 N=7000, M=7000 impl=g-rabenseifner-subgroup-4
13: Starting numprocs=16 N=7000, M=7000 impl=g-rabenseifner-subgroup-4
1: Starting numprocs=16 N=7000, M=7000 impl=g-rabenseifner-subgroup-4
time: 0.479476s
Iteration 1
time: 0.438908s
Iteration 2
time: 0.406698s
Iteration 3
time: 2.404239s
Iteration 4
time: 0.407769s
Iteration 5
time: 2.377477s
Iteration 6
time: 0.408429s
Iteration 7
time: 4.388901s
Iteration 8
time: 0.408833s
Iteration 9
time: 6.747890s
Iteration 10
time: 0.408464s
Iteration 11
time: 0.435324s
Iteration 12
time: 0.418892s
Iteration 13
time: 0.417053s
Iteration 14
time: 0.413851s
Iteration 15
time: 0.416625s
Iteration 16
time: 19.639750s
Iteration 17
time: 0.421615s
Iteration 18
time: 0.413995s
Iteration 19
time: 0.415364s
Iteration 20
time: 0.417798s
Iteration 21
time: 8.938355s
Iteration 22
time: 0.420745s
Iteration 23
time: 30.526924s
Iteration 24
time: 0.417222s
3: Starting numprocs=16 N=7000, M=7000 impl=g-rabenseifner-subgroup-8
14: Starting numprocs=16 N=7000, M=7000 impl=g-rabenseifner-subgroup-8
9: Starting numprocs=16 N=7000, M=7000 impl=g-rabenseifner-subgroup-8
15: Starting numprocs=16 N=7000, M=7000 impl=g-rabenseifner-subgroup-8
11: Starting numprocs=16 N=7000, M=7000 impl=g-rabenseifner-subgroup-8
7: Starting numprocs=16 N=7000, M=7000 impl=g-rabenseifner-subgroup-8
4: Starting numprocs=16 N=7000, M=7000 impl=g-rabenseifner-subgroup-8
6: Starting numprocs=16 N=7000, M=7000 impl=g-rabenseifner-subgroup-8
10: Starting numprocs=16 N=7000, M=7000 impl=g-rabenseifner-subgroup-8
2: Starting numprocs=16 N=7000, M=7000 impl=g-rabenseifner-subgroup-8
5: Starting numprocs=16 N=7000, M=7000 impl=g-rabenseifner-subgroup-8
12: Starting numprocs=16 N=7000, M=7000 impl=g-rabenseifner-subgroup-8
13: Starting numprocs=16 N=7000, M=7000 impl=g-rabenseifner-subgroup-8
0: Starting numprocs=16 N=7000, M=7000 impl=g-rabenseifner-subgroup-8
Iteration 0
8: Starting numprocs=16 N=7000, M=7000 impl=g-rabenseifner-subgroup-8
1: Starting numprocs=16 N=7000, M=7000 impl=g-rabenseifner-subgroup-8
time: 0.537871s
Iteration 1
time: 0.485855s
Iteration 2
time: 0.490351s
Iteration 3
time: 0.492586s
Iteration 4
time: 0.499103s
Iteration 5
time: 0.483975s
Iteration 6
time: 0.490600s
Iteration 7
time: 0.487698s
Iteration 8
time: 0.485548s
Iteration 9
time: 0.488419s
Iteration 10
time: 0.497681s
Iteration 11
time: 0.490555s
Iteration 12
time: 0.492282s
Iteration 13
time: 2.520335s
Iteration 14
time: 0.492097s
Iteration 15
time: 0.489363s
Iteration 16
time: 0.485582s
Iteration 17
time: 0.487869s
Iteration 18
time: 0.489129s
Iteration 19
time: 0.486431s
Iteration 20
time: 0.501859s
Iteration 21
time: 0.487730s
Iteration 22
time: 0.496732s
Iteration 23
time: 0.506501s
Iteration 24
time: 0.490341s
3: Starting numprocs=16 N=8000, M=8000 impl=allgather
7: Starting numprocs=16 N=8000, M=8000 impl=allgather
14: Starting numprocs=16 N=8000, M=8000 impl=allgather
15: Starting numprocs=16 N=8000, M=8000 impl=allgather
9: Starting numprocs=16 N=8000, M=8000 impl=allgather
6: Starting numprocs=16 N=8000, M=8000 impl=allgather
10: Starting numprocs=16 N=8000, M=8000 impl=allgather
4: Starting numprocs=16 N=8000, M=8000 impl=allgather
11: Starting numprocs=16 N=8000, M=8000 impl=allgather
0: Starting numprocs=16 N=8000, M=8000 impl=allgather
Iteration 0
2: Starting numprocs=16 N=8000, M=8000 impl=allgather
5: Starting numprocs=16 N=8000, M=8000 impl=allgather
12: Starting numprocs=16 N=8000, M=8000 impl=allgather
13: Starting numprocs=16 N=8000, M=8000 impl=allgather
8: Starting numprocs=16 N=8000, M=8000 impl=allgather
1: Starting numprocs=16 N=8000, M=8000 impl=allgather
time: 1.209983s
Iteration 1
time: 1.210479s
Iteration 2
time: 1.176963s
Iteration 3
time: 1.228962s
Iteration 4
time: 1.193524s
Iteration 5
time: 1.233065s
Iteration 6
time: 1.245054s
Iteration 7
time: 1.206568s
Iteration 8
time: 1.183404s
Iteration 9
time: 1.232718s
Iteration 10
time: 1.189281s
Iteration 11
time: 1.235433s
Iteration 12
time: 1.182792s
Iteration 13
time: 1.241182s
Iteration 14
time: 1.199768s
Iteration 15
time: 1.194614s
Iteration 16
time: 1.200216s
Iteration 17
time: 1.196138s
Iteration 18
time: 1.214540s
Iteration 19
time: 1.189547s
Iteration 20
time: 1.283489s
Iteration 21
time: 1.180378s
Iteration 22
time: 1.234415s
Iteration 23
time: 1.188703s
Iteration 24
time: 1.242782s
7: Starting numprocs=16 N=8000, M=8000 impl=allreduce
3: Starting numprocs=16 N=8000, M=8000 impl=allreduce
14: Starting numprocs=16 N=8000, M=8000 impl=allreduce
9: Starting numprocs=16 N=8000, M=8000 impl=allreduce
4: Starting numprocs=16 N=8000, M=8000 impl=allreduce
15: Starting numprocs=16 N=8000, M=8000 impl=allreduce
11: Starting numprocs=16 N=8000, M=8000 impl=allreduce
12: Starting numprocs=16 N=8000, M=8000 impl=allreduce
2: Starting numprocs=16 N=8000, M=8000 impl=allreduce
6: Starting numprocs=16 N=8000, M=8000 impl=allreduce
10: Starting numprocs=16 N=8000, M=8000 impl=allreduce
0: Starting numprocs=16 N=8000, M=8000 impl=allreduce
Iteration 0
13: Starting numprocs=16 N=8000, M=8000 impl=allreduce
8: Starting numprocs=16 N=8000, M=8000 impl=allreduce
5: Starting numprocs=16 N=8000, M=8000 impl=allreduce
1: Starting numprocs=16 N=8000, M=8000 impl=allreduce
time: 77.712759s
Iteration 1
time: 9.558694s
Iteration 2
time: 34.970550s
Iteration 3
time: 46.231015s
Iteration 4
time: 24.737922s
Iteration 5
time: 34.172195s
Iteration 6
time: 1.421758s
Iteration 7
time: 20.429925s
Iteration 8
time: 1.409927s
Iteration 9
time: 1.399961s
Iteration 10
time: 176.704892s
Iteration 11
time: 15.190794s
Iteration 12
time: 47.599253s
Iteration 13
time: 1.421506s
Iteration 14
time: 26.729520s
Iteration 15
time: 1.653814s
Iteration 16
time: 12.228961s
Iteration 17
time: 3.789430s
Iteration 18
time: 9.398818s
Iteration 19
time: 1.418627s
Iteration 20
time: 2.077654s
Iteration 21
time: 12.748135s
Iteration 22
time: 1.384965s
Iteration 23
time: 1.414203s
Iteration 24
time: 1.414782s
3: Starting numprocs=16 N=8000, M=8000 impl=allreduce-ring
7: Starting numprocs=16 N=8000, M=8000 impl=allreduce-ring
15: Starting numprocs=16 N=8000, M=8000 impl=allreduce-ring
6: Starting numprocs=16 N=8000, M=8000 impl=allreduce-ring
4: Starting numprocs=16 N=8000, M=8000 impl=allreduce-ring
10: Starting numprocs=16 N=8000, M=8000 impl=allreduce-ring
14: Starting numprocs=16 N=8000, M=8000 impl=allreduce-ring
2: Starting numprocs=16 N=8000, M=8000 impl=allreduce-ring
5: Starting numprocs=16 N=8000, M=8000 impl=allreduce-ring
9: Starting numprocs=16 N=8000, M=8000 impl=allreduce-ring
12: Starting numprocs=16 N=8000, M=8000 impl=allreduce-ring
11: Starting numprocs=16 N=8000, M=8000 impl=allreduce-ring
13: Starting numprocs=16 N=8000, M=8000 impl=allreduce-ring
8: Starting numprocs=16 N=8000, M=8000 impl=allreduce-ring
1: Starting numprocs=16 N=8000, M=8000 impl=allreduce-ring
0: Starting numprocs=16 N=8000, M=8000 impl=allreduce-ring
Iteration 0
time: 1.029326s
Iteration 1
time: 0.966364s
Iteration 2
time: 0.971730s
Iteration 3
time: 0.971250s
Iteration 4
time: 2.618780s
Iteration 5
time: 0.966264s
Iteration 6
time: 0.991449s
Iteration 7
time: 0.956700s
Iteration 8
time: 0.994482s
Iteration 9
time: 4.585150s
Iteration 10
time: 0.984308s
Iteration 11
time: 0.962521s
Iteration 12
time: 0.982251s
Iteration 13
time: 0.971670s
Iteration 14
time: 0.970781s
Iteration 15
time: 0.978006s
Iteration 16
time: 0.956571s
Iteration 17
time: 0.980712s
Iteration 18
time: 0.976949s
Iteration 19
time: 0.962275s
Iteration 20
time: 0.971780s
Iteration 21
time: 0.965779s
Iteration 22
time: 4.333475s
Iteration 23
time: 0.959406s
Iteration 24
time: 0.967444s
3: Starting numprocs=16 N=8000, M=8000 impl=g-rabenseifner-allgather
14: Starting numprocs=16 N=8000, M=8000 impl=g-rabenseifner-allgather
7: Starting numprocs=16 N=8000, M=8000 impl=g-rabenseifner-allgather
15: Starting numprocs=16 N=8000, M=8000 impl=g-rabenseifner-allgather
9: Starting numprocs=16 N=8000, M=8000 impl=g-rabenseifner-allgather
2: Starting numprocs=16 N=8000, M=8000 impl=g-rabenseifner-allgather
4: Starting numprocs=16 N=8000, M=8000 impl=g-rabenseifner-allgather
5: Starting numprocs=16 N=8000, M=8000 impl=g-rabenseifner-allgather
10: Starting numprocs=16 N=8000, M=8000 impl=g-rabenseifner-allgather
0: Starting numprocs=16 N=8000, M=8000 impl=g-rabenseifner-allgather
Iteration 0
6: Starting numprocs=16 N=8000, M=8000 impl=g-rabenseifner-allgather
12: Starting numprocs=16 N=8000, M=8000 impl=g-rabenseifner-allgather
11: Starting numprocs=16 N=8000, M=8000 impl=g-rabenseifner-allgather
13: Starting numprocs=16 N=8000, M=8000 impl=g-rabenseifner-allgather
8: Starting numprocs=16 N=8000, M=8000 impl=g-rabenseifner-allgather
1: Starting numprocs=16 N=8000, M=8000 impl=g-rabenseifner-allgather
time: 25.426311s
Iteration 1
time: 0.460403s
Iteration 2
time: 0.462092s
Iteration 3
time: 0.464993s
Iteration 4
time: 47.208190s
Iteration 5
time: 0.462982s
Iteration 6
time: 0.459504s
Iteration 7
time: 0.461737s
Iteration 8
time: 7.245089s
Iteration 9
time: 0.459732s
Iteration 10
time: 0.459987s
Iteration 11
time: 0.462768s
Iteration 12
time: 0.460067s
Iteration 13
time: 0.459387s
Iteration 14
time: 0.458811s
Iteration 15
time: 0.459785s
Iteration 16
time: 0.459169s
Iteration 17
time: 0.461794s
Iteration 18
time: 0.459498s
Iteration 19
time: 0.460455s
Iteration 20
time: 0.460704s
Iteration 21
time: 0.459279s
Iteration 22
time: 0.462502s
Iteration 23
time: 0.460026s
Iteration 24
time: 0.460531s
7: Starting numprocs=16 N=8000, M=8000 impl=g-rabenseifner-subgroup-2
9: Starting numprocs=16 N=8000, M=8000 impl=g-rabenseifner-subgroup-2
3: Starting numprocs=16 N=8000, M=8000 impl=g-rabenseifner-subgroup-2
14: Starting numprocs=16 N=8000, M=8000 impl=g-rabenseifner-subgroup-2
11: Starting numprocs=16 N=8000, M=8000 impl=g-rabenseifner-subgroup-2
15: Starting numprocs=16 N=8000, M=8000 impl=g-rabenseifner-subgroup-2
4: Starting numprocs=16 N=8000, M=8000 impl=g-rabenseifner-subgroup-2
2: Starting numprocs=16 N=8000, M=8000 impl=g-rabenseifner-subgroup-2
12: Starting numprocs=16 N=8000, M=8000 impl=g-rabenseifner-subgroup-2
6: Starting numprocs=16 N=8000, M=8000 impl=g-rabenseifner-subgroup-2
5: Starting numprocs=16 N=8000, M=8000 impl=g-rabenseifner-subgroup-2
0: Starting numprocs=16 N=8000, M=8000 impl=g-rabenseifner-subgroup-2
Iteration 0
10: Starting numprocs=16 N=8000, M=8000 impl=g-rabenseifner-subgroup-2
13: Starting numprocs=16 N=8000, M=8000 impl=g-rabenseifner-subgroup-2
8: Starting numprocs=16 N=8000, M=8000 impl=g-rabenseifner-subgroup-2
1: Starting numprocs=16 N=8000, M=8000 impl=g-rabenseifner-subgroup-2
time: 0.564044s
Iteration 1
time: 0.481003s
Iteration 2
time: 0.480618s
Iteration 3
time: 0.482828s
Iteration 4
time: 0.485130s
Iteration 5
time: 0.482596s
Iteration 6
time: 0.483163s
Iteration 7
time: 0.483766s
Iteration 8
time: 0.484171s
Iteration 9
time: 0.482190s
Iteration 10
time: 0.482236s
Iteration 11
time: 0.481639s
Iteration 12
time: 0.488630s
Iteration 13
time: 0.482689s
Iteration 14
time: 0.483273s
Iteration 15
time: 0.482779s
Iteration 16
time: 0.483294s
Iteration 17
time: 0.494605s
Iteration 18
time: 0.482843s
Iteration 19
time: 0.484962s
Iteration 20
time: 0.484985s
Iteration 21
time: 0.482713s
Iteration 22
time: 0.482571s
Iteration 23
time: 0.480878s
Iteration 24
time: 0.482230s
7: Starting numprocs=16 N=8000, M=8000 impl=g-rabenseifner-subgroup-4
9: Starting numprocs=16 N=8000, M=8000 impl=g-rabenseifner-subgroup-4
6: Starting numprocs=16 N=8000, M=8000 impl=g-rabenseifner-subgroup-4
3: Starting numprocs=16 N=8000, M=8000 impl=g-rabenseifner-subgroup-4
14: Starting numprocs=16 N=8000, M=8000 impl=g-rabenseifner-subgroup-4
4: Starting numprocs=16 N=8000, M=8000 impl=g-rabenseifner-subgroup-4
11: Starting numprocs=16 N=8000, M=8000 impl=g-rabenseifner-subgroup-4
5: Starting numprocs=16 N=8000, M=8000 impl=g-rabenseifner-subgroup-4
2: Starting numprocs=16 N=8000, M=8000 impl=g-rabenseifner-subgroup-4
10: Starting numprocs=16 N=8000, M=8000 impl=g-rabenseifner-subgroup-4
15: Starting numprocs=16 N=8000, M=8000 impl=g-rabenseifner-subgroup-4
12: Starting numprocs=16 N=8000, M=8000 impl=g-rabenseifner-subgroup-4
0: Starting numprocs=16 N=8000, M=8000 impl=g-rabenseifner-subgroup-4
Iteration 0
8: Starting numprocs=16 N=8000, M=8000 impl=g-rabenseifner-subgroup-4
13: Starting numprocs=16 N=8000, M=8000 impl=g-rabenseifner-subgroup-4
1: Starting numprocs=16 N=8000, M=8000 impl=g-rabenseifner-subgroup-4
time: 0.637245s
Iteration 1
time: 0.535369s
Iteration 2
time: 0.537090s
Iteration 3
time: 0.535132s
Iteration 4
time: 0.537154s
Iteration 5
time: 0.534645s
Iteration 6
time: 0.536553s
Iteration 7
time: 0.536256s
Iteration 8
time: 0.534881s
Iteration 9
time: 0.539076s
Iteration 10
time: 0.536136s
Iteration 11
time: 0.535644s
Iteration 12
time: 0.534696s
Iteration 13
time: 0.534741s
Iteration 14
time: 0.537018s
Iteration 15
time: 0.536663s
Iteration 16
time: 0.534202s
Iteration 17
time: 0.535033s
Iteration 18
time: 0.538218s
Iteration 19
time: 0.538170s
Iteration 20
time: 0.535894s
Iteration 21
time: 0.573348s
Iteration 22
time: 0.538099s
Iteration 23
time: 0.535859s
Iteration 24
time: 0.533807s
3: Starting numprocs=16 N=8000, M=8000 impl=g-rabenseifner-subgroup-8
7: Starting numprocs=16 N=8000, M=8000 impl=g-rabenseifner-subgroup-8
6: Starting numprocs=16 N=8000, M=8000 impl=g-rabenseifner-subgroup-8
9: Starting numprocs=16 N=8000, M=8000 impl=g-rabenseifner-subgroup-8
11: Starting numprocs=16 N=8000, M=8000 impl=g-rabenseifner-subgroup-8
4: Starting numprocs=16 N=8000, M=8000 impl=g-rabenseifner-subgroup-8
15: Starting numprocs=16 N=8000, M=8000 impl=g-rabenseifner-subgroup-8
14: Starting numprocs=16 N=8000, M=8000 impl=g-rabenseifner-subgroup-8
10: Starting numprocs=16 N=8000, M=8000 impl=g-rabenseifner-subgroup-8
5: Starting numprocs=16 N=8000, M=8000 impl=g-rabenseifner-subgroup-8
0: Starting numprocs=16 N=8000, M=8000 impl=g-rabenseifner-subgroup-8
Iteration 0
2: Starting numprocs=16 N=8000, M=8000 impl=g-rabenseifner-subgroup-8
12: Starting numprocs=16 N=8000, M=8000 impl=g-rabenseifner-subgroup-8
13: Starting numprocs=16 N=8000, M=8000 impl=g-rabenseifner-subgroup-8
8: Starting numprocs=16 N=8000, M=8000 impl=g-rabenseifner-subgroup-8
1: Starting numprocs=16 N=8000, M=8000 impl=g-rabenseifner-subgroup-8
time: 0.748189s
Iteration 1
time: 0.635978s
Iteration 2
time: 0.634085s
Iteration 3
time: 0.636188s
Iteration 4
time: 0.638321s
Iteration 5
time: 0.651616s
Iteration 6
time: 0.643895s
Iteration 7
time: 0.633212s
Iteration 8
time: 0.632840s
Iteration 9
time: 0.633375s
Iteration 10
time: 0.634696s
Iteration 11
time: 0.636135s
Iteration 12
time: 0.645119s
Iteration 13
time: 0.641881s
Iteration 14
time: 0.636412s
Iteration 15
time: 0.634319s
Iteration 16
time: 0.632793s
Iteration 17
time: 0.633149s
Iteration 18
time: 0.637952s
Iteration 19
time: 0.649049s
Iteration 20
time: 0.639448s
Iteration 21
time: 0.638886s
Iteration 22
time: 0.635867s
Iteration 23
time: 0.638837s
Iteration 24
time: 0.647241s
