0: Starting numprocs=8 N=1000, M=1000 impl=allgather
Iteration 0
3: Starting numprocs=8 N=1000, M=1000 impl=allgather
7: Starting numprocs=8 N=1000, M=1000 impl=allgather
6: Starting numprocs=8 N=1000, M=1000 impl=allgather
4: Starting numprocs=8 N=1000, M=1000 impl=allgather
1: Starting numprocs=8 N=1000, M=1000 impl=allgather
5: Starting numprocs=8 N=1000, M=1000 impl=allgather
2: Starting numprocs=8 N=1000, M=1000 impl=allgather
time: 0.014375s
Iteration 1
time: 0.007060s
Iteration 2
time: 0.007013s
Iteration 3
time: 0.006946s
Iteration 4
time: 0.006951s
Iteration 5
time: 0.006961s
Iteration 6
time: 0.006968s
Iteration 7
time: 0.006986s
Iteration 8
time: 0.006953s
Iteration 9
time: 0.006933s
Iteration 10
time: 0.006996s
Iteration 11
time: 0.007002s
Iteration 12
time: 0.006942s
Iteration 13
time: 0.006898s
Iteration 14
time: 0.007467s
Iteration 15
time: 0.006946s
Iteration 16
time: 0.006976s
Iteration 17
time: 0.007004s
Iteration 18
time: 0.006972s
Iteration 19
time: 0.006973s
Iteration 20
time: 0.006997s
Iteration 21
time: 0.007043s
Iteration 22
time: 0.007071s
Iteration 23
time: 0.007077s
Iteration 24
time: 0.007130s
0: Starting numprocs=8 N=1000, M=1000 impl=allreduce
Iteration 0
3: Starting numprocs=8 N=1000, M=1000 impl=allreduce
7: Starting numprocs=8 N=1000, M=1000 impl=allreduce
6: Starting numprocs=8 N=1000, M=1000 impl=allreduce
2: Starting numprocs=8 N=1000, M=1000 impl=allreduce
5: Starting numprocs=8 N=1000, M=1000 impl=allreduce
4: Starting numprocs=8 N=1000, M=1000 impl=allreduce
1: Starting numprocs=8 N=1000, M=1000 impl=allreduce
time: 0.032282s
Iteration 1
time: 0.020930s
Iteration 2
time: 0.016423s
Iteration 3
time: 0.015645s
Iteration 4
time: 0.015028s
Iteration 5
time: 0.015464s
Iteration 6
time: 0.015155s
Iteration 7
time: 0.015771s
Iteration 8
time: 0.015143s
Iteration 9
time: 0.015235s
Iteration 10
time: 0.015660s
Iteration 11
time: 0.015059s
Iteration 12
time: 0.015134s
Iteration 13
time: 0.015138s
Iteration 14
time: 0.015163s
Iteration 15
time: 0.014988s
Iteration 16
time: 0.014980s
Iteration 17
time: 0.015140s
Iteration 18
time: 0.015729s
Iteration 19
time: 0.015230s
Iteration 20
time: 0.015098s
Iteration 21
time: 0.015671s
Iteration 22
time: 0.015087s
Iteration 23
time: 0.016021s
Iteration 24
time: 0.015212s
0: Starting numprocs=8 N=1000, M=1000 impl=allreduce-ring
Iteration 0
6: Starting numprocs=8 N=1000, M=1000 impl=allreduce-ring
3: Starting numprocs=8 N=1000, M=1000 impl=allreduce-ring
7: Starting numprocs=8 N=1000, M=1000 impl=allreduce-ring
2: Starting numprocs=8 N=1000, M=1000 impl=allreduce-ring
5: Starting numprocs=8 N=1000, M=1000 impl=allreduce-ring
1: Starting numprocs=8 N=1000, M=1000 impl=allreduce-ring
4: Starting numprocs=8 N=1000, M=1000 impl=allreduce-ring
time: 0.028057s
Iteration 1
time: 0.015174s
Iteration 2
time: 0.014743s
Iteration 3
time: 0.014177s
Iteration 4
time: 0.014495s
Iteration 5
time: 0.014277s
Iteration 6
time: 0.014471s
Iteration 7
time: 0.013933s
Iteration 8
time: 0.013824s
Iteration 9
time: 0.013661s
Iteration 10
time: 0.013673s
Iteration 11
time: 0.014035s
Iteration 12
time: 0.013706s
Iteration 13
time: 0.014403s
Iteration 14
time: 0.014262s
Iteration 15
time: 0.014021s
Iteration 16
time: 0.013737s
Iteration 17
time: 0.014374s
Iteration 18
time: 0.013829s
Iteration 19
time: 0.013777s
Iteration 20
time: 0.013807s
Iteration 21
time: 0.014341s
Iteration 22
time: 0.013856s
Iteration 23
time: 0.014159s
Iteration 24
time: 0.014463s
0: Starting numprocs=8 N=1000, M=1000 impl=g-rabenseifner-allgather
Iteration 0
7: Starting numprocs=8 N=1000, M=1000 impl=g-rabenseifner-allgather
1: Starting numprocs=8 N=1000, M=1000 impl=g-rabenseifner-allgather
3: Starting numprocs=8 N=1000, M=1000 impl=g-rabenseifner-allgather
5: Starting numprocs=8 N=1000, M=1000 impl=g-rabenseifner-allgather
2: Starting numprocs=8 N=1000, M=1000 impl=g-rabenseifner-allgather
6: Starting numprocs=8 N=1000, M=1000 impl=g-rabenseifner-allgather
4: Starting numprocs=8 N=1000, M=1000 impl=g-rabenseifner-allgather
time: 0.024570s
Iteration 1
time: 0.007002s
Iteration 2
time: 0.006981s
Iteration 3
time: 0.007020s
Iteration 4
time: 0.007487s
Iteration 5
time: 0.007009s
Iteration 6
time: 0.007041s
Iteration 7
time: 0.007034s
Iteration 8
time: 0.006997s
Iteration 9
time: 0.007726s
Iteration 10
time: 0.007029s
Iteration 11
time: 0.007512s
Iteration 12
time: 0.007008s
Iteration 13
time: 0.007006s
Iteration 14
time: 0.006993s
Iteration 15
time: 0.007026s
Iteration 16
time: 0.006990s
Iteration 17
time: 0.007008s
Iteration 18
time: 0.007057s
Iteration 19
time: 0.007027s
Iteration 20
time: 0.007061s
Iteration 21
time: 0.007040s
Iteration 22
time: 0.007033s
Iteration 23
time: 0.006997s
Iteration 24
time: 0.007320s
0: Starting numprocs=8 N=1000, M=1000 impl=g-rabenseifner-subgroup-2
Iteration 0
6: Starting numprocs=8 N=1000, M=1000 impl=g-rabenseifner-subgroup-2
7: Starting numprocs=8 N=1000, M=1000 impl=g-rabenseifner-subgroup-2
4: Starting numprocs=8 N=1000, M=1000 impl=g-rabenseifner-subgroup-2
1: Starting numprocs=8 N=1000, M=1000 impl=g-rabenseifner-subgroup-2
3: Starting numprocs=8 N=1000, M=1000 impl=g-rabenseifner-subgroup-2
5: Starting numprocs=8 N=1000, M=1000 impl=g-rabenseifner-subgroup-2
2: Starting numprocs=8 N=1000, M=1000 impl=g-rabenseifner-subgroup-2
time: 0.022190s
Iteration 1
time: 0.007036s
Iteration 2
time: 0.007082s
Iteration 3
time: 0.007365s
Iteration 4
time: 0.007056s
Iteration 5
time: 0.007007s
Iteration 6
time: 0.007008s
Iteration 7
time: 0.007005s
Iteration 8
time: 0.007000s
Iteration 9
time: 0.006991s
Iteration 10
time: 0.007059s
Iteration 11
time: 0.007671s
Iteration 12
time: 0.007962s
Iteration 13
time: 0.007085s
Iteration 14
time: 0.007065s
Iteration 15
time: 0.007073s
Iteration 16
time: 0.007055s
Iteration 17
time: 0.007049s
Iteration 18
time: 0.007063s
Iteration 19
time: 0.007023s
Iteration 20
time: 0.007049s
Iteration 21
time: 0.007076s
Iteration 22
time: 0.007055s
Iteration 23
time: 0.007080s
Iteration 24
time: 0.007122s
0: Starting numprocs=8 N=1000, M=1000 impl=g-rabenseifner-subgroup-4
Iteration 0
3: Starting numprocs=8 N=1000, M=1000 impl=g-rabenseifner-subgroup-4
7: Starting numprocs=8 N=1000, M=1000 impl=g-rabenseifner-subgroup-4
2: Starting numprocs=8 N=1000, M=1000 impl=g-rabenseifner-subgroup-4
1: Starting numprocs=8 N=1000, M=1000 impl=g-rabenseifner-subgroup-4
5: Starting numprocs=8 N=1000, M=1000 impl=g-rabenseifner-subgroup-4
6: Starting numprocs=8 N=1000, M=1000 impl=g-rabenseifner-subgroup-4
4: Starting numprocs=8 N=1000, M=1000 impl=g-rabenseifner-subgroup-4
time: 0.020676s
Iteration 1
time: 0.006903s
Iteration 2
time: 0.006893s
Iteration 3
time: 0.006967s
Iteration 4
time: 0.006901s
Iteration 5
time: 0.006908s
Iteration 6
time: 0.006870s
Iteration 7
time: 0.006915s
Iteration 8
time: 0.006970s
Iteration 9
time: 0.007009s
Iteration 10
time: 0.006889s
Iteration 11
time: 0.006883s
Iteration 12
time: 0.006916s
Iteration 13
time: 0.006958s
Iteration 14
time: 0.007062s
Iteration 15
time: 0.007057s
Iteration 16
time: 0.007046s
Iteration 17
time: 0.007044s
Iteration 18
time: 0.007089s
Iteration 19
time: 0.007066s
Iteration 20
time: 0.007049s
Iteration 21
time: 0.007062s
Iteration 22
time: 0.007718s
Iteration 23
time: 0.007152s
Iteration 24
time: 0.007148s
0: Starting numprocs=8 N=1000, M=1000 impl=g-rabenseifner-subgroup-8
Iteration 0
7: Starting numprocs=8 N=1000, M=1000 impl=g-rabenseifner-subgroup-8
1: Starting numprocs=8 N=1000, M=1000 impl=g-rabenseifner-subgroup-8
6: Starting numprocs=8 N=1000, M=1000 impl=g-rabenseifner-subgroup-8
4: Starting numprocs=8 N=1000, M=1000 impl=g-rabenseifner-subgroup-8
3: Starting numprocs=8 N=1000, M=1000 impl=g-rabenseifner-subgroup-8
2: Starting numprocs=8 N=1000, M=1000 impl=g-rabenseifner-subgroup-8
5: Starting numprocs=8 N=1000, M=1000 impl=g-rabenseifner-subgroup-8
time: 0.015184s
Iteration 1
time: 0.006659s
Iteration 2
time: 0.006640s
Iteration 3
time: 0.006657s
Iteration 4
time: 0.006741s
Iteration 5
time: 0.006665s
Iteration 6
time: 0.006825s
Iteration 7
time: 0.006682s
Iteration 8
time: 0.007174s
Iteration 9
time: 0.006692s
Iteration 10
time: 0.006703s
Iteration 11
time: 0.006695s
Iteration 12
time: 0.006716s
Iteration 13
time: 0.006702s
Iteration 14
time: 0.006689s
Iteration 15
time: 0.006714s
Iteration 16
time: 0.006651s
Iteration 17
time: 0.006700s
Iteration 18
time: 0.006690s
Iteration 19
time: 0.006612s
Iteration 20
time: 0.006659s
Iteration 21
time: 0.006650s
Iteration 22
time: 0.006664s
Iteration 23
time: 0.006656s
Iteration 24
time: 0.007170s
0: Starting numprocs=8 N=2000, M=2000 impl=allgather
Iteration 0
6: Starting numprocs=8 N=2000, M=2000 impl=allgather
7: Starting numprocs=8 N=2000, M=2000 impl=allgather
4: Starting numprocs=8 N=2000, M=2000 impl=allgather
1: Starting numprocs=8 N=2000, M=2000 impl=allgather
3: Starting numprocs=8 N=2000, M=2000 impl=allgather
2: Starting numprocs=8 N=2000, M=2000 impl=allgather
5: Starting numprocs=8 N=2000, M=2000 impl=allgather
time: 0.036668s
Iteration 1
time: 0.028179s
Iteration 2
time: 0.027657s
Iteration 3
time: 0.028038s
Iteration 4
time: 0.027546s
Iteration 5
time: 0.027543s
Iteration 6
time: 0.028110s
Iteration 7
time: 0.027627s
Iteration 8
time: 0.027764s
Iteration 9
time: 0.027668s
Iteration 10
time: 0.030157s
Iteration 11
time: 0.028198s
Iteration 12
time: 0.028052s
Iteration 13
time: 0.029454s
Iteration 14
time: 0.028127s
Iteration 15
time: 0.029141s
Iteration 16
time: 0.027785s
Iteration 17
time: 0.029164s
Iteration 18
time: 0.027702s
Iteration 19
time: 0.027531s
Iteration 20
time: 0.027541s
Iteration 21
time: 0.028058s
Iteration 22
time: 0.027507s
Iteration 23
time: 0.027583s
Iteration 24
time: 0.027809s
0: Starting numprocs=8 N=2000, M=2000 impl=allreduce
Iteration 0
3: Starting numprocs=8 N=2000, M=2000 impl=allreduce
6: Starting numprocs=8 N=2000, M=2000 impl=allreduce
1: Starting numprocs=8 N=2000, M=2000 impl=allreduce
7: Starting numprocs=8 N=2000, M=2000 impl=allreduce
4: Starting numprocs=8 N=2000, M=2000 impl=allreduce
5: Starting numprocs=8 N=2000, M=2000 impl=allreduce
2: Starting numprocs=8 N=2000, M=2000 impl=allreduce
time: 0.098083s
Iteration 1
time: 0.077122s
Iteration 2
time: 0.063180s
Iteration 3
time: 0.062656s
Iteration 4
time: 0.066623s
Iteration 5
time: 0.066007s
Iteration 6
time: 0.063049s
Iteration 7
time: 0.062639s
Iteration 8
time: 0.063122s
Iteration 9
time: 0.061194s
Iteration 10
time: 0.061461s
Iteration 11
time: 0.061485s
Iteration 12
time: 0.063178s
Iteration 13
time: 0.059933s
Iteration 14
time: 0.061750s
Iteration 15
time: 0.063413s
Iteration 16
time: 0.061728s
Iteration 17
time: 0.062013s
Iteration 18
time: 0.067094s
Iteration 19
time: 0.065078s
Iteration 20
time: 0.062443s
Iteration 21
time: 0.061632s
Iteration 22
time: 0.063181s
Iteration 23
time: 0.071044s
Iteration 24
time: 0.068501s
0: Starting numprocs=8 N=2000, M=2000 impl=allreduce-ring
Iteration 0
7: Starting numprocs=8 N=2000, M=2000 impl=allreduce-ring
6: Starting numprocs=8 N=2000, M=2000 impl=allreduce-ring
3: Starting numprocs=8 N=2000, M=2000 impl=allreduce-ring
4: Starting numprocs=8 N=2000, M=2000 impl=allreduce-ring
2: Starting numprocs=8 N=2000, M=2000 impl=allreduce-ring
1: Starting numprocs=8 N=2000, M=2000 impl=allreduce-ring
5: Starting numprocs=8 N=2000, M=2000 impl=allreduce-ring
time: 0.068045s
Iteration 1
time: 0.053794s
Iteration 2
time: 0.053443s
Iteration 3
time: 0.053545s
Iteration 4
time: 0.053321s
Iteration 5
time: 0.053182s
Iteration 6
time: 0.054468s
Iteration 7
time: 0.053884s
Iteration 8
time: 0.053725s
Iteration 9
time: 0.054346s
Iteration 10
time: 0.054129s
Iteration 11
time: 0.053380s
Iteration 12
time: 0.054007s
Iteration 13
time: 0.055352s
Iteration 14
time: 0.054365s
Iteration 15
time: 0.054150s
Iteration 16
time: 0.054096s
Iteration 17
time: 0.055387s
Iteration 18
time: 0.053866s
Iteration 19
time: 0.053126s
Iteration 20
time: 0.053433s
Iteration 21
time: 0.054049s
Iteration 22
time: 0.053821s
Iteration 23
time: 0.054321s
Iteration 24
time: 0.053349s
0: Starting numprocs=8 N=2000, M=2000 impl=g-rabenseifner-allgather
Iteration 0
3: Starting numprocs=8 N=2000, M=2000 impl=g-rabenseifner-allgather
7: Starting numprocs=8 N=2000, M=2000 impl=g-rabenseifner-allgather
1: Starting numprocs=8 N=2000, M=2000 impl=g-rabenseifner-allgather
6: Starting numprocs=8 N=2000, M=2000 impl=g-rabenseifner-allgather
4: Starting numprocs=8 N=2000, M=2000 impl=g-rabenseifner-allgather
5: Starting numprocs=8 N=2000, M=2000 impl=g-rabenseifner-allgather
2: Starting numprocs=8 N=2000, M=2000 impl=g-rabenseifner-allgather
time: 0.035853s
Iteration 1
time: 0.027517s
Iteration 2
time: 0.027535s
Iteration 3
time: 0.027245s
Iteration 4
time: 0.027382s
Iteration 5
time: 0.027344s
Iteration 6
time: 0.027363s
Iteration 7
time: 0.027342s
Iteration 8
time: 0.027392s
Iteration 9
time: 0.027335s
Iteration 10
time: 0.027855s
Iteration 11
time: 0.027577s
Iteration 12
time: 0.027684s
Iteration 13
time: 0.027280s
Iteration 14
time: 0.027773s
Iteration 15
time: 0.027471s
Iteration 16
time: 0.027701s
Iteration 17
time: 0.027303s
Iteration 18
time: 0.027344s
Iteration 19
time: 0.027391s
Iteration 20
time: 0.027342s
Iteration 21
time: 0.027243s
Iteration 22
time: 0.027254s
Iteration 23
time: 0.027590s
Iteration 24
time: 0.027265s
0: Starting numprocs=8 N=2000, M=2000 impl=g-rabenseifner-subgroup-2
Iteration 0
7: Starting numprocs=8 N=2000, M=2000 impl=g-rabenseifner-subgroup-2
2: Starting numprocs=8 N=2000, M=2000 impl=g-rabenseifner-subgroup-2
3: Starting numprocs=8 N=2000, M=2000 impl=g-rabenseifner-subgroup-2
1: Starting numprocs=8 N=2000, M=2000 impl=g-rabenseifner-subgroup-2
4: Starting numprocs=8 N=2000, M=2000 impl=g-rabenseifner-subgroup-2
6: Starting numprocs=8 N=2000, M=2000 impl=g-rabenseifner-subgroup-2
5: Starting numprocs=8 N=2000, M=2000 impl=g-rabenseifner-subgroup-2
time: 0.046636s
Iteration 1
time: 0.027227s
Iteration 2
time: 0.027893s
Iteration 3
time: 0.027350s
Iteration 4
time: 0.027269s
Iteration 5
time: 0.027224s
Iteration 6
time: 0.027357s
Iteration 7
time: 0.027586s
Iteration 8
time: 0.027414s
Iteration 9
time: 0.027240s
Iteration 10
time: 0.027249s
Iteration 11
time: 0.027171s
Iteration 12
time: 0.027724s
Iteration 13
time: 0.027697s
Iteration 14
time: 0.027352s
Iteration 15
time: 0.027419s
Iteration 16
time: 0.027925s
Iteration 17
time: 0.027767s
Iteration 18
time: 0.027497s
Iteration 19
time: 0.027433s
Iteration 20
time: 0.027749s
Iteration 21
time: 0.027849s
Iteration 22
time: 0.027232s
Iteration 23
time: 0.027360s
Iteration 24
time: 0.028050s
0: Starting numprocs=8 N=2000, M=2000 impl=g-rabenseifner-subgroup-4
Iteration 0
3: Starting numprocs=8 N=2000, M=2000 impl=g-rabenseifner-subgroup-4
1: Starting numprocs=8 N=2000, M=2000 impl=g-rabenseifner-subgroup-4
6: Starting numprocs=8 N=2000, M=2000 impl=g-rabenseifner-subgroup-4
4: Starting numprocs=8 N=2000, M=2000 impl=g-rabenseifner-subgroup-4
7: Starting numprocs=8 N=2000, M=2000 impl=g-rabenseifner-subgroup-4
5: Starting numprocs=8 N=2000, M=2000 impl=g-rabenseifner-subgroup-4
2: Starting numprocs=8 N=2000, M=2000 impl=g-rabenseifner-subgroup-4
time: 0.037761s
Iteration 1
time: 0.027165s
Iteration 2
time: 0.027324s
Iteration 3
time: 0.027311s
Iteration 4
time: 0.027321s
Iteration 5
time: 0.027144s
Iteration 6
time: 0.027407s
Iteration 7
time: 0.027329s
Iteration 8
time: 0.027253s
Iteration 9
time: 0.027191s
Iteration 10
time: 0.027210s
Iteration 11
time: 0.027092s
Iteration 12
time: 0.027243s
Iteration 13
time: 0.027856s
Iteration 14
time: 0.027250s
Iteration 15
time: 0.027348s
Iteration 16
time: 0.027992s
Iteration 17
time: 0.028101s
Iteration 18
time: 0.027389s
Iteration 19
time: 0.028072s
Iteration 20
time: 0.027465s
Iteration 21
time: 0.028550s
Iteration 22
time: 0.027038s
Iteration 23
time: 0.027268s
Iteration 24
time: 0.027179s
0: Starting numprocs=8 N=2000, M=2000 impl=g-rabenseifner-subgroup-8
Iteration 0
5: Starting numprocs=8 N=2000, M=2000 impl=g-rabenseifner-subgroup-8
1: Starting numprocs=8 N=2000, M=2000 impl=g-rabenseifner-subgroup-8
7: Starting numprocs=8 N=2000, M=2000 impl=g-rabenseifner-subgroup-8
6: Starting numprocs=8 N=2000, M=2000 impl=g-rabenseifner-subgroup-8
4: Starting numprocs=8 N=2000, M=2000 impl=g-rabenseifner-subgroup-8
3: Starting numprocs=8 N=2000, M=2000 impl=g-rabenseifner-subgroup-8
2: Starting numprocs=8 N=2000, M=2000 impl=g-rabenseifner-subgroup-8
time: 0.035280s
Iteration 1
time: 0.027214s
Iteration 2
time: 0.027192s
Iteration 3
time: 0.027207s
Iteration 4
time: 0.027091s
Iteration 5
time: 0.027636s
Iteration 6
time: 0.026999s
Iteration 7
time: 0.027883s
Iteration 8
time: 0.028191s
Iteration 9
time: 0.027791s
Iteration 10
time: 0.028194s
Iteration 11
time: 0.028114s
Iteration 12
time: 0.027697s
Iteration 13
time: 0.032368s
Iteration 14
time: 0.031560s
Iteration 15
time: 0.030112s
Iteration 16
time: 0.027095s
Iteration 17
time: 0.027067s
Iteration 18
time: 0.026263s
Iteration 19
time: 0.026449s
Iteration 20
time: 0.026648s
Iteration 21
time: 0.027210s
Iteration 22
time: 0.026276s
Iteration 23
time: 0.026355s
Iteration 24
time: 0.026644s
0: Starting numprocs=8 N=3000, M=3000 impl=allgather
Iteration 0
7: Starting numprocs=8 N=3000, M=3000 impl=allgather
5: Starting numprocs=8 N=3000, M=3000 impl=allgather
3: Starting numprocs=8 N=3000, M=3000 impl=allgather
6: Starting numprocs=8 N=3000, M=3000 impl=allgather
4: Starting numprocs=8 N=3000, M=3000 impl=allgather
1: Starting numprocs=8 N=3000, M=3000 impl=allgather
2: Starting numprocs=8 N=3000, M=3000 impl=allgather
time: 0.072608s
Iteration 1
time: 0.083648s
Iteration 2
time: 0.075924s
Iteration 3
time: 0.074025s
Iteration 4
time: 0.068501s
Iteration 5
time: 0.066801s
Iteration 6
time: 0.067239s
Iteration 7
time: 0.068045s
Iteration 8
time: 0.069990s
Iteration 9
time: 0.072205s
Iteration 10
time: 0.068852s
Iteration 11
time: 0.068683s
Iteration 12
time: 0.067374s
Iteration 13
time: 0.104351s
Iteration 14
time: 0.079092s
Iteration 15
time: 0.092860s
Iteration 16
time: 0.071932s
Iteration 17
time: 0.080802s
Iteration 18
time: 0.077716s
Iteration 19
time: 0.072227s
Iteration 20
time: 0.069774s
Iteration 21
time: 0.069008s
Iteration 22
time: 0.071042s
Iteration 23
time: 0.071344s
Iteration 24
time: 0.067790s
0: Starting numprocs=8 N=3000, M=3000 impl=allreduce
Iteration 0
6: Starting numprocs=8 N=3000, M=3000 impl=allreduce
1: Starting numprocs=8 N=3000, M=3000 impl=allreduce
3: Starting numprocs=8 N=3000, M=3000 impl=allreduce
7: Starting numprocs=8 N=3000, M=3000 impl=allreduce
4: Starting numprocs=8 N=3000, M=3000 impl=allreduce
5: Starting numprocs=8 N=3000, M=3000 impl=allreduce
2: Starting numprocs=8 N=3000, M=3000 impl=allreduce
time: 0.204643s
Iteration 1
time: 0.180014s
Iteration 2
time: 0.192115s
Iteration 3
time: 0.181200s
Iteration 4
time: 0.179750s
Iteration 5
time: 0.196000s
Iteration 6
time: 0.183358s
Iteration 7
time: 0.177967s
Iteration 8
time: 0.182684s
Iteration 9
time: 0.189031s
Iteration 10
time: 0.183306s
Iteration 11
time: 0.188935s
Iteration 12
time: 0.178929s
Iteration 13
time: 0.189651s
Iteration 14
time: 0.193184s
Iteration 15
time: 0.182755s
Iteration 16
time: 0.187147s
Iteration 17
time: 0.182154s
Iteration 18
time: 0.192973s
Iteration 19
time: 0.183959s
Iteration 20
time: 0.181775s
Iteration 21
time: 0.183721s
Iteration 22
time: 0.190354s
Iteration 23
time: 0.183670s
Iteration 24
time: 0.184084s
0: Starting numprocs=8 N=3000, M=3000 impl=allreduce-ring
Iteration 0
3: Starting numprocs=8 N=3000, M=3000 impl=allreduce-ring
1: Starting numprocs=8 N=3000, M=3000 impl=allreduce-ring
6: Starting numprocs=8 N=3000, M=3000 impl=allreduce-ring
7: Starting numprocs=8 N=3000, M=3000 impl=allreduce-ring
4: Starting numprocs=8 N=3000, M=3000 impl=allreduce-ring
2: Starting numprocs=8 N=3000, M=3000 impl=allreduce-ring
5: Starting numprocs=8 N=3000, M=3000 impl=allreduce-ring
time: 0.139046s
Iteration 1
time: 0.126933s
Iteration 2
time: 0.126496s
Iteration 3
time: 0.121840s
Iteration 4
time: 0.122347s
Iteration 5
time: 0.129893s
Iteration 6
time: 0.126267s
Iteration 7
time: 0.125025s
Iteration 8
time: 0.120627s
Iteration 9
time: 0.121026s
Iteration 10
time: 0.122977s
Iteration 11
time: 0.128523s
Iteration 12
time: 0.123163s
Iteration 13
time: 0.125130s
Iteration 14
time: 0.124132s
Iteration 15
time: 0.124747s
Iteration 16
time: 0.123129s
Iteration 17
time: 0.124840s
Iteration 18
time: 0.125046s
Iteration 19
time: 0.122880s
Iteration 20
time: 0.119550s
Iteration 21
time: 0.119369s
Iteration 22
time: 0.128384s
Iteration 23
time: 0.121566s
Iteration 24
time: 0.124285s
0: Starting numprocs=8 N=3000, M=3000 impl=g-rabenseifner-allgather
Iteration 0
6: Starting numprocs=8 N=3000, M=3000 impl=g-rabenseifner-allgather
1: Starting numprocs=8 N=3000, M=3000 impl=g-rabenseifner-allgather
3: Starting numprocs=8 N=3000, M=3000 impl=g-rabenseifner-allgather
7: Starting numprocs=8 N=3000, M=3000 impl=g-rabenseifner-allgather
5: Starting numprocs=8 N=3000, M=3000 impl=g-rabenseifner-allgather
4: Starting numprocs=8 N=3000, M=3000 impl=g-rabenseifner-allgather
2: Starting numprocs=8 N=3000, M=3000 impl=g-rabenseifner-allgather
time: 0.074576s
Iteration 1
time: 0.061596s
Iteration 2
time: 0.061154s
Iteration 3
time: 0.061167s
Iteration 4
time: 0.061075s
Iteration 5
time: 0.061440s
Iteration 6
time: 0.061027s
Iteration 7
time: 0.060911s
Iteration 8
time: 0.061380s
Iteration 9
time: 0.061213s
Iteration 10
time: 0.060993s
Iteration 11
time: 0.061078s
Iteration 12
time: 0.061202s
Iteration 13
time: 0.061551s
Iteration 14
time: 0.061083s
Iteration 15
time: 0.061297s
Iteration 16
time: 0.061315s
Iteration 17
time: 0.060799s
Iteration 18
time: 0.060967s
Iteration 19
time: 0.060962s
Iteration 20
time: 0.061672s
Iteration 21
time: 0.060917s
Iteration 22
time: 0.060982s
Iteration 23
time: 0.061384s
Iteration 24
time: 0.060923s
0: Starting numprocs=8 N=3000, M=3000 impl=g-rabenseifner-subgroup-2
Iteration 0
7: Starting numprocs=8 N=3000, M=3000 impl=g-rabenseifner-subgroup-2
6: Starting numprocs=8 N=3000, M=3000 impl=g-rabenseifner-subgroup-2
1: Starting numprocs=8 N=3000, M=3000 impl=g-rabenseifner-subgroup-2
3: Starting numprocs=8 N=3000, M=3000 impl=g-rabenseifner-subgroup-2
5: Starting numprocs=8 N=3000, M=3000 impl=g-rabenseifner-subgroup-2
2: Starting numprocs=8 N=3000, M=3000 impl=g-rabenseifner-subgroup-2
4: Starting numprocs=8 N=3000, M=3000 impl=g-rabenseifner-subgroup-2
time: 0.081632s
Iteration 1
time: 0.062520s
Iteration 2
time: 0.061957s
Iteration 3
time: 0.061697s
Iteration 4
time: 0.061659s
Iteration 5
time: 0.061935s
Iteration 6
time: 0.061729s
Iteration 7
time: 0.062747s
Iteration 8
time: 0.061706s
Iteration 9
time: 0.062430s
Iteration 10
time: 0.061002s
Iteration 11
time: 0.061224s
Iteration 12
time: 0.062066s
Iteration 13
time: 0.061916s
Iteration 14
time: 0.061856s
Iteration 15
time: 0.061167s
Iteration 16
time: 0.061580s
Iteration 17
time: 0.061347s
Iteration 18
time: 0.061436s
Iteration 19
time: 0.061611s
Iteration 20
time: 0.061600s
Iteration 21
time: 0.061686s
Iteration 22
time: 0.060742s
Iteration 23
time: 0.062488s
Iteration 24
time: 0.061743s
0: Starting numprocs=8 N=3000, M=3000 impl=g-rabenseifner-subgroup-4
Iteration 0
3: Starting numprocs=8 N=3000, M=3000 impl=g-rabenseifner-subgroup-4
7: Starting numprocs=8 N=3000, M=3000 impl=g-rabenseifner-subgroup-4
1: Starting numprocs=8 N=3000, M=3000 impl=g-rabenseifner-subgroup-4
6: Starting numprocs=8 N=3000, M=3000 impl=g-rabenseifner-subgroup-4
2: Starting numprocs=8 N=3000, M=3000 impl=g-rabenseifner-subgroup-4
5: Starting numprocs=8 N=3000, M=3000 impl=g-rabenseifner-subgroup-4
4: Starting numprocs=8 N=3000, M=3000 impl=g-rabenseifner-subgroup-4
time: 0.078572s
Iteration 1
time: 0.062533s
Iteration 2
time: 0.062508s
Iteration 3
time: 0.062251s
Iteration 4
time: 0.063006s
Iteration 5
time: 0.062348s
Iteration 6
time: 0.063373s
Iteration 7
time: 0.062348s
Iteration 8
time: 0.063507s
Iteration 9
time: 0.062865s
Iteration 10
time: 0.063910s
Iteration 11
time: 0.062027s
Iteration 12
time: 0.063128s
Iteration 13
time: 0.061264s
Iteration 14
time: 0.061151s
Iteration 15
time: 0.062342s
Iteration 16
time: 0.060839s
Iteration 17
time: 0.061154s
Iteration 18
time: 0.061961s
Iteration 19
time: 0.061371s
Iteration 20
time: 0.061043s
Iteration 21
time: 0.061238s
Iteration 22
time: 0.061163s
Iteration 23
time: 0.061010s
Iteration 24
time: 0.064892s
0: Starting numprocs=8 N=3000, M=3000 impl=g-rabenseifner-subgroup-8
Iteration 0
7: Starting numprocs=8 N=3000, M=3000 impl=g-rabenseifner-subgroup-8
1: Starting numprocs=8 N=3000, M=3000 impl=g-rabenseifner-subgroup-8
6: Starting numprocs=8 N=3000, M=3000 impl=g-rabenseifner-subgroup-8
3: Starting numprocs=8 N=3000, M=3000 impl=g-rabenseifner-subgroup-8
5: Starting numprocs=8 N=3000, M=3000 impl=g-rabenseifner-subgroup-8
2: Starting numprocs=8 N=3000, M=3000 impl=g-rabenseifner-subgroup-8
4: Starting numprocs=8 N=3000, M=3000 impl=g-rabenseifner-subgroup-8
time: 0.069995s
Iteration 1
time: 0.061015s
Iteration 2
time: 0.061060s
Iteration 3
time: 0.060775s
Iteration 4
time: 0.059323s
Iteration 5
time: 0.057738s
Iteration 6
time: 0.058141s
Iteration 7
time: 0.057856s
Iteration 8
time: 0.064071s
Iteration 9
time: 0.064666s
Iteration 10
time: 0.064143s
Iteration 11
time: 0.064056s
Iteration 12
time: 0.062456s
Iteration 13
time: 0.062080s
Iteration 14
time: 0.060912s
Iteration 15
time: 0.062146s
Iteration 16
time: 0.061454s
Iteration 17
time: 0.061415s
Iteration 18
time: 0.063811s
Iteration 19
time: 0.069255s
Iteration 20
time: 0.065310s
Iteration 21
time: 0.060293s
Iteration 22
time: 0.061467s
Iteration 23
time: 0.062388s
Iteration 24
time: 0.060728s
0: Starting numprocs=8 N=4000, M=4000 impl=allgather
Iteration 0
6: Starting numprocs=8 N=4000, M=4000 impl=allgather
1: Starting numprocs=8 N=4000, M=4000 impl=allgather
4: Starting numprocs=8 N=4000, M=4000 impl=allgather
3: Starting numprocs=8 N=4000, M=4000 impl=allgather
7: Starting numprocs=8 N=4000, M=4000 impl=allgather
2: Starting numprocs=8 N=4000, M=4000 impl=allgather
5: Starting numprocs=8 N=4000, M=4000 impl=allgather
time: 0.158992s
Iteration 1
time: 0.144103s
Iteration 2
time: 0.140188s
Iteration 3
time: 0.134394s
Iteration 4
time: 0.152661s
Iteration 5
time: 0.153201s
Iteration 6
time: 0.134144s
Iteration 7
time: 0.134803s
Iteration 8
time: 0.139910s
Iteration 9
time: 0.189050s
Iteration 10
time: 0.139023s
Iteration 11
time: 0.153770s
Iteration 12
time: 0.159351s
Iteration 13
time: 0.147668s
Iteration 14
time: 0.141011s
Iteration 15
time: 0.150254s
Iteration 16
time: 0.142179s
Iteration 17
time: 0.131373s
Iteration 18
time: 0.133662s
Iteration 19
time: 0.159180s
Iteration 20
time: 0.151785s
Iteration 21
time: 0.133451s
Iteration 22
time: 0.189752s
Iteration 23
time: 0.151508s
Iteration 24
time: 0.147937s
0: Starting numprocs=8 N=4000, M=4000 impl=allreduce
Iteration 0
6: Starting numprocs=8 N=4000, M=4000 impl=allreduce
1: Starting numprocs=8 N=4000, M=4000 impl=allreduce
7: Starting numprocs=8 N=4000, M=4000 impl=allreduce
4: Starting numprocs=8 N=4000, M=4000 impl=allreduce
5: Starting numprocs=8 N=4000, M=4000 impl=allreduce
3: Starting numprocs=8 N=4000, M=4000 impl=allreduce
2: Starting numprocs=8 N=4000, M=4000 impl=allreduce
time: 0.361456s
Iteration 1
time: 0.354971s
Iteration 2
time: 0.318773s
Iteration 3
time: 0.328890s
Iteration 4
time: 0.341795s
Iteration 5
time: 0.319601s
Iteration 6
time: 0.340734s
Iteration 7
time: 0.314936s
Iteration 8
time: 0.321335s
Iteration 9
time: 0.329441s
Iteration 10
time: 0.332797s
Iteration 11
time: 0.325294s
Iteration 12
time: 0.326750s
Iteration 13
time: 0.335538s
Iteration 14
time: 0.320265s
Iteration 15
time: 0.321059s
Iteration 16
time: 0.324750s
Iteration 17
time: 0.330128s
Iteration 18
time: 0.324018s
Iteration 19
time: 0.324096s
Iteration 20
time: 0.328345s
Iteration 21
time: 0.324558s
Iteration 22
time: 0.328207s
Iteration 23
time: 0.326038s
Iteration 24
time: 0.322426s
0: Starting numprocs=8 N=4000, M=4000 impl=allreduce-ring
Iteration 0
6: Starting numprocs=8 N=4000, M=4000 impl=allreduce-ring
7: Starting numprocs=8 N=4000, M=4000 impl=allreduce-ring
1: Starting numprocs=8 N=4000, M=4000 impl=allreduce-ring
3: Starting numprocs=8 N=4000, M=4000 impl=allreduce-ring
4: Starting numprocs=8 N=4000, M=4000 impl=allreduce-ring
2: Starting numprocs=8 N=4000, M=4000 impl=allreduce-ring
5: Starting numprocs=8 N=4000, M=4000 impl=allreduce-ring
time: 0.246468s
Iteration 1
time: 0.221312s
Iteration 2
time: 0.225124s
Iteration 3
time: 0.219920s
Iteration 4
time: 0.219130s
Iteration 5
time: 0.215417s
Iteration 6
time: 0.221106s
Iteration 7
time: 0.220860s
Iteration 8
time: 0.221221s
Iteration 9
time: 0.223060s
Iteration 10
time: 0.220897s
Iteration 11
time: 0.225520s
Iteration 12
time: 0.227855s
Iteration 13
time: 0.234590s
Iteration 14
time: 0.219303s
Iteration 15
time: 0.222171s
Iteration 16
time: 0.222527s
Iteration 17
time: 0.220033s
Iteration 18
time: 0.232279s
Iteration 19
time: 0.221620s
Iteration 20
time: 0.222073s
Iteration 21
time: 0.220484s
Iteration 22
time: 0.230838s
Iteration 23
time: 0.218272s
Iteration 24
time: 0.226569s
0: Starting numprocs=8 N=4000, M=4000 impl=g-rabenseifner-allgather
Iteration 0
6: Starting numprocs=8 N=4000, M=4000 impl=g-rabenseifner-allgather
1: Starting numprocs=8 N=4000, M=4000 impl=g-rabenseifner-allgather
3: Starting numprocs=8 N=4000, M=4000 impl=g-rabenseifner-allgather
4: Starting numprocs=8 N=4000, M=4000 impl=g-rabenseifner-allgather
2: Starting numprocs=8 N=4000, M=4000 impl=g-rabenseifner-allgather
7: Starting numprocs=8 N=4000, M=4000 impl=g-rabenseifner-allgather
5: Starting numprocs=8 N=4000, M=4000 impl=g-rabenseifner-allgather
time: 0.128862s
Iteration 1
time: 0.108964s
Iteration 2
time: 0.108641s
Iteration 3
time: 0.108944s
Iteration 4
time: 0.108229s
Iteration 5
time: 0.108307s
Iteration 6
time: 0.108572s
Iteration 7
time: 0.108337s
Iteration 8
time: 0.108379s
Iteration 9
time: 0.108938s
Iteration 10
time: 0.109922s
Iteration 11
time: 0.108177s
Iteration 12
time: 0.108283s
Iteration 13
time: 0.108410s
Iteration 14
time: 0.109098s
Iteration 15
time: 0.108469s
Iteration 16
time: 0.108794s
Iteration 17
time: 0.108668s
Iteration 18
time: 0.108345s
Iteration 19
time: 0.108276s
Iteration 20
time: 0.108408s
Iteration 21
time: 0.108478s
Iteration 22
time: 0.108494s
Iteration 23
time: 0.109232s
Iteration 24
time: 0.108318s
6: Starting numprocs=8 N=4000, M=4000 impl=g-rabenseifner-subgroup-2
2: Starting numprocs=8 N=4000, M=4000 impl=g-rabenseifner-subgroup-2
0: Starting numprocs=8 N=4000, M=4000 impl=g-rabenseifner-subgroup-2
Iteration 0
7: Starting numprocs=8 N=4000, M=4000 impl=g-rabenseifner-subgroup-2
1: Starting numprocs=8 N=4000, M=4000 impl=g-rabenseifner-subgroup-2
3: Starting numprocs=8 N=4000, M=4000 impl=g-rabenseifner-subgroup-2
4: Starting numprocs=8 N=4000, M=4000 impl=g-rabenseifner-subgroup-2
5: Starting numprocs=8 N=4000, M=4000 impl=g-rabenseifner-subgroup-2
time: 0.142264s
Iteration 1
time: 0.108525s
Iteration 2
time: 0.109207s
Iteration 3
time: 0.108873s
Iteration 4
time: 0.108056s
Iteration 5
time: 0.110764s
Iteration 6
time: 0.108296s
Iteration 7
time: 0.108951s
Iteration 8
time: 0.125240s
Iteration 9
time: 0.109169s
Iteration 10
time: 0.108762s
Iteration 11
time: 0.108939s
Iteration 12
time: 0.108772s
Iteration 13
time: 0.110145s
Iteration 14
time: 0.109581s
Iteration 15
time: 0.109280s
Iteration 16
time: 0.109528s
Iteration 17
time: 0.110230s
Iteration 18
time: 0.109372s
Iteration 19
time: 0.109698s
Iteration 20
time: 0.110639s
Iteration 21
time: 0.109030s
Iteration 22
time: 0.108875s
Iteration 23
time: 0.109293s
Iteration 24
time: 0.109028s
3: Starting numprocs=8 N=4000, M=4000 impl=g-rabenseifner-subgroup-4
0: Starting numprocs=8 N=4000, M=4000 impl=g-rabenseifner-subgroup-4
Iteration 0
7: Starting numprocs=8 N=4000, M=4000 impl=g-rabenseifner-subgroup-4
6: Starting numprocs=8 N=4000, M=4000 impl=g-rabenseifner-subgroup-4
1: Starting numprocs=8 N=4000, M=4000 impl=g-rabenseifner-subgroup-4
2: Starting numprocs=8 N=4000, M=4000 impl=g-rabenseifner-subgroup-4
4: Starting numprocs=8 N=4000, M=4000 impl=g-rabenseifner-subgroup-4
5: Starting numprocs=8 N=4000, M=4000 impl=g-rabenseifner-subgroup-4
time: 0.131655s
Iteration 1
time: 0.111642s
Iteration 2
time: 0.111464s
Iteration 3
time: 0.111213s
Iteration 4
time: 0.111154s
Iteration 5
time: 0.114666s
Iteration 6
time: 0.113347s
Iteration 7
time: 0.112468s
Iteration 8
time: 0.111059s
Iteration 9
time: 0.109877s
Iteration 10
time: 0.116241s
Iteration 11
time: 0.110127s
Iteration 12
time: 0.112882s
Iteration 13
time: 0.110605s
Iteration 14
time: 0.110216s
Iteration 15
time: 0.111990s
Iteration 16
time: 0.113653s
Iteration 17
time: 0.112861s
Iteration 18
time: 0.111098s
Iteration 19
time: 0.111507s
Iteration 20
time: 0.111592s
Iteration 21
time: 0.110331s
Iteration 22
time: 0.112463s
Iteration 23
time: 0.112611s
Iteration 24
time: 0.118722s
0: Starting numprocs=8 N=4000, M=4000 impl=g-rabenseifner-subgroup-8
Iteration 0
1: Starting numprocs=8 N=4000, M=4000 impl=g-rabenseifner-subgroup-8
6: Starting numprocs=8 N=4000, M=4000 impl=g-rabenseifner-subgroup-8
3: Starting numprocs=8 N=4000, M=4000 impl=g-rabenseifner-subgroup-8
2: Starting numprocs=8 N=4000, M=4000 impl=g-rabenseifner-subgroup-8
5: Starting numprocs=8 N=4000, M=4000 impl=g-rabenseifner-subgroup-8
4: Starting numprocs=8 N=4000, M=4000 impl=g-rabenseifner-subgroup-8
7: Starting numprocs=8 N=4000, M=4000 impl=g-rabenseifner-subgroup-8
time: 0.122333s
Iteration 1
time: 0.131448s
Iteration 2
time: 0.114152s
Iteration 3
time: 0.116586s
Iteration 4
time: 0.113859s
Iteration 5
time: 0.115429s
Iteration 6
time: 0.110847s
Iteration 7
time: 0.114004s
Iteration 8
time: 0.113438s
Iteration 9
time: 0.117143s
Iteration 10
time: 0.112120s
Iteration 11
time: 0.111866s
Iteration 12
time: 0.114038s
Iteration 13
time: 0.112333s
Iteration 14
time: 0.112919s
Iteration 15
time: 0.111097s
Iteration 16
time: 0.111658s
Iteration 17
time: 0.119424s
Iteration 18
time: 0.126132s
Iteration 19
time: 0.121112s
Iteration 20
time: 0.116420s
Iteration 21
time: 0.113576s
Iteration 22
time: 0.114338s
Iteration 23
time: 0.112588s
Iteration 24
time: 0.113234s
3: Starting numprocs=8 N=5000, M=5000 impl=allgather
2: Starting numprocs=8 N=5000, M=5000 impl=allgather
4: Starting numprocs=8 N=5000, M=5000 impl=allgather
5: Starting numprocs=8 N=5000, M=5000 impl=allgather
7: Starting numprocs=8 N=5000, M=5000 impl=allgather
6: Starting numprocs=8 N=5000, M=5000 impl=allgather
0: Starting numprocs=8 N=5000, M=5000 impl=allgather
Iteration 0
1: Starting numprocs=8 N=5000, M=5000 impl=allgather
time: 0.225580s
Iteration 1
time: 0.220855s
Iteration 2
time: 0.235409s
Iteration 3
time: 0.217935s
Iteration 4
time: 0.228359s
Iteration 5
time: 0.235198s
Iteration 6
time: 0.214688s
Iteration 7
time: 0.223666s
Iteration 8
time: 0.219323s
Iteration 9
time: 0.251261s
Iteration 10
time: 0.270105s
Iteration 11
time: 0.216685s
Iteration 12
time: 0.222728s
Iteration 13
time: 0.227581s
Iteration 14
time: 0.228415s
Iteration 15
time: 0.237278s
Iteration 16
time: 0.221319s
Iteration 17
time: 0.222776s
Iteration 18
time: 0.221616s
Iteration 19
time: 0.216718s
Iteration 20
time: 0.245473s
Iteration 21
time: 0.270086s
Iteration 22
time: 0.226881s
Iteration 23
time: 0.218104s
Iteration 24
time: 0.222015s
0: Starting numprocs=8 N=5000, M=5000 impl=allreduce
Iteration 0
6: Starting numprocs=8 N=5000, M=5000 impl=allreduce
1: Starting numprocs=8 N=5000, M=5000 impl=allreduce
7: Starting numprocs=8 N=5000, M=5000 impl=allreduce
3: Starting numprocs=8 N=5000, M=5000 impl=allreduce
4: Starting numprocs=8 N=5000, M=5000 impl=allreduce
2: Starting numprocs=8 N=5000, M=5000 impl=allreduce
5: Starting numprocs=8 N=5000, M=5000 impl=allreduce
time: 0.564461s
Iteration 1
time: 0.505600s
Iteration 2
time: 0.520893s
Iteration 3
time: 0.515662s
Iteration 4
time: 0.509891s
Iteration 5
time: 0.509743s
Iteration 6
time: 0.537729s
Iteration 7
time: 0.521007s
Iteration 8
time: 0.507699s
Iteration 9
time: 0.507608s
Iteration 10
time: 0.538388s
Iteration 11
time: 0.515860s
Iteration 12
time: 0.524628s
Iteration 13
time: 0.498077s
Iteration 14
time: 0.527941s
Iteration 15
time: 0.518331s
Iteration 16
time: 0.520313s
Iteration 17
time: 0.504706s
Iteration 18
time: 0.501450s
Iteration 19
time: 0.530781s
Iteration 20
time: 0.537501s
Iteration 21
time: 0.513809s
Iteration 22
time: 0.516727s
Iteration 23
time: 0.511275s
Iteration 24
time: 0.510613s
3: Starting numprocs=8 N=5000, M=5000 impl=allreduce-ring
4: Starting numprocs=8 N=5000, M=5000 impl=allreduce-ring
6: Starting numprocs=8 N=5000, M=5000 impl=allreduce-ring
0: Starting numprocs=8 N=5000, M=5000 impl=allreduce-ring
Iteration 0
2: Starting numprocs=8 N=5000, M=5000 impl=allreduce-ring
7: Starting numprocs=8 N=5000, M=5000 impl=allreduce-ring
5: Starting numprocs=8 N=5000, M=5000 impl=allreduce-ring
1: Starting numprocs=8 N=5000, M=5000 impl=allreduce-ring
time: 0.407794s
Iteration 1
time: 0.343079s
Iteration 2
time: 0.348769s
Iteration 3
time: 0.350810s
Iteration 4
time: 0.353356s
Iteration 5
time: 0.355989s
Iteration 6
time: 0.354188s
Iteration 7
time: 0.354610s
Iteration 8
time: 0.348025s
Iteration 9
time: 0.349529s
Iteration 10
time: 0.350957s
Iteration 11
time: 0.359099s
Iteration 12
time: 0.348476s
Iteration 13
time: 0.362534s
Iteration 14
time: 0.349518s
Iteration 15
time: 0.345061s
Iteration 16
time: 0.352483s
Iteration 17
time: 0.358243s
Iteration 18
time: 0.349223s
Iteration 19
time: 0.345848s
Iteration 20
time: 0.349575s
Iteration 21
time: 0.355929s
Iteration 22
time: 1.687040s
Iteration 23
time: 0.350513s
Iteration 24
time: 0.353375s
0: Starting numprocs=8 N=5000, M=5000 impl=g-rabenseifner-allgather
Iteration 0
6: Starting numprocs=8 N=5000, M=5000 impl=g-rabenseifner-allgather
1: Starting numprocs=8 N=5000, M=5000 impl=g-rabenseifner-allgather
7: Starting numprocs=8 N=5000, M=5000 impl=g-rabenseifner-allgather
4: Starting numprocs=8 N=5000, M=5000 impl=g-rabenseifner-allgather
2: Starting numprocs=8 N=5000, M=5000 impl=g-rabenseifner-allgather
5: Starting numprocs=8 N=5000, M=5000 impl=g-rabenseifner-allgather
3: Starting numprocs=8 N=5000, M=5000 impl=g-rabenseifner-allgather
time: 0.198537s
Iteration 1
time: 0.173085s
Iteration 2
time: 0.170052s
Iteration 3
time: 0.169458s
Iteration 4
time: 0.169073s
Iteration 5
time: 0.176612s
Iteration 6
time: 0.169023s
Iteration 7
time: 0.169805s
Iteration 8
time: 0.170345s
Iteration 9
time: 0.170221s
Iteration 10
time: 0.169432s
Iteration 11
time: 0.169850s
Iteration 12
time: 0.169040s
Iteration 13
time: 0.170354s
Iteration 14
time: 0.169533s
Iteration 15
time: 0.170302s
Iteration 16
time: 0.172084s
Iteration 17
time: 0.169304s
Iteration 18
time: 0.169570s
Iteration 19
time: 0.169262s
Iteration 20
time: 0.168811s
Iteration 21
time: 0.169542s
Iteration 22
time: 0.169446s
Iteration 23
time: 0.169119s
Iteration 24
time: 0.170066s
0: Starting numprocs=8 N=5000, M=5000 impl=g-rabenseifner-subgroup-2
Iteration 0
4: Starting numprocs=8 N=5000, M=5000 impl=g-rabenseifner-subgroup-2
3: Starting numprocs=8 N=5000, M=5000 impl=g-rabenseifner-subgroup-2
1: Starting numprocs=8 N=5000, M=5000 impl=g-rabenseifner-subgroup-2
6: Starting numprocs=8 N=5000, M=5000 impl=g-rabenseifner-subgroup-2
7: Starting numprocs=8 N=5000, M=5000 impl=g-rabenseifner-subgroup-2
5: Starting numprocs=8 N=5000, M=5000 impl=g-rabenseifner-subgroup-2
2: Starting numprocs=8 N=5000, M=5000 impl=g-rabenseifner-subgroup-2
time: 0.209688s
Iteration 1
time: 0.175800s
Iteration 2
time: 0.171936s
Iteration 3
time: 0.169910s
Iteration 4
time: 0.170326s
Iteration 5
time: 0.170848s
Iteration 6
time: 0.170557s
Iteration 7
time: 0.170782s
Iteration 8
time: 0.169816s
Iteration 9
time: 0.169714s
Iteration 10
time: 0.170513s
Iteration 11
time: 0.169596s
Iteration 12
time: 0.172723s
Iteration 13
time: 0.169197s
Iteration 14
time: 0.170951s
Iteration 15
time: 0.170029s
Iteration 16
time: 0.172015s
Iteration 17
time: 0.170482s
Iteration 18
time: 0.172195s
Iteration 19
time: 0.172408s
Iteration 20
time: 0.175378s
Iteration 21
time: 0.170594s
Iteration 22
time: 0.172294s
Iteration 23
time: 0.170793s
Iteration 24
time: 0.170643s
7: Starting numprocs=8 N=5000, M=5000 impl=g-rabenseifner-subgroup-4
0: Starting numprocs=8 N=5000, M=5000 impl=g-rabenseifner-subgroup-4
Iteration 0
6: Starting numprocs=8 N=5000, M=5000 impl=g-rabenseifner-subgroup-4
4: Starting numprocs=8 N=5000, M=5000 impl=g-rabenseifner-subgroup-4
3: Starting numprocs=8 N=5000, M=5000 impl=g-rabenseifner-subgroup-4
2: Starting numprocs=8 N=5000, M=5000 impl=g-rabenseifner-subgroup-4
5: Starting numprocs=8 N=5000, M=5000 impl=g-rabenseifner-subgroup-4
1: Starting numprocs=8 N=5000, M=5000 impl=g-rabenseifner-subgroup-4
time: 0.195140s
Iteration 1
time: 0.173153s
Iteration 2
time: 0.170986s
Iteration 3
time: 0.173771s
Iteration 4
time: 0.173295s
Iteration 5
time: 0.179479s
Iteration 6
time: 0.178477s
Iteration 7
time: 0.176132s
Iteration 8
time: 0.174283s
Iteration 9
time: 0.173681s
Iteration 10
time: 0.173316s
Iteration 11
time: 0.173244s
Iteration 12
time: 0.176446s
Iteration 13
time: 0.178493s
Iteration 14
time: 0.179637s
Iteration 15
time: 0.178266s
Iteration 16
time: 0.176207s
Iteration 17
time: 0.174188s
Iteration 18
time: 0.173302s
Iteration 19
time: 0.173321s
Iteration 20
time: 0.178816s
Iteration 21
time: 0.174300s
Iteration 22
time: 0.173781s
Iteration 23
time: 0.173876s
Iteration 24
time: 0.174434s
6: Starting numprocs=8 N=5000, M=5000 impl=g-rabenseifner-subgroup-8
1: Starting numprocs=8 N=5000, M=5000 impl=g-rabenseifner-subgroup-8
7: Starting numprocs=8 N=5000, M=5000 impl=g-rabenseifner-subgroup-8
0: Starting numprocs=8 N=5000, M=5000 impl=g-rabenseifner-subgroup-8
Iteration 0
4: Starting numprocs=8 N=5000, M=5000 impl=g-rabenseifner-subgroup-8
5: Starting numprocs=8 N=5000, M=5000 impl=g-rabenseifner-subgroup-8
2: Starting numprocs=8 N=5000, M=5000 impl=g-rabenseifner-subgroup-8
3: Starting numprocs=8 N=5000, M=5000 impl=g-rabenseifner-subgroup-8
time: 0.174483s
Iteration 1
time: 0.168609s
Iteration 2
time: 0.174072s
Iteration 3
time: 0.171812s
Iteration 4
time: 0.171969s
Iteration 5
time: 0.177708s
Iteration 6
time: 0.176063s
Iteration 7
time: 0.175268s
Iteration 8
time: 0.176383s
Iteration 9
time: 0.179678s
Iteration 10
time: 0.179351s
Iteration 11
time: 0.174081s
Iteration 12
time: 0.176594s
Iteration 13
time: 0.174716s
Iteration 14
time: 0.171424s
Iteration 15
time: 0.171354s
Iteration 16
time: 0.175449s
Iteration 17
time: 0.177276s
Iteration 18
time: 0.176388s
Iteration 19
time: 0.181701s
Iteration 20
time: 0.192241s
Iteration 21
time: 0.173897s
Iteration 22
time: 0.172283s
Iteration 23
time: 0.173532s
Iteration 24
time: 0.171957s
0: Starting numprocs=8 N=6000, M=6000 impl=allgather
Iteration 0
4: Starting numprocs=8 N=6000, M=6000 impl=allgather
3: Starting numprocs=8 N=6000, M=6000 impl=allgather
5: Starting numprocs=8 N=6000, M=6000 impl=allgather
7: Starting numprocs=8 N=6000, M=6000 impl=allgather
6: Starting numprocs=8 N=6000, M=6000 impl=allgather
1: Starting numprocs=8 N=6000, M=6000 impl=allgather
2: Starting numprocs=8 N=6000, M=6000 impl=allgather
time: 0.340424s
Iteration 1
time: 0.395660s
Iteration 2
time: 0.342327s
Iteration 3
time: 0.343977s
Iteration 4
time: 0.343223s
Iteration 5
time: 0.355480s
Iteration 6
time: 0.331893s
Iteration 7
time: 0.335465s
Iteration 8
time: 0.327267s
Iteration 9
time: 0.362181s
Iteration 10
time: 0.378786s
Iteration 11
time: 0.330512s
Iteration 12
time: 0.355500s
Iteration 13
time: 0.358661s
Iteration 14
time: 0.327982s
Iteration 15
time: 0.333356s
Iteration 16
time: 0.357047s
Iteration 17
time: 0.333533s
Iteration 18
time: 0.339195s
Iteration 19
time: 0.375084s
Iteration 20
time: 0.358838s
Iteration 21
time: 0.341399s
Iteration 22
time: 0.337023s
Iteration 23
time: 0.336866s
Iteration 24
time: 0.342652s
0: Starting numprocs=8 N=6000, M=6000 impl=allreduce
Iteration 0
6: Starting numprocs=8 N=6000, M=6000 impl=allreduce
3: Starting numprocs=8 N=6000, M=6000 impl=allreduce
4: Starting numprocs=8 N=6000, M=6000 impl=allreduce
5: Starting numprocs=8 N=6000, M=6000 impl=allreduce
7: Starting numprocs=8 N=6000, M=6000 impl=allreduce
1: Starting numprocs=8 N=6000, M=6000 impl=allreduce
2: Starting numprocs=8 N=6000, M=6000 impl=allreduce
time: 0.824984s
Iteration 1
time: 0.739420s
Iteration 2
time: 0.731317s
Iteration 3
time: 0.782302s
Iteration 4
time: 0.748381s
Iteration 5
time: 0.724846s
Iteration 6
time: 0.780196s
Iteration 7
time: 0.738600s
Iteration 8
time: 0.743577s
Iteration 9
time: 0.736934s
Iteration 10
time: 0.778573s
Iteration 11
time: 0.718859s
Iteration 12
time: 0.736119s
Iteration 13
time: 0.737824s
Iteration 14
time: 0.725827s
Iteration 15
time: 0.749675s
Iteration 16
time: 0.740280s
Iteration 17
time: 0.728541s
Iteration 18
time: 0.749656s
Iteration 19
time: 0.767170s
Iteration 20
time: 0.716005s
Iteration 21
time: 0.723965s
Iteration 22
time: 0.738832s
Iteration 23
time: 0.733581s
Iteration 24
time: 0.714759s
0: Starting numprocs=8 N=6000, M=6000 impl=allreduce-ring
Iteration 0
6: Starting numprocs=8 N=6000, M=6000 impl=allreduce-ring
4: Starting numprocs=8 N=6000, M=6000 impl=allreduce-ring
5: Starting numprocs=8 N=6000, M=6000 impl=allreduce-ring
3: Starting numprocs=8 N=6000, M=6000 impl=allreduce-ring
2: Starting numprocs=8 N=6000, M=6000 impl=allreduce-ring
1: Starting numprocs=8 N=6000, M=6000 impl=allreduce-ring
7: Starting numprocs=8 N=6000, M=6000 impl=allreduce-ring
time: 0.701731s
Iteration 1
time: 0.576316s
Iteration 2
time: 0.573505s
Iteration 3
time: 0.575219s
Iteration 4
time: 0.584852s
Iteration 5
time: 0.585138s
Iteration 6
time: 0.587765s
Iteration 7
time: 0.581921s
Iteration 8
time: 0.591426s
Iteration 9
time: 0.588762s
Iteration 10
time: 0.587190s
Iteration 11
time: 0.590811s
Iteration 12
time: 0.569561s
Iteration 13
time: 0.586702s
Iteration 14
time: 0.574942s
Iteration 15
time: 0.583674s
Iteration 16
time: 0.578311s
Iteration 17
time: 0.576721s
Iteration 18
time: 0.575723s
Iteration 19
time: 0.608693s
Iteration 20
time: 0.590891s
Iteration 21
time: 0.579541s
Iteration 22
time: 0.576849s
Iteration 23
time: 0.598996s
Iteration 24
time: 0.597410s
3: Starting numprocs=8 N=6000, M=6000 impl=g-rabenseifner-allgather
0: Starting numprocs=8 N=6000, M=6000 impl=g-rabenseifner-allgather
Iteration 0
1: Starting numprocs=8 N=6000, M=6000 impl=g-rabenseifner-allgather
6: Starting numprocs=8 N=6000, M=6000 impl=g-rabenseifner-allgather
4: Starting numprocs=8 N=6000, M=6000 impl=g-rabenseifner-allgather
7: Starting numprocs=8 N=6000, M=6000 impl=g-rabenseifner-allgather
5: Starting numprocs=8 N=6000, M=6000 impl=g-rabenseifner-allgather
2: Starting numprocs=8 N=6000, M=6000 impl=g-rabenseifner-allgather
time: 0.288570s
Iteration 1
time: 0.244774s
Iteration 2
time: 0.243260s
Iteration 3
time: 0.243884s
Iteration 4
time: 0.244474s
Iteration 5
time: 0.244664s
Iteration 6
time: 0.245395s
Iteration 7
time: 0.246127s
Iteration 8
time: 0.252924s
Iteration 9
time: 0.244729s
Iteration 10
time: 0.244791s
Iteration 11
time: 0.246031s
Iteration 12
time: 0.244274s
Iteration 13
time: 0.243543s
Iteration 14
time: 0.243955s
Iteration 15
time: 0.244281s
Iteration 16
time: 0.244957s
Iteration 17
time: 0.246596s
Iteration 18
time: 0.247022s
Iteration 19
time: 0.245693s
Iteration 20
time: 0.244078s
Iteration 21
time: 0.243763s
Iteration 22
time: 0.245557s
Iteration 23
time: 0.244875s
Iteration 24
time: 0.243914s
7: Starting numprocs=8 N=6000, M=6000 impl=g-rabenseifner-subgroup-2
0: Starting numprocs=8 N=6000, M=6000 impl=g-rabenseifner-subgroup-2
Iteration 0
6: Starting numprocs=8 N=6000, M=6000 impl=g-rabenseifner-subgroup-2
3: Starting numprocs=8 N=6000, M=6000 impl=g-rabenseifner-subgroup-2
2: Starting numprocs=8 N=6000, M=6000 impl=g-rabenseifner-subgroup-2
1: Starting numprocs=8 N=6000, M=6000 impl=g-rabenseifner-subgroup-2
5: Starting numprocs=8 N=6000, M=6000 impl=g-rabenseifner-subgroup-2
4: Starting numprocs=8 N=6000, M=6000 impl=g-rabenseifner-subgroup-2
time: 0.290483s
Iteration 1
time: 0.246865s
Iteration 2
time: 0.249517s
Iteration 3
time: 0.250823s
Iteration 4
time: 0.247600s
Iteration 5
time: 0.247395s
Iteration 6
time: 0.248128s
Iteration 7
time: 0.248611s
Iteration 8
time: 0.248071s
Iteration 9
time: 0.245284s
Iteration 10
time: 0.246789s
Iteration 11
time: 0.245242s
Iteration 12
time: 0.248770s
Iteration 13
time: 0.254656s
Iteration 14
time: 0.248574s
Iteration 15
time: 0.245217s
Iteration 16
time: 0.249348s
Iteration 17
time: 0.245131s
Iteration 18
time: 0.245858s
Iteration 19
time: 0.246751s
Iteration 20
time: 0.248587s
Iteration 21
time: 0.246721s
Iteration 22
time: 0.251707s
Iteration 23
time: 0.245035s
Iteration 24
time: 0.245654s
7: Starting numprocs=8 N=6000, M=6000 impl=g-rabenseifner-subgroup-4
3: Starting numprocs=8 N=6000, M=6000 impl=g-rabenseifner-subgroup-4
6: Starting numprocs=8 N=6000, M=6000 impl=g-rabenseifner-subgroup-4
0: Starting numprocs=8 N=6000, M=6000 impl=g-rabenseifner-subgroup-4
Iteration 0
4: Starting numprocs=8 N=6000, M=6000 impl=g-rabenseifner-subgroup-4
1: Starting numprocs=8 N=6000, M=6000 impl=g-rabenseifner-subgroup-4
5: Starting numprocs=8 N=6000, M=6000 impl=g-rabenseifner-subgroup-4
2: Starting numprocs=8 N=6000, M=6000 impl=g-rabenseifner-subgroup-4
time: 0.278215s
Iteration 1
time: 0.254625s
Iteration 2
time: 0.249720s
Iteration 3
time: 0.257681s
Iteration 4
time: 0.250587s
Iteration 5
time: 0.254719s
Iteration 6
time: 0.254741s
Iteration 7
time: 0.254384s
Iteration 8
time: 0.254218s
Iteration 9
time: 0.249451s
Iteration 10
time: 0.249772s
Iteration 11
time: 0.253185s
Iteration 12
time: 0.251523s
Iteration 13
time: 0.255458s
Iteration 14
time: 0.255134s
Iteration 15
time: 0.253980s
Iteration 16
time: 0.254591s
Iteration 17
time: 0.252892s
Iteration 18
time: 0.259300s
Iteration 19
time: 0.251849s
Iteration 20
time: 0.249607s
Iteration 21
time: 0.249809s
Iteration 22
time: 0.250792s
Iteration 23
time: 0.250666s
Iteration 24
time: 0.255455s
0: Starting numprocs=8 N=6000, M=6000 impl=g-rabenseifner-subgroup-8
Iteration 0
6: Starting numprocs=8 N=6000, M=6000 impl=g-rabenseifner-subgroup-8
1: Starting numprocs=8 N=6000, M=6000 impl=g-rabenseifner-subgroup-8
3: Starting numprocs=8 N=6000, M=6000 impl=g-rabenseifner-subgroup-8
4: Starting numprocs=8 N=6000, M=6000 impl=g-rabenseifner-subgroup-8
5: Starting numprocs=8 N=6000, M=6000 impl=g-rabenseifner-subgroup-8
7: Starting numprocs=8 N=6000, M=6000 impl=g-rabenseifner-subgroup-8
2: Starting numprocs=8 N=6000, M=6000 impl=g-rabenseifner-subgroup-8
time: 0.259510s
Iteration 1
time: 0.245366s
Iteration 2
time: 0.256982s
Iteration 3
time: 0.254234s
Iteration 4
time: 0.261815s
Iteration 5
time: 0.268318s
Iteration 6
time: 0.285812s
Iteration 7
time: 0.258823s
Iteration 8
time: 0.267040s
Iteration 9
time: 0.251347s
Iteration 10
time: 0.251911s
Iteration 11
time: 0.252675s
Iteration 12
time: 0.248646s
Iteration 13
time: 0.249510s
Iteration 14
time: 0.249114s
Iteration 15
time: 0.257002s
Iteration 16
time: 0.256921s
Iteration 17
time: 0.257130s
Iteration 18
time: 0.285953s
Iteration 19
time: 0.251775s
Iteration 20
time: 0.252453s
Iteration 21
time: 0.260701s
Iteration 22
time: 0.251232s
Iteration 23
time: 0.254653s
Iteration 24
time: 0.251527s
3: Starting numprocs=8 N=7000, M=7000 impl=allgather
7: Starting numprocs=8 N=7000, M=7000 impl=allgather
0: Starting numprocs=8 N=7000, M=7000 impl=allgather
Iteration 0
1: Starting numprocs=8 N=7000, M=7000 impl=allgather
4: Starting numprocs=8 N=7000, M=7000 impl=allgather
6: Starting numprocs=8 N=7000, M=7000 impl=allgather
5: Starting numprocs=8 N=7000, M=7000 impl=allgather
2: Starting numprocs=8 N=7000, M=7000 impl=allgather
time: 0.475145s
Iteration 1
time: 0.472395s
Iteration 2
time: 0.488513s
Iteration 3
time: 0.469839s
Iteration 4
time: 0.482101s
Iteration 5
time: 0.451802s
Iteration 6
time: 0.462464s
Iteration 7
time: 0.503527s
Iteration 8
time: 0.449659s
Iteration 9
time: 0.499569s
Iteration 10
time: 0.454062s
Iteration 11
time: 0.487876s
Iteration 12
time: 0.452820s
Iteration 13
time: 0.462119s
Iteration 14
time: 0.490707s
Iteration 15
time: 0.455162s
Iteration 16
time: 0.504802s
Iteration 17
time: 0.453746s
Iteration 18
time: 0.477096s
Iteration 19
time: 0.449953s
Iteration 20
time: 0.495492s
Iteration 21
time: 0.476881s
Iteration 22
time: 0.478487s
Iteration 23
time: 0.485331s
Iteration 24
time: 0.454073s
6: Starting numprocs=8 N=7000, M=7000 impl=allreduce
7: Starting numprocs=8 N=7000, M=7000 impl=allreduce
0: Starting numprocs=8 N=7000, M=7000 impl=allreduce
Iteration 0
1: Starting numprocs=8 N=7000, M=7000 impl=allreduce
4: Starting numprocs=8 N=7000, M=7000 impl=allreduce
5: Starting numprocs=8 N=7000, M=7000 impl=allreduce
2: Starting numprocs=8 N=7000, M=7000 impl=allreduce
3: Starting numprocs=8 N=7000, M=7000 impl=allreduce
time: 1.099044s
Iteration 1
time: 0.992525s
Iteration 2
time: 1.017405s
Iteration 3
time: 0.984381s
Iteration 4
time: 1.021615s
Iteration 5
time: 2.581295s
Iteration 6
time: 0.999574s
Iteration 7
time: 1.008291s
Iteration 8
time: 0.992462s
Iteration 9
time: 1.020771s
Iteration 10
time: 1.010945s
Iteration 11
time: 1.005827s
Iteration 12
time: 1.008964s
Iteration 13
time: 1.016893s
Iteration 14
time: 1.011675s
Iteration 15
time: 1.010028s
Iteration 16
time: 1.000758s
Iteration 17
time: 1.025600s
Iteration 18
time: 1.004052s
Iteration 19
time: 1.011565s
Iteration 20
time: 1.011140s
Iteration 21
time: 0.999378s
Iteration 22
time: 0.997509s
Iteration 23
time: 1.029793s
Iteration 24
time: 0.997029s
0: Starting numprocs=8 N=7000, M=7000 impl=allreduce-ring
Iteration 0
3: Starting numprocs=8 N=7000, M=7000 impl=allreduce-ring
6: Starting numprocs=8 N=7000, M=7000 impl=allreduce-ring
7: Starting numprocs=8 N=7000, M=7000 impl=allreduce-ring
1: Starting numprocs=8 N=7000, M=7000 impl=allreduce-ring
5: Starting numprocs=8 N=7000, M=7000 impl=allreduce-ring
4: Starting numprocs=8 N=7000, M=7000 impl=allreduce-ring
2: Starting numprocs=8 N=7000, M=7000 impl=allreduce-ring
time: 0.928467s
Iteration 1
time: 0.799424s
Iteration 2
time: 0.783249s
Iteration 3
time: 0.790163s
Iteration 4
time: 0.794301s
Iteration 5
time: 0.804121s
Iteration 6
time: 0.782584s
Iteration 7
time: 0.786045s
Iteration 8
time: 0.794759s
Iteration 9
time: 0.796911s
Iteration 10
time: 0.805159s
Iteration 11
time: 0.797373s
Iteration 12
time: 0.790193s
Iteration 13
time: 0.796478s
Iteration 14
time: 0.792296s
Iteration 15
time: 0.792403s
Iteration 16
time: 0.794982s
Iteration 17
time: 0.798725s
Iteration 18
time: 0.787836s
Iteration 19
time: 0.797105s
Iteration 20
time: 0.794160s
Iteration 21
time: 0.788970s
Iteration 22
time: 0.796496s
Iteration 23
time: 0.774729s
Iteration 24
time: 0.782955s
0: Starting numprocs=8 N=7000, M=7000 impl=g-rabenseifner-allgather
Iteration 0
1: Starting numprocs=8 N=7000, M=7000 impl=g-rabenseifner-allgather
7: Starting numprocs=8 N=7000, M=7000 impl=g-rabenseifner-allgather
3: Starting numprocs=8 N=7000, M=7000 impl=g-rabenseifner-allgather
4: Starting numprocs=8 N=7000, M=7000 impl=g-rabenseifner-allgather
2: Starting numprocs=8 N=7000, M=7000 impl=g-rabenseifner-allgather
6: Starting numprocs=8 N=7000, M=7000 impl=g-rabenseifner-allgather
5: Starting numprocs=8 N=7000, M=7000 impl=g-rabenseifner-allgather
time: 0.376267s
Iteration 1
time: 0.331519s
Iteration 2
time: 0.331878s
Iteration 3
time: 0.331430s
Iteration 4
time: 0.334420s
Iteration 5
time: 0.331427s
Iteration 6
time: 0.335471s
Iteration 7
time: 0.331238s
Iteration 8
time: 0.331162s
Iteration 9
time: 0.331896s
Iteration 10
time: 0.331695s
Iteration 11
time: 0.331863s
Iteration 12
time: 0.331603s
Iteration 13
time: 0.333134s
Iteration 14
time: 0.331908s
Iteration 15
time: 0.336121s
Iteration 16
time: 0.330938s
Iteration 17
time: 0.335554s
Iteration 18
time: 0.334558s
Iteration 19
time: 0.334120s
Iteration 20
time: 0.331745s
Iteration 21
time: 0.331069s
Iteration 22
time: 0.331652s
Iteration 23
time: 0.334074s
Iteration 24
time: 0.332037s
0: Starting numprocs=8 N=7000, M=7000 impl=g-rabenseifner-subgroup-2
Iteration 0
3: Starting numprocs=8 N=7000, M=7000 impl=g-rabenseifner-subgroup-2
6: Starting numprocs=8 N=7000, M=7000 impl=g-rabenseifner-subgroup-2
7: Starting numprocs=8 N=7000, M=7000 impl=g-rabenseifner-subgroup-2
4: Starting numprocs=8 N=7000, M=7000 impl=g-rabenseifner-subgroup-2
2: Starting numprocs=8 N=7000, M=7000 impl=g-rabenseifner-subgroup-2
5: Starting numprocs=8 N=7000, M=7000 impl=g-rabenseifner-subgroup-2
1: Starting numprocs=8 N=7000, M=7000 impl=g-rabenseifner-subgroup-2
time: 0.395032s
Iteration 1
time: 0.333622s
Iteration 2
time: 0.335176s
Iteration 3
time: 0.335472s
Iteration 4
time: 0.343527s
Iteration 5
time: 0.339192s
Iteration 6
time: 0.336513s
Iteration 7
time: 0.337324s
Iteration 8
time: 0.334101s
Iteration 9
time: 0.338425s
Iteration 10
time: 0.335877s
Iteration 11
time: 0.336032s
Iteration 12
time: 0.342719s
Iteration 13
time: 0.333122s
Iteration 14
time: 0.334188s
Iteration 15
time: 0.335296s
Iteration 16
time: 0.335698s
Iteration 17
time: 0.334723s
Iteration 18
time: 0.333751s
Iteration 19
time: 0.333568s
Iteration 20
time: 0.338381s
Iteration 21
time: 0.339495s
Iteration 22
time: 0.333373s
Iteration 23
time: 0.336083s
Iteration 24
time: 0.335572s
0: Starting numprocs=8 N=7000, M=7000 impl=g-rabenseifner-subgroup-4
Iteration 0
6: Starting numprocs=8 N=7000, M=7000 impl=g-rabenseifner-subgroup-4
3: Starting numprocs=8 N=7000, M=7000 impl=g-rabenseifner-subgroup-4
4: Starting numprocs=8 N=7000, M=7000 impl=g-rabenseifner-subgroup-4
7: Starting numprocs=8 N=7000, M=7000 impl=g-rabenseifner-subgroup-4
5: Starting numprocs=8 N=7000, M=7000 impl=g-rabenseifner-subgroup-4
2: Starting numprocs=8 N=7000, M=7000 impl=g-rabenseifner-subgroup-4
1: Starting numprocs=8 N=7000, M=7000 impl=g-rabenseifner-subgroup-4
time: 0.371331s
Iteration 1
time: 0.341666s
Iteration 2
time: 0.342510s
Iteration 3
time: 0.348474s
Iteration 4
time: 0.339450s
Iteration 5
time: 0.339536s
Iteration 6
time: 0.342047s
Iteration 7
time: 0.348370s
Iteration 8
time: 0.343950s
Iteration 9
time: 0.338178s
Iteration 10
time: 0.338285s
Iteration 11
time: 0.341086s
Iteration 12
time: 0.342192s
Iteration 13
time: 0.343865s
Iteration 14
time: 0.351565s
Iteration 15
time: 0.338622s
Iteration 16
time: 0.337645s
Iteration 17
time: 0.337954s
Iteration 18
time: 0.342441s
Iteration 19
time: 0.339333s
Iteration 20
time: 0.342019s
Iteration 21
time: 0.346526s
Iteration 22
time: 0.343531s
Iteration 23
time: 0.338235s
Iteration 24
time: 0.338023s
0: Starting numprocs=8 N=7000, M=7000 impl=g-rabenseifner-subgroup-8
Iteration 0
4: Starting numprocs=8 N=7000, M=7000 impl=g-rabenseifner-subgroup-8
7: Starting numprocs=8 N=7000, M=7000 impl=g-rabenseifner-subgroup-8
6: Starting numprocs=8 N=7000, M=7000 impl=g-rabenseifner-subgroup-8
3: Starting numprocs=8 N=7000, M=7000 impl=g-rabenseifner-subgroup-8
2: Starting numprocs=8 N=7000, M=7000 impl=g-rabenseifner-subgroup-8
5: Starting numprocs=8 N=7000, M=7000 impl=g-rabenseifner-subgroup-8
1: Starting numprocs=8 N=7000, M=7000 impl=g-rabenseifner-subgroup-8
time: 0.346848s
Iteration 1
time: 0.350081s
Iteration 2
time: 0.338526s
Iteration 3
time: 0.338465s
Iteration 4
time: 0.346559s
Iteration 5
time: 0.350891s
Iteration 6
time: 0.343422s
Iteration 7
time: 0.341099s
Iteration 8
time: 0.347265s
Iteration 9
time: 0.347633s
Iteration 10
time: 0.340559s
Iteration 11
time: 0.356780s
Iteration 12
time: 0.345303s
Iteration 13
time: 0.337877s
Iteration 14
time: 0.340086s
Iteration 15
time: 0.354854s
Iteration 16
time: 0.350442s
Iteration 17
time: 0.341946s
Iteration 18
time: 0.341566s
Iteration 19
time: 0.347404s
Iteration 20
time: 0.343655s
Iteration 21
time: 0.339348s
Iteration 22
time: 0.351159s
Iteration 23
time: 0.342657s
Iteration 24
time: 0.336923s
0: Starting numprocs=8 N=8000, M=8000 impl=allgather
Iteration 0
7: Starting numprocs=8 N=8000, M=8000 impl=allgather
3: Starting numprocs=8 N=8000, M=8000 impl=allgather
6: Starting numprocs=8 N=8000, M=8000 impl=allgather
1: Starting numprocs=8 N=8000, M=8000 impl=allgather
4: Starting numprocs=8 N=8000, M=8000 impl=allgather
2: Starting numprocs=8 N=8000, M=8000 impl=allgather
5: Starting numprocs=8 N=8000, M=8000 impl=allgather
time: 0.636168s
Iteration 1
time: 0.616662s
Iteration 2
time: 0.595510s
Iteration 3
time: 0.620063s
Iteration 4
time: 0.582081s
Iteration 5
time: 0.600991s
Iteration 6
time: 0.592176s
Iteration 7
time: 0.607112s
Iteration 8
time: 0.572819s
Iteration 9
time: 0.567954s
Iteration 10
time: 0.576859s
Iteration 11
time: 0.574062s
Iteration 12
time: 0.590079s
Iteration 13
time: 0.570577s
Iteration 14
time: 0.598391s
Iteration 15
time: 0.589706s
Iteration 16
time: 0.631253s
Iteration 17
time: 0.585309s
Iteration 18
time: 0.613801s
Iteration 19
time: 0.579012s
Iteration 20
time: 0.594205s
Iteration 21
time: 0.594554s
Iteration 22
time: 0.573720s
Iteration 23
time: 0.577083s
Iteration 24
time: 0.568900s
1: Starting numprocs=8 N=8000, M=8000 impl=allreduce
0: Starting numprocs=8 N=8000, M=8000 impl=allreduce
Iteration 0
4: Starting numprocs=8 N=8000, M=8000 impl=allreduce
6: Starting numprocs=8 N=8000, M=8000 impl=allreduce
3: Starting numprocs=8 N=8000, M=8000 impl=allreduce
2: Starting numprocs=8 N=8000, M=8000 impl=allreduce
5: Starting numprocs=8 N=8000, M=8000 impl=allreduce
7: Starting numprocs=8 N=8000, M=8000 impl=allreduce
time: 1.471703s
Iteration 1
time: 1.316090s
Iteration 2
time: 1.337655s
Iteration 3
time: 1.288065s
Iteration 4
time: 1.321322s
Iteration 5
time: 1.295076s
Iteration 6
time: 1.313651s
Iteration 7
time: 1.320127s
Iteration 8
time: 1.297826s
Iteration 9
time: 1.301774s
Iteration 10
time: 1.289745s
Iteration 11
time: 1.311718s
Iteration 12
time: 1.283046s
Iteration 13
time: 1.322137s
Iteration 14
time: 1.305478s
Iteration 15
time: 1.330792s
Iteration 16
time: 1.294455s
Iteration 17
time: 1.309163s
Iteration 18
time: 1.297421s
Iteration 19
time: 1.291214s
Iteration 20
time: 1.294750s
Iteration 21
time: 1.307755s
Iteration 22
time: 1.314893s
Iteration 23
time: 1.310647s
Iteration 24
time: 1.347052s
0: Starting numprocs=8 N=8000, M=8000 impl=allreduce-ring
Iteration 0
6: Starting numprocs=8 N=8000, M=8000 impl=allreduce-ring
4: Starting numprocs=8 N=8000, M=8000 impl=allreduce-ring
1: Starting numprocs=8 N=8000, M=8000 impl=allreduce-ring
7: Starting numprocs=8 N=8000, M=8000 impl=allreduce-ring
3: Starting numprocs=8 N=8000, M=8000 impl=allreduce-ring
2: Starting numprocs=8 N=8000, M=8000 impl=allreduce-ring
5: Starting numprocs=8 N=8000, M=8000 impl=allreduce-ring
time: 1.202378s
Iteration 1
time: 1.026039s
Iteration 2
time: 1.031786s
Iteration 3
time: 1.030358s
Iteration 4
time: 1.027647s
Iteration 5
time: 1.043907s
Iteration 6
time: 1.025814s
Iteration 7
time: 1.028500s
Iteration 8
time: 1.030322s
Iteration 9
time: 1.043556s
Iteration 10
time: 1.039134s
Iteration 11
time: 1.049562s
Iteration 12
time: 1.029703s
Iteration 13
time: 1.027681s
Iteration 14
time: 1.020727s
Iteration 15
time: 1.030509s
Iteration 16
time: 1.027625s
Iteration 17
time: 1.022041s
Iteration 18
time: 1.054454s
Iteration 19
time: 1.041054s
Iteration 20
time: 1.039184s
Iteration 21
time: 1.040591s
Iteration 22
time: 1.033596s
Iteration 23
time: 1.027445s
Iteration 24
time: 1.022281s
0: Starting numprocs=8 N=8000, M=8000 impl=g-rabenseifner-allgather
Iteration 0
4: Starting numprocs=8 N=8000, M=8000 impl=g-rabenseifner-allgather
3: Starting numprocs=8 N=8000, M=8000 impl=g-rabenseifner-allgather
1: Starting numprocs=8 N=8000, M=8000 impl=g-rabenseifner-allgather
2: Starting numprocs=8 N=8000, M=8000 impl=g-rabenseifner-allgather
7: Starting numprocs=8 N=8000, M=8000 impl=g-rabenseifner-allgather
6: Starting numprocs=8 N=8000, M=8000 impl=g-rabenseifner-allgather
5: Starting numprocs=8 N=8000, M=8000 impl=g-rabenseifner-allgather
time: 0.489743s
Iteration 1
time: 0.434645s
Iteration 2
time: 0.434685s
Iteration 3
time: 0.435299s
Iteration 4
time: 0.437661s
Iteration 5
time: 0.434953s
Iteration 6
time: 0.434844s
Iteration 7
time: 0.434980s
Iteration 8
time: 0.433841s
Iteration 9
time: 0.433900s
Iteration 10
time: 0.434602s
Iteration 11
time: 0.434338s
Iteration 12
time: 0.434576s
Iteration 13
time: 0.433188s
Iteration 14
time: 0.435246s
Iteration 15
time: 0.434674s
Iteration 16
time: 0.434797s
Iteration 17
time: 0.437421s
Iteration 18
time: 0.433945s
Iteration 19
time: 0.433918s
Iteration 20
time: 0.433081s
Iteration 21
time: 0.434786s
Iteration 22
time: 0.433610s
Iteration 23
time: 0.433763s
Iteration 24
time: 0.434396s
0: Starting numprocs=8 N=8000, M=8000 impl=g-rabenseifner-subgroup-2
Iteration 0
6: Starting numprocs=8 N=8000, M=8000 impl=g-rabenseifner-subgroup-2
3: Starting numprocs=8 N=8000, M=8000 impl=g-rabenseifner-subgroup-2
1: Starting numprocs=8 N=8000, M=8000 impl=g-rabenseifner-subgroup-2
2: Starting numprocs=8 N=8000, M=8000 impl=g-rabenseifner-subgroup-2
4: Starting numprocs=8 N=8000, M=8000 impl=g-rabenseifner-subgroup-2
7: Starting numprocs=8 N=8000, M=8000 impl=g-rabenseifner-subgroup-2
5: Starting numprocs=8 N=8000, M=8000 impl=g-rabenseifner-subgroup-2
time: 0.514230s
Iteration 1
time: 0.442491s
Iteration 2
time: 0.435994s
Iteration 3
time: 0.438196s
Iteration 4
time: 0.437857s
Iteration 5
time: 0.440552s
Iteration 6
time: 0.437683s
Iteration 7
time: 0.437472s
Iteration 8
time: 0.436287s
Iteration 9
time: 0.438653s
Iteration 10
time: 0.436636s
Iteration 11
time: 0.437077s
Iteration 12
time: 0.438169s
Iteration 13
time: 0.438191s
Iteration 14
time: 0.436827s
Iteration 15
time: 0.435788s
Iteration 16
time: 0.437548s
Iteration 17
time: 0.437902s
Iteration 18
time: 0.439305s
Iteration 19
time: 0.450289s
Iteration 20
time: 0.435437s
Iteration 21
time: 0.435997s
Iteration 22
time: 0.435333s
Iteration 23
time: 0.436545s
Iteration 24
time: 0.439125s
0: Starting numprocs=8 N=8000, M=8000 impl=g-rabenseifner-subgroup-4
Iteration 0
3: Starting numprocs=8 N=8000, M=8000 impl=g-rabenseifner-subgroup-4
1: Starting numprocs=8 N=8000, M=8000 impl=g-rabenseifner-subgroup-4
7: Starting numprocs=8 N=8000, M=8000 impl=g-rabenseifner-subgroup-4
6: Starting numprocs=8 N=8000, M=8000 impl=g-rabenseifner-subgroup-4
4: Starting numprocs=8 N=8000, M=8000 impl=g-rabenseifner-subgroup-4
2: Starting numprocs=8 N=8000, M=8000 impl=g-rabenseifner-subgroup-4
5: Starting numprocs=8 N=8000, M=8000 impl=g-rabenseifner-subgroup-4
time: 0.483908s
Iteration 1
time: 0.444740s
Iteration 2
time: 0.440805s
Iteration 3
time: 0.439686s
Iteration 4
time: 0.444120s
Iteration 5
time: 0.455258s
Iteration 6
time: 0.452368s
Iteration 7
time: 0.437450s
Iteration 8
time: 0.440911s
Iteration 9
time: 0.444000s
Iteration 10
time: 0.442614s
Iteration 11
time: 0.440529s
Iteration 12
time: 0.453396s
Iteration 13
time: 0.451659s
Iteration 14
time: 0.437369s
Iteration 15
time: 0.437835s
Iteration 16
time: 0.444384s
Iteration 17
time: 0.446675s
Iteration 18
time: 0.446757s
Iteration 19
time: 0.440965s
Iteration 20
time: 0.442794s
Iteration 21
time: 0.446611s
Iteration 22
time: 0.449533s
Iteration 23
time: 0.436278s
Iteration 24
time: 0.446658s
0: Starting numprocs=8 N=8000, M=8000 impl=g-rabenseifner-subgroup-8
Iteration 0
6: Starting numprocs=8 N=8000, M=8000 impl=g-rabenseifner-subgroup-8
3: Starting numprocs=8 N=8000, M=8000 impl=g-rabenseifner-subgroup-8
1: Starting numprocs=8 N=8000, M=8000 impl=g-rabenseifner-subgroup-8
7: Starting numprocs=8 N=8000, M=8000 impl=g-rabenseifner-subgroup-8
2: Starting numprocs=8 N=8000, M=8000 impl=g-rabenseifner-subgroup-8
4: Starting numprocs=8 N=8000, M=8000 impl=g-rabenseifner-subgroup-8
5: Starting numprocs=8 N=8000, M=8000 impl=g-rabenseifner-subgroup-8
time: 0.469682s
Iteration 1
time: 0.458282s
Iteration 2
time: 0.447443s
Iteration 3
time: 0.446230s
Iteration 4
time: 0.451060s
Iteration 5
time: 0.445487s
Iteration 6
time: 0.455690s
Iteration 7
time: 0.443358s
Iteration 8
time: 0.444109s
Iteration 9
time: 0.444535s
Iteration 10
time: 0.444991s
Iteration 11
time: 0.450087s
Iteration 12
time: 0.442404s
Iteration 13
time: 0.451963s
Iteration 14
time: 0.450456s
Iteration 15
time: 0.446145s
Iteration 16
time: 0.468722s
Iteration 17
time: 0.445530s
Iteration 18
time: 0.450225s
Iteration 19
time: 0.463168s
Iteration 20
time: 0.448750s
Iteration 21
time: 0.450424s
Iteration 22
time: 0.444776s
Iteration 23
time: 0.445637s
Iteration 24
time: 0.460683s
