0: Starting numprocs=16 N=1000, M=1000 impl=allgather
Iteration 0
12: Starting numprocs=16 N=1000, M=1000 impl=allgather
7: Starting numprocs=16 N=1000, M=1000 impl=allgather
10: Starting numprocs=16 N=1000, M=1000 impl=allgather
8: Starting numprocs=16 N=1000, M=1000 impl=allgather
5: Starting numprocs=16 N=1000, M=1000 impl=allgather
11: Starting numprocs=16 N=1000, M=1000 impl=allgather
13: Starting numprocs=16 N=1000, M=1000 impl=allgather
15: Starting numprocs=16 N=1000, M=1000 impl=allgather
2: Starting numprocs=16 N=1000, M=1000 impl=allgather
1: Starting numprocs=16 N=1000, M=1000 impl=allgather
14: Starting numprocs=16 N=1000, M=1000 impl=allgather
6: Starting numprocs=16 N=1000, M=1000 impl=allgather
3: Starting numprocs=16 N=1000, M=1000 impl=allgather
9: Starting numprocs=16 N=1000, M=1000 impl=allgather
4: Starting numprocs=16 N=1000, M=1000 impl=allgather
time: 0.023552s
Iteration 1
time: 0.013025s
Iteration 2
time: 0.012805s
Iteration 3
time: 0.013417s
Iteration 4
time: 0.013786s
Iteration 5
time: 0.013055s
Iteration 6
time: 0.013076s
Iteration 7
time: 0.012776s
Iteration 8
time: 0.012692s
Iteration 9
time: 0.012707s
Iteration 10
time: 0.012700s
Iteration 11
time: 0.012897s
Iteration 12
time: 0.015682s
Iteration 13
time: 0.013908s
Iteration 14
time: 0.014295s
Iteration 15
time: 0.013513s
Iteration 16
time: 0.013178s
Iteration 17
time: 0.012909s
Iteration 18
time: 0.012821s
Iteration 19
time: 0.013489s
Iteration 20
time: 0.012821s
Iteration 21
time: 0.012841s
Iteration 22
time: 0.012901s
Iteration 23
time: 0.013172s
Iteration 24
time: 0.012441s
0: Starting numprocs=16 N=1000, M=1000 impl=allreduce
Iteration 0
12: Starting numprocs=16 N=1000, M=1000 impl=allreduce
11: Starting numprocs=16 N=1000, M=1000 impl=allreduce
7: Starting numprocs=16 N=1000, M=1000 impl=allreduce
13: Starting numprocs=16 N=1000, M=1000 impl=allreduce
5: Starting numprocs=16 N=1000, M=1000 impl=allreduce
1: Starting numprocs=16 N=1000, M=1000 impl=allreduce
9: Starting numprocs=16 N=1000, M=1000 impl=allreduce
3: Starting numprocs=16 N=1000, M=1000 impl=allreduce
10: Starting numprocs=16 N=1000, M=1000 impl=allreduce
6: Starting numprocs=16 N=1000, M=1000 impl=allreduce
2: Starting numprocs=16 N=1000, M=1000 impl=allreduce
15: Starting numprocs=16 N=1000, M=1000 impl=allreduce
4: Starting numprocs=16 N=1000, M=1000 impl=allreduce
8: Starting numprocs=16 N=1000, M=1000 impl=allreduce
14: Starting numprocs=16 N=1000, M=1000 impl=allreduce
time: 0.042792s
Iteration 1
time: 0.035452s
Iteration 2
time: 1.280614s
Iteration 3
time: 2.172092s
Iteration 4
time: 0.018322s
Iteration 5
time: 0.016915s
Iteration 6
time: 0.018022s
Iteration 7
time: 0.017861s
Iteration 8
time: 0.017907s
Iteration 9
time: 0.017373s
Iteration 10
time: 0.017511s
Iteration 11
time: 0.018429s
Iteration 12
time: 0.017777s
Iteration 13
time: 0.018094s
Iteration 14
time: 0.018578s
Iteration 15
time: 0.017446s
Iteration 16
time: 0.017491s
Iteration 17
time: 0.017723s
Iteration 18
time: 0.018205s
Iteration 19
time: 0.017412s
Iteration 20
time: 0.018376s
Iteration 21
time: 0.017148s
Iteration 22
time: 0.016876s
Iteration 23
time: 0.017374s
Iteration 24
time: 0.017929s
0: Starting numprocs=16 N=1000, M=1000 impl=allreduce-ring
Iteration 0
12: Starting numprocs=16 N=1000, M=1000 impl=allreduce-ring
7: Starting numprocs=16 N=1000, M=1000 impl=allreduce-ring
13: Starting numprocs=16 N=1000, M=1000 impl=allreduce-ring
10: Starting numprocs=16 N=1000, M=1000 impl=allreduce-ring
1: Starting numprocs=16 N=1000, M=1000 impl=allreduce-ring
15: Starting numprocs=16 N=1000, M=1000 impl=allreduce-ring
5: Starting numprocs=16 N=1000, M=1000 impl=allreduce-ring
9: Starting numprocs=16 N=1000, M=1000 impl=allreduce-ring
2: Starting numprocs=16 N=1000, M=1000 impl=allreduce-ring
14: Starting numprocs=16 N=1000, M=1000 impl=allreduce-ring
3: Starting numprocs=16 N=1000, M=1000 impl=allreduce-ring
6: Starting numprocs=16 N=1000, M=1000 impl=allreduce-ring
11: Starting numprocs=16 N=1000, M=1000 impl=allreduce-ring
8: Starting numprocs=16 N=1000, M=1000 impl=allreduce-ring
4: Starting numprocs=16 N=1000, M=1000 impl=allreduce-ring
time: 0.025413s
Iteration 1
time: 0.014908s
Iteration 2
time: 0.014480s
Iteration 3
time: 0.014259s
Iteration 4
time: 0.014567s
Iteration 5
time: 0.014359s
Iteration 6
time: 0.014880s
Iteration 7
time: 0.014748s
Iteration 8
time: 0.014303s
Iteration 9
time: 0.014703s
Iteration 10
time: 0.014621s
Iteration 11
time: 0.014276s
Iteration 12
time: 0.014314s
Iteration 13
time: 0.014764s
Iteration 14
time: 0.014685s
Iteration 15
time: 0.015262s
Iteration 16
time: 0.014458s
Iteration 17
time: 0.014266s
Iteration 18
time: 0.014935s
Iteration 19
time: 0.014300s
Iteration 20
time: 0.014262s
Iteration 21
time: 0.014263s
Iteration 22
time: 0.014457s
Iteration 23
time: 0.014838s
Iteration 24
time: 0.014866s
0: Starting numprocs=16 N=1000, M=1000 impl=g-rabenseifner-allgather
Iteration 0
12: Starting numprocs=16 N=1000, M=1000 impl=g-rabenseifner-allgather
15: Starting numprocs=16 N=1000, M=1000 impl=g-rabenseifner-allgather
7: Starting numprocs=16 N=1000, M=1000 impl=g-rabenseifner-allgather
10: Starting numprocs=16 N=1000, M=1000 impl=g-rabenseifner-allgather
2: Starting numprocs=16 N=1000, M=1000 impl=g-rabenseifner-allgather
5: Starting numprocs=16 N=1000, M=1000 impl=g-rabenseifner-allgather
8: Starting numprocs=16 N=1000, M=1000 impl=g-rabenseifner-allgather
11: Starting numprocs=16 N=1000, M=1000 impl=g-rabenseifner-allgather
3: Starting numprocs=16 N=1000, M=1000 impl=g-rabenseifner-allgather
9: Starting numprocs=16 N=1000, M=1000 impl=g-rabenseifner-allgather
14: Starting numprocs=16 N=1000, M=1000 impl=g-rabenseifner-allgather
13: Starting numprocs=16 N=1000, M=1000 impl=g-rabenseifner-allgather
6: Starting numprocs=16 N=1000, M=1000 impl=g-rabenseifner-allgather
4: Starting numprocs=16 N=1000, M=1000 impl=g-rabenseifner-allgather
1: Starting numprocs=16 N=1000, M=1000 impl=g-rabenseifner-allgather
time: 1.883093s
Iteration 1
time: 0.008050s
Iteration 2
time: 0.008440s
Iteration 3
time: 0.008004s
Iteration 4
time: 0.007832s
Iteration 5
time: 0.007935s
Iteration 6
time: 0.007850s
Iteration 7
time: 0.008460s
Iteration 8
time: 0.007750s
Iteration 9
time: 0.007777s
Iteration 10
time: 0.007968s
Iteration 11
time: 0.008356s
Iteration 12
time: 0.007807s
Iteration 13
time: 0.007929s
Iteration 14
time: 0.007970s
Iteration 15
time: 0.007791s
Iteration 16
time: 0.008012s
Iteration 17
time: 0.007820s
Iteration 18
time: 0.007778s
Iteration 19
time: 0.007883s
Iteration 20
time: 0.007921s
Iteration 21
time: 0.008252s
Iteration 22
time: 0.008063s
Iteration 23
time: 0.007961s
Iteration 24
time: 0.013696s
0: Starting numprocs=16 N=1000, M=1000 impl=g-rabenseifner-subgroup-2
Iteration 0
10: Starting numprocs=16 N=1000, M=1000 impl=g-rabenseifner-subgroup-2
13: Starting numprocs=16 N=1000, M=1000 impl=g-rabenseifner-subgroup-2
1: Starting numprocs=16 N=1000, M=1000 impl=g-rabenseifner-subgroup-2
12: Starting numprocs=16 N=1000, M=1000 impl=g-rabenseifner-subgroup-2
7: Starting numprocs=16 N=1000, M=1000 impl=g-rabenseifner-subgroup-2
15: Starting numprocs=16 N=1000, M=1000 impl=g-rabenseifner-subgroup-2
5: Starting numprocs=16 N=1000, M=1000 impl=g-rabenseifner-subgroup-2
3: Starting numprocs=16 N=1000, M=1000 impl=g-rabenseifner-subgroup-2
2: Starting numprocs=16 N=1000, M=1000 impl=g-rabenseifner-subgroup-2
9: Starting numprocs=16 N=1000, M=1000 impl=g-rabenseifner-subgroup-2
11: Starting numprocs=16 N=1000, M=1000 impl=g-rabenseifner-subgroup-2
6: Starting numprocs=16 N=1000, M=1000 impl=g-rabenseifner-subgroup-2
8: Starting numprocs=16 N=1000, M=1000 impl=g-rabenseifner-subgroup-2
14: Starting numprocs=16 N=1000, M=1000 impl=g-rabenseifner-subgroup-2
4: Starting numprocs=16 N=1000, M=1000 impl=g-rabenseifner-subgroup-2
time: 0.058180s
Iteration 1
time: 0.008818s
Iteration 2
time: 0.008312s
Iteration 3
time: 0.008178s
Iteration 4
time: 0.008169s
Iteration 5
time: 0.008144s
Iteration 6
time: 0.010537s
Iteration 7
time: 0.010180s
Iteration 8
time: 0.010276s
Iteration 9
time: 0.010490s
Iteration 10
time: 0.010231s
Iteration 11
time: 0.010612s
Iteration 12
time: 0.009615s
Iteration 13
time: 0.009923s
Iteration 14
time: 0.010107s
Iteration 15
time: 0.010212s
Iteration 16
time: 0.010503s
Iteration 17
time: 0.010620s
Iteration 18
time: 0.010530s
Iteration 19
time: 0.010337s
Iteration 20
time: 0.010466s
Iteration 21
time: 0.010130s
Iteration 22
time: 0.013823s
Iteration 23
time: 0.012605s
Iteration 24
time: 0.015135s
0: Starting numprocs=16 N=1000, M=1000 impl=g-rabenseifner-subgroup-4
Iteration 0
12: Starting numprocs=16 N=1000, M=1000 impl=g-rabenseifner-subgroup-4
15: Starting numprocs=16 N=1000, M=1000 impl=g-rabenseifner-subgroup-4
10: Starting numprocs=16 N=1000, M=1000 impl=g-rabenseifner-subgroup-4
7: Starting numprocs=16 N=1000, M=1000 impl=g-rabenseifner-subgroup-4
13: Starting numprocs=16 N=1000, M=1000 impl=g-rabenseifner-subgroup-4
5: Starting numprocs=16 N=1000, M=1000 impl=g-rabenseifner-subgroup-4
1: Starting numprocs=16 N=1000, M=1000 impl=g-rabenseifner-subgroup-4
14: Starting numprocs=16 N=1000, M=1000 impl=g-rabenseifner-subgroup-4
11: Starting numprocs=16 N=1000, M=1000 impl=g-rabenseifner-subgroup-4
2: Starting numprocs=16 N=1000, M=1000 impl=g-rabenseifner-subgroup-4
8: Starting numprocs=16 N=1000, M=1000 impl=g-rabenseifner-subgroup-4
9: Starting numprocs=16 N=1000, M=1000 impl=g-rabenseifner-subgroup-4
3: Starting numprocs=16 N=1000, M=1000 impl=g-rabenseifner-subgroup-4
6: Starting numprocs=16 N=1000, M=1000 impl=g-rabenseifner-subgroup-4
4: Starting numprocs=16 N=1000, M=1000 impl=g-rabenseifner-subgroup-4
time: 0.026820s
Iteration 1
time: 0.009965s
Iteration 2
time: 0.008793s
Iteration 3
time: 0.008800s
Iteration 4
time: 0.008777s
Iteration 5
time: 0.008713s
Iteration 6
time: 0.008782s
Iteration 7
time: 0.008874s
Iteration 8
time: 0.008803s
Iteration 9
time: 0.008843s
Iteration 10
time: 0.008756s
Iteration 11
time: 0.008667s
Iteration 12
time: 0.008767s
Iteration 13
time: 0.008764s
Iteration 14
time: 0.009731s
Iteration 15
time: 0.008909s
Iteration 16
time: 0.008834s
Iteration 17
time: 0.008936s
Iteration 18
time: 0.008853s
Iteration 19
time: 0.008754s
Iteration 20
time: 0.008900s
Iteration 21
time: 0.008769s
Iteration 22
time: 0.008725s
Iteration 23
time: 0.008724s
Iteration 24
time: 0.008704s
0: Starting numprocs=16 N=1000, M=1000 impl=g-rabenseifner-subgroup-8
Iteration 0
10: Starting numprocs=16 N=1000, M=1000 impl=g-rabenseifner-subgroup-8
12: Starting numprocs=16 N=1000, M=1000 impl=g-rabenseifner-subgroup-8
13: Starting numprocs=16 N=1000, M=1000 impl=g-rabenseifner-subgroup-8
1: Starting numprocs=16 N=1000, M=1000 impl=g-rabenseifner-subgroup-8
7: Starting numprocs=16 N=1000, M=1000 impl=g-rabenseifner-subgroup-8
15: Starting numprocs=16 N=1000, M=1000 impl=g-rabenseifner-subgroup-8
5: Starting numprocs=16 N=1000, M=1000 impl=g-rabenseifner-subgroup-8
3: Starting numprocs=16 N=1000, M=1000 impl=g-rabenseifner-subgroup-8
8: Starting numprocs=16 N=1000, M=1000 impl=g-rabenseifner-subgroup-8
9: Starting numprocs=16 N=1000, M=1000 impl=g-rabenseifner-subgroup-8
4: Starting numprocs=16 N=1000, M=1000 impl=g-rabenseifner-subgroup-8
11: Starting numprocs=16 N=1000, M=1000 impl=g-rabenseifner-subgroup-8
14: Starting numprocs=16 N=1000, M=1000 impl=g-rabenseifner-subgroup-8
2: Starting numprocs=16 N=1000, M=1000 impl=g-rabenseifner-subgroup-8
6: Starting numprocs=16 N=1000, M=1000 impl=g-rabenseifner-subgroup-8
time: 0.021621s
Iteration 1
time: 0.014546s
Iteration 2
time: 0.010453s
Iteration 3
time: 0.010304s
Iteration 4
time: 0.010200s
Iteration 5
time: 0.010046s
Iteration 6
time: 0.010110s
Iteration 7
time: 0.010040s
Iteration 8
time: 0.010020s
Iteration 9
time: 0.009956s
Iteration 10
time: 0.009879s
Iteration 11
time: 0.009626s
Iteration 12
time: 0.009717s
Iteration 13
time: 0.009659s
Iteration 14
time: 0.009752s
Iteration 15
time: 0.010592s
Iteration 16
time: 0.009683s
Iteration 17
time: 0.009903s
Iteration 18
time: 0.009681s
Iteration 19
time: 0.009965s
Iteration 20
time: 0.009693s
Iteration 21
time: 0.009628s
Iteration 22
time: 0.009983s
Iteration 23
time: 0.009640s
Iteration 24
time: 0.009724s
0: Starting numprocs=16 N=2000, M=2000 impl=allgather
Iteration 0
7: Starting numprocs=16 N=2000, M=2000 impl=allgather
10: Starting numprocs=16 N=2000, M=2000 impl=allgather
3: Starting numprocs=16 N=2000, M=2000 impl=allgather
13: Starting numprocs=16 N=2000, M=2000 impl=allgather
15: Starting numprocs=16 N=2000, M=2000 impl=allgather
12: Starting numprocs=16 N=2000, M=2000 impl=allgather
11: Starting numprocs=16 N=2000, M=2000 impl=allgather
5: Starting numprocs=16 N=2000, M=2000 impl=allgather
9: Starting numprocs=16 N=2000, M=2000 impl=allgather
6: Starting numprocs=16 N=2000, M=2000 impl=allgather
8: Starting numprocs=16 N=2000, M=2000 impl=allgather
1: Starting numprocs=16 N=2000, M=2000 impl=allgather
2: Starting numprocs=16 N=2000, M=2000 impl=allgather
4: Starting numprocs=16 N=2000, M=2000 impl=allgather
14: Starting numprocs=16 N=2000, M=2000 impl=allgather
time: 0.063184s
Iteration 1
time: 0.053577s
Iteration 2
time: 0.052723s
Iteration 3
time: 0.054202s
Iteration 4
time: 0.052226s
Iteration 5
time: 0.052698s
Iteration 6
time: 0.053145s
Iteration 7
time: 0.052139s
Iteration 8
time: 0.053585s
Iteration 9
time: 0.052338s
Iteration 10
time: 0.054196s
Iteration 11
time: 0.052383s
Iteration 12
time: 0.056866s
Iteration 13
time: 0.058663s
Iteration 14
time: 0.056784s
Iteration 15
time: 0.054624s
Iteration 16
time: 0.054498s
Iteration 17
time: 0.052587s
Iteration 18
time: 0.052859s
Iteration 19
time: 0.055275s
Iteration 20
time: 0.052197s
Iteration 21
time: 0.053684s
Iteration 22
time: 0.051902s
Iteration 23
time: 0.052053s
Iteration 24
time: 0.053891s
0: Starting numprocs=16 N=2000, M=2000 impl=allreduce
Iteration 0
12: Starting numprocs=16 N=2000, M=2000 impl=allreduce
1: Starting numprocs=16 N=2000, M=2000 impl=allreduce
13: Starting numprocs=16 N=2000, M=2000 impl=allreduce
9: Starting numprocs=16 N=2000, M=2000 impl=allreduce
15: Starting numprocs=16 N=2000, M=2000 impl=allreduce
3: Starting numprocs=16 N=2000, M=2000 impl=allreduce
8: Starting numprocs=16 N=2000, M=2000 impl=allreduce
5: Starting numprocs=16 N=2000, M=2000 impl=allreduce
2: Starting numprocs=16 N=2000, M=2000 impl=allreduce
11: Starting numprocs=16 N=2000, M=2000 impl=allreduce
7: Starting numprocs=16 N=2000, M=2000 impl=allreduce
14: Starting numprocs=16 N=2000, M=2000 impl=allreduce
6: Starting numprocs=16 N=2000, M=2000 impl=allreduce
4: Starting numprocs=16 N=2000, M=2000 impl=allreduce
10: Starting numprocs=16 N=2000, M=2000 impl=allreduce
time: 0.106370s
Iteration 1
time: 0.085902s
Iteration 2
time: 0.074362s
Iteration 3
time: 0.072319s
Iteration 4
time: 0.071026s
Iteration 5
time: 0.069780s
Iteration 6
time: 0.068975s
Iteration 7
time: 0.070038s
Iteration 8
time: 0.069033s
Iteration 9
time: 0.070596s
Iteration 10
time: 0.069740s
Iteration 11
time: 0.070348s
Iteration 12
time: 0.070841s
Iteration 13
time: 0.068784s
Iteration 14
time: 0.068381s
Iteration 15
time: 0.067418s
Iteration 16
time: 0.072777s
Iteration 17
time: 0.069485s
Iteration 18
time: 0.070727s
Iteration 19
time: 0.073493s
Iteration 20
time: 0.075809s
Iteration 21
time: 0.071165s
Iteration 22
time: 4.162018s
Iteration 23
time: 0.077654s
Iteration 24
time: 0.099483s
0: Starting numprocs=16 N=2000, M=2000 impl=allreduce-ring
Iteration 0
15: Starting numprocs=16 N=2000, M=2000 impl=allreduce-ring
12: Starting numprocs=16 N=2000, M=2000 impl=allreduce-ring
13: Starting numprocs=16 N=2000, M=2000 impl=allreduce-ring
1: Starting numprocs=16 N=2000, M=2000 impl=allreduce-ring
8: Starting numprocs=16 N=2000, M=2000 impl=allreduce-ring
10: Starting numprocs=16 N=2000, M=2000 impl=allreduce-ring
7: Starting numprocs=16 N=2000, M=2000 impl=allreduce-ring
9: Starting numprocs=16 N=2000, M=2000 impl=allreduce-ring
3: Starting numprocs=16 N=2000, M=2000 impl=allreduce-ring
5: Starting numprocs=16 N=2000, M=2000 impl=allreduce-ring
14: Starting numprocs=16 N=2000, M=2000 impl=allreduce-ring
6: Starting numprocs=16 N=2000, M=2000 impl=allreduce-ring
11: Starting numprocs=16 N=2000, M=2000 impl=allreduce-ring
4: Starting numprocs=16 N=2000, M=2000 impl=allreduce-ring
2: Starting numprocs=16 N=2000, M=2000 impl=allreduce-ring
time: 0.086883s
Iteration 1
time: 0.085479s
Iteration 2
time: 0.115272s
Iteration 3
time: 1.309174s
Iteration 4
time: 0.059876s
Iteration 5
time: 0.060385s
Iteration 6
time: 0.059201s
Iteration 7
time: 0.058482s
Iteration 8
time: 0.062090s
Iteration 9
time: 0.061888s
Iteration 10
time: 0.060927s
Iteration 11
time: 0.061508s
Iteration 12
time: 0.060038s
Iteration 13
time: 0.060422s
Iteration 14
time: 0.060371s
Iteration 15
time: 0.058784s
Iteration 16
time: 0.059197s
Iteration 17
time: 0.058933s
Iteration 18
time: 0.060016s
Iteration 19
time: 0.058666s
Iteration 20
time: 0.059766s
Iteration 21
time: 0.059027s
Iteration 22
time: 0.060383s
Iteration 23
time: 0.076783s
Iteration 24
time: 0.060192s
0: Starting numprocs=16 N=2000, M=2000 impl=g-rabenseifner-allgather
Iteration 0
12: Starting numprocs=16 N=2000, M=2000 impl=g-rabenseifner-allgather
15: Starting numprocs=16 N=2000, M=2000 impl=g-rabenseifner-allgather
1: Starting numprocs=16 N=2000, M=2000 impl=g-rabenseifner-allgather
13: Starting numprocs=16 N=2000, M=2000 impl=g-rabenseifner-allgather
7: Starting numprocs=16 N=2000, M=2000 impl=g-rabenseifner-allgather
10: Starting numprocs=16 N=2000, M=2000 impl=g-rabenseifner-allgather
2: Starting numprocs=16 N=2000, M=2000 impl=g-rabenseifner-allgather
3: Starting numprocs=16 N=2000, M=2000 impl=g-rabenseifner-allgather
5: Starting numprocs=16 N=2000, M=2000 impl=g-rabenseifner-allgather
8: Starting numprocs=16 N=2000, M=2000 impl=g-rabenseifner-allgather
6: Starting numprocs=16 N=2000, M=2000 impl=g-rabenseifner-allgather
11: Starting numprocs=16 N=2000, M=2000 impl=g-rabenseifner-allgather
9: Starting numprocs=16 N=2000, M=2000 impl=g-rabenseifner-allgather
4: Starting numprocs=16 N=2000, M=2000 impl=g-rabenseifner-allgather
14: Starting numprocs=16 N=2000, M=2000 impl=g-rabenseifner-allgather
time: 0.044453s
Iteration 1
time: 0.029738s
Iteration 2
time: 0.030097s
Iteration 3
time: 0.029717s
Iteration 4
time: 0.029833s
Iteration 5
time: 0.030083s
Iteration 6
time: 0.029755s
Iteration 7
time: 0.029692s
Iteration 8
time: 0.029612s
Iteration 9
time: 0.030493s
Iteration 10
time: 0.029684s
Iteration 11
time: 0.038895s
Iteration 12
time: 0.029504s
Iteration 13
time: 0.029614s
Iteration 14
time: 0.029554s
Iteration 15
time: 0.030696s
Iteration 16
time: 0.029857s
Iteration 17
time: 0.029558s
Iteration 18
time: 0.030073s
Iteration 19
time: 0.029656s
Iteration 20
time: 0.030024s
Iteration 21
time: 0.029729s
Iteration 22
time: 0.029608s
Iteration 23
time: 0.029604s
Iteration 24
time: 0.029759s
12: Starting numprocs=16 N=2000, M=2000 impl=g-rabenseifner-subgroup-2
1: Starting numprocs=16 N=2000, M=2000 impl=g-rabenseifner-subgroup-2
0: Starting numprocs=16 N=2000, M=2000 impl=g-rabenseifner-subgroup-2
Iteration 0
15: Starting numprocs=16 N=2000, M=2000 impl=g-rabenseifner-subgroup-2
7: Starting numprocs=16 N=2000, M=2000 impl=g-rabenseifner-subgroup-2
13: Starting numprocs=16 N=2000, M=2000 impl=g-rabenseifner-subgroup-2
5: Starting numprocs=16 N=2000, M=2000 impl=g-rabenseifner-subgroup-2
3: Starting numprocs=16 N=2000, M=2000 impl=g-rabenseifner-subgroup-2
9: Starting numprocs=16 N=2000, M=2000 impl=g-rabenseifner-subgroup-2
11: Starting numprocs=16 N=2000, M=2000 impl=g-rabenseifner-subgroup-2
8: Starting numprocs=16 N=2000, M=2000 impl=g-rabenseifner-subgroup-2
10: Starting numprocs=16 N=2000, M=2000 impl=g-rabenseifner-subgroup-2
14: Starting numprocs=16 N=2000, M=2000 impl=g-rabenseifner-subgroup-2
2: Starting numprocs=16 N=2000, M=2000 impl=g-rabenseifner-subgroup-2
6: Starting numprocs=16 N=2000, M=2000 impl=g-rabenseifner-subgroup-2
4: Starting numprocs=16 N=2000, M=2000 impl=g-rabenseifner-subgroup-2
time: 0.050471s
Iteration 1
time: 0.031706s
Iteration 2
time: 0.031553s
Iteration 3
time: 0.031629s
Iteration 4
time: 0.031926s
Iteration 5
time: 0.032192s
Iteration 6
time: 0.031351s
Iteration 7
time: 0.031640s
Iteration 8
time: 0.031816s
Iteration 9
time: 0.031542s
Iteration 10
time: 0.031560s
Iteration 11
time: 0.031596s
Iteration 12
time: 0.032025s
Iteration 13
time: 0.031384s
Iteration 14
time: 0.031444s
Iteration 15
time: 0.031415s
Iteration 16
time: 0.031921s
Iteration 17
time: 0.031560s
Iteration 18
time: 0.032018s
Iteration 19
time: 0.032180s
Iteration 20
time: 0.030892s
Iteration 21
time: 0.030972s
Iteration 22
time: 0.031300s
Iteration 23
time: 0.031981s
Iteration 24
time: 0.031280s
15: Starting numprocs=16 N=2000, M=2000 impl=g-rabenseifner-subgroup-4
12: Starting numprocs=16 N=2000, M=2000 impl=g-rabenseifner-subgroup-4
1: Starting numprocs=16 N=2000, M=2000 impl=g-rabenseifner-subgroup-4
10: Starting numprocs=16 N=2000, M=2000 impl=g-rabenseifner-subgroup-4
13: Starting numprocs=16 N=2000, M=2000 impl=g-rabenseifner-subgroup-4
7: Starting numprocs=16 N=2000, M=2000 impl=g-rabenseifner-subgroup-4
3: Starting numprocs=16 N=2000, M=2000 impl=g-rabenseifner-subgroup-4
8: Starting numprocs=16 N=2000, M=2000 impl=g-rabenseifner-subgroup-4
9: Starting numprocs=16 N=2000, M=2000 impl=g-rabenseifner-subgroup-4
14: Starting numprocs=16 N=2000, M=2000 impl=g-rabenseifner-subgroup-4
2: Starting numprocs=16 N=2000, M=2000 impl=g-rabenseifner-subgroup-4
11: Starting numprocs=16 N=2000, M=2000 impl=g-rabenseifner-subgroup-4
0: Starting numprocs=16 N=2000, M=2000 impl=g-rabenseifner-subgroup-4
Iteration 0
6: Starting numprocs=16 N=2000, M=2000 impl=g-rabenseifner-subgroup-4
5: Starting numprocs=16 N=2000, M=2000 impl=g-rabenseifner-subgroup-4
4: Starting numprocs=16 N=2000, M=2000 impl=g-rabenseifner-subgroup-4
time: 0.054611s
Iteration 1
time: 0.034443s
Iteration 2
time: 0.033729s
Iteration 3
time: 0.034108s
Iteration 4
time: 0.033487s
Iteration 5
time: 0.033620s
Iteration 6
time: 0.033601s
Iteration 7
time: 0.033560s
Iteration 8
time: 0.033690s
Iteration 9
time: 0.033717s
Iteration 10
time: 0.034475s
Iteration 11
time: 0.034074s
Iteration 12
time: 0.033621s
Iteration 13
time: 0.033572s
Iteration 14
time: 0.033702s
Iteration 15
time: 0.033685s
Iteration 16
time: 0.033823s
Iteration 17
time: 0.033795s
Iteration 18
time: 0.033889s
Iteration 19
time: 0.034000s
Iteration 20
time: 0.033860s
Iteration 21
time: 0.034627s
Iteration 22
time: 0.033699s
Iteration 23
time: 0.033902s
Iteration 24
time: 0.036818s
0: Starting numprocs=16 N=2000, M=2000 impl=g-rabenseifner-subgroup-8
Iteration 0
10: Starting numprocs=16 N=2000, M=2000 impl=g-rabenseifner-subgroup-8
1: Starting numprocs=16 N=2000, M=2000 impl=g-rabenseifner-subgroup-8
12: Starting numprocs=16 N=2000, M=2000 impl=g-rabenseifner-subgroup-8
15: Starting numprocs=16 N=2000, M=2000 impl=g-rabenseifner-subgroup-8
13: Starting numprocs=16 N=2000, M=2000 impl=g-rabenseifner-subgroup-8
9: Starting numprocs=16 N=2000, M=2000 impl=g-rabenseifner-subgroup-8
3: Starting numprocs=16 N=2000, M=2000 impl=g-rabenseifner-subgroup-8
7: Starting numprocs=16 N=2000, M=2000 impl=g-rabenseifner-subgroup-8
5: Starting numprocs=16 N=2000, M=2000 impl=g-rabenseifner-subgroup-8
2: Starting numprocs=16 N=2000, M=2000 impl=g-rabenseifner-subgroup-8
11: Starting numprocs=16 N=2000, M=2000 impl=g-rabenseifner-subgroup-8
14: Starting numprocs=16 N=2000, M=2000 impl=g-rabenseifner-subgroup-8
8: Starting numprocs=16 N=2000, M=2000 impl=g-rabenseifner-subgroup-8
6: Starting numprocs=16 N=2000, M=2000 impl=g-rabenseifner-subgroup-8
4: Starting numprocs=16 N=2000, M=2000 impl=g-rabenseifner-subgroup-8
time: 0.053247s
Iteration 1
time: 0.038616s
Iteration 2
time: 0.038078s
Iteration 3
time: 0.038500s
Iteration 4
time: 0.038766s
Iteration 5
time: 0.037893s
Iteration 6
time: 0.037742s
Iteration 7
time: 0.038349s
Iteration 8
time: 0.037678s
Iteration 9
time: 0.037858s
Iteration 10
time: 0.038038s
Iteration 11
time: 0.037772s
Iteration 12
time: 0.037863s
Iteration 13
time: 0.038628s
Iteration 14
time: 0.039412s
Iteration 15
time: 0.040484s
Iteration 16
time: 0.039916s
Iteration 17
time: 0.039804s
Iteration 18
time: 0.039266s
Iteration 19
time: 0.038851s
Iteration 20
time: 0.038898s
Iteration 21
time: 0.037288s
Iteration 22
time: 0.037685s
Iteration 23
time: 0.038480s
Iteration 24
time: 0.038242s
0: Starting numprocs=16 N=3000, M=3000 impl=allgather
Iteration 0
12: Starting numprocs=16 N=3000, M=3000 impl=allgather
10: Starting numprocs=16 N=3000, M=3000 impl=allgather
13: Starting numprocs=16 N=3000, M=3000 impl=allgather
3: Starting numprocs=16 N=3000, M=3000 impl=allgather
7: Starting numprocs=16 N=3000, M=3000 impl=allgather
5: Starting numprocs=16 N=3000, M=3000 impl=allgather
8: Starting numprocs=16 N=3000, M=3000 impl=allgather
15: Starting numprocs=16 N=3000, M=3000 impl=allgather
9: Starting numprocs=16 N=3000, M=3000 impl=allgather
1: Starting numprocs=16 N=3000, M=3000 impl=allgather
2: Starting numprocs=16 N=3000, M=3000 impl=allgather
11: Starting numprocs=16 N=3000, M=3000 impl=allgather
14: Starting numprocs=16 N=3000, M=3000 impl=allgather
6: Starting numprocs=16 N=3000, M=3000 impl=allgather
4: Starting numprocs=16 N=3000, M=3000 impl=allgather
time: 0.144980s
Iteration 1
time: 0.123697s
Iteration 2
time: 0.123572s
Iteration 3
time: 0.124090s
Iteration 4
time: 0.121715s
Iteration 5
time: 0.116926s
Iteration 6
time: 0.119437s
Iteration 7
time: 0.118362s
Iteration 8
time: 0.118861s
Iteration 9
time: 0.164095s
Iteration 10
time: 0.137267s
Iteration 11
time: 0.120102s
Iteration 12
time: 0.123120s
Iteration 13
time: 0.129576s
Iteration 14
time: 0.134858s
Iteration 15
time: 0.122754s
Iteration 16
time: 0.121614s
Iteration 17
time: 0.125180s
Iteration 18
time: 0.117234s
Iteration 19
time: 0.118417s
Iteration 20
time: 0.119406s
Iteration 21
time: 0.119113s
Iteration 22
time: 0.150768s
Iteration 23
time: 0.137797s
Iteration 24
time: 0.126702s
7: Starting numprocs=16 N=3000, M=3000 impl=allreduce
12: Starting numprocs=16 N=3000, M=3000 impl=allreduce
1: Starting numprocs=16 N=3000, M=3000 impl=allreduce
0: Starting numprocs=16 N=3000, M=3000 impl=allreduce
Iteration 0
10: Starting numprocs=16 N=3000, M=3000 impl=allreduce
15: Starting numprocs=16 N=3000, M=3000 impl=allreduce
13: Starting numprocs=16 N=3000, M=3000 impl=allreduce
5: Starting numprocs=16 N=3000, M=3000 impl=allreduce
3: Starting numprocs=16 N=3000, M=3000 impl=allreduce
9: Starting numprocs=16 N=3000, M=3000 impl=allreduce
8: Starting numprocs=16 N=3000, M=3000 impl=allreduce
11: Starting numprocs=16 N=3000, M=3000 impl=allreduce
14: Starting numprocs=16 N=3000, M=3000 impl=allreduce
2: Starting numprocs=16 N=3000, M=3000 impl=allreduce
6: Starting numprocs=16 N=3000, M=3000 impl=allreduce
4: Starting numprocs=16 N=3000, M=3000 impl=allreduce
time: 2.079694s
Iteration 1
time: 0.209827s
Iteration 2
time: 0.195683s
Iteration 3
time: 0.195904s
Iteration 4
time: 0.207291s
Iteration 5
time: 0.202515s
Iteration 6
time: 0.203231s
Iteration 7
time: 0.211499s
Iteration 8
time: 0.202449s
Iteration 9
time: 0.199795s
Iteration 10
time: 0.225254s
Iteration 11
time: 0.200930s
Iteration 12
time: 0.197564s
Iteration 13
time: 0.195832s
Iteration 14
time: 0.207138s
Iteration 15
time: 0.199414s
Iteration 16
time: 0.196357s
Iteration 17
time: 0.213758s
Iteration 18
time: 3.794802s
Iteration 19
time: 3.816212s
Iteration 20
time: 0.197380s
Iteration 21
time: 0.201644s
Iteration 22
time: 0.197615s
Iteration 23
time: 0.207675s
Iteration 24
time: 0.199500s
12: Starting numprocs=16 N=3000, M=3000 impl=allreduce-ring
1: Starting numprocs=16 N=3000, M=3000 impl=allreduce-ring
7: Starting numprocs=16 N=3000, M=3000 impl=allreduce-ring
0: Starting numprocs=16 N=3000, M=3000 impl=allreduce-ring
Iteration 0
13: Starting numprocs=16 N=3000, M=3000 impl=allreduce-ring
3: Starting numprocs=16 N=3000, M=3000 impl=allreduce-ring
9: Starting numprocs=16 N=3000, M=3000 impl=allreduce-ring
8: Starting numprocs=16 N=3000, M=3000 impl=allreduce-ring
10: Starting numprocs=16 N=3000, M=3000 impl=allreduce-ring
5: Starting numprocs=16 N=3000, M=3000 impl=allreduce-ring
15: Starting numprocs=16 N=3000, M=3000 impl=allreduce-ring
11: Starting numprocs=16 N=3000, M=3000 impl=allreduce-ring
14: Starting numprocs=16 N=3000, M=3000 impl=allreduce-ring
2: Starting numprocs=16 N=3000, M=3000 impl=allreduce-ring
6: Starting numprocs=16 N=3000, M=3000 impl=allreduce-ring
4: Starting numprocs=16 N=3000, M=3000 impl=allreduce-ring
time: 0.155512s
Iteration 1
time: 0.137154s
Iteration 2
time: 0.134004s
Iteration 3
time: 0.134275s
Iteration 4
time: 0.131925s
Iteration 5
time: 0.132717s
Iteration 6
time: 0.134062s
Iteration 7
time: 0.137714s
Iteration 8
time: 0.132051s
Iteration 9
time: 0.135056s
Iteration 10
time: 0.146730s
Iteration 11
time: 0.133134s
Iteration 12
time: 0.133782s
Iteration 13
time: 0.134979s
Iteration 14
time: 0.133095s
Iteration 15
time: 0.137728s
Iteration 16
time: 0.136683s
Iteration 17
time: 0.135352s
Iteration 18
time: 0.134833s
Iteration 19
time: 0.135628s
Iteration 20
time: 0.137858s
Iteration 21
time: 0.142622s
Iteration 22
time: 0.132484s
Iteration 23
time: 0.131064s
Iteration 24
time: 0.133723s
0: Starting numprocs=16 N=3000, M=3000 impl=g-rabenseifner-allgather
Iteration 0
10: Starting numprocs=16 N=3000, M=3000 impl=g-rabenseifner-allgather
12: Starting numprocs=16 N=3000, M=3000 impl=g-rabenseifner-allgather
15: Starting numprocs=16 N=3000, M=3000 impl=g-rabenseifner-allgather
1: Starting numprocs=16 N=3000, M=3000 impl=g-rabenseifner-allgather
7: Starting numprocs=16 N=3000, M=3000 impl=g-rabenseifner-allgather
13: Starting numprocs=16 N=3000, M=3000 impl=g-rabenseifner-allgather
3: Starting numprocs=16 N=3000, M=3000 impl=g-rabenseifner-allgather
5: Starting numprocs=16 N=3000, M=3000 impl=g-rabenseifner-allgather
8: Starting numprocs=16 N=3000, M=3000 impl=g-rabenseifner-allgather
9: Starting numprocs=16 N=3000, M=3000 impl=g-rabenseifner-allgather
11: Starting numprocs=16 N=3000, M=3000 impl=g-rabenseifner-allgather
14: Starting numprocs=16 N=3000, M=3000 impl=g-rabenseifner-allgather
6: Starting numprocs=16 N=3000, M=3000 impl=g-rabenseifner-allgather
2: Starting numprocs=16 N=3000, M=3000 impl=g-rabenseifner-allgather
4: Starting numprocs=16 N=3000, M=3000 impl=g-rabenseifner-allgather
time: 0.110284s
Iteration 1
time: 0.082282s
Iteration 2
time: 0.082085s
Iteration 3
time: 0.082019s
Iteration 4
time: 0.082302s
Iteration 5
time: 0.081579s
Iteration 6
time: 0.081715s
Iteration 7
time: 0.081824s
Iteration 8
time: 0.065540s
Iteration 9
time: 0.066073s
Iteration 10
time: 0.066145s
Iteration 11
time: 0.066774s
Iteration 12
time: 0.074049s
Iteration 13
time: 0.081801s
Iteration 14
time: 0.084435s
Iteration 15
time: 0.081888s
Iteration 16
time: 0.081940s
Iteration 17
time: 0.082005s
Iteration 18
time: 0.082375s
Iteration 19
time: 0.081550s
Iteration 20
time: 0.082060s
Iteration 21
time: 0.081653s
Iteration 22
time: 0.082888s
Iteration 23
time: 0.065497s
Iteration 24
time: 0.065770s
0: Starting numprocs=16 N=3000, M=3000 impl=g-rabenseifner-subgroup-2
Iteration 0
10: Starting numprocs=16 N=3000, M=3000 impl=g-rabenseifner-subgroup-2
12: Starting numprocs=16 N=3000, M=3000 impl=g-rabenseifner-subgroup-2
15: Starting numprocs=16 N=3000, M=3000 impl=g-rabenseifner-subgroup-2
1: Starting numprocs=16 N=3000, M=3000 impl=g-rabenseifner-subgroup-2
13: Starting numprocs=16 N=3000, M=3000 impl=g-rabenseifner-subgroup-2
3: Starting numprocs=16 N=3000, M=3000 impl=g-rabenseifner-subgroup-2
7: Starting numprocs=16 N=3000, M=3000 impl=g-rabenseifner-subgroup-2
5: Starting numprocs=16 N=3000, M=3000 impl=g-rabenseifner-subgroup-2
9: Starting numprocs=16 N=3000, M=3000 impl=g-rabenseifner-subgroup-2
8: Starting numprocs=16 N=3000, M=3000 impl=g-rabenseifner-subgroup-2
2: Starting numprocs=16 N=3000, M=3000 impl=g-rabenseifner-subgroup-2
11: Starting numprocs=16 N=3000, M=3000 impl=g-rabenseifner-subgroup-2
14: Starting numprocs=16 N=3000, M=3000 impl=g-rabenseifner-subgroup-2
6: Starting numprocs=16 N=3000, M=3000 impl=g-rabenseifner-subgroup-2
4: Starting numprocs=16 N=3000, M=3000 impl=g-rabenseifner-subgroup-2
time: 0.095908s
Iteration 1
time: 0.069715s
Iteration 2
time: 0.070921s
Iteration 3
time: 0.068910s
Iteration 4
time: 0.069965s
Iteration 5
time: 0.068686s
Iteration 6
time: 0.068541s
Iteration 7
time: 0.069574s
Iteration 8
time: 0.068796s
Iteration 9
time: 0.068480s
Iteration 10
time: 0.068701s
Iteration 11
time: 0.069187s
Iteration 12
time: 0.068749s
Iteration 13
time: 0.068708s
Iteration 14
time: 0.068831s
Iteration 15
time: 0.068954s
Iteration 16
time: 0.068646s
Iteration 17
time: 0.068636s
Iteration 18
time: 0.068590s
Iteration 19
time: 0.068580s
Iteration 20
time: 0.068330s
Iteration 21
time: 0.069677s
Iteration 22
time: 0.068598s
Iteration 23
time: 0.069387s
Iteration 24
time: 0.069314s
7: Starting numprocs=16 N=3000, M=3000 impl=g-rabenseifner-subgroup-4
10: Starting numprocs=16 N=3000, M=3000 impl=g-rabenseifner-subgroup-4
13: Starting numprocs=16 N=3000, M=3000 impl=g-rabenseifner-subgroup-4
12: Starting numprocs=16 N=3000, M=3000 impl=g-rabenseifner-subgroup-4
1: Starting numprocs=16 N=3000, M=3000 impl=g-rabenseifner-subgroup-4
3: Starting numprocs=16 N=3000, M=3000 impl=g-rabenseifner-subgroup-4
15: Starting numprocs=16 N=3000, M=3000 impl=g-rabenseifner-subgroup-4
5: Starting numprocs=16 N=3000, M=3000 impl=g-rabenseifner-subgroup-4
9: Starting numprocs=16 N=3000, M=3000 impl=g-rabenseifner-subgroup-4
8: Starting numprocs=16 N=3000, M=3000 impl=g-rabenseifner-subgroup-4
11: Starting numprocs=16 N=3000, M=3000 impl=g-rabenseifner-subgroup-4
14: Starting numprocs=16 N=3000, M=3000 impl=g-rabenseifner-subgroup-4
2: Starting numprocs=16 N=3000, M=3000 impl=g-rabenseifner-subgroup-4
6: Starting numprocs=16 N=3000, M=3000 impl=g-rabenseifner-subgroup-4
4: Starting numprocs=16 N=3000, M=3000 impl=g-rabenseifner-subgroup-4
0: Starting numprocs=16 N=3000, M=3000 impl=g-rabenseifner-subgroup-4
Iteration 0
time: 0.099160s
Iteration 1
time: 0.078431s
Iteration 2
time: 0.078949s
Iteration 3
time: 0.077687s
Iteration 4
time: 0.075247s
Iteration 5
time: 0.075583s
Iteration 6
time: 0.075519s
Iteration 7
time: 0.075893s
Iteration 8
time: 0.075713s
Iteration 9
time: 0.076397s
Iteration 10
time: 0.075559s
Iteration 11
time: 0.074844s
Iteration 12
time: 0.075750s
Iteration 13
time: 0.076153s
Iteration 14
time: 0.075486s
Iteration 15
time: 0.075750s
Iteration 16
time: 0.077769s
Iteration 17
time: 0.075317s
Iteration 18
time: 0.076116s
Iteration 19
time: 0.076185s
Iteration 20
time: 0.075348s
Iteration 21
time: 0.077322s
Iteration 22
time: 0.078481s
Iteration 23
time: 0.077180s
Iteration 24
time: 0.077460s
0: Starting numprocs=16 N=3000, M=3000 impl=g-rabenseifner-subgroup-8
Iteration 0
12: Starting numprocs=16 N=3000, M=3000 impl=g-rabenseifner-subgroup-8
7: Starting numprocs=16 N=3000, M=3000 impl=g-rabenseifner-subgroup-8
1: Starting numprocs=16 N=3000, M=3000 impl=g-rabenseifner-subgroup-8
5: Starting numprocs=16 N=3000, M=3000 impl=g-rabenseifner-subgroup-8
10: Starting numprocs=16 N=3000, M=3000 impl=g-rabenseifner-subgroup-8
13: Starting numprocs=16 N=3000, M=3000 impl=g-rabenseifner-subgroup-8
3: Starting numprocs=16 N=3000, M=3000 impl=g-rabenseifner-subgroup-8
11: Starting numprocs=16 N=3000, M=3000 impl=g-rabenseifner-subgroup-8
8: Starting numprocs=16 N=3000, M=3000 impl=g-rabenseifner-subgroup-8
9: Starting numprocs=16 N=3000, M=3000 impl=g-rabenseifner-subgroup-8
15: Starting numprocs=16 N=3000, M=3000 impl=g-rabenseifner-subgroup-8
6: Starting numprocs=16 N=3000, M=3000 impl=g-rabenseifner-subgroup-8
2: Starting numprocs=16 N=3000, M=3000 impl=g-rabenseifner-subgroup-8
4: Starting numprocs=16 N=3000, M=3000 impl=g-rabenseifner-subgroup-8
14: Starting numprocs=16 N=3000, M=3000 impl=g-rabenseifner-subgroup-8
time: 0.101507s
Iteration 1
time: 0.082760s
Iteration 2
time: 0.082955s
Iteration 3
time: 0.083236s
Iteration 4
time: 0.082959s
Iteration 5
time: 0.082992s
Iteration 6
time: 0.082784s
Iteration 7
time: 0.083674s
Iteration 8
time: 0.088236s
Iteration 9
time: 0.087292s
Iteration 10
time: 0.087763s
Iteration 11
time: 0.085881s
Iteration 12
time: 0.086075s
Iteration 13
time: 0.087038s
Iteration 14
time: 0.088457s
Iteration 15
time: 0.087978s
Iteration 16
time: 0.086889s
Iteration 17
time: 0.090123s
Iteration 18
time: 0.087455s
Iteration 19
time: 0.087409s
Iteration 20
time: 0.088558s
Iteration 21
time: 0.085877s
Iteration 22
time: 0.084395s
Iteration 23
time: 0.084676s
Iteration 24
time: 0.083637s
1: Starting numprocs=16 N=4000, M=4000 impl=allgather
13: Starting numprocs=16 N=4000, M=4000 impl=allgather
7: Starting numprocs=16 N=4000, M=4000 impl=allgather
12: Starting numprocs=16 N=4000, M=4000 impl=allgather
15: Starting numprocs=16 N=4000, M=4000 impl=allgather
10: Starting numprocs=16 N=4000, M=4000 impl=allgather
5: Starting numprocs=16 N=4000, M=4000 impl=allgather
3: Starting numprocs=16 N=4000, M=4000 impl=allgather
0: Starting numprocs=16 N=4000, M=4000 impl=allgather
Iteration 0
11: Starting numprocs=16 N=4000, M=4000 impl=allgather
8: Starting numprocs=16 N=4000, M=4000 impl=allgather
9: Starting numprocs=16 N=4000, M=4000 impl=allgather
14: Starting numprocs=16 N=4000, M=4000 impl=allgather
2: Starting numprocs=16 N=4000, M=4000 impl=allgather
6: Starting numprocs=16 N=4000, M=4000 impl=allgather
4: Starting numprocs=16 N=4000, M=4000 impl=allgather
time: 0.269420s
Iteration 1
time: 0.251143s
Iteration 2
time: 0.244909s
Iteration 3
time: 0.244369s
Iteration 4
time: 0.244969s
Iteration 5
time: 0.253603s
Iteration 6
time: 0.250124s
Iteration 7
time: 0.260902s
Iteration 8
time: 0.243994s
Iteration 9
time: 0.245292s
Iteration 10
time: 0.301414s
Iteration 11
time: 0.246095s
Iteration 12
time: 0.259391s
Iteration 13
time: 0.262231s
Iteration 14
time: 0.250805s
Iteration 15
time: 0.253645s
Iteration 16
time: 0.232075s
Iteration 17
time: 0.234460s
Iteration 18
time: 0.295062s
Iteration 19
time: 0.243279s
Iteration 20
time: 0.265536s
Iteration 21
time: 0.254033s
Iteration 22
time: 0.253969s
Iteration 23
time: 0.255261s
Iteration 24
time: 0.229953s
12: Starting numprocs=16 N=4000, M=4000 impl=allreduce
1: Starting numprocs=16 N=4000, M=4000 impl=allreduce
15: Starting numprocs=16 N=4000, M=4000 impl=allreduce
7: Starting numprocs=16 N=4000, M=4000 impl=allreduce
0: Starting numprocs=16 N=4000, M=4000 impl=allreduce
Iteration 0
3: Starting numprocs=16 N=4000, M=4000 impl=allreduce
13: Starting numprocs=16 N=4000, M=4000 impl=allreduce
10: Starting numprocs=16 N=4000, M=4000 impl=allreduce
5: Starting numprocs=16 N=4000, M=4000 impl=allreduce
8: Starting numprocs=16 N=4000, M=4000 impl=allreduce
9: Starting numprocs=16 N=4000, M=4000 impl=allreduce
2: Starting numprocs=16 N=4000, M=4000 impl=allreduce
6: Starting numprocs=16 N=4000, M=4000 impl=allreduce
11: Starting numprocs=16 N=4000, M=4000 impl=allreduce
14: Starting numprocs=16 N=4000, M=4000 impl=allreduce
4: Starting numprocs=16 N=4000, M=4000 impl=allreduce
time: 3.889770s
Iteration 1
time: 0.364318s
Iteration 2
time: 2.473813s
Iteration 3
time: 0.355669s
Iteration 4
time: 5.925757s
Iteration 5
time: 0.409851s
Iteration 6
time: 0.375845s
Iteration 7
time: 0.355438s
Iteration 8
time: 8.589774s
Iteration 9
time: 4.273233s
Iteration 10
time: 4.692069s
Iteration 11
time: 0.360773s
Iteration 12
time: 0.359925s
Iteration 13
time: 0.364172s
Iteration 14
time: 0.354920s
Iteration 15
time: 0.358090s
Iteration 16
time: 0.357378s
Iteration 17
time: 0.359915s
Iteration 18
time: 0.351518s
Iteration 19
time: 0.371175s
Iteration 20
time: 0.349191s
Iteration 21
time: 0.357171s
Iteration 22
time: 0.358531s
Iteration 23
time: 0.356755s
Iteration 24
time: 0.355652s
12: Starting numprocs=16 N=4000, M=4000 impl=allreduce-ring
15: Starting numprocs=16 N=4000, M=4000 impl=allreduce-ring
0: Starting numprocs=16 N=4000, M=4000 impl=allreduce-ring
Iteration 0
10: Starting numprocs=16 N=4000, M=4000 impl=allreduce-ring
13: Starting numprocs=16 N=4000, M=4000 impl=allreduce-ring
3: Starting numprocs=16 N=4000, M=4000 impl=allreduce-ring
5: Starting numprocs=16 N=4000, M=4000 impl=allreduce-ring
1: Starting numprocs=16 N=4000, M=4000 impl=allreduce-ring
8: Starting numprocs=16 N=4000, M=4000 impl=allreduce-ring
9: Starting numprocs=16 N=4000, M=4000 impl=allreduce-ring
7: Starting numprocs=16 N=4000, M=4000 impl=allreduce-ring
11: Starting numprocs=16 N=4000, M=4000 impl=allreduce-ring
14: Starting numprocs=16 N=4000, M=4000 impl=allreduce-ring
2: Starting numprocs=16 N=4000, M=4000 impl=allreduce-ring
6: Starting numprocs=16 N=4000, M=4000 impl=allreduce-ring
4: Starting numprocs=16 N=4000, M=4000 impl=allreduce-ring
time: 0.260705s
Iteration 1
time: 0.242482s
Iteration 2
time: 0.243893s
Iteration 3
time: 0.243956s
Iteration 4
time: 0.239774s
Iteration 5
time: 0.239127s
Iteration 6
time: 0.239729s
Iteration 7
time: 0.252337s
Iteration 8
time: 0.249986s
Iteration 9
time: 0.242956s
Iteration 10
time: 0.244326s
Iteration 11
time: 0.244217s
Iteration 12
time: 0.240077s
Iteration 13
time: 0.242825s
Iteration 14
time: 0.238925s
Iteration 15
time: 0.238004s
Iteration 16
time: 4.478031s
Iteration 17
time: 0.243840s
Iteration 18
time: 0.244844s
Iteration 19
time: 0.244601s
Iteration 20
time: 0.242088s
Iteration 21
time: 0.239043s
Iteration 22
time: 0.235832s
Iteration 23
time: 0.246311s
Iteration 24
time: 0.242829s
12: Starting numprocs=16 N=4000, M=4000 impl=g-rabenseifner-allgather
13: Starting numprocs=16 N=4000, M=4000 impl=g-rabenseifner-allgather
15: Starting numprocs=16 N=4000, M=4000 impl=g-rabenseifner-allgather
0: Starting numprocs=16 N=4000, M=4000 impl=g-rabenseifner-allgather
Iteration 0
3: Starting numprocs=16 N=4000, M=4000 impl=g-rabenseifner-allgather
5: Starting numprocs=16 N=4000, M=4000 impl=g-rabenseifner-allgather
9: Starting numprocs=16 N=4000, M=4000 impl=g-rabenseifner-allgather
2: Starting numprocs=16 N=4000, M=4000 impl=g-rabenseifner-allgather
7: Starting numprocs=16 N=4000, M=4000 impl=g-rabenseifner-allgather
8: Starting numprocs=16 N=4000, M=4000 impl=g-rabenseifner-allgather
11: Starting numprocs=16 N=4000, M=4000 impl=g-rabenseifner-allgather
10: Starting numprocs=16 N=4000, M=4000 impl=g-rabenseifner-allgather
1: Starting numprocs=16 N=4000, M=4000 impl=g-rabenseifner-allgather
4: Starting numprocs=16 N=4000, M=4000 impl=g-rabenseifner-allgather
6: Starting numprocs=16 N=4000, M=4000 impl=g-rabenseifner-allgather
14: Starting numprocs=16 N=4000, M=4000 impl=g-rabenseifner-allgather
time: 0.140912s
Iteration 1
time: 6.597635s
Iteration 2
time: 0.116430s
Iteration 3
time: 0.116836s
Iteration 4
time: 0.117179s
Iteration 5
time: 0.117690s
Iteration 6
time: 0.116198s
Iteration 7
time: 0.116533s
Iteration 8
time: 0.116998s
Iteration 9
time: 0.116745s
Iteration 10
time: 0.116420s
Iteration 11
time: 0.116388s
Iteration 12
time: 0.116477s
Iteration 13
time: 0.116781s
Iteration 14
time: 0.117345s
Iteration 15
time: 0.117645s
Iteration 16
time: 0.117101s
Iteration 17
time: 0.116922s
Iteration 18
time: 0.116306s
Iteration 19
time: 0.116408s
Iteration 20
time: 0.116784s
Iteration 21
time: 0.116782s
Iteration 22
time: 0.116810s
Iteration 23
time: 0.116938s
Iteration 24
time: 0.117605s
15: Starting numprocs=16 N=4000, M=4000 impl=g-rabenseifner-subgroup-2
12: Starting numprocs=16 N=4000, M=4000 impl=g-rabenseifner-subgroup-2
1: Starting numprocs=16 N=4000, M=4000 impl=g-rabenseifner-subgroup-2
0: Starting numprocs=16 N=4000, M=4000 impl=g-rabenseifner-subgroup-2
Iteration 0
9: Starting numprocs=16 N=4000, M=4000 impl=g-rabenseifner-subgroup-2
10: Starting numprocs=16 N=4000, M=4000 impl=g-rabenseifner-subgroup-2
13: Starting numprocs=16 N=4000, M=4000 impl=g-rabenseifner-subgroup-2
7: Starting numprocs=16 N=4000, M=4000 impl=g-rabenseifner-subgroup-2
8: Starting numprocs=16 N=4000, M=4000 impl=g-rabenseifner-subgroup-2
2: Starting numprocs=16 N=4000, M=4000 impl=g-rabenseifner-subgroup-2
5: Starting numprocs=16 N=4000, M=4000 impl=g-rabenseifner-subgroup-2
3: Starting numprocs=16 N=4000, M=4000 impl=g-rabenseifner-subgroup-2
11: Starting numprocs=16 N=4000, M=4000 impl=g-rabenseifner-subgroup-2
14: Starting numprocs=16 N=4000, M=4000 impl=g-rabenseifner-subgroup-2
6: Starting numprocs=16 N=4000, M=4000 impl=g-rabenseifner-subgroup-2
4: Starting numprocs=16 N=4000, M=4000 impl=g-rabenseifner-subgroup-2
time: 0.155859s
Iteration 1
time: 0.121462s
Iteration 2
time: 0.120735s
Iteration 3
time: 0.121713s
Iteration 4
time: 0.120992s
Iteration 5
time: 0.122454s
Iteration 6
time: 0.122784s
Iteration 7
time: 0.121517s
Iteration 8
time: 0.121567s
Iteration 9
time: 0.121206s
Iteration 10
time: 0.122061s
Iteration 11
time: 0.121422s
Iteration 12
time: 0.122241s
Iteration 13
time: 0.121703s
Iteration 14
time: 25.031074s
Iteration 15
time: 19.045131s
Iteration 16
time: 0.120862s
Iteration 17
time: 0.122344s
Iteration 18
time: 0.121453s
Iteration 19
time: 0.121471s
Iteration 20
time: 0.121223s
Iteration 21
time: 0.122008s
Iteration 22
time: 0.121736s
Iteration 23
time: 0.122354s
Iteration 24
time: 0.121539s
0: Starting numprocs=16 N=4000, M=4000 impl=g-rabenseifner-subgroup-4
Iteration 0
12: Starting numprocs=16 N=4000, M=4000 impl=g-rabenseifner-subgroup-4
15: Starting numprocs=16 N=4000, M=4000 impl=g-rabenseifner-subgroup-4
13: Starting numprocs=16 N=4000, M=4000 impl=g-rabenseifner-subgroup-4
9: Starting numprocs=16 N=4000, M=4000 impl=g-rabenseifner-subgroup-4
1: Starting numprocs=16 N=4000, M=4000 impl=g-rabenseifner-subgroup-4
5: Starting numprocs=16 N=4000, M=4000 impl=g-rabenseifner-subgroup-4
8: Starting numprocs=16 N=4000, M=4000 impl=g-rabenseifner-subgroup-4
7: Starting numprocs=16 N=4000, M=4000 impl=g-rabenseifner-subgroup-4
3: Starting numprocs=16 N=4000, M=4000 impl=g-rabenseifner-subgroup-4
11: Starting numprocs=16 N=4000, M=4000 impl=g-rabenseifner-subgroup-4
10: Starting numprocs=16 N=4000, M=4000 impl=g-rabenseifner-subgroup-4
14: Starting numprocs=16 N=4000, M=4000 impl=g-rabenseifner-subgroup-4
2: Starting numprocs=16 N=4000, M=4000 impl=g-rabenseifner-subgroup-4
6: Starting numprocs=16 N=4000, M=4000 impl=g-rabenseifner-subgroup-4
4: Starting numprocs=16 N=4000, M=4000 impl=g-rabenseifner-subgroup-4
time: 0.169542s
Iteration 1
time: 0.138279s
Iteration 2
time: 0.135939s
Iteration 3
time: 0.135538s
Iteration 4
time: 0.135231s
Iteration 5
time: 0.134611s
Iteration 6
time: 0.136292s
Iteration 7
time: 0.136053s
Iteration 8
time: 0.132593s
Iteration 9
time: 0.134497s
Iteration 10
time: 0.134258s
Iteration 11
time: 0.135397s
Iteration 12
time: 0.134664s
Iteration 13
time: 0.140746s
Iteration 14
time: 0.141004s
Iteration 15
time: 0.141146s
Iteration 16
time: 0.134584s
Iteration 17
time: 0.134590s
Iteration 18
time: 0.135229s
Iteration 19
time: 0.134428s
Iteration 20
time: 0.135055s
Iteration 21
time: 0.136626s
Iteration 22
time: 0.135222s
Iteration 23
time: 0.134613s
Iteration 24
time: 0.135476s
12: Starting numprocs=16 N=4000, M=4000 impl=g-rabenseifner-subgroup-8
15: Starting numprocs=16 N=4000, M=4000 impl=g-rabenseifner-subgroup-8
13: Starting numprocs=16 N=4000, M=4000 impl=g-rabenseifner-subgroup-8
0: Starting numprocs=16 N=4000, M=4000 impl=g-rabenseifner-subgroup-8
Iteration 0
1: Starting numprocs=16 N=4000, M=4000 impl=g-rabenseifner-subgroup-8
3: Starting numprocs=16 N=4000, M=4000 impl=g-rabenseifner-subgroup-8
10: Starting numprocs=16 N=4000, M=4000 impl=g-rabenseifner-subgroup-8
9: Starting numprocs=16 N=4000, M=4000 impl=g-rabenseifner-subgroup-8
14: Starting numprocs=16 N=4000, M=4000 impl=g-rabenseifner-subgroup-8
8: Starting numprocs=16 N=4000, M=4000 impl=g-rabenseifner-subgroup-8
5: Starting numprocs=16 N=4000, M=4000 impl=g-rabenseifner-subgroup-8
2: Starting numprocs=16 N=4000, M=4000 impl=g-rabenseifner-subgroup-8
7: Starting numprocs=16 N=4000, M=4000 impl=g-rabenseifner-subgroup-8
6: Starting numprocs=16 N=4000, M=4000 impl=g-rabenseifner-subgroup-8
11: Starting numprocs=16 N=4000, M=4000 impl=g-rabenseifner-subgroup-8
4: Starting numprocs=16 N=4000, M=4000 impl=g-rabenseifner-subgroup-8
time: 0.181223s
Iteration 1
time: 0.152792s
Iteration 2
time: 0.148860s
Iteration 3
time: 0.151029s
Iteration 4
time: 0.150338s
Iteration 5
time: 0.150185s
Iteration 6
time: 0.150809s
Iteration 7
time: 0.151569s
Iteration 8
time: 0.150000s
Iteration 9
time: 0.153583s
Iteration 10
time: 0.149685s
Iteration 11
time: 0.151650s
Iteration 12
time: 0.150577s
Iteration 13
time: 0.149889s
Iteration 14
time: 0.163449s
Iteration 15
time: 0.153641s
Iteration 16
time: 0.151672s
Iteration 17
time: 0.148832s
Iteration 18
time: 0.149994s
Iteration 19
time: 0.149625s
Iteration 20
time: 0.152120s
Iteration 21
time: 0.149845s
Iteration 22
time: 0.153665s
Iteration 23
time: 0.149753s
Iteration 24
time: 0.149074s
[eu-ms-014-37:18106] [[20540,0],0] ORTE_ERROR_LOG: The specified application failed to start in file plm_lsf_module.c at line 347
--------------------------------------------------------------------------
The LSF process starter (lsb_launch) failed to start the daemons on
the nodes in the allocation.
 Returned : -1
 lsberrno : (238) Bad host name

This may mean that one or more of the nodes in the LSF allocation is
not setup properly. Below is a list of the 15 nodes that were passed
to lsb_launch:
eu-ms-014-44
eu-ms-020-36
eu-ms-020-45
eu-ms-007-30
eu-ms-007-07
eu-ms-007-42
eu-ms-007-21
eu-ms-008-02
eu-ms-008-32
eu-ms-008-34
eu-ms-024-03
eu-ms-024-15
eu-ms-003-42
eu-ms-003-06
eu-ms-003-22
--------------------------------------------------------------------------
--------------------------------------------------------------------------
An internal error has occurred in ORTE:

[[20540,0],0] FORCE-TERMINATE AT (null):1 - error plm_lsf_module.c(380)

This is something that should be reported to the developers.
--------------------------------------------------------------------------
12: Starting numprocs=16 N=5000, M=5000 impl=allreduce
10: Starting numprocs=16 N=5000, M=5000 impl=allreduce
1: Starting numprocs=16 N=5000, M=5000 impl=allreduce
0: Starting numprocs=16 N=5000, M=5000 impl=allreduce
Iteration 0
15: Starting numprocs=16 N=5000, M=5000 impl=allreduce
7: Starting numprocs=16 N=5000, M=5000 impl=allreduce
13: Starting numprocs=16 N=5000, M=5000 impl=allreduce
9: Starting numprocs=16 N=5000, M=5000 impl=allreduce
8: Starting numprocs=16 N=5000, M=5000 impl=allreduce
5: Starting numprocs=16 N=5000, M=5000 impl=allreduce
3: Starting numprocs=16 N=5000, M=5000 impl=allreduce
2: Starting numprocs=16 N=5000, M=5000 impl=allreduce
11: Starting numprocs=16 N=5000, M=5000 impl=allreduce
14: Starting numprocs=16 N=5000, M=5000 impl=allreduce
6: Starting numprocs=16 N=5000, M=5000 impl=allreduce
4: Starting numprocs=16 N=5000, M=5000 impl=allreduce
time: 17.279760s
Iteration 1
time: 0.549775s
Iteration 2
time: 0.548879s
Iteration 3
time: 0.550485s
Iteration 4
time: 0.552135s
Iteration 5
time: 0.562674s
Iteration 6
time: 0.556168s
Iteration 7
time: 0.551112s
Iteration 8
time: 0.554215s
Iteration 9
time: 0.554391s
Iteration 10
time: 2.762526s
Iteration 11
time: 0.549522s
Iteration 12
time: 0.632451s
Iteration 13
time: 0.595792s
Iteration 14
time: 3.847752s
Iteration 15
time: 0.566011s
Iteration 16
time: 0.586105s
Iteration 17
time: 0.551051s
Iteration 18
time: 6.716379s
Iteration 19
time: 0.546730s
Iteration 20
time: 0.581465s
Iteration 21
time: 0.548089s
Iteration 22
time: 0.568747s
Iteration 23
time: 0.545836s
Iteration 24
time: 0.559175s
12: Starting numprocs=16 N=5000, M=5000 impl=allreduce-ring
0: Starting numprocs=16 N=5000, M=5000 impl=allreduce-ring
Iteration 0
10: Starting numprocs=16 N=5000, M=5000 impl=allreduce-ring
1: Starting numprocs=16 N=5000, M=5000 impl=allreduce-ring
7: Starting numprocs=16 N=5000, M=5000 impl=allreduce-ring
5: Starting numprocs=16 N=5000, M=5000 impl=allreduce-ring
13: Starting numprocs=16 N=5000, M=5000 impl=allreduce-ring
15: Starting numprocs=16 N=5000, M=5000 impl=allreduce-ring
3: Starting numprocs=16 N=5000, M=5000 impl=allreduce-ring
8: Starting numprocs=16 N=5000, M=5000 impl=allreduce-ring
14: Starting numprocs=16 N=5000, M=5000 impl=allreduce-ring
9: Starting numprocs=16 N=5000, M=5000 impl=allreduce-ring
11: Starting numprocs=16 N=5000, M=5000 impl=allreduce-ring
6: Starting numprocs=16 N=5000, M=5000 impl=allreduce-ring
2: Starting numprocs=16 N=5000, M=5000 impl=allreduce-ring
4: Starting numprocs=16 N=5000, M=5000 impl=allreduce-ring
time: 0.399555s
Iteration 1
time: 0.376133s
Iteration 2
time: 0.384552s
Iteration 3
time: 0.376649s
Iteration 4
time: 0.378984s
Iteration 5
time: 0.384697s
Iteration 6
time: 0.379026s
Iteration 7
time: 10.919477s
Iteration 8
time: 20.997457s
Iteration 9
time: 0.380299s
Iteration 10
time: 0.376797s
Iteration 11
time: 0.383866s
Iteration 12
time: 0.393211s
Iteration 13
time: 0.421180s
Iteration 14
time: 0.383155s
Iteration 15
time: 0.384390s
Iteration 16
time: 0.386267s
Iteration 17
time: 0.376470s
Iteration 18
time: 0.439115s
Iteration 19
time: 0.384515s
Iteration 20
time: 0.386254s
Iteration 21
time: 0.380143s
Iteration 22
time: 0.383706s
Iteration 23
time: 0.390291s
Iteration 24
time: 0.383846s
0: Starting numprocs=16 N=5000, M=5000 impl=g-rabenseifner-allgather
Iteration 0
12: Starting numprocs=16 N=5000, M=5000 impl=g-rabenseifner-allgather
5: Starting numprocs=16 N=5000, M=5000 impl=g-rabenseifner-allgather
10: Starting numprocs=16 N=5000, M=5000 impl=g-rabenseifner-allgather
7: Starting numprocs=16 N=5000, M=5000 impl=g-rabenseifner-allgather
1: Starting numprocs=16 N=5000, M=5000 impl=g-rabenseifner-allgather
15: Starting numprocs=16 N=5000, M=5000 impl=g-rabenseifner-allgather
3: Starting numprocs=16 N=5000, M=5000 impl=g-rabenseifner-allgather
9: Starting numprocs=16 N=5000, M=5000 impl=g-rabenseifner-allgather
13: Starting numprocs=16 N=5000, M=5000 impl=g-rabenseifner-allgather
8: Starting numprocs=16 N=5000, M=5000 impl=g-rabenseifner-allgather
14: Starting numprocs=16 N=5000, M=5000 impl=g-rabenseifner-allgather
2: Starting numprocs=16 N=5000, M=5000 impl=g-rabenseifner-allgather
11: Starting numprocs=16 N=5000, M=5000 impl=g-rabenseifner-allgather
6: Starting numprocs=16 N=5000, M=5000 impl=g-rabenseifner-allgather
4: Starting numprocs=16 N=5000, M=5000 impl=g-rabenseifner-allgather
time: 0.221485s
Iteration 1
time: 0.180516s
Iteration 2
time: 0.179197s
Iteration 3
time: 0.180549s
Iteration 4
time: 0.179584s
Iteration 5
time: 0.180777s
Iteration 6
time: 0.179289s
Iteration 7
time: 0.179552s
Iteration 8
time: 0.179537s
Iteration 9
time: 0.179659s
Iteration 10
time: 0.180043s
Iteration 11
time: 0.179425s
Iteration 12
time: 0.179239s
Iteration 13
time: 0.179607s
Iteration 14
time: 0.180412s
Iteration 15
time: 0.179610s
Iteration 16
time: 0.179762s
Iteration 17
time: 0.179950s
Iteration 18
time: 0.181177s
Iteration 19
time: 0.180060s
Iteration 20
time: 0.180113s
Iteration 21
time: 0.180305s
Iteration 22
time: 0.180899s
Iteration 23
time: 0.179622s
Iteration 24
time: 0.180707s
12: Starting numprocs=16 N=5000, M=5000 impl=g-rabenseifner-subgroup-2
10: Starting numprocs=16 N=5000, M=5000 impl=g-rabenseifner-subgroup-2
15: Starting numprocs=16 N=5000, M=5000 impl=g-rabenseifner-subgroup-2
1: Starting numprocs=16 N=5000, M=5000 impl=g-rabenseifner-subgroup-2
0: Starting numprocs=16 N=5000, M=5000 impl=g-rabenseifner-subgroup-2
Iteration 0
5: Starting numprocs=16 N=5000, M=5000 impl=g-rabenseifner-subgroup-2
13: Starting numprocs=16 N=5000, M=5000 impl=g-rabenseifner-subgroup-2
7: Starting numprocs=16 N=5000, M=5000 impl=g-rabenseifner-subgroup-2
8: Starting numprocs=16 N=5000, M=5000 impl=g-rabenseifner-subgroup-2
3: Starting numprocs=16 N=5000, M=5000 impl=g-rabenseifner-subgroup-2
9: Starting numprocs=16 N=5000, M=5000 impl=g-rabenseifner-subgroup-2
6: Starting numprocs=16 N=5000, M=5000 impl=g-rabenseifner-subgroup-2
2: Starting numprocs=16 N=5000, M=5000 impl=g-rabenseifner-subgroup-2
14: Starting numprocs=16 N=5000, M=5000 impl=g-rabenseifner-subgroup-2
4: Starting numprocs=16 N=5000, M=5000 impl=g-rabenseifner-subgroup-2
11: Starting numprocs=16 N=5000, M=5000 impl=g-rabenseifner-subgroup-2
time: 0.226686s
Iteration 1
time: 0.189605s
Iteration 2
time: 0.188409s
Iteration 3
time: 0.188716s
Iteration 4
time: 0.188403s
Iteration 5
time: 0.190143s
Iteration 6
time: 0.191681s
Iteration 7
time: 0.189579s
Iteration 8
time: 0.190048s
Iteration 9
time: 0.193487s
Iteration 10
time: 0.192557s
Iteration 11
time: 0.192365s
Iteration 12
time: 0.190158s
Iteration 13
time: 0.190861s
Iteration 14
time: 0.191335s
Iteration 15
time: 0.190372s
Iteration 16
time: 0.191495s
Iteration 17
time: 0.190679s
Iteration 18
time: 0.191005s
Iteration 19
time: 0.191130s
Iteration 20
time: 0.189257s
Iteration 21
time: 0.189968s
Iteration 22
time: 0.188529s
Iteration 23
time: 0.190872s
Iteration 24
time: 0.189015s
12: Starting numprocs=16 N=5000, M=5000 impl=g-rabenseifner-subgroup-4
5: Starting numprocs=16 N=5000, M=5000 impl=g-rabenseifner-subgroup-4
1: Starting numprocs=16 N=5000, M=5000 impl=g-rabenseifner-subgroup-4
13: Starting numprocs=16 N=5000, M=5000 impl=g-rabenseifner-subgroup-4
0: Starting numprocs=16 N=5000, M=5000 impl=g-rabenseifner-subgroup-4
Iteration 0
10: Starting numprocs=16 N=5000, M=5000 impl=g-rabenseifner-subgroup-4
7: Starting numprocs=16 N=5000, M=5000 impl=g-rabenseifner-subgroup-4
8: Starting numprocs=16 N=5000, M=5000 impl=g-rabenseifner-subgroup-4
15: Starting numprocs=16 N=5000, M=5000 impl=g-rabenseifner-subgroup-4
9: Starting numprocs=16 N=5000, M=5000 impl=g-rabenseifner-subgroup-4
14: Starting numprocs=16 N=5000, M=5000 impl=g-rabenseifner-subgroup-4
3: Starting numprocs=16 N=5000, M=5000 impl=g-rabenseifner-subgroup-4
6: Starting numprocs=16 N=5000, M=5000 impl=g-rabenseifner-subgroup-4
2: Starting numprocs=16 N=5000, M=5000 impl=g-rabenseifner-subgroup-4
11: Starting numprocs=16 N=5000, M=5000 impl=g-rabenseifner-subgroup-4
4: Starting numprocs=16 N=5000, M=5000 impl=g-rabenseifner-subgroup-4
time: 0.255116s
Iteration 1
time: 0.209246s
Iteration 2
time: 0.211756s
Iteration 3
time: 0.210037s
Iteration 4
time: 0.212208s
Iteration 5
time: 0.211130s
Iteration 6
time: 1.638603s
Iteration 7
time: 0.210878s
Iteration 8
time: 0.211611s
Iteration 9
time: 0.210726s
Iteration 10
time: 0.207727s
Iteration 11
time: 0.213782s
Iteration 12
time: 0.207164s
Iteration 13
time: 0.219112s
Iteration 14
time: 0.208134s
Iteration 15
time: 0.207831s
Iteration 16
time: 0.208531s
Iteration 17
time: 0.211147s
Iteration 18
time: 0.210928s
Iteration 19
time: 0.210008s
Iteration 20
time: 0.213069s
Iteration 21
time: 0.211808s
Iteration 22
time: 0.211272s
Iteration 23
time: 0.208039s
Iteration 24
time: 0.214667s
12: Starting numprocs=16 N=5000, M=5000 impl=g-rabenseifner-subgroup-8
10: Starting numprocs=16 N=5000, M=5000 impl=g-rabenseifner-subgroup-8
0: Starting numprocs=16 N=5000, M=5000 impl=g-rabenseifner-subgroup-8
Iteration 0
1: Starting numprocs=16 N=5000, M=5000 impl=g-rabenseifner-subgroup-8
5: Starting numprocs=16 N=5000, M=5000 impl=g-rabenseifner-subgroup-8
9: Starting numprocs=16 N=5000, M=5000 impl=g-rabenseifner-subgroup-8
8: Starting numprocs=16 N=5000, M=5000 impl=g-rabenseifner-subgroup-8
2: Starting numprocs=16 N=5000, M=5000 impl=g-rabenseifner-subgroup-8
7: Starting numprocs=16 N=5000, M=5000 impl=g-rabenseifner-subgroup-8
15: Starting numprocs=16 N=5000, M=5000 impl=g-rabenseifner-subgroup-8
3: Starting numprocs=16 N=5000, M=5000 impl=g-rabenseifner-subgroup-8
13: Starting numprocs=16 N=5000, M=5000 impl=g-rabenseifner-subgroup-8
6: Starting numprocs=16 N=5000, M=5000 impl=g-rabenseifner-subgroup-8
14: Starting numprocs=16 N=5000, M=5000 impl=g-rabenseifner-subgroup-8
11: Starting numprocs=16 N=5000, M=5000 impl=g-rabenseifner-subgroup-8
4: Starting numprocs=16 N=5000, M=5000 impl=g-rabenseifner-subgroup-8
time: 0.266101s
Iteration 1
time: 0.238946s
Iteration 2
time: 0.235016s
Iteration 3
time: 0.234489s
Iteration 4
time: 0.237718s
Iteration 5
time: 0.234472s
Iteration 6
time: 0.240328s
Iteration 7
time: 0.234538s
Iteration 8
time: 0.232960s
Iteration 9
time: 1.892928s
Iteration 10
time: 0.236732s
Iteration 11
time: 0.238409s
Iteration 12
time: 0.237878s
Iteration 13
time: 0.242283s
Iteration 14
time: 0.238460s
Iteration 15
time: 0.238261s
Iteration 16
time: 0.237593s
Iteration 17
time: 0.237457s
Iteration 18
time: 0.239150s
Iteration 19
time: 0.234330s
Iteration 20
time: 0.234372s
Iteration 21
time: 0.232848s
Iteration 22
time: 0.233351s
Iteration 23
time: 0.235436s
Iteration 24
time: 0.235000s
0: Starting numprocs=16 N=6000, M=6000 impl=allgather
Iteration 0
12: Starting numprocs=16 N=6000, M=6000 impl=allgather
7: Starting numprocs=16 N=6000, M=6000 impl=allgather
1: Starting numprocs=16 N=6000, M=6000 impl=allgather
5: Starting numprocs=16 N=6000, M=6000 impl=allgather
9: Starting numprocs=16 N=6000, M=6000 impl=allgather
3: Starting numprocs=16 N=6000, M=6000 impl=allgather
10: Starting numprocs=16 N=6000, M=6000 impl=allgather
8: Starting numprocs=16 N=6000, M=6000 impl=allgather
14: Starting numprocs=16 N=6000, M=6000 impl=allgather
15: Starting numprocs=16 N=6000, M=6000 impl=allgather
2: Starting numprocs=16 N=6000, M=6000 impl=allgather
13: Starting numprocs=16 N=6000, M=6000 impl=allgather
6: Starting numprocs=16 N=6000, M=6000 impl=allgather
11: Starting numprocs=16 N=6000, M=6000 impl=allgather
4: Starting numprocs=16 N=6000, M=6000 impl=allgather
time: 0.639664s
Iteration 1
time: 0.598991s
Iteration 2
time: 0.629414s
Iteration 3
time: 0.606022s
Iteration 4
time: 0.608304s
Iteration 5
time: 0.600772s
Iteration 6
time: 0.620079s
Iteration 7
time: 0.604999s
Iteration 8
time: 0.631919s
Iteration 9
time: 0.603782s
Iteration 10
time: 0.594293s
Iteration 11
time: 0.640505s
Iteration 12
time: 0.607305s
Iteration 13
time: 0.609664s
Iteration 14
time: 0.599145s
Iteration 15
time: 0.591786s
Iteration 16
time: 0.605547s
Iteration 17
time: 0.616089s
Iteration 18
time: 0.612579s
Iteration 19
time: 0.612973s
Iteration 20
time: 0.657780s
Iteration 21
time: 0.618240s
Iteration 22
time: 0.606245s
Iteration 23
time: 0.606520s
Iteration 24
time: 0.603816s
10: Starting numprocs=16 N=6000, M=6000 impl=allreduce
12: Starting numprocs=16 N=6000, M=6000 impl=allreduce
0: Starting numprocs=16 N=6000, M=6000 impl=allreduce
Iteration 0
7: Starting numprocs=16 N=6000, M=6000 impl=allreduce
1: Starting numprocs=16 N=6000, M=6000 impl=allreduce
5: Starting numprocs=16 N=6000, M=6000 impl=allreduce
9: Starting numprocs=16 N=6000, M=6000 impl=allreduce
8: Starting numprocs=16 N=6000, M=6000 impl=allreduce
3: Starting numprocs=16 N=6000, M=6000 impl=allreduce
15: Starting numprocs=16 N=6000, M=6000 impl=allreduce
11: Starting numprocs=16 N=6000, M=6000 impl=allreduce
2: Starting numprocs=16 N=6000, M=6000 impl=allreduce
13: Starting numprocs=16 N=6000, M=6000 impl=allreduce
14: Starting numprocs=16 N=6000, M=6000 impl=allreduce
6: Starting numprocs=16 N=6000, M=6000 impl=allreduce
4: Starting numprocs=16 N=6000, M=6000 impl=allreduce
time: 22.695352s
Iteration 1
time: 47.783899s
Iteration 2
time: 32.607971s
Iteration 3
time: 0.866307s
Iteration 4
time: 0.838784s
Iteration 5
time: 4.696680s
Iteration 6
time: 0.843987s
Iteration 7
time: 3.022641s
Iteration 8
time: 0.829601s
Iteration 9
time: 0.858902s
Iteration 10
time: 2.829562s
Iteration 11
time: 0.843004s
Iteration 12
time: 41.046622s
Iteration 13
time: 8.208117s
Iteration 14
time: 45.067973s
Iteration 15
time: 134.415813s
Iteration 16
time: 18.038040s
Iteration 17
time: 0.795635s
Iteration 18
time: 0.790283s
Iteration 19
time: 10.868140s
Iteration 20
time: 0.809885s
Iteration 21
time: 54.779043s
Iteration 22
time: 2.598883s
Iteration 23
time: 0.801842s
Iteration 24
time: 0.819462s
10: Starting numprocs=16 N=6000, M=6000 impl=allreduce-ring
15: Starting numprocs=16 N=6000, M=6000 impl=allreduce-ring
7: Starting numprocs=16 N=6000, M=6000 impl=allreduce-ring
1: Starting numprocs=16 N=6000, M=6000 impl=allreduce-ring
12: Starting numprocs=16 N=6000, M=6000 impl=allreduce-ring
0: Starting numprocs=16 N=6000, M=6000 impl=allreduce-ring
Iteration 0
5: Starting numprocs=16 N=6000, M=6000 impl=allreduce-ring
13: Starting numprocs=16 N=6000, M=6000 impl=allreduce-ring
14: Starting numprocs=16 N=6000, M=6000 impl=allreduce-ring
8: Starting numprocs=16 N=6000, M=6000 impl=allreduce-ring
9: Starting numprocs=16 N=6000, M=6000 impl=allreduce-ring
2: Starting numprocs=16 N=6000, M=6000 impl=allreduce-ring
3: Starting numprocs=16 N=6000, M=6000 impl=allreduce-ring
11: Starting numprocs=16 N=6000, M=6000 impl=allreduce-ring
6: Starting numprocs=16 N=6000, M=6000 impl=allreduce-ring
4: Starting numprocs=16 N=6000, M=6000 impl=allreduce-ring
time: 0.581066s
Iteration 1
time: 0.554128s
Iteration 2
time: 0.545765s
Iteration 3
time: 0.544953s
Iteration 4
time: 0.563679s
Iteration 5
time: 0.548391s
Iteration 6
time: 0.560206s
Iteration 7
time: 0.557966s
Iteration 8
time: 0.556382s
Iteration 9
time: 0.547887s
Iteration 10
time: 0.553420s
Iteration 11
time: 0.560461s
Iteration 12
time: 0.545378s
Iteration 13
time: 0.541632s
Iteration 14
time: 0.556022s
Iteration 15
time: 0.545496s
Iteration 16
time: 0.552192s
Iteration 17
time: 0.551147s
Iteration 18
time: 0.554584s
Iteration 19
time: 0.542333s
Iteration 20
time: 0.557761s
Iteration 21
time: 0.549876s
Iteration 22
time: 0.544054s
Iteration 23
time: 0.544343s
Iteration 24
time: 0.552332s
12: Starting numprocs=16 N=6000, M=6000 impl=g-rabenseifner-allgather
1: Starting numprocs=16 N=6000, M=6000 impl=g-rabenseifner-allgather
0: Starting numprocs=16 N=6000, M=6000 impl=g-rabenseifner-allgather
Iteration 0
10: Starting numprocs=16 N=6000, M=6000 impl=g-rabenseifner-allgather
15: Starting numprocs=16 N=6000, M=6000 impl=g-rabenseifner-allgather
5: Starting numprocs=16 N=6000, M=6000 impl=g-rabenseifner-allgather
7: Starting numprocs=16 N=6000, M=6000 impl=g-rabenseifner-allgather
13: Starting numprocs=16 N=6000, M=6000 impl=g-rabenseifner-allgather
3: Starting numprocs=16 N=6000, M=6000 impl=g-rabenseifner-allgather
9: Starting numprocs=16 N=6000, M=6000 impl=g-rabenseifner-allgather
8: Starting numprocs=16 N=6000, M=6000 impl=g-rabenseifner-allgather
14: Starting numprocs=16 N=6000, M=6000 impl=g-rabenseifner-allgather
2: Starting numprocs=16 N=6000, M=6000 impl=g-rabenseifner-allgather
11: Starting numprocs=16 N=6000, M=6000 impl=g-rabenseifner-allgather
6: Starting numprocs=16 N=6000, M=6000 impl=g-rabenseifner-allgather
4: Starting numprocs=16 N=6000, M=6000 impl=g-rabenseifner-allgather
time: 0.307619s
Iteration 1
time: 0.262756s
Iteration 2
time: 0.260903s
Iteration 3
time: 0.259842s
Iteration 4
time: 0.261240s
Iteration 5
time: 0.260398s
Iteration 6
time: 0.260292s
Iteration 7
time: 0.261769s
Iteration 8
time: 0.261586s
Iteration 9
time: 0.262686s
Iteration 10
time: 0.261040s
Iteration 11
time: 0.259426s
Iteration 12
time: 2.126706s
Iteration 13
time: 0.269323s
Iteration 14
time: 0.273113s
Iteration 15
time: 0.273553s
Iteration 16
time: 0.288921s
Iteration 17
time: 1.978441s
Iteration 18
time: 0.303874s
Iteration 19
time: 2.308507s
Iteration 20
time: 0.262409s
Iteration 21
time: 0.279006s
Iteration 22
time: 0.260408s
Iteration 23
time: 0.260242s
Iteration 24
time: 0.260294s
12: Starting numprocs=16 N=6000, M=6000 impl=g-rabenseifner-subgroup-2
7: Starting numprocs=16 N=6000, M=6000 impl=g-rabenseifner-subgroup-2
0: Starting numprocs=16 N=6000, M=6000 impl=g-rabenseifner-subgroup-2
Iteration 0
1: Starting numprocs=16 N=6000, M=6000 impl=g-rabenseifner-subgroup-2
10: Starting numprocs=16 N=6000, M=6000 impl=g-rabenseifner-subgroup-2
5: Starting numprocs=16 N=6000, M=6000 impl=g-rabenseifner-subgroup-2
3: Starting numprocs=16 N=6000, M=6000 impl=g-rabenseifner-subgroup-2
9: Starting numprocs=16 N=6000, M=6000 impl=g-rabenseifner-subgroup-2
8: Starting numprocs=16 N=6000, M=6000 impl=g-rabenseifner-subgroup-2
2: Starting numprocs=16 N=6000, M=6000 impl=g-rabenseifner-subgroup-2
11: Starting numprocs=16 N=6000, M=6000 impl=g-rabenseifner-subgroup-2
13: Starting numprocs=16 N=6000, M=6000 impl=g-rabenseifner-subgroup-2
15: Starting numprocs=16 N=6000, M=6000 impl=g-rabenseifner-subgroup-2
6: Starting numprocs=16 N=6000, M=6000 impl=g-rabenseifner-subgroup-2
14: Starting numprocs=16 N=6000, M=6000 impl=g-rabenseifner-subgroup-2
4: Starting numprocs=16 N=6000, M=6000 impl=g-rabenseifner-subgroup-2
time: 0.335583s
Iteration 1
time: 0.274401s
Iteration 2
time: 0.278284s
Iteration 3
time: 0.272833s
Iteration 4
time: 0.273172s
Iteration 5
time: 0.274646s
Iteration 6
time: 0.283277s
Iteration 7
time: 0.274416s
Iteration 8
time: 0.271587s
Iteration 9
time: 0.272603s
Iteration 10
time: 0.273611s
Iteration 11
time: 0.273559s
Iteration 12
time: 0.273185s
Iteration 13
time: 0.273262s
Iteration 14
time: 0.278213s
Iteration 15
time: 0.277044s
Iteration 16
time: 0.274087s
Iteration 17
time: 0.280309s
Iteration 18
time: 0.273255s
Iteration 19
time: 0.273669s
Iteration 20
time: 0.274649s
Iteration 21
time: 0.274738s
Iteration 22
time: 0.282184s
Iteration 23
time: 0.271779s
Iteration 24
time: 0.274611s
0: Starting numprocs=16 N=6000, M=6000 impl=g-rabenseifner-subgroup-4
Iteration 0
12: Starting numprocs=16 N=6000, M=6000 impl=g-rabenseifner-subgroup-4
7: Starting numprocs=16 N=6000, M=6000 impl=g-rabenseifner-subgroup-4
3: Starting numprocs=16 N=6000, M=6000 impl=g-rabenseifner-subgroup-4
1: Starting numprocs=16 N=6000, M=6000 impl=g-rabenseifner-subgroup-4
5: Starting numprocs=16 N=6000, M=6000 impl=g-rabenseifner-subgroup-4
9: Starting numprocs=16 N=6000, M=6000 impl=g-rabenseifner-subgroup-4
8: Starting numprocs=16 N=6000, M=6000 impl=g-rabenseifner-subgroup-4
11: Starting numprocs=16 N=6000, M=6000 impl=g-rabenseifner-subgroup-4
2: Starting numprocs=16 N=6000, M=6000 impl=g-rabenseifner-subgroup-4
15: Starting numprocs=16 N=6000, M=6000 impl=g-rabenseifner-subgroup-4
6: Starting numprocs=16 N=6000, M=6000 impl=g-rabenseifner-subgroup-4
13: Starting numprocs=16 N=6000, M=6000 impl=g-rabenseifner-subgroup-4
10: Starting numprocs=16 N=6000, M=6000 impl=g-rabenseifner-subgroup-4
4: Starting numprocs=16 N=6000, M=6000 impl=g-rabenseifner-subgroup-4
14: Starting numprocs=16 N=6000, M=6000 impl=g-rabenseifner-subgroup-4
time: 0.363838s
Iteration 1
time: 0.306379s
Iteration 2
time: 0.304348s
Iteration 3
time: 0.305085s
Iteration 4
time: 0.304634s
Iteration 5
time: 0.301379s
Iteration 6
time: 0.305084s
Iteration 7
time: 0.310165s
Iteration 8
time: 0.304458s
Iteration 9
time: 0.305566s
Iteration 10
time: 0.307093s
Iteration 11
time: 0.304809s
Iteration 12
time: 0.304726s
Iteration 13
time: 0.303408s
Iteration 14
time: 0.306858s
Iteration 15
time: 2.098905s
Iteration 16
time: 0.312121s
Iteration 17
time: 0.303223s
Iteration 18
time: 0.308666s
Iteration 19
time: 0.310452s
Iteration 20
time: 0.300098s
Iteration 21
time: 0.309303s
Iteration 22
time: 0.305270s
Iteration 23
time: 0.301682s
Iteration 24
time: 0.305060s
1: Starting numprocs=16 N=6000, M=6000 impl=g-rabenseifner-subgroup-8
0: Starting numprocs=16 N=6000, M=6000 impl=g-rabenseifner-subgroup-8
Iteration 0
15: Starting numprocs=16 N=6000, M=6000 impl=g-rabenseifner-subgroup-8
7: Starting numprocs=16 N=6000, M=6000 impl=g-rabenseifner-subgroup-8
12: Starting numprocs=16 N=6000, M=6000 impl=g-rabenseifner-subgroup-8
3: Starting numprocs=16 N=6000, M=6000 impl=g-rabenseifner-subgroup-8
5: Starting numprocs=16 N=6000, M=6000 impl=g-rabenseifner-subgroup-8
8: Starting numprocs=16 N=6000, M=6000 impl=g-rabenseifner-subgroup-8
9: Starting numprocs=16 N=6000, M=6000 impl=g-rabenseifner-subgroup-8
13: Starting numprocs=16 N=6000, M=6000 impl=g-rabenseifner-subgroup-8
10: Starting numprocs=16 N=6000, M=6000 impl=g-rabenseifner-subgroup-8
2: Starting numprocs=16 N=6000, M=6000 impl=g-rabenseifner-subgroup-8
14: Starting numprocs=16 N=6000, M=6000 impl=g-rabenseifner-subgroup-8
11: Starting numprocs=16 N=6000, M=6000 impl=g-rabenseifner-subgroup-8
6: Starting numprocs=16 N=6000, M=6000 impl=g-rabenseifner-subgroup-8
4: Starting numprocs=16 N=6000, M=6000 impl=g-rabenseifner-subgroup-8
time: 0.382903s
Iteration 1
time: 0.339560s
Iteration 2
time: 0.338717s
Iteration 3
time: 0.339547s
Iteration 4
time: 0.340340s
Iteration 5
time: 0.338962s
Iteration 6
time: 0.358848s
Iteration 7
time: 0.357052s
Iteration 8
time: 0.357918s
Iteration 9
time: 0.360182s
Iteration 10
time: 0.355261s
Iteration 11
time: 0.363762s
Iteration 12
time: 0.366843s
Iteration 13
time: 0.361549s
Iteration 14
time: 0.354250s
Iteration 15
time: 0.353325s
Iteration 16
time: 0.362674s
Iteration 17
time: 0.362430s
Iteration 18
time: 0.366758s
Iteration 19
time: 0.332184s
Iteration 20
time: 0.332415s
Iteration 21
time: 0.337741s
Iteration 22
time: 0.336987s
Iteration 23
time: 0.339174s
Iteration 24
time: 0.338920s
7: Starting numprocs=16 N=7000, M=7000 impl=allgather
1: Starting numprocs=16 N=7000, M=7000 impl=allgather
0: Starting numprocs=16 N=7000, M=7000 impl=allgather
Iteration 0
12: Starting numprocs=16 N=7000, M=7000 impl=allgather
8: Starting numprocs=16 N=7000, M=7000 impl=allgather
5: Starting numprocs=16 N=7000, M=7000 impl=allgather
3: Starting numprocs=16 N=7000, M=7000 impl=allgather
9: Starting numprocs=16 N=7000, M=7000 impl=allgather
2: Starting numprocs=16 N=7000, M=7000 impl=allgather
10: Starting numprocs=16 N=7000, M=7000 impl=allgather
11: Starting numprocs=16 N=7000, M=7000 impl=allgather
6: Starting numprocs=16 N=7000, M=7000 impl=allgather
15: Starting numprocs=16 N=7000, M=7000 impl=allgather
13: Starting numprocs=16 N=7000, M=7000 impl=allgather
4: Starting numprocs=16 N=7000, M=7000 impl=allgather
14: Starting numprocs=16 N=7000, M=7000 impl=allgather
time: 0.791567s
Iteration 1
time: 0.785668s
Iteration 2
time: 0.777385s
Iteration 3
time: 0.781690s
Iteration 4
time: 0.785143s
Iteration 5
time: 0.781486s
Iteration 6
time: 0.785456s
Iteration 7
time: 0.780267s
Iteration 8
time: 0.782781s
Iteration 9
time: 0.782654s
Iteration 10
time: 0.791868s
Iteration 11
time: 0.823222s
Iteration 12
time: 0.784243s
Iteration 13
time: 0.780340s
Iteration 14
time: 0.780185s
Iteration 15
time: 0.779959s
Iteration 16
time: 2.101135s
Iteration 17
time: 0.788189s
Iteration 18
time: 0.785080s
Iteration 19
time: 0.803664s
Iteration 20
time: 0.786750s
Iteration 21
time: 0.796148s
Iteration 22
time: 0.784927s
Iteration 23
time: 0.780573s
Iteration 24
time: 2.105178s
1: Starting numprocs=16 N=7000, M=7000 impl=allreduce
10: Starting numprocs=16 N=7000, M=7000 impl=allreduce
0: Starting numprocs=16 N=7000, M=7000 impl=allreduce
Iteration 0
7: Starting numprocs=16 N=7000, M=7000 impl=allreduce
8: Starting numprocs=16 N=7000, M=7000 impl=allreduce
9: Starting numprocs=16 N=7000, M=7000 impl=allreduce
5: Starting numprocs=16 N=7000, M=7000 impl=allreduce
3: Starting numprocs=16 N=7000, M=7000 impl=allreduce
11: Starting numprocs=16 N=7000, M=7000 impl=allreduce
15: Starting numprocs=16 N=7000, M=7000 impl=allreduce
2: Starting numprocs=16 N=7000, M=7000 impl=allreduce
6: Starting numprocs=16 N=7000, M=7000 impl=allreduce
13: Starting numprocs=16 N=7000, M=7000 impl=allreduce
4: Starting numprocs=16 N=7000, M=7000 impl=allreduce
12: Starting numprocs=16 N=7000, M=7000 impl=allreduce
14: Starting numprocs=16 N=7000, M=7000 impl=allreduce
time: 3.371719s
Iteration 1
time: 3.258724s
Iteration 2
time: 1.117931s
Iteration 3
time: 26.272512s
Iteration 4
time: 1.076724s
Iteration 5
time: 18.403620s
Iteration 6
time: 1.094511s
Iteration 7
time: 9.548858s
Iteration 8
time: 11.875388s
Iteration 9
time: 1.151184s
Iteration 10
time: 1.133301s
Iteration 11
time: 1.177454s
Iteration 12
time: 1.243591s
Iteration 13
time: 1.175140s
Iteration 14
time: 1.121608s
Iteration 15
time: 1.124926s
Iteration 16
time: 1.139032s
Iteration 17
time: 3.316998s
Iteration 18
time: 1.093649s
Iteration 19
time: 3.132265s
Iteration 20
time: 1.116322s
Iteration 21
time: 1.230268s
Iteration 22
time: 1.086392s
Iteration 23
time: 5.478041s
Iteration 24
time: 1.132439s
0: Starting numprocs=16 N=7000, M=7000 impl=allreduce-ring
Iteration 0
1: Starting numprocs=16 N=7000, M=7000 impl=allreduce-ring
7: Starting numprocs=16 N=7000, M=7000 impl=allreduce-ring
5: Starting numprocs=16 N=7000, M=7000 impl=allreduce-ring
8: Starting numprocs=16 N=7000, M=7000 impl=allreduce-ring
9: Starting numprocs=16 N=7000, M=7000 impl=allreduce-ring
3: Starting numprocs=16 N=7000, M=7000 impl=allreduce-ring
12: Starting numprocs=16 N=7000, M=7000 impl=allreduce-ring
11: Starting numprocs=16 N=7000, M=7000 impl=allreduce-ring
6: Starting numprocs=16 N=7000, M=7000 impl=allreduce-ring
14: Starting numprocs=16 N=7000, M=7000 impl=allreduce-ring
13: Starting numprocs=16 N=7000, M=7000 impl=allreduce-ring
15: Starting numprocs=16 N=7000, M=7000 impl=allreduce-ring
2: Starting numprocs=16 N=7000, M=7000 impl=allreduce-ring
10: Starting numprocs=16 N=7000, M=7000 impl=allreduce-ring
4: Starting numprocs=16 N=7000, M=7000 impl=allreduce-ring
time: 7.914237s
Iteration 1
time: 2.745925s
Iteration 2
time: 0.746149s
Iteration 3
time: 2.920400s
Iteration 4
time: 0.754982s
Iteration 5
time: 0.744417s
Iteration 6
time: 2.916046s
Iteration 7
time: 0.741233s
Iteration 8
time: 0.741494s
Iteration 9
time: 2.281761s
Iteration 10
time: 0.747225s
Iteration 11
time: 0.740312s
Iteration 12
time: 0.773532s
Iteration 13
time: 0.750761s
Iteration 14
time: 0.741110s
Iteration 15
time: 0.750504s
Iteration 16
time: 0.744453s
Iteration 17
time: 0.744518s
Iteration 18
time: 11.532704s
Iteration 19
time: 0.737343s
Iteration 20
time: 0.753435s
Iteration 21
time: 10.893147s
Iteration 22
time: 4.967686s
Iteration 23
time: 0.750953s
Iteration 24
time: 0.765635s
0: Starting numprocs=16 N=7000, M=7000 impl=g-rabenseifner-allgather
Iteration 0
10: Starting numprocs=16 N=7000, M=7000 impl=g-rabenseifner-allgather
12: Starting numprocs=16 N=7000, M=7000 impl=g-rabenseifner-allgather
7: Starting numprocs=16 N=7000, M=7000 impl=g-rabenseifner-allgather
1: Starting numprocs=16 N=7000, M=7000 impl=g-rabenseifner-allgather
9: Starting numprocs=16 N=7000, M=7000 impl=g-rabenseifner-allgather
5: Starting numprocs=16 N=7000, M=7000 impl=g-rabenseifner-allgather
3: Starting numprocs=16 N=7000, M=7000 impl=g-rabenseifner-allgather
2: Starting numprocs=16 N=7000, M=7000 impl=g-rabenseifner-allgather
8: Starting numprocs=16 N=7000, M=7000 impl=g-rabenseifner-allgather
11: Starting numprocs=16 N=7000, M=7000 impl=g-rabenseifner-allgather
15: Starting numprocs=16 N=7000, M=7000 impl=g-rabenseifner-allgather
6: Starting numprocs=16 N=7000, M=7000 impl=g-rabenseifner-allgather
14: Starting numprocs=16 N=7000, M=7000 impl=g-rabenseifner-allgather
4: Starting numprocs=16 N=7000, M=7000 impl=g-rabenseifner-allgather
13: Starting numprocs=16 N=7000, M=7000 impl=g-rabenseifner-allgather
time: 0.404666s
Iteration 1
time: 0.353582s
Iteration 2
time: 0.358013s
Iteration 3
time: 0.353358s
Iteration 4
time: 0.352660s
Iteration 5
time: 0.352690s
Iteration 6
time: 0.354732s
Iteration 7
time: 0.353145s
Iteration 8
time: 2.462599s
Iteration 9
time: 0.352028s
Iteration 10
time: 0.352697s
Iteration 11
time: 0.353043s
Iteration 12
time: 0.352659s
Iteration 13
time: 1.769958s
Iteration 14
time: 0.352649s
Iteration 15
time: 2.537318s
Iteration 16
time: 0.355422s
Iteration 17
time: 0.354367s
Iteration 18
time: 0.352153s
Iteration 19
time: 0.352093s
Iteration 20
time: 1.767658s
Iteration 21
time: 8.722984s
Iteration 22
time: 0.351886s
Iteration 23
time: 0.353042s
Iteration 24
time: 0.352201s
0: Starting numprocs=16 N=7000, M=7000 impl=g-rabenseifner-subgroup-2
Iteration 0
10: Starting numprocs=16 N=7000, M=7000 impl=g-rabenseifner-subgroup-2
12: Starting numprocs=16 N=7000, M=7000 impl=g-rabenseifner-subgroup-2
7: Starting numprocs=16 N=7000, M=7000 impl=g-rabenseifner-subgroup-2
1: Starting numprocs=16 N=7000, M=7000 impl=g-rabenseifner-subgroup-2
8: Starting numprocs=16 N=7000, M=7000 impl=g-rabenseifner-subgroup-2
9: Starting numprocs=16 N=7000, M=7000 impl=g-rabenseifner-subgroup-2
5: Starting numprocs=16 N=7000, M=7000 impl=g-rabenseifner-subgroup-2
11: Starting numprocs=16 N=7000, M=7000 impl=g-rabenseifner-subgroup-2
3: Starting numprocs=16 N=7000, M=7000 impl=g-rabenseifner-subgroup-2
15: Starting numprocs=16 N=7000, M=7000 impl=g-rabenseifner-subgroup-2
6: Starting numprocs=16 N=7000, M=7000 impl=g-rabenseifner-subgroup-2
2: Starting numprocs=16 N=7000, M=7000 impl=g-rabenseifner-subgroup-2
14: Starting numprocs=16 N=7000, M=7000 impl=g-rabenseifner-subgroup-2
13: Starting numprocs=16 N=7000, M=7000 impl=g-rabenseifner-subgroup-2
4: Starting numprocs=16 N=7000, M=7000 impl=g-rabenseifner-subgroup-2
time: 1.724698s
Iteration 1
time: 0.372499s
Iteration 2
time: 1.883064s
Iteration 3
time: 0.373763s
Iteration 4
time: 0.374387s
Iteration 5
time: 0.371002s
Iteration 6
time: 0.375292s
Iteration 7
time: 0.373667s
Iteration 8
time: 0.370663s
Iteration 9
time: 1.984727s
Iteration 10
time: 0.371691s
Iteration 11
time: 0.371842s
Iteration 12
time: 0.370903s
Iteration 13
time: 2.800893s
Iteration 14
time: 3.886130s
Iteration 15
time: 0.373263s
Iteration 16
time: 0.373207s
Iteration 17
time: 0.370753s
Iteration 18
time: 0.373620s
Iteration 19
time: 1.875514s
Iteration 20
time: 0.378041s
Iteration 21
time: 0.376248s
Iteration 22
time: 0.376751s
Iteration 23
time: 0.378002s
Iteration 24
time: 0.376158s
0: Starting numprocs=16 N=7000, M=7000 impl=g-rabenseifner-subgroup-4
Iteration 0
1: Starting numprocs=16 N=7000, M=7000 impl=g-rabenseifner-subgroup-4
7: Starting numprocs=16 N=7000, M=7000 impl=g-rabenseifner-subgroup-4
9: Starting numprocs=16 N=7000, M=7000 impl=g-rabenseifner-subgroup-4
12: Starting numprocs=16 N=7000, M=7000 impl=g-rabenseifner-subgroup-4
8: Starting numprocs=16 N=7000, M=7000 impl=g-rabenseifner-subgroup-4
3: Starting numprocs=16 N=7000, M=7000 impl=g-rabenseifner-subgroup-4
5: Starting numprocs=16 N=7000, M=7000 impl=g-rabenseifner-subgroup-4
6: Starting numprocs=16 N=7000, M=7000 impl=g-rabenseifner-subgroup-4
11: Starting numprocs=16 N=7000, M=7000 impl=g-rabenseifner-subgroup-4
15: Starting numprocs=16 N=7000, M=7000 impl=g-rabenseifner-subgroup-4
14: Starting numprocs=16 N=7000, M=7000 impl=g-rabenseifner-subgroup-4
13: Starting numprocs=16 N=7000, M=7000 impl=g-rabenseifner-subgroup-4
2: Starting numprocs=16 N=7000, M=7000 impl=g-rabenseifner-subgroup-4
4: Starting numprocs=16 N=7000, M=7000 impl=g-rabenseifner-subgroup-4
10: Starting numprocs=16 N=7000, M=7000 impl=g-rabenseifner-subgroup-4
time: 2.338165s
Iteration 1
time: 0.413871s
Iteration 2
time: 0.409110s
Iteration 3
time: 0.410655s
Iteration 4
time: 0.412264s
Iteration 5
time: 0.407987s
Iteration 6
time: 0.413318s
Iteration 7
time: 0.408975s
Iteration 8
time: 0.409544s
Iteration 9
time: 0.412971s
Iteration 10
time: 0.407098s
Iteration 11
time: 0.412178s
Iteration 12
time: 0.411877s
Iteration 13
time: 0.409992s
Iteration 14
time: 0.412523s
Iteration 15
time: 0.410166s
Iteration 16
time: 0.407450s
Iteration 17
time: 0.414849s
Iteration 18
time: 0.408921s
Iteration 19
time: 0.410394s
Iteration 20
time: 0.415976s
Iteration 21
time: 0.415486s
Iteration 22
time: 0.417330s
Iteration 23
time: 0.414455s
Iteration 24
time: 0.412449s
0: Starting numprocs=16 N=7000, M=7000 impl=g-rabenseifner-subgroup-8
Iteration 0
1: Starting numprocs=16 N=7000, M=7000 impl=g-rabenseifner-subgroup-8
7: Starting numprocs=16 N=7000, M=7000 impl=g-rabenseifner-subgroup-8
8: Starting numprocs=16 N=7000, M=7000 impl=g-rabenseifner-subgroup-8
5: Starting numprocs=16 N=7000, M=7000 impl=g-rabenseifner-subgroup-8
3: Starting numprocs=16 N=7000, M=7000 impl=g-rabenseifner-subgroup-8
9: Starting numprocs=16 N=7000, M=7000 impl=g-rabenseifner-subgroup-8
12: Starting numprocs=16 N=7000, M=7000 impl=g-rabenseifner-subgroup-8
10: Starting numprocs=16 N=7000, M=7000 impl=g-rabenseifner-subgroup-8
6: Starting numprocs=16 N=7000, M=7000 impl=g-rabenseifner-subgroup-8
11: Starting numprocs=16 N=7000, M=7000 impl=g-rabenseifner-subgroup-8
14: Starting numprocs=16 N=7000, M=7000 impl=g-rabenseifner-subgroup-8
13: Starting numprocs=16 N=7000, M=7000 impl=g-rabenseifner-subgroup-8
15: Starting numprocs=16 N=7000, M=7000 impl=g-rabenseifner-subgroup-8
2: Starting numprocs=16 N=7000, M=7000 impl=g-rabenseifner-subgroup-8
4: Starting numprocs=16 N=7000, M=7000 impl=g-rabenseifner-subgroup-8
time: 0.504027s
Iteration 1
time: 0.456844s
Iteration 2
time: 0.465358s
Iteration 3
time: 0.476416s
Iteration 4
time: 0.467610s
Iteration 5
time: 0.472127s
Iteration 6
time: 0.468020s
Iteration 7
time: 0.463578s
Iteration 8
time: 0.467209s
Iteration 9
time: 0.453775s
Iteration 10
time: 0.461128s
Iteration 11
time: 0.466092s
Iteration 12
time: 0.473463s
Iteration 13
time: 0.457061s
Iteration 14
time: 0.466220s
Iteration 15
time: 0.466549s
Iteration 16
time: 0.471430s
Iteration 17
time: 0.461315s
Iteration 18
time: 0.462731s
Iteration 19
time: 0.456956s
Iteration 20
time: 0.456093s
Iteration 21
time: 0.455869s
Iteration 22
time: 0.461881s
Iteration 23
time: 0.465210s
Iteration 24
time: 0.470847s
12: Starting numprocs=16 N=8000, M=8000 impl=allgather
0: Starting numprocs=16 N=8000, M=8000 impl=allgather
Iteration 0
10: Starting numprocs=16 N=8000, M=8000 impl=allgather
7: Starting numprocs=16 N=8000, M=8000 impl=allgather
1: Starting numprocs=16 N=8000, M=8000 impl=allgather
5: Starting numprocs=16 N=8000, M=8000 impl=allgather
8: Starting numprocs=16 N=8000, M=8000 impl=allgather
9: Starting numprocs=16 N=8000, M=8000 impl=allgather
3: Starting numprocs=16 N=8000, M=8000 impl=allgather
2: Starting numprocs=16 N=8000, M=8000 impl=allgather
15: Starting numprocs=16 N=8000, M=8000 impl=allgather
13: Starting numprocs=16 N=8000, M=8000 impl=allgather
14: Starting numprocs=16 N=8000, M=8000 impl=allgather
6: Starting numprocs=16 N=8000, M=8000 impl=allgather
11: Starting numprocs=16 N=8000, M=8000 impl=allgather
4: Starting numprocs=16 N=8000, M=8000 impl=allgather
time: 1.104383s
Iteration 1
time: 1.071096s
Iteration 2
time: 1.086244s
Iteration 3
time: 1.058429s
Iteration 4
time: 1.058044s
Iteration 5
time: 1.103128s
Iteration 6
time: 1.119384s
Iteration 7
time: 1.066473s
Iteration 8
time: 2.728521s
Iteration 9
time: 1.095475s
Iteration 10
time: 1.050121s
Iteration 11
time: 1.097346s
Iteration 12
time: 1.103996s
Iteration 13
time: 1.049174s
Iteration 14
time: 1.064449s
Iteration 15
time: 1.080232s
Iteration 16
time: 1.106656s
Iteration 17
time: 2.547319s
Iteration 18
time: 1.113957s
Iteration 19
time: 1.095447s
Iteration 20
time: 1.046183s
Iteration 21
time: 1.115613s
Iteration 22
time: 1.076815s
Iteration 23
time: 1.091833s
Iteration 24
time: 1.082757s
0: Starting numprocs=16 N=8000, M=8000 impl=allreduce
Iteration 0
7: Starting numprocs=16 N=8000, M=8000 impl=allreduce
1: Starting numprocs=16 N=8000, M=8000 impl=allreduce
8: Starting numprocs=16 N=8000, M=8000 impl=allreduce
5: Starting numprocs=16 N=8000, M=8000 impl=allreduce
12: Starting numprocs=16 N=8000, M=8000 impl=allreduce
3: Starting numprocs=16 N=8000, M=8000 impl=allreduce
9: Starting numprocs=16 N=8000, M=8000 impl=allreduce
11: Starting numprocs=16 N=8000, M=8000 impl=allreduce
15: Starting numprocs=16 N=8000, M=8000 impl=allreduce
6: Starting numprocs=16 N=8000, M=8000 impl=allreduce
13: Starting numprocs=16 N=8000, M=8000 impl=allreduce
2: Starting numprocs=16 N=8000, M=8000 impl=allreduce
14: Starting numprocs=16 N=8000, M=8000 impl=allreduce
4: Starting numprocs=16 N=8000, M=8000 impl=allreduce
10: Starting numprocs=16 N=8000, M=8000 impl=allreduce
time: 1.582670s
Iteration 1
time: 51.392566s
Iteration 2
time: 7.721460s
Iteration 3
time: 1.477546s
Iteration 4
time: 1.462819s
Iteration 5
time: 1.482218s
Iteration 6
time: 1.503049s
Iteration 7
time: 1.486562s
Iteration 8
time: 1.478388s
Iteration 9
time: 1.470174s
Iteration 10
time: 1.465114s
Iteration 11
time: 1.489502s
Iteration 12
time: 1.481098s
Iteration 13
time: 1.486621s
Iteration 14
time: 1.483356s
Iteration 15
time: 1.493807s
Iteration 16
time: 3.314947s
Iteration 17
time: 1.413996s
Iteration 18
time: 5.482340s
Iteration 19
time: 7.922187s
Iteration 20
time: 1.419930s
Iteration 21
time: 22.438337s
Iteration 22
time: 1.397605s
Iteration 23
time: 5.552594s
Iteration 24
time: 6.004344s
10: Starting numprocs=16 N=8000, M=8000 impl=allreduce-ring
1: Starting numprocs=16 N=8000, M=8000 impl=allreduce-ring
0: Starting numprocs=16 N=8000, M=8000 impl=allreduce-ring
Iteration 0
7: Starting numprocs=16 N=8000, M=8000 impl=allreduce-ring
5: Starting numprocs=16 N=8000, M=8000 impl=allreduce-ring
3: Starting numprocs=16 N=8000, M=8000 impl=allreduce-ring
2: Starting numprocs=16 N=8000, M=8000 impl=allreduce-ring
8: Starting numprocs=16 N=8000, M=8000 impl=allreduce-ring
9: Starting numprocs=16 N=8000, M=8000 impl=allreduce-ring
15: Starting numprocs=16 N=8000, M=8000 impl=allreduce-ring
12: Starting numprocs=16 N=8000, M=8000 impl=allreduce-ring
13: Starting numprocs=16 N=8000, M=8000 impl=allreduce-ring
11: Starting numprocs=16 N=8000, M=8000 impl=allreduce-ring
6: Starting numprocs=16 N=8000, M=8000 impl=allreduce-ring
14: Starting numprocs=16 N=8000, M=8000 impl=allreduce-ring
4: Starting numprocs=16 N=8000, M=8000 impl=allreduce-ring
time: 1.062701s
Iteration 1
time: 4.279219s
Iteration 2
time: 0.965034s
Iteration 3
time: 0.992749s
Iteration 4
time: 0.967712s
Iteration 5
time: 5.291317s
Iteration 6
time: 0.967079s
Iteration 7
time: 1.000299s
Iteration 8
time: 0.974528s
Iteration 9
time: 4.671679s
Iteration 10
time: 2.501611s
Iteration 11
time: 2.086283s
Iteration 12
time: 6.686883s
Iteration 13
time: 7.248080s
Iteration 14
time: 0.975596s
Iteration 15
time: 0.966351s
Iteration 16
time: 0.988038s
Iteration 17
time: 4.248961s
Iteration 18
time: 0.984795s
Iteration 19
time: 3.124640s
Iteration 20
time: 2.214164s
Iteration 21
time: 0.991746s
Iteration 22
time: 0.963613s
Iteration 23
time: 0.978958s
Iteration 24
time: 0.982684s
12: Starting numprocs=16 N=8000, M=8000 impl=g-rabenseifner-allgather
1: Starting numprocs=16 N=8000, M=8000 impl=g-rabenseifner-allgather
0: Starting numprocs=16 N=8000, M=8000 impl=g-rabenseifner-allgather
Iteration 0
7: Starting numprocs=16 N=8000, M=8000 impl=g-rabenseifner-allgather
3: Starting numprocs=16 N=8000, M=8000 impl=g-rabenseifner-allgather
5: Starting numprocs=16 N=8000, M=8000 impl=g-rabenseifner-allgather
9: Starting numprocs=16 N=8000, M=8000 impl=g-rabenseifner-allgather
8: Starting numprocs=16 N=8000, M=8000 impl=g-rabenseifner-allgather
10: Starting numprocs=16 N=8000, M=8000 impl=g-rabenseifner-allgather
2: Starting numprocs=16 N=8000, M=8000 impl=g-rabenseifner-allgather
11: Starting numprocs=16 N=8000, M=8000 impl=g-rabenseifner-allgather
15: Starting numprocs=16 N=8000, M=8000 impl=g-rabenseifner-allgather
6: Starting numprocs=16 N=8000, M=8000 impl=g-rabenseifner-allgather
13: Starting numprocs=16 N=8000, M=8000 impl=g-rabenseifner-allgather
4: Starting numprocs=16 N=8000, M=8000 impl=g-rabenseifner-allgather
14: Starting numprocs=16 N=8000, M=8000 impl=g-rabenseifner-allgather
time: 2.693354s
Iteration 1
time: 0.465900s
Iteration 2
time: 0.463456s
Iteration 3
time: 0.465107s
Iteration 4
time: 0.465182s
Iteration 5
time: 0.464233s
Iteration 6
time: 0.464374s
Iteration 7
time: 0.465629s
Iteration 8
time: 0.463899s
Iteration 9
time: 0.464929s
Iteration 10
time: 0.464849s
Iteration 11
time: 0.468730s
Iteration 12
time: 0.464143s
Iteration 13
time: 2.636545s
Iteration 14
time: 0.464481s
Iteration 15
time: 0.464933s
Iteration 16
time: 0.465187s
Iteration 17
time: 9.110537s
Iteration 18
time: 0.466418s
Iteration 19
time: 0.464989s
Iteration 20
time: 0.465648s
Iteration 21
time: 4.803880s
Iteration 22
time: 0.464634s
Iteration 23
time: 0.465733s
Iteration 24
time: 0.465742s
12: Starting numprocs=16 N=8000, M=8000 impl=g-rabenseifner-subgroup-2
0: Starting numprocs=16 N=8000, M=8000 impl=g-rabenseifner-subgroup-2
Iteration 0
1: Starting numprocs=16 N=8000, M=8000 impl=g-rabenseifner-subgroup-2
7: Starting numprocs=16 N=8000, M=8000 impl=g-rabenseifner-subgroup-2
5: Starting numprocs=16 N=8000, M=8000 impl=g-rabenseifner-subgroup-2
3: Starting numprocs=16 N=8000, M=8000 impl=g-rabenseifner-subgroup-2
9: Starting numprocs=16 N=8000, M=8000 impl=g-rabenseifner-subgroup-2
8: Starting numprocs=16 N=8000, M=8000 impl=g-rabenseifner-subgroup-2
11: Starting numprocs=16 N=8000, M=8000 impl=g-rabenseifner-subgroup-2
4: Starting numprocs=16 N=8000, M=8000 impl=g-rabenseifner-subgroup-2
6: Starting numprocs=16 N=8000, M=8000 impl=g-rabenseifner-subgroup-2
2: Starting numprocs=16 N=8000, M=8000 impl=g-rabenseifner-subgroup-2
13: Starting numprocs=16 N=8000, M=8000 impl=g-rabenseifner-subgroup-2
14: Starting numprocs=16 N=8000, M=8000 impl=g-rabenseifner-subgroup-2
15: Starting numprocs=16 N=8000, M=8000 impl=g-rabenseifner-subgroup-2
10: Starting numprocs=16 N=8000, M=8000 impl=g-rabenseifner-subgroup-2
time: 0.582685s
Iteration 1
time: 2.347265s
Iteration 2
time: 0.487716s
Iteration 3
time: 0.485823s
Iteration 4
time: 0.482856s
Iteration 5
time: 0.490640s
Iteration 6
time: 0.483246s
Iteration 7
time: 4.647583s
Iteration 8
time: 0.490273s
Iteration 9
time: 0.489983s
Iteration 10
time: 0.489984s
Iteration 11
time: 0.485046s
Iteration 12
time: 0.484080s
Iteration 13
time: 0.486507s
Iteration 14
time: 0.485625s
Iteration 15
time: 0.491920s
Iteration 16
time: 0.488835s
Iteration 17
time: 0.481884s
Iteration 18
time: 0.497746s
Iteration 19
time: 0.486023s
Iteration 20
time: 0.483758s
Iteration 21
time: 0.484607s
Iteration 22
time: 0.485045s
Iteration 23
time: 0.487081s
Iteration 24
time: 0.494514s
0: Starting numprocs=16 N=8000, M=8000 impl=g-rabenseifner-subgroup-4
Iteration 0
1: Starting numprocs=16 N=8000, M=8000 impl=g-rabenseifner-subgroup-4
12: Starting numprocs=16 N=8000, M=8000 impl=g-rabenseifner-subgroup-4
7: Starting numprocs=16 N=8000, M=8000 impl=g-rabenseifner-subgroup-4
3: Starting numprocs=16 N=8000, M=8000 impl=g-rabenseifner-subgroup-4
5: Starting numprocs=16 N=8000, M=8000 impl=g-rabenseifner-subgroup-4
8: Starting numprocs=16 N=8000, M=8000 impl=g-rabenseifner-subgroup-4
10: Starting numprocs=16 N=8000, M=8000 impl=g-rabenseifner-subgroup-4
2: Starting numprocs=16 N=8000, M=8000 impl=g-rabenseifner-subgroup-4
13: Starting numprocs=16 N=8000, M=8000 impl=g-rabenseifner-subgroup-4
9: Starting numprocs=16 N=8000, M=8000 impl=g-rabenseifner-subgroup-4
4: Starting numprocs=16 N=8000, M=8000 impl=g-rabenseifner-subgroup-4
11: Starting numprocs=16 N=8000, M=8000 impl=g-rabenseifner-subgroup-4
6: Starting numprocs=16 N=8000, M=8000 impl=g-rabenseifner-subgroup-4
14: Starting numprocs=16 N=8000, M=8000 impl=g-rabenseifner-subgroup-4
15: Starting numprocs=16 N=8000, M=8000 impl=g-rabenseifner-subgroup-4
time: 0.646598s
Iteration 1
time: 0.546482s
Iteration 2
time: 0.533630s
Iteration 3
time: 0.537655s
Iteration 4
time: 0.540605s
Iteration 5
time: 0.544427s
Iteration 6
time: 0.545982s
Iteration 7
time: 0.540634s
Iteration 8
time: 0.540992s
Iteration 9
time: 0.545243s
Iteration 10
time: 0.536853s
Iteration 11
time: 0.552324s
Iteration 12
time: 2.642239s
Iteration 13
time: 0.547114s
Iteration 14
time: 0.545250s
Iteration 15
time: 0.533284s
Iteration 16
time: 0.546886s
Iteration 17
time: 0.562054s
Iteration 18
time: 0.532000s
Iteration 19
time: 0.542923s
Iteration 20
time: 0.545432s
Iteration 21
time: 0.540283s
Iteration 22
time: 0.536834s
Iteration 23
time: 0.535964s
Iteration 24
time: 0.539675s
10: Starting numprocs=16 N=8000, M=8000 impl=g-rabenseifner-subgroup-8
0: Starting numprocs=16 N=8000, M=8000 impl=g-rabenseifner-subgroup-8
Iteration 0
1: Starting numprocs=16 N=8000, M=8000 impl=g-rabenseifner-subgroup-8
7: Starting numprocs=16 N=8000, M=8000 impl=g-rabenseifner-subgroup-8
3: Starting numprocs=16 N=8000, M=8000 impl=g-rabenseifner-subgroup-8
5: Starting numprocs=16 N=8000, M=8000 impl=g-rabenseifner-subgroup-8
8: Starting numprocs=16 N=8000, M=8000 impl=g-rabenseifner-subgroup-8
12: Starting numprocs=16 N=8000, M=8000 impl=g-rabenseifner-subgroup-8
15: Starting numprocs=16 N=8000, M=8000 impl=g-rabenseifner-subgroup-8
13: Starting numprocs=16 N=8000, M=8000 impl=g-rabenseifner-subgroup-8
9: Starting numprocs=16 N=8000, M=8000 impl=g-rabenseifner-subgroup-8
2: Starting numprocs=16 N=8000, M=8000 impl=g-rabenseifner-subgroup-8
4: Starting numprocs=16 N=8000, M=8000 impl=g-rabenseifner-subgroup-8
14: Starting numprocs=16 N=8000, M=8000 impl=g-rabenseifner-subgroup-8
11: Starting numprocs=16 N=8000, M=8000 impl=g-rabenseifner-subgroup-8
6: Starting numprocs=16 N=8000, M=8000 impl=g-rabenseifner-subgroup-8
time: 0.713407s
Iteration 1
time: 0.601586s
Iteration 2
time: 0.596800s
Iteration 3
time: 0.597783s
Iteration 4
time: 0.610296s
Iteration 5
time: 0.595633s
Iteration 6
time: 0.602167s
Iteration 7
time: 0.612458s
Iteration 8
time: 0.601161s
Iteration 9
time: 0.600789s
Iteration 10
time: 0.611185s
Iteration 11
time: 0.598562s
Iteration 12
time: 0.599065s
Iteration 13
time: 0.602485s
Iteration 14
time: 0.609607s
Iteration 15
time: 0.595384s
Iteration 16
time: 0.701730s
Iteration 17
time: 0.612085s
Iteration 18
time: 0.600748s
Iteration 19
time: 0.596487s
Iteration 20
time: 0.600625s
Iteration 21
time: 0.594110s
Iteration 22
time: 0.604353s
Iteration 23
time: 0.610723s
Iteration 24
time: 0.598385s
