7: Starting numprocs=32 N=1000, M=1000 impl=allgather
10: Starting numprocs=32 N=1000, M=1000 impl=allgather
23: Starting numprocs=32 N=1000, M=1000 impl=allgather
24: Starting numprocs=32 N=1000, M=1000 impl=allgather
31: Starting numprocs=32 N=1000, M=1000 impl=allgather
6: Starting numprocs=32 N=1000, M=1000 impl=allgather
18: Starting numprocs=32 N=1000, M=1000 impl=allgather
0: Starting numprocs=32 N=1000, M=1000 impl=allgather
Iteration 0
16: Starting numprocs=32 N=1000, M=1000 impl=allgather
13: Starting numprocs=32 N=1000, M=1000 impl=allgather
26: Starting numprocs=32 N=1000, M=1000 impl=allgather
12: Starting numprocs=32 N=1000, M=1000 impl=allgather
8: Starting numprocs=32 N=1000, M=1000 impl=allgather
4: Starting numprocs=32 N=1000, M=1000 impl=allgather
11: Starting numprocs=32 N=1000, M=1000 impl=allgather
29: Starting numprocs=32 N=1000, M=1000 impl=allgather
20: Starting numprocs=32 N=1000, M=1000 impl=allgather
15: Starting numprocs=32 N=1000, M=1000 impl=allgather
19: Starting numprocs=32 N=1000, M=1000 impl=allgather
14: Starting numprocs=32 N=1000, M=1000 impl=allgather
27: Starting numprocs=32 N=1000, M=1000 impl=allgather
21: Starting numprocs=32 N=1000, M=1000 impl=allgather
5: Starting numprocs=32 N=1000, M=1000 impl=allgather
9: Starting numprocs=32 N=1000, M=1000 impl=allgather
25: Starting numprocs=32 N=1000, M=1000 impl=allgather
17: Starting numprocs=32 N=1000, M=1000 impl=allgather
1: Starting numprocs=32 N=1000, M=1000 impl=allgather
28: Starting numprocs=32 N=1000, M=1000 impl=allgather
2: Starting numprocs=32 N=1000, M=1000 impl=allgather
22: Starting numprocs=32 N=1000, M=1000 impl=allgather
3: Starting numprocs=32 N=1000, M=1000 impl=allgather
30: Starting numprocs=32 N=1000, M=1000 impl=allgather
time: 0.036920s
Iteration 1
time: 0.028341s
Iteration 2
time: 0.028626s
Iteration 3
time: 0.028451s
Iteration 4
time: 0.029257s
Iteration 5
time: 0.028777s
Iteration 6
time: 0.028598s
Iteration 7
time: 0.028598s
Iteration 8
time: 0.029010s
Iteration 9
time: 0.029233s
Iteration 10
time: 0.029974s
Iteration 11
time: 0.033628s
Iteration 12
time: 0.031051s
Iteration 13
time: 0.030965s
Iteration 14
time: 0.030997s
Iteration 15
time: 0.030953s
Iteration 16
time: 0.029211s
Iteration 17
time: 0.029550s
Iteration 18
time: 0.031535s
Iteration 19
time: 0.031861s
Iteration 20
time: 0.031281s
Iteration 21
time: 0.031662s
Iteration 22
time: 0.030012s
Iteration 23
time: 0.031005s
Iteration 24
time: 0.028839s
10: Starting numprocs=32 N=1000, M=1000 impl=allreduce
6: Starting numprocs=32 N=1000, M=1000 impl=allreduce
7: Starting numprocs=32 N=1000, M=1000 impl=allreduce
0: Starting numprocs=32 N=1000, M=1000 impl=allreduce
Iteration 0
23: Starting numprocs=32 N=1000, M=1000 impl=allreduce
18: Starting numprocs=32 N=1000, M=1000 impl=allreduce
31: Starting numprocs=32 N=1000, M=1000 impl=allreduce
2: Starting numprocs=32 N=1000, M=1000 impl=allreduce
4: Starting numprocs=32 N=1000, M=1000 impl=allreduce
9: Starting numprocs=32 N=1000, M=1000 impl=allreduce
11: Starting numprocs=32 N=1000, M=1000 impl=allreduce
30: Starting numprocs=32 N=1000, M=1000 impl=allreduce
8: Starting numprocs=32 N=1000, M=1000 impl=allreduce
20: Starting numprocs=32 N=1000, M=1000 impl=allreduce
13: Starting numprocs=32 N=1000, M=1000 impl=allreduce
16: Starting numprocs=32 N=1000, M=1000 impl=allreduce
26: Starting numprocs=32 N=1000, M=1000 impl=allreduce
19: Starting numprocs=32 N=1000, M=1000 impl=allreduce
24: Starting numprocs=32 N=1000, M=1000 impl=allreduce
15: Starting numprocs=32 N=1000, M=1000 impl=allreduce
14: Starting numprocs=32 N=1000, M=1000 impl=allreduce
5: Starting numprocs=32 N=1000, M=1000 impl=allreduce
12: Starting numprocs=32 N=1000, M=1000 impl=allreduce
21: Starting numprocs=32 N=1000, M=1000 impl=allreduce
25: Starting numprocs=32 N=1000, M=1000 impl=allreduce
29: Starting numprocs=32 N=1000, M=1000 impl=allreduce
17: Starting numprocs=32 N=1000, M=1000 impl=allreduce
27: Starting numprocs=32 N=1000, M=1000 impl=allreduce
1: Starting numprocs=32 N=1000, M=1000 impl=allreduce
22: Starting numprocs=32 N=1000, M=1000 impl=allreduce
28: Starting numprocs=32 N=1000, M=1000 impl=allreduce
3: Starting numprocs=32 N=1000, M=1000 impl=allreduce
time: 1.190865s
Iteration 1
time: 0.022007s
Iteration 2
time: 0.017203s
Iteration 3
time: 1.640771s
Iteration 4
time: 0.017656s
Iteration 5
time: 0.016883s
Iteration 6
time: 0.017509s
Iteration 7
time: 0.017546s
Iteration 8
time: 0.016962s
Iteration 9
time: 0.017596s
Iteration 10
time: 0.016939s
Iteration 11
time: 0.017276s
Iteration 12
time: 0.016799s
Iteration 13
time: 0.017485s
Iteration 14
time: 0.017409s
Iteration 15
time: 0.017187s
Iteration 16
time: 0.017369s
Iteration 17
time: 0.017257s
Iteration 18
time: 0.017281s
Iteration 19
time: 0.017420s
Iteration 20
time: 0.017177s
Iteration 21
time: 0.018328s
Iteration 22
time: 0.016853s
Iteration 23
time: 1.823474s
Iteration 24
time: 0.017505s
0: Starting numprocs=32 N=1000, M=1000 impl=allreduce-ring
Iteration 0
6: Starting numprocs=32 N=1000, M=1000 impl=allreduce-ring
23: Starting numprocs=32 N=1000, M=1000 impl=allreduce-ring
8: Starting numprocs=32 N=1000, M=1000 impl=allreduce-ring
24: Starting numprocs=32 N=1000, M=1000 impl=allreduce-ring
21: Starting numprocs=32 N=1000, M=1000 impl=allreduce-ring
13: Starting numprocs=32 N=1000, M=1000 impl=allreduce-ring
31: Starting numprocs=32 N=1000, M=1000 impl=allreduce-ring
2: Starting numprocs=32 N=1000, M=1000 impl=allreduce-ring
10: Starting numprocs=32 N=1000, M=1000 impl=allreduce-ring
30: Starting numprocs=32 N=1000, M=1000 impl=allreduce-ring
26: Starting numprocs=32 N=1000, M=1000 impl=allreduce-ring
16: Starting numprocs=32 N=1000, M=1000 impl=allreduce-ring
19: Starting numprocs=32 N=1000, M=1000 impl=allreduce-ring
29: Starting numprocs=32 N=1000, M=1000 impl=allreduce-ring
9: Starting numprocs=32 N=1000, M=1000 impl=allreduce-ring
27: Starting numprocs=32 N=1000, M=1000 impl=allreduce-ring
14: Starting numprocs=32 N=1000, M=1000 impl=allreduce-ring
15: Starting numprocs=32 N=1000, M=1000 impl=allreduce-ring
12: Starting numprocs=32 N=1000, M=1000 impl=allreduce-ring
5: Starting numprocs=32 N=1000, M=1000 impl=allreduce-ring
18: Starting numprocs=32 N=1000, M=1000 impl=allreduce-ring
17: Starting numprocs=32 N=1000, M=1000 impl=allreduce-ring
4: Starting numprocs=32 N=1000, M=1000 impl=allreduce-ring
7: Starting numprocs=32 N=1000, M=1000 impl=allreduce-ring
20: Starting numprocs=32 N=1000, M=1000 impl=allreduce-ring
25: Starting numprocs=32 N=1000, M=1000 impl=allreduce-ring
22: Starting numprocs=32 N=1000, M=1000 impl=allreduce-ring
1: Starting numprocs=32 N=1000, M=1000 impl=allreduce-ring
11: Starting numprocs=32 N=1000, M=1000 impl=allreduce-ring
3: Starting numprocs=32 N=1000, M=1000 impl=allreduce-ring
28: Starting numprocs=32 N=1000, M=1000 impl=allreduce-ring
time: 0.017515s
Iteration 1
time: 1.866347s
Iteration 2
time: 0.015803s
Iteration 3
time: 0.016360s
Iteration 4
time: 0.015302s
Iteration 5
time: 0.015679s
Iteration 6
time: 0.016457s
Iteration 7
time: 0.015548s
Iteration 8
time: 0.015359s
Iteration 9
time: 0.015358s
Iteration 10
time: 6.363546s
Iteration 11
time: 6.566124s
Iteration 12
time: 0.015345s
Iteration 13
time: 0.017025s
Iteration 14
time: 0.014978s
Iteration 15
time: 0.015677s
Iteration 16
time: 0.015581s
Iteration 17
time: 0.015714s
Iteration 18
time: 0.015250s
Iteration 19
time: 0.015737s
Iteration 20
time: 1.969041s
Iteration 21
time: 0.016127s
Iteration 22
time: 0.015631s
Iteration 23
time: 0.015747s
Iteration 24
time: 0.015568s
6: Starting numprocs=32 N=1000, M=1000 impl=g-rabenseifner-allgather
7: Starting numprocs=32 N=1000, M=1000 impl=g-rabenseifner-allgather
10: Starting numprocs=32 N=1000, M=1000 impl=g-rabenseifner-allgather
2: Starting numprocs=32 N=1000, M=1000 impl=g-rabenseifner-allgather
24: Starting numprocs=32 N=1000, M=1000 impl=g-rabenseifner-allgather
9: Starting numprocs=32 N=1000, M=1000 impl=g-rabenseifner-allgather
0: Starting numprocs=32 N=1000, M=1000 impl=g-rabenseifner-allgather
Iteration 0
18: Starting numprocs=32 N=1000, M=1000 impl=g-rabenseifner-allgather
12: Starting numprocs=32 N=1000, M=1000 impl=g-rabenseifner-allgather
21: Starting numprocs=32 N=1000, M=1000 impl=g-rabenseifner-allgather
23: Starting numprocs=32 N=1000, M=1000 impl=g-rabenseifner-allgather
27: Starting numprocs=32 N=1000, M=1000 impl=g-rabenseifner-allgather
14: Starting numprocs=32 N=1000, M=1000 impl=g-rabenseifner-allgather
31: Starting numprocs=32 N=1000, M=1000 impl=g-rabenseifner-allgather
4: Starting numprocs=32 N=1000, M=1000 impl=g-rabenseifner-allgather
20: Starting numprocs=32 N=1000, M=1000 impl=g-rabenseifner-allgather
17: Starting numprocs=32 N=1000, M=1000 impl=g-rabenseifner-allgather
26: Starting numprocs=32 N=1000, M=1000 impl=g-rabenseifner-allgather
29: Starting numprocs=32 N=1000, M=1000 impl=g-rabenseifner-allgather
11: Starting numprocs=32 N=1000, M=1000 impl=g-rabenseifner-allgather
30: Starting numprocs=32 N=1000, M=1000 impl=g-rabenseifner-allgather
15: Starting numprocs=32 N=1000, M=1000 impl=g-rabenseifner-allgather
19: Starting numprocs=32 N=1000, M=1000 impl=g-rabenseifner-allgather
16: Starting numprocs=32 N=1000, M=1000 impl=g-rabenseifner-allgather
25: Starting numprocs=32 N=1000, M=1000 impl=g-rabenseifner-allgather
13: Starting numprocs=32 N=1000, M=1000 impl=g-rabenseifner-allgather
8: Starting numprocs=32 N=1000, M=1000 impl=g-rabenseifner-allgather
3: Starting numprocs=32 N=1000, M=1000 impl=g-rabenseifner-allgather
1: Starting numprocs=32 N=1000, M=1000 impl=g-rabenseifner-allgather
5: Starting numprocs=32 N=1000, M=1000 impl=g-rabenseifner-allgather
28: Starting numprocs=32 N=1000, M=1000 impl=g-rabenseifner-allgather
22: Starting numprocs=32 N=1000, M=1000 impl=g-rabenseifner-allgather
time: 0.031448s
Iteration 1
time: 0.009846s
Iteration 2
time: 0.009445s
Iteration 3
time: 0.009806s
Iteration 4
time: 0.009611s
Iteration 5
time: 0.010205s
Iteration 6
time: 0.009211s
Iteration 7
time: 0.009145s
Iteration 8
time: 0.009424s
Iteration 9
time: 0.010071s
Iteration 10
time: 0.009195s
Iteration 11
time: 0.010075s
Iteration 12
time: 0.009820s
Iteration 13
time: 0.009236s
Iteration 14
time: 0.009848s
Iteration 15
time: 0.009572s
Iteration 16
time: 0.009649s
Iteration 17
time: 0.009717s
Iteration 18
time: 0.009268s
Iteration 19
time: 0.009396s
Iteration 20
time: 0.009322s
Iteration 21
time: 0.009742s
Iteration 22
time: 0.009220s
Iteration 23
time: 0.010202s
Iteration 24
time: 0.009710s
10: Starting numprocs=32 N=1000, M=1000 impl=g-rabenseifner-subgroup-2
7: Starting numprocs=32 N=1000, M=1000 impl=g-rabenseifner-subgroup-2
6: Starting numprocs=32 N=1000, M=1000 impl=g-rabenseifner-subgroup-2
23: Starting numprocs=32 N=1000, M=1000 impl=g-rabenseifner-subgroup-2
31: Starting numprocs=32 N=1000, M=1000 impl=g-rabenseifner-subgroup-2
18: Starting numprocs=32 N=1000, M=1000 impl=g-rabenseifner-subgroup-2
24: Starting numprocs=32 N=1000, M=1000 impl=g-rabenseifner-subgroup-2
12: Starting numprocs=32 N=1000, M=1000 impl=g-rabenseifner-subgroup-2
14: Starting numprocs=32 N=1000, M=1000 impl=g-rabenseifner-subgroup-2
17: Starting numprocs=32 N=1000, M=1000 impl=g-rabenseifner-subgroup-2
0: Starting numprocs=32 N=1000, M=1000 impl=g-rabenseifner-subgroup-2
Iteration 0
11: Starting numprocs=32 N=1000, M=1000 impl=g-rabenseifner-subgroup-2
2: Starting numprocs=32 N=1000, M=1000 impl=g-rabenseifner-subgroup-2
13: Starting numprocs=32 N=1000, M=1000 impl=g-rabenseifner-subgroup-2
20: Starting numprocs=32 N=1000, M=1000 impl=g-rabenseifner-subgroup-2
27: Starting numprocs=32 N=1000, M=1000 impl=g-rabenseifner-subgroup-2
16: Starting numprocs=32 N=1000, M=1000 impl=g-rabenseifner-subgroup-2
26: Starting numprocs=32 N=1000, M=1000 impl=g-rabenseifner-subgroup-2
15: Starting numprocs=32 N=1000, M=1000 impl=g-rabenseifner-subgroup-2
8: Starting numprocs=32 N=1000, M=1000 impl=g-rabenseifner-subgroup-2
30: Starting numprocs=32 N=1000, M=1000 impl=g-rabenseifner-subgroup-2
19: Starting numprocs=32 N=1000, M=1000 impl=g-rabenseifner-subgroup-2
5: Starting numprocs=32 N=1000, M=1000 impl=g-rabenseifner-subgroup-2
9: Starting numprocs=32 N=1000, M=1000 impl=g-rabenseifner-subgroup-2
21: Starting numprocs=32 N=1000, M=1000 impl=g-rabenseifner-subgroup-2
29: Starting numprocs=32 N=1000, M=1000 impl=g-rabenseifner-subgroup-2
25: Starting numprocs=32 N=1000, M=1000 impl=g-rabenseifner-subgroup-2
1: Starting numprocs=32 N=1000, M=1000 impl=g-rabenseifner-subgroup-2
4: Starting numprocs=32 N=1000, M=1000 impl=g-rabenseifner-subgroup-2
3: Starting numprocs=32 N=1000, M=1000 impl=g-rabenseifner-subgroup-2
28: Starting numprocs=32 N=1000, M=1000 impl=g-rabenseifner-subgroup-2
22: Starting numprocs=32 N=1000, M=1000 impl=g-rabenseifner-subgroup-2
time: 0.031812s
Iteration 1
time: 0.010410s
Iteration 2
time: 0.009726s
Iteration 3
time: 0.009954s
Iteration 4
time: 0.009854s
Iteration 5
time: 0.009474s
Iteration 6
time: 0.009470s
Iteration 7
time: 0.010455s
Iteration 8
time: 0.010017s
Iteration 9
time: 0.010241s
Iteration 10
time: 0.009557s
Iteration 11
time: 0.009703s
Iteration 12
time: 0.010438s
Iteration 13
time: 0.009561s
Iteration 14
time: 0.009737s
Iteration 15
time: 0.009843s
Iteration 16
time: 0.009725s
Iteration 17
time: 0.009560s
Iteration 18
time: 0.010069s
Iteration 19
time: 0.009982s
Iteration 20
time: 0.009895s
Iteration 21
time: 0.009846s
Iteration 22
time: 0.009840s
Iteration 23
time: 0.010594s
Iteration 24
time: 0.010363s
7: Starting numprocs=32 N=1000, M=1000 impl=g-rabenseifner-subgroup-4
6: Starting numprocs=32 N=1000, M=1000 impl=g-rabenseifner-subgroup-4
10: Starting numprocs=32 N=1000, M=1000 impl=g-rabenseifner-subgroup-4
0: Starting numprocs=32 N=1000, M=1000 impl=g-rabenseifner-subgroup-4
Iteration 0
24: Starting numprocs=32 N=1000, M=1000 impl=g-rabenseifner-subgroup-4
18: Starting numprocs=32 N=1000, M=1000 impl=g-rabenseifner-subgroup-4
30: Starting numprocs=32 N=1000, M=1000 impl=g-rabenseifner-subgroup-4
27: Starting numprocs=32 N=1000, M=1000 impl=g-rabenseifner-subgroup-4
14: Starting numprocs=32 N=1000, M=1000 impl=g-rabenseifner-subgroup-4
2: Starting numprocs=32 N=1000, M=1000 impl=g-rabenseifner-subgroup-4
9: Starting numprocs=32 N=1000, M=1000 impl=g-rabenseifner-subgroup-4
16: Starting numprocs=32 N=1000, M=1000 impl=g-rabenseifner-subgroup-4
4: Starting numprocs=32 N=1000, M=1000 impl=g-rabenseifner-subgroup-4
8: Starting numprocs=32 N=1000, M=1000 impl=g-rabenseifner-subgroup-4
13: Starting numprocs=32 N=1000, M=1000 impl=g-rabenseifner-subgroup-4
23: Starting numprocs=32 N=1000, M=1000 impl=g-rabenseifner-subgroup-4
11: Starting numprocs=32 N=1000, M=1000 impl=g-rabenseifner-subgroup-4
17: Starting numprocs=32 N=1000, M=1000 impl=g-rabenseifner-subgroup-4
20: Starting numprocs=32 N=1000, M=1000 impl=g-rabenseifner-subgroup-4
21: Starting numprocs=32 N=1000, M=1000 impl=g-rabenseifner-subgroup-4
29: Starting numprocs=32 N=1000, M=1000 impl=g-rabenseifner-subgroup-4
5: Starting numprocs=32 N=1000, M=1000 impl=g-rabenseifner-subgroup-4
19: Starting numprocs=32 N=1000, M=1000 impl=g-rabenseifner-subgroup-4
25: Starting numprocs=32 N=1000, M=1000 impl=g-rabenseifner-subgroup-4
12: Starting numprocs=32 N=1000, M=1000 impl=g-rabenseifner-subgroup-4
31: Starting numprocs=32 N=1000, M=1000 impl=g-rabenseifner-subgroup-4
26: Starting numprocs=32 N=1000, M=1000 impl=g-rabenseifner-subgroup-4
3: Starting numprocs=32 N=1000, M=1000 impl=g-rabenseifner-subgroup-4
22: Starting numprocs=32 N=1000, M=1000 impl=g-rabenseifner-subgroup-4
28: Starting numprocs=32 N=1000, M=1000 impl=g-rabenseifner-subgroup-4
1: Starting numprocs=32 N=1000, M=1000 impl=g-rabenseifner-subgroup-4
15: Starting numprocs=32 N=1000, M=1000 impl=g-rabenseifner-subgroup-4
time: 0.033894s
Iteration 1
time: 0.013895s
Iteration 2
time: 0.011290s
Iteration 3
time: 0.011146s
Iteration 4
time: 0.010829s
Iteration 5
time: 0.010755s
Iteration 6
time: 0.011216s
Iteration 7
time: 0.011736s
Iteration 8
time: 0.010862s
Iteration 9
time: 0.011164s
Iteration 10
time: 0.010910s
Iteration 11
time: 0.010867s
Iteration 12
time: 0.011133s
Iteration 13
time: 0.011382s
Iteration 14
time: 0.010712s
Iteration 15
time: 0.011221s
Iteration 16
time: 0.010894s
Iteration 17
time: 0.011114s
Iteration 18
time: 0.010472s
Iteration 19
time: 0.010744s
Iteration 20
time: 0.011169s
Iteration 21
time: 0.010533s
Iteration 22
time: 0.010982s
Iteration 23
time: 0.010550s
Iteration 24
time: 0.010646s
7: Starting numprocs=32 N=1000, M=1000 impl=g-rabenseifner-subgroup-8
0: Starting numprocs=32 N=1000, M=1000 impl=g-rabenseifner-subgroup-8
Iteration 0
4: Starting numprocs=32 N=1000, M=1000 impl=g-rabenseifner-subgroup-8
26: Starting numprocs=32 N=1000, M=1000 impl=g-rabenseifner-subgroup-8
6: Starting numprocs=32 N=1000, M=1000 impl=g-rabenseifner-subgroup-8
2: Starting numprocs=32 N=1000, M=1000 impl=g-rabenseifner-subgroup-8
24: Starting numprocs=32 N=1000, M=1000 impl=g-rabenseifner-subgroup-8
23: Starting numprocs=32 N=1000, M=1000 impl=g-rabenseifner-subgroup-8
31: Starting numprocs=32 N=1000, M=1000 impl=g-rabenseifner-subgroup-8
8: Starting numprocs=32 N=1000, M=1000 impl=g-rabenseifner-subgroup-8
29: Starting numprocs=32 N=1000, M=1000 impl=g-rabenseifner-subgroup-8
10: Starting numprocs=32 N=1000, M=1000 impl=g-rabenseifner-subgroup-8
14: Starting numprocs=32 N=1000, M=1000 impl=g-rabenseifner-subgroup-8
11: Starting numprocs=32 N=1000, M=1000 impl=g-rabenseifner-subgroup-8
18: Starting numprocs=32 N=1000, M=1000 impl=g-rabenseifner-subgroup-8
30: Starting numprocs=32 N=1000, M=1000 impl=g-rabenseifner-subgroup-8
9: Starting numprocs=32 N=1000, M=1000 impl=g-rabenseifner-subgroup-8
20: Starting numprocs=32 N=1000, M=1000 impl=g-rabenseifner-subgroup-8
21: Starting numprocs=32 N=1000, M=1000 impl=g-rabenseifner-subgroup-8
5: Starting numprocs=32 N=1000, M=1000 impl=g-rabenseifner-subgroup-8
17: Starting numprocs=32 N=1000, M=1000 impl=g-rabenseifner-subgroup-8
15: Starting numprocs=32 N=1000, M=1000 impl=g-rabenseifner-subgroup-8
13: Starting numprocs=32 N=1000, M=1000 impl=g-rabenseifner-subgroup-8
19: Starting numprocs=32 N=1000, M=1000 impl=g-rabenseifner-subgroup-8
16: Starting numprocs=32 N=1000, M=1000 impl=g-rabenseifner-subgroup-8
27: Starting numprocs=32 N=1000, M=1000 impl=g-rabenseifner-subgroup-8
25: Starting numprocs=32 N=1000, M=1000 impl=g-rabenseifner-subgroup-8
28: Starting numprocs=32 N=1000, M=1000 impl=g-rabenseifner-subgroup-8
12: Starting numprocs=32 N=1000, M=1000 impl=g-rabenseifner-subgroup-8
22: Starting numprocs=32 N=1000, M=1000 impl=g-rabenseifner-subgroup-8
3: Starting numprocs=32 N=1000, M=1000 impl=g-rabenseifner-subgroup-8
1: Starting numprocs=32 N=1000, M=1000 impl=g-rabenseifner-subgroup-8
time: 0.025091s
Iteration 1
time: 0.017147s
Iteration 2
time: 0.014495s
Iteration 3
time: 0.013700s
Iteration 4
time: 0.014646s
Iteration 5
time: 0.016129s
Iteration 6
time: 0.015122s
Iteration 7
time: 0.015567s
Iteration 8
time: 0.014521s
Iteration 9
time: 0.014951s
Iteration 10
time: 0.014413s
Iteration 11
time: 0.014917s
Iteration 12
time: 0.014216s
Iteration 13
time: 0.014724s
Iteration 14
time: 0.015179s
Iteration 15
time: 0.015378s
Iteration 16
time: 0.013925s
Iteration 17
time: 0.014003s
Iteration 18
time: 0.013891s
Iteration 19
time: 0.014256s
Iteration 20
time: 0.014878s
Iteration 21
time: 0.015941s
Iteration 22
time: 0.015271s
Iteration 23
time: 2.123244s
Iteration 24
time: 0.030180s
10: Starting numprocs=32 N=2000, M=2000 impl=allgather
7: Starting numprocs=32 N=2000, M=2000 impl=allgather
23: Starting numprocs=32 N=2000, M=2000 impl=allgather
14: Starting numprocs=32 N=2000, M=2000 impl=allgather
9: Starting numprocs=32 N=2000, M=2000 impl=allgather
6: Starting numprocs=32 N=2000, M=2000 impl=allgather
31: Starting numprocs=32 N=2000, M=2000 impl=allgather
4: Starting numprocs=32 N=2000, M=2000 impl=allgather
24: Starting numprocs=32 N=2000, M=2000 impl=allgather
2: Starting numprocs=32 N=2000, M=2000 impl=allgather
8: Starting numprocs=32 N=2000, M=2000 impl=allgather
18: Starting numprocs=32 N=2000, M=2000 impl=allgather
19: Starting numprocs=32 N=2000, M=2000 impl=allgather
26: Starting numprocs=32 N=2000, M=2000 impl=allgather
20: Starting numprocs=32 N=2000, M=2000 impl=allgather
15: Starting numprocs=32 N=2000, M=2000 impl=allgather
0: Starting numprocs=32 N=2000, M=2000 impl=allgather
Iteration 0
27: Starting numprocs=32 N=2000, M=2000 impl=allgather
5: Starting numprocs=32 N=2000, M=2000 impl=allgather
21: Starting numprocs=32 N=2000, M=2000 impl=allgather
29: Starting numprocs=32 N=2000, M=2000 impl=allgather
17: Starting numprocs=32 N=2000, M=2000 impl=allgather
30: Starting numprocs=32 N=2000, M=2000 impl=allgather
11: Starting numprocs=32 N=2000, M=2000 impl=allgather
25: Starting numprocs=32 N=2000, M=2000 impl=allgather
22: Starting numprocs=32 N=2000, M=2000 impl=allgather
1: Starting numprocs=32 N=2000, M=2000 impl=allgather
13: Starting numprocs=32 N=2000, M=2000 impl=allgather
12: Starting numprocs=32 N=2000, M=2000 impl=allgather
28: Starting numprocs=32 N=2000, M=2000 impl=allgather
3: Starting numprocs=32 N=2000, M=2000 impl=allgather
16: Starting numprocs=32 N=2000, M=2000 impl=allgather
time: 0.132332s
Iteration 1
time: 0.114292s
Iteration 2
time: 0.117311s
Iteration 3
time: 0.117027s
Iteration 4
time: 0.115160s
Iteration 5
time: 0.117211s
Iteration 6
time: 0.117475s
Iteration 7
time: 0.118772s
Iteration 8
time: 0.120353s
Iteration 9
time: 0.118995s
Iteration 10
time: 0.121381s
Iteration 11
time: 0.146162s
Iteration 12
time: 0.119329s
Iteration 13
time: 0.119081s
Iteration 14
time: 0.117106s
Iteration 15
time: 0.117229s
Iteration 16
time: 0.124365s
Iteration 17
time: 0.117005s
Iteration 18
time: 0.118887s
Iteration 19
time: 0.119520s
Iteration 20
time: 0.115588s
Iteration 21
time: 0.117551s
Iteration 22
time: 0.116110s
Iteration 23
time: 0.117310s
Iteration 24
time: 0.119420s
23: Starting numprocs=32 N=2000, M=2000 impl=allreduce
10: Starting numprocs=32 N=2000, M=2000 impl=allreduce
6: Starting numprocs=32 N=2000, M=2000 impl=allreduce
8: Starting numprocs=32 N=2000, M=2000 impl=allreduce
24: Starting numprocs=32 N=2000, M=2000 impl=allreduce
29: Starting numprocs=32 N=2000, M=2000 impl=allreduce
21: Starting numprocs=32 N=2000, M=2000 impl=allreduce
14: Starting numprocs=32 N=2000, M=2000 impl=allreduce
7: Starting numprocs=32 N=2000, M=2000 impl=allreduce
30: Starting numprocs=32 N=2000, M=2000 impl=allreduce
27: Starting numprocs=32 N=2000, M=2000 impl=allreduce
9: Starting numprocs=32 N=2000, M=2000 impl=allreduce
31: Starting numprocs=32 N=2000, M=2000 impl=allreduce
17: Starting numprocs=32 N=2000, M=2000 impl=allreduce
4: Starting numprocs=32 N=2000, M=2000 impl=allreduce
19: Starting numprocs=32 N=2000, M=2000 impl=allreduce
18: Starting numprocs=32 N=2000, M=2000 impl=allreduce
16: Starting numprocs=32 N=2000, M=2000 impl=allreduce
0: Starting numprocs=32 N=2000, M=2000 impl=allreduce
Iteration 0
5: Starting numprocs=32 N=2000, M=2000 impl=allreduce
13: Starting numprocs=32 N=2000, M=2000 impl=allreduce
15: Starting numprocs=32 N=2000, M=2000 impl=allreduce
12: Starting numprocs=32 N=2000, M=2000 impl=allreduce
2: Starting numprocs=32 N=2000, M=2000 impl=allreduce
1: Starting numprocs=32 N=2000, M=2000 impl=allreduce
11: Starting numprocs=32 N=2000, M=2000 impl=allreduce
25: Starting numprocs=32 N=2000, M=2000 impl=allreduce
20: Starting numprocs=32 N=2000, M=2000 impl=allreduce
26: Starting numprocs=32 N=2000, M=2000 impl=allreduce
3: Starting numprocs=32 N=2000, M=2000 impl=allreduce
22: Starting numprocs=32 N=2000, M=2000 impl=allreduce
28: Starting numprocs=32 N=2000, M=2000 impl=allreduce
time: 0.109230s
Iteration 1
time: 0.097691s
Iteration 2
time: 0.080784s
Iteration 3
time: 0.081431s
Iteration 4
time: 0.089592s
Iteration 5
time: 0.078946s
Iteration 6
time: 0.078114s
Iteration 7
time: 0.078365s
Iteration 8
time: 0.080160s
Iteration 9
time: 0.079891s
Iteration 10
time: 0.083528s
Iteration 11
time: 0.086577s
Iteration 12
time: 0.077057s
Iteration 13
time: 0.080269s
Iteration 14
time: 0.077494s
Iteration 15
time: 0.080121s
Iteration 16
time: 0.083222s
Iteration 17
time: 0.079998s
Iteration 18
time: 0.077933s
Iteration 19
time: 0.080153s
Iteration 20
time: 0.077429s
Iteration 21
time: 0.078438s
Iteration 22
time: 0.078621s
Iteration 23
time: 0.076551s
Iteration 24
time: 0.075215s
10: Starting numprocs=32 N=2000, M=2000 impl=allreduce-ring
24: Starting numprocs=32 N=2000, M=2000 impl=allreduce-ring
0: Starting numprocs=32 N=2000, M=2000 impl=allreduce-ring
Iteration 0
27: Starting numprocs=32 N=2000, M=2000 impl=allreduce-ring
4: Starting numprocs=32 N=2000, M=2000 impl=allreduce-ring
6: Starting numprocs=32 N=2000, M=2000 impl=allreduce-ring
8: Starting numprocs=32 N=2000, M=2000 impl=allreduce-ring
18: Starting numprocs=32 N=2000, M=2000 impl=allreduce-ring
7: Starting numprocs=32 N=2000, M=2000 impl=allreduce-ring
14: Starting numprocs=32 N=2000, M=2000 impl=allreduce-ring
23: Starting numprocs=32 N=2000, M=2000 impl=allreduce-ring
29: Starting numprocs=32 N=2000, M=2000 impl=allreduce-ring
20: Starting numprocs=32 N=2000, M=2000 impl=allreduce-ring
2: Starting numprocs=32 N=2000, M=2000 impl=allreduce-ring
30: Starting numprocs=32 N=2000, M=2000 impl=allreduce-ring
21: Starting numprocs=32 N=2000, M=2000 impl=allreduce-ring
31: Starting numprocs=32 N=2000, M=2000 impl=allreduce-ring
17: Starting numprocs=32 N=2000, M=2000 impl=allreduce-ring
9: Starting numprocs=32 N=2000, M=2000 impl=allreduce-ring
26: Starting numprocs=32 N=2000, M=2000 impl=allreduce-ring
12: Starting numprocs=32 N=2000, M=2000 impl=allreduce-ring
5: Starting numprocs=32 N=2000, M=2000 impl=allreduce-ring
13: Starting numprocs=32 N=2000, M=2000 impl=allreduce-ring
11: Starting numprocs=32 N=2000, M=2000 impl=allreduce-ring
1: Starting numprocs=32 N=2000, M=2000 impl=allreduce-ring
16: Starting numprocs=32 N=2000, M=2000 impl=allreduce-ring
19: Starting numprocs=32 N=2000, M=2000 impl=allreduce-ring
22: Starting numprocs=32 N=2000, M=2000 impl=allreduce-ring
15: Starting numprocs=32 N=2000, M=2000 impl=allreduce-ring
28: Starting numprocs=32 N=2000, M=2000 impl=allreduce-ring
25: Starting numprocs=32 N=2000, M=2000 impl=allreduce-ring
3: Starting numprocs=32 N=2000, M=2000 impl=allreduce-ring
time: 0.074276s
Iteration 1
time: 0.066671s
Iteration 2
time: 0.065954s
Iteration 3
time: 0.066432s
Iteration 4
time: 0.067854s
Iteration 5
time: 0.064006s
Iteration 6
time: 0.065982s
Iteration 7
time: 0.065410s
Iteration 8
time: 0.065168s
Iteration 9
time: 0.066910s
Iteration 10
time: 0.067488s
Iteration 11
time: 0.066614s
Iteration 12
time: 0.064827s
Iteration 13
time: 0.065336s
Iteration 14
time: 0.065762s
Iteration 15
time: 0.065008s
Iteration 16
time: 0.065068s
Iteration 17
time: 0.065406s
Iteration 18
time: 0.064379s
Iteration 19
time: 0.067620s
Iteration 20
time: 0.066067s
Iteration 21
time: 0.067333s
Iteration 22
time: 0.066345s
Iteration 23
time: 0.068902s
Iteration 24
time: 0.066331s
6: Starting numprocs=32 N=2000, M=2000 impl=g-rabenseifner-allgather
0: Starting numprocs=32 N=2000, M=2000 impl=g-rabenseifner-allgather
Iteration 0
24: Starting numprocs=32 N=2000, M=2000 impl=g-rabenseifner-allgather
23: Starting numprocs=32 N=2000, M=2000 impl=g-rabenseifner-allgather
20: Starting numprocs=32 N=2000, M=2000 impl=g-rabenseifner-allgather
18: Starting numprocs=32 N=2000, M=2000 impl=g-rabenseifner-allgather
8: Starting numprocs=32 N=2000, M=2000 impl=g-rabenseifner-allgather
2: Starting numprocs=32 N=2000, M=2000 impl=g-rabenseifner-allgather
7: Starting numprocs=32 N=2000, M=2000 impl=g-rabenseifner-allgather
14: Starting numprocs=32 N=2000, M=2000 impl=g-rabenseifner-allgather
12: Starting numprocs=32 N=2000, M=2000 impl=g-rabenseifner-allgather
10: Starting numprocs=32 N=2000, M=2000 impl=g-rabenseifner-allgather
4: Starting numprocs=32 N=2000, M=2000 impl=g-rabenseifner-allgather
26: Starting numprocs=32 N=2000, M=2000 impl=g-rabenseifner-allgather
29: Starting numprocs=32 N=2000, M=2000 impl=g-rabenseifner-allgather
27: Starting numprocs=32 N=2000, M=2000 impl=g-rabenseifner-allgather
21: Starting numprocs=32 N=2000, M=2000 impl=g-rabenseifner-allgather
30: Starting numprocs=32 N=2000, M=2000 impl=g-rabenseifner-allgather
15: Starting numprocs=32 N=2000, M=2000 impl=g-rabenseifner-allgather
5: Starting numprocs=32 N=2000, M=2000 impl=g-rabenseifner-allgather
9: Starting numprocs=32 N=2000, M=2000 impl=g-rabenseifner-allgather
31: Starting numprocs=32 N=2000, M=2000 impl=g-rabenseifner-allgather
17: Starting numprocs=32 N=2000, M=2000 impl=g-rabenseifner-allgather
13: Starting numprocs=32 N=2000, M=2000 impl=g-rabenseifner-allgather
1: Starting numprocs=32 N=2000, M=2000 impl=g-rabenseifner-allgather
11: Starting numprocs=32 N=2000, M=2000 impl=g-rabenseifner-allgather
19: Starting numprocs=32 N=2000, M=2000 impl=g-rabenseifner-allgather
25: Starting numprocs=32 N=2000, M=2000 impl=g-rabenseifner-allgather
16: Starting numprocs=32 N=2000, M=2000 impl=g-rabenseifner-allgather
28: Starting numprocs=32 N=2000, M=2000 impl=g-rabenseifner-allgather
22: Starting numprocs=32 N=2000, M=2000 impl=g-rabenseifner-allgather
3: Starting numprocs=32 N=2000, M=2000 impl=g-rabenseifner-allgather
time: 0.057235s
Iteration 1
time: 0.033263s
Iteration 2
time: 0.033329s
Iteration 3
time: 0.033368s
Iteration 4
time: 0.034070s
Iteration 5
time: 0.033350s
Iteration 6
time: 0.032833s
Iteration 7
time: 0.034664s
Iteration 8
time: 0.033502s
Iteration 9
time: 0.033178s
Iteration 10
time: 0.032938s
Iteration 11
time: 0.033859s
Iteration 12
time: 0.033717s
Iteration 13
time: 0.033559s
Iteration 14
time: 0.033246s
Iteration 15
time: 0.033564s
Iteration 16
time: 0.032973s
Iteration 17
time: 0.033324s
Iteration 18
time: 0.034583s
Iteration 19
time: 0.033289s
Iteration 20
time: 0.033598s
Iteration 21
time: 0.033550s
Iteration 22
time: 0.033464s
Iteration 23
time: 0.033689s
Iteration 24
time: 0.033408s
6: Starting numprocs=32 N=2000, M=2000 impl=g-rabenseifner-subgroup-2
23: Starting numprocs=32 N=2000, M=2000 impl=g-rabenseifner-subgroup-2
0: Starting numprocs=32 N=2000, M=2000 impl=g-rabenseifner-subgroup-2
Iteration 0
24: Starting numprocs=32 N=2000, M=2000 impl=g-rabenseifner-subgroup-2
14: Starting numprocs=32 N=2000, M=2000 impl=g-rabenseifner-subgroup-2
30: Starting numprocs=32 N=2000, M=2000 impl=g-rabenseifner-subgroup-2
10: Starting numprocs=32 N=2000, M=2000 impl=g-rabenseifner-subgroup-2
31: Starting numprocs=32 N=2000, M=2000 impl=g-rabenseifner-subgroup-2
9: Starting numprocs=32 N=2000, M=2000 impl=g-rabenseifner-subgroup-2
27: Starting numprocs=32 N=2000, M=2000 impl=g-rabenseifner-subgroup-2
4: Starting numprocs=32 N=2000, M=2000 impl=g-rabenseifner-subgroup-2
29: Starting numprocs=32 N=2000, M=2000 impl=g-rabenseifner-subgroup-2
8: Starting numprocs=32 N=2000, M=2000 impl=g-rabenseifner-subgroup-2
26: Starting numprocs=32 N=2000, M=2000 impl=g-rabenseifner-subgroup-2
15: Starting numprocs=32 N=2000, M=2000 impl=g-rabenseifner-subgroup-2
2: Starting numprocs=32 N=2000, M=2000 impl=g-rabenseifner-subgroup-2
7: Starting numprocs=32 N=2000, M=2000 impl=g-rabenseifner-subgroup-2
20: Starting numprocs=32 N=2000, M=2000 impl=g-rabenseifner-subgroup-2
18: Starting numprocs=32 N=2000, M=2000 impl=g-rabenseifner-subgroup-2
21: Starting numprocs=32 N=2000, M=2000 impl=g-rabenseifner-subgroup-2
16: Starting numprocs=32 N=2000, M=2000 impl=g-rabenseifner-subgroup-2
17: Starting numprocs=32 N=2000, M=2000 impl=g-rabenseifner-subgroup-2
19: Starting numprocs=32 N=2000, M=2000 impl=g-rabenseifner-subgroup-2
5: Starting numprocs=32 N=2000, M=2000 impl=g-rabenseifner-subgroup-2
13: Starting numprocs=32 N=2000, M=2000 impl=g-rabenseifner-subgroup-2
11: Starting numprocs=32 N=2000, M=2000 impl=g-rabenseifner-subgroup-2
1: Starting numprocs=32 N=2000, M=2000 impl=g-rabenseifner-subgroup-2
12: Starting numprocs=32 N=2000, M=2000 impl=g-rabenseifner-subgroup-2
25: Starting numprocs=32 N=2000, M=2000 impl=g-rabenseifner-subgroup-2
22: Starting numprocs=32 N=2000, M=2000 impl=g-rabenseifner-subgroup-2
28: Starting numprocs=32 N=2000, M=2000 impl=g-rabenseifner-subgroup-2
3: Starting numprocs=32 N=2000, M=2000 impl=g-rabenseifner-subgroup-2
time: 0.057466s
Iteration 1
time: 0.035721s
Iteration 2
time: 0.035862s
Iteration 3
time: 0.035327s
Iteration 4
time: 0.035349s
Iteration 5
time: 0.035172s
Iteration 6
time: 0.034979s
Iteration 7
time: 0.036327s
Iteration 8
time: 0.035043s
Iteration 9
time: 0.034919s
Iteration 10
time: 0.035259s
Iteration 11
time: 0.034941s
Iteration 12
time: 0.035159s
Iteration 13
time: 0.035917s
Iteration 14
time: 0.035433s
Iteration 15
time: 0.034944s
Iteration 16
time: 0.035198s
Iteration 17
time: 0.035161s
Iteration 18
time: 0.035738s
Iteration 19
time: 0.035603s
Iteration 20
time: 0.035551s
Iteration 21
time: 0.035795s
Iteration 22
time: 0.035990s
Iteration 23
time: 0.035230s
Iteration 24
time: 0.035887s
6: Starting numprocs=32 N=2000, M=2000 impl=g-rabenseifner-subgroup-4
0: Starting numprocs=32 N=2000, M=2000 impl=g-rabenseifner-subgroup-4
Iteration 0
23: Starting numprocs=32 N=2000, M=2000 impl=g-rabenseifner-subgroup-4
27: Starting numprocs=32 N=2000, M=2000 impl=g-rabenseifner-subgroup-4
2: Starting numprocs=32 N=2000, M=2000 impl=g-rabenseifner-subgroup-4
10: Starting numprocs=32 N=2000, M=2000 impl=g-rabenseifner-subgroup-4
14: Starting numprocs=32 N=2000, M=2000 impl=g-rabenseifner-subgroup-4
31: Starting numprocs=32 N=2000, M=2000 impl=g-rabenseifner-subgroup-4
24: Starting numprocs=32 N=2000, M=2000 impl=g-rabenseifner-subgroup-4
9: Starting numprocs=32 N=2000, M=2000 impl=g-rabenseifner-subgroup-4
7: Starting numprocs=32 N=2000, M=2000 impl=g-rabenseifner-subgroup-4
29: Starting numprocs=32 N=2000, M=2000 impl=g-rabenseifner-subgroup-4
26: Starting numprocs=32 N=2000, M=2000 impl=g-rabenseifner-subgroup-4
4: Starting numprocs=32 N=2000, M=2000 impl=g-rabenseifner-subgroup-4
8: Starting numprocs=32 N=2000, M=2000 impl=g-rabenseifner-subgroup-4
17: Starting numprocs=32 N=2000, M=2000 impl=g-rabenseifner-subgroup-4
18: Starting numprocs=32 N=2000, M=2000 impl=g-rabenseifner-subgroup-4
12: Starting numprocs=32 N=2000, M=2000 impl=g-rabenseifner-subgroup-4
25: Starting numprocs=32 N=2000, M=2000 impl=g-rabenseifner-subgroup-4
20: Starting numprocs=32 N=2000, M=2000 impl=g-rabenseifner-subgroup-4
30: Starting numprocs=32 N=2000, M=2000 impl=g-rabenseifner-subgroup-4
19: Starting numprocs=32 N=2000, M=2000 impl=g-rabenseifner-subgroup-4
15: Starting numprocs=32 N=2000, M=2000 impl=g-rabenseifner-subgroup-4
16: Starting numprocs=32 N=2000, M=2000 impl=g-rabenseifner-subgroup-4
13: Starting numprocs=32 N=2000, M=2000 impl=g-rabenseifner-subgroup-4
5: Starting numprocs=32 N=2000, M=2000 impl=g-rabenseifner-subgroup-4
1: Starting numprocs=32 N=2000, M=2000 impl=g-rabenseifner-subgroup-4
11: Starting numprocs=32 N=2000, M=2000 impl=g-rabenseifner-subgroup-4
21: Starting numprocs=32 N=2000, M=2000 impl=g-rabenseifner-subgroup-4
22: Starting numprocs=32 N=2000, M=2000 impl=g-rabenseifner-subgroup-4
28: Starting numprocs=32 N=2000, M=2000 impl=g-rabenseifner-subgroup-4
3: Starting numprocs=32 N=2000, M=2000 impl=g-rabenseifner-subgroup-4
time: 0.065949s
Iteration 1
time: 0.041088s
Iteration 2
time: 0.040271s
Iteration 3
time: 0.040239s
Iteration 4
time: 0.040652s
Iteration 5
time: 0.041221s
Iteration 6
time: 0.040889s
Iteration 7
time: 0.040688s
Iteration 8
time: 0.040446s
Iteration 9
time: 0.041413s
Iteration 10
time: 0.040215s
Iteration 11
time: 0.040973s
Iteration 12
time: 0.040813s
Iteration 13
time: 0.040921s
Iteration 14
time: 0.040489s
Iteration 15
time: 0.042022s
Iteration 16
time: 0.040460s
Iteration 17
time: 0.040763s
Iteration 18
time: 0.040993s
Iteration 19
time: 0.040792s
Iteration 20
time: 0.040952s
Iteration 21
time: 0.040622s
Iteration 22
time: 0.040844s
Iteration 23
time: 0.040581s
Iteration 24
time: 0.040904s
6: Starting numprocs=32 N=2000, M=2000 impl=g-rabenseifner-subgroup-8
23: Starting numprocs=32 N=2000, M=2000 impl=g-rabenseifner-subgroup-8
0: Starting numprocs=32 N=2000, M=2000 impl=g-rabenseifner-subgroup-8
Iteration 0
18: Starting numprocs=32 N=2000, M=2000 impl=g-rabenseifner-subgroup-8
4: Starting numprocs=32 N=2000, M=2000 impl=g-rabenseifner-subgroup-8
10: Starting numprocs=32 N=2000, M=2000 impl=g-rabenseifner-subgroup-8
31: Starting numprocs=32 N=2000, M=2000 impl=g-rabenseifner-subgroup-8
7: Starting numprocs=32 N=2000, M=2000 impl=g-rabenseifner-subgroup-8
25: Starting numprocs=32 N=2000, M=2000 impl=g-rabenseifner-subgroup-8
26: Starting numprocs=32 N=2000, M=2000 impl=g-rabenseifner-subgroup-8
20: Starting numprocs=32 N=2000, M=2000 impl=g-rabenseifner-subgroup-8
2: Starting numprocs=32 N=2000, M=2000 impl=g-rabenseifner-subgroup-8
24: Starting numprocs=32 N=2000, M=2000 impl=g-rabenseifner-subgroup-8
27: Starting numprocs=32 N=2000, M=2000 impl=g-rabenseifner-subgroup-8
17: Starting numprocs=32 N=2000, M=2000 impl=g-rabenseifner-subgroup-8
8: Starting numprocs=32 N=2000, M=2000 impl=g-rabenseifner-subgroup-8
29: Starting numprocs=32 N=2000, M=2000 impl=g-rabenseifner-subgroup-8
19: Starting numprocs=32 N=2000, M=2000 impl=g-rabenseifner-subgroup-8
9: Starting numprocs=32 N=2000, M=2000 impl=g-rabenseifner-subgroup-8
14: Starting numprocs=32 N=2000, M=2000 impl=g-rabenseifner-subgroup-8
15: Starting numprocs=32 N=2000, M=2000 impl=g-rabenseifner-subgroup-8
5: Starting numprocs=32 N=2000, M=2000 impl=g-rabenseifner-subgroup-8
13: Starting numprocs=32 N=2000, M=2000 impl=g-rabenseifner-subgroup-8
21: Starting numprocs=32 N=2000, M=2000 impl=g-rabenseifner-subgroup-8
30: Starting numprocs=32 N=2000, M=2000 impl=g-rabenseifner-subgroup-8
16: Starting numprocs=32 N=2000, M=2000 impl=g-rabenseifner-subgroup-8
11: Starting numprocs=32 N=2000, M=2000 impl=g-rabenseifner-subgroup-8
12: Starting numprocs=32 N=2000, M=2000 impl=g-rabenseifner-subgroup-8
28: Starting numprocs=32 N=2000, M=2000 impl=g-rabenseifner-subgroup-8
1: Starting numprocs=32 N=2000, M=2000 impl=g-rabenseifner-subgroup-8
22: Starting numprocs=32 N=2000, M=2000 impl=g-rabenseifner-subgroup-8
3: Starting numprocs=32 N=2000, M=2000 impl=g-rabenseifner-subgroup-8
time: 1.255693s
Iteration 1
time: 1.258079s
Iteration 2
time: 1.414405s
Iteration 3
time: 1.412799s
Iteration 4
time: 1.415971s
Iteration 5
time: 1.417703s
Iteration 6
time: 1.422482s
Iteration 7
time: 1.419528s
Iteration 8
time: 1.421169s
Iteration 9
time: 0.058360s
Iteration 10
time: 2.037124s
Iteration 11
time: 0.053855s
Iteration 12
time: 2.173505s
Iteration 13
time: 1.234179s
Iteration 14
time: 4.033562s
Iteration 15
time: 2.176416s
Iteration 16
time: 2.150127s
Iteration 17
time: 0.061520s
Iteration 18
time: 2.153497s
Iteration 19
time: 2.148216s
Iteration 20
time: 2.162093s
Iteration 21
time: 0.049769s
Iteration 22
time: 1.417810s
Iteration 23
time: 2.158965s
Iteration 24
time: 0.066813s
7: Starting numprocs=32 N=3000, M=3000 impl=allgather
10: Starting numprocs=32 N=3000, M=3000 impl=allgather
6: Starting numprocs=32 N=3000, M=3000 impl=allgather
31: Starting numprocs=32 N=3000, M=3000 impl=allgather
18: Starting numprocs=32 N=3000, M=3000 impl=allgather
9: Starting numprocs=32 N=3000, M=3000 impl=allgather
23: Starting numprocs=32 N=3000, M=3000 impl=allgather
24: Starting numprocs=32 N=3000, M=3000 impl=allgather
16: Starting numprocs=32 N=3000, M=3000 impl=allgather
14: Starting numprocs=32 N=3000, M=3000 impl=allgather
2: Starting numprocs=32 N=3000, M=3000 impl=allgather
4: Starting numprocs=32 N=3000, M=3000 impl=allgather
27: Starting numprocs=32 N=3000, M=3000 impl=allgather
8: Starting numprocs=32 N=3000, M=3000 impl=allgather
17: Starting numprocs=32 N=3000, M=3000 impl=allgather
26: Starting numprocs=32 N=3000, M=3000 impl=allgather
29: Starting numprocs=32 N=3000, M=3000 impl=allgather
21: Starting numprocs=32 N=3000, M=3000 impl=allgather
1: Starting numprocs=32 N=3000, M=3000 impl=allgather
0: Starting numprocs=32 N=3000, M=3000 impl=allgather
Iteration 0
20: Starting numprocs=32 N=3000, M=3000 impl=allgather
15: Starting numprocs=32 N=3000, M=3000 impl=allgather
12: Starting numprocs=32 N=3000, M=3000 impl=allgather
30: Starting numprocs=32 N=3000, M=3000 impl=allgather
13: Starting numprocs=32 N=3000, M=3000 impl=allgather
5: Starting numprocs=32 N=3000, M=3000 impl=allgather
19: Starting numprocs=32 N=3000, M=3000 impl=allgather
11: Starting numprocs=32 N=3000, M=3000 impl=allgather
22: Starting numprocs=32 N=3000, M=3000 impl=allgather
25: Starting numprocs=32 N=3000, M=3000 impl=allgather
28: Starting numprocs=32 N=3000, M=3000 impl=allgather
3: Starting numprocs=32 N=3000, M=3000 impl=allgather
time: 0.303941s
Iteration 1
time: 0.304842s
Iteration 2
time: 0.284396s
Iteration 3
time: 0.309709s
Iteration 4
time: 0.294646s
Iteration 5
time: 0.290775s
Iteration 6
time: 0.293159s
Iteration 7
time: 0.282536s
Iteration 8
time: 0.276957s
Iteration 9
time: 0.325507s
Iteration 10
time: 0.370867s
Iteration 11
time: 0.342672s
Iteration 12
time: 0.323326s
Iteration 13
time: 0.340350s
Iteration 14
time: 0.323611s
Iteration 15
time: 0.338338s
Iteration 16
time: 0.338456s
Iteration 17
time: 0.293616s
Iteration 18
time: 0.296843s
Iteration 19
time: 0.274517s
Iteration 20
time: 0.286289s
Iteration 21
time: 0.288792s
Iteration 22
time: 0.302426s
Iteration 23
time: 0.284138s
Iteration 24
time: 0.345719s
7: Starting numprocs=32 N=3000, M=3000 impl=allreduce
10: Starting numprocs=32 N=3000, M=3000 impl=allreduce
6: Starting numprocs=32 N=3000, M=3000 impl=allreduce
23: Starting numprocs=32 N=3000, M=3000 impl=allreduce
27: Starting numprocs=32 N=3000, M=3000 impl=allreduce
24: Starting numprocs=32 N=3000, M=3000 impl=allreduce
18: Starting numprocs=32 N=3000, M=3000 impl=allreduce
30: Starting numprocs=32 N=3000, M=3000 impl=allreduce
31: Starting numprocs=32 N=3000, M=3000 impl=allreduce
0: Starting numprocs=32 N=3000, M=3000 impl=allreduce
Iteration 0
14: Starting numprocs=32 N=3000, M=3000 impl=allreduce
2: Starting numprocs=32 N=3000, M=3000 impl=allreduce
9: Starting numprocs=32 N=3000, M=3000 impl=allreduce
11: Starting numprocs=32 N=3000, M=3000 impl=allreduce
21: Starting numprocs=32 N=3000, M=3000 impl=allreduce
13: Starting numprocs=32 N=3000, M=3000 impl=allreduce
20: Starting numprocs=32 N=3000, M=3000 impl=allreduce
8: Starting numprocs=32 N=3000, M=3000 impl=allreduce
19: Starting numprocs=32 N=3000, M=3000 impl=allreduce
26: Starting numprocs=32 N=3000, M=3000 impl=allreduce
4: Starting numprocs=32 N=3000, M=3000 impl=allreduce
29: Starting numprocs=32 N=3000, M=3000 impl=allreduce
5: Starting numprocs=32 N=3000, M=3000 impl=allreduce
12: Starting numprocs=32 N=3000, M=3000 impl=allreduce
25: Starting numprocs=32 N=3000, M=3000 impl=allreduce
16: Starting numprocs=32 N=3000, M=3000 impl=allreduce
15: Starting numprocs=32 N=3000, M=3000 impl=allreduce
17: Starting numprocs=32 N=3000, M=3000 impl=allreduce
28: Starting numprocs=32 N=3000, M=3000 impl=allreduce
22: Starting numprocs=32 N=3000, M=3000 impl=allreduce
3: Starting numprocs=32 N=3000, M=3000 impl=allreduce
1: Starting numprocs=32 N=3000, M=3000 impl=allreduce
time: 4.569763s
Iteration 1
time: 4.426972s
Iteration 2
time: 2.166088s
Iteration 3
time: 0.273928s
Iteration 4
time: 6.045745s
Iteration 5
time: 0.208098s
Iteration 6
time: 0.215361s
Iteration 7
time: 0.212500s
Iteration 8
time: 10.194500s
Iteration 9
time: 11.967017s
Iteration 10
time: 0.204181s
Iteration 11
time: 0.212204s
Iteration 12
time: 0.213875s
Iteration 13
time: 0.214322s
Iteration 14
time: 36.995626s
Iteration 15
time: 25.899659s
Iteration 16
time: 10.778041s
Iteration 17
time: 0.216111s
Iteration 18
time: 12.701915s
Iteration 19
time: 0.214149s
Iteration 20
time: 0.206680s
Iteration 21
time: 0.214164s
Iteration 22
time: 0.208498s
Iteration 23
time: 0.206315s
Iteration 24
time: 0.206437s
7: Starting numprocs=32 N=3000, M=3000 impl=allreduce-ring
10: Starting numprocs=32 N=3000, M=3000 impl=allreduce-ring
6: Starting numprocs=32 N=3000, M=3000 impl=allreduce-ring
23: Starting numprocs=32 N=3000, M=3000 impl=allreduce-ring
20: Starting numprocs=32 N=3000, M=3000 impl=allreduce-ring
31: Starting numprocs=32 N=3000, M=3000 impl=allreduce-ring
14: Starting numprocs=32 N=3000, M=3000 impl=allreduce-ring
18: Starting numprocs=32 N=3000, M=3000 impl=allreduce-ring
2: Starting numprocs=32 N=3000, M=3000 impl=allreduce-ring
0: Starting numprocs=32 N=3000, M=3000 impl=allreduce-ring
Iteration 0
24: Starting numprocs=32 N=3000, M=3000 impl=allreduce-ring
8: Starting numprocs=32 N=3000, M=3000 impl=allreduce-ring
27: Starting numprocs=32 N=3000, M=3000 impl=allreduce-ring
4: Starting numprocs=32 N=3000, M=3000 impl=allreduce-ring
11: Starting numprocs=32 N=3000, M=3000 impl=allreduce-ring
9: Starting numprocs=32 N=3000, M=3000 impl=allreduce-ring
26: Starting numprocs=32 N=3000, M=3000 impl=allreduce-ring
1: Starting numprocs=32 N=3000, M=3000 impl=allreduce-ring
29: Starting numprocs=32 N=3000, M=3000 impl=allreduce-ring
13: Starting numprocs=32 N=3000, M=3000 impl=allreduce-ring
21: Starting numprocs=32 N=3000, M=3000 impl=allreduce-ring
16: Starting numprocs=32 N=3000, M=3000 impl=allreduce-ring
15: Starting numprocs=32 N=3000, M=3000 impl=allreduce-ring
19: Starting numprocs=32 N=3000, M=3000 impl=allreduce-ring
30: Starting numprocs=32 N=3000, M=3000 impl=allreduce-ring
25: Starting numprocs=32 N=3000, M=3000 impl=allreduce-ring
17: Starting numprocs=32 N=3000, M=3000 impl=allreduce-ring
28: Starting numprocs=32 N=3000, M=3000 impl=allreduce-ring
22: Starting numprocs=32 N=3000, M=3000 impl=allreduce-ring
5: Starting numprocs=32 N=3000, M=3000 impl=allreduce-ring
12: Starting numprocs=32 N=3000, M=3000 impl=allreduce-ring
3: Starting numprocs=32 N=3000, M=3000 impl=allreduce-ring
time: 2.009174s
Iteration 1
time: 12.966188s
Iteration 2
time: 0.155347s
Iteration 3
time: 0.154985s
Iteration 4
time: 0.146211s
Iteration 5
time: 0.141445s
Iteration 6
time: 0.143725s
Iteration 7
time: 0.145855s
Iteration 8
time: 0.143162s
Iteration 9
time: 19.575766s
Iteration 10
time: 4.382211s
Iteration 11
time: 4.271590s
Iteration 12
time: 0.144683s
Iteration 13
time: 0.140987s
Iteration 14
time: 0.141196s
Iteration 15
time: 0.146472s
Iteration 16
time: 0.140809s
Iteration 17
time: 0.142306s
Iteration 18
time: 0.140759s
Iteration 19
time: 0.142061s
Iteration 20
time: 0.150059s
Iteration 21
time: 0.228282s
Iteration 22
time: 0.145285s
Iteration 23
time: 0.140634s
Iteration 24
time: 0.142018s
10: Starting numprocs=32 N=3000, M=3000 impl=g-rabenseifner-allgather
6: Starting numprocs=32 N=3000, M=3000 impl=g-rabenseifner-allgather
7: Starting numprocs=32 N=3000, M=3000 impl=g-rabenseifner-allgather
18: Starting numprocs=32 N=3000, M=3000 impl=g-rabenseifner-allgather
30: Starting numprocs=32 N=3000, M=3000 impl=g-rabenseifner-allgather
2: Starting numprocs=32 N=3000, M=3000 impl=g-rabenseifner-allgather
21: Starting numprocs=32 N=3000, M=3000 impl=g-rabenseifner-allgather
23: Starting numprocs=32 N=3000, M=3000 impl=g-rabenseifner-allgather
20: Starting numprocs=32 N=3000, M=3000 impl=g-rabenseifner-allgather
31: Starting numprocs=32 N=3000, M=3000 impl=g-rabenseifner-allgather
0: Starting numprocs=32 N=3000, M=3000 impl=g-rabenseifner-allgather
Iteration 0
14: Starting numprocs=32 N=3000, M=3000 impl=g-rabenseifner-allgather
24: Starting numprocs=32 N=3000, M=3000 impl=g-rabenseifner-allgather
1: Starting numprocs=32 N=3000, M=3000 impl=g-rabenseifner-allgather
8: Starting numprocs=32 N=3000, M=3000 impl=g-rabenseifner-allgather
29: Starting numprocs=32 N=3000, M=3000 impl=g-rabenseifner-allgather
4: Starting numprocs=32 N=3000, M=3000 impl=g-rabenseifner-allgather
11: Starting numprocs=32 N=3000, M=3000 impl=g-rabenseifner-allgather
5: Starting numprocs=32 N=3000, M=3000 impl=g-rabenseifner-allgather
27: Starting numprocs=32 N=3000, M=3000 impl=g-rabenseifner-allgather
26: Starting numprocs=32 N=3000, M=3000 impl=g-rabenseifner-allgather
16: Starting numprocs=32 N=3000, M=3000 impl=g-rabenseifner-allgather
12: Starting numprocs=32 N=3000, M=3000 impl=g-rabenseifner-allgather
9: Starting numprocs=32 N=3000, M=3000 impl=g-rabenseifner-allgather
25: Starting numprocs=32 N=3000, M=3000 impl=g-rabenseifner-allgather
19: Starting numprocs=32 N=3000, M=3000 impl=g-rabenseifner-allgather
13: Starting numprocs=32 N=3000, M=3000 impl=g-rabenseifner-allgather
15: Starting numprocs=32 N=3000, M=3000 impl=g-rabenseifner-allgather
17: Starting numprocs=32 N=3000, M=3000 impl=g-rabenseifner-allgather
28: Starting numprocs=32 N=3000, M=3000 impl=g-rabenseifner-allgather
22: Starting numprocs=32 N=3000, M=3000 impl=g-rabenseifner-allgather
3: Starting numprocs=32 N=3000, M=3000 impl=g-rabenseifner-allgather
time: 0.102702s
Iteration 1
time: 0.072163s
Iteration 2
time: 0.071781s
Iteration 3
time: 0.071309s
Iteration 4
time: 0.072502s
Iteration 5
time: 0.072090s
Iteration 6
time: 0.071884s
Iteration 7
time: 0.071923s
Iteration 8
time: 0.139469s
Iteration 9
time: 0.072388s
Iteration 10
time: 0.071226s
Iteration 11
time: 0.071442s
Iteration 12
time: 0.071334s
Iteration 13
time: 0.071693s
Iteration 14
time: 0.071868s
Iteration 15
time: 0.073403s
Iteration 16
time: 0.071596s
Iteration 17
time: 0.071731s
Iteration 18
time: 0.071253s
Iteration 19
time: 0.071501s
Iteration 20
time: 0.072440s
Iteration 21
time: 0.071743s
Iteration 22
time: 0.072182s
Iteration 23
time: 0.075540s
Iteration 24
time: 0.071061s
10: Starting numprocs=32 N=3000, M=3000 impl=g-rabenseifner-subgroup-2
23: Starting numprocs=32 N=3000, M=3000 impl=g-rabenseifner-subgroup-2
6: Starting numprocs=32 N=3000, M=3000 impl=g-rabenseifner-subgroup-2
7: Starting numprocs=32 N=3000, M=3000 impl=g-rabenseifner-subgroup-2
14: Starting numprocs=32 N=3000, M=3000 impl=g-rabenseifner-subgroup-2
20: Starting numprocs=32 N=3000, M=3000 impl=g-rabenseifner-subgroup-2
24: Starting numprocs=32 N=3000, M=3000 impl=g-rabenseifner-subgroup-2
2: Starting numprocs=32 N=3000, M=3000 impl=g-rabenseifner-subgroup-2
0: Starting numprocs=32 N=3000, M=3000 impl=g-rabenseifner-subgroup-2
Iteration 0
18: Starting numprocs=32 N=3000, M=3000 impl=g-rabenseifner-subgroup-2
8: Starting numprocs=32 N=3000, M=3000 impl=g-rabenseifner-subgroup-2
27: Starting numprocs=32 N=3000, M=3000 impl=g-rabenseifner-subgroup-2
9: Starting numprocs=32 N=3000, M=3000 impl=g-rabenseifner-subgroup-2
26: Starting numprocs=32 N=3000, M=3000 impl=g-rabenseifner-subgroup-2
31: Starting numprocs=32 N=3000, M=3000 impl=g-rabenseifner-subgroup-2
21: Starting numprocs=32 N=3000, M=3000 impl=g-rabenseifner-subgroup-2
11: Starting numprocs=32 N=3000, M=3000 impl=g-rabenseifner-subgroup-2
4: Starting numprocs=32 N=3000, M=3000 impl=g-rabenseifner-subgroup-2
5: Starting numprocs=32 N=3000, M=3000 impl=g-rabenseifner-subgroup-2
16: Starting numprocs=32 N=3000, M=3000 impl=g-rabenseifner-subgroup-2
13: Starting numprocs=32 N=3000, M=3000 impl=g-rabenseifner-subgroup-2
30: Starting numprocs=32 N=3000, M=3000 impl=g-rabenseifner-subgroup-2
29: Starting numprocs=32 N=3000, M=3000 impl=g-rabenseifner-subgroup-2
17: Starting numprocs=32 N=3000, M=3000 impl=g-rabenseifner-subgroup-2
25: Starting numprocs=32 N=3000, M=3000 impl=g-rabenseifner-subgroup-2
12: Starting numprocs=32 N=3000, M=3000 impl=g-rabenseifner-subgroup-2
15: Starting numprocs=32 N=3000, M=3000 impl=g-rabenseifner-subgroup-2
19: Starting numprocs=32 N=3000, M=3000 impl=g-rabenseifner-subgroup-2
22: Starting numprocs=32 N=3000, M=3000 impl=g-rabenseifner-subgroup-2
1: Starting numprocs=32 N=3000, M=3000 impl=g-rabenseifner-subgroup-2
3: Starting numprocs=32 N=3000, M=3000 impl=g-rabenseifner-subgroup-2
28: Starting numprocs=32 N=3000, M=3000 impl=g-rabenseifner-subgroup-2
time: 0.114956s
Iteration 1
time: 0.082722s
Iteration 2
time: 0.078890s
Iteration 3
time: 0.078234s
Iteration 4
time: 0.078208s
Iteration 5
time: 0.077546s
Iteration 6
time: 0.078462s
Iteration 7
time: 0.077455s
Iteration 8
time: 0.077749s
Iteration 9
time: 0.077894s
Iteration 10
time: 0.077357s
Iteration 11
time: 0.077171s
Iteration 12
time: 0.079260s
Iteration 13
time: 0.077584s
Iteration 14
time: 10.878785s
Iteration 15
time: 0.077546s
Iteration 16
time: 0.077091s
Iteration 17
time: 0.077769s
Iteration 18
time: 0.077659s
Iteration 19
time: 1.297915s
Iteration 20
time: 0.077396s
Iteration 21
time: 0.078705s
Iteration 22
time: 0.077625s
Iteration 23
time: 0.078252s
Iteration 24
time: 0.076515s
7: Starting numprocs=32 N=3000, M=3000 impl=g-rabenseifner-subgroup-4
6: Starting numprocs=32 N=3000, M=3000 impl=g-rabenseifner-subgroup-4
23: Starting numprocs=32 N=3000, M=3000 impl=g-rabenseifner-subgroup-4
20: Starting numprocs=32 N=3000, M=3000 impl=g-rabenseifner-subgroup-4
2: Starting numprocs=32 N=3000, M=3000 impl=g-rabenseifner-subgroup-4
27: Starting numprocs=32 N=3000, M=3000 impl=g-rabenseifner-subgroup-4
8: Starting numprocs=32 N=3000, M=3000 impl=g-rabenseifner-subgroup-4
24: Starting numprocs=32 N=3000, M=3000 impl=g-rabenseifner-subgroup-4
1: Starting numprocs=32 N=3000, M=3000 impl=g-rabenseifner-subgroup-4
0: Starting numprocs=32 N=3000, M=3000 impl=g-rabenseifner-subgroup-4
Iteration 0
14: Starting numprocs=32 N=3000, M=3000 impl=g-rabenseifner-subgroup-4
18: Starting numprocs=32 N=3000, M=3000 impl=g-rabenseifner-subgroup-4
9: Starting numprocs=32 N=3000, M=3000 impl=g-rabenseifner-subgroup-4
19: Starting numprocs=32 N=3000, M=3000 impl=g-rabenseifner-subgroup-4
10: Starting numprocs=32 N=3000, M=3000 impl=g-rabenseifner-subgroup-4
15: Starting numprocs=32 N=3000, M=3000 impl=g-rabenseifner-subgroup-4
30: Starting numprocs=32 N=3000, M=3000 impl=g-rabenseifner-subgroup-4
26: Starting numprocs=32 N=3000, M=3000 impl=g-rabenseifner-subgroup-4
12: Starting numprocs=32 N=3000, M=3000 impl=g-rabenseifner-subgroup-4
31: Starting numprocs=32 N=3000, M=3000 impl=g-rabenseifner-subgroup-4
4: Starting numprocs=32 N=3000, M=3000 impl=g-rabenseifner-subgroup-4
21: Starting numprocs=32 N=3000, M=3000 impl=g-rabenseifner-subgroup-4
16: Starting numprocs=32 N=3000, M=3000 impl=g-rabenseifner-subgroup-4
29: Starting numprocs=32 N=3000, M=3000 impl=g-rabenseifner-subgroup-4
5: Starting numprocs=32 N=3000, M=3000 impl=g-rabenseifner-subgroup-4
13: Starting numprocs=32 N=3000, M=3000 impl=g-rabenseifner-subgroup-4
25: Starting numprocs=32 N=3000, M=3000 impl=g-rabenseifner-subgroup-4
11: Starting numprocs=32 N=3000, M=3000 impl=g-rabenseifner-subgroup-4
17: Starting numprocs=32 N=3000, M=3000 impl=g-rabenseifner-subgroup-4
22: Starting numprocs=32 N=3000, M=3000 impl=g-rabenseifner-subgroup-4
28: Starting numprocs=32 N=3000, M=3000 impl=g-rabenseifner-subgroup-4
3: Starting numprocs=32 N=3000, M=3000 impl=g-rabenseifner-subgroup-4
time: 0.115721s
Iteration 1
time: 0.090622s
Iteration 2
time: 0.090259s
Iteration 3
time: 0.091280s
Iteration 4
time: 0.089417s
Iteration 5
time: 0.088861s
Iteration 6
time: 0.089042s
Iteration 7
time: 0.090252s
Iteration 8
time: 0.090662s
Iteration 9
time: 0.091164s
Iteration 10
time: 0.091772s
Iteration 11
time: 0.091266s
Iteration 12
time: 0.091604s
Iteration 13
time: 0.092141s
Iteration 14
time: 0.089290s
Iteration 15
time: 0.091420s
Iteration 16
time: 0.090640s
Iteration 17
time: 0.090324s
Iteration 18
time: 0.092821s
Iteration 19
time: 0.090814s
Iteration 20
time: 0.089823s
Iteration 21
time: 0.089527s
Iteration 22
time: 0.092345s
Iteration 23
time: 0.089854s
Iteration 24
time: 0.091853s
6: Starting numprocs=32 N=3000, M=3000 impl=g-rabenseifner-subgroup-8
7: Starting numprocs=32 N=3000, M=3000 impl=g-rabenseifner-subgroup-8
14: Starting numprocs=32 N=3000, M=3000 impl=g-rabenseifner-subgroup-8
10: Starting numprocs=32 N=3000, M=3000 impl=g-rabenseifner-subgroup-8
23: Starting numprocs=32 N=3000, M=3000 impl=g-rabenseifner-subgroup-8
9: Starting numprocs=32 N=3000, M=3000 impl=g-rabenseifner-subgroup-8
24: Starting numprocs=32 N=3000, M=3000 impl=g-rabenseifner-subgroup-8
19: Starting numprocs=32 N=3000, M=3000 impl=g-rabenseifner-subgroup-8
0: Starting numprocs=32 N=3000, M=3000 impl=g-rabenseifner-subgroup-8
Iteration 0
20: Starting numprocs=32 N=3000, M=3000 impl=g-rabenseifner-subgroup-8
31: Starting numprocs=32 N=3000, M=3000 impl=g-rabenseifner-subgroup-8
12: Starting numprocs=32 N=3000, M=3000 impl=g-rabenseifner-subgroup-8
18: Starting numprocs=32 N=3000, M=3000 impl=g-rabenseifner-subgroup-8
2: Starting numprocs=32 N=3000, M=3000 impl=g-rabenseifner-subgroup-8
4: Starting numprocs=32 N=3000, M=3000 impl=g-rabenseifner-subgroup-8
27: Starting numprocs=32 N=3000, M=3000 impl=g-rabenseifner-subgroup-8
8: Starting numprocs=32 N=3000, M=3000 impl=g-rabenseifner-subgroup-8
29: Starting numprocs=32 N=3000, M=3000 impl=g-rabenseifner-subgroup-8
30: Starting numprocs=32 N=3000, M=3000 impl=g-rabenseifner-subgroup-8
25: Starting numprocs=32 N=3000, M=3000 impl=g-rabenseifner-subgroup-8
5: Starting numprocs=32 N=3000, M=3000 impl=g-rabenseifner-subgroup-8
21: Starting numprocs=32 N=3000, M=3000 impl=g-rabenseifner-subgroup-8
13: Starting numprocs=32 N=3000, M=3000 impl=g-rabenseifner-subgroup-8
15: Starting numprocs=32 N=3000, M=3000 impl=g-rabenseifner-subgroup-8
16: Starting numprocs=32 N=3000, M=3000 impl=g-rabenseifner-subgroup-8
26: Starting numprocs=32 N=3000, M=3000 impl=g-rabenseifner-subgroup-8
11: Starting numprocs=32 N=3000, M=3000 impl=g-rabenseifner-subgroup-8
28: Starting numprocs=32 N=3000, M=3000 impl=g-rabenseifner-subgroup-8
17: Starting numprocs=32 N=3000, M=3000 impl=g-rabenseifner-subgroup-8
22: Starting numprocs=32 N=3000, M=3000 impl=g-rabenseifner-subgroup-8
1: Starting numprocs=32 N=3000, M=3000 impl=g-rabenseifner-subgroup-8
3: Starting numprocs=32 N=3000, M=3000 impl=g-rabenseifner-subgroup-8
time: 1.775998s
Iteration 1
time: 1.794215s
Iteration 2
time: 0.111850s
Iteration 3
time: 0.112072s
Iteration 4
time: 0.109374s
Iteration 5
time: 1.581351s
Iteration 6
time: 0.113744s
Iteration 7
time: 0.114351s
Iteration 8
time: 0.114919s
Iteration 9
time: 1.566024s
Iteration 10
time: 0.112900s
Iteration 11
time: 0.112525s
Iteration 12
time: 0.112623s
Iteration 13
time: 0.113359s
Iteration 14
time: 0.112278s
Iteration 15
time: 1.574164s
Iteration 16
time: 1.577234s
Iteration 17
time: 1.695584s
Iteration 18
time: 1.427632s
Iteration 19
time: 10.406392s
Iteration 20
time: 1.686750s
Iteration 21
time: 6.377103s
Iteration 22
time: 0.111941s
Iteration 23
time: 0.111117s
Iteration 24
time: 0.156849s
7: Starting numprocs=32 N=4000, M=4000 impl=allgather
10: Starting numprocs=32 N=4000, M=4000 impl=allgather
23: Starting numprocs=32 N=4000, M=4000 impl=allgather
6: Starting numprocs=32 N=4000, M=4000 impl=allgather
20: Starting numprocs=32 N=4000, M=4000 impl=allgather
8: Starting numprocs=32 N=4000, M=4000 impl=allgather
18: Starting numprocs=32 N=4000, M=4000 impl=allgather
2: Starting numprocs=32 N=4000, M=4000 impl=allgather
14: Starting numprocs=32 N=4000, M=4000 impl=allgather
24: Starting numprocs=32 N=4000, M=4000 impl=allgather
0: Starting numprocs=32 N=4000, M=4000 impl=allgather
Iteration 0
12: Starting numprocs=32 N=4000, M=4000 impl=allgather
29: Starting numprocs=32 N=4000, M=4000 impl=allgather
31: Starting numprocs=32 N=4000, M=4000 impl=allgather
9: Starting numprocs=32 N=4000, M=4000 impl=allgather
27: Starting numprocs=32 N=4000, M=4000 impl=allgather
15: Starting numprocs=32 N=4000, M=4000 impl=allgather
30: Starting numprocs=32 N=4000, M=4000 impl=allgather
4: Starting numprocs=32 N=4000, M=4000 impl=allgather
21: Starting numprocs=32 N=4000, M=4000 impl=allgather
11: Starting numprocs=32 N=4000, M=4000 impl=allgather
5: Starting numprocs=32 N=4000, M=4000 impl=allgather
19: Starting numprocs=32 N=4000, M=4000 impl=allgather
26: Starting numprocs=32 N=4000, M=4000 impl=allgather
16: Starting numprocs=32 N=4000, M=4000 impl=allgather
25: Starting numprocs=32 N=4000, M=4000 impl=allgather
17: Starting numprocs=32 N=4000, M=4000 impl=allgather
1: Starting numprocs=32 N=4000, M=4000 impl=allgather
13: Starting numprocs=32 N=4000, M=4000 impl=allgather
22: Starting numprocs=32 N=4000, M=4000 impl=allgather
28: Starting numprocs=32 N=4000, M=4000 impl=allgather
3: Starting numprocs=32 N=4000, M=4000 impl=allgather
time: 0.656035s
Iteration 1
time: 0.559520s
Iteration 2
time: 0.634104s
Iteration 3
time: 0.598901s
Iteration 4
time: 0.625151s
Iteration 5
time: 0.615650s
Iteration 6
time: 0.586171s
Iteration 7
time: 0.596902s
Iteration 8
time: 0.629681s
Iteration 9
time: 0.603959s
Iteration 10
time: 0.638196s
Iteration 11
time: 0.672077s
Iteration 12
time: 0.617408s
Iteration 13
time: 0.612040s
Iteration 14
time: 0.692049s
Iteration 15
time: 0.661658s
Iteration 16
time: 0.599141s
Iteration 17
time: 0.626447s
Iteration 18
time: 0.610438s
Iteration 19
time: 0.616131s
Iteration 20
time: 0.613331s
Iteration 21
time: 0.598280s
Iteration 22
time: 0.582022s
Iteration 23
time: 0.588034s
Iteration 24
time: 0.574958s
7: Starting numprocs=32 N=4000, M=4000 impl=allreduce
6: Starting numprocs=32 N=4000, M=4000 impl=allreduce
20: Starting numprocs=32 N=4000, M=4000 impl=allreduce
31: Starting numprocs=32 N=4000, M=4000 impl=allreduce
23: Starting numprocs=32 N=4000, M=4000 impl=allreduce
10: Starting numprocs=32 N=4000, M=4000 impl=allreduce
2: Starting numprocs=32 N=4000, M=4000 impl=allreduce
29: Starting numprocs=32 N=4000, M=4000 impl=allreduce
24: Starting numprocs=32 N=4000, M=4000 impl=allreduce
0: Starting numprocs=32 N=4000, M=4000 impl=allreduce
Iteration 0
14: Starting numprocs=32 N=4000, M=4000 impl=allreduce
9: Starting numprocs=32 N=4000, M=4000 impl=allreduce
18: Starting numprocs=32 N=4000, M=4000 impl=allreduce
8: Starting numprocs=32 N=4000, M=4000 impl=allreduce
4: Starting numprocs=32 N=4000, M=4000 impl=allreduce
19: Starting numprocs=32 N=4000, M=4000 impl=allreduce
26: Starting numprocs=32 N=4000, M=4000 impl=allreduce
16: Starting numprocs=32 N=4000, M=4000 impl=allreduce
13: Starting numprocs=32 N=4000, M=4000 impl=allreduce
30: Starting numprocs=32 N=4000, M=4000 impl=allreduce
27: Starting numprocs=32 N=4000, M=4000 impl=allreduce
21: Starting numprocs=32 N=4000, M=4000 impl=allreduce
5: Starting numprocs=32 N=4000, M=4000 impl=allreduce
11: Starting numprocs=32 N=4000, M=4000 impl=allreduce
1: Starting numprocs=32 N=4000, M=4000 impl=allreduce
15: Starting numprocs=32 N=4000, M=4000 impl=allreduce
25: Starting numprocs=32 N=4000, M=4000 impl=allreduce
12: Starting numprocs=32 N=4000, M=4000 impl=allreduce
17: Starting numprocs=32 N=4000, M=4000 impl=allreduce
22: Starting numprocs=32 N=4000, M=4000 impl=allreduce
28: Starting numprocs=32 N=4000, M=4000 impl=allreduce
3: Starting numprocs=32 N=4000, M=4000 impl=allreduce
time: 4.482073s
Iteration 1
time: 0.481881s
Iteration 2
time: 3.688328s
Iteration 3
time: 10.769872s
Iteration 4
time: 0.470987s
Iteration 5
time: 23.288577s
Iteration 6
time: 0.485048s
Iteration 7
time: 4.718829s
Iteration 8
time: 0.400935s
Iteration 9
time: 0.475028s
Iteration 10
time: 2.516550s
Iteration 11
time: 23.848536s
Iteration 12
time: 11.031072s
Iteration 13
time: 0.359297s
Iteration 14
time: 0.371988s
Iteration 15
time: 14.368555s
Iteration 16
time: 0.371531s
Iteration 17
time: 30.988272s
Iteration 18
time: 0.369240s
Iteration 19
time: 0.375938s
Iteration 20
time: 20.981426s
Iteration 21
time: 0.506302s
Iteration 22
time: 0.367671s
Iteration 23
time: 0.377316s
Iteration 24
time: 0.360282s
23: Starting numprocs=32 N=4000, M=4000 impl=allreduce-ring
6: Starting numprocs=32 N=4000, M=4000 impl=allreduce-ring
20: Starting numprocs=32 N=4000, M=4000 impl=allreduce-ring
31: Starting numprocs=32 N=4000, M=4000 impl=allreduce-ring
10: Starting numprocs=32 N=4000, M=4000 impl=allreduce-ring
24: Starting numprocs=32 N=4000, M=4000 impl=allreduce-ring
29: Starting numprocs=32 N=4000, M=4000 impl=allreduce-ring
30: Starting numprocs=32 N=4000, M=4000 impl=allreduce-ring
18: Starting numprocs=32 N=4000, M=4000 impl=allreduce-ring
8: Starting numprocs=32 N=4000, M=4000 impl=allreduce-ring
27: Starting numprocs=32 N=4000, M=4000 impl=allreduce-ring
7: Starting numprocs=32 N=4000, M=4000 impl=allreduce-ring
14: Starting numprocs=32 N=4000, M=4000 impl=allreduce-ring
0: Starting numprocs=32 N=4000, M=4000 impl=allreduce-ring
Iteration 0
4: Starting numprocs=32 N=4000, M=4000 impl=allreduce-ring
2: Starting numprocs=32 N=4000, M=4000 impl=allreduce-ring
26: Starting numprocs=32 N=4000, M=4000 impl=allreduce-ring
11: Starting numprocs=32 N=4000, M=4000 impl=allreduce-ring
16: Starting numprocs=32 N=4000, M=4000 impl=allreduce-ring
9: Starting numprocs=32 N=4000, M=4000 impl=allreduce-ring
12: Starting numprocs=32 N=4000, M=4000 impl=allreduce-ring
21: Starting numprocs=32 N=4000, M=4000 impl=allreduce-ring
13: Starting numprocs=32 N=4000, M=4000 impl=allreduce-ring
15: Starting numprocs=32 N=4000, M=4000 impl=allreduce-ring
17: Starting numprocs=32 N=4000, M=4000 impl=allreduce-ring
1: Starting numprocs=32 N=4000, M=4000 impl=allreduce-ring
5: Starting numprocs=32 N=4000, M=4000 impl=allreduce-ring
25: Starting numprocs=32 N=4000, M=4000 impl=allreduce-ring
19: Starting numprocs=32 N=4000, M=4000 impl=allreduce-ring
22: Starting numprocs=32 N=4000, M=4000 impl=allreduce-ring
3: Starting numprocs=32 N=4000, M=4000 impl=allreduce-ring
28: Starting numprocs=32 N=4000, M=4000 impl=allreduce-ring
mpirun: Forwarding signal 12 to job
User defined signal 2
--------------------------------------------------------------------------
Primary job  terminated normally, but 1 process returned
a non-zero exit code. Per user-direction, the job has been aborted.
--------------------------------------------------------------------------
--------------------------------------------------------------------------
mpirun noticed that process rank 10 with PID 4367 on node eu-ms-011-03 exited on signal 12 (User defined signal 2).
--------------------------------------------------------------------------
