0: Starting numprocs=8 N=1000, M=1000 impl=allgather
Iteration 0
3: Starting numprocs=8 N=1000, M=1000 impl=allgather
6: Starting numprocs=8 N=1000, M=1000 impl=allgather
7: Starting numprocs=8 N=1000, M=1000 impl=allgather
4: Starting numprocs=8 N=1000, M=1000 impl=allgather
1: Starting numprocs=8 N=1000, M=1000 impl=allgather
2: Starting numprocs=8 N=1000, M=1000 impl=allgather
5: Starting numprocs=8 N=1000, M=1000 impl=allgather
time: 0.014793s
Iteration 1
time: 0.007029s
Iteration 2
time: 0.006957s
Iteration 3
time: 0.006975s
Iteration 4
time: 0.007029s
Iteration 5
time: 0.006959s
Iteration 6
time: 0.006946s
Iteration 7
time: 0.006921s
Iteration 8
time: 0.006944s
Iteration 9
time: 0.006947s
Iteration 10
time: 0.006963s
Iteration 11
time: 0.007026s
Iteration 12
time: 0.006967s
Iteration 13
time: 0.006947s
Iteration 14
time: 0.006958s
Iteration 15
time: 0.007485s
Iteration 16
time: 0.006970s
Iteration 17
time: 0.006896s
Iteration 18
time: 0.006922s
Iteration 19
time: 0.006964s
Iteration 20
time: 0.006945s
Iteration 21
time: 0.006897s
Iteration 22
time: 0.006922s
Iteration 23
time: 0.006881s
Iteration 24
time: 0.006961s
0: Starting numprocs=8 N=1000, M=1000 impl=allreduce
Iteration 0
6: Starting numprocs=8 N=1000, M=1000 impl=allreduce
2: Starting numprocs=8 N=1000, M=1000 impl=allreduce
3: Starting numprocs=8 N=1000, M=1000 impl=allreduce
4: Starting numprocs=8 N=1000, M=1000 impl=allreduce
5: Starting numprocs=8 N=1000, M=1000 impl=allreduce
7: Starting numprocs=8 N=1000, M=1000 impl=allreduce
1: Starting numprocs=8 N=1000, M=1000 impl=allreduce
time: 0.039502s
Iteration 1
time: 0.022251s
Iteration 2
time: 0.015719s
Iteration 3
time: 0.015609s
Iteration 4
time: 0.015421s
Iteration 5
time: 0.015909s
Iteration 6
time: 0.015527s
Iteration 7
time: 0.015561s
Iteration 8
time: 0.015136s
Iteration 9
time: 0.015218s
Iteration 10
time: 0.015091s
Iteration 11
time: 0.015642s
Iteration 12
time: 0.015304s
Iteration 13
time: 0.015606s
Iteration 14
time: 0.015224s
Iteration 15
time: 0.015407s
Iteration 16
time: 0.015542s
Iteration 17
time: 0.015884s
Iteration 18
time: 0.015063s
Iteration 19
time: 0.015281s
Iteration 20
time: 0.015370s
Iteration 21
time: 0.015747s
Iteration 22
time: 0.016626s
Iteration 23
time: 0.017279s
Iteration 24
time: 0.017121s
0: Starting numprocs=8 N=1000, M=1000 impl=allreduce-ring
Iteration 0
3: Starting numprocs=8 N=1000, M=1000 impl=allreduce-ring
7: Starting numprocs=8 N=1000, M=1000 impl=allreduce-ring
4: Starting numprocs=8 N=1000, M=1000 impl=allreduce-ring
2: Starting numprocs=8 N=1000, M=1000 impl=allreduce-ring
5: Starting numprocs=8 N=1000, M=1000 impl=allreduce-ring
1: Starting numprocs=8 N=1000, M=1000 impl=allreduce-ring
6: Starting numprocs=8 N=1000, M=1000 impl=allreduce-ring
time: 0.027230s
Iteration 1
time: 0.013894s
Iteration 2
time: 0.014765s
Iteration 3
time: 0.014118s
Iteration 4
time: 0.013784s
Iteration 5
time: 0.013872s
Iteration 6
time: 0.013748s
Iteration 7
time: 0.013946s
Iteration 8
time: 0.013773s
Iteration 9
time: 0.014099s
Iteration 10
time: 0.014256s
Iteration 11
time: 0.014195s
Iteration 12
time: 0.014417s
Iteration 13
time: 0.013979s
Iteration 14
time: 0.013830s
Iteration 15
time: 0.014255s
Iteration 16
time: 0.013812s
Iteration 17
time: 0.013903s
Iteration 18
time: 0.013890s
Iteration 19
time: 0.014393s
Iteration 20
time: 0.014278s
Iteration 21
time: 0.014036s
Iteration 22
time: 0.014005s
Iteration 23
time: 0.014070s
Iteration 24
time: 0.013882s
0: Starting numprocs=8 N=1000, M=1000 impl=g-rabenseifner-allgather
Iteration 0
3: Starting numprocs=8 N=1000, M=1000 impl=g-rabenseifner-allgather
6: Starting numprocs=8 N=1000, M=1000 impl=g-rabenseifner-allgather
2: Starting numprocs=8 N=1000, M=1000 impl=g-rabenseifner-allgather
7: Starting numprocs=8 N=1000, M=1000 impl=g-rabenseifner-allgather
5: Starting numprocs=8 N=1000, M=1000 impl=g-rabenseifner-allgather
4: Starting numprocs=8 N=1000, M=1000 impl=g-rabenseifner-allgather
1: Starting numprocs=8 N=1000, M=1000 impl=g-rabenseifner-allgather
time: 0.016002s
Iteration 1
time: 0.007066s
Iteration 2
time: 0.007502s
Iteration 3
time: 0.007054s
Iteration 4
time: 0.007064s
Iteration 5
time: 0.007026s
Iteration 6
time: 0.007018s
Iteration 7
time: 0.007021s
Iteration 8
time: 0.007054s
Iteration 9
time: 0.007034s
Iteration 10
time: 0.007444s
Iteration 11
time: 0.007377s
Iteration 12
time: 0.007050s
Iteration 13
time: 0.007090s
Iteration 14
time: 0.007021s
Iteration 15
time: 0.007460s
Iteration 16
time: 0.007043s
Iteration 17
time: 0.007036s
Iteration 18
time: 0.007097s
Iteration 19
time: 0.007042s
Iteration 20
time: 0.006996s
Iteration 21
time: 0.007023s
Iteration 22
time: 0.007113s
Iteration 23
time: 0.007057s
Iteration 24
time: 0.007122s
0: Starting numprocs=8 N=1000, M=1000 impl=g-rabenseifner-subgroup-2
Iteration 0
3: Starting numprocs=8 N=1000, M=1000 impl=g-rabenseifner-subgroup-2
4: Starting numprocs=8 N=1000, M=1000 impl=g-rabenseifner-subgroup-2
6: Starting numprocs=8 N=1000, M=1000 impl=g-rabenseifner-subgroup-2
2: Starting numprocs=8 N=1000, M=1000 impl=g-rabenseifner-subgroup-2
5: Starting numprocs=8 N=1000, M=1000 impl=g-rabenseifner-subgroup-2
7: Starting numprocs=8 N=1000, M=1000 impl=g-rabenseifner-subgroup-2
1: Starting numprocs=8 N=1000, M=1000 impl=g-rabenseifner-subgroup-2
time: 0.021404s
Iteration 1
time: 0.006959s
Iteration 2
time: 0.006927s
Iteration 3
time: 0.006914s
Iteration 4
time: 0.006936s
Iteration 5
time: 0.006953s
Iteration 6
time: 0.007032s
Iteration 7
time: 0.007007s
Iteration 8
time: 0.007006s
Iteration 9
time: 0.007079s
Iteration 10
time: 0.007054s
Iteration 11
time: 0.007500s
Iteration 12
time: 0.007062s
Iteration 13
time: 0.007033s
Iteration 14
time: 0.007057s
Iteration 15
time: 0.007008s
Iteration 16
time: 0.007039s
Iteration 17
time: 0.007066s
Iteration 18
time: 0.007036s
Iteration 19
time: 0.007065s
Iteration 20
time: 0.007088s
Iteration 21
time: 0.007054s
Iteration 22
time: 0.007067s
Iteration 23
time: 0.007074s
Iteration 24
time: 0.007097s
0: Starting numprocs=8 N=1000, M=1000 impl=g-rabenseifner-subgroup-4
Iteration 0
3: Starting numprocs=8 N=1000, M=1000 impl=g-rabenseifner-subgroup-4
2: Starting numprocs=8 N=1000, M=1000 impl=g-rabenseifner-subgroup-4
7: Starting numprocs=8 N=1000, M=1000 impl=g-rabenseifner-subgroup-4
4: Starting numprocs=8 N=1000, M=1000 impl=g-rabenseifner-subgroup-4
6: Starting numprocs=8 N=1000, M=1000 impl=g-rabenseifner-subgroup-4
5: Starting numprocs=8 N=1000, M=1000 impl=g-rabenseifner-subgroup-4
1: Starting numprocs=8 N=1000, M=1000 impl=g-rabenseifner-subgroup-4
time: 0.017646s
Iteration 1
time: 0.006995s
Iteration 2
time: 0.006861s
Iteration 3
time: 0.006835s
Iteration 4
time: 0.006974s
Iteration 5
time: 0.006982s
Iteration 6
time: 0.007021s
Iteration 7
time: 0.006970s
Iteration 8
time: 0.006970s
Iteration 9
time: 0.006974s
Iteration 10
time: 0.006988s
Iteration 11
time: 0.006976s
Iteration 12
time: 0.006970s
Iteration 13
time: 0.007006s
Iteration 14
time: 0.007174s
Iteration 15
time: 0.007002s
Iteration 16
time: 0.006976s
Iteration 17
time: 0.006982s
Iteration 18
time: 0.006983s
Iteration 19
time: 0.006999s
Iteration 20
time: 0.007091s
Iteration 21
time: 0.006981s
Iteration 22
time: 0.007079s
Iteration 23
time: 0.007029s
Iteration 24
time: 0.007014s
6: Starting numprocs=8 N=1000, M=1000 impl=g-rabenseifner-subgroup-8
0: Starting numprocs=8 N=1000, M=1000 impl=g-rabenseifner-subgroup-8
Iteration 0
2: Starting numprocs=8 N=1000, M=1000 impl=g-rabenseifner-subgroup-8
3: Starting numprocs=8 N=1000, M=1000 impl=g-rabenseifner-subgroup-8
7: Starting numprocs=8 N=1000, M=1000 impl=g-rabenseifner-subgroup-8
4: Starting numprocs=8 N=1000, M=1000 impl=g-rabenseifner-subgroup-8
5: Starting numprocs=8 N=1000, M=1000 impl=g-rabenseifner-subgroup-8
1: Starting numprocs=8 N=1000, M=1000 impl=g-rabenseifner-subgroup-8
time: 0.018658s
Iteration 1
time: 0.006871s
Iteration 2
time: 0.007256s
Iteration 3
time: 0.006813s
Iteration 4
time: 0.006827s
Iteration 5
time: 0.006796s
Iteration 6
time: 0.006787s
Iteration 7
time: 0.006822s
Iteration 8
time: 0.006822s
Iteration 9
time: 0.006819s
Iteration 10
time: 0.006811s
Iteration 11
time: 0.006792s
Iteration 12
time: 0.006823s
Iteration 13
time: 0.006814s
Iteration 14
time: 0.006790s
Iteration 15
time: 0.006796s
Iteration 16
time: 0.006979s
Iteration 17
time: 0.006977s
Iteration 18
time: 0.007490s
Iteration 19
time: 0.006970s
Iteration 20
time: 0.007063s
Iteration 21
time: 0.007228s
Iteration 22
time: 0.007134s
Iteration 23
time: 0.007204s
Iteration 24
time: 0.007214s
0: Starting numprocs=8 N=2000, M=2000 impl=allgather
Iteration 0
2: Starting numprocs=8 N=2000, M=2000 impl=allgather
6: Starting numprocs=8 N=2000, M=2000 impl=allgather
3: Starting numprocs=8 N=2000, M=2000 impl=allgather
7: Starting numprocs=8 N=2000, M=2000 impl=allgather
5: Starting numprocs=8 N=2000, M=2000 impl=allgather
4: Starting numprocs=8 N=2000, M=2000 impl=allgather
1: Starting numprocs=8 N=2000, M=2000 impl=allgather
time: 0.035328s
Iteration 1
time: 0.029239s
Iteration 2
time: 0.030009s
Iteration 3
time: 0.030153s
Iteration 4
time: 0.029553s
Iteration 5
time: 0.029938s
Iteration 6
time: 0.030955s
Iteration 7
time: 0.029566s
Iteration 8
time: 0.029315s
Iteration 9
time: 0.029304s
Iteration 10
time: 0.029783s
Iteration 11
time: 0.029336s
Iteration 12
time: 0.029510s
Iteration 13
time: 0.032345s
Iteration 14
time: 0.030966s
Iteration 15
time: 0.030429s
Iteration 16
time: 0.030417s
Iteration 17
time: 0.030161s
Iteration 18
time: 0.029968s
Iteration 19
time: 0.030130s
Iteration 20
time: 0.029817s
Iteration 21
time: 0.030310s
Iteration 22
time: 0.029796s
Iteration 23
time: 0.029318s
Iteration 24
time: 0.029732s
0: Starting numprocs=8 N=2000, M=2000 impl=allreduce
Iteration 0
6: Starting numprocs=8 N=2000, M=2000 impl=allreduce
3: Starting numprocs=8 N=2000, M=2000 impl=allreduce
5: Starting numprocs=8 N=2000, M=2000 impl=allreduce
4: Starting numprocs=8 N=2000, M=2000 impl=allreduce
2: Starting numprocs=8 N=2000, M=2000 impl=allreduce
7: Starting numprocs=8 N=2000, M=2000 impl=allreduce
1: Starting numprocs=8 N=2000, M=2000 impl=allreduce
time: 0.103612s
Iteration 1
time: 0.079392s
Iteration 2
time: 0.067902s
Iteration 3
time: 0.066872s
Iteration 4
time: 0.068692s
Iteration 5
time: 0.065907s
Iteration 6
time: 0.062830s
Iteration 7
time: 0.065552s
Iteration 8
time: 0.067309s
Iteration 9
time: 0.062987s
Iteration 10
time: 0.064197s
Iteration 11
time: 0.064687s
Iteration 12
time: 0.063176s
Iteration 13
time: 0.067381s
Iteration 14
time: 0.063991s
Iteration 15
time: 0.068449s
Iteration 16
time: 0.064034s
Iteration 17
time: 0.064004s
Iteration 18
time: 0.064230s
Iteration 19
time: 0.064731s
Iteration 20
time: 0.062144s
Iteration 21
time: 0.066088s
Iteration 22
time: 0.064875s
Iteration 23
time: 0.062175s
Iteration 24
time: 0.063128s
3: Starting numprocs=8 N=2000, M=2000 impl=allreduce-ring
6: Starting numprocs=8 N=2000, M=2000 impl=allreduce-ring
2: Starting numprocs=8 N=2000, M=2000 impl=allreduce-ring
0: Starting numprocs=8 N=2000, M=2000 impl=allreduce-ring
Iteration 0
5: Starting numprocs=8 N=2000, M=2000 impl=allreduce-ring
7: Starting numprocs=8 N=2000, M=2000 impl=allreduce-ring
4: Starting numprocs=8 N=2000, M=2000 impl=allreduce-ring
1: Starting numprocs=8 N=2000, M=2000 impl=allreduce-ring
time: 0.070844s
Iteration 1
time: 0.054233s
Iteration 2
time: 0.055372s
Iteration 3
time: 0.056550s
Iteration 4
time: 0.056386s
Iteration 5
time: 0.054567s
Iteration 6
time: 0.054987s
Iteration 7
time: 0.055091s
Iteration 8
time: 0.060013s
Iteration 9
time: 0.056884s
Iteration 10
time: 0.055781s
Iteration 11
time: 0.055226s
Iteration 12
time: 0.055369s
Iteration 13
time: 0.056171s
Iteration 14
time: 0.053590s
Iteration 15
time: 0.054013s
Iteration 16
time: 0.053462s
Iteration 17
time: 0.054696s
Iteration 18
time: 0.053360s
Iteration 19
time: 0.053852s
Iteration 20
time: 0.053600s
Iteration 21
time: 0.054856s
Iteration 22
time: 0.054347s
Iteration 23
time: 0.055001s
Iteration 24
time: 0.054198s
0: Starting numprocs=8 N=2000, M=2000 impl=g-rabenseifner-allgather
Iteration 0
6: Starting numprocs=8 N=2000, M=2000 impl=g-rabenseifner-allgather
3: Starting numprocs=8 N=2000, M=2000 impl=g-rabenseifner-allgather
7: Starting numprocs=8 N=2000, M=2000 impl=g-rabenseifner-allgather
5: Starting numprocs=8 N=2000, M=2000 impl=g-rabenseifner-allgather
2: Starting numprocs=8 N=2000, M=2000 impl=g-rabenseifner-allgather
1: Starting numprocs=8 N=2000, M=2000 impl=g-rabenseifner-allgather
4: Starting numprocs=8 N=2000, M=2000 impl=g-rabenseifner-allgather
time: 0.037028s
Iteration 1
time: 0.027569s
Iteration 2
time: 0.027918s
Iteration 3
time: 0.027790s
Iteration 4
time: 0.027478s
Iteration 5
time: 0.027422s
Iteration 6
time: 0.027495s
Iteration 7
time: 0.027528s
Iteration 8
time: 0.028374s
Iteration 9
time: 0.027422s
Iteration 10
time: 0.027573s
Iteration 11
time: 0.027614s
Iteration 12
time: 0.028172s
Iteration 13
time: 0.027470s
Iteration 14
time: 0.027480s
Iteration 15
time: 0.027638s
Iteration 16
time: 0.027931s
Iteration 17
time: 0.027402s
Iteration 18
time: 0.027642s
Iteration 19
time: 0.027529s
Iteration 20
time: 0.027533s
Iteration 21
time: 0.028842s
Iteration 22
time: 0.027544s
Iteration 23
time: 0.027503s
Iteration 24
time: 0.027404s
0: Starting numprocs=8 N=2000, M=2000 impl=g-rabenseifner-subgroup-2
Iteration 0
3: Starting numprocs=8 N=2000, M=2000 impl=g-rabenseifner-subgroup-2
4: Starting numprocs=8 N=2000, M=2000 impl=g-rabenseifner-subgroup-2
2: Starting numprocs=8 N=2000, M=2000 impl=g-rabenseifner-subgroup-2
7: Starting numprocs=8 N=2000, M=2000 impl=g-rabenseifner-subgroup-2
5: Starting numprocs=8 N=2000, M=2000 impl=g-rabenseifner-subgroup-2
6: Starting numprocs=8 N=2000, M=2000 impl=g-rabenseifner-subgroup-2
1: Starting numprocs=8 N=2000, M=2000 impl=g-rabenseifner-subgroup-2
time: 0.042814s
Iteration 1
time: 0.027438s
Iteration 2
time: 0.027451s
Iteration 3
time: 0.027072s
Iteration 4
time: 0.027252s
Iteration 5
time: 0.027178s
Iteration 6
time: 0.027339s
Iteration 7
time: 0.027470s
Iteration 8
time: 0.027336s
Iteration 9
time: 0.027478s
Iteration 10
time: 0.027479s
Iteration 11
time: 0.027266s
Iteration 12
time: 0.027341s
Iteration 13
time: 0.027262s
Iteration 14
time: 0.027259s
Iteration 15
time: 0.027205s
Iteration 16
time: 0.027896s
Iteration 17
time: 0.028463s
Iteration 18
time: 0.027732s
Iteration 19
time: 0.027317s
Iteration 20
time: 0.027829s
Iteration 21
time: 0.027708s
Iteration 22
time: 0.027605s
Iteration 23
time: 0.027607s
Iteration 24
time: 0.027235s
0: Starting numprocs=8 N=2000, M=2000 impl=g-rabenseifner-subgroup-4
Iteration 0
3: Starting numprocs=8 N=2000, M=2000 impl=g-rabenseifner-subgroup-4
6: Starting numprocs=8 N=2000, M=2000 impl=g-rabenseifner-subgroup-4
5: Starting numprocs=8 N=2000, M=2000 impl=g-rabenseifner-subgroup-4
7: Starting numprocs=8 N=2000, M=2000 impl=g-rabenseifner-subgroup-4
2: Starting numprocs=8 N=2000, M=2000 impl=g-rabenseifner-subgroup-4
4: Starting numprocs=8 N=2000, M=2000 impl=g-rabenseifner-subgroup-4
1: Starting numprocs=8 N=2000, M=2000 impl=g-rabenseifner-subgroup-4
time: 0.038614s
Iteration 1
time: 0.028109s
Iteration 2
time: 0.027707s
Iteration 3
time: 0.028252s
Iteration 4
time: 0.027521s
Iteration 5
time: 0.028127s
Iteration 6
time: 0.027871s
Iteration 7
time: 0.027740s
Iteration 8
time: 0.027224s
Iteration 9
time: 0.027342s
Iteration 10
time: 0.027294s
Iteration 11
time: 0.027696s
Iteration 12
time: 0.027161s
Iteration 13
time: 0.027579s
Iteration 14
time: 0.027642s
Iteration 15
time: 0.027617s
Iteration 16
time: 0.027633s
Iteration 17
time: 0.027910s
Iteration 18
time: 0.027397s
Iteration 19
time: 0.027913s
Iteration 20
time: 0.027381s
Iteration 21
time: 0.027708s
Iteration 22
time: 0.027616s
Iteration 23
time: 0.027218s
Iteration 24
time: 0.027195s
3: Starting numprocs=8 N=2000, M=2000 impl=g-rabenseifner-subgroup-8
0: Starting numprocs=8 N=2000, M=2000 impl=g-rabenseifner-subgroup-8
Iteration 0
2: Starting numprocs=8 N=2000, M=2000 impl=g-rabenseifner-subgroup-8
7: Starting numprocs=8 N=2000, M=2000 impl=g-rabenseifner-subgroup-8
6: Starting numprocs=8 N=2000, M=2000 impl=g-rabenseifner-subgroup-8
4: Starting numprocs=8 N=2000, M=2000 impl=g-rabenseifner-subgroup-8
5: Starting numprocs=8 N=2000, M=2000 impl=g-rabenseifner-subgroup-8
1: Starting numprocs=8 N=2000, M=2000 impl=g-rabenseifner-subgroup-8
time: 0.035244s
Iteration 1
time: 0.025588s
Iteration 2
time: 0.025607s
Iteration 3
time: 0.026209s
Iteration 4
time: 0.025498s
Iteration 5
time: 0.025360s
Iteration 6
time: 0.025367s
Iteration 7
time: 0.025912s
Iteration 8
time: 0.025632s
Iteration 9
time: 0.029602s
Iteration 10
time: 0.026453s
Iteration 11
time: 0.026177s
Iteration 12
time: 0.026167s
Iteration 13
time: 0.026919s
Iteration 14
time: 0.027401s
Iteration 15
time: 0.026498s
Iteration 16
time: 0.026142s
Iteration 17
time: 0.026181s
Iteration 18
time: 0.027485s
Iteration 19
time: 0.026604s
Iteration 20
time: 0.026681s
Iteration 21
time: 0.026363s
Iteration 22
time: 0.026784s
Iteration 23
time: 0.026178s
Iteration 24
time: 0.026043s
0: Starting numprocs=8 N=3000, M=3000 impl=allgather
Iteration 0
6: Starting numprocs=8 N=3000, M=3000 impl=allgather
3: Starting numprocs=8 N=3000, M=3000 impl=allgather
2: Starting numprocs=8 N=3000, M=3000 impl=allgather
4: Starting numprocs=8 N=3000, M=3000 impl=allgather
5: Starting numprocs=8 N=3000, M=3000 impl=allgather
7: Starting numprocs=8 N=3000, M=3000 impl=allgather
1: Starting numprocs=8 N=3000, M=3000 impl=allgather
time: 0.071487s
Iteration 1
time: 0.062013s
Iteration 2
time: 0.061945s
Iteration 3
time: 0.064084s
Iteration 4
time: 0.065277s
Iteration 5
time: 0.064895s
Iteration 6
time: 0.065448s
Iteration 7
time: 0.065440s
Iteration 8
time: 0.064153s
Iteration 9
time: 0.063517s
Iteration 10
time: 0.082092s
Iteration 11
time: 0.065481s
Iteration 12
time: 0.065118s
Iteration 13
time: 0.065555s
Iteration 14
time: 0.064373s
Iteration 15
time: 0.063506s
Iteration 16
time: 0.065240s
Iteration 17
time: 0.065453s
Iteration 18
time: 0.064691s
Iteration 19
time: 0.063521s
Iteration 20
time: 0.076143s
Iteration 21
time: 0.065966s
Iteration 22
time: 0.065449s
Iteration 23
time: 0.063591s
Iteration 24
time: 0.063665s
0: Starting numprocs=8 N=3000, M=3000 impl=allreduce
Iteration 0
2: Starting numprocs=8 N=3000, M=3000 impl=allreduce
3: Starting numprocs=8 N=3000, M=3000 impl=allreduce
6: Starting numprocs=8 N=3000, M=3000 impl=allreduce
5: Starting numprocs=8 N=3000, M=3000 impl=allreduce
7: Starting numprocs=8 N=3000, M=3000 impl=allreduce
4: Starting numprocs=8 N=3000, M=3000 impl=allreduce
1: Starting numprocs=8 N=3000, M=3000 impl=allreduce
time: 0.214772s
Iteration 1
time: 0.183531s
Iteration 2
time: 0.199008s
Iteration 3
time: 0.200932s
Iteration 4
time: 0.192110s
Iteration 5
time: 0.191045s
Iteration 6
time: 0.191940s
Iteration 7
time: 0.183282s
Iteration 8
time: 0.188873s
Iteration 9
time: 0.189626s
Iteration 10
time: 0.188393s
Iteration 11
time: 0.185986s
Iteration 12
time: 0.185087s
Iteration 13
time: 0.185373s
Iteration 14
time: 0.192879s
Iteration 15
time: 0.200023s
Iteration 16
time: 0.186966s
Iteration 17
time: 0.185683s
Iteration 18
time: 0.183853s
Iteration 19
time: 0.187853s
Iteration 20
time: 0.187249s
Iteration 21
time: 0.182831s
Iteration 22
time: 0.205793s
Iteration 23
time: 0.194633s
Iteration 24
time: 0.191882s
3: Starting numprocs=8 N=3000, M=3000 impl=allreduce-ring
6: Starting numprocs=8 N=3000, M=3000 impl=allreduce-ring
0: Starting numprocs=8 N=3000, M=3000 impl=allreduce-ring
Iteration 0
5: Starting numprocs=8 N=3000, M=3000 impl=allreduce-ring
4: Starting numprocs=8 N=3000, M=3000 impl=allreduce-ring
2: Starting numprocs=8 N=3000, M=3000 impl=allreduce-ring
7: Starting numprocs=8 N=3000, M=3000 impl=allreduce-ring
1: Starting numprocs=8 N=3000, M=3000 impl=allreduce-ring
time: 0.148948s
Iteration 1
time: 0.127111s
Iteration 2
time: 0.130089s
Iteration 3
time: 0.124052s
Iteration 4
time: 0.122914s
Iteration 5
time: 0.130266s
Iteration 6
time: 0.124870s
Iteration 7
time: 0.124932s
Iteration 8
time: 0.123479s
Iteration 9
time: 0.133133s
Iteration 10
time: 0.123685s
Iteration 11
time: 0.124521s
Iteration 12
time: 0.124103s
Iteration 13
time: 0.125848s
Iteration 14
time: 0.125222s
Iteration 15
time: 0.129863s
Iteration 16
time: 0.123981s
Iteration 17
time: 0.125822s
Iteration 18
time: 0.129405s
Iteration 19
time: 0.128043s
Iteration 20
time: 0.128153s
Iteration 21
time: 0.125800s
Iteration 22
time: 0.122952s
Iteration 23
time: 0.124806s
Iteration 24
time: 0.127744s
0: Starting numprocs=8 N=3000, M=3000 impl=g-rabenseifner-allgather
Iteration 0
3: Starting numprocs=8 N=3000, M=3000 impl=g-rabenseifner-allgather
2: Starting numprocs=8 N=3000, M=3000 impl=g-rabenseifner-allgather
4: Starting numprocs=8 N=3000, M=3000 impl=g-rabenseifner-allgather
6: Starting numprocs=8 N=3000, M=3000 impl=g-rabenseifner-allgather
5: Starting numprocs=8 N=3000, M=3000 impl=g-rabenseifner-allgather
7: Starting numprocs=8 N=3000, M=3000 impl=g-rabenseifner-allgather
1: Starting numprocs=8 N=3000, M=3000 impl=g-rabenseifner-allgather
time: 0.078643s
Iteration 1
time: 0.061384s
Iteration 2
time: 0.061755s
Iteration 3
time: 0.061500s
Iteration 4
time: 0.062076s
Iteration 5
time: 0.061521s
Iteration 6
time: 0.061584s
Iteration 7
time: 0.063618s
Iteration 8
time: 0.061291s
Iteration 9
time: 0.061585s
Iteration 10
time: 0.061314s
Iteration 11
time: 0.061259s
Iteration 12
time: 0.061748s
Iteration 13
time: 0.062119s
Iteration 14
time: 0.061252s
Iteration 15
time: 0.061577s
Iteration 16
time: 0.061580s
Iteration 17
time: 0.061597s
Iteration 18
time: 0.061756s
Iteration 19
time: 0.061685s
Iteration 20
time: 0.061625s
Iteration 21
time: 0.061705s
Iteration 22
time: 0.062278s
Iteration 23
time: 0.061487s
Iteration 24
time: 0.061835s
0: Starting numprocs=8 N=3000, M=3000 impl=g-rabenseifner-subgroup-2
Iteration 0
2: Starting numprocs=8 N=3000, M=3000 impl=g-rabenseifner-subgroup-2
3: Starting numprocs=8 N=3000, M=3000 impl=g-rabenseifner-subgroup-2
6: Starting numprocs=8 N=3000, M=3000 impl=g-rabenseifner-subgroup-2
5: Starting numprocs=8 N=3000, M=3000 impl=g-rabenseifner-subgroup-2
7: Starting numprocs=8 N=3000, M=3000 impl=g-rabenseifner-subgroup-2
4: Starting numprocs=8 N=3000, M=3000 impl=g-rabenseifner-subgroup-2
1: Starting numprocs=8 N=3000, M=3000 impl=g-rabenseifner-subgroup-2
time: 0.083434s
Iteration 1
time: 0.061183s
Iteration 2
time: 0.061768s
Iteration 3
time: 0.061049s
Iteration 4
time: 0.060857s
Iteration 5
time: 0.060915s
Iteration 6
time: 0.061671s
Iteration 7
time: 0.061774s
Iteration 8
time: 0.062281s
Iteration 9
time: 0.061334s
Iteration 10
time: 0.060963s
Iteration 11
time: 0.061084s
Iteration 12
time: 0.062070s
Iteration 13
time: 0.061845s
Iteration 14
time: 0.061122s
Iteration 15
time: 0.061036s
Iteration 16
time: 0.061175s
Iteration 17
time: 0.061573s
Iteration 18
time: 0.061369s
Iteration 19
time: 0.061977s
Iteration 20
time: 0.061033s
Iteration 21
time: 0.060975s
Iteration 22
time: 0.060823s
Iteration 23
time: 0.062306s
Iteration 24
time: 0.060939s
0: Starting numprocs=8 N=3000, M=3000 impl=g-rabenseifner-subgroup-4
Iteration 0
3: Starting numprocs=8 N=3000, M=3000 impl=g-rabenseifner-subgroup-4
2: Starting numprocs=8 N=3000, M=3000 impl=g-rabenseifner-subgroup-4
6: Starting numprocs=8 N=3000, M=3000 impl=g-rabenseifner-subgroup-4
5: Starting numprocs=8 N=3000, M=3000 impl=g-rabenseifner-subgroup-4
4: Starting numprocs=8 N=3000, M=3000 impl=g-rabenseifner-subgroup-4
7: Starting numprocs=8 N=3000, M=3000 impl=g-rabenseifner-subgroup-4
1: Starting numprocs=8 N=3000, M=3000 impl=g-rabenseifner-subgroup-4
time: 0.076303s
Iteration 1
time: 0.061541s
Iteration 2
time: 0.062116s
Iteration 3
time: 0.062238s
Iteration 4
time: 0.062854s
Iteration 5
time: 0.061891s
Iteration 6
time: 0.062311s
Iteration 7
time: 0.062262s
Iteration 8
time: 0.063393s
Iteration 9
time: 0.062280s
Iteration 10
time: 0.061961s
Iteration 11
time: 0.062648s
Iteration 12
time: 0.062127s
Iteration 13
time: 0.061591s
Iteration 14
time: 0.063034s
Iteration 15
time: 0.062131s
Iteration 16
time: 0.061881s
Iteration 17
time: 0.061833s
Iteration 18
time: 0.062013s
Iteration 19
time: 0.062406s
Iteration 20
time: 0.061293s
Iteration 21
time: 0.060874s
Iteration 22
time: 0.062005s
Iteration 23
time: 0.061357s
Iteration 24
time: 0.061070s
0: Starting numprocs=8 N=3000, M=3000 impl=g-rabenseifner-subgroup-8
Iteration 0
6: Starting numprocs=8 N=3000, M=3000 impl=g-rabenseifner-subgroup-8
4: Starting numprocs=8 N=3000, M=3000 impl=g-rabenseifner-subgroup-8
2: Starting numprocs=8 N=3000, M=3000 impl=g-rabenseifner-subgroup-8
7: Starting numprocs=8 N=3000, M=3000 impl=g-rabenseifner-subgroup-8
3: Starting numprocs=8 N=3000, M=3000 impl=g-rabenseifner-subgroup-8
5: Starting numprocs=8 N=3000, M=3000 impl=g-rabenseifner-subgroup-8
1: Starting numprocs=8 N=3000, M=3000 impl=g-rabenseifner-subgroup-8
time: 0.069349s
Iteration 1
time: 0.058084s
Iteration 2
time: 0.059036s
Iteration 3
time: 0.059042s
Iteration 4
time: 0.058619s
Iteration 5
time: 0.062541s
Iteration 6
time: 0.061361s
Iteration 7
time: 0.061210s
Iteration 8
time: 0.060174s
Iteration 9
time: 0.062565s
Iteration 10
time: 0.059580s
Iteration 11
time: 0.060939s
Iteration 12
time: 0.064621s
Iteration 13
time: 0.062841s
Iteration 14
time: 0.062574s
Iteration 15
time: 0.069332s
Iteration 16
time: 0.062415s
Iteration 17
time: 0.060282s
Iteration 18
time: 0.059409s
Iteration 19
time: 0.060037s
Iteration 20
time: 0.061034s
Iteration 21
time: 0.060041s
Iteration 22
time: 0.062522s
Iteration 23
time: 0.061952s
Iteration 24
time: 0.062380s
0: Starting numprocs=8 N=4000, M=4000 impl=allgather
Iteration 0
3: Starting numprocs=8 N=4000, M=4000 impl=allgather
7: Starting numprocs=8 N=4000, M=4000 impl=allgather
6: Starting numprocs=8 N=4000, M=4000 impl=allgather
2: Starting numprocs=8 N=4000, M=4000 impl=allgather
5: Starting numprocs=8 N=4000, M=4000 impl=allgather
4: Starting numprocs=8 N=4000, M=4000 impl=allgather
1: Starting numprocs=8 N=4000, M=4000 impl=allgather
time: 0.141581s
Iteration 1
time: 0.133147s
Iteration 2
time: 0.133560s
Iteration 3
time: 0.132124s
Iteration 4
time: 0.131777s
Iteration 5
time: 0.130781s
Iteration 6
time: 0.139936s
Iteration 7
time: 0.130729s
Iteration 8
time: 0.130518s
Iteration 9
time: 0.129874s
Iteration 10
time: 0.129809s
Iteration 11
time: 0.130762s
Iteration 12
time: 0.132274s
Iteration 13
time: 0.133721s
Iteration 14
time: 0.128257s
Iteration 15
time: 0.128704s
Iteration 16
time: 0.126653s
Iteration 17
time: 0.127013s
Iteration 18
time: 0.127125s
Iteration 19
time: 0.126236s
Iteration 20
time: 0.127278s
Iteration 21
time: 0.126248s
Iteration 22
time: 0.126430s
Iteration 23
time: 0.125920s
Iteration 24
time: 0.126155s
3: Starting numprocs=8 N=4000, M=4000 impl=allreduce
0: Starting numprocs=8 N=4000, M=4000 impl=allreduce
Iteration 0
2: Starting numprocs=8 N=4000, M=4000 impl=allreduce
5: Starting numprocs=8 N=4000, M=4000 impl=allreduce
6: Starting numprocs=8 N=4000, M=4000 impl=allreduce
7: Starting numprocs=8 N=4000, M=4000 impl=allreduce
4: Starting numprocs=8 N=4000, M=4000 impl=allreduce
1: Starting numprocs=8 N=4000, M=4000 impl=allreduce
time: 0.374472s
Iteration 1
time: 0.339759s
Iteration 2
time: 0.338762s
Iteration 3
time: 0.348470s
Iteration 4
time: 0.339341s
Iteration 5
time: 0.332547s
Iteration 6
time: 0.333826s
Iteration 7
time: 0.351075s
Iteration 8
time: 0.327474s
Iteration 9
time: 0.335607s
Iteration 10
time: 0.338501s
Iteration 11
time: 0.324630s
Iteration 12
time: 0.329416s
Iteration 13
time: 0.335928s
Iteration 14
time: 0.331873s
Iteration 15
time: 0.340423s
Iteration 16
time: 0.335864s
Iteration 17
time: 0.335792s
Iteration 18
time: 0.336301s
Iteration 19
time: 0.337469s
Iteration 20
time: 0.344694s
Iteration 21
time: 0.333109s
Iteration 22
time: 0.345928s
Iteration 23
time: 0.341825s
Iteration 24
time: 0.334573s
3: Starting numprocs=8 N=4000, M=4000 impl=allreduce-ring
2: Starting numprocs=8 N=4000, M=4000 impl=allreduce-ring
0: Starting numprocs=8 N=4000, M=4000 impl=allreduce-ring
Iteration 0
6: Starting numprocs=8 N=4000, M=4000 impl=allreduce-ring
5: Starting numprocs=8 N=4000, M=4000 impl=allreduce-ring
7: Starting numprocs=8 N=4000, M=4000 impl=allreduce-ring
4: Starting numprocs=8 N=4000, M=4000 impl=allreduce-ring
1: Starting numprocs=8 N=4000, M=4000 impl=allreduce-ring
time: 0.255134s
Iteration 1
time: 0.226286s
Iteration 2
time: 0.232031s
Iteration 3
time: 0.229589s
Iteration 4
time: 0.230085s
Iteration 5
time: 0.221346s
Iteration 6
time: 0.226059s
Iteration 7
time: 0.223707s
Iteration 8
time: 0.225063s
Iteration 9
time: 0.232751s
Iteration 10
time: 0.226960s
Iteration 11
time: 0.231268s
Iteration 12
time: 0.220400s
Iteration 13
time: 0.231461s
Iteration 14
time: 0.227086s
Iteration 15
time: 0.222908s
Iteration 16
time: 0.221345s
Iteration 17
time: 0.232386s
Iteration 18
time: 0.232025s
Iteration 19
time: 0.230347s
Iteration 20
time: 0.233501s
Iteration 21
time: 0.224856s
Iteration 22
time: 0.224169s
Iteration 23
time: 0.224806s
Iteration 24
time: 0.235844s
3: Starting numprocs=8 N=4000, M=4000 impl=g-rabenseifner-allgather
0: Starting numprocs=8 N=4000, M=4000 impl=g-rabenseifner-allgather
Iteration 0
6: Starting numprocs=8 N=4000, M=4000 impl=g-rabenseifner-allgather
2: Starting numprocs=8 N=4000, M=4000 impl=g-rabenseifner-allgather
4: Starting numprocs=8 N=4000, M=4000 impl=g-rabenseifner-allgather
7: Starting numprocs=8 N=4000, M=4000 impl=g-rabenseifner-allgather
5: Starting numprocs=8 N=4000, M=4000 impl=g-rabenseifner-allgather
1: Starting numprocs=8 N=4000, M=4000 impl=g-rabenseifner-allgather
time: 0.126938s
Iteration 1
time: 0.109916s
Iteration 2
time: 0.109502s
Iteration 3
time: 0.109418s
Iteration 4
time: 0.109357s
Iteration 5
time: 0.109557s
Iteration 6
time: 0.109348s
Iteration 7
time: 0.109515s
Iteration 8
time: 0.109731s
Iteration 9
time: 0.109807s
Iteration 10
time: 0.110251s
Iteration 11
time: 0.109448s
Iteration 12
time: 0.108986s
Iteration 13
time: 0.108917s
Iteration 14
time: 0.108563s
Iteration 15
time: 0.109345s
Iteration 16
time: 0.109252s
Iteration 17
time: 0.109065s
Iteration 18
time: 0.109468s
Iteration 19
time: 0.110070s
Iteration 20
time: 0.108867s
Iteration 21
time: 0.109624s
Iteration 22
time: 0.109498s
Iteration 23
time: 0.109383s
Iteration 24
time: 0.109334s
6: Starting numprocs=8 N=4000, M=4000 impl=g-rabenseifner-subgroup-2
3: Starting numprocs=8 N=4000, M=4000 impl=g-rabenseifner-subgroup-2
0: Starting numprocs=8 N=4000, M=4000 impl=g-rabenseifner-subgroup-2
Iteration 0
7: Starting numprocs=8 N=4000, M=4000 impl=g-rabenseifner-subgroup-2
4: Starting numprocs=8 N=4000, M=4000 impl=g-rabenseifner-subgroup-2
5: Starting numprocs=8 N=4000, M=4000 impl=g-rabenseifner-subgroup-2
2: Starting numprocs=8 N=4000, M=4000 impl=g-rabenseifner-subgroup-2
1: Starting numprocs=8 N=4000, M=4000 impl=g-rabenseifner-subgroup-2
time: 0.136282s
Iteration 1
time: 0.110281s
Iteration 2
time: 0.110248s
Iteration 3
time: 0.109686s
Iteration 4
time: 0.109441s
Iteration 5
time: 0.109404s
Iteration 6
time: 0.109908s
Iteration 7
time: 0.110496s
Iteration 8
time: 0.112922s
Iteration 9
time: 0.108979s
Iteration 10
time: 0.109375s
Iteration 11
time: 0.108606s
Iteration 12
time: 0.109751s
Iteration 13
time: 0.110180s
Iteration 14
time: 0.109742s
Iteration 15
time: 0.109555s
Iteration 16
time: 0.111610s
Iteration 17
time: 0.110281s
Iteration 18
time: 0.109541s
Iteration 19
time: 0.109400s
Iteration 20
time: 0.108058s
Iteration 21
time: 0.108053s
Iteration 22
time: 0.108250s
Iteration 23
time: 0.109355s
Iteration 24
time: 0.108715s
0: Starting numprocs=8 N=4000, M=4000 impl=g-rabenseifner-subgroup-4
Iteration 0
3: Starting numprocs=8 N=4000, M=4000 impl=g-rabenseifner-subgroup-4
6: Starting numprocs=8 N=4000, M=4000 impl=g-rabenseifner-subgroup-4
2: Starting numprocs=8 N=4000, M=4000 impl=g-rabenseifner-subgroup-4
5: Starting numprocs=8 N=4000, M=4000 impl=g-rabenseifner-subgroup-4
4: Starting numprocs=8 N=4000, M=4000 impl=g-rabenseifner-subgroup-4
7: Starting numprocs=8 N=4000, M=4000 impl=g-rabenseifner-subgroup-4
1: Starting numprocs=8 N=4000, M=4000 impl=g-rabenseifner-subgroup-4
time: 0.128603s
Iteration 1
time: 0.109696s
Iteration 2
time: 0.110873s
Iteration 3
time: 0.109601s
Iteration 4
time: 0.112155s
Iteration 5
time: 0.110320s
Iteration 6
time: 0.108404s
Iteration 7
time: 0.108259s
Iteration 8
time: 0.111915s
Iteration 9
time: 0.112194s
Iteration 10
time: 0.109195s
Iteration 11
time: 0.111002s
Iteration 12
time: 0.108653s
Iteration 13
time: 0.111742s
Iteration 14
time: 0.109150s
Iteration 15
time: 0.108756s
Iteration 16
time: 0.107489s
Iteration 17
time: 0.111353s
Iteration 18
time: 0.108715s
Iteration 19
time: 0.108390s
Iteration 20
time: 0.108408s
Iteration 21
time: 0.110872s
Iteration 22
time: 0.109364s
Iteration 23
time: 0.107995s
Iteration 24
time: 0.110009s
6: Starting numprocs=8 N=4000, M=4000 impl=g-rabenseifner-subgroup-8
0: Starting numprocs=8 N=4000, M=4000 impl=g-rabenseifner-subgroup-8
Iteration 0
2: Starting numprocs=8 N=4000, M=4000 impl=g-rabenseifner-subgroup-8
3: Starting numprocs=8 N=4000, M=4000 impl=g-rabenseifner-subgroup-8
5: Starting numprocs=8 N=4000, M=4000 impl=g-rabenseifner-subgroup-8
7: Starting numprocs=8 N=4000, M=4000 impl=g-rabenseifner-subgroup-8
4: Starting numprocs=8 N=4000, M=4000 impl=g-rabenseifner-subgroup-8
1: Starting numprocs=8 N=4000, M=4000 impl=g-rabenseifner-subgroup-8
time: 0.117821s
Iteration 1
time: 0.104288s
Iteration 2
time: 0.109953s
Iteration 3
time: 0.107861s
Iteration 4
time: 0.108923s
Iteration 5
time: 0.107531s
Iteration 6
time: 0.109946s
Iteration 7
time: 0.106623s
Iteration 8
time: 0.108044s
Iteration 9
time: 0.106328s
Iteration 10
time: 0.109240s
Iteration 11
time: 0.109962s
Iteration 12
time: 0.106512s
Iteration 13
time: 0.108676s
Iteration 14
time: 0.108644s
Iteration 15
time: 0.108132s
Iteration 16
time: 0.107679s
Iteration 17
time: 0.107405s
Iteration 18
time: 0.111143s
Iteration 19
time: 0.107729s
Iteration 20
time: 0.108026s
Iteration 21
time: 0.108432s
Iteration 22
time: 0.106728s
Iteration 23
time: 0.108281s
Iteration 24
time: 0.108214s
0: Starting numprocs=8 N=5000, M=5000 impl=allgather
Iteration 0
6: Starting numprocs=8 N=5000, M=5000 impl=allgather
3: Starting numprocs=8 N=5000, M=5000 impl=allgather
7: Starting numprocs=8 N=5000, M=5000 impl=allgather
2: Starting numprocs=8 N=5000, M=5000 impl=allgather
5: Starting numprocs=8 N=5000, M=5000 impl=allgather
4: Starting numprocs=8 N=5000, M=5000 impl=allgather
1: Starting numprocs=8 N=5000, M=5000 impl=allgather
time: 0.234061s
Iteration 1
time: 0.214705s
Iteration 2
time: 0.219704s
Iteration 3
time: 0.215076s
Iteration 4
time: 0.214463s
Iteration 5
time: 0.228177s
Iteration 6
time: 0.213907s
Iteration 7
time: 0.229179s
Iteration 8
time: 0.227452s
Iteration 9
time: 0.213983s
Iteration 10
time: 0.230108s
Iteration 11
time: 0.231527s
Iteration 12
time: 0.214239s
Iteration 13
time: 0.227017s
Iteration 14
time: 0.227910s
Iteration 15
time: 0.212933s
Iteration 16
time: 0.229733s
Iteration 17
time: 0.212111s
Iteration 18
time: 0.222055s
Iteration 19
time: 0.221326s
Iteration 20
time: 0.214206s
Iteration 21
time: 0.228809s
Iteration 22
time: 0.215836s
Iteration 23
time: 0.230281s
Iteration 24
time: 0.214198s
0: Starting numprocs=8 N=5000, M=5000 impl=allreduce
Iteration 0
3: Starting numprocs=8 N=5000, M=5000 impl=allreduce
6: Starting numprocs=8 N=5000, M=5000 impl=allreduce
2: Starting numprocs=8 N=5000, M=5000 impl=allreduce
4: Starting numprocs=8 N=5000, M=5000 impl=allreduce
5: Starting numprocs=8 N=5000, M=5000 impl=allreduce
7: Starting numprocs=8 N=5000, M=5000 impl=allreduce
1: Starting numprocs=8 N=5000, M=5000 impl=allreduce
time: 0.582829s
Iteration 1
time: 0.542740s
Iteration 2
time: 0.511322s
Iteration 3
time: 0.527280s
Iteration 4
time: 0.556642s
Iteration 5
time: 0.516692s
Iteration 6
time: 0.514437s
Iteration 7
time: 0.519943s
Iteration 8
time: 0.532034s
Iteration 9
time: 0.518663s
Iteration 10
time: 0.534188s
Iteration 11
time: 0.516692s
Iteration 12
time: 0.511561s
Iteration 13
time: 0.533940s
Iteration 14
time: 0.525332s
Iteration 15
time: 0.511246s
Iteration 16
time: 0.526382s
Iteration 17
time: 0.559180s
Iteration 18
time: 0.522133s
Iteration 19
time: 0.522457s
Iteration 20
time: 0.513264s
Iteration 21
time: 0.511880s
Iteration 22
time: 0.534510s
Iteration 23
time: 0.524045s
Iteration 24
time: 0.512531s
0: Starting numprocs=8 N=5000, M=5000 impl=allreduce-ring
Iteration 0
3: Starting numprocs=8 N=5000, M=5000 impl=allreduce-ring
6: Starting numprocs=8 N=5000, M=5000 impl=allreduce-ring
7: Starting numprocs=8 N=5000, M=5000 impl=allreduce-ring
5: Starting numprocs=8 N=5000, M=5000 impl=allreduce-ring
4: Starting numprocs=8 N=5000, M=5000 impl=allreduce-ring
2: Starting numprocs=8 N=5000, M=5000 impl=allreduce-ring
1: Starting numprocs=8 N=5000, M=5000 impl=allreduce-ring
time: 0.394726s
Iteration 1
time: 0.346081s
Iteration 2
time: 0.362047s
Iteration 3
time: 2.494385s
Iteration 4
time: 0.342666s
Iteration 5
time: 0.361046s
Iteration 6
time: 0.363088s
Iteration 7
time: 0.363460s
Iteration 8
time: 0.349436s
Iteration 9
time: 0.363727s
Iteration 10
time: 0.352500s
Iteration 11
time: 0.349515s
Iteration 12
time: 0.350200s
Iteration 13
time: 0.354451s
Iteration 14
time: 0.349297s
Iteration 15
time: 0.355167s
Iteration 16
time: 0.354866s
Iteration 17
time: 0.347107s
Iteration 18
time: 0.353870s
Iteration 19
time: 0.353665s
Iteration 20
time: 0.357427s
Iteration 21
time: 0.352017s
Iteration 22
time: 0.360417s
Iteration 23
time: 0.350826s
Iteration 24
time: 0.358755s
0: Starting numprocs=8 N=5000, M=5000 impl=g-rabenseifner-allgather
Iteration 0
3: Starting numprocs=8 N=5000, M=5000 impl=g-rabenseifner-allgather
2: Starting numprocs=8 N=5000, M=5000 impl=g-rabenseifner-allgather
6: Starting numprocs=8 N=5000, M=5000 impl=g-rabenseifner-allgather
7: Starting numprocs=8 N=5000, M=5000 impl=g-rabenseifner-allgather
5: Starting numprocs=8 N=5000, M=5000 impl=g-rabenseifner-allgather
4: Starting numprocs=8 N=5000, M=5000 impl=g-rabenseifner-allgather
1: Starting numprocs=8 N=5000, M=5000 impl=g-rabenseifner-allgather
time: 0.201289s
Iteration 1
time: 0.170279s
Iteration 2
time: 0.171462s
Iteration 3
time: 0.171100s
Iteration 4
time: 0.170113s
Iteration 5
time: 0.171390s
Iteration 6
time: 0.171497s
Iteration 7
time: 0.170509s
Iteration 8
time: 0.169757s
Iteration 9
time: 0.170002s
Iteration 10
time: 0.171219s
Iteration 11
time: 0.171333s
Iteration 12
time: 0.171576s
Iteration 13
time: 0.171474s
Iteration 14
time: 0.170803s
Iteration 15
time: 0.170054s
Iteration 16
time: 0.170998s
Iteration 17
time: 0.170893s
Iteration 18
time: 0.170592s
Iteration 19
time: 0.170769s
Iteration 20
time: 0.172724s
Iteration 21
time: 0.171044s
Iteration 22
time: 0.171402s
Iteration 23
time: 0.170422s
Iteration 24
time: 0.170632s
0: Starting numprocs=8 N=5000, M=5000 impl=g-rabenseifner-subgroup-2
Iteration 0
2: Starting numprocs=8 N=5000, M=5000 impl=g-rabenseifner-subgroup-2
6: Starting numprocs=8 N=5000, M=5000 impl=g-rabenseifner-subgroup-2
3: Starting numprocs=8 N=5000, M=5000 impl=g-rabenseifner-subgroup-2
7: Starting numprocs=8 N=5000, M=5000 impl=g-rabenseifner-subgroup-2
5: Starting numprocs=8 N=5000, M=5000 impl=g-rabenseifner-subgroup-2
4: Starting numprocs=8 N=5000, M=5000 impl=g-rabenseifner-subgroup-2
1: Starting numprocs=8 N=5000, M=5000 impl=g-rabenseifner-subgroup-2
time: 0.207155s
Iteration 1
time: 0.170048s
Iteration 2
time: 0.169833s
Iteration 3
time: 0.170769s
Iteration 4
time: 0.170781s
Iteration 5
time: 0.169653s
Iteration 6
time: 0.169929s
Iteration 7
time: 0.172177s
Iteration 8
time: 0.170195s
Iteration 9
time: 0.170319s
Iteration 10
time: 0.171320s
Iteration 11
time: 0.171383s
Iteration 12
time: 0.170496s
Iteration 13
time: 0.169431s
Iteration 14
time: 0.171719s
Iteration 15
time: 0.171269s
Iteration 16
time: 0.170283s
Iteration 17
time: 0.171647s
Iteration 18
time: 0.171513s
Iteration 19
time: 0.170935s
Iteration 20
time: 0.168876s
Iteration 21
time: 0.171342s
Iteration 22
time: 0.169201s
Iteration 23
time: 0.169636s
Iteration 24
time: 0.170319s
0: Starting numprocs=8 N=5000, M=5000 impl=g-rabenseifner-subgroup-4
Iteration 0
3: Starting numprocs=8 N=5000, M=5000 impl=g-rabenseifner-subgroup-4
6: Starting numprocs=8 N=5000, M=5000 impl=g-rabenseifner-subgroup-4
2: Starting numprocs=8 N=5000, M=5000 impl=g-rabenseifner-subgroup-4
5: Starting numprocs=8 N=5000, M=5000 impl=g-rabenseifner-subgroup-4
7: Starting numprocs=8 N=5000, M=5000 impl=g-rabenseifner-subgroup-4
4: Starting numprocs=8 N=5000, M=5000 impl=g-rabenseifner-subgroup-4
1: Starting numprocs=8 N=5000, M=5000 impl=g-rabenseifner-subgroup-4
time: 0.189815s
Iteration 1
time: 0.170805s
Iteration 2
time: 0.176988s
Iteration 3
time: 0.173687s
Iteration 4
time: 0.172474s
Iteration 5
time: 0.173214s
Iteration 6
time: 0.175546s
Iteration 7
time: 0.171813s
Iteration 8
time: 0.170269s
Iteration 9
time: 0.171686s
Iteration 10
time: 0.171058s
Iteration 11
time: 0.170184s
Iteration 12
time: 1.413472s
Iteration 13
time: 0.173115s
Iteration 14
time: 0.173352s
Iteration 15
time: 0.172317s
Iteration 16
time: 0.173361s
Iteration 17
time: 1.340650s
Iteration 18
time: 0.168745s
Iteration 19
time: 0.168594s
Iteration 20
time: 0.171298s
Iteration 21
time: 0.169337s
Iteration 22
time: 1.847770s
Iteration 23
time: 0.171152s
Iteration 24
time: 1.385471s
0: Starting numprocs=8 N=5000, M=5000 impl=g-rabenseifner-subgroup-8
Iteration 0
3: Starting numprocs=8 N=5000, M=5000 impl=g-rabenseifner-subgroup-8
2: Starting numprocs=8 N=5000, M=5000 impl=g-rabenseifner-subgroup-8
5: Starting numprocs=8 N=5000, M=5000 impl=g-rabenseifner-subgroup-8
6: Starting numprocs=8 N=5000, M=5000 impl=g-rabenseifner-subgroup-8
4: Starting numprocs=8 N=5000, M=5000 impl=g-rabenseifner-subgroup-8
7: Starting numprocs=8 N=5000, M=5000 impl=g-rabenseifner-subgroup-8
1: Starting numprocs=8 N=5000, M=5000 impl=g-rabenseifner-subgroup-8
time: 0.180693s
Iteration 1
time: 0.172705s
Iteration 2
time: 0.174079s
Iteration 3
time: 0.173543s
Iteration 4
time: 0.174131s
Iteration 5
time: 0.171200s
Iteration 6
time: 0.175165s
Iteration 7
time: 0.170839s
Iteration 8
time: 0.172169s
Iteration 9
time: 0.173488s
Iteration 10
time: 0.172932s
Iteration 11
time: 0.176267s
Iteration 12
time: 0.172286s
Iteration 13
time: 0.172394s
Iteration 14
time: 0.171106s
Iteration 15
time: 0.173578s
Iteration 16
time: 0.173201s
Iteration 17
time: 0.172282s
Iteration 18
time: 0.173003s
Iteration 19
time: 0.172853s
Iteration 20
time: 0.175713s
Iteration 21
time: 0.171832s
Iteration 22
time: 0.177668s
Iteration 23
time: 0.176643s
Iteration 24
time: 0.175808s
6: Starting numprocs=8 N=6000, M=6000 impl=allgather
0: Starting numprocs=8 N=6000, M=6000 impl=allgather
Iteration 0
3: Starting numprocs=8 N=6000, M=6000 impl=allgather
2: Starting numprocs=8 N=6000, M=6000 impl=allgather
4: Starting numprocs=8 N=6000, M=6000 impl=allgather
7: Starting numprocs=8 N=6000, M=6000 impl=allgather
5: Starting numprocs=8 N=6000, M=6000 impl=allgather
1: Starting numprocs=8 N=6000, M=6000 impl=allgather
time: 0.324792s
Iteration 1
time: 0.330465s
Iteration 2
time: 0.328766s
Iteration 3
time: 0.322116s
Iteration 4
time: 0.314200s
Iteration 5
time: 0.314680s
Iteration 6
time: 0.313599s
Iteration 7
time: 0.315291s
Iteration 8
time: 0.323255s
Iteration 9
time: 0.330052s
Iteration 10
time: 0.328790s
Iteration 11
time: 0.328176s
Iteration 12
time: 0.315220s
Iteration 13
time: 0.316096s
Iteration 14
time: 0.329605s
Iteration 15
time: 0.328634s
Iteration 16
time: 0.313690s
Iteration 17
time: 0.314811s
Iteration 18
time: 0.315397s
Iteration 19
time: 0.329592s
Iteration 20
time: 0.329241s
Iteration 21
time: 0.314617s
Iteration 22
time: 0.318404s
Iteration 23
time: 0.316076s
Iteration 24
time: 0.320023s
0: Starting numprocs=8 N=6000, M=6000 impl=allreduce
Iteration 0
2: Starting numprocs=8 N=6000, M=6000 impl=allreduce
6: Starting numprocs=8 N=6000, M=6000 impl=allreduce
3: Starting numprocs=8 N=6000, M=6000 impl=allreduce
5: Starting numprocs=8 N=6000, M=6000 impl=allreduce
7: Starting numprocs=8 N=6000, M=6000 impl=allreduce
4: Starting numprocs=8 N=6000, M=6000 impl=allreduce
1: Starting numprocs=8 N=6000, M=6000 impl=allreduce
time: 0.852188s
Iteration 1
time: 0.775537s
Iteration 2
time: 0.736343s
Iteration 3
time: 0.746897s
Iteration 4
time: 0.755807s
Iteration 5
time: 0.736777s
Iteration 6
time: 0.741544s
Iteration 7
time: 0.745231s
Iteration 8
time: 0.759612s
Iteration 9
time: 0.744110s
Iteration 10
time: 0.755111s
Iteration 11
time: 0.732144s
Iteration 12
time: 0.755950s
Iteration 13
time: 0.739650s
Iteration 14
time: 0.743881s
Iteration 15
time: 0.741584s
Iteration 16
time: 0.757730s
Iteration 17
time: 0.755170s
Iteration 18
time: 0.739558s
Iteration 19
time: 0.739518s
Iteration 20
time: 0.733227s
Iteration 21
time: 0.775489s
Iteration 22
time: 0.743587s
Iteration 23
time: 0.762045s
Iteration 24
time: 0.732255s
2: Starting numprocs=8 N=6000, M=6000 impl=allreduce-ring
3: Starting numprocs=8 N=6000, M=6000 impl=allreduce-ring
0: Starting numprocs=8 N=6000, M=6000 impl=allreduce-ring
Iteration 0
6: Starting numprocs=8 N=6000, M=6000 impl=allreduce-ring
5: Starting numprocs=8 N=6000, M=6000 impl=allreduce-ring
4: Starting numprocs=8 N=6000, M=6000 impl=allreduce-ring
7: Starting numprocs=8 N=6000, M=6000 impl=allreduce-ring
1: Starting numprocs=8 N=6000, M=6000 impl=allreduce-ring
time: 0.690378s
Iteration 1
time: 0.581356s
Iteration 2
time: 0.590698s
Iteration 3
time: 0.594779s
Iteration 4
time: 0.591690s
Iteration 5
time: 0.591939s
Iteration 6
time: 0.581477s
Iteration 7
time: 0.601002s
Iteration 8
time: 0.590338s
Iteration 9
time: 0.587326s
Iteration 10
time: 0.606985s
Iteration 11
time: 0.592564s
Iteration 12
time: 0.589266s
Iteration 13
time: 0.590309s
Iteration 14
time: 0.586145s
Iteration 15
time: 0.601086s
Iteration 16
time: 0.599679s
Iteration 17
time: 0.611139s
Iteration 18
time: 0.583181s
Iteration 19
time: 0.595496s
Iteration 20
time: 0.590162s
Iteration 21
time: 0.582072s
Iteration 22
time: 0.591946s
Iteration 23
time: 0.586850s
Iteration 24
time: 0.597938s
3: Starting numprocs=8 N=6000, M=6000 impl=g-rabenseifner-allgather
0: Starting numprocs=8 N=6000, M=6000 impl=g-rabenseifner-allgather
Iteration 0
7: Starting numprocs=8 N=6000, M=6000 impl=g-rabenseifner-allgather
6: Starting numprocs=8 N=6000, M=6000 impl=g-rabenseifner-allgather
5: Starting numprocs=8 N=6000, M=6000 impl=g-rabenseifner-allgather
2: Starting numprocs=8 N=6000, M=6000 impl=g-rabenseifner-allgather
4: Starting numprocs=8 N=6000, M=6000 impl=g-rabenseifner-allgather
1: Starting numprocs=8 N=6000, M=6000 impl=g-rabenseifner-allgather
time: 0.282679s
Iteration 1
time: 0.245140s
Iteration 2
time: 0.245738s
Iteration 3
time: 0.246066s
Iteration 4
time: 0.244698s
Iteration 5
time: 0.246087s
Iteration 6
time: 0.245363s
Iteration 7
time: 0.245921s
Iteration 8
time: 0.244364s
Iteration 9
time: 0.246779s
Iteration 10
time: 0.245246s
Iteration 11
time: 0.245288s
Iteration 12
time: 0.246170s
Iteration 13
time: 0.248086s
Iteration 14
time: 0.245784s
Iteration 15
time: 0.245859s
Iteration 16
time: 0.247485s
Iteration 17
time: 0.246046s
Iteration 18
time: 0.245715s
Iteration 19
time: 0.247490s
Iteration 20
time: 0.245815s
Iteration 21
time: 0.245491s
Iteration 22
time: 0.245120s
Iteration 23
time: 0.246538s
Iteration 24
time: 0.247971s
0: Starting numprocs=8 N=6000, M=6000 impl=g-rabenseifner-subgroup-2
Iteration 0
7: Starting numprocs=8 N=6000, M=6000 impl=g-rabenseifner-subgroup-2
2: Starting numprocs=8 N=6000, M=6000 impl=g-rabenseifner-subgroup-2
6: Starting numprocs=8 N=6000, M=6000 impl=g-rabenseifner-subgroup-2
3: Starting numprocs=8 N=6000, M=6000 impl=g-rabenseifner-subgroup-2
5: Starting numprocs=8 N=6000, M=6000 impl=g-rabenseifner-subgroup-2
4: Starting numprocs=8 N=6000, M=6000 impl=g-rabenseifner-subgroup-2
1: Starting numprocs=8 N=6000, M=6000 impl=g-rabenseifner-subgroup-2
time: 0.290894s
Iteration 1
time: 0.246155s
Iteration 2
time: 0.247955s
Iteration 3
time: 0.247456s
Iteration 4
time: 0.247658s
Iteration 5
time: 0.249558s
Iteration 6
time: 0.245554s
Iteration 7
time: 0.246632s
Iteration 8
time: 0.248079s
Iteration 9
time: 0.247194s
Iteration 10
time: 0.247776s
Iteration 11
time: 0.245754s
Iteration 12
time: 0.250435s
Iteration 13
time: 0.247537s
Iteration 14
time: 0.245781s
Iteration 15
time: 0.247512s
Iteration 16
time: 0.245992s
Iteration 17
time: 0.248134s
Iteration 18
time: 0.246197s
Iteration 19
time: 0.247674s
Iteration 20
time: 0.259212s
Iteration 21
time: 0.246488s
Iteration 22
time: 0.248586s
Iteration 23
time: 0.246076s
Iteration 24
time: 0.248146s
0: Starting numprocs=8 N=6000, M=6000 impl=g-rabenseifner-subgroup-4
Iteration 0
3: Starting numprocs=8 N=6000, M=6000 impl=g-rabenseifner-subgroup-4
2: Starting numprocs=8 N=6000, M=6000 impl=g-rabenseifner-subgroup-4
7: Starting numprocs=8 N=6000, M=6000 impl=g-rabenseifner-subgroup-4
5: Starting numprocs=8 N=6000, M=6000 impl=g-rabenseifner-subgroup-4
6: Starting numprocs=8 N=6000, M=6000 impl=g-rabenseifner-subgroup-4
4: Starting numprocs=8 N=6000, M=6000 impl=g-rabenseifner-subgroup-4
1: Starting numprocs=8 N=6000, M=6000 impl=g-rabenseifner-subgroup-4
time: 0.275653s
Iteration 1
time: 0.249440s
Iteration 2
time: 0.246800s
Iteration 3
time: 0.247936s
Iteration 4
time: 0.249827s
Iteration 5
time: 0.250334s
Iteration 6
time: 0.254091s
Iteration 7
time: 0.257727s
Iteration 8
time: 0.254963s
Iteration 9
time: 0.250510s
Iteration 10
time: 0.252341s
Iteration 11
time: 0.251037s
Iteration 12
time: 0.254768s
Iteration 13
time: 0.252665s
Iteration 14
time: 0.253578s
Iteration 15
time: 0.256114s
Iteration 16
time: 0.254402s
Iteration 17
time: 0.248505s
Iteration 18
time: 0.250811s
Iteration 19
time: 0.248794s
Iteration 20
time: 0.250624s
Iteration 21
time: 0.250814s
Iteration 22
time: 0.254660s
Iteration 23
time: 0.253652s
Iteration 24
time: 0.248615s
6: Starting numprocs=8 N=6000, M=6000 impl=g-rabenseifner-subgroup-8
3: Starting numprocs=8 N=6000, M=6000 impl=g-rabenseifner-subgroup-8
5: Starting numprocs=8 N=6000, M=6000 impl=g-rabenseifner-subgroup-8
0: Starting numprocs=8 N=6000, M=6000 impl=g-rabenseifner-subgroup-8
Iteration 0
2: Starting numprocs=8 N=6000, M=6000 impl=g-rabenseifner-subgroup-8
7: Starting numprocs=8 N=6000, M=6000 impl=g-rabenseifner-subgroup-8
4: Starting numprocs=8 N=6000, M=6000 impl=g-rabenseifner-subgroup-8
1: Starting numprocs=8 N=6000, M=6000 impl=g-rabenseifner-subgroup-8
time: 0.269198s
Iteration 1
time: 0.258643s
Iteration 2
time: 0.252265s
Iteration 3
time: 0.258275s
Iteration 4
time: 0.254473s
Iteration 5
time: 0.249588s
Iteration 6
time: 0.255698s
Iteration 7
time: 0.244746s
Iteration 8
time: 0.250834s
Iteration 9
time: 0.246806s
Iteration 10
time: 0.247285s
Iteration 11
time: 0.249036s
Iteration 12
time: 0.247884s
Iteration 13
time: 0.251894s
Iteration 14
time: 0.255554s
Iteration 15
time: 0.252702s
Iteration 16
time: 0.250553s
Iteration 17
time: 0.252501s
Iteration 18
time: 0.250058s
Iteration 19
time: 0.246278s
Iteration 20
time: 0.251376s
Iteration 21
time: 0.249216s
Iteration 22
time: 0.254044s
Iteration 23
time: 0.249556s
Iteration 24
time: 0.253024s
0: Starting numprocs=8 N=7000, M=7000 impl=allgather
Iteration 0
3: Starting numprocs=8 N=7000, M=7000 impl=allgather
2: Starting numprocs=8 N=7000, M=7000 impl=allgather
5: Starting numprocs=8 N=7000, M=7000 impl=allgather
4: Starting numprocs=8 N=7000, M=7000 impl=allgather
6: Starting numprocs=8 N=7000, M=7000 impl=allgather
7: Starting numprocs=8 N=7000, M=7000 impl=allgather
1: Starting numprocs=8 N=7000, M=7000 impl=allgather
time: 0.442615s
Iteration 1
time: 0.430721s
Iteration 2
time: 0.437060s
Iteration 3
time: 0.437821s
Iteration 4
time: 0.441260s
Iteration 5
time: 0.435059s
Iteration 6
time: 0.436218s
Iteration 7
time: 0.447858s
Iteration 8
time: 0.450981s
Iteration 9
time: 0.451051s
Iteration 10
time: 0.444896s
Iteration 11
time: 0.444252s
Iteration 12
time: 0.446712s
Iteration 13
time: 0.444729s
Iteration 14
time: 0.440444s
Iteration 15
time: 0.428462s
Iteration 16
time: 0.428411s
Iteration 17
time: 0.443814s
Iteration 18
time: 0.445649s
Iteration 19
time: 0.435972s
Iteration 20
time: 0.432303s
Iteration 21
time: 0.441164s
Iteration 22
time: 0.442280s
Iteration 23
time: 0.442182s
Iteration 24
time: 0.446293s
0: Starting numprocs=8 N=7000, M=7000 impl=allreduce
Iteration 0
7: Starting numprocs=8 N=7000, M=7000 impl=allreduce
3: Starting numprocs=8 N=7000, M=7000 impl=allreduce
5: Starting numprocs=8 N=7000, M=7000 impl=allreduce
6: Starting numprocs=8 N=7000, M=7000 impl=allreduce
2: Starting numprocs=8 N=7000, M=7000 impl=allreduce
4: Starting numprocs=8 N=7000, M=7000 impl=allreduce
1: Starting numprocs=8 N=7000, M=7000 impl=allreduce
time: 1.153443s
Iteration 1
time: 1.000786s
Iteration 2
time: 0.989778s
Iteration 3
time: 1.032232s
Iteration 4
time: 1.060345s
Iteration 5
time: 1.022704s
Iteration 6
time: 1.029351s
Iteration 7
time: 1.011487s
Iteration 8
time: 1.017776s
Iteration 9
time: 0.997664s
Iteration 10
time: 1.019020s
Iteration 11
time: 1.015214s
Iteration 12
time: 1.010741s
Iteration 13
time: 1.030972s
Iteration 14
time: 1.004651s
Iteration 15
time: 1.003072s
Iteration 16
time: 1.031319s
Iteration 17
time: 1.009600s
Iteration 18
time: 1.015609s
Iteration 19
time: 1.049894s
Iteration 20
time: 1.027967s
Iteration 21
time: 1.010318s
Iteration 22
time: 1.013021s
Iteration 23
time: 1.003145s
Iteration 24
time: 1.040983s
0: Starting numprocs=8 N=7000, M=7000 impl=allreduce-ring
Iteration 0
2: Starting numprocs=8 N=7000, M=7000 impl=allreduce-ring
7: Starting numprocs=8 N=7000, M=7000 impl=allreduce-ring
3: Starting numprocs=8 N=7000, M=7000 impl=allreduce-ring
5: Starting numprocs=8 N=7000, M=7000 impl=allreduce-ring
6: Starting numprocs=8 N=7000, M=7000 impl=allreduce-ring
4: Starting numprocs=8 N=7000, M=7000 impl=allreduce-ring
1: Starting numprocs=8 N=7000, M=7000 impl=allreduce-ring
time: 0.939588s
Iteration 1
time: 0.794065s
Iteration 2
time: 0.810829s
Iteration 3
time: 0.811766s
Iteration 4
time: 0.796377s
Iteration 5
time: 0.789317s
Iteration 6
time: 0.799638s
Iteration 7
time: 0.809916s
Iteration 8
time: 0.799000s
Iteration 9
time: 0.812866s
Iteration 10
time: 0.801836s
Iteration 11
time: 0.795155s
Iteration 12
time: 0.800206s
Iteration 13
time: 0.796604s
Iteration 14
time: 0.815113s
Iteration 15
time: 0.796145s
Iteration 16
time: 0.791790s
Iteration 17
time: 0.803469s
Iteration 18
time: 0.796128s
Iteration 19
time: 0.797329s
Iteration 20
time: 0.823313s
Iteration 21
time: 0.820265s
Iteration 22
time: 0.811208s
Iteration 23
time: 0.797478s
Iteration 24
time: 0.804948s
0: Starting numprocs=8 N=7000, M=7000 impl=g-rabenseifner-allgather
Iteration 0
3: Starting numprocs=8 N=7000, M=7000 impl=g-rabenseifner-allgather
2: Starting numprocs=8 N=7000, M=7000 impl=g-rabenseifner-allgather
6: Starting numprocs=8 N=7000, M=7000 impl=g-rabenseifner-allgather
5: Starting numprocs=8 N=7000, M=7000 impl=g-rabenseifner-allgather
7: Starting numprocs=8 N=7000, M=7000 impl=g-rabenseifner-allgather
4: Starting numprocs=8 N=7000, M=7000 impl=g-rabenseifner-allgather
1: Starting numprocs=8 N=7000, M=7000 impl=g-rabenseifner-allgather
time: 0.384152s
Iteration 1
time: 0.335057s
Iteration 2
time: 0.335530s
Iteration 3
time: 0.334852s
Iteration 4
time: 0.333087s
Iteration 5
time: 0.334788s
Iteration 6
time: 0.335028s
Iteration 7
time: 0.334339s
Iteration 8
time: 0.333853s
Iteration 9
time: 0.333359s
Iteration 10
time: 0.334114s
Iteration 11
time: 0.335231s
Iteration 12
time: 0.334846s
Iteration 13
time: 0.334111s
Iteration 14
time: 0.337028s
Iteration 15
time: 0.335869s
Iteration 16
time: 0.335645s
Iteration 17
time: 0.337119s
Iteration 18
time: 0.335401s
Iteration 19
time: 0.335322s
Iteration 20
time: 0.334913s
Iteration 21
time: 0.335621s
Iteration 22
time: 0.333735s
Iteration 23
time: 0.335888s
Iteration 24
time: 0.333874s
0: Starting numprocs=8 N=7000, M=7000 impl=g-rabenseifner-subgroup-2
Iteration 0
3: Starting numprocs=8 N=7000, M=7000 impl=g-rabenseifner-subgroup-2
2: Starting numprocs=8 N=7000, M=7000 impl=g-rabenseifner-subgroup-2
7: Starting numprocs=8 N=7000, M=7000 impl=g-rabenseifner-subgroup-2
6: Starting numprocs=8 N=7000, M=7000 impl=g-rabenseifner-subgroup-2
5: Starting numprocs=8 N=7000, M=7000 impl=g-rabenseifner-subgroup-2
4: Starting numprocs=8 N=7000, M=7000 impl=g-rabenseifner-subgroup-2
1: Starting numprocs=8 N=7000, M=7000 impl=g-rabenseifner-subgroup-2
time: 0.391382s
Iteration 1
time: 0.338590s
Iteration 2
time: 0.334474s
Iteration 3
time: 0.336058s
Iteration 4
time: 0.341477s
Iteration 5
time: 0.332139s
Iteration 6
time: 0.339061s
Iteration 7
time: 0.333777s
Iteration 8
time: 0.344941s
Iteration 9
time: 0.341979s
Iteration 10
time: 0.336521s
Iteration 11
time: 0.338114s
Iteration 12
time: 0.341646s
Iteration 13
time: 0.339918s
Iteration 14
time: 0.335067s
Iteration 15
time: 0.336479s
Iteration 16
time: 0.336680s
Iteration 17
time: 0.336933s
Iteration 18
time: 0.334816s
Iteration 19
time: 0.334533s
Iteration 20
time: 0.336729s
Iteration 21
time: 0.334690s
Iteration 22
time: 0.340287s
Iteration 23
time: 0.333578s
Iteration 24
time: 0.336942s
6: Starting numprocs=8 N=7000, M=7000 impl=g-rabenseifner-subgroup-4
0: Starting numprocs=8 N=7000, M=7000 impl=g-rabenseifner-subgroup-4
Iteration 0
3: Starting numprocs=8 N=7000, M=7000 impl=g-rabenseifner-subgroup-4
2: Starting numprocs=8 N=7000, M=7000 impl=g-rabenseifner-subgroup-4
5: Starting numprocs=8 N=7000, M=7000 impl=g-rabenseifner-subgroup-4
7: Starting numprocs=8 N=7000, M=7000 impl=g-rabenseifner-subgroup-4
4: Starting numprocs=8 N=7000, M=7000 impl=g-rabenseifner-subgroup-4
1: Starting numprocs=8 N=7000, M=7000 impl=g-rabenseifner-subgroup-4
time: 0.375430s
Iteration 1
time: 0.341277s
Iteration 2
time: 0.339474s
Iteration 3
time: 0.342552s
Iteration 4
time: 0.342229s
Iteration 5
time: 0.339268s
Iteration 6
time: 0.369486s
Iteration 7
time: 0.339164s
Iteration 8
time: 0.342349s
Iteration 9
time: 0.341456s
Iteration 10
time: 0.345454s
Iteration 11
time: 0.340384s
Iteration 12
time: 0.345570s
Iteration 13
time: 0.341423s
Iteration 14
time: 0.340793s
Iteration 15
time: 0.343749s
Iteration 16
time: 0.338721s
Iteration 17
time: 0.341288s
Iteration 18
time: 0.339192s
Iteration 19
time: 0.337282s
Iteration 20
time: 0.339546s
Iteration 21
time: 0.347594s
Iteration 22
time: 0.341168s
Iteration 23
time: 0.341380s
Iteration 24
time: 0.337702s
0: Starting numprocs=8 N=7000, M=7000 impl=g-rabenseifner-subgroup-8
Iteration 0
3: Starting numprocs=8 N=7000, M=7000 impl=g-rabenseifner-subgroup-8
6: Starting numprocs=8 N=7000, M=7000 impl=g-rabenseifner-subgroup-8
7: Starting numprocs=8 N=7000, M=7000 impl=g-rabenseifner-subgroup-8
2: Starting numprocs=8 N=7000, M=7000 impl=g-rabenseifner-subgroup-8
5: Starting numprocs=8 N=7000, M=7000 impl=g-rabenseifner-subgroup-8
4: Starting numprocs=8 N=7000, M=7000 impl=g-rabenseifner-subgroup-8
1: Starting numprocs=8 N=7000, M=7000 impl=g-rabenseifner-subgroup-8
time: 0.339785s
Iteration 1
time: 0.332738s
Iteration 2
time: 0.331691s
Iteration 3
time: 0.331632s
Iteration 4
time: 0.333621s
Iteration 5
time: 0.346353s
Iteration 6
time: 0.345492s
Iteration 7
time: 0.345766s
Iteration 8
time: 0.336219s
Iteration 9
time: 0.337287s
Iteration 10
time: 0.336403s
Iteration 11
time: 0.337626s
Iteration 12
time: 0.345046s
Iteration 13
time: 0.349296s
Iteration 14
time: 0.345164s
Iteration 15
time: 0.347463s
Iteration 16
time: 0.348084s
Iteration 17
time: 0.356583s
Iteration 18
time: 0.348490s
Iteration 19
time: 0.343562s
Iteration 20
time: 0.349763s
Iteration 21
time: 0.346053s
Iteration 22
time: 0.347129s
Iteration 23
time: 0.347100s
Iteration 24
time: 0.344107s
0: Starting numprocs=8 N=8000, M=8000 impl=allgather
Iteration 0
2: Starting numprocs=8 N=8000, M=8000 impl=allgather
6: Starting numprocs=8 N=8000, M=8000 impl=allgather
3: Starting numprocs=8 N=8000, M=8000 impl=allgather
5: Starting numprocs=8 N=8000, M=8000 impl=allgather
7: Starting numprocs=8 N=8000, M=8000 impl=allgather
4: Starting numprocs=8 N=8000, M=8000 impl=allgather
1: Starting numprocs=8 N=8000, M=8000 impl=allgather
time: 0.579047s
Iteration 1
time: 0.571903s
Iteration 2
time: 0.578586s
Iteration 3
time: 0.574186s
Iteration 4
time: 0.569663s
Iteration 5
time: 0.559484s
Iteration 6
time: 0.576144s
Iteration 7
time: 0.574726s
Iteration 8
time: 0.573988s
Iteration 9
time: 0.539624s
Iteration 10
time: 0.591833s
Iteration 11
time: 0.586021s
Iteration 12
time: 0.584969s
Iteration 13
time: 0.583797s
Iteration 14
time: 0.581795s
Iteration 15
time: 0.582841s
Iteration 16
time: 0.583047s
Iteration 17
time: 0.582015s
Iteration 18
time: 0.581401s
Iteration 19
time: 0.580862s
Iteration 20
time: 0.582974s
Iteration 21
time: 0.582676s
Iteration 22
time: 0.580482s
Iteration 23
time: 0.582563s
Iteration 24
time: 0.587377s
0: Starting numprocs=8 N=8000, M=8000 impl=allreduce
Iteration 0
3: Starting numprocs=8 N=8000, M=8000 impl=allreduce
2: Starting numprocs=8 N=8000, M=8000 impl=allreduce
5: Starting numprocs=8 N=8000, M=8000 impl=allreduce
7: Starting numprocs=8 N=8000, M=8000 impl=allreduce
6: Starting numprocs=8 N=8000, M=8000 impl=allreduce
4: Starting numprocs=8 N=8000, M=8000 impl=allreduce
1: Starting numprocs=8 N=8000, M=8000 impl=allreduce
time: 1.496634s
Iteration 1
time: 1.310211s
Iteration 2
time: 1.303458s
Iteration 3
time: 1.300970s
Iteration 4
time: 1.314563s
Iteration 5
time: 1.338058s
Iteration 6
time: 1.304501s
Iteration 7
time: 1.303749s
Iteration 8
time: 1.305124s
Iteration 9
time: 1.291137s
Iteration 10
time: 1.328775s
Iteration 11
time: 1.305169s
Iteration 12
time: 1.326046s
Iteration 13
time: 1.292117s
Iteration 14
time: 1.300943s
Iteration 15
time: 1.312470s
Iteration 16
time: 1.315109s
Iteration 17
time: 1.328545s
Iteration 18
time: 1.310787s
Iteration 19
time: 1.311192s
Iteration 20
time: 1.308048s
Iteration 21
time: 1.341106s
Iteration 22
time: 1.313090s
Iteration 23
time: 1.321849s
Iteration 24
time: 1.294770s
0: Starting numprocs=8 N=8000, M=8000 impl=allreduce-ring
Iteration 0
3: Starting numprocs=8 N=8000, M=8000 impl=allreduce-ring
5: Starting numprocs=8 N=8000, M=8000 impl=allreduce-ring
2: Starting numprocs=8 N=8000, M=8000 impl=allreduce-ring
6: Starting numprocs=8 N=8000, M=8000 impl=allreduce-ring
7: Starting numprocs=8 N=8000, M=8000 impl=allreduce-ring
4: Starting numprocs=8 N=8000, M=8000 impl=allreduce-ring
1: Starting numprocs=8 N=8000, M=8000 impl=allreduce-ring
time: 1.218964s
Iteration 1
time: 1.034503s
Iteration 2
time: 1.040756s
Iteration 3
time: 1.042879s
Iteration 4
time: 1.040895s
Iteration 5
time: 1.042001s
Iteration 6
time: 1.036491s
Iteration 7
time: 1.032954s
Iteration 8
time: 1.050435s
Iteration 9
time: 1.038971s
Iteration 10
time: 1.065762s
Iteration 11
time: 1.051890s
Iteration 12
time: 1.053540s
Iteration 13
time: 1.032991s
Iteration 14
time: 1.036583s
Iteration 15
time: 1.043346s
Iteration 16
time: 1.037484s
Iteration 17
time: 1.044132s
Iteration 18
time: 1.027659s
Iteration 19
time: 1.046702s
Iteration 20
time: 1.035989s
Iteration 21
time: 1.031114s
Iteration 22
time: 1.039258s
Iteration 23
time: 1.033058s
Iteration 24
time: 1.022175s
2: Starting numprocs=8 N=8000, M=8000 impl=g-rabenseifner-allgather
3: Starting numprocs=8 N=8000, M=8000 impl=g-rabenseifner-allgather
0: Starting numprocs=8 N=8000, M=8000 impl=g-rabenseifner-allgather
Iteration 0
6: Starting numprocs=8 N=8000, M=8000 impl=g-rabenseifner-allgather
5: Starting numprocs=8 N=8000, M=8000 impl=g-rabenseifner-allgather
7: Starting numprocs=8 N=8000, M=8000 impl=g-rabenseifner-allgather
4: Starting numprocs=8 N=8000, M=8000 impl=g-rabenseifner-allgather
1: Starting numprocs=8 N=8000, M=8000 impl=g-rabenseifner-allgather
time: 0.493228s
Iteration 1
time: 0.438446s
Iteration 2
time: 0.435821s
Iteration 3
time: 0.437329s
Iteration 4
time: 0.439677s
Iteration 5
time: 0.437963s
Iteration 6
time: 0.438724s
Iteration 7
time: 0.437807s
Iteration 8
time: 0.442512s
Iteration 9
time: 0.438529s
Iteration 10
time: 0.440763s
Iteration 11
time: 0.436386s
Iteration 12
time: 0.436625s
Iteration 13
time: 0.441992s
Iteration 14
time: 0.437110s
Iteration 15
time: 0.438208s
Iteration 16
time: 0.437139s
Iteration 17
time: 0.438473s
Iteration 18
time: 0.437228s
Iteration 19
time: 0.436617s
Iteration 20
time: 0.436281s
Iteration 21
time: 0.437842s
Iteration 22
time: 0.437401s
Iteration 23
time: 0.438427s
Iteration 24
time: 0.436797s
3: Starting numprocs=8 N=8000, M=8000 impl=g-rabenseifner-subgroup-2
6: Starting numprocs=8 N=8000, M=8000 impl=g-rabenseifner-subgroup-2
0: Starting numprocs=8 N=8000, M=8000 impl=g-rabenseifner-subgroup-2
Iteration 0
7: Starting numprocs=8 N=8000, M=8000 impl=g-rabenseifner-subgroup-2
5: Starting numprocs=8 N=8000, M=8000 impl=g-rabenseifner-subgroup-2
2: Starting numprocs=8 N=8000, M=8000 impl=g-rabenseifner-subgroup-2
4: Starting numprocs=8 N=8000, M=8000 impl=g-rabenseifner-subgroup-2
1: Starting numprocs=8 N=8000, M=8000 impl=g-rabenseifner-subgroup-2
time: 0.508287s
Iteration 1
time: 0.440299s
Iteration 2
time: 0.436770s
Iteration 3
time: 0.441851s
Iteration 4
time: 0.442880s
Iteration 5
time: 0.437964s
Iteration 6
time: 0.438331s
Iteration 7
time: 0.444794s
Iteration 8
time: 0.451042s
Iteration 9
time: 0.437062s
Iteration 10
time: 0.438204s
Iteration 11
time: 0.441576s
Iteration 12
time: 0.439817s
Iteration 13
time: 0.438500s
Iteration 14
time: 0.438757s
Iteration 15
time: 0.440868s
Iteration 16
time: 0.440294s
Iteration 17
time: 0.439445s
Iteration 18
time: 0.450316s
Iteration 19
time: 0.438401s
Iteration 20
time: 0.436623s
Iteration 21
time: 0.439153s
Iteration 22
time: 0.441194s
Iteration 23
time: 0.442186s
Iteration 24
time: 0.437847s
3: Starting numprocs=8 N=8000, M=8000 impl=g-rabenseifner-subgroup-4
2: Starting numprocs=8 N=8000, M=8000 impl=g-rabenseifner-subgroup-4
5: Starting numprocs=8 N=8000, M=8000 impl=g-rabenseifner-subgroup-4
6: Starting numprocs=8 N=8000, M=8000 impl=g-rabenseifner-subgroup-4
0: Starting numprocs=8 N=8000, M=8000 impl=g-rabenseifner-subgroup-4
Iteration 0
7: Starting numprocs=8 N=8000, M=8000 impl=g-rabenseifner-subgroup-4
4: Starting numprocs=8 N=8000, M=8000 impl=g-rabenseifner-subgroup-4
1: Starting numprocs=8 N=8000, M=8000 impl=g-rabenseifner-subgroup-4
time: 0.488135s
Iteration 1
time: 0.444614s
Iteration 2
time: 0.442208s
Iteration 3
time: 0.447577s
Iteration 4
time: 0.448290s
Iteration 5
time: 0.439211s
Iteration 6
time: 0.441555s
Iteration 7
time: 0.443874s
Iteration 8
time: 0.445471s
Iteration 9
time: 0.445502s
Iteration 10
time: 0.449311s
Iteration 11
time: 0.446242s
Iteration 12
time: 0.441854s
Iteration 13
time: 0.439264s
Iteration 14
time: 0.441410s
Iteration 15
time: 0.448122s
Iteration 16
time: 0.441324s
Iteration 17
time: 0.441405s
Iteration 18
time: 0.445471s
Iteration 19
time: 0.447716s
Iteration 20
time: 0.445676s
Iteration 21
time: 0.447644s
Iteration 22
time: 0.442378s
Iteration 23
time: 0.445667s
Iteration 24
time: 0.458687s
0: Starting numprocs=8 N=8000, M=8000 impl=g-rabenseifner-subgroup-8
Iteration 0
6: Starting numprocs=8 N=8000, M=8000 impl=g-rabenseifner-subgroup-8
2: Starting numprocs=8 N=8000, M=8000 impl=g-rabenseifner-subgroup-8
3: Starting numprocs=8 N=8000, M=8000 impl=g-rabenseifner-subgroup-8
5: Starting numprocs=8 N=8000, M=8000 impl=g-rabenseifner-subgroup-8
7: Starting numprocs=8 N=8000, M=8000 impl=g-rabenseifner-subgroup-8
4: Starting numprocs=8 N=8000, M=8000 impl=g-rabenseifner-subgroup-8
1: Starting numprocs=8 N=8000, M=8000 impl=g-rabenseifner-subgroup-8
time: 0.457408s
Iteration 1
time: 0.432868s
Iteration 2
time: 0.433174s
Iteration 3
time: 0.432674s
Iteration 4
time: 0.439582s
Iteration 5
time: 0.451131s
Iteration 6
time: 0.451599s
Iteration 7
time: 0.450414s
Iteration 8
time: 0.444046s
Iteration 9
time: 0.448312s
Iteration 10
time: 0.454034s
Iteration 11
time: 0.457182s
Iteration 12
time: 0.462993s
Iteration 13
time: 0.455656s
Iteration 14
time: 0.449135s
Iteration 15
time: 0.444723s
Iteration 16
time: 0.448855s
Iteration 17
time: 0.446830s
Iteration 18
time: 0.441873s
Iteration 19
time: 0.443525s
Iteration 20
time: 0.443318s
Iteration 21
time: 0.447565s
Iteration 22
time: 0.448346s
Iteration 23
time: 0.444864s
Iteration 24
time: 0.443967s
