0: Starting numprocs=8 N=1000, M=1000 impl=allgather
Iteration 0
5: Starting numprocs=8 N=1000, M=1000 impl=allgather
7: Starting numprocs=8 N=1000, M=1000 impl=allgather
1: Starting numprocs=8 N=1000, M=1000 impl=allgather
3: Starting numprocs=8 N=1000, M=1000 impl=allgather
2: Starting numprocs=8 N=1000, M=1000 impl=allgather
6: Starting numprocs=8 N=1000, M=1000 impl=allgather
4: Starting numprocs=8 N=1000, M=1000 impl=allgather
time: 0.017879s
Iteration 1
time: 0.007538s
Iteration 2
time: 0.008033s
Iteration 3
time: 0.007529s
Iteration 4
time: 0.007536s
Iteration 5
time: 0.007443s
Iteration 6
time: 0.007547s
Iteration 7
time: 0.007651s
Iteration 8
time: 0.007680s
Iteration 9
time: 0.007627s
Iteration 10
time: 0.007600s
Iteration 11
time: 0.007548s
Iteration 12
time: 0.007478s
Iteration 13
time: 0.007327s
Iteration 14
time: 0.007565s
Iteration 15
time: 0.007793s
Iteration 16
time: 0.008337s
Iteration 17
time: 0.007729s
Iteration 18
time: 0.007773s
Iteration 19
time: 0.007744s
Iteration 20
time: 0.007749s
Iteration 21
time: 0.007701s
Iteration 22
time: 0.007673s
Iteration 23
time: 0.007668s
Iteration 24
time: 0.007696s
7: Starting numprocs=8 N=1000, M=1000 impl=allreduce
0: Starting numprocs=8 N=1000, M=1000 impl=allreduce
Iteration 0
5: Starting numprocs=8 N=1000, M=1000 impl=allreduce
6: Starting numprocs=8 N=1000, M=1000 impl=allreduce
1: Starting numprocs=8 N=1000, M=1000 impl=allreduce
3: Starting numprocs=8 N=1000, M=1000 impl=allreduce
2: Starting numprocs=8 N=1000, M=1000 impl=allreduce
4: Starting numprocs=8 N=1000, M=1000 impl=allreduce
time: 0.032547s
Iteration 1
time: 0.022041s
Iteration 2
time: 0.016002s
Iteration 3
time: 0.015778s
Iteration 4
time: 0.015756s
Iteration 5
time: 0.015823s
Iteration 6
time: 0.015638s
Iteration 7
time: 0.015730s
Iteration 8
time: 0.015930s
Iteration 9
time: 0.015669s
Iteration 10
time: 0.015728s
Iteration 11
time: 0.015679s
Iteration 12
time: 0.015623s
Iteration 13
time: 0.016106s
Iteration 14
time: 0.016381s
Iteration 15
time: 0.015824s
Iteration 16
time: 0.016511s
Iteration 17
time: 0.015898s
Iteration 18
time: 0.016181s
Iteration 19
time: 0.016030s
Iteration 20
time: 0.015883s
Iteration 21
time: 0.016252s
Iteration 22
time: 0.015730s
Iteration 23
time: 0.016977s
Iteration 24
time: 0.016110s
0: Starting numprocs=8 N=1000, M=1000 impl=allreduce-ring
Iteration 0
7: Starting numprocs=8 N=1000, M=1000 impl=allreduce-ring
1: Starting numprocs=8 N=1000, M=1000 impl=allreduce-ring
5: Starting numprocs=8 N=1000, M=1000 impl=allreduce-ring
6: Starting numprocs=8 N=1000, M=1000 impl=allreduce-ring
2: Starting numprocs=8 N=1000, M=1000 impl=allreduce-ring
3: Starting numprocs=8 N=1000, M=1000 impl=allreduce-ring
4: Starting numprocs=8 N=1000, M=1000 impl=allreduce-ring
time: 0.024607s
Iteration 1
time: 0.014275s
Iteration 2
time: 0.014128s
Iteration 3
time: 0.014258s
Iteration 4
time: 0.014089s
Iteration 5
time: 0.013812s
Iteration 6
time: 0.013944s
Iteration 7
time: 0.014121s
Iteration 8
time: 0.014590s
Iteration 9
time: 0.013892s
Iteration 10
time: 0.014855s
Iteration 11
time: 0.014092s
Iteration 12
time: 0.013941s
Iteration 13
time: 0.014299s
Iteration 14
time: 0.014462s
Iteration 15
time: 0.014283s
Iteration 16
time: 0.014008s
Iteration 17
time: 0.014452s
Iteration 18
time: 0.014367s
Iteration 19
time: 0.014126s
Iteration 20
time: 0.014020s
Iteration 21
time: 0.013893s
Iteration 22
time: 0.013982s
Iteration 23
time: 0.014390s
Iteration 24
time: 0.014109s
5: Starting numprocs=8 N=1000, M=1000 impl=g-rabenseifner-allgather
3: Starting numprocs=8 N=1000, M=1000 impl=g-rabenseifner-allgather
0: Starting numprocs=8 N=1000, M=1000 impl=g-rabenseifner-allgather
Iteration 0
2: Starting numprocs=8 N=1000, M=1000 impl=g-rabenseifner-allgather
6: Starting numprocs=8 N=1000, M=1000 impl=g-rabenseifner-allgather
7: Starting numprocs=8 N=1000, M=1000 impl=g-rabenseifner-allgather
1: Starting numprocs=8 N=1000, M=1000 impl=g-rabenseifner-allgather
4: Starting numprocs=8 N=1000, M=1000 impl=g-rabenseifner-allgather
time: 0.015515s
Iteration 1
time: 0.007342s
Iteration 2
time: 0.007059s
Iteration 3
time: 0.007030s
Iteration 4
time: 0.007045s
Iteration 5
time: 0.007027s
Iteration 6
time: 0.007354s
Iteration 7
time: 0.007016s
Iteration 8
time: 0.007135s
Iteration 9
time: 0.007044s
Iteration 10
time: 0.007083s
Iteration 11
time: 0.007049s
Iteration 12
time: 0.007017s
Iteration 13
time: 0.007063s
Iteration 14
time: 0.007023s
Iteration 15
time: 0.007052s
Iteration 16
time: 0.007051s
Iteration 17
time: 0.007071s
Iteration 18
time: 0.007045s
Iteration 19
time: 0.007510s
Iteration 20
time: 0.007054s
Iteration 21
time: 0.007123s
Iteration 22
time: 0.007063s
Iteration 23
time: 0.007498s
Iteration 24
time: 0.007051s
0: Starting numprocs=8 N=1000, M=1000 impl=g-rabenseifner-subgroup-2
Iteration 0
5: Starting numprocs=8 N=1000, M=1000 impl=g-rabenseifner-subgroup-2
7: Starting numprocs=8 N=1000, M=1000 impl=g-rabenseifner-subgroup-2
6: Starting numprocs=8 N=1000, M=1000 impl=g-rabenseifner-subgroup-2
3: Starting numprocs=8 N=1000, M=1000 impl=g-rabenseifner-subgroup-2
2: Starting numprocs=8 N=1000, M=1000 impl=g-rabenseifner-subgroup-2
1: Starting numprocs=8 N=1000, M=1000 impl=g-rabenseifner-subgroup-2
4: Starting numprocs=8 N=1000, M=1000 impl=g-rabenseifner-subgroup-2
time: 0.021950s
Iteration 1
time: 0.007229s
Iteration 2
time: 0.007180s
Iteration 3
time: 0.007193s
Iteration 4
time: 0.007168s
Iteration 5
time: 0.007164s
Iteration 6
time: 0.007159s
Iteration 7
time: 0.007112s
Iteration 8
time: 0.007272s
Iteration 9
time: 0.007179s
Iteration 10
time: 0.007235s
Iteration 11
time: 0.007271s
Iteration 12
time: 0.007261s
Iteration 13
time: 0.007248s
Iteration 14
time: 0.007241s
Iteration 15
time: 0.007347s
Iteration 16
time: 0.007281s
Iteration 17
time: 0.007298s
Iteration 18
time: 0.007267s
Iteration 19
time: 0.007266s
Iteration 20
time: 0.007355s
Iteration 21
time: 0.007248s
Iteration 22
time: 0.007316s
Iteration 23
time: 0.007262s
Iteration 24
time: 0.007256s
5: Starting numprocs=8 N=1000, M=1000 impl=g-rabenseifner-subgroup-4
7: Starting numprocs=8 N=1000, M=1000 impl=g-rabenseifner-subgroup-4
0: Starting numprocs=8 N=1000, M=1000 impl=g-rabenseifner-subgroup-4
Iteration 0
1: Starting numprocs=8 N=1000, M=1000 impl=g-rabenseifner-subgroup-4
3: Starting numprocs=8 N=1000, M=1000 impl=g-rabenseifner-subgroup-4
2: Starting numprocs=8 N=1000, M=1000 impl=g-rabenseifner-subgroup-4
4: Starting numprocs=8 N=1000, M=1000 impl=g-rabenseifner-subgroup-4
6: Starting numprocs=8 N=1000, M=1000 impl=g-rabenseifner-subgroup-4
time: 0.017599s
Iteration 1
time: 0.007293s
Iteration 2
time: 0.007270s
Iteration 3
time: 0.007288s
Iteration 4
time: 0.008012s
Iteration 5
time: 0.007325s
Iteration 6
time: 0.007294s
Iteration 7
time: 0.007366s
Iteration 8
time: 0.007670s
Iteration 9
time: 0.007428s
Iteration 10
time: 0.007517s
Iteration 11
time: 0.007561s
Iteration 12
time: 0.007599s
Iteration 13
time: 0.007577s
Iteration 14
time: 0.007561s
Iteration 15
time: 0.007345s
Iteration 16
time: 0.007348s
Iteration 17
time: 0.007337s
Iteration 18
time: 0.007423s
Iteration 19
time: 0.007407s
Iteration 20
time: 0.007417s
Iteration 21
time: 0.007418s
Iteration 22
time: 0.007388s
Iteration 23
time: 0.007414s
Iteration 24
time: 0.007504s
5: Starting numprocs=8 N=1000, M=1000 impl=g-rabenseifner-subgroup-8
7: Starting numprocs=8 N=1000, M=1000 impl=g-rabenseifner-subgroup-8
0: Starting numprocs=8 N=1000, M=1000 impl=g-rabenseifner-subgroup-8
Iteration 0
2: Starting numprocs=8 N=1000, M=1000 impl=g-rabenseifner-subgroup-8
1: Starting numprocs=8 N=1000, M=1000 impl=g-rabenseifner-subgroup-8
6: Starting numprocs=8 N=1000, M=1000 impl=g-rabenseifner-subgroup-8
3: Starting numprocs=8 N=1000, M=1000 impl=g-rabenseifner-subgroup-8
4: Starting numprocs=8 N=1000, M=1000 impl=g-rabenseifner-subgroup-8
time: 0.015160s
Iteration 1
time: 0.007603s
Iteration 2
time: 0.007015s
Iteration 3
time: 0.007224s
Iteration 4
time: 0.007329s
Iteration 5
time: 0.007243s
Iteration 6
time: 0.007192s
Iteration 7
time: 0.007226s
Iteration 8
time: 0.007182s
Iteration 9
time: 0.008208s
Iteration 10
time: 0.007150s
Iteration 11
time: 0.007093s
Iteration 12
time: 0.007097s
Iteration 13
time: 0.007081s
Iteration 14
time: 0.007062s
Iteration 15
time: 0.007117s
Iteration 16
time: 0.007310s
Iteration 17
time: 0.007289s
Iteration 18
time: 0.007243s
Iteration 19
time: 0.007240s
Iteration 20
time: 0.007210s
Iteration 21
time: 0.007209s
Iteration 22
time: 0.007253s
Iteration 23
time: 0.007152s
Iteration 24
time: 0.007705s
0: Starting numprocs=8 N=2000, M=2000 impl=allgather
Iteration 0
5: Starting numprocs=8 N=2000, M=2000 impl=allgather
3: Starting numprocs=8 N=2000, M=2000 impl=allgather
6: Starting numprocs=8 N=2000, M=2000 impl=allgather
2: Starting numprocs=8 N=2000, M=2000 impl=allgather
7: Starting numprocs=8 N=2000, M=2000 impl=allgather
1: Starting numprocs=8 N=2000, M=2000 impl=allgather
4: Starting numprocs=8 N=2000, M=2000 impl=allgather
time: 0.039334s
Iteration 1
time: 0.030190s
Iteration 2
time: 0.030536s
Iteration 3
time: 0.030952s
Iteration 4
time: 0.030933s
Iteration 5
time: 0.030364s
Iteration 6
time: 0.030857s
Iteration 7
time: 0.030398s
Iteration 8
time: 0.031386s
Iteration 9
time: 0.030896s
Iteration 10
time: 0.030280s
Iteration 11
time: 0.031069s
Iteration 12
time: 0.030837s
Iteration 13
time: 0.030479s
Iteration 14
time: 0.031063s
Iteration 15
time: 0.030942s
Iteration 16
time: 0.030413s
Iteration 17
time: 0.030309s
Iteration 18
time: 0.031608s
Iteration 19
time: 0.030869s
Iteration 20
time: 0.030307s
Iteration 21
time: 0.031354s
Iteration 22
time: 0.030923s
Iteration 23
time: 0.030480s
Iteration 24
time: 0.030747s
7: Starting numprocs=8 N=2000, M=2000 impl=allreduce
5: Starting numprocs=8 N=2000, M=2000 impl=allreduce
0: Starting numprocs=8 N=2000, M=2000 impl=allreduce
Iteration 0
6: Starting numprocs=8 N=2000, M=2000 impl=allreduce
3: Starting numprocs=8 N=2000, M=2000 impl=allreduce
2: Starting numprocs=8 N=2000, M=2000 impl=allreduce
1: Starting numprocs=8 N=2000, M=2000 impl=allreduce
4: Starting numprocs=8 N=2000, M=2000 impl=allreduce
time: 0.094764s
Iteration 1
time: 0.085182s
Iteration 2
time: 0.065375s
Iteration 3
time: 0.071966s
Iteration 4
time: 0.066968s
Iteration 5
time: 0.065916s
Iteration 6
time: 0.066542s
Iteration 7
time: 0.066535s
Iteration 8
time: 0.066944s
Iteration 9
time: 0.067348s
Iteration 10
time: 0.070146s
Iteration 11
time: 0.067130s
Iteration 12
time: 0.069283s
Iteration 13
time: 0.064033s
Iteration 14
time: 0.065539s
Iteration 15
time: 0.064304s
Iteration 16
time: 0.064745s
Iteration 17
time: 0.064790s
Iteration 18
time: 0.064820s
Iteration 19
time: 0.067845s
Iteration 20
time: 0.070010s
Iteration 21
time: 0.072215s
Iteration 22
time: 0.065683s
Iteration 23
time: 0.068506s
Iteration 24
time: 0.064816s
0: Starting numprocs=8 N=2000, M=2000 impl=allreduce-ring
Iteration 0
1: Starting numprocs=8 N=2000, M=2000 impl=allreduce-ring
2: Starting numprocs=8 N=2000, M=2000 impl=allreduce-ring
6: Starting numprocs=8 N=2000, M=2000 impl=allreduce-ring
7: Starting numprocs=8 N=2000, M=2000 impl=allreduce-ring
3: Starting numprocs=8 N=2000, M=2000 impl=allreduce-ring
5: Starting numprocs=8 N=2000, M=2000 impl=allreduce-ring
4: Starting numprocs=8 N=2000, M=2000 impl=allreduce-ring
time: 0.071084s
Iteration 1
time: 0.055051s
Iteration 2
time: 0.054491s
Iteration 3
time: 0.054844s
Iteration 4
time: 0.055631s
Iteration 5
time: 0.055909s
Iteration 6
time: 0.055604s
Iteration 7
time: 0.056776s
Iteration 8
time: 0.055848s
Iteration 9
time: 0.056894s
Iteration 10
time: 0.056210s
Iteration 11
time: 0.056092s
Iteration 12
time: 0.054324s
Iteration 13
time: 0.053864s
Iteration 14
time: 0.054907s
Iteration 15
time: 0.054443s
Iteration 16
time: 0.056117s
Iteration 17
time: 0.054899s
Iteration 18
time: 0.056460s
Iteration 19
time: 0.055292s
Iteration 20
time: 0.055919s
Iteration 21
time: 0.053895s
Iteration 22
time: 0.055078s
Iteration 23
time: 0.055006s
Iteration 24
time: 0.055222s
5: Starting numprocs=8 N=2000, M=2000 impl=g-rabenseifner-allgather
7: Starting numprocs=8 N=2000, M=2000 impl=g-rabenseifner-allgather
0: Starting numprocs=8 N=2000, M=2000 impl=g-rabenseifner-allgather
Iteration 0
2: Starting numprocs=8 N=2000, M=2000 impl=g-rabenseifner-allgather
1: Starting numprocs=8 N=2000, M=2000 impl=g-rabenseifner-allgather
3: Starting numprocs=8 N=2000, M=2000 impl=g-rabenseifner-allgather
6: Starting numprocs=8 N=2000, M=2000 impl=g-rabenseifner-allgather
4: Starting numprocs=8 N=2000, M=2000 impl=g-rabenseifner-allgather
time: 0.035234s
Iteration 1
time: 0.027673s
Iteration 2
time: 0.027872s
Iteration 3
time: 0.027696s
Iteration 4
time: 0.027657s
Iteration 5
time: 0.027688s
Iteration 6
time: 0.027652s
Iteration 7
time: 0.027502s
Iteration 8
time: 0.027510s
Iteration 9
time: 0.027658s
Iteration 10
time: 0.027852s
Iteration 11
time: 0.027673s
Iteration 12
time: 0.027863s
Iteration 13
time: 0.027633s
Iteration 14
time: 0.027682s
Iteration 15
time: 0.027666s
Iteration 16
time: 0.027629s
Iteration 17
time: 0.027970s
Iteration 18
time: 0.027544s
Iteration 19
time: 0.027752s
Iteration 20
time: 0.027912s
Iteration 21
time: 0.027604s
Iteration 22
time: 0.027490s
Iteration 23
time: 0.027483s
Iteration 24
time: 0.027888s
7: Starting numprocs=8 N=2000, M=2000 impl=g-rabenseifner-subgroup-2
5: Starting numprocs=8 N=2000, M=2000 impl=g-rabenseifner-subgroup-2
1: Starting numprocs=8 N=2000, M=2000 impl=g-rabenseifner-subgroup-2
3: Starting numprocs=8 N=2000, M=2000 impl=g-rabenseifner-subgroup-2
2: Starting numprocs=8 N=2000, M=2000 impl=g-rabenseifner-subgroup-2
0: Starting numprocs=8 N=2000, M=2000 impl=g-rabenseifner-subgroup-2
Iteration 0
6: Starting numprocs=8 N=2000, M=2000 impl=g-rabenseifner-subgroup-2
4: Starting numprocs=8 N=2000, M=2000 impl=g-rabenseifner-subgroup-2
time: 0.044335s
Iteration 1
time: 0.028098s
Iteration 2
time: 0.028003s
Iteration 3
time: 0.028301s
Iteration 4
time: 0.028091s
Iteration 5
time: 0.028000s
Iteration 6
time: 0.028571s
Iteration 7
time: 0.028664s
Iteration 8
time: 0.028482s
Iteration 9
time: 0.028461s
Iteration 10
time: 0.028627s
Iteration 11
time: 0.028258s
Iteration 12
time: 0.028046s
Iteration 13
time: 0.028188s
Iteration 14
time: 0.027896s
Iteration 15
time: 0.028009s
Iteration 16
time: 0.028182s
Iteration 17
time: 0.028200s
Iteration 18
time: 0.028254s
Iteration 19
time: 0.028003s
Iteration 20
time: 0.027855s
Iteration 21
time: 0.027873s
Iteration 22
time: 0.027869s
Iteration 23
time: 0.028027s
Iteration 24
time: 0.027983s
5: Starting numprocs=8 N=2000, M=2000 impl=g-rabenseifner-subgroup-4
7: Starting numprocs=8 N=2000, M=2000 impl=g-rabenseifner-subgroup-4
1: Starting numprocs=8 N=2000, M=2000 impl=g-rabenseifner-subgroup-4
3: Starting numprocs=8 N=2000, M=2000 impl=g-rabenseifner-subgroup-4
6: Starting numprocs=8 N=2000, M=2000 impl=g-rabenseifner-subgroup-4
2: Starting numprocs=8 N=2000, M=2000 impl=g-rabenseifner-subgroup-4
0: Starting numprocs=8 N=2000, M=2000 impl=g-rabenseifner-subgroup-4
Iteration 0
4: Starting numprocs=8 N=2000, M=2000 impl=g-rabenseifner-subgroup-4
time: 0.038540s
Iteration 1
time: 0.028997s
Iteration 2
time: 0.028869s
Iteration 3
time: 0.028870s
Iteration 4
time: 0.029099s
Iteration 5
time: 0.029122s
Iteration 6
time: 0.028625s
Iteration 7
time: 0.029065s
Iteration 8
time: 0.029073s
Iteration 9
time: 0.028841s
Iteration 10
time: 0.028423s
Iteration 11
time: 0.028374s
Iteration 12
time: 0.029005s
Iteration 13
time: 0.028751s
Iteration 14
time: 0.028579s
Iteration 15
time: 0.028557s
Iteration 16
time: 0.029522s
Iteration 17
time: 0.028748s
Iteration 18
time: 0.028598s
Iteration 19
time: 0.028767s
Iteration 20
time: 0.029280s
Iteration 21
time: 0.028793s
Iteration 22
time: 0.029051s
Iteration 23
time: 0.028693s
Iteration 24
time: 0.028716s
7: Starting numprocs=8 N=2000, M=2000 impl=g-rabenseifner-subgroup-8
5: Starting numprocs=8 N=2000, M=2000 impl=g-rabenseifner-subgroup-8
3: Starting numprocs=8 N=2000, M=2000 impl=g-rabenseifner-subgroup-8
1: Starting numprocs=8 N=2000, M=2000 impl=g-rabenseifner-subgroup-8
6: Starting numprocs=8 N=2000, M=2000 impl=g-rabenseifner-subgroup-8
2: Starting numprocs=8 N=2000, M=2000 impl=g-rabenseifner-subgroup-8
0: Starting numprocs=8 N=2000, M=2000 impl=g-rabenseifner-subgroup-8
Iteration 0
4: Starting numprocs=8 N=2000, M=2000 impl=g-rabenseifner-subgroup-8
time: 0.034873s
Iteration 1
time: 0.028253s
Iteration 2
time: 0.028877s
Iteration 3
time: 0.028098s
Iteration 4
time: 0.027839s
Iteration 5
time: 0.028011s
Iteration 6
time: 0.028027s
Iteration 7
time: 0.028163s
Iteration 8
time: 0.028067s
Iteration 9
time: 0.028760s
Iteration 10
time: 0.027945s
Iteration 11
time: 0.027945s
Iteration 12
time: 0.029074s
Iteration 13
time: 0.028691s
Iteration 14
time: 0.027945s
Iteration 15
time: 0.027978s
Iteration 16
time: 0.028391s
Iteration 17
time: 0.028112s
Iteration 18
time: 0.028014s
Iteration 19
time: 0.028408s
Iteration 20
time: 0.028631s
Iteration 21
time: 0.028055s
Iteration 22
time: 0.027853s
Iteration 23
time: 0.028464s
Iteration 24
time: 0.028763s
7: Starting numprocs=8 N=3000, M=3000 impl=allgather
5: Starting numprocs=8 N=3000, M=3000 impl=allgather
1: Starting numprocs=8 N=3000, M=3000 impl=allgather
3: Starting numprocs=8 N=3000, M=3000 impl=allgather
6: Starting numprocs=8 N=3000, M=3000 impl=allgather
2: Starting numprocs=8 N=3000, M=3000 impl=allgather
0: Starting numprocs=8 N=3000, M=3000 impl=allgather
Iteration 0
4: Starting numprocs=8 N=3000, M=3000 impl=allgather
time: 0.080936s
Iteration 1
time: 0.068742s
Iteration 2
time: 0.069758s
Iteration 3
time: 0.068917s
Iteration 4
time: 0.069187s
Iteration 5
time: 0.069202s
Iteration 6
time: 0.069609s
Iteration 7
time: 0.097902s
Iteration 8
time: 0.070293s
Iteration 9
time: 0.069775s
Iteration 10
time: 0.083228s
Iteration 11
time: 0.068957s
Iteration 12
time: 0.068698s
Iteration 13
time: 0.069249s
Iteration 14
time: 0.069312s
Iteration 15
time: 0.069074s
Iteration 16
time: 0.068655s
Iteration 17
time: 0.069995s
Iteration 18
time: 0.068147s
Iteration 19
time: 0.067902s
Iteration 20
time: 0.068768s
Iteration 21
time: 0.068789s
Iteration 22
time: 0.069173s
Iteration 23
time: 0.069824s
Iteration 24
time: 0.068374s
7: Starting numprocs=8 N=3000, M=3000 impl=allreduce
5: Starting numprocs=8 N=3000, M=3000 impl=allreduce
0: Starting numprocs=8 N=3000, M=3000 impl=allreduce
Iteration 0
2: Starting numprocs=8 N=3000, M=3000 impl=allreduce
3: Starting numprocs=8 N=3000, M=3000 impl=allreduce
6: Starting numprocs=8 N=3000, M=3000 impl=allreduce
1: Starting numprocs=8 N=3000, M=3000 impl=allreduce
4: Starting numprocs=8 N=3000, M=3000 impl=allreduce
time: 0.209834s
Iteration 1
time: 0.193045s
Iteration 2
time: 0.197850s
Iteration 3
time: 0.198540s
Iteration 4
time: 0.193063s
Iteration 5
time: 0.193179s
Iteration 6
time: 0.190592s
Iteration 7
time: 0.197624s
Iteration 8
time: 0.199072s
Iteration 9
time: 0.206877s
Iteration 10
time: 0.190517s
Iteration 11
time: 0.194854s
Iteration 12
time: 0.200177s
Iteration 13
time: 0.194893s
Iteration 14
time: 0.191718s
Iteration 15
time: 0.194814s
Iteration 16
time: 0.189951s
Iteration 17
time: 0.202821s
Iteration 18
time: 0.193811s
Iteration 19
time: 0.191914s
Iteration 20
time: 0.194136s
Iteration 21
time: 0.196989s
Iteration 22
time: 0.196962s
Iteration 23
time: 0.197648s
Iteration 24
time: 0.192435s
5: Starting numprocs=8 N=3000, M=3000 impl=allreduce-ring
1: Starting numprocs=8 N=3000, M=3000 impl=allreduce-ring
7: Starting numprocs=8 N=3000, M=3000 impl=allreduce-ring
3: Starting numprocs=8 N=3000, M=3000 impl=allreduce-ring
0: Starting numprocs=8 N=3000, M=3000 impl=allreduce-ring
Iteration 0
6: Starting numprocs=8 N=3000, M=3000 impl=allreduce-ring
2: Starting numprocs=8 N=3000, M=3000 impl=allreduce-ring
4: Starting numprocs=8 N=3000, M=3000 impl=allreduce-ring
time: 0.147384s
Iteration 1
time: 0.129901s
Iteration 2
time: 0.125617s
Iteration 3
time: 0.124543s
Iteration 4
time: 0.127660s
Iteration 5
time: 0.127462s
Iteration 6
time: 0.130312s
Iteration 7
time: 0.127737s
Iteration 8
time: 0.125667s
Iteration 9
time: 0.130958s
Iteration 10
time: 0.131186s
Iteration 11
time: 0.125416s
Iteration 12
time: 0.123081s
Iteration 13
time: 0.125440s
Iteration 14
time: 0.129393s
Iteration 15
time: 0.128309s
Iteration 16
time: 0.128302s
Iteration 17
time: 0.124646s
Iteration 18
time: 0.133003s
Iteration 19
time: 0.125948s
Iteration 20
time: 0.126949s
Iteration 21
time: 0.125749s
Iteration 22
time: 0.129398s
Iteration 23
time: 0.129406s
Iteration 24
time: 0.128144s
5: Starting numprocs=8 N=3000, M=3000 impl=g-rabenseifner-allgather
7: Starting numprocs=8 N=3000, M=3000 impl=g-rabenseifner-allgather
2: Starting numprocs=8 N=3000, M=3000 impl=g-rabenseifner-allgather
1: Starting numprocs=8 N=3000, M=3000 impl=g-rabenseifner-allgather
6: Starting numprocs=8 N=3000, M=3000 impl=g-rabenseifner-allgather
0: Starting numprocs=8 N=3000, M=3000 impl=g-rabenseifner-allgather
Iteration 0
3: Starting numprocs=8 N=3000, M=3000 impl=g-rabenseifner-allgather
4: Starting numprocs=8 N=3000, M=3000 impl=g-rabenseifner-allgather
time: 0.082004s
Iteration 1
time: 0.061990s
Iteration 2
time: 0.061773s
Iteration 3
time: 0.062016s
Iteration 4
time: 0.061831s
Iteration 5
time: 0.062293s
Iteration 6
time: 0.062056s
Iteration 7
time: 0.062131s
Iteration 8
time: 0.061795s
Iteration 9
time: 0.062233s
Iteration 10
time: 0.061768s
Iteration 11
time: 0.061663s
Iteration 12
time: 0.061898s
Iteration 13
time: 0.061473s
Iteration 14
time: 0.061847s
Iteration 15
time: 0.062189s
Iteration 16
time: 0.063097s
Iteration 17
time: 0.062014s
Iteration 18
time: 0.062086s
Iteration 19
time: 0.061538s
Iteration 20
time: 0.061721s
Iteration 21
time: 0.061969s
Iteration 22
time: 0.061932s
Iteration 23
time: 0.061911s
Iteration 24
time: 0.061807s
7: Starting numprocs=8 N=3000, M=3000 impl=g-rabenseifner-subgroup-2
5: Starting numprocs=8 N=3000, M=3000 impl=g-rabenseifner-subgroup-2
0: Starting numprocs=8 N=3000, M=3000 impl=g-rabenseifner-subgroup-2
Iteration 0
1: Starting numprocs=8 N=3000, M=3000 impl=g-rabenseifner-subgroup-2
6: Starting numprocs=8 N=3000, M=3000 impl=g-rabenseifner-subgroup-2
2: Starting numprocs=8 N=3000, M=3000 impl=g-rabenseifner-subgroup-2
3: Starting numprocs=8 N=3000, M=3000 impl=g-rabenseifner-subgroup-2
4: Starting numprocs=8 N=3000, M=3000 impl=g-rabenseifner-subgroup-2
time: 0.087241s
Iteration 1
time: 0.062671s
Iteration 2
time: 0.063936s
Iteration 3
time: 0.063528s
Iteration 4
time: 0.078697s
Iteration 5
time: 0.063197s
Iteration 6
time: 0.062863s
Iteration 7
time: 0.063022s
Iteration 8
time: 0.062889s
Iteration 9
time: 0.063147s
Iteration 10
time: 0.063236s
Iteration 11
time: 0.063984s
Iteration 12
time: 0.062915s
Iteration 13
time: 0.063389s
Iteration 14
time: 0.063408s
Iteration 15
time: 0.063054s
Iteration 16
time: 0.062794s
Iteration 17
time: 0.063371s
Iteration 18
time: 0.063582s
Iteration 19
time: 0.063802s
Iteration 20
time: 0.063225s
Iteration 21
time: 0.063387s
Iteration 22
time: 0.064546s
Iteration 23
time: 0.064035s
Iteration 24
time: 0.062916s
7: Starting numprocs=8 N=3000, M=3000 impl=g-rabenseifner-subgroup-4
5: Starting numprocs=8 N=3000, M=3000 impl=g-rabenseifner-subgroup-4
0: Starting numprocs=8 N=3000, M=3000 impl=g-rabenseifner-subgroup-4
Iteration 0
2: Starting numprocs=8 N=3000, M=3000 impl=g-rabenseifner-subgroup-4
6: Starting numprocs=8 N=3000, M=3000 impl=g-rabenseifner-subgroup-4
1: Starting numprocs=8 N=3000, M=3000 impl=g-rabenseifner-subgroup-4
3: Starting numprocs=8 N=3000, M=3000 impl=g-rabenseifner-subgroup-4
4: Starting numprocs=8 N=3000, M=3000 impl=g-rabenseifner-subgroup-4
time: 0.081154s
Iteration 1
time: 0.065002s
Iteration 2
time: 0.065244s
Iteration 3
time: 0.064420s
Iteration 4
time: 0.064852s
Iteration 5
time: 0.064801s
Iteration 6
time: 0.064790s
Iteration 7
time: 0.065008s
Iteration 8
time: 0.063276s
Iteration 9
time: 0.065808s
Iteration 10
time: 0.063616s
Iteration 11
time: 0.064574s
Iteration 12
time: 0.064959s
Iteration 13
time: 0.065022s
Iteration 14
time: 0.064977s
Iteration 15
time: 0.064713s
Iteration 16
time: 0.063638s
Iteration 17
time: 0.065103s
Iteration 18
time: 0.064216s
Iteration 19
time: 0.063446s
Iteration 20
time: 0.063479s
Iteration 21
time: 0.064472s
Iteration 22
time: 0.064854s
Iteration 23
time: 0.064285s
Iteration 24
time: 0.064800s
5: Starting numprocs=8 N=3000, M=3000 impl=g-rabenseifner-subgroup-8
2: Starting numprocs=8 N=3000, M=3000 impl=g-rabenseifner-subgroup-8
7: Starting numprocs=8 N=3000, M=3000 impl=g-rabenseifner-subgroup-8
1: Starting numprocs=8 N=3000, M=3000 impl=g-rabenseifner-subgroup-8
3: Starting numprocs=8 N=3000, M=3000 impl=g-rabenseifner-subgroup-8
6: Starting numprocs=8 N=3000, M=3000 impl=g-rabenseifner-subgroup-8
0: Starting numprocs=8 N=3000, M=3000 impl=g-rabenseifner-subgroup-8
Iteration 0
4: Starting numprocs=8 N=3000, M=3000 impl=g-rabenseifner-subgroup-8
time: 0.072205s
Iteration 1
time: 0.062618s
Iteration 2
time: 0.063220s
Iteration 3
time: 0.063509s
Iteration 4
time: 0.063663s
Iteration 5
time: 0.063694s
Iteration 6
time: 0.063494s
Iteration 7
time: 0.062646s
Iteration 8
time: 0.065188s
Iteration 9
time: 0.063597s
Iteration 10
time: 0.063075s
Iteration 11
time: 0.065000s
Iteration 12
time: 0.063164s
Iteration 13
time: 0.063110s
Iteration 14
time: 0.063685s
Iteration 15
time: 0.064059s
Iteration 16
time: 0.063471s
Iteration 17
time: 0.062849s
Iteration 18
time: 0.063022s
Iteration 19
time: 0.063894s
Iteration 20
time: 0.063513s
Iteration 21
time: 0.063823s
Iteration 22
time: 0.071165s
Iteration 23
time: 0.064704s
Iteration 24
time: 0.064298s
7: Starting numprocs=8 N=4000, M=4000 impl=allgather
5: Starting numprocs=8 N=4000, M=4000 impl=allgather
2: Starting numprocs=8 N=4000, M=4000 impl=allgather
1: Starting numprocs=8 N=4000, M=4000 impl=allgather
0: Starting numprocs=8 N=4000, M=4000 impl=allgather
Iteration 0
6: Starting numprocs=8 N=4000, M=4000 impl=allgather
3: Starting numprocs=8 N=4000, M=4000 impl=allgather
4: Starting numprocs=8 N=4000, M=4000 impl=allgather
time: 0.141229s
Iteration 1
time: 0.133472s
Iteration 2
time: 0.136073s
Iteration 3
time: 0.132776s
Iteration 4
time: 0.132575s
Iteration 5
time: 0.136547s
Iteration 6
time: 0.135344s
Iteration 7
time: 0.134948s
Iteration 8
time: 0.135438s
Iteration 9
time: 0.135007s
Iteration 10
time: 0.134462s
Iteration 11
time: 0.136902s
Iteration 12
time: 0.136800s
Iteration 13
time: 0.136558s
Iteration 14
time: 0.134660s
Iteration 15
time: 0.133766s
Iteration 16
time: 0.133803s
Iteration 17
time: 0.134065s
Iteration 18
time: 0.134540s
Iteration 19
time: 0.134555s
Iteration 20
time: 0.138888s
Iteration 21
time: 0.136846s
Iteration 22
time: 0.134358s
Iteration 23
time: 0.134299s
Iteration 24
time: 0.134615s
7: Starting numprocs=8 N=4000, M=4000 impl=allreduce
3: Starting numprocs=8 N=4000, M=4000 impl=allreduce
1: Starting numprocs=8 N=4000, M=4000 impl=allreduce
6: Starting numprocs=8 N=4000, M=4000 impl=allreduce
5: Starting numprocs=8 N=4000, M=4000 impl=allreduce
0: Starting numprocs=8 N=4000, M=4000 impl=allreduce
Iteration 0
2: Starting numprocs=8 N=4000, M=4000 impl=allreduce
4: Starting numprocs=8 N=4000, M=4000 impl=allreduce
time: 0.382923s
Iteration 1
time: 0.340352s
Iteration 2
time: 0.346837s
Iteration 3
time: 0.343400s
Iteration 4
time: 0.358194s
Iteration 5
time: 0.349007s
Iteration 6
time: 0.337682s
Iteration 7
time: 0.344528s
Iteration 8
time: 0.354788s
Iteration 9
time: 0.339322s
Iteration 10
time: 0.352339s
Iteration 11
time: 0.341150s
Iteration 12
time: 0.338547s
Iteration 13
time: 0.349701s
Iteration 14
time: 0.345980s
Iteration 15
time: 0.337920s
Iteration 16
time: 0.358037s
Iteration 17
time: 0.344685s
Iteration 18
time: 0.348808s
Iteration 19
time: 0.341358s
Iteration 20
time: 0.350775s
Iteration 21
time: 0.347457s
Iteration 22
time: 0.344250s
Iteration 23
time: 0.340793s
Iteration 24
time: 0.361459s
7: Starting numprocs=8 N=4000, M=4000 impl=allreduce-ring
1: Starting numprocs=8 N=4000, M=4000 impl=allreduce-ring
5: Starting numprocs=8 N=4000, M=4000 impl=allreduce-ring
3: Starting numprocs=8 N=4000, M=4000 impl=allreduce-ring
6: Starting numprocs=8 N=4000, M=4000 impl=allreduce-ring
0: Starting numprocs=8 N=4000, M=4000 impl=allreduce-ring
Iteration 0
2: Starting numprocs=8 N=4000, M=4000 impl=allreduce-ring
4: Starting numprocs=8 N=4000, M=4000 impl=allreduce-ring
time: 0.251677s
Iteration 1
time: 0.229717s
Iteration 2
time: 0.231083s
Iteration 3
time: 0.235381s
Iteration 4
time: 0.236783s
Iteration 5
time: 0.228479s
Iteration 6
time: 0.230202s
Iteration 7
time: 0.233100s
Iteration 8
time: 0.228454s
Iteration 9
time: 0.231554s
Iteration 10
time: 0.229219s
Iteration 11
time: 0.230301s
Iteration 12
time: 0.237118s
Iteration 13
time: 0.227852s
Iteration 14
time: 0.226756s
Iteration 15
time: 0.231116s
Iteration 16
time: 0.231380s
Iteration 17
time: 0.229562s
Iteration 18
time: 0.233160s
Iteration 19
time: 0.223118s
Iteration 20
time: 0.229331s
Iteration 21
time: 0.229408s
Iteration 22
time: 0.240699s
Iteration 23
time: 0.226925s
Iteration 24
time: 0.232610s
7: Starting numprocs=8 N=4000, M=4000 impl=g-rabenseifner-allgather
5: Starting numprocs=8 N=4000, M=4000 impl=g-rabenseifner-allgather
6: Starting numprocs=8 N=4000, M=4000 impl=g-rabenseifner-allgather
3: Starting numprocs=8 N=4000, M=4000 impl=g-rabenseifner-allgather
1: Starting numprocs=8 N=4000, M=4000 impl=g-rabenseifner-allgather
0: Starting numprocs=8 N=4000, M=4000 impl=g-rabenseifner-allgather
Iteration 0
2: Starting numprocs=8 N=4000, M=4000 impl=g-rabenseifner-allgather
4: Starting numprocs=8 N=4000, M=4000 impl=g-rabenseifner-allgather
time: 0.130924s
Iteration 1
time: 0.109702s
Iteration 2
time: 0.110055s
Iteration 3
time: 0.110273s
Iteration 4
time: 0.109692s
Iteration 5
time: 0.109453s
Iteration 6
time: 0.124425s
Iteration 7
time: 0.110095s
Iteration 8
time: 0.110242s
Iteration 9
time: 0.109919s
Iteration 10
time: 0.109469s
Iteration 11
time: 0.109379s
Iteration 12
time: 0.109776s
Iteration 13
time: 0.109919s
Iteration 14
time: 0.109822s
Iteration 15
time: 0.110850s
Iteration 16
time: 0.109344s
Iteration 17
time: 0.109642s
Iteration 18
time: 0.109876s
Iteration 19
time: 0.109911s
Iteration 20
time: 0.109428s
Iteration 21
time: 0.109580s
Iteration 22
time: 0.109974s
Iteration 23
time: 0.129969s
Iteration 24
time: 0.110732s
7: Starting numprocs=8 N=4000, M=4000 impl=g-rabenseifner-subgroup-2
1: Starting numprocs=8 N=4000, M=4000 impl=g-rabenseifner-subgroup-2
5: Starting numprocs=8 N=4000, M=4000 impl=g-rabenseifner-subgroup-2
3: Starting numprocs=8 N=4000, M=4000 impl=g-rabenseifner-subgroup-2
6: Starting numprocs=8 N=4000, M=4000 impl=g-rabenseifner-subgroup-2
0: Starting numprocs=8 N=4000, M=4000 impl=g-rabenseifner-subgroup-2
Iteration 0
2: Starting numprocs=8 N=4000, M=4000 impl=g-rabenseifner-subgroup-2
4: Starting numprocs=8 N=4000, M=4000 impl=g-rabenseifner-subgroup-2
time: 0.142339s
Iteration 1
time: 0.112166s
Iteration 2
time: 0.112700s
Iteration 3
time: 0.114015s
Iteration 4
time: 0.112239s
Iteration 5
time: 0.112345s
Iteration 6
time: 0.115095s
Iteration 7
time: 0.113865s
Iteration 8
time: 0.112108s
Iteration 9
time: 0.114674s
Iteration 10
time: 0.113415s
Iteration 11
time: 0.112505s
Iteration 12
time: 0.111889s
Iteration 13
time: 0.111962s
Iteration 14
time: 0.113184s
Iteration 15
time: 0.114986s
Iteration 16
time: 0.111615s
Iteration 17
time: 0.115113s
Iteration 18
time: 0.113505s
Iteration 19
time: 0.114433s
Iteration 20
time: 0.113760s
Iteration 21
time: 0.113294s
Iteration 22
time: 0.111273s
Iteration 23
time: 0.111527s
Iteration 24
time: 0.113707s
7: Starting numprocs=8 N=4000, M=4000 impl=g-rabenseifner-subgroup-4
5: Starting numprocs=8 N=4000, M=4000 impl=g-rabenseifner-subgroup-4
1: Starting numprocs=8 N=4000, M=4000 impl=g-rabenseifner-subgroup-4
6: Starting numprocs=8 N=4000, M=4000 impl=g-rabenseifner-subgroup-4
0: Starting numprocs=8 N=4000, M=4000 impl=g-rabenseifner-subgroup-4
Iteration 0
3: Starting numprocs=8 N=4000, M=4000 impl=g-rabenseifner-subgroup-4
2: Starting numprocs=8 N=4000, M=4000 impl=g-rabenseifner-subgroup-4
4: Starting numprocs=8 N=4000, M=4000 impl=g-rabenseifner-subgroup-4
time: 0.132367s
Iteration 1
time: 0.115187s
Iteration 2
time: 0.115139s
Iteration 3
time: 0.115213s
Iteration 4
time: 0.115882s
Iteration 5
time: 0.116567s
Iteration 6
time: 0.117207s
Iteration 7
time: 0.116045s
Iteration 8
time: 0.114860s
Iteration 9
time: 0.114728s
Iteration 10
time: 0.114432s
Iteration 11
time: 0.114918s
Iteration 12
time: 0.114866s
Iteration 13
time: 0.114941s
Iteration 14
time: 0.115150s
Iteration 15
time: 0.115028s
Iteration 16
time: 0.115717s
Iteration 17
time: 0.115475s
Iteration 18
time: 0.116170s
Iteration 19
time: 0.115427s
Iteration 20
time: 0.115292s
Iteration 21
time: 0.116977s
Iteration 22
time: 0.114204s
Iteration 23
time: 0.114050s
Iteration 24
time: 0.115313s
7: Starting numprocs=8 N=4000, M=4000 impl=g-rabenseifner-subgroup-8
1: Starting numprocs=8 N=4000, M=4000 impl=g-rabenseifner-subgroup-8
3: Starting numprocs=8 N=4000, M=4000 impl=g-rabenseifner-subgroup-8
5: Starting numprocs=8 N=4000, M=4000 impl=g-rabenseifner-subgroup-8
6: Starting numprocs=8 N=4000, M=4000 impl=g-rabenseifner-subgroup-8
0: Starting numprocs=8 N=4000, M=4000 impl=g-rabenseifner-subgroup-8
Iteration 0
2: Starting numprocs=8 N=4000, M=4000 impl=g-rabenseifner-subgroup-8
4: Starting numprocs=8 N=4000, M=4000 impl=g-rabenseifner-subgroup-8
time: 0.124757s
Iteration 1
time: 0.114596s
Iteration 2
time: 0.114381s
Iteration 3
time: 0.114336s
Iteration 4
time: 0.115325s
Iteration 5
time: 0.115043s
Iteration 6
time: 0.114736s
Iteration 7
time: 0.115718s
Iteration 8
time: 0.116910s
Iteration 9
time: 0.115440s
Iteration 10
time: 0.116891s
Iteration 11
time: 0.114271s
Iteration 12
time: 0.114855s
Iteration 13
time: 0.114461s
Iteration 14
time: 0.114479s
Iteration 15
time: 0.115872s
Iteration 16
time: 0.119176s
Iteration 17
time: 0.115578s
Iteration 18
time: 0.114799s
Iteration 19
time: 0.114637s
Iteration 20
time: 0.115726s
Iteration 21
time: 0.117473s
Iteration 22
time: 0.117334s
Iteration 23
time: 0.115303s
Iteration 24
time: 0.115799s
7: Starting numprocs=8 N=5000, M=5000 impl=allgather
3: Starting numprocs=8 N=5000, M=5000 impl=allgather
1: Starting numprocs=8 N=5000, M=5000 impl=allgather
2: Starting numprocs=8 N=5000, M=5000 impl=allgather
6: Starting numprocs=8 N=5000, M=5000 impl=allgather
5: Starting numprocs=8 N=5000, M=5000 impl=allgather
0: Starting numprocs=8 N=5000, M=5000 impl=allgather
Iteration 0
4: Starting numprocs=8 N=5000, M=5000 impl=allgather
time: 0.234681s
Iteration 1
time: 0.228668s
Iteration 2
time: 0.222724s
Iteration 3
time: 0.225296s
Iteration 4
time: 0.224612s
Iteration 5
time: 0.226269s
Iteration 6
time: 0.232563s
Iteration 7
time: 0.226128s
Iteration 8
time: 0.226583s
Iteration 9
time: 0.226267s
Iteration 10
time: 0.224455s
Iteration 11
time: 0.225024s
Iteration 12
time: 0.225301s
Iteration 13
time: 0.227782s
Iteration 14
time: 0.225781s
Iteration 15
time: 0.224303s
Iteration 16
time: 0.226249s
Iteration 17
time: 0.223082s
Iteration 18
time: 0.225266s
Iteration 19
time: 0.226120s
Iteration 20
time: 0.224250s
Iteration 21
time: 0.227887s
Iteration 22
time: 0.224869s
Iteration 23
time: 0.224562s
Iteration 24
time: 0.226000s
7: Starting numprocs=8 N=5000, M=5000 impl=allreduce
5: Starting numprocs=8 N=5000, M=5000 impl=allreduce
1: Starting numprocs=8 N=5000, M=5000 impl=allreduce
6: Starting numprocs=8 N=5000, M=5000 impl=allreduce
0: Starting numprocs=8 N=5000, M=5000 impl=allreduce
Iteration 0
3: Starting numprocs=8 N=5000, M=5000 impl=allreduce
2: Starting numprocs=8 N=5000, M=5000 impl=allreduce
4: Starting numprocs=8 N=5000, M=5000 impl=allreduce
time: 2.503613s
Iteration 1
time: 0.544599s
Iteration 2
time: 0.538337s
Iteration 3
time: 0.545925s
Iteration 4
time: 0.537735s
Iteration 5
time: 0.530174s
Iteration 6
time: 0.538171s
Iteration 7
time: 0.533008s
Iteration 8
time: 2.551369s
Iteration 9
time: 0.551445s
Iteration 10
time: 0.539687s
Iteration 11
time: 0.544116s
Iteration 12
time: 2.618261s
Iteration 13
time: 0.532047s
Iteration 14
time: 0.532033s
Iteration 15
time: 0.554700s
Iteration 16
time: 0.536971s
Iteration 17
time: 0.538994s
Iteration 18
time: 0.535213s
Iteration 19
time: 0.539257s
Iteration 20
time: 0.529211s
Iteration 21
time: 0.557541s
Iteration 22
time: 0.534830s
Iteration 23
time: 0.553645s
Iteration 24
time: 0.532126s
7: Starting numprocs=8 N=5000, M=5000 impl=allreduce-ring
1: Starting numprocs=8 N=5000, M=5000 impl=allreduce-ring
5: Starting numprocs=8 N=5000, M=5000 impl=allreduce-ring
6: Starting numprocs=8 N=5000, M=5000 impl=allreduce-ring
0: Starting numprocs=8 N=5000, M=5000 impl=allreduce-ring
Iteration 0
3: Starting numprocs=8 N=5000, M=5000 impl=allreduce-ring
2: Starting numprocs=8 N=5000, M=5000 impl=allreduce-ring
4: Starting numprocs=8 N=5000, M=5000 impl=allreduce-ring
time: 0.389762s
Iteration 1
time: 0.363812s
Iteration 2
time: 0.355388s
Iteration 3
time: 0.362082s
Iteration 4
time: 0.368125s
Iteration 5
time: 0.358268s
Iteration 6
time: 0.356269s
Iteration 7
time: 0.365199s
Iteration 8
time: 0.358285s
Iteration 9
time: 0.351079s
Iteration 10
time: 0.360017s
Iteration 11
time: 0.357621s
Iteration 12
time: 0.361054s
Iteration 13
time: 0.354295s
Iteration 14
time: 0.359834s
Iteration 15
time: 0.357959s
Iteration 16
time: 0.358274s
Iteration 17
time: 0.353030s
Iteration 18
time: 0.361187s
Iteration 19
time: 0.355445s
Iteration 20
time: 0.369226s
Iteration 21
time: 0.359631s
Iteration 22
time: 0.354169s
Iteration 23
time: 0.357031s
Iteration 24
time: 0.355508s
7: Starting numprocs=8 N=5000, M=5000 impl=g-rabenseifner-allgather
5: Starting numprocs=8 N=5000, M=5000 impl=g-rabenseifner-allgather
1: Starting numprocs=8 N=5000, M=5000 impl=g-rabenseifner-allgather
2: Starting numprocs=8 N=5000, M=5000 impl=g-rabenseifner-allgather
6: Starting numprocs=8 N=5000, M=5000 impl=g-rabenseifner-allgather
0: Starting numprocs=8 N=5000, M=5000 impl=g-rabenseifner-allgather
Iteration 0
3: Starting numprocs=8 N=5000, M=5000 impl=g-rabenseifner-allgather
4: Starting numprocs=8 N=5000, M=5000 impl=g-rabenseifner-allgather
time: 0.199158s
Iteration 1
time: 0.171186s
Iteration 2
time: 0.171087s
Iteration 3
time: 0.171768s
Iteration 4
time: 0.172909s
Iteration 5
time: 0.171485s
Iteration 6
time: 0.171917s
Iteration 7
time: 0.171747s
Iteration 8
time: 0.172062s
Iteration 9
time: 0.172575s
Iteration 10
time: 0.172048s
Iteration 11
time: 0.172229s
Iteration 12
time: 0.172031s
Iteration 13
time: 0.171689s
Iteration 14
time: 0.172396s
Iteration 15
time: 0.171121s
Iteration 16
time: 0.171035s
Iteration 17
time: 0.172681s
Iteration 18
time: 0.171846s
Iteration 19
time: 0.172163s
Iteration 20
time: 0.170681s
Iteration 21
time: 0.171772s
Iteration 22
time: 0.172614s
Iteration 23
time: 0.170776s
Iteration 24
time: 0.171707s
7: Starting numprocs=8 N=5000, M=5000 impl=g-rabenseifner-subgroup-2
1: Starting numprocs=8 N=5000, M=5000 impl=g-rabenseifner-subgroup-2
5: Starting numprocs=8 N=5000, M=5000 impl=g-rabenseifner-subgroup-2
3: Starting numprocs=8 N=5000, M=5000 impl=g-rabenseifner-subgroup-2
2: Starting numprocs=8 N=5000, M=5000 impl=g-rabenseifner-subgroup-2
0: Starting numprocs=8 N=5000, M=5000 impl=g-rabenseifner-subgroup-2
Iteration 0
6: Starting numprocs=8 N=5000, M=5000 impl=g-rabenseifner-subgroup-2
4: Starting numprocs=8 N=5000, M=5000 impl=g-rabenseifner-subgroup-2
time: 0.211707s
Iteration 1
time: 0.176950s
Iteration 2
time: 0.178255s
Iteration 3
time: 0.175311s
Iteration 4
time: 0.177379s
Iteration 5
time: 0.180850s
Iteration 6
time: 0.175669s
Iteration 7
time: 0.176490s
Iteration 8
time: 0.176966s
Iteration 9
time: 0.176237s
Iteration 10
time: 0.175963s
Iteration 11
time: 0.176358s
Iteration 12
time: 0.176351s
Iteration 13
time: 0.178579s
Iteration 14
time: 0.176465s
Iteration 15
time: 0.177044s
Iteration 16
time: 0.177030s
Iteration 17
time: 0.181386s
Iteration 18
time: 0.177304s
Iteration 19
time: 0.176945s
Iteration 20
time: 0.177139s
Iteration 21
time: 0.178196s
Iteration 22
time: 0.176295s
Iteration 23
time: 0.175081s
Iteration 24
time: 0.175087s
7: Starting numprocs=8 N=5000, M=5000 impl=g-rabenseifner-subgroup-4
1: Starting numprocs=8 N=5000, M=5000 impl=g-rabenseifner-subgroup-4
5: Starting numprocs=8 N=5000, M=5000 impl=g-rabenseifner-subgroup-4
6: Starting numprocs=8 N=5000, M=5000 impl=g-rabenseifner-subgroup-4
0: Starting numprocs=8 N=5000, M=5000 impl=g-rabenseifner-subgroup-4
Iteration 0
2: Starting numprocs=8 N=5000, M=5000 impl=g-rabenseifner-subgroup-4
3: Starting numprocs=8 N=5000, M=5000 impl=g-rabenseifner-subgroup-4
4: Starting numprocs=8 N=5000, M=5000 impl=g-rabenseifner-subgroup-4
time: 0.204320s
Iteration 1
time: 0.183698s
Iteration 2
time: 0.180693s
Iteration 3
time: 0.181898s
Iteration 4
time: 0.182623s
Iteration 5
time: 0.180712s
Iteration 6
time: 0.182568s
Iteration 7
time: 0.181946s
Iteration 8
time: 0.180603s
Iteration 9
time: 0.181335s
Iteration 10
time: 0.181241s
Iteration 11
time: 0.181965s
Iteration 12
time: 0.182744s
Iteration 13
time: 0.181489s
Iteration 14
time: 0.181686s
Iteration 15
time: 0.180873s
Iteration 16
time: 0.182600s
Iteration 17
time: 0.182132s
Iteration 18
time: 0.181877s
Iteration 19
time: 0.182176s
Iteration 20
time: 0.184438s
Iteration 21
time: 0.182394s
Iteration 22
time: 0.180967s
Iteration 23
time: 0.182910s
Iteration 24
time: 0.181210s
7: Starting numprocs=8 N=5000, M=5000 impl=g-rabenseifner-subgroup-8
5: Starting numprocs=8 N=5000, M=5000 impl=g-rabenseifner-subgroup-8
0: Starting numprocs=8 N=5000, M=5000 impl=g-rabenseifner-subgroup-8
Iteration 0
1: Starting numprocs=8 N=5000, M=5000 impl=g-rabenseifner-subgroup-8
3: Starting numprocs=8 N=5000, M=5000 impl=g-rabenseifner-subgroup-8
6: Starting numprocs=8 N=5000, M=5000 impl=g-rabenseifner-subgroup-8
2: Starting numprocs=8 N=5000, M=5000 impl=g-rabenseifner-subgroup-8
4: Starting numprocs=8 N=5000, M=5000 impl=g-rabenseifner-subgroup-8
time: 0.195232s
Iteration 1
time: 0.183794s
Iteration 2
time: 0.182626s
Iteration 3
time: 0.184009s
Iteration 4
time: 0.185473s
Iteration 5
time: 0.189803s
Iteration 6
time: 0.188218s
Iteration 7
time: 0.185985s
Iteration 8
time: 0.184185s
Iteration 9
time: 0.182853s
Iteration 10
time: 0.181265s
Iteration 11
time: 0.183161s
Iteration 12
time: 0.181841s
Iteration 13
time: 0.181482s
Iteration 14
time: 0.185036s
Iteration 15
time: 0.183074s
Iteration 16
time: 0.183477s
Iteration 17
time: 0.184132s
Iteration 18
time: 0.185565s
Iteration 19
time: 0.180011s
Iteration 20
time: 0.181000s
Iteration 21
time: 0.180964s
Iteration 22
time: 0.182728s
Iteration 23
time: 0.182322s
Iteration 24
time: 0.186449s
5: Starting numprocs=8 N=6000, M=6000 impl=allgather
1: Starting numprocs=8 N=6000, M=6000 impl=allgather
7: Starting numprocs=8 N=6000, M=6000 impl=allgather
6: Starting numprocs=8 N=6000, M=6000 impl=allgather
3: Starting numprocs=8 N=6000, M=6000 impl=allgather
2: Starting numprocs=8 N=6000, M=6000 impl=allgather
0: Starting numprocs=8 N=6000, M=6000 impl=allgather
Iteration 0
4: Starting numprocs=8 N=6000, M=6000 impl=allgather
time: 0.369678s
Iteration 1
time: 0.335054s
Iteration 2
time: 0.332796s
Iteration 3
time: 0.343047s
Iteration 4
time: 0.330252s
Iteration 5
time: 0.345003s
Iteration 6
time: 0.330951s
Iteration 7
time: 0.330241s
Iteration 8
time: 0.330551s
Iteration 9
time: 0.335396s
Iteration 10
time: 0.372224s
Iteration 11
time: 0.337474s
Iteration 12
time: 0.335529s
Iteration 13
time: 0.332237s
Iteration 14
time: 0.339606s
Iteration 15
time: 0.339279s
Iteration 16
time: 0.342763s
Iteration 17
time: 0.328830s
Iteration 18
time: 0.333770s
Iteration 19
time: 0.336359s
Iteration 20
time: 0.334889s
Iteration 21
time: 0.364222s
Iteration 22
time: 0.331891s
Iteration 23
time: 0.333454s
Iteration 24
time: 0.340389s
7: Starting numprocs=8 N=6000, M=6000 impl=allreduce
5: Starting numprocs=8 N=6000, M=6000 impl=allreduce
2: Starting numprocs=8 N=6000, M=6000 impl=allreduce
1: Starting numprocs=8 N=6000, M=6000 impl=allreduce
6: Starting numprocs=8 N=6000, M=6000 impl=allreduce
3: Starting numprocs=8 N=6000, M=6000 impl=allreduce
0: Starting numprocs=8 N=6000, M=6000 impl=allreduce
Iteration 0
4: Starting numprocs=8 N=6000, M=6000 impl=allreduce
time: 0.857243s
Iteration 1
time: 0.773921s
Iteration 2
time: 0.787482s
Iteration 3
time: 0.763980s
Iteration 4
time: 0.769873s
Iteration 5
time: 0.774473s
Iteration 6
time: 0.787408s
Iteration 7
time: 0.782621s
Iteration 8
time: 0.778145s
Iteration 9
time: 0.786074s
Iteration 10
time: 0.783288s
Iteration 11
time: 0.783599s
Iteration 12
time: 0.761728s
Iteration 13
time: 0.787767s
Iteration 14
time: 0.784014s
Iteration 15
time: 0.774179s
Iteration 16
time: 0.763604s
Iteration 17
time: 0.771318s
Iteration 18
time: 0.780142s
Iteration 19
time: 0.770368s
Iteration 20
time: 0.767359s
Iteration 21
time: 0.784868s
Iteration 22
time: 0.782547s
Iteration 23
time: 0.772340s
Iteration 24
time: 0.788931s
7: Starting numprocs=8 N=6000, M=6000 impl=allreduce-ring
5: Starting numprocs=8 N=6000, M=6000 impl=allreduce-ring
1: Starting numprocs=8 N=6000, M=6000 impl=allreduce-ring
6: Starting numprocs=8 N=6000, M=6000 impl=allreduce-ring
0: Starting numprocs=8 N=6000, M=6000 impl=allreduce-ring
Iteration 0
3: Starting numprocs=8 N=6000, M=6000 impl=allreduce-ring
2: Starting numprocs=8 N=6000, M=6000 impl=allreduce-ring
4: Starting numprocs=8 N=6000, M=6000 impl=allreduce-ring
time: 0.716884s
Iteration 1
time: 0.591697s
Iteration 2
time: 0.596322s
Iteration 3
time: 0.599832s
Iteration 4
time: 0.613863s
Iteration 5
time: 0.603242s
Iteration 6
time: 0.599822s
Iteration 7
time: 0.608737s
Iteration 8
time: 0.607650s
Iteration 9
time: 0.597840s
Iteration 10
time: 0.599895s
Iteration 11
time: 0.616837s
Iteration 12
time: 0.597714s
Iteration 13
time: 0.597860s
Iteration 14
time: 0.597474s
Iteration 15
time: 0.600589s
Iteration 16
time: 0.609551s
Iteration 17
time: 0.603528s
Iteration 18
time: 0.606929s
Iteration 19
time: 0.605140s
Iteration 20
time: 0.603847s
Iteration 21
time: 0.596133s
Iteration 22
time: 0.600913s
Iteration 23
time: 0.605205s
Iteration 24
time: 0.595367s
7: Starting numprocs=8 N=6000, M=6000 impl=g-rabenseifner-allgather
5: Starting numprocs=8 N=6000, M=6000 impl=g-rabenseifner-allgather
6: Starting numprocs=8 N=6000, M=6000 impl=g-rabenseifner-allgather
1: Starting numprocs=8 N=6000, M=6000 impl=g-rabenseifner-allgather
0: Starting numprocs=8 N=6000, M=6000 impl=g-rabenseifner-allgather
Iteration 0
2: Starting numprocs=8 N=6000, M=6000 impl=g-rabenseifner-allgather
3: Starting numprocs=8 N=6000, M=6000 impl=g-rabenseifner-allgather
4: Starting numprocs=8 N=6000, M=6000 impl=g-rabenseifner-allgather
time: 0.281665s
Iteration 1
time: 0.247071s
Iteration 2
time: 0.247617s
Iteration 3
time: 0.247603s
Iteration 4
time: 0.247688s
Iteration 5
time: 0.248482s
Iteration 6
time: 0.247587s
Iteration 7
time: 0.246982s
Iteration 8
time: 0.246941s
Iteration 9
time: 0.246849s
Iteration 10
time: 0.246283s
Iteration 11
time: 0.248182s
Iteration 12
time: 0.246821s
Iteration 13
time: 0.247598s
Iteration 14
time: 0.247981s
Iteration 15
time: 0.247852s
Iteration 16
time: 0.247289s
Iteration 17
time: 0.246929s
Iteration 18
time: 0.248403s
Iteration 19
time: 0.246690s
Iteration 20
time: 0.247007s
Iteration 21
time: 0.247108s
Iteration 22
time: 0.247943s
Iteration 23
time: 0.247976s
Iteration 24
time: 0.246509s
7: Starting numprocs=8 N=6000, M=6000 impl=g-rabenseifner-subgroup-2
5: Starting numprocs=8 N=6000, M=6000 impl=g-rabenseifner-subgroup-2
1: Starting numprocs=8 N=6000, M=6000 impl=g-rabenseifner-subgroup-2
6: Starting numprocs=8 N=6000, M=6000 impl=g-rabenseifner-subgroup-2
2: Starting numprocs=8 N=6000, M=6000 impl=g-rabenseifner-subgroup-2
3: Starting numprocs=8 N=6000, M=6000 impl=g-rabenseifner-subgroup-2
0: Starting numprocs=8 N=6000, M=6000 impl=g-rabenseifner-subgroup-2
Iteration 0
4: Starting numprocs=8 N=6000, M=6000 impl=g-rabenseifner-subgroup-2
time: 0.299529s
Iteration 1
time: 0.257691s
Iteration 2
time: 0.255773s
Iteration 3
time: 0.267799s
Iteration 4
time: 0.256412s
Iteration 5
time: 0.251650s
Iteration 6
time: 0.256553s
Iteration 7
time: 0.257675s
Iteration 8
time: 0.250441s
Iteration 9
time: 0.254087s
Iteration 10
time: 0.255277s
Iteration 11
time: 0.256318s
Iteration 12
time: 0.256404s
Iteration 13
time: 0.257892s
Iteration 14
time: 0.258192s
Iteration 15
time: 0.256955s
Iteration 16
time: 0.257958s
Iteration 17
time: 0.256264s
Iteration 18
time: 0.256261s
Iteration 19
time: 0.257310s
Iteration 20
time: 0.256304s
Iteration 21
time: 0.256124s
Iteration 22
time: 0.253336s
Iteration 23
time: 0.259604s
Iteration 24
time: 0.253244s
1: Starting numprocs=8 N=6000, M=6000 impl=g-rabenseifner-subgroup-4
5: Starting numprocs=8 N=6000, M=6000 impl=g-rabenseifner-subgroup-4
7: Starting numprocs=8 N=6000, M=6000 impl=g-rabenseifner-subgroup-4
6: Starting numprocs=8 N=6000, M=6000 impl=g-rabenseifner-subgroup-4
0: Starting numprocs=8 N=6000, M=6000 impl=g-rabenseifner-subgroup-4
Iteration 0
2: Starting numprocs=8 N=6000, M=6000 impl=g-rabenseifner-subgroup-4
3: Starting numprocs=8 N=6000, M=6000 impl=g-rabenseifner-subgroup-4
4: Starting numprocs=8 N=6000, M=6000 impl=g-rabenseifner-subgroup-4
time: 0.288741s
Iteration 1
time: 0.271635s
Iteration 2
time: 0.260620s
Iteration 3
time: 0.265690s
Iteration 4
time: 0.264129s
Iteration 5
time: 0.263959s
Iteration 6
time: 0.263209s
Iteration 7
time: 0.264374s
Iteration 8
time: 0.264487s
Iteration 9
time: 0.265393s
Iteration 10
time: 0.265041s
Iteration 11
time: 0.262682s
Iteration 12
time: 0.264711s
Iteration 13
time: 0.266308s
Iteration 14
time: 0.266231s
Iteration 15
time: 0.264570s
Iteration 16
time: 0.263630s
Iteration 17
time: 0.264525s
Iteration 18
time: 0.264501s
Iteration 19
time: 0.263731s
Iteration 20
time: 0.265620s
Iteration 21
time: 0.262500s
Iteration 22
time: 0.264094s
Iteration 23
time: 0.262428s
Iteration 24
time: 0.262549s
7: Starting numprocs=8 N=6000, M=6000 impl=g-rabenseifner-subgroup-8
5: Starting numprocs=8 N=6000, M=6000 impl=g-rabenseifner-subgroup-8
1: Starting numprocs=8 N=6000, M=6000 impl=g-rabenseifner-subgroup-8
0: Starting numprocs=8 N=6000, M=6000 impl=g-rabenseifner-subgroup-8
Iteration 0
6: Starting numprocs=8 N=6000, M=6000 impl=g-rabenseifner-subgroup-8
3: Starting numprocs=8 N=6000, M=6000 impl=g-rabenseifner-subgroup-8
2: Starting numprocs=8 N=6000, M=6000 impl=g-rabenseifner-subgroup-8
4: Starting numprocs=8 N=6000, M=6000 impl=g-rabenseifner-subgroup-8
time: 0.284848s
Iteration 1
time: 0.258962s
Iteration 2
time: 0.257699s
Iteration 3
time: 0.258375s
Iteration 4
time: 0.265147s
Iteration 5
time: 0.273859s
Iteration 6
time: 0.274078s
Iteration 7
time: 0.291106s
Iteration 8
time: 0.264472s
Iteration 9
time: 0.258831s
Iteration 10
time: 0.264303s
Iteration 11
time: 0.261168s
Iteration 12
time: 0.269079s
Iteration 13
time: 0.267545s
Iteration 14
time: 0.279418s
Iteration 15
time: 0.269858s
Iteration 16
time: 0.262230s
Iteration 17
time: 0.260504s
Iteration 18
time: 0.261916s
Iteration 19
time: 0.260680s
Iteration 20
time: 0.268991s
Iteration 21
time: 0.273200s
Iteration 22
time: 0.283553s
Iteration 23
time: 0.269986s
Iteration 24
time: 0.262433s
7: Starting numprocs=8 N=7000, M=7000 impl=allgather
1: Starting numprocs=8 N=7000, M=7000 impl=allgather
0: Starting numprocs=8 N=7000, M=7000 impl=allgather
Iteration 0
5: Starting numprocs=8 N=7000, M=7000 impl=allgather
6: Starting numprocs=8 N=7000, M=7000 impl=allgather
3: Starting numprocs=8 N=7000, M=7000 impl=allgather
2: Starting numprocs=8 N=7000, M=7000 impl=allgather
4: Starting numprocs=8 N=7000, M=7000 impl=allgather
time: 0.468363s
Iteration 1
time: 0.528944s
Iteration 2
time: 0.464826s
Iteration 3
time: 0.455602s
Iteration 4
time: 0.461062s
Iteration 5
time: 0.501041s
Iteration 6
time: 0.510248s
Iteration 7
time: 0.455339s
Iteration 8
time: 0.456027s
Iteration 9
time: 0.467225s
Iteration 10
time: 0.472887s
Iteration 11
time: 0.455461s
Iteration 12
time: 0.459302s
Iteration 13
time: 0.466391s
Iteration 14
time: 0.500717s
Iteration 15
time: 0.469157s
Iteration 16
time: 0.467434s
Iteration 17
time: 0.458786s
Iteration 18
time: 0.507747s
Iteration 19
time: 0.459247s
Iteration 20
time: 0.497002s
Iteration 21
time: 0.461783s
Iteration 22
time: 0.461680s
Iteration 23
time: 0.474617s
Iteration 24
time: 0.479747s
7: Starting numprocs=8 N=7000, M=7000 impl=allreduce
3: Starting numprocs=8 N=7000, M=7000 impl=allreduce
5: Starting numprocs=8 N=7000, M=7000 impl=allreduce
1: Starting numprocs=8 N=7000, M=7000 impl=allreduce
6: Starting numprocs=8 N=7000, M=7000 impl=allreduce
0: Starting numprocs=8 N=7000, M=7000 impl=allreduce
Iteration 0
2: Starting numprocs=8 N=7000, M=7000 impl=allreduce
4: Starting numprocs=8 N=7000, M=7000 impl=allreduce
time: 1.187568s
Iteration 1
time: 1.045020s
Iteration 2
time: 3.212360s
Iteration 3
time: 1.056735s
Iteration 4
time: 1.091928s
Iteration 5
time: 1.066655s
Iteration 6
time: 5.090614s
Iteration 7
time: 1.052734s
Iteration 8
time: 1.055059s
Iteration 9
time: 1.038446s
Iteration 10
time: 1.054719s
Iteration 11
time: 1.061098s
Iteration 12
time: 1.054114s
Iteration 13
time: 1.046808s
Iteration 14
time: 1.060753s
Iteration 15
time: 1.058463s
Iteration 16
time: 1.054353s
Iteration 17
time: 1.062107s
Iteration 18
time: 1.037268s
Iteration 19
time: 1.069936s
Iteration 20
time: 1.039481s
Iteration 21
time: 1.040385s
Iteration 22
time: 1.075893s
Iteration 23
time: 1.066849s
Iteration 24
time: 1.064746s
7: Starting numprocs=8 N=7000, M=7000 impl=allreduce-ring
1: Starting numprocs=8 N=7000, M=7000 impl=allreduce-ring
0: Starting numprocs=8 N=7000, M=7000 impl=allreduce-ring
Iteration 0
5: Starting numprocs=8 N=7000, M=7000 impl=allreduce-ring
3: Starting numprocs=8 N=7000, M=7000 impl=allreduce-ring
6: Starting numprocs=8 N=7000, M=7000 impl=allreduce-ring
2: Starting numprocs=8 N=7000, M=7000 impl=allreduce-ring
4: Starting numprocs=8 N=7000, M=7000 impl=allreduce-ring
time: 0.972077s
Iteration 1
time: 0.816809s
Iteration 2
time: 0.830865s
Iteration 3
time: 0.828449s
Iteration 4
time: 0.897696s
Iteration 5
time: 0.830667s
Iteration 6
time: 0.817435s
Iteration 7
time: 0.819542s
Iteration 8
time: 0.813603s
Iteration 9
time: 0.822325s
Iteration 10
time: 0.829143s
Iteration 11
time: 0.831695s
Iteration 12
time: 0.815973s
Iteration 13
time: 0.833364s
Iteration 14
time: 0.821049s
Iteration 15
time: 0.820766s
Iteration 16
time: 0.823658s
Iteration 17
time: 0.825026s
Iteration 18
time: 0.822218s
Iteration 19
time: 0.827029s
Iteration 20
time: 0.821304s
Iteration 21
time: 0.840279s
Iteration 22
time: 0.820560s
Iteration 23
time: 0.822964s
Iteration 24
time: 0.812503s
5: Starting numprocs=8 N=7000, M=7000 impl=g-rabenseifner-allgather
3: Starting numprocs=8 N=7000, M=7000 impl=g-rabenseifner-allgather
1: Starting numprocs=8 N=7000, M=7000 impl=g-rabenseifner-allgather
6: Starting numprocs=8 N=7000, M=7000 impl=g-rabenseifner-allgather
0: Starting numprocs=8 N=7000, M=7000 impl=g-rabenseifner-allgather
Iteration 0
2: Starting numprocs=8 N=7000, M=7000 impl=g-rabenseifner-allgather
7: Starting numprocs=8 N=7000, M=7000 impl=g-rabenseifner-allgather
4: Starting numprocs=8 N=7000, M=7000 impl=g-rabenseifner-allgather
time: 0.381174s
Iteration 1
time: 0.336226s
Iteration 2
time: 0.338146s
Iteration 3
time: 0.336705s
Iteration 4
time: 0.336592s
Iteration 5
time: 0.338405s
Iteration 6
time: 0.338785s
Iteration 7
time: 0.336112s
Iteration 8
time: 0.336203s
Iteration 9
time: 0.336018s
Iteration 10
time: 0.336245s
Iteration 11
time: 0.337953s
Iteration 12
time: 0.336341s
Iteration 13
time: 0.339488s
Iteration 14
time: 0.339035s
Iteration 15
time: 0.337537s
Iteration 16
time: 0.337010s
Iteration 17
time: 0.337927s
Iteration 18
time: 0.337484s
Iteration 19
time: 0.336999s
Iteration 20
time: 0.337469s
Iteration 21
time: 0.335736s
Iteration 22
time: 0.336850s
Iteration 23
time: 0.334855s
Iteration 24
time: 0.338264s
7: Starting numprocs=8 N=7000, M=7000 impl=g-rabenseifner-subgroup-2
5: Starting numprocs=8 N=7000, M=7000 impl=g-rabenseifner-subgroup-2
1: Starting numprocs=8 N=7000, M=7000 impl=g-rabenseifner-subgroup-2
3: Starting numprocs=8 N=7000, M=7000 impl=g-rabenseifner-subgroup-2
6: Starting numprocs=8 N=7000, M=7000 impl=g-rabenseifner-subgroup-2
2: Starting numprocs=8 N=7000, M=7000 impl=g-rabenseifner-subgroup-2
0: Starting numprocs=8 N=7000, M=7000 impl=g-rabenseifner-subgroup-2
Iteration 0
4: Starting numprocs=8 N=7000, M=7000 impl=g-rabenseifner-subgroup-2
time: 0.403562s
Iteration 1
time: 0.347348s
Iteration 2
time: 0.342953s
Iteration 3
time: 0.346379s
Iteration 4
time: 0.344430s
Iteration 5
time: 0.346890s
Iteration 6
time: 0.349023s
Iteration 7
time: 0.344183s
Iteration 8
time: 0.345793s
Iteration 9
time: 0.351043s
Iteration 10
time: 0.343212s
Iteration 11
time: 0.349221s
Iteration 12
time: 0.344658s
Iteration 13
time: 0.345541s
Iteration 14
time: 0.346488s
Iteration 15
time: 0.349142s
Iteration 16
time: 0.347383s
Iteration 17
time: 0.344877s
Iteration 18
time: 0.347548s
Iteration 19
time: 0.345761s
Iteration 20
time: 0.353565s
Iteration 21
time: 0.345224s
Iteration 22
time: 0.348165s
Iteration 23
time: 0.347316s
Iteration 24
time: 0.346879s
7: Starting numprocs=8 N=7000, M=7000 impl=g-rabenseifner-subgroup-4
1: Starting numprocs=8 N=7000, M=7000 impl=g-rabenseifner-subgroup-4
5: Starting numprocs=8 N=7000, M=7000 impl=g-rabenseifner-subgroup-4
2: Starting numprocs=8 N=7000, M=7000 impl=g-rabenseifner-subgroup-4
3: Starting numprocs=8 N=7000, M=7000 impl=g-rabenseifner-subgroup-4
6: Starting numprocs=8 N=7000, M=7000 impl=g-rabenseifner-subgroup-4
0: Starting numprocs=8 N=7000, M=7000 impl=g-rabenseifner-subgroup-4
Iteration 0
4: Starting numprocs=8 N=7000, M=7000 impl=g-rabenseifner-subgroup-4
time: 0.391740s
Iteration 1
time: 0.363440s
Iteration 2
time: 0.359036s
Iteration 3
time: 0.360826s
Iteration 4
time: 0.356920s
Iteration 5
time: 0.360383s
Iteration 6
time: 0.360320s
Iteration 7
time: 0.359078s
Iteration 8
time: 0.361515s
Iteration 9
time: 0.357300s
Iteration 10
time: 0.362908s
Iteration 11
time: 0.359356s
Iteration 12
time: 0.358924s
Iteration 13
time: 0.358619s
Iteration 14
time: 0.358560s
Iteration 15
time: 0.356035s
Iteration 16
time: 0.358848s
Iteration 17
time: 0.357396s
Iteration 18
time: 0.359254s
Iteration 19
time: 0.358691s
Iteration 20
time: 0.360052s
Iteration 21
time: 0.358325s
Iteration 22
time: 0.359331s
Iteration 23
time: 0.363409s
Iteration 24
time: 0.359709s
7: Starting numprocs=8 N=7000, M=7000 impl=g-rabenseifner-subgroup-8
1: Starting numprocs=8 N=7000, M=7000 impl=g-rabenseifner-subgroup-8
5: Starting numprocs=8 N=7000, M=7000 impl=g-rabenseifner-subgroup-8
2: Starting numprocs=8 N=7000, M=7000 impl=g-rabenseifner-subgroup-8
6: Starting numprocs=8 N=7000, M=7000 impl=g-rabenseifner-subgroup-8
0: Starting numprocs=8 N=7000, M=7000 impl=g-rabenseifner-subgroup-8
Iteration 0
3: Starting numprocs=8 N=7000, M=7000 impl=g-rabenseifner-subgroup-8
4: Starting numprocs=8 N=7000, M=7000 impl=g-rabenseifner-subgroup-8
time: 0.368137s
Iteration 1
time: 0.366461s
Iteration 2
time: 0.367120s
Iteration 3
time: 0.367221s
Iteration 4
time: 0.355388s
Iteration 5
time: 0.364497s
Iteration 6
time: 0.367771s
Iteration 7
time: 0.392160s
Iteration 8
time: 0.362914s
Iteration 9
time: 0.367972s
Iteration 10
time: 0.368964s
Iteration 11
time: 0.353732s
Iteration 12
time: 0.359739s
Iteration 13
time: 0.358489s
Iteration 14
time: 0.369081s
Iteration 15
time: 0.371326s
Iteration 16
time: 0.367097s
Iteration 17
time: 0.367769s
Iteration 18
time: 0.358054s
Iteration 19
time: 0.358209s
Iteration 20
time: 0.355973s
Iteration 21
time: 0.376590s
Iteration 22
time: 0.371970s
Iteration 23
time: 0.383494s
Iteration 24
time: 0.366955s
7: Starting numprocs=8 N=8000, M=8000 impl=allgather
5: Starting numprocs=8 N=8000, M=8000 impl=allgather
1: Starting numprocs=8 N=8000, M=8000 impl=allgather
0: Starting numprocs=8 N=8000, M=8000 impl=allgather
Iteration 0
6: Starting numprocs=8 N=8000, M=8000 impl=allgather
3: Starting numprocs=8 N=8000, M=8000 impl=allgather
2: Starting numprocs=8 N=8000, M=8000 impl=allgather
4: Starting numprocs=8 N=8000, M=8000 impl=allgather
time: 0.599910s
Iteration 1
time: 0.598731s
Iteration 2
time: 0.689547s
Iteration 3
time: 0.648690s
Iteration 4
time: 0.587461s
Iteration 5
time: 0.609429s
Iteration 6
time: 0.700902s
Iteration 7
time: 0.637574s
Iteration 8
time: 0.588043s
Iteration 9
time: 0.600769s
Iteration 10
time: 0.671498s
Iteration 11
time: 0.627458s
Iteration 12
time: 0.590175s
Iteration 13
time: 0.599877s
Iteration 14
time: 0.643448s
Iteration 15
time: 0.626024s
Iteration 16
time: 0.641282s
Iteration 17
time: 0.601946s
Iteration 18
time: 0.600067s
Iteration 19
time: 0.616276s
Iteration 20
time: 0.650629s
Iteration 21
time: 0.596649s
Iteration 22
time: 0.602291s
Iteration 23
time: 0.663240s
Iteration 24
time: 0.664968s
1: Starting numprocs=8 N=8000, M=8000 impl=allreduce
5: Starting numprocs=8 N=8000, M=8000 impl=allreduce
7: Starting numprocs=8 N=8000, M=8000 impl=allreduce
6: Starting numprocs=8 N=8000, M=8000 impl=allreduce
0: Starting numprocs=8 N=8000, M=8000 impl=allreduce
Iteration 0
2: Starting numprocs=8 N=8000, M=8000 impl=allreduce
3: Starting numprocs=8 N=8000, M=8000 impl=allreduce
4: Starting numprocs=8 N=8000, M=8000 impl=allreduce
time: 1.533827s
Iteration 1
time: 1.380852s
Iteration 2
time: 1.377921s
Iteration 3
time: 1.382312s
Iteration 4
time: 1.380321s
Iteration 5
time: 1.411747s
Iteration 6
time: 1.363032s
Iteration 7
time: 1.412426s
Iteration 8
time: 1.378099s
Iteration 9
time: 1.418503s
Iteration 10
time: 1.382883s
Iteration 11
time: 1.455428s
Iteration 12
time: 1.350635s
Iteration 13
time: 1.394453s
Iteration 14
time: 1.377295s
Iteration 15
time: 1.402012s
Iteration 16
time: 1.384734s
Iteration 17
time: 1.410837s
Iteration 18
time: 1.369632s
Iteration 19
time: 1.420353s
Iteration 20
time: 1.398534s
Iteration 21
time: 1.424361s
Iteration 22
time: 1.390030s
Iteration 23
time: 1.413448s
Iteration 24
time: 1.366152s
7: Starting numprocs=8 N=8000, M=8000 impl=allreduce-ring
5: Starting numprocs=8 N=8000, M=8000 impl=allreduce-ring
1: Starting numprocs=8 N=8000, M=8000 impl=allreduce-ring
6: Starting numprocs=8 N=8000, M=8000 impl=allreduce-ring
3: Starting numprocs=8 N=8000, M=8000 impl=allreduce-ring
2: Starting numprocs=8 N=8000, M=8000 impl=allreduce-ring
0: Starting numprocs=8 N=8000, M=8000 impl=allreduce-ring
Iteration 0
4: Starting numprocs=8 N=8000, M=8000 impl=allreduce-ring
time: 3.894844s
Iteration 1
time: 3.168995s
Iteration 2
time: 4.154413s
Iteration 3
time: 1.060637s
Iteration 4
time: 4.371105s
Iteration 5
time: 1.080369s
Iteration 6
time: 1.072229s
Iteration 7
time: 1.085398s
Iteration 8
time: 1.083771s
Iteration 9
time: 1.079308s
Iteration 10
time: 1.089255s
Iteration 11
time: 1.084657s
Iteration 12
time: 1.069120s
Iteration 13
time: 1.081467s
Iteration 14
time: 1.083512s
Iteration 15
time: 1.071445s
Iteration 16
time: 1.066562s
Iteration 17
time: 1.072052s
Iteration 18
time: 1.069694s
Iteration 19
time: 1.076481s
Iteration 20
time: 1.078963s
Iteration 21
time: 1.053911s
Iteration 22
time: 1.051588s
Iteration 23
time: 1.053601s
Iteration 24
time: 1.077793s
7: Starting numprocs=8 N=8000, M=8000 impl=g-rabenseifner-allgather
6: Starting numprocs=8 N=8000, M=8000 impl=g-rabenseifner-allgather
5: Starting numprocs=8 N=8000, M=8000 impl=g-rabenseifner-allgather
1: Starting numprocs=8 N=8000, M=8000 impl=g-rabenseifner-allgather
3: Starting numprocs=8 N=8000, M=8000 impl=g-rabenseifner-allgather
0: Starting numprocs=8 N=8000, M=8000 impl=g-rabenseifner-allgather
Iteration 0
2: Starting numprocs=8 N=8000, M=8000 impl=g-rabenseifner-allgather
4: Starting numprocs=8 N=8000, M=8000 impl=g-rabenseifner-allgather
time: 0.493784s
Iteration 1
time: 0.440974s
Iteration 2
time: 0.439017s
Iteration 3
time: 0.440289s
Iteration 4
time: 0.440793s
Iteration 5
time: 0.442847s
Iteration 6
time: 0.440317s
Iteration 7
time: 0.440270s
Iteration 8
time: 0.442298s
Iteration 9
time: 0.442494s
Iteration 10
time: 0.438966s
Iteration 11
time: 0.440831s
Iteration 12
time: 0.438678s
Iteration 13
time: 0.442632s
Iteration 14
time: 0.441616s
Iteration 15
time: 0.443961s
Iteration 16
time: 0.442807s
Iteration 17
time: 0.441303s
Iteration 18
time: 0.439580s
Iteration 19
time: 0.441107s
Iteration 20
time: 0.441477s
Iteration 21
time: 0.442277s
Iteration 22
time: 0.439697s
Iteration 23
time: 0.440635s
Iteration 24
time: 0.441084s
7: Starting numprocs=8 N=8000, M=8000 impl=g-rabenseifner-subgroup-2
0: Starting numprocs=8 N=8000, M=8000 impl=g-rabenseifner-subgroup-2
Iteration 0
1: Starting numprocs=8 N=8000, M=8000 impl=g-rabenseifner-subgroup-2
6: Starting numprocs=8 N=8000, M=8000 impl=g-rabenseifner-subgroup-2
5: Starting numprocs=8 N=8000, M=8000 impl=g-rabenseifner-subgroup-2
2: Starting numprocs=8 N=8000, M=8000 impl=g-rabenseifner-subgroup-2
3: Starting numprocs=8 N=8000, M=8000 impl=g-rabenseifner-subgroup-2
4: Starting numprocs=8 N=8000, M=8000 impl=g-rabenseifner-subgroup-2
time: 0.523607s
Iteration 1
time: 0.454620s
Iteration 2
time: 0.455090s
Iteration 3
time: 0.452331s
Iteration 4
time: 0.456735s
Iteration 5
time: 0.455515s
Iteration 6
time: 0.450400s
Iteration 7
time: 0.454414s
Iteration 8
time: 0.451102s
Iteration 9
time: 0.454702s
Iteration 10
time: 0.458722s
Iteration 11
time: 0.455728s
Iteration 12
time: 0.457202s
Iteration 13
time: 0.454837s
Iteration 14
time: 0.456738s
Iteration 15
time: 0.453377s
Iteration 16
time: 0.456837s
Iteration 17
time: 0.456240s
Iteration 18
time: 0.453689s
Iteration 19
time: 0.454899s
Iteration 20
time: 0.453669s
Iteration 21
time: 0.456895s
Iteration 22
time: 0.451487s
Iteration 23
time: 0.463089s
Iteration 24
time: 0.453326s
7: Starting numprocs=8 N=8000, M=8000 impl=g-rabenseifner-subgroup-4
1: Starting numprocs=8 N=8000, M=8000 impl=g-rabenseifner-subgroup-4
5: Starting numprocs=8 N=8000, M=8000 impl=g-rabenseifner-subgroup-4
3: Starting numprocs=8 N=8000, M=8000 impl=g-rabenseifner-subgroup-4
2: Starting numprocs=8 N=8000, M=8000 impl=g-rabenseifner-subgroup-4
6: Starting numprocs=8 N=8000, M=8000 impl=g-rabenseifner-subgroup-4
0: Starting numprocs=8 N=8000, M=8000 impl=g-rabenseifner-subgroup-4
Iteration 0
4: Starting numprocs=8 N=8000, M=8000 impl=g-rabenseifner-subgroup-4
time: 0.526706s
Iteration 1
time: 0.468252s
Iteration 2
time: 0.466353s
Iteration 3
time: 0.465935s
Iteration 4
time: 0.477342s
Iteration 5
time: 0.468856s
Iteration 6
time: 0.466287s
Iteration 7
time: 0.467915s
Iteration 8
time: 0.471218s
Iteration 9
time: 0.468705s
Iteration 10
time: 0.468798s
Iteration 11
time: 0.467890s
Iteration 12
time: 0.468685s
Iteration 13
time: 0.468741s
Iteration 14
time: 0.467805s
Iteration 15
time: 0.469553s
Iteration 16
time: 0.466216s
Iteration 17
time: 0.482670s
Iteration 18
time: 0.484143s
Iteration 19
time: 0.468456s
Iteration 20
time: 0.467718s
Iteration 21
time: 0.470965s
Iteration 22
time: 0.468855s
Iteration 23
time: 0.468581s
Iteration 24
time: 0.469622s
7: Starting numprocs=8 N=8000, M=8000 impl=g-rabenseifner-subgroup-8
1: Starting numprocs=8 N=8000, M=8000 impl=g-rabenseifner-subgroup-8
5: Starting numprocs=8 N=8000, M=8000 impl=g-rabenseifner-subgroup-8
3: Starting numprocs=8 N=8000, M=8000 impl=g-rabenseifner-subgroup-8
6: Starting numprocs=8 N=8000, M=8000 impl=g-rabenseifner-subgroup-8
0: Starting numprocs=8 N=8000, M=8000 impl=g-rabenseifner-subgroup-8
Iteration 0
2: Starting numprocs=8 N=8000, M=8000 impl=g-rabenseifner-subgroup-8
4: Starting numprocs=8 N=8000, M=8000 impl=g-rabenseifner-subgroup-8
time: 0.486696s
Iteration 1
time: 0.466842s
Iteration 2
time: 0.486621s
Iteration 3
time: 0.484481s
Iteration 4
time: 0.469984s
Iteration 5
time: 0.470539s
Iteration 6
time: 0.468513s
Iteration 7
time: 0.473171s
Iteration 8
time: 0.470452s
Iteration 9
time: 0.479477s
Iteration 10
time: 0.477537s
Iteration 11
time: 0.465517s
Iteration 12
time: 0.461007s
Iteration 13
time: 0.469517s
Iteration 14
time: 0.494729s
Iteration 15
time: 0.477565s
Iteration 16
time: 0.477537s
Iteration 17
time: 0.478432s
Iteration 18
time: 0.483941s
Iteration 19
time: 0.471856s
Iteration 20
time: 0.463526s
Iteration 21
time: 0.478345s
Iteration 22
time: 0.466746s
Iteration 23
time: 0.467011s
Iteration 24
time: 0.473923s
