0: Starting numprocs=16 N=1000, M=1000 impl=allgather
Iteration 0
8: Starting numprocs=16 N=1000, M=1000 impl=allgather
4: Starting numprocs=16 N=1000, M=1000 impl=allgather
11: Starting numprocs=16 N=1000, M=1000 impl=allgather
5: Starting numprocs=16 N=1000, M=1000 impl=allgather
7: Starting numprocs=16 N=1000, M=1000 impl=allgather
15: Starting numprocs=16 N=1000, M=1000 impl=allgather
14: Starting numprocs=16 N=1000, M=1000 impl=allgather
9: Starting numprocs=16 N=1000, M=1000 impl=allgather
6: Starting numprocs=16 N=1000, M=1000 impl=allgather
13: Starting numprocs=16 N=1000, M=1000 impl=allgather
2: Starting numprocs=16 N=1000, M=1000 impl=allgather
12: Starting numprocs=16 N=1000, M=1000 impl=allgather
1: Starting numprocs=16 N=1000, M=1000 impl=allgather
10: Starting numprocs=16 N=1000, M=1000 impl=allgather
3: Starting numprocs=16 N=1000, M=1000 impl=allgather
time: 0.016001s
Iteration 1
time: 0.014628s
Iteration 2
time: 0.013810s
Iteration 3
time: 0.014723s
Iteration 4
time: 0.014406s
Iteration 5
time: 0.013446s
Iteration 6
time: 0.013514s
Iteration 7
time: 0.017727s
Iteration 8
time: 0.014617s
Iteration 9
time: 0.014033s
Iteration 10
time: 0.014044s
Iteration 11
time: 0.014732s
Iteration 12
time: 0.014752s
Iteration 13
time: 0.014866s
Iteration 14
time: 0.016317s
Iteration 15
time: 0.014916s
Iteration 16
time: 0.014897s
Iteration 17
time: 0.013628s
Iteration 18
time: 0.013640s
Iteration 19
time: 0.014115s
Iteration 20
time: 0.014259s
Iteration 21
time: 0.014523s
Iteration 22
time: 0.012883s
Iteration 23
time: 0.015295s
Iteration 24
time: 0.015491s
11: Starting numprocs=16 N=1000, M=1000 impl=allreduce
4: Starting numprocs=16 N=1000, M=1000 impl=allreduce
10: Starting numprocs=16 N=1000, M=1000 impl=allreduce
14: Starting numprocs=16 N=1000, M=1000 impl=allreduce
5: Starting numprocs=16 N=1000, M=1000 impl=allreduce
0: Starting numprocs=16 N=1000, M=1000 impl=allreduce
Iteration 0
7: Starting numprocs=16 N=1000, M=1000 impl=allreduce
3: Starting numprocs=16 N=1000, M=1000 impl=allreduce
8: Starting numprocs=16 N=1000, M=1000 impl=allreduce
15: Starting numprocs=16 N=1000, M=1000 impl=allreduce
13: Starting numprocs=16 N=1000, M=1000 impl=allreduce
2: Starting numprocs=16 N=1000, M=1000 impl=allreduce
9: Starting numprocs=16 N=1000, M=1000 impl=allreduce
1: Starting numprocs=16 N=1000, M=1000 impl=allreduce
12: Starting numprocs=16 N=1000, M=1000 impl=allreduce
6: Starting numprocs=16 N=1000, M=1000 impl=allreduce
time: 0.030898s
Iteration 1
time: 0.022456s
Iteration 2
time: 0.018170s
Iteration 3
time: 0.018313s
Iteration 4
time: 0.017972s
Iteration 5
time: 0.018006s
Iteration 6
time: 0.020156s
Iteration 7
time: 0.019488s
Iteration 8
time: 0.019546s
Iteration 9
time: 0.018590s
Iteration 10
time: 0.020480s
Iteration 11
time: 0.018557s
Iteration 12
time: 0.018058s
Iteration 13
time: 0.017925s
Iteration 14
time: 0.018054s
Iteration 15
time: 0.017876s
Iteration 16
time: 0.018667s
Iteration 17
time: 0.017750s
Iteration 18
time: 0.018031s
Iteration 19
time: 0.018416s
Iteration 20
time: 0.017852s
Iteration 21
time: 0.020258s
Iteration 22
time: 0.019272s
Iteration 23
time: 0.017932s
Iteration 24
time: 0.018318s
0: Starting numprocs=16 N=1000, M=1000 impl=allreduce-ring
Iteration 0
7: Starting numprocs=16 N=1000, M=1000 impl=allreduce-ring
11: Starting numprocs=16 N=1000, M=1000 impl=allreduce-ring
2: Starting numprocs=16 N=1000, M=1000 impl=allreduce-ring
8: Starting numprocs=16 N=1000, M=1000 impl=allreduce-ring
12: Starting numprocs=16 N=1000, M=1000 impl=allreduce-ring
14: Starting numprocs=16 N=1000, M=1000 impl=allreduce-ring
15: Starting numprocs=16 N=1000, M=1000 impl=allreduce-ring
9: Starting numprocs=16 N=1000, M=1000 impl=allreduce-ring
13: Starting numprocs=16 N=1000, M=1000 impl=allreduce-ring
4: Starting numprocs=16 N=1000, M=1000 impl=allreduce-ring
5: Starting numprocs=16 N=1000, M=1000 impl=allreduce-ring
6: Starting numprocs=16 N=1000, M=1000 impl=allreduce-ring
10: Starting numprocs=16 N=1000, M=1000 impl=allreduce-ring
3: Starting numprocs=16 N=1000, M=1000 impl=allreduce-ring
1: Starting numprocs=16 N=1000, M=1000 impl=allreduce-ring
time: 0.021049s
Iteration 1
time: 0.014372s
Iteration 2
time: 0.014210s
Iteration 3
time: 0.015292s
Iteration 4
time: 0.014822s
Iteration 5
time: 0.014477s
Iteration 6
time: 0.014695s
Iteration 7
time: 0.015457s
Iteration 8
time: 0.014835s
Iteration 9
time: 0.014883s
Iteration 10
time: 0.014963s
Iteration 11
time: 0.015292s
Iteration 12
time: 0.014991s
Iteration 13
time: 0.015066s
Iteration 14
time: 0.015462s
Iteration 15
time: 0.015653s
Iteration 16
time: 0.014412s
Iteration 17
time: 0.014883s
Iteration 18
time: 0.014671s
Iteration 19
time: 0.015395s
Iteration 20
time: 0.015082s
Iteration 21
time: 0.014613s
Iteration 22
time: 0.015028s
Iteration 23
time: 0.015068s
Iteration 24
time: 0.014686s
0: Starting numprocs=16 N=1000, M=1000 impl=g-rabenseifner-allgather
Iteration 0
4: Starting numprocs=16 N=1000, M=1000 impl=g-rabenseifner-allgather
5: Starting numprocs=16 N=1000, M=1000 impl=g-rabenseifner-allgather
11: Starting numprocs=16 N=1000, M=1000 impl=g-rabenseifner-allgather
10: Starting numprocs=16 N=1000, M=1000 impl=g-rabenseifner-allgather
7: Starting numprocs=16 N=1000, M=1000 impl=g-rabenseifner-allgather
15: Starting numprocs=16 N=1000, M=1000 impl=g-rabenseifner-allgather
3: Starting numprocs=16 N=1000, M=1000 impl=g-rabenseifner-allgather
9: Starting numprocs=16 N=1000, M=1000 impl=g-rabenseifner-allgather
6: Starting numprocs=16 N=1000, M=1000 impl=g-rabenseifner-allgather
12: Starting numprocs=16 N=1000, M=1000 impl=g-rabenseifner-allgather
14: Starting numprocs=16 N=1000, M=1000 impl=g-rabenseifner-allgather
2: Starting numprocs=16 N=1000, M=1000 impl=g-rabenseifner-allgather
8: Starting numprocs=16 N=1000, M=1000 impl=g-rabenseifner-allgather
1: Starting numprocs=16 N=1000, M=1000 impl=g-rabenseifner-allgather
13: Starting numprocs=16 N=1000, M=1000 impl=g-rabenseifner-allgather
time: 0.024605s
Iteration 1
time: 0.008130s
Iteration 2
time: 0.008598s
Iteration 3
time: 0.008051s
Iteration 4
time: 0.008007s
Iteration 5
time: 0.008042s
Iteration 6
time: 0.008220s
Iteration 7
time: 0.007874s
Iteration 8
time: 0.008231s
Iteration 9
time: 0.007730s
Iteration 10
time: 0.008052s
Iteration 11
time: 0.007971s
Iteration 12
time: 0.007866s
Iteration 13
time: 0.008112s
Iteration 14
time: 0.008230s
Iteration 15
time: 0.008125s
Iteration 16
time: 0.007815s
Iteration 17
time: 0.008509s
Iteration 18
time: 0.008335s
Iteration 19
time: 0.008130s
Iteration 20
time: 0.007863s
Iteration 21
time: 0.008248s
Iteration 22
time: 0.008322s
Iteration 23
time: 0.007847s
Iteration 24
time: 0.008703s
4: Starting numprocs=16 N=1000, M=1000 impl=g-rabenseifner-subgroup-2
10: Starting numprocs=16 N=1000, M=1000 impl=g-rabenseifner-subgroup-2
7: Starting numprocs=16 N=1000, M=1000 impl=g-rabenseifner-subgroup-2
14: Starting numprocs=16 N=1000, M=1000 impl=g-rabenseifner-subgroup-2
3: Starting numprocs=16 N=1000, M=1000 impl=g-rabenseifner-subgroup-2
2: Starting numprocs=16 N=1000, M=1000 impl=g-rabenseifner-subgroup-2
15: Starting numprocs=16 N=1000, M=1000 impl=g-rabenseifner-subgroup-2
6: Starting numprocs=16 N=1000, M=1000 impl=g-rabenseifner-subgroup-2
12: Starting numprocs=16 N=1000, M=1000 impl=g-rabenseifner-subgroup-2
8: Starting numprocs=16 N=1000, M=1000 impl=g-rabenseifner-subgroup-2
13: Starting numprocs=16 N=1000, M=1000 impl=g-rabenseifner-subgroup-2
11: Starting numprocs=16 N=1000, M=1000 impl=g-rabenseifner-subgroup-2
1: Starting numprocs=16 N=1000, M=1000 impl=g-rabenseifner-subgroup-2
5: Starting numprocs=16 N=1000, M=1000 impl=g-rabenseifner-subgroup-2
9: Starting numprocs=16 N=1000, M=1000 impl=g-rabenseifner-subgroup-2
0: Starting numprocs=16 N=1000, M=1000 impl=g-rabenseifner-subgroup-2
Iteration 0
time: 0.023688s
Iteration 1
time: 0.008106s
Iteration 2
time: 0.008250s
Iteration 3
time: 0.008102s
Iteration 4
time: 0.008089s
Iteration 5
time: 0.008205s
Iteration 6
time: 0.008040s
Iteration 7
time: 0.008457s
Iteration 8
time: 0.008974s
Iteration 9
time: 0.008608s
Iteration 10
time: 0.008380s
Iteration 11
time: 0.008033s
Iteration 12
time: 0.008298s
Iteration 13
time: 0.008631s
Iteration 14
time: 0.008396s
Iteration 15
time: 0.008237s
Iteration 16
time: 0.008461s
Iteration 17
time: 0.009104s
Iteration 18
time: 0.008174s
Iteration 19
time: 0.008756s
Iteration 20
time: 0.008084s
Iteration 21
time: 0.008209s
Iteration 22
time: 0.008548s
Iteration 23
time: 0.008778s
Iteration 24
time: 0.008113s
8: Starting numprocs=16 N=1000, M=1000 impl=g-rabenseifner-subgroup-4
11: Starting numprocs=16 N=1000, M=1000 impl=g-rabenseifner-subgroup-4
7: Starting numprocs=16 N=1000, M=1000 impl=g-rabenseifner-subgroup-4
10: Starting numprocs=16 N=1000, M=1000 impl=g-rabenseifner-subgroup-4
5: Starting numprocs=16 N=1000, M=1000 impl=g-rabenseifner-subgroup-4
4: Starting numprocs=16 N=1000, M=1000 impl=g-rabenseifner-subgroup-4
2: Starting numprocs=16 N=1000, M=1000 impl=g-rabenseifner-subgroup-4
15: Starting numprocs=16 N=1000, M=1000 impl=g-rabenseifner-subgroup-4
12: Starting numprocs=16 N=1000, M=1000 impl=g-rabenseifner-subgroup-4
13: Starting numprocs=16 N=1000, M=1000 impl=g-rabenseifner-subgroup-4
6: Starting numprocs=16 N=1000, M=1000 impl=g-rabenseifner-subgroup-4
1: Starting numprocs=16 N=1000, M=1000 impl=g-rabenseifner-subgroup-4
3: Starting numprocs=16 N=1000, M=1000 impl=g-rabenseifner-subgroup-4
9: Starting numprocs=16 N=1000, M=1000 impl=g-rabenseifner-subgroup-4
14: Starting numprocs=16 N=1000, M=1000 impl=g-rabenseifner-subgroup-4
0: Starting numprocs=16 N=1000, M=1000 impl=g-rabenseifner-subgroup-4
Iteration 0
time: 0.029257s
Iteration 1
time: 0.008985s
Iteration 2
time: 0.008873s
Iteration 3
time: 0.009006s
Iteration 4
time: 0.008851s
Iteration 5
time: 0.008746s
Iteration 6
time: 0.009009s
Iteration 7
time: 0.009105s
Iteration 8
time: 0.009454s
Iteration 9
time: 0.009010s
Iteration 10
time: 0.008798s
Iteration 11
time: 0.008934s
Iteration 12
time: 0.008737s
Iteration 13
time: 0.008918s
Iteration 14
time: 0.008682s
Iteration 15
time: 0.008693s
Iteration 16
time: 0.008660s
Iteration 17
time: 0.008838s
Iteration 18
time: 0.009146s
Iteration 19
time: 0.008910s
Iteration 20
time: 0.008863s
Iteration 21
time: 0.008753s
Iteration 22
time: 0.008888s
Iteration 23
time: 0.008706s
Iteration 24
time: 0.009069s
0: Starting numprocs=16 N=1000, M=1000 impl=g-rabenseifner-subgroup-8
Iteration 0
11: Starting numprocs=16 N=1000, M=1000 impl=g-rabenseifner-subgroup-8
10: Starting numprocs=16 N=1000, M=1000 impl=g-rabenseifner-subgroup-8
4: Starting numprocs=16 N=1000, M=1000 impl=g-rabenseifner-subgroup-8
5: Starting numprocs=16 N=1000, M=1000 impl=g-rabenseifner-subgroup-8
7: Starting numprocs=16 N=1000, M=1000 impl=g-rabenseifner-subgroup-8
8: Starting numprocs=16 N=1000, M=1000 impl=g-rabenseifner-subgroup-8
2: Starting numprocs=16 N=1000, M=1000 impl=g-rabenseifner-subgroup-8
9: Starting numprocs=16 N=1000, M=1000 impl=g-rabenseifner-subgroup-8
15: Starting numprocs=16 N=1000, M=1000 impl=g-rabenseifner-subgroup-8
6: Starting numprocs=16 N=1000, M=1000 impl=g-rabenseifner-subgroup-8
14: Starting numprocs=16 N=1000, M=1000 impl=g-rabenseifner-subgroup-8
13: Starting numprocs=16 N=1000, M=1000 impl=g-rabenseifner-subgroup-8
12: Starting numprocs=16 N=1000, M=1000 impl=g-rabenseifner-subgroup-8
1: Starting numprocs=16 N=1000, M=1000 impl=g-rabenseifner-subgroup-8
3: Starting numprocs=16 N=1000, M=1000 impl=g-rabenseifner-subgroup-8
time: 0.019013s
Iteration 1
time: 0.010034s
Iteration 2
time: 0.009982s
Iteration 3
time: 0.010043s
Iteration 4
time: 0.011029s
Iteration 5
time: 0.011204s
Iteration 6
time: 0.010496s
Iteration 7
time: 0.010726s
Iteration 8
time: 0.010505s
Iteration 9
time: 0.010773s
Iteration 10
time: 0.009832s
Iteration 11
time: 0.009766s
Iteration 12
time: 0.010376s
Iteration 13
time: 0.009976s
Iteration 14
time: 0.010660s
Iteration 15
time: 0.010240s
Iteration 16
time: 0.010281s
Iteration 17
time: 0.009937s
Iteration 18
time: 0.010861s
Iteration 19
time: 0.010246s
Iteration 20
time: 0.010694s
Iteration 21
time: 0.009934s
Iteration 22
time: 0.009481s
Iteration 23
time: 0.010445s
Iteration 24
time: 0.009901s
4: Starting numprocs=16 N=2000, M=2000 impl=allgather
10: Starting numprocs=16 N=2000, M=2000 impl=allgather
11: Starting numprocs=16 N=2000, M=2000 impl=allgather
7: Starting numprocs=16 N=2000, M=2000 impl=allgather
5: Starting numprocs=16 N=2000, M=2000 impl=allgather
2: Starting numprocs=16 N=2000, M=2000 impl=allgather
13: Starting numprocs=16 N=2000, M=2000 impl=allgather
14: Starting numprocs=16 N=2000, M=2000 impl=allgather
3: Starting numprocs=16 N=2000, M=2000 impl=allgather
8: Starting numprocs=16 N=2000, M=2000 impl=allgather
6: Starting numprocs=16 N=2000, M=2000 impl=allgather
9: Starting numprocs=16 N=2000, M=2000 impl=allgather
15: Starting numprocs=16 N=2000, M=2000 impl=allgather
0: Starting numprocs=16 N=2000, M=2000 impl=allgather
Iteration 0
1: Starting numprocs=16 N=2000, M=2000 impl=allgather
12: Starting numprocs=16 N=2000, M=2000 impl=allgather
time: 0.069343s
Iteration 1
time: 0.058991s
Iteration 2
time: 0.055871s
Iteration 3
time: 0.056311s
Iteration 4
time: 0.054806s
Iteration 5
time: 0.058904s
Iteration 6
time: 0.058977s
Iteration 7
time: 0.055655s
Iteration 8
time: 0.057675s
Iteration 9
time: 0.056466s
Iteration 10
time: 0.058178s
Iteration 11
time: 0.057073s
Iteration 12
time: 0.061169s
Iteration 13
time: 0.057684s
Iteration 14
time: 0.061487s
Iteration 15
time: 0.061729s
Iteration 16
time: 0.053800s
Iteration 17
time: 0.057173s
Iteration 18
time: 0.057567s
Iteration 19
time: 0.059667s
Iteration 20
time: 0.056621s
Iteration 21
time: 0.057255s
Iteration 22
time: 0.057180s
Iteration 23
time: 0.058600s
Iteration 24
time: 0.058202s
4: Starting numprocs=16 N=2000, M=2000 impl=allreduce
5: Starting numprocs=16 N=2000, M=2000 impl=allreduce
11: Starting numprocs=16 N=2000, M=2000 impl=allreduce
7: Starting numprocs=16 N=2000, M=2000 impl=allreduce
9: Starting numprocs=16 N=2000, M=2000 impl=allreduce
10: Starting numprocs=16 N=2000, M=2000 impl=allreduce
14: Starting numprocs=16 N=2000, M=2000 impl=allreduce
13: Starting numprocs=16 N=2000, M=2000 impl=allreduce
2: Starting numprocs=16 N=2000, M=2000 impl=allreduce
3: Starting numprocs=16 N=2000, M=2000 impl=allreduce
6: Starting numprocs=16 N=2000, M=2000 impl=allreduce
8: Starting numprocs=16 N=2000, M=2000 impl=allreduce
15: Starting numprocs=16 N=2000, M=2000 impl=allreduce
0: Starting numprocs=16 N=2000, M=2000 impl=allreduce
Iteration 0
1: Starting numprocs=16 N=2000, M=2000 impl=allreduce
12: Starting numprocs=16 N=2000, M=2000 impl=allreduce
time: 0.099621s
Iteration 1
time: 0.082505s
Iteration 2
time: 0.068229s
Iteration 3
time: 0.068039s
Iteration 4
time: 0.068083s
Iteration 5
time: 0.068612s
Iteration 6
time: 0.067516s
Iteration 7
time: 0.070686s
Iteration 8
time: 0.069707s
Iteration 9
time: 0.068016s
Iteration 10
time: 0.068291s
Iteration 11
time: 0.075192s
Iteration 12
time: 0.069838s
Iteration 13
time: 0.066604s
Iteration 14
time: 0.076301s
Iteration 15
time: 0.073590s
Iteration 16
time: 0.076440s
Iteration 17
time: 0.076205s
Iteration 18
time: 0.067032s
Iteration 19
time: 0.075186s
Iteration 20
time: 0.070596s
Iteration 21
time: 0.069343s
Iteration 22
time: 0.068965s
Iteration 23
time: 0.069769s
Iteration 24
time: 0.072608s
4: Starting numprocs=16 N=2000, M=2000 impl=allreduce-ring
5: Starting numprocs=16 N=2000, M=2000 impl=allreduce-ring
7: Starting numprocs=16 N=2000, M=2000 impl=allreduce-ring
11: Starting numprocs=16 N=2000, M=2000 impl=allreduce-ring
10: Starting numprocs=16 N=2000, M=2000 impl=allreduce-ring
6: Starting numprocs=16 N=2000, M=2000 impl=allreduce-ring
3: Starting numprocs=16 N=2000, M=2000 impl=allreduce-ring
2: Starting numprocs=16 N=2000, M=2000 impl=allreduce-ring
14: Starting numprocs=16 N=2000, M=2000 impl=allreduce-ring
15: Starting numprocs=16 N=2000, M=2000 impl=allreduce-ring
8: Starting numprocs=16 N=2000, M=2000 impl=allreduce-ring
1: Starting numprocs=16 N=2000, M=2000 impl=allreduce-ring
9: Starting numprocs=16 N=2000, M=2000 impl=allreduce-ring
13: Starting numprocs=16 N=2000, M=2000 impl=allreduce-ring
0: Starting numprocs=16 N=2000, M=2000 impl=allreduce-ring
Iteration 0
12: Starting numprocs=16 N=2000, M=2000 impl=allreduce-ring
time: 0.070711s
Iteration 1
time: 0.059067s
Iteration 2
time: 0.059089s
Iteration 3
time: 0.058628s
Iteration 4
time: 0.060028s
Iteration 5
time: 0.058421s
Iteration 6
time: 0.058796s
Iteration 7
time: 0.061187s
Iteration 8
time: 0.059282s
Iteration 9
time: 0.059629s
Iteration 10
time: 0.059504s
Iteration 11
time: 0.059165s
Iteration 12
time: 0.058869s
Iteration 13
time: 0.059181s
Iteration 14
time: 0.059955s
Iteration 15
time: 0.060345s
Iteration 16
time: 0.058331s
Iteration 17
time: 0.059684s
Iteration 18
time: 0.059905s
Iteration 19
time: 0.062033s
Iteration 20
time: 0.060283s
Iteration 21
time: 0.061573s
Iteration 22
time: 0.060789s
Iteration 23
time: 0.058930s
Iteration 24
time: 0.058854s
7: Starting numprocs=16 N=2000, M=2000 impl=g-rabenseifner-allgather
11: Starting numprocs=16 N=2000, M=2000 impl=g-rabenseifner-allgather
4: Starting numprocs=16 N=2000, M=2000 impl=g-rabenseifner-allgather
10: Starting numprocs=16 N=2000, M=2000 impl=g-rabenseifner-allgather
5: Starting numprocs=16 N=2000, M=2000 impl=g-rabenseifner-allgather
14: Starting numprocs=16 N=2000, M=2000 impl=g-rabenseifner-allgather
13: Starting numprocs=16 N=2000, M=2000 impl=g-rabenseifner-allgather
0: Starting numprocs=16 N=2000, M=2000 impl=g-rabenseifner-allgather
Iteration 0
15: Starting numprocs=16 N=2000, M=2000 impl=g-rabenseifner-allgather
3: Starting numprocs=16 N=2000, M=2000 impl=g-rabenseifner-allgather
8: Starting numprocs=16 N=2000, M=2000 impl=g-rabenseifner-allgather
2: Starting numprocs=16 N=2000, M=2000 impl=g-rabenseifner-allgather
12: Starting numprocs=16 N=2000, M=2000 impl=g-rabenseifner-allgather
9: Starting numprocs=16 N=2000, M=2000 impl=g-rabenseifner-allgather
6: Starting numprocs=16 N=2000, M=2000 impl=g-rabenseifner-allgather
1: Starting numprocs=16 N=2000, M=2000 impl=g-rabenseifner-allgather
time: 0.042861s
Iteration 1
time: 0.030293s
Iteration 2
time: 0.029669s
Iteration 3
time: 0.029542s
Iteration 4
time: 0.029623s
Iteration 5
time: 0.029897s
Iteration 6
time: 0.030867s
Iteration 7
time: 0.029934s
Iteration 8
time: 0.030076s
Iteration 9
time: 0.029928s
Iteration 10
time: 0.029932s
Iteration 11
time: 0.029851s
Iteration 12
time: 0.030193s
Iteration 13
time: 0.029708s
Iteration 14
time: 0.029729s
Iteration 15
time: 0.029959s
Iteration 16
time: 0.030219s
Iteration 17
time: 0.030139s
Iteration 18
time: 0.029899s
Iteration 19
time: 0.030277s
Iteration 20
time: 0.029664s
Iteration 21
time: 0.029580s
Iteration 22
time: 0.029627s
Iteration 23
time: 0.030235s
Iteration 24
time: 0.030157s
8: Starting numprocs=16 N=2000, M=2000 impl=g-rabenseifner-subgroup-2
11: Starting numprocs=16 N=2000, M=2000 impl=g-rabenseifner-subgroup-2
4: Starting numprocs=16 N=2000, M=2000 impl=g-rabenseifner-subgroup-2
10: Starting numprocs=16 N=2000, M=2000 impl=g-rabenseifner-subgroup-2
5: Starting numprocs=16 N=2000, M=2000 impl=g-rabenseifner-subgroup-2
7: Starting numprocs=16 N=2000, M=2000 impl=g-rabenseifner-subgroup-2
2: Starting numprocs=16 N=2000, M=2000 impl=g-rabenseifner-subgroup-2
14: Starting numprocs=16 N=2000, M=2000 impl=g-rabenseifner-subgroup-2
3: Starting numprocs=16 N=2000, M=2000 impl=g-rabenseifner-subgroup-2
15: Starting numprocs=16 N=2000, M=2000 impl=g-rabenseifner-subgroup-2
6: Starting numprocs=16 N=2000, M=2000 impl=g-rabenseifner-subgroup-2
0: Starting numprocs=16 N=2000, M=2000 impl=g-rabenseifner-subgroup-2
Iteration 0
13: Starting numprocs=16 N=2000, M=2000 impl=g-rabenseifner-subgroup-2
1: Starting numprocs=16 N=2000, M=2000 impl=g-rabenseifner-subgroup-2
12: Starting numprocs=16 N=2000, M=2000 impl=g-rabenseifner-subgroup-2
9: Starting numprocs=16 N=2000, M=2000 impl=g-rabenseifner-subgroup-2
time: 0.056478s
Iteration 1
time: 0.031737s
Iteration 2
time: 0.031605s
Iteration 3
time: 0.031102s
Iteration 4
time: 0.031368s
Iteration 5
time: 0.031427s
Iteration 6
time: 0.032417s
Iteration 7
time: 0.031476s
Iteration 8
time: 0.031199s
Iteration 9
time: 0.032514s
Iteration 10
time: 0.031143s
Iteration 11
time: 0.030710s
Iteration 12
time: 0.030606s
Iteration 13
time: 0.031914s
Iteration 14
time: 0.031298s
Iteration 15
time: 0.031151s
Iteration 16
time: 0.031605s
Iteration 17
time: 0.031623s
Iteration 18
time: 0.030576s
Iteration 19
time: 0.030890s
Iteration 20
time: 0.032721s
Iteration 21
time: 0.031377s
Iteration 22
time: 0.031472s
Iteration 23
time: 0.031187s
Iteration 24
time: 0.031563s
10: Starting numprocs=16 N=2000, M=2000 impl=g-rabenseifner-subgroup-4
2: Starting numprocs=16 N=2000, M=2000 impl=g-rabenseifner-subgroup-4
11: Starting numprocs=16 N=2000, M=2000 impl=g-rabenseifner-subgroup-4
4: Starting numprocs=16 N=2000, M=2000 impl=g-rabenseifner-subgroup-4
5: Starting numprocs=16 N=2000, M=2000 impl=g-rabenseifner-subgroup-4
14: Starting numprocs=16 N=2000, M=2000 impl=g-rabenseifner-subgroup-4
7: Starting numprocs=16 N=2000, M=2000 impl=g-rabenseifner-subgroup-4
3: Starting numprocs=16 N=2000, M=2000 impl=g-rabenseifner-subgroup-4
15: Starting numprocs=16 N=2000, M=2000 impl=g-rabenseifner-subgroup-4
6: Starting numprocs=16 N=2000, M=2000 impl=g-rabenseifner-subgroup-4
8: Starting numprocs=16 N=2000, M=2000 impl=g-rabenseifner-subgroup-4
9: Starting numprocs=16 N=2000, M=2000 impl=g-rabenseifner-subgroup-4
12: Starting numprocs=16 N=2000, M=2000 impl=g-rabenseifner-subgroup-4
0: Starting numprocs=16 N=2000, M=2000 impl=g-rabenseifner-subgroup-4
Iteration 0
1: Starting numprocs=16 N=2000, M=2000 impl=g-rabenseifner-subgroup-4
13: Starting numprocs=16 N=2000, M=2000 impl=g-rabenseifner-subgroup-4
time: 0.051094s
Iteration 1
time: 0.034201s
Iteration 2
time: 0.034040s
Iteration 3
time: 0.033745s
Iteration 4
time: 0.033204s
Iteration 5
time: 0.033540s
Iteration 6
time: 0.034090s
Iteration 7
time: 0.033594s
Iteration 8
time: 0.034090s
Iteration 9
time: 0.034348s
Iteration 10
time: 0.033799s
Iteration 11
time: 0.033375s
Iteration 12
time: 0.033347s
Iteration 13
time: 0.033440s
Iteration 14
time: 0.033231s
Iteration 15
time: 0.033239s
Iteration 16
time: 0.033826s
Iteration 17
time: 0.033990s
Iteration 18
time: 0.033974s
Iteration 19
time: 0.033287s
Iteration 20
time: 0.033526s
Iteration 21
time: 0.034439s
Iteration 22
time: 0.034080s
Iteration 23
time: 0.034637s
Iteration 24
time: 0.034165s
4: Starting numprocs=16 N=2000, M=2000 impl=g-rabenseifner-subgroup-8
5: Starting numprocs=16 N=2000, M=2000 impl=g-rabenseifner-subgroup-8
10: Starting numprocs=16 N=2000, M=2000 impl=g-rabenseifner-subgroup-8
11: Starting numprocs=16 N=2000, M=2000 impl=g-rabenseifner-subgroup-8
7: Starting numprocs=16 N=2000, M=2000 impl=g-rabenseifner-subgroup-8
2: Starting numprocs=16 N=2000, M=2000 impl=g-rabenseifner-subgroup-8
14: Starting numprocs=16 N=2000, M=2000 impl=g-rabenseifner-subgroup-8
13: Starting numprocs=16 N=2000, M=2000 impl=g-rabenseifner-subgroup-8
9: Starting numprocs=16 N=2000, M=2000 impl=g-rabenseifner-subgroup-8
8: Starting numprocs=16 N=2000, M=2000 impl=g-rabenseifner-subgroup-8
15: Starting numprocs=16 N=2000, M=2000 impl=g-rabenseifner-subgroup-8
3: Starting numprocs=16 N=2000, M=2000 impl=g-rabenseifner-subgroup-8
6: Starting numprocs=16 N=2000, M=2000 impl=g-rabenseifner-subgroup-8
1: Starting numprocs=16 N=2000, M=2000 impl=g-rabenseifner-subgroup-8
0: Starting numprocs=16 N=2000, M=2000 impl=g-rabenseifner-subgroup-8
Iteration 0
12: Starting numprocs=16 N=2000, M=2000 impl=g-rabenseifner-subgroup-8
time: 0.053456s
Iteration 1
time: 0.039094s
Iteration 2
time: 0.039426s
Iteration 3
time: 0.037570s
Iteration 4
time: 0.037102s
Iteration 5
time: 0.037992s
Iteration 6
time: 0.038352s
Iteration 7
time: 0.038070s
Iteration 8
time: 0.037955s
Iteration 9
time: 0.039123s
Iteration 10
time: 0.038566s
Iteration 11
time: 0.038954s
Iteration 12
time: 0.038901s
Iteration 13
time: 0.041392s
Iteration 14
time: 0.039167s
Iteration 15
time: 0.038454s
Iteration 16
time: 0.039802s
Iteration 17
time: 0.040662s
Iteration 18
time: 0.040092s
Iteration 19
time: 0.041761s
Iteration 20
time: 0.038090s
Iteration 21
time: 0.038307s
Iteration 22
time: 0.039110s
Iteration 23
time: 0.037439s
Iteration 24
time: 0.038232s
11: Starting numprocs=16 N=3000, M=3000 impl=allgather
0: Starting numprocs=16 N=3000, M=3000 impl=allgather
Iteration 0
5: Starting numprocs=16 N=3000, M=3000 impl=allgather
4: Starting numprocs=16 N=3000, M=3000 impl=allgather
10: Starting numprocs=16 N=3000, M=3000 impl=allgather
2: Starting numprocs=16 N=3000, M=3000 impl=allgather
14: Starting numprocs=16 N=3000, M=3000 impl=allgather
3: Starting numprocs=16 N=3000, M=3000 impl=allgather
7: Starting numprocs=16 N=3000, M=3000 impl=allgather
15: Starting numprocs=16 N=3000, M=3000 impl=allgather
6: Starting numprocs=16 N=3000, M=3000 impl=allgather
12: Starting numprocs=16 N=3000, M=3000 impl=allgather
13: Starting numprocs=16 N=3000, M=3000 impl=allgather
8: Starting numprocs=16 N=3000, M=3000 impl=allgather
9: Starting numprocs=16 N=3000, M=3000 impl=allgather
1: Starting numprocs=16 N=3000, M=3000 impl=allgather
time: 0.142804s
Iteration 1
time: 0.143239s
Iteration 2
time: 0.143835s
Iteration 3
time: 0.131271s
Iteration 4
time: 0.130834s
Iteration 5
time: 0.139730s
Iteration 6
time: 0.129545s
Iteration 7
time: 0.130003s
Iteration 8
time: 0.136280s
Iteration 9
time: 0.137334s
Iteration 10
time: 0.123252s
Iteration 11
time: 0.149768s
Iteration 12
time: 0.142316s
Iteration 13
time: 0.135143s
Iteration 14
time: 0.133687s
Iteration 15
time: 0.131654s
Iteration 16
time: 0.159787s
Iteration 17
time: 0.133348s
Iteration 18
time: 0.125129s
Iteration 19
time: 0.142033s
Iteration 20
time: 0.122668s
Iteration 21
time: 0.120401s
Iteration 22
time: 0.124252s
Iteration 23
time: 0.138442s
Iteration 24
time: 0.126705s
10: Starting numprocs=16 N=3000, M=3000 impl=allreduce
4: Starting numprocs=16 N=3000, M=3000 impl=allreduce
11: Starting numprocs=16 N=3000, M=3000 impl=allreduce
5: Starting numprocs=16 N=3000, M=3000 impl=allreduce
8: Starting numprocs=16 N=3000, M=3000 impl=allreduce
0: Starting numprocs=16 N=3000, M=3000 impl=allreduce
Iteration 0
2: Starting numprocs=16 N=3000, M=3000 impl=allreduce
7: Starting numprocs=16 N=3000, M=3000 impl=allreduce
13: Starting numprocs=16 N=3000, M=3000 impl=allreduce
6: Starting numprocs=16 N=3000, M=3000 impl=allreduce
9: Starting numprocs=16 N=3000, M=3000 impl=allreduce
14: Starting numprocs=16 N=3000, M=3000 impl=allreduce
3: Starting numprocs=16 N=3000, M=3000 impl=allreduce
15: Starting numprocs=16 N=3000, M=3000 impl=allreduce
1: Starting numprocs=16 N=3000, M=3000 impl=allreduce
12: Starting numprocs=16 N=3000, M=3000 impl=allreduce
time: 0.222691s
Iteration 1
time: 0.197508s
Iteration 2
time: 0.196070s
Iteration 3
time: 0.202492s
Iteration 4
time: 0.191344s
Iteration 5
time: 0.196661s
Iteration 6
time: 0.203050s
Iteration 7
time: 0.199366s
Iteration 8
time: 0.195661s
Iteration 9
time: 0.194202s
Iteration 10
time: 0.215323s
Iteration 11
time: 0.197395s
Iteration 12
time: 0.198301s
Iteration 13
time: 0.207143s
Iteration 14
time: 0.197469s
Iteration 15
time: 0.198148s
Iteration 16
time: 0.201547s
Iteration 17
time: 0.197444s
Iteration 18
time: 0.200286s
Iteration 19
time: 0.193651s
Iteration 20
time: 0.203361s
Iteration 21
time: 0.193837s
Iteration 22
time: 0.209747s
Iteration 23
time: 0.202450s
Iteration 24
time: 0.215550s
4: Starting numprocs=16 N=3000, M=3000 impl=allreduce-ring
10: Starting numprocs=16 N=3000, M=3000 impl=allreduce-ring
11: Starting numprocs=16 N=3000, M=3000 impl=allreduce-ring
8: Starting numprocs=16 N=3000, M=3000 impl=allreduce-ring
5: Starting numprocs=16 N=3000, M=3000 impl=allreduce-ring
2: Starting numprocs=16 N=3000, M=3000 impl=allreduce-ring
14: Starting numprocs=16 N=3000, M=3000 impl=allreduce-ring
7: Starting numprocs=16 N=3000, M=3000 impl=allreduce-ring
9: Starting numprocs=16 N=3000, M=3000 impl=allreduce-ring
3: Starting numprocs=16 N=3000, M=3000 impl=allreduce-ring
15: Starting numprocs=16 N=3000, M=3000 impl=allreduce-ring
6: Starting numprocs=16 N=3000, M=3000 impl=allreduce-ring
13: Starting numprocs=16 N=3000, M=3000 impl=allreduce-ring
1: Starting numprocs=16 N=3000, M=3000 impl=allreduce-ring
0: Starting numprocs=16 N=3000, M=3000 impl=allreduce-ring
Iteration 0
12: Starting numprocs=16 N=3000, M=3000 impl=allreduce-ring
time: 0.156132s
Iteration 1
time: 0.132905s
Iteration 2
time: 0.135492s
Iteration 3
time: 0.134768s
Iteration 4
time: 0.131949s
Iteration 5
time: 0.132043s
Iteration 6
time: 0.133595s
Iteration 7
time: 0.133872s
Iteration 8
time: 0.133560s
Iteration 9
time: 0.133605s
Iteration 10
time: 0.138505s
Iteration 11
time: 0.137699s
Iteration 12
time: 0.130620s
Iteration 13
time: 0.136512s
Iteration 14
time: 0.135445s
Iteration 15
time: 0.133662s
Iteration 16
time: 0.130548s
Iteration 17
time: 0.133953s
Iteration 18
time: 0.135255s
Iteration 19
time: 0.134267s
Iteration 20
time: 0.131508s
Iteration 21
time: 0.137165s
Iteration 22
time: 0.132883s
Iteration 23
time: 0.133090s
Iteration 24
time: 0.131484s
4: Starting numprocs=16 N=3000, M=3000 impl=g-rabenseifner-allgather
10: Starting numprocs=16 N=3000, M=3000 impl=g-rabenseifner-allgather
14: Starting numprocs=16 N=3000, M=3000 impl=g-rabenseifner-allgather
7: Starting numprocs=16 N=3000, M=3000 impl=g-rabenseifner-allgather
8: Starting numprocs=16 N=3000, M=3000 impl=g-rabenseifner-allgather
11: Starting numprocs=16 N=3000, M=3000 impl=g-rabenseifner-allgather
2: Starting numprocs=16 N=3000, M=3000 impl=g-rabenseifner-allgather
3: Starting numprocs=16 N=3000, M=3000 impl=g-rabenseifner-allgather
15: Starting numprocs=16 N=3000, M=3000 impl=g-rabenseifner-allgather
5: Starting numprocs=16 N=3000, M=3000 impl=g-rabenseifner-allgather
6: Starting numprocs=16 N=3000, M=3000 impl=g-rabenseifner-allgather
13: Starting numprocs=16 N=3000, M=3000 impl=g-rabenseifner-allgather
9: Starting numprocs=16 N=3000, M=3000 impl=g-rabenseifner-allgather
1: Starting numprocs=16 N=3000, M=3000 impl=g-rabenseifner-allgather
0: Starting numprocs=16 N=3000, M=3000 impl=g-rabenseifner-allgather
Iteration 0
12: Starting numprocs=16 N=3000, M=3000 impl=g-rabenseifner-allgather
time: 0.097829s
Iteration 1
time: 0.066425s
Iteration 2
time: 0.065681s
Iteration 3
time: 0.065864s
Iteration 4
time: 0.067620s
Iteration 5
time: 0.065544s
Iteration 6
time: 0.065852s
Iteration 7
time: 0.066149s
Iteration 8
time: 0.065800s
Iteration 9
time: 0.065879s
Iteration 10
time: 0.065649s
Iteration 11
time: 0.066017s
Iteration 12
time: 0.066168s
Iteration 13
time: 0.065885s
Iteration 14
time: 0.065723s
Iteration 15
time: 0.065549s
Iteration 16
time: 0.065845s
Iteration 17
time: 0.066201s
Iteration 18
time: 0.066361s
Iteration 19
time: 0.065810s
Iteration 20
time: 0.065688s
Iteration 21
time: 0.065472s
Iteration 22
time: 0.065997s
Iteration 23
time: 0.065673s
Iteration 24
time: 0.067091s
4: Starting numprocs=16 N=3000, M=3000 impl=g-rabenseifner-subgroup-2
11: Starting numprocs=16 N=3000, M=3000 impl=g-rabenseifner-subgroup-2
8: Starting numprocs=16 N=3000, M=3000 impl=g-rabenseifner-subgroup-2
10: Starting numprocs=16 N=3000, M=3000 impl=g-rabenseifner-subgroup-2
2: Starting numprocs=16 N=3000, M=3000 impl=g-rabenseifner-subgroup-2
0: Starting numprocs=16 N=3000, M=3000 impl=g-rabenseifner-subgroup-2
Iteration 0
7: Starting numprocs=16 N=3000, M=3000 impl=g-rabenseifner-subgroup-2
14: Starting numprocs=16 N=3000, M=3000 impl=g-rabenseifner-subgroup-2
5: Starting numprocs=16 N=3000, M=3000 impl=g-rabenseifner-subgroup-2
6: Starting numprocs=16 N=3000, M=3000 impl=g-rabenseifner-subgroup-2
15: Starting numprocs=16 N=3000, M=3000 impl=g-rabenseifner-subgroup-2
3: Starting numprocs=16 N=3000, M=3000 impl=g-rabenseifner-subgroup-2
1: Starting numprocs=16 N=3000, M=3000 impl=g-rabenseifner-subgroup-2
13: Starting numprocs=16 N=3000, M=3000 impl=g-rabenseifner-subgroup-2
9: Starting numprocs=16 N=3000, M=3000 impl=g-rabenseifner-subgroup-2
12: Starting numprocs=16 N=3000, M=3000 impl=g-rabenseifner-subgroup-2
time: 0.101001s
Iteration 1
time: 0.069207s
Iteration 2
time: 0.068469s
Iteration 3
time: 0.068217s
Iteration 4
time: 0.068306s
Iteration 5
time: 0.068419s
Iteration 6
time: 0.068854s
Iteration 7
time: 0.068324s
Iteration 8
time: 0.068055s
Iteration 9
time: 0.068216s
Iteration 10
time: 0.068603s
Iteration 11
time: 0.069358s
Iteration 12
time: 0.068085s
Iteration 13
time: 0.068600s
Iteration 14
time: 0.069225s
Iteration 15
time: 0.068865s
Iteration 16
time: 0.068910s
Iteration 17
time: 0.069346s
Iteration 18
time: 0.069658s
Iteration 19
time: 0.069411s
Iteration 20
time: 0.068901s
Iteration 21
time: 0.069706s
Iteration 22
time: 0.069349s
Iteration 23
time: 0.068764s
Iteration 24
time: 0.069081s
4: Starting numprocs=16 N=3000, M=3000 impl=g-rabenseifner-subgroup-4
11: Starting numprocs=16 N=3000, M=3000 impl=g-rabenseifner-subgroup-4
2: Starting numprocs=16 N=3000, M=3000 impl=g-rabenseifner-subgroup-4
10: Starting numprocs=16 N=3000, M=3000 impl=g-rabenseifner-subgroup-4
8: Starting numprocs=16 N=3000, M=3000 impl=g-rabenseifner-subgroup-4
5: Starting numprocs=16 N=3000, M=3000 impl=g-rabenseifner-subgroup-4
14: Starting numprocs=16 N=3000, M=3000 impl=g-rabenseifner-subgroup-4
3: Starting numprocs=16 N=3000, M=3000 impl=g-rabenseifner-subgroup-4
6: Starting numprocs=16 N=3000, M=3000 impl=g-rabenseifner-subgroup-4
7: Starting numprocs=16 N=3000, M=3000 impl=g-rabenseifner-subgroup-4
15: Starting numprocs=16 N=3000, M=3000 impl=g-rabenseifner-subgroup-4
1: Starting numprocs=16 N=3000, M=3000 impl=g-rabenseifner-subgroup-4
13: Starting numprocs=16 N=3000, M=3000 impl=g-rabenseifner-subgroup-4
12: Starting numprocs=16 N=3000, M=3000 impl=g-rabenseifner-subgroup-4
9: Starting numprocs=16 N=3000, M=3000 impl=g-rabenseifner-subgroup-4
0: Starting numprocs=16 N=3000, M=3000 impl=g-rabenseifner-subgroup-4
Iteration 0
time: 0.106281s
Iteration 1
time: 0.075114s
Iteration 2
time: 0.074279s
Iteration 3
time: 0.074370s
Iteration 4
time: 0.074973s
Iteration 5
time: 0.074956s
Iteration 6
time: 0.075095s
Iteration 7
time: 0.076283s
Iteration 8
time: 0.075131s
Iteration 9
time: 0.076066s
Iteration 10
time: 0.076833s
Iteration 11
time: 0.076356s
Iteration 12
time: 0.076649s
Iteration 13
time: 0.076607s
Iteration 14
time: 0.076846s
Iteration 15
time: 0.076908s
Iteration 16
time: 0.077067s
Iteration 17
time: 0.075951s
Iteration 18
time: 0.076403s
Iteration 19
time: 0.075260s
Iteration 20
time: 0.075908s
Iteration 21
time: 0.077089s
Iteration 22
time: 0.077455s
Iteration 23
time: 0.074582s
Iteration 24
time: 0.076766s
4: Starting numprocs=16 N=3000, M=3000 impl=g-rabenseifner-subgroup-8
11: Starting numprocs=16 N=3000, M=3000 impl=g-rabenseifner-subgroup-8
8: Starting numprocs=16 N=3000, M=3000 impl=g-rabenseifner-subgroup-8
2: Starting numprocs=16 N=3000, M=3000 impl=g-rabenseifner-subgroup-8
7: Starting numprocs=16 N=3000, M=3000 impl=g-rabenseifner-subgroup-8
10: Starting numprocs=16 N=3000, M=3000 impl=g-rabenseifner-subgroup-8
13: Starting numprocs=16 N=3000, M=3000 impl=g-rabenseifner-subgroup-8
5: Starting numprocs=16 N=3000, M=3000 impl=g-rabenseifner-subgroup-8
3: Starting numprocs=16 N=3000, M=3000 impl=g-rabenseifner-subgroup-8
15: Starting numprocs=16 N=3000, M=3000 impl=g-rabenseifner-subgroup-8
14: Starting numprocs=16 N=3000, M=3000 impl=g-rabenseifner-subgroup-8
6: Starting numprocs=16 N=3000, M=3000 impl=g-rabenseifner-subgroup-8
0: Starting numprocs=16 N=3000, M=3000 impl=g-rabenseifner-subgroup-8
Iteration 0
1: Starting numprocs=16 N=3000, M=3000 impl=g-rabenseifner-subgroup-8
9: Starting numprocs=16 N=3000, M=3000 impl=g-rabenseifner-subgroup-8
12: Starting numprocs=16 N=3000, M=3000 impl=g-rabenseifner-subgroup-8
time: 0.103794s
Iteration 1
time: 0.085545s
Iteration 2
time: 0.084388s
Iteration 3
time: 0.087242s
Iteration 4
time: 0.088143s
Iteration 5
time: 0.085239s
Iteration 6
time: 0.082449s
Iteration 7
time: 0.082232s
Iteration 8
time: 0.080761s
Iteration 9
time: 0.085391s
Iteration 10
time: 0.087500s
Iteration 11
time: 0.091884s
Iteration 12
time: 0.086397s
Iteration 13
time: 0.082804s
Iteration 14
time: 0.084662s
Iteration 15
time: 0.087629s
Iteration 16
time: 0.084123s
Iteration 17
time: 0.082749s
Iteration 18
time: 0.083534s
Iteration 19
time: 0.087504s
Iteration 20
time: 0.083466s
Iteration 21
time: 0.084296s
Iteration 22
time: 0.085296s
Iteration 23
time: 0.094715s
Iteration 24
time: 0.098137s
4: Starting numprocs=16 N=4000, M=4000 impl=allgather
11: Starting numprocs=16 N=4000, M=4000 impl=allgather
5: Starting numprocs=16 N=4000, M=4000 impl=allgather
7: Starting numprocs=16 N=4000, M=4000 impl=allgather
2: Starting numprocs=16 N=4000, M=4000 impl=allgather
10: Starting numprocs=16 N=4000, M=4000 impl=allgather
3: Starting numprocs=16 N=4000, M=4000 impl=allgather
9: Starting numprocs=16 N=4000, M=4000 impl=allgather
6: Starting numprocs=16 N=4000, M=4000 impl=allgather
14: Starting numprocs=16 N=4000, M=4000 impl=allgather
13: Starting numprocs=16 N=4000, M=4000 impl=allgather
8: Starting numprocs=16 N=4000, M=4000 impl=allgather
12: Starting numprocs=16 N=4000, M=4000 impl=allgather
1: Starting numprocs=16 N=4000, M=4000 impl=allgather
15: Starting numprocs=16 N=4000, M=4000 impl=allgather
0: Starting numprocs=16 N=4000, M=4000 impl=allgather
Iteration 0
time: 0.324148s
Iteration 1
time: 0.299340s
Iteration 2
time: 0.267193s
Iteration 3
time: 0.242347s
Iteration 4
time: 0.248585s
Iteration 5
time: 0.248035s
Iteration 6
time: 0.241323s
Iteration 7
time: 0.264032s
Iteration 8
time: 0.252355s
Iteration 9
time: 0.269332s
Iteration 10
time: 0.265420s
Iteration 11
time: 0.274909s
Iteration 12
time: 0.249770s
Iteration 13
time: 0.265519s
Iteration 14
time: 0.257205s
Iteration 15
time: 0.294147s
Iteration 16
time: 0.254724s
Iteration 17
time: 0.286948s
Iteration 18
time: 0.264688s
Iteration 19
time: 0.244957s
Iteration 20
time: 0.233589s
Iteration 21
time: 0.235540s
Iteration 22
time: 0.237535s
Iteration 23
time: 0.240615s
Iteration 24
time: 0.259578s
4: Starting numprocs=16 N=4000, M=4000 impl=allreduce
8: Starting numprocs=16 N=4000, M=4000 impl=allreduce
10: Starting numprocs=16 N=4000, M=4000 impl=allreduce
2: Starting numprocs=16 N=4000, M=4000 impl=allreduce
7: Starting numprocs=16 N=4000, M=4000 impl=allreduce
11: Starting numprocs=16 N=4000, M=4000 impl=allreduce
5: Starting numprocs=16 N=4000, M=4000 impl=allreduce
14: Starting numprocs=16 N=4000, M=4000 impl=allreduce
6: Starting numprocs=16 N=4000, M=4000 impl=allreduce
13: Starting numprocs=16 N=4000, M=4000 impl=allreduce
3: Starting numprocs=16 N=4000, M=4000 impl=allreduce
9: Starting numprocs=16 N=4000, M=4000 impl=allreduce
0: Starting numprocs=16 N=4000, M=4000 impl=allreduce
Iteration 0
15: Starting numprocs=16 N=4000, M=4000 impl=allreduce
1: Starting numprocs=16 N=4000, M=4000 impl=allreduce
12: Starting numprocs=16 N=4000, M=4000 impl=allreduce
time: 0.410771s
Iteration 1
time: 0.355264s
Iteration 2
time: 0.343024s
Iteration 3
time: 0.344509s
Iteration 4
time: 0.358184s
Iteration 5
time: 0.348006s
Iteration 6
time: 0.350677s
Iteration 7
time: 0.361298s
Iteration 8
time: 0.354746s
Iteration 9
time: 0.349331s
Iteration 10
time: 0.360403s
Iteration 11
time: 0.350751s
Iteration 12
time: 0.353989s
Iteration 13
time: 0.353992s
Iteration 14
time: 0.354435s
Iteration 15
time: 0.373766s
Iteration 16
time: 0.350757s
Iteration 17
time: 0.356262s
Iteration 18
time: 0.360052s
Iteration 19
time: 0.355197s
Iteration 20
time: 0.355824s
Iteration 21
time: 0.361870s
Iteration 22
time: 0.351837s
Iteration 23
time: 0.360546s
Iteration 24
time: 0.354503s
8: Starting numprocs=16 N=4000, M=4000 impl=allreduce-ring
11: Starting numprocs=16 N=4000, M=4000 impl=allreduce-ring
10: Starting numprocs=16 N=4000, M=4000 impl=allreduce-ring
4: Starting numprocs=16 N=4000, M=4000 impl=allreduce-ring
2: Starting numprocs=16 N=4000, M=4000 impl=allreduce-ring
5: Starting numprocs=16 N=4000, M=4000 impl=allreduce-ring
7: Starting numprocs=16 N=4000, M=4000 impl=allreduce-ring
14: Starting numprocs=16 N=4000, M=4000 impl=allreduce-ring
6: Starting numprocs=16 N=4000, M=4000 impl=allreduce-ring
13: Starting numprocs=16 N=4000, M=4000 impl=allreduce-ring
3: Starting numprocs=16 N=4000, M=4000 impl=allreduce-ring
12: Starting numprocs=16 N=4000, M=4000 impl=allreduce-ring
9: Starting numprocs=16 N=4000, M=4000 impl=allreduce-ring
15: Starting numprocs=16 N=4000, M=4000 impl=allreduce-ring
0: Starting numprocs=16 N=4000, M=4000 impl=allreduce-ring
Iteration 0
1: Starting numprocs=16 N=4000, M=4000 impl=allreduce-ring
time: 0.266394s
Iteration 1
time: 0.244792s
Iteration 2
time: 0.244207s
Iteration 3
time: 0.234237s
Iteration 4
time: 0.251266s
Iteration 5
time: 0.247927s
Iteration 6
time: 0.244582s
Iteration 7
time: 0.248711s
Iteration 8
time: 0.240216s
Iteration 9
time: 0.247518s
Iteration 10
time: 0.236693s
Iteration 11
time: 0.237849s
Iteration 12
time: 0.237081s
Iteration 13
time: 0.241724s
Iteration 14
time: 0.238712s
Iteration 15
time: 0.241817s
Iteration 16
time: 0.233430s
Iteration 17
time: 0.243351s
Iteration 18
time: 0.238475s
Iteration 19
time: 0.245978s
Iteration 20
time: 0.247277s
Iteration 21
time: 0.237111s
Iteration 22
time: 0.239869s
Iteration 23
time: 0.237979s
Iteration 24
time: 0.243857s
11: Starting numprocs=16 N=4000, M=4000 impl=g-rabenseifner-allgather
4: Starting numprocs=16 N=4000, M=4000 impl=g-rabenseifner-allgather
10: Starting numprocs=16 N=4000, M=4000 impl=g-rabenseifner-allgather
5: Starting numprocs=16 N=4000, M=4000 impl=g-rabenseifner-allgather
8: Starting numprocs=16 N=4000, M=4000 impl=g-rabenseifner-allgather
7: Starting numprocs=16 N=4000, M=4000 impl=g-rabenseifner-allgather
2: Starting numprocs=16 N=4000, M=4000 impl=g-rabenseifner-allgather
13: Starting numprocs=16 N=4000, M=4000 impl=g-rabenseifner-allgather
14: Starting numprocs=16 N=4000, M=4000 impl=g-rabenseifner-allgather
3: Starting numprocs=16 N=4000, M=4000 impl=g-rabenseifner-allgather
6: Starting numprocs=16 N=4000, M=4000 impl=g-rabenseifner-allgather
0: Starting numprocs=16 N=4000, M=4000 impl=g-rabenseifner-allgather
Iteration 0
15: Starting numprocs=16 N=4000, M=4000 impl=g-rabenseifner-allgather
12: Starting numprocs=16 N=4000, M=4000 impl=g-rabenseifner-allgather
9: Starting numprocs=16 N=4000, M=4000 impl=g-rabenseifner-allgather
1: Starting numprocs=16 N=4000, M=4000 impl=g-rabenseifner-allgather
time: 0.144188s
Iteration 1
time: 0.115498s
Iteration 2
time: 0.116837s
Iteration 3
time: 0.116394s
Iteration 4
time: 0.116103s
Iteration 5
time: 0.115680s
Iteration 6
time: 0.114881s
Iteration 7
time: 0.115697s
Iteration 8
time: 0.115100s
Iteration 9
time: 0.115994s
Iteration 10
time: 0.116247s
Iteration 11
time: 0.116475s
Iteration 12
time: 0.116243s
Iteration 13
time: 0.115094s
Iteration 14
time: 0.116460s
Iteration 15
time: 0.117286s
Iteration 16
time: 0.116077s
Iteration 17
time: 0.117036s
Iteration 18
time: 0.116330s
Iteration 19
time: 0.118068s
Iteration 20
time: 0.119391s
Iteration 21
time: 0.115681s
Iteration 22
time: 0.115595s
Iteration 23
time: 0.115650s
Iteration 24
time: 0.116417s
4: Starting numprocs=16 N=4000, M=4000 impl=g-rabenseifner-subgroup-2
10: Starting numprocs=16 N=4000, M=4000 impl=g-rabenseifner-subgroup-2
5: Starting numprocs=16 N=4000, M=4000 impl=g-rabenseifner-subgroup-2
11: Starting numprocs=16 N=4000, M=4000 impl=g-rabenseifner-subgroup-2
7: Starting numprocs=16 N=4000, M=4000 impl=g-rabenseifner-subgroup-2
2: Starting numprocs=16 N=4000, M=4000 impl=g-rabenseifner-subgroup-2
14: Starting numprocs=16 N=4000, M=4000 impl=g-rabenseifner-subgroup-2
3: Starting numprocs=16 N=4000, M=4000 impl=g-rabenseifner-subgroup-2
13: Starting numprocs=16 N=4000, M=4000 impl=g-rabenseifner-subgroup-2
8: Starting numprocs=16 N=4000, M=4000 impl=g-rabenseifner-subgroup-2
0: Starting numprocs=16 N=4000, M=4000 impl=g-rabenseifner-subgroup-2
Iteration 0
6: Starting numprocs=16 N=4000, M=4000 impl=g-rabenseifner-subgroup-2
12: Starting numprocs=16 N=4000, M=4000 impl=g-rabenseifner-subgroup-2
15: Starting numprocs=16 N=4000, M=4000 impl=g-rabenseifner-subgroup-2
9: Starting numprocs=16 N=4000, M=4000 impl=g-rabenseifner-subgroup-2
1: Starting numprocs=16 N=4000, M=4000 impl=g-rabenseifner-subgroup-2
time: 0.152988s
Iteration 1
time: 0.123007s
Iteration 2
time: 0.122671s
Iteration 3
time: 0.122050s
Iteration 4
time: 0.121887s
Iteration 5
time: 0.122189s
Iteration 6
time: 0.122098s
Iteration 7
time: 0.120854s
Iteration 8
time: 0.121236s
Iteration 9
time: 0.120808s
Iteration 10
time: 0.120752s
Iteration 11
time: 0.120840s
Iteration 12
time: 0.120329s
Iteration 13
time: 0.120975s
Iteration 14
time: 0.120691s
Iteration 15
time: 0.121372s
Iteration 16
time: 0.121802s
Iteration 17
time: 0.121540s
Iteration 18
time: 0.121311s
Iteration 19
time: 0.122560s
Iteration 20
time: 0.122463s
Iteration 21
time: 0.122287s
Iteration 22
time: 0.121975s
Iteration 23
time: 0.125494s
Iteration 24
time: 0.121616s
4: Starting numprocs=16 N=4000, M=4000 impl=g-rabenseifner-subgroup-4
10: Starting numprocs=16 N=4000, M=4000 impl=g-rabenseifner-subgroup-4
8: Starting numprocs=16 N=4000, M=4000 impl=g-rabenseifner-subgroup-4
2: Starting numprocs=16 N=4000, M=4000 impl=g-rabenseifner-subgroup-4
5: Starting numprocs=16 N=4000, M=4000 impl=g-rabenseifner-subgroup-4
11: Starting numprocs=16 N=4000, M=4000 impl=g-rabenseifner-subgroup-4
0: Starting numprocs=16 N=4000, M=4000 impl=g-rabenseifner-subgroup-4
Iteration 0
7: Starting numprocs=16 N=4000, M=4000 impl=g-rabenseifner-subgroup-4
13: Starting numprocs=16 N=4000, M=4000 impl=g-rabenseifner-subgroup-4
14: Starting numprocs=16 N=4000, M=4000 impl=g-rabenseifner-subgroup-4
3: Starting numprocs=16 N=4000, M=4000 impl=g-rabenseifner-subgroup-4
6: Starting numprocs=16 N=4000, M=4000 impl=g-rabenseifner-subgroup-4
9: Starting numprocs=16 N=4000, M=4000 impl=g-rabenseifner-subgroup-4
15: Starting numprocs=16 N=4000, M=4000 impl=g-rabenseifner-subgroup-4
1: Starting numprocs=16 N=4000, M=4000 impl=g-rabenseifner-subgroup-4
12: Starting numprocs=16 N=4000, M=4000 impl=g-rabenseifner-subgroup-4
time: 0.165986s
Iteration 1
time: 0.134575s
Iteration 2
time: 0.134388s
Iteration 3
time: 0.138313s
Iteration 4
time: 0.134409s
Iteration 5
time: 0.133965s
Iteration 6
time: 0.134593s
Iteration 7
time: 0.134953s
Iteration 8
time: 0.134508s
Iteration 9
time: 0.137845s
Iteration 10
time: 0.135137s
Iteration 11
time: 0.135676s
Iteration 12
time: 0.135624s
Iteration 13
time: 0.136521s
Iteration 14
time: 0.139155s
Iteration 15
time: 0.138460s
Iteration 16
time: 0.139580s
Iteration 17
time: 0.133669s
Iteration 18
time: 0.133194s
Iteration 19
time: 0.132283s
Iteration 20
time: 0.134685s
Iteration 21
time: 0.133631s
Iteration 22
time: 0.133327s
Iteration 23
time: 0.134415s
Iteration 24
time: 0.139408s
4: Starting numprocs=16 N=4000, M=4000 impl=g-rabenseifner-subgroup-8
2: Starting numprocs=16 N=4000, M=4000 impl=g-rabenseifner-subgroup-8
10: Starting numprocs=16 N=4000, M=4000 impl=g-rabenseifner-subgroup-8
5: Starting numprocs=16 N=4000, M=4000 impl=g-rabenseifner-subgroup-8
11: Starting numprocs=16 N=4000, M=4000 impl=g-rabenseifner-subgroup-8
7: Starting numprocs=16 N=4000, M=4000 impl=g-rabenseifner-subgroup-8
3: Starting numprocs=16 N=4000, M=4000 impl=g-rabenseifner-subgroup-8
14: Starting numprocs=16 N=4000, M=4000 impl=g-rabenseifner-subgroup-8
0: Starting numprocs=16 N=4000, M=4000 impl=g-rabenseifner-subgroup-8
Iteration 0
6: Starting numprocs=16 N=4000, M=4000 impl=g-rabenseifner-subgroup-8
8: Starting numprocs=16 N=4000, M=4000 impl=g-rabenseifner-subgroup-8
13: Starting numprocs=16 N=4000, M=4000 impl=g-rabenseifner-subgroup-8
9: Starting numprocs=16 N=4000, M=4000 impl=g-rabenseifner-subgroup-8
15: Starting numprocs=16 N=4000, M=4000 impl=g-rabenseifner-subgroup-8
1: Starting numprocs=16 N=4000, M=4000 impl=g-rabenseifner-subgroup-8
12: Starting numprocs=16 N=4000, M=4000 impl=g-rabenseifner-subgroup-8
time: 0.186752s
Iteration 1
time: 0.146241s
Iteration 2
time: 0.145434s
Iteration 3
time: 0.144335s
Iteration 4
time: 0.152427s
Iteration 5
time: 0.145001s
Iteration 6
time: 0.150496s
Iteration 7
time: 0.153805s
Iteration 8
time: 0.146729s
Iteration 9
time: 0.145477s
Iteration 10
time: 0.148644s
Iteration 11
time: 0.149625s
Iteration 12
time: 0.153775s
Iteration 13
time: 0.150852s
Iteration 14
time: 0.163013s
Iteration 15
time: 0.159841s
Iteration 16
time: 0.159192s
Iteration 17
time: 0.159231s
Iteration 18
time: 0.163878s
Iteration 19
time: 0.162303s
Iteration 20
time: 0.167529s
Iteration 21
time: 0.169215s
Iteration 22
time: 0.162065s
Iteration 23
time: 0.145814s
Iteration 24
time: 0.166019s
4: Starting numprocs=16 N=5000, M=5000 impl=allgather
5: Starting numprocs=16 N=5000, M=5000 impl=allgather
2: Starting numprocs=16 N=5000, M=5000 impl=allgather
8: Starting numprocs=16 N=5000, M=5000 impl=allgather
10: Starting numprocs=16 N=5000, M=5000 impl=allgather
14: Starting numprocs=16 N=5000, M=5000 impl=allgather
7: Starting numprocs=16 N=5000, M=5000 impl=allgather
9: Starting numprocs=16 N=5000, M=5000 impl=allgather
6: Starting numprocs=16 N=5000, M=5000 impl=allgather
13: Starting numprocs=16 N=5000, M=5000 impl=allgather
3: Starting numprocs=16 N=5000, M=5000 impl=allgather
0: Starting numprocs=16 N=5000, M=5000 impl=allgather
Iteration 0
15: Starting numprocs=16 N=5000, M=5000 impl=allgather
12: Starting numprocs=16 N=5000, M=5000 impl=allgather
11: Starting numprocs=16 N=5000, M=5000 impl=allgather
1: Starting numprocs=16 N=5000, M=5000 impl=allgather
time: 0.420264s
Iteration 1
time: 0.409628s
Iteration 2
time: 0.418757s
Iteration 3
time: 0.430888s
Iteration 4
time: 0.427831s
Iteration 5
time: 0.422946s
Iteration 6
time: 0.422152s
Iteration 7
time: 0.432738s
Iteration 8
time: 0.417987s
Iteration 9
time: 0.429502s
Iteration 10
time: 0.430700s
Iteration 11
time: 0.419457s
Iteration 12
time: 0.441051s
Iteration 13
time: 0.428146s
Iteration 14
time: 0.434096s
Iteration 15
time: 0.417309s
Iteration 16
time: 0.424117s
Iteration 17
time: 0.423572s
Iteration 18
time: 0.435465s
Iteration 19
time: 0.413888s
Iteration 20
time: 0.426240s
Iteration 21
time: 0.416136s
Iteration 22
time: 0.430583s
Iteration 23
time: 0.431087s
Iteration 24
time: 0.428313s
5: Starting numprocs=16 N=5000, M=5000 impl=allreduce
10: Starting numprocs=16 N=5000, M=5000 impl=allreduce
4: Starting numprocs=16 N=5000, M=5000 impl=allreduce
8: Starting numprocs=16 N=5000, M=5000 impl=allreduce
11: Starting numprocs=16 N=5000, M=5000 impl=allreduce
7: Starting numprocs=16 N=5000, M=5000 impl=allreduce
14: Starting numprocs=16 N=5000, M=5000 impl=allreduce
3: Starting numprocs=16 N=5000, M=5000 impl=allreduce
0: Starting numprocs=16 N=5000, M=5000 impl=allreduce
Iteration 0
2: Starting numprocs=16 N=5000, M=5000 impl=allreduce
15: Starting numprocs=16 N=5000, M=5000 impl=allreduce
9: Starting numprocs=16 N=5000, M=5000 impl=allreduce
13: Starting numprocs=16 N=5000, M=5000 impl=allreduce
6: Starting numprocs=16 N=5000, M=5000 impl=allreduce
1: Starting numprocs=16 N=5000, M=5000 impl=allreduce
12: Starting numprocs=16 N=5000, M=5000 impl=allreduce
time: 0.620426s
Iteration 1
time: 0.556657s
Iteration 2
time: 0.558985s
Iteration 3
time: 0.538016s
Iteration 4
time: 0.578235s
Iteration 5
time: 0.549857s
Iteration 6
time: 0.539008s
Iteration 7
time: 0.550177s
Iteration 8
time: 0.565832s
Iteration 9
time: 0.552573s
Iteration 10
time: 0.548193s
Iteration 11
time: 0.568765s
Iteration 12
time: 0.563888s
Iteration 13
time: 0.563549s
Iteration 14
time: 0.546404s
Iteration 15
time: 0.550596s
Iteration 16
time: 0.559966s
Iteration 17
time: 0.540012s
Iteration 18
time: 0.565871s
Iteration 19
time: 0.565151s
Iteration 20
time: 0.572860s
Iteration 21
time: 0.537953s
Iteration 22
time: 0.542427s
Iteration 23
time: 0.561520s
Iteration 24
time: 0.546348s
4: Starting numprocs=16 N=5000, M=5000 impl=allreduce-ring
2: Starting numprocs=16 N=5000, M=5000 impl=allreduce-ring
11: Starting numprocs=16 N=5000, M=5000 impl=allreduce-ring
10: Starting numprocs=16 N=5000, M=5000 impl=allreduce-ring
7: Starting numprocs=16 N=5000, M=5000 impl=allreduce-ring
5: Starting numprocs=16 N=5000, M=5000 impl=allreduce-ring
14: Starting numprocs=16 N=5000, M=5000 impl=allreduce-ring
8: Starting numprocs=16 N=5000, M=5000 impl=allreduce-ring
9: Starting numprocs=16 N=5000, M=5000 impl=allreduce-ring
3: Starting numprocs=16 N=5000, M=5000 impl=allreduce-ring
0: Starting numprocs=16 N=5000, M=5000 impl=allreduce-ring
Iteration 0
6: Starting numprocs=16 N=5000, M=5000 impl=allreduce-ring
15: Starting numprocs=16 N=5000, M=5000 impl=allreduce-ring
13: Starting numprocs=16 N=5000, M=5000 impl=allreduce-ring
1: Starting numprocs=16 N=5000, M=5000 impl=allreduce-ring
12: Starting numprocs=16 N=5000, M=5000 impl=allreduce-ring
time: 0.397917s
Iteration 1
time: 0.409900s
Iteration 2
time: 0.376289s
Iteration 3
time: 0.382105s
Iteration 4
time: 0.392086s
Iteration 5
time: 0.373542s
Iteration 6
time: 0.390170s
Iteration 7
time: 0.376837s
Iteration 8
time: 0.374494s
Iteration 9
time: 0.371641s
Iteration 10
time: 0.373997s
Iteration 11
time: 0.381886s
Iteration 12
time: 0.373368s
Iteration 13
time: 0.386257s
Iteration 14
time: 0.374863s
Iteration 15
time: 0.374335s
Iteration 16
time: 0.372206s
Iteration 17
time: 0.376364s
Iteration 18
time: 0.391081s
Iteration 19
time: 0.389961s
Iteration 20
time: 0.366959s
Iteration 21
time: 0.376930s
Iteration 22
time: 0.386207s
Iteration 23
time: 0.376774s
Iteration 24
time: 0.375940s
4: Starting numprocs=16 N=5000, M=5000 impl=g-rabenseifner-allgather
10: Starting numprocs=16 N=5000, M=5000 impl=g-rabenseifner-allgather
14: Starting numprocs=16 N=5000, M=5000 impl=g-rabenseifner-allgather
11: Starting numprocs=16 N=5000, M=5000 impl=g-rabenseifner-allgather
2: Starting numprocs=16 N=5000, M=5000 impl=g-rabenseifner-allgather
6: Starting numprocs=16 N=5000, M=5000 impl=g-rabenseifner-allgather
13: Starting numprocs=16 N=5000, M=5000 impl=g-rabenseifner-allgather
7: Starting numprocs=16 N=5000, M=5000 impl=g-rabenseifner-allgather
15: Starting numprocs=16 N=5000, M=5000 impl=g-rabenseifner-allgather
5: Starting numprocs=16 N=5000, M=5000 impl=g-rabenseifner-allgather
3: Starting numprocs=16 N=5000, M=5000 impl=g-rabenseifner-allgather
0: Starting numprocs=16 N=5000, M=5000 impl=g-rabenseifner-allgather
Iteration 0
9: Starting numprocs=16 N=5000, M=5000 impl=g-rabenseifner-allgather
8: Starting numprocs=16 N=5000, M=5000 impl=g-rabenseifner-allgather
1: Starting numprocs=16 N=5000, M=5000 impl=g-rabenseifner-allgather
12: Starting numprocs=16 N=5000, M=5000 impl=g-rabenseifner-allgather
time: 0.211674s
Iteration 1
time: 0.179908s
Iteration 2
time: 0.179156s
Iteration 3
time: 0.179701s
Iteration 4
time: 0.180435s
Iteration 5
time: 0.180348s
Iteration 6
time: 0.180084s
Iteration 7
time: 0.180682s
Iteration 8
time: 0.180201s
Iteration 9
time: 0.181174s
Iteration 10
time: 0.179449s
Iteration 11
time: 0.179523s
Iteration 12
time: 0.179633s
Iteration 13
time: 0.181191s
Iteration 14
time: 0.179792s
Iteration 15
time: 0.180345s
Iteration 16
time: 0.181117s
Iteration 17
time: 0.180130s
Iteration 18
time: 0.180074s
Iteration 19
time: 0.179909s
Iteration 20
time: 0.180880s
Iteration 21
time: 0.180766s
Iteration 22
time: 0.180262s
Iteration 23
time: 0.179809s
Iteration 24
time: 0.180835s
4: Starting numprocs=16 N=5000, M=5000 impl=g-rabenseifner-subgroup-2
11: Starting numprocs=16 N=5000, M=5000 impl=g-rabenseifner-subgroup-2
10: Starting numprocs=16 N=5000, M=5000 impl=g-rabenseifner-subgroup-2
5: Starting numprocs=16 N=5000, M=5000 impl=g-rabenseifner-subgroup-2
0: Starting numprocs=16 N=5000, M=5000 impl=g-rabenseifner-subgroup-2
Iteration 0
7: Starting numprocs=16 N=5000, M=5000 impl=g-rabenseifner-subgroup-2
8: Starting numprocs=16 N=5000, M=5000 impl=g-rabenseifner-subgroup-2
2: Starting numprocs=16 N=5000, M=5000 impl=g-rabenseifner-subgroup-2
14: Starting numprocs=16 N=5000, M=5000 impl=g-rabenseifner-subgroup-2
6: Starting numprocs=16 N=5000, M=5000 impl=g-rabenseifner-subgroup-2
9: Starting numprocs=16 N=5000, M=5000 impl=g-rabenseifner-subgroup-2
13: Starting numprocs=16 N=5000, M=5000 impl=g-rabenseifner-subgroup-2
15: Starting numprocs=16 N=5000, M=5000 impl=g-rabenseifner-subgroup-2
1: Starting numprocs=16 N=5000, M=5000 impl=g-rabenseifner-subgroup-2
3: Starting numprocs=16 N=5000, M=5000 impl=g-rabenseifner-subgroup-2
12: Starting numprocs=16 N=5000, M=5000 impl=g-rabenseifner-subgroup-2
time: 0.225721s
Iteration 1
time: 0.191857s
Iteration 2
time: 0.188894s
Iteration 3
time: 0.190697s
Iteration 4
time: 0.189108s
Iteration 5
time: 0.189603s
Iteration 6
time: 0.188841s
Iteration 7
time: 0.188827s
Iteration 8
time: 0.199054s
Iteration 9
time: 0.188316s
Iteration 10
time: 0.189119s
Iteration 11
time: 0.199565s
Iteration 12
time: 0.190411s
Iteration 13
time: 0.188329s
Iteration 14
time: 0.188839s
Iteration 15
time: 0.189804s
Iteration 16
time: 0.191097s
Iteration 17
time: 0.189848s
Iteration 18
time: 0.191145s
Iteration 19
time: 0.192523s
Iteration 20
time: 0.190825s
Iteration 21
time: 0.189990s
Iteration 22
time: 0.189960s
Iteration 23
time: 0.190429s
Iteration 24
time: 0.190340s
4: Starting numprocs=16 N=5000, M=5000 impl=g-rabenseifner-subgroup-4
10: Starting numprocs=16 N=5000, M=5000 impl=g-rabenseifner-subgroup-4
8: Starting numprocs=16 N=5000, M=5000 impl=g-rabenseifner-subgroup-4
11: Starting numprocs=16 N=5000, M=5000 impl=g-rabenseifner-subgroup-4
7: Starting numprocs=16 N=5000, M=5000 impl=g-rabenseifner-subgroup-4
2: Starting numprocs=16 N=5000, M=5000 impl=g-rabenseifner-subgroup-4
14: Starting numprocs=16 N=5000, M=5000 impl=g-rabenseifner-subgroup-4
0: Starting numprocs=16 N=5000, M=5000 impl=g-rabenseifner-subgroup-4
Iteration 0
3: Starting numprocs=16 N=5000, M=5000 impl=g-rabenseifner-subgroup-4
13: Starting numprocs=16 N=5000, M=5000 impl=g-rabenseifner-subgroup-4
5: Starting numprocs=16 N=5000, M=5000 impl=g-rabenseifner-subgroup-4
6: Starting numprocs=16 N=5000, M=5000 impl=g-rabenseifner-subgroup-4
15: Starting numprocs=16 N=5000, M=5000 impl=g-rabenseifner-subgroup-4
9: Starting numprocs=16 N=5000, M=5000 impl=g-rabenseifner-subgroup-4
12: Starting numprocs=16 N=5000, M=5000 impl=g-rabenseifner-subgroup-4
1: Starting numprocs=16 N=5000, M=5000 impl=g-rabenseifner-subgroup-4
time: 0.250220s
Iteration 1
time: 0.212068s
Iteration 2
time: 0.209489s
Iteration 3
time: 0.209605s
Iteration 4
time: 0.214536s
Iteration 5
time: 0.208073s
Iteration 6
time: 0.207921s
Iteration 7
time: 0.208674s
Iteration 8
time: 0.210816s
Iteration 9
time: 0.209538s
Iteration 10
time: 0.209678s
Iteration 11
time: 0.208950s
Iteration 12
time: 0.208325s
Iteration 13
time: 0.207035s
Iteration 14
time: 0.208078s
Iteration 15
time: 0.210394s
Iteration 16
time: 0.210695s
Iteration 17
time: 0.209444s
Iteration 18
time: 0.212198s
Iteration 19
time: 0.209203s
Iteration 20
time: 0.207636s
Iteration 21
time: 0.211028s
Iteration 22
time: 0.210726s
Iteration 23
time: 0.215510s
Iteration 24
time: 2.286228s
4: Starting numprocs=16 N=5000, M=5000 impl=g-rabenseifner-subgroup-8
10: Starting numprocs=16 N=5000, M=5000 impl=g-rabenseifner-subgroup-8
8: Starting numprocs=16 N=5000, M=5000 impl=g-rabenseifner-subgroup-8
5: Starting numprocs=16 N=5000, M=5000 impl=g-rabenseifner-subgroup-8
7: Starting numprocs=16 N=5000, M=5000 impl=g-rabenseifner-subgroup-8
9: Starting numprocs=16 N=5000, M=5000 impl=g-rabenseifner-subgroup-8
2: Starting numprocs=16 N=5000, M=5000 impl=g-rabenseifner-subgroup-8
6: Starting numprocs=16 N=5000, M=5000 impl=g-rabenseifner-subgroup-8
0: Starting numprocs=16 N=5000, M=5000 impl=g-rabenseifner-subgroup-8
Iteration 0
3: Starting numprocs=16 N=5000, M=5000 impl=g-rabenseifner-subgroup-8
14: Starting numprocs=16 N=5000, M=5000 impl=g-rabenseifner-subgroup-8
13: Starting numprocs=16 N=5000, M=5000 impl=g-rabenseifner-subgroup-8
11: Starting numprocs=16 N=5000, M=5000 impl=g-rabenseifner-subgroup-8
15: Starting numprocs=16 N=5000, M=5000 impl=g-rabenseifner-subgroup-8
1: Starting numprocs=16 N=5000, M=5000 impl=g-rabenseifner-subgroup-8
12: Starting numprocs=16 N=5000, M=5000 impl=g-rabenseifner-subgroup-8
time: 0.256304s
Iteration 1
time: 0.234293s
Iteration 2
time: 0.234993s
Iteration 3
time: 0.236042s
Iteration 4
time: 0.244165s
Iteration 5
time: 0.232627s
Iteration 6
time: 0.232015s
Iteration 7
time: 0.248868s
Iteration 8
time: 0.235189s
Iteration 9
time: 0.230756s
Iteration 10
time: 0.230405s
Iteration 11
time: 0.231797s
Iteration 12
time: 0.245036s
Iteration 13
time: 0.231372s
Iteration 14
time: 0.229021s
Iteration 15
time: 0.228262s
Iteration 16
time: 0.239661s
Iteration 17
time: 0.229564s
Iteration 18
time: 0.226559s
Iteration 19
time: 0.239617s
Iteration 20
time: 0.238462s
Iteration 21
time: 0.238127s
Iteration 22
time: 0.231628s
Iteration 23
time: 0.235101s
Iteration 24
time: 0.237407s
10: Starting numprocs=16 N=6000, M=6000 impl=allgather
4: Starting numprocs=16 N=6000, M=6000 impl=allgather
5: Starting numprocs=16 N=6000, M=6000 impl=allgather
8: Starting numprocs=16 N=6000, M=6000 impl=allgather
7: Starting numprocs=16 N=6000, M=6000 impl=allgather
2: Starting numprocs=16 N=6000, M=6000 impl=allgather
6: Starting numprocs=16 N=6000, M=6000 impl=allgather
11: Starting numprocs=16 N=6000, M=6000 impl=allgather
0: Starting numprocs=16 N=6000, M=6000 impl=allgather
Iteration 0
15: Starting numprocs=16 N=6000, M=6000 impl=allgather
9: Starting numprocs=16 N=6000, M=6000 impl=allgather
3: Starting numprocs=16 N=6000, M=6000 impl=allgather
1: Starting numprocs=16 N=6000, M=6000 impl=allgather
13: Starting numprocs=16 N=6000, M=6000 impl=allgather
14: Starting numprocs=16 N=6000, M=6000 impl=allgather
12: Starting numprocs=16 N=6000, M=6000 impl=allgather
time: 0.628373s
Iteration 1
time: 0.666704s
Iteration 2
time: 0.643363s
Iteration 3
time: 0.629797s
Iteration 4
time: 0.647180s
Iteration 5
time: 0.631931s
Iteration 6
time: 0.631063s
Iteration 7
time: 0.627889s
Iteration 8
time: 0.635489s
Iteration 9
time: 0.609493s
Iteration 10
time: 0.616824s
Iteration 11
time: 0.620386s
Iteration 12
time: 0.624211s
Iteration 13
time: 0.621658s
Iteration 14
time: 0.622662s
Iteration 15
time: 0.654864s
Iteration 16
time: 0.629448s
Iteration 17
time: 0.625667s
Iteration 18
time: 0.616239s
Iteration 19
time: 0.620026s
Iteration 20
time: 0.620145s
Iteration 21
time: 0.637798s
Iteration 22
time: 0.623327s
Iteration 23
time: 0.616967s
Iteration 24
time: 0.625521s
10: Starting numprocs=16 N=6000, M=6000 impl=allreduce
4: Starting numprocs=16 N=6000, M=6000 impl=allreduce
5: Starting numprocs=16 N=6000, M=6000 impl=allreduce
7: Starting numprocs=16 N=6000, M=6000 impl=allreduce
8: Starting numprocs=16 N=6000, M=6000 impl=allreduce
2: Starting numprocs=16 N=6000, M=6000 impl=allreduce
0: Starting numprocs=16 N=6000, M=6000 impl=allreduce
Iteration 0
3: Starting numprocs=16 N=6000, M=6000 impl=allreduce
6: Starting numprocs=16 N=6000, M=6000 impl=allreduce
13: Starting numprocs=16 N=6000, M=6000 impl=allreduce
15: Starting numprocs=16 N=6000, M=6000 impl=allreduce
11: Starting numprocs=16 N=6000, M=6000 impl=allreduce
1: Starting numprocs=16 N=6000, M=6000 impl=allreduce
9: Starting numprocs=16 N=6000, M=6000 impl=allreduce
14: Starting numprocs=16 N=6000, M=6000 impl=allreduce
12: Starting numprocs=16 N=6000, M=6000 impl=allreduce
time: 0.930012s
Iteration 1
time: 0.832931s
Iteration 2
time: 0.814641s
Iteration 3
time: 4.652745s
Iteration 4
time: 0.779858s
Iteration 5
time: 0.829185s
Iteration 6
time: 0.788043s
Iteration 7
time: 0.807540s
Iteration 8
time: 6.908821s
Iteration 9
time: 0.797602s
Iteration 10
time: 0.772938s
Iteration 11
time: 9.191454s
Iteration 12
time: 0.781985s
Iteration 13
time: 0.796667s
Iteration 14
time: 24.419643s
Iteration 15
time: 6.631732s
Iteration 16
time: 0.795962s
Iteration 17
time: 6.624876s
Iteration 18
time: 0.809087s
Iteration 19
time: 0.777845s
Iteration 20
time: 38.778254s
Iteration 21
time: 0.794278s
Iteration 22
time: 0.784530s
Iteration 23
time: 2.964143s
Iteration 24
time: 0.839880s
5: Starting numprocs=16 N=6000, M=6000 impl=allreduce-ring
4: Starting numprocs=16 N=6000, M=6000 impl=allreduce-ring
8: Starting numprocs=16 N=6000, M=6000 impl=allreduce-ring
10: Starting numprocs=16 N=6000, M=6000 impl=allreduce-ring
7: Starting numprocs=16 N=6000, M=6000 impl=allreduce-ring
2: Starting numprocs=16 N=6000, M=6000 impl=allreduce-ring
0: Starting numprocs=16 N=6000, M=6000 impl=allreduce-ring
Iteration 0
6: Starting numprocs=16 N=6000, M=6000 impl=allreduce-ring
3: Starting numprocs=16 N=6000, M=6000 impl=allreduce-ring
13: Starting numprocs=16 N=6000, M=6000 impl=allreduce-ring
15: Starting numprocs=16 N=6000, M=6000 impl=allreduce-ring
11: Starting numprocs=16 N=6000, M=6000 impl=allreduce-ring
9: Starting numprocs=16 N=6000, M=6000 impl=allreduce-ring
1: Starting numprocs=16 N=6000, M=6000 impl=allreduce-ring
14: Starting numprocs=16 N=6000, M=6000 impl=allreduce-ring
12: Starting numprocs=16 N=6000, M=6000 impl=allreduce-ring
time: 0.598735s
Iteration 1
time: 0.564014s
Iteration 2
time: 0.557955s
Iteration 3
time: 0.562555s
Iteration 4
time: 0.565998s
Iteration 5
time: 0.560415s
Iteration 6
time: 0.565738s
Iteration 7
time: 0.560254s
Iteration 8
time: 0.575820s
Iteration 9
time: 0.559896s
Iteration 10
time: 0.562736s
Iteration 11
time: 0.794954s
Iteration 12
time: 0.577407s
Iteration 13
time: 0.543843s
Iteration 14
time: 0.544478s
Iteration 15
time: 0.544503s
Iteration 16
time: 2.058024s
Iteration 17
time: 4.566901s
Iteration 18
time: 0.564985s
Iteration 19
time: 0.561192s
Iteration 20
time: 0.557513s
Iteration 21
time: 4.852116s
Iteration 22
time: 0.539421s
Iteration 23
time: 0.547338s
Iteration 24
time: 0.567485s
4: Starting numprocs=16 N=6000, M=6000 impl=g-rabenseifner-allgather
10: Starting numprocs=16 N=6000, M=6000 impl=g-rabenseifner-allgather
2: Starting numprocs=16 N=6000, M=6000 impl=g-rabenseifner-allgather
7: Starting numprocs=16 N=6000, M=6000 impl=g-rabenseifner-allgather
5: Starting numprocs=16 N=6000, M=6000 impl=g-rabenseifner-allgather
8: Starting numprocs=16 N=6000, M=6000 impl=g-rabenseifner-allgather
0: Starting numprocs=16 N=6000, M=6000 impl=g-rabenseifner-allgather
Iteration 0
11: Starting numprocs=16 N=6000, M=6000 impl=g-rabenseifner-allgather
13: Starting numprocs=16 N=6000, M=6000 impl=g-rabenseifner-allgather
9: Starting numprocs=16 N=6000, M=6000 impl=g-rabenseifner-allgather
3: Starting numprocs=16 N=6000, M=6000 impl=g-rabenseifner-allgather
6: Starting numprocs=16 N=6000, M=6000 impl=g-rabenseifner-allgather
14: Starting numprocs=16 N=6000, M=6000 impl=g-rabenseifner-allgather
12: Starting numprocs=16 N=6000, M=6000 impl=g-rabenseifner-allgather
1: Starting numprocs=16 N=6000, M=6000 impl=g-rabenseifner-allgather
15: Starting numprocs=16 N=6000, M=6000 impl=g-rabenseifner-allgather
time: 8.777304s
Iteration 1
time: 6.597661s
Iteration 2
time: 0.259225s
Iteration 3
time: 0.259515s
Iteration 4
time: 0.259542s
Iteration 5
time: 0.258356s
Iteration 6
time: 0.262000s
Iteration 7
time: 0.259371s
Iteration 8
time: 0.259085s
Iteration 9
time: 12.391052s
Iteration 10
time: 0.259008s
Iteration 11
time: 0.261287s
Iteration 12
time: 0.258843s
Iteration 13
time: 0.261103s
Iteration 14
time: 0.259261s
Iteration 15
time: 0.257972s
Iteration 16
time: 0.260495s
Iteration 17
time: 0.269483s
Iteration 18
time: 6.701366s
Iteration 19
time: 0.258812s
Iteration 20
time: 0.262157s
Iteration 21
time: 0.260654s
Iteration 22
time: 0.259332s
Iteration 23
time: 0.258410s
Iteration 24
time: 0.259690s
8: Starting numprocs=16 N=6000, M=6000 impl=g-rabenseifner-subgroup-2
4: Starting numprocs=16 N=6000, M=6000 impl=g-rabenseifner-subgroup-2
5: Starting numprocs=16 N=6000, M=6000 impl=g-rabenseifner-subgroup-2
10: Starting numprocs=16 N=6000, M=6000 impl=g-rabenseifner-subgroup-2
2: Starting numprocs=16 N=6000, M=6000 impl=g-rabenseifner-subgroup-2
0: Starting numprocs=16 N=6000, M=6000 impl=g-rabenseifner-subgroup-2
Iteration 0
6: Starting numprocs=16 N=6000, M=6000 impl=g-rabenseifner-subgroup-2
11: Starting numprocs=16 N=6000, M=6000 impl=g-rabenseifner-subgroup-2
7: Starting numprocs=16 N=6000, M=6000 impl=g-rabenseifner-subgroup-2
3: Starting numprocs=16 N=6000, M=6000 impl=g-rabenseifner-subgroup-2
13: Starting numprocs=16 N=6000, M=6000 impl=g-rabenseifner-subgroup-2
14: Starting numprocs=16 N=6000, M=6000 impl=g-rabenseifner-subgroup-2
15: Starting numprocs=16 N=6000, M=6000 impl=g-rabenseifner-subgroup-2
9: Starting numprocs=16 N=6000, M=6000 impl=g-rabenseifner-subgroup-2
12: Starting numprocs=16 N=6000, M=6000 impl=g-rabenseifner-subgroup-2
1: Starting numprocs=16 N=6000, M=6000 impl=g-rabenseifner-subgroup-2
time: 3.957938s
Iteration 1
time: 0.272385s
Iteration 2
time: 0.274211s
Iteration 3
time: 0.272720s
Iteration 4
time: 0.273550s
Iteration 5
time: 0.272797s
Iteration 6
time: 0.271453s
Iteration 7
time: 2.374097s
Iteration 8
time: 0.271932s
Iteration 9
time: 0.271679s
Iteration 10
time: 0.271345s
Iteration 11
time: 0.270606s
Iteration 12
time: 0.274526s
Iteration 13
time: 0.274812s
Iteration 14
time: 0.274899s
Iteration 15
time: 0.273410s
Iteration 16
time: 0.270843s
Iteration 17
time: 0.273386s
Iteration 18
time: 0.272570s
Iteration 19
time: 0.277189s
Iteration 20
time: 0.274871s
Iteration 21
time: 0.273281s
Iteration 22
time: 0.272246s
Iteration 23
time: 0.274178s
Iteration 24
time: 0.272305s
4: Starting numprocs=16 N=6000, M=6000 impl=g-rabenseifner-subgroup-4
8: Starting numprocs=16 N=6000, M=6000 impl=g-rabenseifner-subgroup-4
2: Starting numprocs=16 N=6000, M=6000 impl=g-rabenseifner-subgroup-4
10: Starting numprocs=16 N=6000, M=6000 impl=g-rabenseifner-subgroup-4
7: Starting numprocs=16 N=6000, M=6000 impl=g-rabenseifner-subgroup-4
11: Starting numprocs=16 N=6000, M=6000 impl=g-rabenseifner-subgroup-4
0: Starting numprocs=16 N=6000, M=6000 impl=g-rabenseifner-subgroup-4
Iteration 0
6: Starting numprocs=16 N=6000, M=6000 impl=g-rabenseifner-subgroup-4
9: Starting numprocs=16 N=6000, M=6000 impl=g-rabenseifner-subgroup-4
3: Starting numprocs=16 N=6000, M=6000 impl=g-rabenseifner-subgroup-4
5: Starting numprocs=16 N=6000, M=6000 impl=g-rabenseifner-subgroup-4
13: Starting numprocs=16 N=6000, M=6000 impl=g-rabenseifner-subgroup-4
14: Starting numprocs=16 N=6000, M=6000 impl=g-rabenseifner-subgroup-4
15: Starting numprocs=16 N=6000, M=6000 impl=g-rabenseifner-subgroup-4
1: Starting numprocs=16 N=6000, M=6000 impl=g-rabenseifner-subgroup-4
12: Starting numprocs=16 N=6000, M=6000 impl=g-rabenseifner-subgroup-4
time: 0.367704s
Iteration 1
time: 0.302858s
Iteration 2
time: 0.302066s
Iteration 3
time: 0.301293s
Iteration 4
time: 0.298851s
Iteration 5
time: 0.302159s
Iteration 6
time: 0.302829s
Iteration 7
time: 0.299927s
Iteration 8
time: 0.305330s
Iteration 9
time: 0.303480s
Iteration 10
time: 0.306845s
Iteration 11
time: 0.310059s
Iteration 12
time: 0.299048s
Iteration 13
time: 3.771214s
Iteration 14
time: 0.304755s
Iteration 15
time: 0.300653s
Iteration 16
time: 0.299129s
Iteration 17
time: 6.789624s
Iteration 18
time: 0.305511s
Iteration 19
time: 0.302999s
Iteration 20
time: 0.303797s
Iteration 21
time: 0.301598s
Iteration 22
time: 0.302671s
Iteration 23
time: 0.309312s
Iteration 24
time: 0.310979s
5: Starting numprocs=16 N=6000, M=6000 impl=g-rabenseifner-subgroup-8
4: Starting numprocs=16 N=6000, M=6000 impl=g-rabenseifner-subgroup-8
10: Starting numprocs=16 N=6000, M=6000 impl=g-rabenseifner-subgroup-8
11: Starting numprocs=16 N=6000, M=6000 impl=g-rabenseifner-subgroup-8
7: Starting numprocs=16 N=6000, M=6000 impl=g-rabenseifner-subgroup-8
3: Starting numprocs=16 N=6000, M=6000 impl=g-rabenseifner-subgroup-8
6: Starting numprocs=16 N=6000, M=6000 impl=g-rabenseifner-subgroup-8
2: Starting numprocs=16 N=6000, M=6000 impl=g-rabenseifner-subgroup-8
0: Starting numprocs=16 N=6000, M=6000 impl=g-rabenseifner-subgroup-8
Iteration 0
13: Starting numprocs=16 N=6000, M=6000 impl=g-rabenseifner-subgroup-8
9: Starting numprocs=16 N=6000, M=6000 impl=g-rabenseifner-subgroup-8
15: Starting numprocs=16 N=6000, M=6000 impl=g-rabenseifner-subgroup-8
8: Starting numprocs=16 N=6000, M=6000 impl=g-rabenseifner-subgroup-8
14: Starting numprocs=16 N=6000, M=6000 impl=g-rabenseifner-subgroup-8
12: Starting numprocs=16 N=6000, M=6000 impl=g-rabenseifner-subgroup-8
1: Starting numprocs=16 N=6000, M=6000 impl=g-rabenseifner-subgroup-8
time: 0.388769s
Iteration 1
time: 0.341236s
Iteration 2
time: 0.339872s
Iteration 3
time: 0.340051s
Iteration 4
time: 0.343686s
Iteration 5
time: 0.333249s
Iteration 6
time: 0.342832s
Iteration 7
time: 0.340938s
Iteration 8
time: 0.346448s
Iteration 9
time: 0.344618s
Iteration 10
time: 0.337271s
Iteration 11
time: 0.334119s
Iteration 12
time: 0.351001s
Iteration 13
time: 0.335623s
Iteration 14
time: 0.339358s
Iteration 15
time: 0.337896s
Iteration 16
time: 0.343759s
Iteration 17
time: 0.337142s
Iteration 18
time: 0.331327s
Iteration 19
time: 0.339376s
Iteration 20
time: 0.349983s
Iteration 21
time: 0.355103s
Iteration 22
time: 0.337941s
Iteration 23
time: 0.331745s
Iteration 24
time: 0.337252s
8: Starting numprocs=16 N=7000, M=7000 impl=allgather
4: Starting numprocs=16 N=7000, M=7000 impl=allgather
5: Starting numprocs=16 N=7000, M=7000 impl=allgather
10: Starting numprocs=16 N=7000, M=7000 impl=allgather
2: Starting numprocs=16 N=7000, M=7000 impl=allgather
11: Starting numprocs=16 N=7000, M=7000 impl=allgather
7: Starting numprocs=16 N=7000, M=7000 impl=allgather
0: Starting numprocs=16 N=7000, M=7000 impl=allgather
Iteration 0
3: Starting numprocs=16 N=7000, M=7000 impl=allgather
6: Starting numprocs=16 N=7000, M=7000 impl=allgather
13: Starting numprocs=16 N=7000, M=7000 impl=allgather
9: Starting numprocs=16 N=7000, M=7000 impl=allgather
14: Starting numprocs=16 N=7000, M=7000 impl=allgather
15: Starting numprocs=16 N=7000, M=7000 impl=allgather
12: Starting numprocs=16 N=7000, M=7000 impl=allgather
1: Starting numprocs=16 N=7000, M=7000 impl=allgather
time: 0.993736s
Iteration 1
time: 0.878916s
Iteration 2
time: 1.012965s
Iteration 3
time: 0.952806s
Iteration 4
time: 0.859315s
Iteration 5
time: 1.002414s
Iteration 6
time: 0.948642s
Iteration 7
time: 0.882086s
Iteration 8
time: 1.003825s
Iteration 9
time: 0.960013s
Iteration 10
time: 0.894011s
Iteration 11
time: 1.004962s
Iteration 12
time: 0.944386s
Iteration 13
time: 0.861421s
Iteration 14
time: 1.010775s
Iteration 15
time: 0.985621s
Iteration 16
time: 0.965098s
Iteration 17
time: 0.942279s
Iteration 18
time: 0.942488s
Iteration 19
time: 0.962572s
Iteration 20
time: 0.914133s
Iteration 21
time: 0.952545s
Iteration 22
time: 0.918223s
Iteration 23
time: 0.925495s
Iteration 24
time: 0.990033s
10: Starting numprocs=16 N=7000, M=7000 impl=allreduce
5: Starting numprocs=16 N=7000, M=7000 impl=allreduce
2: Starting numprocs=16 N=7000, M=7000 impl=allreduce
4: Starting numprocs=16 N=7000, M=7000 impl=allreduce
8: Starting numprocs=16 N=7000, M=7000 impl=allreduce
0: Starting numprocs=16 N=7000, M=7000 impl=allreduce
Iteration 0
7: Starting numprocs=16 N=7000, M=7000 impl=allreduce
6: Starting numprocs=16 N=7000, M=7000 impl=allreduce
3: Starting numprocs=16 N=7000, M=7000 impl=allreduce
11: Starting numprocs=16 N=7000, M=7000 impl=allreduce
13: Starting numprocs=16 N=7000, M=7000 impl=allreduce
9: Starting numprocs=16 N=7000, M=7000 impl=allreduce
15: Starting numprocs=16 N=7000, M=7000 impl=allreduce
12: Starting numprocs=16 N=7000, M=7000 impl=allreduce
1: Starting numprocs=16 N=7000, M=7000 impl=allreduce
14: Starting numprocs=16 N=7000, M=7000 impl=allreduce
time: 1.240629s
Iteration 1
time: 1.094875s
Iteration 2
time: 1.106510s
Iteration 3
time: 1.106324s
Iteration 4
time: 1.101504s
Iteration 5
time: 1.089760s
Iteration 6
time: 1.095429s
Iteration 7
time: 1.107259s
Iteration 8
time: 7.189868s
Iteration 9
time: 1.084801s
Iteration 10
time: 25.616020s
Iteration 11
time: 3.169551s
Iteration 12
time: 1.056296s
Iteration 13
time: 7.439377s
Iteration 14
time: 1.061158s
Iteration 15
time: 13.055214s
Iteration 16
time: 3.226993s
Iteration 17
time: 14.104439s
Iteration 18
time: 1.060538s
Iteration 19
time: 25.767750s
Iteration 20
time: 13.644766s
Iteration 21
time: 15.952161s
Iteration 22
time: 1.068090s
Iteration 23
time: 1.111346s
Iteration 24
time: 1.067690s
10: Starting numprocs=16 N=7000, M=7000 impl=allreduce-ring
5: Starting numprocs=16 N=7000, M=7000 impl=allreduce-ring
8: Starting numprocs=16 N=7000, M=7000 impl=allreduce-ring
4: Starting numprocs=16 N=7000, M=7000 impl=allreduce-ring
2: Starting numprocs=16 N=7000, M=7000 impl=allreduce-ring
11: Starting numprocs=16 N=7000, M=7000 impl=allreduce-ring
0: Starting numprocs=16 N=7000, M=7000 impl=allreduce-ring
Iteration 0
7: Starting numprocs=16 N=7000, M=7000 impl=allreduce-ring
3: Starting numprocs=16 N=7000, M=7000 impl=allreduce-ring
14: Starting numprocs=16 N=7000, M=7000 impl=allreduce-ring
13: Starting numprocs=16 N=7000, M=7000 impl=allreduce-ring
15: Starting numprocs=16 N=7000, M=7000 impl=allreduce-ring
9: Starting numprocs=16 N=7000, M=7000 impl=allreduce-ring
6: Starting numprocs=16 N=7000, M=7000 impl=allreduce-ring
1: Starting numprocs=16 N=7000, M=7000 impl=allreduce-ring
12: Starting numprocs=16 N=7000, M=7000 impl=allreduce-ring
time: 0.775899s
Iteration 1
time: 17.147608s
Iteration 2
time: 0.754492s
Iteration 3
time: 0.728698s
Iteration 4
time: 83.120541s
Iteration 5
time: 0.739529s
Iteration 6
time: 2.741881s
Iteration 7
time: 0.755684s
Iteration 8
time: 0.759419s
Iteration 9
time: 5.067455s
Iteration 10
time: 0.765743s
Iteration 11
time: 0.768608s
Iteration 12
time: 0.776839s
Iteration 13
time: 0.769585s
Iteration 14
time: 0.756850s
Iteration 15
time: 0.764764s
Iteration 16
time: 0.770200s
Iteration 17
time: 0.764232s
Iteration 18
time: 0.770532s
Iteration 19
time: 0.796898s
Iteration 20
time: 0.777541s
Iteration 21
time: 0.779521s
Iteration 22
time: 0.765234s
Iteration 23
time: 0.775715s
Iteration 24
time: 0.770312s
5: Starting numprocs=16 N=7000, M=7000 impl=g-rabenseifner-allgather
10: Starting numprocs=16 N=7000, M=7000 impl=g-rabenseifner-allgather
4: Starting numprocs=16 N=7000, M=7000 impl=g-rabenseifner-allgather
7: Starting numprocs=16 N=7000, M=7000 impl=g-rabenseifner-allgather
2: Starting numprocs=16 N=7000, M=7000 impl=g-rabenseifner-allgather
3: Starting numprocs=16 N=7000, M=7000 impl=g-rabenseifner-allgather
6: Starting numprocs=16 N=7000, M=7000 impl=g-rabenseifner-allgather
8: Starting numprocs=16 N=7000, M=7000 impl=g-rabenseifner-allgather
0: Starting numprocs=16 N=7000, M=7000 impl=g-rabenseifner-allgather
Iteration 0
13: Starting numprocs=16 N=7000, M=7000 impl=g-rabenseifner-allgather
9: Starting numprocs=16 N=7000, M=7000 impl=g-rabenseifner-allgather
14: Starting numprocs=16 N=7000, M=7000 impl=g-rabenseifner-allgather
1: Starting numprocs=16 N=7000, M=7000 impl=g-rabenseifner-allgather
15: Starting numprocs=16 N=7000, M=7000 impl=g-rabenseifner-allgather
11: Starting numprocs=16 N=7000, M=7000 impl=g-rabenseifner-allgather
12: Starting numprocs=16 N=7000, M=7000 impl=g-rabenseifner-allgather
time: 0.402244s
Iteration 1
time: 0.352369s
Iteration 2
time: 0.353439s
Iteration 3
time: 0.351816s
Iteration 4
time: 0.351561s
Iteration 5
time: 0.351549s
Iteration 6
time: 0.350876s
Iteration 7
time: 0.352258s
Iteration 8
time: 0.351864s
Iteration 9
time: 0.351487s
Iteration 10
time: 0.351810s
Iteration 11
time: 0.352432s
Iteration 12
time: 0.351927s
Iteration 13
time: 0.353243s
Iteration 14
time: 0.351528s
Iteration 15
time: 0.351747s
Iteration 16
time: 0.354293s
Iteration 17
time: 0.351429s
Iteration 18
time: 0.351112s
Iteration 19
time: 0.351654s
Iteration 20
time: 0.353524s
Iteration 21
time: 0.352895s
Iteration 22
time: 0.350398s
Iteration 23
time: 0.351390s
Iteration 24
time: 0.351625s
4: Starting numprocs=16 N=7000, M=7000 impl=g-rabenseifner-subgroup-2
8: Starting numprocs=16 N=7000, M=7000 impl=g-rabenseifner-subgroup-2
5: Starting numprocs=16 N=7000, M=7000 impl=g-rabenseifner-subgroup-2
10: Starting numprocs=16 N=7000, M=7000 impl=g-rabenseifner-subgroup-2
2: Starting numprocs=16 N=7000, M=7000 impl=g-rabenseifner-subgroup-2
11: Starting numprocs=16 N=7000, M=7000 impl=g-rabenseifner-subgroup-2
7: Starting numprocs=16 N=7000, M=7000 impl=g-rabenseifner-subgroup-2
0: Starting numprocs=16 N=7000, M=7000 impl=g-rabenseifner-subgroup-2
Iteration 0
6: Starting numprocs=16 N=7000, M=7000 impl=g-rabenseifner-subgroup-2
15: Starting numprocs=16 N=7000, M=7000 impl=g-rabenseifner-subgroup-2
9: Starting numprocs=16 N=7000, M=7000 impl=g-rabenseifner-subgroup-2
3: Starting numprocs=16 N=7000, M=7000 impl=g-rabenseifner-subgroup-2
13: Starting numprocs=16 N=7000, M=7000 impl=g-rabenseifner-subgroup-2
14: Starting numprocs=16 N=7000, M=7000 impl=g-rabenseifner-subgroup-2
1: Starting numprocs=16 N=7000, M=7000 impl=g-rabenseifner-subgroup-2
12: Starting numprocs=16 N=7000, M=7000 impl=g-rabenseifner-subgroup-2
time: 0.427844s
Iteration 1
time: 0.371430s
Iteration 2
time: 1.631486s
Iteration 3
time: 0.370217s
Iteration 4
time: 0.371104s
Iteration 5
time: 0.372980s
Iteration 6
time: 0.368669s
Iteration 7
time: 0.377873s
Iteration 8
time: 38.257386s
Iteration 9
time: 0.368081s
Iteration 10
time: 0.371771s
Iteration 11
time: 0.371210s
Iteration 12
time: 0.371895s
Iteration 13
time: 0.382122s
Iteration 14
time: 0.370161s
Iteration 15
time: 2.544529s
Iteration 16
time: 0.372024s
Iteration 17
time: 0.370058s
Iteration 18
time: 0.366082s
Iteration 19
time: 0.369333s
Iteration 20
time: 0.373893s
Iteration 21
time: 0.376289s
Iteration 22
time: 0.371310s
Iteration 23
time: 0.370597s
Iteration 24
time: 0.374378s
4: Starting numprocs=16 N=7000, M=7000 impl=g-rabenseifner-subgroup-4
10: Starting numprocs=16 N=7000, M=7000 impl=g-rabenseifner-subgroup-4
5: Starting numprocs=16 N=7000, M=7000 impl=g-rabenseifner-subgroup-4
11: Starting numprocs=16 N=7000, M=7000 impl=g-rabenseifner-subgroup-4
2: Starting numprocs=16 N=7000, M=7000 impl=g-rabenseifner-subgroup-4
8: Starting numprocs=16 N=7000, M=7000 impl=g-rabenseifner-subgroup-4
0: Starting numprocs=16 N=7000, M=7000 impl=g-rabenseifner-subgroup-4
Iteration 0
6: Starting numprocs=16 N=7000, M=7000 impl=g-rabenseifner-subgroup-4
7: Starting numprocs=16 N=7000, M=7000 impl=g-rabenseifner-subgroup-4
3: Starting numprocs=16 N=7000, M=7000 impl=g-rabenseifner-subgroup-4
9: Starting numprocs=16 N=7000, M=7000 impl=g-rabenseifner-subgroup-4
13: Starting numprocs=16 N=7000, M=7000 impl=g-rabenseifner-subgroup-4
12: Starting numprocs=16 N=7000, M=7000 impl=g-rabenseifner-subgroup-4
1: Starting numprocs=16 N=7000, M=7000 impl=g-rabenseifner-subgroup-4
15: Starting numprocs=16 N=7000, M=7000 impl=g-rabenseifner-subgroup-4
14: Starting numprocs=16 N=7000, M=7000 impl=g-rabenseifner-subgroup-4
time: 0.465332s
Iteration 1
time: 0.413452s
Iteration 2
time: 2.332593s
Iteration 3
time: 0.413600s
Iteration 4
time: 0.414011s
Iteration 5
time: 0.413466s
Iteration 6
time: 0.408669s
Iteration 7
time: 0.410882s
Iteration 8
time: 2.190983s
Iteration 9
time: 0.410143s
Iteration 10
time: 0.409466s
Iteration 11
time: 0.407921s
Iteration 12
time: 0.408906s
Iteration 13
time: 0.412364s
Iteration 14
time: 0.408616s
Iteration 15
time: 0.410734s
Iteration 16
time: 0.409812s
Iteration 17
time: 0.409379s
Iteration 18
time: 0.408833s
Iteration 19
time: 0.415614s
Iteration 20
time: 0.414511s
Iteration 21
time: 0.407889s
Iteration 22
time: 0.411462s
Iteration 23
time: 0.417673s
Iteration 24
time: 0.422711s
4: Starting numprocs=16 N=7000, M=7000 impl=g-rabenseifner-subgroup-8
10: Starting numprocs=16 N=7000, M=7000 impl=g-rabenseifner-subgroup-8
2: Starting numprocs=16 N=7000, M=7000 impl=g-rabenseifner-subgroup-8
7: Starting numprocs=16 N=7000, M=7000 impl=g-rabenseifner-subgroup-8
5: Starting numprocs=16 N=7000, M=7000 impl=g-rabenseifner-subgroup-8
11: Starting numprocs=16 N=7000, M=7000 impl=g-rabenseifner-subgroup-8
0: Starting numprocs=16 N=7000, M=7000 impl=g-rabenseifner-subgroup-8
Iteration 0
6: Starting numprocs=16 N=7000, M=7000 impl=g-rabenseifner-subgroup-8
3: Starting numprocs=16 N=7000, M=7000 impl=g-rabenseifner-subgroup-8
13: Starting numprocs=16 N=7000, M=7000 impl=g-rabenseifner-subgroup-8
9: Starting numprocs=16 N=7000, M=7000 impl=g-rabenseifner-subgroup-8
14: Starting numprocs=16 N=7000, M=7000 impl=g-rabenseifner-subgroup-8
15: Starting numprocs=16 N=7000, M=7000 impl=g-rabenseifner-subgroup-8
8: Starting numprocs=16 N=7000, M=7000 impl=g-rabenseifner-subgroup-8
12: Starting numprocs=16 N=7000, M=7000 impl=g-rabenseifner-subgroup-8
1: Starting numprocs=16 N=7000, M=7000 impl=g-rabenseifner-subgroup-8
time: 0.519272s
Iteration 1
time: 0.481170s
Iteration 2
time: 2.247190s
Iteration 3
time: 0.473308s
Iteration 4
time: 0.464361s
Iteration 5
time: 0.456885s
Iteration 6
time: 0.447400s
Iteration 7
time: 0.464861s
Iteration 8
time: 0.467994s
Iteration 9
time: 0.460282s
Iteration 10
time: 0.462033s
Iteration 11
time: 0.468674s
Iteration 12
time: 0.461970s
Iteration 13
time: 0.469117s
Iteration 14
time: 0.451787s
Iteration 15
time: 0.458620s
Iteration 16
time: 0.471780s
Iteration 17
time: 0.468145s
Iteration 18
time: 0.459421s
Iteration 19
time: 0.478339s
Iteration 20
time: 0.477181s
Iteration 21
time: 0.468504s
Iteration 22
time: 0.475630s
Iteration 23
time: 0.478122s
Iteration 24
time: 0.460305s
8: Starting numprocs=16 N=8000, M=8000 impl=allgather
4: Starting numprocs=16 N=8000, M=8000 impl=allgather
10: Starting numprocs=16 N=8000, M=8000 impl=allgather
5: Starting numprocs=16 N=8000, M=8000 impl=allgather
2: Starting numprocs=16 N=8000, M=8000 impl=allgather
11: Starting numprocs=16 N=8000, M=8000 impl=allgather
3: Starting numprocs=16 N=8000, M=8000 impl=allgather
6: Starting numprocs=16 N=8000, M=8000 impl=allgather
0: Starting numprocs=16 N=8000, M=8000 impl=allgather
Iteration 0
7: Starting numprocs=16 N=8000, M=8000 impl=allgather
15: Starting numprocs=16 N=8000, M=8000 impl=allgather
13: Starting numprocs=16 N=8000, M=8000 impl=allgather
9: Starting numprocs=16 N=8000, M=8000 impl=allgather
14: Starting numprocs=16 N=8000, M=8000 impl=allgather
12: Starting numprocs=16 N=8000, M=8000 impl=allgather
1: Starting numprocs=16 N=8000, M=8000 impl=allgather
time: 1.216394s
Iteration 1
time: 1.266634s
Iteration 2
time: 1.147723s
Iteration 3
time: 1.235782s
Iteration 4
time: 1.166246s
Iteration 5
time: 1.222266s
Iteration 6
time: 1.210195s
Iteration 7
time: 1.150658s
Iteration 8
time: 1.251560s
Iteration 9
time: 1.198968s
Iteration 10
time: 1.225568s
Iteration 11
time: 1.190673s
Iteration 12
time: 1.181882s
Iteration 13
time: 1.198655s
Iteration 14
time: 1.181419s
Iteration 15
time: 1.196526s
Iteration 16
time: 1.220121s
Iteration 17
time: 1.229924s
Iteration 18
time: 1.260582s
Iteration 19
time: 1.205583s
Iteration 20
time: 1.206152s
Iteration 21
time: 1.198469s
Iteration 22
time: 1.278377s
Iteration 23
time: 1.214361s
Iteration 24
time: 1.222611s
5: Starting numprocs=16 N=8000, M=8000 impl=allreduce
4: Starting numprocs=16 N=8000, M=8000 impl=allreduce
10: Starting numprocs=16 N=8000, M=8000 impl=allreduce
8: Starting numprocs=16 N=8000, M=8000 impl=allreduce
2: Starting numprocs=16 N=8000, M=8000 impl=allreduce
7: Starting numprocs=16 N=8000, M=8000 impl=allreduce
6: Starting numprocs=16 N=8000, M=8000 impl=allreduce
11: Starting numprocs=16 N=8000, M=8000 impl=allreduce
0: Starting numprocs=16 N=8000, M=8000 impl=allreduce
Iteration 0
3: Starting numprocs=16 N=8000, M=8000 impl=allreduce
14: Starting numprocs=16 N=8000, M=8000 impl=allreduce
9: Starting numprocs=16 N=8000, M=8000 impl=allreduce
15: Starting numprocs=16 N=8000, M=8000 impl=allreduce
13: Starting numprocs=16 N=8000, M=8000 impl=allreduce
1: Starting numprocs=16 N=8000, M=8000 impl=allreduce
12: Starting numprocs=16 N=8000, M=8000 impl=allreduce
time: 52.001236s
Iteration 1
time: 1.428679s
Iteration 2
time: 1.442730s
Iteration 3
time: 1.431500s
Iteration 4
time: 1.465817s
Iteration 5
time: 1.439326s
Iteration 6
time: 1.438786s
Iteration 7
time: 1.441464s
Iteration 8
time: 1.457671s
Iteration 9
time: 1.430653s
Iteration 10
time: 1.429370s
Iteration 11
time: 1.451783s
Iteration 12
time: 1.443877s
Iteration 13
time: 1.431858s
Iteration 14
time: 1.466467s
Iteration 15
time: 1.449216s
Iteration 16
time: 1.448364s
Iteration 17
time: 1.423688s
Iteration 18
time: 1.465232s
Iteration 19
time: 1.448723s
Iteration 20
time: 6.890186s
Iteration 21
time: 1.413748s
Iteration 22
time: 36.680263s
Iteration 23
time: 9.376005s
Iteration 24
time: 13.100825s
4: Starting numprocs=16 N=8000, M=8000 impl=allreduce-ring
8: Starting numprocs=16 N=8000, M=8000 impl=allreduce-ring
5: Starting numprocs=16 N=8000, M=8000 impl=allreduce-ring
10: Starting numprocs=16 N=8000, M=8000 impl=allreduce-ring
7: Starting numprocs=16 N=8000, M=8000 impl=allreduce-ring
2: Starting numprocs=16 N=8000, M=8000 impl=allreduce-ring
11: Starting numprocs=16 N=8000, M=8000 impl=allreduce-ring
6: Starting numprocs=16 N=8000, M=8000 impl=allreduce-ring
13: Starting numprocs=16 N=8000, M=8000 impl=allreduce-ring
0: Starting numprocs=16 N=8000, M=8000 impl=allreduce-ring
Iteration 0
3: Starting numprocs=16 N=8000, M=8000 impl=allreduce-ring
14: Starting numprocs=16 N=8000, M=8000 impl=allreduce-ring
12: Starting numprocs=16 N=8000, M=8000 impl=allreduce-ring
15: Starting numprocs=16 N=8000, M=8000 impl=allreduce-ring
1: Starting numprocs=16 N=8000, M=8000 impl=allreduce-ring
9: Starting numprocs=16 N=8000, M=8000 impl=allreduce-ring
time: 3.182706s
Iteration 1
time: 0.973692s
Iteration 2
time: 7.466439s
Iteration 3
time: 0.973156s
Iteration 4
time: 3.127919s
Iteration 5
time: 0.951184s
Iteration 6
time: 0.973662s
Iteration 7
time: 0.967883s
Iteration 8
time: 0.957852s
Iteration 9
time: 0.973592s
Iteration 10
time: 2.681037s
Iteration 11
time: 55.723155s
Iteration 12
time: 13.973369s
Iteration 13
time: 28.134607s
Iteration 14
time: 0.968969s
Iteration 15
time: 13.967690s
Iteration 16
time: 3.116925s
Iteration 17
time: 0.972620s
Iteration 18
time: 0.970338s
Iteration 19
time: 0.956110s
Iteration 20
time: 0.973994s
Iteration 21
time: 12.999957s
Iteration 22
time: 0.966598s
Iteration 23
time: 22.357475s
Iteration 24
time: 0.970764s
10: Starting numprocs=16 N=8000, M=8000 impl=g-rabenseifner-allgather
5: Starting numprocs=16 N=8000, M=8000 impl=g-rabenseifner-allgather
4: Starting numprocs=16 N=8000, M=8000 impl=g-rabenseifner-allgather
2: Starting numprocs=16 N=8000, M=8000 impl=g-rabenseifner-allgather
7: Starting numprocs=16 N=8000, M=8000 impl=g-rabenseifner-allgather
0: Starting numprocs=16 N=8000, M=8000 impl=g-rabenseifner-allgather
Iteration 0
11: Starting numprocs=16 N=8000, M=8000 impl=g-rabenseifner-allgather
6: Starting numprocs=16 N=8000, M=8000 impl=g-rabenseifner-allgather
3: Starting numprocs=16 N=8000, M=8000 impl=g-rabenseifner-allgather
8: Starting numprocs=16 N=8000, M=8000 impl=g-rabenseifner-allgather
13: Starting numprocs=16 N=8000, M=8000 impl=g-rabenseifner-allgather
14: Starting numprocs=16 N=8000, M=8000 impl=g-rabenseifner-allgather
15: Starting numprocs=16 N=8000, M=8000 impl=g-rabenseifner-allgather
9: Starting numprocs=16 N=8000, M=8000 impl=g-rabenseifner-allgather
12: Starting numprocs=16 N=8000, M=8000 impl=g-rabenseifner-allgather
1: Starting numprocs=16 N=8000, M=8000 impl=g-rabenseifner-allgather
time: 20.932247s
Iteration 1
time: 0.465201s
Iteration 2
time: 21.484515s
Iteration 3
time: 0.462548s
Iteration 4
time: 0.466429s
Iteration 5
time: 0.466625s
Iteration 6
time: 4.805506s
Iteration 7
time: 0.465099s
Iteration 8
time: 0.463917s
Iteration 9
time: 0.465132s
Iteration 10
time: 4.816024s
Iteration 11
time: 0.465235s
Iteration 12
time: 0.467077s
Iteration 13
time: 0.465785s
Iteration 14
time: 0.465279s
Iteration 15
time: 0.465113s
Iteration 16
time: 0.464625s
Iteration 17
time: 0.468618s
Iteration 18
time: 0.470973s
Iteration 19
time: 0.464955s
Iteration 20
time: 0.468814s
Iteration 21
time: 0.462683s
Iteration 22
time: 0.463341s
Iteration 23
time: 34.708685s
Iteration 24
time: 32.497863s
4: Starting numprocs=16 N=8000, M=8000 impl=g-rabenseifner-subgroup-2
5: Starting numprocs=16 N=8000, M=8000 impl=g-rabenseifner-subgroup-2
10: Starting numprocs=16 N=8000, M=8000 impl=g-rabenseifner-subgroup-2
2: Starting numprocs=16 N=8000, M=8000 impl=g-rabenseifner-subgroup-2
7: Starting numprocs=16 N=8000, M=8000 impl=g-rabenseifner-subgroup-2
6: Starting numprocs=16 N=8000, M=8000 impl=g-rabenseifner-subgroup-2
11: Starting numprocs=16 N=8000, M=8000 impl=g-rabenseifner-subgroup-2
3: Starting numprocs=16 N=8000, M=8000 impl=g-rabenseifner-subgroup-2
0: Starting numprocs=16 N=8000, M=8000 impl=g-rabenseifner-subgroup-2
Iteration 0
8: Starting numprocs=16 N=8000, M=8000 impl=g-rabenseifner-subgroup-2
13: Starting numprocs=16 N=8000, M=8000 impl=g-rabenseifner-subgroup-2
1: Starting numprocs=16 N=8000, M=8000 impl=g-rabenseifner-subgroup-2
14: Starting numprocs=16 N=8000, M=8000 impl=g-rabenseifner-subgroup-2
15: Starting numprocs=16 N=8000, M=8000 impl=g-rabenseifner-subgroup-2
12: Starting numprocs=16 N=8000, M=8000 impl=g-rabenseifner-subgroup-2
9: Starting numprocs=16 N=8000, M=8000 impl=g-rabenseifner-subgroup-2
time: 43.438730s
Iteration 1
time: 0.489430s
Iteration 2
time: 0.480808s
Iteration 3
time: 0.480078s
Iteration 4
time: 28.618718s
Iteration 5
time: 0.483476s
Iteration 6
time: 0.484665s
Iteration 7
time: 0.484286s
Iteration 8
time: 48.058527s
Iteration 9
time: 0.485127s
Iteration 10
time: 0.485927s
Iteration 11
time: 6.981561s
Iteration 12
time: 71.230048s
Iteration 13
time: 0.484183s
Iteration 14
time: 2.164806s
Iteration 15
time: 84.757178s
Iteration 16
time: 88.739263s
Iteration 17
time: 203.549636s
Iteration 18
time: 43.642073s
Iteration 19
time: 28.119881s
Iteration 20
time: 123.343922s
Iteration 21
time: 143.014022s
Iteration 22
time: 44.954708s
Iteration 23
time: 84.816219s
Iteration 24
time: 0.485221s
10: Starting numprocs=16 N=8000, M=8000 impl=g-rabenseifner-subgroup-4
4: Starting numprocs=16 N=8000, M=8000 impl=g-rabenseifner-subgroup-4
5: Starting numprocs=16 N=8000, M=8000 impl=g-rabenseifner-subgroup-4
7: Starting numprocs=16 N=8000, M=8000 impl=g-rabenseifner-subgroup-4
2: Starting numprocs=16 N=8000, M=8000 impl=g-rabenseifner-subgroup-4
6: Starting numprocs=16 N=8000, M=8000 impl=g-rabenseifner-subgroup-4
8: Starting numprocs=16 N=8000, M=8000 impl=g-rabenseifner-subgroup-4
0: Starting numprocs=16 N=8000, M=8000 impl=g-rabenseifner-subgroup-4
Iteration 0
3: Starting numprocs=16 N=8000, M=8000 impl=g-rabenseifner-subgroup-4
9: Starting numprocs=16 N=8000, M=8000 impl=g-rabenseifner-subgroup-4
15: Starting numprocs=16 N=8000, M=8000 impl=g-rabenseifner-subgroup-4
11: Starting numprocs=16 N=8000, M=8000 impl=g-rabenseifner-subgroup-4
1: Starting numprocs=16 N=8000, M=8000 impl=g-rabenseifner-subgroup-4
13: Starting numprocs=16 N=8000, M=8000 impl=g-rabenseifner-subgroup-4
12: Starting numprocs=16 N=8000, M=8000 impl=g-rabenseifner-subgroup-4
14: Starting numprocs=16 N=8000, M=8000 impl=g-rabenseifner-subgroup-4
time: 0.639660s
Iteration 1
time: 0.538507s
Iteration 2
time: 0.548780s
Iteration 3
time: 0.539493s
Iteration 4
time: 0.532621s
Iteration 5
time: 0.536602s
Iteration 6
time: 0.533645s
Iteration 7
time: 0.532988s
Iteration 8
time: 0.539176s
Iteration 9
time: 0.550216s
Iteration 10
time: 0.533119s
Iteration 11
time: 0.536602s
Iteration 12
time: 0.534753s
Iteration 13
time: 0.539065s
Iteration 14
time: 0.540057s
Iteration 15
time: 0.544450s
Iteration 16
time: 0.532735s
Iteration 17
time: 0.533953s
Iteration 18
time: 0.534451s
Iteration 19
time: 0.536320s
Iteration 20
time: 0.540266s
Iteration 21
time: 0.543904s
Iteration 22
time: 0.531796s
Iteration 23
time: 0.536184s
Iteration 24
time: 0.533566s
5: Starting numprocs=16 N=8000, M=8000 impl=g-rabenseifner-subgroup-8
4: Starting numprocs=16 N=8000, M=8000 impl=g-rabenseifner-subgroup-8
10: Starting numprocs=16 N=8000, M=8000 impl=g-rabenseifner-subgroup-8
0: Starting numprocs=16 N=8000, M=8000 impl=g-rabenseifner-subgroup-8
Iteration 0
7: Starting numprocs=16 N=8000, M=8000 impl=g-rabenseifner-subgroup-8
2: Starting numprocs=16 N=8000, M=8000 impl=g-rabenseifner-subgroup-8
3: Starting numprocs=16 N=8000, M=8000 impl=g-rabenseifner-subgroup-8
8: Starting numprocs=16 N=8000, M=8000 impl=g-rabenseifner-subgroup-8
15: Starting numprocs=16 N=8000, M=8000 impl=g-rabenseifner-subgroup-8
6: Starting numprocs=16 N=8000, M=8000 impl=g-rabenseifner-subgroup-8
9: Starting numprocs=16 N=8000, M=8000 impl=g-rabenseifner-subgroup-8
11: Starting numprocs=16 N=8000, M=8000 impl=g-rabenseifner-subgroup-8
13: Starting numprocs=16 N=8000, M=8000 impl=g-rabenseifner-subgroup-8
1: Starting numprocs=16 N=8000, M=8000 impl=g-rabenseifner-subgroup-8
12: Starting numprocs=16 N=8000, M=8000 impl=g-rabenseifner-subgroup-8
14: Starting numprocs=16 N=8000, M=8000 impl=g-rabenseifner-subgroup-8
time: 0.683397s
Iteration 1
time: 0.583974s
Iteration 2
time: 0.584464s
Iteration 3
time: 0.595492s
Iteration 4
time: 0.590876s
Iteration 5
time: 0.587495s
Iteration 6
time: 0.587639s
Iteration 7
time: 0.594269s
Iteration 8
time: 0.593414s
Iteration 9
time: 0.592145s
Iteration 10
time: 0.583015s
Iteration 11
time: 0.590155s
Iteration 12
time: 0.588872s
Iteration 13
time: 0.584780s
Iteration 14
time: 0.596452s
Iteration 15
time: 0.587322s
Iteration 16
time: 0.599462s
Iteration 17
time: 0.587560s
Iteration 18
time: 0.594877s
Iteration 19
time: 0.597850s
Iteration 20
time: 0.594962s
Iteration 21
time: 0.601080s
Iteration 22
time: 0.607980s
Iteration 23
time: 0.606279s
Iteration 24
time: 0.595539s
