13: Starting numprocs=16 N=1000, M=1000 impl=allgather
11: Starting numprocs=16 N=1000, M=1000 impl=allgather
2: Starting numprocs=16 N=1000, M=1000 impl=allgather
1: Starting numprocs=16 N=1000, M=1000 impl=allgather
8: Starting numprocs=16 N=1000, M=1000 impl=allgather
14: Starting numprocs=16 N=1000, M=1000 impl=allgather
5: Starting numprocs=16 N=1000, M=1000 impl=allgather
6: Starting numprocs=16 N=1000, M=1000 impl=allgather
12: Starting numprocs=16 N=1000, M=1000 impl=allgather
7: Starting numprocs=16 N=1000, M=1000 impl=allgather
10: Starting numprocs=16 N=1000, M=1000 impl=allgather
3: Starting numprocs=16 N=1000, M=1000 impl=allgather
9: Starting numprocs=16 N=1000, M=1000 impl=allgather
15: Starting numprocs=16 N=1000, M=1000 impl=allgather
0: Starting numprocs=16 N=1000, M=1000 impl=allgather
Iteration 0
4: Starting numprocs=16 N=1000, M=1000 impl=allgather
time: 0.024528s
Iteration 1
time: 0.015737s
Iteration 2
time: 0.015372s
Iteration 3
time: 0.015741s
Iteration 4
time: 0.015778s
Iteration 5
time: 0.016142s
Iteration 6
time: 0.016643s
Iteration 7
time: 0.016879s
Iteration 8
time: 0.016627s
Iteration 9
time: 0.016329s
Iteration 10
time: 0.015382s
Iteration 11
time: 0.015476s
Iteration 12
time: 0.015752s
Iteration 13
time: 0.015924s
Iteration 14
time: 0.015787s
Iteration 15
time: 0.015425s
Iteration 16
time: 0.016027s
Iteration 17
time: 0.015565s
Iteration 18
time: 0.015723s
Iteration 19
time: 0.015999s
Iteration 20
time: 0.016190s
Iteration 21
time: 0.016978s
Iteration 22
time: 0.016422s
Iteration 23
time: 0.017768s
Iteration 24
time: 0.016990s
13: Starting numprocs=16 N=1000, M=1000 impl=allreduce
4: Starting numprocs=16 N=1000, M=1000 impl=allreduce
11: Starting numprocs=16 N=1000, M=1000 impl=allreduce
15: Starting numprocs=16 N=1000, M=1000 impl=allreduce
8: Starting numprocs=16 N=1000, M=1000 impl=allreduce
5: Starting numprocs=16 N=1000, M=1000 impl=allreduce
2: Starting numprocs=16 N=1000, M=1000 impl=allreduce
10: Starting numprocs=16 N=1000, M=1000 impl=allreduce
9: Starting numprocs=16 N=1000, M=1000 impl=allreduce
14: Starting numprocs=16 N=1000, M=1000 impl=allreduce
7: Starting numprocs=16 N=1000, M=1000 impl=allreduce
6: Starting numprocs=16 N=1000, M=1000 impl=allreduce
12: Starting numprocs=16 N=1000, M=1000 impl=allreduce
0: Starting numprocs=16 N=1000, M=1000 impl=allreduce
Iteration 0
3: Starting numprocs=16 N=1000, M=1000 impl=allreduce
1: Starting numprocs=16 N=1000, M=1000 impl=allreduce
time: 0.032979s
Iteration 1
time: 0.022736s
Iteration 2
time: 0.018625s
Iteration 3
time: 0.018326s
Iteration 4
time: 0.017319s
Iteration 5
time: 0.019662s
Iteration 6
time: 0.018646s
Iteration 7
time: 0.018236s
Iteration 8
time: 0.017825s
Iteration 9
time: 0.017557s
Iteration 10
time: 0.019057s
Iteration 11
time: 0.021627s
Iteration 12
time: 0.019430s
Iteration 13
time: 0.019237s
Iteration 14
time: 0.018499s
Iteration 15
time: 0.018762s
Iteration 16
time: 0.018856s
Iteration 17
time: 0.017459s
Iteration 18
time: 0.017867s
Iteration 19
time: 0.017840s
Iteration 20
time: 0.017961s
Iteration 21
time: 0.016975s
Iteration 22
time: 0.016986s
Iteration 23
time: 0.017637s
Iteration 24
time: 0.017834s
4: Starting numprocs=16 N=1000, M=1000 impl=allreduce-ring
13: Starting numprocs=16 N=1000, M=1000 impl=allreduce-ring
11: Starting numprocs=16 N=1000, M=1000 impl=allreduce-ring
7: Starting numprocs=16 N=1000, M=1000 impl=allreduce-ring
5: Starting numprocs=16 N=1000, M=1000 impl=allreduce-ring
3: Starting numprocs=16 N=1000, M=1000 impl=allreduce-ring
1: Starting numprocs=16 N=1000, M=1000 impl=allreduce-ring
15: Starting numprocs=16 N=1000, M=1000 impl=allreduce-ring
2: Starting numprocs=16 N=1000, M=1000 impl=allreduce-ring
9: Starting numprocs=16 N=1000, M=1000 impl=allreduce-ring
10: Starting numprocs=16 N=1000, M=1000 impl=allreduce-ring
6: Starting numprocs=16 N=1000, M=1000 impl=allreduce-ring
12: Starting numprocs=16 N=1000, M=1000 impl=allreduce-ring
8: Starting numprocs=16 N=1000, M=1000 impl=allreduce-ring
14: Starting numprocs=16 N=1000, M=1000 impl=allreduce-ring
0: Starting numprocs=16 N=1000, M=1000 impl=allreduce-ring
Iteration 0
time: 0.022572s
Iteration 1
time: 0.014756s
Iteration 2
time: 0.015269s
Iteration 3
time: 0.014956s
Iteration 4
time: 0.014657s
Iteration 5
time: 0.014540s
Iteration 6
time: 0.014541s
Iteration 7
time: 0.014524s
Iteration 8
time: 0.014904s
Iteration 9
time: 0.014598s
Iteration 10
time: 0.014649s
Iteration 11
time: 0.015043s
Iteration 12
time: 0.014811s
Iteration 13
time: 0.015026s
Iteration 14
time: 0.014659s
Iteration 15
time: 0.014658s
Iteration 16
time: 0.015506s
Iteration 17
time: 0.014840s
Iteration 18
time: 0.014791s
Iteration 19
time: 0.014751s
Iteration 20
time: 0.016870s
Iteration 21
time: 0.014857s
Iteration 22
time: 0.014692s
Iteration 23
time: 0.014782s
Iteration 24
time: 0.015177s
13: Starting numprocs=16 N=1000, M=1000 impl=g-rabenseifner-allgather
11: Starting numprocs=16 N=1000, M=1000 impl=g-rabenseifner-allgather
0: Starting numprocs=16 N=1000, M=1000 impl=g-rabenseifner-allgather
Iteration 0
7: Starting numprocs=16 N=1000, M=1000 impl=g-rabenseifner-allgather
5: Starting numprocs=16 N=1000, M=1000 impl=g-rabenseifner-allgather
1: Starting numprocs=16 N=1000, M=1000 impl=g-rabenseifner-allgather
12: Starting numprocs=16 N=1000, M=1000 impl=g-rabenseifner-allgather
8: Starting numprocs=16 N=1000, M=1000 impl=g-rabenseifner-allgather
2: Starting numprocs=16 N=1000, M=1000 impl=g-rabenseifner-allgather
9: Starting numprocs=16 N=1000, M=1000 impl=g-rabenseifner-allgather
15: Starting numprocs=16 N=1000, M=1000 impl=g-rabenseifner-allgather
14: Starting numprocs=16 N=1000, M=1000 impl=g-rabenseifner-allgather
10: Starting numprocs=16 N=1000, M=1000 impl=g-rabenseifner-allgather
6: Starting numprocs=16 N=1000, M=1000 impl=g-rabenseifner-allgather
4: Starting numprocs=16 N=1000, M=1000 impl=g-rabenseifner-allgather
3: Starting numprocs=16 N=1000, M=1000 impl=g-rabenseifner-allgather
time: 0.029349s
Iteration 1
time: 0.008526s
Iteration 2
time: 0.008022s
Iteration 3
time: 0.008205s
Iteration 4
time: 0.008129s
Iteration 5
time: 0.008089s
Iteration 6
time: 0.007868s
Iteration 7
time: 0.007953s
Iteration 8
time: 0.007895s
Iteration 9
time: 0.008171s
Iteration 10
time: 0.008576s
Iteration 11
time: 0.008591s
Iteration 12
time: 0.008654s
Iteration 13
time: 0.008402s
Iteration 14
time: 0.008539s
Iteration 15
time: 0.008266s
Iteration 16
time: 0.007834s
Iteration 17
time: 0.008036s
Iteration 18
time: 0.008470s
Iteration 19
time: 0.008173s
Iteration 20
time: 0.007883s
Iteration 21
time: 0.008056s
Iteration 22
time: 0.008307s
Iteration 23
time: 0.008744s
Iteration 24
time: 0.008190s
4: Starting numprocs=16 N=1000, M=1000 impl=g-rabenseifner-subgroup-2
0: Starting numprocs=16 N=1000, M=1000 impl=g-rabenseifner-subgroup-2
Iteration 0
7: Starting numprocs=16 N=1000, M=1000 impl=g-rabenseifner-subgroup-2
8: Starting numprocs=16 N=1000, M=1000 impl=g-rabenseifner-subgroup-2
11: Starting numprocs=16 N=1000, M=1000 impl=g-rabenseifner-subgroup-2
6: Starting numprocs=16 N=1000, M=1000 impl=g-rabenseifner-subgroup-2
2: Starting numprocs=16 N=1000, M=1000 impl=g-rabenseifner-subgroup-2
14: Starting numprocs=16 N=1000, M=1000 impl=g-rabenseifner-subgroup-2
10: Starting numprocs=16 N=1000, M=1000 impl=g-rabenseifner-subgroup-2
12: Starting numprocs=16 N=1000, M=1000 impl=g-rabenseifner-subgroup-2
9: Starting numprocs=16 N=1000, M=1000 impl=g-rabenseifner-subgroup-2
5: Starting numprocs=16 N=1000, M=1000 impl=g-rabenseifner-subgroup-2
3: Starting numprocs=16 N=1000, M=1000 impl=g-rabenseifner-subgroup-2
1: Starting numprocs=16 N=1000, M=1000 impl=g-rabenseifner-subgroup-2
13: Starting numprocs=16 N=1000, M=1000 impl=g-rabenseifner-subgroup-2
15: Starting numprocs=16 N=1000, M=1000 impl=g-rabenseifner-subgroup-2
time: 0.027353s
Iteration 1
time: 0.008346s
Iteration 2
time: 0.008287s
Iteration 3
time: 0.008603s
Iteration 4
time: 0.008282s
Iteration 5
time: 0.008221s
Iteration 6
time: 0.008745s
Iteration 7
time: 0.008354s
Iteration 8
time: 0.008594s
Iteration 9
time: 0.009377s
Iteration 10
time: 0.008263s
Iteration 11
time: 0.008213s
Iteration 12
time: 0.008351s
Iteration 13
time: 0.008455s
Iteration 14
time: 0.008332s
Iteration 15
time: 0.008649s
Iteration 16
time: 0.008205s
Iteration 17
time: 0.008607s
Iteration 18
time: 0.008705s
Iteration 19
time: 0.008495s
Iteration 20
time: 0.008829s
Iteration 21
time: 0.008756s
Iteration 22
time: 0.008931s
Iteration 23
time: 0.008103s
Iteration 24
time: 0.008066s
13: Starting numprocs=16 N=1000, M=1000 impl=g-rabenseifner-subgroup-4
7: Starting numprocs=16 N=1000, M=1000 impl=g-rabenseifner-subgroup-4
5: Starting numprocs=16 N=1000, M=1000 impl=g-rabenseifner-subgroup-4
0: Starting numprocs=16 N=1000, M=1000 impl=g-rabenseifner-subgroup-4
Iteration 0
3: Starting numprocs=16 N=1000, M=1000 impl=g-rabenseifner-subgroup-4
6: Starting numprocs=16 N=1000, M=1000 impl=g-rabenseifner-subgroup-4
11: Starting numprocs=16 N=1000, M=1000 impl=g-rabenseifner-subgroup-4
4: Starting numprocs=16 N=1000, M=1000 impl=g-rabenseifner-subgroup-4
9: Starting numprocs=16 N=1000, M=1000 impl=g-rabenseifner-subgroup-4
12: Starting numprocs=16 N=1000, M=1000 impl=g-rabenseifner-subgroup-4
2: Starting numprocs=16 N=1000, M=1000 impl=g-rabenseifner-subgroup-4
8: Starting numprocs=16 N=1000, M=1000 impl=g-rabenseifner-subgroup-4
15: Starting numprocs=16 N=1000, M=1000 impl=g-rabenseifner-subgroup-4
14: Starting numprocs=16 N=1000, M=1000 impl=g-rabenseifner-subgroup-4
1: Starting numprocs=16 N=1000, M=1000 impl=g-rabenseifner-subgroup-4
10: Starting numprocs=16 N=1000, M=1000 impl=g-rabenseifner-subgroup-4
time: 0.029157s
Iteration 1
time: 0.009450s
Iteration 2
time: 0.008789s
Iteration 3
time: 0.009204s
Iteration 4
time: 0.008713s
Iteration 5
time: 0.009044s
Iteration 6
time: 0.009000s
Iteration 7
time: 0.008820s
Iteration 8
time: 0.009082s
Iteration 9
time: 0.009181s
Iteration 10
time: 0.009075s
Iteration 11
time: 0.008934s
Iteration 12
time: 0.009422s
Iteration 13
time: 0.008862s
Iteration 14
time: 0.009284s
Iteration 15
time: 0.008714s
Iteration 16
time: 0.008871s
Iteration 17
time: 0.008827s
Iteration 18
time: 0.009207s
Iteration 19
time: 0.009362s
Iteration 20
time: 0.009272s
Iteration 21
time: 0.009109s
Iteration 22
time: 0.008791s
Iteration 23
time: 0.008784s
Iteration 24
time: 0.008937s
13: Starting numprocs=16 N=1000, M=1000 impl=g-rabenseifner-subgroup-8
8: Starting numprocs=16 N=1000, M=1000 impl=g-rabenseifner-subgroup-8
7: Starting numprocs=16 N=1000, M=1000 impl=g-rabenseifner-subgroup-8
11: Starting numprocs=16 N=1000, M=1000 impl=g-rabenseifner-subgroup-8
12: Starting numprocs=16 N=1000, M=1000 impl=g-rabenseifner-subgroup-8
6: Starting numprocs=16 N=1000, M=1000 impl=g-rabenseifner-subgroup-8
2: Starting numprocs=16 N=1000, M=1000 impl=g-rabenseifner-subgroup-8
1: Starting numprocs=16 N=1000, M=1000 impl=g-rabenseifner-subgroup-8
15: Starting numprocs=16 N=1000, M=1000 impl=g-rabenseifner-subgroup-8
3: Starting numprocs=16 N=1000, M=1000 impl=g-rabenseifner-subgroup-8
9: Starting numprocs=16 N=1000, M=1000 impl=g-rabenseifner-subgroup-8
5: Starting numprocs=16 N=1000, M=1000 impl=g-rabenseifner-subgroup-8
10: Starting numprocs=16 N=1000, M=1000 impl=g-rabenseifner-subgroup-8
4: Starting numprocs=16 N=1000, M=1000 impl=g-rabenseifner-subgroup-8
14: Starting numprocs=16 N=1000, M=1000 impl=g-rabenseifner-subgroup-8
0: Starting numprocs=16 N=1000, M=1000 impl=g-rabenseifner-subgroup-8
Iteration 0
time: 0.022590s
Iteration 1
time: 0.010880s
Iteration 2
time: 0.010589s
Iteration 3
time: 0.010754s
Iteration 4
time: 0.011241s
Iteration 5
time: 0.010385s
Iteration 6
time: 0.010602s
Iteration 7
time: 0.010421s
Iteration 8
time: 0.010364s
Iteration 9
time: 0.011553s
Iteration 10
time: 0.010234s
Iteration 11
time: 0.010495s
Iteration 12
time: 0.010275s
Iteration 13
time: 0.010491s
Iteration 14
time: 0.010836s
Iteration 15
time: 0.010149s
Iteration 16
time: 0.010166s
Iteration 17
time: 0.010589s
Iteration 18
time: 0.009763s
Iteration 19
time: 0.010464s
Iteration 20
time: 0.010306s
Iteration 21
time: 0.009839s
Iteration 22
time: 0.010237s
Iteration 23
time: 0.010024s
Iteration 24
time: 0.010464s
13: Starting numprocs=16 N=2000, M=2000 impl=allgather
7: Starting numprocs=16 N=2000, M=2000 impl=allgather
1: Starting numprocs=16 N=2000, M=2000 impl=allgather
14: Starting numprocs=16 N=2000, M=2000 impl=allgather
6: Starting numprocs=16 N=2000, M=2000 impl=allgather
11: Starting numprocs=16 N=2000, M=2000 impl=allgather
3: Starting numprocs=16 N=2000, M=2000 impl=allgather
2: Starting numprocs=16 N=2000, M=2000 impl=allgather
9: Starting numprocs=16 N=2000, M=2000 impl=allgather
4: Starting numprocs=16 N=2000, M=2000 impl=allgather
8: Starting numprocs=16 N=2000, M=2000 impl=allgather
10: Starting numprocs=16 N=2000, M=2000 impl=allgather
12: Starting numprocs=16 N=2000, M=2000 impl=allgather
15: Starting numprocs=16 N=2000, M=2000 impl=allgather
0: Starting numprocs=16 N=2000, M=2000 impl=allgather
Iteration 0
5: Starting numprocs=16 N=2000, M=2000 impl=allgather
time: 0.076130s
Iteration 1
time: 0.060460s
Iteration 2
time: 0.065686s
Iteration 3
time: 0.063044s
Iteration 4
time: 0.062944s
Iteration 5
time: 0.063262s
Iteration 6
time: 0.061973s
Iteration 7
time: 0.062596s
Iteration 8
time: 0.062790s
Iteration 9
time: 0.063502s
Iteration 10
time: 0.065180s
Iteration 11
time: 0.065672s
Iteration 12
time: 0.063593s
Iteration 13
time: 0.062361s
Iteration 14
time: 0.062332s
Iteration 15
time: 0.063436s
Iteration 16
time: 0.063915s
Iteration 17
time: 0.063588s
Iteration 18
time: 0.063398s
Iteration 19
time: 0.066136s
Iteration 20
time: 0.063002s
Iteration 21
time: 0.062345s
Iteration 22
time: 0.063831s
Iteration 23
time: 0.064221s
Iteration 24
time: 0.065913s
2: Starting numprocs=16 N=2000, M=2000 impl=allreduce
15: Starting numprocs=16 N=2000, M=2000 impl=allreduce
13: Starting numprocs=16 N=2000, M=2000 impl=allreduce
8: Starting numprocs=16 N=2000, M=2000 impl=allreduce
12: Starting numprocs=16 N=2000, M=2000 impl=allreduce
10: Starting numprocs=16 N=2000, M=2000 impl=allreduce
11: Starting numprocs=16 N=2000, M=2000 impl=allreduce
9: Starting numprocs=16 N=2000, M=2000 impl=allreduce
4: Starting numprocs=16 N=2000, M=2000 impl=allreduce
7: Starting numprocs=16 N=2000, M=2000 impl=allreduce
14: Starting numprocs=16 N=2000, M=2000 impl=allreduce
6: Starting numprocs=16 N=2000, M=2000 impl=allreduce
3: Starting numprocs=16 N=2000, M=2000 impl=allreduce
5: Starting numprocs=16 N=2000, M=2000 impl=allreduce
1: Starting numprocs=16 N=2000, M=2000 impl=allreduce
0: Starting numprocs=16 N=2000, M=2000 impl=allreduce
Iteration 0
time: 0.106471s
Iteration 1
time: 0.084168s
Iteration 2
time: 0.076369s
Iteration 3
time: 0.079248s
Iteration 4
time: 0.072841s
Iteration 5
time: 0.069814s
Iteration 6
time: 0.073913s
Iteration 7
time: 0.069853s
Iteration 8
time: 0.072017s
Iteration 9
time: 0.069668s
Iteration 10
time: 0.066131s
Iteration 11
time: 0.068426s
Iteration 12
time: 0.067483s
Iteration 13
time: 0.069439s
Iteration 14
time: 0.071520s
Iteration 15
time: 0.066922s
Iteration 16
time: 0.075614s
Iteration 17
time: 0.073536s
Iteration 18
time: 0.071567s
Iteration 19
time: 0.070218s
Iteration 20
time: 0.072631s
Iteration 21
time: 0.067182s
Iteration 22
time: 0.071564s
Iteration 23
time: 0.066494s
Iteration 24
time: 0.067743s
13: Starting numprocs=16 N=2000, M=2000 impl=allreduce-ring
7: Starting numprocs=16 N=2000, M=2000 impl=allreduce-ring
10: Starting numprocs=16 N=2000, M=2000 impl=allreduce-ring
2: Starting numprocs=16 N=2000, M=2000 impl=allreduce-ring
5: Starting numprocs=16 N=2000, M=2000 impl=allreduce-ring
1: Starting numprocs=16 N=2000, M=2000 impl=allreduce-ring
15: Starting numprocs=16 N=2000, M=2000 impl=allreduce-ring
12: Starting numprocs=16 N=2000, M=2000 impl=allreduce-ring
3: Starting numprocs=16 N=2000, M=2000 impl=allreduce-ring
14: Starting numprocs=16 N=2000, M=2000 impl=allreduce-ring
11: Starting numprocs=16 N=2000, M=2000 impl=allreduce-ring
8: Starting numprocs=16 N=2000, M=2000 impl=allreduce-ring
6: Starting numprocs=16 N=2000, M=2000 impl=allreduce-ring
9: Starting numprocs=16 N=2000, M=2000 impl=allreduce-ring
4: Starting numprocs=16 N=2000, M=2000 impl=allreduce-ring
0: Starting numprocs=16 N=2000, M=2000 impl=allreduce-ring
Iteration 0
time: 0.066497s
Iteration 1
time: 0.059811s
Iteration 2
time: 0.060687s
Iteration 3
time: 0.059320s
Iteration 4
time: 0.059052s
Iteration 5
time: 0.060292s
Iteration 6
time: 0.060164s
Iteration 7
time: 0.058673s
Iteration 8
time: 0.058985s
Iteration 9
time: 0.059291s
Iteration 10
time: 0.058592s
Iteration 11
time: 0.058876s
Iteration 12
time: 0.060067s
Iteration 13
time: 0.059500s
Iteration 14
time: 0.059394s
Iteration 15
time: 0.058222s
Iteration 16
time: 0.059679s
Iteration 17
time: 0.058729s
Iteration 18
time: 0.060049s
Iteration 19
time: 0.059807s
Iteration 20
time: 0.058030s
Iteration 21
time: 0.058813s
Iteration 22
time: 0.058475s
Iteration 23
time: 0.060311s
Iteration 24
time: 0.058400s
13: Starting numprocs=16 N=2000, M=2000 impl=g-rabenseifner-allgather
7: Starting numprocs=16 N=2000, M=2000 impl=g-rabenseifner-allgather
11: Starting numprocs=16 N=2000, M=2000 impl=g-rabenseifner-allgather
15: Starting numprocs=16 N=2000, M=2000 impl=g-rabenseifner-allgather
12: Starting numprocs=16 N=2000, M=2000 impl=g-rabenseifner-allgather
8: Starting numprocs=16 N=2000, M=2000 impl=g-rabenseifner-allgather
1: Starting numprocs=16 N=2000, M=2000 impl=g-rabenseifner-allgather
10: Starting numprocs=16 N=2000, M=2000 impl=g-rabenseifner-allgather
3: Starting numprocs=16 N=2000, M=2000 impl=g-rabenseifner-allgather
5: Starting numprocs=16 N=2000, M=2000 impl=g-rabenseifner-allgather
9: Starting numprocs=16 N=2000, M=2000 impl=g-rabenseifner-allgather
6: Starting numprocs=16 N=2000, M=2000 impl=g-rabenseifner-allgather
2: Starting numprocs=16 N=2000, M=2000 impl=g-rabenseifner-allgather
0: Starting numprocs=16 N=2000, M=2000 impl=g-rabenseifner-allgather
Iteration 0
14: Starting numprocs=16 N=2000, M=2000 impl=g-rabenseifner-allgather
4: Starting numprocs=16 N=2000, M=2000 impl=g-rabenseifner-allgather
time: 0.041609s
Iteration 1
time: 0.029665s
Iteration 2
time: 0.029901s
Iteration 3
time: 0.029707s
Iteration 4
time: 0.029757s
Iteration 5
time: 0.029753s
Iteration 6
time: 0.029814s
Iteration 7
time: 0.030437s
Iteration 8
time: 0.029784s
Iteration 9
time: 0.031037s
Iteration 10
time: 0.029543s
Iteration 11
time: 0.030123s
Iteration 12
time: 0.029978s
Iteration 13
time: 0.029527s
Iteration 14
time: 0.029530s
Iteration 15
time: 0.030289s
Iteration 16
time: 0.030550s
Iteration 17
time: 0.029583s
Iteration 18
time: 0.030084s
Iteration 19
time: 0.029936s
Iteration 20
time: 0.029780s
Iteration 21
time: 0.030272s
Iteration 22
time: 0.029567s
Iteration 23
time: 0.029537s
Iteration 24
time: 0.029518s
13: Starting numprocs=16 N=2000, M=2000 impl=g-rabenseifner-subgroup-2
7: Starting numprocs=16 N=2000, M=2000 impl=g-rabenseifner-subgroup-2
12: Starting numprocs=16 N=2000, M=2000 impl=g-rabenseifner-subgroup-2
5: Starting numprocs=16 N=2000, M=2000 impl=g-rabenseifner-subgroup-2
1: Starting numprocs=16 N=2000, M=2000 impl=g-rabenseifner-subgroup-2
8: Starting numprocs=16 N=2000, M=2000 impl=g-rabenseifner-subgroup-2
3: Starting numprocs=16 N=2000, M=2000 impl=g-rabenseifner-subgroup-2
14: Starting numprocs=16 N=2000, M=2000 impl=g-rabenseifner-subgroup-2
6: Starting numprocs=16 N=2000, M=2000 impl=g-rabenseifner-subgroup-2
2: Starting numprocs=16 N=2000, M=2000 impl=g-rabenseifner-subgroup-2
9: Starting numprocs=16 N=2000, M=2000 impl=g-rabenseifner-subgroup-2
15: Starting numprocs=16 N=2000, M=2000 impl=g-rabenseifner-subgroup-2
10: Starting numprocs=16 N=2000, M=2000 impl=g-rabenseifner-subgroup-2
4: Starting numprocs=16 N=2000, M=2000 impl=g-rabenseifner-subgroup-2
11: Starting numprocs=16 N=2000, M=2000 impl=g-rabenseifner-subgroup-2
0: Starting numprocs=16 N=2000, M=2000 impl=g-rabenseifner-subgroup-2
Iteration 0
time: 0.052224s
Iteration 1
time: 0.031705s
Iteration 2
time: 0.032387s
Iteration 3
time: 0.031182s
Iteration 4
time: 0.031673s
Iteration 5
time: 0.031449s
Iteration 6
time: 0.031988s
Iteration 7
time: 0.031379s
Iteration 8
time: 0.031261s
Iteration 9
time: 0.031341s
Iteration 10
time: 0.031800s
Iteration 11
time: 0.031271s
Iteration 12
time: 0.031407s
Iteration 13
time: 0.031072s
Iteration 14
time: 0.031261s
Iteration 15
time: 0.031380s
Iteration 16
time: 0.031245s
Iteration 17
time: 0.031165s
Iteration 18
time: 0.031503s
Iteration 19
time: 0.031100s
Iteration 20
time: 0.031116s
Iteration 21
time: 0.031375s
Iteration 22
time: 0.031135s
Iteration 23
time: 0.031965s
Iteration 24
time: 0.031600s
13: Starting numprocs=16 N=2000, M=2000 impl=g-rabenseifner-subgroup-4
7: Starting numprocs=16 N=2000, M=2000 impl=g-rabenseifner-subgroup-4
5: Starting numprocs=16 N=2000, M=2000 impl=g-rabenseifner-subgroup-4
3: Starting numprocs=16 N=2000, M=2000 impl=g-rabenseifner-subgroup-4
15: Starting numprocs=16 N=2000, M=2000 impl=g-rabenseifner-subgroup-4
2: Starting numprocs=16 N=2000, M=2000 impl=g-rabenseifner-subgroup-4
11: Starting numprocs=16 N=2000, M=2000 impl=g-rabenseifner-subgroup-4
6: Starting numprocs=16 N=2000, M=2000 impl=g-rabenseifner-subgroup-4
12: Starting numprocs=16 N=2000, M=2000 impl=g-rabenseifner-subgroup-4
1: Starting numprocs=16 N=2000, M=2000 impl=g-rabenseifner-subgroup-4
10: Starting numprocs=16 N=2000, M=2000 impl=g-rabenseifner-subgroup-4
9: Starting numprocs=16 N=2000, M=2000 impl=g-rabenseifner-subgroup-4
14: Starting numprocs=16 N=2000, M=2000 impl=g-rabenseifner-subgroup-4
8: Starting numprocs=16 N=2000, M=2000 impl=g-rabenseifner-subgroup-4
0: Starting numprocs=16 N=2000, M=2000 impl=g-rabenseifner-subgroup-4
Iteration 0
4: Starting numprocs=16 N=2000, M=2000 impl=g-rabenseifner-subgroup-4
time: 0.052142s
Iteration 1
time: 0.034194s
Iteration 2
time: 0.035638s
Iteration 3
time: 0.033735s
Iteration 4
time: 0.033879s
Iteration 5
time: 0.033748s
Iteration 6
time: 0.034442s
Iteration 7
time: 0.034446s
Iteration 8
time: 0.033566s
Iteration 9
time: 0.034138s
Iteration 10
time: 0.034475s
Iteration 11
time: 0.033295s
Iteration 12
time: 0.033539s
Iteration 13
time: 0.033432s
Iteration 14
time: 0.033377s
Iteration 15
time: 0.033864s
Iteration 16
time: 0.034752s
Iteration 17
time: 0.034416s
Iteration 18
time: 0.034818s
Iteration 19
time: 0.034104s
Iteration 20
time: 0.033576s
Iteration 21
time: 0.033497s
Iteration 22
time: 0.033827s
Iteration 23
time: 0.033646s
Iteration 24
time: 0.033605s
13: Starting numprocs=16 N=2000, M=2000 impl=g-rabenseifner-subgroup-8
7: Starting numprocs=16 N=2000, M=2000 impl=g-rabenseifner-subgroup-8
3: Starting numprocs=16 N=2000, M=2000 impl=g-rabenseifner-subgroup-8
2: Starting numprocs=16 N=2000, M=2000 impl=g-rabenseifner-subgroup-8
8: Starting numprocs=16 N=2000, M=2000 impl=g-rabenseifner-subgroup-8
11: Starting numprocs=16 N=2000, M=2000 impl=g-rabenseifner-subgroup-8
1: Starting numprocs=16 N=2000, M=2000 impl=g-rabenseifner-subgroup-8
5: Starting numprocs=16 N=2000, M=2000 impl=g-rabenseifner-subgroup-8
9: Starting numprocs=16 N=2000, M=2000 impl=g-rabenseifner-subgroup-8
6: Starting numprocs=16 N=2000, M=2000 impl=g-rabenseifner-subgroup-8
15: Starting numprocs=16 N=2000, M=2000 impl=g-rabenseifner-subgroup-8
14: Starting numprocs=16 N=2000, M=2000 impl=g-rabenseifner-subgroup-8
12: Starting numprocs=16 N=2000, M=2000 impl=g-rabenseifner-subgroup-8
0: Starting numprocs=16 N=2000, M=2000 impl=g-rabenseifner-subgroup-8
Iteration 0
10: Starting numprocs=16 N=2000, M=2000 impl=g-rabenseifner-subgroup-8
4: Starting numprocs=16 N=2000, M=2000 impl=g-rabenseifner-subgroup-8
time: 0.055629s
Iteration 1
time: 0.042095s
Iteration 2
time: 0.041707s
Iteration 3
time: 0.041986s
Iteration 4
time: 0.040063s
Iteration 5
time: 0.038914s
Iteration 6
time: 0.039052s
Iteration 7
time: 0.038199s
Iteration 8
time: 0.038955s
Iteration 9
time: 0.039224s
Iteration 10
time: 0.039352s
Iteration 11
time: 0.041021s
Iteration 12
time: 0.040793s
Iteration 13
time: 0.040560s
Iteration 14
time: 0.039516s
Iteration 15
time: 0.039582s
Iteration 16
time: 0.039158s
Iteration 17
time: 0.039950s
Iteration 18
time: 0.039588s
Iteration 19
time: 0.040250s
Iteration 20
time: 0.039951s
Iteration 21
time: 0.039675s
Iteration 22
time: 0.040327s
Iteration 23
time: 0.039720s
Iteration 24
time: 0.039851s
13: Starting numprocs=16 N=3000, M=3000 impl=allgather
7: Starting numprocs=16 N=3000, M=3000 impl=allgather
1: Starting numprocs=16 N=3000, M=3000 impl=allgather
11: Starting numprocs=16 N=3000, M=3000 impl=allgather
2: Starting numprocs=16 N=3000, M=3000 impl=allgather
3: Starting numprocs=16 N=3000, M=3000 impl=allgather
12: Starting numprocs=16 N=3000, M=3000 impl=allgather
14: Starting numprocs=16 N=3000, M=3000 impl=allgather
5: Starting numprocs=16 N=3000, M=3000 impl=allgather
8: Starting numprocs=16 N=3000, M=3000 impl=allgather
4: Starting numprocs=16 N=3000, M=3000 impl=allgather
6: Starting numprocs=16 N=3000, M=3000 impl=allgather
9: Starting numprocs=16 N=3000, M=3000 impl=allgather
15: Starting numprocs=16 N=3000, M=3000 impl=allgather
10: Starting numprocs=16 N=3000, M=3000 impl=allgather
0: Starting numprocs=16 N=3000, M=3000 impl=allgather
Iteration 0
time: 0.160224s
Iteration 1
time: 0.152622s
Iteration 2
time: 0.145437s
Iteration 3
time: 0.147316s
Iteration 4
time: 0.145276s
Iteration 5
time: 0.144363s
Iteration 6
time: 0.144050s
Iteration 7
time: 0.145403s
Iteration 8
time: 0.148158s
Iteration 9
time: 0.146225s
Iteration 10
time: 0.144413s
Iteration 11
time: 0.148387s
Iteration 12
time: 0.142723s
Iteration 13
time: 0.142437s
Iteration 14
time: 0.142738s
Iteration 15
time: 0.155965s
Iteration 16
time: 0.142397s
Iteration 17
time: 0.146657s
Iteration 18
time: 0.151587s
Iteration 19
time: 0.146972s
Iteration 20
time: 0.143693s
Iteration 21
time: 0.149584s
Iteration 22
time: 0.146495s
Iteration 23
time: 0.142670s
Iteration 24
time: 0.149284s
13: Starting numprocs=16 N=3000, M=3000 impl=allreduce
11: Starting numprocs=16 N=3000, M=3000 impl=allreduce
7: Starting numprocs=16 N=3000, M=3000 impl=allreduce
3: Starting numprocs=16 N=3000, M=3000 impl=allreduce
6: Starting numprocs=16 N=3000, M=3000 impl=allreduce
4: Starting numprocs=16 N=3000, M=3000 impl=allreduce
15: Starting numprocs=16 N=3000, M=3000 impl=allreduce
12: Starting numprocs=16 N=3000, M=3000 impl=allreduce
8: Starting numprocs=16 N=3000, M=3000 impl=allreduce
1: Starting numprocs=16 N=3000, M=3000 impl=allreduce
9: Starting numprocs=16 N=3000, M=3000 impl=allreduce
5: Starting numprocs=16 N=3000, M=3000 impl=allreduce
14: Starting numprocs=16 N=3000, M=3000 impl=allreduce
2: Starting numprocs=16 N=3000, M=3000 impl=allreduce
0: Starting numprocs=16 N=3000, M=3000 impl=allreduce
Iteration 0
10: Starting numprocs=16 N=3000, M=3000 impl=allreduce
time: 0.224023s
Iteration 1
time: 0.199434s
Iteration 2
time: 0.194626s
Iteration 3
time: 0.189967s
Iteration 4
time: 0.197866s
Iteration 5
time: 0.202725s
Iteration 6
time: 0.196984s
Iteration 7
time: 0.192319s
Iteration 8
time: 0.198884s
Iteration 9
time: 0.201600s
Iteration 10
time: 0.202625s
Iteration 11
time: 0.206738s
Iteration 12
time: 0.199710s
Iteration 13
time: 0.194516s
Iteration 14
time: 0.196471s
Iteration 15
time: 0.192720s
Iteration 16
time: 0.192713s
Iteration 17
time: 0.214288s
Iteration 18
time: 0.206180s
Iteration 19
time: 0.197311s
Iteration 20
time: 0.192952s
Iteration 21
time: 0.202417s
Iteration 22
time: 0.199872s
Iteration 23
time: 0.197511s
Iteration 24
time: 0.198760s
13: Starting numprocs=16 N=3000, M=3000 impl=allreduce-ring
7: Starting numprocs=16 N=3000, M=3000 impl=allreduce-ring
8: Starting numprocs=16 N=3000, M=3000 impl=allreduce-ring
5: Starting numprocs=16 N=3000, M=3000 impl=allreduce-ring
2: Starting numprocs=16 N=3000, M=3000 impl=allreduce-ring
15: Starting numprocs=16 N=3000, M=3000 impl=allreduce-ring
11: Starting numprocs=16 N=3000, M=3000 impl=allreduce-ring
3: Starting numprocs=16 N=3000, M=3000 impl=allreduce-ring
1: Starting numprocs=16 N=3000, M=3000 impl=allreduce-ring
10: Starting numprocs=16 N=3000, M=3000 impl=allreduce-ring
12: Starting numprocs=16 N=3000, M=3000 impl=allreduce-ring
4: Starting numprocs=16 N=3000, M=3000 impl=allreduce-ring
6: Starting numprocs=16 N=3000, M=3000 impl=allreduce-ring
9: Starting numprocs=16 N=3000, M=3000 impl=allreduce-ring
0: Starting numprocs=16 N=3000, M=3000 impl=allreduce-ring
Iteration 0
14: Starting numprocs=16 N=3000, M=3000 impl=allreduce-ring
time: 0.153381s
Iteration 1
time: 0.134193s
Iteration 2
time: 0.136125s
Iteration 3
time: 0.131833s
Iteration 4
time: 0.132441s
Iteration 5
time: 0.135606s
Iteration 6
time: 0.139891s
Iteration 7
time: 0.136656s
Iteration 8
time: 0.134980s
Iteration 9
time: 0.132895s
Iteration 10
time: 0.135816s
Iteration 11
time: 0.134373s
Iteration 12
time: 0.142480s
Iteration 13
time: 0.138383s
Iteration 14
time: 0.134558s
Iteration 15
time: 0.130497s
Iteration 16
time: 0.133883s
Iteration 17
time: 0.133287s
Iteration 18
time: 0.131653s
Iteration 19
time: 0.131533s
Iteration 20
time: 0.130236s
Iteration 21
time: 0.140429s
Iteration 22
time: 0.134329s
Iteration 23
time: 0.130504s
Iteration 24
time: 0.134176s
13: Starting numprocs=16 N=3000, M=3000 impl=g-rabenseifner-allgather
11: Starting numprocs=16 N=3000, M=3000 impl=g-rabenseifner-allgather
4: Starting numprocs=16 N=3000, M=3000 impl=g-rabenseifner-allgather
5: Starting numprocs=16 N=3000, M=3000 impl=g-rabenseifner-allgather
7: Starting numprocs=16 N=3000, M=3000 impl=g-rabenseifner-allgather
1: Starting numprocs=16 N=3000, M=3000 impl=g-rabenseifner-allgather
14: Starting numprocs=16 N=3000, M=3000 impl=g-rabenseifner-allgather
12: Starting numprocs=16 N=3000, M=3000 impl=g-rabenseifner-allgather
8: Starting numprocs=16 N=3000, M=3000 impl=g-rabenseifner-allgather
6: Starting numprocs=16 N=3000, M=3000 impl=g-rabenseifner-allgather
3: Starting numprocs=16 N=3000, M=3000 impl=g-rabenseifner-allgather
9: Starting numprocs=16 N=3000, M=3000 impl=g-rabenseifner-allgather
2: Starting numprocs=16 N=3000, M=3000 impl=g-rabenseifner-allgather
10: Starting numprocs=16 N=3000, M=3000 impl=g-rabenseifner-allgather
0: Starting numprocs=16 N=3000, M=3000 impl=g-rabenseifner-allgather
Iteration 0
15: Starting numprocs=16 N=3000, M=3000 impl=g-rabenseifner-allgather
time: 0.097657s
Iteration 1
time: 0.071586s
Iteration 2
time: 0.070900s
Iteration 3
time: 0.065476s
Iteration 4
time: 0.069782s
Iteration 5
time: 0.070565s
Iteration 6
time: 0.066281s
Iteration 7
time: 0.067841s
Iteration 8
time: 0.066571s
Iteration 9
time: 0.065886s
Iteration 10
time: 0.071196s
Iteration 11
time: 0.065673s
Iteration 12
time: 0.065330s
Iteration 13
time: 0.066383s
Iteration 14
time: 0.070861s
Iteration 15
time: 0.066572s
Iteration 16
time: 0.070449s
Iteration 17
time: 0.066293s
Iteration 18
time: 0.065129s
Iteration 19
time: 0.069017s
Iteration 20
time: 0.065253s
Iteration 21
time: 0.067177s
Iteration 22
time: 0.066184s
Iteration 23
time: 0.067270s
Iteration 24
time: 0.072594s
4: Starting numprocs=16 N=3000, M=3000 impl=g-rabenseifner-subgroup-2
7: Starting numprocs=16 N=3000, M=3000 impl=g-rabenseifner-subgroup-2
12: Starting numprocs=16 N=3000, M=3000 impl=g-rabenseifner-subgroup-2
11: Starting numprocs=16 N=3000, M=3000 impl=g-rabenseifner-subgroup-2
5: Starting numprocs=16 N=3000, M=3000 impl=g-rabenseifner-subgroup-2
6: Starting numprocs=16 N=3000, M=3000 impl=g-rabenseifner-subgroup-2
15: Starting numprocs=16 N=3000, M=3000 impl=g-rabenseifner-subgroup-2
2: Starting numprocs=16 N=3000, M=3000 impl=g-rabenseifner-subgroup-2
1: Starting numprocs=16 N=3000, M=3000 impl=g-rabenseifner-subgroup-2
8: Starting numprocs=16 N=3000, M=3000 impl=g-rabenseifner-subgroup-2
3: Starting numprocs=16 N=3000, M=3000 impl=g-rabenseifner-subgroup-2
13: Starting numprocs=16 N=3000, M=3000 impl=g-rabenseifner-subgroup-2
9: Starting numprocs=16 N=3000, M=3000 impl=g-rabenseifner-subgroup-2
10: Starting numprocs=16 N=3000, M=3000 impl=g-rabenseifner-subgroup-2
0: Starting numprocs=16 N=3000, M=3000 impl=g-rabenseifner-subgroup-2
Iteration 0
14: Starting numprocs=16 N=3000, M=3000 impl=g-rabenseifner-subgroup-2
time: 0.097192s
Iteration 1
time: 0.068871s
Iteration 2
time: 0.068571s
Iteration 3
time: 0.069226s
Iteration 4
time: 0.070303s
Iteration 5
time: 0.069330s
Iteration 6
time: 0.068872s
Iteration 7
time: 0.069034s
Iteration 8
time: 0.069060s
Iteration 9
time: 0.069638s
Iteration 10
time: 0.069716s
Iteration 11
time: 0.069326s
Iteration 12
time: 0.070610s
Iteration 13
time: 0.068820s
Iteration 14
time: 0.071880s
Iteration 15
time: 0.069105s
Iteration 16
time: 0.069385s
Iteration 17
time: 0.068806s
Iteration 18
time: 0.068856s
Iteration 19
time: 0.068193s
Iteration 20
time: 0.069314s
Iteration 21
time: 0.069467s
Iteration 22
time: 0.068698s
Iteration 23
time: 0.069013s
Iteration 24
time: 0.068519s
13: Starting numprocs=16 N=3000, M=3000 impl=g-rabenseifner-subgroup-4
4: Starting numprocs=16 N=3000, M=3000 impl=g-rabenseifner-subgroup-4
8: Starting numprocs=16 N=3000, M=3000 impl=g-rabenseifner-subgroup-4
2: Starting numprocs=16 N=3000, M=3000 impl=g-rabenseifner-subgroup-4
12: Starting numprocs=16 N=3000, M=3000 impl=g-rabenseifner-subgroup-4
9: Starting numprocs=16 N=3000, M=3000 impl=g-rabenseifner-subgroup-4
11: Starting numprocs=16 N=3000, M=3000 impl=g-rabenseifner-subgroup-4
7: Starting numprocs=16 N=3000, M=3000 impl=g-rabenseifner-subgroup-4
3: Starting numprocs=16 N=3000, M=3000 impl=g-rabenseifner-subgroup-4
1: Starting numprocs=16 N=3000, M=3000 impl=g-rabenseifner-subgroup-4
6: Starting numprocs=16 N=3000, M=3000 impl=g-rabenseifner-subgroup-4
10: Starting numprocs=16 N=3000, M=3000 impl=g-rabenseifner-subgroup-4
5: Starting numprocs=16 N=3000, M=3000 impl=g-rabenseifner-subgroup-4
14: Starting numprocs=16 N=3000, M=3000 impl=g-rabenseifner-subgroup-4
0: Starting numprocs=16 N=3000, M=3000 impl=g-rabenseifner-subgroup-4
Iteration 0
15: Starting numprocs=16 N=3000, M=3000 impl=g-rabenseifner-subgroup-4
time: 0.101028s
Iteration 1
time: 0.074596s
Iteration 2
time: 0.075558s
Iteration 3
time: 0.076301s
Iteration 4
time: 0.077332s
Iteration 5
time: 0.075830s
Iteration 6
time: 0.074295s
Iteration 7
time: 0.076057s
Iteration 8
time: 0.075393s
Iteration 9
time: 0.075399s
Iteration 10
time: 0.076968s
Iteration 11
time: 0.075877s
Iteration 12
time: 0.075496s
Iteration 13
time: 0.078607s
Iteration 14
time: 0.077444s
Iteration 15
time: 0.076880s
Iteration 16
time: 0.075209s
Iteration 17
time: 0.079771s
Iteration 18
time: 0.077623s
Iteration 19
time: 0.077637s
Iteration 20
time: 0.076451s
Iteration 21
time: 0.076174s
Iteration 22
time: 0.074167s
Iteration 23
time: 0.073939s
Iteration 24
time: 0.076320s
13: Starting numprocs=16 N=3000, M=3000 impl=g-rabenseifner-subgroup-8
7: Starting numprocs=16 N=3000, M=3000 impl=g-rabenseifner-subgroup-8
2: Starting numprocs=16 N=3000, M=3000 impl=g-rabenseifner-subgroup-8
12: Starting numprocs=16 N=3000, M=3000 impl=g-rabenseifner-subgroup-8
1: Starting numprocs=16 N=3000, M=3000 impl=g-rabenseifner-subgroup-8
14: Starting numprocs=16 N=3000, M=3000 impl=g-rabenseifner-subgroup-8
3: Starting numprocs=16 N=3000, M=3000 impl=g-rabenseifner-subgroup-8
8: Starting numprocs=16 N=3000, M=3000 impl=g-rabenseifner-subgroup-8
15: Starting numprocs=16 N=3000, M=3000 impl=g-rabenseifner-subgroup-8
4: Starting numprocs=16 N=3000, M=3000 impl=g-rabenseifner-subgroup-8
11: Starting numprocs=16 N=3000, M=3000 impl=g-rabenseifner-subgroup-8
10: Starting numprocs=16 N=3000, M=3000 impl=g-rabenseifner-subgroup-8
6: Starting numprocs=16 N=3000, M=3000 impl=g-rabenseifner-subgroup-8
5: Starting numprocs=16 N=3000, M=3000 impl=g-rabenseifner-subgroup-8
9: Starting numprocs=16 N=3000, M=3000 impl=g-rabenseifner-subgroup-8
0: Starting numprocs=16 N=3000, M=3000 impl=g-rabenseifner-subgroup-8
Iteration 0
time: 0.105713s
Iteration 1
time: 0.089903s
Iteration 2
time: 0.091708s
Iteration 3
time: 0.090941s
Iteration 4
time: 0.089394s
Iteration 5
time: 0.091411s
Iteration 6
time: 0.093655s
Iteration 7
time: 0.091245s
Iteration 8
time: 0.094286s
Iteration 9
time: 0.090230s
Iteration 10
time: 0.091791s
Iteration 11
time: 0.090427s
Iteration 12
time: 0.089539s
Iteration 13
time: 0.089316s
Iteration 14
time: 0.090250s
Iteration 15
time: 0.095818s
Iteration 16
time: 0.092465s
Iteration 17
time: 0.089182s
Iteration 18
time: 0.089437s
Iteration 19
time: 0.087622s
Iteration 20
time: 0.091686s
Iteration 21
time: 0.091818s
Iteration 22
time: 0.089755s
Iteration 23
time: 0.087562s
Iteration 24
time: 0.089032s
13: Starting numprocs=16 N=4000, M=4000 impl=allgather
15: Starting numprocs=16 N=4000, M=4000 impl=allgather
4: Starting numprocs=16 N=4000, M=4000 impl=allgather
7: Starting numprocs=16 N=4000, M=4000 impl=allgather
1: Starting numprocs=16 N=4000, M=4000 impl=allgather
12: Starting numprocs=16 N=4000, M=4000 impl=allgather
11: Starting numprocs=16 N=4000, M=4000 impl=allgather
5: Starting numprocs=16 N=4000, M=4000 impl=allgather
8: Starting numprocs=16 N=4000, M=4000 impl=allgather
6: Starting numprocs=16 N=4000, M=4000 impl=allgather
2: Starting numprocs=16 N=4000, M=4000 impl=allgather
3: Starting numprocs=16 N=4000, M=4000 impl=allgather
10: Starting numprocs=16 N=4000, M=4000 impl=allgather
9: Starting numprocs=16 N=4000, M=4000 impl=allgather
14: Starting numprocs=16 N=4000, M=4000 impl=allgather
0: Starting numprocs=16 N=4000, M=4000 impl=allgather
Iteration 0
time: 0.331153s
Iteration 1
time: 0.298435s
Iteration 2
time: 0.301050s
Iteration 3
time: 0.296782s
Iteration 4
time: 0.297469s
Iteration 5
time: 0.296419s
Iteration 6
time: 0.302533s
Iteration 7
time: 0.359909s
Iteration 8
time: 0.288616s
Iteration 9
time: 0.321435s
Iteration 10
time: 0.297112s
Iteration 11
time: 0.316769s
Iteration 12
time: 0.286483s
Iteration 13
time: 0.305264s
Iteration 14
time: 0.328373s
Iteration 15
time: 0.301629s
Iteration 16
time: 0.292397s
Iteration 17
time: 0.294906s
Iteration 18
time: 0.300319s
Iteration 19
time: 0.295129s
Iteration 20
time: 0.290555s
Iteration 21
time: 0.314573s
Iteration 22
time: 0.336077s
Iteration 23
time: 0.299776s
Iteration 24
time: 0.308777s
13: Starting numprocs=16 N=4000, M=4000 impl=allreduce
4: Starting numprocs=16 N=4000, M=4000 impl=allreduce
15: Starting numprocs=16 N=4000, M=4000 impl=allreduce
11: Starting numprocs=16 N=4000, M=4000 impl=allreduce
8: Starting numprocs=16 N=4000, M=4000 impl=allreduce
14: Starting numprocs=16 N=4000, M=4000 impl=allreduce
2: Starting numprocs=16 N=4000, M=4000 impl=allreduce
7: Starting numprocs=16 N=4000, M=4000 impl=allreduce
1: Starting numprocs=16 N=4000, M=4000 impl=allreduce
5: Starting numprocs=16 N=4000, M=4000 impl=allreduce
12: Starting numprocs=16 N=4000, M=4000 impl=allreduce
9: Starting numprocs=16 N=4000, M=4000 impl=allreduce
6: Starting numprocs=16 N=4000, M=4000 impl=allreduce
3: Starting numprocs=16 N=4000, M=4000 impl=allreduce
10: Starting numprocs=16 N=4000, M=4000 impl=allreduce
0: Starting numprocs=16 N=4000, M=4000 impl=allreduce
Iteration 0
time: 0.409741s
Iteration 1
time: 0.349700s
Iteration 2
time: 0.346670s
Iteration 3
time: 0.343830s
Iteration 4
time: 0.357336s
Iteration 5
time: 0.346817s
Iteration 6
time: 0.357391s
Iteration 7
time: 0.345164s
Iteration 8
time: 0.364840s
Iteration 9
time: 0.352355s
Iteration 10
time: 0.342515s
Iteration 11
time: 0.344155s
Iteration 12
time: 0.364126s
Iteration 13
time: 0.350324s
Iteration 14
time: 0.359172s
Iteration 15
time: 0.354396s
Iteration 16
time: 0.358387s
Iteration 17
time: 0.343050s
Iteration 18
time: 0.355530s
Iteration 19
time: 0.356403s
Iteration 20
time: 0.349700s
Iteration 21
time: 0.368599s
Iteration 22
time: 0.366032s
Iteration 23
time: 0.350263s
Iteration 24
time: 0.380254s
13: Starting numprocs=16 N=4000, M=4000 impl=allreduce-ring
15: Starting numprocs=16 N=4000, M=4000 impl=allreduce-ring
7: Starting numprocs=16 N=4000, M=4000 impl=allreduce-ring
12: Starting numprocs=16 N=4000, M=4000 impl=allreduce-ring
11: Starting numprocs=16 N=4000, M=4000 impl=allreduce-ring
4: Starting numprocs=16 N=4000, M=4000 impl=allreduce-ring
8: Starting numprocs=16 N=4000, M=4000 impl=allreduce-ring
3: Starting numprocs=16 N=4000, M=4000 impl=allreduce-ring
2: Starting numprocs=16 N=4000, M=4000 impl=allreduce-ring
5: Starting numprocs=16 N=4000, M=4000 impl=allreduce-ring
1: Starting numprocs=16 N=4000, M=4000 impl=allreduce-ring
9: Starting numprocs=16 N=4000, M=4000 impl=allreduce-ring
10: Starting numprocs=16 N=4000, M=4000 impl=allreduce-ring
6: Starting numprocs=16 N=4000, M=4000 impl=allreduce-ring
14: Starting numprocs=16 N=4000, M=4000 impl=allreduce-ring
0: Starting numprocs=16 N=4000, M=4000 impl=allreduce-ring
Iteration 0
time: 0.262754s
Iteration 1
time: 0.233501s
Iteration 2
time: 0.241552s
Iteration 3
time: 0.231814s
Iteration 4
time: 0.236697s
Iteration 5
time: 0.245694s
Iteration 6
time: 0.244099s
Iteration 7
time: 0.240259s
Iteration 8
time: 0.244349s
Iteration 9
time: 0.240334s
Iteration 10
time: 0.231590s
Iteration 11
time: 0.233169s
Iteration 12
time: 0.242335s
Iteration 13
time: 0.241111s
Iteration 14
time: 0.239418s
Iteration 15
time: 0.240425s
Iteration 16
time: 0.239906s
Iteration 17
time: 0.241926s
Iteration 18
time: 0.233520s
Iteration 19
time: 0.237693s
Iteration 20
time: 0.247348s
Iteration 21
time: 0.239578s
Iteration 22
time: 0.240528s
Iteration 23
time: 0.234487s
Iteration 24
time: 0.237466s
13: Starting numprocs=16 N=4000, M=4000 impl=g-rabenseifner-allgather
7: Starting numprocs=16 N=4000, M=4000 impl=g-rabenseifner-allgather
12: Starting numprocs=16 N=4000, M=4000 impl=g-rabenseifner-allgather
4: Starting numprocs=16 N=4000, M=4000 impl=g-rabenseifner-allgather
15: Starting numprocs=16 N=4000, M=4000 impl=g-rabenseifner-allgather
3: Starting numprocs=16 N=4000, M=4000 impl=g-rabenseifner-allgather
9: Starting numprocs=16 N=4000, M=4000 impl=g-rabenseifner-allgather
8: Starting numprocs=16 N=4000, M=4000 impl=g-rabenseifner-allgather
11: Starting numprocs=16 N=4000, M=4000 impl=g-rabenseifner-allgather
5: Starting numprocs=16 N=4000, M=4000 impl=g-rabenseifner-allgather
6: Starting numprocs=16 N=4000, M=4000 impl=g-rabenseifner-allgather
2: Starting numprocs=16 N=4000, M=4000 impl=g-rabenseifner-allgather
1: Starting numprocs=16 N=4000, M=4000 impl=g-rabenseifner-allgather
10: Starting numprocs=16 N=4000, M=4000 impl=g-rabenseifner-allgather
14: Starting numprocs=16 N=4000, M=4000 impl=g-rabenseifner-allgather
0: Starting numprocs=16 N=4000, M=4000 impl=g-rabenseifner-allgather
Iteration 0
time: 0.142348s
Iteration 1
time: 0.117302s
Iteration 2
time: 0.117049s
Iteration 3
time: 0.120026s
Iteration 4
time: 0.117135s
Iteration 5
time: 0.117627s
Iteration 6
time: 0.116746s
Iteration 7
time: 0.116506s
Iteration 8
time: 0.117222s
Iteration 9
time: 0.117184s
Iteration 10
time: 0.116313s
Iteration 11
time: 0.115972s
Iteration 12
time: 0.116598s
Iteration 13
time: 0.116134s
Iteration 14
time: 0.116376s
Iteration 15
time: 0.116365s
Iteration 16
time: 0.116281s
Iteration 17
time: 0.116205s
Iteration 18
time: 0.116551s
Iteration 19
time: 0.116168s
Iteration 20
time: 0.117333s
Iteration 21
time: 0.116808s
Iteration 22
time: 0.116512s
Iteration 23
time: 0.116832s
Iteration 24
time: 0.117108s
13: Starting numprocs=16 N=4000, M=4000 impl=g-rabenseifner-subgroup-2
7: Starting numprocs=16 N=4000, M=4000 impl=g-rabenseifner-subgroup-2
15: Starting numprocs=16 N=4000, M=4000 impl=g-rabenseifner-subgroup-2
8: Starting numprocs=16 N=4000, M=4000 impl=g-rabenseifner-subgroup-2
11: Starting numprocs=16 N=4000, M=4000 impl=g-rabenseifner-subgroup-2
3: Starting numprocs=16 N=4000, M=4000 impl=g-rabenseifner-subgroup-2
1: Starting numprocs=16 N=4000, M=4000 impl=g-rabenseifner-subgroup-2
5: Starting numprocs=16 N=4000, M=4000 impl=g-rabenseifner-subgroup-2
4: Starting numprocs=16 N=4000, M=4000 impl=g-rabenseifner-subgroup-2
2: Starting numprocs=16 N=4000, M=4000 impl=g-rabenseifner-subgroup-2
12: Starting numprocs=16 N=4000, M=4000 impl=g-rabenseifner-subgroup-2
10: Starting numprocs=16 N=4000, M=4000 impl=g-rabenseifner-subgroup-2
14: Starting numprocs=16 N=4000, M=4000 impl=g-rabenseifner-subgroup-2
6: Starting numprocs=16 N=4000, M=4000 impl=g-rabenseifner-subgroup-2
9: Starting numprocs=16 N=4000, M=4000 impl=g-rabenseifner-subgroup-2
0: Starting numprocs=16 N=4000, M=4000 impl=g-rabenseifner-subgroup-2
Iteration 0
time: 0.156275s
Iteration 1
time: 0.124698s
Iteration 2
time: 0.124862s
Iteration 3
time: 0.125073s
Iteration 4
time: 0.125483s
Iteration 5
time: 0.124002s
Iteration 6
time: 0.124154s
Iteration 7
time: 0.124229s
Iteration 8
time: 0.125001s
Iteration 9
time: 0.124499s
Iteration 10
time: 0.123611s
Iteration 11
time: 0.123331s
Iteration 12
time: 0.124834s
Iteration 13
time: 0.123646s
Iteration 14
time: 0.124019s
Iteration 15
time: 0.124036s
Iteration 16
time: 0.124006s
Iteration 17
time: 0.120884s
Iteration 18
time: 0.121828s
Iteration 19
time: 0.122245s
Iteration 20
time: 0.122001s
Iteration 21
time: 0.121945s
Iteration 22
time: 0.121093s
Iteration 23
time: 0.123026s
Iteration 24
time: 0.122948s
13: Starting numprocs=16 N=4000, M=4000 impl=g-rabenseifner-subgroup-4
7: Starting numprocs=16 N=4000, M=4000 impl=g-rabenseifner-subgroup-4
15: Starting numprocs=16 N=4000, M=4000 impl=g-rabenseifner-subgroup-4
4: Starting numprocs=16 N=4000, M=4000 impl=g-rabenseifner-subgroup-4
8: Starting numprocs=16 N=4000, M=4000 impl=g-rabenseifner-subgroup-4
2: Starting numprocs=16 N=4000, M=4000 impl=g-rabenseifner-subgroup-4
3: Starting numprocs=16 N=4000, M=4000 impl=g-rabenseifner-subgroup-4
11: Starting numprocs=16 N=4000, M=4000 impl=g-rabenseifner-subgroup-4
5: Starting numprocs=16 N=4000, M=4000 impl=g-rabenseifner-subgroup-4
10: Starting numprocs=16 N=4000, M=4000 impl=g-rabenseifner-subgroup-4
1: Starting numprocs=16 N=4000, M=4000 impl=g-rabenseifner-subgroup-4
12: Starting numprocs=16 N=4000, M=4000 impl=g-rabenseifner-subgroup-4
6: Starting numprocs=16 N=4000, M=4000 impl=g-rabenseifner-subgroup-4
9: Starting numprocs=16 N=4000, M=4000 impl=g-rabenseifner-subgroup-4
0: Starting numprocs=16 N=4000, M=4000 impl=g-rabenseifner-subgroup-4
Iteration 0
14: Starting numprocs=16 N=4000, M=4000 impl=g-rabenseifner-subgroup-4
time: 0.170317s
Iteration 1
time: 0.134555s
Iteration 2
time: 0.132699s
Iteration 3
time: 0.132833s
Iteration 4
time: 0.133555s
Iteration 5
time: 0.133355s
Iteration 6
time: 0.135186s
Iteration 7
time: 0.135546s
Iteration 8
time: 0.131089s
Iteration 9
time: 0.133906s
Iteration 10
time: 0.132758s
Iteration 11
time: 0.134837s
Iteration 12
time: 0.137278s
Iteration 13
time: 0.132847s
Iteration 14
time: 0.133250s
Iteration 15
time: 0.134279s
Iteration 16
time: 0.134927s
Iteration 17
time: 0.137817s
Iteration 18
time: 0.135029s
Iteration 19
time: 0.136990s
Iteration 20
time: 0.135534s
Iteration 21
time: 0.134040s
Iteration 22
time: 0.141316s
Iteration 23
time: 0.135477s
Iteration 24
time: 0.132692s
13: Starting numprocs=16 N=4000, M=4000 impl=g-rabenseifner-subgroup-8
15: Starting numprocs=16 N=4000, M=4000 impl=g-rabenseifner-subgroup-8
11: Starting numprocs=16 N=4000, M=4000 impl=g-rabenseifner-subgroup-8
7: Starting numprocs=16 N=4000, M=4000 impl=g-rabenseifner-subgroup-8
12: Starting numprocs=16 N=4000, M=4000 impl=g-rabenseifner-subgroup-8
1: Starting numprocs=16 N=4000, M=4000 impl=g-rabenseifner-subgroup-8
3: Starting numprocs=16 N=4000, M=4000 impl=g-rabenseifner-subgroup-8
2: Starting numprocs=16 N=4000, M=4000 impl=g-rabenseifner-subgroup-8
6: Starting numprocs=16 N=4000, M=4000 impl=g-rabenseifner-subgroup-8
5: Starting numprocs=16 N=4000, M=4000 impl=g-rabenseifner-subgroup-8
8: Starting numprocs=16 N=4000, M=4000 impl=g-rabenseifner-subgroup-8
9: Starting numprocs=16 N=4000, M=4000 impl=g-rabenseifner-subgroup-8
0: Starting numprocs=16 N=4000, M=4000 impl=g-rabenseifner-subgroup-8
Iteration 0
4: Starting numprocs=16 N=4000, M=4000 impl=g-rabenseifner-subgroup-8
14: Starting numprocs=16 N=4000, M=4000 impl=g-rabenseifner-subgroup-8
10: Starting numprocs=16 N=4000, M=4000 impl=g-rabenseifner-subgroup-8
time: 0.193556s
Iteration 1
time: 0.175894s
Iteration 2
time: 0.181750s
Iteration 3
time: 0.174755s
Iteration 4
time: 0.176150s
Iteration 5
time: 0.190513s
Iteration 6
time: 0.175398s
Iteration 7
time: 0.174908s
Iteration 8
time: 0.179800s
Iteration 9
time: 0.157213s
Iteration 10
time: 0.159805s
Iteration 11
time: 0.165402s
Iteration 12
time: 0.161807s
Iteration 13
time: 0.160696s
Iteration 14
time: 0.158256s
Iteration 15
time: 0.162443s
Iteration 16
time: 0.164092s
Iteration 17
time: 0.164432s
Iteration 18
time: 0.162099s
Iteration 19
time: 0.164188s
Iteration 20
time: 0.160378s
Iteration 21
time: 0.160183s
Iteration 22
time: 0.156393s
Iteration 23
time: 0.161051s
Iteration 24
time: 0.157555s
13: Starting numprocs=16 N=5000, M=5000 impl=allgather
15: Starting numprocs=16 N=5000, M=5000 impl=allgather
1: Starting numprocs=16 N=5000, M=5000 impl=allgather
12: Starting numprocs=16 N=5000, M=5000 impl=allgather
8: Starting numprocs=16 N=5000, M=5000 impl=allgather
2: Starting numprocs=16 N=5000, M=5000 impl=allgather
10: Starting numprocs=16 N=5000, M=5000 impl=allgather
6: Starting numprocs=16 N=5000, M=5000 impl=allgather
11: Starting numprocs=16 N=5000, M=5000 impl=allgather
7: Starting numprocs=16 N=5000, M=5000 impl=allgather
5: Starting numprocs=16 N=5000, M=5000 impl=allgather
3: Starting numprocs=16 N=5000, M=5000 impl=allgather
14: Starting numprocs=16 N=5000, M=5000 impl=allgather
0: Starting numprocs=16 N=5000, M=5000 impl=allgather
Iteration 0
4: Starting numprocs=16 N=5000, M=5000 impl=allgather
9: Starting numprocs=16 N=5000, M=5000 impl=allgather
time: 0.540984s
Iteration 1
time: 0.482044s
Iteration 2
time: 0.488742s
Iteration 3
time: 0.481846s
Iteration 4
time: 0.477619s
Iteration 5
time: 0.548441s
Iteration 6
time: 0.480427s
Iteration 7
time: 0.482677s
Iteration 8
time: 0.488006s
Iteration 9
time: 0.488836s
Iteration 10
time: 0.486367s
Iteration 11
time: 0.471996s
Iteration 12
time: 0.489156s
Iteration 13
time: 0.474689s
Iteration 14
time: 0.518614s
Iteration 15
time: 0.488765s
Iteration 16
time: 0.491926s
Iteration 17
time: 0.484899s
Iteration 18
time: 0.480336s
Iteration 19
time: 0.504184s
Iteration 20
time: 0.493467s
Iteration 21
time: 0.477846s
Iteration 22
time: 0.479916s
Iteration 23
time: 0.482167s
Iteration 24
time: 0.522144s
13: Starting numprocs=16 N=5000, M=5000 impl=allreduce
7: Starting numprocs=16 N=5000, M=5000 impl=allreduce
11: Starting numprocs=16 N=5000, M=5000 impl=allreduce
15: Starting numprocs=16 N=5000, M=5000 impl=allreduce
8: Starting numprocs=16 N=5000, M=5000 impl=allreduce
12: Starting numprocs=16 N=5000, M=5000 impl=allreduce
5: Starting numprocs=16 N=5000, M=5000 impl=allreduce
3: Starting numprocs=16 N=5000, M=5000 impl=allreduce
10: Starting numprocs=16 N=5000, M=5000 impl=allreduce
4: Starting numprocs=16 N=5000, M=5000 impl=allreduce
1: Starting numprocs=16 N=5000, M=5000 impl=allreduce
14: Starting numprocs=16 N=5000, M=5000 impl=allreduce
6: Starting numprocs=16 N=5000, M=5000 impl=allreduce
9: Starting numprocs=16 N=5000, M=5000 impl=allreduce
2: Starting numprocs=16 N=5000, M=5000 impl=allreduce
0: Starting numprocs=16 N=5000, M=5000 impl=allreduce
Iteration 0
time: 0.625912s
Iteration 1
time: 0.549405s
Iteration 2
time: 0.567325s
Iteration 3
time: 0.534346s
Iteration 4
time: 0.544488s
Iteration 5
time: 0.534201s
Iteration 6
time: 0.551277s
Iteration 7
time: 0.542617s
Iteration 8
time: 0.540792s
Iteration 9
time: 0.546446s
Iteration 10
time: 0.540895s
Iteration 11
time: 0.544623s
Iteration 12
time: 0.564507s
Iteration 13
time: 0.539801s
Iteration 14
time: 0.549923s
Iteration 15
time: 0.553959s
Iteration 16
time: 0.543742s
Iteration 17
time: 0.550063s
Iteration 18
time: 0.540876s
Iteration 19
time: 0.556768s
Iteration 20
time: 0.538765s
Iteration 21
time: 0.541289s
Iteration 22
time: 0.535758s
Iteration 23
time: 0.549460s
Iteration 24
time: 0.579737s
13: Starting numprocs=16 N=5000, M=5000 impl=allreduce-ring
15: Starting numprocs=16 N=5000, M=5000 impl=allreduce-ring
4: Starting numprocs=16 N=5000, M=5000 impl=allreduce-ring
11: Starting numprocs=16 N=5000, M=5000 impl=allreduce-ring
7: Starting numprocs=16 N=5000, M=5000 impl=allreduce-ring
12: Starting numprocs=16 N=5000, M=5000 impl=allreduce-ring
8: Starting numprocs=16 N=5000, M=5000 impl=allreduce-ring
3: Starting numprocs=16 N=5000, M=5000 impl=allreduce-ring
5: Starting numprocs=16 N=5000, M=5000 impl=allreduce-ring
1: Starting numprocs=16 N=5000, M=5000 impl=allreduce-ring
14: Starting numprocs=16 N=5000, M=5000 impl=allreduce-ring
6: Starting numprocs=16 N=5000, M=5000 impl=allreduce-ring
2: Starting numprocs=16 N=5000, M=5000 impl=allreduce-ring
9: Starting numprocs=16 N=5000, M=5000 impl=allreduce-ring
10: Starting numprocs=16 N=5000, M=5000 impl=allreduce-ring
0: Starting numprocs=16 N=5000, M=5000 impl=allreduce-ring
Iteration 0
time: 0.396066s
Iteration 1
time: 0.383729s
Iteration 2
time: 0.372283s
Iteration 3
time: 0.375020s
Iteration 4
time: 0.370493s
Iteration 5
time: 0.371082s
Iteration 6
time: 0.379553s
Iteration 7
time: 0.375373s
Iteration 8
time: 0.374202s
Iteration 9
time: 0.377963s
Iteration 10
time: 0.371322s
Iteration 11
time: 0.374193s
Iteration 12
time: 0.375444s
Iteration 13
time: 0.380412s
Iteration 14
time: 0.373501s
Iteration 15
time: 0.373927s
Iteration 16
time: 0.376433s
Iteration 17
time: 0.371695s
Iteration 18
time: 0.377293s
Iteration 19
time: 0.391892s
Iteration 20
time: 0.370284s
Iteration 21
time: 0.373764s
Iteration 22
time: 0.371257s
Iteration 23
time: 0.366822s
Iteration 24
time: 0.380900s
13: Starting numprocs=16 N=5000, M=5000 impl=g-rabenseifner-allgather
7: Starting numprocs=16 N=5000, M=5000 impl=g-rabenseifner-allgather
8: Starting numprocs=16 N=5000, M=5000 impl=g-rabenseifner-allgather
15: Starting numprocs=16 N=5000, M=5000 impl=g-rabenseifner-allgather
14: Starting numprocs=16 N=5000, M=5000 impl=g-rabenseifner-allgather
11: Starting numprocs=16 N=5000, M=5000 impl=g-rabenseifner-allgather
3: Starting numprocs=16 N=5000, M=5000 impl=g-rabenseifner-allgather
12: Starting numprocs=16 N=5000, M=5000 impl=g-rabenseifner-allgather
1: Starting numprocs=16 N=5000, M=5000 impl=g-rabenseifner-allgather
6: Starting numprocs=16 N=5000, M=5000 impl=g-rabenseifner-allgather
10: Starting numprocs=16 N=5000, M=5000 impl=g-rabenseifner-allgather
5: Starting numprocs=16 N=5000, M=5000 impl=g-rabenseifner-allgather
9: Starting numprocs=16 N=5000, M=5000 impl=g-rabenseifner-allgather
0: Starting numprocs=16 N=5000, M=5000 impl=g-rabenseifner-allgather
Iteration 0
4: Starting numprocs=16 N=5000, M=5000 impl=g-rabenseifner-allgather
2: Starting numprocs=16 N=5000, M=5000 impl=g-rabenseifner-allgather
time: 0.220022s
Iteration 1
time: 0.180695s
Iteration 2
time: 0.182133s
Iteration 3
time: 0.179838s
Iteration 4
time: 0.180480s
Iteration 5
time: 0.180543s
Iteration 6
time: 0.180622s
Iteration 7
time: 0.181640s
Iteration 8
time: 0.180297s
Iteration 9
time: 0.180476s
Iteration 10
time: 0.180886s
Iteration 11
time: 0.179834s
Iteration 12
time: 0.179829s
Iteration 13
time: 0.179158s
Iteration 14
time: 0.179363s
Iteration 15
time: 0.179484s
Iteration 16
time: 0.180044s
Iteration 17
time: 0.179871s
Iteration 18
time: 0.180658s
Iteration 19
time: 0.180491s
Iteration 20
time: 0.185497s
Iteration 21
time: 0.179639s
Iteration 22
time: 0.179669s
Iteration 23
time: 0.181422s
Iteration 24
time: 0.179880s
13: Starting numprocs=16 N=5000, M=5000 impl=g-rabenseifner-subgroup-2
15: Starting numprocs=16 N=5000, M=5000 impl=g-rabenseifner-subgroup-2
7: Starting numprocs=16 N=5000, M=5000 impl=g-rabenseifner-subgroup-2
11: Starting numprocs=16 N=5000, M=5000 impl=g-rabenseifner-subgroup-2
12: Starting numprocs=16 N=5000, M=5000 impl=g-rabenseifner-subgroup-2
5: Starting numprocs=16 N=5000, M=5000 impl=g-rabenseifner-subgroup-2
8: Starting numprocs=16 N=5000, M=5000 impl=g-rabenseifner-subgroup-2
3: Starting numprocs=16 N=5000, M=5000 impl=g-rabenseifner-subgroup-2
6: Starting numprocs=16 N=5000, M=5000 impl=g-rabenseifner-subgroup-2
1: Starting numprocs=16 N=5000, M=5000 impl=g-rabenseifner-subgroup-2
2: Starting numprocs=16 N=5000, M=5000 impl=g-rabenseifner-subgroup-2
9: Starting numprocs=16 N=5000, M=5000 impl=g-rabenseifner-subgroup-2
10: Starting numprocs=16 N=5000, M=5000 impl=g-rabenseifner-subgroup-2
4: Starting numprocs=16 N=5000, M=5000 impl=g-rabenseifner-subgroup-2
14: Starting numprocs=16 N=5000, M=5000 impl=g-rabenseifner-subgroup-2
0: Starting numprocs=16 N=5000, M=5000 impl=g-rabenseifner-subgroup-2
Iteration 0
time: 0.232764s
Iteration 1
time: 0.191225s
Iteration 2
time: 0.190645s
Iteration 3
time: 0.190571s
Iteration 4
time: 0.193750s
Iteration 5
time: 0.192945s
Iteration 6
time: 0.192575s
Iteration 7
time: 0.192093s
Iteration 8
time: 0.189759s
Iteration 9
time: 0.190831s
Iteration 10
time: 0.189571s
Iteration 11
time: 0.192115s
Iteration 12
time: 0.187650s
Iteration 13
time: 0.189843s
Iteration 14
time: 0.188185s
Iteration 15
time: 0.189176s
Iteration 16
time: 0.188159s
Iteration 17
time: 0.189599s
Iteration 18
time: 0.188614s
Iteration 19
time: 0.191530s
Iteration 20
time: 0.190766s
Iteration 21
time: 0.188972s
Iteration 22
time: 0.192496s
Iteration 23
time: 0.188929s
Iteration 24
time: 0.189099s
13: Starting numprocs=16 N=5000, M=5000 impl=g-rabenseifner-subgroup-4
8: Starting numprocs=16 N=5000, M=5000 impl=g-rabenseifner-subgroup-4
4: Starting numprocs=16 N=5000, M=5000 impl=g-rabenseifner-subgroup-4
7: Starting numprocs=16 N=5000, M=5000 impl=g-rabenseifner-subgroup-4
12: Starting numprocs=16 N=5000, M=5000 impl=g-rabenseifner-subgroup-4
15: Starting numprocs=16 N=5000, M=5000 impl=g-rabenseifner-subgroup-4
5: Starting numprocs=16 N=5000, M=5000 impl=g-rabenseifner-subgroup-4
2: Starting numprocs=16 N=5000, M=5000 impl=g-rabenseifner-subgroup-4
11: Starting numprocs=16 N=5000, M=5000 impl=g-rabenseifner-subgroup-4
1: Starting numprocs=16 N=5000, M=5000 impl=g-rabenseifner-subgroup-4
6: Starting numprocs=16 N=5000, M=5000 impl=g-rabenseifner-subgroup-4
3: Starting numprocs=16 N=5000, M=5000 impl=g-rabenseifner-subgroup-4
10: Starting numprocs=16 N=5000, M=5000 impl=g-rabenseifner-subgroup-4
9: Starting numprocs=16 N=5000, M=5000 impl=g-rabenseifner-subgroup-4
14: Starting numprocs=16 N=5000, M=5000 impl=g-rabenseifner-subgroup-4
0: Starting numprocs=16 N=5000, M=5000 impl=g-rabenseifner-subgroup-4
Iteration 0
time: 0.244876s
Iteration 1
time: 0.214910s
Iteration 2
time: 0.209491s
Iteration 3
time: 0.216982s
Iteration 4
time: 0.210711s
Iteration 5
time: 0.211246s
Iteration 6
time: 0.211471s
Iteration 7
time: 0.212115s
Iteration 8
time: 0.210824s
Iteration 9
time: 0.207070s
Iteration 10
time: 0.211245s
Iteration 11
time: 0.211674s
Iteration 12
time: 0.215358s
Iteration 13
time: 0.209315s
Iteration 14
time: 0.212647s
Iteration 15
time: 0.209725s
Iteration 16
time: 0.214652s
Iteration 17
time: 0.205244s
Iteration 18
time: 0.213373s
Iteration 19
time: 0.207681s
Iteration 20
time: 0.210541s
Iteration 21
time: 0.205876s
Iteration 22
time: 0.212357s
Iteration 23
time: 0.206644s
Iteration 24
time: 0.210271s
13: Starting numprocs=16 N=5000, M=5000 impl=g-rabenseifner-subgroup-8
7: Starting numprocs=16 N=5000, M=5000 impl=g-rabenseifner-subgroup-8
12: Starting numprocs=16 N=5000, M=5000 impl=g-rabenseifner-subgroup-8
1: Starting numprocs=16 N=5000, M=5000 impl=g-rabenseifner-subgroup-8
15: Starting numprocs=16 N=5000, M=5000 impl=g-rabenseifner-subgroup-8
2: Starting numprocs=16 N=5000, M=5000 impl=g-rabenseifner-subgroup-8
8: Starting numprocs=16 N=5000, M=5000 impl=g-rabenseifner-subgroup-8
4: Starting numprocs=16 N=5000, M=5000 impl=g-rabenseifner-subgroup-8
5: Starting numprocs=16 N=5000, M=5000 impl=g-rabenseifner-subgroup-8
3: Starting numprocs=16 N=5000, M=5000 impl=g-rabenseifner-subgroup-8
9: Starting numprocs=16 N=5000, M=5000 impl=g-rabenseifner-subgroup-8
11: Starting numprocs=16 N=5000, M=5000 impl=g-rabenseifner-subgroup-8
10: Starting numprocs=16 N=5000, M=5000 impl=g-rabenseifner-subgroup-8
6: Starting numprocs=16 N=5000, M=5000 impl=g-rabenseifner-subgroup-8
14: Starting numprocs=16 N=5000, M=5000 impl=g-rabenseifner-subgroup-8
0: Starting numprocs=16 N=5000, M=5000 impl=g-rabenseifner-subgroup-8
Iteration 0
time: 0.280329s
Iteration 1
time: 0.257376s
Iteration 2
time: 0.259097s
Iteration 3
time: 0.253783s
Iteration 4
time: 0.253903s
Iteration 5
time: 0.255789s
Iteration 6
time: 0.260437s
Iteration 7
time: 0.261844s
Iteration 8
time: 0.260170s
Iteration 9
time: 0.258180s
Iteration 10
time: 0.253821s
Iteration 11
time: 0.253978s
Iteration 12
time: 0.253502s
Iteration 13
time: 0.247828s
Iteration 14
time: 0.251082s
Iteration 15
time: 0.246963s
Iteration 16
time: 0.253105s
Iteration 17
time: 0.259808s
Iteration 18
time: 0.251109s
Iteration 19
time: 0.251755s
Iteration 20
time: 0.246289s
Iteration 21
time: 0.249761s
Iteration 22
time: 0.247221s
Iteration 23
time: 0.245330s
Iteration 24
time: 0.258728s
13: Starting numprocs=16 N=6000, M=6000 impl=allgather
7: Starting numprocs=16 N=6000, M=6000 impl=allgather
4: Starting numprocs=16 N=6000, M=6000 impl=allgather
15: Starting numprocs=16 N=6000, M=6000 impl=allgather
1: Starting numprocs=16 N=6000, M=6000 impl=allgather
8: Starting numprocs=16 N=6000, M=6000 impl=allgather
5: Starting numprocs=16 N=6000, M=6000 impl=allgather
11: Starting numprocs=16 N=6000, M=6000 impl=allgather
3: Starting numprocs=16 N=6000, M=6000 impl=allgather
10: Starting numprocs=16 N=6000, M=6000 impl=allgather
6: Starting numprocs=16 N=6000, M=6000 impl=allgather
12: Starting numprocs=16 N=6000, M=6000 impl=allgather
14: Starting numprocs=16 N=6000, M=6000 impl=allgather
2: Starting numprocs=16 N=6000, M=6000 impl=allgather
9: Starting numprocs=16 N=6000, M=6000 impl=allgather
0: Starting numprocs=16 N=6000, M=6000 impl=allgather
Iteration 0
time: 0.775384s
Iteration 1
time: 0.694327s
Iteration 2
time: 0.697028s
Iteration 3
time: 0.769073s
Iteration 4
time: 0.716628s
Iteration 5
time: 0.697420s
Iteration 6
time: 0.699315s
Iteration 7
time: 0.742152s
Iteration 8
time: 0.688700s
Iteration 9
time: 0.697500s
Iteration 10
time: 0.706251s
Iteration 11
time: 0.727102s
Iteration 12
time: 0.694210s
Iteration 13
time: 0.689806s
Iteration 14
time: 0.698049s
Iteration 15
time: 0.739682s
Iteration 16
time: 0.687087s
Iteration 17
time: 0.694098s
Iteration 18
time: 0.753532s
Iteration 19
time: 0.701087s
Iteration 20
time: 0.692655s
Iteration 21
time: 0.697994s
Iteration 22
time: 0.745311s
Iteration 23
time: 0.700731s
Iteration 24
time: 0.711213s
13: Starting numprocs=16 N=6000, M=6000 impl=allreduce
15: Starting numprocs=16 N=6000, M=6000 impl=allreduce
7: Starting numprocs=16 N=6000, M=6000 impl=allreduce
4: Starting numprocs=16 N=6000, M=6000 impl=allreduce
11: Starting numprocs=16 N=6000, M=6000 impl=allreduce
3: Starting numprocs=16 N=6000, M=6000 impl=allreduce
8: Starting numprocs=16 N=6000, M=6000 impl=allreduce
2: Starting numprocs=16 N=6000, M=6000 impl=allreduce
1: Starting numprocs=16 N=6000, M=6000 impl=allreduce
5: Starting numprocs=16 N=6000, M=6000 impl=allreduce
12: Starting numprocs=16 N=6000, M=6000 impl=allreduce
14: Starting numprocs=16 N=6000, M=6000 impl=allreduce
6: Starting numprocs=16 N=6000, M=6000 impl=allreduce
9: Starting numprocs=16 N=6000, M=6000 impl=allreduce
10: Starting numprocs=16 N=6000, M=6000 impl=allreduce
0: Starting numprocs=16 N=6000, M=6000 impl=allreduce
Iteration 0
time: 0.901150s
Iteration 1
time: 0.785322s
Iteration 2
time: 0.794856s
Iteration 3
time: 0.790290s
Iteration 4
time: 0.758153s
Iteration 5
time: 0.774189s
Iteration 6
time: 0.789228s
Iteration 7
time: 0.781110s
Iteration 8
time: 0.790278s
Iteration 9
time: 0.785595s
Iteration 10
time: 0.772881s
Iteration 11
time: 0.777140s
Iteration 12
time: 0.778673s
Iteration 13
time: 0.800753s
Iteration 14
time: 0.776451s
Iteration 15
time: 0.775461s
Iteration 16
time: 0.788035s
Iteration 17
time: 0.775426s
Iteration 18
time: 0.766399s
Iteration 19
time: 0.800145s
Iteration 20
time: 0.785123s
Iteration 21
time: 0.790618s
Iteration 22
time: 0.777227s
Iteration 23
time: 0.798331s
Iteration 24
time: 0.770710s
13: Starting numprocs=16 N=6000, M=6000 impl=allreduce-ring
15: Starting numprocs=16 N=6000, M=6000 impl=allreduce-ring
7: Starting numprocs=16 N=6000, M=6000 impl=allreduce-ring
11: Starting numprocs=16 N=6000, M=6000 impl=allreduce-ring
2: Starting numprocs=16 N=6000, M=6000 impl=allreduce-ring
1: Starting numprocs=16 N=6000, M=6000 impl=allreduce-ring
12: Starting numprocs=16 N=6000, M=6000 impl=allreduce-ring
8: Starting numprocs=16 N=6000, M=6000 impl=allreduce-ring
3: Starting numprocs=16 N=6000, M=6000 impl=allreduce-ring
6: Starting numprocs=16 N=6000, M=6000 impl=allreduce-ring
5: Starting numprocs=16 N=6000, M=6000 impl=allreduce-ring
14: Starting numprocs=16 N=6000, M=6000 impl=allreduce-ring
10: Starting numprocs=16 N=6000, M=6000 impl=allreduce-ring
4: Starting numprocs=16 N=6000, M=6000 impl=allreduce-ring
9: Starting numprocs=16 N=6000, M=6000 impl=allreduce-ring
0: Starting numprocs=16 N=6000, M=6000 impl=allreduce-ring
Iteration 0
time: 0.584693s
Iteration 1
time: 0.552830s
Iteration 2
time: 0.536998s
Iteration 3
time: 0.536444s
Iteration 4
time: 0.535622s
Iteration 5
time: 0.547662s
Iteration 6
time: 0.545961s
Iteration 7
time: 0.546702s
Iteration 8
time: 0.544667s
Iteration 9
time: 0.544906s
Iteration 10
time: 0.549725s
Iteration 11
time: 0.548735s
Iteration 12
time: 0.550252s
Iteration 13
time: 0.545615s
Iteration 14
time: 0.548246s
Iteration 15
time: 0.543842s
Iteration 16
time: 0.545378s
Iteration 17
time: 0.542864s
Iteration 18
time: 0.529108s
Iteration 19
time: 0.544367s
Iteration 20
time: 0.554124s
Iteration 21
time: 0.533978s
Iteration 22
time: 0.538889s
Iteration 23
time: 0.548032s
Iteration 24
time: 0.546215s
13: Starting numprocs=16 N=6000, M=6000 impl=g-rabenseifner-allgather
7: Starting numprocs=16 N=6000, M=6000 impl=g-rabenseifner-allgather
1: Starting numprocs=16 N=6000, M=6000 impl=g-rabenseifner-allgather
11: Starting numprocs=16 N=6000, M=6000 impl=g-rabenseifner-allgather
12: Starting numprocs=16 N=6000, M=6000 impl=g-rabenseifner-allgather
5: Starting numprocs=16 N=6000, M=6000 impl=g-rabenseifner-allgather
2: Starting numprocs=16 N=6000, M=6000 impl=g-rabenseifner-allgather
4: Starting numprocs=16 N=6000, M=6000 impl=g-rabenseifner-allgather
15: Starting numprocs=16 N=6000, M=6000 impl=g-rabenseifner-allgather
3: Starting numprocs=16 N=6000, M=6000 impl=g-rabenseifner-allgather
6: Starting numprocs=16 N=6000, M=6000 impl=g-rabenseifner-allgather
8: Starting numprocs=16 N=6000, M=6000 impl=g-rabenseifner-allgather
10: Starting numprocs=16 N=6000, M=6000 impl=g-rabenseifner-allgather
0: Starting numprocs=16 N=6000, M=6000 impl=g-rabenseifner-allgather
Iteration 0
9: Starting numprocs=16 N=6000, M=6000 impl=g-rabenseifner-allgather
14: Starting numprocs=16 N=6000, M=6000 impl=g-rabenseifner-allgather
time: 0.305912s
Iteration 1
time: 0.260053s
Iteration 2
time: 0.259650s
Iteration 3
time: 0.259059s
Iteration 4
time: 0.259089s
Iteration 5
time: 0.259641s
Iteration 6
time: 0.258972s
Iteration 7
time: 0.258652s
Iteration 8
time: 0.259095s
Iteration 9
time: 0.258911s
Iteration 10
time: 0.259684s
Iteration 11
time: 0.259568s
Iteration 12
time: 0.259514s
Iteration 13
time: 0.258998s
Iteration 14
time: 0.259995s
Iteration 15
time: 0.259627s
Iteration 16
time: 0.259151s
Iteration 17
time: 0.259515s
Iteration 18
time: 0.258837s
Iteration 19
time: 0.260423s
Iteration 20
time: 0.259243s
Iteration 21
time: 0.258781s
Iteration 22
time: 0.258304s
Iteration 23
time: 0.260292s
Iteration 24
time: 0.259140s
13: Starting numprocs=16 N=6000, M=6000 impl=g-rabenseifner-subgroup-2
15: Starting numprocs=16 N=6000, M=6000 impl=g-rabenseifner-subgroup-2
5: Starting numprocs=16 N=6000, M=6000 impl=g-rabenseifner-subgroup-2
7: Starting numprocs=16 N=6000, M=6000 impl=g-rabenseifner-subgroup-2
3: Starting numprocs=16 N=6000, M=6000 impl=g-rabenseifner-subgroup-2
12: Starting numprocs=16 N=6000, M=6000 impl=g-rabenseifner-subgroup-2
2: Starting numprocs=16 N=6000, M=6000 impl=g-rabenseifner-subgroup-2
1: Starting numprocs=16 N=6000, M=6000 impl=g-rabenseifner-subgroup-2
11: Starting numprocs=16 N=6000, M=6000 impl=g-rabenseifner-subgroup-2
8: Starting numprocs=16 N=6000, M=6000 impl=g-rabenseifner-subgroup-2
6: Starting numprocs=16 N=6000, M=6000 impl=g-rabenseifner-subgroup-2
4: Starting numprocs=16 N=6000, M=6000 impl=g-rabenseifner-subgroup-2
14: Starting numprocs=16 N=6000, M=6000 impl=g-rabenseifner-subgroup-2
9: Starting numprocs=16 N=6000, M=6000 impl=g-rabenseifner-subgroup-2
10: Starting numprocs=16 N=6000, M=6000 impl=g-rabenseifner-subgroup-2
0: Starting numprocs=16 N=6000, M=6000 impl=g-rabenseifner-subgroup-2
Iteration 0
time: 0.333308s
Iteration 1
time: 0.272864s
Iteration 2
time: 0.272568s
Iteration 3
time: 0.269569s
Iteration 4
time: 0.272416s
Iteration 5
time: 0.275532s
Iteration 6
time: 0.270070s
Iteration 7
time: 0.273504s
Iteration 8
time: 0.274534s
Iteration 9
time: 0.270211s
Iteration 10
time: 0.272970s
Iteration 11
time: 0.274526s
Iteration 12
time: 0.271197s
Iteration 13
time: 0.271975s
Iteration 14
time: 0.274991s
Iteration 15
time: 0.271838s
Iteration 16
time: 0.270557s
Iteration 17
time: 0.273431s
Iteration 18
time: 0.274126s
Iteration 19
time: 0.276353s
Iteration 20
time: 0.272547s
Iteration 21
time: 0.271746s
Iteration 22
time: 0.271634s
Iteration 23
time: 0.273303s
Iteration 24
time: 0.270999s
13: Starting numprocs=16 N=6000, M=6000 impl=g-rabenseifner-subgroup-4
7: Starting numprocs=16 N=6000, M=6000 impl=g-rabenseifner-subgroup-4
15: Starting numprocs=16 N=6000, M=6000 impl=g-rabenseifner-subgroup-4
4: Starting numprocs=16 N=6000, M=6000 impl=g-rabenseifner-subgroup-4
11: Starting numprocs=16 N=6000, M=6000 impl=g-rabenseifner-subgroup-4
1: Starting numprocs=16 N=6000, M=6000 impl=g-rabenseifner-subgroup-4
6: Starting numprocs=16 N=6000, M=6000 impl=g-rabenseifner-subgroup-4
3: Starting numprocs=16 N=6000, M=6000 impl=g-rabenseifner-subgroup-4
14: Starting numprocs=16 N=6000, M=6000 impl=g-rabenseifner-subgroup-4
12: Starting numprocs=16 N=6000, M=6000 impl=g-rabenseifner-subgroup-4
5: Starting numprocs=16 N=6000, M=6000 impl=g-rabenseifner-subgroup-4
2: Starting numprocs=16 N=6000, M=6000 impl=g-rabenseifner-subgroup-4
8: Starting numprocs=16 N=6000, M=6000 impl=g-rabenseifner-subgroup-4
9: Starting numprocs=16 N=6000, M=6000 impl=g-rabenseifner-subgroup-4
10: Starting numprocs=16 N=6000, M=6000 impl=g-rabenseifner-subgroup-4
0: Starting numprocs=16 N=6000, M=6000 impl=g-rabenseifner-subgroup-4
Iteration 0
time: 0.366443s
Iteration 1
time: 0.308411s
Iteration 2
time: 0.303802s
Iteration 3
time: 0.306730s
Iteration 4
time: 0.302355s
Iteration 5
time: 0.304705s
Iteration 6
time: 0.302150s
Iteration 7
time: 0.301641s
Iteration 8
time: 0.301913s
Iteration 9
time: 0.305896s
Iteration 10
time: 0.300854s
Iteration 11
time: 0.302593s
Iteration 12
time: 0.309137s
Iteration 13
time: 0.302125s
Iteration 14
time: 0.303022s
Iteration 15
time: 0.305316s
Iteration 16
time: 0.304698s
Iteration 17
time: 0.300961s
Iteration 18
time: 0.300247s
Iteration 19
time: 0.305976s
Iteration 20
time: 0.306292s
Iteration 21
time: 0.307095s
Iteration 22
time: 0.302627s
Iteration 23
time: 0.301620s
Iteration 24
time: 0.306094s
13: Starting numprocs=16 N=6000, M=6000 impl=g-rabenseifner-subgroup-8
7: Starting numprocs=16 N=6000, M=6000 impl=g-rabenseifner-subgroup-8
11: Starting numprocs=16 N=6000, M=6000 impl=g-rabenseifner-subgroup-8
15: Starting numprocs=16 N=6000, M=6000 impl=g-rabenseifner-subgroup-8
3: Starting numprocs=16 N=6000, M=6000 impl=g-rabenseifner-subgroup-8
10: Starting numprocs=16 N=6000, M=6000 impl=g-rabenseifner-subgroup-8
1: Starting numprocs=16 N=6000, M=6000 impl=g-rabenseifner-subgroup-8
4: Starting numprocs=16 N=6000, M=6000 impl=g-rabenseifner-subgroup-8
12: Starting numprocs=16 N=6000, M=6000 impl=g-rabenseifner-subgroup-8
6: Starting numprocs=16 N=6000, M=6000 impl=g-rabenseifner-subgroup-8
5: Starting numprocs=16 N=6000, M=6000 impl=g-rabenseifner-subgroup-8
8: Starting numprocs=16 N=6000, M=6000 impl=g-rabenseifner-subgroup-8
2: Starting numprocs=16 N=6000, M=6000 impl=g-rabenseifner-subgroup-8
14: Starting numprocs=16 N=6000, M=6000 impl=g-rabenseifner-subgroup-8
9: Starting numprocs=16 N=6000, M=6000 impl=g-rabenseifner-subgroup-8
0: Starting numprocs=16 N=6000, M=6000 impl=g-rabenseifner-subgroup-8
Iteration 0
time: 0.430574s
Iteration 1
time: 0.358867s
Iteration 2
time: 0.354549s
Iteration 3
time: 0.360459s
Iteration 4
time: 0.361568s
Iteration 5
time: 0.360655s
Iteration 6
time: 0.366517s
Iteration 7
time: 0.364669s
Iteration 8
time: 0.367062s
Iteration 9
time: 0.365798s
Iteration 10
time: 0.363441s
Iteration 11
time: 0.366275s
Iteration 12
time: 0.361201s
Iteration 13
time: 0.362375s
Iteration 14
time: 0.375561s
Iteration 15
time: 0.363464s
Iteration 16
time: 0.362850s
Iteration 17
time: 0.359504s
Iteration 18
time: 0.353489s
Iteration 19
time: 0.355553s
Iteration 20
time: 0.359426s
Iteration 21
time: 0.361606s
Iteration 22
time: 0.365139s
Iteration 23
time: 0.372997s
Iteration 24
time: 0.378974s
13: Starting numprocs=16 N=7000, M=7000 impl=allgather
15: Starting numprocs=16 N=7000, M=7000 impl=allgather
11: Starting numprocs=16 N=7000, M=7000 impl=allgather
7: Starting numprocs=16 N=7000, M=7000 impl=allgather
1: Starting numprocs=16 N=7000, M=7000 impl=allgather
3: Starting numprocs=16 N=7000, M=7000 impl=allgather
12: Starting numprocs=16 N=7000, M=7000 impl=allgather
4: Starting numprocs=16 N=7000, M=7000 impl=allgather
8: Starting numprocs=16 N=7000, M=7000 impl=allgather
10: Starting numprocs=16 N=7000, M=7000 impl=allgather
5: Starting numprocs=16 N=7000, M=7000 impl=allgather
9: Starting numprocs=16 N=7000, M=7000 impl=allgather
14: Starting numprocs=16 N=7000, M=7000 impl=allgather
6: Starting numprocs=16 N=7000, M=7000 impl=allgather
0: Starting numprocs=16 N=7000, M=7000 impl=allgather
Iteration 0
2: Starting numprocs=16 N=7000, M=7000 impl=allgather
time: 0.975623s
Iteration 1
time: 0.927960s
Iteration 2
time: 0.996583s
Iteration 3
time: 0.967693s
Iteration 4
time: 0.933299s
Iteration 5
time: 0.969602s
Iteration 6
time: 0.966958s
Iteration 7
time: 0.946895s
Iteration 8
time: 0.939302s
Iteration 9
time: 0.996760s
Iteration 10
time: 0.964899s
Iteration 11
time: 0.941235s
Iteration 12
time: 0.996850s
Iteration 13
time: 0.962106s
Iteration 14
time: 0.941244s
Iteration 15
time: 0.943099s
Iteration 16
time: 0.988161s
Iteration 17
time: 0.970853s
Iteration 18
time: 0.984045s
Iteration 19
time: 0.940399s
Iteration 20
time: 0.941378s
Iteration 21
time: 0.938340s
Iteration 22
time: 0.984635s
Iteration 23
time: 0.943754s
Iteration 24
time: 0.945852s
13: Starting numprocs=16 N=7000, M=7000 impl=allreduce
15: Starting numprocs=16 N=7000, M=7000 impl=allreduce
8: Starting numprocs=16 N=7000, M=7000 impl=allreduce
7: Starting numprocs=16 N=7000, M=7000 impl=allreduce
1: Starting numprocs=16 N=7000, M=7000 impl=allreduce
6: Starting numprocs=16 N=7000, M=7000 impl=allreduce
5: Starting numprocs=16 N=7000, M=7000 impl=allreduce
11: Starting numprocs=16 N=7000, M=7000 impl=allreduce
12: Starting numprocs=16 N=7000, M=7000 impl=allreduce
3: Starting numprocs=16 N=7000, M=7000 impl=allreduce
10: Starting numprocs=16 N=7000, M=7000 impl=allreduce
4: Starting numprocs=16 N=7000, M=7000 impl=allreduce
2: Starting numprocs=16 N=7000, M=7000 impl=allreduce
14: Starting numprocs=16 N=7000, M=7000 impl=allreduce
9: Starting numprocs=16 N=7000, M=7000 impl=allreduce
0: Starting numprocs=16 N=7000, M=7000 impl=allreduce
Iteration 0
time: 1.219813s
Iteration 1
time: 1.068685s
Iteration 2
time: 1.099162s
Iteration 3
time: 1.097274s
Iteration 4
time: 1.054275s
Iteration 5
time: 1.062779s
Iteration 6
time: 1.067233s
Iteration 7
time: 1.043766s
Iteration 8
time: 1.069278s
Iteration 9
time: 1.059200s
Iteration 10
time: 1.074394s
Iteration 11
time: 1.048317s
Iteration 12
time: 1.087787s
Iteration 13
time: 1.051435s
Iteration 14
time: 1.100790s
Iteration 15
time: 1.082545s
Iteration 16
time: 1.071523s
Iteration 17
time: 1.056472s
Iteration 18
time: 1.088347s
Iteration 19
time: 1.048763s
Iteration 20
time: 1.046695s
Iteration 21
time: 1.086528s
Iteration 22
time: 1.087985s
Iteration 23
time: 1.065816s
Iteration 24
time: 1.070317s
13: Starting numprocs=16 N=7000, M=7000 impl=allreduce-ring
15: Starting numprocs=16 N=7000, M=7000 impl=allreduce-ring
11: Starting numprocs=16 N=7000, M=7000 impl=allreduce-ring
8: Starting numprocs=16 N=7000, M=7000 impl=allreduce-ring
3: Starting numprocs=16 N=7000, M=7000 impl=allreduce-ring
7: Starting numprocs=16 N=7000, M=7000 impl=allreduce-ring
12: Starting numprocs=16 N=7000, M=7000 impl=allreduce-ring
6: Starting numprocs=16 N=7000, M=7000 impl=allreduce-ring
2: Starting numprocs=16 N=7000, M=7000 impl=allreduce-ring
14: Starting numprocs=16 N=7000, M=7000 impl=allreduce-ring
1: Starting numprocs=16 N=7000, M=7000 impl=allreduce-ring
4: Starting numprocs=16 N=7000, M=7000 impl=allreduce-ring
9: Starting numprocs=16 N=7000, M=7000 impl=allreduce-ring
0: Starting numprocs=16 N=7000, M=7000 impl=allreduce-ring
Iteration 0
10: Starting numprocs=16 N=7000, M=7000 impl=allreduce-ring
5: Starting numprocs=16 N=7000, M=7000 impl=allreduce-ring
time: 0.783449s
Iteration 1
time: 0.739852s
Iteration 2
time: 0.728490s
Iteration 3
time: 0.739005s
Iteration 4
time: 0.746544s
Iteration 5
time: 0.734196s
Iteration 6
time: 0.738227s
Iteration 7
time: 0.725736s
Iteration 8
time: 0.747232s
Iteration 9
time: 0.738002s
Iteration 10
time: 0.745343s
Iteration 11
time: 0.729226s
Iteration 12
time: 0.739310s
Iteration 13
time: 0.731534s
Iteration 14
time: 0.739942s
Iteration 15
time: 0.742301s
Iteration 16
time: 0.731570s
Iteration 17
time: 0.751980s
Iteration 18
time: 0.731524s
Iteration 19
time: 0.730246s
Iteration 20
time: 0.746616s
Iteration 21
time: 0.731081s
Iteration 22
time: 0.734273s
Iteration 23
time: 0.760863s
Iteration 24
time: 0.723768s
13: Starting numprocs=16 N=7000, M=7000 impl=g-rabenseifner-allgather
15: Starting numprocs=16 N=7000, M=7000 impl=g-rabenseifner-allgather
6: Starting numprocs=16 N=7000, M=7000 impl=g-rabenseifner-allgather
4: Starting numprocs=16 N=7000, M=7000 impl=g-rabenseifner-allgather
1: Starting numprocs=16 N=7000, M=7000 impl=g-rabenseifner-allgather
3: Starting numprocs=16 N=7000, M=7000 impl=g-rabenseifner-allgather
8: Starting numprocs=16 N=7000, M=7000 impl=g-rabenseifner-allgather
7: Starting numprocs=16 N=7000, M=7000 impl=g-rabenseifner-allgather
12: Starting numprocs=16 N=7000, M=7000 impl=g-rabenseifner-allgather
11: Starting numprocs=16 N=7000, M=7000 impl=g-rabenseifner-allgather
9: Starting numprocs=16 N=7000, M=7000 impl=g-rabenseifner-allgather
10: Starting numprocs=16 N=7000, M=7000 impl=g-rabenseifner-allgather
5: Starting numprocs=16 N=7000, M=7000 impl=g-rabenseifner-allgather
0: Starting numprocs=16 N=7000, M=7000 impl=g-rabenseifner-allgather
Iteration 0
14: Starting numprocs=16 N=7000, M=7000 impl=g-rabenseifner-allgather
2: Starting numprocs=16 N=7000, M=7000 impl=g-rabenseifner-allgather
time: 0.404020s
Iteration 1
time: 0.351423s
Iteration 2
time: 0.350949s
Iteration 3
time: 0.349329s
Iteration 4
time: 0.349925s
Iteration 5
time: 0.350106s
Iteration 6
time: 0.350211s
Iteration 7
time: 0.351908s
Iteration 8
time: 0.355420s
Iteration 9
time: 0.350422s
Iteration 10
time: 0.350379s
Iteration 11
time: 0.350620s
Iteration 12
time: 0.351260s
Iteration 13
time: 0.350249s
Iteration 14
time: 0.351408s
Iteration 15
time: 0.349422s
Iteration 16
time: 0.352276s
Iteration 17
time: 0.351623s
Iteration 18
time: 0.349673s
Iteration 19
time: 0.349968s
Iteration 20
time: 0.350048s
Iteration 21
time: 0.351285s
Iteration 22
time: 0.351622s
Iteration 23
time: 0.352989s
Iteration 24
time: 0.349992s
13: Starting numprocs=16 N=7000, M=7000 impl=g-rabenseifner-subgroup-2
15: Starting numprocs=16 N=7000, M=7000 impl=g-rabenseifner-subgroup-2
7: Starting numprocs=16 N=7000, M=7000 impl=g-rabenseifner-subgroup-2
4: Starting numprocs=16 N=7000, M=7000 impl=g-rabenseifner-subgroup-2
11: Starting numprocs=16 N=7000, M=7000 impl=g-rabenseifner-subgroup-2
12: Starting numprocs=16 N=7000, M=7000 impl=g-rabenseifner-subgroup-2
1: Starting numprocs=16 N=7000, M=7000 impl=g-rabenseifner-subgroup-2
3: Starting numprocs=16 N=7000, M=7000 impl=g-rabenseifner-subgroup-2
8: Starting numprocs=16 N=7000, M=7000 impl=g-rabenseifner-subgroup-2
2: Starting numprocs=16 N=7000, M=7000 impl=g-rabenseifner-subgroup-2
9: Starting numprocs=16 N=7000, M=7000 impl=g-rabenseifner-subgroup-2
0: Starting numprocs=16 N=7000, M=7000 impl=g-rabenseifner-subgroup-2
Iteration 0
10: Starting numprocs=16 N=7000, M=7000 impl=g-rabenseifner-subgroup-2
14: Starting numprocs=16 N=7000, M=7000 impl=g-rabenseifner-subgroup-2
5: Starting numprocs=16 N=7000, M=7000 impl=g-rabenseifner-subgroup-2
6: Starting numprocs=16 N=7000, M=7000 impl=g-rabenseifner-subgroup-2
time: 0.430701s
Iteration 1
time: 0.369401s
Iteration 2
time: 0.371424s
Iteration 3
time: 0.369759s
Iteration 4
time: 0.375740s
Iteration 5
time: 0.374317s
Iteration 6
time: 0.369498s
Iteration 7
time: 0.372411s
Iteration 8
time: 0.373753s
Iteration 9
time: 0.369073s
Iteration 10
time: 0.370323s
Iteration 11
time: 0.370976s
Iteration 12
time: 0.374143s
Iteration 13
time: 0.370377s
Iteration 14
time: 0.372623s
Iteration 15
time: 0.373098s
Iteration 16
time: 0.369250s
Iteration 17
time: 0.371214s
Iteration 18
time: 0.368956s
Iteration 19
time: 0.374153s
Iteration 20
time: 0.368165s
Iteration 21
time: 0.369446s
Iteration 22
time: 0.370070s
Iteration 23
time: 0.374584s
Iteration 24
time: 0.371430s
13: Starting numprocs=16 N=7000, M=7000 impl=g-rabenseifner-subgroup-4
15: Starting numprocs=16 N=7000, M=7000 impl=g-rabenseifner-subgroup-4
8: Starting numprocs=16 N=7000, M=7000 impl=g-rabenseifner-subgroup-4
7: Starting numprocs=16 N=7000, M=7000 impl=g-rabenseifner-subgroup-4
5: Starting numprocs=16 N=7000, M=7000 impl=g-rabenseifner-subgroup-4
11: Starting numprocs=16 N=7000, M=7000 impl=g-rabenseifner-subgroup-4
4: Starting numprocs=16 N=7000, M=7000 impl=g-rabenseifner-subgroup-4
3: Starting numprocs=16 N=7000, M=7000 impl=g-rabenseifner-subgroup-4
6: Starting numprocs=16 N=7000, M=7000 impl=g-rabenseifner-subgroup-4
2: Starting numprocs=16 N=7000, M=7000 impl=g-rabenseifner-subgroup-4
12: Starting numprocs=16 N=7000, M=7000 impl=g-rabenseifner-subgroup-4
1: Starting numprocs=16 N=7000, M=7000 impl=g-rabenseifner-subgroup-4
14: Starting numprocs=16 N=7000, M=7000 impl=g-rabenseifner-subgroup-4
10: Starting numprocs=16 N=7000, M=7000 impl=g-rabenseifner-subgroup-4
0: Starting numprocs=16 N=7000, M=7000 impl=g-rabenseifner-subgroup-4
Iteration 0
9: Starting numprocs=16 N=7000, M=7000 impl=g-rabenseifner-subgroup-4
time: 0.474493s
Iteration 1
time: 0.410386s
Iteration 2
time: 0.409876s
Iteration 3
time: 0.413688s
Iteration 4
time: 0.409699s
Iteration 5
time: 0.407064s
Iteration 6
time: 0.404734s
Iteration 7
time: 0.412495s
Iteration 8
time: 0.409748s
Iteration 9
time: 0.412552s
Iteration 10
time: 0.412492s
Iteration 11
time: 0.409889s
Iteration 12
time: 0.410769s
Iteration 13
time: 0.409948s
Iteration 14
time: 0.409678s
Iteration 15
time: 0.413795s
Iteration 16
time: 0.410394s
Iteration 17
time: 0.412992s
Iteration 18
time: 0.413828s
Iteration 19
time: 0.412935s
Iteration 20
time: 0.413640s
Iteration 21
time: 0.409745s
Iteration 22
time: 0.406767s
Iteration 23
time: 0.410469s
Iteration 24
time: 0.410359s
13: Starting numprocs=16 N=7000, M=7000 impl=g-rabenseifner-subgroup-8
15: Starting numprocs=16 N=7000, M=7000 impl=g-rabenseifner-subgroup-8
11: Starting numprocs=16 N=7000, M=7000 impl=g-rabenseifner-subgroup-8
7: Starting numprocs=16 N=7000, M=7000 impl=g-rabenseifner-subgroup-8
1: Starting numprocs=16 N=7000, M=7000 impl=g-rabenseifner-subgroup-8
3: Starting numprocs=16 N=7000, M=7000 impl=g-rabenseifner-subgroup-8
12: Starting numprocs=16 N=7000, M=7000 impl=g-rabenseifner-subgroup-8
4: Starting numprocs=16 N=7000, M=7000 impl=g-rabenseifner-subgroup-8
9: Starting numprocs=16 N=7000, M=7000 impl=g-rabenseifner-subgroup-8
8: Starting numprocs=16 N=7000, M=7000 impl=g-rabenseifner-subgroup-8
5: Starting numprocs=16 N=7000, M=7000 impl=g-rabenseifner-subgroup-8
2: Starting numprocs=16 N=7000, M=7000 impl=g-rabenseifner-subgroup-8
14: Starting numprocs=16 N=7000, M=7000 impl=g-rabenseifner-subgroup-8
10: Starting numprocs=16 N=7000, M=7000 impl=g-rabenseifner-subgroup-8
6: Starting numprocs=16 N=7000, M=7000 impl=g-rabenseifner-subgroup-8
0: Starting numprocs=16 N=7000, M=7000 impl=g-rabenseifner-subgroup-8
Iteration 0
time: 0.532175s
Iteration 1
time: 0.502872s
Iteration 2
time: 0.490016s
Iteration 3
time: 0.483459s
Iteration 4
time: 0.487806s
Iteration 5
time: 0.492425s
Iteration 6
time: 0.504918s
Iteration 7
time: 0.493690s
Iteration 8
time: 0.482899s
Iteration 9
time: 0.485086s
Iteration 10
time: 0.484690s
Iteration 11
time: 0.495949s
Iteration 12
time: 0.515738s
Iteration 13
time: 0.501796s
Iteration 14
time: 0.494241s
Iteration 15
time: 0.498714s
Iteration 16
time: 0.489296s
Iteration 17
time: 0.499012s
Iteration 18
time: 0.503568s
Iteration 19
time: 0.514282s
Iteration 20
time: 0.496092s
Iteration 21
time: 0.505470s
Iteration 22
time: 0.503879s
Iteration 23
time: 0.487001s
Iteration 24
time: 0.489487s
13: Starting numprocs=16 N=8000, M=8000 impl=allgather
15: Starting numprocs=16 N=8000, M=8000 impl=allgather
4: Starting numprocs=16 N=8000, M=8000 impl=allgather
11: Starting numprocs=16 N=8000, M=8000 impl=allgather
8: Starting numprocs=16 N=8000, M=8000 impl=allgather
7: Starting numprocs=16 N=8000, M=8000 impl=allgather
3: Starting numprocs=16 N=8000, M=8000 impl=allgather
1: Starting numprocs=16 N=8000, M=8000 impl=allgather
12: Starting numprocs=16 N=8000, M=8000 impl=allgather
5: Starting numprocs=16 N=8000, M=8000 impl=allgather
6: Starting numprocs=16 N=8000, M=8000 impl=allgather
2: Starting numprocs=16 N=8000, M=8000 impl=allgather
10: Starting numprocs=16 N=8000, M=8000 impl=allgather
9: Starting numprocs=16 N=8000, M=8000 impl=allgather
14: Starting numprocs=16 N=8000, M=8000 impl=allgather
0: Starting numprocs=16 N=8000, M=8000 impl=allgather
Iteration 0
time: 1.288868s
Iteration 1
time: 1.229424s
Iteration 2
time: 1.299347s
Iteration 3
time: 1.265407s
Iteration 4
time: 1.268847s
Iteration 5
time: 1.238293s
Iteration 6
time: 1.232365s
Iteration 7
time: 1.281629s
Iteration 8
time: 1.246870s
Iteration 9
time: 1.244920s
Iteration 10
time: 1.281561s
Iteration 11
time: 1.236883s
Iteration 12
time: 1.271809s
Iteration 13
time: 1.230118s
Iteration 14
time: 1.264249s
Iteration 15
time: 1.256807s
Iteration 16
time: 1.299472s
Iteration 17
time: 1.309667s
Iteration 18
time: 1.238442s
Iteration 19
time: 1.280249s
Iteration 20
time: 1.237823s
Iteration 21
time: 1.292318s
Iteration 22
time: 1.237809s
Iteration 23
time: 1.272518s
Iteration 24
time: 1.230427s
13: Starting numprocs=16 N=8000, M=8000 impl=allreduce
15: Starting numprocs=16 N=8000, M=8000 impl=allreduce
12: Starting numprocs=16 N=8000, M=8000 impl=allreduce
11: Starting numprocs=16 N=8000, M=8000 impl=allreduce
7: Starting numprocs=16 N=8000, M=8000 impl=allreduce
5: Starting numprocs=16 N=8000, M=8000 impl=allreduce
1: Starting numprocs=16 N=8000, M=8000 impl=allreduce
4: Starting numprocs=16 N=8000, M=8000 impl=allreduce
3: Starting numprocs=16 N=8000, M=8000 impl=allreduce
8: Starting numprocs=16 N=8000, M=8000 impl=allreduce
2: Starting numprocs=16 N=8000, M=8000 impl=allreduce
9: Starting numprocs=16 N=8000, M=8000 impl=allreduce
6: Starting numprocs=16 N=8000, M=8000 impl=allreduce
10: Starting numprocs=16 N=8000, M=8000 impl=allreduce
0: Starting numprocs=16 N=8000, M=8000 impl=allreduce
Iteration 0
14: Starting numprocs=16 N=8000, M=8000 impl=allreduce
time: 1.586397s
Iteration 1
time: 1.409528s
Iteration 2
time: 1.417620s
Iteration 3
time: 1.381770s
Iteration 4
time: 1.441214s
Iteration 5
time: 1.410993s
Iteration 6
time: 1.386117s
Iteration 7
time: 1.405900s
Iteration 8
time: 1.405405s
Iteration 9
time: 1.392537s
Iteration 10
time: 1.385957s
Iteration 11
time: 1.392740s
Iteration 12
time: 1.381720s
Iteration 13
time: 1.380454s
Iteration 14
time: 1.394715s
Iteration 15
time: 1.415049s
Iteration 16
time: 1.387184s
Iteration 17
time: 1.379864s
Iteration 18
time: 1.386539s
Iteration 19
time: 1.394177s
Iteration 20
time: 1.425649s
Iteration 21
time: 1.422517s
Iteration 22
time: 1.410191s
Iteration 23
time: 1.393870s
Iteration 24
time: 1.415690s
13: Starting numprocs=16 N=8000, M=8000 impl=allreduce-ring
15: Starting numprocs=16 N=8000, M=8000 impl=allreduce-ring
8: Starting numprocs=16 N=8000, M=8000 impl=allreduce-ring
2: Starting numprocs=16 N=8000, M=8000 impl=allreduce-ring
7: Starting numprocs=16 N=8000, M=8000 impl=allreduce-ring
6: Starting numprocs=16 N=8000, M=8000 impl=allreduce-ring
14: Starting numprocs=16 N=8000, M=8000 impl=allreduce-ring
11: Starting numprocs=16 N=8000, M=8000 impl=allreduce-ring
3: Starting numprocs=16 N=8000, M=8000 impl=allreduce-ring
12: Starting numprocs=16 N=8000, M=8000 impl=allreduce-ring
5: Starting numprocs=16 N=8000, M=8000 impl=allreduce-ring
1: Starting numprocs=16 N=8000, M=8000 impl=allreduce-ring
4: Starting numprocs=16 N=8000, M=8000 impl=allreduce-ring
0: Starting numprocs=16 N=8000, M=8000 impl=allreduce-ring
Iteration 0
10: Starting numprocs=16 N=8000, M=8000 impl=allreduce-ring
9: Starting numprocs=16 N=8000, M=8000 impl=allreduce-ring
time: 1.025123s
Iteration 1
time: 0.960342s
Iteration 2
time: 0.963981s
Iteration 3
time: 0.960722s
Iteration 4
time: 0.974576s
Iteration 5
time: 0.964035s
Iteration 6
time: 0.965895s
Iteration 7
time: 0.977260s
Iteration 8
time: 0.984903s
Iteration 9
time: 0.959190s
Iteration 10
time: 0.963311s
Iteration 11
time: 0.955605s
Iteration 12
time: 0.952341s
Iteration 13
time: 0.962604s
Iteration 14
time: 0.975075s
Iteration 15
time: 0.968626s
Iteration 16
time: 0.966282s
Iteration 17
time: 0.975034s
Iteration 18
time: 0.962659s
Iteration 19
time: 0.969310s
Iteration 20
time: 0.978371s
Iteration 21
time: 0.962434s
Iteration 22
time: 0.966513s
Iteration 23
time: 0.956941s
Iteration 24
time: 0.974761s
13: Starting numprocs=16 N=8000, M=8000 impl=g-rabenseifner-allgather
7: Starting numprocs=16 N=8000, M=8000 impl=g-rabenseifner-allgather
15: Starting numprocs=16 N=8000, M=8000 impl=g-rabenseifner-allgather
4: Starting numprocs=16 N=8000, M=8000 impl=g-rabenseifner-allgather
8: Starting numprocs=16 N=8000, M=8000 impl=g-rabenseifner-allgather
11: Starting numprocs=16 N=8000, M=8000 impl=g-rabenseifner-allgather
5: Starting numprocs=16 N=8000, M=8000 impl=g-rabenseifner-allgather
9: Starting numprocs=16 N=8000, M=8000 impl=g-rabenseifner-allgather
2: Starting numprocs=16 N=8000, M=8000 impl=g-rabenseifner-allgather
1: Starting numprocs=16 N=8000, M=8000 impl=g-rabenseifner-allgather
3: Starting numprocs=16 N=8000, M=8000 impl=g-rabenseifner-allgather
12: Starting numprocs=16 N=8000, M=8000 impl=g-rabenseifner-allgather
10: Starting numprocs=16 N=8000, M=8000 impl=g-rabenseifner-allgather
6: Starting numprocs=16 N=8000, M=8000 impl=g-rabenseifner-allgather
0: Starting numprocs=16 N=8000, M=8000 impl=g-rabenseifner-allgather
Iteration 0
14: Starting numprocs=16 N=8000, M=8000 impl=g-rabenseifner-allgather
time: 0.531850s
Iteration 1
time: 0.458011s
Iteration 2
time: 0.458423s
Iteration 3
time: 0.463703s
Iteration 4
time: 0.460179s
Iteration 5
time: 0.459296s
Iteration 6
time: 0.459455s
Iteration 7
time: 0.458847s
Iteration 8
time: 0.458811s
Iteration 9
time: 0.459362s
Iteration 10
time: 0.459299s
Iteration 11
time: 0.459320s
Iteration 12
time: 0.458592s
Iteration 13
time: 0.459342s
Iteration 14
time: 0.458918s
Iteration 15
time: 0.458026s
Iteration 16
time: 0.459419s
Iteration 17
time: 0.459244s
Iteration 18
time: 0.458527s
Iteration 19
time: 0.458790s
Iteration 20
time: 0.459121s
Iteration 21
time: 0.458776s
Iteration 22
time: 0.459750s
Iteration 23
time: 0.458987s
Iteration 24
time: 0.459949s
13: Starting numprocs=16 N=8000, M=8000 impl=g-rabenseifner-subgroup-2
15: Starting numprocs=16 N=8000, M=8000 impl=g-rabenseifner-subgroup-2
7: Starting numprocs=16 N=8000, M=8000 impl=g-rabenseifner-subgroup-2
4: Starting numprocs=16 N=8000, M=8000 impl=g-rabenseifner-subgroup-2
5: Starting numprocs=16 N=8000, M=8000 impl=g-rabenseifner-subgroup-2
1: Starting numprocs=16 N=8000, M=8000 impl=g-rabenseifner-subgroup-2
8: Starting numprocs=16 N=8000, M=8000 impl=g-rabenseifner-subgroup-2
3: Starting numprocs=16 N=8000, M=8000 impl=g-rabenseifner-subgroup-2
11: Starting numprocs=16 N=8000, M=8000 impl=g-rabenseifner-subgroup-2
2: Starting numprocs=16 N=8000, M=8000 impl=g-rabenseifner-subgroup-2
12: Starting numprocs=16 N=8000, M=8000 impl=g-rabenseifner-subgroup-2
9: Starting numprocs=16 N=8000, M=8000 impl=g-rabenseifner-subgroup-2
6: Starting numprocs=16 N=8000, M=8000 impl=g-rabenseifner-subgroup-2
10: Starting numprocs=16 N=8000, M=8000 impl=g-rabenseifner-subgroup-2
14: Starting numprocs=16 N=8000, M=8000 impl=g-rabenseifner-subgroup-2
0: Starting numprocs=16 N=8000, M=8000 impl=g-rabenseifner-subgroup-2
Iteration 0
time: 0.578205s
Iteration 1
time: 0.479365s
Iteration 2
time: 0.480175s
Iteration 3
time: 0.504975s
Iteration 4
time: 0.484852s
Iteration 5
time: 0.485821s
Iteration 6
time: 0.479868s
Iteration 7
time: 0.481465s
Iteration 8
time: 0.488637s
Iteration 9
time: 0.484889s
Iteration 10
time: 0.486387s
Iteration 11
time: 0.481047s
Iteration 12
time: 0.482037s
Iteration 13
time: 0.483878s
Iteration 14
time: 0.482898s
Iteration 15
time: 0.482667s
Iteration 16
time: 0.482124s
Iteration 17
time: 0.478520s
Iteration 18
time: 0.481513s
Iteration 19
time: 0.483110s
Iteration 20
time: 0.483815s
Iteration 21
time: 0.481100s
Iteration 22
time: 0.483817s
Iteration 23
time: 0.480060s
Iteration 24
time: 0.481971s
13: Starting numprocs=16 N=8000, M=8000 impl=g-rabenseifner-subgroup-4
15: Starting numprocs=16 N=8000, M=8000 impl=g-rabenseifner-subgroup-4
7: Starting numprocs=16 N=8000, M=8000 impl=g-rabenseifner-subgroup-4
11: Starting numprocs=16 N=8000, M=8000 impl=g-rabenseifner-subgroup-4
4: Starting numprocs=16 N=8000, M=8000 impl=g-rabenseifner-subgroup-4
1: Starting numprocs=16 N=8000, M=8000 impl=g-rabenseifner-subgroup-4
3: Starting numprocs=16 N=8000, M=8000 impl=g-rabenseifner-subgroup-4
8: Starting numprocs=16 N=8000, M=8000 impl=g-rabenseifner-subgroup-4
12: Starting numprocs=16 N=8000, M=8000 impl=g-rabenseifner-subgroup-4
5: Starting numprocs=16 N=8000, M=8000 impl=g-rabenseifner-subgroup-4
2: Starting numprocs=16 N=8000, M=8000 impl=g-rabenseifner-subgroup-4
10: Starting numprocs=16 N=8000, M=8000 impl=g-rabenseifner-subgroup-4
14: Starting numprocs=16 N=8000, M=8000 impl=g-rabenseifner-subgroup-4
9: Starting numprocs=16 N=8000, M=8000 impl=g-rabenseifner-subgroup-4
0: Starting numprocs=16 N=8000, M=8000 impl=g-rabenseifner-subgroup-4
Iteration 0
6: Starting numprocs=16 N=8000, M=8000 impl=g-rabenseifner-subgroup-4
time: 0.646812s
Iteration 1
time: 0.540972s
Iteration 2
time: 0.538509s
Iteration 3
time: 0.556160s
Iteration 4
time: 0.553698s
Iteration 5
time: 0.545341s
Iteration 6
time: 0.541375s
Iteration 7
time: 0.537989s
Iteration 8
time: 0.541670s
Iteration 9
time: 0.544996s
Iteration 10
time: 0.541765s
Iteration 11
time: 0.536119s
Iteration 12
time: 0.535933s
Iteration 13
time: 0.530029s
Iteration 14
time: 0.534205s
Iteration 15
time: 0.534384s
Iteration 16
time: 0.534396s
Iteration 17
time: 0.532752s
Iteration 18
time: 0.534150s
Iteration 19
time: 0.534346s
Iteration 20
time: 0.532705s
Iteration 21
time: 0.542496s
Iteration 22
time: 0.533270s
Iteration 23
time: 0.532136s
Iteration 24
time: 0.531909s
13: Starting numprocs=16 N=8000, M=8000 impl=g-rabenseifner-subgroup-8
15: Starting numprocs=16 N=8000, M=8000 impl=g-rabenseifner-subgroup-8
7: Starting numprocs=16 N=8000, M=8000 impl=g-rabenseifner-subgroup-8
8: Starting numprocs=16 N=8000, M=8000 impl=g-rabenseifner-subgroup-8
3: Starting numprocs=16 N=8000, M=8000 impl=g-rabenseifner-subgroup-8
5: Starting numprocs=16 N=8000, M=8000 impl=g-rabenseifner-subgroup-8
9: Starting numprocs=16 N=8000, M=8000 impl=g-rabenseifner-subgroup-8
4: Starting numprocs=16 N=8000, M=8000 impl=g-rabenseifner-subgroup-8
11: Starting numprocs=16 N=8000, M=8000 impl=g-rabenseifner-subgroup-8
12: Starting numprocs=16 N=8000, M=8000 impl=g-rabenseifner-subgroup-8
6: Starting numprocs=16 N=8000, M=8000 impl=g-rabenseifner-subgroup-8
2: Starting numprocs=16 N=8000, M=8000 impl=g-rabenseifner-subgroup-8
1: Starting numprocs=16 N=8000, M=8000 impl=g-rabenseifner-subgroup-8
14: Starting numprocs=16 N=8000, M=8000 impl=g-rabenseifner-subgroup-8
10: Starting numprocs=16 N=8000, M=8000 impl=g-rabenseifner-subgroup-8
0: Starting numprocs=16 N=8000, M=8000 impl=g-rabenseifner-subgroup-8
Iteration 0
time: 0.762051s
Iteration 1
time: 0.634910s
Iteration 2
time: 0.639160s
Iteration 3
time: 0.635579s
Iteration 4
time: 0.634889s
Iteration 5
time: 0.636213s
Iteration 6
time: 0.634749s
Iteration 7
time: 0.636080s
Iteration 8
time: 0.638375s
Iteration 9
time: 0.639535s
Iteration 10
time: 0.646448s
Iteration 11
time: 0.638610s
Iteration 12
time: 0.634911s
Iteration 13
time: 0.639799s
Iteration 14
time: 0.634322s
Iteration 15
time: 0.631703s
Iteration 16
time: 0.634322s
Iteration 17
time: 2.036897s
Iteration 18
time: 0.634754s
Iteration 19
time: 0.632904s
Iteration 20
time: 0.636229s
Iteration 21
time: 0.635330s
Iteration 22
time: 0.639519s
Iteration 23
time: 0.640580s
Iteration 24
time: 0.639400s
