10: Starting numprocs=16 N=1000, M=1000 impl=allgather
6: Starting numprocs=16 N=1000, M=1000 impl=allgather
14: Starting numprocs=16 N=1000, M=1000 impl=allgather
5: Starting numprocs=16 N=1000, M=1000 impl=allgather
12: Starting numprocs=16 N=1000, M=1000 impl=allgather
2: Starting numprocs=16 N=1000, M=1000 impl=allgather
15: Starting numprocs=16 N=1000, M=1000 impl=allgather
8: Starting numprocs=16 N=1000, M=1000 impl=allgather
7: Starting numprocs=16 N=1000, M=1000 impl=allgather
3: Starting numprocs=16 N=1000, M=1000 impl=allgather
11: Starting numprocs=16 N=1000, M=1000 impl=allgather
13: Starting numprocs=16 N=1000, M=1000 impl=allgather
1: Starting numprocs=16 N=1000, M=1000 impl=allgather
0: Starting numprocs=16 N=1000, M=1000 impl=allgather
Iteration 0
9: Starting numprocs=16 N=1000, M=1000 impl=allgather
4: Starting numprocs=16 N=1000, M=1000 impl=allgather
time: 0.029505s
Iteration 1
time: 0.016648s
Iteration 2
time: 0.016838s
Iteration 3
time: 0.016518s
Iteration 4
time: 0.017353s
Iteration 5
time: 0.016871s
Iteration 6
time: 0.016994s
Iteration 7
time: 0.016701s
Iteration 8
time: 0.017176s
Iteration 9
time: 0.016844s
Iteration 10
time: 0.016856s
Iteration 11
time: 0.017624s
Iteration 12
time: 0.016904s
Iteration 13
time: 0.017369s
Iteration 14
time: 0.017395s
Iteration 15
time: 0.017593s
Iteration 16
time: 0.017469s
Iteration 17
time: 0.017598s
Iteration 18
time: 0.017298s
Iteration 19
time: 0.016642s
Iteration 20
time: 0.016681s
Iteration 21
time: 0.016588s
Iteration 22
time: 0.017378s
Iteration 23
time: 0.016968s
Iteration 24
time: 0.016959s
10: Starting numprocs=16 N=1000, M=1000 impl=allreduce
6: Starting numprocs=16 N=1000, M=1000 impl=allreduce
14: Starting numprocs=16 N=1000, M=1000 impl=allreduce
4: Starting numprocs=16 N=1000, M=1000 impl=allreduce
8: Starting numprocs=16 N=1000, M=1000 impl=allreduce
12: Starting numprocs=16 N=1000, M=1000 impl=allreduce
2: Starting numprocs=16 N=1000, M=1000 impl=allreduce
15: Starting numprocs=16 N=1000, M=1000 impl=allreduce
13: Starting numprocs=16 N=1000, M=1000 impl=allreduce
5: Starting numprocs=16 N=1000, M=1000 impl=allreduce
1: Starting numprocs=16 N=1000, M=1000 impl=allreduce
3: Starting numprocs=16 N=1000, M=1000 impl=allreduce
11: Starting numprocs=16 N=1000, M=1000 impl=allreduce
7: Starting numprocs=16 N=1000, M=1000 impl=allreduce
9: Starting numprocs=16 N=1000, M=1000 impl=allreduce
0: Starting numprocs=16 N=1000, M=1000 impl=allreduce
Iteration 0
time: 0.034381s
Iteration 1
time: 0.022805s
Iteration 2
time: 0.017298s
Iteration 3
time: 0.017194s
Iteration 4
time: 0.018292s
Iteration 5
time: 0.017918s
Iteration 6
time: 0.017551s
Iteration 7
time: 0.017377s
Iteration 8
time: 0.017887s
Iteration 9
time: 0.017604s
Iteration 10
time: 0.016941s
Iteration 11
time: 0.017608s
Iteration 12
time: 0.017935s
Iteration 13
time: 0.017412s
Iteration 14
time: 0.017621s
Iteration 15
time: 0.017809s
Iteration 16
time: 0.018017s
Iteration 17
time: 0.017084s
Iteration 18
time: 0.017802s
Iteration 19
time: 0.017824s
Iteration 20
time: 0.017372s
Iteration 21
time: 0.017470s
Iteration 22
time: 0.017831s
Iteration 23
time: 0.018378s
Iteration 24
time: 0.018692s
4: Starting numprocs=16 N=1000, M=1000 impl=allreduce-ring
14: Starting numprocs=16 N=1000, M=1000 impl=allreduce-ring
10: Starting numprocs=16 N=1000, M=1000 impl=allreduce-ring
6: Starting numprocs=16 N=1000, M=1000 impl=allreduce-ring
7: Starting numprocs=16 N=1000, M=1000 impl=allreduce-ring
8: Starting numprocs=16 N=1000, M=1000 impl=allreduce-ring
2: Starting numprocs=16 N=1000, M=1000 impl=allreduce-ring
5: Starting numprocs=16 N=1000, M=1000 impl=allreduce-ring
13: Starting numprocs=16 N=1000, M=1000 impl=allreduce-ring
15: Starting numprocs=16 N=1000, M=1000 impl=allreduce-ring
12: Starting numprocs=16 N=1000, M=1000 impl=allreduce-ring
3: Starting numprocs=16 N=1000, M=1000 impl=allreduce-ring
1: Starting numprocs=16 N=1000, M=1000 impl=allreduce-ring
0: Starting numprocs=16 N=1000, M=1000 impl=allreduce-ring
Iteration 0
9: Starting numprocs=16 N=1000, M=1000 impl=allreduce-ring
11: Starting numprocs=16 N=1000, M=1000 impl=allreduce-ring
time: 0.016240s
Iteration 1
time: 0.014716s
Iteration 2
time: 0.014279s
Iteration 3
time: 0.014934s
Iteration 4
time: 0.014670s
Iteration 5
time: 0.014575s
Iteration 6
time: 0.014687s
Iteration 7
time: 0.014737s
Iteration 8
time: 0.014492s
Iteration 9
time: 1.656846s
Iteration 10
time: 0.015578s
Iteration 11
time: 0.014692s
Iteration 12
time: 0.014791s
Iteration 13
time: 0.014677s
Iteration 14
time: 0.014735s
Iteration 15
time: 0.014283s
Iteration 16
time: 0.014700s
Iteration 17
time: 0.014809s
Iteration 18
time: 0.014697s
Iteration 19
time: 0.014645s
Iteration 20
time: 0.014699s
Iteration 21
time: 0.014740s
Iteration 22
time: 0.014758s
Iteration 23
time: 0.014284s
Iteration 24
time: 0.014677s
10: Starting numprocs=16 N=1000, M=1000 impl=g-rabenseifner-allgather
7: Starting numprocs=16 N=1000, M=1000 impl=g-rabenseifner-allgather
15: Starting numprocs=16 N=1000, M=1000 impl=g-rabenseifner-allgather
8: Starting numprocs=16 N=1000, M=1000 impl=g-rabenseifner-allgather
5: Starting numprocs=16 N=1000, M=1000 impl=g-rabenseifner-allgather
4: Starting numprocs=16 N=1000, M=1000 impl=g-rabenseifner-allgather
12: Starting numprocs=16 N=1000, M=1000 impl=g-rabenseifner-allgather
11: Starting numprocs=16 N=1000, M=1000 impl=g-rabenseifner-allgather
3: Starting numprocs=16 N=1000, M=1000 impl=g-rabenseifner-allgather
9: Starting numprocs=16 N=1000, M=1000 impl=g-rabenseifner-allgather
2: Starting numprocs=16 N=1000, M=1000 impl=g-rabenseifner-allgather
6: Starting numprocs=16 N=1000, M=1000 impl=g-rabenseifner-allgather
13: Starting numprocs=16 N=1000, M=1000 impl=g-rabenseifner-allgather
1: Starting numprocs=16 N=1000, M=1000 impl=g-rabenseifner-allgather
14: Starting numprocs=16 N=1000, M=1000 impl=g-rabenseifner-allgather
0: Starting numprocs=16 N=1000, M=1000 impl=g-rabenseifner-allgather
Iteration 0
time: 1.261602s
Iteration 1
time: 0.008578s
Iteration 2
time: 0.008089s
Iteration 3
time: 0.008023s
Iteration 4
time: 0.008700s
Iteration 5
time: 0.007883s
Iteration 6
time: 0.008562s
Iteration 7
time: 0.007963s
Iteration 8
time: 0.007855s
Iteration 9
time: 0.007914s
Iteration 10
time: 0.008914s
Iteration 11
time: 0.007891s
Iteration 12
time: 0.008264s
Iteration 13
time: 0.007951s
Iteration 14
time: 0.007863s
Iteration 15
time: 0.008389s
Iteration 16
time: 0.007948s
Iteration 17
time: 0.007962s
Iteration 18
time: 0.008488s
Iteration 19
time: 0.008564s
Iteration 20
time: 0.008266s
Iteration 21
time: 0.008230s
Iteration 22
time: 0.008356s
Iteration 23
time: 0.008552s
Iteration 24
time: 0.008143s
14: Starting numprocs=16 N=1000, M=1000 impl=g-rabenseifner-subgroup-2
5: Starting numprocs=16 N=1000, M=1000 impl=g-rabenseifner-subgroup-2
10: Starting numprocs=16 N=1000, M=1000 impl=g-rabenseifner-subgroup-2
13: Starting numprocs=16 N=1000, M=1000 impl=g-rabenseifner-subgroup-2
6: Starting numprocs=16 N=1000, M=1000 impl=g-rabenseifner-subgroup-2
2: Starting numprocs=16 N=1000, M=1000 impl=g-rabenseifner-subgroup-2
8: Starting numprocs=16 N=1000, M=1000 impl=g-rabenseifner-subgroup-2
12: Starting numprocs=16 N=1000, M=1000 impl=g-rabenseifner-subgroup-2
4: Starting numprocs=16 N=1000, M=1000 impl=g-rabenseifner-subgroup-2
15: Starting numprocs=16 N=1000, M=1000 impl=g-rabenseifner-subgroup-2
7: Starting numprocs=16 N=1000, M=1000 impl=g-rabenseifner-subgroup-2
3: Starting numprocs=16 N=1000, M=1000 impl=g-rabenseifner-subgroup-2
1: Starting numprocs=16 N=1000, M=1000 impl=g-rabenseifner-subgroup-2
11: Starting numprocs=16 N=1000, M=1000 impl=g-rabenseifner-subgroup-2
9: Starting numprocs=16 N=1000, M=1000 impl=g-rabenseifner-subgroup-2
0: Starting numprocs=16 N=1000, M=1000 impl=g-rabenseifner-subgroup-2
Iteration 0
time: 0.028368s
Iteration 1
time: 0.008432s
Iteration 2
time: 0.008779s
Iteration 3
time: 0.008423s
Iteration 4
time: 0.008368s
Iteration 5
time: 0.008480s
Iteration 6
time: 0.008349s
Iteration 7
time: 0.008395s
Iteration 8
time: 0.008379s
Iteration 9
time: 0.008462s
Iteration 10
time: 0.008337s
Iteration 11
time: 0.008609s
Iteration 12
time: 0.008260s
Iteration 13
time: 0.008367s
Iteration 14
time: 0.008444s
Iteration 15
time: 0.008375s
Iteration 16
time: 0.008268s
Iteration 17
time: 0.008954s
Iteration 18
time: 0.008470s
Iteration 19
time: 0.008644s
Iteration 20
time: 0.008565s
Iteration 21
time: 0.008660s
Iteration 22
time: 0.008197s
Iteration 23
time: 0.008792s
Iteration 24
time: 0.008288s
10: Starting numprocs=16 N=1000, M=1000 impl=g-rabenseifner-subgroup-4
6: Starting numprocs=16 N=1000, M=1000 impl=g-rabenseifner-subgroup-4
15: Starting numprocs=16 N=1000, M=1000 impl=g-rabenseifner-subgroup-4
4: Starting numprocs=16 N=1000, M=1000 impl=g-rabenseifner-subgroup-4
14: Starting numprocs=16 N=1000, M=1000 impl=g-rabenseifner-subgroup-4
13: Starting numprocs=16 N=1000, M=1000 impl=g-rabenseifner-subgroup-4
2: Starting numprocs=16 N=1000, M=1000 impl=g-rabenseifner-subgroup-4
3: Starting numprocs=16 N=1000, M=1000 impl=g-rabenseifner-subgroup-4
1: Starting numprocs=16 N=1000, M=1000 impl=g-rabenseifner-subgroup-4
11: Starting numprocs=16 N=1000, M=1000 impl=g-rabenseifner-subgroup-4
8: Starting numprocs=16 N=1000, M=1000 impl=g-rabenseifner-subgroup-4
9: Starting numprocs=16 N=1000, M=1000 impl=g-rabenseifner-subgroup-4
7: Starting numprocs=16 N=1000, M=1000 impl=g-rabenseifner-subgroup-4
12: Starting numprocs=16 N=1000, M=1000 impl=g-rabenseifner-subgroup-4
5: Starting numprocs=16 N=1000, M=1000 impl=g-rabenseifner-subgroup-4
0: Starting numprocs=16 N=1000, M=1000 impl=g-rabenseifner-subgroup-4
Iteration 0
time: 0.021376s
Iteration 1
time: 0.009070s
Iteration 2
time: 0.008921s
Iteration 3
time: 0.009760s
Iteration 4
time: 0.008926s
Iteration 5
time: 0.008965s
Iteration 6
time: 0.009069s
Iteration 7
time: 0.009138s
Iteration 8
time: 0.009142s
Iteration 9
time: 0.009260s
Iteration 10
time: 0.009076s
Iteration 11
time: 0.009411s
Iteration 12
time: 0.009050s
Iteration 13
time: 0.009058s
Iteration 14
time: 0.009492s
Iteration 15
time: 0.009786s
Iteration 16
time: 0.009152s
Iteration 17
time: 0.009290s
Iteration 18
time: 0.009328s
Iteration 19
time: 0.009169s
Iteration 20
time: 0.009078s
Iteration 21
time: 0.009045s
Iteration 22
time: 0.009327s
Iteration 23
time: 0.009300s
Iteration 24
time: 0.009108s
14: Starting numprocs=16 N=1000, M=1000 impl=g-rabenseifner-subgroup-8
12: Starting numprocs=16 N=1000, M=1000 impl=g-rabenseifner-subgroup-8
10: Starting numprocs=16 N=1000, M=1000 impl=g-rabenseifner-subgroup-8
5: Starting numprocs=16 N=1000, M=1000 impl=g-rabenseifner-subgroup-8
15: Starting numprocs=16 N=1000, M=1000 impl=g-rabenseifner-subgroup-8
6: Starting numprocs=16 N=1000, M=1000 impl=g-rabenseifner-subgroup-8
7: Starting numprocs=16 N=1000, M=1000 impl=g-rabenseifner-subgroup-8
2: Starting numprocs=16 N=1000, M=1000 impl=g-rabenseifner-subgroup-8
8: Starting numprocs=16 N=1000, M=1000 impl=g-rabenseifner-subgroup-8
13: Starting numprocs=16 N=1000, M=1000 impl=g-rabenseifner-subgroup-8
4: Starting numprocs=16 N=1000, M=1000 impl=g-rabenseifner-subgroup-8
1: Starting numprocs=16 N=1000, M=1000 impl=g-rabenseifner-subgroup-8
11: Starting numprocs=16 N=1000, M=1000 impl=g-rabenseifner-subgroup-8
3: Starting numprocs=16 N=1000, M=1000 impl=g-rabenseifner-subgroup-8
0: Starting numprocs=16 N=1000, M=1000 impl=g-rabenseifner-subgroup-8
Iteration 0
9: Starting numprocs=16 N=1000, M=1000 impl=g-rabenseifner-subgroup-8
time: 0.019563s
Iteration 1
time: 0.010669s
Iteration 2
time: 0.010785s
Iteration 3
time: 0.010789s
Iteration 4
time: 0.011125s
Iteration 5
time: 0.011092s
Iteration 6
time: 0.010894s
Iteration 7
time: 0.011639s
Iteration 8
time: 0.011251s
Iteration 9
time: 0.011090s
Iteration 10
time: 0.011094s
Iteration 11
time: 0.010912s
Iteration 12
time: 0.011548s
Iteration 13
time: 0.011035s
Iteration 14
time: 0.011150s
Iteration 15
time: 0.011681s
Iteration 16
time: 0.011593s
Iteration 17
time: 0.011522s
Iteration 18
time: 0.011406s
Iteration 19
time: 0.011106s
Iteration 20
time: 0.010921s
Iteration 21
time: 0.010856s
Iteration 22
time: 0.010821s
Iteration 23
time: 0.010868s
Iteration 24
time: 0.010928s
10: Starting numprocs=16 N=2000, M=2000 impl=allgather
14: Starting numprocs=16 N=2000, M=2000 impl=allgather
5: Starting numprocs=16 N=2000, M=2000 impl=allgather
7: Starting numprocs=16 N=2000, M=2000 impl=allgather
4: Starting numprocs=16 N=2000, M=2000 impl=allgather
15: Starting numprocs=16 N=2000, M=2000 impl=allgather
6: Starting numprocs=16 N=2000, M=2000 impl=allgather
12: Starting numprocs=16 N=2000, M=2000 impl=allgather
8: Starting numprocs=16 N=2000, M=2000 impl=allgather
3: Starting numprocs=16 N=2000, M=2000 impl=allgather
2: Starting numprocs=16 N=2000, M=2000 impl=allgather
1: Starting numprocs=16 N=2000, M=2000 impl=allgather
13: Starting numprocs=16 N=2000, M=2000 impl=allgather
11: Starting numprocs=16 N=2000, M=2000 impl=allgather
9: Starting numprocs=16 N=2000, M=2000 impl=allgather
0: Starting numprocs=16 N=2000, M=2000 impl=allgather
Iteration 0
time: 0.089395s
Iteration 1
time: 0.069519s
Iteration 2
time: 0.069652s
Iteration 3
time: 0.068080s
Iteration 4
time: 0.070483s
Iteration 5
time: 0.066650s
Iteration 6
time: 0.067379s
Iteration 7
time: 0.067396s
Iteration 8
time: 0.070197s
Iteration 9
time: 0.067004s
Iteration 10
time: 0.066163s
Iteration 11
time: 0.070513s
Iteration 12
time: 0.069364s
Iteration 13
time: 0.067593s
Iteration 14
time: 0.065091s
Iteration 15
time: 0.065379s
Iteration 16
time: 0.068492s
Iteration 17
time: 0.067150s
Iteration 18
time: 0.067091s
Iteration 19
time: 0.068453s
Iteration 20
time: 0.068694s
Iteration 21
time: 0.070481s
Iteration 22
time: 0.071667s
Iteration 23
time: 0.075282s
Iteration 24
time: 0.070137s
15: Starting numprocs=16 N=2000, M=2000 impl=allreduce
5: Starting numprocs=16 N=2000, M=2000 impl=allreduce
10: Starting numprocs=16 N=2000, M=2000 impl=allreduce
7: Starting numprocs=16 N=2000, M=2000 impl=allreduce
6: Starting numprocs=16 N=2000, M=2000 impl=allreduce
14: Starting numprocs=16 N=2000, M=2000 impl=allreduce
12: Starting numprocs=16 N=2000, M=2000 impl=allreduce
13: Starting numprocs=16 N=2000, M=2000 impl=allreduce
4: Starting numprocs=16 N=2000, M=2000 impl=allreduce
2: Starting numprocs=16 N=2000, M=2000 impl=allreduce
3: Starting numprocs=16 N=2000, M=2000 impl=allreduce
1: Starting numprocs=16 N=2000, M=2000 impl=allreduce
11: Starting numprocs=16 N=2000, M=2000 impl=allreduce
8: Starting numprocs=16 N=2000, M=2000 impl=allreduce
9: Starting numprocs=16 N=2000, M=2000 impl=allreduce
0: Starting numprocs=16 N=2000, M=2000 impl=allreduce
Iteration 0
time: 0.106632s
Iteration 1
time: 0.084345s
Iteration 2
time: 0.066504s
Iteration 3
time: 0.066426s
Iteration 4
time: 0.066955s
Iteration 5
time: 0.067386s
Iteration 6
time: 0.066642s
Iteration 7
time: 0.069610s
Iteration 8
time: 0.069281s
Iteration 9
time: 0.070193s
Iteration 10
time: 0.068816s
Iteration 11
time: 0.070437s
Iteration 12
time: 0.067982s
Iteration 13
time: 0.070948s
Iteration 14
time: 0.074022s
Iteration 15
time: 0.069781s
Iteration 16
time: 0.067252s
Iteration 17
time: 0.069513s
Iteration 18
time: 0.068431s
Iteration 19
time: 0.071956s
Iteration 20
time: 0.067341s
Iteration 21
time: 0.069156s
Iteration 22
time: 0.066822s
Iteration 23
time: 0.067131s
Iteration 24
time: 4.105312s
7: Starting numprocs=16 N=2000, M=2000 impl=allreduce-ring
15: Starting numprocs=16 N=2000, M=2000 impl=allreduce-ring
4: Starting numprocs=16 N=2000, M=2000 impl=allreduce-ring
10: Starting numprocs=16 N=2000, M=2000 impl=allreduce-ring
5: Starting numprocs=16 N=2000, M=2000 impl=allreduce-ring
8: Starting numprocs=16 N=2000, M=2000 impl=allreduce-ring
14: Starting numprocs=16 N=2000, M=2000 impl=allreduce-ring
12: Starting numprocs=16 N=2000, M=2000 impl=allreduce-ring
2: Starting numprocs=16 N=2000, M=2000 impl=allreduce-ring
6: Starting numprocs=16 N=2000, M=2000 impl=allreduce-ring
1: Starting numprocs=16 N=2000, M=2000 impl=allreduce-ring
13: Starting numprocs=16 N=2000, M=2000 impl=allreduce-ring
11: Starting numprocs=16 N=2000, M=2000 impl=allreduce-ring
3: Starting numprocs=16 N=2000, M=2000 impl=allreduce-ring
9: Starting numprocs=16 N=2000, M=2000 impl=allreduce-ring
0: Starting numprocs=16 N=2000, M=2000 impl=allreduce-ring
Iteration 0
time: 0.074502s
Iteration 1
time: 0.060667s
Iteration 2
time: 0.059317s
Iteration 3
time: 0.058927s
Iteration 4
time: 0.058235s
Iteration 5
time: 0.058834s
Iteration 6
time: 0.058233s
Iteration 7
time: 0.058463s
Iteration 8
time: 0.058978s
Iteration 9
time: 0.061086s
Iteration 10
time: 0.060041s
Iteration 11
time: 0.058563s
Iteration 12
time: 0.059663s
Iteration 13
time: 0.060369s
Iteration 14
time: 0.060263s
Iteration 15
time: 0.058835s
Iteration 16
time: 0.059786s
Iteration 17
time: 0.059093s
Iteration 18
time: 0.058392s
Iteration 19
time: 0.059958s
Iteration 20
time: 0.058766s
Iteration 21
time: 0.058793s
Iteration 22
time: 0.059183s
Iteration 23
time: 0.058140s
Iteration 24
time: 0.059121s
10: Starting numprocs=16 N=2000, M=2000 impl=g-rabenseifner-allgather
7: Starting numprocs=16 N=2000, M=2000 impl=g-rabenseifner-allgather
8: Starting numprocs=16 N=2000, M=2000 impl=g-rabenseifner-allgather
5: Starting numprocs=16 N=2000, M=2000 impl=g-rabenseifner-allgather
15: Starting numprocs=16 N=2000, M=2000 impl=g-rabenseifner-allgather
12: Starting numprocs=16 N=2000, M=2000 impl=g-rabenseifner-allgather
14: Starting numprocs=16 N=2000, M=2000 impl=g-rabenseifner-allgather
4: Starting numprocs=16 N=2000, M=2000 impl=g-rabenseifner-allgather
13: Starting numprocs=16 N=2000, M=2000 impl=g-rabenseifner-allgather
2: Starting numprocs=16 N=2000, M=2000 impl=g-rabenseifner-allgather
6: Starting numprocs=16 N=2000, M=2000 impl=g-rabenseifner-allgather
11: Starting numprocs=16 N=2000, M=2000 impl=g-rabenseifner-allgather
1: Starting numprocs=16 N=2000, M=2000 impl=g-rabenseifner-allgather
9: Starting numprocs=16 N=2000, M=2000 impl=g-rabenseifner-allgather
0: Starting numprocs=16 N=2000, M=2000 impl=g-rabenseifner-allgather
Iteration 0
3: Starting numprocs=16 N=2000, M=2000 impl=g-rabenseifner-allgather
time: 0.042495s
Iteration 1
time: 0.029759s
Iteration 2
time: 0.030357s
Iteration 3
time: 0.029625s
Iteration 4
time: 0.029867s
Iteration 5
time: 0.029825s
Iteration 6
time: 0.031217s
Iteration 7
time: 0.030031s
Iteration 8
time: 0.029924s
Iteration 9
time: 0.029538s
Iteration 10
time: 0.029609s
Iteration 11
time: 0.029555s
Iteration 12
time: 0.030012s
Iteration 13
time: 0.030003s
Iteration 14
time: 0.029662s
Iteration 15
time: 0.029917s
Iteration 16
time: 0.029969s
Iteration 17
time: 0.030533s
Iteration 18
time: 0.029642s
Iteration 19
time: 0.029473s
Iteration 20
time: 0.029645s
Iteration 21
time: 0.030177s
Iteration 22
time: 0.029686s
Iteration 23
time: 0.030010s
Iteration 24
time: 0.029633s
5: Starting numprocs=16 N=2000, M=2000 impl=g-rabenseifner-subgroup-2
14: Starting numprocs=16 N=2000, M=2000 impl=g-rabenseifner-subgroup-2
10: Starting numprocs=16 N=2000, M=2000 impl=g-rabenseifner-subgroup-2
8: Starting numprocs=16 N=2000, M=2000 impl=g-rabenseifner-subgroup-2
12: Starting numprocs=16 N=2000, M=2000 impl=g-rabenseifner-subgroup-2
4: Starting numprocs=16 N=2000, M=2000 impl=g-rabenseifner-subgroup-2
6: Starting numprocs=16 N=2000, M=2000 impl=g-rabenseifner-subgroup-2
3: Starting numprocs=16 N=2000, M=2000 impl=g-rabenseifner-subgroup-2
13: Starting numprocs=16 N=2000, M=2000 impl=g-rabenseifner-subgroup-2
2: Starting numprocs=16 N=2000, M=2000 impl=g-rabenseifner-subgroup-2
15: Starting numprocs=16 N=2000, M=2000 impl=g-rabenseifner-subgroup-2
1: Starting numprocs=16 N=2000, M=2000 impl=g-rabenseifner-subgroup-2
7: Starting numprocs=16 N=2000, M=2000 impl=g-rabenseifner-subgroup-2
9: Starting numprocs=16 N=2000, M=2000 impl=g-rabenseifner-subgroup-2
11: Starting numprocs=16 N=2000, M=2000 impl=g-rabenseifner-subgroup-2
0: Starting numprocs=16 N=2000, M=2000 impl=g-rabenseifner-subgroup-2
Iteration 0
time: 0.052039s
Iteration 1
time: 0.031948s
Iteration 2
time: 0.031696s
Iteration 3
time: 0.031475s
Iteration 4
time: 0.031326s
Iteration 5
time: 0.031546s
Iteration 6
time: 0.031371s
Iteration 7
time: 0.031995s
Iteration 8
time: 0.031401s
Iteration 9
time: 0.031559s
Iteration 10
time: 0.031398s
Iteration 11
time: 0.031279s
Iteration 12
time: 0.031415s
Iteration 13
time: 0.031408s
Iteration 14
time: 0.031658s
Iteration 15
time: 0.031366s
Iteration 16
time: 0.031267s
Iteration 17
time: 0.031299s
Iteration 18
time: 0.031297s
Iteration 19
time: 0.031176s
Iteration 20
time: 0.031092s
Iteration 21
time: 0.031372s
Iteration 22
time: 0.031649s
Iteration 23
time: 0.031817s
Iteration 24
time: 0.031330s
10: Starting numprocs=16 N=2000, M=2000 impl=g-rabenseifner-subgroup-4
12: Starting numprocs=16 N=2000, M=2000 impl=g-rabenseifner-subgroup-4
5: Starting numprocs=16 N=2000, M=2000 impl=g-rabenseifner-subgroup-4
7: Starting numprocs=16 N=2000, M=2000 impl=g-rabenseifner-subgroup-4
14: Starting numprocs=16 N=2000, M=2000 impl=g-rabenseifner-subgroup-4
15: Starting numprocs=16 N=2000, M=2000 impl=g-rabenseifner-subgroup-4
4: Starting numprocs=16 N=2000, M=2000 impl=g-rabenseifner-subgroup-4
6: Starting numprocs=16 N=2000, M=2000 impl=g-rabenseifner-subgroup-4
2: Starting numprocs=16 N=2000, M=2000 impl=g-rabenseifner-subgroup-4
13: Starting numprocs=16 N=2000, M=2000 impl=g-rabenseifner-subgroup-4
1: Starting numprocs=16 N=2000, M=2000 impl=g-rabenseifner-subgroup-4
11: Starting numprocs=16 N=2000, M=2000 impl=g-rabenseifner-subgroup-4
8: Starting numprocs=16 N=2000, M=2000 impl=g-rabenseifner-subgroup-4
3: Starting numprocs=16 N=2000, M=2000 impl=g-rabenseifner-subgroup-4
9: Starting numprocs=16 N=2000, M=2000 impl=g-rabenseifner-subgroup-4
0: Starting numprocs=16 N=2000, M=2000 impl=g-rabenseifner-subgroup-4
Iteration 0
time: 0.054739s
Iteration 1
time: 0.035074s
Iteration 2
time: 0.034565s
Iteration 3
time: 0.034592s
Iteration 4
time: 0.034666s
Iteration 5
time: 0.034742s
Iteration 6
time: 0.034625s
Iteration 7
time: 0.034602s
Iteration 8
time: 0.034371s
Iteration 9
time: 0.034644s
Iteration 10
time: 0.034714s
Iteration 11
time: 0.034691s
Iteration 12
time: 0.036202s
Iteration 13
time: 0.034833s
Iteration 14
time: 0.034820s
Iteration 15
time: 0.034757s
Iteration 16
time: 0.034642s
Iteration 17
time: 0.035089s
Iteration 18
time: 0.033954s
Iteration 19
time: 0.034298s
Iteration 20
time: 0.035320s
Iteration 21
time: 0.034631s
Iteration 22
time: 0.034592s
Iteration 23
time: 0.034660s
Iteration 24
time: 0.034520s
10: Starting numprocs=16 N=2000, M=2000 impl=g-rabenseifner-subgroup-8
14: Starting numprocs=16 N=2000, M=2000 impl=g-rabenseifner-subgroup-8
15: Starting numprocs=16 N=2000, M=2000 impl=g-rabenseifner-subgroup-8
7: Starting numprocs=16 N=2000, M=2000 impl=g-rabenseifner-subgroup-8
6: Starting numprocs=16 N=2000, M=2000 impl=g-rabenseifner-subgroup-8
8: Starting numprocs=16 N=2000, M=2000 impl=g-rabenseifner-subgroup-8
4: Starting numprocs=16 N=2000, M=2000 impl=g-rabenseifner-subgroup-8
5: Starting numprocs=16 N=2000, M=2000 impl=g-rabenseifner-subgroup-8
12: Starting numprocs=16 N=2000, M=2000 impl=g-rabenseifner-subgroup-8
2: Starting numprocs=16 N=2000, M=2000 impl=g-rabenseifner-subgroup-8
3: Starting numprocs=16 N=2000, M=2000 impl=g-rabenseifner-subgroup-8
13: Starting numprocs=16 N=2000, M=2000 impl=g-rabenseifner-subgroup-8
9: Starting numprocs=16 N=2000, M=2000 impl=g-rabenseifner-subgroup-8
1: Starting numprocs=16 N=2000, M=2000 impl=g-rabenseifner-subgroup-8
11: Starting numprocs=16 N=2000, M=2000 impl=g-rabenseifner-subgroup-8
0: Starting numprocs=16 N=2000, M=2000 impl=g-rabenseifner-subgroup-8
Iteration 0
time: 0.058772s
Iteration 1
time: 0.042277s
Iteration 2
time: 0.042563s
Iteration 3
time: 0.042003s
Iteration 4
time: 0.043637s
Iteration 5
time: 0.042569s
Iteration 6
time: 0.042438s
Iteration 7
time: 0.041877s
Iteration 8
time: 0.041643s
Iteration 9
time: 0.041676s
Iteration 10
time: 0.042265s
Iteration 11
time: 0.041338s
Iteration 12
time: 0.041812s
Iteration 13
time: 0.041591s
Iteration 14
time: 0.042179s
Iteration 15
time: 0.042419s
Iteration 16
time: 0.042720s
Iteration 17
time: 0.041345s
Iteration 18
time: 0.043082s
Iteration 19
time: 0.042139s
Iteration 20
time: 0.043735s
Iteration 21
time: 1.605019s
Iteration 22
time: 0.042533s
Iteration 23
time: 0.041852s
Iteration 24
time: 0.041868s
10: Starting numprocs=16 N=3000, M=3000 impl=allgather
7: Starting numprocs=16 N=3000, M=3000 impl=allgather
5: Starting numprocs=16 N=3000, M=3000 impl=allgather
14: Starting numprocs=16 N=3000, M=3000 impl=allgather
13: Starting numprocs=16 N=3000, M=3000 impl=allgather
15: Starting numprocs=16 N=3000, M=3000 impl=allgather
4: Starting numprocs=16 N=3000, M=3000 impl=allgather
12: Starting numprocs=16 N=3000, M=3000 impl=allgather
8: Starting numprocs=16 N=3000, M=3000 impl=allgather
2: Starting numprocs=16 N=3000, M=3000 impl=allgather
6: Starting numprocs=16 N=3000, M=3000 impl=allgather
3: Starting numprocs=16 N=3000, M=3000 impl=allgather
11: Starting numprocs=16 N=3000, M=3000 impl=allgather
1: Starting numprocs=16 N=3000, M=3000 impl=allgather
9: Starting numprocs=16 N=3000, M=3000 impl=allgather
0: Starting numprocs=16 N=3000, M=3000 impl=allgather
Iteration 0
time: 0.176952s
Iteration 1
time: 0.169830s
Iteration 2
time: 0.190028s
Iteration 3
time: 0.198939s
Iteration 4
time: 0.174884s
Iteration 5
time: 0.171906s
Iteration 6
time: 0.163138s
Iteration 7
time: 0.174755s
Iteration 8
time: 0.167569s
Iteration 9
time: 0.165645s
Iteration 10
time: 0.209805s
Iteration 11
time: 0.193869s
Iteration 12
time: 0.173113s
Iteration 13
time: 0.156768s
Iteration 14
time: 0.166668s
Iteration 15
time: 0.177283s
Iteration 16
time: 0.171769s
Iteration 17
time: 0.167829s
Iteration 18
time: 0.162751s
Iteration 19
time: 0.190937s
Iteration 20
time: 0.212634s
Iteration 21
time: 0.185741s
Iteration 22
time: 0.159571s
Iteration 23
time: 0.155940s
Iteration 24
time: 0.173066s
10: Starting numprocs=16 N=3000, M=3000 impl=allreduce
7: Starting numprocs=16 N=3000, M=3000 impl=allreduce
14: Starting numprocs=16 N=3000, M=3000 impl=allreduce
12: Starting numprocs=16 N=3000, M=3000 impl=allreduce
15: Starting numprocs=16 N=3000, M=3000 impl=allreduce
4: Starting numprocs=16 N=3000, M=3000 impl=allreduce
13: Starting numprocs=16 N=3000, M=3000 impl=allreduce
6: Starting numprocs=16 N=3000, M=3000 impl=allreduce
8: Starting numprocs=16 N=3000, M=3000 impl=allreduce
2: Starting numprocs=16 N=3000, M=3000 impl=allreduce
5: Starting numprocs=16 N=3000, M=3000 impl=allreduce
3: Starting numprocs=16 N=3000, M=3000 impl=allreduce
1: Starting numprocs=16 N=3000, M=3000 impl=allreduce
0: Starting numprocs=16 N=3000, M=3000 impl=allreduce
Iteration 0
9: Starting numprocs=16 N=3000, M=3000 impl=allreduce
11: Starting numprocs=16 N=3000, M=3000 impl=allreduce
time: 0.227074s
Iteration 1
time: 0.198256s
Iteration 2
time: 0.199338s
Iteration 3
time: 0.195392s
Iteration 4
time: 0.202240s
Iteration 5
time: 0.206145s
Iteration 6
time: 0.194912s
Iteration 7
time: 0.203987s
Iteration 8
time: 0.207452s
Iteration 9
time: 0.206710s
Iteration 10
time: 0.195635s
Iteration 11
time: 0.196613s
Iteration 12
time: 0.199576s
Iteration 13
time: 0.205104s
Iteration 14
time: 0.205104s
Iteration 15
time: 0.200499s
Iteration 16
time: 0.203462s
Iteration 17
time: 0.206729s
Iteration 18
time: 0.198861s
Iteration 19
time: 0.194900s
Iteration 20
time: 0.198668s
Iteration 21
time: 0.202164s
Iteration 22
time: 0.195677s
Iteration 23
time: 2.296293s
Iteration 24
time: 0.200574s
10: Starting numprocs=16 N=3000, M=3000 impl=allreduce-ring
12: Starting numprocs=16 N=3000, M=3000 impl=allreduce-ring
7: Starting numprocs=16 N=3000, M=3000 impl=allreduce-ring
14: Starting numprocs=16 N=3000, M=3000 impl=allreduce-ring
4: Starting numprocs=16 N=3000, M=3000 impl=allreduce-ring
5: Starting numprocs=16 N=3000, M=3000 impl=allreduce-ring
15: Starting numprocs=16 N=3000, M=3000 impl=allreduce-ring
6: Starting numprocs=16 N=3000, M=3000 impl=allreduce-ring
2: Starting numprocs=16 N=3000, M=3000 impl=allreduce-ring
11: Starting numprocs=16 N=3000, M=3000 impl=allreduce-ring
8: Starting numprocs=16 N=3000, M=3000 impl=allreduce-ring
13: Starting numprocs=16 N=3000, M=3000 impl=allreduce-ring
9: Starting numprocs=16 N=3000, M=3000 impl=allreduce-ring
3: Starting numprocs=16 N=3000, M=3000 impl=allreduce-ring
1: Starting numprocs=16 N=3000, M=3000 impl=allreduce-ring
0: Starting numprocs=16 N=3000, M=3000 impl=allreduce-ring
Iteration 0
time: 0.145433s
Iteration 1
time: 0.131521s
Iteration 2
time: 0.132466s
Iteration 3
time: 0.132194s
Iteration 4
time: 0.132648s
Iteration 5
time: 0.133340s
Iteration 6
time: 3.599949s
Iteration 7
time: 0.132289s
Iteration 8
time: 0.131982s
Iteration 9
time: 0.131444s
Iteration 10
time: 0.130891s
Iteration 11
time: 0.132428s
Iteration 12
time: 0.133240s
Iteration 13
time: 0.133899s
Iteration 14
time: 0.138777s
Iteration 15
time: 0.136549s
Iteration 16
time: 0.133710s
Iteration 17
time: 0.130204s
Iteration 18
time: 0.133185s
Iteration 19
time: 0.132361s
Iteration 20
time: 0.136082s
Iteration 21
time: 0.134500s
Iteration 22
time: 0.132762s
Iteration 23
time: 0.135796s
Iteration 24
time: 0.132729s
10: Starting numprocs=16 N=3000, M=3000 impl=g-rabenseifner-allgather
6: Starting numprocs=16 N=3000, M=3000 impl=g-rabenseifner-allgather
12: Starting numprocs=16 N=3000, M=3000 impl=g-rabenseifner-allgather
13: Starting numprocs=16 N=3000, M=3000 impl=g-rabenseifner-allgather
14: Starting numprocs=16 N=3000, M=3000 impl=g-rabenseifner-allgather
7: Starting numprocs=16 N=3000, M=3000 impl=g-rabenseifner-allgather
2: Starting numprocs=16 N=3000, M=3000 impl=g-rabenseifner-allgather
4: Starting numprocs=16 N=3000, M=3000 impl=g-rabenseifner-allgather
15: Starting numprocs=16 N=3000, M=3000 impl=g-rabenseifner-allgather
8: Starting numprocs=16 N=3000, M=3000 impl=g-rabenseifner-allgather
5: Starting numprocs=16 N=3000, M=3000 impl=g-rabenseifner-allgather
3: Starting numprocs=16 N=3000, M=3000 impl=g-rabenseifner-allgather
1: Starting numprocs=16 N=3000, M=3000 impl=g-rabenseifner-allgather
11: Starting numprocs=16 N=3000, M=3000 impl=g-rabenseifner-allgather
9: Starting numprocs=16 N=3000, M=3000 impl=g-rabenseifner-allgather
0: Starting numprocs=16 N=3000, M=3000 impl=g-rabenseifner-allgather
Iteration 0
time: 0.092673s
Iteration 1
time: 0.067087s
Iteration 2
time: 0.065690s
Iteration 3
time: 0.065874s
Iteration 4
time: 0.066220s
Iteration 5
time: 0.065822s
Iteration 6
time: 0.066380s
Iteration 7
time: 0.066447s
Iteration 8
time: 0.065808s
Iteration 9
time: 0.066186s
Iteration 10
time: 0.066019s
Iteration 11
time: 0.071594s
Iteration 12
time: 0.066512s
Iteration 13
time: 0.066328s
Iteration 14
time: 0.068080s
Iteration 15
time: 0.066110s
Iteration 16
time: 0.065756s
Iteration 17
time: 0.066333s
Iteration 18
time: 0.065876s
Iteration 19
time: 0.066183s
Iteration 20
time: 0.065749s
Iteration 21
time: 0.066344s
Iteration 22
time: 0.066015s
Iteration 23
time: 0.065866s
Iteration 24
time: 0.065984s
7: Starting numprocs=16 N=3000, M=3000 impl=g-rabenseifner-subgroup-2
12: Starting numprocs=16 N=3000, M=3000 impl=g-rabenseifner-subgroup-2
15: Starting numprocs=16 N=3000, M=3000 impl=g-rabenseifner-subgroup-2
14: Starting numprocs=16 N=3000, M=3000 impl=g-rabenseifner-subgroup-2
10: Starting numprocs=16 N=3000, M=3000 impl=g-rabenseifner-subgroup-2
6: Starting numprocs=16 N=3000, M=3000 impl=g-rabenseifner-subgroup-2
13: Starting numprocs=16 N=3000, M=3000 impl=g-rabenseifner-subgroup-2
8: Starting numprocs=16 N=3000, M=3000 impl=g-rabenseifner-subgroup-2
5: Starting numprocs=16 N=3000, M=3000 impl=g-rabenseifner-subgroup-2
2: Starting numprocs=16 N=3000, M=3000 impl=g-rabenseifner-subgroup-2
1: Starting numprocs=16 N=3000, M=3000 impl=g-rabenseifner-subgroup-2
3: Starting numprocs=16 N=3000, M=3000 impl=g-rabenseifner-subgroup-2
11: Starting numprocs=16 N=3000, M=3000 impl=g-rabenseifner-subgroup-2
4: Starting numprocs=16 N=3000, M=3000 impl=g-rabenseifner-subgroup-2
9: Starting numprocs=16 N=3000, M=3000 impl=g-rabenseifner-subgroup-2
0: Starting numprocs=16 N=3000, M=3000 impl=g-rabenseifner-subgroup-2
Iteration 0
time: 0.095226s
Iteration 1
time: 0.070536s
Iteration 2
time: 0.070030s
Iteration 3
time: 0.069192s
Iteration 4
time: 0.069765s
Iteration 5
time: 0.069360s
Iteration 6
time: 0.069485s
Iteration 7
time: 0.069100s
Iteration 8
time: 0.069299s
Iteration 9
time: 0.070861s
Iteration 10
time: 0.069213s
Iteration 11
time: 0.069453s
Iteration 12
time: 0.069489s
Iteration 13
time: 0.069156s
Iteration 14
time: 0.070192s
Iteration 15
time: 0.069668s
Iteration 16
time: 0.069574s
Iteration 17
time: 0.070290s
Iteration 18
time: 0.069199s
Iteration 19
time: 0.069706s
Iteration 20
time: 0.069080s
Iteration 21
time: 0.070082s
Iteration 22
time: 0.070007s
Iteration 23
time: 0.070095s
Iteration 24
time: 0.070248s
10: Starting numprocs=16 N=3000, M=3000 impl=g-rabenseifner-subgroup-4
14: Starting numprocs=16 N=3000, M=3000 impl=g-rabenseifner-subgroup-4
7: Starting numprocs=16 N=3000, M=3000 impl=g-rabenseifner-subgroup-4
5: Starting numprocs=16 N=3000, M=3000 impl=g-rabenseifner-subgroup-4
15: Starting numprocs=16 N=3000, M=3000 impl=g-rabenseifner-subgroup-4
12: Starting numprocs=16 N=3000, M=3000 impl=g-rabenseifner-subgroup-4
8: Starting numprocs=16 N=3000, M=3000 impl=g-rabenseifner-subgroup-4
4: Starting numprocs=16 N=3000, M=3000 impl=g-rabenseifner-subgroup-4
6: Starting numprocs=16 N=3000, M=3000 impl=g-rabenseifner-subgroup-4
2: Starting numprocs=16 N=3000, M=3000 impl=g-rabenseifner-subgroup-4
13: Starting numprocs=16 N=3000, M=3000 impl=g-rabenseifner-subgroup-4
11: Starting numprocs=16 N=3000, M=3000 impl=g-rabenseifner-subgroup-4
3: Starting numprocs=16 N=3000, M=3000 impl=g-rabenseifner-subgroup-4
9: Starting numprocs=16 N=3000, M=3000 impl=g-rabenseifner-subgroup-4
1: Starting numprocs=16 N=3000, M=3000 impl=g-rabenseifner-subgroup-4
0: Starting numprocs=16 N=3000, M=3000 impl=g-rabenseifner-subgroup-4
Iteration 0
time: 0.100630s
Iteration 1
time: 0.079020s
Iteration 2
time: 0.078648s
Iteration 3
time: 0.076602s
Iteration 4
time: 0.076619s
Iteration 5
time: 0.077271s
Iteration 6
time: 0.077596s
Iteration 7
time: 0.077732s
Iteration 8
time: 0.076130s
Iteration 9
time: 0.078125s
Iteration 10
time: 0.077662s
Iteration 11
time: 0.078223s
Iteration 12
time: 0.077621s
Iteration 13
time: 0.076958s
Iteration 14
time: 0.077259s
Iteration 15
time: 0.077644s
Iteration 16
time: 0.076986s
Iteration 17
time: 0.076152s
Iteration 18
time: 0.078748s
Iteration 19
time: 0.076959s
Iteration 20
time: 0.077980s
Iteration 21
time: 0.077417s
Iteration 22
time: 0.078096s
Iteration 23
time: 0.077893s
Iteration 24
time: 0.077862s
10: Starting numprocs=16 N=3000, M=3000 impl=g-rabenseifner-subgroup-8
5: Starting numprocs=16 N=3000, M=3000 impl=g-rabenseifner-subgroup-8
12: Starting numprocs=16 N=3000, M=3000 impl=g-rabenseifner-subgroup-8
6: Starting numprocs=16 N=3000, M=3000 impl=g-rabenseifner-subgroup-8
15: Starting numprocs=16 N=3000, M=3000 impl=g-rabenseifner-subgroup-8
7: Starting numprocs=16 N=3000, M=3000 impl=g-rabenseifner-subgroup-8
14: Starting numprocs=16 N=3000, M=3000 impl=g-rabenseifner-subgroup-8
4: Starting numprocs=16 N=3000, M=3000 impl=g-rabenseifner-subgroup-8
8: Starting numprocs=16 N=3000, M=3000 impl=g-rabenseifner-subgroup-8
2: Starting numprocs=16 N=3000, M=3000 impl=g-rabenseifner-subgroup-8
11: Starting numprocs=16 N=3000, M=3000 impl=g-rabenseifner-subgroup-8
1: Starting numprocs=16 N=3000, M=3000 impl=g-rabenseifner-subgroup-8
13: Starting numprocs=16 N=3000, M=3000 impl=g-rabenseifner-subgroup-8
3: Starting numprocs=16 N=3000, M=3000 impl=g-rabenseifner-subgroup-8
9: Starting numprocs=16 N=3000, M=3000 impl=g-rabenseifner-subgroup-8
0: Starting numprocs=16 N=3000, M=3000 impl=g-rabenseifner-subgroup-8
Iteration 0
time: 0.112510s
Iteration 1
time: 0.096072s
Iteration 2
time: 0.095041s
Iteration 3
time: 0.097877s
Iteration 4
time: 0.097376s
Iteration 5
time: 0.097261s
Iteration 6
time: 0.100549s
Iteration 7
time: 0.095738s
Iteration 8
time: 0.095960s
Iteration 9
time: 0.092775s
Iteration 10
time: 0.093651s
Iteration 11
time: 0.094021s
Iteration 12
time: 0.095068s
Iteration 13
time: 0.092413s
Iteration 14
time: 0.093222s
Iteration 15
time: 0.093369s
Iteration 16
time: 0.094635s
Iteration 17
time: 0.096367s
Iteration 18
time: 0.095561s
Iteration 19
time: 0.097089s
Iteration 20
time: 0.099275s
Iteration 21
time: 0.097341s
Iteration 22
time: 0.096967s
Iteration 23
time: 0.098105s
Iteration 24
time: 0.095831s
10: Starting numprocs=16 N=4000, M=4000 impl=allgather
12: Starting numprocs=16 N=4000, M=4000 impl=allgather
6: Starting numprocs=16 N=4000, M=4000 impl=allgather
8: Starting numprocs=16 N=4000, M=4000 impl=allgather
5: Starting numprocs=16 N=4000, M=4000 impl=allgather
14: Starting numprocs=16 N=4000, M=4000 impl=allgather
15: Starting numprocs=16 N=4000, M=4000 impl=allgather
4: Starting numprocs=16 N=4000, M=4000 impl=allgather
2: Starting numprocs=16 N=4000, M=4000 impl=allgather
7: Starting numprocs=16 N=4000, M=4000 impl=allgather
13: Starting numprocs=16 N=4000, M=4000 impl=allgather
11: Starting numprocs=16 N=4000, M=4000 impl=allgather
3: Starting numprocs=16 N=4000, M=4000 impl=allgather
1: Starting numprocs=16 N=4000, M=4000 impl=allgather
9: Starting numprocs=16 N=4000, M=4000 impl=allgather
0: Starting numprocs=16 N=4000, M=4000 impl=allgather
Iteration 0
time: 0.402820s
Iteration 1
time: 0.308593s
Iteration 2
time: 0.355892s
Iteration 3
time: 0.358768s
Iteration 4
time: 0.362140s
Iteration 5
time: 0.363801s
Iteration 6
time: 0.309237s
Iteration 7
time: 0.358391s
Iteration 8
time: 0.364000s
Iteration 9
time: 0.357514s
Iteration 10
time: 0.357852s
Iteration 11
time: 0.316274s
Iteration 12
time: 0.349288s
Iteration 13
time: 0.377533s
Iteration 14
time: 0.338688s
Iteration 15
time: 0.350786s
Iteration 16
time: 0.328060s
Iteration 17
time: 0.344575s
Iteration 18
time: 0.376889s
Iteration 19
time: 0.331124s
Iteration 20
time: 0.348884s
Iteration 21
time: 0.336941s
Iteration 22
time: 0.346948s
Iteration 23
time: 0.386577s
Iteration 24
time: 0.320220s
6: Starting numprocs=16 N=4000, M=4000 impl=allreduce
7: Starting numprocs=16 N=4000, M=4000 impl=allreduce
5: Starting numprocs=16 N=4000, M=4000 impl=allreduce
12: Starting numprocs=16 N=4000, M=4000 impl=allreduce
10: Starting numprocs=16 N=4000, M=4000 impl=allreduce
8: Starting numprocs=16 N=4000, M=4000 impl=allreduce
15: Starting numprocs=16 N=4000, M=4000 impl=allreduce
14: Starting numprocs=16 N=4000, M=4000 impl=allreduce
4: Starting numprocs=16 N=4000, M=4000 impl=allreduce
13: Starting numprocs=16 N=4000, M=4000 impl=allreduce
1: Starting numprocs=16 N=4000, M=4000 impl=allreduce
2: Starting numprocs=16 N=4000, M=4000 impl=allreduce
11: Starting numprocs=16 N=4000, M=4000 impl=allreduce
3: Starting numprocs=16 N=4000, M=4000 impl=allreduce
9: Starting numprocs=16 N=4000, M=4000 impl=allreduce
0: Starting numprocs=16 N=4000, M=4000 impl=allreduce
Iteration 0
time: 3.689402s
Iteration 1
time: 0.355142s
Iteration 2
time: 0.361236s
Iteration 3
time: 0.362961s
Iteration 4
time: 0.354072s
Iteration 5
time: 3.758262s
Iteration 6
time: 0.369175s
Iteration 7
time: 0.363838s
Iteration 8
time: 1.465448s
Iteration 9
time: 0.355619s
Iteration 10
time: 2.102737s
Iteration 11
time: 10.341525s
Iteration 12
time: 0.370820s
Iteration 13
time: 0.367058s
Iteration 14
time: 0.352088s
Iteration 15
time: 0.353718s
Iteration 16
time: 16.823272s
Iteration 17
time: 0.352004s
Iteration 18
time: 0.350775s
Iteration 19
time: 0.351571s
Iteration 20
time: 0.367558s
Iteration 21
time: 0.345929s
Iteration 22
time: 0.358323s
Iteration 23
time: 0.351799s
Iteration 24
time: 0.376007s
10: Starting numprocs=16 N=4000, M=4000 impl=allreduce-ring
4: Starting numprocs=16 N=4000, M=4000 impl=allreduce-ring
12: Starting numprocs=16 N=4000, M=4000 impl=allreduce-ring
5: Starting numprocs=16 N=4000, M=4000 impl=allreduce-ring
7: Starting numprocs=16 N=4000, M=4000 impl=allreduce-ring
13: Starting numprocs=16 N=4000, M=4000 impl=allreduce-ring
8: Starting numprocs=16 N=4000, M=4000 impl=allreduce-ring
15: Starting numprocs=16 N=4000, M=4000 impl=allreduce-ring
2: Starting numprocs=16 N=4000, M=4000 impl=allreduce-ring
6: Starting numprocs=16 N=4000, M=4000 impl=allreduce-ring
14: Starting numprocs=16 N=4000, M=4000 impl=allreduce-ring
11: Starting numprocs=16 N=4000, M=4000 impl=allreduce-ring
1: Starting numprocs=16 N=4000, M=4000 impl=allreduce-ring
9: Starting numprocs=16 N=4000, M=4000 impl=allreduce-ring
3: Starting numprocs=16 N=4000, M=4000 impl=allreduce-ring
0: Starting numprocs=16 N=4000, M=4000 impl=allreduce-ring
Iteration 0
time: 0.262788s
Iteration 1
time: 5.952752s
Iteration 2
time: 0.234548s
Iteration 3
time: 0.239734s
Iteration 4
time: 0.243258s
Iteration 5
time: 0.244389s
Iteration 6
time: 0.241206s
Iteration 7
time: 0.238178s
Iteration 8
time: 0.235141s
Iteration 9
time: 6.754799s
Iteration 10
time: 0.238566s
Iteration 11
time: 0.242684s
Iteration 12
time: 0.236073s
Iteration 13
time: 0.248455s
Iteration 14
time: 0.239209s
Iteration 15
time: 0.238978s
Iteration 16
time: 0.240279s
Iteration 17
time: 0.236408s
Iteration 18
time: 6.745225s
Iteration 19
time: 0.241799s
Iteration 20
time: 0.242659s
Iteration 21
time: 0.233999s
Iteration 22
time: 0.239467s
Iteration 23
time: 0.236087s
Iteration 24
time: 0.237692s
10: Starting numprocs=16 N=4000, M=4000 impl=g-rabenseifner-allgather
7: Starting numprocs=16 N=4000, M=4000 impl=g-rabenseifner-allgather
15: Starting numprocs=16 N=4000, M=4000 impl=g-rabenseifner-allgather
5: Starting numprocs=16 N=4000, M=4000 impl=g-rabenseifner-allgather
14: Starting numprocs=16 N=4000, M=4000 impl=g-rabenseifner-allgather
4: Starting numprocs=16 N=4000, M=4000 impl=g-rabenseifner-allgather
13: Starting numprocs=16 N=4000, M=4000 impl=g-rabenseifner-allgather
2: Starting numprocs=16 N=4000, M=4000 impl=g-rabenseifner-allgather
6: Starting numprocs=16 N=4000, M=4000 impl=g-rabenseifner-allgather
12: Starting numprocs=16 N=4000, M=4000 impl=g-rabenseifner-allgather
8: Starting numprocs=16 N=4000, M=4000 impl=g-rabenseifner-allgather
3: Starting numprocs=16 N=4000, M=4000 impl=g-rabenseifner-allgather
9: Starting numprocs=16 N=4000, M=4000 impl=g-rabenseifner-allgather
1: Starting numprocs=16 N=4000, M=4000 impl=g-rabenseifner-allgather
11: Starting numprocs=16 N=4000, M=4000 impl=g-rabenseifner-allgather
0: Starting numprocs=16 N=4000, M=4000 impl=g-rabenseifner-allgather
Iteration 0
time: 0.148126s
Iteration 1
time: 0.116353s
Iteration 2
time: 0.116753s
Iteration 3
time: 0.115906s
Iteration 4
time: 0.116171s
Iteration 5
time: 0.116169s
Iteration 6
time: 0.115946s
Iteration 7
time: 0.115687s
Iteration 8
time: 0.116077s
Iteration 9
time: 0.116151s
Iteration 10
time: 0.116175s
Iteration 11
time: 12.302762s
Iteration 12
time: 13.078040s
Iteration 13
time: 0.115917s
Iteration 14
time: 0.116092s
Iteration 15
time: 0.116274s
Iteration 16
time: 0.116891s
Iteration 17
time: 0.116278s
Iteration 18
time: 0.116755s
Iteration 19
time: 0.116152s
Iteration 20
time: 0.115801s
Iteration 21
time: 0.116177s
Iteration 22
time: 0.115724s
Iteration 23
time: 0.116219s
Iteration 24
time: 0.116702s
10: Starting numprocs=16 N=4000, M=4000 impl=g-rabenseifner-subgroup-2
7: Starting numprocs=16 N=4000, M=4000 impl=g-rabenseifner-subgroup-2
12: Starting numprocs=16 N=4000, M=4000 impl=g-rabenseifner-subgroup-2
8: Starting numprocs=16 N=4000, M=4000 impl=g-rabenseifner-subgroup-2
14: Starting numprocs=16 N=4000, M=4000 impl=g-rabenseifner-subgroup-2
4: Starting numprocs=16 N=4000, M=4000 impl=g-rabenseifner-subgroup-2
15: Starting numprocs=16 N=4000, M=4000 impl=g-rabenseifner-subgroup-2
5: Starting numprocs=16 N=4000, M=4000 impl=g-rabenseifner-subgroup-2
13: Starting numprocs=16 N=4000, M=4000 impl=g-rabenseifner-subgroup-2
2: Starting numprocs=16 N=4000, M=4000 impl=g-rabenseifner-subgroup-2
6: Starting numprocs=16 N=4000, M=4000 impl=g-rabenseifner-subgroup-2
1: Starting numprocs=16 N=4000, M=4000 impl=g-rabenseifner-subgroup-2
11: Starting numprocs=16 N=4000, M=4000 impl=g-rabenseifner-subgroup-2
3: Starting numprocs=16 N=4000, M=4000 impl=g-rabenseifner-subgroup-2
9: Starting numprocs=16 N=4000, M=4000 impl=g-rabenseifner-subgroup-2
0: Starting numprocs=16 N=4000, M=4000 impl=g-rabenseifner-subgroup-2
Iteration 0
time: 0.154638s
Iteration 1
time: 0.122866s
Iteration 2
time: 0.123271s
Iteration 3
time: 0.122940s
Iteration 4
time: 0.123156s
Iteration 5
time: 0.123177s
Iteration 6
time: 0.123227s
Iteration 7
time: 0.123161s
Iteration 8
time: 0.123196s
Iteration 9
time: 0.123341s
Iteration 10
time: 0.123672s
Iteration 11
time: 0.122697s
Iteration 12
time: 0.122940s
Iteration 13
time: 0.122307s
Iteration 14
time: 0.138016s
Iteration 15
time: 0.122698s
Iteration 16
time: 0.122812s
Iteration 17
time: 0.124699s
Iteration 18
time: 0.124693s
Iteration 19
time: 0.123685s
Iteration 20
time: 0.123875s
Iteration 21
time: 0.123313s
Iteration 22
time: 0.122224s
Iteration 23
time: 0.122830s
Iteration 24
time: 0.123475s
10: Starting numprocs=16 N=4000, M=4000 impl=g-rabenseifner-subgroup-4
7: Starting numprocs=16 N=4000, M=4000 impl=g-rabenseifner-subgroup-4
4: Starting numprocs=16 N=4000, M=4000 impl=g-rabenseifner-subgroup-4
6: Starting numprocs=16 N=4000, M=4000 impl=g-rabenseifner-subgroup-4
5: Starting numprocs=16 N=4000, M=4000 impl=g-rabenseifner-subgroup-4
13: Starting numprocs=16 N=4000, M=4000 impl=g-rabenseifner-subgroup-4
14: Starting numprocs=16 N=4000, M=4000 impl=g-rabenseifner-subgroup-4
12: Starting numprocs=16 N=4000, M=4000 impl=g-rabenseifner-subgroup-4
8: Starting numprocs=16 N=4000, M=4000 impl=g-rabenseifner-subgroup-4
2: Starting numprocs=16 N=4000, M=4000 impl=g-rabenseifner-subgroup-4
3: Starting numprocs=16 N=4000, M=4000 impl=g-rabenseifner-subgroup-4
15: Starting numprocs=16 N=4000, M=4000 impl=g-rabenseifner-subgroup-4
11: Starting numprocs=16 N=4000, M=4000 impl=g-rabenseifner-subgroup-4
9: Starting numprocs=16 N=4000, M=4000 impl=g-rabenseifner-subgroup-4
1: Starting numprocs=16 N=4000, M=4000 impl=g-rabenseifner-subgroup-4
0: Starting numprocs=16 N=4000, M=4000 impl=g-rabenseifner-subgroup-4
Iteration 0
time: 0.176471s
Iteration 1
time: 0.137126s
Iteration 2
time: 0.137560s
Iteration 3
time: 0.136146s
Iteration 4
time: 0.137811s
Iteration 5
time: 0.137906s
Iteration 6
time: 0.137867s
Iteration 7
time: 0.138246s
Iteration 8
time: 0.137389s
Iteration 9
time: 0.137858s
Iteration 10
time: 0.138808s
Iteration 11
time: 0.138380s
Iteration 12
time: 0.137671s
Iteration 13
time: 0.146418s
Iteration 14
time: 0.137338s
Iteration 15
time: 0.146310s
Iteration 16
time: 0.139378s
Iteration 17
time: 0.138000s
Iteration 18
time: 0.146183s
Iteration 19
time: 0.137009s
Iteration 20
time: 0.138142s
Iteration 21
time: 0.140952s
Iteration 22
time: 0.136995s
Iteration 23
time: 0.138808s
Iteration 24
time: 0.134907s
7: Starting numprocs=16 N=4000, M=4000 impl=g-rabenseifner-subgroup-8
6: Starting numprocs=16 N=4000, M=4000 impl=g-rabenseifner-subgroup-8
14: Starting numprocs=16 N=4000, M=4000 impl=g-rabenseifner-subgroup-8
10: Starting numprocs=16 N=4000, M=4000 impl=g-rabenseifner-subgroup-8
12: Starting numprocs=16 N=4000, M=4000 impl=g-rabenseifner-subgroup-8
8: Starting numprocs=16 N=4000, M=4000 impl=g-rabenseifner-subgroup-8
4: Starting numprocs=16 N=4000, M=4000 impl=g-rabenseifner-subgroup-8
2: Starting numprocs=16 N=4000, M=4000 impl=g-rabenseifner-subgroup-8
11: Starting numprocs=16 N=4000, M=4000 impl=g-rabenseifner-subgroup-8
15: Starting numprocs=16 N=4000, M=4000 impl=g-rabenseifner-subgroup-8
9: Starting numprocs=16 N=4000, M=4000 impl=g-rabenseifner-subgroup-8
5: Starting numprocs=16 N=4000, M=4000 impl=g-rabenseifner-subgroup-8
13: Starting numprocs=16 N=4000, M=4000 impl=g-rabenseifner-subgroup-8
3: Starting numprocs=16 N=4000, M=4000 impl=g-rabenseifner-subgroup-8
1: Starting numprocs=16 N=4000, M=4000 impl=g-rabenseifner-subgroup-8
0: Starting numprocs=16 N=4000, M=4000 impl=g-rabenseifner-subgroup-8
Iteration 0
time: 0.200675s
Iteration 1
time: 0.171046s
Iteration 2
time: 0.167455s
Iteration 3
time: 0.166793s
Iteration 4
time: 0.163994s
Iteration 5
time: 0.165913s
Iteration 6
time: 0.168077s
Iteration 7
time: 0.167422s
Iteration 8
time: 0.168355s
Iteration 9
time: 0.167886s
Iteration 10
time: 0.167622s
Iteration 11
time: 0.167813s
Iteration 12
time: 0.168277s
Iteration 13
time: 0.166253s
Iteration 14
time: 0.167527s
Iteration 15
time: 0.167568s
Iteration 16
time: 0.165793s
Iteration 17
time: 0.172937s
Iteration 18
time: 0.171048s
Iteration 19
time: 0.167120s
Iteration 20
time: 0.168020s
Iteration 21
time: 0.171759s
Iteration 22
time: 0.169945s
Iteration 23
time: 0.169404s
Iteration 24
time: 0.167242s
7: Starting numprocs=16 N=5000, M=5000 impl=allgather
6: Starting numprocs=16 N=5000, M=5000 impl=allgather
10: Starting numprocs=16 N=5000, M=5000 impl=allgather
4: Starting numprocs=16 N=5000, M=5000 impl=allgather
8: Starting numprocs=16 N=5000, M=5000 impl=allgather
12: Starting numprocs=16 N=5000, M=5000 impl=allgather
14: Starting numprocs=16 N=5000, M=5000 impl=allgather
15: Starting numprocs=16 N=5000, M=5000 impl=allgather
13: Starting numprocs=16 N=5000, M=5000 impl=allgather
2: Starting numprocs=16 N=5000, M=5000 impl=allgather
5: Starting numprocs=16 N=5000, M=5000 impl=allgather
3: Starting numprocs=16 N=5000, M=5000 impl=allgather
11: Starting numprocs=16 N=5000, M=5000 impl=allgather
1: Starting numprocs=16 N=5000, M=5000 impl=allgather
9: Starting numprocs=16 N=5000, M=5000 impl=allgather
0: Starting numprocs=16 N=5000, M=5000 impl=allgather
Iteration 0
time: 0.590335s
Iteration 1
time: 0.527010s
Iteration 2
time: 0.560862s
Iteration 3
time: 0.547539s
Iteration 4
time: 0.550233s
Iteration 5
time: 0.557906s
Iteration 6
time: 0.547748s
Iteration 7
time: 0.557807s
Iteration 8
time: 0.557979s
Iteration 9
time: 0.537082s
Iteration 10
time: 0.570442s
Iteration 11
time: 0.544186s
Iteration 12
time: 0.552249s
Iteration 13
time: 0.572998s
Iteration 14
time: 0.522889s
Iteration 15
time: 0.563509s
Iteration 16
time: 0.567153s
Iteration 17
time: 0.516249s
Iteration 18
time: 0.576661s
Iteration 19
time: 0.554303s
Iteration 20
time: 0.521094s
Iteration 21
time: 0.576593s
Iteration 22
time: 0.543201s
Iteration 23
time: 0.533254s
Iteration 24
time: 0.582117s
4: Starting numprocs=16 N=5000, M=5000 impl=allreduce
8: Starting numprocs=16 N=5000, M=5000 impl=allreduce
10: Starting numprocs=16 N=5000, M=5000 impl=allreduce
7: Starting numprocs=16 N=5000, M=5000 impl=allreduce
6: Starting numprocs=16 N=5000, M=5000 impl=allreduce
14: Starting numprocs=16 N=5000, M=5000 impl=allreduce
15: Starting numprocs=16 N=5000, M=5000 impl=allreduce
5: Starting numprocs=16 N=5000, M=5000 impl=allreduce
2: Starting numprocs=16 N=5000, M=5000 impl=allreduce
12: Starting numprocs=16 N=5000, M=5000 impl=allreduce
13: Starting numprocs=16 N=5000, M=5000 impl=allreduce
1: Starting numprocs=16 N=5000, M=5000 impl=allreduce
11: Starting numprocs=16 N=5000, M=5000 impl=allreduce
3: Starting numprocs=16 N=5000, M=5000 impl=allreduce
9: Starting numprocs=16 N=5000, M=5000 impl=allreduce
0: Starting numprocs=16 N=5000, M=5000 impl=allreduce
Iteration 0
time: 0.630028s
Iteration 1
time: 0.554771s
Iteration 2
time: 0.556444s
Iteration 3
time: 1.735243s
Iteration 4
time: 0.541692s
Iteration 5
time: 0.553992s
Iteration 6
time: 0.555932s
Iteration 7
time: 0.569409s
Iteration 8
time: 0.549834s
Iteration 9
time: 0.547461s
Iteration 10
time: 0.552563s
Iteration 11
time: 0.583934s
Iteration 12
time: 0.548697s
Iteration 13
time: 0.552382s
Iteration 14
time: 0.555234s
Iteration 15
time: 0.559401s
Iteration 16
time: 8.192499s
Iteration 17
time: 0.551858s
Iteration 18
time: 0.588992s
Iteration 19
time: 0.566630s
Iteration 20
time: 0.545671s
Iteration 21
time: 0.558260s
Iteration 22
time: 0.554494s
Iteration 23
time: 0.547230s
Iteration 24
time: 0.585908s
7: Starting numprocs=16 N=5000, M=5000 impl=allreduce-ring
8: Starting numprocs=16 N=5000, M=5000 impl=allreduce-ring
6: Starting numprocs=16 N=5000, M=5000 impl=allreduce-ring
5: Starting numprocs=16 N=5000, M=5000 impl=allreduce-ring
12: Starting numprocs=16 N=5000, M=5000 impl=allreduce-ring
15: Starting numprocs=16 N=5000, M=5000 impl=allreduce-ring
10: Starting numprocs=16 N=5000, M=5000 impl=allreduce-ring
4: Starting numprocs=16 N=5000, M=5000 impl=allreduce-ring
14: Starting numprocs=16 N=5000, M=5000 impl=allreduce-ring
13: Starting numprocs=16 N=5000, M=5000 impl=allreduce-ring
2: Starting numprocs=16 N=5000, M=5000 impl=allreduce-ring
11: Starting numprocs=16 N=5000, M=5000 impl=allreduce-ring
3: Starting numprocs=16 N=5000, M=5000 impl=allreduce-ring
9: Starting numprocs=16 N=5000, M=5000 impl=allreduce-ring
1: Starting numprocs=16 N=5000, M=5000 impl=allreduce-ring
0: Starting numprocs=16 N=5000, M=5000 impl=allreduce-ring
Iteration 0
time: 0.404920s
Iteration 1
time: 0.379579s
Iteration 2
time: 0.374743s
Iteration 3
time: 0.376014s
Iteration 4
time: 0.383280s
Iteration 5
time: 0.391680s
Iteration 6
time: 0.383762s
Iteration 7
time: 0.381407s
Iteration 8
time: 0.376391s
Iteration 9
time: 16.691528s
Iteration 10
time: 0.368933s
Iteration 11
time: 0.373209s
Iteration 12
time: 0.381446s
Iteration 13
time: 0.377701s
Iteration 14
time: 0.375120s
Iteration 15
time: 0.373630s
Iteration 16
time: 0.383220s
Iteration 17
time: 0.380314s
Iteration 18
time: 0.385629s
Iteration 19
time: 8.118091s
Iteration 20
time: 0.378081s
Iteration 21
time: 0.377447s
Iteration 22
time: 0.383899s
Iteration 23
time: 0.384944s
Iteration 24
time: 0.381505s
10: Starting numprocs=16 N=5000, M=5000 impl=g-rabenseifner-allgather
7: Starting numprocs=16 N=5000, M=5000 impl=g-rabenseifner-allgather
4: Starting numprocs=16 N=5000, M=5000 impl=g-rabenseifner-allgather
12: Starting numprocs=16 N=5000, M=5000 impl=g-rabenseifner-allgather
6: Starting numprocs=16 N=5000, M=5000 impl=g-rabenseifner-allgather
8: Starting numprocs=16 N=5000, M=5000 impl=g-rabenseifner-allgather
15: Starting numprocs=16 N=5000, M=5000 impl=g-rabenseifner-allgather
5: Starting numprocs=16 N=5000, M=5000 impl=g-rabenseifner-allgather
13: Starting numprocs=16 N=5000, M=5000 impl=g-rabenseifner-allgather
14: Starting numprocs=16 N=5000, M=5000 impl=g-rabenseifner-allgather
2: Starting numprocs=16 N=5000, M=5000 impl=g-rabenseifner-allgather
1: Starting numprocs=16 N=5000, M=5000 impl=g-rabenseifner-allgather
3: Starting numprocs=16 N=5000, M=5000 impl=g-rabenseifner-allgather
11: Starting numprocs=16 N=5000, M=5000 impl=g-rabenseifner-allgather
9: Starting numprocs=16 N=5000, M=5000 impl=g-rabenseifner-allgather
0: Starting numprocs=16 N=5000, M=5000 impl=g-rabenseifner-allgather
Iteration 0
time: 0.221637s
Iteration 1
time: 0.181098s
Iteration 2
time: 0.182122s
Iteration 3
time: 0.180723s
Iteration 4
time: 0.181075s
Iteration 5
time: 0.181582s
Iteration 6
time: 0.182070s
Iteration 7
time: 0.181566s
Iteration 8
time: 0.181793s
Iteration 9
time: 0.181661s
Iteration 10
time: 0.181205s
Iteration 11
time: 0.181774s
Iteration 12
time: 0.181397s
Iteration 13
time: 0.181663s
Iteration 14
time: 0.181624s
Iteration 15
time: 0.181293s
Iteration 16
time: 0.180782s
Iteration 17
time: 0.181298s
Iteration 18
time: 0.180698s
Iteration 19
time: 0.183177s
Iteration 20
time: 0.181433s
Iteration 21
time: 0.181336s
Iteration 22
time: 0.181135s
Iteration 23
time: 0.181751s
Iteration 24
time: 0.181629s
10: Starting numprocs=16 N=5000, M=5000 impl=g-rabenseifner-subgroup-2
7: Starting numprocs=16 N=5000, M=5000 impl=g-rabenseifner-subgroup-2
8: Starting numprocs=16 N=5000, M=5000 impl=g-rabenseifner-subgroup-2
4: Starting numprocs=16 N=5000, M=5000 impl=g-rabenseifner-subgroup-2
6: Starting numprocs=16 N=5000, M=5000 impl=g-rabenseifner-subgroup-2
12: Starting numprocs=16 N=5000, M=5000 impl=g-rabenseifner-subgroup-2
2: Starting numprocs=16 N=5000, M=5000 impl=g-rabenseifner-subgroup-2
15: Starting numprocs=16 N=5000, M=5000 impl=g-rabenseifner-subgroup-2
14: Starting numprocs=16 N=5000, M=5000 impl=g-rabenseifner-subgroup-2
3: Starting numprocs=16 N=5000, M=5000 impl=g-rabenseifner-subgroup-2
9: Starting numprocs=16 N=5000, M=5000 impl=g-rabenseifner-subgroup-2
11: Starting numprocs=16 N=5000, M=5000 impl=g-rabenseifner-subgroup-2
5: Starting numprocs=16 N=5000, M=5000 impl=g-rabenseifner-subgroup-2
13: Starting numprocs=16 N=5000, M=5000 impl=g-rabenseifner-subgroup-2
1: Starting numprocs=16 N=5000, M=5000 impl=g-rabenseifner-subgroup-2
0: Starting numprocs=16 N=5000, M=5000 impl=g-rabenseifner-subgroup-2
Iteration 0
time: 0.226514s
Iteration 1
time: 0.193464s
Iteration 2
time: 0.191557s
Iteration 3
time: 0.192349s
Iteration 4
time: 0.193474s
Iteration 5
time: 0.194028s
Iteration 6
time: 0.191662s
Iteration 7
time: 0.190952s
Iteration 8
time: 0.191934s
Iteration 9
time: 0.191230s
Iteration 10
time: 0.192354s
Iteration 11
time: 0.192279s
Iteration 12
time: 0.192399s
Iteration 13
time: 0.191809s
Iteration 14
time: 0.191948s
Iteration 15
time: 0.192229s
Iteration 16
time: 0.190303s
Iteration 17
time: 0.191104s
Iteration 18
time: 0.193010s
Iteration 19
time: 0.192658s
Iteration 20
time: 0.191344s
Iteration 21
time: 0.191317s
Iteration 22
time: 0.193160s
Iteration 23
time: 0.192333s
Iteration 24
time: 0.191617s
10: Starting numprocs=16 N=5000, M=5000 impl=g-rabenseifner-subgroup-4
4: Starting numprocs=16 N=5000, M=5000 impl=g-rabenseifner-subgroup-4
6: Starting numprocs=16 N=5000, M=5000 impl=g-rabenseifner-subgroup-4
14: Starting numprocs=16 N=5000, M=5000 impl=g-rabenseifner-subgroup-4
12: Starting numprocs=16 N=5000, M=5000 impl=g-rabenseifner-subgroup-4
7: Starting numprocs=16 N=5000, M=5000 impl=g-rabenseifner-subgroup-4
8: Starting numprocs=16 N=5000, M=5000 impl=g-rabenseifner-subgroup-4
15: Starting numprocs=16 N=5000, M=5000 impl=g-rabenseifner-subgroup-4
2: Starting numprocs=16 N=5000, M=5000 impl=g-rabenseifner-subgroup-4
11: Starting numprocs=16 N=5000, M=5000 impl=g-rabenseifner-subgroup-4
5: Starting numprocs=16 N=5000, M=5000 impl=g-rabenseifner-subgroup-4
13: Starting numprocs=16 N=5000, M=5000 impl=g-rabenseifner-subgroup-4
1: Starting numprocs=16 N=5000, M=5000 impl=g-rabenseifner-subgroup-4
3: Starting numprocs=16 N=5000, M=5000 impl=g-rabenseifner-subgroup-4
9: Starting numprocs=16 N=5000, M=5000 impl=g-rabenseifner-subgroup-4
0: Starting numprocs=16 N=5000, M=5000 impl=g-rabenseifner-subgroup-4
Iteration 0
time: 0.250226s
Iteration 1
time: 0.215434s
Iteration 2
time: 0.218993s
Iteration 3
time: 0.214924s
Iteration 4
time: 0.216867s
Iteration 5
time: 0.217897s
Iteration 6
time: 0.218085s
Iteration 7
time: 0.217408s
Iteration 8
time: 0.217633s
Iteration 9
time: 0.218345s
Iteration 10
time: 0.218332s
Iteration 11
time: 0.219025s
Iteration 12
time: 0.218536s
Iteration 13
time: 0.217975s
Iteration 14
time: 0.217926s
Iteration 15
time: 0.215236s
Iteration 16
time: 0.215494s
Iteration 17
time: 0.215296s
Iteration 18
time: 0.213359s
Iteration 19
time: 0.217988s
Iteration 20
time: 0.215274s
Iteration 21
time: 0.212814s
Iteration 22
time: 0.212472s
Iteration 23
time: 0.215089s
Iteration 24
time: 0.218534s
10: Starting numprocs=16 N=5000, M=5000 impl=g-rabenseifner-subgroup-8
7: Starting numprocs=16 N=5000, M=5000 impl=g-rabenseifner-subgroup-8
15: Starting numprocs=16 N=5000, M=5000 impl=g-rabenseifner-subgroup-8
12: Starting numprocs=16 N=5000, M=5000 impl=g-rabenseifner-subgroup-8
4: Starting numprocs=16 N=5000, M=5000 impl=g-rabenseifner-subgroup-8
14: Starting numprocs=16 N=5000, M=5000 impl=g-rabenseifner-subgroup-8
6: Starting numprocs=16 N=5000, M=5000 impl=g-rabenseifner-subgroup-8
2: Starting numprocs=16 N=5000, M=5000 impl=g-rabenseifner-subgroup-8
8: Starting numprocs=16 N=5000, M=5000 impl=g-rabenseifner-subgroup-8
5: Starting numprocs=16 N=5000, M=5000 impl=g-rabenseifner-subgroup-8
13: Starting numprocs=16 N=5000, M=5000 impl=g-rabenseifner-subgroup-8
1: Starting numprocs=16 N=5000, M=5000 impl=g-rabenseifner-subgroup-8
11: Starting numprocs=16 N=5000, M=5000 impl=g-rabenseifner-subgroup-8
3: Starting numprocs=16 N=5000, M=5000 impl=g-rabenseifner-subgroup-8
9: Starting numprocs=16 N=5000, M=5000 impl=g-rabenseifner-subgroup-8
0: Starting numprocs=16 N=5000, M=5000 impl=g-rabenseifner-subgroup-8
Iteration 0
time: 0.287850s
Iteration 1
time: 0.269203s
Iteration 2
time: 0.262018s
Iteration 3
time: 0.259245s
Iteration 4
time: 0.267801s
Iteration 5
time: 0.261173s
Iteration 6
time: 0.264758s
Iteration 7
time: 0.271010s
Iteration 8
time: 0.263204s
Iteration 9
time: 0.262831s
Iteration 10
time: 0.262885s
Iteration 11
time: 0.261232s
Iteration 12
time: 0.263889s
Iteration 13
time: 0.270921s
Iteration 14
time: 0.265633s
Iteration 15
time: 0.264386s
Iteration 16
time: 0.264031s
Iteration 17
time: 0.261389s
Iteration 18
time: 0.262805s
Iteration 19
time: 0.263747s
Iteration 20
time: 0.259776s
Iteration 21
time: 0.263088s
Iteration 22
time: 0.262826s
Iteration 23
time: 0.260992s
Iteration 24
time: 0.262403s
7: Starting numprocs=16 N=6000, M=6000 impl=allgather
6: Starting numprocs=16 N=6000, M=6000 impl=allgather
10: Starting numprocs=16 N=6000, M=6000 impl=allgather
8: Starting numprocs=16 N=6000, M=6000 impl=allgather
12: Starting numprocs=16 N=6000, M=6000 impl=allgather
2: Starting numprocs=16 N=6000, M=6000 impl=allgather
15: Starting numprocs=16 N=6000, M=6000 impl=allgather
4: Starting numprocs=16 N=6000, M=6000 impl=allgather
14: Starting numprocs=16 N=6000, M=6000 impl=allgather
5: Starting numprocs=16 N=6000, M=6000 impl=allgather
13: Starting numprocs=16 N=6000, M=6000 impl=allgather
11: Starting numprocs=16 N=6000, M=6000 impl=allgather
3: Starting numprocs=16 N=6000, M=6000 impl=allgather
1: Starting numprocs=16 N=6000, M=6000 impl=allgather
9: Starting numprocs=16 N=6000, M=6000 impl=allgather
0: Starting numprocs=16 N=6000, M=6000 impl=allgather
Iteration 0
time: 0.791998s
Iteration 1
time: 0.825148s
Iteration 2
time: 0.791637s
Iteration 3
time: 0.828598s
Iteration 4
time: 0.775720s
Iteration 5
time: 0.825282s
Iteration 6
time: 0.763964s
Iteration 7
time: 0.816822s
Iteration 8
time: 0.759991s
Iteration 9
time: 0.806950s
Iteration 10
time: 0.802147s
Iteration 11
time: 0.808874s
Iteration 12
time: 0.786577s
Iteration 13
time: 0.817285s
Iteration 14
time: 0.793417s
Iteration 15
time: 0.813328s
Iteration 16
time: 0.788834s
Iteration 17
time: 0.809017s
Iteration 18
time: 0.796571s
Iteration 19
time: 0.798653s
Iteration 20
time: 0.809977s
Iteration 21
time: 0.791339s
Iteration 22
time: 0.797149s
Iteration 23
time: 0.774216s
Iteration 24
time: 0.804456s
10: Starting numprocs=16 N=6000, M=6000 impl=allreduce
7: Starting numprocs=16 N=6000, M=6000 impl=allreduce
14: Starting numprocs=16 N=6000, M=6000 impl=allreduce
15: Starting numprocs=16 N=6000, M=6000 impl=allreduce
6: Starting numprocs=16 N=6000, M=6000 impl=allreduce
8: Starting numprocs=16 N=6000, M=6000 impl=allreduce
4: Starting numprocs=16 N=6000, M=6000 impl=allreduce
2: Starting numprocs=16 N=6000, M=6000 impl=allreduce
11: Starting numprocs=16 N=6000, M=6000 impl=allreduce
13: Starting numprocs=16 N=6000, M=6000 impl=allreduce
5: Starting numprocs=16 N=6000, M=6000 impl=allreduce
12: Starting numprocs=16 N=6000, M=6000 impl=allreduce
3: Starting numprocs=16 N=6000, M=6000 impl=allreduce
1: Starting numprocs=16 N=6000, M=6000 impl=allreduce
0: Starting numprocs=16 N=6000, M=6000 impl=allreduce
Iteration 0
9: Starting numprocs=16 N=6000, M=6000 impl=allreduce
time: 0.905305s
Iteration 1
time: 0.807792s
Iteration 2
time: 0.813774s
Iteration 3
time: 0.822820s
Iteration 4
time: 0.809665s
Iteration 5
time: 0.805563s
Iteration 6
time: 0.818236s
Iteration 7
time: 0.807424s
Iteration 8
time: 0.813354s
Iteration 9
time: 0.815113s
Iteration 10
time: 0.802400s
Iteration 11
time: 0.814624s
Iteration 12
time: 0.803334s
Iteration 13
time: 0.818117s
Iteration 14
time: 0.807649s
Iteration 15
time: 0.810626s
Iteration 16
time: 0.805625s
Iteration 17
time: 0.802174s
Iteration 18
time: 0.795757s
Iteration 19
time: 0.797074s
Iteration 20
time: 0.788171s
Iteration 21
time: 0.800624s
Iteration 22
time: 0.783444s
Iteration 23
time: 0.798335s
Iteration 24
time: 0.810202s
10: Starting numprocs=16 N=6000, M=6000 impl=allreduce-ring
7: Starting numprocs=16 N=6000, M=6000 impl=allreduce-ring
6: Starting numprocs=16 N=6000, M=6000 impl=allreduce-ring
4: Starting numprocs=16 N=6000, M=6000 impl=allreduce-ring
8: Starting numprocs=16 N=6000, M=6000 impl=allreduce-ring
13: Starting numprocs=16 N=6000, M=6000 impl=allreduce-ring
14: Starting numprocs=16 N=6000, M=6000 impl=allreduce-ring
15: Starting numprocs=16 N=6000, M=6000 impl=allreduce-ring
12: Starting numprocs=16 N=6000, M=6000 impl=allreduce-ring
2: Starting numprocs=16 N=6000, M=6000 impl=allreduce-ring
5: Starting numprocs=16 N=6000, M=6000 impl=allreduce-ring
11: Starting numprocs=16 N=6000, M=6000 impl=allreduce-ring
3: Starting numprocs=16 N=6000, M=6000 impl=allreduce-ring
1: Starting numprocs=16 N=6000, M=6000 impl=allreduce-ring
9: Starting numprocs=16 N=6000, M=6000 impl=allreduce-ring
0: Starting numprocs=16 N=6000, M=6000 impl=allreduce-ring
Iteration 0
time: 0.582143s
Iteration 1
time: 0.556161s
Iteration 2
time: 0.553507s
Iteration 3
time: 0.536980s
Iteration 4
time: 0.550333s
Iteration 5
time: 4.091079s
Iteration 6
time: 0.550387s
Iteration 7
time: 0.550293s
Iteration 8
time: 0.556618s
Iteration 9
time: 0.545201s
Iteration 10
time: 0.548005s
Iteration 11
time: 0.550115s
Iteration 12
time: 0.553772s
Iteration 13
time: 0.558603s
Iteration 14
time: 0.545942s
Iteration 15
time: 0.537102s
Iteration 16
time: 0.544810s
Iteration 17
time: 0.542037s
Iteration 18
time: 0.556121s
Iteration 19
time: 0.543003s
Iteration 20
time: 0.557279s
Iteration 21
time: 0.546970s
Iteration 22
time: 0.550109s
Iteration 23
time: 0.544511s
Iteration 24
time: 0.548352s
10: Starting numprocs=16 N=6000, M=6000 impl=g-rabenseifner-allgather
7: Starting numprocs=16 N=6000, M=6000 impl=g-rabenseifner-allgather
6: Starting numprocs=16 N=6000, M=6000 impl=g-rabenseifner-allgather
8: Starting numprocs=16 N=6000, M=6000 impl=g-rabenseifner-allgather
12: Starting numprocs=16 N=6000, M=6000 impl=g-rabenseifner-allgather
4: Starting numprocs=16 N=6000, M=6000 impl=g-rabenseifner-allgather
5: Starting numprocs=16 N=6000, M=6000 impl=g-rabenseifner-allgather
1: Starting numprocs=16 N=6000, M=6000 impl=g-rabenseifner-allgather
15: Starting numprocs=16 N=6000, M=6000 impl=g-rabenseifner-allgather
14: Starting numprocs=16 N=6000, M=6000 impl=g-rabenseifner-allgather
13: Starting numprocs=16 N=6000, M=6000 impl=g-rabenseifner-allgather
2: Starting numprocs=16 N=6000, M=6000 impl=g-rabenseifner-allgather
3: Starting numprocs=16 N=6000, M=6000 impl=g-rabenseifner-allgather
11: Starting numprocs=16 N=6000, M=6000 impl=g-rabenseifner-allgather
9: Starting numprocs=16 N=6000, M=6000 impl=g-rabenseifner-allgather
0: Starting numprocs=16 N=6000, M=6000 impl=g-rabenseifner-allgather
Iteration 0
time: 7.951031s
Iteration 1
time: 0.260996s
Iteration 2
time: 0.260223s
Iteration 3
time: 0.260286s
Iteration 4
time: 0.261301s
Iteration 5
time: 0.259638s
Iteration 6
time: 0.264169s
Iteration 7
time: 26.242438s
Iteration 8
time: 0.259776s
Iteration 9
time: 0.260194s
Iteration 10
time: 0.261613s
Iteration 11
time: 0.259281s
Iteration 12
time: 0.259881s
Iteration 13
time: 0.260803s
Iteration 14
time: 0.260122s
Iteration 15
time: 0.260261s
Iteration 16
time: 0.264246s
Iteration 17
time: 0.260341s
Iteration 18
time: 0.260735s
Iteration 19
time: 0.259737s
Iteration 20
time: 0.259230s
Iteration 21
time: 0.260109s
Iteration 22
time: 0.260403s
Iteration 23
time: 0.259455s
Iteration 24
time: 0.260275s
10: Starting numprocs=16 N=6000, M=6000 impl=g-rabenseifner-subgroup-2
15: Starting numprocs=16 N=6000, M=6000 impl=g-rabenseifner-subgroup-2
7: Starting numprocs=16 N=6000, M=6000 impl=g-rabenseifner-subgroup-2
4: Starting numprocs=16 N=6000, M=6000 impl=g-rabenseifner-subgroup-2
8: Starting numprocs=16 N=6000, M=6000 impl=g-rabenseifner-subgroup-2
12: Starting numprocs=16 N=6000, M=6000 impl=g-rabenseifner-subgroup-2
6: Starting numprocs=16 N=6000, M=6000 impl=g-rabenseifner-subgroup-2
14: Starting numprocs=16 N=6000, M=6000 impl=g-rabenseifner-subgroup-2
13: Starting numprocs=16 N=6000, M=6000 impl=g-rabenseifner-subgroup-2
5: Starting numprocs=16 N=6000, M=6000 impl=g-rabenseifner-subgroup-2
2: Starting numprocs=16 N=6000, M=6000 impl=g-rabenseifner-subgroup-2
11: Starting numprocs=16 N=6000, M=6000 impl=g-rabenseifner-subgroup-2
3: Starting numprocs=16 N=6000, M=6000 impl=g-rabenseifner-subgroup-2
1: Starting numprocs=16 N=6000, M=6000 impl=g-rabenseifner-subgroup-2
9: Starting numprocs=16 N=6000, M=6000 impl=g-rabenseifner-subgroup-2
0: Starting numprocs=16 N=6000, M=6000 impl=g-rabenseifner-subgroup-2
Iteration 0
time: 0.326712s
Iteration 1
time: 0.277525s
Iteration 2
time: 0.278541s
Iteration 3
time: 0.276441s
Iteration 4
time: 0.278347s
Iteration 5
time: 0.276494s
Iteration 6
time: 0.274835s
Iteration 7
time: 0.278504s
Iteration 8
time: 0.276988s
Iteration 9
time: 0.278073s
Iteration 10
time: 0.277337s
Iteration 11
time: 0.274994s
Iteration 12
time: 0.276879s
Iteration 13
time: 0.277068s
Iteration 14
time: 0.276892s
Iteration 15
time: 0.277837s
Iteration 16
time: 0.276267s
Iteration 17
time: 0.275770s
Iteration 18
time: 0.277985s
Iteration 19
time: 0.277153s
Iteration 20
time: 0.279646s
Iteration 21
time: 0.277239s
Iteration 22
time: 0.276107s
Iteration 23
time: 1.973009s
Iteration 24
time: 0.278702s
10: Starting numprocs=16 N=6000, M=6000 impl=g-rabenseifner-subgroup-4
7: Starting numprocs=16 N=6000, M=6000 impl=g-rabenseifner-subgroup-4
4: Starting numprocs=16 N=6000, M=6000 impl=g-rabenseifner-subgroup-4
8: Starting numprocs=16 N=6000, M=6000 impl=g-rabenseifner-subgroup-4
15: Starting numprocs=16 N=6000, M=6000 impl=g-rabenseifner-subgroup-4
12: Starting numprocs=16 N=6000, M=6000 impl=g-rabenseifner-subgroup-4
5: Starting numprocs=16 N=6000, M=6000 impl=g-rabenseifner-subgroup-4
6: Starting numprocs=16 N=6000, M=6000 impl=g-rabenseifner-subgroup-4
2: Starting numprocs=16 N=6000, M=6000 impl=g-rabenseifner-subgroup-4
14: Starting numprocs=16 N=6000, M=6000 impl=g-rabenseifner-subgroup-4
3: Starting numprocs=16 N=6000, M=6000 impl=g-rabenseifner-subgroup-4
13: Starting numprocs=16 N=6000, M=6000 impl=g-rabenseifner-subgroup-4
11: Starting numprocs=16 N=6000, M=6000 impl=g-rabenseifner-subgroup-4
1: Starting numprocs=16 N=6000, M=6000 impl=g-rabenseifner-subgroup-4
0: Starting numprocs=16 N=6000, M=6000 impl=g-rabenseifner-subgroup-4
Iteration 0
9: Starting numprocs=16 N=6000, M=6000 impl=g-rabenseifner-subgroup-4
time: 0.373275s
Iteration 1
time: 0.314639s
Iteration 2
time: 0.307162s
Iteration 3
time: 0.314818s
Iteration 4
time: 0.311700s
Iteration 5
time: 0.310811s
Iteration 6
time: 0.309657s
Iteration 7
time: 0.310543s
Iteration 8
time: 0.315502s
Iteration 9
time: 0.310940s
Iteration 10
time: 0.311479s
Iteration 11
time: 0.311726s
Iteration 12
time: 0.306513s
Iteration 13
time: 0.320590s
Iteration 14
time: 0.308282s
Iteration 15
time: 0.314717s
Iteration 16
time: 0.309848s
Iteration 17
time: 2.178629s
Iteration 18
time: 0.310081s
Iteration 19
time: 0.310215s
Iteration 20
time: 0.312338s
Iteration 21
time: 0.312755s
Iteration 22
time: 0.322466s
Iteration 23
time: 0.313891s
Iteration 24
time: 2.213602s
10: Starting numprocs=16 N=6000, M=6000 impl=g-rabenseifner-subgroup-8
15: Starting numprocs=16 N=6000, M=6000 impl=g-rabenseifner-subgroup-8
7: Starting numprocs=16 N=6000, M=6000 impl=g-rabenseifner-subgroup-8
14: Starting numprocs=16 N=6000, M=6000 impl=g-rabenseifner-subgroup-8
6: Starting numprocs=16 N=6000, M=6000 impl=g-rabenseifner-subgroup-8
8: Starting numprocs=16 N=6000, M=6000 impl=g-rabenseifner-subgroup-8
5: Starting numprocs=16 N=6000, M=6000 impl=g-rabenseifner-subgroup-8
4: Starting numprocs=16 N=6000, M=6000 impl=g-rabenseifner-subgroup-8
12: Starting numprocs=16 N=6000, M=6000 impl=g-rabenseifner-subgroup-8
2: Starting numprocs=16 N=6000, M=6000 impl=g-rabenseifner-subgroup-8
13: Starting numprocs=16 N=6000, M=6000 impl=g-rabenseifner-subgroup-8
3: Starting numprocs=16 N=6000, M=6000 impl=g-rabenseifner-subgroup-8
11: Starting numprocs=16 N=6000, M=6000 impl=g-rabenseifner-subgroup-8
1: Starting numprocs=16 N=6000, M=6000 impl=g-rabenseifner-subgroup-8
0: Starting numprocs=16 N=6000, M=6000 impl=g-rabenseifner-subgroup-8
Iteration 0
9: Starting numprocs=16 N=6000, M=6000 impl=g-rabenseifner-subgroup-8
time: 0.423487s
Iteration 1
time: 0.383606s
Iteration 2
time: 0.378063s
Iteration 3
time: 0.376993s
Iteration 4
time: 0.378582s
Iteration 5
time: 0.377501s
Iteration 6
time: 0.378967s
Iteration 7
time: 0.377934s
Iteration 8
time: 0.378200s
Iteration 9
time: 0.381765s
Iteration 10
time: 0.381210s
Iteration 11
time: 0.378408s
Iteration 12
time: 0.378252s
Iteration 13
time: 0.376676s
Iteration 14
time: 0.381105s
Iteration 15
time: 0.376324s
Iteration 16
time: 0.380053s
Iteration 17
time: 0.374870s
Iteration 18
time: 0.379296s
Iteration 19
time: 0.377716s
Iteration 20
time: 0.381988s
Iteration 21
time: 0.379284s
Iteration 22
time: 0.386904s
Iteration 23
time: 0.378956s
Iteration 24
time: 0.375600s
15: Starting numprocs=16 N=7000, M=7000 impl=allgather
10: Starting numprocs=16 N=7000, M=7000 impl=allgather
8: Starting numprocs=16 N=7000, M=7000 impl=allgather
7: Starting numprocs=16 N=7000, M=7000 impl=allgather
14: Starting numprocs=16 N=7000, M=7000 impl=allgather
12: Starting numprocs=16 N=7000, M=7000 impl=allgather
5: Starting numprocs=16 N=7000, M=7000 impl=allgather
4: Starting numprocs=16 N=7000, M=7000 impl=allgather
6: Starting numprocs=16 N=7000, M=7000 impl=allgather
2: Starting numprocs=16 N=7000, M=7000 impl=allgather
13: Starting numprocs=16 N=7000, M=7000 impl=allgather
1: Starting numprocs=16 N=7000, M=7000 impl=allgather
3: Starting numprocs=16 N=7000, M=7000 impl=allgather
9: Starting numprocs=16 N=7000, M=7000 impl=allgather
11: Starting numprocs=16 N=7000, M=7000 impl=allgather
0: Starting numprocs=16 N=7000, M=7000 impl=allgather
Iteration 0
time: 1.095957s
Iteration 1
time: 1.094796s
Iteration 2
time: 1.081412s
Iteration 3
time: 1.080024s
Iteration 4
time: 1.124083s
Iteration 5
time: 1.067566s
Iteration 6
time: 1.070745s
Iteration 7
time: 1.117066s
Iteration 8
time: 1.083113s
Iteration 9
time: 1.075253s
Iteration 10
time: 1.078349s
Iteration 11
time: 1.069289s
Iteration 12
time: 1.092343s
Iteration 13
time: 1.097077s
Iteration 14
time: 1.066059s
Iteration 15
time: 1.103206s
Iteration 16
time: 1.071688s
Iteration 17
time: 1.091766s
Iteration 18
time: 1.107758s
Iteration 19
time: 1.056069s
Iteration 20
time: 1.084323s
Iteration 21
time: 1.136552s
Iteration 22
time: 1.066972s
Iteration 23
time: 1.082925s
Iteration 24
time: 1.094642s
10: Starting numprocs=16 N=7000, M=7000 impl=allreduce
15: Starting numprocs=16 N=7000, M=7000 impl=allreduce
7: Starting numprocs=16 N=7000, M=7000 impl=allreduce
6: Starting numprocs=16 N=7000, M=7000 impl=allreduce
4: Starting numprocs=16 N=7000, M=7000 impl=allreduce
14: Starting numprocs=16 N=7000, M=7000 impl=allreduce
5: Starting numprocs=16 N=7000, M=7000 impl=allreduce
8: Starting numprocs=16 N=7000, M=7000 impl=allreduce
2: Starting numprocs=16 N=7000, M=7000 impl=allreduce
12: Starting numprocs=16 N=7000, M=7000 impl=allreduce
11: Starting numprocs=16 N=7000, M=7000 impl=allreduce
3: Starting numprocs=16 N=7000, M=7000 impl=allreduce
13: Starting numprocs=16 N=7000, M=7000 impl=allreduce
9: Starting numprocs=16 N=7000, M=7000 impl=allreduce
1: Starting numprocs=16 N=7000, M=7000 impl=allreduce
0: Starting numprocs=16 N=7000, M=7000 impl=allreduce
Iteration 0
time: 1.209958s
Iteration 1
time: 1.081690s
Iteration 2
time: 1.076119s
Iteration 3
time: 1.075981s
Iteration 4
time: 1.074966s
Iteration 5
time: 1.073371s
Iteration 6
time: 1.117141s
Iteration 7
time: 1.083388s
Iteration 8
time: 1.109712s
Iteration 9
time: 1.087755s
Iteration 10
time: 1.098163s
Iteration 11
time: 1.071059s
Iteration 12
time: 1.082216s
Iteration 13
time: 1.090223s
Iteration 14
time: 1.069850s
Iteration 15
time: 1.069975s
Iteration 16
time: 1.103838s
Iteration 17
time: 1.077794s
Iteration 18
time: 1.077991s
Iteration 19
time: 1.109022s
Iteration 20
time: 1.071987s
Iteration 21
time: 1.065580s
Iteration 22
time: 1.107426s
Iteration 23
time: 1.066747s
Iteration 24
time: 1.086578s
7: Starting numprocs=16 N=7000, M=7000 impl=allreduce-ring
10: Starting numprocs=16 N=7000, M=7000 impl=allreduce-ring
5: Starting numprocs=16 N=7000, M=7000 impl=allreduce-ring
6: Starting numprocs=16 N=7000, M=7000 impl=allreduce-ring
8: Starting numprocs=16 N=7000, M=7000 impl=allreduce-ring
4: Starting numprocs=16 N=7000, M=7000 impl=allreduce-ring
14: Starting numprocs=16 N=7000, M=7000 impl=allreduce-ring
15: Starting numprocs=16 N=7000, M=7000 impl=allreduce-ring
12: Starting numprocs=16 N=7000, M=7000 impl=allreduce-ring
2: Starting numprocs=16 N=7000, M=7000 impl=allreduce-ring
13: Starting numprocs=16 N=7000, M=7000 impl=allreduce-ring
1: Starting numprocs=16 N=7000, M=7000 impl=allreduce-ring
11: Starting numprocs=16 N=7000, M=7000 impl=allreduce-ring
3: Starting numprocs=16 N=7000, M=7000 impl=allreduce-ring
9: Starting numprocs=16 N=7000, M=7000 impl=allreduce-ring
0: Starting numprocs=16 N=7000, M=7000 impl=allreduce-ring
Iteration 0
time: 0.795513s
Iteration 1
time: 0.727713s
Iteration 2
time: 0.750458s
Iteration 3
time: 0.732533s
Iteration 4
time: 0.740926s
Iteration 5
time: 0.724646s
Iteration 6
time: 0.733946s
Iteration 7
time: 0.726788s
Iteration 8
time: 0.729524s
Iteration 9
time: 0.745472s
Iteration 10
time: 0.735879s
Iteration 11
time: 0.737638s
Iteration 12
time: 0.739168s
Iteration 13
time: 0.738424s
Iteration 14
time: 0.749117s
Iteration 15
time: 0.739630s
Iteration 16
time: 0.735930s
Iteration 17
time: 0.730830s
Iteration 18
time: 0.742113s
Iteration 19
time: 0.743970s
Iteration 20
time: 0.729989s
Iteration 21
time: 0.738042s
Iteration 22
time: 0.741027s
Iteration 23
time: 0.737603s
Iteration 24
time: 0.729104s
10: Starting numprocs=16 N=7000, M=7000 impl=g-rabenseifner-allgather
7: Starting numprocs=16 N=7000, M=7000 impl=g-rabenseifner-allgather
4: Starting numprocs=16 N=7000, M=7000 impl=g-rabenseifner-allgather
15: Starting numprocs=16 N=7000, M=7000 impl=g-rabenseifner-allgather
5: Starting numprocs=16 N=7000, M=7000 impl=g-rabenseifner-allgather
6: Starting numprocs=16 N=7000, M=7000 impl=g-rabenseifner-allgather
8: Starting numprocs=16 N=7000, M=7000 impl=g-rabenseifner-allgather
12: Starting numprocs=16 N=7000, M=7000 impl=g-rabenseifner-allgather
14: Starting numprocs=16 N=7000, M=7000 impl=g-rabenseifner-allgather
2: Starting numprocs=16 N=7000, M=7000 impl=g-rabenseifner-allgather
13: Starting numprocs=16 N=7000, M=7000 impl=g-rabenseifner-allgather
3: Starting numprocs=16 N=7000, M=7000 impl=g-rabenseifner-allgather
9: Starting numprocs=16 N=7000, M=7000 impl=g-rabenseifner-allgather
1: Starting numprocs=16 N=7000, M=7000 impl=g-rabenseifner-allgather
11: Starting numprocs=16 N=7000, M=7000 impl=g-rabenseifner-allgather
0: Starting numprocs=16 N=7000, M=7000 impl=g-rabenseifner-allgather
Iteration 0
time: 0.406275s
Iteration 1
time: 0.354239s
Iteration 2
time: 0.354305s
Iteration 3
time: 0.353356s
Iteration 4
time: 0.352974s
Iteration 5
time: 0.352101s
Iteration 6
time: 0.352571s
Iteration 7
time: 0.353032s
Iteration 8
time: 0.352675s
Iteration 9
time: 0.354896s
Iteration 10
time: 0.353416s
Iteration 11
time: 0.353154s
Iteration 12
time: 0.352033s
Iteration 13
time: 0.361024s
Iteration 14
time: 10.331183s
Iteration 15
time: 0.351990s
Iteration 16
time: 0.499936s
Iteration 17
time: 0.354084s
Iteration 18
time: 0.352224s
Iteration 19
time: 2.520647s
Iteration 20
time: 0.352550s
Iteration 21
time: 0.426900s
Iteration 22
time: 0.352388s
Iteration 23
time: 0.353016s
Iteration 24
time: 0.353599s
10: Starting numprocs=16 N=7000, M=7000 impl=g-rabenseifner-subgroup-2
4: Starting numprocs=16 N=7000, M=7000 impl=g-rabenseifner-subgroup-2
7: Starting numprocs=16 N=7000, M=7000 impl=g-rabenseifner-subgroup-2
15: Starting numprocs=16 N=7000, M=7000 impl=g-rabenseifner-subgroup-2
6: Starting numprocs=16 N=7000, M=7000 impl=g-rabenseifner-subgroup-2
8: Starting numprocs=16 N=7000, M=7000 impl=g-rabenseifner-subgroup-2
12: Starting numprocs=16 N=7000, M=7000 impl=g-rabenseifner-subgroup-2
5: Starting numprocs=16 N=7000, M=7000 impl=g-rabenseifner-subgroup-2
2: Starting numprocs=16 N=7000, M=7000 impl=g-rabenseifner-subgroup-2
14: Starting numprocs=16 N=7000, M=7000 impl=g-rabenseifner-subgroup-2
13: Starting numprocs=16 N=7000, M=7000 impl=g-rabenseifner-subgroup-2
3: Starting numprocs=16 N=7000, M=7000 impl=g-rabenseifner-subgroup-2
1: Starting numprocs=16 N=7000, M=7000 impl=g-rabenseifner-subgroup-2
9: Starting numprocs=16 N=7000, M=7000 impl=g-rabenseifner-subgroup-2
11: Starting numprocs=16 N=7000, M=7000 impl=g-rabenseifner-subgroup-2
0: Starting numprocs=16 N=7000, M=7000 impl=g-rabenseifner-subgroup-2
Iteration 0
time: 0.429639s
Iteration 1
time: 0.377372s
Iteration 2
time: 0.373670s
Iteration 3
time: 0.377201s
Iteration 4
time: 0.433744s
Iteration 5
time: 0.376817s
Iteration 6
time: 0.373047s
Iteration 7
time: 0.379787s
Iteration 8
time: 0.375693s
Iteration 9
time: 0.483872s
Iteration 10
time: 0.375408s
Iteration 11
time: 0.376329s
Iteration 12
time: 0.376381s
Iteration 13
time: 0.376463s
Iteration 14
time: 0.425516s
Iteration 15
time: 0.380398s
Iteration 16
time: 0.377942s
Iteration 17
time: 0.378639s
Iteration 18
time: 0.379042s
Iteration 19
time: 0.413734s
Iteration 20
time: 0.377598s
Iteration 21
time: 0.379381s
Iteration 22
time: 0.379016s
Iteration 23
time: 0.379634s
Iteration 24
time: 0.377829s
10: Starting numprocs=16 N=7000, M=7000 impl=g-rabenseifner-subgroup-4
7: Starting numprocs=16 N=7000, M=7000 impl=g-rabenseifner-subgroup-4
8: Starting numprocs=16 N=7000, M=7000 impl=g-rabenseifner-subgroup-4
4: Starting numprocs=16 N=7000, M=7000 impl=g-rabenseifner-subgroup-4
5: Starting numprocs=16 N=7000, M=7000 impl=g-rabenseifner-subgroup-4
6: Starting numprocs=16 N=7000, M=7000 impl=g-rabenseifner-subgroup-4
14: Starting numprocs=16 N=7000, M=7000 impl=g-rabenseifner-subgroup-4
2: Starting numprocs=16 N=7000, M=7000 impl=g-rabenseifner-subgroup-4
12: Starting numprocs=16 N=7000, M=7000 impl=g-rabenseifner-subgroup-4
13: Starting numprocs=16 N=7000, M=7000 impl=g-rabenseifner-subgroup-4
15: Starting numprocs=16 N=7000, M=7000 impl=g-rabenseifner-subgroup-4
9: Starting numprocs=16 N=7000, M=7000 impl=g-rabenseifner-subgroup-4
11: Starting numprocs=16 N=7000, M=7000 impl=g-rabenseifner-subgroup-4
1: Starting numprocs=16 N=7000, M=7000 impl=g-rabenseifner-subgroup-4
3: Starting numprocs=16 N=7000, M=7000 impl=g-rabenseifner-subgroup-4
0: Starting numprocs=16 N=7000, M=7000 impl=g-rabenseifner-subgroup-4
Iteration 0
time: 0.480366s
Iteration 1
time: 0.429043s
Iteration 2
time: 0.423908s
Iteration 3
time: 0.428376s
Iteration 4
time: 0.427879s
Iteration 5
time: 0.429593s
Iteration 6
time: 0.427736s
Iteration 7
time: 0.423980s
Iteration 8
time: 0.420750s
Iteration 9
time: 0.418013s
Iteration 10
time: 0.420087s
Iteration 11
time: 0.416837s
Iteration 12
time: 0.419316s
Iteration 13
time: 0.420132s
Iteration 14
time: 0.421708s
Iteration 15
time: 0.424448s
Iteration 16
time: 0.418467s
Iteration 17
time: 0.419559s
Iteration 18
time: 0.419572s
Iteration 19
time: 0.420819s
Iteration 20
time: 0.423932s
Iteration 21
time: 0.420179s
Iteration 22
time: 0.421504s
Iteration 23
time: 0.425642s
Iteration 24
time: 0.421233s
10: Starting numprocs=16 N=7000, M=7000 impl=g-rabenseifner-subgroup-8
7: Starting numprocs=16 N=7000, M=7000 impl=g-rabenseifner-subgroup-8
15: Starting numprocs=16 N=7000, M=7000 impl=g-rabenseifner-subgroup-8
6: Starting numprocs=16 N=7000, M=7000 impl=g-rabenseifner-subgroup-8
14: Starting numprocs=16 N=7000, M=7000 impl=g-rabenseifner-subgroup-8
8: Starting numprocs=16 N=7000, M=7000 impl=g-rabenseifner-subgroup-8
4: Starting numprocs=16 N=7000, M=7000 impl=g-rabenseifner-subgroup-8
13: Starting numprocs=16 N=7000, M=7000 impl=g-rabenseifner-subgroup-8
12: Starting numprocs=16 N=7000, M=7000 impl=g-rabenseifner-subgroup-8
5: Starting numprocs=16 N=7000, M=7000 impl=g-rabenseifner-subgroup-8
1: Starting numprocs=16 N=7000, M=7000 impl=g-rabenseifner-subgroup-8
2: Starting numprocs=16 N=7000, M=7000 impl=g-rabenseifner-subgroup-8
9: Starting numprocs=16 N=7000, M=7000 impl=g-rabenseifner-subgroup-8
3: Starting numprocs=16 N=7000, M=7000 impl=g-rabenseifner-subgroup-8
11: Starting numprocs=16 N=7000, M=7000 impl=g-rabenseifner-subgroup-8
0: Starting numprocs=16 N=7000, M=7000 impl=g-rabenseifner-subgroup-8
Iteration 0
time: 0.555257s
Iteration 1
time: 0.515114s
Iteration 2
time: 0.511957s
Iteration 3
time: 0.509912s
Iteration 4
time: 0.510353s
Iteration 5
time: 0.510774s
Iteration 6
time: 0.512405s
Iteration 7
time: 0.515478s
Iteration 8
time: 0.514769s
Iteration 9
time: 0.512449s
Iteration 10
time: 0.508830s
Iteration 11
time: 0.514039s
Iteration 12
time: 0.532999s
Iteration 13
time: 0.510076s
Iteration 14
time: 0.513708s
Iteration 15
time: 0.524860s
Iteration 16
time: 0.526294s
Iteration 17
time: 0.506872s
Iteration 18
time: 0.511123s
Iteration 19
time: 0.510481s
Iteration 20
time: 0.524124s
Iteration 21
time: 0.510478s
Iteration 22
time: 0.527628s
Iteration 23
time: 0.508638s
Iteration 24
time: 0.512086s
10: Starting numprocs=16 N=8000, M=8000 impl=allgather
7: Starting numprocs=16 N=8000, M=8000 impl=allgather
8: Starting numprocs=16 N=8000, M=8000 impl=allgather
12: Starting numprocs=16 N=8000, M=8000 impl=allgather
6: Starting numprocs=16 N=8000, M=8000 impl=allgather
15: Starting numprocs=16 N=8000, M=8000 impl=allgather
4: Starting numprocs=16 N=8000, M=8000 impl=allgather
5: Starting numprocs=16 N=8000, M=8000 impl=allgather
14: Starting numprocs=16 N=8000, M=8000 impl=allgather
13: Starting numprocs=16 N=8000, M=8000 impl=allgather
2: Starting numprocs=16 N=8000, M=8000 impl=allgather
11: Starting numprocs=16 N=8000, M=8000 impl=allgather
3: Starting numprocs=16 N=8000, M=8000 impl=allgather
9: Starting numprocs=16 N=8000, M=8000 impl=allgather
1: Starting numprocs=16 N=8000, M=8000 impl=allgather
0: Starting numprocs=16 N=8000, M=8000 impl=allgather
Iteration 0
time: 1.444739s
Iteration 1
time: 1.410376s
Iteration 2
time: 1.443887s
Iteration 3
time: 1.412413s
Iteration 4
time: 1.394501s
Iteration 5
time: 1.377731s
Iteration 6
time: 1.427117s
Iteration 7
time: 1.399528s
Iteration 8
time: 1.453867s
Iteration 9
time: 1.433878s
Iteration 10
time: 1.391097s
Iteration 11
time: 1.419602s
Iteration 12
time: 1.398720s
Iteration 13
time: 1.417207s
Iteration 14
time: 1.440452s
Iteration 15
time: 1.419206s
Iteration 16
time: 1.430119s
Iteration 17
time: 1.372786s
Iteration 18
time: 1.423556s
Iteration 19
time: 1.428423s
Iteration 20
time: 1.413415s
Iteration 21
time: 1.452479s
Iteration 22
time: 1.409339s
Iteration 23
time: 1.403587s
Iteration 24
time: 1.405385s
10: Starting numprocs=16 N=8000, M=8000 impl=allreduce
13: Starting numprocs=16 N=8000, M=8000 impl=allreduce
7: Starting numprocs=16 N=8000, M=8000 impl=allreduce
4: Starting numprocs=16 N=8000, M=8000 impl=allreduce
5: Starting numprocs=16 N=8000, M=8000 impl=allreduce
14: Starting numprocs=16 N=8000, M=8000 impl=allreduce
6: Starting numprocs=16 N=8000, M=8000 impl=allreduce
8: Starting numprocs=16 N=8000, M=8000 impl=allreduce
15: Starting numprocs=16 N=8000, M=8000 impl=allreduce
2: Starting numprocs=16 N=8000, M=8000 impl=allreduce
1: Starting numprocs=16 N=8000, M=8000 impl=allreduce
12: Starting numprocs=16 N=8000, M=8000 impl=allreduce
11: Starting numprocs=16 N=8000, M=8000 impl=allreduce
3: Starting numprocs=16 N=8000, M=8000 impl=allreduce
9: Starting numprocs=16 N=8000, M=8000 impl=allreduce
0: Starting numprocs=16 N=8000, M=8000 impl=allreduce
Iteration 0
time: 1.565139s
Iteration 1
time: 1.402278s
Iteration 2
time: 1.407109s
Iteration 3
time: 1.406161s
Iteration 4
time: 1.392311s
Iteration 5
time: 1.387945s
Iteration 6
time: 1.424359s
Iteration 7
time: 1.417655s
Iteration 8
time: 1.401175s
Iteration 9
time: 1.401852s
Iteration 10
time: 1.423350s
Iteration 11
time: 1.403657s
Iteration 12
time: 1.385285s
Iteration 13
time: 1.402038s
Iteration 14
time: 1.410250s
Iteration 15
time: 1.402559s
Iteration 16
time: 1.433866s
Iteration 17
time: 1.419733s
Iteration 18
time: 1.409115s
Iteration 19
time: 1.401316s
Iteration 20
time: 37.295801s
Iteration 21
time: 1.429952s
Iteration 22
time: 3.549484s
Iteration 23
time: 1.542732s
Iteration 24
time: 1.435809s
10: Starting numprocs=16 N=8000, M=8000 impl=allreduce-ring
15: Starting numprocs=16 N=8000, M=8000 impl=allreduce-ring
12: Starting numprocs=16 N=8000, M=8000 impl=allreduce-ring
7: Starting numprocs=16 N=8000, M=8000 impl=allreduce-ring
6: Starting numprocs=16 N=8000, M=8000 impl=allreduce-ring
4: Starting numprocs=16 N=8000, M=8000 impl=allreduce-ring
8: Starting numprocs=16 N=8000, M=8000 impl=allreduce-ring
5: Starting numprocs=16 N=8000, M=8000 impl=allreduce-ring
11: Starting numprocs=16 N=8000, M=8000 impl=allreduce-ring
14: Starting numprocs=16 N=8000, M=8000 impl=allreduce-ring
2: Starting numprocs=16 N=8000, M=8000 impl=allreduce-ring
1: Starting numprocs=16 N=8000, M=8000 impl=allreduce-ring
13: Starting numprocs=16 N=8000, M=8000 impl=allreduce-ring
3: Starting numprocs=16 N=8000, M=8000 impl=allreduce-ring
9: Starting numprocs=16 N=8000, M=8000 impl=allreduce-ring
0: Starting numprocs=16 N=8000, M=8000 impl=allreduce-ring
Iteration 0
time: 1.020245s
Iteration 1
time: 3.938786s
Iteration 2
time: 0.969573s
Iteration 3
time: 0.961763s
Iteration 4
time: 0.960677s
Iteration 5
time: 0.959835s
Iteration 6
time: 0.957319s
Iteration 7
time: 0.956302s
Iteration 8
time: 0.997805s
Iteration 9
time: 5.086682s
Iteration 10
time: 0.961503s
Iteration 11
time: 7.363329s
Iteration 12
time: 0.963989s
Iteration 13
time: 17.911263s
Iteration 14
time: 0.963071s
Iteration 15
time: 0.976757s
Iteration 16
time: 0.978185s
Iteration 17
time: 0.968850s
Iteration 18
time: 0.972126s
Iteration 19
time: 0.963740s
Iteration 20
time: 0.974486s
Iteration 21
time: 0.972211s
Iteration 22
time: 9.445280s
Iteration 23
time: 0.955761s
Iteration 24
time: 0.962174s
10: Starting numprocs=16 N=8000, M=8000 impl=g-rabenseifner-allgather
7: Starting numprocs=16 N=8000, M=8000 impl=g-rabenseifner-allgather
8: Starting numprocs=16 N=8000, M=8000 impl=g-rabenseifner-allgather
15: Starting numprocs=16 N=8000, M=8000 impl=g-rabenseifner-allgather
4: Starting numprocs=16 N=8000, M=8000 impl=g-rabenseifner-allgather
12: Starting numprocs=16 N=8000, M=8000 impl=g-rabenseifner-allgather
2: Starting numprocs=16 N=8000, M=8000 impl=g-rabenseifner-allgather
13: Starting numprocs=16 N=8000, M=8000 impl=g-rabenseifner-allgather
6: Starting numprocs=16 N=8000, M=8000 impl=g-rabenseifner-allgather
11: Starting numprocs=16 N=8000, M=8000 impl=g-rabenseifner-allgather
14: Starting numprocs=16 N=8000, M=8000 impl=g-rabenseifner-allgather
3: Starting numprocs=16 N=8000, M=8000 impl=g-rabenseifner-allgather
5: Starting numprocs=16 N=8000, M=8000 impl=g-rabenseifner-allgather
1: Starting numprocs=16 N=8000, M=8000 impl=g-rabenseifner-allgather
9: Starting numprocs=16 N=8000, M=8000 impl=g-rabenseifner-allgather
0: Starting numprocs=16 N=8000, M=8000 impl=g-rabenseifner-allgather
Iteration 0
time: 0.531963s
Iteration 1
time: 0.465014s
Iteration 2
time: 0.463681s
Iteration 3
time: 0.465288s
Iteration 4
time: 0.467899s
Iteration 5
time: 21.932116s
Iteration 6
time: 11.140934s
Iteration 7
time: 0.464152s
Iteration 8
time: 0.463029s
Iteration 9
time: 0.464807s
Iteration 10
time: 0.464793s
Iteration 11
time: 0.465079s
Iteration 12
time: 0.463690s
Iteration 13
time: 0.463996s
Iteration 14
time: 2.501472s
Iteration 15
time: 0.460806s
Iteration 16
time: 0.460718s
Iteration 17
time: 0.460973s
Iteration 18
time: 0.460754s
Iteration 19
time: 0.459995s
Iteration 20
time: 0.462115s
Iteration 21
time: 0.460149s
Iteration 22
time: 0.460357s
Iteration 23
time: 0.460390s
Iteration 24
time: 0.461216s
10: Starting numprocs=16 N=8000, M=8000 impl=g-rabenseifner-subgroup-2
7: Starting numprocs=16 N=8000, M=8000 impl=g-rabenseifner-subgroup-2
12: Starting numprocs=16 N=8000, M=8000 impl=g-rabenseifner-subgroup-2
15: Starting numprocs=16 N=8000, M=8000 impl=g-rabenseifner-subgroup-2
8: Starting numprocs=16 N=8000, M=8000 impl=g-rabenseifner-subgroup-2
4: Starting numprocs=16 N=8000, M=8000 impl=g-rabenseifner-subgroup-2
5: Starting numprocs=16 N=8000, M=8000 impl=g-rabenseifner-subgroup-2
6: Starting numprocs=16 N=8000, M=8000 impl=g-rabenseifner-subgroup-2
13: Starting numprocs=16 N=8000, M=8000 impl=g-rabenseifner-subgroup-2
14: Starting numprocs=16 N=8000, M=8000 impl=g-rabenseifner-subgroup-2
1: Starting numprocs=16 N=8000, M=8000 impl=g-rabenseifner-subgroup-2
11: Starting numprocs=16 N=8000, M=8000 impl=g-rabenseifner-subgroup-2
2: Starting numprocs=16 N=8000, M=8000 impl=g-rabenseifner-subgroup-2
3: Starting numprocs=16 N=8000, M=8000 impl=g-rabenseifner-subgroup-2
9: Starting numprocs=16 N=8000, M=8000 impl=g-rabenseifner-subgroup-2
0: Starting numprocs=16 N=8000, M=8000 impl=g-rabenseifner-subgroup-2
Iteration 0
time: 0.566415s
Iteration 1
time: 0.491791s
Iteration 2
time: 0.490831s
Iteration 3
time: 0.493887s
Iteration 4
time: 0.674286s
Iteration 5
time: 6.000719s
Iteration 6
time: 0.491281s
Iteration 7
time: 0.492824s
Iteration 8
time: 0.489508s
Iteration 9
time: 0.493352s
Iteration 10
time: 0.491887s
Iteration 11
time: 0.488833s
Iteration 12
time: 0.491118s
Iteration 13
time: 0.488726s
Iteration 14
time: 0.489292s
Iteration 15
time: 0.496148s
Iteration 16
time: 0.488967s
Iteration 17
time: 0.492888s
Iteration 18
time: 0.492150s
Iteration 19
time: 0.489632s
Iteration 20
time: 0.495369s
Iteration 21
time: 0.495955s
Iteration 22
time: 0.489288s
Iteration 23
time: 0.490829s
Iteration 24
time: 0.493336s
10: Starting numprocs=16 N=8000, M=8000 impl=g-rabenseifner-subgroup-4
7: Starting numprocs=16 N=8000, M=8000 impl=g-rabenseifner-subgroup-4
15: Starting numprocs=16 N=8000, M=8000 impl=g-rabenseifner-subgroup-4
5: Starting numprocs=16 N=8000, M=8000 impl=g-rabenseifner-subgroup-4
12: Starting numprocs=16 N=8000, M=8000 impl=g-rabenseifner-subgroup-4
8: Starting numprocs=16 N=8000, M=8000 impl=g-rabenseifner-subgroup-4
6: Starting numprocs=16 N=8000, M=8000 impl=g-rabenseifner-subgroup-4
14: Starting numprocs=16 N=8000, M=8000 impl=g-rabenseifner-subgroup-4
4: Starting numprocs=16 N=8000, M=8000 impl=g-rabenseifner-subgroup-4
2: Starting numprocs=16 N=8000, M=8000 impl=g-rabenseifner-subgroup-4
11: Starting numprocs=16 N=8000, M=8000 impl=g-rabenseifner-subgroup-4
13: Starting numprocs=16 N=8000, M=8000 impl=g-rabenseifner-subgroup-4
3: Starting numprocs=16 N=8000, M=8000 impl=g-rabenseifner-subgroup-4
1: Starting numprocs=16 N=8000, M=8000 impl=g-rabenseifner-subgroup-4
9: Starting numprocs=16 N=8000, M=8000 impl=g-rabenseifner-subgroup-4
0: Starting numprocs=16 N=8000, M=8000 impl=g-rabenseifner-subgroup-4
Iteration 0
time: 0.651859s
Iteration 1
time: 0.547613s
Iteration 2
time: 2.670123s
Iteration 3
time: 0.551772s
Iteration 4
time: 0.550998s
Iteration 5
time: 0.545807s
Iteration 6
time: 0.549114s
Iteration 7
time: 0.548470s
Iteration 8
time: 0.548811s
Iteration 9
time: 0.546799s
Iteration 10
time: 2.006047s
Iteration 11
time: 0.553441s
Iteration 12
time: 0.553052s
Iteration 13
time: 0.551713s
Iteration 14
time: 0.551734s
Iteration 15
time: 0.549597s
Iteration 16
time: 0.549799s
Iteration 17
time: 0.550129s
Iteration 18
time: 0.550121s
Iteration 19
time: 0.551332s
Iteration 20
time: 0.551764s
Iteration 21
time: 0.548529s
Iteration 22
time: 0.551291s
Iteration 23
time: 0.550902s
Iteration 24
time: 0.546928s
10: Starting numprocs=16 N=8000, M=8000 impl=g-rabenseifner-subgroup-8
7: Starting numprocs=16 N=8000, M=8000 impl=g-rabenseifner-subgroup-8
15: Starting numprocs=16 N=8000, M=8000 impl=g-rabenseifner-subgroup-8
5: Starting numprocs=16 N=8000, M=8000 impl=g-rabenseifner-subgroup-8
6: Starting numprocs=16 N=8000, M=8000 impl=g-rabenseifner-subgroup-8
4: Starting numprocs=16 N=8000, M=8000 impl=g-rabenseifner-subgroup-8
8: Starting numprocs=16 N=8000, M=8000 impl=g-rabenseifner-subgroup-8
2: Starting numprocs=16 N=8000, M=8000 impl=g-rabenseifner-subgroup-8
13: Starting numprocs=16 N=8000, M=8000 impl=g-rabenseifner-subgroup-8
12: Starting numprocs=16 N=8000, M=8000 impl=g-rabenseifner-subgroup-8
3: Starting numprocs=16 N=8000, M=8000 impl=g-rabenseifner-subgroup-8
11: Starting numprocs=16 N=8000, M=8000 impl=g-rabenseifner-subgroup-8
14: Starting numprocs=16 N=8000, M=8000 impl=g-rabenseifner-subgroup-8
1: Starting numprocs=16 N=8000, M=8000 impl=g-rabenseifner-subgroup-8
9: Starting numprocs=16 N=8000, M=8000 impl=g-rabenseifner-subgroup-8
0: Starting numprocs=16 N=8000, M=8000 impl=g-rabenseifner-subgroup-8
Iteration 0
time: 0.787231s
Iteration 1
time: 0.669816s
Iteration 2
time: 0.663034s
Iteration 3
time: 0.668861s
Iteration 4
time: 0.658927s
Iteration 5
time: 0.667452s
Iteration 6
time: 0.701278s
Iteration 7
time: 0.691819s
Iteration 8
time: 0.686790s
Iteration 9
time: 0.685692s
Iteration 10
time: 0.694478s
Iteration 11
time: 0.693936s
Iteration 12
time: 0.678427s
Iteration 13
time: 0.694463s
Iteration 14
time: 0.696821s
Iteration 15
time: 0.706043s
Iteration 16
time: 0.713275s
Iteration 17
time: 0.683196s
Iteration 18
time: 0.698868s
Iteration 19
time: 0.695854s
Iteration 20
time: 0.690714s
Iteration 21
time: 0.687276s
Iteration 22
time: 0.695662s
Iteration 23
time: 0.701947s
Iteration 24
time: 0.668593s
