2: Starting numprocs=8 N=1000, M=1000 impl=allgather
7: Starting numprocs=8 N=1000, M=1000 impl=allgather
1: Starting numprocs=8 N=1000, M=1000 impl=allgather
5: Starting numprocs=8 N=1000, M=1000 impl=allgather
6: Starting numprocs=8 N=1000, M=1000 impl=allgather
3: Starting numprocs=8 N=1000, M=1000 impl=allgather
0: Starting numprocs=8 N=1000, M=1000 impl=allgather
Iteration 0
4: Starting numprocs=8 N=1000, M=1000 impl=allgather
time: 0.017056s
Iteration 1
time: 0.007436s
Iteration 2
time: 0.007266s
Iteration 3
time: 0.007198s
Iteration 4
time: 0.007074s
Iteration 5
time: 0.007299s
Iteration 6
time: 0.007949s
Iteration 7
time: 0.007571s
Iteration 8
time: 0.007583s
Iteration 9
time: 0.007504s
Iteration 10
time: 0.007532s
Iteration 11
time: 0.007463s
Iteration 12
time: 0.007490s
Iteration 13
time: 0.007496s
Iteration 14
time: 0.007418s
Iteration 15
time: 0.007360s
Iteration 16
time: 0.007745s
Iteration 17
time: 0.007228s
Iteration 18
time: 0.007257s
Iteration 19
time: 0.007568s
Iteration 20
time: 0.008039s
Iteration 21
time: 0.007542s
Iteration 22
time: 0.008031s
Iteration 23
time: 0.007500s
Iteration 24
time: 0.007475s
2: Starting numprocs=8 N=1000, M=1000 impl=allreduce
1: Starting numprocs=8 N=1000, M=1000 impl=allreduce
5: Starting numprocs=8 N=1000, M=1000 impl=allreduce
6: Starting numprocs=8 N=1000, M=1000 impl=allreduce
7: Starting numprocs=8 N=1000, M=1000 impl=allreduce
4: Starting numprocs=8 N=1000, M=1000 impl=allreduce
0: Starting numprocs=8 N=1000, M=1000 impl=allreduce
Iteration 0
3: Starting numprocs=8 N=1000, M=1000 impl=allreduce
time: 0.034603s
Iteration 1
time: 0.020946s
Iteration 2
time: 0.015409s
Iteration 3
time: 0.015504s
Iteration 4
time: 0.016129s
Iteration 5
time: 0.015689s
Iteration 6
time: 0.015620s
Iteration 7
time: 0.015462s
Iteration 8
time: 0.016036s
Iteration 9
time: 0.015322s
Iteration 10
time: 0.015302s
Iteration 11
time: 0.015509s
Iteration 12
time: 0.015877s
Iteration 13
time: 0.016217s
Iteration 14
time: 0.016531s
Iteration 15
time: 0.016164s
Iteration 16
time: 0.016554s
Iteration 17
time: 0.016342s
Iteration 18
time: 0.015560s
Iteration 19
time: 0.016419s
Iteration 20
time: 0.016200s
Iteration 21
time: 0.015616s
Iteration 22
time: 0.015396s
Iteration 23
time: 0.015278s
Iteration 24
time: 0.015217s
0: Starting numprocs=8 N=1000, M=1000 impl=allreduce-ring
Iteration 0
5: Starting numprocs=8 N=1000, M=1000 impl=allreduce-ring
2: Starting numprocs=8 N=1000, M=1000 impl=allreduce-ring
1: Starting numprocs=8 N=1000, M=1000 impl=allreduce-ring
7: Starting numprocs=8 N=1000, M=1000 impl=allreduce-ring
4: Starting numprocs=8 N=1000, M=1000 impl=allreduce-ring
6: Starting numprocs=8 N=1000, M=1000 impl=allreduce-ring
3: Starting numprocs=8 N=1000, M=1000 impl=allreduce-ring
time: 0.031490s
Iteration 1
time: 0.014600s
Iteration 2
time: 0.013713s
Iteration 3
time: 0.013887s
Iteration 4
time: 0.014444s
Iteration 5
time: 0.014255s
Iteration 6
time: 0.013735s
Iteration 7
time: 0.013876s
Iteration 8
time: 0.013885s
Iteration 9
time: 0.013974s
Iteration 10
time: 0.014050s
Iteration 11
time: 0.014204s
Iteration 12
time: 0.014104s
Iteration 13
time: 0.013882s
Iteration 14
time: 0.013886s
Iteration 15
time: 0.013888s
Iteration 16
time: 0.013752s
Iteration 17
time: 0.013894s
Iteration 18
time: 0.013981s
Iteration 19
time: 0.013816s
Iteration 20
time: 0.014370s
Iteration 21
time: 0.014066s
Iteration 22
time: 0.014292s
Iteration 23
time: 0.013839s
Iteration 24
time: 0.013909s
2: Starting numprocs=8 N=1000, M=1000 impl=g-rabenseifner-allgather
6: Starting numprocs=8 N=1000, M=1000 impl=g-rabenseifner-allgather
1: Starting numprocs=8 N=1000, M=1000 impl=g-rabenseifner-allgather
5: Starting numprocs=8 N=1000, M=1000 impl=g-rabenseifner-allgather
7: Starting numprocs=8 N=1000, M=1000 impl=g-rabenseifner-allgather
4: Starting numprocs=8 N=1000, M=1000 impl=g-rabenseifner-allgather
0: Starting numprocs=8 N=1000, M=1000 impl=g-rabenseifner-allgather
Iteration 0
3: Starting numprocs=8 N=1000, M=1000 impl=g-rabenseifner-allgather
time: 0.016671s
Iteration 1
time: 0.007147s
Iteration 2
time: 0.007098s
Iteration 3
time: 0.007561s
Iteration 4
time: 0.007238s
Iteration 5
time: 0.008137s
Iteration 6
time: 0.007031s
Iteration 7
time: 0.006984s
Iteration 8
time: 0.007425s
Iteration 9
time: 0.007199s
Iteration 10
time: 0.007522s
Iteration 11
time: 0.007329s
Iteration 12
time: 0.007645s
Iteration 13
time: 0.007074s
Iteration 14
time: 0.007036s
Iteration 15
time: 0.007007s
Iteration 16
time: 0.006989s
Iteration 17
time: 0.007040s
Iteration 18
time: 0.007284s
Iteration 19
time: 0.007006s
Iteration 20
time: 0.007520s
Iteration 21
time: 0.007054s
Iteration 22
time: 0.007030s
Iteration 23
time: 0.007392s
Iteration 24
time: 0.007042s
5: Starting numprocs=8 N=1000, M=1000 impl=g-rabenseifner-subgroup-2
1: Starting numprocs=8 N=1000, M=1000 impl=g-rabenseifner-subgroup-2
2: Starting numprocs=8 N=1000, M=1000 impl=g-rabenseifner-subgroup-2
7: Starting numprocs=8 N=1000, M=1000 impl=g-rabenseifner-subgroup-2
0: Starting numprocs=8 N=1000, M=1000 impl=g-rabenseifner-subgroup-2
Iteration 0
4: Starting numprocs=8 N=1000, M=1000 impl=g-rabenseifner-subgroup-2
6: Starting numprocs=8 N=1000, M=1000 impl=g-rabenseifner-subgroup-2
3: Starting numprocs=8 N=1000, M=1000 impl=g-rabenseifner-subgroup-2
time: 0.025254s
Iteration 1
time: 0.007165s
Iteration 2
time: 0.007126s
Iteration 3
time: 0.007126s
Iteration 4
time: 0.007113s
Iteration 5
time: 0.007085s
Iteration 6
time: 0.007105s
Iteration 7
time: 0.007623s
Iteration 8
time: 0.007112s
Iteration 9
time: 0.007096s
Iteration 10
time: 0.007089s
Iteration 11
time: 0.007089s
Iteration 12
time: 0.007026s
Iteration 13
time: 0.007595s
Iteration 14
time: 0.007093s
Iteration 15
time: 0.007134s
Iteration 16
time: 0.007146s
Iteration 17
time: 0.007147s
Iteration 18
time: 0.007172s
Iteration 19
time: 0.007130s
Iteration 20
time: 0.007159s
Iteration 21
time: 0.007145s
Iteration 22
time: 0.007111s
Iteration 23
time: 0.007616s
Iteration 24
time: 0.007116s
1: Starting numprocs=8 N=1000, M=1000 impl=g-rabenseifner-subgroup-4
7: Starting numprocs=8 N=1000, M=1000 impl=g-rabenseifner-subgroup-4
2: Starting numprocs=8 N=1000, M=1000 impl=g-rabenseifner-subgroup-4
5: Starting numprocs=8 N=1000, M=1000 impl=g-rabenseifner-subgroup-4
3: Starting numprocs=8 N=1000, M=1000 impl=g-rabenseifner-subgroup-4
4: Starting numprocs=8 N=1000, M=1000 impl=g-rabenseifner-subgroup-4
6: Starting numprocs=8 N=1000, M=1000 impl=g-rabenseifner-subgroup-4
0: Starting numprocs=8 N=1000, M=1000 impl=g-rabenseifner-subgroup-4
Iteration 0
time: 0.022067s
Iteration 1
time: 0.007199s
Iteration 2
time: 0.007129s
Iteration 3
time: 0.007107s
Iteration 4
time: 0.007086s
Iteration 5
time: 0.007083s
Iteration 6
time: 0.007061s
Iteration 7
time: 0.007041s
Iteration 8
time: 0.007092s
Iteration 9
time: 0.007114s
Iteration 10
time: 0.007041s
Iteration 11
time: 0.007073s
Iteration 12
time: 0.007626s
Iteration 13
time: 0.007132s
Iteration 14
time: 0.007118s
Iteration 15
time: 0.007134s
Iteration 16
time: 0.007139s
Iteration 17
time: 0.007121s
Iteration 18
time: 0.007169s
Iteration 19
time: 0.007173s
Iteration 20
time: 0.007616s
Iteration 21
time: 0.007096s
Iteration 22
time: 0.007109s
Iteration 23
time: 0.007080s
Iteration 24
time: 0.007263s
7: Starting numprocs=8 N=1000, M=1000 impl=g-rabenseifner-subgroup-8
5: Starting numprocs=8 N=1000, M=1000 impl=g-rabenseifner-subgroup-8
1: Starting numprocs=8 N=1000, M=1000 impl=g-rabenseifner-subgroup-8
0: Starting numprocs=8 N=1000, M=1000 impl=g-rabenseifner-subgroup-8
Iteration 0
6: Starting numprocs=8 N=1000, M=1000 impl=g-rabenseifner-subgroup-8
3: Starting numprocs=8 N=1000, M=1000 impl=g-rabenseifner-subgroup-8
4: Starting numprocs=8 N=1000, M=1000 impl=g-rabenseifner-subgroup-8
2: Starting numprocs=8 N=1000, M=1000 impl=g-rabenseifner-subgroup-8
time: 0.015017s
Iteration 1
time: 0.006863s
Iteration 2
time: 0.006833s
Iteration 3
time: 0.006851s
Iteration 4
time: 0.006805s
Iteration 5
time: 0.006956s
Iteration 6
time: 0.006962s
Iteration 7
time: 0.006958s
Iteration 8
time: 0.007460s
Iteration 9
time: 0.006888s
Iteration 10
time: 0.007008s
Iteration 11
time: 0.007134s
Iteration 12
time: 0.007103s
Iteration 13
time: 0.007074s
Iteration 14
time: 0.007044s
Iteration 15
time: 0.007094s
Iteration 16
time: 0.007287s
Iteration 17
time: 0.007310s
Iteration 18
time: 0.007325s
Iteration 19
time: 0.007327s
Iteration 20
time: 0.007324s
Iteration 21
time: 0.007292s
Iteration 22
time: 0.007330s
Iteration 23
time: 0.007777s
Iteration 24
time: 0.007060s
2: Starting numprocs=8 N=2000, M=2000 impl=allgather
1: Starting numprocs=8 N=2000, M=2000 impl=allgather
5: Starting numprocs=8 N=2000, M=2000 impl=allgather
7: Starting numprocs=8 N=2000, M=2000 impl=allgather
0: Starting numprocs=8 N=2000, M=2000 impl=allgather
Iteration 0
6: Starting numprocs=8 N=2000, M=2000 impl=allgather
4: Starting numprocs=8 N=2000, M=2000 impl=allgather
3: Starting numprocs=8 N=2000, M=2000 impl=allgather
time: 0.037164s
Iteration 1
time: 0.030018s
Iteration 2
time: 0.030755s
Iteration 3
time: 0.030803s
Iteration 4
time: 0.031423s
Iteration 5
time: 0.030770s
Iteration 6
time: 0.031336s
Iteration 7
time: 0.030925s
Iteration 8
time: 0.031341s
Iteration 9
time: 0.030668s
Iteration 10
time: 0.031072s
Iteration 11
time: 0.034975s
Iteration 12
time: 0.033070s
Iteration 13
time: 0.031191s
Iteration 14
time: 0.030294s
Iteration 15
time: 0.030631s
Iteration 16
time: 0.030007s
Iteration 17
time: 0.030692s
Iteration 18
time: 0.030743s
Iteration 19
time: 0.031373s
Iteration 20
time: 0.030192s
Iteration 21
time: 0.030384s
Iteration 22
time: 0.030543s
Iteration 23
time: 0.030588s
Iteration 24
time: 0.029680s
5: Starting numprocs=8 N=2000, M=2000 impl=allreduce
1: Starting numprocs=8 N=2000, M=2000 impl=allreduce
2: Starting numprocs=8 N=2000, M=2000 impl=allreduce
7: Starting numprocs=8 N=2000, M=2000 impl=allreduce
6: Starting numprocs=8 N=2000, M=2000 impl=allreduce
4: Starting numprocs=8 N=2000, M=2000 impl=allreduce
0: Starting numprocs=8 N=2000, M=2000 impl=allreduce
Iteration 0
3: Starting numprocs=8 N=2000, M=2000 impl=allreduce
time: 0.102179s
Iteration 1
time: 0.082132s
Iteration 2
time: 0.067174s
Iteration 3
time: 0.061317s
Iteration 4
time: 0.064420s
Iteration 5
time: 0.061969s
Iteration 6
time: 0.063623s
Iteration 7
time: 0.062208s
Iteration 8
time: 0.064432s
Iteration 9
time: 0.063300s
Iteration 10
time: 0.062652s
Iteration 11
time: 0.061993s
Iteration 12
time: 0.062600s
Iteration 13
time: 0.063726s
Iteration 14
time: 0.069643s
Iteration 15
time: 0.069647s
Iteration 16
time: 0.061861s
Iteration 17
time: 0.064959s
Iteration 18
time: 0.061832s
Iteration 19
time: 0.062567s
Iteration 20
time: 0.061393s
Iteration 21
time: 0.066066s
Iteration 22
time: 0.066766s
Iteration 23
time: 0.062075s
Iteration 24
time: 0.070540s
5: Starting numprocs=8 N=2000, M=2000 impl=allreduce-ring
2: Starting numprocs=8 N=2000, M=2000 impl=allreduce-ring
4: Starting numprocs=8 N=2000, M=2000 impl=allreduce-ring
1: Starting numprocs=8 N=2000, M=2000 impl=allreduce-ring
7: Starting numprocs=8 N=2000, M=2000 impl=allreduce-ring
6: Starting numprocs=8 N=2000, M=2000 impl=allreduce-ring
3: Starting numprocs=8 N=2000, M=2000 impl=allreduce-ring
0: Starting numprocs=8 N=2000, M=2000 impl=allreduce-ring
Iteration 0
time: 0.069870s
Iteration 1
time: 0.054212s
Iteration 2
time: 0.053089s
Iteration 3
time: 0.056201s
Iteration 4
time: 0.055249s
Iteration 5
time: 0.053453s
Iteration 6
time: 0.053537s
Iteration 7
time: 0.053490s
Iteration 8
time: 0.053504s
Iteration 9
time: 0.053615s
Iteration 10
time: 0.053470s
Iteration 11
time: 0.053953s
Iteration 12
time: 0.053958s
Iteration 13
time: 0.054609s
Iteration 14
time: 0.054845s
Iteration 15
time: 0.053962s
Iteration 16
time: 0.057095s
Iteration 17
time: 0.057535s
Iteration 18
time: 0.056389s
Iteration 19
time: 0.053517s
Iteration 20
time: 0.054135s
Iteration 21
time: 0.053718s
Iteration 22
time: 0.054466s
Iteration 23
time: 0.053583s
Iteration 24
time: 0.054200s
2: Starting numprocs=8 N=2000, M=2000 impl=g-rabenseifner-allgather
5: Starting numprocs=8 N=2000, M=2000 impl=g-rabenseifner-allgather
1: Starting numprocs=8 N=2000, M=2000 impl=g-rabenseifner-allgather
7: Starting numprocs=8 N=2000, M=2000 impl=g-rabenseifner-allgather
3: Starting numprocs=8 N=2000, M=2000 impl=g-rabenseifner-allgather
0: Starting numprocs=8 N=2000, M=2000 impl=g-rabenseifner-allgather
Iteration 0
6: Starting numprocs=8 N=2000, M=2000 impl=g-rabenseifner-allgather
4: Starting numprocs=8 N=2000, M=2000 impl=g-rabenseifner-allgather
time: 0.041678s
Iteration 1
time: 0.027751s
Iteration 2
time: 0.027600s
Iteration 3
time: 0.027444s
Iteration 4
time: 0.027632s
Iteration 5
time: 0.027387s
Iteration 6
time: 0.027333s
Iteration 7
time: 0.027589s
Iteration 8
time: 0.027522s
Iteration 9
time: 0.027273s
Iteration 10
time: 0.027393s
Iteration 11
time: 0.027423s
Iteration 12
time: 0.027648s
Iteration 13
time: 0.027313s
Iteration 14
time: 0.027698s
Iteration 15
time: 0.027519s
Iteration 16
time: 0.027646s
Iteration 17
time: 0.027328s
Iteration 18
time: 0.027419s
Iteration 19
time: 0.027337s
Iteration 20
time: 0.027331s
Iteration 21
time: 0.027765s
Iteration 22
time: 0.027336s
Iteration 23
time: 0.027717s
Iteration 24
time: 0.027511s
7: Starting numprocs=8 N=2000, M=2000 impl=g-rabenseifner-subgroup-2
2: Starting numprocs=8 N=2000, M=2000 impl=g-rabenseifner-subgroup-2
1: Starting numprocs=8 N=2000, M=2000 impl=g-rabenseifner-subgroup-2
6: Starting numprocs=8 N=2000, M=2000 impl=g-rabenseifner-subgroup-2
5: Starting numprocs=8 N=2000, M=2000 impl=g-rabenseifner-subgroup-2
4: Starting numprocs=8 N=2000, M=2000 impl=g-rabenseifner-subgroup-2
0: Starting numprocs=8 N=2000, M=2000 impl=g-rabenseifner-subgroup-2
Iteration 0
3: Starting numprocs=8 N=2000, M=2000 impl=g-rabenseifner-subgroup-2
time: 0.043464s
Iteration 1
time: 0.027396s
Iteration 2
time: 0.027493s
Iteration 3
time: 0.027975s
Iteration 4
time: 0.027535s
Iteration 5
time: 0.027508s
Iteration 6
time: 0.027454s
Iteration 7
time: 0.028066s
Iteration 8
time: 0.027610s
Iteration 9
time: 0.028163s
Iteration 10
time: 0.027664s
Iteration 11
time: 0.027888s
Iteration 12
time: 0.027793s
Iteration 13
time: 0.028412s
Iteration 14
time: 0.027697s
Iteration 15
time: 0.027740s
Iteration 16
time: 0.027429s
Iteration 17
time: 0.027596s
Iteration 18
time: 0.027912s
Iteration 19
time: 0.027650s
Iteration 20
time: 0.027393s
Iteration 21
time: 0.027586s
Iteration 22
time: 0.027789s
Iteration 23
time: 0.027605s
Iteration 24
time: 0.027601s
0: Starting numprocs=8 N=2000, M=2000 impl=g-rabenseifner-subgroup-4
Iteration 0
2: Starting numprocs=8 N=2000, M=2000 impl=g-rabenseifner-subgroup-4
7: Starting numprocs=8 N=2000, M=2000 impl=g-rabenseifner-subgroup-4
5: Starting numprocs=8 N=2000, M=2000 impl=g-rabenseifner-subgroup-4
3: Starting numprocs=8 N=2000, M=2000 impl=g-rabenseifner-subgroup-4
6: Starting numprocs=8 N=2000, M=2000 impl=g-rabenseifner-subgroup-4
4: Starting numprocs=8 N=2000, M=2000 impl=g-rabenseifner-subgroup-4
1: Starting numprocs=8 N=2000, M=2000 impl=g-rabenseifner-subgroup-4
time: 0.044655s
Iteration 1
time: 0.027987s
Iteration 2
time: 0.027884s
Iteration 3
time: 0.027771s
Iteration 4
time: 0.027792s
Iteration 5
time: 0.027601s
Iteration 6
time: 0.028070s
Iteration 7
time: 0.028097s
Iteration 8
time: 0.027975s
Iteration 9
time: 0.028266s
Iteration 10
time: 0.028110s
Iteration 11
time: 0.027976s
Iteration 12
time: 0.027835s
Iteration 13
time: 0.028133s
Iteration 14
time: 0.028169s
Iteration 15
time: 0.027797s
Iteration 16
time: 0.027795s
Iteration 17
time: 0.027803s
Iteration 18
time: 0.027810s
Iteration 19
time: 0.028034s
Iteration 20
time: 0.027788s
Iteration 21
time: 0.027764s
Iteration 22
time: 0.028469s
Iteration 23
time: 0.027770s
Iteration 24
time: 0.028553s
2: Starting numprocs=8 N=2000, M=2000 impl=g-rabenseifner-subgroup-8
6: Starting numprocs=8 N=2000, M=2000 impl=g-rabenseifner-subgroup-8
1: Starting numprocs=8 N=2000, M=2000 impl=g-rabenseifner-subgroup-8
0: Starting numprocs=8 N=2000, M=2000 impl=g-rabenseifner-subgroup-8
Iteration 0
7: Starting numprocs=8 N=2000, M=2000 impl=g-rabenseifner-subgroup-8
3: Starting numprocs=8 N=2000, M=2000 impl=g-rabenseifner-subgroup-8
4: Starting numprocs=8 N=2000, M=2000 impl=g-rabenseifner-subgroup-8
5: Starting numprocs=8 N=2000, M=2000 impl=g-rabenseifner-subgroup-8
time: 0.039696s
Iteration 1
time: 0.026811s
Iteration 2
time: 0.027428s
Iteration 3
time: 0.027513s
Iteration 4
time: 0.027728s
Iteration 5
time: 0.027068s
Iteration 6
time: 0.027688s
Iteration 7
time: 0.027751s
Iteration 8
time: 0.027704s
Iteration 9
time: 0.027040s
Iteration 10
time: 0.028582s
Iteration 11
time: 0.028227s
Iteration 12
time: 0.028417s
Iteration 13
time: 0.027818s
Iteration 14
time: 0.028074s
Iteration 15
time: 0.028173s
Iteration 16
time: 0.031570s
Iteration 17
time: 0.028071s
Iteration 18
time: 0.028089s
Iteration 19
time: 0.028701s
Iteration 20
time: 0.029550s
Iteration 21
time: 0.028876s
Iteration 22
time: 0.029029s
Iteration 23
time: 0.029167s
Iteration 24
time: 0.028815s
2: Starting numprocs=8 N=3000, M=3000 impl=allgather
1: Starting numprocs=8 N=3000, M=3000 impl=allgather
5: Starting numprocs=8 N=3000, M=3000 impl=allgather
6: Starting numprocs=8 N=3000, M=3000 impl=allgather
0: Starting numprocs=8 N=3000, M=3000 impl=allgather
Iteration 0
3: Starting numprocs=8 N=3000, M=3000 impl=allgather
4: Starting numprocs=8 N=3000, M=3000 impl=allgather
7: Starting numprocs=8 N=3000, M=3000 impl=allgather
time: 0.080721s
Iteration 1
time: 0.070895s
Iteration 2
time: 0.071687s
Iteration 3
time: 0.071137s
Iteration 4
time: 0.070313s
Iteration 5
time: 0.069883s
Iteration 6
time: 0.072225s
Iteration 7
time: 0.068489s
Iteration 8
time: 0.069420s
Iteration 9
time: 0.069648s
Iteration 10
time: 0.069959s
Iteration 11
time: 0.070799s
Iteration 12
time: 0.072377s
Iteration 13
time: 0.070095s
Iteration 14
time: 0.069625s
Iteration 15
time: 0.069862s
Iteration 16
time: 0.071400s
Iteration 17
time: 0.069885s
Iteration 18
time: 0.070139s
Iteration 19
time: 0.069924s
Iteration 20
time: 0.094243s
Iteration 21
time: 0.074143s
Iteration 22
time: 0.072459s
Iteration 23
time: 0.069801s
Iteration 24
time: 0.070150s
5: Starting numprocs=8 N=3000, M=3000 impl=allreduce
1: Starting numprocs=8 N=3000, M=3000 impl=allreduce
2: Starting numprocs=8 N=3000, M=3000 impl=allreduce
7: Starting numprocs=8 N=3000, M=3000 impl=allreduce
6: Starting numprocs=8 N=3000, M=3000 impl=allreduce
0: Starting numprocs=8 N=3000, M=3000 impl=allreduce
Iteration 0
4: Starting numprocs=8 N=3000, M=3000 impl=allreduce
3: Starting numprocs=8 N=3000, M=3000 impl=allreduce
time: 0.215078s
Iteration 1
time: 0.181144s
Iteration 2
time: 0.182506s
Iteration 3
time: 0.187577s
Iteration 4
time: 0.191865s
Iteration 5
time: 0.190831s
Iteration 6
time: 0.185846s
Iteration 7
time: 0.182556s
Iteration 8
time: 0.182653s
Iteration 9
time: 0.181529s
Iteration 10
time: 0.182968s
Iteration 11
time: 0.179701s
Iteration 12
time: 0.181348s
Iteration 13
time: 0.181808s
Iteration 14
time: 0.182132s
Iteration 15
time: 0.185157s
Iteration 16
time: 0.193470s
Iteration 17
time: 0.192131s
Iteration 18
time: 0.185168s
Iteration 19
time: 0.192289s
Iteration 20
time: 0.184819s
Iteration 21
time: 0.181659s
Iteration 22
time: 0.180004s
Iteration 23
time: 0.183377s
Iteration 24
time: 0.191742s
1: Starting numprocs=8 N=3000, M=3000 impl=allreduce-ring
2: Starting numprocs=8 N=3000, M=3000 impl=allreduce-ring
5: Starting numprocs=8 N=3000, M=3000 impl=allreduce-ring
6: Starting numprocs=8 N=3000, M=3000 impl=allreduce-ring
7: Starting numprocs=8 N=3000, M=3000 impl=allreduce-ring
0: Starting numprocs=8 N=3000, M=3000 impl=allreduce-ring
Iteration 0
4: Starting numprocs=8 N=3000, M=3000 impl=allreduce-ring
3: Starting numprocs=8 N=3000, M=3000 impl=allreduce-ring
time: 0.146517s
Iteration 1
time: 0.122741s
Iteration 2
time: 0.125669s
Iteration 3
time: 0.129906s
Iteration 4
time: 0.124877s
Iteration 5
time: 0.125781s
Iteration 6
time: 0.123370s
Iteration 7
time: 0.124368s
Iteration 8
time: 0.123445s
Iteration 9
time: 0.128588s
Iteration 10
time: 0.125186s
Iteration 11
time: 0.121045s
Iteration 12
time: 0.123821s
Iteration 13
time: 0.123172s
Iteration 14
time: 0.123580s
Iteration 15
time: 0.122456s
Iteration 16
time: 0.127903s
Iteration 17
time: 0.122286s
Iteration 18
time: 0.123074s
Iteration 19
time: 0.126137s
Iteration 20
time: 0.121737s
Iteration 21
time: 0.122092s
Iteration 22
time: 0.121527s
Iteration 23
time: 0.134705s
Iteration 24
time: 0.122116s
1: Starting numprocs=8 N=3000, M=3000 impl=g-rabenseifner-allgather
5: Starting numprocs=8 N=3000, M=3000 impl=g-rabenseifner-allgather
2: Starting numprocs=8 N=3000, M=3000 impl=g-rabenseifner-allgather
4: Starting numprocs=8 N=3000, M=3000 impl=g-rabenseifner-allgather
0: Starting numprocs=8 N=3000, M=3000 impl=g-rabenseifner-allgather
Iteration 0
6: Starting numprocs=8 N=3000, M=3000 impl=g-rabenseifner-allgather
3: Starting numprocs=8 N=3000, M=3000 impl=g-rabenseifner-allgather
7: Starting numprocs=8 N=3000, M=3000 impl=g-rabenseifner-allgather
time: 0.078601s
Iteration 1
time: 0.061838s
Iteration 2
time: 0.061708s
Iteration 3
time: 0.061514s
Iteration 4
time: 0.061261s
Iteration 5
time: 0.061274s
Iteration 6
time: 0.061213s
Iteration 7
time: 0.061129s
Iteration 8
time: 0.061005s
Iteration 9
time: 0.061298s
Iteration 10
time: 0.061667s
Iteration 11
time: 0.061459s
Iteration 12
time: 0.061664s
Iteration 13
time: 0.061127s
Iteration 14
time: 0.061661s
Iteration 15
time: 0.061267s
Iteration 16
time: 0.061072s
Iteration 17
time: 0.061084s
Iteration 18
time: 0.061093s
Iteration 19
time: 0.061729s
Iteration 20
time: 0.061377s
Iteration 21
time: 0.061139s
Iteration 22
time: 0.061120s
Iteration 23
time: 0.061432s
Iteration 24
time: 0.061344s
7: Starting numprocs=8 N=3000, M=3000 impl=g-rabenseifner-subgroup-2
2: Starting numprocs=8 N=3000, M=3000 impl=g-rabenseifner-subgroup-2
1: Starting numprocs=8 N=3000, M=3000 impl=g-rabenseifner-subgroup-2
6: Starting numprocs=8 N=3000, M=3000 impl=g-rabenseifner-subgroup-2
5: Starting numprocs=8 N=3000, M=3000 impl=g-rabenseifner-subgroup-2
0: Starting numprocs=8 N=3000, M=3000 impl=g-rabenseifner-subgroup-2
Iteration 0
3: Starting numprocs=8 N=3000, M=3000 impl=g-rabenseifner-subgroup-2
4: Starting numprocs=8 N=3000, M=3000 impl=g-rabenseifner-subgroup-2
time: 0.083827s
Iteration 1
time: 0.061829s
Iteration 2
time: 0.061609s
Iteration 3
time: 0.061645s
Iteration 4
time: 0.061742s
Iteration 5
time: 0.062884s
Iteration 6
time: 0.061702s
Iteration 7
time: 0.062571s
Iteration 8
time: 0.062126s
Iteration 9
time: 0.062138s
Iteration 10
time: 0.061625s
Iteration 11
time: 0.063879s
Iteration 12
time: 0.062001s
Iteration 13
time: 0.061518s
Iteration 14
time: 0.061680s
Iteration 15
time: 0.061662s
Iteration 16
time: 0.062162s
Iteration 17
time: 0.062120s
Iteration 18
time: 0.061970s
Iteration 19
time: 0.061729s
Iteration 20
time: 0.062011s
Iteration 21
time: 0.061888s
Iteration 22
time: 0.061916s
Iteration 23
time: 0.062159s
Iteration 24
time: 0.062023s
1: Starting numprocs=8 N=3000, M=3000 impl=g-rabenseifner-subgroup-4
5: Starting numprocs=8 N=3000, M=3000 impl=g-rabenseifner-subgroup-4
2: Starting numprocs=8 N=3000, M=3000 impl=g-rabenseifner-subgroup-4
0: Starting numprocs=8 N=3000, M=3000 impl=g-rabenseifner-subgroup-4
Iteration 0
6: Starting numprocs=8 N=3000, M=3000 impl=g-rabenseifner-subgroup-4
7: Starting numprocs=8 N=3000, M=3000 impl=g-rabenseifner-subgroup-4
3: Starting numprocs=8 N=3000, M=3000 impl=g-rabenseifner-subgroup-4
4: Starting numprocs=8 N=3000, M=3000 impl=g-rabenseifner-subgroup-4
time: 0.074164s
Iteration 1
time: 0.063295s
Iteration 2
time: 0.062190s
Iteration 3
time: 0.062286s
Iteration 4
time: 0.062941s
Iteration 5
time: 0.066182s
Iteration 6
time: 0.064970s
Iteration 7
time: 0.063518s
Iteration 8
time: 0.064135s
Iteration 9
time: 0.064489s
Iteration 10
time: 0.063278s
Iteration 11
time: 0.063682s
Iteration 12
time: 0.063091s
Iteration 13
time: 0.064646s
Iteration 14
time: 0.063432s
Iteration 15
time: 0.064514s
Iteration 16
time: 0.063209s
Iteration 17
time: 0.063903s
Iteration 18
time: 0.064192s
Iteration 19
time: 0.063543s
Iteration 20
time: 0.062370s
Iteration 21
time: 0.062398s
Iteration 22
time: 0.066968s
Iteration 23
time: 0.062245s
Iteration 24
time: 0.063280s
5: Starting numprocs=8 N=3000, M=3000 impl=g-rabenseifner-subgroup-8
2: Starting numprocs=8 N=3000, M=3000 impl=g-rabenseifner-subgroup-8
7: Starting numprocs=8 N=3000, M=3000 impl=g-rabenseifner-subgroup-8
1: Starting numprocs=8 N=3000, M=3000 impl=g-rabenseifner-subgroup-8
6: Starting numprocs=8 N=3000, M=3000 impl=g-rabenseifner-subgroup-8
0: Starting numprocs=8 N=3000, M=3000 impl=g-rabenseifner-subgroup-8
Iteration 0
4: Starting numprocs=8 N=3000, M=3000 impl=g-rabenseifner-subgroup-8
3: Starting numprocs=8 N=3000, M=3000 impl=g-rabenseifner-subgroup-8
time: 0.076940s
Iteration 1
time: 0.072504s
Iteration 2
time: 0.065416s
Iteration 3
time: 0.064930s
Iteration 4
time: 0.064232s
Iteration 5
time: 0.064265s
Iteration 6
time: 0.063191s
Iteration 7
time: 0.064626s
Iteration 8
time: 0.064650s
Iteration 9
time: 0.064766s
Iteration 10
time: 0.063877s
Iteration 11
time: 0.065248s
Iteration 12
time: 0.064563s
Iteration 13
time: 0.064305s
Iteration 14
time: 0.063243s
Iteration 15
time: 0.064605s
Iteration 16
time: 0.063408s
Iteration 17
time: 0.063654s
Iteration 18
time: 0.065255s
Iteration 19
time: 0.063966s
Iteration 20
time: 0.062854s
Iteration 21
time: 0.064459s
Iteration 22
time: 0.063552s
Iteration 23
time: 0.063332s
Iteration 24
time: 0.063003s
5: Starting numprocs=8 N=4000, M=4000 impl=allgather
1: Starting numprocs=8 N=4000, M=4000 impl=allgather
2: Starting numprocs=8 N=4000, M=4000 impl=allgather
7: Starting numprocs=8 N=4000, M=4000 impl=allgather
6: Starting numprocs=8 N=4000, M=4000 impl=allgather
3: Starting numprocs=8 N=4000, M=4000 impl=allgather
0: Starting numprocs=8 N=4000, M=4000 impl=allgather
Iteration 0
4: Starting numprocs=8 N=4000, M=4000 impl=allgather
time: 0.154501s
Iteration 1
time: 0.170773s
Iteration 2
time: 0.143718s
Iteration 3
time: 0.143432s
Iteration 4
time: 0.141988s
Iteration 5
time: 0.143868s
Iteration 6
time: 0.138171s
Iteration 7
time: 0.135750s
Iteration 8
time: 0.137528s
Iteration 9
time: 0.136833s
Iteration 10
time: 0.137338s
Iteration 11
time: 0.136831s
Iteration 12
time: 0.163707s
Iteration 13
time: 0.163427s
Iteration 14
time: 0.143847s
Iteration 15
time: 0.143534s
Iteration 16
time: 0.143544s
Iteration 17
time: 0.142163s
Iteration 18
time: 0.141924s
Iteration 19
time: 0.141945s
Iteration 20
time: 0.142352s
Iteration 21
time: 0.134773s
Iteration 22
time: 0.137587s
Iteration 23
time: 0.136788s
Iteration 24
time: 0.136724s
2: Starting numprocs=8 N=4000, M=4000 impl=allreduce
1: Starting numprocs=8 N=4000, M=4000 impl=allreduce
5: Starting numprocs=8 N=4000, M=4000 impl=allreduce
0: Starting numprocs=8 N=4000, M=4000 impl=allreduce
Iteration 0
7: Starting numprocs=8 N=4000, M=4000 impl=allreduce
6: Starting numprocs=8 N=4000, M=4000 impl=allreduce
3: Starting numprocs=8 N=4000, M=4000 impl=allreduce
4: Starting numprocs=8 N=4000, M=4000 impl=allreduce
time: 0.368407s
Iteration 1
time: 0.325388s
Iteration 2
time: 0.324283s
Iteration 3
time: 0.326805s
Iteration 4
time: 0.333772s
Iteration 5
time: 0.333213s
Iteration 6
time: 0.325782s
Iteration 7
time: 0.324331s
Iteration 8
time: 0.327590s
Iteration 9
time: 0.322512s
Iteration 10
time: 0.329010s
Iteration 11
time: 0.330664s
Iteration 12
time: 0.336894s
Iteration 13
time: 0.335197s
Iteration 14
time: 0.329415s
Iteration 15
time: 0.327252s
Iteration 16
time: 0.326254s
Iteration 17
time: 0.325449s
Iteration 18
time: 0.333271s
Iteration 19
time: 0.341532s
Iteration 20
time: 0.326111s
Iteration 21
time: 0.328820s
Iteration 22
time: 0.327966s
Iteration 23
time: 0.320811s
Iteration 24
time: 0.332454s
2: Starting numprocs=8 N=4000, M=4000 impl=allreduce-ring
5: Starting numprocs=8 N=4000, M=4000 impl=allreduce-ring
0: Starting numprocs=8 N=4000, M=4000 impl=allreduce-ring
Iteration 0
7: Starting numprocs=8 N=4000, M=4000 impl=allreduce-ring
3: Starting numprocs=8 N=4000, M=4000 impl=allreduce-ring
6: Starting numprocs=8 N=4000, M=4000 impl=allreduce-ring
1: Starting numprocs=8 N=4000, M=4000 impl=allreduce-ring
4: Starting numprocs=8 N=4000, M=4000 impl=allreduce-ring
time: 0.244258s
Iteration 1
time: 0.219809s
Iteration 2
time: 0.223266s
Iteration 3
time: 0.221147s
Iteration 4
time: 0.223226s
Iteration 5
time: 0.224542s
Iteration 6
time: 0.234257s
Iteration 7
time: 0.224160s
Iteration 8
time: 0.220520s
Iteration 9
time: 0.244788s
Iteration 10
time: 0.224904s
Iteration 11
time: 0.229123s
Iteration 12
time: 0.224605s
Iteration 13
time: 0.228630s
Iteration 14
time: 0.231272s
Iteration 15
time: 0.222772s
Iteration 16
time: 0.222463s
Iteration 17
time: 0.223893s
Iteration 18
time: 0.222079s
Iteration 19
time: 0.222176s
Iteration 20
time: 0.229588s
Iteration 21
time: 0.226374s
Iteration 22
time: 0.218798s
Iteration 23
time: 0.223340s
Iteration 24
time: 0.221274s
1: Starting numprocs=8 N=4000, M=4000 impl=g-rabenseifner-allgather
2: Starting numprocs=8 N=4000, M=4000 impl=g-rabenseifner-allgather
5: Starting numprocs=8 N=4000, M=4000 impl=g-rabenseifner-allgather
7: Starting numprocs=8 N=4000, M=4000 impl=g-rabenseifner-allgather
3: Starting numprocs=8 N=4000, M=4000 impl=g-rabenseifner-allgather
6: Starting numprocs=8 N=4000, M=4000 impl=g-rabenseifner-allgather
4: Starting numprocs=8 N=4000, M=4000 impl=g-rabenseifner-allgather
0: Starting numprocs=8 N=4000, M=4000 impl=g-rabenseifner-allgather
Iteration 0
time: 1.898022s
Iteration 1
time: 0.108542s
Iteration 2
time: 0.108457s
Iteration 3
time: 1.914086s
Iteration 4
time: 0.109362s
Iteration 5
time: 0.109331s
Iteration 6
time: 1.913971s
Iteration 7
time: 0.108674s
Iteration 8
time: 0.108735s
Iteration 9
time: 1.964936s
Iteration 10
time: 0.108772s
Iteration 11
time: 1.981686s
Iteration 12
time: 0.109640s
Iteration 13
time: 1.668026s
Iteration 14
time: 0.108659s
Iteration 15
time: 0.108630s
Iteration 16
time: 0.108646s
Iteration 17
time: 0.108393s
Iteration 18
time: 0.108736s
Iteration 19
time: 1.961537s
Iteration 20
time: 0.108275s
Iteration 21
time: 0.108139s
Iteration 22
time: 0.110024s
Iteration 23
time: 0.108403s
Iteration 24
time: 0.109258s
2: Starting numprocs=8 N=4000, M=4000 impl=g-rabenseifner-subgroup-2
7: Starting numprocs=8 N=4000, M=4000 impl=g-rabenseifner-subgroup-2
1: Starting numprocs=8 N=4000, M=4000 impl=g-rabenseifner-subgroup-2
5: Starting numprocs=8 N=4000, M=4000 impl=g-rabenseifner-subgroup-2
6: Starting numprocs=8 N=4000, M=4000 impl=g-rabenseifner-subgroup-2
0: Starting numprocs=8 N=4000, M=4000 impl=g-rabenseifner-subgroup-2
Iteration 0
3: Starting numprocs=8 N=4000, M=4000 impl=g-rabenseifner-subgroup-2
4: Starting numprocs=8 N=4000, M=4000 impl=g-rabenseifner-subgroup-2
time: 0.139148s
Iteration 1
time: 0.109436s
Iteration 2
time: 0.109798s
Iteration 3
time: 0.109793s
Iteration 4
time: 0.109189s
Iteration 5
time: 0.109376s
Iteration 6
time: 0.109567s
Iteration 7
time: 0.109526s
Iteration 8
time: 0.109203s
Iteration 9
time: 0.110101s
Iteration 10
time: 0.109392s
Iteration 11
time: 0.110064s
Iteration 12
time: 0.112232s
Iteration 13
time: 0.109296s
Iteration 14
time: 0.109058s
Iteration 15
time: 0.109514s
Iteration 16
time: 0.109456s
Iteration 17
time: 0.109869s
Iteration 18
time: 0.109188s
Iteration 19
time: 0.110976s
Iteration 20
time: 0.111246s
Iteration 21
time: 0.110771s
Iteration 22
time: 0.109929s
Iteration 23
time: 0.110579s
Iteration 24
time: 0.110290s
1: Starting numprocs=8 N=4000, M=4000 impl=g-rabenseifner-subgroup-4
5: Starting numprocs=8 N=4000, M=4000 impl=g-rabenseifner-subgroup-4
2: Starting numprocs=8 N=4000, M=4000 impl=g-rabenseifner-subgroup-4
3: Starting numprocs=8 N=4000, M=4000 impl=g-rabenseifner-subgroup-4
6: Starting numprocs=8 N=4000, M=4000 impl=g-rabenseifner-subgroup-4
0: Starting numprocs=8 N=4000, M=4000 impl=g-rabenseifner-subgroup-4
Iteration 0
4: Starting numprocs=8 N=4000, M=4000 impl=g-rabenseifner-subgroup-4
7: Starting numprocs=8 N=4000, M=4000 impl=g-rabenseifner-subgroup-4
time: 0.128740s
Iteration 1
time: 0.113549s
Iteration 2
time: 0.114215s
Iteration 3
time: 0.113804s
Iteration 4
time: 0.113950s
Iteration 5
time: 0.114383s
Iteration 6
time: 0.114219s
Iteration 7
time: 0.114345s
Iteration 8
time: 0.114123s
Iteration 9
time: 0.113194s
Iteration 10
time: 0.113739s
Iteration 11
time: 0.113963s
Iteration 12
time: 0.112369s
Iteration 13
time: 0.112462s
Iteration 14
time: 0.112807s
Iteration 15
time: 0.113163s
Iteration 16
time: 0.111430s
Iteration 17
time: 0.111931s
Iteration 18
time: 0.111760s
Iteration 19
time: 0.112119s
Iteration 20
time: 0.111028s
Iteration 21
time: 0.113711s
Iteration 22
time: 0.112259s
Iteration 23
time: 0.113479s
Iteration 24
time: 0.114685s
2: Starting numprocs=8 N=4000, M=4000 impl=g-rabenseifner-subgroup-8
7: Starting numprocs=8 N=4000, M=4000 impl=g-rabenseifner-subgroup-8
1: Starting numprocs=8 N=4000, M=4000 impl=g-rabenseifner-subgroup-8
5: Starting numprocs=8 N=4000, M=4000 impl=g-rabenseifner-subgroup-8
6: Starting numprocs=8 N=4000, M=4000 impl=g-rabenseifner-subgroup-8
3: Starting numprocs=8 N=4000, M=4000 impl=g-rabenseifner-subgroup-8
0: Starting numprocs=8 N=4000, M=4000 impl=g-rabenseifner-subgroup-8
Iteration 0
4: Starting numprocs=8 N=4000, M=4000 impl=g-rabenseifner-subgroup-8
time: 0.127783s
Iteration 1
time: 0.114013s
Iteration 2
time: 0.116690s
Iteration 3
time: 0.113836s
Iteration 4
time: 0.115974s
Iteration 5
time: 0.114117s
Iteration 6
time: 0.117816s
Iteration 7
time: 0.115454s
Iteration 8
time: 0.115856s
Iteration 9
time: 0.116515s
Iteration 10
time: 0.115158s
Iteration 11
time: 0.115230s
Iteration 12
time: 0.116105s
Iteration 13
time: 0.117794s
Iteration 14
time: 0.115693s
Iteration 15
time: 0.114820s
Iteration 16
time: 0.114561s
Iteration 17
time: 0.114793s
Iteration 18
time: 0.114857s
Iteration 19
time: 0.114545s
Iteration 20
time: 0.116737s
Iteration 21
time: 0.116333s
Iteration 22
time: 0.115443s
Iteration 23
time: 0.115759s
Iteration 24
time: 0.116584s
5: Starting numprocs=8 N=5000, M=5000 impl=allgather
2: Starting numprocs=8 N=5000, M=5000 impl=allgather
1: Starting numprocs=8 N=5000, M=5000 impl=allgather
7: Starting numprocs=8 N=5000, M=5000 impl=allgather
6: Starting numprocs=8 N=5000, M=5000 impl=allgather
3: Starting numprocs=8 N=5000, M=5000 impl=allgather
4: Starting numprocs=8 N=5000, M=5000 impl=allgather
0: Starting numprocs=8 N=5000, M=5000 impl=allgather
Iteration 0
time: 0.235757s
Iteration 1
time: 0.222826s
Iteration 2
time: 0.225634s
Iteration 3
time: 0.221157s
Iteration 4
time: 0.226300s
Iteration 5
time: 0.234247s
Iteration 6
time: 0.226441s
Iteration 7
time: 0.226493s
Iteration 8
time: 0.232426s
Iteration 9
time: 0.225711s
Iteration 10
time: 0.222379s
Iteration 11
time: 0.225986s
Iteration 12
time: 0.223639s
Iteration 13
time: 0.225828s
Iteration 14
time: 0.224682s
Iteration 15
time: 0.226971s
Iteration 16
time: 0.259333s
Iteration 17
time: 0.230841s
Iteration 18
time: 0.224582s
Iteration 19
time: 0.226911s
Iteration 20
time: 0.222952s
Iteration 21
time: 0.228142s
Iteration 22
time: 0.236571s
Iteration 23
time: 0.221082s
Iteration 24
time: 0.226043s
5: Starting numprocs=8 N=5000, M=5000 impl=allreduce
1: Starting numprocs=8 N=5000, M=5000 impl=allreduce
2: Starting numprocs=8 N=5000, M=5000 impl=allreduce
0: Starting numprocs=8 N=5000, M=5000 impl=allreduce
Iteration 0
7: Starting numprocs=8 N=5000, M=5000 impl=allreduce
3: Starting numprocs=8 N=5000, M=5000 impl=allreduce
6: Starting numprocs=8 N=5000, M=5000 impl=allreduce
4: Starting numprocs=8 N=5000, M=5000 impl=allreduce
time: 0.577673s
Iteration 1
time: 0.507107s
Iteration 2
time: 0.508009s
Iteration 3
time: 0.535134s
Iteration 4
time: 0.508220s
Iteration 5
time: 0.534329s
Iteration 6
time: 0.520896s
Iteration 7
time: 0.518800s
Iteration 8
time: 0.512616s
Iteration 9
time: 0.511351s
Iteration 10
time: 0.509323s
Iteration 11
time: 0.524548s
Iteration 12
time: 0.520921s
Iteration 13
time: 0.513284s
Iteration 14
time: 0.517923s
Iteration 15
time: 0.519007s
Iteration 16
time: 0.514168s
Iteration 17
time: 0.517093s
Iteration 18
time: 0.510096s
Iteration 19
time: 0.524864s
Iteration 20
time: 0.511215s
Iteration 21
time: 0.521499s
Iteration 22
time: 0.524699s
Iteration 23
time: 0.508752s
Iteration 24
time: 0.519370s
7: Starting numprocs=8 N=5000, M=5000 impl=allreduce-ring
1: Starting numprocs=8 N=5000, M=5000 impl=allreduce-ring
2: Starting numprocs=8 N=5000, M=5000 impl=allreduce-ring
5: Starting numprocs=8 N=5000, M=5000 impl=allreduce-ring
6: Starting numprocs=8 N=5000, M=5000 impl=allreduce-ring
3: Starting numprocs=8 N=5000, M=5000 impl=allreduce-ring
4: Starting numprocs=8 N=5000, M=5000 impl=allreduce-ring
0: Starting numprocs=8 N=5000, M=5000 impl=allreduce-ring
Iteration 0
time: 0.394181s
Iteration 1
time: 0.347174s
Iteration 2
time: 0.347542s
Iteration 3
time: 0.353109s
Iteration 4
time: 0.343447s
Iteration 5
time: 0.348769s
Iteration 6
time: 0.357749s
Iteration 7
time: 0.359041s
Iteration 8
time: 0.345443s
Iteration 9
time: 0.345386s
Iteration 10
time: 0.342722s
Iteration 11
time: 0.349136s
Iteration 12
time: 0.347574s
Iteration 13
time: 0.350947s
Iteration 14
time: 0.346426s
Iteration 15
time: 0.348498s
Iteration 16
time: 0.350723s
Iteration 17
time: 0.357442s
Iteration 18
time: 0.344304s
Iteration 19
time: 0.348980s
Iteration 20
time: 0.348154s
Iteration 21
time: 0.346139s
Iteration 22
time: 0.344889s
Iteration 23
time: 0.345441s
Iteration 24
time: 0.345298s
2: Starting numprocs=8 N=5000, M=5000 impl=g-rabenseifner-allgather
5: Starting numprocs=8 N=5000, M=5000 impl=g-rabenseifner-allgather
1: Starting numprocs=8 N=5000, M=5000 impl=g-rabenseifner-allgather
7: Starting numprocs=8 N=5000, M=5000 impl=g-rabenseifner-allgather
6: Starting numprocs=8 N=5000, M=5000 impl=g-rabenseifner-allgather
3: Starting numprocs=8 N=5000, M=5000 impl=g-rabenseifner-allgather
4: Starting numprocs=8 N=5000, M=5000 impl=g-rabenseifner-allgather
0: Starting numprocs=8 N=5000, M=5000 impl=g-rabenseifner-allgather
Iteration 0
time: 0.195323s
Iteration 1
time: 0.169579s
Iteration 2
time: 0.169009s
Iteration 3
time: 0.169878s
Iteration 4
time: 0.170281s
Iteration 5
time: 0.169206s
Iteration 6
time: 0.170284s
Iteration 7
time: 0.169048s
Iteration 8
time: 0.170369s
Iteration 9
time: 0.169635s
Iteration 10
time: 0.170221s
Iteration 11
time: 0.169711s
Iteration 12
time: 0.169849s
Iteration 13
time: 0.169593s
Iteration 14
time: 0.169548s
Iteration 15
time: 0.170516s
Iteration 16
time: 0.169198s
Iteration 17
time: 0.169789s
Iteration 18
time: 0.168984s
Iteration 19
time: 0.169488s
Iteration 20
time: 0.169675s
Iteration 21
time: 0.172687s
Iteration 22
time: 0.169386s
Iteration 23
time: 0.169703s
Iteration 24
time: 0.169437s
2: Starting numprocs=8 N=5000, M=5000 impl=g-rabenseifner-subgroup-2
1: Starting numprocs=8 N=5000, M=5000 impl=g-rabenseifner-subgroup-2
5: Starting numprocs=8 N=5000, M=5000 impl=g-rabenseifner-subgroup-2
6: Starting numprocs=8 N=5000, M=5000 impl=g-rabenseifner-subgroup-2
7: Starting numprocs=8 N=5000, M=5000 impl=g-rabenseifner-subgroup-2
4: Starting numprocs=8 N=5000, M=5000 impl=g-rabenseifner-subgroup-2
3: Starting numprocs=8 N=5000, M=5000 impl=g-rabenseifner-subgroup-2
0: Starting numprocs=8 N=5000, M=5000 impl=g-rabenseifner-subgroup-2
Iteration 0
time: 0.208511s
Iteration 1
time: 0.170842s
Iteration 2
time: 0.171227s
Iteration 3
time: 0.171108s
Iteration 4
time: 0.170229s
Iteration 5
time: 0.172089s
Iteration 6
time: 0.170961s
Iteration 7
time: 0.175503s
Iteration 8
time: 0.171733s
Iteration 9
time: 0.171797s
Iteration 10
time: 0.174894s
Iteration 11
time: 0.171718s
Iteration 12
time: 0.172099s
Iteration 13
time: 0.170936s
Iteration 14
time: 0.170471s
Iteration 15
time: 0.170825s
Iteration 16
time: 0.171105s
Iteration 17
time: 0.174491s
Iteration 18
time: 0.170898s
Iteration 19
time: 0.172447s
Iteration 20
time: 0.171554s
Iteration 21
time: 0.170809s
Iteration 22
time: 0.171263s
Iteration 23
time: 0.170801s
Iteration 24
time: 0.171570s
1: Starting numprocs=8 N=5000, M=5000 impl=g-rabenseifner-subgroup-4
5: Starting numprocs=8 N=5000, M=5000 impl=g-rabenseifner-subgroup-4
2: Starting numprocs=8 N=5000, M=5000 impl=g-rabenseifner-subgroup-4
7: Starting numprocs=8 N=5000, M=5000 impl=g-rabenseifner-subgroup-4
3: Starting numprocs=8 N=5000, M=5000 impl=g-rabenseifner-subgroup-4
6: Starting numprocs=8 N=5000, M=5000 impl=g-rabenseifner-subgroup-4
0: Starting numprocs=8 N=5000, M=5000 impl=g-rabenseifner-subgroup-4
Iteration 0
4: Starting numprocs=8 N=5000, M=5000 impl=g-rabenseifner-subgroup-4
time: 0.195289s
Iteration 1
time: 0.176210s
Iteration 2
time: 0.176633s
Iteration 3
time: 0.181268s
Iteration 4
time: 0.177134s
Iteration 5
time: 0.176418s
Iteration 6
time: 0.177400s
Iteration 7
time: 0.176606s
Iteration 8
time: 0.175951s
Iteration 9
time: 0.175692s
Iteration 10
time: 0.175620s
Iteration 11
time: 0.188031s
Iteration 12
time: 0.174997s
Iteration 13
time: 0.176097s
Iteration 14
time: 0.174976s
Iteration 15
time: 0.174599s
Iteration 16
time: 0.175212s
Iteration 17
time: 0.174387s
Iteration 18
time: 0.173859s
Iteration 19
time: 0.175381s
Iteration 20
time: 0.176209s
Iteration 21
time: 0.174441s
Iteration 22
time: 0.175085s
Iteration 23
time: 0.174945s
Iteration 24
time: 0.174848s
2: Starting numprocs=8 N=5000, M=5000 impl=g-rabenseifner-subgroup-8
5: Starting numprocs=8 N=5000, M=5000 impl=g-rabenseifner-subgroup-8
1: Starting numprocs=8 N=5000, M=5000 impl=g-rabenseifner-subgroup-8
3: Starting numprocs=8 N=5000, M=5000 impl=g-rabenseifner-subgroup-8
7: Starting numprocs=8 N=5000, M=5000 impl=g-rabenseifner-subgroup-8
6: Starting numprocs=8 N=5000, M=5000 impl=g-rabenseifner-subgroup-8
0: Starting numprocs=8 N=5000, M=5000 impl=g-rabenseifner-subgroup-8
Iteration 0
4: Starting numprocs=8 N=5000, M=5000 impl=g-rabenseifner-subgroup-8
time: 0.189249s
Iteration 1
time: 0.180582s
Iteration 2
time: 0.183295s
Iteration 3
time: 0.182603s
Iteration 4
time: 0.181035s
Iteration 5
time: 0.186472s
Iteration 6
time: 0.181532s
Iteration 7
time: 0.180248s
Iteration 8
time: 0.180859s
Iteration 9
time: 0.181656s
Iteration 10
time: 0.183156s
Iteration 11
time: 0.181263s
Iteration 12
time: 0.180769s
Iteration 13
time: 0.182678s
Iteration 14
time: 0.179902s
Iteration 15
time: 0.181408s
Iteration 16
time: 0.181082s
Iteration 17
time: 0.180435s
Iteration 18
time: 0.181686s
Iteration 19
time: 0.181365s
Iteration 20
time: 0.183715s
Iteration 21
time: 0.179388s
Iteration 22
time: 0.179676s
Iteration 23
time: 0.182708s
Iteration 24
time: 0.182475s
2: Starting numprocs=8 N=6000, M=6000 impl=allgather
1: Starting numprocs=8 N=6000, M=6000 impl=allgather
5: Starting numprocs=8 N=6000, M=6000 impl=allgather
7: Starting numprocs=8 N=6000, M=6000 impl=allgather
6: Starting numprocs=8 N=6000, M=6000 impl=allgather
0: Starting numprocs=8 N=6000, M=6000 impl=allgather
Iteration 0
4: Starting numprocs=8 N=6000, M=6000 impl=allgather
3: Starting numprocs=8 N=6000, M=6000 impl=allgather
time: 0.333505s
Iteration 1
time: 0.322829s
Iteration 2
time: 0.346143s
Iteration 3
time: 0.321523s
Iteration 4
time: 0.328298s
Iteration 5
time: 0.324522s
Iteration 6
time: 0.320824s
Iteration 7
time: 0.323040s
Iteration 8
time: 0.320908s
Iteration 9
time: 0.325034s
Iteration 10
time: 0.323431s
Iteration 11
time: 0.335399s
Iteration 12
time: 0.323441s
Iteration 13
time: 0.322213s
Iteration 14
time: 0.324744s
Iteration 15
time: 0.324607s
Iteration 16
time: 0.323392s
Iteration 17
time: 0.321793s
Iteration 18
time: 0.345255s
Iteration 19
time: 0.324110s
Iteration 20
time: 0.339531s
Iteration 21
time: 0.327990s
Iteration 22
time: 0.326293s
Iteration 23
time: 0.329906s
Iteration 24
time: 0.322535s
1: Starting numprocs=8 N=6000, M=6000 impl=allreduce
2: Starting numprocs=8 N=6000, M=6000 impl=allreduce
5: Starting numprocs=8 N=6000, M=6000 impl=allreduce
3: Starting numprocs=8 N=6000, M=6000 impl=allreduce
0: Starting numprocs=8 N=6000, M=6000 impl=allreduce
Iteration 0
6: Starting numprocs=8 N=6000, M=6000 impl=allreduce
7: Starting numprocs=8 N=6000, M=6000 impl=allreduce
4: Starting numprocs=8 N=6000, M=6000 impl=allreduce
time: 0.885585s
Iteration 1
time: 0.738485s
Iteration 2
time: 0.778104s
Iteration 3
time: 0.745864s
Iteration 4
time: 0.730413s
Iteration 5
time: 0.742038s
Iteration 6
time: 0.739605s
Iteration 7
time: 0.747912s
Iteration 8
time: 0.742961s
Iteration 9
time: 0.765949s
Iteration 10
time: 0.747953s
Iteration 11
time: 0.742493s
Iteration 12
time: 0.732659s
Iteration 13
time: 0.739010s
Iteration 14
time: 0.763831s
Iteration 15
time: 0.776088s
Iteration 16
time: 0.738373s
Iteration 17
time: 0.733776s
Iteration 18
time: 0.760188s
Iteration 19
time: 0.745886s
Iteration 20
time: 0.731883s
Iteration 21
time: 0.739571s
Iteration 22
time: 0.737368s
Iteration 23
time: 0.746783s
Iteration 24
time: 0.737540s
5: Starting numprocs=8 N=6000, M=6000 impl=allreduce-ring
2: Starting numprocs=8 N=6000, M=6000 impl=allreduce-ring
1: Starting numprocs=8 N=6000, M=6000 impl=allreduce-ring
7: Starting numprocs=8 N=6000, M=6000 impl=allreduce-ring
6: Starting numprocs=8 N=6000, M=6000 impl=allreduce-ring
0: Starting numprocs=8 N=6000, M=6000 impl=allreduce-ring
Iteration 0
4: Starting numprocs=8 N=6000, M=6000 impl=allreduce-ring
3: Starting numprocs=8 N=6000, M=6000 impl=allreduce-ring
time: 0.685785s
Iteration 1
time: 0.575059s
Iteration 2
time: 0.576771s
Iteration 3
time: 0.573289s
Iteration 4
time: 0.579213s
Iteration 5
time: 0.582304s
Iteration 6
time: 0.581783s
Iteration 7
time: 0.596740s
Iteration 8
time: 0.582002s
Iteration 9
time: 0.581874s
Iteration 10
time: 0.579233s
Iteration 11
time: 0.586017s
Iteration 12
time: 0.574715s
Iteration 13
time: 0.577777s
Iteration 14
time: 0.588003s
Iteration 15
time: 0.585189s
Iteration 16
time: 0.576293s
Iteration 17
time: 0.591102s
Iteration 18
time: 0.588048s
Iteration 19
time: 0.584053s
Iteration 20
time: 0.575916s
Iteration 21
time: 0.584227s
Iteration 22
time: 0.589474s
Iteration 23
time: 0.582129s
Iteration 24
time: 0.592074s
2: Starting numprocs=8 N=6000, M=6000 impl=g-rabenseifner-allgather
1: Starting numprocs=8 N=6000, M=6000 impl=g-rabenseifner-allgather
5: Starting numprocs=8 N=6000, M=6000 impl=g-rabenseifner-allgather
7: Starting numprocs=8 N=6000, M=6000 impl=g-rabenseifner-allgather
0: Starting numprocs=8 N=6000, M=6000 impl=g-rabenseifner-allgather
Iteration 0
3: Starting numprocs=8 N=6000, M=6000 impl=g-rabenseifner-allgather
6: Starting numprocs=8 N=6000, M=6000 impl=g-rabenseifner-allgather
4: Starting numprocs=8 N=6000, M=6000 impl=g-rabenseifner-allgather
time: 0.281164s
Iteration 1
time: 0.244866s
Iteration 2
time: 0.247681s
Iteration 3
time: 0.244642s
Iteration 4
time: 0.244218s
Iteration 5
time: 0.243501s
Iteration 6
time: 0.243687s
Iteration 7
time: 0.244608s
Iteration 8
time: 0.247373s
Iteration 9
time: 0.244152s
Iteration 10
time: 0.244662s
Iteration 11
time: 0.244812s
Iteration 12
time: 0.245427s
Iteration 13
time: 0.244608s
Iteration 14
time: 0.243999s
Iteration 15
time: 0.243702s
Iteration 16
time: 0.246053s
Iteration 17
time: 0.244554s
Iteration 18
time: 0.244932s
Iteration 19
time: 0.244959s
Iteration 20
time: 0.245885s
Iteration 21
time: 0.245292s
Iteration 22
time: 0.245522s
Iteration 23
time: 0.245054s
Iteration 24
time: 0.244787s
1: Starting numprocs=8 N=6000, M=6000 impl=g-rabenseifner-subgroup-2
2: Starting numprocs=8 N=6000, M=6000 impl=g-rabenseifner-subgroup-2
5: Starting numprocs=8 N=6000, M=6000 impl=g-rabenseifner-subgroup-2
7: Starting numprocs=8 N=6000, M=6000 impl=g-rabenseifner-subgroup-2
0: Starting numprocs=8 N=6000, M=6000 impl=g-rabenseifner-subgroup-2
Iteration 0
4: Starting numprocs=8 N=6000, M=6000 impl=g-rabenseifner-subgroup-2
6: Starting numprocs=8 N=6000, M=6000 impl=g-rabenseifner-subgroup-2
3: Starting numprocs=8 N=6000, M=6000 impl=g-rabenseifner-subgroup-2
time: 0.296679s
Iteration 1
time: 0.250453s
Iteration 2
time: 0.248257s
Iteration 3
time: 0.248747s
Iteration 4
time: 0.255662s
Iteration 5
time: 0.252846s
Iteration 6
time: 0.248978s
Iteration 7
time: 0.248758s
Iteration 8
time: 0.248464s
Iteration 9
time: 0.247747s
Iteration 10
time: 0.249525s
Iteration 11
time: 0.248336s
Iteration 12
time: 0.247493s
Iteration 13
time: 0.250280s
Iteration 14
time: 0.247154s
Iteration 15
time: 0.247627s
Iteration 16
time: 0.246899s
Iteration 17
time: 0.249443s
Iteration 18
time: 0.252419s
Iteration 19
time: 0.247782s
Iteration 20
time: 0.246507s
Iteration 21
time: 0.247872s
Iteration 22
time: 0.249284s
Iteration 23
time: 0.250599s
Iteration 24
time: 0.249833s
2: Starting numprocs=8 N=6000, M=6000 impl=g-rabenseifner-subgroup-4
5: Starting numprocs=8 N=6000, M=6000 impl=g-rabenseifner-subgroup-4
1: Starting numprocs=8 N=6000, M=6000 impl=g-rabenseifner-subgroup-4
7: Starting numprocs=8 N=6000, M=6000 impl=g-rabenseifner-subgroup-4
6: Starting numprocs=8 N=6000, M=6000 impl=g-rabenseifner-subgroup-4
4: Starting numprocs=8 N=6000, M=6000 impl=g-rabenseifner-subgroup-4
0: Starting numprocs=8 N=6000, M=6000 impl=g-rabenseifner-subgroup-4
Iteration 0
3: Starting numprocs=8 N=6000, M=6000 impl=g-rabenseifner-subgroup-4
time: 0.280481s
Iteration 1
time: 0.256932s
Iteration 2
time: 0.256365s
Iteration 3
time: 0.256701s
Iteration 4
time: 0.258496s
Iteration 5
time: 0.254351s
Iteration 6
time: 0.252980s
Iteration 7
time: 0.253439s
Iteration 8
time: 0.253599s
Iteration 9
time: 0.259777s
Iteration 10
time: 0.252888s
Iteration 11
time: 0.255724s
Iteration 12
time: 0.257093s
Iteration 13
time: 0.257136s
Iteration 14
time: 0.260653s
Iteration 15
time: 0.257204s
Iteration 16
time: 0.254264s
Iteration 17
time: 0.252949s
Iteration 18
time: 0.252563s
Iteration 19
time: 0.254269s
Iteration 20
time: 0.260418s
Iteration 21
time: 0.259194s
Iteration 22
time: 0.259144s
Iteration 23
time: 0.255871s
Iteration 24
time: 0.253841s
1: Starting numprocs=8 N=6000, M=6000 impl=g-rabenseifner-subgroup-8
2: Starting numprocs=8 N=6000, M=6000 impl=g-rabenseifner-subgroup-8
5: Starting numprocs=8 N=6000, M=6000 impl=g-rabenseifner-subgroup-8
7: Starting numprocs=8 N=6000, M=6000 impl=g-rabenseifner-subgroup-8
6: Starting numprocs=8 N=6000, M=6000 impl=g-rabenseifner-subgroup-8
3: Starting numprocs=8 N=6000, M=6000 impl=g-rabenseifner-subgroup-8
0: Starting numprocs=8 N=6000, M=6000 impl=g-rabenseifner-subgroup-8
Iteration 0
4: Starting numprocs=8 N=6000, M=6000 impl=g-rabenseifner-subgroup-8
time: 0.273290s
Iteration 1
time: 0.261941s
Iteration 2
time: 0.260173s
Iteration 3
time: 0.258490s
Iteration 4
time: 0.259454s
Iteration 5
time: 0.260211s
Iteration 6
time: 0.261765s
Iteration 7
time: 0.271860s
Iteration 8
time: 0.268292s
Iteration 9
time: 0.269302s
Iteration 10
time: 0.259348s
Iteration 11
time: 0.260488s
Iteration 12
time: 0.259925s
Iteration 13
time: 0.260326s
Iteration 14
time: 0.258832s
Iteration 15
time: 0.259071s
Iteration 16
time: 0.260171s
Iteration 17
time: 0.270221s
Iteration 18
time: 0.259101s
Iteration 19
time: 0.261400s
Iteration 20
time: 0.259743s
Iteration 21
time: 0.259921s
Iteration 22
time: 0.261132s
Iteration 23
time: 0.268009s
Iteration 24
time: 0.265815s
1: Starting numprocs=8 N=7000, M=7000 impl=allgather
2: Starting numprocs=8 N=7000, M=7000 impl=allgather
5: Starting numprocs=8 N=7000, M=7000 impl=allgather
3: Starting numprocs=8 N=7000, M=7000 impl=allgather
7: Starting numprocs=8 N=7000, M=7000 impl=allgather
0: Starting numprocs=8 N=7000, M=7000 impl=allgather
Iteration 0
6: Starting numprocs=8 N=7000, M=7000 impl=allgather
4: Starting numprocs=8 N=7000, M=7000 impl=allgather
time: 0.466873s
Iteration 1
time: 2.491360s
Iteration 2
time: 0.453964s
Iteration 3
time: 0.448381s
Iteration 4
time: 0.487469s
Iteration 5
time: 0.443323s
Iteration 6
time: 0.444503s
Iteration 7
time: 0.459710s
Iteration 8
time: 0.457192s
Iteration 9
time: 0.443487s
Iteration 10
time: 0.442342s
Iteration 11
time: 0.445303s
Iteration 12
time: 0.452481s
Iteration 13
time: 0.494131s
Iteration 14
time: 0.463761s
Iteration 15
time: 0.452935s
Iteration 16
time: 0.460205s
Iteration 17
time: 0.459043s
Iteration 18
time: 0.475493s
Iteration 19
time: 0.444996s
Iteration 20
time: 0.463903s
Iteration 21
time: 0.451210s
Iteration 22
time: 0.481725s
Iteration 23
time: 0.443811s
Iteration 24
time: 0.447807s
2: Starting numprocs=8 N=7000, M=7000 impl=allreduce
5: Starting numprocs=8 N=7000, M=7000 impl=allreduce
7: Starting numprocs=8 N=7000, M=7000 impl=allreduce
0: Starting numprocs=8 N=7000, M=7000 impl=allreduce
Iteration 0
6: Starting numprocs=8 N=7000, M=7000 impl=allreduce
1: Starting numprocs=8 N=7000, M=7000 impl=allreduce
3: Starting numprocs=8 N=7000, M=7000 impl=allreduce
4: Starting numprocs=8 N=7000, M=7000 impl=allreduce
time: 1.120053s
Iteration 1
time: 0.994879s
Iteration 2
time: 1.022742s
Iteration 3
time: 1.003712s
Iteration 4
time: 1.005268s
Iteration 5
time: 1.000716s
Iteration 6
time: 0.995330s
Iteration 7
time: 1.032313s
Iteration 8
time: 1.031323s
Iteration 9
time: 1.015062s
Iteration 10
time: 1.001097s
Iteration 11
time: 1.026957s
Iteration 12
time: 1.020666s
Iteration 13
time: 1.015520s
Iteration 14
time: 1.005005s
Iteration 15
time: 1.011116s
Iteration 16
time: 1.004780s
Iteration 17
time: 1.009827s
Iteration 18
time: 0.998637s
Iteration 19
time: 1.038808s
Iteration 20
time: 1.002374s
Iteration 21
time: 1.011949s
Iteration 22
time: 1.021513s
Iteration 23
time: 1.013993s
Iteration 24
time: 1.001100s
2: Starting numprocs=8 N=7000, M=7000 impl=allreduce-ring
5: Starting numprocs=8 N=7000, M=7000 impl=allreduce-ring
1: Starting numprocs=8 N=7000, M=7000 impl=allreduce-ring
7: Starting numprocs=8 N=7000, M=7000 impl=allreduce-ring
6: Starting numprocs=8 N=7000, M=7000 impl=allreduce-ring
3: Starting numprocs=8 N=7000, M=7000 impl=allreduce-ring
4: Starting numprocs=8 N=7000, M=7000 impl=allreduce-ring
0: Starting numprocs=8 N=7000, M=7000 impl=allreduce-ring
Iteration 0
time: 0.927926s
Iteration 1
time: 0.782002s
Iteration 2
time: 0.798686s
Iteration 3
time: 0.789711s
Iteration 4
time: 0.788901s
Iteration 5
time: 0.776995s
Iteration 6
time: 0.795935s
Iteration 7
time: 0.782000s
Iteration 8
time: 0.784157s
Iteration 9
time: 0.782330s
Iteration 10
time: 0.805913s
Iteration 11
time: 0.792680s
Iteration 12
time: 0.787303s
Iteration 13
time: 0.778119s
Iteration 14
time: 0.816847s
Iteration 15
time: 0.792067s
Iteration 16
time: 0.781331s
Iteration 17
time: 0.777036s
Iteration 18
time: 0.823020s
Iteration 19
time: 0.785601s
Iteration 20
time: 0.778310s
Iteration 21
time: 0.778851s
Iteration 22
time: 0.819062s
Iteration 23
time: 0.801579s
Iteration 24
time: 0.783400s
5: Starting numprocs=8 N=7000, M=7000 impl=g-rabenseifner-allgather
1: Starting numprocs=8 N=7000, M=7000 impl=g-rabenseifner-allgather
2: Starting numprocs=8 N=7000, M=7000 impl=g-rabenseifner-allgather
0: Starting numprocs=8 N=7000, M=7000 impl=g-rabenseifner-allgather
Iteration 0
6: Starting numprocs=8 N=7000, M=7000 impl=g-rabenseifner-allgather
3: Starting numprocs=8 N=7000, M=7000 impl=g-rabenseifner-allgather
7: Starting numprocs=8 N=7000, M=7000 impl=g-rabenseifner-allgather
4: Starting numprocs=8 N=7000, M=7000 impl=g-rabenseifner-allgather
time: 0.381855s
Iteration 1
time: 0.333472s
Iteration 2
time: 0.332878s
Iteration 3
time: 0.334463s
Iteration 4
time: 0.331931s
Iteration 5
time: 0.331699s
Iteration 6
time: 0.333391s
Iteration 7
time: 0.332498s
Iteration 8
time: 0.332593s
Iteration 9
time: 0.333519s
Iteration 10
time: 0.333592s
Iteration 11
time: 0.331852s
Iteration 12
time: 0.332402s
Iteration 13
time: 0.333913s
Iteration 14
time: 0.335647s
Iteration 15
time: 0.333633s
Iteration 16
time: 0.332753s
Iteration 17
time: 0.335347s
Iteration 18
time: 0.334818s
Iteration 19
time: 0.334857s
Iteration 20
time: 0.332813s
Iteration 21
time: 0.333351s
Iteration 22
time: 0.337279s
Iteration 23
time: 0.332792s
Iteration 24
time: 0.332354s
5: Starting numprocs=8 N=7000, M=7000 impl=g-rabenseifner-subgroup-2
2: Starting numprocs=8 N=7000, M=7000 impl=g-rabenseifner-subgroup-2
1: Starting numprocs=8 N=7000, M=7000 impl=g-rabenseifner-subgroup-2
0: Starting numprocs=8 N=7000, M=7000 impl=g-rabenseifner-subgroup-2
Iteration 0
7: Starting numprocs=8 N=7000, M=7000 impl=g-rabenseifner-subgroup-2
6: Starting numprocs=8 N=7000, M=7000 impl=g-rabenseifner-subgroup-2
4: Starting numprocs=8 N=7000, M=7000 impl=g-rabenseifner-subgroup-2
3: Starting numprocs=8 N=7000, M=7000 impl=g-rabenseifner-subgroup-2
time: 0.396715s
Iteration 1
time: 0.340279s
Iteration 2
time: 0.337347s
Iteration 3
time: 0.338196s
Iteration 4
time: 0.337693s
Iteration 5
time: 0.338939s
Iteration 6
time: 0.340559s
Iteration 7
time: 0.337387s
Iteration 8
time: 0.337932s
Iteration 9
time: 0.337384s
Iteration 10
time: 0.339692s
Iteration 11
time: 0.339899s
Iteration 12
time: 0.339433s
Iteration 13
time: 0.336851s
Iteration 14
time: 0.338128s
Iteration 15
time: 0.340064s
Iteration 16
time: 0.336766s
Iteration 17
time: 0.338182s
Iteration 18
time: 0.338171s
Iteration 19
time: 0.341515s
Iteration 20
time: 0.347219s
Iteration 21
time: 0.335554s
Iteration 22
time: 0.338040s
Iteration 23
time: 0.338777s
Iteration 24
time: 0.341711s
1: Starting numprocs=8 N=7000, M=7000 impl=g-rabenseifner-subgroup-4
5: Starting numprocs=8 N=7000, M=7000 impl=g-rabenseifner-subgroup-4
2: Starting numprocs=8 N=7000, M=7000 impl=g-rabenseifner-subgroup-4
7: Starting numprocs=8 N=7000, M=7000 impl=g-rabenseifner-subgroup-4
0: Starting numprocs=8 N=7000, M=7000 impl=g-rabenseifner-subgroup-4
Iteration 0
6: Starting numprocs=8 N=7000, M=7000 impl=g-rabenseifner-subgroup-4
3: Starting numprocs=8 N=7000, M=7000 impl=g-rabenseifner-subgroup-4
4: Starting numprocs=8 N=7000, M=7000 impl=g-rabenseifner-subgroup-4
time: 0.377727s
Iteration 1
time: 0.346824s
Iteration 2
time: 0.348230s
Iteration 3
time: 0.346023s
Iteration 4
time: 0.345658s
Iteration 5
time: 0.347190s
Iteration 6
time: 0.350445s
Iteration 7
time: 0.351865s
Iteration 8
time: 0.350833s
Iteration 9
time: 0.351851s
Iteration 10
time: 0.349060s
Iteration 11
time: 0.346720s
Iteration 12
time: 0.345666s
Iteration 13
time: 0.352650s
Iteration 14
time: 0.347187s
Iteration 15
time: 0.352884s
Iteration 16
time: 0.354200s
Iteration 17
time: 0.350294s
Iteration 18
time: 0.346800s
Iteration 19
time: 0.344788s
Iteration 20
time: 0.346919s
Iteration 21
time: 0.346842s
Iteration 22
time: 0.345963s
Iteration 23
time: 0.347973s
Iteration 24
time: 0.350991s
5: Starting numprocs=8 N=7000, M=7000 impl=g-rabenseifner-subgroup-8
2: Starting numprocs=8 N=7000, M=7000 impl=g-rabenseifner-subgroup-8
1: Starting numprocs=8 N=7000, M=7000 impl=g-rabenseifner-subgroup-8
7: Starting numprocs=8 N=7000, M=7000 impl=g-rabenseifner-subgroup-8
0: Starting numprocs=8 N=7000, M=7000 impl=g-rabenseifner-subgroup-8
Iteration 0
6: Starting numprocs=8 N=7000, M=7000 impl=g-rabenseifner-subgroup-8
3: Starting numprocs=8 N=7000, M=7000 impl=g-rabenseifner-subgroup-8
4: Starting numprocs=8 N=7000, M=7000 impl=g-rabenseifner-subgroup-8
time: 0.374244s
Iteration 1
time: 0.366111s
Iteration 2
time: 0.365575s
Iteration 3
time: 0.360661s
Iteration 4
time: 0.356831s
Iteration 5
time: 0.355138s
Iteration 6
time: 0.358337s
Iteration 7
time: 0.364844s
Iteration 8
time: 0.367044s
Iteration 9
time: 0.365018s
Iteration 10
time: 0.354669s
Iteration 11
time: 0.355867s
Iteration 12
time: 0.358628s
Iteration 13
time: 0.365589s
Iteration 14
time: 0.369613s
Iteration 15
time: 0.360167s
Iteration 16
time: 0.357086s
Iteration 17
time: 0.357916s
Iteration 18
time: 0.353591s
Iteration 19
time: 0.357255s
Iteration 20
time: 0.362992s
Iteration 21
time: 0.364320s
Iteration 22
time: 0.362995s
Iteration 23
time: 0.358612s
Iteration 24
time: 0.358616s
5: Starting numprocs=8 N=8000, M=8000 impl=allgather
1: Starting numprocs=8 N=8000, M=8000 impl=allgather
2: Starting numprocs=8 N=8000, M=8000 impl=allgather
7: Starting numprocs=8 N=8000, M=8000 impl=allgather
6: Starting numprocs=8 N=8000, M=8000 impl=allgather
0: Starting numprocs=8 N=8000, M=8000 impl=allgather
Iteration 0
3: Starting numprocs=8 N=8000, M=8000 impl=allgather
4: Starting numprocs=8 N=8000, M=8000 impl=allgather
time: 0.651195s
Iteration 1
time: 0.591020s
Iteration 2
time: 0.585451s
Iteration 3
time: 0.596009s
Iteration 4
time: 0.632540s
Iteration 5
time: 0.591628s
Iteration 6
time: 0.590267s
Iteration 7
time: 0.599318s
Iteration 8
time: 0.634840s
Iteration 9
time: 0.596464s
Iteration 10
time: 0.593066s
Iteration 11
time: 0.595682s
Iteration 12
time: 0.633119s
Iteration 13
time: 0.587987s
Iteration 14
time: 0.593965s
Iteration 15
time: 0.604558s
Iteration 16
time: 0.601282s
Iteration 17
time: 0.587144s
Iteration 18
time: 0.591578s
Iteration 19
time: 0.603480s
Iteration 20
time: 0.624956s
Iteration 21
time: 0.589190s
Iteration 22
time: 0.596548s
Iteration 23
time: 0.632766s
Iteration 24
time: 0.621739s
5: Starting numprocs=8 N=8000, M=8000 impl=allreduce
1: Starting numprocs=8 N=8000, M=8000 impl=allreduce
2: Starting numprocs=8 N=8000, M=8000 impl=allreduce
7: Starting numprocs=8 N=8000, M=8000 impl=allreduce
0: Starting numprocs=8 N=8000, M=8000 impl=allreduce
Iteration 0
3: Starting numprocs=8 N=8000, M=8000 impl=allreduce
6: Starting numprocs=8 N=8000, M=8000 impl=allreduce
4: Starting numprocs=8 N=8000, M=8000 impl=allreduce
time: 3.297971s
Iteration 1
time: 3.201497s
Iteration 2
time: 1.310567s
Iteration 3
time: 1.315656s
Iteration 4
time: 2.646027s
Iteration 5
time: 3.163344s
Iteration 6
time: 1.304925s
Iteration 7
time: 1.329635s
Iteration 8
time: 3.061718s
Iteration 9
time: 4.750250s
Iteration 10
time: 3.359161s
Iteration 11
time: 1.316532s
Iteration 12
time: 1.307011s
Iteration 13
time: 1.317243s
Iteration 14
time: 1.321702s
Iteration 15
time: 1.313165s
Iteration 16
time: 3.253926s
Iteration 17
time: 2.699997s
Iteration 18
time: 1.301608s
Iteration 19
time: 1.365635s
Iteration 20
time: 1.306573s
Iteration 21
time: 1.305186s
Iteration 22
time: 1.305641s
Iteration 23
time: 1.297978s
Iteration 24
time: 1.306617s
5: Starting numprocs=8 N=8000, M=8000 impl=allreduce-ring
1: Starting numprocs=8 N=8000, M=8000 impl=allreduce-ring
2: Starting numprocs=8 N=8000, M=8000 impl=allreduce-ring
7: Starting numprocs=8 N=8000, M=8000 impl=allreduce-ring
6: Starting numprocs=8 N=8000, M=8000 impl=allreduce-ring
3: Starting numprocs=8 N=8000, M=8000 impl=allreduce-ring
4: Starting numprocs=8 N=8000, M=8000 impl=allreduce-ring
0: Starting numprocs=8 N=8000, M=8000 impl=allreduce-ring
Iteration 0
time: 1.196612s
Iteration 1
time: 1.034364s
Iteration 2
time: 1.047977s
Iteration 3
time: 1.046137s
Iteration 4
time: 1.014567s
Iteration 5
time: 1.063570s
Iteration 6
time: 1.036405s
Iteration 7
time: 1.024674s
Iteration 8
time: 1.028617s
Iteration 9
time: 1.029088s
Iteration 10
time: 1.029290s
Iteration 11
time: 1.040574s
Iteration 12
time: 1.036357s
Iteration 13
time: 1.029804s
Iteration 14
time: 1.033434s
Iteration 15
time: 1.032615s
Iteration 16
time: 1.032751s
Iteration 17
time: 1.023459s
Iteration 18
time: 1.038542s
Iteration 19
time: 1.026669s
Iteration 20
time: 1.034608s
Iteration 21
time: 1.033629s
Iteration 22
time: 1.027433s
Iteration 23
time: 1.032563s
Iteration 24
time: 1.018783s
5: Starting numprocs=8 N=8000, M=8000 impl=g-rabenseifner-allgather
2: Starting numprocs=8 N=8000, M=8000 impl=g-rabenseifner-allgather
1: Starting numprocs=8 N=8000, M=8000 impl=g-rabenseifner-allgather
7: Starting numprocs=8 N=8000, M=8000 impl=g-rabenseifner-allgather
6: Starting numprocs=8 N=8000, M=8000 impl=g-rabenseifner-allgather
4: Starting numprocs=8 N=8000, M=8000 impl=g-rabenseifner-allgather
0: Starting numprocs=8 N=8000, M=8000 impl=g-rabenseifner-allgather
Iteration 0
3: Starting numprocs=8 N=8000, M=8000 impl=g-rabenseifner-allgather
time: 0.499297s
Iteration 1
time: 0.438972s
Iteration 2
time: 0.435677s
Iteration 3
time: 0.434152s
Iteration 4
time: 0.435405s
Iteration 5
time: 0.434948s
Iteration 6
time: 0.436034s
Iteration 7
time: 0.440175s
Iteration 8
time: 0.436719s
Iteration 9
time: 0.436598s
Iteration 10
time: 0.436176s
Iteration 11
time: 0.434545s
Iteration 12
time: 0.434464s
Iteration 13
time: 0.439729s
Iteration 14
time: 0.434316s
Iteration 15
time: 0.435803s
Iteration 16
time: 0.436945s
Iteration 17
time: 0.435516s
Iteration 18
time: 0.434953s
Iteration 19
time: 0.435490s
Iteration 20
time: 0.438530s
Iteration 21
time: 0.440658s
Iteration 22
time: 0.436005s
Iteration 23
time: 0.436326s
Iteration 24
time: 0.433915s
5: Starting numprocs=8 N=8000, M=8000 impl=g-rabenseifner-subgroup-2
2: Starting numprocs=8 N=8000, M=8000 impl=g-rabenseifner-subgroup-2
1: Starting numprocs=8 N=8000, M=8000 impl=g-rabenseifner-subgroup-2
7: Starting numprocs=8 N=8000, M=8000 impl=g-rabenseifner-subgroup-2
6: Starting numprocs=8 N=8000, M=8000 impl=g-rabenseifner-subgroup-2
3: Starting numprocs=8 N=8000, M=8000 impl=g-rabenseifner-subgroup-2
0: Starting numprocs=8 N=8000, M=8000 impl=g-rabenseifner-subgroup-2
Iteration 0
4: Starting numprocs=8 N=8000, M=8000 impl=g-rabenseifner-subgroup-2
time: 0.512156s
Iteration 1
time: 0.443145s
Iteration 2
time: 0.443066s
Iteration 3
time: 0.443787s
Iteration 4
time: 0.441312s
Iteration 5
time: 0.442446s
Iteration 6
time: 0.443832s
Iteration 7
time: 0.446637s
Iteration 8
time: 0.443104s
Iteration 9
time: 0.441526s
Iteration 10
time: 0.441233s
Iteration 11
time: 0.446011s
Iteration 12
time: 0.447500s
Iteration 13
time: 0.444621s
Iteration 14
time: 0.451317s
Iteration 15
time: 0.444605s
Iteration 16
time: 0.445522s
Iteration 17
time: 0.449807s
Iteration 18
time: 0.441899s
Iteration 19
time: 0.443452s
Iteration 20
time: 0.442991s
Iteration 21
time: 0.444864s
Iteration 22
time: 0.446390s
Iteration 23
time: 0.443339s
Iteration 24
time: 0.444111s
1: Starting numprocs=8 N=8000, M=8000 impl=g-rabenseifner-subgroup-4
2: Starting numprocs=8 N=8000, M=8000 impl=g-rabenseifner-subgroup-4
5: Starting numprocs=8 N=8000, M=8000 impl=g-rabenseifner-subgroup-4
7: Starting numprocs=8 N=8000, M=8000 impl=g-rabenseifner-subgroup-4
0: Starting numprocs=8 N=8000, M=8000 impl=g-rabenseifner-subgroup-4
Iteration 0
3: Starting numprocs=8 N=8000, M=8000 impl=g-rabenseifner-subgroup-4
6: Starting numprocs=8 N=8000, M=8000 impl=g-rabenseifner-subgroup-4
4: Starting numprocs=8 N=8000, M=8000 impl=g-rabenseifner-subgroup-4
time: 0.496597s
Iteration 1
time: 0.462582s
Iteration 2
time: 0.453066s
Iteration 3
time: 0.453887s
Iteration 4
time: 0.459141s
Iteration 5
time: 0.460919s
Iteration 6
time: 0.453710s
Iteration 7
time: 0.454480s
Iteration 8
time: 0.466262s
Iteration 9
time: 0.459893s
Iteration 10
time: 0.456122s
Iteration 11
time: 0.450500s
Iteration 12
time: 0.454499s
Iteration 13
time: 0.461588s
Iteration 14
time: 0.458381s
Iteration 15
time: 0.463929s
Iteration 16
time: 0.451564s
Iteration 17
time: 0.472352s
Iteration 18
time: 0.461573s
Iteration 19
time: 0.453625s
Iteration 20
time: 0.456242s
Iteration 21
time: 0.453560s
Iteration 22
time: 0.462872s
Iteration 23
time: 0.459425s
Iteration 24
time: 0.460204s
2: Starting numprocs=8 N=8000, M=8000 impl=g-rabenseifner-subgroup-8
5: Starting numprocs=8 N=8000, M=8000 impl=g-rabenseifner-subgroup-8
1: Starting numprocs=8 N=8000, M=8000 impl=g-rabenseifner-subgroup-8
7: Starting numprocs=8 N=8000, M=8000 impl=g-rabenseifner-subgroup-8
6: Starting numprocs=8 N=8000, M=8000 impl=g-rabenseifner-subgroup-8
0: Starting numprocs=8 N=8000, M=8000 impl=g-rabenseifner-subgroup-8
Iteration 0
3: Starting numprocs=8 N=8000, M=8000 impl=g-rabenseifner-subgroup-8
4: Starting numprocs=8 N=8000, M=8000 impl=g-rabenseifner-subgroup-8
time: 0.508657s
Iteration 1
time: 0.478163s
Iteration 2
time: 0.471141s
Iteration 3
time: 0.467018s
Iteration 4
time: 0.469514s
Iteration 5
time: 0.469224s
Iteration 6
time: 0.468196s
Iteration 7
time: 0.469252s
Iteration 8
time: 0.490333s
Iteration 9
time: 0.494661s
Iteration 10
time: 0.465628s
Iteration 11
time: 0.467350s
Iteration 12
time: 0.479504s
Iteration 13
time: 0.482141s
Iteration 14
time: 0.466712s
Iteration 15
time: 0.466817s
Iteration 16
time: 0.475735s
Iteration 17
time: 0.491588s
Iteration 18
time: 0.490911s
Iteration 19
time: 0.469281s
Iteration 20
time: 0.466405s
Iteration 21
time: 0.464536s
Iteration 22
time: 0.464330s
Iteration 23
time: 0.481454s
Iteration 24
time: 0.504610s
