13: Starting numprocs=16 N=1000, M=1000 impl=allgather
5: Starting numprocs=16 N=1000, M=1000 impl=allgather
0: Starting numprocs=16 N=1000, M=1000 impl=allgather
Iteration 0
11: Starting numprocs=16 N=1000, M=1000 impl=allgather
7: Starting numprocs=16 N=1000, M=1000 impl=allgather
8: Starting numprocs=16 N=1000, M=1000 impl=allgather
15: Starting numprocs=16 N=1000, M=1000 impl=allgather
9: Starting numprocs=16 N=1000, M=1000 impl=allgather
6: Starting numprocs=16 N=1000, M=1000 impl=allgather
3: Starting numprocs=16 N=1000, M=1000 impl=allgather
12: Starting numprocs=16 N=1000, M=1000 impl=allgather
4: Starting numprocs=16 N=1000, M=1000 impl=allgather
1: Starting numprocs=16 N=1000, M=1000 impl=allgather
10: Starting numprocs=16 N=1000, M=1000 impl=allgather
14: Starting numprocs=16 N=1000, M=1000 impl=allgather
2: Starting numprocs=16 N=1000, M=1000 impl=allgather
time: 0.023882s
Iteration 1
time: 0.015148s
Iteration 2
time: 0.016395s
Iteration 3
time: 0.022930s
Iteration 4
time: 0.015219s
Iteration 5
time: 0.014876s
Iteration 6
time: 0.014439s
Iteration 7
time: 0.014365s
Iteration 8
time: 0.014937s
Iteration 9
time: 0.015598s
Iteration 10
time: 0.016822s
Iteration 11
time: 0.018325s
Iteration 12
time: 0.016400s
Iteration 13
time: 0.017225s
Iteration 14
time: 0.018701s
Iteration 15
time: 0.021381s
Iteration 16
time: 0.016512s
Iteration 17
time: 0.015733s
Iteration 18
time: 0.015524s
Iteration 19
time: 0.016012s
Iteration 20
time: 0.015578s
Iteration 21
time: 0.016216s
Iteration 22
time: 0.016610s
Iteration 23
time: 0.017786s
Iteration 24
time: 0.018131s
13: Starting numprocs=16 N=1000, M=1000 impl=allreduce
11: Starting numprocs=16 N=1000, M=1000 impl=allreduce
0: Starting numprocs=16 N=1000, M=1000 impl=allreduce
Iteration 0
9: Starting numprocs=16 N=1000, M=1000 impl=allreduce
12: Starting numprocs=16 N=1000, M=1000 impl=allreduce
7: Starting numprocs=16 N=1000, M=1000 impl=allreduce
3: Starting numprocs=16 N=1000, M=1000 impl=allreduce
14: Starting numprocs=16 N=1000, M=1000 impl=allreduce
15: Starting numprocs=16 N=1000, M=1000 impl=allreduce
8: Starting numprocs=16 N=1000, M=1000 impl=allreduce
4: Starting numprocs=16 N=1000, M=1000 impl=allreduce
10: Starting numprocs=16 N=1000, M=1000 impl=allreduce
5: Starting numprocs=16 N=1000, M=1000 impl=allreduce
6: Starting numprocs=16 N=1000, M=1000 impl=allreduce
1: Starting numprocs=16 N=1000, M=1000 impl=allreduce
2: Starting numprocs=16 N=1000, M=1000 impl=allreduce
time: 4.104641s
Iteration 1
time: 4.294803s
Iteration 2
time: 0.018024s
Iteration 3
time: 0.017518s
Iteration 4
time: 0.017679s
Iteration 5
time: 0.017420s
Iteration 6
time: 0.036184s
Iteration 7
time: 0.017754s
Iteration 8
time: 0.018108s
Iteration 9
time: 0.017704s
Iteration 10
time: 0.017617s
Iteration 11
time: 0.019839s
Iteration 12
time: 0.019578s
Iteration 13
time: 0.021762s
Iteration 14
time: 0.022356s
Iteration 15
time: 0.018348s
Iteration 16
time: 0.020936s
Iteration 17
time: 0.026826s
Iteration 18
time: 0.018089s
Iteration 19
time: 0.017547s
Iteration 20
time: 0.017925s
Iteration 21
time: 0.018067s
Iteration 22
time: 0.017543s
Iteration 23
time: 0.019780s
Iteration 24
time: 0.017719s
0: Starting numprocs=16 N=1000, M=1000 impl=allreduce-ring
Iteration 0
11: Starting numprocs=16 N=1000, M=1000 impl=allreduce-ring
5: Starting numprocs=16 N=1000, M=1000 impl=allreduce-ring
3: Starting numprocs=16 N=1000, M=1000 impl=allreduce-ring
12: Starting numprocs=16 N=1000, M=1000 impl=allreduce-ring
9: Starting numprocs=16 N=1000, M=1000 impl=allreduce-ring
2: Starting numprocs=16 N=1000, M=1000 impl=allreduce-ring
13: Starting numprocs=16 N=1000, M=1000 impl=allreduce-ring
7: Starting numprocs=16 N=1000, M=1000 impl=allreduce-ring
8: Starting numprocs=16 N=1000, M=1000 impl=allreduce-ring
15: Starting numprocs=16 N=1000, M=1000 impl=allreduce-ring
14: Starting numprocs=16 N=1000, M=1000 impl=allreduce-ring
4: Starting numprocs=16 N=1000, M=1000 impl=allreduce-ring
6: Starting numprocs=16 N=1000, M=1000 impl=allreduce-ring
1: Starting numprocs=16 N=1000, M=1000 impl=allreduce-ring
10: Starting numprocs=16 N=1000, M=1000 impl=allreduce-ring
time: 0.026695s
Iteration 1
time: 0.014717s
Iteration 2
time: 1.804766s
Iteration 3
time: 0.014324s
Iteration 4
time: 0.015099s
Iteration 5
time: 0.015041s
Iteration 6
time: 0.015176s
Iteration 7
time: 0.014673s
Iteration 8
time: 0.014913s
Iteration 9
time: 0.014344s
Iteration 10
time: 0.014558s
Iteration 11
time: 0.014517s
Iteration 12
time: 0.014730s
Iteration 13
time: 0.014991s
Iteration 14
time: 4.137999s
Iteration 15
time: 0.014583s
Iteration 16
time: 0.014778s
Iteration 17
time: 0.014683s
Iteration 18
time: 0.014489s
Iteration 19
time: 2.088418s
Iteration 20
time: 0.014753s
Iteration 21
time: 0.014284s
Iteration 22
time: 0.014639s
Iteration 23
time: 0.014457s
Iteration 24
time: 0.014452s
13: Starting numprocs=16 N=1000, M=1000 impl=g-rabenseifner-allgather
5: Starting numprocs=16 N=1000, M=1000 impl=g-rabenseifner-allgather
9: Starting numprocs=16 N=1000, M=1000 impl=g-rabenseifner-allgather
7: Starting numprocs=16 N=1000, M=1000 impl=g-rabenseifner-allgather
8: Starting numprocs=16 N=1000, M=1000 impl=g-rabenseifner-allgather
15: Starting numprocs=16 N=1000, M=1000 impl=g-rabenseifner-allgather
12: Starting numprocs=16 N=1000, M=1000 impl=g-rabenseifner-allgather
6: Starting numprocs=16 N=1000, M=1000 impl=g-rabenseifner-allgather
3: Starting numprocs=16 N=1000, M=1000 impl=g-rabenseifner-allgather
4: Starting numprocs=16 N=1000, M=1000 impl=g-rabenseifner-allgather
11: Starting numprocs=16 N=1000, M=1000 impl=g-rabenseifner-allgather
10: Starting numprocs=16 N=1000, M=1000 impl=g-rabenseifner-allgather
2: Starting numprocs=16 N=1000, M=1000 impl=g-rabenseifner-allgather
14: Starting numprocs=16 N=1000, M=1000 impl=g-rabenseifner-allgather
1: Starting numprocs=16 N=1000, M=1000 impl=g-rabenseifner-allgather
0: Starting numprocs=16 N=1000, M=1000 impl=g-rabenseifner-allgather
Iteration 0
time: 0.028481s
Iteration 1
time: 0.008464s
Iteration 2
time: 0.008432s
Iteration 3
time: 0.007958s
Iteration 4
time: 0.008167s
Iteration 5
time: 0.007835s
Iteration 6
time: 0.007828s
Iteration 7
time: 0.008370s
Iteration 8
time: 0.007999s
Iteration 9
time: 0.008287s
Iteration 10
time: 0.008197s
Iteration 11
time: 0.007840s
Iteration 12
time: 0.008205s
Iteration 13
time: 0.008256s
Iteration 14
time: 0.008305s
Iteration 15
time: 0.008035s
Iteration 16
time: 0.008607s
Iteration 17
time: 0.007830s
Iteration 18
time: 0.008275s
Iteration 19
time: 0.007861s
Iteration 20
time: 0.008197s
Iteration 21
time: 0.008073s
Iteration 22
time: 0.007938s
Iteration 23
time: 0.008422s
Iteration 24
time: 0.007864s
5: Starting numprocs=16 N=1000, M=1000 impl=g-rabenseifner-subgroup-2
13: Starting numprocs=16 N=1000, M=1000 impl=g-rabenseifner-subgroup-2
11: Starting numprocs=16 N=1000, M=1000 impl=g-rabenseifner-subgroup-2
15: Starting numprocs=16 N=1000, M=1000 impl=g-rabenseifner-subgroup-2
12: Starting numprocs=16 N=1000, M=1000 impl=g-rabenseifner-subgroup-2
3: Starting numprocs=16 N=1000, M=1000 impl=g-rabenseifner-subgroup-2
6: Starting numprocs=16 N=1000, M=1000 impl=g-rabenseifner-subgroup-2
8: Starting numprocs=16 N=1000, M=1000 impl=g-rabenseifner-subgroup-2
2: Starting numprocs=16 N=1000, M=1000 impl=g-rabenseifner-subgroup-2
9: Starting numprocs=16 N=1000, M=1000 impl=g-rabenseifner-subgroup-2
7: Starting numprocs=16 N=1000, M=1000 impl=g-rabenseifner-subgroup-2
0: Starting numprocs=16 N=1000, M=1000 impl=g-rabenseifner-subgroup-2
Iteration 0
4: Starting numprocs=16 N=1000, M=1000 impl=g-rabenseifner-subgroup-2
1: Starting numprocs=16 N=1000, M=1000 impl=g-rabenseifner-subgroup-2
10: Starting numprocs=16 N=1000, M=1000 impl=g-rabenseifner-subgroup-2
14: Starting numprocs=16 N=1000, M=1000 impl=g-rabenseifner-subgroup-2
time: 0.021319s
Iteration 1
time: 0.008533s
Iteration 2
time: 0.008657s
Iteration 3
time: 0.008193s
Iteration 4
time: 0.008068s
Iteration 5
time: 0.008023s
Iteration 6
time: 0.008502s
Iteration 7
time: 0.008782s
Iteration 8
time: 0.009397s
Iteration 9
time: 0.008597s
Iteration 10
time: 0.008516s
Iteration 11
time: 0.008660s
Iteration 12
time: 0.008103s
Iteration 13
time: 0.008152s
Iteration 14
time: 0.008197s
Iteration 15
time: 0.008412s
Iteration 16
time: 0.008553s
Iteration 17
time: 0.008392s
Iteration 18
time: 0.008309s
Iteration 19
time: 0.008676s
Iteration 20
time: 0.008065s
Iteration 21
time: 0.008158s
Iteration 22
time: 0.008123s
Iteration 23
time: 0.008082s
Iteration 24
time: 0.008098s
5: Starting numprocs=16 N=1000, M=1000 impl=g-rabenseifner-subgroup-4
13: Starting numprocs=16 N=1000, M=1000 impl=g-rabenseifner-subgroup-4
0: Starting numprocs=16 N=1000, M=1000 impl=g-rabenseifner-subgroup-4
Iteration 0
15: Starting numprocs=16 N=1000, M=1000 impl=g-rabenseifner-subgroup-4
9: Starting numprocs=16 N=1000, M=1000 impl=g-rabenseifner-subgroup-4
11: Starting numprocs=16 N=1000, M=1000 impl=g-rabenseifner-subgroup-4
3: Starting numprocs=16 N=1000, M=1000 impl=g-rabenseifner-subgroup-4
4: Starting numprocs=16 N=1000, M=1000 impl=g-rabenseifner-subgroup-4
6: Starting numprocs=16 N=1000, M=1000 impl=g-rabenseifner-subgroup-4
12: Starting numprocs=16 N=1000, M=1000 impl=g-rabenseifner-subgroup-4
14: Starting numprocs=16 N=1000, M=1000 impl=g-rabenseifner-subgroup-4
1: Starting numprocs=16 N=1000, M=1000 impl=g-rabenseifner-subgroup-4
10: Starting numprocs=16 N=1000, M=1000 impl=g-rabenseifner-subgroup-4
8: Starting numprocs=16 N=1000, M=1000 impl=g-rabenseifner-subgroup-4
2: Starting numprocs=16 N=1000, M=1000 impl=g-rabenseifner-subgroup-4
7: Starting numprocs=16 N=1000, M=1000 impl=g-rabenseifner-subgroup-4
time: 0.025495s
Iteration 1
time: 0.008886s
Iteration 2
time: 0.008923s
Iteration 3
time: 0.008823s
Iteration 4
time: 0.008867s
Iteration 5
time: 0.009167s
Iteration 6
time: 0.008907s
Iteration 7
time: 0.009076s
Iteration 8
time: 0.009506s
Iteration 9
time: 0.009011s
Iteration 10
time: 0.008974s
Iteration 11
time: 0.008912s
Iteration 12
time: 0.008936s
Iteration 13
time: 0.009017s
Iteration 14
time: 0.008913s
Iteration 15
time: 0.008949s
Iteration 16
time: 0.009015s
Iteration 17
time: 0.009072s
Iteration 18
time: 0.009539s
Iteration 19
time: 0.009676s
Iteration 20
time: 0.008910s
Iteration 21
time: 0.008932s
Iteration 22
time: 0.008981s
Iteration 23
time: 0.008941s
Iteration 24
time: 0.008884s
11: Starting numprocs=16 N=1000, M=1000 impl=g-rabenseifner-subgroup-8
5: Starting numprocs=16 N=1000, M=1000 impl=g-rabenseifner-subgroup-8
12: Starting numprocs=16 N=1000, M=1000 impl=g-rabenseifner-subgroup-8
9: Starting numprocs=16 N=1000, M=1000 impl=g-rabenseifner-subgroup-8
13: Starting numprocs=16 N=1000, M=1000 impl=g-rabenseifner-subgroup-8
15: Starting numprocs=16 N=1000, M=1000 impl=g-rabenseifner-subgroup-8
7: Starting numprocs=16 N=1000, M=1000 impl=g-rabenseifner-subgroup-8
3: Starting numprocs=16 N=1000, M=1000 impl=g-rabenseifner-subgroup-8
1: Starting numprocs=16 N=1000, M=1000 impl=g-rabenseifner-subgroup-8
4: Starting numprocs=16 N=1000, M=1000 impl=g-rabenseifner-subgroup-8
6: Starting numprocs=16 N=1000, M=1000 impl=g-rabenseifner-subgroup-8
14: Starting numprocs=16 N=1000, M=1000 impl=g-rabenseifner-subgroup-8
10: Starting numprocs=16 N=1000, M=1000 impl=g-rabenseifner-subgroup-8
8: Starting numprocs=16 N=1000, M=1000 impl=g-rabenseifner-subgroup-8
2: Starting numprocs=16 N=1000, M=1000 impl=g-rabenseifner-subgroup-8
0: Starting numprocs=16 N=1000, M=1000 impl=g-rabenseifner-subgroup-8
Iteration 0
time: 0.021199s
Iteration 1
time: 0.010827s
Iteration 2
time: 0.010041s
Iteration 3
time: 0.010657s
Iteration 4
time: 0.010104s
Iteration 5
time: 0.009965s
Iteration 6
time: 0.009991s
Iteration 7
time: 0.010545s
Iteration 8
time: 0.010210s
Iteration 9
time: 0.010059s
Iteration 10
time: 0.010280s
Iteration 11
time: 0.010150s
Iteration 12
time: 0.010404s
Iteration 13
time: 0.010006s
Iteration 14
time: 0.010588s
Iteration 15
time: 0.009989s
Iteration 16
time: 0.009993s
Iteration 17
time: 0.010062s
Iteration 18
time: 0.010058s
Iteration 19
time: 0.009981s
Iteration 20
time: 0.009920s
Iteration 21
time: 0.010141s
Iteration 22
time: 0.010042s
Iteration 23
time: 0.010783s
Iteration 24
time: 0.009993s
5: Starting numprocs=16 N=2000, M=2000 impl=allgather
13: Starting numprocs=16 N=2000, M=2000 impl=allgather
6: Starting numprocs=16 N=2000, M=2000 impl=allgather
3: Starting numprocs=16 N=2000, M=2000 impl=allgather
9: Starting numprocs=16 N=2000, M=2000 impl=allgather
15: Starting numprocs=16 N=2000, M=2000 impl=allgather
11: Starting numprocs=16 N=2000, M=2000 impl=allgather
8: Starting numprocs=16 N=2000, M=2000 impl=allgather
12: Starting numprocs=16 N=2000, M=2000 impl=allgather
14: Starting numprocs=16 N=2000, M=2000 impl=allgather
4: Starting numprocs=16 N=2000, M=2000 impl=allgather
7: Starting numprocs=16 N=2000, M=2000 impl=allgather
10: Starting numprocs=16 N=2000, M=2000 impl=allgather
1: Starting numprocs=16 N=2000, M=2000 impl=allgather
2: Starting numprocs=16 N=2000, M=2000 impl=allgather
0: Starting numprocs=16 N=2000, M=2000 impl=allgather
Iteration 0
time: 0.107224s
Iteration 1
time: 0.073239s
Iteration 2
time: 0.068636s
Iteration 3
time: 0.068997s
Iteration 4
time: 0.068940s
Iteration 5
time: 0.070956s
Iteration 6
time: 0.070900s
Iteration 7
time: 0.083944s
Iteration 8
time: 0.077480s
Iteration 9
time: 0.071306s
Iteration 10
time: 0.073482s
Iteration 11
time: 0.070407s
Iteration 12
time: 0.065872s
Iteration 13
time: 0.068699s
Iteration 14
time: 0.068281s
Iteration 15
time: 0.068040s
Iteration 16
time: 0.071197s
Iteration 17
time: 0.078548s
Iteration 18
time: 0.074306s
Iteration 19
time: 0.071731s
Iteration 20
time: 0.069878s
Iteration 21
time: 0.070421s
Iteration 22
time: 0.068854s
Iteration 23
time: 0.068704s
Iteration 24
time: 0.069766s
13: Starting numprocs=16 N=2000, M=2000 impl=allreduce
5: Starting numprocs=16 N=2000, M=2000 impl=allreduce
9: Starting numprocs=16 N=2000, M=2000 impl=allreduce
3: Starting numprocs=16 N=2000, M=2000 impl=allreduce
8: Starting numprocs=16 N=2000, M=2000 impl=allreduce
14: Starting numprocs=16 N=2000, M=2000 impl=allreduce
6: Starting numprocs=16 N=2000, M=2000 impl=allreduce
4: Starting numprocs=16 N=2000, M=2000 impl=allreduce
12: Starting numprocs=16 N=2000, M=2000 impl=allreduce
1: Starting numprocs=16 N=2000, M=2000 impl=allreduce
11: Starting numprocs=16 N=2000, M=2000 impl=allreduce
0: Starting numprocs=16 N=2000, M=2000 impl=allreduce
Iteration 0
15: Starting numprocs=16 N=2000, M=2000 impl=allreduce
7: Starting numprocs=16 N=2000, M=2000 impl=allreduce
10: Starting numprocs=16 N=2000, M=2000 impl=allreduce
2: Starting numprocs=16 N=2000, M=2000 impl=allreduce
time: 0.108392s
Iteration 1
time: 0.089056s
Iteration 2
time: 0.074205s
Iteration 3
time: 0.075839s
Iteration 4
time: 0.076344s
Iteration 5
time: 0.072576s
Iteration 6
time: 0.073540s
Iteration 7
time: 0.074501s
Iteration 8
time: 0.073135s
Iteration 9
time: 0.076849s
Iteration 10
time: 0.078422s
Iteration 11
time: 0.077138s
Iteration 12
time: 0.077286s
Iteration 13
time: 0.078612s
Iteration 14
time: 0.075170s
Iteration 15
time: 0.073940s
Iteration 16
time: 0.072206s
Iteration 17
time: 0.072210s
Iteration 18
time: 0.073447s
Iteration 19
time: 0.073053s
Iteration 20
time: 0.074824s
Iteration 21
time: 0.072807s
Iteration 22
time: 0.073962s
Iteration 23
time: 0.075162s
Iteration 24
time: 0.075525s
13: Starting numprocs=16 N=2000, M=2000 impl=allreduce-ring
5: Starting numprocs=16 N=2000, M=2000 impl=allreduce-ring
9: Starting numprocs=16 N=2000, M=2000 impl=allreduce-ring
12: Starting numprocs=16 N=2000, M=2000 impl=allreduce-ring
6: Starting numprocs=16 N=2000, M=2000 impl=allreduce-ring
4: Starting numprocs=16 N=2000, M=2000 impl=allreduce-ring
8: Starting numprocs=16 N=2000, M=2000 impl=allreduce-ring
11: Starting numprocs=16 N=2000, M=2000 impl=allreduce-ring
3: Starting numprocs=16 N=2000, M=2000 impl=allreduce-ring
15: Starting numprocs=16 N=2000, M=2000 impl=allreduce-ring
1: Starting numprocs=16 N=2000, M=2000 impl=allreduce-ring
14: Starting numprocs=16 N=2000, M=2000 impl=allreduce-ring
7: Starting numprocs=16 N=2000, M=2000 impl=allreduce-ring
10: Starting numprocs=16 N=2000, M=2000 impl=allreduce-ring
2: Starting numprocs=16 N=2000, M=2000 impl=allreduce-ring
0: Starting numprocs=16 N=2000, M=2000 impl=allreduce-ring
Iteration 0
time: 0.081990s
Iteration 1
time: 0.061805s
Iteration 2
time: 0.061954s
Iteration 3
time: 0.061604s
Iteration 4
time: 0.061481s
Iteration 5
time: 0.060374s
Iteration 6
time: 0.059920s
Iteration 7
time: 0.064135s
Iteration 8
time: 0.063689s
Iteration 9
time: 0.060709s
Iteration 10
time: 0.060542s
Iteration 11
time: 0.060392s
Iteration 12
time: 0.061103s
Iteration 13
time: 0.060222s
Iteration 14
time: 0.061591s
Iteration 15
time: 0.061235s
Iteration 16
time: 0.061286s
Iteration 17
time: 0.059982s
Iteration 18
time: 0.060840s
Iteration 19
time: 0.059415s
Iteration 20
time: 0.060619s
Iteration 21
time: 0.061083s
Iteration 22
time: 0.061038s
Iteration 23
time: 0.062780s
Iteration 24
time: 0.060239s
13: Starting numprocs=16 N=2000, M=2000 impl=g-rabenseifner-allgather
5: Starting numprocs=16 N=2000, M=2000 impl=g-rabenseifner-allgather
9: Starting numprocs=16 N=2000, M=2000 impl=g-rabenseifner-allgather
7: Starting numprocs=16 N=2000, M=2000 impl=g-rabenseifner-allgather
12: Starting numprocs=16 N=2000, M=2000 impl=g-rabenseifner-allgather
15: Starting numprocs=16 N=2000, M=2000 impl=g-rabenseifner-allgather
4: Starting numprocs=16 N=2000, M=2000 impl=g-rabenseifner-allgather
8: Starting numprocs=16 N=2000, M=2000 impl=g-rabenseifner-allgather
0: Starting numprocs=16 N=2000, M=2000 impl=g-rabenseifner-allgather
Iteration 0
11: Starting numprocs=16 N=2000, M=2000 impl=g-rabenseifner-allgather
6: Starting numprocs=16 N=2000, M=2000 impl=g-rabenseifner-allgather
10: Starting numprocs=16 N=2000, M=2000 impl=g-rabenseifner-allgather
14: Starting numprocs=16 N=2000, M=2000 impl=g-rabenseifner-allgather
2: Starting numprocs=16 N=2000, M=2000 impl=g-rabenseifner-allgather
3: Starting numprocs=16 N=2000, M=2000 impl=g-rabenseifner-allgather
1: Starting numprocs=16 N=2000, M=2000 impl=g-rabenseifner-allgather
time: 0.046110s
Iteration 1
time: 0.029714s
Iteration 2
time: 0.029741s
Iteration 3
time: 0.030225s
Iteration 4
time: 0.029575s
Iteration 5
time: 0.029455s
Iteration 6
time: 0.030063s
Iteration 7
time: 0.029501s
Iteration 8
time: 0.029568s
Iteration 9
time: 0.030029s
Iteration 10
time: 0.030373s
Iteration 11
time: 0.029619s
Iteration 12
time: 0.029647s
Iteration 13
time: 0.029555s
Iteration 14
time: 0.029739s
Iteration 15
time: 0.029526s
Iteration 16
time: 0.029551s
Iteration 17
time: 0.029727s
Iteration 18
time: 0.030107s
Iteration 19
time: 0.029606s
Iteration 20
time: 0.029928s
Iteration 21
time: 0.030028s
Iteration 22
time: 0.029510s
Iteration 23
time: 0.029832s
Iteration 24
time: 0.029633s
9: Starting numprocs=16 N=2000, M=2000 impl=g-rabenseifner-subgroup-2
13: Starting numprocs=16 N=2000, M=2000 impl=g-rabenseifner-subgroup-2
15: Starting numprocs=16 N=2000, M=2000 impl=g-rabenseifner-subgroup-2
6: Starting numprocs=16 N=2000, M=2000 impl=g-rabenseifner-subgroup-2
5: Starting numprocs=16 N=2000, M=2000 impl=g-rabenseifner-subgroup-2
8: Starting numprocs=16 N=2000, M=2000 impl=g-rabenseifner-subgroup-2
4: Starting numprocs=16 N=2000, M=2000 impl=g-rabenseifner-subgroup-2
7: Starting numprocs=16 N=2000, M=2000 impl=g-rabenseifner-subgroup-2
11: Starting numprocs=16 N=2000, M=2000 impl=g-rabenseifner-subgroup-2
14: Starting numprocs=16 N=2000, M=2000 impl=g-rabenseifner-subgroup-2
12: Starting numprocs=16 N=2000, M=2000 impl=g-rabenseifner-subgroup-2
10: Starting numprocs=16 N=2000, M=2000 impl=g-rabenseifner-subgroup-2
1: Starting numprocs=16 N=2000, M=2000 impl=g-rabenseifner-subgroup-2
3: Starting numprocs=16 N=2000, M=2000 impl=g-rabenseifner-subgroup-2
2: Starting numprocs=16 N=2000, M=2000 impl=g-rabenseifner-subgroup-2
0: Starting numprocs=16 N=2000, M=2000 impl=g-rabenseifner-subgroup-2
Iteration 0
time: 0.048433s
Iteration 1
time: 0.032280s
Iteration 2
time: 0.031511s
Iteration 3
time: 0.031458s
Iteration 4
time: 0.031227s
Iteration 5
time: 0.031493s
Iteration 6
time: 0.031600s
Iteration 7
time: 0.031644s
Iteration 8
time: 0.030875s
Iteration 9
time: 0.031377s
Iteration 10
time: 0.031090s
Iteration 11
time: 0.032712s
Iteration 12
time: 0.031405s
Iteration 13
time: 0.030871s
Iteration 14
time: 0.030995s
Iteration 15
time: 0.031265s
Iteration 16
time: 0.031459s
Iteration 17
time: 0.031152s
Iteration 18
time: 0.031075s
Iteration 19
time: 0.031188s
Iteration 20
time: 0.031990s
Iteration 21
time: 0.030962s
Iteration 22
time: 0.031479s
Iteration 23
time: 0.031639s
Iteration 24
time: 0.031599s
5: Starting numprocs=16 N=2000, M=2000 impl=g-rabenseifner-subgroup-4
9: Starting numprocs=16 N=2000, M=2000 impl=g-rabenseifner-subgroup-4
12: Starting numprocs=16 N=2000, M=2000 impl=g-rabenseifner-subgroup-4
11: Starting numprocs=16 N=2000, M=2000 impl=g-rabenseifner-subgroup-4
15: Starting numprocs=16 N=2000, M=2000 impl=g-rabenseifner-subgroup-4
13: Starting numprocs=16 N=2000, M=2000 impl=g-rabenseifner-subgroup-4
6: Starting numprocs=16 N=2000, M=2000 impl=g-rabenseifner-subgroup-4
3: Starting numprocs=16 N=2000, M=2000 impl=g-rabenseifner-subgroup-4
7: Starting numprocs=16 N=2000, M=2000 impl=g-rabenseifner-subgroup-4
2: Starting numprocs=16 N=2000, M=2000 impl=g-rabenseifner-subgroup-4
4: Starting numprocs=16 N=2000, M=2000 impl=g-rabenseifner-subgroup-4
0: Starting numprocs=16 N=2000, M=2000 impl=g-rabenseifner-subgroup-4
Iteration 0
8: Starting numprocs=16 N=2000, M=2000 impl=g-rabenseifner-subgroup-4
14: Starting numprocs=16 N=2000, M=2000 impl=g-rabenseifner-subgroup-4
10: Starting numprocs=16 N=2000, M=2000 impl=g-rabenseifner-subgroup-4
1: Starting numprocs=16 N=2000, M=2000 impl=g-rabenseifner-subgroup-4
time: 0.059419s
Iteration 1
time: 0.034391s
Iteration 2
time: 0.033663s
Iteration 3
time: 0.033254s
Iteration 4
time: 0.033691s
Iteration 5
time: 0.033272s
Iteration 6
time: 0.033618s
Iteration 7
time: 0.034174s
Iteration 8
time: 0.034479s
Iteration 9
time: 0.034371s
Iteration 10
time: 0.034335s
Iteration 11
time: 0.034188s
Iteration 12
time: 0.034276s
Iteration 13
time: 0.034945s
Iteration 14
time: 0.033873s
Iteration 15
time: 0.033726s
Iteration 16
time: 0.034455s
Iteration 17
time: 0.034336s
Iteration 18
time: 0.033629s
Iteration 19
time: 0.033736s
Iteration 20
time: 0.035300s
Iteration 21
time: 0.033193s
Iteration 22
time: 0.033522s
Iteration 23
time: 0.033429s
Iteration 24
time: 0.035159s
13: Starting numprocs=16 N=2000, M=2000 impl=g-rabenseifner-subgroup-8
9: Starting numprocs=16 N=2000, M=2000 impl=g-rabenseifner-subgroup-8
15: Starting numprocs=16 N=2000, M=2000 impl=g-rabenseifner-subgroup-8
5: Starting numprocs=16 N=2000, M=2000 impl=g-rabenseifner-subgroup-8
3: Starting numprocs=16 N=2000, M=2000 impl=g-rabenseifner-subgroup-8
12: Starting numprocs=16 N=2000, M=2000 impl=g-rabenseifner-subgroup-8
8: Starting numprocs=16 N=2000, M=2000 impl=g-rabenseifner-subgroup-8
7: Starting numprocs=16 N=2000, M=2000 impl=g-rabenseifner-subgroup-8
4: Starting numprocs=16 N=2000, M=2000 impl=g-rabenseifner-subgroup-8
14: Starting numprocs=16 N=2000, M=2000 impl=g-rabenseifner-subgroup-8
11: Starting numprocs=16 N=2000, M=2000 impl=g-rabenseifner-subgroup-8
6: Starting numprocs=16 N=2000, M=2000 impl=g-rabenseifner-subgroup-8
10: Starting numprocs=16 N=2000, M=2000 impl=g-rabenseifner-subgroup-8
1: Starting numprocs=16 N=2000, M=2000 impl=g-rabenseifner-subgroup-8
0: Starting numprocs=16 N=2000, M=2000 impl=g-rabenseifner-subgroup-8
Iteration 0
2: Starting numprocs=16 N=2000, M=2000 impl=g-rabenseifner-subgroup-8
time: 0.055045s
Iteration 1
time: 0.040955s
Iteration 2
time: 0.040925s
Iteration 3
time: 0.040717s
Iteration 4
time: 0.040857s
Iteration 5
time: 0.041413s
Iteration 6
time: 0.040604s
Iteration 7
time: 0.041434s
Iteration 8
time: 0.043805s
Iteration 9
time: 0.039615s
Iteration 10
time: 0.040738s
Iteration 11
time: 0.041801s
Iteration 12
time: 0.040610s
Iteration 13
time: 0.041378s
Iteration 14
time: 0.041491s
Iteration 15
time: 0.041359s
Iteration 16
time: 0.041250s
Iteration 17
time: 0.040555s
Iteration 18
time: 0.041177s
Iteration 19
time: 0.041120s
Iteration 20
time: 0.042239s
Iteration 21
time: 0.041842s
Iteration 22
time: 0.041358s
Iteration 23
time: 0.040355s
Iteration 24
time: 0.040596s
13: Starting numprocs=16 N=3000, M=3000 impl=allgather
5: Starting numprocs=16 N=3000, M=3000 impl=allgather
9: Starting numprocs=16 N=3000, M=3000 impl=allgather
7: Starting numprocs=16 N=3000, M=3000 impl=allgather
15: Starting numprocs=16 N=3000, M=3000 impl=allgather
12: Starting numprocs=16 N=3000, M=3000 impl=allgather
11: Starting numprocs=16 N=3000, M=3000 impl=allgather
4: Starting numprocs=16 N=3000, M=3000 impl=allgather
14: Starting numprocs=16 N=3000, M=3000 impl=allgather
1: Starting numprocs=16 N=3000, M=3000 impl=allgather
3: Starting numprocs=16 N=3000, M=3000 impl=allgather
10: Starting numprocs=16 N=3000, M=3000 impl=allgather
8: Starting numprocs=16 N=3000, M=3000 impl=allgather
0: Starting numprocs=16 N=3000, M=3000 impl=allgather
Iteration 0
6: Starting numprocs=16 N=3000, M=3000 impl=allgather
2: Starting numprocs=16 N=3000, M=3000 impl=allgather
time: 0.268873s
Iteration 1
time: 0.280418s
Iteration 2
time: 0.247356s
Iteration 3
time: 0.215922s
Iteration 4
time: 0.256085s
Iteration 5
time: 0.240040s
Iteration 6
time: 0.219619s
Iteration 7
time: 0.244451s
Iteration 8
time: 0.233231s
Iteration 9
time: 0.161630s
Iteration 10
time: 0.168861s
Iteration 11
time: 0.223122s
Iteration 12
time: 0.177550s
Iteration 13
time: 0.216851s
Iteration 14
time: 0.215743s
Iteration 15
time: 0.182216s
Iteration 16
time: 0.201415s
Iteration 17
time: 0.176417s
Iteration 18
time: 0.244071s
Iteration 19
time: 0.223051s
Iteration 20
time: 0.179111s
Iteration 21
time: 0.150349s
Iteration 22
time: 0.220347s
Iteration 23
time: 0.200844s
Iteration 24
time: 0.152882s
5: Starting numprocs=16 N=3000, M=3000 impl=allreduce
13: Starting numprocs=16 N=3000, M=3000 impl=allreduce
9: Starting numprocs=16 N=3000, M=3000 impl=allreduce
15: Starting numprocs=16 N=3000, M=3000 impl=allreduce
3: Starting numprocs=16 N=3000, M=3000 impl=allreduce
12: Starting numprocs=16 N=3000, M=3000 impl=allreduce
7: Starting numprocs=16 N=3000, M=3000 impl=allreduce
4: Starting numprocs=16 N=3000, M=3000 impl=allreduce
2: Starting numprocs=16 N=3000, M=3000 impl=allreduce
0: Starting numprocs=16 N=3000, M=3000 impl=allreduce
Iteration 0
11: Starting numprocs=16 N=3000, M=3000 impl=allreduce
8: Starting numprocs=16 N=3000, M=3000 impl=allreduce
1: Starting numprocs=16 N=3000, M=3000 impl=allreduce
10: Starting numprocs=16 N=3000, M=3000 impl=allreduce
6: Starting numprocs=16 N=3000, M=3000 impl=allreduce
14: Starting numprocs=16 N=3000, M=3000 impl=allreduce
time: 7.949018s
Iteration 1
time: 0.268781s
Iteration 2
time: 8.351426s
Iteration 3
time: 2.069043s
Iteration 4
time: 2.156609s
Iteration 5
time: 6.495781s
Iteration 6
time: 0.266590s
Iteration 7
time: 1.945331s
Iteration 8
time: 2.147357s
Iteration 9
time: 2.150399s
Iteration 10
time: 2.155214s
Iteration 11
time: 2.166870s
Iteration 12
time: 2.152251s
Iteration 13
time: 2.142163s
Iteration 14
time: 4.315296s
Iteration 15
time: 1.956295s
Iteration 16
time: 0.194096s
Iteration 17
time: 0.243499s
Iteration 18
time: 0.194659s
Iteration 19
time: 0.204911s
Iteration 20
time: 0.196400s
Iteration 21
time: 0.198519s
Iteration 22
time: 0.196564s
Iteration 23
time: 0.204516s
Iteration 24
time: 0.203876s
5: Starting numprocs=16 N=3000, M=3000 impl=allreduce-ring
13: Starting numprocs=16 N=3000, M=3000 impl=allreduce-ring
6: Starting numprocs=16 N=3000, M=3000 impl=allreduce-ring
7: Starting numprocs=16 N=3000, M=3000 impl=allreduce-ring
3: Starting numprocs=16 N=3000, M=3000 impl=allreduce-ring
11: Starting numprocs=16 N=3000, M=3000 impl=allreduce-ring
9: Starting numprocs=16 N=3000, M=3000 impl=allreduce-ring
4: Starting numprocs=16 N=3000, M=3000 impl=allreduce-ring
12: Starting numprocs=16 N=3000, M=3000 impl=allreduce-ring
15: Starting numprocs=16 N=3000, M=3000 impl=allreduce-ring
10: Starting numprocs=16 N=3000, M=3000 impl=allreduce-ring
8: Starting numprocs=16 N=3000, M=3000 impl=allreduce-ring
14: Starting numprocs=16 N=3000, M=3000 impl=allreduce-ring
2: Starting numprocs=16 N=3000, M=3000 impl=allreduce-ring
0: Starting numprocs=16 N=3000, M=3000 impl=allreduce-ring
Iteration 0
1: Starting numprocs=16 N=3000, M=3000 impl=allreduce-ring
time: 0.158295s
Iteration 1
time: 0.180358s
Iteration 2
time: 0.181232s
Iteration 3
time: 0.178413s
Iteration 4
time: 3.510568s
Iteration 5
time: 0.137056s
Iteration 6
time: 0.130957s
Iteration 7
time: 0.135091s
Iteration 8
time: 0.136390s
Iteration 9
time: 0.133570s
Iteration 10
time: 0.132811s
Iteration 11
time: 0.135646s
Iteration 12
time: 0.136039s
Iteration 13
time: 0.139678s
Iteration 14
time: 0.134650s
Iteration 15
time: 0.135485s
Iteration 16
time: 0.135171s
Iteration 17
time: 0.135663s
Iteration 18
time: 0.133005s
Iteration 19
time: 3.653837s
Iteration 20
time: 0.142403s
Iteration 21
time: 0.138388s
Iteration 22
time: 0.132792s
Iteration 23
time: 0.130665s
Iteration 24
time: 0.132629s
5: Starting numprocs=16 N=3000, M=3000 impl=g-rabenseifner-allgather
13: Starting numprocs=16 N=3000, M=3000 impl=g-rabenseifner-allgather
3: Starting numprocs=16 N=3000, M=3000 impl=g-rabenseifner-allgather
11: Starting numprocs=16 N=3000, M=3000 impl=g-rabenseifner-allgather
12: Starting numprocs=16 N=3000, M=3000 impl=g-rabenseifner-allgather
8: Starting numprocs=16 N=3000, M=3000 impl=g-rabenseifner-allgather
9: Starting numprocs=16 N=3000, M=3000 impl=g-rabenseifner-allgather
0: Starting numprocs=16 N=3000, M=3000 impl=g-rabenseifner-allgather
Iteration 0
15: Starting numprocs=16 N=3000, M=3000 impl=g-rabenseifner-allgather
7: Starting numprocs=16 N=3000, M=3000 impl=g-rabenseifner-allgather
4: Starting numprocs=16 N=3000, M=3000 impl=g-rabenseifner-allgather
14: Starting numprocs=16 N=3000, M=3000 impl=g-rabenseifner-allgather
6: Starting numprocs=16 N=3000, M=3000 impl=g-rabenseifner-allgather
1: Starting numprocs=16 N=3000, M=3000 impl=g-rabenseifner-allgather
10: Starting numprocs=16 N=3000, M=3000 impl=g-rabenseifner-allgather
2: Starting numprocs=16 N=3000, M=3000 impl=g-rabenseifner-allgather
time: 0.092011s
Iteration 1
time: 0.066084s
Iteration 2
time: 0.065470s
Iteration 3
time: 0.065446s
Iteration 4
time: 0.084064s
Iteration 5
time: 0.065567s
Iteration 6
time: 0.065320s
Iteration 7
time: 0.065841s
Iteration 8
time: 0.065271s
Iteration 9
time: 0.066330s
Iteration 10
time: 0.066049s
Iteration 11
time: 0.065750s
Iteration 12
time: 0.068912s
Iteration 13
time: 0.065641s
Iteration 14
time: 0.065720s
Iteration 15
time: 0.065877s
Iteration 16
time: 0.066254s
Iteration 17
time: 0.065720s
Iteration 18
time: 0.065495s
Iteration 19
time: 0.066070s
Iteration 20
time: 0.065642s
Iteration 21
time: 0.065697s
Iteration 22
time: 0.065979s
Iteration 23
time: 0.065546s
Iteration 24
time: 0.067993s
13: Starting numprocs=16 N=3000, M=3000 impl=g-rabenseifner-subgroup-2
5: Starting numprocs=16 N=3000, M=3000 impl=g-rabenseifner-subgroup-2
11: Starting numprocs=16 N=3000, M=3000 impl=g-rabenseifner-subgroup-2
15: Starting numprocs=16 N=3000, M=3000 impl=g-rabenseifner-subgroup-2
12: Starting numprocs=16 N=3000, M=3000 impl=g-rabenseifner-subgroup-2
9: Starting numprocs=16 N=3000, M=3000 impl=g-rabenseifner-subgroup-2
6: Starting numprocs=16 N=3000, M=3000 impl=g-rabenseifner-subgroup-2
4: Starting numprocs=16 N=3000, M=3000 impl=g-rabenseifner-subgroup-2
0: Starting numprocs=16 N=3000, M=3000 impl=g-rabenseifner-subgroup-2
Iteration 0
7: Starting numprocs=16 N=3000, M=3000 impl=g-rabenseifner-subgroup-2
2: Starting numprocs=16 N=3000, M=3000 impl=g-rabenseifner-subgroup-2
8: Starting numprocs=16 N=3000, M=3000 impl=g-rabenseifner-subgroup-2
14: Starting numprocs=16 N=3000, M=3000 impl=g-rabenseifner-subgroup-2
3: Starting numprocs=16 N=3000, M=3000 impl=g-rabenseifner-subgroup-2
1: Starting numprocs=16 N=3000, M=3000 impl=g-rabenseifner-subgroup-2
10: Starting numprocs=16 N=3000, M=3000 impl=g-rabenseifner-subgroup-2
time: 2.201764s
Iteration 1
time: 0.069138s
Iteration 2
time: 0.068670s
Iteration 3
time: 0.068883s
Iteration 4
time: 0.070091s
Iteration 5
time: 0.068782s
Iteration 6
time: 0.068902s
Iteration 7
time: 0.069018s
Iteration 8
time: 0.068539s
Iteration 9
time: 0.069472s
Iteration 10
time: 1.778964s
Iteration 11
time: 1.452130s
Iteration 12
time: 0.068965s
Iteration 13
time: 0.068513s
Iteration 14
time: 0.068827s
Iteration 15
time: 0.069865s
Iteration 16
time: 0.068570s
Iteration 17
time: 0.069295s
Iteration 18
time: 0.069003s
Iteration 19
time: 0.068852s
Iteration 20
time: 0.069167s
Iteration 21
time: 0.068948s
Iteration 22
time: 0.069126s
Iteration 23
time: 0.069930s
Iteration 24
time: 0.068372s
0: Starting numprocs=16 N=3000, M=3000 impl=g-rabenseifner-subgroup-4
Iteration 0
15: Starting numprocs=16 N=3000, M=3000 impl=g-rabenseifner-subgroup-4
13: Starting numprocs=16 N=3000, M=3000 impl=g-rabenseifner-subgroup-4
9: Starting numprocs=16 N=3000, M=3000 impl=g-rabenseifner-subgroup-4
12: Starting numprocs=16 N=3000, M=3000 impl=g-rabenseifner-subgroup-4
11: Starting numprocs=16 N=3000, M=3000 impl=g-rabenseifner-subgroup-4
5: Starting numprocs=16 N=3000, M=3000 impl=g-rabenseifner-subgroup-4
6: Starting numprocs=16 N=3000, M=3000 impl=g-rabenseifner-subgroup-4
3: Starting numprocs=16 N=3000, M=3000 impl=g-rabenseifner-subgroup-4
8: Starting numprocs=16 N=3000, M=3000 impl=g-rabenseifner-subgroup-4
7: Starting numprocs=16 N=3000, M=3000 impl=g-rabenseifner-subgroup-4
10: Starting numprocs=16 N=3000, M=3000 impl=g-rabenseifner-subgroup-4
1: Starting numprocs=16 N=3000, M=3000 impl=g-rabenseifner-subgroup-4
4: Starting numprocs=16 N=3000, M=3000 impl=g-rabenseifner-subgroup-4
14: Starting numprocs=16 N=3000, M=3000 impl=g-rabenseifner-subgroup-4
2: Starting numprocs=16 N=3000, M=3000 impl=g-rabenseifner-subgroup-4
time: 0.104199s
Iteration 1
time: 0.075644s
Iteration 2
time: 0.074658s
Iteration 3
time: 0.075442s
Iteration 4
time: 1.930112s
Iteration 5
time: 0.074485s
Iteration 6
time: 0.074873s
Iteration 7
time: 0.074816s
Iteration 8
time: 1.929501s
Iteration 9
time: 0.076553s
Iteration 10
time: 0.075965s
Iteration 11
time: 0.076188s
Iteration 12
time: 0.075252s
Iteration 13
time: 0.075627s
Iteration 14
time: 0.075604s
Iteration 15
time: 0.077909s
Iteration 16
time: 0.075663s
Iteration 17
time: 0.076180s
Iteration 18
time: 0.110815s
Iteration 19
time: 0.075317s
Iteration 20
time: 0.078262s
Iteration 21
time: 0.074010s
Iteration 22
time: 0.074808s
Iteration 23
time: 0.075282s
Iteration 24
time: 1.931579s
13: Starting numprocs=16 N=3000, M=3000 impl=g-rabenseifner-subgroup-8
5: Starting numprocs=16 N=3000, M=3000 impl=g-rabenseifner-subgroup-8
11: Starting numprocs=16 N=3000, M=3000 impl=g-rabenseifner-subgroup-8
7: Starting numprocs=16 N=3000, M=3000 impl=g-rabenseifner-subgroup-8
0: Starting numprocs=16 N=3000, M=3000 impl=g-rabenseifner-subgroup-8
Iteration 0
3: Starting numprocs=16 N=3000, M=3000 impl=g-rabenseifner-subgroup-8
9: Starting numprocs=16 N=3000, M=3000 impl=g-rabenseifner-subgroup-8
12: Starting numprocs=16 N=3000, M=3000 impl=g-rabenseifner-subgroup-8
6: Starting numprocs=16 N=3000, M=3000 impl=g-rabenseifner-subgroup-8
4: Starting numprocs=16 N=3000, M=3000 impl=g-rabenseifner-subgroup-8
14: Starting numprocs=16 N=3000, M=3000 impl=g-rabenseifner-subgroup-8
8: Starting numprocs=16 N=3000, M=3000 impl=g-rabenseifner-subgroup-8
10: Starting numprocs=16 N=3000, M=3000 impl=g-rabenseifner-subgroup-8
15: Starting numprocs=16 N=3000, M=3000 impl=g-rabenseifner-subgroup-8
2: Starting numprocs=16 N=3000, M=3000 impl=g-rabenseifner-subgroup-8
1: Starting numprocs=16 N=3000, M=3000 impl=g-rabenseifner-subgroup-8
time: 0.106781s
Iteration 1
time: 0.087201s
Iteration 2
time: 0.087613s
Iteration 3
time: 0.087777s
Iteration 4
time: 0.086198s
Iteration 5
time: 0.086168s
Iteration 6
time: 0.087502s
Iteration 7
time: 0.088559s
Iteration 8
time: 0.087875s
Iteration 9
time: 0.087147s
Iteration 10
time: 0.086484s
Iteration 11
time: 0.086483s
Iteration 12
time: 0.089055s
Iteration 13
time: 0.089845s
Iteration 14
time: 13.068039s
Iteration 15
time: 0.087375s
Iteration 16
time: 0.087109s
Iteration 17
time: 0.089499s
Iteration 18
time: 0.087629s
Iteration 19
time: 0.089643s
Iteration 20
time: 0.089530s
Iteration 21
time: 0.087415s
Iteration 22
time: 0.088295s
Iteration 23
time: 0.088952s
Iteration 24
time: 0.090371s
5: Starting numprocs=16 N=4000, M=4000 impl=allgather
13: Starting numprocs=16 N=4000, M=4000 impl=allgather
11: Starting numprocs=16 N=4000, M=4000 impl=allgather
12: Starting numprocs=16 N=4000, M=4000 impl=allgather
7: Starting numprocs=16 N=4000, M=4000 impl=allgather
9: Starting numprocs=16 N=4000, M=4000 impl=allgather
3: Starting numprocs=16 N=4000, M=4000 impl=allgather
8: Starting numprocs=16 N=4000, M=4000 impl=allgather
4: Starting numprocs=16 N=4000, M=4000 impl=allgather
0: Starting numprocs=16 N=4000, M=4000 impl=allgather
Iteration 0
6: Starting numprocs=16 N=4000, M=4000 impl=allgather
15: Starting numprocs=16 N=4000, M=4000 impl=allgather
14: Starting numprocs=16 N=4000, M=4000 impl=allgather
2: Starting numprocs=16 N=4000, M=4000 impl=allgather
1: Starting numprocs=16 N=4000, M=4000 impl=allgather
10: Starting numprocs=16 N=4000, M=4000 impl=allgather
time: 0.365271s
Iteration 1
time: 0.320062s
Iteration 2
time: 0.409944s
Iteration 3
time: 0.362594s
Iteration 4
time: 0.326054s
Iteration 5
time: 0.332075s
Iteration 6
time: 0.360916s
Iteration 7
time: 0.330632s
Iteration 8
time: 0.352423s
Iteration 9
time: 0.315901s
Iteration 10
time: 0.365993s
Iteration 11
time: 0.321801s
Iteration 12
time: 0.336674s
Iteration 13
time: 0.383355s
Iteration 14
time: 0.305560s
Iteration 15
time: 0.350302s
Iteration 16
time: 0.342002s
Iteration 17
time: 0.332664s
Iteration 18
time: 0.368903s
Iteration 19
time: 0.316479s
Iteration 20
time: 0.398172s
Iteration 21
time: 0.349326s
Iteration 22
time: 0.422824s
Iteration 23
time: 0.331010s
Iteration 24
time: 0.383305s
5: Starting numprocs=16 N=4000, M=4000 impl=allreduce
13: Starting numprocs=16 N=4000, M=4000 impl=allreduce
7: Starting numprocs=16 N=4000, M=4000 impl=allreduce
11: Starting numprocs=16 N=4000, M=4000 impl=allreduce
9: Starting numprocs=16 N=4000, M=4000 impl=allreduce
2: Starting numprocs=16 N=4000, M=4000 impl=allreduce
3: Starting numprocs=16 N=4000, M=4000 impl=allreduce
12: Starting numprocs=16 N=4000, M=4000 impl=allreduce
4: Starting numprocs=16 N=4000, M=4000 impl=allreduce
15: Starting numprocs=16 N=4000, M=4000 impl=allreduce
6: Starting numprocs=16 N=4000, M=4000 impl=allreduce
0: Starting numprocs=16 N=4000, M=4000 impl=allreduce
Iteration 0
8: Starting numprocs=16 N=4000, M=4000 impl=allreduce
14: Starting numprocs=16 N=4000, M=4000 impl=allreduce
10: Starting numprocs=16 N=4000, M=4000 impl=allreduce
1: Starting numprocs=16 N=4000, M=4000 impl=allreduce
time: 17.523643s
Iteration 1
time: 0.364941s
Iteration 2
time: 2.286778s
Iteration 3
time: 4.580756s
Iteration 4
time: 0.356739s
Iteration 5
time: 0.383160s
Iteration 6
time: 0.359813s
Iteration 7
time: 0.358835s
Iteration 8
time: 0.350528s
Iteration 9
time: 2.235116s
Iteration 10
time: 8.674324s
Iteration 11
time: 0.360180s
Iteration 12
time: 0.347572s
Iteration 13
time: 0.352429s
Iteration 14
time: 0.352189s
Iteration 15
time: 0.361388s
Iteration 16
time: 0.392673s
Iteration 17
time: 0.349703s
Iteration 18
time: 0.354529s
Iteration 19
time: 0.353204s
Iteration 20
time: 0.344346s
Iteration 21
time: 0.359836s
Iteration 22
time: 29.838746s
Iteration 23
time: 0.358352s
Iteration 24
time: 1.814358s
5: Starting numprocs=16 N=4000, M=4000 impl=allreduce-ring
13: Starting numprocs=16 N=4000, M=4000 impl=allreduce-ring
11: Starting numprocs=16 N=4000, M=4000 impl=allreduce-ring
12: Starting numprocs=16 N=4000, M=4000 impl=allreduce-ring
9: Starting numprocs=16 N=4000, M=4000 impl=allreduce-ring
8: Starting numprocs=16 N=4000, M=4000 impl=allreduce-ring
3: Starting numprocs=16 N=4000, M=4000 impl=allreduce-ring
7: Starting numprocs=16 N=4000, M=4000 impl=allreduce-ring
15: Starting numprocs=16 N=4000, M=4000 impl=allreduce-ring
4: Starting numprocs=16 N=4000, M=4000 impl=allreduce-ring
2: Starting numprocs=16 N=4000, M=4000 impl=allreduce-ring
0: Starting numprocs=16 N=4000, M=4000 impl=allreduce-ring
Iteration 0
14: Starting numprocs=16 N=4000, M=4000 impl=allreduce-ring
10: Starting numprocs=16 N=4000, M=4000 impl=allreduce-ring
1: Starting numprocs=16 N=4000, M=4000 impl=allreduce-ring
6: Starting numprocs=16 N=4000, M=4000 impl=allreduce-ring
time: 0.259851s
Iteration 1
time: 0.238940s
Iteration 2
time: 0.236180s
Iteration 3
time: 0.237642s
Iteration 4
time: 12.692989s
Iteration 5
time: 0.238819s
Iteration 6
time: 38.122881s
Iteration 7
time: 8.497413s
Iteration 8
time: 6.272982s
Iteration 9
time: 36.904775s
Iteration 10
time: 2.381954s
Iteration 11
time: 0.251890s
Iteration 12
time: 0.246994s
Iteration 13
time: 0.245960s
Iteration 14
time: 0.242155s
Iteration 15
time: 0.248154s
Iteration 16
time: 0.245348s
Iteration 17
time: 0.254010s
Iteration 18
time: 0.250097s
Iteration 19
time: 0.256566s
Iteration 20
time: 0.246520s
Iteration 21
time: 0.245858s
Iteration 22
time: 0.248580s
Iteration 23
time: 0.250466s
Iteration 24
time: 0.247483s
5: Starting numprocs=16 N=4000, M=4000 impl=g-rabenseifner-allgather
13: Starting numprocs=16 N=4000, M=4000 impl=g-rabenseifner-allgather
9: Starting numprocs=16 N=4000, M=4000 impl=g-rabenseifner-allgather
15: Starting numprocs=16 N=4000, M=4000 impl=g-rabenseifner-allgather
12: Starting numprocs=16 N=4000, M=4000 impl=g-rabenseifner-allgather
3: Starting numprocs=16 N=4000, M=4000 impl=g-rabenseifner-allgather
8: Starting numprocs=16 N=4000, M=4000 impl=g-rabenseifner-allgather
4: Starting numprocs=16 N=4000, M=4000 impl=g-rabenseifner-allgather
7: Starting numprocs=16 N=4000, M=4000 impl=g-rabenseifner-allgather
2: Starting numprocs=16 N=4000, M=4000 impl=g-rabenseifner-allgather
10: Starting numprocs=16 N=4000, M=4000 impl=g-rabenseifner-allgather
14: Starting numprocs=16 N=4000, M=4000 impl=g-rabenseifner-allgather
11: Starting numprocs=16 N=4000, M=4000 impl=g-rabenseifner-allgather
1: Starting numprocs=16 N=4000, M=4000 impl=g-rabenseifner-allgather
6: Starting numprocs=16 N=4000, M=4000 impl=g-rabenseifner-allgather
0: Starting numprocs=16 N=4000, M=4000 impl=g-rabenseifner-allgather
Iteration 0
time: 0.144369s
Iteration 1
time: 0.116816s
Iteration 2
time: 0.116303s
Iteration 3
time: 0.116971s
Iteration 4
time: 0.120703s
Iteration 5
time: 0.116137s
Iteration 6
time: 0.116433s
Iteration 7
time: 0.116140s
Iteration 8
time: 0.115798s
Iteration 9
time: 0.116304s
Iteration 10
time: 0.116333s
Iteration 11
time: 0.116274s
Iteration 12
time: 0.116336s
Iteration 13
time: 0.117715s
Iteration 14
time: 0.118243s
Iteration 15
time: 0.116731s
Iteration 16
time: 0.116773s
Iteration 17
time: 0.116259s
Iteration 18
time: 0.117123s
Iteration 19
time: 0.116220s
Iteration 20
time: 0.116434s
Iteration 21
time: 0.118053s
Iteration 22
time: 0.116392s
Iteration 23
time: 0.116074s
Iteration 24
time: 0.116083s
13: Starting numprocs=16 N=4000, M=4000 impl=g-rabenseifner-subgroup-2
5: Starting numprocs=16 N=4000, M=4000 impl=g-rabenseifner-subgroup-2
9: Starting numprocs=16 N=4000, M=4000 impl=g-rabenseifner-subgroup-2
3: Starting numprocs=16 N=4000, M=4000 impl=g-rabenseifner-subgroup-2
15: Starting numprocs=16 N=4000, M=4000 impl=g-rabenseifner-subgroup-2
4: Starting numprocs=16 N=4000, M=4000 impl=g-rabenseifner-subgroup-2
11: Starting numprocs=16 N=4000, M=4000 impl=g-rabenseifner-subgroup-2
7: Starting numprocs=16 N=4000, M=4000 impl=g-rabenseifner-subgroup-2
12: Starting numprocs=16 N=4000, M=4000 impl=g-rabenseifner-subgroup-2
8: Starting numprocs=16 N=4000, M=4000 impl=g-rabenseifner-subgroup-2
6: Starting numprocs=16 N=4000, M=4000 impl=g-rabenseifner-subgroup-2
1: Starting numprocs=16 N=4000, M=4000 impl=g-rabenseifner-subgroup-2
0: Starting numprocs=16 N=4000, M=4000 impl=g-rabenseifner-subgroup-2
Iteration 0
2: Starting numprocs=16 N=4000, M=4000 impl=g-rabenseifner-subgroup-2
14: Starting numprocs=16 N=4000, M=4000 impl=g-rabenseifner-subgroup-2
10: Starting numprocs=16 N=4000, M=4000 impl=g-rabenseifner-subgroup-2
time: 0.154755s
Iteration 1
time: 0.121503s
Iteration 2
time: 0.121340s
Iteration 3
time: 0.121211s
Iteration 4
time: 0.121013s
Iteration 5
time: 0.121576s
Iteration 6
time: 0.121538s
Iteration 7
time: 0.122478s
Iteration 8
time: 0.120943s
Iteration 9
time: 0.121426s
Iteration 10
time: 0.121503s
Iteration 11
time: 0.121405s
Iteration 12
time: 0.121732s
Iteration 13
time: 0.121190s
Iteration 14
time: 0.121028s
Iteration 15
time: 0.123385s
Iteration 16
time: 0.121325s
Iteration 17
time: 0.121735s
Iteration 18
time: 0.120940s
Iteration 19
time: 0.120801s
Iteration 20
time: 0.121274s
Iteration 21
time: 0.121224s
Iteration 22
time: 0.123315s
Iteration 23
time: 0.123339s
Iteration 24
time: 0.125026s
13: Starting numprocs=16 N=4000, M=4000 impl=g-rabenseifner-subgroup-4
5: Starting numprocs=16 N=4000, M=4000 impl=g-rabenseifner-subgroup-4
9: Starting numprocs=16 N=4000, M=4000 impl=g-rabenseifner-subgroup-4
15: Starting numprocs=16 N=4000, M=4000 impl=g-rabenseifner-subgroup-4
4: Starting numprocs=16 N=4000, M=4000 impl=g-rabenseifner-subgroup-4
8: Starting numprocs=16 N=4000, M=4000 impl=g-rabenseifner-subgroup-4
3: Starting numprocs=16 N=4000, M=4000 impl=g-rabenseifner-subgroup-4
6: Starting numprocs=16 N=4000, M=4000 impl=g-rabenseifner-subgroup-4
11: Starting numprocs=16 N=4000, M=4000 impl=g-rabenseifner-subgroup-4
2: Starting numprocs=16 N=4000, M=4000 impl=g-rabenseifner-subgroup-4
14: Starting numprocs=16 N=4000, M=4000 impl=g-rabenseifner-subgroup-4
10: Starting numprocs=16 N=4000, M=4000 impl=g-rabenseifner-subgroup-4
1: Starting numprocs=16 N=4000, M=4000 impl=g-rabenseifner-subgroup-4
0: Starting numprocs=16 N=4000, M=4000 impl=g-rabenseifner-subgroup-4
Iteration 0
12: Starting numprocs=16 N=4000, M=4000 impl=g-rabenseifner-subgroup-4
7: Starting numprocs=16 N=4000, M=4000 impl=g-rabenseifner-subgroup-4
time: 0.171194s
Iteration 1
time: 0.136455s
Iteration 2
time: 0.136212s
Iteration 3
time: 0.137377s
Iteration 4
time: 0.137461s
Iteration 5
time: 0.136708s
Iteration 6
time: 0.140534s
Iteration 7
time: 0.141080s
Iteration 8
time: 0.141111s
Iteration 9
time: 0.139855s
Iteration 10
time: 0.141271s
Iteration 11
time: 0.140860s
Iteration 12
time: 0.140858s
Iteration 13
time: 0.140680s
Iteration 14
time: 0.140806s
Iteration 15
time: 0.141007s
Iteration 16
time: 0.139620s
Iteration 17
time: 0.139176s
Iteration 18
time: 0.133026s
Iteration 19
time: 0.134341s
Iteration 20
time: 0.132743s
Iteration 21
time: 0.134275s
Iteration 22
time: 0.133951s
Iteration 23
time: 0.139119s
Iteration 24
time: 0.132705s
13: Starting numprocs=16 N=4000, M=4000 impl=g-rabenseifner-subgroup-8
5: Starting numprocs=16 N=4000, M=4000 impl=g-rabenseifner-subgroup-8
9: Starting numprocs=16 N=4000, M=4000 impl=g-rabenseifner-subgroup-8
12: Starting numprocs=16 N=4000, M=4000 impl=g-rabenseifner-subgroup-8
7: Starting numprocs=16 N=4000, M=4000 impl=g-rabenseifner-subgroup-8
3: Starting numprocs=16 N=4000, M=4000 impl=g-rabenseifner-subgroup-8
15: Starting numprocs=16 N=4000, M=4000 impl=g-rabenseifner-subgroup-8
8: Starting numprocs=16 N=4000, M=4000 impl=g-rabenseifner-subgroup-8
6: Starting numprocs=16 N=4000, M=4000 impl=g-rabenseifner-subgroup-8
2: Starting numprocs=16 N=4000, M=4000 impl=g-rabenseifner-subgroup-8
11: Starting numprocs=16 N=4000, M=4000 impl=g-rabenseifner-subgroup-8
4: Starting numprocs=16 N=4000, M=4000 impl=g-rabenseifner-subgroup-8
14: Starting numprocs=16 N=4000, M=4000 impl=g-rabenseifner-subgroup-8
0: Starting numprocs=16 N=4000, M=4000 impl=g-rabenseifner-subgroup-8
Iteration 0
10: Starting numprocs=16 N=4000, M=4000 impl=g-rabenseifner-subgroup-8
1: Starting numprocs=16 N=4000, M=4000 impl=g-rabenseifner-subgroup-8
time: 0.196608s
Iteration 1
time: 0.159201s
Iteration 2
time: 0.160111s
Iteration 3
time: 0.159622s
Iteration 4
time: 0.160845s
Iteration 5
time: 0.160027s
Iteration 6
time: 0.160834s
Iteration 7
time: 0.163213s
Iteration 8
time: 0.162544s
Iteration 9
time: 0.161070s
Iteration 10
time: 0.161192s
Iteration 11
time: 0.161269s
Iteration 12
time: 0.155841s
Iteration 13
time: 0.158778s
Iteration 14
time: 0.158784s
Iteration 15
time: 0.172227s
Iteration 16
time: 0.160035s
Iteration 17
time: 0.181198s
Iteration 18
time: 0.155815s
Iteration 19
time: 0.158934s
Iteration 20
time: 0.159823s
Iteration 21
time: 0.159881s
Iteration 22
time: 0.160013s
Iteration 23
time: 0.158947s
Iteration 24
time: 0.174186s
5: Starting numprocs=16 N=5000, M=5000 impl=allgather
9: Starting numprocs=16 N=5000, M=5000 impl=allgather
13: Starting numprocs=16 N=5000, M=5000 impl=allgather
4: Starting numprocs=16 N=5000, M=5000 impl=allgather
6: Starting numprocs=16 N=5000, M=5000 impl=allgather
7: Starting numprocs=16 N=5000, M=5000 impl=allgather
3: Starting numprocs=16 N=5000, M=5000 impl=allgather
15: Starting numprocs=16 N=5000, M=5000 impl=allgather
8: Starting numprocs=16 N=5000, M=5000 impl=allgather
1: Starting numprocs=16 N=5000, M=5000 impl=allgather
11: Starting numprocs=16 N=5000, M=5000 impl=allgather
14: Starting numprocs=16 N=5000, M=5000 impl=allgather
12: Starting numprocs=16 N=5000, M=5000 impl=allgather
10: Starting numprocs=16 N=5000, M=5000 impl=allgather
2: Starting numprocs=16 N=5000, M=5000 impl=allgather
0: Starting numprocs=16 N=5000, M=5000 impl=allgather
Iteration 0
time: 0.695490s
Iteration 1
time: 0.670213s
Iteration 2
time: 0.645756s
Iteration 3
time: 0.640626s
Iteration 4
time: 0.638022s
Iteration 5
time: 0.640331s
Iteration 6
time: 0.669810s
Iteration 7
time: 0.634936s
Iteration 8
time: 0.565868s
Iteration 9
time: 0.518760s
Iteration 10
time: 0.553669s
Iteration 11
time: 0.501519s
Iteration 12
time: 0.570074s
Iteration 13
time: 0.507351s
Iteration 14
time: 0.583430s
Iteration 15
time: 0.489605s
Iteration 16
time: 0.588437s
Iteration 17
time: 0.499912s
Iteration 18
time: 0.552530s
Iteration 19
time: 0.524700s
Iteration 20
time: 0.573741s
Iteration 21
time: 0.521721s
Iteration 22
time: 0.552330s
Iteration 23
time: 0.511904s
Iteration 24
time: 0.573125s
5: Starting numprocs=16 N=5000, M=5000 impl=allreduce
13: Starting numprocs=16 N=5000, M=5000 impl=allreduce
9: Starting numprocs=16 N=5000, M=5000 impl=allreduce
11: Starting numprocs=16 N=5000, M=5000 impl=allreduce
12: Starting numprocs=16 N=5000, M=5000 impl=allreduce
3: Starting numprocs=16 N=5000, M=5000 impl=allreduce
15: Starting numprocs=16 N=5000, M=5000 impl=allreduce
8: Starting numprocs=16 N=5000, M=5000 impl=allreduce
2: Starting numprocs=16 N=5000, M=5000 impl=allreduce
0: Starting numprocs=16 N=5000, M=5000 impl=allreduce
Iteration 0
6: Starting numprocs=16 N=5000, M=5000 impl=allreduce
7: Starting numprocs=16 N=5000, M=5000 impl=allreduce
4: Starting numprocs=16 N=5000, M=5000 impl=allreduce
10: Starting numprocs=16 N=5000, M=5000 impl=allreduce
1: Starting numprocs=16 N=5000, M=5000 impl=allreduce
14: Starting numprocs=16 N=5000, M=5000 impl=allreduce
time: 0.608015s
Iteration 1
time: 0.540251s
Iteration 2
time: 0.547428s
Iteration 3
time: 4.514875s
Iteration 4
time: 0.541774s
Iteration 5
time: 0.569387s
Iteration 6
time: 2.741173s
Iteration 7
time: 0.549160s
Iteration 8
time: 0.563472s
Iteration 9
time: 1.977550s
Iteration 10
time: 0.548368s
Iteration 11
time: 0.559493s
Iteration 12
time: 0.546573s
Iteration 13
time: 15.809394s
Iteration 14
time: 0.579849s
Iteration 15
time: 0.546563s
Iteration 16
time: 0.572240s
Iteration 17
time: 9.921353s
Iteration 18
time: 0.538057s
Iteration 19
time: 0.550376s
Iteration 20
time: 0.558646s
Iteration 21
time: 17.791050s
Iteration 22
time: 0.559767s
Iteration 23
time: 0.547686s
Iteration 24
time: 0.553013s
5: Starting numprocs=16 N=5000, M=5000 impl=allreduce-ring
13: Starting numprocs=16 N=5000, M=5000 impl=allreduce-ring
11: Starting numprocs=16 N=5000, M=5000 impl=allreduce-ring
9: Starting numprocs=16 N=5000, M=5000 impl=allreduce-ring
12: Starting numprocs=16 N=5000, M=5000 impl=allreduce-ring
2: Starting numprocs=16 N=5000, M=5000 impl=allreduce-ring
3: Starting numprocs=16 N=5000, M=5000 impl=allreduce-ring
15: Starting numprocs=16 N=5000, M=5000 impl=allreduce-ring
4: Starting numprocs=16 N=5000, M=5000 impl=allreduce-ring
7: Starting numprocs=16 N=5000, M=5000 impl=allreduce-ring
6: Starting numprocs=16 N=5000, M=5000 impl=allreduce-ring
8: Starting numprocs=16 N=5000, M=5000 impl=allreduce-ring
1: Starting numprocs=16 N=5000, M=5000 impl=allreduce-ring
0: Starting numprocs=16 N=5000, M=5000 impl=allreduce-ring
Iteration 0
14: Starting numprocs=16 N=5000, M=5000 impl=allreduce-ring
10: Starting numprocs=16 N=5000, M=5000 impl=allreduce-ring
time: 8.880050s
Iteration 1
time: 0.370471s
Iteration 2
time: 0.372511s
Iteration 3
time: 0.397344s
Iteration 4
time: 0.385452s
Iteration 5
time: 4.735139s
Iteration 6
time: 0.378631s
Iteration 7
time: 0.387362s
Iteration 8
time: 0.373755s
Iteration 9
time: 0.383145s
Iteration 10
time: 0.381746s
Iteration 11
time: 0.408891s
Iteration 12
time: 0.376603s
Iteration 13
time: 0.379910s
Iteration 14
time: 1.768079s
Iteration 15
time: 0.382545s
Iteration 16
time: 1.995884s
Iteration 17
time: 0.373176s
Iteration 18
time: 0.386808s
Iteration 19
time: 0.397225s
Iteration 20
time: 0.374396s
Iteration 21
time: 0.389545s
Iteration 22
time: 0.382428s
Iteration 23
time: 0.380547s
Iteration 24
time: 0.381491s
5: Starting numprocs=16 N=5000, M=5000 impl=g-rabenseifner-allgather
11: Starting numprocs=16 N=5000, M=5000 impl=g-rabenseifner-allgather
9: Starting numprocs=16 N=5000, M=5000 impl=g-rabenseifner-allgather
13: Starting numprocs=16 N=5000, M=5000 impl=g-rabenseifner-allgather
7: Starting numprocs=16 N=5000, M=5000 impl=g-rabenseifner-allgather
12: Starting numprocs=16 N=5000, M=5000 impl=g-rabenseifner-allgather
15: Starting numprocs=16 N=5000, M=5000 impl=g-rabenseifner-allgather
3: Starting numprocs=16 N=5000, M=5000 impl=g-rabenseifner-allgather
0: Starting numprocs=16 N=5000, M=5000 impl=g-rabenseifner-allgather
Iteration 0
14: Starting numprocs=16 N=5000, M=5000 impl=g-rabenseifner-allgather
4: Starting numprocs=16 N=5000, M=5000 impl=g-rabenseifner-allgather
6: Starting numprocs=16 N=5000, M=5000 impl=g-rabenseifner-allgather
8: Starting numprocs=16 N=5000, M=5000 impl=g-rabenseifner-allgather
1: Starting numprocs=16 N=5000, M=5000 impl=g-rabenseifner-allgather
2: Starting numprocs=16 N=5000, M=5000 impl=g-rabenseifner-allgather
10: Starting numprocs=16 N=5000, M=5000 impl=g-rabenseifner-allgather
time: 1.682789s
Iteration 1
time: 0.180470s
Iteration 2
time: 0.180830s
Iteration 3
time: 1.731171s
Iteration 4
time: 0.180279s
Iteration 5
time: 0.180174s
Iteration 6
time: 1.639015s
Iteration 7
time: 0.181227s
Iteration 8
time: 0.180224s
Iteration 9
time: 0.182911s
Iteration 10
time: 0.180671s
Iteration 11
time: 0.180282s
Iteration 12
time: 0.181075s
Iteration 13
time: 0.180354s
Iteration 14
time: 0.180053s
Iteration 15
time: 0.180559s
Iteration 16
time: 0.180685s
Iteration 17
time: 0.179869s
Iteration 18
time: 0.180911s
Iteration 19
time: 0.180155s
Iteration 20
time: 1.516568s
Iteration 21
time: 0.179923s
Iteration 22
time: 0.180585s
Iteration 23
time: 0.181082s
Iteration 24
time: 2.119606s
5: Starting numprocs=16 N=5000, M=5000 impl=g-rabenseifner-subgroup-2
9: Starting numprocs=16 N=5000, M=5000 impl=g-rabenseifner-subgroup-2
13: Starting numprocs=16 N=5000, M=5000 impl=g-rabenseifner-subgroup-2
6: Starting numprocs=16 N=5000, M=5000 impl=g-rabenseifner-subgroup-2
15: Starting numprocs=16 N=5000, M=5000 impl=g-rabenseifner-subgroup-2
7: Starting numprocs=16 N=5000, M=5000 impl=g-rabenseifner-subgroup-2
11: Starting numprocs=16 N=5000, M=5000 impl=g-rabenseifner-subgroup-2
8: Starting numprocs=16 N=5000, M=5000 impl=g-rabenseifner-subgroup-2
2: Starting numprocs=16 N=5000, M=5000 impl=g-rabenseifner-subgroup-2
12: Starting numprocs=16 N=5000, M=5000 impl=g-rabenseifner-subgroup-2
3: Starting numprocs=16 N=5000, M=5000 impl=g-rabenseifner-subgroup-2
1: Starting numprocs=16 N=5000, M=5000 impl=g-rabenseifner-subgroup-2
14: Starting numprocs=16 N=5000, M=5000 impl=g-rabenseifner-subgroup-2
10: Starting numprocs=16 N=5000, M=5000 impl=g-rabenseifner-subgroup-2
4: Starting numprocs=16 N=5000, M=5000 impl=g-rabenseifner-subgroup-2
0: Starting numprocs=16 N=5000, M=5000 impl=g-rabenseifner-subgroup-2
Iteration 0
time: 1.731466s
Iteration 1
time: 2.049636s
Iteration 2
time: 0.189916s
Iteration 3
time: 0.222576s
Iteration 4
time: 0.189919s
Iteration 5
time: 0.189954s
Iteration 6
time: 0.189824s
Iteration 7
time: 0.190049s
Iteration 8
time: 0.189433s
Iteration 9
time: 0.189325s
Iteration 10
time: 0.190140s
Iteration 11
time: 0.192515s
Iteration 12
time: 0.189860s
Iteration 13
time: 0.254844s
Iteration 14
time: 0.190570s
Iteration 15
time: 2.051892s
Iteration 16
time: 0.190882s
Iteration 17
time: 0.192384s
Iteration 18
time: 0.192050s
Iteration 19
time: 0.189103s
Iteration 20
time: 0.191117s
Iteration 21
time: 0.191090s
Iteration 22
time: 0.188553s
Iteration 23
time: 0.189099s
Iteration 24
time: 0.194662s
13: Starting numprocs=16 N=5000, M=5000 impl=g-rabenseifner-subgroup-4
5: Starting numprocs=16 N=5000, M=5000 impl=g-rabenseifner-subgroup-4
9: Starting numprocs=16 N=5000, M=5000 impl=g-rabenseifner-subgroup-4
7: Starting numprocs=16 N=5000, M=5000 impl=g-rabenseifner-subgroup-4
15: Starting numprocs=16 N=5000, M=5000 impl=g-rabenseifner-subgroup-4
11: Starting numprocs=16 N=5000, M=5000 impl=g-rabenseifner-subgroup-4
3: Starting numprocs=16 N=5000, M=5000 impl=g-rabenseifner-subgroup-4
4: Starting numprocs=16 N=5000, M=5000 impl=g-rabenseifner-subgroup-4
12: Starting numprocs=16 N=5000, M=5000 impl=g-rabenseifner-subgroup-4
0: Starting numprocs=16 N=5000, M=5000 impl=g-rabenseifner-subgroup-4
Iteration 0
8: Starting numprocs=16 N=5000, M=5000 impl=g-rabenseifner-subgroup-4
6: Starting numprocs=16 N=5000, M=5000 impl=g-rabenseifner-subgroup-4
2: Starting numprocs=16 N=5000, M=5000 impl=g-rabenseifner-subgroup-4
1: Starting numprocs=16 N=5000, M=5000 impl=g-rabenseifner-subgroup-4
10: Starting numprocs=16 N=5000, M=5000 impl=g-rabenseifner-subgroup-4
14: Starting numprocs=16 N=5000, M=5000 impl=g-rabenseifner-subgroup-4
time: 0.251425s
Iteration 1
time: 4.332027s
Iteration 2
time: 0.208781s
Iteration 3
time: 0.208473s
Iteration 4
time: 0.209973s
Iteration 5
time: 0.209829s
Iteration 6
time: 0.208088s
Iteration 7
time: 0.209751s
Iteration 8
time: 0.207469s
Iteration 9
time: 0.210985s
Iteration 10
time: 4.560155s
Iteration 11
time: 0.210364s
Iteration 12
time: 0.208348s
Iteration 13
time: 0.210709s
Iteration 14
time: 0.209182s
Iteration 15
time: 0.209279s
Iteration 16
time: 0.209579s
Iteration 17
time: 0.209152s
Iteration 18
time: 0.207355s
Iteration 19
time: 0.207887s
Iteration 20
time: 6.583383s
Iteration 21
time: 0.218859s
Iteration 22
time: 23.066608s
Iteration 23
time: 0.207903s
Iteration 24
time: 0.210267s
5: Starting numprocs=16 N=5000, M=5000 impl=g-rabenseifner-subgroup-8
13: Starting numprocs=16 N=5000, M=5000 impl=g-rabenseifner-subgroup-8
9: Starting numprocs=16 N=5000, M=5000 impl=g-rabenseifner-subgroup-8
7: Starting numprocs=16 N=5000, M=5000 impl=g-rabenseifner-subgroup-8
11: Starting numprocs=16 N=5000, M=5000 impl=g-rabenseifner-subgroup-8
15: Starting numprocs=16 N=5000, M=5000 impl=g-rabenseifner-subgroup-8
3: Starting numprocs=16 N=5000, M=5000 impl=g-rabenseifner-subgroup-8
4: Starting numprocs=16 N=5000, M=5000 impl=g-rabenseifner-subgroup-8
6: Starting numprocs=16 N=5000, M=5000 impl=g-rabenseifner-subgroup-8
1: Starting numprocs=16 N=5000, M=5000 impl=g-rabenseifner-subgroup-8
2: Starting numprocs=16 N=5000, M=5000 impl=g-rabenseifner-subgroup-8
12: Starting numprocs=16 N=5000, M=5000 impl=g-rabenseifner-subgroup-8
14: Starting numprocs=16 N=5000, M=5000 impl=g-rabenseifner-subgroup-8
10: Starting numprocs=16 N=5000, M=5000 impl=g-rabenseifner-subgroup-8
8: Starting numprocs=16 N=5000, M=5000 impl=g-rabenseifner-subgroup-8
0: Starting numprocs=16 N=5000, M=5000 impl=g-rabenseifner-subgroup-8
Iteration 0
time: 0.271247s
Iteration 1
time: 0.240598s
Iteration 2
time: 32.739191s
Iteration 3
time: 0.245383s
Iteration 4
time: 0.248108s
Iteration 5
time: 0.247021s
Iteration 6
time: 0.245482s
Iteration 7
time: 0.239009s
Iteration 8
time: 0.245820s
Iteration 9
time: 0.247118s
Iteration 10
time: 52.249736s
Iteration 11
time: 0.244937s
Iteration 12
time: 0.246539s
Iteration 13
time: 0.248139s
Iteration 14
time: 0.245231s
Iteration 15
time: 0.245335s
Iteration 16
time: 0.241332s
Iteration 17
time: 0.240906s
Iteration 18
time: 4.663448s
Iteration 19
time: 0.246057s
Iteration 20
time: 0.248786s
Iteration 21
time: 0.240229s
Iteration 22
time: 0.239695s
Iteration 23
time: 0.243062s
Iteration 24
time: 0.244802s
5: Starting numprocs=16 N=6000, M=6000 impl=allgather
13: Starting numprocs=16 N=6000, M=6000 impl=allgather
9: Starting numprocs=16 N=6000, M=6000 impl=allgather
11: Starting numprocs=16 N=6000, M=6000 impl=allgather
3: Starting numprocs=16 N=6000, M=6000 impl=allgather
12: Starting numprocs=16 N=6000, M=6000 impl=allgather
7: Starting numprocs=16 N=6000, M=6000 impl=allgather
8: Starting numprocs=16 N=6000, M=6000 impl=allgather
6: Starting numprocs=16 N=6000, M=6000 impl=allgather
15: Starting numprocs=16 N=6000, M=6000 impl=allgather
4: Starting numprocs=16 N=6000, M=6000 impl=allgather
1: Starting numprocs=16 N=6000, M=6000 impl=allgather
2: Starting numprocs=16 N=6000, M=6000 impl=allgather
10: Starting numprocs=16 N=6000, M=6000 impl=allgather
14: Starting numprocs=16 N=6000, M=6000 impl=allgather
0: Starting numprocs=16 N=6000, M=6000 impl=allgather
Iteration 0
time: 0.894833s
Iteration 1
time: 0.905057s
Iteration 2
time: 0.844230s
Iteration 3
time: 0.792389s
Iteration 4
time: 0.863003s
Iteration 5
time: 0.866033s
Iteration 6
time: 0.808657s
Iteration 7
time: 0.858659s
Iteration 8
time: 0.886846s
Iteration 9
time: 0.902375s
Iteration 10
time: 0.836677s
Iteration 11
time: 0.800805s
Iteration 12
time: 0.873772s
Iteration 13
time: 0.781005s
Iteration 14
time: 0.771685s
Iteration 15
time: 0.788450s
Iteration 16
time: 0.849568s
Iteration 17
time: 0.910757s
Iteration 18
time: 0.788107s
Iteration 19
time: 0.812996s
Iteration 20
time: 0.788737s
Iteration 21
time: 0.826021s
Iteration 22
time: 0.820299s
Iteration 23
time: 0.840972s
Iteration 24
time: 0.824129s
5: Starting numprocs=16 N=6000, M=6000 impl=allreduce
13: Starting numprocs=16 N=6000, M=6000 impl=allreduce
9: Starting numprocs=16 N=6000, M=6000 impl=allreduce
11: Starting numprocs=16 N=6000, M=6000 impl=allreduce
3: Starting numprocs=16 N=6000, M=6000 impl=allreduce
7: Starting numprocs=16 N=6000, M=6000 impl=allreduce
2: Starting numprocs=16 N=6000, M=6000 impl=allreduce
4: Starting numprocs=16 N=6000, M=6000 impl=allreduce
12: Starting numprocs=16 N=6000, M=6000 impl=allreduce
15: Starting numprocs=16 N=6000, M=6000 impl=allreduce
8: Starting numprocs=16 N=6000, M=6000 impl=allreduce
0: Starting numprocs=16 N=6000, M=6000 impl=allreduce
Iteration 0
1: Starting numprocs=16 N=6000, M=6000 impl=allreduce
10: Starting numprocs=16 N=6000, M=6000 impl=allreduce
14: Starting numprocs=16 N=6000, M=6000 impl=allreduce
6: Starting numprocs=16 N=6000, M=6000 impl=allreduce
time: 29.684581s
Iteration 1
time: 0.787311s
Iteration 2
time: 0.793916s
Iteration 3
time: 5.114805s
Iteration 4
time: 0.779292s
Iteration 5
time: 5.181972s
Iteration 6
time: 0.810789s
Iteration 7
time: 0.805830s
Iteration 8
time: 40.655113s
Iteration 9
time: 0.796103s
Iteration 10
time: 0.789403s
Iteration 11
time: 11.638337s
Iteration 12
time: 0.773716s
Iteration 13
time: 0.807154s
Iteration 14
time: 17.278931s
Iteration 15
time: 12.007520s
Iteration 16
time: 9.076038s
Iteration 17
time: 0.788278s
Iteration 18
time: 0.784076s
Iteration 19
time: 4.777259s
Iteration 20
time: 0.790136s
Iteration 21
time: 0.807406s
Iteration 22
time: 56.750034s
Iteration 23
time: 0.834430s
Iteration 24
time: 0.781286s
5: Starting numprocs=16 N=6000, M=6000 impl=allreduce-ring
13: Starting numprocs=16 N=6000, M=6000 impl=allreduce-ring
9: Starting numprocs=16 N=6000, M=6000 impl=allreduce-ring
11: Starting numprocs=16 N=6000, M=6000 impl=allreduce-ring
3: Starting numprocs=16 N=6000, M=6000 impl=allreduce-ring
15: Starting numprocs=16 N=6000, M=6000 impl=allreduce-ring
12: Starting numprocs=16 N=6000, M=6000 impl=allreduce-ring
4: Starting numprocs=16 N=6000, M=6000 impl=allreduce-ring
7: Starting numprocs=16 N=6000, M=6000 impl=allreduce-ring
6: Starting numprocs=16 N=6000, M=6000 impl=allreduce-ring
8: Starting numprocs=16 N=6000, M=6000 impl=allreduce-ring
2: Starting numprocs=16 N=6000, M=6000 impl=allreduce-ring
14: Starting numprocs=16 N=6000, M=6000 impl=allreduce-ring
0: Starting numprocs=16 N=6000, M=6000 impl=allreduce-ring
Iteration 0
1: Starting numprocs=16 N=6000, M=6000 impl=allreduce-ring
10: Starting numprocs=16 N=6000, M=6000 impl=allreduce-ring
time: 11.360827s
Iteration 1
time: 32.851191s
Iteration 2
time: 0.541430s
Iteration 3
time: 0.555768s
Iteration 4
time: 0.560134s
Iteration 5
time: 0.561309s
Iteration 6
time: 0.562313s
Iteration 7
time: 0.568579s
Iteration 8
time: 0.556237s
Iteration 9
time: 0.567323s
Iteration 10
time: 0.562598s
Iteration 11
time: 0.556751s
Iteration 12
time: 0.561440s
Iteration 13
time: 0.554239s
Iteration 14
time: 0.575180s
Iteration 15
time: 0.580247s
Iteration 16
time: 0.574175s
Iteration 17
time: 0.564581s
Iteration 18
time: 0.557131s
Iteration 19
time: 0.561756s
Iteration 20
time: 0.575247s
Iteration 21
time: 0.563961s
Iteration 22
time: 0.562953s
Iteration 23
time: 0.553589s
Iteration 24
time: 0.556867s
9: Starting numprocs=16 N=6000, M=6000 impl=g-rabenseifner-allgather
13: Starting numprocs=16 N=6000, M=6000 impl=g-rabenseifner-allgather
5: Starting numprocs=16 N=6000, M=6000 impl=g-rabenseifner-allgather
15: Starting numprocs=16 N=6000, M=6000 impl=g-rabenseifner-allgather
3: Starting numprocs=16 N=6000, M=6000 impl=g-rabenseifner-allgather
7: Starting numprocs=16 N=6000, M=6000 impl=g-rabenseifner-allgather
12: Starting numprocs=16 N=6000, M=6000 impl=g-rabenseifner-allgather
11: Starting numprocs=16 N=6000, M=6000 impl=g-rabenseifner-allgather
14: Starting numprocs=16 N=6000, M=6000 impl=g-rabenseifner-allgather
4: Starting numprocs=16 N=6000, M=6000 impl=g-rabenseifner-allgather
8: Starting numprocs=16 N=6000, M=6000 impl=g-rabenseifner-allgather
1: Starting numprocs=16 N=6000, M=6000 impl=g-rabenseifner-allgather
0: Starting numprocs=16 N=6000, M=6000 impl=g-rabenseifner-allgather
Iteration 0
2: Starting numprocs=16 N=6000, M=6000 impl=g-rabenseifner-allgather
10: Starting numprocs=16 N=6000, M=6000 impl=g-rabenseifner-allgather
6: Starting numprocs=16 N=6000, M=6000 impl=g-rabenseifner-allgather
time: 0.309567s
Iteration 1
time: 0.260098s
Iteration 2
time: 0.260870s
Iteration 3
time: 0.260943s
Iteration 4
time: 0.259990s
Iteration 5
time: 0.260389s
Iteration 6
time: 0.261558s
Iteration 7
time: 0.259172s
Iteration 8
time: 0.259035s
Iteration 9
time: 0.259285s
Iteration 10
time: 0.260537s
Iteration 11
time: 0.259687s
Iteration 12
time: 0.260037s
Iteration 13
time: 0.260516s
Iteration 14
time: 0.260670s
Iteration 15
time: 0.260510s
Iteration 16
time: 0.261079s
Iteration 17
time: 0.259970s
Iteration 18
time: 0.258832s
Iteration 19
time: 0.260662s
Iteration 20
time: 0.259679s
Iteration 21
time: 0.260638s
Iteration 22
time: 0.260107s
Iteration 23
time: 0.260360s
Iteration 24
time: 0.259879s
13: Starting numprocs=16 N=6000, M=6000 impl=g-rabenseifner-subgroup-2
5: Starting numprocs=16 N=6000, M=6000 impl=g-rabenseifner-subgroup-2
9: Starting numprocs=16 N=6000, M=6000 impl=g-rabenseifner-subgroup-2
7: Starting numprocs=16 N=6000, M=6000 impl=g-rabenseifner-subgroup-2
6: Starting numprocs=16 N=6000, M=6000 impl=g-rabenseifner-subgroup-2
2: Starting numprocs=16 N=6000, M=6000 impl=g-rabenseifner-subgroup-2
3: Starting numprocs=16 N=6000, M=6000 impl=g-rabenseifner-subgroup-2
8: Starting numprocs=16 N=6000, M=6000 impl=g-rabenseifner-subgroup-2
11: Starting numprocs=16 N=6000, M=6000 impl=g-rabenseifner-subgroup-2
15: Starting numprocs=16 N=6000, M=6000 impl=g-rabenseifner-subgroup-2
12: Starting numprocs=16 N=6000, M=6000 impl=g-rabenseifner-subgroup-2
14: Starting numprocs=16 N=6000, M=6000 impl=g-rabenseifner-subgroup-2
4: Starting numprocs=16 N=6000, M=6000 impl=g-rabenseifner-subgroup-2
10: Starting numprocs=16 N=6000, M=6000 impl=g-rabenseifner-subgroup-2
1: Starting numprocs=16 N=6000, M=6000 impl=g-rabenseifner-subgroup-2
0: Starting numprocs=16 N=6000, M=6000 impl=g-rabenseifner-subgroup-2
Iteration 0
time: 0.333236s
Iteration 1
time: 0.278283s
Iteration 2
time: 0.279175s
Iteration 3
time: 0.277804s
Iteration 4
time: 0.279434s
Iteration 5
time: 0.277082s
Iteration 6
time: 0.278410s
Iteration 7
time: 0.277963s
Iteration 8
time: 0.277788s
Iteration 9
time: 0.276466s
Iteration 10
time: 0.276673s
Iteration 11
time: 0.279232s
Iteration 12
time: 0.279524s
Iteration 13
time: 0.277942s
Iteration 14
time: 0.274556s
Iteration 15
time: 0.271525s
Iteration 16
time: 0.272514s
Iteration 17
time: 0.274920s
Iteration 18
time: 0.272828s
Iteration 19
time: 0.273039s
Iteration 20
time: 0.274839s
Iteration 21
time: 0.274678s
Iteration 22
time: 0.275849s
Iteration 23
time: 0.274167s
Iteration 24
time: 0.274365s
5: Starting numprocs=16 N=6000, M=6000 impl=g-rabenseifner-subgroup-4
9: Starting numprocs=16 N=6000, M=6000 impl=g-rabenseifner-subgroup-4
13: Starting numprocs=16 N=6000, M=6000 impl=g-rabenseifner-subgroup-4
15: Starting numprocs=16 N=6000, M=6000 impl=g-rabenseifner-subgroup-4
7: Starting numprocs=16 N=6000, M=6000 impl=g-rabenseifner-subgroup-4
6: Starting numprocs=16 N=6000, M=6000 impl=g-rabenseifner-subgroup-4
2: Starting numprocs=16 N=6000, M=6000 impl=g-rabenseifner-subgroup-4
8: Starting numprocs=16 N=6000, M=6000 impl=g-rabenseifner-subgroup-4
3: Starting numprocs=16 N=6000, M=6000 impl=g-rabenseifner-subgroup-4
4: Starting numprocs=16 N=6000, M=6000 impl=g-rabenseifner-subgroup-4
12: Starting numprocs=16 N=6000, M=6000 impl=g-rabenseifner-subgroup-4
11: Starting numprocs=16 N=6000, M=6000 impl=g-rabenseifner-subgroup-4
14: Starting numprocs=16 N=6000, M=6000 impl=g-rabenseifner-subgroup-4
1: Starting numprocs=16 N=6000, M=6000 impl=g-rabenseifner-subgroup-4
0: Starting numprocs=16 N=6000, M=6000 impl=g-rabenseifner-subgroup-4
Iteration 0
10: Starting numprocs=16 N=6000, M=6000 impl=g-rabenseifner-subgroup-4
time: 0.369592s
Iteration 1
time: 0.300379s
Iteration 2
time: 0.300876s
Iteration 3
time: 0.302010s
Iteration 4
time: 0.300897s
Iteration 5
time: 0.300031s
Iteration 6
time: 0.298749s
Iteration 7
time: 0.300868s
Iteration 8
time: 0.299685s
Iteration 9
time: 0.300138s
Iteration 10
time: 0.299656s
Iteration 11
time: 0.299769s
Iteration 12
time: 0.297011s
Iteration 13
time: 0.301469s
Iteration 14
time: 0.298870s
Iteration 15
time: 0.302136s
Iteration 16
time: 0.297917s
Iteration 17
time: 0.300053s
Iteration 18
time: 0.296197s
Iteration 19
time: 0.297746s
Iteration 20
time: 0.298235s
Iteration 21
time: 0.297058s
Iteration 22
time: 0.301539s
Iteration 23
time: 0.298200s
Iteration 24
time: 0.305438s
5: Starting numprocs=16 N=6000, M=6000 impl=g-rabenseifner-subgroup-8
9: Starting numprocs=16 N=6000, M=6000 impl=g-rabenseifner-subgroup-8
11: Starting numprocs=16 N=6000, M=6000 impl=g-rabenseifner-subgroup-8
13: Starting numprocs=16 N=6000, M=6000 impl=g-rabenseifner-subgroup-8
7: Starting numprocs=16 N=6000, M=6000 impl=g-rabenseifner-subgroup-8
15: Starting numprocs=16 N=6000, M=6000 impl=g-rabenseifner-subgroup-8
6: Starting numprocs=16 N=6000, M=6000 impl=g-rabenseifner-subgroup-8
3: Starting numprocs=16 N=6000, M=6000 impl=g-rabenseifner-subgroup-8
12: Starting numprocs=16 N=6000, M=6000 impl=g-rabenseifner-subgroup-8
2: Starting numprocs=16 N=6000, M=6000 impl=g-rabenseifner-subgroup-8
4: Starting numprocs=16 N=6000, M=6000 impl=g-rabenseifner-subgroup-8
8: Starting numprocs=16 N=6000, M=6000 impl=g-rabenseifner-subgroup-8
0: Starting numprocs=16 N=6000, M=6000 impl=g-rabenseifner-subgroup-8
Iteration 0
14: Starting numprocs=16 N=6000, M=6000 impl=g-rabenseifner-subgroup-8
10: Starting numprocs=16 N=6000, M=6000 impl=g-rabenseifner-subgroup-8
1: Starting numprocs=16 N=6000, M=6000 impl=g-rabenseifner-subgroup-8
time: 0.400745s
Iteration 1
time: 0.347994s
Iteration 2
time: 0.351361s
Iteration 3
time: 0.357179s
Iteration 4
time: 0.348166s
Iteration 5
time: 0.348781s
Iteration 6
time: 0.351540s
Iteration 7
time: 0.348872s
Iteration 8
time: 0.346820s
Iteration 9
time: 0.348557s
Iteration 10
time: 0.351020s
Iteration 11
time: 0.352383s
Iteration 12
time: 2.208307s
Iteration 13
time: 12.944768s
Iteration 14
time: 0.369498s
Iteration 15
time: 0.367961s
Iteration 16
time: 0.349514s
Iteration 17
time: 0.347736s
Iteration 18
time: 0.351631s
Iteration 19
time: 21.828303s
Iteration 20
time: 0.347214s
Iteration 21
time: 0.348052s
Iteration 22
time: 0.348999s
Iteration 23
time: 0.348323s
Iteration 24
time: 0.347909s
9: Starting numprocs=16 N=7000, M=7000 impl=allgather
5: Starting numprocs=16 N=7000, M=7000 impl=allgather
13: Starting numprocs=16 N=7000, M=7000 impl=allgather
11: Starting numprocs=16 N=7000, M=7000 impl=allgather
15: Starting numprocs=16 N=7000, M=7000 impl=allgather
7: Starting numprocs=16 N=7000, M=7000 impl=allgather
3: Starting numprocs=16 N=7000, M=7000 impl=allgather
8: Starting numprocs=16 N=7000, M=7000 impl=allgather
0: Starting numprocs=16 N=7000, M=7000 impl=allgather
Iteration 0
2: Starting numprocs=16 N=7000, M=7000 impl=allgather
6: Starting numprocs=16 N=7000, M=7000 impl=allgather
12: Starting numprocs=16 N=7000, M=7000 impl=allgather
4: Starting numprocs=16 N=7000, M=7000 impl=allgather
10: Starting numprocs=16 N=7000, M=7000 impl=allgather
1: Starting numprocs=16 N=7000, M=7000 impl=allgather
14: Starting numprocs=16 N=7000, M=7000 impl=allgather
time: 1.045587s
Iteration 1
time: 1.045167s
Iteration 2
time: 1.070730s
Iteration 3
time: 1.110634s
Iteration 4
time: 1.001838s
Iteration 5
time: 1.012119s
Iteration 6
time: 1.077303s
Iteration 7
time: 1.103982s
Iteration 8
time: 1.179621s
Iteration 9
time: 0.986544s
Iteration 10
time: 1.066462s
Iteration 11
time: 1.115529s
Iteration 12
time: 1.123653s
Iteration 13
time: 1.033286s
Iteration 14
time: 1.063079s
Iteration 15
time: 1.095918s
Iteration 16
time: 1.104921s
Iteration 17
time: 1.040224s
Iteration 18
time: 1.043045s
Iteration 19
time: 1.125164s
Iteration 20
time: 1.081439s
Iteration 21
time: 1.033485s
Iteration 22
time: 1.040928s
Iteration 23
time: 1.102936s
Iteration 24
time: 1.105083s
5: Starting numprocs=16 N=7000, M=7000 impl=allreduce
9: Starting numprocs=16 N=7000, M=7000 impl=allreduce
13: Starting numprocs=16 N=7000, M=7000 impl=allreduce
11: Starting numprocs=16 N=7000, M=7000 impl=allreduce
6: Starting numprocs=16 N=7000, M=7000 impl=allreduce
3: Starting numprocs=16 N=7000, M=7000 impl=allreduce
12: Starting numprocs=16 N=7000, M=7000 impl=allreduce
15: Starting numprocs=16 N=7000, M=7000 impl=allreduce
0: Starting numprocs=16 N=7000, M=7000 impl=allreduce
Iteration 0
7: Starting numprocs=16 N=7000, M=7000 impl=allreduce
2: Starting numprocs=16 N=7000, M=7000 impl=allreduce
10: Starting numprocs=16 N=7000, M=7000 impl=allreduce
4: Starting numprocs=16 N=7000, M=7000 impl=allreduce
8: Starting numprocs=16 N=7000, M=7000 impl=allreduce
1: Starting numprocs=16 N=7000, M=7000 impl=allreduce
14: Starting numprocs=16 N=7000, M=7000 impl=allreduce
time: 11.451669s
Iteration 1
time: 1.088437s
Iteration 2
time: 3.012631s
Iteration 3
time: 1.088848s
Iteration 4
time: 2.340697s
Iteration 5
time: 2.611173s
Iteration 6
time: 1.091634s
Iteration 7
time: 3.155663s
Iteration 8
time: 1.064836s
Iteration 9
time: 3.186214s
Iteration 10
time: 1.067190s
Iteration 11
time: 3.173165s
Iteration 12
time: 1.065705s
Iteration 13
time: 7.545224s
Iteration 14
time: 9.545689s
Iteration 15
time: 1.071483s
Iteration 16
time: 5.176044s
Iteration 17
time: 1.065478s
Iteration 18
time: 45.475872s
Iteration 19
time: 1.090950s
Iteration 20
time: 3.279771s
Iteration 21
time: 1.068423s
Iteration 22
time: 7.344998s
Iteration 23
time: 1.092167s
Iteration 24
time: 5.402333s
9: Starting numprocs=16 N=7000, M=7000 impl=allreduce-ring
5: Starting numprocs=16 N=7000, M=7000 impl=allreduce-ring
13: Starting numprocs=16 N=7000, M=7000 impl=allreduce-ring
11: Starting numprocs=16 N=7000, M=7000 impl=allreduce-ring
2: Starting numprocs=16 N=7000, M=7000 impl=allreduce-ring
3: Starting numprocs=16 N=7000, M=7000 impl=allreduce-ring
7: Starting numprocs=16 N=7000, M=7000 impl=allreduce-ring
15: Starting numprocs=16 N=7000, M=7000 impl=allreduce-ring
12: Starting numprocs=16 N=7000, M=7000 impl=allreduce-ring
4: Starting numprocs=16 N=7000, M=7000 impl=allreduce-ring
0: Starting numprocs=16 N=7000, M=7000 impl=allreduce-ring
Iteration 0
6: Starting numprocs=16 N=7000, M=7000 impl=allreduce-ring
8: Starting numprocs=16 N=7000, M=7000 impl=allreduce-ring
14: Starting numprocs=16 N=7000, M=7000 impl=allreduce-ring
10: Starting numprocs=16 N=7000, M=7000 impl=allreduce-ring
1: Starting numprocs=16 N=7000, M=7000 impl=allreduce-ring
time: 0.789704s
Iteration 1
time: 22.148111s
Iteration 2
time: 0.748596s
Iteration 3
time: 0.736821s
Iteration 4
time: 31.055915s
Iteration 5
time: 0.748479s
Iteration 6
time: 0.770682s
Iteration 7
time: 11.556611s
Iteration 8
time: 34.005534s
Iteration 9
time: 0.742468s
Iteration 10
time: 0.743893s
Iteration 11
time: 5.072141s
Iteration 12
time: 0.762412s
Iteration 13
time: 0.754580s
Iteration 14
time: 15.637563s
Iteration 15
time: 17.380497s
Iteration 16
time: 0.737944s
Iteration 17
time: 0.741033s
Iteration 18
time: 2.885963s
Iteration 19
time: 8.349062s
Iteration 20
time: 81.642142s
Iteration 21
time: 0.761437s
Iteration 22
time: 0.743026s
Iteration 23
time: 15.894833s
Iteration 24
time: 0.739249s
9: Starting numprocs=16 N=7000, M=7000 impl=g-rabenseifner-allgather
5: Starting numprocs=16 N=7000, M=7000 impl=g-rabenseifner-allgather
13: Starting numprocs=16 N=7000, M=7000 impl=g-rabenseifner-allgather
3: Starting numprocs=16 N=7000, M=7000 impl=g-rabenseifner-allgather
11: Starting numprocs=16 N=7000, M=7000 impl=g-rabenseifner-allgather
7: Starting numprocs=16 N=7000, M=7000 impl=g-rabenseifner-allgather
8: Starting numprocs=16 N=7000, M=7000 impl=g-rabenseifner-allgather
12: Starting numprocs=16 N=7000, M=7000 impl=g-rabenseifner-allgather
4: Starting numprocs=16 N=7000, M=7000 impl=g-rabenseifner-allgather
15: Starting numprocs=16 N=7000, M=7000 impl=g-rabenseifner-allgather
2: Starting numprocs=16 N=7000, M=7000 impl=g-rabenseifner-allgather
0: Starting numprocs=16 N=7000, M=7000 impl=g-rabenseifner-allgather
Iteration 0
6: Starting numprocs=16 N=7000, M=7000 impl=g-rabenseifner-allgather
1: Starting numprocs=16 N=7000, M=7000 impl=g-rabenseifner-allgather
10: Starting numprocs=16 N=7000, M=7000 impl=g-rabenseifner-allgather
14: Starting numprocs=16 N=7000, M=7000 impl=g-rabenseifner-allgather
time: 11.113311s
Iteration 1
time: 0.350391s
Iteration 2
time: 0.350035s
Iteration 3
time: 0.350117s
Iteration 4
time: 0.408870s
Iteration 5
time: 0.354621s
Iteration 6
time: 0.351159s
Iteration 7
time: 0.352144s
Iteration 8
time: 0.349800s
Iteration 9
time: 0.350211s
Iteration 10
time: 15.504006s
Iteration 11
time: 0.355712s
Iteration 12
time: 0.351134s
Iteration 13
time: 0.355258s
Iteration 14
time: 0.351999s
Iteration 15
time: 108.188153s
Iteration 16
time: 0.350275s
Iteration 17
time: 0.351438s
Iteration 18
time: 0.350059s
Iteration 19
time: 0.350842s
Iteration 20
time: 0.351237s
Iteration 21
time: 15.422700s
Iteration 22
time: 0.350069s
Iteration 23
time: 0.354056s
Iteration 24
time: 8.711106s
9: Starting numprocs=16 N=7000, M=7000 impl=g-rabenseifner-subgroup-2
5: Starting numprocs=16 N=7000, M=7000 impl=g-rabenseifner-subgroup-2
13: Starting numprocs=16 N=7000, M=7000 impl=g-rabenseifner-subgroup-2
11: Starting numprocs=16 N=7000, M=7000 impl=g-rabenseifner-subgroup-2
15: Starting numprocs=16 N=7000, M=7000 impl=g-rabenseifner-subgroup-2
0: Starting numprocs=16 N=7000, M=7000 impl=g-rabenseifner-subgroup-2
Iteration 0
12: Starting numprocs=16 N=7000, M=7000 impl=g-rabenseifner-subgroup-2
3: Starting numprocs=16 N=7000, M=7000 impl=g-rabenseifner-subgroup-2
7: Starting numprocs=16 N=7000, M=7000 impl=g-rabenseifner-subgroup-2
8: Starting numprocs=16 N=7000, M=7000 impl=g-rabenseifner-subgroup-2
6: Starting numprocs=16 N=7000, M=7000 impl=g-rabenseifner-subgroup-2
2: Starting numprocs=16 N=7000, M=7000 impl=g-rabenseifner-subgroup-2
10: Starting numprocs=16 N=7000, M=7000 impl=g-rabenseifner-subgroup-2
4: Starting numprocs=16 N=7000, M=7000 impl=g-rabenseifner-subgroup-2
1: Starting numprocs=16 N=7000, M=7000 impl=g-rabenseifner-subgroup-2
14: Starting numprocs=16 N=7000, M=7000 impl=g-rabenseifner-subgroup-2
time: 0.434791s
Iteration 1
time: 0.372895s
Iteration 2
time: 0.373570s
Iteration 3
time: 47.692005s
Iteration 4
time: 24.075598s
Iteration 5
time: 0.372364s
Iteration 6
time: 0.371455s
Iteration 7
time: 0.373283s
Iteration 8
time: 0.373662s
Iteration 9
time: 0.379246s
Iteration 10
time: 0.373349s
Iteration 11
time: 34.509678s
Iteration 12
time: 0.372482s
Iteration 13
time: 0.372523s
Iteration 14
time: 0.372155s
Iteration 15
time: 0.371038s
Iteration 16
time: 0.368851s
Iteration 17
time: 0.368760s
Iteration 18
time: 0.371913s
Iteration 19
time: 0.370522s
Iteration 20
time: 0.376883s
Iteration 21
time: 0.371576s
Iteration 22
time: 0.372286s
Iteration 23
time: 0.370966s
Iteration 24
time: 0.371195s
5: Starting numprocs=16 N=7000, M=7000 impl=g-rabenseifner-subgroup-4
15: Starting numprocs=16 N=7000, M=7000 impl=g-rabenseifner-subgroup-4
13: Starting numprocs=16 N=7000, M=7000 impl=g-rabenseifner-subgroup-4
11: Starting numprocs=16 N=7000, M=7000 impl=g-rabenseifner-subgroup-4
12: Starting numprocs=16 N=7000, M=7000 impl=g-rabenseifner-subgroup-4
9: Starting numprocs=16 N=7000, M=7000 impl=g-rabenseifner-subgroup-4
3: Starting numprocs=16 N=7000, M=7000 impl=g-rabenseifner-subgroup-4
6: Starting numprocs=16 N=7000, M=7000 impl=g-rabenseifner-subgroup-4
0: Starting numprocs=16 N=7000, M=7000 impl=g-rabenseifner-subgroup-4
Iteration 0
7: Starting numprocs=16 N=7000, M=7000 impl=g-rabenseifner-subgroup-4
4: Starting numprocs=16 N=7000, M=7000 impl=g-rabenseifner-subgroup-4
8: Starting numprocs=16 N=7000, M=7000 impl=g-rabenseifner-subgroup-4
2: Starting numprocs=16 N=7000, M=7000 impl=g-rabenseifner-subgroup-4
1: Starting numprocs=16 N=7000, M=7000 impl=g-rabenseifner-subgroup-4
10: Starting numprocs=16 N=7000, M=7000 impl=g-rabenseifner-subgroup-4
14: Starting numprocs=16 N=7000, M=7000 impl=g-rabenseifner-subgroup-4
time: 26.001623s
Iteration 1
time: 0.409945s
Iteration 2
time: 0.411096s
Iteration 3
time: 0.402165s
Iteration 4
time: 0.405365s
Iteration 5
time: 63.100032s
Iteration 6
time: 69.324254s
Iteration 7
time: 0.410255s
Iteration 8
time: 0.410148s
Iteration 9
time: 0.409082s
Iteration 10
time: 0.408158s
Iteration 11
time: 69.671249s
Iteration 12
time: 0.416912s
Iteration 13
time: 0.410674s
Iteration 14
time: 0.410256s
Iteration 15
time: 0.413557s
Iteration 16
time: 58.901583s
Iteration 17
time: 0.410359s
Iteration 18
time: 0.413966s
Iteration 19
time: 0.414398s
Iteration 20
time: 0.411819s
Iteration 21
time: 41.425303s
Iteration 22
time: 0.410868s
Iteration 23
time: 0.407874s
Iteration 24
time: 0.407868s
9: Starting numprocs=16 N=7000, M=7000 impl=g-rabenseifner-subgroup-8
13: Starting numprocs=16 N=7000, M=7000 impl=g-rabenseifner-subgroup-8
5: Starting numprocs=16 N=7000, M=7000 impl=g-rabenseifner-subgroup-8
15: Starting numprocs=16 N=7000, M=7000 impl=g-rabenseifner-subgroup-8
11: Starting numprocs=16 N=7000, M=7000 impl=g-rabenseifner-subgroup-8
3: Starting numprocs=16 N=7000, M=7000 impl=g-rabenseifner-subgroup-8
0: Starting numprocs=16 N=7000, M=7000 impl=g-rabenseifner-subgroup-8
Iteration 0
7: Starting numprocs=16 N=7000, M=7000 impl=g-rabenseifner-subgroup-8
12: Starting numprocs=16 N=7000, M=7000 impl=g-rabenseifner-subgroup-8
2: Starting numprocs=16 N=7000, M=7000 impl=g-rabenseifner-subgroup-8
8: Starting numprocs=16 N=7000, M=7000 impl=g-rabenseifner-subgroup-8
4: Starting numprocs=16 N=7000, M=7000 impl=g-rabenseifner-subgroup-8
1: Starting numprocs=16 N=7000, M=7000 impl=g-rabenseifner-subgroup-8
10: Starting numprocs=16 N=7000, M=7000 impl=g-rabenseifner-subgroup-8
14: Starting numprocs=16 N=7000, M=7000 impl=g-rabenseifner-subgroup-8
6: Starting numprocs=16 N=7000, M=7000 impl=g-rabenseifner-subgroup-8
time: 30.116699s
Iteration 1
time: 21.501156s
Iteration 2
time: 0.475994s
Iteration 3
time: 0.477206s
Iteration 4
time: 0.471817s
Iteration 5
time: 98.007207s
Iteration 6
time: 0.471492s
Iteration 7
time: 0.478512s
Iteration 8
time: 0.475011s
Iteration 9
time: 0.474824s
Iteration 10
time: 71.657142s
Iteration 11
time: 0.474268s
Iteration 12
time: 0.484012s
Iteration 13
time: 0.490916s
Iteration 14
time: 65.359567s
Iteration 15
time: 0.488029s
Iteration 16
time: 0.469801s
Iteration 17
time: 0.469806s
Iteration 18
time: 1.936491s
Iteration 19
time: 0.482940s
Iteration 20
time: 30.560323s
Iteration 21
time: 82.665736s
Iteration 22
time: 0.471872s
Iteration 23
time: 0.475343s
Iteration 24
time: 0.478554s
9: Starting numprocs=16 N=8000, M=8000 impl=allgather
5: Starting numprocs=16 N=8000, M=8000 impl=allgather
11: Starting numprocs=16 N=8000, M=8000 impl=allgather
13: Starting numprocs=16 N=8000, M=8000 impl=allgather
3: Starting numprocs=16 N=8000, M=8000 impl=allgather
6: Starting numprocs=16 N=8000, M=8000 impl=allgather
0: Starting numprocs=16 N=8000, M=8000 impl=allgather
Iteration 0
12: Starting numprocs=16 N=8000, M=8000 impl=allgather
7: Starting numprocs=16 N=8000, M=8000 impl=allgather
4: Starting numprocs=16 N=8000, M=8000 impl=allgather
2: Starting numprocs=16 N=8000, M=8000 impl=allgather
15: Starting numprocs=16 N=8000, M=8000 impl=allgather
8: Starting numprocs=16 N=8000, M=8000 impl=allgather
14: Starting numprocs=16 N=8000, M=8000 impl=allgather
1: Starting numprocs=16 N=8000, M=8000 impl=allgather
10: Starting numprocs=16 N=8000, M=8000 impl=allgather
time: 1.403581s
Iteration 1
time: 1.407618s
Iteration 2
time: 1.487798s
Iteration 3
time: 1.405156s
Iteration 4
time: 1.539677s
Iteration 5
time: 1.433604s
Iteration 6
time: 1.455423s
Iteration 7
time: 1.498885s
Iteration 8
time: 1.498348s
Iteration 9
time: 1.398320s
Iteration 10
time: 1.361608s
Iteration 11
time: 1.427591s
Iteration 12
time: 1.532259s
Iteration 13
time: 1.410111s
Iteration 14
time: 1.489392s
Iteration 15
time: 1.517376s
Iteration 16
time: 1.513055s
Iteration 17
time: 1.454077s
Iteration 18
time: 1.439456s
Iteration 19
time: 1.511865s
Iteration 20
time: 1.409745s
Iteration 21
time: 1.505189s
Iteration 22
time: 1.294468s
Iteration 23
time: 1.359958s
Iteration 24
time: 1.272516s
5: Starting numprocs=16 N=8000, M=8000 impl=allreduce
11: Starting numprocs=16 N=8000, M=8000 impl=allreduce
3: Starting numprocs=16 N=8000, M=8000 impl=allreduce
9: Starting numprocs=16 N=8000, M=8000 impl=allreduce
13: Starting numprocs=16 N=8000, M=8000 impl=allreduce
0: Starting numprocs=16 N=8000, M=8000 impl=allreduce
Iteration 0
6: Starting numprocs=16 N=8000, M=8000 impl=allreduce
7: Starting numprocs=16 N=8000, M=8000 impl=allreduce
12: Starting numprocs=16 N=8000, M=8000 impl=allreduce
8: Starting numprocs=16 N=8000, M=8000 impl=allreduce
4: Starting numprocs=16 N=8000, M=8000 impl=allreduce
15: Starting numprocs=16 N=8000, M=8000 impl=allreduce
14: Starting numprocs=16 N=8000, M=8000 impl=allreduce
1: Starting numprocs=16 N=8000, M=8000 impl=allreduce
2: Starting numprocs=16 N=8000, M=8000 impl=allreduce
10: Starting numprocs=16 N=8000, M=8000 impl=allreduce
time: 1.618698s
Iteration 1
time: 1.397791s
Iteration 2
time: 1.414836s
Iteration 3
time: 1.398358s
Iteration 4
time: 1.397756s
Iteration 5
time: 1.407610s
Iteration 6
time: 1.408685s
Iteration 7
time: 1.415691s
Iteration 8
time: 1.469531s
Iteration 9
time: 1.415709s
Iteration 10
time: 1.392004s
Iteration 11
time: 1.417879s
Iteration 12
time: 1.390303s
Iteration 13
time: 1.418542s
Iteration 14
time: 1.394913s
Iteration 15
time: 1.434745s
Iteration 16
time: 1.421530s
Iteration 17
time: 1.416578s
Iteration 18
time: 1.406237s
Iteration 19
time: 1.509615s
Iteration 20
time: 1.425727s
Iteration 21
time: 1.712545s
Iteration 22
time: 7.068789s
Iteration 23
time: 1.428217s
Iteration 24
time: 6.973247s
5: Starting numprocs=16 N=8000, M=8000 impl=allreduce-ring
11: Starting numprocs=16 N=8000, M=8000 impl=allreduce-ring
3: Starting numprocs=16 N=8000, M=8000 impl=allreduce-ring
13: Starting numprocs=16 N=8000, M=8000 impl=allreduce-ring
12: Starting numprocs=16 N=8000, M=8000 impl=allreduce-ring
0: Starting numprocs=16 N=8000, M=8000 impl=allreduce-ring
Iteration 0
7: Starting numprocs=16 N=8000, M=8000 impl=allreduce-ring
4: Starting numprocs=16 N=8000, M=8000 impl=allreduce-ring
9: Starting numprocs=16 N=8000, M=8000 impl=allreduce-ring
15: Starting numprocs=16 N=8000, M=8000 impl=allreduce-ring
6: Starting numprocs=16 N=8000, M=8000 impl=allreduce-ring
1: Starting numprocs=16 N=8000, M=8000 impl=allreduce-ring
2: Starting numprocs=16 N=8000, M=8000 impl=allreduce-ring
8: Starting numprocs=16 N=8000, M=8000 impl=allreduce-ring
14: Starting numprocs=16 N=8000, M=8000 impl=allreduce-ring
10: Starting numprocs=16 N=8000, M=8000 impl=allreduce-ring
time: 1.030866s
Iteration 1
time: 7.251828s
Iteration 2
time: 2.053352s
Iteration 3
time: 0.960137s
Iteration 4
time: 0.987119s
Iteration 5
time: 0.969791s
Iteration 6
time: 0.973870s
Iteration 7
time: 3.125216s
Iteration 8
time: 0.979355s
Iteration 9
time: 0.981517s
Iteration 10
time: 0.981214s
Iteration 11
time: 3.147100s
Iteration 12
time: 0.961791s
Iteration 13
time: 3.132052s
Iteration 14
time: 1.004572s
Iteration 15
time: 5.298156s
Iteration 16
time: 0.972144s
Iteration 17
time: 9.619531s
Iteration 18
time: 3.014991s
Iteration 19
time: 0.976665s
Iteration 20
time: 3.135324s
Iteration 21
time: 0.981878s
Iteration 22
time: 0.985724s
Iteration 23
time: 0.973863s
Iteration 24
time: 0.990118s
9: Starting numprocs=16 N=8000, M=8000 impl=g-rabenseifner-allgather
5: Starting numprocs=16 N=8000, M=8000 impl=g-rabenseifner-allgather
11: Starting numprocs=16 N=8000, M=8000 impl=g-rabenseifner-allgather
0: Starting numprocs=16 N=8000, M=8000 impl=g-rabenseifner-allgather
Iteration 0
13: Starting numprocs=16 N=8000, M=8000 impl=g-rabenseifner-allgather
3: Starting numprocs=16 N=8000, M=8000 impl=g-rabenseifner-allgather
12: Starting numprocs=16 N=8000, M=8000 impl=g-rabenseifner-allgather
7: Starting numprocs=16 N=8000, M=8000 impl=g-rabenseifner-allgather
4: Starting numprocs=16 N=8000, M=8000 impl=g-rabenseifner-allgather
8: Starting numprocs=16 N=8000, M=8000 impl=g-rabenseifner-allgather
15: Starting numprocs=16 N=8000, M=8000 impl=g-rabenseifner-allgather
2: Starting numprocs=16 N=8000, M=8000 impl=g-rabenseifner-allgather
6: Starting numprocs=16 N=8000, M=8000 impl=g-rabenseifner-allgather
14: Starting numprocs=16 N=8000, M=8000 impl=g-rabenseifner-allgather
1: Starting numprocs=16 N=8000, M=8000 impl=g-rabenseifner-allgather
10: Starting numprocs=16 N=8000, M=8000 impl=g-rabenseifner-allgather
time: 0.534223s
Iteration 1
time: 0.465108s
Iteration 2
time: 0.463399s
Iteration 3
time: 0.463230s
Iteration 4
time: 0.466353s
Iteration 5
time: 4.688014s
Iteration 6
time: 0.463782s
Iteration 7
time: 0.465023s
Iteration 8
time: 0.464724s
Iteration 9
time: 2.199633s
Iteration 10
time: 6.941274s
Iteration 11
time: 0.464951s
Iteration 12
time: 0.464022s
Iteration 13
time: 0.462940s
Iteration 14
time: 4.756028s
Iteration 15
time: 0.466373s
Iteration 16
time: 0.463606s
Iteration 17
time: 0.462579s
Iteration 18
time: 0.473016s
Iteration 19
time: 0.474576s
Iteration 20
time: 0.464134s
Iteration 21
time: 0.464627s
Iteration 22
time: 6.918203s
Iteration 23
time: 0.464468s
Iteration 24
time: 0.463910s
9: Starting numprocs=16 N=8000, M=8000 impl=g-rabenseifner-subgroup-2
5: Starting numprocs=16 N=8000, M=8000 impl=g-rabenseifner-subgroup-2
11: Starting numprocs=16 N=8000, M=8000 impl=g-rabenseifner-subgroup-2
13: Starting numprocs=16 N=8000, M=8000 impl=g-rabenseifner-subgroup-2
3: Starting numprocs=16 N=8000, M=8000 impl=g-rabenseifner-subgroup-2
7: Starting numprocs=16 N=8000, M=8000 impl=g-rabenseifner-subgroup-2
6: Starting numprocs=16 N=8000, M=8000 impl=g-rabenseifner-subgroup-2
0: Starting numprocs=16 N=8000, M=8000 impl=g-rabenseifner-subgroup-2
Iteration 0
8: Starting numprocs=16 N=8000, M=8000 impl=g-rabenseifner-subgroup-2
2: Starting numprocs=16 N=8000, M=8000 impl=g-rabenseifner-subgroup-2
12: Starting numprocs=16 N=8000, M=8000 impl=g-rabenseifner-subgroup-2
4: Starting numprocs=16 N=8000, M=8000 impl=g-rabenseifner-subgroup-2
15: Starting numprocs=16 N=8000, M=8000 impl=g-rabenseifner-subgroup-2
1: Starting numprocs=16 N=8000, M=8000 impl=g-rabenseifner-subgroup-2
14: Starting numprocs=16 N=8000, M=8000 impl=g-rabenseifner-subgroup-2
10: Starting numprocs=16 N=8000, M=8000 impl=g-rabenseifner-subgroup-2
time: 3.338694s
Iteration 1
time: 0.484141s
Iteration 2
time: 0.482851s
Iteration 3
time: 0.480056s
Iteration 4
time: 0.494469s
Iteration 5
time: 0.484205s
Iteration 6
time: 0.488117s
Iteration 7
time: 0.483818s
Iteration 8
time: 6.982175s
Iteration 9
time: 0.482592s
Iteration 10
time: 0.484503s
Iteration 11
time: 0.486714s
Iteration 12
time: 0.485230s
Iteration 13
time: 0.482808s
Iteration 14
time: 0.482321s
Iteration 15
time: 0.481706s
Iteration 16
time: 2.659481s
Iteration 17
time: 0.482515s
Iteration 18
time: 0.487429s
Iteration 19
time: 0.485571s
Iteration 20
time: 2.650137s
Iteration 21
time: 0.484610s
Iteration 22
time: 0.483828s
Iteration 23
time: 0.481944s
Iteration 24
time: 6.930782s
5: Starting numprocs=16 N=8000, M=8000 impl=g-rabenseifner-subgroup-4
11: Starting numprocs=16 N=8000, M=8000 impl=g-rabenseifner-subgroup-4
0: Starting numprocs=16 N=8000, M=8000 impl=g-rabenseifner-subgroup-4
Iteration 0
13: Starting numprocs=16 N=8000, M=8000 impl=g-rabenseifner-subgroup-4
9: Starting numprocs=16 N=8000, M=8000 impl=g-rabenseifner-subgroup-4
7: Starting numprocs=16 N=8000, M=8000 impl=g-rabenseifner-subgroup-4
6: Starting numprocs=16 N=8000, M=8000 impl=g-rabenseifner-subgroup-4
3: Starting numprocs=16 N=8000, M=8000 impl=g-rabenseifner-subgroup-4
8: Starting numprocs=16 N=8000, M=8000 impl=g-rabenseifner-subgroup-4
12: Starting numprocs=16 N=8000, M=8000 impl=g-rabenseifner-subgroup-4
2: Starting numprocs=16 N=8000, M=8000 impl=g-rabenseifner-subgroup-4
4: Starting numprocs=16 N=8000, M=8000 impl=g-rabenseifner-subgroup-4
15: Starting numprocs=16 N=8000, M=8000 impl=g-rabenseifner-subgroup-4
1: Starting numprocs=16 N=8000, M=8000 impl=g-rabenseifner-subgroup-4
14: Starting numprocs=16 N=8000, M=8000 impl=g-rabenseifner-subgroup-4
10: Starting numprocs=16 N=8000, M=8000 impl=g-rabenseifner-subgroup-4
time: 0.649592s
Iteration 1
time: 0.528162s
Iteration 2
time: 0.527348s
Iteration 3
time: 0.527741s
Iteration 4
time: 0.531451s
Iteration 5
time: 0.528653s
Iteration 6
time: 0.526624s
Iteration 7
time: 0.530869s
Iteration 8
time: 0.531236s
Iteration 9
time: 0.530675s
Iteration 10
time: 0.527546s
Iteration 11
time: 0.531207s
Iteration 12
time: 0.528828s
Iteration 13
time: 0.530408s
Iteration 14
time: 0.529029s
Iteration 15
time: 0.526928s
Iteration 16
time: 0.532830s
Iteration 17
time: 0.529076s
Iteration 18
time: 0.531403s
Iteration 19
time: 0.532386s
Iteration 20
time: 0.530358s
Iteration 21
time: 0.528397s
Iteration 22
time: 0.529435s
Iteration 23
time: 0.530738s
Iteration 24
time: 0.527244s
5: Starting numprocs=16 N=8000, M=8000 impl=g-rabenseifner-subgroup-8
11: Starting numprocs=16 N=8000, M=8000 impl=g-rabenseifner-subgroup-8
13: Starting numprocs=16 N=8000, M=8000 impl=g-rabenseifner-subgroup-8
9: Starting numprocs=16 N=8000, M=8000 impl=g-rabenseifner-subgroup-8
0: Starting numprocs=16 N=8000, M=8000 impl=g-rabenseifner-subgroup-8
Iteration 0
6: Starting numprocs=16 N=8000, M=8000 impl=g-rabenseifner-subgroup-8
3: Starting numprocs=16 N=8000, M=8000 impl=g-rabenseifner-subgroup-8
7: Starting numprocs=16 N=8000, M=8000 impl=g-rabenseifner-subgroup-8
8: Starting numprocs=16 N=8000, M=8000 impl=g-rabenseifner-subgroup-8
12: Starting numprocs=16 N=8000, M=8000 impl=g-rabenseifner-subgroup-8
4: Starting numprocs=16 N=8000, M=8000 impl=g-rabenseifner-subgroup-8
1: Starting numprocs=16 N=8000, M=8000 impl=g-rabenseifner-subgroup-8
15: Starting numprocs=16 N=8000, M=8000 impl=g-rabenseifner-subgroup-8
10: Starting numprocs=16 N=8000, M=8000 impl=g-rabenseifner-subgroup-8
2: Starting numprocs=16 N=8000, M=8000 impl=g-rabenseifner-subgroup-8
14: Starting numprocs=16 N=8000, M=8000 impl=g-rabenseifner-subgroup-8
time: 0.724401s
Iteration 1
time: 0.626648s
Iteration 2
time: 0.620583s
Iteration 3
time: 0.616972s
Iteration 4
time: 0.614340s
Iteration 5
time: 0.615049s
Iteration 6
time: 0.626643s
Iteration 7
time: 0.619856s
Iteration 8
time: 0.619791s
Iteration 9
time: 0.623777s
Iteration 10
time: 0.615701s
Iteration 11
time: 0.618568s
Iteration 12
time: 0.614388s
Iteration 13
time: 0.617338s
Iteration 14
time: 0.622215s
Iteration 15
time: 0.610065s
Iteration 16
time: 0.618976s
Iteration 17
time: 0.614992s
Iteration 18
time: 0.615282s
Iteration 19
time: 0.655077s
Iteration 20
time: 0.618064s
Iteration 21
time: 0.706906s
Iteration 22
time: 0.617512s
Iteration 23
time: 0.684396s
Iteration 24
time: 0.622746s
