0: Starting numprocs=8 N=1000, M=1000 impl=allgather
Iteration 0
6: Starting numprocs=8 N=1000, M=1000 impl=allgather
7: Starting numprocs=8 N=1000, M=1000 impl=allgather
1: Starting numprocs=8 N=1000, M=1000 impl=allgather
4: Starting numprocs=8 N=1000, M=1000 impl=allgather
3: Starting numprocs=8 N=1000, M=1000 impl=allgather
5: Starting numprocs=8 N=1000, M=1000 impl=allgather
2: Starting numprocs=8 N=1000, M=1000 impl=allgather
time: 0.013445s
Iteration 1
time: 0.007883s
Iteration 2
time: 0.007502s
Iteration 3
time: 0.007873s
Iteration 4
time: 0.008028s
Iteration 5
time: 0.008577s
Iteration 6
time: 0.008580s
Iteration 7
time: 0.008864s
Iteration 8
time: 0.009252s
Iteration 9
time: 0.009940s
Iteration 10
time: 0.009894s
Iteration 11
time: 0.010097s
Iteration 12
time: 0.008074s
Iteration 13
time: 0.007844s
Iteration 14
time: 0.008018s
Iteration 15
time: 0.008305s
Iteration 16
time: 0.008623s
Iteration 17
time: 0.008874s
Iteration 18
time: 0.009262s
Iteration 19
time: 0.009472s
Iteration 20
time: 0.009684s
Iteration 21
time: 0.009819s
Iteration 22
time: 0.010168s
Iteration 23
time: 0.008152s
Iteration 24
time: 0.007168s
6: Starting numprocs=8 N=1000, M=1000 impl=allreduce
1: Starting numprocs=8 N=1000, M=1000 impl=allreduce
5: Starting numprocs=8 N=1000, M=1000 impl=allreduce
3: Starting numprocs=8 N=1000, M=1000 impl=allreduce
4: Starting numprocs=8 N=1000, M=1000 impl=allreduce
0: Starting numprocs=8 N=1000, M=1000 impl=allreduce
Iteration 0
7: Starting numprocs=8 N=1000, M=1000 impl=allreduce
2: Starting numprocs=8 N=1000, M=1000 impl=allreduce
time: 3.454106s
Iteration 1
time: 0.021320s
Iteration 2
time: 0.015711s
Iteration 3
time: 0.015338s
Iteration 4
time: 0.015497s
Iteration 5
time: 0.015612s
Iteration 6
time: 0.015502s
Iteration 7
time: 0.015572s
Iteration 8
time: 0.015663s
Iteration 9
time: 0.015532s
Iteration 10
time: 0.015492s
Iteration 11
time: 0.016299s
Iteration 12
time: 0.016370s
Iteration 13
time: 0.016404s
Iteration 14
time: 0.015886s
Iteration 15
time: 0.016732s
Iteration 16
time: 0.016295s
Iteration 17
time: 0.015614s
Iteration 18
time: 0.015482s
Iteration 19
time: 0.015861s
Iteration 20
time: 0.015318s
Iteration 21
time: 0.015258s
Iteration 22
time: 0.015353s
Iteration 23
time: 0.016024s
Iteration 24
time: 0.015451s
6: Starting numprocs=8 N=1000, M=1000 impl=allreduce-ring
7: Starting numprocs=8 N=1000, M=1000 impl=allreduce-ring
0: Starting numprocs=8 N=1000, M=1000 impl=allreduce-ring
Iteration 0
1: Starting numprocs=8 N=1000, M=1000 impl=allreduce-ring
5: Starting numprocs=8 N=1000, M=1000 impl=allreduce-ring
3: Starting numprocs=8 N=1000, M=1000 impl=allreduce-ring
4: Starting numprocs=8 N=1000, M=1000 impl=allreduce-ring
2: Starting numprocs=8 N=1000, M=1000 impl=allreduce-ring
time: 0.023810s
Iteration 1
time: 0.014004s
Iteration 2
time: 0.013857s
Iteration 3
time: 0.014119s
Iteration 4
time: 0.014429s
Iteration 5
time: 0.013932s
Iteration 6
time: 0.014103s
Iteration 7
time: 0.013889s
Iteration 8
time: 0.014003s
Iteration 9
time: 0.014346s
Iteration 10
time: 0.013849s
Iteration 11
time: 0.014215s
Iteration 12
time: 0.013879s
Iteration 13
time: 0.014140s
Iteration 14
time: 0.013780s
Iteration 15
time: 0.013829s
Iteration 16
time: 0.013784s
Iteration 17
time: 0.014351s
Iteration 18
time: 0.013817s
Iteration 19
time: 0.013781s
Iteration 20
time: 0.014143s
Iteration 21
time: 0.014784s
Iteration 22
time: 0.014062s
Iteration 23
time: 0.013938s
Iteration 24
time: 0.013982s
6: Starting numprocs=8 N=1000, M=1000 impl=g-rabenseifner-allgather
7: Starting numprocs=8 N=1000, M=1000 impl=g-rabenseifner-allgather
1: Starting numprocs=8 N=1000, M=1000 impl=g-rabenseifner-allgather
0: Starting numprocs=8 N=1000, M=1000 impl=g-rabenseifner-allgather
Iteration 0
4: Starting numprocs=8 N=1000, M=1000 impl=g-rabenseifner-allgather
5: Starting numprocs=8 N=1000, M=1000 impl=g-rabenseifner-allgather
3: Starting numprocs=8 N=1000, M=1000 impl=g-rabenseifner-allgather
2: Starting numprocs=8 N=1000, M=1000 impl=g-rabenseifner-allgather
time: 0.017325s
Iteration 1
time: 0.007033s
Iteration 2
time: 0.007601s
Iteration 3
time: 0.007025s
Iteration 4
time: 0.007455s
Iteration 5
time: 0.007027s
Iteration 6
time: 0.007001s
Iteration 7
time: 2.176082s
Iteration 8
time: 4.335159s
Iteration 9
time: 0.007087s
Iteration 10
time: 0.007036s
Iteration 11
time: 0.007035s
Iteration 12
time: 0.007030s
Iteration 13
time: 0.006981s
Iteration 14
time: 0.007013s
Iteration 15
time: 0.007019s
Iteration 16
time: 0.011173s
Iteration 17
time: 3.678579s
Iteration 18
time: 1.675878s
Iteration 19
time: 0.007039s
Iteration 20
time: 0.007407s
Iteration 21
time: 0.007376s
Iteration 22
time: 0.007001s
Iteration 23
time: 0.007026s
Iteration 24
time: 0.007026s
0: Starting numprocs=8 N=1000, M=1000 impl=g-rabenseifner-subgroup-2
Iteration 0
7: Starting numprocs=8 N=1000, M=1000 impl=g-rabenseifner-subgroup-2
5: Starting numprocs=8 N=1000, M=1000 impl=g-rabenseifner-subgroup-2
4: Starting numprocs=8 N=1000, M=1000 impl=g-rabenseifner-subgroup-2
1: Starting numprocs=8 N=1000, M=1000 impl=g-rabenseifner-subgroup-2
3: Starting numprocs=8 N=1000, M=1000 impl=g-rabenseifner-subgroup-2
6: Starting numprocs=8 N=1000, M=1000 impl=g-rabenseifner-subgroup-2
2: Starting numprocs=8 N=1000, M=1000 impl=g-rabenseifner-subgroup-2
time: 0.024368s
Iteration 1
time: 0.012249s
Iteration 2
time: 0.007273s
Iteration 3
time: 0.007131s
Iteration 4
time: 0.007258s
Iteration 5
time: 0.007141s
Iteration 6
time: 0.007217s
Iteration 7
time: 0.007179s
Iteration 8
time: 0.007183s
Iteration 9
time: 0.007232s
Iteration 10
time: 0.007203s
Iteration 11
time: 0.007177s
Iteration 12
time: 0.007308s
Iteration 13
time: 0.007150s
Iteration 14
time: 0.007350s
Iteration 15
time: 0.007666s
Iteration 16
time: 0.007239s
Iteration 17
time: 0.007149s
Iteration 18
time: 0.007119s
Iteration 19
time: 0.007180s
Iteration 20
time: 0.007110s
Iteration 21
time: 0.007132s
Iteration 22
time: 0.007085s
Iteration 23
time: 0.007166s
Iteration 24
time: 0.007205s
0: Starting numprocs=8 N=1000, M=1000 impl=g-rabenseifner-subgroup-4
Iteration 0
6: Starting numprocs=8 N=1000, M=1000 impl=g-rabenseifner-subgroup-4
7: Starting numprocs=8 N=1000, M=1000 impl=g-rabenseifner-subgroup-4
5: Starting numprocs=8 N=1000, M=1000 impl=g-rabenseifner-subgroup-4
4: Starting numprocs=8 N=1000, M=1000 impl=g-rabenseifner-subgroup-4
3: Starting numprocs=8 N=1000, M=1000 impl=g-rabenseifner-subgroup-4
1: Starting numprocs=8 N=1000, M=1000 impl=g-rabenseifner-subgroup-4
2: Starting numprocs=8 N=1000, M=1000 impl=g-rabenseifner-subgroup-4
time: 0.016708s
Iteration 1
time: 0.006985s
Iteration 2
time: 0.006895s
Iteration 3
time: 0.006893s
Iteration 4
time: 0.006919s
Iteration 5
time: 0.007286s
Iteration 6
time: 0.006948s
Iteration 7
time: 0.006949s
Iteration 8
time: 0.007017s
Iteration 9
time: 0.006981s
Iteration 10
time: 0.006994s
Iteration 11
time: 0.006959s
Iteration 12
time: 0.006990s
Iteration 13
time: 0.006990s
Iteration 14
time: 1.462536s
Iteration 15
time: 0.012166s
Iteration 16
time: 0.007564s
Iteration 17
time: 0.006907s
Iteration 18
time: 0.007006s
Iteration 19
time: 0.007493s
Iteration 20
time: 0.006961s
Iteration 21
time: 0.006989s
Iteration 22
time: 0.006998s
Iteration 23
time: 0.006984s
Iteration 24
time: 0.007016s
6: Starting numprocs=8 N=1000, M=1000 impl=g-rabenseifner-subgroup-8
7: Starting numprocs=8 N=1000, M=1000 impl=g-rabenseifner-subgroup-8
0: Starting numprocs=8 N=1000, M=1000 impl=g-rabenseifner-subgroup-8
Iteration 0
1: Starting numprocs=8 N=1000, M=1000 impl=g-rabenseifner-subgroup-8
4: Starting numprocs=8 N=1000, M=1000 impl=g-rabenseifner-subgroup-8
3: Starting numprocs=8 N=1000, M=1000 impl=g-rabenseifner-subgroup-8
5: Starting numprocs=8 N=1000, M=1000 impl=g-rabenseifner-subgroup-8
2: Starting numprocs=8 N=1000, M=1000 impl=g-rabenseifner-subgroup-8
time: 0.017727s
Iteration 1
time: 0.006804s
Iteration 2
time: 0.006844s
Iteration 3
time: 0.006833s
Iteration 4
time: 0.007836s
Iteration 5
time: 0.006900s
Iteration 6
time: 0.007092s
Iteration 7
time: 0.006825s
Iteration 8
time: 0.006773s
Iteration 9
time: 0.006807s
Iteration 10
time: 0.007205s
Iteration 11
time: 0.007585s
Iteration 12
time: 0.008045s
Iteration 13
time: 0.008488s
Iteration 14
time: 0.008973s
Iteration 15
time: 0.009803s
Iteration 16
time: 0.009989s
Iteration 17
time: 0.010481s
Iteration 18
time: 0.010934s
Iteration 19
time: 0.012153s
Iteration 20
time: 0.011917s
Iteration 21
time: 0.012786s
Iteration 22
time: 0.013154s
Iteration 23
time: 0.013658s
Iteration 24
time: 0.013990s
6: Starting numprocs=8 N=2000, M=2000 impl=allgather
7: Starting numprocs=8 N=2000, M=2000 impl=allgather
0: Starting numprocs=8 N=2000, M=2000 impl=allgather
Iteration 0
4: Starting numprocs=8 N=2000, M=2000 impl=allgather
5: Starting numprocs=8 N=2000, M=2000 impl=allgather
3: Starting numprocs=8 N=2000, M=2000 impl=allgather
1: Starting numprocs=8 N=2000, M=2000 impl=allgather
2: Starting numprocs=8 N=2000, M=2000 impl=allgather
time: 0.042385s
Iteration 1
time: 0.029071s
Iteration 2
time: 0.029764s
Iteration 3
time: 0.030400s
Iteration 4
time: 0.030286s
Iteration 5
time: 0.030886s
Iteration 6
time: 0.031435s
Iteration 7
time: 0.032419s
Iteration 8
time: 0.028565s
Iteration 9
time: 0.028522s
Iteration 10
time: 0.028987s
Iteration 11
time: 0.028602s
Iteration 12
time: 0.028926s
Iteration 13
time: 0.029291s
Iteration 14
time: 0.030017s
Iteration 15
time: 0.029711s
Iteration 16
time: 0.028865s
Iteration 17
time: 0.029283s
Iteration 18
time: 0.029900s
Iteration 19
time: 0.030482s
Iteration 20
time: 0.030848s
Iteration 21
time: 0.032010s
Iteration 22
time: 0.031878s
Iteration 23
time: 0.028539s
Iteration 24
time: 0.029077s
6: Starting numprocs=8 N=2000, M=2000 impl=allreduce
7: Starting numprocs=8 N=2000, M=2000 impl=allreduce
0: Starting numprocs=8 N=2000, M=2000 impl=allreduce
Iteration 0
1: Starting numprocs=8 N=2000, M=2000 impl=allreduce
4: Starting numprocs=8 N=2000, M=2000 impl=allreduce
3: Starting numprocs=8 N=2000, M=2000 impl=allreduce
5: Starting numprocs=8 N=2000, M=2000 impl=allreduce
2: Starting numprocs=8 N=2000, M=2000 impl=allreduce
time: 4.369961s
Iteration 1
time: 0.079635s
Iteration 2
time: 0.067921s
Iteration 3
time: 0.063601s
Iteration 4
time: 0.063772s
Iteration 5
time: 0.065243s
Iteration 6
time: 0.065528s
Iteration 7
time: 0.068563s
Iteration 8
time: 0.063384s
Iteration 9
time: 0.065898s
Iteration 10
time: 0.063600s
Iteration 11
time: 0.063734s
Iteration 12
time: 0.064482s
Iteration 13
time: 0.061668s
Iteration 14
time: 0.065849s
Iteration 15
time: 0.070065s
Iteration 16
time: 0.062789s
Iteration 17
time: 0.061809s
Iteration 18
time: 0.062066s
Iteration 19
time: 0.062875s
Iteration 20
time: 0.064805s
Iteration 21
time: 0.062491s
Iteration 22
time: 0.066883s
Iteration 23
time: 0.068478s
Iteration 24
time: 0.062852s
0: Starting numprocs=8 N=2000, M=2000 impl=allreduce-ring
Iteration 0
7: Starting numprocs=8 N=2000, M=2000 impl=allreduce-ring
6: Starting numprocs=8 N=2000, M=2000 impl=allreduce-ring
1: Starting numprocs=8 N=2000, M=2000 impl=allreduce-ring
5: Starting numprocs=8 N=2000, M=2000 impl=allreduce-ring
4: Starting numprocs=8 N=2000, M=2000 impl=allreduce-ring
3: Starting numprocs=8 N=2000, M=2000 impl=allreduce-ring
2: Starting numprocs=8 N=2000, M=2000 impl=allreduce-ring
time: 0.066690s
Iteration 1
time: 0.054782s
Iteration 2
time: 0.053804s
Iteration 3
time: 0.056255s
Iteration 4
time: 0.054943s
Iteration 5
time: 0.056669s
Iteration 6
time: 0.053913s
Iteration 7
time: 0.053993s
Iteration 8
time: 0.054077s
Iteration 9
time: 0.056315s
Iteration 10
time: 0.055377s
Iteration 11
time: 0.054464s
Iteration 12
time: 0.056799s
Iteration 13
time: 0.054656s
Iteration 14
time: 0.053632s
Iteration 15
time: 0.054593s
Iteration 16
time: 0.054022s
Iteration 17
time: 0.054809s
Iteration 18
time: 0.053561s
Iteration 19
time: 0.053847s
Iteration 20
time: 0.053888s
Iteration 21
time: 0.057420s
Iteration 22
time: 0.055174s
Iteration 23
time: 0.054277s
Iteration 24
time: 0.054387s
6: Starting numprocs=8 N=2000, M=2000 impl=g-rabenseifner-allgather
7: Starting numprocs=8 N=2000, M=2000 impl=g-rabenseifner-allgather
0: Starting numprocs=8 N=2000, M=2000 impl=g-rabenseifner-allgather
Iteration 0
1: Starting numprocs=8 N=2000, M=2000 impl=g-rabenseifner-allgather
4: Starting numprocs=8 N=2000, M=2000 impl=g-rabenseifner-allgather
5: Starting numprocs=8 N=2000, M=2000 impl=g-rabenseifner-allgather
3: Starting numprocs=8 N=2000, M=2000 impl=g-rabenseifner-allgather
2: Starting numprocs=8 N=2000, M=2000 impl=g-rabenseifner-allgather
time: 0.037255s
Iteration 1
time: 0.028520s
Iteration 2
time: 0.027524s
Iteration 3
time: 0.027662s
Iteration 4
time: 0.027662s
Iteration 5
time: 0.027394s
Iteration 6
time: 0.027971s
Iteration 7
time: 0.027430s
Iteration 8
time: 0.027726s
Iteration 9
time: 0.028010s
Iteration 10
time: 0.027611s
Iteration 11
time: 0.027549s
Iteration 12
time: 0.027759s
Iteration 13
time: 0.027437s
Iteration 14
time: 0.027445s
Iteration 15
time: 0.027790s
Iteration 16
time: 0.027667s
Iteration 17
time: 0.027592s
Iteration 18
time: 0.027456s
Iteration 19
time: 0.027350s
Iteration 20
time: 0.027403s
Iteration 21
time: 0.027504s
Iteration 22
time: 0.027467s
Iteration 23
time: 0.027392s
Iteration 24
time: 0.027478s
6: Starting numprocs=8 N=2000, M=2000 impl=g-rabenseifner-subgroup-2
0: Starting numprocs=8 N=2000, M=2000 impl=g-rabenseifner-subgroup-2
Iteration 0
1: Starting numprocs=8 N=2000, M=2000 impl=g-rabenseifner-subgroup-2
4: Starting numprocs=8 N=2000, M=2000 impl=g-rabenseifner-subgroup-2
7: Starting numprocs=8 N=2000, M=2000 impl=g-rabenseifner-subgroup-2
3: Starting numprocs=8 N=2000, M=2000 impl=g-rabenseifner-subgroup-2
5: Starting numprocs=8 N=2000, M=2000 impl=g-rabenseifner-subgroup-2
2: Starting numprocs=8 N=2000, M=2000 impl=g-rabenseifner-subgroup-2
time: 0.042274s
Iteration 1
time: 0.027752s
Iteration 2
time: 0.028162s
Iteration 3
time: 0.027942s
Iteration 4
time: 0.027561s
Iteration 5
time: 0.027674s
Iteration 6
time: 0.028097s
Iteration 7
time: 0.028198s
Iteration 8
time: 0.027856s
Iteration 9
time: 0.027966s
Iteration 10
time: 0.028075s
Iteration 11
time: 0.028018s
Iteration 12
time: 0.027713s
Iteration 13
time: 0.027845s
Iteration 14
time: 0.027988s
Iteration 15
time: 0.027895s
Iteration 16
time: 0.027845s
Iteration 17
time: 0.027893s
Iteration 18
time: 0.027778s
Iteration 19
time: 0.027831s
Iteration 20
time: 0.027666s
Iteration 21
time: 0.027738s
Iteration 22
time: 0.027850s
Iteration 23
time: 0.027834s
Iteration 24
time: 0.027655s
6: Starting numprocs=8 N=2000, M=2000 impl=g-rabenseifner-subgroup-4
7: Starting numprocs=8 N=2000, M=2000 impl=g-rabenseifner-subgroup-4
1: Starting numprocs=8 N=2000, M=2000 impl=g-rabenseifner-subgroup-4
3: Starting numprocs=8 N=2000, M=2000 impl=g-rabenseifner-subgroup-4
4: Starting numprocs=8 N=2000, M=2000 impl=g-rabenseifner-subgroup-4
0: Starting numprocs=8 N=2000, M=2000 impl=g-rabenseifner-subgroup-4
Iteration 0
5: Starting numprocs=8 N=2000, M=2000 impl=g-rabenseifner-subgroup-4
2: Starting numprocs=8 N=2000, M=2000 impl=g-rabenseifner-subgroup-4
time: 0.038259s
Iteration 1
time: 0.027613s
Iteration 2
time: 0.027593s
Iteration 3
time: 0.027488s
Iteration 4
time: 0.027493s
Iteration 5
time: 0.027466s
Iteration 6
time: 0.027384s
Iteration 7
time: 0.027606s
Iteration 8
time: 0.027412s
Iteration 9
time: 0.027881s
Iteration 10
time: 0.028027s
Iteration 11
time: 0.028133s
Iteration 12
time: 0.028065s
Iteration 13
time: 0.028023s
Iteration 14
time: 0.027909s
Iteration 15
time: 0.027766s
Iteration 16
time: 0.027754s
Iteration 17
time: 0.028019s
Iteration 18
time: 0.027920s
Iteration 19
time: 0.027992s
Iteration 20
time: 0.028143s
Iteration 21
time: 0.028064s
Iteration 22
time: 0.028385s
Iteration 23
time: 0.027755s
Iteration 24
time: 0.028172s
6: Starting numprocs=8 N=2000, M=2000 impl=g-rabenseifner-subgroup-8
5: Starting numprocs=8 N=2000, M=2000 impl=g-rabenseifner-subgroup-8
0: Starting numprocs=8 N=2000, M=2000 impl=g-rabenseifner-subgroup-8
Iteration 0
7: Starting numprocs=8 N=2000, M=2000 impl=g-rabenseifner-subgroup-8
4: Starting numprocs=8 N=2000, M=2000 impl=g-rabenseifner-subgroup-8
1: Starting numprocs=8 N=2000, M=2000 impl=g-rabenseifner-subgroup-8
3: Starting numprocs=8 N=2000, M=2000 impl=g-rabenseifner-subgroup-8
2: Starting numprocs=8 N=2000, M=2000 impl=g-rabenseifner-subgroup-8
time: 0.036487s
Iteration 1
time: 0.028035s
Iteration 2
time: 0.027834s
Iteration 3
time: 0.026988s
Iteration 4
time: 0.026847s
Iteration 5
time: 0.026961s
Iteration 6
time: 0.027519s
Iteration 7
time: 0.027478s
Iteration 8
time: 0.026552s
Iteration 9
time: 0.026464s
Iteration 10
time: 0.027185s
Iteration 11
time: 0.026641s
Iteration 12
time: 0.026450s
Iteration 13
time: 0.026485s
Iteration 14
time: 0.027030s
Iteration 15
time: 0.026499s
Iteration 16
time: 0.026407s
Iteration 17
time: 0.026871s
Iteration 18
time: 0.028238s
Iteration 19
time: 0.026937s
Iteration 20
time: 0.027452s
Iteration 21
time: 0.027071s
Iteration 22
time: 0.026831s
Iteration 23
time: 0.027023s
Iteration 24
time: 0.027021s
6: Starting numprocs=8 N=3000, M=3000 impl=allgather
7: Starting numprocs=8 N=3000, M=3000 impl=allgather
0: Starting numprocs=8 N=3000, M=3000 impl=allgather
Iteration 0
1: Starting numprocs=8 N=3000, M=3000 impl=allgather
4: Starting numprocs=8 N=3000, M=3000 impl=allgather
5: Starting numprocs=8 N=3000, M=3000 impl=allgather
3: Starting numprocs=8 N=3000, M=3000 impl=allgather
2: Starting numprocs=8 N=3000, M=3000 impl=allgather
time: 0.087548s
Iteration 1
time: 0.072597s
Iteration 2
time: 0.069430s
Iteration 3
time: 0.076464s
Iteration 4
time: 0.074978s
Iteration 5
time: 0.075324s
Iteration 6
time: 0.071168s
Iteration 7
time: 0.071156s
Iteration 8
time: 0.086420s
Iteration 9
time: 0.086107s
Iteration 10
time: 0.076423s
Iteration 11
time: 0.075337s
Iteration 12
time: 0.069865s
Iteration 13
time: 0.072622s
Iteration 14
time: 0.088465s
Iteration 15
time: 0.091600s
Iteration 16
time: 0.079737s
Iteration 17
time: 0.080086s
Iteration 18
time: 0.077785s
Iteration 19
time: 0.073473s
Iteration 20
time: 0.076589s
Iteration 21
time: 0.073967s
Iteration 22
time: 0.070059s
Iteration 23
time: 0.071161s
Iteration 24
time: 0.091831s
6: Starting numprocs=8 N=3000, M=3000 impl=allreduce
7: Starting numprocs=8 N=3000, M=3000 impl=allreduce
0: Starting numprocs=8 N=3000, M=3000 impl=allreduce
Iteration 0
5: Starting numprocs=8 N=3000, M=3000 impl=allreduce
1: Starting numprocs=8 N=3000, M=3000 impl=allreduce
3: Starting numprocs=8 N=3000, M=3000 impl=allreduce
4: Starting numprocs=8 N=3000, M=3000 impl=allreduce
2: Starting numprocs=8 N=3000, M=3000 impl=allreduce
time: 0.207925s
Iteration 1
time: 0.183568s
Iteration 2
time: 0.181477s
Iteration 3
time: 0.181888s
Iteration 4
time: 0.185592s
Iteration 5
time: 0.182777s
Iteration 6
time: 0.187871s
Iteration 7
time: 0.187990s
Iteration 8
time: 0.181783s
Iteration 9
time: 0.186976s
Iteration 10
time: 0.182518s
Iteration 11
time: 0.184881s
Iteration 12
time: 0.181260s
Iteration 13
time: 0.190239s
Iteration 14
time: 0.187264s
Iteration 15
time: 0.182391s
Iteration 16
time: 0.185358s
Iteration 17
time: 0.191046s
Iteration 18
time: 0.181957s
Iteration 19
time: 0.193514s
Iteration 20
time: 0.206676s
Iteration 21
time: 0.190425s
Iteration 22
time: 0.185029s
Iteration 23
time: 0.185505s
Iteration 24
time: 0.188715s
6: Starting numprocs=8 N=3000, M=3000 impl=allreduce-ring
7: Starting numprocs=8 N=3000, M=3000 impl=allreduce-ring
0: Starting numprocs=8 N=3000, M=3000 impl=allreduce-ring
Iteration 0
1: Starting numprocs=8 N=3000, M=3000 impl=allreduce-ring
3: Starting numprocs=8 N=3000, M=3000 impl=allreduce-ring
4: Starting numprocs=8 N=3000, M=3000 impl=allreduce-ring
5: Starting numprocs=8 N=3000, M=3000 impl=allreduce-ring
2: Starting numprocs=8 N=3000, M=3000 impl=allreduce-ring
time: 0.141617s
Iteration 1
time: 0.122832s
Iteration 2
time: 0.126146s
Iteration 3
time: 0.124882s
Iteration 4
time: 0.122099s
Iteration 5
time: 0.127024s
Iteration 6
time: 0.124113s
Iteration 7
time: 0.128103s
Iteration 8
time: 0.121395s
Iteration 9
time: 0.123035s
Iteration 10
time: 0.122283s
Iteration 11
time: 0.121753s
Iteration 12
time: 0.123858s
Iteration 13
time: 0.126728s
Iteration 14
time: 0.123744s
Iteration 15
time: 0.122793s
Iteration 16
time: 0.121680s
Iteration 17
time: 0.123184s
Iteration 18
time: 0.122616s
Iteration 19
time: 0.121013s
Iteration 20
time: 0.121066s
Iteration 21
time: 0.129018s
Iteration 22
time: 0.120550s
Iteration 23
time: 0.121887s
Iteration 24
time: 0.126437s
6: Starting numprocs=8 N=3000, M=3000 impl=g-rabenseifner-allgather
7: Starting numprocs=8 N=3000, M=3000 impl=g-rabenseifner-allgather
1: Starting numprocs=8 N=3000, M=3000 impl=g-rabenseifner-allgather
0: Starting numprocs=8 N=3000, M=3000 impl=g-rabenseifner-allgather
Iteration 0
4: Starting numprocs=8 N=3000, M=3000 impl=g-rabenseifner-allgather
3: Starting numprocs=8 N=3000, M=3000 impl=g-rabenseifner-allgather
5: Starting numprocs=8 N=3000, M=3000 impl=g-rabenseifner-allgather
2: Starting numprocs=8 N=3000, M=3000 impl=g-rabenseifner-allgather
time: 0.077652s
Iteration 1
time: 0.061575s
Iteration 2
time: 0.061375s
Iteration 3
time: 0.061757s
Iteration 4
time: 0.061974s
Iteration 5
time: 0.061290s
Iteration 6
time: 0.061263s
Iteration 7
time: 0.061276s
Iteration 8
time: 0.061530s
Iteration 9
time: 0.061607s
Iteration 10
time: 0.061524s
Iteration 11
time: 0.061194s
Iteration 12
time: 0.061339s
Iteration 13
time: 0.061651s
Iteration 14
time: 0.061435s
Iteration 15
time: 0.061840s
Iteration 16
time: 0.061381s
Iteration 17
time: 0.061385s
Iteration 18
time: 0.061318s
Iteration 19
time: 0.061296s
Iteration 20
time: 0.061501s
Iteration 21
time: 0.061396s
Iteration 22
time: 0.061607s
Iteration 23
time: 0.061220s
Iteration 24
time: 0.061497s
0: Starting numprocs=8 N=3000, M=3000 impl=g-rabenseifner-subgroup-2
Iteration 0
7: Starting numprocs=8 N=3000, M=3000 impl=g-rabenseifner-subgroup-2
6: Starting numprocs=8 N=3000, M=3000 impl=g-rabenseifner-subgroup-2
1: Starting numprocs=8 N=3000, M=3000 impl=g-rabenseifner-subgroup-2
4: Starting numprocs=8 N=3000, M=3000 impl=g-rabenseifner-subgroup-2
5: Starting numprocs=8 N=3000, M=3000 impl=g-rabenseifner-subgroup-2
3: Starting numprocs=8 N=3000, M=3000 impl=g-rabenseifner-subgroup-2
2: Starting numprocs=8 N=3000, M=3000 impl=g-rabenseifner-subgroup-2
time: 0.085969s
Iteration 1
time: 0.062233s
Iteration 2
time: 0.062457s
Iteration 3
time: 0.062559s
Iteration 4
time: 0.061876s
Iteration 5
time: 0.062122s
Iteration 6
time: 0.062420s
Iteration 7
time: 0.062510s
Iteration 8
time: 0.062721s
Iteration 9
time: 0.063116s
Iteration 10
time: 0.062395s
Iteration 11
time: 0.062202s
Iteration 12
time: 0.062430s
Iteration 13
time: 0.061819s
Iteration 14
time: 0.062274s
Iteration 15
time: 0.062050s
Iteration 16
time: 0.063140s
Iteration 17
time: 0.062895s
Iteration 18
time: 0.062281s
Iteration 19
time: 0.062393s
Iteration 20
time: 0.061930s
Iteration 21
time: 0.062086s
Iteration 22
time: 0.062536s
Iteration 23
time: 0.062065s
Iteration 24
time: 0.062257s
6: Starting numprocs=8 N=3000, M=3000 impl=g-rabenseifner-subgroup-4
7: Starting numprocs=8 N=3000, M=3000 impl=g-rabenseifner-subgroup-4
0: Starting numprocs=8 N=3000, M=3000 impl=g-rabenseifner-subgroup-4
Iteration 0
1: Starting numprocs=8 N=3000, M=3000 impl=g-rabenseifner-subgroup-4
5: Starting numprocs=8 N=3000, M=3000 impl=g-rabenseifner-subgroup-4
4: Starting numprocs=8 N=3000, M=3000 impl=g-rabenseifner-subgroup-4
3: Starting numprocs=8 N=3000, M=3000 impl=g-rabenseifner-subgroup-4
2: Starting numprocs=8 N=3000, M=3000 impl=g-rabenseifner-subgroup-4
time: 0.075430s
Iteration 1
time: 0.063459s
Iteration 2
time: 0.061902s
Iteration 3
time: 0.064039s
Iteration 4
time: 0.063197s
Iteration 5
time: 0.061963s
Iteration 6
time: 0.062380s
Iteration 7
time: 0.062935s
Iteration 8
time: 0.062156s
Iteration 9
time: 0.061746s
Iteration 10
time: 0.061399s
Iteration 11
time: 0.061739s
Iteration 12
time: 0.060528s
Iteration 13
time: 0.062173s
Iteration 14
time: 0.063167s
Iteration 15
time: 0.062734s
Iteration 16
time: 0.062331s
Iteration 17
time: 0.062616s
Iteration 18
time: 0.065921s
Iteration 19
time: 0.062440s
Iteration 20
time: 0.064364s
Iteration 21
time: 0.061563s
Iteration 22
time: 0.061231s
Iteration 23
time: 0.061293s
Iteration 24
time: 0.062223s
6: Starting numprocs=8 N=3000, M=3000 impl=g-rabenseifner-subgroup-8
0: Starting numprocs=8 N=3000, M=3000 impl=g-rabenseifner-subgroup-8
Iteration 0
7: Starting numprocs=8 N=3000, M=3000 impl=g-rabenseifner-subgroup-8
4: Starting numprocs=8 N=3000, M=3000 impl=g-rabenseifner-subgroup-8
3: Starting numprocs=8 N=3000, M=3000 impl=g-rabenseifner-subgroup-8
5: Starting numprocs=8 N=3000, M=3000 impl=g-rabenseifner-subgroup-8
1: Starting numprocs=8 N=3000, M=3000 impl=g-rabenseifner-subgroup-8
2: Starting numprocs=8 N=3000, M=3000 impl=g-rabenseifner-subgroup-8
time: 0.071430s
Iteration 1
time: 0.061440s
Iteration 2
time: 0.062399s
Iteration 3
time: 0.064624s
Iteration 4
time: 0.064351s
Iteration 5
time: 0.061718s
Iteration 6
time: 0.062951s
Iteration 7
time: 0.060738s
Iteration 8
time: 0.060957s
Iteration 9
time: 0.061192s
Iteration 10
time: 0.063984s
Iteration 11
time: 0.064027s
Iteration 12
time: 0.062439s
Iteration 13
time: 0.063482s
Iteration 14
time: 0.062849s
Iteration 15
time: 0.061999s
Iteration 16
time: 0.063203s
Iteration 17
time: 0.063764s
Iteration 18
time: 0.062745s
Iteration 19
time: 0.061116s
Iteration 20
time: 0.060991s
Iteration 21
time: 0.063488s
Iteration 22
time: 0.065444s
Iteration 23
time: 0.062982s
Iteration 24
time: 0.064043s
6: Starting numprocs=8 N=4000, M=4000 impl=allgather
0: Starting numprocs=8 N=4000, M=4000 impl=allgather
Iteration 0
7: Starting numprocs=8 N=4000, M=4000 impl=allgather
1: Starting numprocs=8 N=4000, M=4000 impl=allgather
5: Starting numprocs=8 N=4000, M=4000 impl=allgather
3: Starting numprocs=8 N=4000, M=4000 impl=allgather
4: Starting numprocs=8 N=4000, M=4000 impl=allgather
2: Starting numprocs=8 N=4000, M=4000 impl=allgather
time: 0.164153s
Iteration 1
time: 0.168782s
Iteration 2
time: 0.168577s
Iteration 3
time: 0.140614s
Iteration 4
time: 0.160320s
Iteration 5
time: 0.169603s
Iteration 6
time: 0.166769s
Iteration 7
time: 0.139776s
Iteration 8
time: 0.147662s
Iteration 9
time: 0.161848s
Iteration 10
time: 0.145332s
Iteration 11
time: 0.166083s
Iteration 12
time: 0.165690s
Iteration 13
time: 0.151465s
Iteration 14
time: 0.140055s
Iteration 15
time: 0.165695s
Iteration 16
time: 0.166880s
Iteration 17
time: 0.158216s
Iteration 18
time: 0.139614s
Iteration 19
time: 0.162156s
Iteration 20
time: 0.155081s
Iteration 21
time: 0.143207s
Iteration 22
time: 0.144629s
Iteration 23
time: 0.155815s
Iteration 24
time: 0.141167s
6: Starting numprocs=8 N=4000, M=4000 impl=allreduce
7: Starting numprocs=8 N=4000, M=4000 impl=allreduce
0: Starting numprocs=8 N=4000, M=4000 impl=allreduce
Iteration 0
4: Starting numprocs=8 N=4000, M=4000 impl=allreduce
5: Starting numprocs=8 N=4000, M=4000 impl=allreduce
1: Starting numprocs=8 N=4000, M=4000 impl=allreduce
3: Starting numprocs=8 N=4000, M=4000 impl=allreduce
2: Starting numprocs=8 N=4000, M=4000 impl=allreduce
time: 0.368704s
Iteration 1
time: 0.330990s
Iteration 2
time: 0.336185s
Iteration 3
time: 0.326250s
Iteration 4
time: 0.327607s
Iteration 5
time: 0.329481s
Iteration 6
time: 0.340384s
Iteration 7
time: 0.325019s
Iteration 8
time: 0.324440s
Iteration 9
time: 0.327751s
Iteration 10
time: 0.329396s
Iteration 11
time: 0.329054s
Iteration 12
time: 0.329446s
Iteration 13
time: 0.332464s
Iteration 14
time: 0.322452s
Iteration 15
time: 0.324418s
Iteration 16
time: 0.330459s
Iteration 17
time: 0.325678s
Iteration 18
time: 0.331075s
Iteration 19
time: 0.328140s
Iteration 20
time: 0.325779s
Iteration 21
time: 0.332121s
Iteration 22
time: 0.336316s
Iteration 23
time: 0.322121s
Iteration 24
time: 0.331632s
6: Starting numprocs=8 N=4000, M=4000 impl=allreduce-ring
1: Starting numprocs=8 N=4000, M=4000 impl=allreduce-ring
7: Starting numprocs=8 N=4000, M=4000 impl=allreduce-ring
0: Starting numprocs=8 N=4000, M=4000 impl=allreduce-ring
Iteration 0
4: Starting numprocs=8 N=4000, M=4000 impl=allreduce-ring
5: Starting numprocs=8 N=4000, M=4000 impl=allreduce-ring
3: Starting numprocs=8 N=4000, M=4000 impl=allreduce-ring
2: Starting numprocs=8 N=4000, M=4000 impl=allreduce-ring
time: 0.242283s
Iteration 1
time: 0.220597s
Iteration 2
time: 0.223300s
Iteration 3
time: 0.219929s
Iteration 4
time: 0.218197s
Iteration 5
time: 0.218823s
Iteration 6
time: 0.230827s
Iteration 7
time: 0.220479s
Iteration 8
time: 0.221557s
Iteration 9
time: 0.221400s
Iteration 10
time: 0.219804s
Iteration 11
time: 0.225704s
Iteration 12
time: 0.220218s
Iteration 13
time: 0.220495s
Iteration 14
time: 0.224282s
Iteration 15
time: 0.219721s
Iteration 16
time: 0.221249s
Iteration 17
time: 0.221737s
Iteration 18
time: 0.227042s
Iteration 19
time: 0.220777s
Iteration 20
time: 0.220921s
Iteration 21
time: 0.219702s
Iteration 22
time: 0.222491s
Iteration 23
time: 0.218815s
Iteration 24
time: 0.229508s
0: Starting numprocs=8 N=4000, M=4000 impl=g-rabenseifner-allgather
Iteration 0
6: Starting numprocs=8 N=4000, M=4000 impl=g-rabenseifner-allgather
5: Starting numprocs=8 N=4000, M=4000 impl=g-rabenseifner-allgather
7: Starting numprocs=8 N=4000, M=4000 impl=g-rabenseifner-allgather
4: Starting numprocs=8 N=4000, M=4000 impl=g-rabenseifner-allgather
1: Starting numprocs=8 N=4000, M=4000 impl=g-rabenseifner-allgather
3: Starting numprocs=8 N=4000, M=4000 impl=g-rabenseifner-allgather
2: Starting numprocs=8 N=4000, M=4000 impl=g-rabenseifner-allgather
time: 0.134878s
Iteration 1
time: 0.109306s
Iteration 2
time: 0.122474s
Iteration 3
time: 0.108922s
Iteration 4
time: 0.109051s
Iteration 5
time: 0.109028s
Iteration 6
time: 0.108768s
Iteration 7
time: 0.108731s
Iteration 8
time: 0.109202s
Iteration 9
time: 0.109577s
Iteration 10
time: 0.109754s
Iteration 11
time: 0.108977s
Iteration 12
time: 0.109146s
Iteration 13
time: 0.108776s
Iteration 14
time: 0.108829s
Iteration 15
time: 1.771722s
Iteration 16
time: 0.109267s
Iteration 17
time: 0.108923s
Iteration 18
time: 0.108975s
Iteration 19
time: 0.112010s
Iteration 20
time: 0.108797s
Iteration 21
time: 0.109460s
Iteration 22
time: 0.109027s
Iteration 23
time: 0.109176s
Iteration 24
time: 0.109107s
0: Starting numprocs=8 N=4000, M=4000 impl=g-rabenseifner-subgroup-2
Iteration 0
6: Starting numprocs=8 N=4000, M=4000 impl=g-rabenseifner-subgroup-2
7: Starting numprocs=8 N=4000, M=4000 impl=g-rabenseifner-subgroup-2
5: Starting numprocs=8 N=4000, M=4000 impl=g-rabenseifner-subgroup-2
1: Starting numprocs=8 N=4000, M=4000 impl=g-rabenseifner-subgroup-2
3: Starting numprocs=8 N=4000, M=4000 impl=g-rabenseifner-subgroup-2
4: Starting numprocs=8 N=4000, M=4000 impl=g-rabenseifner-subgroup-2
2: Starting numprocs=8 N=4000, M=4000 impl=g-rabenseifner-subgroup-2
time: 0.139723s
Iteration 1
time: 0.111952s
Iteration 2
time: 0.109867s
Iteration 3
time: 0.109801s
Iteration 4
time: 0.110965s
Iteration 5
time: 0.110084s
Iteration 6
time: 0.110930s
Iteration 7
time: 0.110722s
Iteration 8
time: 0.112060s
Iteration 9
time: 0.111230s
Iteration 10
time: 0.109876s
Iteration 11
time: 0.110169s
Iteration 12
time: 0.111153s
Iteration 13
time: 0.110582s
Iteration 14
time: 0.110375s
Iteration 15
time: 0.110201s
Iteration 16
time: 0.111096s
Iteration 17
time: 0.110276s
Iteration 18
time: 0.111452s
Iteration 19
time: 2.222028s
Iteration 20
time: 0.111168s
Iteration 21
time: 0.110757s
Iteration 22
time: 0.111706s
Iteration 23
time: 0.111100s
Iteration 24
time: 0.111125s
6: Starting numprocs=8 N=4000, M=4000 impl=g-rabenseifner-subgroup-4
0: Starting numprocs=8 N=4000, M=4000 impl=g-rabenseifner-subgroup-4
Iteration 0
1: Starting numprocs=8 N=4000, M=4000 impl=g-rabenseifner-subgroup-4
4: Starting numprocs=8 N=4000, M=4000 impl=g-rabenseifner-subgroup-4
7: Starting numprocs=8 N=4000, M=4000 impl=g-rabenseifner-subgroup-4
3: Starting numprocs=8 N=4000, M=4000 impl=g-rabenseifner-subgroup-4
5: Starting numprocs=8 N=4000, M=4000 impl=g-rabenseifner-subgroup-4
2: Starting numprocs=8 N=4000, M=4000 impl=g-rabenseifner-subgroup-4
time: 0.127500s
Iteration 1
time: 0.113530s
Iteration 2
time: 0.113799s
Iteration 3
time: 0.112880s
Iteration 4
time: 0.111859s
Iteration 5
time: 0.113358s
Iteration 6
time: 0.112681s
Iteration 7
time: 0.111645s
Iteration 8
time: 0.112617s
Iteration 9
time: 0.112734s
Iteration 10
time: 0.110935s
Iteration 11
time: 0.113470s
Iteration 12
time: 0.111887s
Iteration 13
time: 0.113073s
Iteration 14
time: 0.111042s
Iteration 15
time: 0.110872s
Iteration 16
time: 0.111928s
Iteration 17
time: 0.112615s
Iteration 18
time: 0.111612s
Iteration 19
time: 0.110275s
Iteration 20
time: 0.111917s
Iteration 21
time: 0.112679s
Iteration 22
time: 0.112259s
Iteration 23
time: 0.111625s
Iteration 24
time: 0.109583s
0: Starting numprocs=8 N=4000, M=4000 impl=g-rabenseifner-subgroup-8
Iteration 0
1: Starting numprocs=8 N=4000, M=4000 impl=g-rabenseifner-subgroup-8
4: Starting numprocs=8 N=4000, M=4000 impl=g-rabenseifner-subgroup-8
5: Starting numprocs=8 N=4000, M=4000 impl=g-rabenseifner-subgroup-8
6: Starting numprocs=8 N=4000, M=4000 impl=g-rabenseifner-subgroup-8
7: Starting numprocs=8 N=4000, M=4000 impl=g-rabenseifner-subgroup-8
3: Starting numprocs=8 N=4000, M=4000 impl=g-rabenseifner-subgroup-8
2: Starting numprocs=8 N=4000, M=4000 impl=g-rabenseifner-subgroup-8
time: 0.121592s
Iteration 1
time: 0.109083s
Iteration 2
time: 0.111533s
Iteration 3
time: 0.112689s
Iteration 4
time: 0.112704s
Iteration 5
time: 0.111644s
Iteration 6
time: 0.109010s
Iteration 7
time: 0.109090s
Iteration 8
time: 0.111940s
Iteration 9
time: 0.109539s
Iteration 10
time: 0.110642s
Iteration 11
time: 0.108896s
Iteration 12
time: 0.112951s
Iteration 13
time: 0.110975s
Iteration 14
time: 0.111773s
Iteration 15
time: 0.112161s
Iteration 16
time: 0.113757s
Iteration 17
time: 0.109621s
Iteration 18
time: 0.112220s
Iteration 19
time: 0.110635s
Iteration 20
time: 0.110148s
Iteration 21
time: 0.112875s
Iteration 22
time: 0.110598s
Iteration 23
time: 0.109236s
Iteration 24
time: 0.113309s
0: Starting numprocs=8 N=5000, M=5000 impl=allgather
Iteration 0
7: Starting numprocs=8 N=5000, M=5000 impl=allgather
1: Starting numprocs=8 N=5000, M=5000 impl=allgather
4: Starting numprocs=8 N=5000, M=5000 impl=allgather
6: Starting numprocs=8 N=5000, M=5000 impl=allgather
5: Starting numprocs=8 N=5000, M=5000 impl=allgather
3: Starting numprocs=8 N=5000, M=5000 impl=allgather
2: Starting numprocs=8 N=5000, M=5000 impl=allgather
time: 0.246861s
Iteration 1
time: 0.269520s
Iteration 2
time: 0.229108s
Iteration 3
time: 0.264310s
Iteration 4
time: 0.261818s
Iteration 5
time: 0.230710s
Iteration 6
time: 0.250429s
Iteration 7
time: 0.260277s
Iteration 8
time: 0.255279s
Iteration 9
time: 0.230822s
Iteration 10
time: 0.259988s
Iteration 11
time: 0.248813s
Iteration 12
time: 0.242181s
Iteration 13
time: 0.245531s
Iteration 14
time: 0.244674s
Iteration 15
time: 0.236730s
Iteration 16
time: 0.262347s
Iteration 17
time: 0.236333s
Iteration 18
time: 0.271193s
Iteration 19
time: 0.250610s
Iteration 20
time: 0.237421s
Iteration 21
time: 0.270094s
Iteration 22
time: 0.239369s
Iteration 23
time: 0.269045s
Iteration 24
time: 0.241675s
0: Starting numprocs=8 N=5000, M=5000 impl=allreduce
Iteration 0
7: Starting numprocs=8 N=5000, M=5000 impl=allreduce
6: Starting numprocs=8 N=5000, M=5000 impl=allreduce
4: Starting numprocs=8 N=5000, M=5000 impl=allreduce
1: Starting numprocs=8 N=5000, M=5000 impl=allreduce
3: Starting numprocs=8 N=5000, M=5000 impl=allreduce
5: Starting numprocs=8 N=5000, M=5000 impl=allreduce
2: Starting numprocs=8 N=5000, M=5000 impl=allreduce
time: 0.594571s
Iteration 1
time: 0.538631s
Iteration 2
time: 0.512572s
Iteration 3
time: 0.508324s
Iteration 4
time: 0.513430s
Iteration 5
time: 0.515819s
Iteration 6
time: 0.519222s
Iteration 7
time: 0.516432s
Iteration 8
time: 0.520818s
Iteration 9
time: 0.626760s
Iteration 10
time: 0.510086s
Iteration 11
time: 0.526083s
Iteration 12
time: 0.504724s
Iteration 13
time: 0.505435s
Iteration 14
time: 0.518949s
Iteration 15
time: 0.508126s
Iteration 16
time: 0.512271s
Iteration 17
time: 0.510021s
Iteration 18
time: 0.519056s
Iteration 19
time: 0.510890s
Iteration 20
time: 0.514260s
Iteration 21
time: 0.503932s
Iteration 22
time: 2.676806s
Iteration 23
time: 0.507900s
Iteration 24
time: 0.514512s
0: Starting numprocs=8 N=5000, M=5000 impl=allreduce-ring
Iteration 0
6: Starting numprocs=8 N=5000, M=5000 impl=allreduce-ring
1: Starting numprocs=8 N=5000, M=5000 impl=allreduce-ring
5: Starting numprocs=8 N=5000, M=5000 impl=allreduce-ring
7: Starting numprocs=8 N=5000, M=5000 impl=allreduce-ring
4: Starting numprocs=8 N=5000, M=5000 impl=allreduce-ring
3: Starting numprocs=8 N=5000, M=5000 impl=allreduce-ring
2: Starting numprocs=8 N=5000, M=5000 impl=allreduce-ring
time: 0.396352s
Iteration 1
time: 0.348411s
Iteration 2
time: 0.344441s
Iteration 3
time: 0.346017s
Iteration 4
time: 0.360154s
Iteration 5
time: 0.346794s
Iteration 6
time: 0.356620s
Iteration 7
time: 0.345256s
Iteration 8
time: 0.344994s
Iteration 9
time: 0.346364s
Iteration 10
time: 0.349645s
Iteration 11
time: 0.347707s
Iteration 12
time: 0.354253s
Iteration 13
time: 0.351246s
Iteration 14
time: 0.347865s
Iteration 15
time: 0.349286s
Iteration 16
time: 0.343454s
Iteration 17
time: 0.344928s
Iteration 18
time: 2.487025s
Iteration 19
time: 0.348239s
Iteration 20
time: 0.354337s
Iteration 21
time: 0.346778s
Iteration 22
time: 0.351558s
Iteration 23
time: 0.352211s
Iteration 24
time: 0.359170s
0: Starting numprocs=8 N=5000, M=5000 impl=g-rabenseifner-allgather
Iteration 0
6: Starting numprocs=8 N=5000, M=5000 impl=g-rabenseifner-allgather
7: Starting numprocs=8 N=5000, M=5000 impl=g-rabenseifner-allgather
4: Starting numprocs=8 N=5000, M=5000 impl=g-rabenseifner-allgather
1: Starting numprocs=8 N=5000, M=5000 impl=g-rabenseifner-allgather
3: Starting numprocs=8 N=5000, M=5000 impl=g-rabenseifner-allgather
5: Starting numprocs=8 N=5000, M=5000 impl=g-rabenseifner-allgather
2: Starting numprocs=8 N=5000, M=5000 impl=g-rabenseifner-allgather
time: 0.196941s
Iteration 1
time: 0.171022s
Iteration 2
time: 0.170254s
Iteration 3
time: 0.169972s
Iteration 4
time: 0.169889s
Iteration 5
time: 0.183043s
Iteration 6
time: 0.170447s
Iteration 7
time: 0.170080s
Iteration 8
time: 0.169818s
Iteration 9
time: 0.170097s
Iteration 10
time: 0.170235s
Iteration 11
time: 0.170967s
Iteration 12
time: 0.170332s
Iteration 13
time: 0.171451s
Iteration 14
time: 0.170243s
Iteration 15
time: 0.170193s
Iteration 16
time: 1.314102s
Iteration 17
time: 0.170469s
Iteration 18
time: 0.170816s
Iteration 19
time: 0.170128s
Iteration 20
time: 0.169793s
Iteration 21
time: 1.364908s
Iteration 22
time: 0.170197s
Iteration 23
time: 0.169867s
Iteration 24
time: 2.340192s
6: Starting numprocs=8 N=5000, M=5000 impl=g-rabenseifner-subgroup-2
0: Starting numprocs=8 N=5000, M=5000 impl=g-rabenseifner-subgroup-2
Iteration 0
1: Starting numprocs=8 N=5000, M=5000 impl=g-rabenseifner-subgroup-2
7: Starting numprocs=8 N=5000, M=5000 impl=g-rabenseifner-subgroup-2
4: Starting numprocs=8 N=5000, M=5000 impl=g-rabenseifner-subgroup-2
3: Starting numprocs=8 N=5000, M=5000 impl=g-rabenseifner-subgroup-2
5: Starting numprocs=8 N=5000, M=5000 impl=g-rabenseifner-subgroup-2
2: Starting numprocs=8 N=5000, M=5000 impl=g-rabenseifner-subgroup-2
time: 0.206689s
Iteration 1
time: 0.173708s
Iteration 2
time: 0.173460s
Iteration 3
time: 0.173401s
Iteration 4
time: 0.171611s
Iteration 5
time: 0.173731s
Iteration 6
time: 1.856934s
Iteration 7
time: 0.173386s
Iteration 8
time: 0.173516s
Iteration 9
time: 0.171521s
Iteration 10
time: 0.172415s
Iteration 11
time: 0.174353s
Iteration 12
time: 0.173083s
Iteration 13
time: 0.172976s
Iteration 14
time: 0.172692s
Iteration 15
time: 0.173125s
Iteration 16
time: 0.172095s
Iteration 17
time: 0.172458s
Iteration 18
time: 0.173056s
Iteration 19
time: 0.172138s
Iteration 20
time: 0.173384s
Iteration 21
time: 0.173417s
Iteration 22
time: 0.172165s
Iteration 23
time: 0.173120s
Iteration 24
time: 0.173845s
0: Starting numprocs=8 N=5000, M=5000 impl=g-rabenseifner-subgroup-4
Iteration 0
6: Starting numprocs=8 N=5000, M=5000 impl=g-rabenseifner-subgroup-4
1: Starting numprocs=8 N=5000, M=5000 impl=g-rabenseifner-subgroup-4
7: Starting numprocs=8 N=5000, M=5000 impl=g-rabenseifner-subgroup-4
4: Starting numprocs=8 N=5000, M=5000 impl=g-rabenseifner-subgroup-4
5: Starting numprocs=8 N=5000, M=5000 impl=g-rabenseifner-subgroup-4
3: Starting numprocs=8 N=5000, M=5000 impl=g-rabenseifner-subgroup-4
2: Starting numprocs=8 N=5000, M=5000 impl=g-rabenseifner-subgroup-4
time: 0.196527s
Iteration 1
time: 0.174105s
Iteration 2
time: 0.175089s
Iteration 3
time: 0.175000s
Iteration 4
time: 0.175243s
Iteration 5
time: 0.174431s
Iteration 6
time: 0.178027s
Iteration 7
time: 0.175752s
Iteration 8
time: 0.178194s
Iteration 9
time: 0.176413s
Iteration 10
time: 0.175383s
Iteration 11
time: 0.176344s
Iteration 12
time: 0.175260s
Iteration 13
time: 0.178204s
Iteration 14
time: 0.177131s
Iteration 15
time: 0.178292s
Iteration 16
time: 0.173929s
Iteration 17
time: 0.201532s
Iteration 18
time: 0.176804s
Iteration 19
time: 0.175309s
Iteration 20
time: 0.177574s
Iteration 21
time: 0.174301s
Iteration 22
time: 0.176448s
Iteration 23
time: 0.178879s
Iteration 24
time: 0.172923s
0: Starting numprocs=8 N=5000, M=5000 impl=g-rabenseifner-subgroup-8
Iteration 0
6: Starting numprocs=8 N=5000, M=5000 impl=g-rabenseifner-subgroup-8
1: Starting numprocs=8 N=5000, M=5000 impl=g-rabenseifner-subgroup-8
4: Starting numprocs=8 N=5000, M=5000 impl=g-rabenseifner-subgroup-8
7: Starting numprocs=8 N=5000, M=5000 impl=g-rabenseifner-subgroup-8
5: Starting numprocs=8 N=5000, M=5000 impl=g-rabenseifner-subgroup-8
3: Starting numprocs=8 N=5000, M=5000 impl=g-rabenseifner-subgroup-8
2: Starting numprocs=8 N=5000, M=5000 impl=g-rabenseifner-subgroup-8
time: 0.185220s
Iteration 1
time: 0.178575s
Iteration 2
time: 0.175036s
Iteration 3
time: 0.178291s
Iteration 4
time: 0.177554s
Iteration 5
time: 0.177565s
Iteration 6
time: 0.176336s
Iteration 7
time: 0.180145s
Iteration 8
time: 0.178792s
Iteration 9
time: 0.176481s
Iteration 10
time: 0.177972s
Iteration 11
time: 0.173289s
Iteration 12
time: 0.176460s
Iteration 13
time: 0.181007s
Iteration 14
time: 0.176495s
Iteration 15
time: 0.179088s
Iteration 16
time: 0.179713s
Iteration 17
time: 0.177194s
Iteration 18
time: 0.177179s
Iteration 19
time: 0.176899s
Iteration 20
time: 0.176270s
Iteration 21
time: 0.177936s
Iteration 22
time: 0.175953s
Iteration 23
time: 0.177351s
Iteration 24
time: 0.179644s
0: Starting numprocs=8 N=6000, M=6000 impl=allgather
Iteration 0
6: Starting numprocs=8 N=6000, M=6000 impl=allgather
4: Starting numprocs=8 N=6000, M=6000 impl=allgather
7: Starting numprocs=8 N=6000, M=6000 impl=allgather
1: Starting numprocs=8 N=6000, M=6000 impl=allgather
5: Starting numprocs=8 N=6000, M=6000 impl=allgather
3: Starting numprocs=8 N=6000, M=6000 impl=allgather
2: Starting numprocs=8 N=6000, M=6000 impl=allgather
time: 0.370401s
Iteration 1
time: 0.353846s
Iteration 2
time: 0.399036s
Iteration 3
time: 0.358793s
Iteration 4
time: 0.389062s
Iteration 5
time: 0.370866s
Iteration 6
time: 0.354023s
Iteration 7
time: 0.391396s
Iteration 8
time: 0.347030s
Iteration 9
time: 0.388821s
Iteration 10
time: 0.345789s
Iteration 11
time: 0.366858s
Iteration 12
time: 0.378700s
Iteration 13
time: 0.347452s
Iteration 14
time: 0.383263s
Iteration 15
time: 0.350454s
Iteration 16
time: 0.353324s
Iteration 17
time: 0.348503s
Iteration 18
time: 0.380756s
Iteration 19
time: 0.365728s
Iteration 20
time: 0.377622s
Iteration 21
time: 0.367660s
Iteration 22
time: 0.376391s
Iteration 23
time: 0.379030s
Iteration 24
time: 0.354443s
0: Starting numprocs=8 N=6000, M=6000 impl=allreduce
Iteration 0
6: Starting numprocs=8 N=6000, M=6000 impl=allreduce
5: Starting numprocs=8 N=6000, M=6000 impl=allreduce
7: Starting numprocs=8 N=6000, M=6000 impl=allreduce
4: Starting numprocs=8 N=6000, M=6000 impl=allreduce
1: Starting numprocs=8 N=6000, M=6000 impl=allreduce
3: Starting numprocs=8 N=6000, M=6000 impl=allreduce
2: Starting numprocs=8 N=6000, M=6000 impl=allreduce
time: 0.827143s
Iteration 1
time: 0.738225s
Iteration 2
time: 0.739086s
Iteration 3
time: 0.753498s
Iteration 4
time: 0.750570s
Iteration 5
time: 0.743057s
Iteration 6
time: 0.753563s
Iteration 7
time: 0.740272s
Iteration 8
time: 2.743717s
Iteration 9
time: 0.727319s
Iteration 10
time: 0.732740s
Iteration 11
time: 0.776311s
Iteration 12
time: 0.737238s
Iteration 13
time: 0.732206s
Iteration 14
time: 0.906683s
Iteration 15
time: 0.737059s
Iteration 16
time: 0.736360s
Iteration 17
time: 2.354270s
Iteration 18
time: 0.729491s
Iteration 19
time: 0.736788s
Iteration 20
time: 0.874532s
Iteration 21
time: 0.734551s
Iteration 22
time: 0.733788s
Iteration 23
time: 8.983376s
Iteration 24
time: 0.733270s
6: Starting numprocs=8 N=6000, M=6000 impl=allreduce-ring
0: Starting numprocs=8 N=6000, M=6000 impl=allreduce-ring
Iteration 0
7: Starting numprocs=8 N=6000, M=6000 impl=allreduce-ring
1: Starting numprocs=8 N=6000, M=6000 impl=allreduce-ring
5: Starting numprocs=8 N=6000, M=6000 impl=allreduce-ring
4: Starting numprocs=8 N=6000, M=6000 impl=allreduce-ring
3: Starting numprocs=8 N=6000, M=6000 impl=allreduce-ring
2: Starting numprocs=8 N=6000, M=6000 impl=allreduce-ring
time: 8.860062s
Iteration 1
time: 0.578970s
Iteration 2
time: 0.592190s
Iteration 3
time: 2.201522s
Iteration 4
time: 0.583405s
Iteration 5
time: 0.576701s
Iteration 6
time: 0.578646s
Iteration 7
time: 0.583071s
Iteration 8
time: 0.584164s
Iteration 9
time: 0.593017s
Iteration 10
time: 0.580957s
Iteration 11
time: 4.352606s
Iteration 12
time: 0.581560s
Iteration 13
time: 0.583204s
Iteration 14
time: 14.660024s
Iteration 15
time: 0.593036s
Iteration 16
time: 0.581577s
Iteration 17
time: 0.591417s
Iteration 18
time: 7.083788s
Iteration 19
time: 0.581273s
Iteration 20
time: 0.580182s
Iteration 21
time: 2.759980s
Iteration 22
time: 0.588713s
Iteration 23
time: 0.578826s
Iteration 24
time: 0.587280s
6: Starting numprocs=8 N=6000, M=6000 impl=g-rabenseifner-allgather
0: Starting numprocs=8 N=6000, M=6000 impl=g-rabenseifner-allgather
Iteration 0
7: Starting numprocs=8 N=6000, M=6000 impl=g-rabenseifner-allgather
1: Starting numprocs=8 N=6000, M=6000 impl=g-rabenseifner-allgather
5: Starting numprocs=8 N=6000, M=6000 impl=g-rabenseifner-allgather
4: Starting numprocs=8 N=6000, M=6000 impl=g-rabenseifner-allgather
3: Starting numprocs=8 N=6000, M=6000 impl=g-rabenseifner-allgather
2: Starting numprocs=8 N=6000, M=6000 impl=g-rabenseifner-allgather
time: 0.286538s
Iteration 1
time: 0.244584s
Iteration 2
time: 0.244658s
Iteration 3
time: 0.268580s
Iteration 4
time: 0.245531s
Iteration 5
time: 0.244328s
Iteration 6
time: 0.244580s
Iteration 7
time: 0.245960s
Iteration 8
time: 0.245293s
Iteration 9
time: 0.246256s
Iteration 10
time: 1.924483s
Iteration 11
time: 0.245195s
Iteration 12
time: 2.367831s
Iteration 13
time: 0.246766s
Iteration 14
time: 0.244812s
Iteration 15
time: 0.245626s
Iteration 16
time: 0.245787s
Iteration 17
time: 0.245451s
Iteration 18
time: 2.419477s
Iteration 19
time: 0.245528s
Iteration 20
time: 0.245717s
Iteration 21
time: 0.245204s
Iteration 22
time: 0.244505s
Iteration 23
time: 0.245532s
Iteration 24
time: 0.246941s
0: Starting numprocs=8 N=6000, M=6000 impl=g-rabenseifner-subgroup-2
Iteration 0
6: Starting numprocs=8 N=6000, M=6000 impl=g-rabenseifner-subgroup-2
4: Starting numprocs=8 N=6000, M=6000 impl=g-rabenseifner-subgroup-2
1: Starting numprocs=8 N=6000, M=6000 impl=g-rabenseifner-subgroup-2
7: Starting numprocs=8 N=6000, M=6000 impl=g-rabenseifner-subgroup-2
3: Starting numprocs=8 N=6000, M=6000 impl=g-rabenseifner-subgroup-2
5: Starting numprocs=8 N=6000, M=6000 impl=g-rabenseifner-subgroup-2
2: Starting numprocs=8 N=6000, M=6000 impl=g-rabenseifner-subgroup-2
time: 1.384327s
Iteration 1
time: 0.250887s
Iteration 2
time: 0.249203s
Iteration 3
time: 0.250618s
Iteration 4
time: 8.778349s
Iteration 5
time: 0.251072s
Iteration 6
time: 0.270534s
Iteration 7
time: 0.249577s
Iteration 8
time: 0.249448s
Iteration 9
time: 0.252355s
Iteration 10
time: 0.250669s
Iteration 11
time: 0.249511s
Iteration 12
time: 0.260889s
Iteration 13
time: 0.250531s
Iteration 14
time: 0.249812s
Iteration 15
time: 0.247826s
Iteration 16
time: 0.250639s
Iteration 17
time: 0.251106s
Iteration 18
time: 0.249437s
Iteration 19
time: 0.259175s
Iteration 20
time: 3.834895s
Iteration 21
time: 0.247727s
Iteration 22
time: 0.249573s
Iteration 23
time: 0.252728s
Iteration 24
time: 0.251025s
0: Starting numprocs=8 N=6000, M=6000 impl=g-rabenseifner-subgroup-4
Iteration 0
7: Starting numprocs=8 N=6000, M=6000 impl=g-rabenseifner-subgroup-4
6: Starting numprocs=8 N=6000, M=6000 impl=g-rabenseifner-subgroup-4
4: Starting numprocs=8 N=6000, M=6000 impl=g-rabenseifner-subgroup-4
3: Starting numprocs=8 N=6000, M=6000 impl=g-rabenseifner-subgroup-4
1: Starting numprocs=8 N=6000, M=6000 impl=g-rabenseifner-subgroup-4
5: Starting numprocs=8 N=6000, M=6000 impl=g-rabenseifner-subgroup-4
2: Starting numprocs=8 N=6000, M=6000 impl=g-rabenseifner-subgroup-4
time: 0.273456s
Iteration 1
time: 0.247795s
Iteration 2
time: 0.251268s
Iteration 3
time: 0.260216s
Iteration 4
time: 0.255821s
Iteration 5
time: 0.257083s
Iteration 6
time: 0.256718s
Iteration 7
time: 0.255276s
Iteration 8
time: 0.257296s
Iteration 9
time: 0.252473s
Iteration 10
time: 0.253320s
Iteration 11
time: 0.249829s
Iteration 12
time: 0.249955s
Iteration 13
time: 0.251811s
Iteration 14
time: 0.254934s
Iteration 15
time: 0.252067s
Iteration 16
time: 0.256857s
Iteration 17
time: 0.258517s
Iteration 18
time: 0.258090s
Iteration 19
time: 0.254760s
Iteration 20
time: 0.255695s
Iteration 21
time: 0.257333s
Iteration 22
time: 0.252317s
Iteration 23
time: 0.249111s
Iteration 24
time: 0.251632s
0: Starting numprocs=8 N=6000, M=6000 impl=g-rabenseifner-subgroup-8
Iteration 0
6: Starting numprocs=8 N=6000, M=6000 impl=g-rabenseifner-subgroup-8
7: Starting numprocs=8 N=6000, M=6000 impl=g-rabenseifner-subgroup-8
1: Starting numprocs=8 N=6000, M=6000 impl=g-rabenseifner-subgroup-8
4: Starting numprocs=8 N=6000, M=6000 impl=g-rabenseifner-subgroup-8
5: Starting numprocs=8 N=6000, M=6000 impl=g-rabenseifner-subgroup-8
3: Starting numprocs=8 N=6000, M=6000 impl=g-rabenseifner-subgroup-8
2: Starting numprocs=8 N=6000, M=6000 impl=g-rabenseifner-subgroup-8
time: 0.271798s
Iteration 1
time: 0.252578s
Iteration 2
time: 0.255825s
Iteration 3
time: 0.251727s
Iteration 4
time: 0.254095s
Iteration 5
time: 0.257104s
Iteration 6
time: 0.262009s
Iteration 7
time: 0.255515s
Iteration 8
time: 0.261572s
Iteration 9
time: 0.258653s
Iteration 10
time: 0.258561s
Iteration 11
time: 0.260499s
Iteration 12
time: 0.260904s
Iteration 13
time: 0.265569s
Iteration 14
time: 0.264353s
Iteration 15
time: 0.257862s
Iteration 16
time: 0.259752s
Iteration 17
time: 0.264121s
Iteration 18
time: 0.263142s
Iteration 19
time: 0.259137s
Iteration 20
time: 0.266201s
Iteration 21
time: 0.261094s
Iteration 22
time: 0.259617s
Iteration 23
time: 0.263660s
Iteration 24
time: 0.260883s
0: Starting numprocs=8 N=7000, M=7000 impl=allgather
Iteration 0
7: Starting numprocs=8 N=7000, M=7000 impl=allgather
6: Starting numprocs=8 N=7000, M=7000 impl=allgather
3: Starting numprocs=8 N=7000, M=7000 impl=allgather
5: Starting numprocs=8 N=7000, M=7000 impl=allgather
1: Starting numprocs=8 N=7000, M=7000 impl=allgather
4: Starting numprocs=8 N=7000, M=7000 impl=allgather
2: Starting numprocs=8 N=7000, M=7000 impl=allgather
time: 0.492149s
Iteration 1
time: 0.499269s
Iteration 2
time: 0.481772s
Iteration 3
time: 0.503289s
Iteration 4
time: 0.497286s
Iteration 5
time: 0.482333s
Iteration 6
time: 0.482056s
Iteration 7
time: 0.496156s
Iteration 8
time: 0.505141s
Iteration 9
time: 0.504902s
Iteration 10
time: 0.513148s
Iteration 11
time: 0.517591s
Iteration 12
time: 0.503595s
Iteration 13
time: 0.485065s
Iteration 14
time: 0.504347s
Iteration 15
time: 0.492273s
Iteration 16
time: 0.505586s
Iteration 17
time: 0.507303s
Iteration 18
time: 0.485811s
Iteration 19
time: 0.489906s
Iteration 20
time: 0.502044s
Iteration 21
time: 0.508851s
Iteration 22
time: 0.497721s
Iteration 23
time: 0.515400s
Iteration 24
time: 0.514279s
0: Starting numprocs=8 N=7000, M=7000 impl=allreduce
Iteration 0
1: Starting numprocs=8 N=7000, M=7000 impl=allreduce
4: Starting numprocs=8 N=7000, M=7000 impl=allreduce
7: Starting numprocs=8 N=7000, M=7000 impl=allreduce
5: Starting numprocs=8 N=7000, M=7000 impl=allreduce
6: Starting numprocs=8 N=7000, M=7000 impl=allreduce
3: Starting numprocs=8 N=7000, M=7000 impl=allreduce
2: Starting numprocs=8 N=7000, M=7000 impl=allreduce
time: 3.141335s
Iteration 1
time: 1.004145s
Iteration 2
time: 1.050417s
Iteration 3
time: 1.012110s
Iteration 4
time: 1.011290s
Iteration 5
time: 1.017318s
Iteration 6
time: 1.009758s
Iteration 7
time: 1.008641s
Iteration 8
time: 1.006416s
Iteration 9
time: 0.993237s
Iteration 10
time: 1.010373s
Iteration 11
time: 1.000204s
Iteration 12
time: 0.993765s
Iteration 13
time: 1.027266s
Iteration 14
time: 0.992706s
Iteration 15
time: 1.000701s
Iteration 16
time: 1.026134s
Iteration 17
time: 7.323770s
Iteration 18
time: 1.011801s
Iteration 19
time: 48.682502s
Iteration 20
time: 1.006225s
Iteration 21
time: 1.002662s
Iteration 22
time: 1.172941s
Iteration 23
time: 1.019408s
Iteration 24
time: 9.771939s
0: Starting numprocs=8 N=7000, M=7000 impl=allreduce-ring
Iteration 0
6: Starting numprocs=8 N=7000, M=7000 impl=allreduce-ring
4: Starting numprocs=8 N=7000, M=7000 impl=allreduce-ring
7: Starting numprocs=8 N=7000, M=7000 impl=allreduce-ring
3: Starting numprocs=8 N=7000, M=7000 impl=allreduce-ring
1: Starting numprocs=8 N=7000, M=7000 impl=allreduce-ring
5: Starting numprocs=8 N=7000, M=7000 impl=allreduce-ring
2: Starting numprocs=8 N=7000, M=7000 impl=allreduce-ring
time: 0.930137s
Iteration 1
time: 0.785099s
Iteration 2
time: 0.830476s
Iteration 3
time: 0.807137s
Iteration 4
time: 0.804481s
Iteration 5
time: 0.808896s
Iteration 6
time: 0.789116s
Iteration 7
time: 0.790487s
Iteration 8
time: 0.804032s
Iteration 9
time: 0.802945s
Iteration 10
time: 0.796783s
Iteration 11
time: 0.787624s
Iteration 12
time: 0.813401s
Iteration 13
time: 2.866008s
Iteration 14
time: 0.792756s
Iteration 15
time: 2.447062s
Iteration 16
time: 0.814880s
Iteration 17
time: 0.782740s
Iteration 18
time: 4.624917s
Iteration 19
time: 6.588363s
Iteration 20
time: 0.808466s
Iteration 21
time: 0.788858s
Iteration 22
time: 0.782534s
Iteration 23
time: 0.807502s
Iteration 24
time: 0.794267s
0: Starting numprocs=8 N=7000, M=7000 impl=g-rabenseifner-allgather
Iteration 0
6: Starting numprocs=8 N=7000, M=7000 impl=g-rabenseifner-allgather
7: Starting numprocs=8 N=7000, M=7000 impl=g-rabenseifner-allgather
5: Starting numprocs=8 N=7000, M=7000 impl=g-rabenseifner-allgather
1: Starting numprocs=8 N=7000, M=7000 impl=g-rabenseifner-allgather
3: Starting numprocs=8 N=7000, M=7000 impl=g-rabenseifner-allgather
4: Starting numprocs=8 N=7000, M=7000 impl=g-rabenseifner-allgather
2: Starting numprocs=8 N=7000, M=7000 impl=g-rabenseifner-allgather
time: 0.381298s
Iteration 1
time: 0.336925s
Iteration 2
time: 0.334523s
Iteration 3
time: 0.336331s
Iteration 4
time: 0.332989s
Iteration 5
time: 0.334190s
Iteration 6
time: 0.333856s
Iteration 7
time: 1.961002s
Iteration 8
time: 0.357744s
Iteration 9
time: 0.334240s
Iteration 10
time: 0.333718s
Iteration 11
time: 0.334600s
Iteration 12
time: 0.334525s
Iteration 13
time: 0.335301s
Iteration 14
time: 0.342351s
Iteration 15
time: 0.333699s
Iteration 16
time: 0.334217s
Iteration 17
time: 0.334963s
Iteration 18
time: 0.334009s
Iteration 19
time: 0.334137s
Iteration 20
time: 2.580843s
Iteration 21
time: 33.875724s
Iteration 22
time: 0.335347s
Iteration 23
time: 0.334650s
Iteration 24
time: 0.337110s
0: Starting numprocs=8 N=7000, M=7000 impl=g-rabenseifner-subgroup-2
Iteration 0
6: Starting numprocs=8 N=7000, M=7000 impl=g-rabenseifner-subgroup-2
7: Starting numprocs=8 N=7000, M=7000 impl=g-rabenseifner-subgroup-2
4: Starting numprocs=8 N=7000, M=7000 impl=g-rabenseifner-subgroup-2
1: Starting numprocs=8 N=7000, M=7000 impl=g-rabenseifner-subgroup-2
3: Starting numprocs=8 N=7000, M=7000 impl=g-rabenseifner-subgroup-2
5: Starting numprocs=8 N=7000, M=7000 impl=g-rabenseifner-subgroup-2
2: Starting numprocs=8 N=7000, M=7000 impl=g-rabenseifner-subgroup-2
time: 1.867853s
Iteration 1
time: 0.349644s
Iteration 2
time: 1.537103s
Iteration 3
time: 0.338478s
Iteration 4
time: 0.339294s
Iteration 5
time: 0.355105s
Iteration 6
time: 0.340107s
Iteration 7
time: 0.341454s
Iteration 8
time: 0.340026s
Iteration 9
time: 0.342147s
Iteration 10
time: 0.340762s
Iteration 11
time: 0.340790s
Iteration 12
time: 0.339689s
Iteration 13
time: 0.339837s
Iteration 14
time: 0.341071s
Iteration 15
time: 0.342191s
Iteration 16
time: 0.340168s
Iteration 17
time: 1.797352s
Iteration 18
time: 0.340240s
Iteration 19
time: 0.341210s
Iteration 20
time: 0.340816s
Iteration 21
time: 0.341458s
Iteration 22
time: 6.237985s
Iteration 23
time: 0.344496s
Iteration 24
time: 2.149824s
6: Starting numprocs=8 N=7000, M=7000 impl=g-rabenseifner-subgroup-4
0: Starting numprocs=8 N=7000, M=7000 impl=g-rabenseifner-subgroup-4
Iteration 0
7: Starting numprocs=8 N=7000, M=7000 impl=g-rabenseifner-subgroup-4
4: Starting numprocs=8 N=7000, M=7000 impl=g-rabenseifner-subgroup-4
3: Starting numprocs=8 N=7000, M=7000 impl=g-rabenseifner-subgroup-4
1: Starting numprocs=8 N=7000, M=7000 impl=g-rabenseifner-subgroup-4
5: Starting numprocs=8 N=7000, M=7000 impl=g-rabenseifner-subgroup-4
2: Starting numprocs=8 N=7000, M=7000 impl=g-rabenseifner-subgroup-4
time: 0.377126s
Iteration 1
time: 0.342045s
Iteration 2
time: 0.340425s
Iteration 3
time: 0.349292s
Iteration 4
time: 0.346737s
Iteration 5
time: 0.344696s
Iteration 6
time: 0.342774s
Iteration 7
time: 0.340864s
Iteration 8
time: 0.342081s
Iteration 9
time: 0.350559s
Iteration 10
time: 0.341590s
Iteration 11
time: 0.343457s
Iteration 12
time: 0.347679s
Iteration 13
time: 0.342219s
Iteration 14
time: 0.342390s
Iteration 15
time: 0.342126s
Iteration 16
time: 0.341851s
Iteration 17
time: 0.355004s
Iteration 18
time: 0.338326s
Iteration 19
time: 0.341168s
Iteration 20
time: 0.344829s
Iteration 21
time: 0.346467s
Iteration 22
time: 0.349271s
Iteration 23
time: 0.350314s
Iteration 24
time: 0.338792s
0: Starting numprocs=8 N=7000, M=7000 impl=g-rabenseifner-subgroup-8
Iteration 0
6: Starting numprocs=8 N=7000, M=7000 impl=g-rabenseifner-subgroup-8
4: Starting numprocs=8 N=7000, M=7000 impl=g-rabenseifner-subgroup-8
1: Starting numprocs=8 N=7000, M=7000 impl=g-rabenseifner-subgroup-8
5: Starting numprocs=8 N=7000, M=7000 impl=g-rabenseifner-subgroup-8
7: Starting numprocs=8 N=7000, M=7000 impl=g-rabenseifner-subgroup-8
3: Starting numprocs=8 N=7000, M=7000 impl=g-rabenseifner-subgroup-8
2: Starting numprocs=8 N=7000, M=7000 impl=g-rabenseifner-subgroup-8
time: 0.357533s
Iteration 1
time: 0.340035s
Iteration 2
time: 0.346817s
Iteration 3
time: 0.341095s
Iteration 4
time: 0.346234s
Iteration 5
time: 0.344277s
Iteration 6
time: 0.350864s
Iteration 7
time: 0.353644s
Iteration 8
time: 0.350987s
Iteration 9
time: 0.352306s
Iteration 10
time: 0.349785s
Iteration 11
time: 0.343358s
Iteration 12
time: 0.343570s
Iteration 13
time: 0.344089s
Iteration 14
time: 0.351597s
Iteration 15
time: 0.347909s
Iteration 16
time: 0.351168s
Iteration 17
time: 0.343707s
Iteration 18
time: 0.356284s
Iteration 19
time: 0.349737s
Iteration 20
time: 0.345068s
Iteration 21
time: 0.359298s
Iteration 22
time: 0.348554s
Iteration 23
time: 0.352356s
Iteration 24
time: 0.354073s
6: Starting numprocs=8 N=8000, M=8000 impl=allgather
0: Starting numprocs=8 N=8000, M=8000 impl=allgather
Iteration 0
4: Starting numprocs=8 N=8000, M=8000 impl=allgather
1: Starting numprocs=8 N=8000, M=8000 impl=allgather
7: Starting numprocs=8 N=8000, M=8000 impl=allgather
5: Starting numprocs=8 N=8000, M=8000 impl=allgather
3: Starting numprocs=8 N=8000, M=8000 impl=allgather
2: Starting numprocs=8 N=8000, M=8000 impl=allgather
time: 0.604491s
Iteration 1
time: 0.631380s
Iteration 2
time: 0.648046s
Iteration 3
time: 0.662875s
Iteration 4
time: 0.643369s
Iteration 5
time: 0.647356s
Iteration 6
time: 0.643201s
Iteration 7
time: 0.652317s
Iteration 8
time: 0.669374s
Iteration 9
time: 0.667190s
Iteration 10
time: 0.665546s
Iteration 11
time: 0.665051s
Iteration 12
time: 0.663219s
Iteration 13
time: 0.634697s
Iteration 14
time: 0.660437s
Iteration 15
time: 0.669781s
Iteration 16
time: 0.636440s
Iteration 17
time: 0.651414s
Iteration 18
time: 0.661244s
Iteration 19
time: 0.647183s
Iteration 20
time: 0.672536s
Iteration 21
time: 0.655543s
Iteration 22
time: 0.650863s
Iteration 23
time: 0.648480s
Iteration 24
time: 0.663916s
0: Starting numprocs=8 N=8000, M=8000 impl=allreduce
Iteration 0
6: Starting numprocs=8 N=8000, M=8000 impl=allreduce
1: Starting numprocs=8 N=8000, M=8000 impl=allreduce
7: Starting numprocs=8 N=8000, M=8000 impl=allreduce
4: Starting numprocs=8 N=8000, M=8000 impl=allreduce
3: Starting numprocs=8 N=8000, M=8000 impl=allreduce
5: Starting numprocs=8 N=8000, M=8000 impl=allreduce
2: Starting numprocs=8 N=8000, M=8000 impl=allreduce
time: 1.472402s
Iteration 1
time: 1.547650s
Iteration 2
time: 1.306778s
Iteration 3
time: 1.331601s
Iteration 4
time: 1.312920s
Iteration 5
time: 1.349189s
Iteration 6
time: 1.312231s
Iteration 7
time: 1.320853s
Iteration 8
time: 1.332836s
Iteration 9
time: 1.316786s
Iteration 10
time: 1.337743s
Iteration 11
time: 52.708444s
Iteration 12
time: 1.301352s
Iteration 13
time: 1.494129s
Iteration 14
time: 3.457565s
Iteration 15
time: 1.310599s
Iteration 16
time: 9.404054s
Iteration 17
time: 5.041746s
Iteration 18
time: 1.324446s
Iteration 19
time: 1.291418s
Iteration 20
time: 6.974355s
Iteration 21
time: 30.476389s
Iteration 22
time: 57.548350s
Iteration 23
time: 11.618046s
Iteration 24
time: 1.310653s
0: Starting numprocs=8 N=8000, M=8000 impl=allreduce-ring
Iteration 0
7: Starting numprocs=8 N=8000, M=8000 impl=allreduce-ring
1: Starting numprocs=8 N=8000, M=8000 impl=allreduce-ring
4: Starting numprocs=8 N=8000, M=8000 impl=allreduce-ring
6: Starting numprocs=8 N=8000, M=8000 impl=allreduce-ring
5: Starting numprocs=8 N=8000, M=8000 impl=allreduce-ring
3: Starting numprocs=8 N=8000, M=8000 impl=allreduce-ring
2: Starting numprocs=8 N=8000, M=8000 impl=allreduce-ring
time: 1.213833s
Iteration 1
time: 1.014414s
Iteration 2
time: 1.038299s
Iteration 3
time: 1.048207s
Iteration 4
time: 1.035143s
Iteration 5
time: 1.057741s
Iteration 6
time: 1.068689s
Iteration 7
time: 1.068037s
Iteration 8
time: 1.054893s
Iteration 9
time: 1.061885s
Iteration 10
time: 1.056139s
Iteration 11
time: 1.060045s
Iteration 12
time: 1.071182s
Iteration 13
time: 1.057004s
Iteration 14
time: 1.056223s
Iteration 15
time: 1.084150s
Iteration 16
time: 1.052774s
Iteration 17
time: 1.026127s
Iteration 18
time: 1.058819s
Iteration 19
time: 1.050648s
Iteration 20
time: 1.034067s
Iteration 21
time: 1.037756s
Iteration 22
time: 1.032607s
Iteration 23
time: 1.030283s
Iteration 24
time: 1.031178s
0: Starting numprocs=8 N=8000, M=8000 impl=g-rabenseifner-allgather
Iteration 0
6: Starting numprocs=8 N=8000, M=8000 impl=g-rabenseifner-allgather
7: Starting numprocs=8 N=8000, M=8000 impl=g-rabenseifner-allgather
4: Starting numprocs=8 N=8000, M=8000 impl=g-rabenseifner-allgather
1: Starting numprocs=8 N=8000, M=8000 impl=g-rabenseifner-allgather
3: Starting numprocs=8 N=8000, M=8000 impl=g-rabenseifner-allgather
5: Starting numprocs=8 N=8000, M=8000 impl=g-rabenseifner-allgather
2: Starting numprocs=8 N=8000, M=8000 impl=g-rabenseifner-allgather
time: 16.901663s
Iteration 1
time: 0.437635s
Iteration 2
time: 0.435905s
Iteration 3
time: 0.439706s
Iteration 4
time: 35.100857s
Iteration 5
time: 0.437196s
Iteration 6
time: 0.435164s
Iteration 7
time: 0.436386s
Iteration 8
time: 0.437103s
Iteration 9
time: 22.044572s
Iteration 10
time: 0.436761s
Iteration 11
time: 0.437099s
Iteration 12
time: 0.435542s
Iteration 13
time: 0.445350s
Iteration 14
time: 0.438537s
Iteration 15
time: 0.437952s
Iteration 16
time: 0.437865s
Iteration 17
time: 0.435867s
Iteration 18
time: 30.668143s
Iteration 19
time: 0.437535s
Iteration 20
time: 0.434226s
Iteration 21
time: 0.436118s
Iteration 22
time: 2.603345s
Iteration 23
time: 1.749104s
Iteration 24
time: 2.116320s
0: Starting numprocs=8 N=8000, M=8000 impl=g-rabenseifner-subgroup-2
Iteration 0
7: Starting numprocs=8 N=8000, M=8000 impl=g-rabenseifner-subgroup-2
6: Starting numprocs=8 N=8000, M=8000 impl=g-rabenseifner-subgroup-2
1: Starting numprocs=8 N=8000, M=8000 impl=g-rabenseifner-subgroup-2
3: Starting numprocs=8 N=8000, M=8000 impl=g-rabenseifner-subgroup-2
4: Starting numprocs=8 N=8000, M=8000 impl=g-rabenseifner-subgroup-2
5: Starting numprocs=8 N=8000, M=8000 impl=g-rabenseifner-subgroup-2
2: Starting numprocs=8 N=8000, M=8000 impl=g-rabenseifner-subgroup-2
time: 0.507311s
Iteration 1
time: 0.446514s
Iteration 2
time: 0.445262s
Iteration 3
time: 0.446167s
Iteration 4
time: 2.123671s
Iteration 5
time: 0.445354s
Iteration 6
time: 0.445000s
Iteration 7
time: 0.446088s
Iteration 8
time: 0.446676s
Iteration 9
time: 4.311803s
Iteration 10
time: 0.446511s
Iteration 11
time: 2.641798s
Iteration 12
time: 0.445555s
Iteration 13
time: 0.445624s
Iteration 14
time: 0.447773s
Iteration 15
time: 0.450994s
Iteration 16
time: 0.452613s
Iteration 17
time: 0.443911s
Iteration 18
time: 0.445141s
Iteration 19
time: 0.453466s
Iteration 20
time: 0.446105s
Iteration 21
time: 0.444194s
Iteration 22
time: 0.443569s
Iteration 23
time: 0.447422s
Iteration 24
time: 0.444662s
0: Starting numprocs=8 N=8000, M=8000 impl=g-rabenseifner-subgroup-4
Iteration 0
7: Starting numprocs=8 N=8000, M=8000 impl=g-rabenseifner-subgroup-4
6: Starting numprocs=8 N=8000, M=8000 impl=g-rabenseifner-subgroup-4
1: Starting numprocs=8 N=8000, M=8000 impl=g-rabenseifner-subgroup-4
4: Starting numprocs=8 N=8000, M=8000 impl=g-rabenseifner-subgroup-4
5: Starting numprocs=8 N=8000, M=8000 impl=g-rabenseifner-subgroup-4
3: Starting numprocs=8 N=8000, M=8000 impl=g-rabenseifner-subgroup-4
2: Starting numprocs=8 N=8000, M=8000 impl=g-rabenseifner-subgroup-4
time: 0.491229s
Iteration 1
time: 0.453604s
Iteration 2
time: 0.456991s
Iteration 3
time: 0.452157s
Iteration 4
time: 0.445543s
Iteration 5
time: 0.446757s
Iteration 6
time: 0.451136s
Iteration 7
time: 0.453413s
Iteration 8
time: 0.454744s
Iteration 9
time: 0.447961s
Iteration 10
time: 0.449278s
Iteration 11
time: 0.445666s
Iteration 12
time: 0.449381s
Iteration 13
time: 0.451337s
Iteration 14
time: 0.449420s
Iteration 15
time: 0.457123s
Iteration 16
time: 0.447336s
Iteration 17
time: 0.452491s
Iteration 18
time: 0.452340s
Iteration 19
time: 0.455245s
Iteration 20
time: 0.447052s
Iteration 21
time: 0.445604s
Iteration 22
time: 0.441635s
Iteration 23
time: 0.448437s
Iteration 24
time: 0.442293s
0: Starting numprocs=8 N=8000, M=8000 impl=g-rabenseifner-subgroup-8
Iteration 0
1: Starting numprocs=8 N=8000, M=8000 impl=g-rabenseifner-subgroup-8
7: Starting numprocs=8 N=8000, M=8000 impl=g-rabenseifner-subgroup-8
4: Starting numprocs=8 N=8000, M=8000 impl=g-rabenseifner-subgroup-8
6: Starting numprocs=8 N=8000, M=8000 impl=g-rabenseifner-subgroup-8
5: Starting numprocs=8 N=8000, M=8000 impl=g-rabenseifner-subgroup-8
3: Starting numprocs=8 N=8000, M=8000 impl=g-rabenseifner-subgroup-8
2: Starting numprocs=8 N=8000, M=8000 impl=g-rabenseifner-subgroup-8
time: 0.471259s
Iteration 1
time: 0.451081s
Iteration 2
time: 0.444791s
Iteration 3
time: 0.446489s
Iteration 4
time: 0.445235s
Iteration 5
time: 0.453541s
Iteration 6
time: 0.450426s
Iteration 7
time: 0.455190s
Iteration 8
time: 0.456920s
Iteration 9
time: 0.458025s
Iteration 10
time: 0.454230s
Iteration 11
time: 0.461967s
Iteration 12
time: 0.457421s
Iteration 13
time: 0.449464s
Iteration 14
time: 0.458358s
Iteration 15
time: 0.457932s
Iteration 16
time: 0.457893s
Iteration 17
time: 0.451473s
Iteration 18
time: 0.450795s
Iteration 19
time: 0.450805s
Iteration 20
time: 0.452257s
Iteration 21
time: 0.457064s
Iteration 22
time: 0.450107s
Iteration 23
time: 0.450355s
Iteration 24
time: 0.458172s
