5: Starting numprocs=8 N=1000, M=1000 impl=allgather
0: Starting numprocs=8 N=1000, M=1000 impl=allgather
Iteration 0
2: Starting numprocs=8 N=1000, M=1000 impl=allgather
7: Starting numprocs=8 N=1000, M=1000 impl=allgather
4: Starting numprocs=8 N=1000, M=1000 impl=allgather
3: Starting numprocs=8 N=1000, M=1000 impl=allgather
6: Starting numprocs=8 N=1000, M=1000 impl=allgather
1: Starting numprocs=8 N=1000, M=1000 impl=allgather
time: 0.016382s
Iteration 1
time: 0.006840s
Iteration 2
time: 0.006776s
Iteration 3
time: 0.006739s
Iteration 4
time: 0.006730s
Iteration 5
time: 0.006784s
Iteration 6
time: 0.006758s
Iteration 7
time: 0.006830s
Iteration 8
time: 0.006991s
Iteration 9
time: 0.007011s
Iteration 10
time: 0.006954s
Iteration 11
time: 0.006986s
Iteration 12
time: 0.006944s
Iteration 13
time: 0.006784s
Iteration 14
time: 0.006767s
Iteration 15
time: 0.006728s
Iteration 16
time: 0.006730s
Iteration 17
time: 0.007243s
Iteration 18
time: 0.006805s
Iteration 19
time: 0.006755s
Iteration 20
time: 0.007015s
Iteration 21
time: 0.006786s
Iteration 22
time: 0.006757s
Iteration 23
time: 0.006766s
Iteration 24
time: 0.006781s
0: Starting numprocs=8 N=1000, M=1000 impl=allreduce
Iteration 0
7: Starting numprocs=8 N=1000, M=1000 impl=allreduce
2: Starting numprocs=8 N=1000, M=1000 impl=allreduce
4: Starting numprocs=8 N=1000, M=1000 impl=allreduce
3: Starting numprocs=8 N=1000, M=1000 impl=allreduce
6: Starting numprocs=8 N=1000, M=1000 impl=allreduce
1: Starting numprocs=8 N=1000, M=1000 impl=allreduce
5: Starting numprocs=8 N=1000, M=1000 impl=allreduce
time: 0.036022s
Iteration 1
time: 0.020599s
Iteration 2
time: 0.015276s
Iteration 3
time: 0.015083s
Iteration 4
time: 0.015516s
Iteration 5
time: 0.015245s
Iteration 6
time: 0.015113s
Iteration 7
time: 0.015393s
Iteration 8
time: 0.015209s
Iteration 9
time: 0.015501s
Iteration 10
time: 0.015651s
Iteration 11
time: 0.015118s
Iteration 12
time: 0.015717s
Iteration 13
time: 0.015142s
Iteration 14
time: 0.015066s
Iteration 15
time: 0.015345s
Iteration 16
time: 0.015407s
Iteration 17
time: 0.015390s
Iteration 18
time: 0.015583s
Iteration 19
time: 0.015550s
Iteration 20
time: 0.016090s
Iteration 21
time: 0.015634s
Iteration 22
time: 0.015671s
Iteration 23
time: 0.015384s
Iteration 24
time: 0.015137s
0: Starting numprocs=8 N=1000, M=1000 impl=allreduce-ring
Iteration 0
1: Starting numprocs=8 N=1000, M=1000 impl=allreduce-ring
2: Starting numprocs=8 N=1000, M=1000 impl=allreduce-ring
5: Starting numprocs=8 N=1000, M=1000 impl=allreduce-ring
7: Starting numprocs=8 N=1000, M=1000 impl=allreduce-ring
3: Starting numprocs=8 N=1000, M=1000 impl=allreduce-ring
4: Starting numprocs=8 N=1000, M=1000 impl=allreduce-ring
6: Starting numprocs=8 N=1000, M=1000 impl=allreduce-ring
time: 0.027813s
Iteration 1
time: 0.014501s
Iteration 2
time: 0.013811s
Iteration 3
time: 0.014179s
Iteration 4
time: 0.013832s
Iteration 5
time: 0.013845s
Iteration 6
time: 0.013858s
Iteration 7
time: 0.014279s
Iteration 8
time: 0.013903s
Iteration 9
time: 0.014081s
Iteration 10
time: 0.013767s
Iteration 11
time: 0.013921s
Iteration 12
time: 0.014079s
Iteration 13
time: 0.013910s
Iteration 14
time: 0.013801s
Iteration 15
time: 0.014358s
Iteration 16
time: 0.013845s
Iteration 17
time: 0.013867s
Iteration 18
time: 0.013966s
Iteration 19
time: 0.013884s
Iteration 20
time: 0.013733s
Iteration 21
time: 0.014356s
Iteration 22
time: 0.013938s
Iteration 23
time: 0.013767s
Iteration 24
time: 0.014655s
4: Starting numprocs=8 N=1000, M=1000 impl=g-rabenseifner-allgather
7: Starting numprocs=8 N=1000, M=1000 impl=g-rabenseifner-allgather
0: Starting numprocs=8 N=1000, M=1000 impl=g-rabenseifner-allgather
Iteration 0
2: Starting numprocs=8 N=1000, M=1000 impl=g-rabenseifner-allgather
5: Starting numprocs=8 N=1000, M=1000 impl=g-rabenseifner-allgather
1: Starting numprocs=8 N=1000, M=1000 impl=g-rabenseifner-allgather
3: Starting numprocs=8 N=1000, M=1000 impl=g-rabenseifner-allgather
6: Starting numprocs=8 N=1000, M=1000 impl=g-rabenseifner-allgather
time: 0.016007s
Iteration 1
time: 0.007039s
Iteration 2
time: 0.006989s
Iteration 3
time: 0.006975s
Iteration 4
time: 0.007436s
Iteration 5
time: 0.007192s
Iteration 6
time: 0.006993s
Iteration 7
time: 0.006994s
Iteration 8
time: 0.007005s
Iteration 9
time: 0.006993s
Iteration 10
time: 0.006976s
Iteration 11
time: 0.006997s
Iteration 12
time: 0.007480s
Iteration 13
time: 0.007004s
Iteration 14
time: 0.006999s
Iteration 15
time: 0.006997s
Iteration 16
time: 0.006986s
Iteration 17
time: 0.007043s
Iteration 18
time: 0.007144s
Iteration 19
time: 0.007010s
Iteration 20
time: 0.007410s
Iteration 21
time: 0.007018s
Iteration 22
time: 0.007364s
Iteration 23
time: 0.006975s
Iteration 24
time: 0.007001s
0: Starting numprocs=8 N=1000, M=1000 impl=g-rabenseifner-subgroup-2
Iteration 0
4: Starting numprocs=8 N=1000, M=1000 impl=g-rabenseifner-subgroup-2
6: Starting numprocs=8 N=1000, M=1000 impl=g-rabenseifner-subgroup-2
1: Starting numprocs=8 N=1000, M=1000 impl=g-rabenseifner-subgroup-2
5: Starting numprocs=8 N=1000, M=1000 impl=g-rabenseifner-subgroup-2
3: Starting numprocs=8 N=1000, M=1000 impl=g-rabenseifner-subgroup-2
7: Starting numprocs=8 N=1000, M=1000 impl=g-rabenseifner-subgroup-2
2: Starting numprocs=8 N=1000, M=1000 impl=g-rabenseifner-subgroup-2
time: 0.021649s
Iteration 1
time: 0.007213s
Iteration 2
time: 0.006987s
Iteration 3
time: 0.006944s
Iteration 4
time: 0.006946s
Iteration 5
time: 0.006945s
Iteration 6
time: 0.007443s
Iteration 7
time: 0.006969s
Iteration 8
time: 0.007000s
Iteration 9
time: 0.006958s
Iteration 10
time: 0.006963s
Iteration 11
time: 0.007004s
Iteration 12
time: 0.007006s
Iteration 13
time: 0.006996s
Iteration 14
time: 0.006999s
Iteration 15
time: 0.007009s
Iteration 16
time: 0.007006s
Iteration 17
time: 0.006996s
Iteration 18
time: 0.007494s
Iteration 19
time: 0.007012s
Iteration 20
time: 0.007008s
Iteration 21
time: 0.007041s
Iteration 22
time: 0.007042s
Iteration 23
time: 0.007475s
Iteration 24
time: 0.007119s
0: Starting numprocs=8 N=1000, M=1000 impl=g-rabenseifner-subgroup-4
Iteration 0
4: Starting numprocs=8 N=1000, M=1000 impl=g-rabenseifner-subgroup-4
1: Starting numprocs=8 N=1000, M=1000 impl=g-rabenseifner-subgroup-4
7: Starting numprocs=8 N=1000, M=1000 impl=g-rabenseifner-subgroup-4
2: Starting numprocs=8 N=1000, M=1000 impl=g-rabenseifner-subgroup-4
6: Starting numprocs=8 N=1000, M=1000 impl=g-rabenseifner-subgroup-4
5: Starting numprocs=8 N=1000, M=1000 impl=g-rabenseifner-subgroup-4
3: Starting numprocs=8 N=1000, M=1000 impl=g-rabenseifner-subgroup-4
time: 0.016643s
Iteration 1
time: 0.007083s
Iteration 2
time: 0.007010s
Iteration 3
time: 0.007008s
Iteration 4
time: 0.007016s
Iteration 5
time: 0.006910s
Iteration 6
time: 0.006926s
Iteration 7
time: 0.006904s
Iteration 8
time: 0.006960s
Iteration 9
time: 0.006981s
Iteration 10
time: 0.006894s
Iteration 11
time: 0.006853s
Iteration 12
time: 0.006923s
Iteration 13
time: 0.006907s
Iteration 14
time: 0.006902s
Iteration 15
time: 0.006922s
Iteration 16
time: 0.007416s
Iteration 17
time: 0.006943s
Iteration 18
time: 0.006932s
Iteration 19
time: 0.006896s
Iteration 20
time: 0.006938s
Iteration 21
time: 0.006919s
Iteration 22
time: 0.006946s
Iteration 23
time: 0.006936s
Iteration 24
time: 0.006985s
2: Starting numprocs=8 N=1000, M=1000 impl=g-rabenseifner-subgroup-8
4: Starting numprocs=8 N=1000, M=1000 impl=g-rabenseifner-subgroup-8
0: Starting numprocs=8 N=1000, M=1000 impl=g-rabenseifner-subgroup-8
Iteration 0
7: Starting numprocs=8 N=1000, M=1000 impl=g-rabenseifner-subgroup-8
1: Starting numprocs=8 N=1000, M=1000 impl=g-rabenseifner-subgroup-8
5: Starting numprocs=8 N=1000, M=1000 impl=g-rabenseifner-subgroup-8
3: Starting numprocs=8 N=1000, M=1000 impl=g-rabenseifner-subgroup-8
6: Starting numprocs=8 N=1000, M=1000 impl=g-rabenseifner-subgroup-8
time: 0.015976s
Iteration 1
time: 0.006579s
Iteration 2
time: 0.006518s
Iteration 3
time: 0.006554s
Iteration 4
time: 0.007092s
Iteration 5
time: 0.006640s
Iteration 6
time: 0.006816s
Iteration 7
time: 0.006740s
Iteration 8
time: 0.006763s
Iteration 9
time: 0.006772s
Iteration 10
time: 0.006757s
Iteration 11
time: 0.006719s
Iteration 12
time: 0.006732s
Iteration 13
time: 0.006776s
Iteration 14
time: 0.007066s
Iteration 15
time: 0.006725s
Iteration 16
time: 0.006762s
Iteration 17
time: 0.006746s
Iteration 18
time: 0.007082s
Iteration 19
time: 0.006564s
Iteration 20
time: 0.007028s
Iteration 21
time: 0.006517s
Iteration 22
time: 0.006550s
Iteration 23
time: 0.006576s
Iteration 24
time: 0.006571s
2: Starting numprocs=8 N=2000, M=2000 impl=allgather
4: Starting numprocs=8 N=2000, M=2000 impl=allgather
0: Starting numprocs=8 N=2000, M=2000 impl=allgather
Iteration 0
5: Starting numprocs=8 N=2000, M=2000 impl=allgather
7: Starting numprocs=8 N=2000, M=2000 impl=allgather
1: Starting numprocs=8 N=2000, M=2000 impl=allgather
6: Starting numprocs=8 N=2000, M=2000 impl=allgather
3: Starting numprocs=8 N=2000, M=2000 impl=allgather
time: 0.042378s
Iteration 1
time: 0.027820s
Iteration 2
time: 0.027791s
Iteration 3
time: 0.028036s
Iteration 4
time: 0.027544s
Iteration 5
time: 0.027449s
Iteration 6
time: 0.027501s
Iteration 7
time: 0.028108s
Iteration 8
time: 0.027552s
Iteration 9
time: 0.027456s
Iteration 10
time: 0.027552s
Iteration 11
time: 0.028725s
Iteration 12
time: 0.028852s
Iteration 13
time: 0.028897s
Iteration 14
time: 0.029599s
Iteration 15
time: 0.029770s
Iteration 16
time: 0.029943s
Iteration 17
time: 0.029856s
Iteration 18
time: 0.029580s
Iteration 19
time: 0.028949s
Iteration 20
time: 0.029117s
Iteration 21
time: 0.029718s
Iteration 22
time: 0.030307s
Iteration 23
time: 0.029699s
Iteration 24
time: 0.029777s
0: Starting numprocs=8 N=2000, M=2000 impl=allreduce
Iteration 0
4: Starting numprocs=8 N=2000, M=2000 impl=allreduce
2: Starting numprocs=8 N=2000, M=2000 impl=allreduce
7: Starting numprocs=8 N=2000, M=2000 impl=allreduce
5: Starting numprocs=8 N=2000, M=2000 impl=allreduce
1: Starting numprocs=8 N=2000, M=2000 impl=allreduce
6: Starting numprocs=8 N=2000, M=2000 impl=allreduce
3: Starting numprocs=8 N=2000, M=2000 impl=allreduce
time: 0.098097s
Iteration 1
time: 0.077868s
Iteration 2
time: 0.064227s
Iteration 3
time: 0.064016s
Iteration 4
time: 0.064908s
Iteration 5
time: 0.063161s
Iteration 6
time: 0.063052s
Iteration 7
time: 0.063830s
Iteration 8
time: 0.063511s
Iteration 9
time: 0.064518s
Iteration 10
time: 0.065361s
Iteration 11
time: 0.067534s
Iteration 12
time: 0.062748s
Iteration 13
time: 0.063711s
Iteration 14
time: 0.063229s
Iteration 15
time: 0.062224s
Iteration 16
time: 0.062561s
Iteration 17
time: 0.061772s
Iteration 18
time: 0.062497s
Iteration 19
time: 0.063772s
Iteration 20
time: 0.065831s
Iteration 21
time: 0.064203s
Iteration 22
time: 0.063401s
Iteration 23
time: 0.062501s
Iteration 24
time: 0.066791s
0: Starting numprocs=8 N=2000, M=2000 impl=allreduce-ring
Iteration 0
6: Starting numprocs=8 N=2000, M=2000 impl=allreduce-ring
7: Starting numprocs=8 N=2000, M=2000 impl=allreduce-ring
5: Starting numprocs=8 N=2000, M=2000 impl=allreduce-ring
4: Starting numprocs=8 N=2000, M=2000 impl=allreduce-ring
1: Starting numprocs=8 N=2000, M=2000 impl=allreduce-ring
2: Starting numprocs=8 N=2000, M=2000 impl=allreduce-ring
3: Starting numprocs=8 N=2000, M=2000 impl=allreduce-ring
time: 0.067539s
Iteration 1
time: 0.055150s
Iteration 2
time: 0.054375s
Iteration 3
time: 0.053735s
Iteration 4
time: 0.054099s
Iteration 5
time: 0.053874s
Iteration 6
time: 0.053861s
Iteration 7
time: 0.053679s
Iteration 8
time: 0.052987s
Iteration 9
time: 0.053850s
Iteration 10
time: 0.053584s
Iteration 11
time: 0.054340s
Iteration 12
time: 0.053428s
Iteration 13
time: 0.054288s
Iteration 14
time: 0.053664s
Iteration 15
time: 0.054530s
Iteration 16
time: 0.054224s
Iteration 17
time: 0.053829s
Iteration 18
time: 0.053969s
Iteration 19
time: 0.053856s
Iteration 20
time: 0.053580s
Iteration 21
time: 0.053359s
Iteration 22
time: 0.053022s
Iteration 23
time: 0.052901s
Iteration 24
time: 0.053481s
0: Starting numprocs=8 N=2000, M=2000 impl=g-rabenseifner-allgather
Iteration 0
7: Starting numprocs=8 N=2000, M=2000 impl=g-rabenseifner-allgather
5: Starting numprocs=8 N=2000, M=2000 impl=g-rabenseifner-allgather
4: Starting numprocs=8 N=2000, M=2000 impl=g-rabenseifner-allgather
6: Starting numprocs=8 N=2000, M=2000 impl=g-rabenseifner-allgather
2: Starting numprocs=8 N=2000, M=2000 impl=g-rabenseifner-allgather
3: Starting numprocs=8 N=2000, M=2000 impl=g-rabenseifner-allgather
1: Starting numprocs=8 N=2000, M=2000 impl=g-rabenseifner-allgather
time: 0.041611s
Iteration 1
time: 0.027528s
Iteration 2
time: 0.027491s
Iteration 3
time: 0.027229s
Iteration 4
time: 0.027815s
Iteration 5
time: 0.027565s
Iteration 6
time: 0.027371s
Iteration 7
time: 0.027579s
Iteration 8
time: 0.027555s
Iteration 9
time: 0.027303s
Iteration 10
time: 0.027284s
Iteration 11
time: 0.027640s
Iteration 12
time: 0.027654s
Iteration 13
time: 0.027284s
Iteration 14
time: 0.027358s
Iteration 15
time: 0.027710s
Iteration 16
time: 0.027326s
Iteration 17
time: 0.027316s
Iteration 18
time: 0.027313s
Iteration 19
time: 0.027475s
Iteration 20
time: 0.027333s
Iteration 21
time: 0.027275s
Iteration 22
time: 0.027509s
Iteration 23
time: 0.027284s
Iteration 24
time: 0.027565s
2: Starting numprocs=8 N=2000, M=2000 impl=g-rabenseifner-subgroup-2
7: Starting numprocs=8 N=2000, M=2000 impl=g-rabenseifner-subgroup-2
4: Starting numprocs=8 N=2000, M=2000 impl=g-rabenseifner-subgroup-2
5: Starting numprocs=8 N=2000, M=2000 impl=g-rabenseifner-subgroup-2
6: Starting numprocs=8 N=2000, M=2000 impl=g-rabenseifner-subgroup-2
0: Starting numprocs=8 N=2000, M=2000 impl=g-rabenseifner-subgroup-2
Iteration 0
1: Starting numprocs=8 N=2000, M=2000 impl=g-rabenseifner-subgroup-2
3: Starting numprocs=8 N=2000, M=2000 impl=g-rabenseifner-subgroup-2
time: 0.041923s
Iteration 1
time: 0.027201s
Iteration 2
time: 0.027043s
Iteration 3
time: 0.027247s
Iteration 4
time: 0.027393s
Iteration 5
time: 0.027590s
Iteration 6
time: 0.027673s
Iteration 7
time: 0.027885s
Iteration 8
time: 0.027939s
Iteration 9
time: 0.027852s
Iteration 10
time: 0.027856s
Iteration 11
time: 0.027593s
Iteration 12
time: 0.027536s
Iteration 13
time: 0.027703s
Iteration 14
time: 0.027533s
Iteration 15
time: 0.028078s
Iteration 16
time: 0.027294s
Iteration 17
time: 0.027376s
Iteration 18
time: 0.027342s
Iteration 19
time: 0.028056s
Iteration 20
time: 0.027484s
Iteration 21
time: 0.027297s
Iteration 22
time: 0.028204s
Iteration 23
time: 0.027243s
Iteration 24
time: 0.027258s
4: Starting numprocs=8 N=2000, M=2000 impl=g-rabenseifner-subgroup-4
2: Starting numprocs=8 N=2000, M=2000 impl=g-rabenseifner-subgroup-4
7: Starting numprocs=8 N=2000, M=2000 impl=g-rabenseifner-subgroup-4
0: Starting numprocs=8 N=2000, M=2000 impl=g-rabenseifner-subgroup-4
Iteration 0
5: Starting numprocs=8 N=2000, M=2000 impl=g-rabenseifner-subgroup-4
1: Starting numprocs=8 N=2000, M=2000 impl=g-rabenseifner-subgroup-4
3: Starting numprocs=8 N=2000, M=2000 impl=g-rabenseifner-subgroup-4
6: Starting numprocs=8 N=2000, M=2000 impl=g-rabenseifner-subgroup-4
time: 0.046607s
Iteration 1
time: 0.028682s
Iteration 2
time: 0.028867s
Iteration 3
time: 0.028459s
Iteration 4
time: 0.028051s
Iteration 5
time: 0.028137s
Iteration 6
time: 0.027570s
Iteration 7
time: 0.027048s
Iteration 8
time: 0.027477s
Iteration 9
time: 0.027618s
Iteration 10
time: 0.027464s
Iteration 11
time: 0.027419s
Iteration 12
time: 0.027587s
Iteration 13
time: 0.027793s
Iteration 14
time: 0.028847s
Iteration 15
time: 0.028286s
Iteration 16
time: 0.027882s
Iteration 17
time: 0.028480s
Iteration 18
time: 0.026962s
Iteration 19
time: 0.027546s
Iteration 20
time: 0.027380s
Iteration 21
time: 0.027036s
Iteration 22
time: 0.031373s
Iteration 23
time: 0.030093s
Iteration 24
time: 0.030387s
0: Starting numprocs=8 N=2000, M=2000 impl=g-rabenseifner-subgroup-8
Iteration 0
2: Starting numprocs=8 N=2000, M=2000 impl=g-rabenseifner-subgroup-8
4: Starting numprocs=8 N=2000, M=2000 impl=g-rabenseifner-subgroup-8
7: Starting numprocs=8 N=2000, M=2000 impl=g-rabenseifner-subgroup-8
6: Starting numprocs=8 N=2000, M=2000 impl=g-rabenseifner-subgroup-8
1: Starting numprocs=8 N=2000, M=2000 impl=g-rabenseifner-subgroup-8
5: Starting numprocs=8 N=2000, M=2000 impl=g-rabenseifner-subgroup-8
3: Starting numprocs=8 N=2000, M=2000 impl=g-rabenseifner-subgroup-8
time: 0.035615s
Iteration 1
time: 0.025964s
Iteration 2
time: 0.025830s
Iteration 3
time: 0.025775s
Iteration 4
time: 0.025613s
Iteration 5
time: 0.025720s
Iteration 6
time: 0.025708s
Iteration 7
time: 0.025699s
Iteration 8
time: 0.025890s
Iteration 9
time: 0.027089s
Iteration 10
time: 0.026786s
Iteration 11
time: 0.026978s
Iteration 12
time: 0.027257s
Iteration 13
time: 0.027169s
Iteration 14
time: 0.028086s
Iteration 15
time: 0.028012s
Iteration 16
time: 0.027926s
Iteration 17
time: 0.030250s
Iteration 18
time: 0.027352s
Iteration 19
time: 0.027431s
Iteration 20
time: 0.027707s
Iteration 21
time: 0.027766s
Iteration 22
time: 0.027002s
Iteration 23
time: 0.026973s
Iteration 24
time: 0.028029s
4: Starting numprocs=8 N=3000, M=3000 impl=allgather
0: Starting numprocs=8 N=3000, M=3000 impl=allgather
Iteration 0
5: Starting numprocs=8 N=3000, M=3000 impl=allgather
7: Starting numprocs=8 N=3000, M=3000 impl=allgather
6: Starting numprocs=8 N=3000, M=3000 impl=allgather
1: Starting numprocs=8 N=3000, M=3000 impl=allgather
3: Starting numprocs=8 N=3000, M=3000 impl=allgather
2: Starting numprocs=8 N=3000, M=3000 impl=allgather
time: 0.073283s
Iteration 1
time: 0.065181s
Iteration 2
time: 0.067097s
Iteration 3
time: 0.067884s
Iteration 4
time: 0.067424s
Iteration 5
time: 0.067304s
Iteration 6
time: 0.067370s
Iteration 7
time: 0.066485s
Iteration 8
time: 0.068310s
Iteration 9
time: 0.068215s
Iteration 10
time: 0.068399s
Iteration 11
time: 0.068409s
Iteration 12
time: 0.066768s
Iteration 13
time: 0.066203s
Iteration 14
time: 0.067658s
Iteration 15
time: 0.067272s
Iteration 16
time: 0.068037s
Iteration 17
time: 0.067914s
Iteration 18
time: 0.067277s
Iteration 19
time: 0.068491s
Iteration 20
time: 0.068562s
Iteration 21
time: 0.067449s
Iteration 22
time: 0.067587s
Iteration 23
time: 0.068001s
Iteration 24
time: 0.084086s
0: Starting numprocs=8 N=3000, M=3000 impl=allreduce
Iteration 0
7: Starting numprocs=8 N=3000, M=3000 impl=allreduce
2: Starting numprocs=8 N=3000, M=3000 impl=allreduce
6: Starting numprocs=8 N=3000, M=3000 impl=allreduce
4: Starting numprocs=8 N=3000, M=3000 impl=allreduce
5: Starting numprocs=8 N=3000, M=3000 impl=allreduce
1: Starting numprocs=8 N=3000, M=3000 impl=allreduce
3: Starting numprocs=8 N=3000, M=3000 impl=allreduce
time: 0.212588s
Iteration 1
time: 0.181203s
Iteration 2
time: 0.181626s
Iteration 3
time: 0.186159s
Iteration 4
time: 0.182411s
Iteration 5
time: 0.182355s
Iteration 6
time: 0.178502s
Iteration 7
time: 0.183488s
Iteration 8
time: 0.193668s
Iteration 9
time: 0.187005s
Iteration 10
time: 0.181809s
Iteration 11
time: 0.183982s
Iteration 12
time: 0.188535s
Iteration 13
time: 0.188210s
Iteration 14
time: 0.184305s
Iteration 15
time: 0.193228s
Iteration 16
time: 0.181643s
Iteration 17
time: 0.185717s
Iteration 18
time: 0.181181s
Iteration 19
time: 0.195576s
Iteration 20
time: 0.185030s
Iteration 21
time: 0.180373s
Iteration 22
time: 0.181516s
Iteration 23
time: 0.189873s
Iteration 24
time: 0.182153s
0: Starting numprocs=8 N=3000, M=3000 impl=allreduce-ring
Iteration 0
2: Starting numprocs=8 N=3000, M=3000 impl=allreduce-ring
1: Starting numprocs=8 N=3000, M=3000 impl=allreduce-ring
7: Starting numprocs=8 N=3000, M=3000 impl=allreduce-ring
4: Starting numprocs=8 N=3000, M=3000 impl=allreduce-ring
5: Starting numprocs=8 N=3000, M=3000 impl=allreduce-ring
6: Starting numprocs=8 N=3000, M=3000 impl=allreduce-ring
3: Starting numprocs=8 N=3000, M=3000 impl=allreduce-ring
time: 0.143801s
Iteration 1
time: 0.121574s
Iteration 2
time: 0.125227s
Iteration 3
time: 0.122847s
Iteration 4
time: 0.121638s
Iteration 5
time: 0.121069s
Iteration 6
time: 0.121708s
Iteration 7
time: 0.123231s
Iteration 8
time: 0.123650s
Iteration 9
time: 0.127433s
Iteration 10
time: 0.121452s
Iteration 11
time: 0.121216s
Iteration 12
time: 0.121561s
Iteration 13
time: 0.126872s
Iteration 14
time: 0.122520s
Iteration 15
time: 0.128209s
Iteration 16
time: 0.120703s
Iteration 17
time: 0.125060s
Iteration 18
time: 0.129283s
Iteration 19
time: 0.127361s
Iteration 20
time: 0.122469s
Iteration 21
time: 0.120476s
Iteration 22
time: 0.130524s
Iteration 23
time: 0.128066s
Iteration 24
time: 0.122010s
2: Starting numprocs=8 N=3000, M=3000 impl=g-rabenseifner-allgather
0: Starting numprocs=8 N=3000, M=3000 impl=g-rabenseifner-allgather
Iteration 0
4: Starting numprocs=8 N=3000, M=3000 impl=g-rabenseifner-allgather
7: Starting numprocs=8 N=3000, M=3000 impl=g-rabenseifner-allgather
5: Starting numprocs=8 N=3000, M=3000 impl=g-rabenseifner-allgather
1: Starting numprocs=8 N=3000, M=3000 impl=g-rabenseifner-allgather
3: Starting numprocs=8 N=3000, M=3000 impl=g-rabenseifner-allgather
6: Starting numprocs=8 N=3000, M=3000 impl=g-rabenseifner-allgather
time: 0.080950s
Iteration 1
time: 0.061156s
Iteration 2
time: 0.061369s
Iteration 3
time: 0.061248s
Iteration 4
time: 0.066680s
Iteration 5
time: 0.061291s
Iteration 6
time: 0.061092s
Iteration 7
time: 0.061132s
Iteration 8
time: 0.060984s
Iteration 9
time: 0.061017s
Iteration 10
time: 0.065033s
Iteration 11
time: 0.061123s
Iteration 12
time: 0.061050s
Iteration 13
time: 0.060954s
Iteration 14
time: 0.061136s
Iteration 15
time: 0.061028s
Iteration 16
time: 0.061444s
Iteration 17
time: 0.061091s
Iteration 18
time: 0.061324s
Iteration 19
time: 0.061421s
Iteration 20
time: 0.061391s
Iteration 21
time: 0.061274s
Iteration 22
time: 0.061003s
Iteration 23
time: 0.061216s
Iteration 24
time: 0.061634s
2: Starting numprocs=8 N=3000, M=3000 impl=g-rabenseifner-subgroup-2
4: Starting numprocs=8 N=3000, M=3000 impl=g-rabenseifner-subgroup-2
0: Starting numprocs=8 N=3000, M=3000 impl=g-rabenseifner-subgroup-2
Iteration 0
1: Starting numprocs=8 N=3000, M=3000 impl=g-rabenseifner-subgroup-2
7: Starting numprocs=8 N=3000, M=3000 impl=g-rabenseifner-subgroup-2
6: Starting numprocs=8 N=3000, M=3000 impl=g-rabenseifner-subgroup-2
5: Starting numprocs=8 N=3000, M=3000 impl=g-rabenseifner-subgroup-2
3: Starting numprocs=8 N=3000, M=3000 impl=g-rabenseifner-subgroup-2
time: 0.085187s
Iteration 1
time: 0.061944s
Iteration 2
time: 0.061880s
Iteration 3
time: 0.061716s
Iteration 4
time: 0.061642s
Iteration 5
time: 0.061546s
Iteration 6
time: 0.061254s
Iteration 7
time: 0.061309s
Iteration 8
time: 0.061086s
Iteration 9
time: 0.061996s
Iteration 10
time: 0.061541s
Iteration 11
time: 0.061522s
Iteration 12
time: 0.062055s
Iteration 13
time: 0.061521s
Iteration 14
time: 0.061466s
Iteration 15
time: 0.061502s
Iteration 16
time: 0.061937s
Iteration 17
time: 0.060843s
Iteration 18
time: 0.061056s
Iteration 19
time: 0.061239s
Iteration 20
time: 0.061635s
Iteration 21
time: 0.061578s
Iteration 22
time: 0.061456s
Iteration 23
time: 0.061442s
Iteration 24
time: 0.061225s
2: Starting numprocs=8 N=3000, M=3000 impl=g-rabenseifner-subgroup-4
4: Starting numprocs=8 N=3000, M=3000 impl=g-rabenseifner-subgroup-4
7: Starting numprocs=8 N=3000, M=3000 impl=g-rabenseifner-subgroup-4
5: Starting numprocs=8 N=3000, M=3000 impl=g-rabenseifner-subgroup-4
0: Starting numprocs=8 N=3000, M=3000 impl=g-rabenseifner-subgroup-4
Iteration 0
1: Starting numprocs=8 N=3000, M=3000 impl=g-rabenseifner-subgroup-4
3: Starting numprocs=8 N=3000, M=3000 impl=g-rabenseifner-subgroup-4
6: Starting numprocs=8 N=3000, M=3000 impl=g-rabenseifner-subgroup-4
time: 0.073616s
Iteration 1
time: 0.061542s
Iteration 2
time: 0.061395s
Iteration 3
time: 0.061629s
Iteration 4
time: 0.061971s
Iteration 5
time: 0.062239s
Iteration 6
time: 0.061932s
Iteration 7
time: 0.062091s
Iteration 8
time: 0.063180s
Iteration 9
time: 0.061704s
Iteration 10
time: 0.061599s
Iteration 11
time: 0.060736s
Iteration 12
time: 0.060754s
Iteration 13
time: 0.061944s
Iteration 14
time: 0.061545s
Iteration 15
time: 0.062245s
Iteration 16
time: 0.063754s
Iteration 17
time: 0.062630s
Iteration 18
time: 0.061168s
Iteration 19
time: 0.061010s
Iteration 20
time: 0.060947s
Iteration 21
time: 0.060743s
Iteration 22
time: 0.060770s
Iteration 23
time: 0.060648s
Iteration 24
time: 0.061301s
4: Starting numprocs=8 N=3000, M=3000 impl=g-rabenseifner-subgroup-8
7: Starting numprocs=8 N=3000, M=3000 impl=g-rabenseifner-subgroup-8
2: Starting numprocs=8 N=3000, M=3000 impl=g-rabenseifner-subgroup-8
0: Starting numprocs=8 N=3000, M=3000 impl=g-rabenseifner-subgroup-8
Iteration 0
6: Starting numprocs=8 N=3000, M=3000 impl=g-rabenseifner-subgroup-8
1: Starting numprocs=8 N=3000, M=3000 impl=g-rabenseifner-subgroup-8
5: Starting numprocs=8 N=3000, M=3000 impl=g-rabenseifner-subgroup-8
3: Starting numprocs=8 N=3000, M=3000 impl=g-rabenseifner-subgroup-8
time: 0.071239s
Iteration 1
time: 0.062799s
Iteration 2
time: 0.063548s
Iteration 3
time: 0.065545s
Iteration 4
time: 0.061608s
Iteration 5
time: 0.061810s
Iteration 6
time: 0.062154s
Iteration 7
time: 0.062343s
Iteration 8
time: 0.063847s
Iteration 9
time: 0.062048s
Iteration 10
time: 0.061406s
Iteration 11
time: 0.061452s
Iteration 12
time: 0.063948s
Iteration 13
time: 0.063078s
Iteration 14
time: 0.062467s
Iteration 15
time: 0.063830s
Iteration 16
time: 0.062723s
Iteration 17
time: 0.062091s
Iteration 18
time: 0.060929s
Iteration 19
time: 0.061421s
Iteration 20
time: 0.060916s
Iteration 21
time: 0.062195s
Iteration 22
time: 0.061920s
Iteration 23
time: 0.061851s
Iteration 24
time: 0.061885s
7: Starting numprocs=8 N=4000, M=4000 impl=allgather
2: Starting numprocs=8 N=4000, M=4000 impl=allgather
0: Starting numprocs=8 N=4000, M=4000 impl=allgather
Iteration 0
1: Starting numprocs=8 N=4000, M=4000 impl=allgather
4: Starting numprocs=8 N=4000, M=4000 impl=allgather
5: Starting numprocs=8 N=4000, M=4000 impl=allgather
3: Starting numprocs=8 N=4000, M=4000 impl=allgather
6: Starting numprocs=8 N=4000, M=4000 impl=allgather
time: 0.150108s
Iteration 1
time: 0.143728s
Iteration 2
time: 0.136546s
Iteration 3
time: 0.174420s
Iteration 4
time: 0.162248s
Iteration 5
time: 0.149744s
Iteration 6
time: 0.141103s
Iteration 7
time: 0.143048s
Iteration 8
time: 0.145826s
Iteration 9
time: 0.146953s
Iteration 10
time: 0.137541s
Iteration 11
time: 0.137935s
Iteration 12
time: 0.136083s
Iteration 13
time: 0.139757s
Iteration 14
time: 0.131922s
Iteration 15
time: 0.129017s
Iteration 16
time: 0.131975s
Iteration 17
time: 0.128405s
Iteration 18
time: 0.136604s
Iteration 19
time: 0.129181s
Iteration 20
time: 0.178409s
Iteration 21
time: 0.147376s
Iteration 22
time: 0.150008s
Iteration 23
time: 0.131256s
Iteration 24
time: 0.134542s
7: Starting numprocs=8 N=4000, M=4000 impl=allreduce
2: Starting numprocs=8 N=4000, M=4000 impl=allreduce
0: Starting numprocs=8 N=4000, M=4000 impl=allreduce
Iteration 0
4: Starting numprocs=8 N=4000, M=4000 impl=allreduce
5: Starting numprocs=8 N=4000, M=4000 impl=allreduce
3: Starting numprocs=8 N=4000, M=4000 impl=allreduce
1: Starting numprocs=8 N=4000, M=4000 impl=allreduce
6: Starting numprocs=8 N=4000, M=4000 impl=allreduce
time: 0.366254s
Iteration 1
time: 0.323009s
Iteration 2
time: 0.321013s
Iteration 3
time: 0.325614s
Iteration 4
time: 0.326942s
Iteration 5
time: 0.333248s
Iteration 6
time: 0.323560s
Iteration 7
time: 0.325344s
Iteration 8
time: 0.323649s
Iteration 9
time: 0.330611s
Iteration 10
time: 0.320964s
Iteration 11
time: 0.325814s
Iteration 12
time: 0.324703s
Iteration 13
time: 0.337251s
Iteration 14
time: 0.323642s
Iteration 15
time: 0.327564s
Iteration 16
time: 0.324150s
Iteration 17
time: 0.324258s
Iteration 18
time: 0.328830s
Iteration 19
time: 0.330852s
Iteration 20
time: 0.321263s
Iteration 21
time: 0.322958s
Iteration 22
time: 0.332589s
Iteration 23
time: 0.325688s
Iteration 24
time: 0.327952s
2: Starting numprocs=8 N=4000, M=4000 impl=allreduce-ring
5: Starting numprocs=8 N=4000, M=4000 impl=allreduce-ring
4: Starting numprocs=8 N=4000, M=4000 impl=allreduce-ring
7: Starting numprocs=8 N=4000, M=4000 impl=allreduce-ring
1: Starting numprocs=8 N=4000, M=4000 impl=allreduce-ring
0: Starting numprocs=8 N=4000, M=4000 impl=allreduce-ring
Iteration 0
6: Starting numprocs=8 N=4000, M=4000 impl=allreduce-ring
3: Starting numprocs=8 N=4000, M=4000 impl=allreduce-ring
time: 0.241815s
Iteration 1
time: 0.224533s
Iteration 2
time: 0.219069s
Iteration 3
time: 0.223451s
Iteration 4
time: 0.222914s
Iteration 5
time: 0.221147s
Iteration 6
time: 0.222304s
Iteration 7
time: 0.225217s
Iteration 8
time: 0.219081s
Iteration 9
time: 0.218568s
Iteration 10
time: 0.221395s
Iteration 11
time: 0.220779s
Iteration 12
time: 0.223322s
Iteration 13
time: 0.221186s
Iteration 14
time: 0.222247s
Iteration 15
time: 0.215268s
Iteration 16
time: 0.223049s
Iteration 17
time: 0.222172s
Iteration 18
time: 0.224646s
Iteration 19
time: 0.218179s
Iteration 20
time: 0.221449s
Iteration 21
time: 0.217794s
Iteration 22
time: 0.222509s
Iteration 23
time: 0.222749s
Iteration 24
time: 0.220334s
2: Starting numprocs=8 N=4000, M=4000 impl=g-rabenseifner-allgather
0: Starting numprocs=8 N=4000, M=4000 impl=g-rabenseifner-allgather
Iteration 0
7: Starting numprocs=8 N=4000, M=4000 impl=g-rabenseifner-allgather
4: Starting numprocs=8 N=4000, M=4000 impl=g-rabenseifner-allgather
1: Starting numprocs=8 N=4000, M=4000 impl=g-rabenseifner-allgather
5: Starting numprocs=8 N=4000, M=4000 impl=g-rabenseifner-allgather
6: Starting numprocs=8 N=4000, M=4000 impl=g-rabenseifner-allgather
3: Starting numprocs=8 N=4000, M=4000 impl=g-rabenseifner-allgather
time: 0.128199s
Iteration 1
time: 0.109111s
Iteration 2
time: 0.108784s
Iteration 3
time: 0.108737s
Iteration 4
time: 0.108861s
Iteration 5
time: 0.109678s
Iteration 6
time: 0.108521s
Iteration 7
time: 0.110029s
Iteration 8
time: 0.108277s
Iteration 9
time: 0.108762s
Iteration 10
time: 0.108385s
Iteration 11
time: 0.108719s
Iteration 12
time: 0.108463s
Iteration 13
time: 0.108067s
Iteration 14
time: 0.108137s
Iteration 15
time: 0.108475s
Iteration 16
time: 0.108773s
Iteration 17
time: 0.108671s
Iteration 18
time: 0.108886s
Iteration 19
time: 0.109325s
Iteration 20
time: 0.109181s
Iteration 21
time: 0.109039s
Iteration 22
time: 0.108458s
Iteration 23
time: 0.108648s
Iteration 24
time: 0.108519s
2: Starting numprocs=8 N=4000, M=4000 impl=g-rabenseifner-subgroup-2
4: Starting numprocs=8 N=4000, M=4000 impl=g-rabenseifner-subgroup-2
0: Starting numprocs=8 N=4000, M=4000 impl=g-rabenseifner-subgroup-2
Iteration 0
1: Starting numprocs=8 N=4000, M=4000 impl=g-rabenseifner-subgroup-2
5: Starting numprocs=8 N=4000, M=4000 impl=g-rabenseifner-subgroup-2
7: Starting numprocs=8 N=4000, M=4000 impl=g-rabenseifner-subgroup-2
6: Starting numprocs=8 N=4000, M=4000 impl=g-rabenseifner-subgroup-2
3: Starting numprocs=8 N=4000, M=4000 impl=g-rabenseifner-subgroup-2
time: 0.133720s
Iteration 1
time: 0.109661s
Iteration 2
time: 0.111217s
Iteration 3
time: 0.109228s
Iteration 4
time: 0.109197s
Iteration 5
time: 0.108555s
Iteration 6
time: 0.107567s
Iteration 7
time: 0.108907s
Iteration 8
time: 0.108960s
Iteration 9
time: 0.109119s
Iteration 10
time: 0.109362s
Iteration 11
time: 0.108956s
Iteration 12
time: 0.108555s
Iteration 13
time: 0.109452s
Iteration 14
time: 0.109472s
Iteration 15
time: 0.109015s
Iteration 16
time: 0.108468s
Iteration 17
time: 0.108726s
Iteration 18
time: 0.108826s
Iteration 19
time: 0.109481s
Iteration 20
time: 0.110523s
Iteration 21
time: 0.108830s
Iteration 22
time: 0.108525s
Iteration 23
time: 0.108573s
Iteration 24
time: 0.108885s
2: Starting numprocs=8 N=4000, M=4000 impl=g-rabenseifner-subgroup-4
0: Starting numprocs=8 N=4000, M=4000 impl=g-rabenseifner-subgroup-4
Iteration 0
7: Starting numprocs=8 N=4000, M=4000 impl=g-rabenseifner-subgroup-4
5: Starting numprocs=8 N=4000, M=4000 impl=g-rabenseifner-subgroup-4
1: Starting numprocs=8 N=4000, M=4000 impl=g-rabenseifner-subgroup-4
4: Starting numprocs=8 N=4000, M=4000 impl=g-rabenseifner-subgroup-4
3: Starting numprocs=8 N=4000, M=4000 impl=g-rabenseifner-subgroup-4
6: Starting numprocs=8 N=4000, M=4000 impl=g-rabenseifner-subgroup-4
time: 0.125001s
Iteration 1
time: 0.110087s
Iteration 2
time: 0.108684s
Iteration 3
time: 0.108983s
Iteration 4
time: 0.110546s
Iteration 5
time: 0.110243s
Iteration 6
time: 0.115777s
Iteration 7
time: 0.110705s
Iteration 8
time: 0.112187s
Iteration 9
time: 0.109087s
Iteration 10
time: 0.110107s
Iteration 11
time: 0.111881s
Iteration 12
time: 0.110574s
Iteration 13
time: 0.109780s
Iteration 14
time: 0.109262s
Iteration 15
time: 0.109811s
Iteration 16
time: 0.109936s
Iteration 17
time: 0.109989s
Iteration 18
time: 0.109958s
Iteration 19
time: 0.110447s
Iteration 20
time: 0.110959s
Iteration 21
time: 0.115107s
Iteration 22
time: 0.111287s
Iteration 23
time: 0.111477s
Iteration 24
time: 0.110274s
4: Starting numprocs=8 N=4000, M=4000 impl=g-rabenseifner-subgroup-8
0: Starting numprocs=8 N=4000, M=4000 impl=g-rabenseifner-subgroup-8
Iteration 0
5: Starting numprocs=8 N=4000, M=4000 impl=g-rabenseifner-subgroup-8
7: Starting numprocs=8 N=4000, M=4000 impl=g-rabenseifner-subgroup-8
2: Starting numprocs=8 N=4000, M=4000 impl=g-rabenseifner-subgroup-8
6: Starting numprocs=8 N=4000, M=4000 impl=g-rabenseifner-subgroup-8
1: Starting numprocs=8 N=4000, M=4000 impl=g-rabenseifner-subgroup-8
3: Starting numprocs=8 N=4000, M=4000 impl=g-rabenseifner-subgroup-8
time: 0.123400s
Iteration 1
time: 0.113510s
Iteration 2
time: 0.112092s
Iteration 3
time: 0.112674s
Iteration 4
time: 0.112877s
Iteration 5
time: 0.113694s
Iteration 6
time: 0.112214s
Iteration 7
time: 0.111197s
Iteration 8
time: 0.113254s
Iteration 9
time: 0.112779s
Iteration 10
time: 0.112882s
Iteration 11
time: 0.113079s
Iteration 12
time: 0.117212s
Iteration 13
time: 0.114534s
Iteration 14
time: 0.123896s
Iteration 15
time: 0.115284s
Iteration 16
time: 0.114105s
Iteration 17
time: 0.114928s
Iteration 18
time: 0.112472s
Iteration 19
time: 0.110712s
Iteration 20
time: 0.109042s
Iteration 21
time: 0.113845s
Iteration 22
time: 0.115949s
Iteration 23
time: 0.111946s
Iteration 24
time: 0.112620s
2: Starting numprocs=8 N=5000, M=5000 impl=allgather
0: Starting numprocs=8 N=5000, M=5000 impl=allgather
Iteration 0
5: Starting numprocs=8 N=5000, M=5000 impl=allgather
7: Starting numprocs=8 N=5000, M=5000 impl=allgather
4: Starting numprocs=8 N=5000, M=5000 impl=allgather
6: Starting numprocs=8 N=5000, M=5000 impl=allgather
1: Starting numprocs=8 N=5000, M=5000 impl=allgather
3: Starting numprocs=8 N=5000, M=5000 impl=allgather
time: 0.223931s
Iteration 1
time: 0.222722s
Iteration 2
time: 0.224140s
Iteration 3
time: 0.259689s
Iteration 4
time: 0.234795s
Iteration 5
time: 0.224036s
Iteration 6
time: 0.229518s
Iteration 7
time: 0.235135s
Iteration 8
time: 0.224441s
Iteration 9
time: 0.222222s
Iteration 10
time: 0.225078s
Iteration 11
time: 0.224889s
Iteration 12
time: 0.225308s
Iteration 13
time: 0.222401s
Iteration 14
time: 0.235779s
Iteration 15
time: 0.239177s
Iteration 16
time: 0.223661s
Iteration 17
time: 0.228296s
Iteration 18
time: 0.232487s
Iteration 19
time: 0.235302s
Iteration 20
time: 0.223307s
Iteration 21
time: 0.222003s
Iteration 22
time: 0.223016s
Iteration 23
time: 0.224142s
Iteration 24
time: 0.225498s
2: Starting numprocs=8 N=5000, M=5000 impl=allreduce
4: Starting numprocs=8 N=5000, M=5000 impl=allreduce
7: Starting numprocs=8 N=5000, M=5000 impl=allreduce
0: Starting numprocs=8 N=5000, M=5000 impl=allreduce
Iteration 0
1: Starting numprocs=8 N=5000, M=5000 impl=allreduce
6: Starting numprocs=8 N=5000, M=5000 impl=allreduce
5: Starting numprocs=8 N=5000, M=5000 impl=allreduce
3: Starting numprocs=8 N=5000, M=5000 impl=allreduce
time: 0.580171s
Iteration 1
time: 0.510726s
Iteration 2
time: 0.503417s
Iteration 3
time: 0.508925s
Iteration 4
time: 0.508624s
Iteration 5
time: 0.504656s
Iteration 6
time: 0.526885s
Iteration 7
time: 0.507710s
Iteration 8
time: 0.502449s
Iteration 9
time: 0.533366s
Iteration 10
time: 0.501757s
Iteration 11
time: 0.508738s
Iteration 12
time: 0.501039s
Iteration 13
time: 0.504224s
Iteration 14
time: 0.510684s
Iteration 15
time: 0.515045s
Iteration 16
time: 0.505386s
Iteration 17
time: 0.501274s
Iteration 18
time: 0.503509s
Iteration 19
time: 0.504044s
Iteration 20
time: 0.508610s
Iteration 21
time: 0.507076s
Iteration 22
time: 0.507518s
Iteration 23
time: 0.514582s
Iteration 24
time: 0.504481s
2: Starting numprocs=8 N=5000, M=5000 impl=allreduce-ring
4: Starting numprocs=8 N=5000, M=5000 impl=allreduce-ring
5: Starting numprocs=8 N=5000, M=5000 impl=allreduce-ring
7: Starting numprocs=8 N=5000, M=5000 impl=allreduce-ring
0: Starting numprocs=8 N=5000, M=5000 impl=allreduce-ring
Iteration 0
3: Starting numprocs=8 N=5000, M=5000 impl=allreduce-ring
1: Starting numprocs=8 N=5000, M=5000 impl=allreduce-ring
6: Starting numprocs=8 N=5000, M=5000 impl=allreduce-ring
time: 0.387632s
Iteration 1
time: 0.354528s
Iteration 2
time: 0.349924s
Iteration 3
time: 0.356491s
Iteration 4
time: 0.344380s
Iteration 5
time: 0.348470s
Iteration 6
time: 0.346214s
Iteration 7
time: 0.351302s
Iteration 8
time: 0.344928s
Iteration 9
time: 0.350339s
Iteration 10
time: 0.345964s
Iteration 11
time: 0.347781s
Iteration 12
time: 0.347007s
Iteration 13
time: 0.345436s
Iteration 14
time: 0.352005s
Iteration 15
time: 0.347918s
Iteration 16
time: 0.340398s
Iteration 17
time: 0.352655s
Iteration 18
time: 0.347808s
Iteration 19
time: 0.353730s
Iteration 20
time: 0.351698s
Iteration 21
time: 0.347756s
Iteration 22
time: 0.349290s
Iteration 23
time: 0.353820s
Iteration 24
time: 0.346595s
2: Starting numprocs=8 N=5000, M=5000 impl=g-rabenseifner-allgather
0: Starting numprocs=8 N=5000, M=5000 impl=g-rabenseifner-allgather
Iteration 0
4: Starting numprocs=8 N=5000, M=5000 impl=g-rabenseifner-allgather
7: Starting numprocs=8 N=5000, M=5000 impl=g-rabenseifner-allgather
5: Starting numprocs=8 N=5000, M=5000 impl=g-rabenseifner-allgather
1: Starting numprocs=8 N=5000, M=5000 impl=g-rabenseifner-allgather
6: Starting numprocs=8 N=5000, M=5000 impl=g-rabenseifner-allgather
3: Starting numprocs=8 N=5000, M=5000 impl=g-rabenseifner-allgather
time: 0.198726s
Iteration 1
time: 0.169760s
Iteration 2
time: 0.170467s
Iteration 3
time: 0.169625s
Iteration 4
time: 0.169669s
Iteration 5
time: 0.169549s
Iteration 6
time: 0.169831s
Iteration 7
time: 0.169547s
Iteration 8
time: 0.169998s
Iteration 9
time: 0.169543s
Iteration 10
time: 0.170074s
Iteration 11
time: 0.168698s
Iteration 12
time: 0.169083s
Iteration 13
time: 0.169427s
Iteration 14
time: 0.170008s
Iteration 15
time: 0.169214s
Iteration 16
time: 0.170011s
Iteration 17
time: 0.169826s
Iteration 18
time: 0.170134s
Iteration 19
time: 0.170154s
Iteration 20
time: 0.169428s
Iteration 21
time: 0.170035s
Iteration 22
time: 0.169117s
Iteration 23
time: 0.169336s
Iteration 24
time: 0.168972s
2: Starting numprocs=8 N=5000, M=5000 impl=g-rabenseifner-subgroup-2
7: Starting numprocs=8 N=5000, M=5000 impl=g-rabenseifner-subgroup-2
5: Starting numprocs=8 N=5000, M=5000 impl=g-rabenseifner-subgroup-2
0: Starting numprocs=8 N=5000, M=5000 impl=g-rabenseifner-subgroup-2
Iteration 0
1: Starting numprocs=8 N=5000, M=5000 impl=g-rabenseifner-subgroup-2
4: Starting numprocs=8 N=5000, M=5000 impl=g-rabenseifner-subgroup-2
6: Starting numprocs=8 N=5000, M=5000 impl=g-rabenseifner-subgroup-2
3: Starting numprocs=8 N=5000, M=5000 impl=g-rabenseifner-subgroup-2
time: 0.203134s
Iteration 1
time: 0.170122s
Iteration 2
time: 0.173146s
Iteration 3
time: 0.170594s
Iteration 4
time: 0.169068s
Iteration 5
time: 0.171875s
Iteration 6
time: 0.171264s
Iteration 7
time: 0.169941s
Iteration 8
time: 0.169784s
Iteration 9
time: 0.171882s
Iteration 10
time: 0.170935s
Iteration 11
time: 0.170991s
Iteration 12
time: 0.171257s
Iteration 13
time: 0.176233s
Iteration 14
time: 0.170589s
Iteration 15
time: 0.169864s
Iteration 16
time: 0.169487s
Iteration 17
time: 0.170650s
Iteration 18
time: 0.171098s
Iteration 19
time: 0.169176s
Iteration 20
time: 0.170196s
Iteration 21
time: 0.170628s
Iteration 22
time: 0.170802s
Iteration 23
time: 0.172873s
Iteration 24
time: 0.170846s
4: Starting numprocs=8 N=5000, M=5000 impl=g-rabenseifner-subgroup-4
2: Starting numprocs=8 N=5000, M=5000 impl=g-rabenseifner-subgroup-4
0: Starting numprocs=8 N=5000, M=5000 impl=g-rabenseifner-subgroup-4
Iteration 0
7: Starting numprocs=8 N=5000, M=5000 impl=g-rabenseifner-subgroup-4
1: Starting numprocs=8 N=5000, M=5000 impl=g-rabenseifner-subgroup-4
5: Starting numprocs=8 N=5000, M=5000 impl=g-rabenseifner-subgroup-4
3: Starting numprocs=8 N=5000, M=5000 impl=g-rabenseifner-subgroup-4
6: Starting numprocs=8 N=5000, M=5000 impl=g-rabenseifner-subgroup-4
time: 0.189827s
Iteration 1
time: 0.173000s
Iteration 2
time: 0.170503s
Iteration 3
time: 0.171979s
Iteration 4
time: 0.169844s
Iteration 5
time: 0.172090s
Iteration 6
time: 0.175982s
Iteration 7
time: 0.172082s
Iteration 8
time: 0.172929s
Iteration 9
time: 0.171200s
Iteration 10
time: 0.173105s
Iteration 11
time: 0.172432s
Iteration 12
time: 0.179731s
Iteration 13
time: 0.173811s
Iteration 14
time: 0.172171s
Iteration 15
time: 0.171078s
Iteration 16
time: 0.170919s
Iteration 17
time: 0.171411s
Iteration 18
time: 0.172190s
Iteration 19
time: 0.171868s
Iteration 20
time: 0.172186s
Iteration 21
time: 0.171380s
Iteration 22
time: 0.170906s
Iteration 23
time: 0.172199s
Iteration 24
time: 0.172100s
7: Starting numprocs=8 N=5000, M=5000 impl=g-rabenseifner-subgroup-8
5: Starting numprocs=8 N=5000, M=5000 impl=g-rabenseifner-subgroup-8
1: Starting numprocs=8 N=5000, M=5000 impl=g-rabenseifner-subgroup-8
4: Starting numprocs=8 N=5000, M=5000 impl=g-rabenseifner-subgroup-8
0: Starting numprocs=8 N=5000, M=5000 impl=g-rabenseifner-subgroup-8
Iteration 0
2: Starting numprocs=8 N=5000, M=5000 impl=g-rabenseifner-subgroup-8
6: Starting numprocs=8 N=5000, M=5000 impl=g-rabenseifner-subgroup-8
3: Starting numprocs=8 N=5000, M=5000 impl=g-rabenseifner-subgroup-8
time: 0.188045s
Iteration 1
time: 0.179744s
Iteration 2
time: 0.174655s
Iteration 3
time: 0.176278s
Iteration 4
time: 0.179333s
Iteration 5
time: 0.179559s
Iteration 6
time: 0.176419s
Iteration 7
time: 0.173788s
Iteration 8
time: 0.172878s
Iteration 9
time: 0.174602s
Iteration 10
time: 0.174843s
Iteration 11
time: 0.173391s
Iteration 12
time: 0.176000s
Iteration 13
time: 0.177258s
Iteration 14
time: 0.176102s
Iteration 15
time: 0.179695s
Iteration 16
time: 0.187923s
Iteration 17
time: 0.173285s
Iteration 18
time: 0.174406s
Iteration 19
time: 0.171696s
Iteration 20
time: 0.174843s
Iteration 21
time: 0.173638s
Iteration 22
time: 0.175196s
Iteration 23
time: 0.174439s
Iteration 24
time: 0.172926s
0: Starting numprocs=8 N=6000, M=6000 impl=allgather
Iteration 0
2: Starting numprocs=8 N=6000, M=6000 impl=allgather
7: Starting numprocs=8 N=6000, M=6000 impl=allgather
5: Starting numprocs=8 N=6000, M=6000 impl=allgather
1: Starting numprocs=8 N=6000, M=6000 impl=allgather
4: Starting numprocs=8 N=6000, M=6000 impl=allgather
3: Starting numprocs=8 N=6000, M=6000 impl=allgather
6: Starting numprocs=8 N=6000, M=6000 impl=allgather
time: 0.328975s
Iteration 1
time: 0.333591s
Iteration 2
time: 0.373636s
Iteration 3
time: 0.324468s
Iteration 4
time: 0.332722s
Iteration 5
time: 0.336349s
Iteration 6
time: 0.319687s
Iteration 7
time: 0.323430s
Iteration 8
time: 0.322128s
Iteration 9
time: 0.325723s
Iteration 10
time: 0.329012s
Iteration 11
time: 0.369579s
Iteration 12
time: 0.326303s
Iteration 13
time: 0.344828s
Iteration 14
time: 0.342625s
Iteration 15
time: 0.323182s
Iteration 16
time: 0.336227s
Iteration 17
time: 0.332336s
Iteration 18
time: 0.322911s
Iteration 19
time: 0.329489s
Iteration 20
time: 0.330303s
Iteration 21
time: 0.323958s
Iteration 22
time: 0.319770s
Iteration 23
time: 0.324562s
Iteration 24
time: 0.324936s
2: Starting numprocs=8 N=6000, M=6000 impl=allreduce
7: Starting numprocs=8 N=6000, M=6000 impl=allreduce
4: Starting numprocs=8 N=6000, M=6000 impl=allreduce
5: Starting numprocs=8 N=6000, M=6000 impl=allreduce
0: Starting numprocs=8 N=6000, M=6000 impl=allreduce
Iteration 0
1: Starting numprocs=8 N=6000, M=6000 impl=allreduce
6: Starting numprocs=8 N=6000, M=6000 impl=allreduce
3: Starting numprocs=8 N=6000, M=6000 impl=allreduce
time: 0.835209s
Iteration 1
time: 0.749213s
Iteration 2
time: 0.736347s
Iteration 3
time: 0.729803s
Iteration 4
time: 0.727741s
Iteration 5
time: 0.725913s
Iteration 6
time: 0.725054s
Iteration 7
time: 0.724884s
Iteration 8
time: 0.723741s
Iteration 9
time: 0.754123s
Iteration 10
time: 0.725198s
Iteration 11
time: 0.728461s
Iteration 12
time: 0.727697s
Iteration 13
time: 0.729702s
Iteration 14
time: 0.730120s
Iteration 15
time: 0.765340s
Iteration 16
time: 0.736023s
Iteration 17
time: 0.725872s
Iteration 18
time: 0.726682s
Iteration 19
time: 0.732812s
Iteration 20
time: 0.742030s
Iteration 21
time: 0.738385s
Iteration 22
time: 0.735946s
Iteration 23
time: 0.728676s
Iteration 24
time: 0.739947s
0: Starting numprocs=8 N=6000, M=6000 impl=allreduce-ring
Iteration 0
7: Starting numprocs=8 N=6000, M=6000 impl=allreduce-ring
2: Starting numprocs=8 N=6000, M=6000 impl=allreduce-ring
4: Starting numprocs=8 N=6000, M=6000 impl=allreduce-ring
5: Starting numprocs=8 N=6000, M=6000 impl=allreduce-ring
3: Starting numprocs=8 N=6000, M=6000 impl=allreduce-ring
6: Starting numprocs=8 N=6000, M=6000 impl=allreduce-ring
1: Starting numprocs=8 N=6000, M=6000 impl=allreduce-ring
time: 0.699387s
Iteration 1
time: 0.589648s
Iteration 2
time: 0.577988s
Iteration 3
time: 0.591329s
Iteration 4
time: 0.587583s
Iteration 5
time: 0.582656s
Iteration 6
time: 0.593541s
Iteration 7
time: 0.577589s
Iteration 8
time: 0.586766s
Iteration 9
time: 0.578538s
Iteration 10
time: 0.572466s
Iteration 11
time: 0.593742s
Iteration 12
time: 0.585902s
Iteration 13
time: 0.584378s
Iteration 14
time: 0.600750s
Iteration 15
time: 0.583755s
Iteration 16
time: 0.582219s
Iteration 17
time: 0.581387s
Iteration 18
time: 0.573782s
Iteration 19
time: 0.593968s
Iteration 20
time: 0.592961s
Iteration 21
time: 0.580117s
Iteration 22
time: 0.589389s
Iteration 23
time: 0.580452s
Iteration 24
time: 0.577777s
2: Starting numprocs=8 N=6000, M=6000 impl=g-rabenseifner-allgather
7: Starting numprocs=8 N=6000, M=6000 impl=g-rabenseifner-allgather
0: Starting numprocs=8 N=6000, M=6000 impl=g-rabenseifner-allgather
Iteration 0
4: Starting numprocs=8 N=6000, M=6000 impl=g-rabenseifner-allgather
5: Starting numprocs=8 N=6000, M=6000 impl=g-rabenseifner-allgather
1: Starting numprocs=8 N=6000, M=6000 impl=g-rabenseifner-allgather
3: Starting numprocs=8 N=6000, M=6000 impl=g-rabenseifner-allgather
6: Starting numprocs=8 N=6000, M=6000 impl=g-rabenseifner-allgather
time: 0.279263s
Iteration 1
time: 0.245528s
Iteration 2
time: 0.243964s
Iteration 3
time: 0.245382s
Iteration 4
time: 0.244129s
Iteration 5
time: 0.243593s
Iteration 6
time: 0.246982s
Iteration 7
time: 0.244181s
Iteration 8
time: 0.243767s
Iteration 9
time: 0.243624s
Iteration 10
time: 0.245306s
Iteration 11
time: 0.243672s
Iteration 12
time: 0.244775s
Iteration 13
time: 0.243615s
Iteration 14
time: 0.246641s
Iteration 15
time: 0.243935s
Iteration 16
time: 0.243524s
Iteration 17
time: 0.244293s
Iteration 18
time: 0.243675s
Iteration 19
time: 0.244193s
Iteration 20
time: 0.245263s
Iteration 21
time: 0.245809s
Iteration 22
time: 0.244723s
Iteration 23
time: 0.243784s
Iteration 24
time: 0.243832s
4: Starting numprocs=8 N=6000, M=6000 impl=g-rabenseifner-subgroup-2
2: Starting numprocs=8 N=6000, M=6000 impl=g-rabenseifner-subgroup-2
0: Starting numprocs=8 N=6000, M=6000 impl=g-rabenseifner-subgroup-2
Iteration 0
7: Starting numprocs=8 N=6000, M=6000 impl=g-rabenseifner-subgroup-2
5: Starting numprocs=8 N=6000, M=6000 impl=g-rabenseifner-subgroup-2
1: Starting numprocs=8 N=6000, M=6000 impl=g-rabenseifner-subgroup-2
6: Starting numprocs=8 N=6000, M=6000 impl=g-rabenseifner-subgroup-2
3: Starting numprocs=8 N=6000, M=6000 impl=g-rabenseifner-subgroup-2
time: 0.293026s
Iteration 1
time: 0.247221s
Iteration 2
time: 0.246848s
Iteration 3
time: 0.248905s
Iteration 4
time: 0.253577s
Iteration 5
time: 0.247060s
Iteration 6
time: 0.246405s
Iteration 7
time: 0.247565s
Iteration 8
time: 0.244943s
Iteration 9
time: 0.247617s
Iteration 10
time: 0.248435s
Iteration 11
time: 0.250194s
Iteration 12
time: 0.248249s
Iteration 13
time: 0.250032s
Iteration 14
time: 0.249349s
Iteration 15
time: 0.247965s
Iteration 16
time: 0.245581s
Iteration 17
time: 0.247811s
Iteration 18
time: 0.246487s
Iteration 19
time: 0.247798s
Iteration 20
time: 0.248877s
Iteration 21
time: 1.450934s
Iteration 22
time: 1.432956s
Iteration 23
time: 1.726052s
Iteration 24
time: 0.245621s
4: Starting numprocs=8 N=6000, M=6000 impl=g-rabenseifner-subgroup-4
2: Starting numprocs=8 N=6000, M=6000 impl=g-rabenseifner-subgroup-4
1: Starting numprocs=8 N=6000, M=6000 impl=g-rabenseifner-subgroup-4
0: Starting numprocs=8 N=6000, M=6000 impl=g-rabenseifner-subgroup-4
Iteration 0
7: Starting numprocs=8 N=6000, M=6000 impl=g-rabenseifner-subgroup-4
5: Starting numprocs=8 N=6000, M=6000 impl=g-rabenseifner-subgroup-4
6: Starting numprocs=8 N=6000, M=6000 impl=g-rabenseifner-subgroup-4
3: Starting numprocs=8 N=6000, M=6000 impl=g-rabenseifner-subgroup-4
time: 0.269735s
Iteration 1
time: 0.243240s
Iteration 2
time: 0.248874s
Iteration 3
time: 0.250614s
Iteration 4
time: 0.251864s
Iteration 5
time: 0.249282s
Iteration 6
time: 0.246777s
Iteration 7
time: 0.246119s
Iteration 8
time: 0.246980s
Iteration 9
time: 0.249042s
Iteration 10
time: 0.250387s
Iteration 11
time: 0.253948s
Iteration 12
time: 0.249880s
Iteration 13
time: 0.253048s
Iteration 14
time: 0.247116s
Iteration 15
time: 0.242485s
Iteration 16
time: 0.246917s
Iteration 17
time: 0.249820s
Iteration 18
time: 0.249731s
Iteration 19
time: 0.247139s
Iteration 20
time: 0.255636s
Iteration 21
time: 0.246176s
Iteration 22
time: 0.245828s
Iteration 23
time: 0.245065s
Iteration 24
time: 0.243385s
4: Starting numprocs=8 N=6000, M=6000 impl=g-rabenseifner-subgroup-8
7: Starting numprocs=8 N=6000, M=6000 impl=g-rabenseifner-subgroup-8
2: Starting numprocs=8 N=6000, M=6000 impl=g-rabenseifner-subgroup-8
5: Starting numprocs=8 N=6000, M=6000 impl=g-rabenseifner-subgroup-8
3: Starting numprocs=8 N=6000, M=6000 impl=g-rabenseifner-subgroup-8
0: Starting numprocs=8 N=6000, M=6000 impl=g-rabenseifner-subgroup-8
Iteration 0
6: Starting numprocs=8 N=6000, M=6000 impl=g-rabenseifner-subgroup-8
1: Starting numprocs=8 N=6000, M=6000 impl=g-rabenseifner-subgroup-8
time: 0.287346s
Iteration 1
time: 0.270061s
Iteration 2
time: 0.254945s
Iteration 3
time: 0.250050s
Iteration 4
time: 0.254613s
Iteration 5
time: 0.265381s
Iteration 6
time: 0.258322s
Iteration 7
time: 0.258250s
Iteration 8
time: 0.269439s
Iteration 9
time: 0.254616s
Iteration 10
time: 0.253911s
Iteration 11
time: 0.248831s
Iteration 12
time: 0.248847s
Iteration 13
time: 0.252461s
Iteration 14
time: 0.262831s
Iteration 15
time: 0.258208s
Iteration 16
time: 0.282467s
Iteration 17
time: 0.258234s
Iteration 18
time: 0.252973s
Iteration 19
time: 0.251293s
Iteration 20
time: 0.251764s
Iteration 21
time: 0.262495s
Iteration 22
time: 0.258381s
Iteration 23
time: 0.267550s
Iteration 24
time: 0.257702s
7: Starting numprocs=8 N=7000, M=7000 impl=allgather
0: Starting numprocs=8 N=7000, M=7000 impl=allgather
Iteration 0
2: Starting numprocs=8 N=7000, M=7000 impl=allgather
4: Starting numprocs=8 N=7000, M=7000 impl=allgather
1: Starting numprocs=8 N=7000, M=7000 impl=allgather
6: Starting numprocs=8 N=7000, M=7000 impl=allgather
5: Starting numprocs=8 N=7000, M=7000 impl=allgather
3: Starting numprocs=8 N=7000, M=7000 impl=allgather
time: 0.443592s
Iteration 1
time: 0.444306s
Iteration 2
time: 0.509914s
Iteration 3
time: 0.453791s
Iteration 4
time: 0.446350s
Iteration 5
time: 0.445508s
Iteration 6
time: 0.495057s
Iteration 7
time: 0.472638s
Iteration 8
time: 0.437363s
Iteration 9
time: 0.438585s
Iteration 10
time: 0.445016s
Iteration 11
time: 0.482764s
Iteration 12
time: 0.484925s
Iteration 13
time: 0.442474s
Iteration 14
time: 0.445650s
Iteration 15
time: 0.500617s
Iteration 16
time: 0.465373s
Iteration 17
time: 0.441837s
Iteration 18
time: 0.439611s
Iteration 19
time: 0.458526s
Iteration 20
time: 0.451584s
Iteration 21
time: 0.494035s
Iteration 22
time: 0.444291s
Iteration 23
time: 0.467490s
Iteration 24
time: 0.464615s
7: Starting numprocs=8 N=7000, M=7000 impl=allreduce
2: Starting numprocs=8 N=7000, M=7000 impl=allreduce
0: Starting numprocs=8 N=7000, M=7000 impl=allreduce
Iteration 0
4: Starting numprocs=8 N=7000, M=7000 impl=allreduce
1: Starting numprocs=8 N=7000, M=7000 impl=allreduce
5: Starting numprocs=8 N=7000, M=7000 impl=allreduce
3: Starting numprocs=8 N=7000, M=7000 impl=allreduce
6: Starting numprocs=8 N=7000, M=7000 impl=allreduce
time: 1.270733s
Iteration 1
time: 0.998492s
Iteration 2
time: 0.992065s
Iteration 3
time: 0.985371s
Iteration 4
time: 1.197571s
Iteration 5
time: 0.990590s
Iteration 6
time: 0.992688s
Iteration 7
time: 1.002614s
Iteration 8
time: 2.449661s
Iteration 9
time: 1.015463s
Iteration 10
time: 7.555235s
Iteration 11
time: 0.993118s
Iteration 12
time: 1.003832s
Iteration 13
time: 1.063777s
Iteration 14
time: 0.990863s
Iteration 15
time: 1.010522s
Iteration 16
time: 0.995679s
Iteration 17
time: 1.000056s
Iteration 18
time: 1.000179s
Iteration 19
time: 1.208596s
Iteration 20
time: 0.990593s
Iteration 21
time: 0.985595s
Iteration 22
time: 1.019440s
Iteration 23
time: 1.232871s
Iteration 24
time: 14.008829s
7: Starting numprocs=8 N=7000, M=7000 impl=allreduce-ring
4: Starting numprocs=8 N=7000, M=7000 impl=allreduce-ring
1: Starting numprocs=8 N=7000, M=7000 impl=allreduce-ring
2: Starting numprocs=8 N=7000, M=7000 impl=allreduce-ring
0: Starting numprocs=8 N=7000, M=7000 impl=allreduce-ring
Iteration 0
5: Starting numprocs=8 N=7000, M=7000 impl=allreduce-ring
6: Starting numprocs=8 N=7000, M=7000 impl=allreduce-ring
3: Starting numprocs=8 N=7000, M=7000 impl=allreduce-ring
time: 0.913397s
Iteration 1
time: 5.108178s
Iteration 2
time: 0.805317s
Iteration 3
time: 0.778988s
Iteration 4
time: 0.787658s
Iteration 5
time: 0.785331s
Iteration 6
time: 0.800422s
Iteration 7
time: 10.883344s
Iteration 8
time: 0.786057s
Iteration 9
time: 0.807390s
Iteration 10
time: 4.995951s
Iteration 11
time: 0.786988s
Iteration 12
time: 2.958980s
Iteration 13
time: 0.786426s
Iteration 14
time: 0.799349s
Iteration 15
time: 9.459736s
Iteration 16
time: 0.784670s
Iteration 17
time: 10.930734s
Iteration 18
time: 0.803744s
Iteration 19
time: 0.787261s
Iteration 20
time: 5.112550s
Iteration 21
time: 0.783796s
Iteration 22
time: 11.611156s
Iteration 23
time: 0.794595s
Iteration 24
time: 0.787171s
2: Starting numprocs=8 N=7000, M=7000 impl=g-rabenseifner-allgather
4: Starting numprocs=8 N=7000, M=7000 impl=g-rabenseifner-allgather
7: Starting numprocs=8 N=7000, M=7000 impl=g-rabenseifner-allgather
0: Starting numprocs=8 N=7000, M=7000 impl=g-rabenseifner-allgather
Iteration 0
1: Starting numprocs=8 N=7000, M=7000 impl=g-rabenseifner-allgather
3: Starting numprocs=8 N=7000, M=7000 impl=g-rabenseifner-allgather
5: Starting numprocs=8 N=7000, M=7000 impl=g-rabenseifner-allgather
6: Starting numprocs=8 N=7000, M=7000 impl=g-rabenseifner-allgather
time: 0.377467s
Iteration 1
time: 0.333333s
Iteration 2
time: 0.333590s
Iteration 3
time: 0.332326s
Iteration 4
time: 0.334791s
Iteration 5
time: 0.332875s
Iteration 6
time: 0.333777s
Iteration 7
time: 0.347634s
Iteration 8
time: 0.332763s
Iteration 9
time: 0.332299s
Iteration 10
time: 0.332587s
Iteration 11
time: 0.332466s
Iteration 12
time: 0.335638s
Iteration 13
time: 0.347133s
Iteration 14
time: 0.332727s
Iteration 15
time: 0.331509s
Iteration 16
time: 0.333797s
Iteration 17
time: 0.332438s
Iteration 18
time: 0.333326s
Iteration 19
time: 2.403202s
Iteration 20
time: 0.336372s
Iteration 21
time: 0.332273s
Iteration 22
time: 0.332294s
Iteration 23
time: 0.332817s
Iteration 24
time: 0.333378s
2: Starting numprocs=8 N=7000, M=7000 impl=g-rabenseifner-subgroup-2
7: Starting numprocs=8 N=7000, M=7000 impl=g-rabenseifner-subgroup-2
0: Starting numprocs=8 N=7000, M=7000 impl=g-rabenseifner-subgroup-2
Iteration 0
4: Starting numprocs=8 N=7000, M=7000 impl=g-rabenseifner-subgroup-2
5: Starting numprocs=8 N=7000, M=7000 impl=g-rabenseifner-subgroup-2
6: Starting numprocs=8 N=7000, M=7000 impl=g-rabenseifner-subgroup-2
1: Starting numprocs=8 N=7000, M=7000 impl=g-rabenseifner-subgroup-2
3: Starting numprocs=8 N=7000, M=7000 impl=g-rabenseifner-subgroup-2
time: 1.572257s
Iteration 1
time: 0.336977s
Iteration 2
time: 0.339236s
Iteration 3
time: 0.338402s
Iteration 4
time: 0.334323s
Iteration 5
time: 0.335701s
Iteration 6
time: 2.386478s
Iteration 7
time: 0.336460s
Iteration 8
time: 0.336976s
Iteration 9
time: 0.336589s
Iteration 10
time: 0.335148s
Iteration 11
time: 0.336385s
Iteration 12
time: 2.399261s
Iteration 13
time: 0.335303s
Iteration 14
time: 0.336124s
Iteration 15
time: 0.341629s
Iteration 16
time: 0.340212s
Iteration 17
time: 0.337496s
Iteration 18
time: 0.337037s
Iteration 19
time: 0.336392s
Iteration 20
time: 1.634455s
Iteration 21
time: 0.341039s
Iteration 22
time: 0.335032s
Iteration 23
time: 0.332769s
Iteration 24
time: 0.336874s
2: Starting numprocs=8 N=7000, M=7000 impl=g-rabenseifner-subgroup-4
7: Starting numprocs=8 N=7000, M=7000 impl=g-rabenseifner-subgroup-4
1: Starting numprocs=8 N=7000, M=7000 impl=g-rabenseifner-subgroup-4
0: Starting numprocs=8 N=7000, M=7000 impl=g-rabenseifner-subgroup-4
Iteration 0
4: Starting numprocs=8 N=7000, M=7000 impl=g-rabenseifner-subgroup-4
5: Starting numprocs=8 N=7000, M=7000 impl=g-rabenseifner-subgroup-4
6: Starting numprocs=8 N=7000, M=7000 impl=g-rabenseifner-subgroup-4
3: Starting numprocs=8 N=7000, M=7000 impl=g-rabenseifner-subgroup-4
time: 0.373872s
Iteration 1
time: 0.342435s
Iteration 2
time: 0.344978s
Iteration 3
time: 0.341175s
Iteration 4
time: 0.334025s
Iteration 5
time: 0.336605s
Iteration 6
time: 3.766563s
Iteration 7
time: 0.338454s
Iteration 8
time: 0.341875s
Iteration 9
time: 0.337753s
Iteration 10
time: 0.344232s
Iteration 11
time: 12.428969s
Iteration 12
time: 0.335601s
Iteration 13
time: 0.334059s
Iteration 14
time: 0.333311s
Iteration 15
time: 0.336075s
Iteration 16
time: 0.339663s
Iteration 17
time: 4.569831s
Iteration 18
time: 0.335966s
Iteration 19
time: 0.337194s
Iteration 20
time: 0.338618s
Iteration 21
time: 0.336867s
Iteration 22
time: 0.342684s
Iteration 23
time: 0.366008s
Iteration 24
time: 0.339969s
2: Starting numprocs=8 N=7000, M=7000 impl=g-rabenseifner-subgroup-8
1: Starting numprocs=8 N=7000, M=7000 impl=g-rabenseifner-subgroup-8
7: Starting numprocs=8 N=7000, M=7000 impl=g-rabenseifner-subgroup-8
0: Starting numprocs=8 N=7000, M=7000 impl=g-rabenseifner-subgroup-8
Iteration 0
4: Starting numprocs=8 N=7000, M=7000 impl=g-rabenseifner-subgroup-8
5: Starting numprocs=8 N=7000, M=7000 impl=g-rabenseifner-subgroup-8
6: Starting numprocs=8 N=7000, M=7000 impl=g-rabenseifner-subgroup-8
3: Starting numprocs=8 N=7000, M=7000 impl=g-rabenseifner-subgroup-8
time: 0.375284s
Iteration 1
time: 0.354393s
Iteration 2
time: 0.341170s
Iteration 3
time: 0.340707s
Iteration 4
time: 0.346331s
Iteration 5
time: 0.356348s
Iteration 6
time: 0.365112s
Iteration 7
time: 0.352162s
Iteration 8
time: 0.345904s
Iteration 9
time: 0.350737s
Iteration 10
time: 0.342048s
Iteration 11
time: 0.335919s
Iteration 12
time: 0.340721s
Iteration 13
time: 0.351826s
Iteration 14
time: 0.367599s
Iteration 15
time: 0.376872s
Iteration 16
time: 0.341452s
Iteration 17
time: 0.352430s
Iteration 18
time: 0.341321s
Iteration 19
time: 0.340130s
Iteration 20
time: 0.338418s
Iteration 21
time: 0.350568s
Iteration 22
time: 0.358536s
Iteration 23
time: 0.363980s
Iteration 24
time: 0.351147s
2: Starting numprocs=8 N=8000, M=8000 impl=allgather
7: Starting numprocs=8 N=8000, M=8000 impl=allgather
4: Starting numprocs=8 N=8000, M=8000 impl=allgather
5: Starting numprocs=8 N=8000, M=8000 impl=allgather
0: Starting numprocs=8 N=8000, M=8000 impl=allgather
Iteration 0
1: Starting numprocs=8 N=8000, M=8000 impl=allgather
3: Starting numprocs=8 N=8000, M=8000 impl=allgather
6: Starting numprocs=8 N=8000, M=8000 impl=allgather
time: 0.570604s
Iteration 1
time: 0.575269s
Iteration 2
time: 0.599311s
Iteration 3
time: 0.634514s
Iteration 4
time: 0.629483s
Iteration 5
time: 0.558123s
Iteration 6
time: 0.573122s
Iteration 7
time: 0.580788s
Iteration 8
time: 0.652964s
Iteration 9
time: 0.617248s
Iteration 10
time: 0.565327s
Iteration 11
time: 0.569619s
Iteration 12
time: 0.587016s
Iteration 13
time: 0.684990s
Iteration 14
time: 0.601719s
Iteration 15
time: 0.581669s
Iteration 16
time: 0.567047s
Iteration 17
time: 0.582347s
Iteration 18
time: 0.677351s
Iteration 19
time: 0.590676s
Iteration 20
time: 0.627310s
Iteration 21
time: 0.590543s
Iteration 22
time: 0.582501s
Iteration 23
time: 0.626405s
Iteration 24
time: 0.602558s
2: Starting numprocs=8 N=8000, M=8000 impl=allreduce
7: Starting numprocs=8 N=8000, M=8000 impl=allreduce
0: Starting numprocs=8 N=8000, M=8000 impl=allreduce
Iteration 0
4: Starting numprocs=8 N=8000, M=8000 impl=allreduce
5: Starting numprocs=8 N=8000, M=8000 impl=allreduce
1: Starting numprocs=8 N=8000, M=8000 impl=allreduce
6: Starting numprocs=8 N=8000, M=8000 impl=allreduce
3: Starting numprocs=8 N=8000, M=8000 impl=allreduce
time: 24.324142s
Iteration 1
time: 1.284994s
Iteration 2
time: 3.452280s
Iteration 3
time: 1.288087s
Iteration 4
time: 1.351622s
Iteration 5
time: 1.318631s
Iteration 6
time: 1.305115s
Iteration 7
time: 1.325591s
Iteration 8
time: 1.311460s
Iteration 9
time: 1.325373s
Iteration 10
time: 1.297913s
Iteration 11
time: 2.788486s
Iteration 12
time: 1.293660s
Iteration 13
time: 12.953680s
Iteration 14
time: 6.784764s
Iteration 15
time: 1.333997s
Iteration 16
time: 50.416471s
Iteration 17
time: 1.291265s
Iteration 18
time: 16.072415s
Iteration 19
time: 1.317115s
Iteration 20
time: 1.301054s
Iteration 21
time: 1.302204s
Iteration 22
time: 1.300541s
Iteration 23
time: 1.323023s
Iteration 24
time: 1.318848s
7: Starting numprocs=8 N=8000, M=8000 impl=allreduce-ring
2: Starting numprocs=8 N=8000, M=8000 impl=allreduce-ring
5: Starting numprocs=8 N=8000, M=8000 impl=allreduce-ring
4: Starting numprocs=8 N=8000, M=8000 impl=allreduce-ring
0: Starting numprocs=8 N=8000, M=8000 impl=allreduce-ring
Iteration 0
1: Starting numprocs=8 N=8000, M=8000 impl=allreduce-ring
3: Starting numprocs=8 N=8000, M=8000 impl=allreduce-ring
6: Starting numprocs=8 N=8000, M=8000 impl=allreduce-ring
time: 1.198445s
Iteration 1
time: 1.040948s
Iteration 2
time: 1.042513s
Iteration 3
time: 1.033050s
Iteration 4
time: 1.039761s
Iteration 5
time: 1.035024s
Iteration 6
time: 1.022308s
Iteration 7
time: 5.329009s
Iteration 8
time: 1.023762s
Iteration 9
time: 5.325755s
Iteration 10
time: 1.032717s
Iteration 11
time: 1.032232s
Iteration 12
time: 1.047439s
Iteration 13
time: 5.336584s
Iteration 14
time: 1.030663s
Iteration 15
time: 3.172487s
Iteration 16
time: 1.027612s
Iteration 17
time: 1.024418s
Iteration 18
time: 1.017119s
Iteration 19
time: 5.324481s
Iteration 20
time: 1.042330s
Iteration 21
time: 1.018705s
Iteration 22
time: 1.022275s
Iteration 23
time: 1.037671s
Iteration 24
time: 1.021698s
7: Starting numprocs=8 N=8000, M=8000 impl=g-rabenseifner-allgather
2: Starting numprocs=8 N=8000, M=8000 impl=g-rabenseifner-allgather
0: Starting numprocs=8 N=8000, M=8000 impl=g-rabenseifner-allgather
Iteration 0
1: Starting numprocs=8 N=8000, M=8000 impl=g-rabenseifner-allgather
4: Starting numprocs=8 N=8000, M=8000 impl=g-rabenseifner-allgather
5: Starting numprocs=8 N=8000, M=8000 impl=g-rabenseifner-allgather
6: Starting numprocs=8 N=8000, M=8000 impl=g-rabenseifner-allgather
3: Starting numprocs=8 N=8000, M=8000 impl=g-rabenseifner-allgather
time: 2.371003s
Iteration 1
time: 0.434507s
Iteration 2
time: 0.434215s
Iteration 3
time: 0.433250s
Iteration 4
time: 0.433823s
Iteration 5
time: 0.441060s
Iteration 6
time: 0.436408s
Iteration 7
time: 0.433340s
Iteration 8
time: 0.434112s
Iteration 9
time: 0.434419s
Iteration 10
time: 0.434214s
Iteration 11
time: 0.432880s
Iteration 12
time: 0.433265s
Iteration 13
time: 0.434256s
Iteration 14
time: 0.439151s
Iteration 15
time: 0.438175s
Iteration 16
time: 0.434822s
Iteration 17
time: 0.433197s
Iteration 18
time: 0.437518s
Iteration 19
time: 0.433878s
Iteration 20
time: 0.432912s
Iteration 21
time: 0.434434s
Iteration 22
time: 2.578288s
Iteration 23
time: 0.433983s
Iteration 24
time: 0.434407s
7: Starting numprocs=8 N=8000, M=8000 impl=g-rabenseifner-subgroup-2
2: Starting numprocs=8 N=8000, M=8000 impl=g-rabenseifner-subgroup-2
4: Starting numprocs=8 N=8000, M=8000 impl=g-rabenseifner-subgroup-2
0: Starting numprocs=8 N=8000, M=8000 impl=g-rabenseifner-subgroup-2
Iteration 0
1: Starting numprocs=8 N=8000, M=8000 impl=g-rabenseifner-subgroup-2
5: Starting numprocs=8 N=8000, M=8000 impl=g-rabenseifner-subgroup-2
6: Starting numprocs=8 N=8000, M=8000 impl=g-rabenseifner-subgroup-2
3: Starting numprocs=8 N=8000, M=8000 impl=g-rabenseifner-subgroup-2
time: 2.438026s
Iteration 1
time: 0.438222s
Iteration 2
time: 0.443149s
Iteration 3
time: 0.439902s
Iteration 4
time: 0.440288s
Iteration 5
time: 0.437446s
Iteration 6
time: 0.436765s
Iteration 7
time: 0.441023s
Iteration 8
time: 0.442757s
Iteration 9
time: 0.437500s
Iteration 10
time: 0.435868s
Iteration 11
time: 0.441834s
Iteration 12
time: 0.441319s
Iteration 13
time: 0.439323s
Iteration 14
time: 0.447415s
Iteration 15
time: 0.438511s
Iteration 16
time: 0.437544s
Iteration 17
time: 0.440367s
Iteration 18
time: 0.438281s
Iteration 19
time: 0.440145s
Iteration 20
time: 0.437534s
Iteration 21
time: 0.435954s
Iteration 22
time: 0.440858s
Iteration 23
time: 2.427930s
Iteration 24
time: 0.447272s
7: Starting numprocs=8 N=8000, M=8000 impl=g-rabenseifner-subgroup-4
4: Starting numprocs=8 N=8000, M=8000 impl=g-rabenseifner-subgroup-4
2: Starting numprocs=8 N=8000, M=8000 impl=g-rabenseifner-subgroup-4
5: Starting numprocs=8 N=8000, M=8000 impl=g-rabenseifner-subgroup-4
0: Starting numprocs=8 N=8000, M=8000 impl=g-rabenseifner-subgroup-4
Iteration 0
1: Starting numprocs=8 N=8000, M=8000 impl=g-rabenseifner-subgroup-4
6: Starting numprocs=8 N=8000, M=8000 impl=g-rabenseifner-subgroup-4
3: Starting numprocs=8 N=8000, M=8000 impl=g-rabenseifner-subgroup-4
time: 9.120477s
Iteration 1
time: 0.447407s
Iteration 2
time: 0.443662s
Iteration 3
time: 0.458320s
Iteration 4
time: 0.437987s
Iteration 5
time: 2.436553s
Iteration 6
time: 0.437950s
Iteration 7
time: 0.437213s
Iteration 8
time: 0.437564s
Iteration 9
time: 0.446460s
Iteration 10
time: 0.439735s
Iteration 11
time: 0.462416s
Iteration 12
time: 0.437126s
Iteration 13
time: 0.437115s
Iteration 14
time: 0.449363s
Iteration 15
time: 0.432006s
Iteration 16
time: 0.448691s
Iteration 17
time: 0.441162s
Iteration 18
time: 2.076473s
Iteration 19
time: 2.478983s
Iteration 20
time: 0.440348s
Iteration 21
time: 0.436868s
Iteration 22
time: 0.441538s
Iteration 23
time: 2.390667s
Iteration 24
time: 0.442305s
7: Starting numprocs=8 N=8000, M=8000 impl=g-rabenseifner-subgroup-8
2: Starting numprocs=8 N=8000, M=8000 impl=g-rabenseifner-subgroup-8
4: Starting numprocs=8 N=8000, M=8000 impl=g-rabenseifner-subgroup-8
1: Starting numprocs=8 N=8000, M=8000 impl=g-rabenseifner-subgroup-8
0: Starting numprocs=8 N=8000, M=8000 impl=g-rabenseifner-subgroup-8
Iteration 0
6: Starting numprocs=8 N=8000, M=8000 impl=g-rabenseifner-subgroup-8
5: Starting numprocs=8 N=8000, M=8000 impl=g-rabenseifner-subgroup-8
3: Starting numprocs=8 N=8000, M=8000 impl=g-rabenseifner-subgroup-8
time: 0.469651s
Iteration 1
time: 0.454691s
Iteration 2
time: 0.447465s
Iteration 3
time: 0.450529s
Iteration 4
time: 0.453833s
Iteration 5
time: 0.470550s
Iteration 6
time: 0.452306s
Iteration 7
time: 0.451233s
Iteration 8
time: 0.445305s
Iteration 9
time: 0.445112s
Iteration 10
time: 0.456422s
Iteration 11
time: 0.462940s
Iteration 12
time: 0.448743s
Iteration 13
time: 0.450718s
Iteration 14
time: 0.446518s
Iteration 15
time: 0.453508s
Iteration 16
time: 0.452664s
Iteration 17
time: 0.462358s
Iteration 18
time: 0.452145s
Iteration 19
time: 0.449014s
Iteration 20
time: 0.452588s
Iteration 21
time: 0.455844s
Iteration 22
time: 0.457242s
Iteration 23
time: 0.458551s
Iteration 24
time: 0.454285s
