0: Starting numprocs=8 N=1000, M=1000 impl=allgather
Iteration 0
1: Starting numprocs=8 N=1000, M=1000 impl=allgather
6: Starting numprocs=8 N=1000, M=1000 impl=allgather
3: Starting numprocs=8 N=1000, M=1000 impl=allgather
4: Starting numprocs=8 N=1000, M=1000 impl=allgather
7: Starting numprocs=8 N=1000, M=1000 impl=allgather
2: Starting numprocs=8 N=1000, M=1000 impl=allgather
5: Starting numprocs=8 N=1000, M=1000 impl=allgather
time: 0.013813s
Iteration 1
time: 0.007752s
Iteration 2
time: 0.007672s
Iteration 3
time: 0.007657s
Iteration 4
time: 0.007730s
Iteration 5
time: 0.007848s
Iteration 6
time: 0.008338s
Iteration 7
time: 0.007881s
Iteration 8
time: 0.007816s
Iteration 9
time: 0.007801s
Iteration 10
time: 0.007732s
Iteration 11
time: 0.007816s
Iteration 12
time: 0.007782s
Iteration 13
time: 0.007789s
Iteration 14
time: 0.007801s
Iteration 15
time: 0.007967s
Iteration 16
time: 0.008084s
Iteration 17
time: 0.007871s
Iteration 18
time: 0.007923s
Iteration 19
time: 0.008038s
Iteration 20
time: 0.007901s
Iteration 21
time: 0.008598s
Iteration 22
time: 0.008495s
Iteration 23
time: 0.010058s
Iteration 24
time: 0.009710s
5: Starting numprocs=8 N=1000, M=1000 impl=allreduce
3: Starting numprocs=8 N=1000, M=1000 impl=allreduce
2: Starting numprocs=8 N=1000, M=1000 impl=allreduce
7: Starting numprocs=8 N=1000, M=1000 impl=allreduce
0: Starting numprocs=8 N=1000, M=1000 impl=allreduce
Iteration 0
4: Starting numprocs=8 N=1000, M=1000 impl=allreduce
1: Starting numprocs=8 N=1000, M=1000 impl=allreduce
6: Starting numprocs=8 N=1000, M=1000 impl=allreduce
time: 0.031356s
Iteration 1
time: 0.021334s
Iteration 2
time: 0.015358s
Iteration 3
time: 0.015539s
Iteration 4
time: 0.016035s
Iteration 5
time: 0.016727s
Iteration 6
time: 0.016452s
Iteration 7
time: 0.016265s
Iteration 8
time: 0.016347s
Iteration 9
time: 0.015379s
Iteration 10
time: 0.015777s
Iteration 11
time: 0.015233s
Iteration 12
time: 0.015586s
Iteration 13
time: 0.015322s
Iteration 14
time: 0.015325s
Iteration 15
time: 0.015520s
Iteration 16
time: 0.015644s
Iteration 17
time: 0.015321s
Iteration 18
time: 0.015545s
Iteration 19
time: 0.015320s
Iteration 20
time: 0.015535s
Iteration 21
time: 0.015448s
Iteration 22
time: 0.015368s
Iteration 23
time: 0.015586s
Iteration 24
time: 0.015594s
2: Starting numprocs=8 N=1000, M=1000 impl=allreduce-ring
3: Starting numprocs=8 N=1000, M=1000 impl=allreduce-ring
4: Starting numprocs=8 N=1000, M=1000 impl=allreduce-ring
5: Starting numprocs=8 N=1000, M=1000 impl=allreduce-ring
1: Starting numprocs=8 N=1000, M=1000 impl=allreduce-ring
6: Starting numprocs=8 N=1000, M=1000 impl=allreduce-ring
7: Starting numprocs=8 N=1000, M=1000 impl=allreduce-ring
0: Starting numprocs=8 N=1000, M=1000 impl=allreduce-ring
Iteration 0
time: 0.025356s
Iteration 1
time: 0.014300s
Iteration 2
time: 0.013987s
Iteration 3
time: 0.014550s
Iteration 4
time: 0.013879s
Iteration 5
time: 0.014040s
Iteration 6
time: 0.014377s
Iteration 7
time: 0.013868s
Iteration 8
time: 0.013807s
Iteration 9
time: 0.014306s
Iteration 10
time: 0.014034s
Iteration 11
time: 0.013957s
Iteration 12
time: 0.014592s
Iteration 13
time: 0.014298s
Iteration 14
time: 0.014530s
Iteration 15
time: 0.014081s
Iteration 16
time: 0.014201s
Iteration 17
time: 0.014003s
Iteration 18
time: 0.014131s
Iteration 19
time: 0.014014s
Iteration 20
time: 0.014291s
Iteration 21
time: 0.013872s
Iteration 22
time: 0.013925s
Iteration 23
time: 0.013839s
Iteration 24
time: 0.014398s
0: Starting numprocs=8 N=1000, M=1000 impl=g-rabenseifner-allgather
Iteration 0
2: Starting numprocs=8 N=1000, M=1000 impl=g-rabenseifner-allgather
1: Starting numprocs=8 N=1000, M=1000 impl=g-rabenseifner-allgather
3: Starting numprocs=8 N=1000, M=1000 impl=g-rabenseifner-allgather
4: Starting numprocs=8 N=1000, M=1000 impl=g-rabenseifner-allgather
5: Starting numprocs=8 N=1000, M=1000 impl=g-rabenseifner-allgather
7: Starting numprocs=8 N=1000, M=1000 impl=g-rabenseifner-allgather
6: Starting numprocs=8 N=1000, M=1000 impl=g-rabenseifner-allgather
time: 0.023099s
Iteration 1
time: 0.007088s
Iteration 2
time: 0.007027s
Iteration 3
time: 0.007474s
Iteration 4
time: 0.007002s
Iteration 5
time: 0.007004s
Iteration 6
time: 0.007008s
Iteration 7
time: 0.007040s
Iteration 8
time: 0.007068s
Iteration 9
time: 0.007036s
Iteration 10
time: 0.007097s
Iteration 11
time: 0.007013s
Iteration 12
time: 0.007517s
Iteration 13
time: 0.007032s
Iteration 14
time: 0.007013s
Iteration 15
time: 0.007010s
Iteration 16
time: 0.007046s
Iteration 17
time: 0.006996s
Iteration 18
time: 0.007051s
Iteration 19
time: 0.007450s
Iteration 20
time: 0.007035s
Iteration 21
time: 0.007026s
Iteration 22
time: 0.006996s
Iteration 23
time: 0.006999s
Iteration 24
time: 0.006985s
2: Starting numprocs=8 N=1000, M=1000 impl=g-rabenseifner-subgroup-2
0: Starting numprocs=8 N=1000, M=1000 impl=g-rabenseifner-subgroup-2
Iteration 0
6: Starting numprocs=8 N=1000, M=1000 impl=g-rabenseifner-subgroup-2
5: Starting numprocs=8 N=1000, M=1000 impl=g-rabenseifner-subgroup-2
7: Starting numprocs=8 N=1000, M=1000 impl=g-rabenseifner-subgroup-2
1: Starting numprocs=8 N=1000, M=1000 impl=g-rabenseifner-subgroup-2
4: Starting numprocs=8 N=1000, M=1000 impl=g-rabenseifner-subgroup-2
3: Starting numprocs=8 N=1000, M=1000 impl=g-rabenseifner-subgroup-2
time: 0.023657s
Iteration 1
time: 0.007075s
Iteration 2
time: 0.007061s
Iteration 3
time: 0.007566s
Iteration 4
time: 0.007062s
Iteration 5
time: 0.007092s
Iteration 6
time: 0.007069s
Iteration 7
time: 0.007039s
Iteration 8
time: 0.007038s
Iteration 9
time: 0.007051s
Iteration 10
time: 0.007036s
Iteration 11
time: 0.007096s
Iteration 12
time: 0.007172s
Iteration 13
time: 0.007096s
Iteration 14
time: 0.007661s
Iteration 15
time: 0.007113s
Iteration 16
time: 0.007094s
Iteration 17
time: 0.007085s
Iteration 18
time: 0.007130s
Iteration 19
time: 0.007781s
Iteration 20
time: 0.007089s
Iteration 21
time: 0.007141s
Iteration 22
time: 0.007138s
Iteration 23
time: 0.007057s
Iteration 24
time: 0.007098s
2: Starting numprocs=8 N=1000, M=1000 impl=g-rabenseifner-subgroup-4
6: Starting numprocs=8 N=1000, M=1000 impl=g-rabenseifner-subgroup-4
5: Starting numprocs=8 N=1000, M=1000 impl=g-rabenseifner-subgroup-4
3: Starting numprocs=8 N=1000, M=1000 impl=g-rabenseifner-subgroup-4
4: Starting numprocs=8 N=1000, M=1000 impl=g-rabenseifner-subgroup-4
1: Starting numprocs=8 N=1000, M=1000 impl=g-rabenseifner-subgroup-4
0: Starting numprocs=8 N=1000, M=1000 impl=g-rabenseifner-subgroup-4
Iteration 0
7: Starting numprocs=8 N=1000, M=1000 impl=g-rabenseifner-subgroup-4
time: 0.019445s
Iteration 1
time: 0.007152s
Iteration 2
time: 0.007112s
Iteration 3
time: 0.007175s
Iteration 4
time: 0.007104s
Iteration 5
time: 0.007086s
Iteration 6
time: 0.007103s
Iteration 7
time: 0.007170s
Iteration 8
time: 0.007131s
Iteration 9
time: 0.007119s
Iteration 10
time: 0.007110s
Iteration 11
time: 0.007159s
Iteration 12
time: 0.007146s
Iteration 13
time: 0.007158s
Iteration 14
time: 0.007118s
Iteration 15
time: 0.007179s
Iteration 16
time: 0.007175s
Iteration 17
time: 0.007279s
Iteration 18
time: 0.007258s
Iteration 19
time: 0.007368s
Iteration 20
time: 0.007352s
Iteration 21
time: 0.007380s
Iteration 22
time: 0.007851s
Iteration 23
time: 0.007424s
Iteration 24
time: 0.007337s
6: Starting numprocs=8 N=1000, M=1000 impl=g-rabenseifner-subgroup-8
7: Starting numprocs=8 N=1000, M=1000 impl=g-rabenseifner-subgroup-8
3: Starting numprocs=8 N=1000, M=1000 impl=g-rabenseifner-subgroup-8
4: Starting numprocs=8 N=1000, M=1000 impl=g-rabenseifner-subgroup-8
1: Starting numprocs=8 N=1000, M=1000 impl=g-rabenseifner-subgroup-8
2: Starting numprocs=8 N=1000, M=1000 impl=g-rabenseifner-subgroup-8
0: Starting numprocs=8 N=1000, M=1000 impl=g-rabenseifner-subgroup-8
Iteration 0
5: Starting numprocs=8 N=1000, M=1000 impl=g-rabenseifner-subgroup-8
time: 0.018922s
Iteration 1
time: 0.006786s
Iteration 2
time: 0.006732s
Iteration 3
time: 0.006817s
Iteration 4
time: 0.006799s
Iteration 5
time: 0.006839s
Iteration 6
time: 0.007531s
Iteration 7
time: 0.007052s
Iteration 8
time: 0.007028s
Iteration 9
time: 0.007135s
Iteration 10
time: 0.007058s
Iteration 11
time: 0.006987s
Iteration 12
time: 0.007070s
Iteration 13
time: 0.007048s
Iteration 14
time: 0.007032s
Iteration 15
time: 0.007044s
Iteration 16
time: 0.007021s
Iteration 17
time: 0.007057s
Iteration 18
time: 0.007046s
Iteration 19
time: 0.007112s
Iteration 20
time: 0.007086s
Iteration 21
time: 0.007074s
Iteration 22
time: 0.007562s
Iteration 23
time: 0.007026s
Iteration 24
time: 0.007037s
2: Starting numprocs=8 N=2000, M=2000 impl=allgather
7: Starting numprocs=8 N=2000, M=2000 impl=allgather
1: Starting numprocs=8 N=2000, M=2000 impl=allgather
6: Starting numprocs=8 N=2000, M=2000 impl=allgather
4: Starting numprocs=8 N=2000, M=2000 impl=allgather
5: Starting numprocs=8 N=2000, M=2000 impl=allgather
0: Starting numprocs=8 N=2000, M=2000 impl=allgather
Iteration 0
3: Starting numprocs=8 N=2000, M=2000 impl=allgather
time: 0.044597s
Iteration 1
time: 0.029808s
Iteration 2
time: 0.030293s
Iteration 3
time: 0.032065s
Iteration 4
time: 0.035443s
Iteration 5
time: 0.030482s
Iteration 6
time: 0.031462s
Iteration 7
time: 0.031644s
Iteration 8
time: 0.031399s
Iteration 9
time: 0.032858s
Iteration 10
time: 0.032576s
Iteration 11
time: 0.032512s
Iteration 12
time: 0.030897s
Iteration 13
time: 0.030833s
Iteration 14
time: 0.030720s
Iteration 15
time: 0.030945s
Iteration 16
time: 0.031120s
Iteration 17
time: 0.030529s
Iteration 18
time: 0.030971s
Iteration 19
time: 0.033005s
Iteration 20
time: 0.036144s
Iteration 21
time: 0.032527s
Iteration 22
time: 0.034933s
Iteration 23
time: 0.032276s
Iteration 24
time: 0.035957s
3: Starting numprocs=8 N=2000, M=2000 impl=allreduce
2: Starting numprocs=8 N=2000, M=2000 impl=allreduce
5: Starting numprocs=8 N=2000, M=2000 impl=allreduce
4: Starting numprocs=8 N=2000, M=2000 impl=allreduce
1: Starting numprocs=8 N=2000, M=2000 impl=allreduce
7: Starting numprocs=8 N=2000, M=2000 impl=allreduce
0: Starting numprocs=8 N=2000, M=2000 impl=allreduce
Iteration 0
6: Starting numprocs=8 N=2000, M=2000 impl=allreduce
time: 0.096947s
Iteration 1
time: 0.082765s
Iteration 2
time: 0.069233s
Iteration 3
time: 0.065882s
Iteration 4
time: 0.066515s
Iteration 5
time: 0.062922s
Iteration 6
time: 0.063607s
Iteration 7
time: 0.062345s
Iteration 8
time: 0.061811s
Iteration 9
time: 0.068728s
Iteration 10
time: 0.067652s
Iteration 11
time: 0.063353s
Iteration 12
time: 0.064310s
Iteration 13
time: 0.064655s
Iteration 14
time: 0.062364s
Iteration 15
time: 0.063755s
Iteration 16
time: 0.065932s
Iteration 17
time: 0.068844s
Iteration 18
time: 0.064079s
Iteration 19
time: 0.063210s
Iteration 20
time: 0.070307s
Iteration 21
time: 0.062798s
Iteration 22
time: 0.064399s
Iteration 23
time: 0.066091s
Iteration 24
time: 0.070177s
2: Starting numprocs=8 N=2000, M=2000 impl=allreduce-ring
5: Starting numprocs=8 N=2000, M=2000 impl=allreduce-ring
0: Starting numprocs=8 N=2000, M=2000 impl=allreduce-ring
Iteration 0
1: Starting numprocs=8 N=2000, M=2000 impl=allreduce-ring
4: Starting numprocs=8 N=2000, M=2000 impl=allreduce-ring
3: Starting numprocs=8 N=2000, M=2000 impl=allreduce-ring
6: Starting numprocs=8 N=2000, M=2000 impl=allreduce-ring
7: Starting numprocs=8 N=2000, M=2000 impl=allreduce-ring
time: 0.068753s
Iteration 1
time: 0.055104s
Iteration 2
time: 0.055328s
Iteration 3
time: 0.054391s
Iteration 4
time: 0.053625s
Iteration 5
time: 0.054101s
Iteration 6
time: 0.054280s
Iteration 7
time: 0.054696s
Iteration 8
time: 0.054293s
Iteration 9
time: 0.054640s
Iteration 10
time: 0.053659s
Iteration 11
time: 0.053764s
Iteration 12
time: 0.056223s
Iteration 13
time: 0.056485s
Iteration 14
time: 0.054210s
Iteration 15
time: 0.055149s
Iteration 16
time: 0.054458s
Iteration 17
time: 0.054569s
Iteration 18
time: 0.054396s
Iteration 19
time: 0.055034s
Iteration 20
time: 0.054830s
Iteration 21
time: 0.055559s
Iteration 22
time: 0.055606s
Iteration 23
time: 0.055140s
Iteration 24
time: 0.055182s
2: Starting numprocs=8 N=2000, M=2000 impl=g-rabenseifner-allgather
0: Starting numprocs=8 N=2000, M=2000 impl=g-rabenseifner-allgather
Iteration 0
3: Starting numprocs=8 N=2000, M=2000 impl=g-rabenseifner-allgather
4: Starting numprocs=8 N=2000, M=2000 impl=g-rabenseifner-allgather
1: Starting numprocs=8 N=2000, M=2000 impl=g-rabenseifner-allgather
7: Starting numprocs=8 N=2000, M=2000 impl=g-rabenseifner-allgather
6: Starting numprocs=8 N=2000, M=2000 impl=g-rabenseifner-allgather
5: Starting numprocs=8 N=2000, M=2000 impl=g-rabenseifner-allgather
time: 0.038476s
Iteration 1
time: 0.027513s
Iteration 2
time: 0.027454s
Iteration 3
time: 0.027436s
Iteration 4
time: 0.027848s
Iteration 5
time: 0.027368s
Iteration 6
time: 0.027317s
Iteration 7
time: 0.027856s
Iteration 8
time: 0.027803s
Iteration 9
time: 0.027328s
Iteration 10
time: 0.027364s
Iteration 11
time: 0.027889s
Iteration 12
time: 0.027363s
Iteration 13
time: 0.027459s
Iteration 14
time: 0.027506s
Iteration 15
time: 0.027774s
Iteration 16
time: 0.027419s
Iteration 17
time: 0.027420s
Iteration 18
time: 0.027739s
Iteration 19
time: 0.027755s
Iteration 20
time: 0.027932s
Iteration 21
time: 0.027351s
Iteration 22
time: 0.027364s
Iteration 23
time: 0.028085s
Iteration 24
time: 0.027871s
7: Starting numprocs=8 N=2000, M=2000 impl=g-rabenseifner-subgroup-2
3: Starting numprocs=8 N=2000, M=2000 impl=g-rabenseifner-subgroup-2
2: Starting numprocs=8 N=2000, M=2000 impl=g-rabenseifner-subgroup-2
0: Starting numprocs=8 N=2000, M=2000 impl=g-rabenseifner-subgroup-2
Iteration 0
5: Starting numprocs=8 N=2000, M=2000 impl=g-rabenseifner-subgroup-2
4: Starting numprocs=8 N=2000, M=2000 impl=g-rabenseifner-subgroup-2
6: Starting numprocs=8 N=2000, M=2000 impl=g-rabenseifner-subgroup-2
1: Starting numprocs=8 N=2000, M=2000 impl=g-rabenseifner-subgroup-2
time: 0.043219s
Iteration 1
time: 0.027681s
Iteration 2
time: 0.028281s
Iteration 3
time: 0.027512s
Iteration 4
time: 0.027546s
Iteration 5
time: 0.028106s
Iteration 6
time: 0.028097s
Iteration 7
time: 0.027910s
Iteration 8
time: 0.027724s
Iteration 9
time: 0.028310s
Iteration 10
time: 0.028120s
Iteration 11
time: 0.027617s
Iteration 12
time: 0.027606s
Iteration 13
time: 0.027469s
Iteration 14
time: 0.027936s
Iteration 15
time: 0.027547s
Iteration 16
time: 0.027904s
Iteration 17
time: 0.028344s
Iteration 18
time: 0.028190s
Iteration 19
time: 0.027599s
Iteration 20
time: 0.027907s
Iteration 21
time: 0.027486s
Iteration 22
time: 0.028006s
Iteration 23
time: 0.027488s
Iteration 24
time: 0.027557s
2: Starting numprocs=8 N=2000, M=2000 impl=g-rabenseifner-subgroup-4
5: Starting numprocs=8 N=2000, M=2000 impl=g-rabenseifner-subgroup-4
4: Starting numprocs=8 N=2000, M=2000 impl=g-rabenseifner-subgroup-4
1: Starting numprocs=8 N=2000, M=2000 impl=g-rabenseifner-subgroup-4
0: Starting numprocs=8 N=2000, M=2000 impl=g-rabenseifner-subgroup-4
Iteration 0
6: Starting numprocs=8 N=2000, M=2000 impl=g-rabenseifner-subgroup-4
7: Starting numprocs=8 N=2000, M=2000 impl=g-rabenseifner-subgroup-4
3: Starting numprocs=8 N=2000, M=2000 impl=g-rabenseifner-subgroup-4
time: 0.041511s
Iteration 1
time: 0.029202s
Iteration 2
time: 0.028778s
Iteration 3
time: 0.028264s
Iteration 4
time: 0.028726s
Iteration 5
time: 0.028217s
Iteration 6
time: 0.029508s
Iteration 7
time: 0.029030s
Iteration 8
time: 0.029364s
Iteration 9
time: 0.028245s
Iteration 10
time: 0.028606s
Iteration 11
time: 0.028358s
Iteration 12
time: 0.028212s
Iteration 13
time: 0.028163s
Iteration 14
time: 0.028392s
Iteration 15
time: 0.028188s
Iteration 16
time: 0.028188s
Iteration 17
time: 0.028005s
Iteration 18
time: 0.027976s
Iteration 19
time: 0.027726s
Iteration 20
time: 0.028743s
Iteration 21
time: 0.028177s
Iteration 22
time: 0.029538s
Iteration 23
time: 0.028641s
Iteration 24
time: 0.029100s
2: Starting numprocs=8 N=2000, M=2000 impl=g-rabenseifner-subgroup-8
7: Starting numprocs=8 N=2000, M=2000 impl=g-rabenseifner-subgroup-8
1: Starting numprocs=8 N=2000, M=2000 impl=g-rabenseifner-subgroup-8
4: Starting numprocs=8 N=2000, M=2000 impl=g-rabenseifner-subgroup-8
3: Starting numprocs=8 N=2000, M=2000 impl=g-rabenseifner-subgroup-8
0: Starting numprocs=8 N=2000, M=2000 impl=g-rabenseifner-subgroup-8
Iteration 0
5: Starting numprocs=8 N=2000, M=2000 impl=g-rabenseifner-subgroup-8
6: Starting numprocs=8 N=2000, M=2000 impl=g-rabenseifner-subgroup-8
time: 0.038603s
Iteration 1
time: 0.030862s
Iteration 2
time: 0.029274s
Iteration 3
time: 0.030096s
Iteration 4
time: 0.028895s
Iteration 5
time: 0.029128s
Iteration 6
time: 0.028071s
Iteration 7
time: 0.028308s
Iteration 8
time: 0.027889s
Iteration 9
time: 0.027793s
Iteration 10
time: 0.028698s
Iteration 11
time: 0.028981s
Iteration 12
time: 0.028926s
Iteration 13
time: 0.029517s
Iteration 14
time: 0.029650s
Iteration 15
time: 0.029688s
Iteration 16
time: 0.029599s
Iteration 17
time: 0.029283s
Iteration 18
time: 0.027757s
Iteration 19
time: 0.027822s
Iteration 20
time: 0.028389s
Iteration 21
time: 0.027612s
Iteration 22
time: 0.028955s
Iteration 23
time: 0.029072s
Iteration 24
time: 0.030039s
2: Starting numprocs=8 N=3000, M=3000 impl=allgather
3: Starting numprocs=8 N=3000, M=3000 impl=allgather
4: Starting numprocs=8 N=3000, M=3000 impl=allgather
0: Starting numprocs=8 N=3000, M=3000 impl=allgather
Iteration 0
6: Starting numprocs=8 N=3000, M=3000 impl=allgather
5: Starting numprocs=8 N=3000, M=3000 impl=allgather
1: Starting numprocs=8 N=3000, M=3000 impl=allgather
7: Starting numprocs=8 N=3000, M=3000 impl=allgather
time: 0.107853s
Iteration 1
time: 0.077490s
Iteration 2
time: 0.077996s
Iteration 3
time: 0.085594s
Iteration 4
time: 0.107034s
Iteration 5
time: 0.135979s
Iteration 6
time: 0.077828s
Iteration 7
time: 0.099595s
Iteration 8
time: 0.091450s
Iteration 9
time: 0.073782s
Iteration 10
time: 0.075089s
Iteration 11
time: 0.094901s
Iteration 12
time: 0.103454s
Iteration 13
time: 0.093737s
Iteration 14
time: 0.089323s
Iteration 15
time: 0.080300s
Iteration 16
time: 0.097457s
Iteration 17
time: 0.095694s
Iteration 18
time: 0.091455s
Iteration 19
time: 0.097804s
Iteration 20
time: 0.093667s
Iteration 21
time: 0.079690s
Iteration 22
time: 0.094986s
Iteration 23
time: 0.095702s
Iteration 24
time: 0.086937s
2: Starting numprocs=8 N=3000, M=3000 impl=allreduce
5: Starting numprocs=8 N=3000, M=3000 impl=allreduce
1: Starting numprocs=8 N=3000, M=3000 impl=allreduce
3: Starting numprocs=8 N=3000, M=3000 impl=allreduce
4: Starting numprocs=8 N=3000, M=3000 impl=allreduce
0: Starting numprocs=8 N=3000, M=3000 impl=allreduce
Iteration 0
6: Starting numprocs=8 N=3000, M=3000 impl=allreduce
7: Starting numprocs=8 N=3000, M=3000 impl=allreduce
time: 0.219758s
Iteration 1
time: 0.188304s
Iteration 2
time: 0.185745s
Iteration 3
time: 0.182655s
Iteration 4
time: 0.184585s
Iteration 5
time: 0.189194s
Iteration 6
time: 0.181298s
Iteration 7
time: 0.183863s
Iteration 8
time: 0.182887s
Iteration 9
time: 0.184707s
Iteration 10
time: 0.186110s
Iteration 11
time: 0.187454s
Iteration 12
time: 0.191048s
Iteration 13
time: 0.183897s
Iteration 14
time: 0.182432s
Iteration 15
time: 0.190164s
Iteration 16
time: 0.192840s
Iteration 17
time: 0.192080s
Iteration 18
time: 0.192776s
Iteration 19
time: 0.187405s
Iteration 20
time: 0.183754s
Iteration 21
time: 0.188833s
Iteration 22
time: 0.195511s
Iteration 23
time: 0.186818s
Iteration 24
time: 0.189220s
2: Starting numprocs=8 N=3000, M=3000 impl=allreduce-ring
3: Starting numprocs=8 N=3000, M=3000 impl=allreduce-ring
0: Starting numprocs=8 N=3000, M=3000 impl=allreduce-ring
Iteration 0
5: Starting numprocs=8 N=3000, M=3000 impl=allreduce-ring
7: Starting numprocs=8 N=3000, M=3000 impl=allreduce-ring
1: Starting numprocs=8 N=3000, M=3000 impl=allreduce-ring
4: Starting numprocs=8 N=3000, M=3000 impl=allreduce-ring
6: Starting numprocs=8 N=3000, M=3000 impl=allreduce-ring
time: 0.151115s
Iteration 1
time: 0.129042s
Iteration 2
time: 0.121939s
Iteration 3
time: 0.127021s
Iteration 4
time: 0.123778s
Iteration 5
time: 0.126734s
Iteration 6
time: 0.132008s
Iteration 7
time: 0.124806s
Iteration 8
time: 0.124865s
Iteration 9
time: 0.124527s
Iteration 10
time: 0.132226s
Iteration 11
time: 0.128787s
Iteration 12
time: 0.124980s
Iteration 13
time: 0.124850s
Iteration 14
time: 0.124830s
Iteration 15
time: 0.130501s
Iteration 16
time: 0.124658s
Iteration 17
time: 0.121814s
Iteration 18
time: 0.122310s
Iteration 19
time: 0.125086s
Iteration 20
time: 0.126751s
Iteration 21
time: 0.124248s
Iteration 22
time: 0.124041s
Iteration 23
time: 0.122789s
Iteration 24
time: 0.124151s
2: Starting numprocs=8 N=3000, M=3000 impl=g-rabenseifner-allgather
3: Starting numprocs=8 N=3000, M=3000 impl=g-rabenseifner-allgather
0: Starting numprocs=8 N=3000, M=3000 impl=g-rabenseifner-allgather
Iteration 0
1: Starting numprocs=8 N=3000, M=3000 impl=g-rabenseifner-allgather
4: Starting numprocs=8 N=3000, M=3000 impl=g-rabenseifner-allgather
5: Starting numprocs=8 N=3000, M=3000 impl=g-rabenseifner-allgather
6: Starting numprocs=8 N=3000, M=3000 impl=g-rabenseifner-allgather
7: Starting numprocs=8 N=3000, M=3000 impl=g-rabenseifner-allgather
time: 0.079204s
Iteration 1
time: 0.061361s
Iteration 2
time: 0.061458s
Iteration 3
time: 0.061617s
Iteration 4
time: 0.061061s
Iteration 5
time: 0.061036s
Iteration 6
time: 0.061272s
Iteration 7
time: 0.061181s
Iteration 8
time: 0.061071s
Iteration 9
time: 0.060965s
Iteration 10
time: 0.061149s
Iteration 11
time: 0.061306s
Iteration 12
time: 0.061535s
Iteration 13
time: 0.061666s
Iteration 14
time: 0.061131s
Iteration 15
time: 0.061488s
Iteration 16
time: 0.061181s
Iteration 17
time: 0.061115s
Iteration 18
time: 0.061293s
Iteration 19
time: 0.061415s
Iteration 20
time: 0.061124s
Iteration 21
time: 0.061127s
Iteration 22
time: 0.061175s
Iteration 23
time: 0.061375s
Iteration 24
time: 0.061384s
3: Starting numprocs=8 N=3000, M=3000 impl=g-rabenseifner-subgroup-2
4: Starting numprocs=8 N=3000, M=3000 impl=g-rabenseifner-subgroup-2
2: Starting numprocs=8 N=3000, M=3000 impl=g-rabenseifner-subgroup-2
1: Starting numprocs=8 N=3000, M=3000 impl=g-rabenseifner-subgroup-2
0: Starting numprocs=8 N=3000, M=3000 impl=g-rabenseifner-subgroup-2
Iteration 0
5: Starting numprocs=8 N=3000, M=3000 impl=g-rabenseifner-subgroup-2
7: Starting numprocs=8 N=3000, M=3000 impl=g-rabenseifner-subgroup-2
6: Starting numprocs=8 N=3000, M=3000 impl=g-rabenseifner-subgroup-2
time: 0.084340s
Iteration 1
time: 0.061779s
Iteration 2
time: 0.062339s
Iteration 3
time: 0.061887s
Iteration 4
time: 0.062142s
Iteration 5
time: 0.062568s
Iteration 6
time: 0.062336s
Iteration 7
time: 0.062078s
Iteration 8
time: 0.062713s
Iteration 9
time: 0.062255s
Iteration 10
time: 0.063187s
Iteration 11
time: 0.062473s
Iteration 12
time: 0.061828s
Iteration 13
time: 0.062054s
Iteration 14
time: 0.061884s
Iteration 15
time: 0.061708s
Iteration 16
time: 0.061857s
Iteration 17
time: 0.062068s
Iteration 18
time: 0.062004s
Iteration 19
time: 0.062276s
Iteration 20
time: 0.061832s
Iteration 21
time: 0.061377s
Iteration 22
time: 0.062411s
Iteration 23
time: 0.061909s
Iteration 24
time: 0.062072s
5: Starting numprocs=8 N=3000, M=3000 impl=g-rabenseifner-subgroup-4
2: Starting numprocs=8 N=3000, M=3000 impl=g-rabenseifner-subgroup-4
7: Starting numprocs=8 N=3000, M=3000 impl=g-rabenseifner-subgroup-4
3: Starting numprocs=8 N=3000, M=3000 impl=g-rabenseifner-subgroup-4
4: Starting numprocs=8 N=3000, M=3000 impl=g-rabenseifner-subgroup-4
1: Starting numprocs=8 N=3000, M=3000 impl=g-rabenseifner-subgroup-4
0: Starting numprocs=8 N=3000, M=3000 impl=g-rabenseifner-subgroup-4
Iteration 0
6: Starting numprocs=8 N=3000, M=3000 impl=g-rabenseifner-subgroup-4
time: 0.081017s
Iteration 1
time: 0.063030s
Iteration 2
time: 0.063875s
Iteration 3
time: 0.065060s
Iteration 4
time: 0.064500s
Iteration 5
time: 0.064091s
Iteration 6
time: 0.063736s
Iteration 7
time: 0.065143s
Iteration 8
time: 0.063662s
Iteration 9
time: 0.063470s
Iteration 10
time: 0.063310s
Iteration 11
time: 0.065070s
Iteration 12
time: 0.065793s
Iteration 13
time: 0.064894s
Iteration 14
time: 0.064394s
Iteration 15
time: 0.062559s
Iteration 16
time: 0.063462s
Iteration 17
time: 0.065251s
Iteration 18
time: 0.065838s
Iteration 19
time: 0.064116s
Iteration 20
time: 0.063921s
Iteration 21
time: 0.064162s
Iteration 22
time: 0.062605s
Iteration 23
time: 0.064662s
Iteration 24
time: 0.063412s
3: Starting numprocs=8 N=3000, M=3000 impl=g-rabenseifner-subgroup-8
4: Starting numprocs=8 N=3000, M=3000 impl=g-rabenseifner-subgroup-8
2: Starting numprocs=8 N=3000, M=3000 impl=g-rabenseifner-subgroup-8
7: Starting numprocs=8 N=3000, M=3000 impl=g-rabenseifner-subgroup-8
1: Starting numprocs=8 N=3000, M=3000 impl=g-rabenseifner-subgroup-8
5: Starting numprocs=8 N=3000, M=3000 impl=g-rabenseifner-subgroup-8
0: Starting numprocs=8 N=3000, M=3000 impl=g-rabenseifner-subgroup-8
Iteration 0
6: Starting numprocs=8 N=3000, M=3000 impl=g-rabenseifner-subgroup-8
time: 0.073037s
Iteration 1
time: 0.069042s
Iteration 2
time: 0.067796s
Iteration 3
time: 0.065994s
Iteration 4
time: 0.064681s
Iteration 5
time: 0.065847s
Iteration 6
time: 0.067237s
Iteration 7
time: 0.068155s
Iteration 8
time: 0.065562s
Iteration 9
time: 0.063604s
Iteration 10
time: 0.066905s
Iteration 11
time: 0.066784s
Iteration 12
time: 0.068435s
Iteration 13
time: 0.068070s
Iteration 14
time: 0.069610s
Iteration 15
time: 0.065365s
Iteration 16
time: 0.066081s
Iteration 17
time: 0.064845s
Iteration 18
time: 0.067897s
Iteration 19
time: 0.069436s
Iteration 20
time: 0.068017s
Iteration 21
time: 0.069013s
Iteration 22
time: 0.066808s
Iteration 23
time: 0.065786s
Iteration 24
time: 0.067395s
0: Starting numprocs=8 N=4000, M=4000 impl=allgather
Iteration 0
2: Starting numprocs=8 N=4000, M=4000 impl=allgather
1: Starting numprocs=8 N=4000, M=4000 impl=allgather
3: Starting numprocs=8 N=4000, M=4000 impl=allgather
4: Starting numprocs=8 N=4000, M=4000 impl=allgather
7: Starting numprocs=8 N=4000, M=4000 impl=allgather
5: Starting numprocs=8 N=4000, M=4000 impl=allgather
6: Starting numprocs=8 N=4000, M=4000 impl=allgather
time: 0.161768s
Iteration 1
time: 0.189201s
Iteration 2
time: 0.171037s
Iteration 3
time: 0.170306s
Iteration 4
time: 0.174920s
Iteration 5
time: 0.169787s
Iteration 6
time: 0.152849s
Iteration 7
time: 0.187825s
Iteration 8
time: 0.165081s
Iteration 9
time: 0.229885s
Iteration 10
time: 0.191527s
Iteration 11
time: 0.151616s
Iteration 12
time: 0.183458s
Iteration 13
time: 0.192136s
Iteration 14
time: 0.163778s
Iteration 15
time: 0.156469s
Iteration 16
time: 0.187850s
Iteration 17
time: 0.202363s
Iteration 18
time: 0.156091s
Iteration 19
time: 0.178413s
Iteration 20
time: 0.168712s
Iteration 21
time: 0.207220s
Iteration 22
time: 0.230472s
Iteration 23
time: 0.164502s
Iteration 24
time: 0.169267s
3: Starting numprocs=8 N=4000, M=4000 impl=allreduce
5: Starting numprocs=8 N=4000, M=4000 impl=allreduce
2: Starting numprocs=8 N=4000, M=4000 impl=allreduce
4: Starting numprocs=8 N=4000, M=4000 impl=allreduce
7: Starting numprocs=8 N=4000, M=4000 impl=allreduce
1: Starting numprocs=8 N=4000, M=4000 impl=allreduce
0: Starting numprocs=8 N=4000, M=4000 impl=allreduce
Iteration 0
6: Starting numprocs=8 N=4000, M=4000 impl=allreduce
time: 0.376435s
Iteration 1
time: 0.330033s
Iteration 2
time: 0.327930s
Iteration 3
time: 0.340618s
Iteration 4
time: 0.338858s
Iteration 5
time: 0.333326s
Iteration 6
time: 0.345070s
Iteration 7
time: 0.335790s
Iteration 8
time: 0.330205s
Iteration 9
time: 0.338550s
Iteration 10
time: 0.328224s
Iteration 11
time: 0.326731s
Iteration 12
time: 0.330990s
Iteration 13
time: 0.346767s
Iteration 14
time: 0.333809s
Iteration 15
time: 0.354564s
Iteration 16
time: 0.344580s
Iteration 17
time: 0.349845s
Iteration 18
time: 0.332389s
Iteration 19
time: 0.333376s
Iteration 20
time: 0.337326s
Iteration 21
time: 0.358006s
Iteration 22
time: 0.328105s
Iteration 23
time: 0.359051s
Iteration 24
time: 0.334047s
2: Starting numprocs=8 N=4000, M=4000 impl=allreduce-ring
7: Starting numprocs=8 N=4000, M=4000 impl=allreduce-ring
5: Starting numprocs=8 N=4000, M=4000 impl=allreduce-ring
4: Starting numprocs=8 N=4000, M=4000 impl=allreduce-ring
1: Starting numprocs=8 N=4000, M=4000 impl=allreduce-ring
3: Starting numprocs=8 N=4000, M=4000 impl=allreduce-ring
0: Starting numprocs=8 N=4000, M=4000 impl=allreduce-ring
Iteration 0
6: Starting numprocs=8 N=4000, M=4000 impl=allreduce-ring
time: 0.250261s
Iteration 1
time: 0.231814s
Iteration 2
time: 0.219053s
Iteration 3
time: 0.230372s
Iteration 4
time: 0.222990s
Iteration 5
time: 0.224184s
Iteration 6
time: 0.221470s
Iteration 7
time: 0.223927s
Iteration 8
time: 0.228749s
Iteration 9
time: 0.237633s
Iteration 10
time: 0.230122s
Iteration 11
time: 0.225044s
Iteration 12
time: 0.231611s
Iteration 13
time: 0.228006s
Iteration 14
time: 0.231184s
Iteration 15
time: 0.229693s
Iteration 16
time: 0.223441s
Iteration 17
time: 0.226316s
Iteration 18
time: 0.223715s
Iteration 19
time: 0.235681s
Iteration 20
time: 0.226255s
Iteration 21
time: 0.223053s
Iteration 22
time: 0.227869s
Iteration 23
time: 0.225110s
Iteration 24
time: 0.228061s
2: Starting numprocs=8 N=4000, M=4000 impl=g-rabenseifner-allgather
4: Starting numprocs=8 N=4000, M=4000 impl=g-rabenseifner-allgather
5: Starting numprocs=8 N=4000, M=4000 impl=g-rabenseifner-allgather
1: Starting numprocs=8 N=4000, M=4000 impl=g-rabenseifner-allgather
3: Starting numprocs=8 N=4000, M=4000 impl=g-rabenseifner-allgather
7: Starting numprocs=8 N=4000, M=4000 impl=g-rabenseifner-allgather
0: Starting numprocs=8 N=4000, M=4000 impl=g-rabenseifner-allgather
Iteration 0
6: Starting numprocs=8 N=4000, M=4000 impl=g-rabenseifner-allgather
time: 0.129499s
Iteration 1
time: 0.108858s
Iteration 2
time: 0.108716s
Iteration 3
time: 0.108579s
Iteration 4
time: 0.110907s
Iteration 5
time: 0.109166s
Iteration 6
time: 0.108551s
Iteration 7
time: 0.108520s
Iteration 8
time: 0.108393s
Iteration 9
time: 0.108715s
Iteration 10
time: 0.108818s
Iteration 11
time: 0.108475s
Iteration 12
time: 0.108953s
Iteration 13
time: 0.108663s
Iteration 14
time: 0.108785s
Iteration 15
time: 0.108822s
Iteration 16
time: 0.108860s
Iteration 17
time: 0.108722s
Iteration 18
time: 0.108640s
Iteration 19
time: 0.108533s
Iteration 20
time: 0.109030s
Iteration 21
time: 0.108657s
Iteration 22
time: 0.109092s
Iteration 23
time: 0.108918s
Iteration 24
time: 0.109002s
4: Starting numprocs=8 N=4000, M=4000 impl=g-rabenseifner-subgroup-2
0: Starting numprocs=8 N=4000, M=4000 impl=g-rabenseifner-subgroup-2
Iteration 0
2: Starting numprocs=8 N=4000, M=4000 impl=g-rabenseifner-subgroup-2
1: Starting numprocs=8 N=4000, M=4000 impl=g-rabenseifner-subgroup-2
7: Starting numprocs=8 N=4000, M=4000 impl=g-rabenseifner-subgroup-2
6: Starting numprocs=8 N=4000, M=4000 impl=g-rabenseifner-subgroup-2
5: Starting numprocs=8 N=4000, M=4000 impl=g-rabenseifner-subgroup-2
3: Starting numprocs=8 N=4000, M=4000 impl=g-rabenseifner-subgroup-2
time: 0.137966s
Iteration 1
time: 0.110109s
Iteration 2
time: 0.110398s
Iteration 3
time: 0.108811s
Iteration 4
time: 0.109009s
Iteration 5
time: 0.109273s
Iteration 6
time: 0.109281s
Iteration 7
time: 0.110535s
Iteration 8
time: 0.110485s
Iteration 9
time: 0.109634s
Iteration 10
time: 0.111689s
Iteration 11
time: 0.110143s
Iteration 12
time: 0.110594s
Iteration 13
time: 0.110366s
Iteration 14
time: 0.110216s
Iteration 15
time: 0.109358s
Iteration 16
time: 0.113180s
Iteration 17
time: 0.109866s
Iteration 18
time: 0.110376s
Iteration 19
time: 0.109021s
Iteration 20
time: 0.109904s
Iteration 21
time: 0.109871s
Iteration 22
time: 0.110392s
Iteration 23
time: 0.108781s
Iteration 24
time: 0.110149s
7: Starting numprocs=8 N=4000, M=4000 impl=g-rabenseifner-subgroup-4
5: Starting numprocs=8 N=4000, M=4000 impl=g-rabenseifner-subgroup-4
2: Starting numprocs=8 N=4000, M=4000 impl=g-rabenseifner-subgroup-4
0: Starting numprocs=8 N=4000, M=4000 impl=g-rabenseifner-subgroup-4
Iteration 0
4: Starting numprocs=8 N=4000, M=4000 impl=g-rabenseifner-subgroup-4
3: Starting numprocs=8 N=4000, M=4000 impl=g-rabenseifner-subgroup-4
1: Starting numprocs=8 N=4000, M=4000 impl=g-rabenseifner-subgroup-4
6: Starting numprocs=8 N=4000, M=4000 impl=g-rabenseifner-subgroup-4
time: 0.135816s
Iteration 1
time: 0.115153s
Iteration 2
time: 0.114256s
Iteration 3
time: 0.117942s
Iteration 4
time: 0.115654s
Iteration 5
time: 0.114177s
Iteration 6
time: 0.116008s
Iteration 7
time: 0.114761s
Iteration 8
time: 0.112596s
Iteration 9
time: 0.113182s
Iteration 10
time: 0.113841s
Iteration 11
time: 0.113336s
Iteration 12
time: 0.115908s
Iteration 13
time: 0.114360s
Iteration 14
time: 0.114861s
Iteration 15
time: 0.113234s
Iteration 16
time: 0.113178s
Iteration 17
time: 0.113748s
Iteration 18
time: 0.113411s
Iteration 19
time: 0.115326s
Iteration 20
time: 0.114000s
Iteration 21
time: 0.112584s
Iteration 22
time: 0.113188s
Iteration 23
time: 0.115087s
Iteration 24
time: 0.114741s
5: Starting numprocs=8 N=4000, M=4000 impl=g-rabenseifner-subgroup-8
7: Starting numprocs=8 N=4000, M=4000 impl=g-rabenseifner-subgroup-8
3: Starting numprocs=8 N=4000, M=4000 impl=g-rabenseifner-subgroup-8
0: Starting numprocs=8 N=4000, M=4000 impl=g-rabenseifner-subgroup-8
Iteration 0
2: Starting numprocs=8 N=4000, M=4000 impl=g-rabenseifner-subgroup-8
1: Starting numprocs=8 N=4000, M=4000 impl=g-rabenseifner-subgroup-8
4: Starting numprocs=8 N=4000, M=4000 impl=g-rabenseifner-subgroup-8
6: Starting numprocs=8 N=4000, M=4000 impl=g-rabenseifner-subgroup-8
time: 0.132487s
Iteration 1
time: 0.119087s
Iteration 2
time: 0.116767s
Iteration 3
time: 0.118495s
Iteration 4
time: 0.118157s
Iteration 5
time: 0.119699s
Iteration 6
time: 0.123791s
Iteration 7
time: 0.122937s
Iteration 8
time: 0.122763s
Iteration 9
time: 0.124190s
Iteration 10
time: 0.122246s
Iteration 11
time: 0.120327s
Iteration 12
time: 0.123326s
Iteration 13
time: 0.131815s
Iteration 14
time: 0.119589s
Iteration 15
time: 0.117381s
Iteration 16
time: 0.123204s
Iteration 17
time: 0.118575s
Iteration 18
time: 0.121720s
Iteration 19
time: 0.118157s
Iteration 20
time: 0.116274s
Iteration 21
time: 0.121374s
Iteration 22
time: 0.123004s
Iteration 23
time: 0.116114s
Iteration 24
time: 0.118906s
3: Starting numprocs=8 N=5000, M=5000 impl=allgather
1: Starting numprocs=8 N=5000, M=5000 impl=allgather
5: Starting numprocs=8 N=5000, M=5000 impl=allgather
2: Starting numprocs=8 N=5000, M=5000 impl=allgather
6: Starting numprocs=8 N=5000, M=5000 impl=allgather
0: Starting numprocs=8 N=5000, M=5000 impl=allgather
Iteration 0
7: Starting numprocs=8 N=5000, M=5000 impl=allgather
4: Starting numprocs=8 N=5000, M=5000 impl=allgather
time: 0.254824s
Iteration 1
time: 0.277827s
Iteration 2
time: 0.295298s
Iteration 3
time: 0.270519s
Iteration 4
time: 0.274451s
Iteration 5
time: 0.290268s
Iteration 6
time: 0.267032s
Iteration 7
time: 0.271546s
Iteration 8
time: 0.257519s
Iteration 9
time: 0.270024s
Iteration 10
time: 0.299439s
Iteration 11
time: 0.278532s
Iteration 12
time: 0.272343s
Iteration 13
time: 0.253703s
Iteration 14
time: 0.289492s
Iteration 15
time: 0.257182s
Iteration 16
time: 0.278183s
Iteration 17
time: 0.263090s
Iteration 18
time: 0.274734s
Iteration 19
time: 0.247249s
Iteration 20
time: 0.355385s
Iteration 21
time: 0.268477s
Iteration 22
time: 0.282200s
Iteration 23
time: 0.261987s
Iteration 24
time: 0.265605s
2: Starting numprocs=8 N=5000, M=5000 impl=allreduce
7: Starting numprocs=8 N=5000, M=5000 impl=allreduce
1: Starting numprocs=8 N=5000, M=5000 impl=allreduce
3: Starting numprocs=8 N=5000, M=5000 impl=allreduce
4: Starting numprocs=8 N=5000, M=5000 impl=allreduce
0: Starting numprocs=8 N=5000, M=5000 impl=allreduce
Iteration 0
6: Starting numprocs=8 N=5000, M=5000 impl=allreduce
5: Starting numprocs=8 N=5000, M=5000 impl=allreduce
time: 0.585509s
Iteration 1
time: 0.520712s
Iteration 2
time: 0.523038s
Iteration 3
time: 0.513382s
Iteration 4
time: 0.526414s
Iteration 5
time: 0.525160s
Iteration 6
time: 0.526528s
Iteration 7
time: 0.527127s
Iteration 8
time: 0.528960s
Iteration 9
time: 0.520339s
Iteration 10
time: 0.525141s
Iteration 11
time: 0.524354s
Iteration 12
time: 0.514784s
Iteration 13
time: 0.516031s
Iteration 14
time: 0.507555s
Iteration 15
time: 0.559302s
Iteration 16
time: 0.522130s
Iteration 17
time: 0.528943s
Iteration 18
time: 0.507691s
Iteration 19
time: 0.522317s
Iteration 20
time: 0.548325s
Iteration 21
time: 0.531108s
Iteration 22
time: 0.508626s
Iteration 23
time: 0.514232s
Iteration 24
time: 0.514976s
2: Starting numprocs=8 N=5000, M=5000 impl=allreduce-ring
3: Starting numprocs=8 N=5000, M=5000 impl=allreduce-ring
4: Starting numprocs=8 N=5000, M=5000 impl=allreduce-ring
0: Starting numprocs=8 N=5000, M=5000 impl=allreduce-ring
Iteration 0
1: Starting numprocs=8 N=5000, M=5000 impl=allreduce-ring
7: Starting numprocs=8 N=5000, M=5000 impl=allreduce-ring
6: Starting numprocs=8 N=5000, M=5000 impl=allreduce-ring
5: Starting numprocs=8 N=5000, M=5000 impl=allreduce-ring
time: 0.396237s
Iteration 1
time: 0.355042s
Iteration 2
time: 0.346946s
Iteration 3
time: 0.350739s
Iteration 4
time: 0.362514s
Iteration 5
time: 0.351933s
Iteration 6
time: 0.351268s
Iteration 7
time: 0.351619s
Iteration 8
time: 0.359887s
Iteration 9
time: 0.353381s
Iteration 10
time: 0.360090s
Iteration 11
time: 0.354152s
Iteration 12
time: 0.371928s
Iteration 13
time: 0.346146s
Iteration 14
time: 0.358128s
Iteration 15
time: 0.349415s
Iteration 16
time: 0.345166s
Iteration 17
time: 0.356391s
Iteration 18
time: 0.354221s
Iteration 19
time: 0.349004s
Iteration 20
time: 0.361175s
Iteration 21
time: 0.354415s
Iteration 22
time: 0.353994s
Iteration 23
time: 0.360277s
Iteration 24
time: 0.352752s
3: Starting numprocs=8 N=5000, M=5000 impl=g-rabenseifner-allgather
2: Starting numprocs=8 N=5000, M=5000 impl=g-rabenseifner-allgather
4: Starting numprocs=8 N=5000, M=5000 impl=g-rabenseifner-allgather
5: Starting numprocs=8 N=5000, M=5000 impl=g-rabenseifner-allgather
1: Starting numprocs=8 N=5000, M=5000 impl=g-rabenseifner-allgather
6: Starting numprocs=8 N=5000, M=5000 impl=g-rabenseifner-allgather
7: Starting numprocs=8 N=5000, M=5000 impl=g-rabenseifner-allgather
0: Starting numprocs=8 N=5000, M=5000 impl=g-rabenseifner-allgather
Iteration 0
time: 0.198866s
Iteration 1
time: 0.169376s
Iteration 2
time: 0.169573s
Iteration 3
time: 0.171322s
Iteration 4
time: 0.169193s
Iteration 5
time: 0.169609s
Iteration 6
time: 0.170203s
Iteration 7
time: 0.169825s
Iteration 8
time: 0.169923s
Iteration 9
time: 0.170176s
Iteration 10
time: 0.170032s
Iteration 11
time: 0.170731s
Iteration 12
time: 0.171092s
Iteration 13
time: 0.169682s
Iteration 14
time: 0.170135s
Iteration 15
time: 0.170265s
Iteration 16
time: 0.170172s
Iteration 17
time: 0.171055s
Iteration 18
time: 0.170535s
Iteration 19
time: 0.169603s
Iteration 20
time: 0.170511s
Iteration 21
time: 0.169872s
Iteration 22
time: 0.170033s
Iteration 23
time: 0.169818s
Iteration 24
time: 0.170012s
3: Starting numprocs=8 N=5000, M=5000 impl=g-rabenseifner-subgroup-2
0: Starting numprocs=8 N=5000, M=5000 impl=g-rabenseifner-subgroup-2
Iteration 0
5: Starting numprocs=8 N=5000, M=5000 impl=g-rabenseifner-subgroup-2
4: Starting numprocs=8 N=5000, M=5000 impl=g-rabenseifner-subgroup-2
2: Starting numprocs=8 N=5000, M=5000 impl=g-rabenseifner-subgroup-2
1: Starting numprocs=8 N=5000, M=5000 impl=g-rabenseifner-subgroup-2
7: Starting numprocs=8 N=5000, M=5000 impl=g-rabenseifner-subgroup-2
6: Starting numprocs=8 N=5000, M=5000 impl=g-rabenseifner-subgroup-2
time: 0.210312s
Iteration 1
time: 0.171070s
Iteration 2
time: 0.172669s
Iteration 3
time: 0.171475s
Iteration 4
time: 0.172525s
Iteration 5
time: 0.171352s
Iteration 6
time: 0.171698s
Iteration 7
time: 0.173802s
Iteration 8
time: 0.173009s
Iteration 9
time: 0.173813s
Iteration 10
time: 0.171022s
Iteration 11
time: 0.173047s
Iteration 12
time: 0.172122s
Iteration 13
time: 0.170503s
Iteration 14
time: 0.171797s
Iteration 15
time: 0.170860s
Iteration 16
time: 0.171520s
Iteration 17
time: 0.171209s
Iteration 18
time: 0.171132s
Iteration 19
time: 0.173410s
Iteration 20
time: 0.171383s
Iteration 21
time: 0.171314s
Iteration 22
time: 0.172153s
Iteration 23
time: 0.173096s
Iteration 24
time: 0.172979s
3: Starting numprocs=8 N=5000, M=5000 impl=g-rabenseifner-subgroup-4
2: Starting numprocs=8 N=5000, M=5000 impl=g-rabenseifner-subgroup-4
0: Starting numprocs=8 N=5000, M=5000 impl=g-rabenseifner-subgroup-4
Iteration 0
7: Starting numprocs=8 N=5000, M=5000 impl=g-rabenseifner-subgroup-4
1: Starting numprocs=8 N=5000, M=5000 impl=g-rabenseifner-subgroup-4
4: Starting numprocs=8 N=5000, M=5000 impl=g-rabenseifner-subgroup-4
5: Starting numprocs=8 N=5000, M=5000 impl=g-rabenseifner-subgroup-4
6: Starting numprocs=8 N=5000, M=5000 impl=g-rabenseifner-subgroup-4
time: 0.193718s
Iteration 1
time: 0.181900s
Iteration 2
time: 0.176799s
Iteration 3
time: 0.178111s
Iteration 4
time: 0.176440s
Iteration 5
time: 0.179620s
Iteration 6
time: 0.180711s
Iteration 7
time: 0.178487s
Iteration 8
time: 0.179819s
Iteration 9
time: 0.180713s
Iteration 10
time: 0.180838s
Iteration 11
time: 0.180149s
Iteration 12
time: 0.179294s
Iteration 13
time: 0.175610s
Iteration 14
time: 0.176129s
Iteration 15
time: 0.177153s
Iteration 16
time: 0.177511s
Iteration 17
time: 0.179640s
Iteration 18
time: 0.176553s
Iteration 19
time: 0.181776s
Iteration 20
time: 0.180126s
Iteration 21
time: 0.188693s
Iteration 22
time: 0.177451s
Iteration 23
time: 0.176149s
Iteration 24
time: 0.179654s
5: Starting numprocs=8 N=5000, M=5000 impl=g-rabenseifner-subgroup-8
3: Starting numprocs=8 N=5000, M=5000 impl=g-rabenseifner-subgroup-8
4: Starting numprocs=8 N=5000, M=5000 impl=g-rabenseifner-subgroup-8
0: Starting numprocs=8 N=5000, M=5000 impl=g-rabenseifner-subgroup-8
Iteration 0
2: Starting numprocs=8 N=5000, M=5000 impl=g-rabenseifner-subgroup-8
1: Starting numprocs=8 N=5000, M=5000 impl=g-rabenseifner-subgroup-8
7: Starting numprocs=8 N=5000, M=5000 impl=g-rabenseifner-subgroup-8
6: Starting numprocs=8 N=5000, M=5000 impl=g-rabenseifner-subgroup-8
time: 0.197726s
Iteration 1
time: 0.194033s
Iteration 2
time: 0.191132s
Iteration 3
time: 0.193057s
Iteration 4
time: 0.195054s
Iteration 5
time: 0.190562s
Iteration 6
time: 0.188815s
Iteration 7
time: 0.184327s
Iteration 8
time: 0.191673s
Iteration 9
time: 0.182808s
Iteration 10
time: 0.180786s
Iteration 11
time: 0.193376s
Iteration 12
time: 0.185856s
Iteration 13
time: 0.183400s
Iteration 14
time: 0.189648s
Iteration 15
time: 0.189609s
Iteration 16
time: 0.196235s
Iteration 17
time: 0.188333s
Iteration 18
time: 0.191211s
Iteration 19
time: 0.187662s
Iteration 20
time: 0.191900s
Iteration 21
time: 0.187209s
Iteration 22
time: 0.192121s
Iteration 23
time: 0.196207s
Iteration 24
time: 0.188306s
2: Starting numprocs=8 N=6000, M=6000 impl=allgather
3: Starting numprocs=8 N=6000, M=6000 impl=allgather
4: Starting numprocs=8 N=6000, M=6000 impl=allgather
7: Starting numprocs=8 N=6000, M=6000 impl=allgather
0: Starting numprocs=8 N=6000, M=6000 impl=allgather
Iteration 0
1: Starting numprocs=8 N=6000, M=6000 impl=allgather
5: Starting numprocs=8 N=6000, M=6000 impl=allgather
6: Starting numprocs=8 N=6000, M=6000 impl=allgather
time: 0.402203s
Iteration 1
time: 0.397119s
Iteration 2
time: 0.363375s
Iteration 3
time: 0.365610s
Iteration 4
time: 0.438381s
Iteration 5
time: 0.399947s
Iteration 6
time: 0.383907s
Iteration 7
time: 0.422118s
Iteration 8
time: 0.373569s
Iteration 9
time: 0.394417s
Iteration 10
time: 0.353501s
Iteration 11
time: 0.381712s
Iteration 12
time: 0.445267s
Iteration 13
time: 0.359942s
Iteration 14
time: 0.413767s
Iteration 15
time: 0.395770s
Iteration 16
time: 0.377245s
Iteration 17
time: 0.382291s
Iteration 18
time: 0.386902s
Iteration 19
time: 0.379768s
Iteration 20
time: 0.395734s
Iteration 21
time: 0.422480s
Iteration 22
time: 0.391919s
Iteration 23
time: 0.393506s
Iteration 24
time: 0.384909s
2: Starting numprocs=8 N=6000, M=6000 impl=allreduce
3: Starting numprocs=8 N=6000, M=6000 impl=allreduce
4: Starting numprocs=8 N=6000, M=6000 impl=allreduce
6: Starting numprocs=8 N=6000, M=6000 impl=allreduce
1: Starting numprocs=8 N=6000, M=6000 impl=allreduce
5: Starting numprocs=8 N=6000, M=6000 impl=allreduce
7: Starting numprocs=8 N=6000, M=6000 impl=allreduce
0: Starting numprocs=8 N=6000, M=6000 impl=allreduce
Iteration 0
time: 0.865180s
Iteration 1
time: 0.752441s
Iteration 2
time: 0.743644s
Iteration 3
time: 0.746562s
Iteration 4
time: 0.787315s
Iteration 5
time: 0.741331s
Iteration 6
time: 0.792673s
Iteration 7
time: 0.739788s
Iteration 8
time: 0.776576s
Iteration 9
time: 0.758855s
Iteration 10
time: 0.769927s
Iteration 11
time: 0.743117s
Iteration 12
time: 0.780560s
Iteration 13
time: 0.756514s
Iteration 14
time: 0.734154s
Iteration 15
time: 0.729599s
Iteration 16
time: 0.760869s
Iteration 17
time: 0.742050s
Iteration 18
time: 0.740781s
Iteration 19
time: 0.728226s
Iteration 20
time: 0.754898s
Iteration 21
time: 0.739094s
Iteration 22
time: 0.759117s
Iteration 23
time: 0.755643s
Iteration 24
time: 0.745169s
3: Starting numprocs=8 N=6000, M=6000 impl=allreduce-ring
2: Starting numprocs=8 N=6000, M=6000 impl=allreduce-ring
0: Starting numprocs=8 N=6000, M=6000 impl=allreduce-ring
Iteration 0
4: Starting numprocs=8 N=6000, M=6000 impl=allreduce-ring
1: Starting numprocs=8 N=6000, M=6000 impl=allreduce-ring
7: Starting numprocs=8 N=6000, M=6000 impl=allreduce-ring
6: Starting numprocs=8 N=6000, M=6000 impl=allreduce-ring
5: Starting numprocs=8 N=6000, M=6000 impl=allreduce-ring
time: 0.698665s
Iteration 1
time: 0.598016s
Iteration 2
time: 0.596629s
Iteration 3
time: 0.580139s
Iteration 4
time: 0.594120s
Iteration 5
time: 0.583159s
Iteration 6
time: 0.591148s
Iteration 7
time: 0.585094s
Iteration 8
time: 0.580906s
Iteration 9
time: 0.581913s
Iteration 10
time: 0.580308s
Iteration 11
time: 0.599677s
Iteration 12
time: 0.586909s
Iteration 13
time: 0.596391s
Iteration 14
time: 0.582416s
Iteration 15
time: 0.581189s
Iteration 16
time: 0.603247s
Iteration 17
time: 0.593507s
Iteration 18
time: 0.601745s
Iteration 19
time: 0.588844s
Iteration 20
time: 0.582423s
Iteration 21
time: 0.592797s
Iteration 22
time: 0.586148s
Iteration 23
time: 0.601310s
Iteration 24
time: 0.588954s
3: Starting numprocs=8 N=6000, M=6000 impl=g-rabenseifner-allgather
5: Starting numprocs=8 N=6000, M=6000 impl=g-rabenseifner-allgather
2: Starting numprocs=8 N=6000, M=6000 impl=g-rabenseifner-allgather
4: Starting numprocs=8 N=6000, M=6000 impl=g-rabenseifner-allgather
1: Starting numprocs=8 N=6000, M=6000 impl=g-rabenseifner-allgather
7: Starting numprocs=8 N=6000, M=6000 impl=g-rabenseifner-allgather
0: Starting numprocs=8 N=6000, M=6000 impl=g-rabenseifner-allgather
Iteration 0
6: Starting numprocs=8 N=6000, M=6000 impl=g-rabenseifner-allgather
time: 0.291639s
Iteration 1
time: 0.246034s
Iteration 2
time: 0.246273s
Iteration 3
time: 0.244475s
Iteration 4
time: 0.244153s
Iteration 5
time: 0.244868s
Iteration 6
time: 0.244190s
Iteration 7
time: 0.246077s
Iteration 8
time: 0.244120s
Iteration 9
time: 0.245497s
Iteration 10
time: 0.244353s
Iteration 11
time: 0.245737s
Iteration 12
time: 0.244389s
Iteration 13
time: 0.243211s
Iteration 14
time: 0.246946s
Iteration 15
time: 0.244257s
Iteration 16
time: 0.244772s
Iteration 17
time: 0.247937s
Iteration 18
time: 0.246928s
Iteration 19
time: 0.246024s
Iteration 20
time: 0.244485s
Iteration 21
time: 0.244498s
Iteration 22
time: 0.244578s
Iteration 23
time: 0.248439s
Iteration 24
time: 0.244096s
2: Starting numprocs=8 N=6000, M=6000 impl=g-rabenseifner-subgroup-2
3: Starting numprocs=8 N=6000, M=6000 impl=g-rabenseifner-subgroup-2
4: Starting numprocs=8 N=6000, M=6000 impl=g-rabenseifner-subgroup-2
1: Starting numprocs=8 N=6000, M=6000 impl=g-rabenseifner-subgroup-2
0: Starting numprocs=8 N=6000, M=6000 impl=g-rabenseifner-subgroup-2
Iteration 0
7: Starting numprocs=8 N=6000, M=6000 impl=g-rabenseifner-subgroup-2
5: Starting numprocs=8 N=6000, M=6000 impl=g-rabenseifner-subgroup-2
6: Starting numprocs=8 N=6000, M=6000 impl=g-rabenseifner-subgroup-2
time: 0.299947s
Iteration 1
time: 0.247345s
Iteration 2
time: 0.247655s
Iteration 3
time: 0.249686s
Iteration 4
time: 0.247319s
Iteration 5
time: 0.249897s
Iteration 6
time: 0.251032s
Iteration 7
time: 0.247049s
Iteration 8
time: 0.247899s
Iteration 9
time: 0.249630s
Iteration 10
time: 0.249284s
Iteration 11
time: 0.249476s
Iteration 12
time: 0.247113s
Iteration 13
time: 0.249199s
Iteration 14
time: 0.246898s
Iteration 15
time: 0.249500s
Iteration 16
time: 0.250127s
Iteration 17
time: 0.251691s
Iteration 18
time: 0.247075s
Iteration 19
time: 0.249509s
Iteration 20
time: 0.248282s
Iteration 21
time: 0.249033s
Iteration 22
time: 0.248926s
Iteration 23
time: 0.248010s
Iteration 24
time: 0.253423s
3: Starting numprocs=8 N=6000, M=6000 impl=g-rabenseifner-subgroup-4
7: Starting numprocs=8 N=6000, M=6000 impl=g-rabenseifner-subgroup-4
2: Starting numprocs=8 N=6000, M=6000 impl=g-rabenseifner-subgroup-4
0: Starting numprocs=8 N=6000, M=6000 impl=g-rabenseifner-subgroup-4
Iteration 0
5: Starting numprocs=8 N=6000, M=6000 impl=g-rabenseifner-subgroup-4
4: Starting numprocs=8 N=6000, M=6000 impl=g-rabenseifner-subgroup-4
1: Starting numprocs=8 N=6000, M=6000 impl=g-rabenseifner-subgroup-4
6: Starting numprocs=8 N=6000, M=6000 impl=g-rabenseifner-subgroup-4
time: 0.280385s
Iteration 1
time: 0.259097s
Iteration 2
time: 0.257208s
Iteration 3
time: 0.263194s
Iteration 4
time: 0.256031s
Iteration 5
time: 0.256840s
Iteration 6
time: 0.257359s
Iteration 7
time: 0.254739s
Iteration 8
time: 0.256091s
Iteration 9
time: 0.257822s
Iteration 10
time: 0.257964s
Iteration 11
time: 0.259755s
Iteration 12
time: 0.258164s
Iteration 13
time: 0.253517s
Iteration 14
time: 0.255356s
Iteration 15
time: 0.254388s
Iteration 16
time: 0.259394s
Iteration 17
time: 0.258212s
Iteration 18
time: 0.255481s
Iteration 19
time: 0.257143s
Iteration 20
time: 0.256655s
Iteration 21
time: 0.254738s
Iteration 22
time: 0.262213s
Iteration 23
time: 0.255712s
Iteration 24
time: 0.259477s
2: Starting numprocs=8 N=6000, M=6000 impl=g-rabenseifner-subgroup-8
3: Starting numprocs=8 N=6000, M=6000 impl=g-rabenseifner-subgroup-8
5: Starting numprocs=8 N=6000, M=6000 impl=g-rabenseifner-subgroup-8
0: Starting numprocs=8 N=6000, M=6000 impl=g-rabenseifner-subgroup-8
Iteration 0
4: Starting numprocs=8 N=6000, M=6000 impl=g-rabenseifner-subgroup-8
1: Starting numprocs=8 N=6000, M=6000 impl=g-rabenseifner-subgroup-8
7: Starting numprocs=8 N=6000, M=6000 impl=g-rabenseifner-subgroup-8
6: Starting numprocs=8 N=6000, M=6000 impl=g-rabenseifner-subgroup-8
time: 0.295678s
Iteration 1
time: 0.279547s
Iteration 2
time: 0.280767s
Iteration 3
time: 0.276810s
Iteration 4
time: 0.272362s
Iteration 5
time: 0.275304s
Iteration 6
time: 0.269403s
Iteration 7
time: 0.267606s
Iteration 8
time: 0.272129s
Iteration 9
time: 0.267624s
Iteration 10
time: 0.275253s
Iteration 11
time: 0.275931s
Iteration 12
time: 0.274810s
Iteration 13
time: 0.280722s
Iteration 14
time: 0.278907s
Iteration 15
time: 0.280128s
Iteration 16
time: 0.268839s
Iteration 17
time: 0.269696s
Iteration 18
time: 0.272169s
Iteration 19
time: 0.276214s
Iteration 20
time: 0.268285s
Iteration 21
time: 0.273416s
Iteration 22
time: 0.270407s
Iteration 23
time: 0.271555s
Iteration 24
time: 0.278902s
3: Starting numprocs=8 N=7000, M=7000 impl=allgather
5: Starting numprocs=8 N=7000, M=7000 impl=allgather
2: Starting numprocs=8 N=7000, M=7000 impl=allgather
4: Starting numprocs=8 N=7000, M=7000 impl=allgather
1: Starting numprocs=8 N=7000, M=7000 impl=allgather
7: Starting numprocs=8 N=7000, M=7000 impl=allgather
6: Starting numprocs=8 N=7000, M=7000 impl=allgather
0: Starting numprocs=8 N=7000, M=7000 impl=allgather
Iteration 0
time: 0.547115s
Iteration 1
time: 0.582636s
Iteration 2
time: 0.524840s
Iteration 3
time: 0.517403s
Iteration 4
time: 0.499710s
Iteration 5
time: 0.534456s
Iteration 6
time: 0.567314s
Iteration 7
time: 0.545535s
Iteration 8
time: 0.538155s
Iteration 9
time: 0.521440s
Iteration 10
time: 0.492058s
Iteration 11
time: 0.507668s
Iteration 12
time: 0.602194s
Iteration 13
time: 0.518043s
Iteration 14
time: 0.558340s
Iteration 15
time: 0.526665s
Iteration 16
time: 0.523438s
Iteration 17
time: 0.516893s
Iteration 18
time: 0.575273s
Iteration 19
time: 0.519308s
Iteration 20
time: 0.541957s
Iteration 21
time: 0.495039s
Iteration 22
time: 0.529796s
Iteration 23
time: 0.513173s
Iteration 24
time: 0.501164s
2: Starting numprocs=8 N=7000, M=7000 impl=allreduce
7: Starting numprocs=8 N=7000, M=7000 impl=allreduce
5: Starting numprocs=8 N=7000, M=7000 impl=allreduce
3: Starting numprocs=8 N=7000, M=7000 impl=allreduce
1: Starting numprocs=8 N=7000, M=7000 impl=allreduce
0: Starting numprocs=8 N=7000, M=7000 impl=allreduce
Iteration 0
4: Starting numprocs=8 N=7000, M=7000 impl=allreduce
6: Starting numprocs=8 N=7000, M=7000 impl=allreduce
time: 1.141069s
Iteration 1
time: 1.001893s
Iteration 2
time: 1.043164s
Iteration 3
time: 1.009164s
Iteration 4
time: 1.018124s
Iteration 5
time: 1.026837s
Iteration 6
time: 1.021109s
Iteration 7
time: 1.018720s
Iteration 8
time: 0.996078s
Iteration 9
time: 1.021133s
Iteration 10
time: 1.008587s
Iteration 11
time: 0.995100s
Iteration 12
time: 1.024003s
Iteration 13
time: 1.026152s
Iteration 14
time: 0.998369s
Iteration 15
time: 1.010604s
Iteration 16
time: 1.010952s
Iteration 17
time: 1.002590s
Iteration 18
time: 1.020755s
Iteration 19
time: 1.004080s
Iteration 20
time: 1.009806s
Iteration 21
time: 1.023634s
Iteration 22
time: 1.016166s
Iteration 23
time: 0.998923s
Iteration 24
time: 1.046949s
5: Starting numprocs=8 N=7000, M=7000 impl=allreduce-ring
3: Starting numprocs=8 N=7000, M=7000 impl=allreduce-ring
2: Starting numprocs=8 N=7000, M=7000 impl=allreduce-ring
7: Starting numprocs=8 N=7000, M=7000 impl=allreduce-ring
0: Starting numprocs=8 N=7000, M=7000 impl=allreduce-ring
Iteration 0
4: Starting numprocs=8 N=7000, M=7000 impl=allreduce-ring
1: Starting numprocs=8 N=7000, M=7000 impl=allreduce-ring
6: Starting numprocs=8 N=7000, M=7000 impl=allreduce-ring
time: 0.919823s
Iteration 1
time: 0.817620s
Iteration 2
time: 0.806762s
Iteration 3
time: 0.799092s
Iteration 4
time: 0.799710s
Iteration 5
time: 0.821528s
Iteration 6
time: 0.804685s
Iteration 7
time: 0.797919s
Iteration 8
time: 0.781687s
Iteration 9
time: 0.803512s
Iteration 10
time: 0.799580s
Iteration 11
time: 0.790227s
Iteration 12
time: 0.790088s
Iteration 13
time: 0.810000s
Iteration 14
time: 0.814663s
Iteration 15
time: 0.797759s
Iteration 16
time: 0.799494s
Iteration 17
time: 0.791735s
Iteration 18
time: 0.815533s
Iteration 19
time: 0.795387s
Iteration 20
time: 0.797620s
Iteration 21
time: 0.788629s
Iteration 22
time: 0.803870s
Iteration 23
time: 0.810713s
Iteration 24
time: 0.802480s
2: Starting numprocs=8 N=7000, M=7000 impl=g-rabenseifner-allgather
3: Starting numprocs=8 N=7000, M=7000 impl=g-rabenseifner-allgather
5: Starting numprocs=8 N=7000, M=7000 impl=g-rabenseifner-allgather
4: Starting numprocs=8 N=7000, M=7000 impl=g-rabenseifner-allgather
7: Starting numprocs=8 N=7000, M=7000 impl=g-rabenseifner-allgather
1: Starting numprocs=8 N=7000, M=7000 impl=g-rabenseifner-allgather
0: Starting numprocs=8 N=7000, M=7000 impl=g-rabenseifner-allgather
Iteration 0
6: Starting numprocs=8 N=7000, M=7000 impl=g-rabenseifner-allgather
time: 0.389915s
Iteration 1
time: 0.333109s
Iteration 2
time: 0.334848s
Iteration 3
time: 0.335642s
Iteration 4
time: 0.332670s
Iteration 5
time: 0.330800s
Iteration 6
time: 0.332400s
Iteration 7
time: 0.332611s
Iteration 8
time: 0.332524s
Iteration 9
time: 0.336110s
Iteration 10
time: 0.334146s
Iteration 11
time: 0.335351s
Iteration 12
time: 0.333259s
Iteration 13
time: 0.332895s
Iteration 14
time: 0.332757s
Iteration 15
time: 0.334053s
Iteration 16
time: 0.332831s
Iteration 17
time: 0.333858s
Iteration 18
time: 0.332711s
Iteration 19
time: 0.333009s
Iteration 20
time: 0.332934s
Iteration 21
time: 0.332359s
Iteration 22
time: 0.333133s
Iteration 23
time: 0.331268s
Iteration 24
time: 0.332372s
2: Starting numprocs=8 N=7000, M=7000 impl=g-rabenseifner-subgroup-2
3: Starting numprocs=8 N=7000, M=7000 impl=g-rabenseifner-subgroup-2
7: Starting numprocs=8 N=7000, M=7000 impl=g-rabenseifner-subgroup-2
5: Starting numprocs=8 N=7000, M=7000 impl=g-rabenseifner-subgroup-2
4: Starting numprocs=8 N=7000, M=7000 impl=g-rabenseifner-subgroup-2
1: Starting numprocs=8 N=7000, M=7000 impl=g-rabenseifner-subgroup-2
0: Starting numprocs=8 N=7000, M=7000 impl=g-rabenseifner-subgroup-2
Iteration 0
6: Starting numprocs=8 N=7000, M=7000 impl=g-rabenseifner-subgroup-2
time: 0.408661s
Iteration 1
time: 0.338679s
Iteration 2
time: 0.338674s
Iteration 3
time: 0.341581s
Iteration 4
time: 0.335617s
Iteration 5
time: 0.336014s
Iteration 6
time: 0.339348s
Iteration 7
time: 0.337276s
Iteration 8
time: 0.336507s
Iteration 9
time: 0.342838s
Iteration 10
time: 0.335349s
Iteration 11
time: 0.338286s
Iteration 12
time: 0.335375s
Iteration 13
time: 0.336056s
Iteration 14
time: 0.334452s
Iteration 15
time: 0.338733s
Iteration 16
time: 0.336649s
Iteration 17
time: 0.337002s
Iteration 18
time: 0.347386s
Iteration 19
time: 0.341412s
Iteration 20
time: 0.339845s
Iteration 21
time: 0.337340s
Iteration 22
time: 0.338054s
Iteration 23
time: 0.336855s
Iteration 24
time: 0.336176s
2: Starting numprocs=8 N=7000, M=7000 impl=g-rabenseifner-subgroup-4
3: Starting numprocs=8 N=7000, M=7000 impl=g-rabenseifner-subgroup-4
4: Starting numprocs=8 N=7000, M=7000 impl=g-rabenseifner-subgroup-4
7: Starting numprocs=8 N=7000, M=7000 impl=g-rabenseifner-subgroup-4
5: Starting numprocs=8 N=7000, M=7000 impl=g-rabenseifner-subgroup-4
1: Starting numprocs=8 N=7000, M=7000 impl=g-rabenseifner-subgroup-4
6: Starting numprocs=8 N=7000, M=7000 impl=g-rabenseifner-subgroup-4
0: Starting numprocs=8 N=7000, M=7000 impl=g-rabenseifner-subgroup-4
Iteration 0
time: 0.379360s
Iteration 1
time: 0.348682s
Iteration 2
time: 0.345262s
Iteration 3
time: 0.348502s
Iteration 4
time: 0.345233s
Iteration 5
time: 0.344560s
Iteration 6
time: 0.347222s
Iteration 7
time: 0.352070s
Iteration 8
time: 0.356182s
Iteration 9
time: 0.351602s
Iteration 10
time: 0.353757s
Iteration 11
time: 0.354458s
Iteration 12
time: 0.346492s
Iteration 13
time: 0.349292s
Iteration 14
time: 0.350073s
Iteration 15
time: 0.347503s
Iteration 16
time: 0.350241s
Iteration 17
time: 0.353247s
Iteration 18
time: 0.348505s
Iteration 19
time: 0.344994s
Iteration 20
time: 0.352172s
Iteration 21
time: 0.347658s
Iteration 22
time: 0.344814s
Iteration 23
time: 0.352345s
Iteration 24
time: 0.351833s
2: Starting numprocs=8 N=7000, M=7000 impl=g-rabenseifner-subgroup-8
1: Starting numprocs=8 N=7000, M=7000 impl=g-rabenseifner-subgroup-8
7: Starting numprocs=8 N=7000, M=7000 impl=g-rabenseifner-subgroup-8
4: Starting numprocs=8 N=7000, M=7000 impl=g-rabenseifner-subgroup-8
3: Starting numprocs=8 N=7000, M=7000 impl=g-rabenseifner-subgroup-8
5: Starting numprocs=8 N=7000, M=7000 impl=g-rabenseifner-subgroup-8
0: Starting numprocs=8 N=7000, M=7000 impl=g-rabenseifner-subgroup-8
Iteration 0
6: Starting numprocs=8 N=7000, M=7000 impl=g-rabenseifner-subgroup-8
time: 0.382829s
Iteration 1
time: 0.366748s
Iteration 2
time: 0.357170s
Iteration 3
time: 0.362155s
Iteration 4
time: 0.368090s
Iteration 5
time: 0.385544s
Iteration 6
time: 0.364213s
Iteration 7
time: 0.359035s
Iteration 8
time: 0.362124s
Iteration 9
time: 0.375598s
Iteration 10
time: 0.378419s
Iteration 11
time: 0.372447s
Iteration 12
time: 0.357560s
Iteration 13
time: 0.370244s
Iteration 14
time: 0.373608s
Iteration 15
time: 0.375883s
Iteration 16
time: 0.373449s
Iteration 17
time: 0.373978s
Iteration 18
time: 0.359473s
Iteration 19
time: 0.362155s
Iteration 20
time: 0.367338s
Iteration 21
time: 0.369262s
Iteration 22
time: 0.387236s
Iteration 23
time: 0.363528s
Iteration 24
time: 0.357618s
2: Starting numprocs=8 N=8000, M=8000 impl=allgather
5: Starting numprocs=8 N=8000, M=8000 impl=allgather
3: Starting numprocs=8 N=8000, M=8000 impl=allgather
4: Starting numprocs=8 N=8000, M=8000 impl=allgather
7: Starting numprocs=8 N=8000, M=8000 impl=allgather
1: Starting numprocs=8 N=8000, M=8000 impl=allgather
0: Starting numprocs=8 N=8000, M=8000 impl=allgather
Iteration 0
6: Starting numprocs=8 N=8000, M=8000 impl=allgather
time: 0.777068s
Iteration 1
time: 0.677822s
Iteration 2
time: 0.691903s
Iteration 3
time: 0.679137s
Iteration 4
time: 0.744235s
Iteration 5
time: 0.686814s
Iteration 6
time: 0.662721s
Iteration 7
time: 0.774343s
Iteration 8
time: 0.703196s
Iteration 9
time: 0.658170s
Iteration 10
time: 0.757623s
Iteration 11
time: 0.684818s
Iteration 12
time: 0.677896s
Iteration 13
time: 0.749831s
Iteration 14
time: 0.700524s
Iteration 15
time: 0.698517s
Iteration 16
time: 0.684404s
Iteration 17
time: 0.713538s
Iteration 18
time: 0.709847s
Iteration 19
time: 0.676085s
Iteration 20
time: 0.747935s
Iteration 21
time: 0.673438s
Iteration 22
time: 0.698921s
Iteration 23
time: 0.686558s
Iteration 24
time: 0.725202s
3: Starting numprocs=8 N=8000, M=8000 impl=allreduce
2: Starting numprocs=8 N=8000, M=8000 impl=allreduce
5: Starting numprocs=8 N=8000, M=8000 impl=allreduce
4: Starting numprocs=8 N=8000, M=8000 impl=allreduce
7: Starting numprocs=8 N=8000, M=8000 impl=allreduce
1: Starting numprocs=8 N=8000, M=8000 impl=allreduce
0: Starting numprocs=8 N=8000, M=8000 impl=allreduce
Iteration 0
6: Starting numprocs=8 N=8000, M=8000 impl=allreduce
time: 1.500908s
Iteration 1
time: 1.313338s
Iteration 2
time: 1.323505s
Iteration 3
time: 1.330343s
Iteration 4
time: 1.312459s
Iteration 5
time: 1.327299s
Iteration 6
time: 1.316879s
Iteration 7
time: 1.311132s
Iteration 8
time: 1.329229s
Iteration 9
time: 1.293789s
Iteration 10
time: 1.351399s
Iteration 11
time: 1.298618s
Iteration 12
time: 1.334116s
Iteration 13
time: 1.318242s
Iteration 14
time: 1.306436s
Iteration 15
time: 1.345818s
Iteration 16
time: 1.310541s
Iteration 17
time: 1.317256s
Iteration 18
time: 1.315374s
Iteration 19
time: 1.331455s
Iteration 20
time: 1.314547s
Iteration 21
time: 1.328686s
Iteration 22
time: 1.310441s
Iteration 23
time: 1.339694s
Iteration 24
time: 1.298226s
3: Starting numprocs=8 N=8000, M=8000 impl=allreduce-ring
1: Starting numprocs=8 N=8000, M=8000 impl=allreduce-ring
2: Starting numprocs=8 N=8000, M=8000 impl=allreduce-ring
4: Starting numprocs=8 N=8000, M=8000 impl=allreduce-ring
5: Starting numprocs=8 N=8000, M=8000 impl=allreduce-ring
7: Starting numprocs=8 N=8000, M=8000 impl=allreduce-ring
0: Starting numprocs=8 N=8000, M=8000 impl=allreduce-ring
Iteration 0
6: Starting numprocs=8 N=8000, M=8000 impl=allreduce-ring
time: 1.213755s
Iteration 1
time: 1.049769s
Iteration 2
time: 1.029411s
Iteration 3
time: 1.061666s
Iteration 4
time: 1.046217s
Iteration 5
time: 1.058285s
Iteration 6
time: 1.035563s
Iteration 7
time: 1.055389s
Iteration 8
time: 1.049063s
Iteration 9
time: 1.050816s
Iteration 10
time: 1.043857s
Iteration 11
time: 1.062187s
Iteration 12
time: 1.041933s
Iteration 13
time: 1.061868s
Iteration 14
time: 1.054585s
Iteration 15
time: 1.035018s
Iteration 16
time: 1.055059s
Iteration 17
time: 1.046004s
Iteration 18
time: 1.020485s
Iteration 19
time: 1.033357s
Iteration 20
time: 1.034424s
Iteration 21
time: 1.047843s
Iteration 22
time: 1.041855s
Iteration 23
time: 1.051009s
Iteration 24
time: 1.032373s
3: Starting numprocs=8 N=8000, M=8000 impl=g-rabenseifner-allgather
2: Starting numprocs=8 N=8000, M=8000 impl=g-rabenseifner-allgather
5: Starting numprocs=8 N=8000, M=8000 impl=g-rabenseifner-allgather
1: Starting numprocs=8 N=8000, M=8000 impl=g-rabenseifner-allgather
4: Starting numprocs=8 N=8000, M=8000 impl=g-rabenseifner-allgather
7: Starting numprocs=8 N=8000, M=8000 impl=g-rabenseifner-allgather
6: Starting numprocs=8 N=8000, M=8000 impl=g-rabenseifner-allgather
0: Starting numprocs=8 N=8000, M=8000 impl=g-rabenseifner-allgather
Iteration 0
time: 0.496418s
Iteration 1
time: 0.435525s
Iteration 2
time: 0.434403s
Iteration 3
time: 0.434536s
Iteration 4
time: 0.435039s
Iteration 5
time: 0.435055s
Iteration 6
time: 0.438354s
Iteration 7
time: 0.434968s
Iteration 8
time: 0.434361s
Iteration 9
time: 0.435058s
Iteration 10
time: 0.437372s
Iteration 11
time: 0.433335s
Iteration 12
time: 0.433675s
Iteration 13
time: 0.434926s
Iteration 14
time: 0.435275s
Iteration 15
time: 0.434468s
Iteration 16
time: 0.433889s
Iteration 17
time: 0.435397s
Iteration 18
time: 0.443722s
Iteration 19
time: 0.434451s
Iteration 20
time: 0.434940s
Iteration 21
time: 0.432443s
Iteration 22
time: 0.436171s
Iteration 23
time: 0.433549s
Iteration 24
time: 0.434027s
3: Starting numprocs=8 N=8000, M=8000 impl=g-rabenseifner-subgroup-2
2: Starting numprocs=8 N=8000, M=8000 impl=g-rabenseifner-subgroup-2
5: Starting numprocs=8 N=8000, M=8000 impl=g-rabenseifner-subgroup-2
1: Starting numprocs=8 N=8000, M=8000 impl=g-rabenseifner-subgroup-2
4: Starting numprocs=8 N=8000, M=8000 impl=g-rabenseifner-subgroup-2
7: Starting numprocs=8 N=8000, M=8000 impl=g-rabenseifner-subgroup-2
0: Starting numprocs=8 N=8000, M=8000 impl=g-rabenseifner-subgroup-2
Iteration 0
6: Starting numprocs=8 N=8000, M=8000 impl=g-rabenseifner-subgroup-2
time: 0.521532s
Iteration 1
time: 0.442943s
Iteration 2
time: 0.440623s
Iteration 3
time: 0.443966s
Iteration 4
time: 0.441964s
Iteration 5
time: 0.444794s
Iteration 6
time: 0.439814s
Iteration 7
time: 0.444083s
Iteration 8
time: 0.439878s
Iteration 9
time: 0.438190s
Iteration 10
time: 0.441609s
Iteration 11
time: 0.441565s
Iteration 12
time: 0.440178s
Iteration 13
time: 0.441031s
Iteration 14
time: 0.442182s
Iteration 15
time: 0.442377s
Iteration 16
time: 0.442051s
Iteration 17
time: 0.442807s
Iteration 18
time: 0.440357s
Iteration 19
time: 0.439766s
Iteration 20
time: 0.442215s
Iteration 21
time: 0.442496s
Iteration 22
time: 0.440145s
Iteration 23
time: 0.442512s
Iteration 24
time: 0.441683s
2: Starting numprocs=8 N=8000, M=8000 impl=g-rabenseifner-subgroup-4
3: Starting numprocs=8 N=8000, M=8000 impl=g-rabenseifner-subgroup-4
5: Starting numprocs=8 N=8000, M=8000 impl=g-rabenseifner-subgroup-4
4: Starting numprocs=8 N=8000, M=8000 impl=g-rabenseifner-subgroup-4
1: Starting numprocs=8 N=8000, M=8000 impl=g-rabenseifner-subgroup-4
7: Starting numprocs=8 N=8000, M=8000 impl=g-rabenseifner-subgroup-4
6: Starting numprocs=8 N=8000, M=8000 impl=g-rabenseifner-subgroup-4
0: Starting numprocs=8 N=8000, M=8000 impl=g-rabenseifner-subgroup-4
Iteration 0
time: 0.500592s
Iteration 1
time: 0.449883s
Iteration 2
time: 0.448049s
Iteration 3
time: 0.465835s
Iteration 4
time: 0.449839s
Iteration 5
time: 0.457810s
Iteration 6
time: 0.456999s
Iteration 7
time: 0.451264s
Iteration 8
time: 0.460580s
Iteration 9
time: 0.460311s
Iteration 10
time: 0.456892s
Iteration 11
time: 0.457702s
Iteration 12
time: 0.456778s
Iteration 13
time: 0.448856s
Iteration 14
time: 0.449428s
Iteration 15
time: 0.450421s
Iteration 16
time: 0.453234s
Iteration 17
time: 0.450138s
Iteration 18
time: 0.448874s
Iteration 19
time: 0.454260s
Iteration 20
time: 0.461165s
Iteration 21
time: 0.451841s
Iteration 22
time: 0.451505s
Iteration 23
time: 0.450530s
Iteration 24
time: 0.450986s
3: Starting numprocs=8 N=8000, M=8000 impl=g-rabenseifner-subgroup-8
2: Starting numprocs=8 N=8000, M=8000 impl=g-rabenseifner-subgroup-8
1: Starting numprocs=8 N=8000, M=8000 impl=g-rabenseifner-subgroup-8
7: Starting numprocs=8 N=8000, M=8000 impl=g-rabenseifner-subgroup-8
5: Starting numprocs=8 N=8000, M=8000 impl=g-rabenseifner-subgroup-8
4: Starting numprocs=8 N=8000, M=8000 impl=g-rabenseifner-subgroup-8
0: Starting numprocs=8 N=8000, M=8000 impl=g-rabenseifner-subgroup-8
Iteration 0
6: Starting numprocs=8 N=8000, M=8000 impl=g-rabenseifner-subgroup-8
time: 0.507333s
Iteration 1
time: 0.486031s
Iteration 2
time: 0.489242s
Iteration 3
time: 0.480656s
Iteration 4
time: 0.489560s
Iteration 5
time: 0.495566s
Iteration 6
time: 0.488624s
Iteration 7
time: 0.504490s
Iteration 8
time: 0.491373s
Iteration 9
time: 0.497628s
Iteration 10
time: 0.486380s
Iteration 11
time: 0.490764s
Iteration 12
time: 0.485352s
Iteration 13
time: 0.494029s
Iteration 14
time: 0.483605s
Iteration 15
time: 0.497555s
Iteration 16
time: 0.497855s
Iteration 17
time: 0.497370s
Iteration 18
time: 0.506298s
Iteration 19
time: 0.471485s
Iteration 20
time: 0.483920s
Iteration 21
time: 0.474250s
Iteration 22
time: 0.479175s
Iteration 23
time: 0.472095s
Iteration 24
time: 0.463641s
