0: Starting numprocs=8 N=1000, M=1000 impl=allgather
Iteration 0
3: Starting numprocs=8 N=1000, M=1000 impl=allgather
4: Starting numprocs=8 N=1000, M=1000 impl=allgather
5: Starting numprocs=8 N=1000, M=1000 impl=allgather
1: Starting numprocs=8 N=1000, M=1000 impl=allgather
2: Starting numprocs=8 N=1000, M=1000 impl=allgather
6: Starting numprocs=8 N=1000, M=1000 impl=allgather
7: Starting numprocs=8 N=1000, M=1000 impl=allgather
time: 0.013032s
Iteration 1
time: 0.006842s
Iteration 2
time: 0.006785s
Iteration 3
time: 0.007289s
Iteration 4
time: 0.006795s
Iteration 5
time: 0.007659s
Iteration 6
time: 0.006780s
Iteration 7
time: 0.006791s
Iteration 8
time: 0.006816s
Iteration 9
time: 0.006738s
Iteration 10
time: 0.006754s
Iteration 11
time: 0.006771s
Iteration 12
time: 0.006778s
Iteration 13
time: 0.006759s
Iteration 14
time: 0.006753s
Iteration 15
time: 0.006784s
Iteration 16
time: 0.006800s
Iteration 17
time: 0.006770s
Iteration 18
time: 0.006756s
Iteration 19
time: 0.006749s
Iteration 20
time: 0.007267s
Iteration 21
time: 0.006749s
Iteration 22
time: 0.006790s
Iteration 23
time: 0.006777s
Iteration 24
time: 0.006901s
0: Starting numprocs=8 N=1000, M=1000 impl=allreduce
Iteration 0
6: Starting numprocs=8 N=1000, M=1000 impl=allreduce
1: Starting numprocs=8 N=1000, M=1000 impl=allreduce
4: Starting numprocs=8 N=1000, M=1000 impl=allreduce
2: Starting numprocs=8 N=1000, M=1000 impl=allreduce
3: Starting numprocs=8 N=1000, M=1000 impl=allreduce
7: Starting numprocs=8 N=1000, M=1000 impl=allreduce
5: Starting numprocs=8 N=1000, M=1000 impl=allreduce
time: 0.028499s
Iteration 1
time: 0.020642s
Iteration 2
time: 0.016529s
Iteration 3
time: 0.016568s
Iteration 4
time: 0.016892s
Iteration 5
time: 0.016514s
Iteration 6
time: 0.016362s
Iteration 7
time: 0.016537s
Iteration 8
time: 0.015943s
Iteration 9
time: 0.016189s
Iteration 10
time: 0.016510s
Iteration 11
time: 0.015477s
Iteration 12
time: 0.015436s
Iteration 13
time: 0.015157s
Iteration 14
time: 0.015188s
Iteration 15
time: 0.015364s
Iteration 16
time: 0.015571s
Iteration 17
time: 0.016018s
Iteration 18
time: 0.016486s
Iteration 19
time: 0.015750s
Iteration 20
time: 0.015343s
Iteration 21
time: 0.015407s
Iteration 22
time: 0.015275s
Iteration 23
time: 0.015053s
Iteration 24
time: 0.015810s
4: Starting numprocs=8 N=1000, M=1000 impl=allreduce-ring
0: Starting numprocs=8 N=1000, M=1000 impl=allreduce-ring
Iteration 0
1: Starting numprocs=8 N=1000, M=1000 impl=allreduce-ring
2: Starting numprocs=8 N=1000, M=1000 impl=allreduce-ring
3: Starting numprocs=8 N=1000, M=1000 impl=allreduce-ring
6: Starting numprocs=8 N=1000, M=1000 impl=allreduce-ring
5: Starting numprocs=8 N=1000, M=1000 impl=allreduce-ring
7: Starting numprocs=8 N=1000, M=1000 impl=allreduce-ring
time: 0.031306s
Iteration 1
time: 0.014269s
Iteration 2
time: 0.013803s
Iteration 3
time: 0.013746s
Iteration 4
time: 0.013846s
Iteration 5
time: 0.013771s
Iteration 6
time: 0.013946s
Iteration 7
time: 0.014293s
Iteration 8
time: 0.014198s
Iteration 9
time: 0.013707s
Iteration 10
time: 0.014213s
Iteration 11
time: 0.013728s
Iteration 12
time: 0.013976s
Iteration 13
time: 0.013986s
Iteration 14
time: 0.013813s
Iteration 15
time: 0.013864s
Iteration 16
time: 0.013924s
Iteration 17
time: 0.014513s
Iteration 18
time: 0.014552s
Iteration 19
time: 0.014411s
Iteration 20
time: 0.013944s
Iteration 21
time: 0.013879s
Iteration 22
time: 0.013941s
Iteration 23
time: 0.014141s
Iteration 24
time: 0.013975s
0: Starting numprocs=8 N=1000, M=1000 impl=g-rabenseifner-allgather
Iteration 0
3: Starting numprocs=8 N=1000, M=1000 impl=g-rabenseifner-allgather
4: Starting numprocs=8 N=1000, M=1000 impl=g-rabenseifner-allgather
1: Starting numprocs=8 N=1000, M=1000 impl=g-rabenseifner-allgather
6: Starting numprocs=8 N=1000, M=1000 impl=g-rabenseifner-allgather
2: Starting numprocs=8 N=1000, M=1000 impl=g-rabenseifner-allgather
5: Starting numprocs=8 N=1000, M=1000 impl=g-rabenseifner-allgather
7: Starting numprocs=8 N=1000, M=1000 impl=g-rabenseifner-allgather
time: 0.019035s
Iteration 1
time: 0.007238s
Iteration 2
time: 0.006991s
Iteration 3
time: 0.007129s
Iteration 4
time: 0.007010s
Iteration 5
time: 0.007015s
Iteration 6
time: 0.006994s
Iteration 7
time: 0.007014s
Iteration 8
time: 0.007043s
Iteration 9
time: 0.007045s
Iteration 10
time: 0.007011s
Iteration 11
time: 0.007016s
Iteration 12
time: 0.007031s
Iteration 13
time: 0.007058s
Iteration 14
time: 0.007013s
Iteration 15
time: 0.007492s
Iteration 16
time: 0.007526s
Iteration 17
time: 0.007007s
Iteration 18
time: 0.007491s
Iteration 19
time: 0.007015s
Iteration 20
time: 0.006997s
Iteration 21
time: 0.007011s
Iteration 22
time: 0.007034s
Iteration 23
time: 0.007028s
Iteration 24
time: 0.007031s
0: Starting numprocs=8 N=1000, M=1000 impl=g-rabenseifner-subgroup-2
Iteration 0
6: Starting numprocs=8 N=1000, M=1000 impl=g-rabenseifner-subgroup-2
1: Starting numprocs=8 N=1000, M=1000 impl=g-rabenseifner-subgroup-2
4: Starting numprocs=8 N=1000, M=1000 impl=g-rabenseifner-subgroup-2
3: Starting numprocs=8 N=1000, M=1000 impl=g-rabenseifner-subgroup-2
7: Starting numprocs=8 N=1000, M=1000 impl=g-rabenseifner-subgroup-2
2: Starting numprocs=8 N=1000, M=1000 impl=g-rabenseifner-subgroup-2
5: Starting numprocs=8 N=1000, M=1000 impl=g-rabenseifner-subgroup-2
time: 0.023439s
Iteration 1
time: 0.007025s
Iteration 2
time: 0.007006s
Iteration 3
time: 0.007007s
Iteration 4
time: 0.007019s
Iteration 5
time: 0.007281s
Iteration 6
time: 0.007001s
Iteration 7
time: 0.006993s
Iteration 8
time: 0.007069s
Iteration 9
time: 0.006997s
Iteration 10
time: 0.007027s
Iteration 11
time: 0.007026s
Iteration 12
time: 0.007034s
Iteration 13
time: 0.007021s
Iteration 14
time: 0.007057s
Iteration 15
time: 0.007028s
Iteration 16
time: 0.007002s
Iteration 17
time: 0.007066s
Iteration 18
time: 0.007015s
Iteration 19
time: 0.007003s
Iteration 20
time: 0.007013s
Iteration 21
time: 0.007034s
Iteration 22
time: 0.007002s
Iteration 23
time: 0.007090s
Iteration 24
time: 0.007011s
0: Starting numprocs=8 N=1000, M=1000 impl=g-rabenseifner-subgroup-4
Iteration 0
5: Starting numprocs=8 N=1000, M=1000 impl=g-rabenseifner-subgroup-4
2: Starting numprocs=8 N=1000, M=1000 impl=g-rabenseifner-subgroup-4
6: Starting numprocs=8 N=1000, M=1000 impl=g-rabenseifner-subgroup-4
7: Starting numprocs=8 N=1000, M=1000 impl=g-rabenseifner-subgroup-4
3: Starting numprocs=8 N=1000, M=1000 impl=g-rabenseifner-subgroup-4
4: Starting numprocs=8 N=1000, M=1000 impl=g-rabenseifner-subgroup-4
1: Starting numprocs=8 N=1000, M=1000 impl=g-rabenseifner-subgroup-4
time: 0.017074s
Iteration 1
time: 0.006844s
Iteration 2
time: 0.006830s
Iteration 3
time: 0.006872s
Iteration 4
time: 0.006907s
Iteration 5
time: 0.006922s
Iteration 6
time: 0.007361s
Iteration 7
time: 0.006934s
Iteration 8
time: 0.006968s
Iteration 9
time: 0.006941s
Iteration 10
time: 0.007443s
Iteration 11
time: 0.006922s
Iteration 12
time: 0.006967s
Iteration 13
time: 0.006961s
Iteration 14
time: 0.006935s
Iteration 15
time: 0.006938s
Iteration 16
time: 0.006916s
Iteration 17
time: 0.006975s
Iteration 18
time: 0.006916s
Iteration 19
time: 0.006931s
Iteration 20
time: 0.006893s
Iteration 21
time: 0.007011s
Iteration 22
time: 0.006899s
Iteration 23
time: 0.007391s
Iteration 24
time: 0.007419s
0: Starting numprocs=8 N=1000, M=1000 impl=g-rabenseifner-subgroup-8
Iteration 0
4: Starting numprocs=8 N=1000, M=1000 impl=g-rabenseifner-subgroup-8
1: Starting numprocs=8 N=1000, M=1000 impl=g-rabenseifner-subgroup-8
3: Starting numprocs=8 N=1000, M=1000 impl=g-rabenseifner-subgroup-8
2: Starting numprocs=8 N=1000, M=1000 impl=g-rabenseifner-subgroup-8
5: Starting numprocs=8 N=1000, M=1000 impl=g-rabenseifner-subgroup-8
6: Starting numprocs=8 N=1000, M=1000 impl=g-rabenseifner-subgroup-8
7: Starting numprocs=8 N=1000, M=1000 impl=g-rabenseifner-subgroup-8
time: 0.016019s
Iteration 1
time: 0.006565s
Iteration 2
time: 0.006497s
Iteration 3
time: 0.006567s
Iteration 4
time: 0.006552s
Iteration 5
time: 0.006522s
Iteration 6
time: 0.006504s
Iteration 7
time: 0.006587s
Iteration 8
time: 0.006573s
Iteration 9
time: 0.006582s
Iteration 10
time: 0.006616s
Iteration 11
time: 0.006562s
Iteration 12
time: 0.007008s
Iteration 13
time: 0.006562s
Iteration 14
time: 0.006559s
Iteration 15
time: 0.006597s
Iteration 16
time: 0.006553s
Iteration 17
time: 0.006558s
Iteration 18
time: 0.006573s
Iteration 19
time: 0.006552s
Iteration 20
time: 0.006598s
Iteration 21
time: 0.006555s
Iteration 22
time: 0.006549s
Iteration 23
time: 0.006564s
Iteration 24
time: 0.006537s
1: Starting numprocs=8 N=2000, M=2000 impl=allgather
6: Starting numprocs=8 N=2000, M=2000 impl=allgather
0: Starting numprocs=8 N=2000, M=2000 impl=allgather
Iteration 0
3: Starting numprocs=8 N=2000, M=2000 impl=allgather
5: Starting numprocs=8 N=2000, M=2000 impl=allgather
2: Starting numprocs=8 N=2000, M=2000 impl=allgather
4: Starting numprocs=8 N=2000, M=2000 impl=allgather
7: Starting numprocs=8 N=2000, M=2000 impl=allgather
time: 0.038931s
Iteration 1
time: 0.027980s
Iteration 2
time: 0.027465s
Iteration 3
time: 0.027965s
Iteration 4
time: 0.027470s
Iteration 5
time: 0.027462s
Iteration 6
time: 0.027738s
Iteration 7
time: 0.028052s
Iteration 8
time: 0.027431s
Iteration 9
time: 0.027481s
Iteration 10
time: 0.027436s
Iteration 11
time: 0.027432s
Iteration 12
time: 0.027589s
Iteration 13
time: 0.027553s
Iteration 14
time: 0.028046s
Iteration 15
time: 0.027656s
Iteration 16
time: 0.027558s
Iteration 17
time: 0.027484s
Iteration 18
time: 0.027945s
Iteration 19
time: 0.027461s
Iteration 20
time: 0.027455s
Iteration 21
time: 0.027435s
Iteration 22
time: 0.027932s
Iteration 23
time: 0.027495s
Iteration 24
time: 0.027433s
3: Starting numprocs=8 N=2000, M=2000 impl=allreduce
4: Starting numprocs=8 N=2000, M=2000 impl=allreduce
5: Starting numprocs=8 N=2000, M=2000 impl=allreduce
1: Starting numprocs=8 N=2000, M=2000 impl=allreduce
6: Starting numprocs=8 N=2000, M=2000 impl=allreduce
2: Starting numprocs=8 N=2000, M=2000 impl=allreduce
0: Starting numprocs=8 N=2000, M=2000 impl=allreduce
Iteration 0
7: Starting numprocs=8 N=2000, M=2000 impl=allreduce
time: 0.101088s
Iteration 1
time: 0.078738s
Iteration 2
time: 0.066437s
Iteration 3
time: 0.067298s
Iteration 4
time: 0.067676s
Iteration 5
time: 0.063362s
Iteration 6
time: 0.062605s
Iteration 7
time: 0.063132s
Iteration 8
time: 0.060933s
Iteration 9
time: 0.067280s
Iteration 10
time: 0.066023s
Iteration 11
time: 0.063555s
Iteration 12
time: 0.066387s
Iteration 13
time: 0.066068s
Iteration 14
time: 0.064850s
Iteration 15
time: 0.062472s
Iteration 16
time: 0.067501s
Iteration 17
time: 0.061771s
Iteration 18
time: 0.062373s
Iteration 19
time: 0.063724s
Iteration 20
time: 0.062635s
Iteration 21
time: 0.063109s
Iteration 22
time: 0.061830s
Iteration 23
time: 0.061284s
Iteration 24
time: 0.062018s
3: Starting numprocs=8 N=2000, M=2000 impl=allreduce-ring
4: Starting numprocs=8 N=2000, M=2000 impl=allreduce-ring
1: Starting numprocs=8 N=2000, M=2000 impl=allreduce-ring
6: Starting numprocs=8 N=2000, M=2000 impl=allreduce-ring
0: Starting numprocs=8 N=2000, M=2000 impl=allreduce-ring
Iteration 0
2: Starting numprocs=8 N=2000, M=2000 impl=allreduce-ring
5: Starting numprocs=8 N=2000, M=2000 impl=allreduce-ring
7: Starting numprocs=8 N=2000, M=2000 impl=allreduce-ring
time: 0.065421s
Iteration 1
time: 0.056977s
Iteration 2
time: 0.055962s
Iteration 3
time: 0.053511s
Iteration 4
time: 0.055486s
Iteration 5
time: 0.053572s
Iteration 6
time: 0.053755s
Iteration 7
time: 0.054603s
Iteration 8
time: 0.054436s
Iteration 9
time: 0.054174s
Iteration 10
time: 0.054420s
Iteration 11
time: 0.054188s
Iteration 12
time: 0.053637s
Iteration 13
time: 0.056094s
Iteration 14
time: 0.053805s
Iteration 15
time: 0.054841s
Iteration 16
time: 0.054189s
Iteration 17
time: 0.054408s
Iteration 18
time: 0.054307s
Iteration 19
time: 0.054319s
Iteration 20
time: 0.054031s
Iteration 21
time: 0.053437s
Iteration 22
time: 0.053944s
Iteration 23
time: 0.053924s
Iteration 24
time: 0.053794s
1: Starting numprocs=8 N=2000, M=2000 impl=g-rabenseifner-allgather
6: Starting numprocs=8 N=2000, M=2000 impl=g-rabenseifner-allgather
4: Starting numprocs=8 N=2000, M=2000 impl=g-rabenseifner-allgather
0: Starting numprocs=8 N=2000, M=2000 impl=g-rabenseifner-allgather
Iteration 0
3: Starting numprocs=8 N=2000, M=2000 impl=g-rabenseifner-allgather
5: Starting numprocs=8 N=2000, M=2000 impl=g-rabenseifner-allgather
2: Starting numprocs=8 N=2000, M=2000 impl=g-rabenseifner-allgather
7: Starting numprocs=8 N=2000, M=2000 impl=g-rabenseifner-allgather
time: 0.039194s
Iteration 1
time: 0.027873s
Iteration 2
time: 0.027527s
Iteration 3
time: 0.027398s
Iteration 4
time: 0.027401s
Iteration 5
time: 0.027516s
Iteration 6
time: 0.027586s
Iteration 7
time: 0.027485s
Iteration 8
time: 0.027408s
Iteration 9
time: 0.027343s
Iteration 10
time: 0.027362s
Iteration 11
time: 0.027535s
Iteration 12
time: 0.027406s
Iteration 13
time: 0.027509s
Iteration 14
time: 0.027474s
Iteration 15
time: 0.027471s
Iteration 16
time: 0.027463s
Iteration 17
time: 0.027327s
Iteration 18
time: 0.027719s
Iteration 19
time: 0.027387s
Iteration 20
time: 0.027506s
Iteration 21
time: 0.029857s
Iteration 22
time: 0.027700s
Iteration 23
time: 0.027429s
Iteration 24
time: 0.027284s
4: Starting numprocs=8 N=2000, M=2000 impl=g-rabenseifner-subgroup-2
0: Starting numprocs=8 N=2000, M=2000 impl=g-rabenseifner-subgroup-2
Iteration 0
2: Starting numprocs=8 N=2000, M=2000 impl=g-rabenseifner-subgroup-2
6: Starting numprocs=8 N=2000, M=2000 impl=g-rabenseifner-subgroup-2
3: Starting numprocs=8 N=2000, M=2000 impl=g-rabenseifner-subgroup-2
7: Starting numprocs=8 N=2000, M=2000 impl=g-rabenseifner-subgroup-2
5: Starting numprocs=8 N=2000, M=2000 impl=g-rabenseifner-subgroup-2
1: Starting numprocs=8 N=2000, M=2000 impl=g-rabenseifner-subgroup-2
time: 0.046707s
Iteration 1
time: 0.027323s
Iteration 2
time: 0.027157s
Iteration 3
time: 0.027386s
Iteration 4
time: 0.027355s
Iteration 5
time: 0.027319s
Iteration 6
time: 0.027457s
Iteration 7
time: 0.027526s
Iteration 8
time: 0.027764s
Iteration 9
time: 0.027439s
Iteration 10
time: 0.027262s
Iteration 11
time: 0.027273s
Iteration 12
time: 0.027715s
Iteration 13
time: 0.027286s
Iteration 14
time: 0.027320s
Iteration 15
time: 0.027273s
Iteration 16
time: 0.027258s
Iteration 17
time: 0.027816s
Iteration 18
time: 0.027255s
Iteration 19
time: 0.027247s
Iteration 20
time: 0.027718s
Iteration 21
time: 0.027755s
Iteration 22
time: 0.027346s
Iteration 23
time: 0.027280s
Iteration 24
time: 0.027680s
0: Starting numprocs=8 N=2000, M=2000 impl=g-rabenseifner-subgroup-4
Iteration 0
1: Starting numprocs=8 N=2000, M=2000 impl=g-rabenseifner-subgroup-4
4: Starting numprocs=8 N=2000, M=2000 impl=g-rabenseifner-subgroup-4
6: Starting numprocs=8 N=2000, M=2000 impl=g-rabenseifner-subgroup-4
2: Starting numprocs=8 N=2000, M=2000 impl=g-rabenseifner-subgroup-4
5: Starting numprocs=8 N=2000, M=2000 impl=g-rabenseifner-subgroup-4
7: Starting numprocs=8 N=2000, M=2000 impl=g-rabenseifner-subgroup-4
3: Starting numprocs=8 N=2000, M=2000 impl=g-rabenseifner-subgroup-4
time: 0.036305s
Iteration 1
time: 0.027106s
Iteration 2
time: 0.026795s
Iteration 3
time: 0.026770s
Iteration 4
time: 0.026852s
Iteration 5
time: 0.027566s
Iteration 6
time: 0.026675s
Iteration 7
time: 0.026848s
Iteration 8
time: 0.026713s
Iteration 9
time: 0.027157s
Iteration 10
time: 0.026648s
Iteration 11
time: 0.026502s
Iteration 12
time: 0.026554s
Iteration 13
time: 0.026638s
Iteration 14
time: 0.026639s
Iteration 15
time: 0.026640s
Iteration 16
time: 0.026746s
Iteration 17
time: 0.026620s
Iteration 18
time: 0.026561s
Iteration 19
time: 0.026583s
Iteration 20
time: 0.026613s
Iteration 21
time: 0.027093s
Iteration 22
time: 0.026587s
Iteration 23
time: 0.026558s
Iteration 24
time: 0.026554s
0: Starting numprocs=8 N=2000, M=2000 impl=g-rabenseifner-subgroup-8
Iteration 0
6: Starting numprocs=8 N=2000, M=2000 impl=g-rabenseifner-subgroup-8
4: Starting numprocs=8 N=2000, M=2000 impl=g-rabenseifner-subgroup-8
1: Starting numprocs=8 N=2000, M=2000 impl=g-rabenseifner-subgroup-8
2: Starting numprocs=8 N=2000, M=2000 impl=g-rabenseifner-subgroup-8
3: Starting numprocs=8 N=2000, M=2000 impl=g-rabenseifner-subgroup-8
5: Starting numprocs=8 N=2000, M=2000 impl=g-rabenseifner-subgroup-8
7: Starting numprocs=8 N=2000, M=2000 impl=g-rabenseifner-subgroup-8
time: 0.034442s
Iteration 1
time: 0.025857s
Iteration 2
time: 0.025877s
Iteration 3
time: 0.026330s
Iteration 4
time: 0.025713s
Iteration 5
time: 0.025666s
Iteration 6
time: 0.025648s
Iteration 7
time: 0.026176s
Iteration 8
time: 0.025724s
Iteration 9
time: 0.025545s
Iteration 10
time: 0.025696s
Iteration 11
time: 0.026237s
Iteration 12
time: 0.025731s
Iteration 13
time: 0.025480s
Iteration 14
time: 0.025621s
Iteration 15
time: 0.025947s
Iteration 16
time: 0.025454s
Iteration 17
time: 0.025535s
Iteration 18
time: 0.025443s
Iteration 19
time: 0.025415s
Iteration 20
time: 0.025841s
Iteration 21
time: 0.025577s
Iteration 22
time: 0.025464s
Iteration 23
time: 0.025501s
Iteration 24
time: 0.025465s
4: Starting numprocs=8 N=3000, M=3000 impl=allgather
1: Starting numprocs=8 N=3000, M=3000 impl=allgather
0: Starting numprocs=8 N=3000, M=3000 impl=allgather
Iteration 0
3: Starting numprocs=8 N=3000, M=3000 impl=allgather
6: Starting numprocs=8 N=3000, M=3000 impl=allgather
2: Starting numprocs=8 N=3000, M=3000 impl=allgather
5: Starting numprocs=8 N=3000, M=3000 impl=allgather
7: Starting numprocs=8 N=3000, M=3000 impl=allgather
time: 0.084023s
Iteration 1
time: 0.063248s
Iteration 2
time: 0.062208s
Iteration 3
time: 0.062016s
Iteration 4
time: 0.062779s
Iteration 5
time: 0.063237s
Iteration 6
time: 0.063253s
Iteration 7
time: 0.062290s
Iteration 8
time: 0.062571s
Iteration 9
time: 0.062621s
Iteration 10
time: 0.062111s
Iteration 11
time: 0.062709s
Iteration 12
time: 0.072578s
Iteration 13
time: 0.071457s
Iteration 14
time: 0.062997s
Iteration 15
time: 0.063630s
Iteration 16
time: 0.062382s
Iteration 17
time: 0.063670s
Iteration 18
time: 0.062987s
Iteration 19
time: 0.062288s
Iteration 20
time: 0.063061s
Iteration 21
time: 0.062674s
Iteration 22
time: 0.062236s
Iteration 23
time: 0.062845s
Iteration 24
time: 0.063497s
0: Starting numprocs=8 N=3000, M=3000 impl=allreduce
Iteration 0
1: Starting numprocs=8 N=3000, M=3000 impl=allreduce
6: Starting numprocs=8 N=3000, M=3000 impl=allreduce
3: Starting numprocs=8 N=3000, M=3000 impl=allreduce
4: Starting numprocs=8 N=3000, M=3000 impl=allreduce
5: Starting numprocs=8 N=3000, M=3000 impl=allreduce
2: Starting numprocs=8 N=3000, M=3000 impl=allreduce
7: Starting numprocs=8 N=3000, M=3000 impl=allreduce
time: 0.222608s
Iteration 1
time: 0.181285s
Iteration 2
time: 0.182388s
Iteration 3
time: 0.182252s
Iteration 4
time: 0.183587s
Iteration 5
time: 0.185133s
Iteration 6
time: 0.186418s
Iteration 7
time: 0.180318s
Iteration 8
time: 0.181548s
Iteration 9
time: 0.196654s
Iteration 10
time: 0.187922s
Iteration 11
time: 0.183473s
Iteration 12
time: 0.183900s
Iteration 13
time: 0.195499s
Iteration 14
time: 0.187519s
Iteration 15
time: 0.185473s
Iteration 16
time: 0.184902s
Iteration 17
time: 0.183222s
Iteration 18
time: 0.181601s
Iteration 19
time: 0.183397s
Iteration 20
time: 0.184501s
Iteration 21
time: 0.186062s
Iteration 22
time: 0.180418s
Iteration 23
time: 0.185979s
Iteration 24
time: 0.185607s
0: Starting numprocs=8 N=3000, M=3000 impl=allreduce-ring
Iteration 0
6: Starting numprocs=8 N=3000, M=3000 impl=allreduce-ring
4: Starting numprocs=8 N=3000, M=3000 impl=allreduce-ring
2: Starting numprocs=8 N=3000, M=3000 impl=allreduce-ring
1: Starting numprocs=8 N=3000, M=3000 impl=allreduce-ring
3: Starting numprocs=8 N=3000, M=3000 impl=allreduce-ring
5: Starting numprocs=8 N=3000, M=3000 impl=allreduce-ring
7: Starting numprocs=8 N=3000, M=3000 impl=allreduce-ring
time: 0.151327s
Iteration 1
time: 0.123506s
Iteration 2
time: 0.126493s
Iteration 3
time: 0.121757s
Iteration 4
time: 0.122288s
Iteration 5
time: 0.121726s
Iteration 6
time: 0.128215s
Iteration 7
time: 0.125118s
Iteration 8
time: 0.123716s
Iteration 9
time: 0.122712s
Iteration 10
time: 0.122416s
Iteration 11
time: 0.124781s
Iteration 12
time: 0.122702s
Iteration 13
time: 0.131923s
Iteration 14
time: 0.123139s
Iteration 15
time: 0.126034s
Iteration 16
time: 0.124439s
Iteration 17
time: 0.129138s
Iteration 18
time: 0.121671s
Iteration 19
time: 0.122710s
Iteration 20
time: 0.126308s
Iteration 21
time: 0.122387s
Iteration 22
time: 0.130602s
Iteration 23
time: 0.128468s
Iteration 24
time: 0.126065s
0: Starting numprocs=8 N=3000, M=3000 impl=g-rabenseifner-allgather
Iteration 0
1: Starting numprocs=8 N=3000, M=3000 impl=g-rabenseifner-allgather
5: Starting numprocs=8 N=3000, M=3000 impl=g-rabenseifner-allgather
4: Starting numprocs=8 N=3000, M=3000 impl=g-rabenseifner-allgather
2: Starting numprocs=8 N=3000, M=3000 impl=g-rabenseifner-allgather
7: Starting numprocs=8 N=3000, M=3000 impl=g-rabenseifner-allgather
6: Starting numprocs=8 N=3000, M=3000 impl=g-rabenseifner-allgather
3: Starting numprocs=8 N=3000, M=3000 impl=g-rabenseifner-allgather
time: 0.084608s
Iteration 1
time: 0.061604s
Iteration 2
time: 0.061373s
Iteration 3
time: 0.061475s
Iteration 4
time: 0.061357s
Iteration 5
time: 0.061260s
Iteration 6
time: 0.061651s
Iteration 7
time: 0.061392s
Iteration 8
time: 0.061389s
Iteration 9
time: 0.061321s
Iteration 10
time: 0.061299s
Iteration 11
time: 0.061355s
Iteration 12
time: 0.061245s
Iteration 13
time: 0.061368s
Iteration 14
time: 0.061089s
Iteration 15
time: 0.061317s
Iteration 16
time: 0.061778s
Iteration 17
time: 0.061461s
Iteration 18
time: 0.061251s
Iteration 19
time: 0.061623s
Iteration 20
time: 0.061036s
Iteration 21
time: 0.061146s
Iteration 22
time: 0.061278s
Iteration 23
time: 0.061079s
Iteration 24
time: 0.062082s
0: Starting numprocs=8 N=3000, M=3000 impl=g-rabenseifner-subgroup-2
Iteration 0
1: Starting numprocs=8 N=3000, M=3000 impl=g-rabenseifner-subgroup-2
4: Starting numprocs=8 N=3000, M=3000 impl=g-rabenseifner-subgroup-2
3: Starting numprocs=8 N=3000, M=3000 impl=g-rabenseifner-subgroup-2
6: Starting numprocs=8 N=3000, M=3000 impl=g-rabenseifner-subgroup-2
2: Starting numprocs=8 N=3000, M=3000 impl=g-rabenseifner-subgroup-2
7: Starting numprocs=8 N=3000, M=3000 impl=g-rabenseifner-subgroup-2
5: Starting numprocs=8 N=3000, M=3000 impl=g-rabenseifner-subgroup-2
time: 0.082406s
Iteration 1
time: 0.061261s
Iteration 2
time: 0.061510s
Iteration 3
time: 0.061013s
Iteration 4
time: 0.061609s
Iteration 5
time: 0.060965s
Iteration 6
time: 0.061675s
Iteration 7
time: 0.061419s
Iteration 8
time: 0.061215s
Iteration 9
time: 0.061742s
Iteration 10
time: 0.060915s
Iteration 11
time: 0.061512s
Iteration 12
time: 0.060951s
Iteration 13
time: 0.061017s
Iteration 14
time: 0.061365s
Iteration 15
time: 0.062350s
Iteration 16
time: 0.061687s
Iteration 17
time: 0.061184s
Iteration 18
time: 0.061109s
Iteration 19
time: 0.060869s
Iteration 20
time: 0.061357s
Iteration 21
time: 0.061206s
Iteration 22
time: 0.061347s
Iteration 23
time: 0.061235s
Iteration 24
time: 0.061500s
0: Starting numprocs=8 N=3000, M=3000 impl=g-rabenseifner-subgroup-4
Iteration 0
4: Starting numprocs=8 N=3000, M=3000 impl=g-rabenseifner-subgroup-4
1: Starting numprocs=8 N=3000, M=3000 impl=g-rabenseifner-subgroup-4
2: Starting numprocs=8 N=3000, M=3000 impl=g-rabenseifner-subgroup-4
6: Starting numprocs=8 N=3000, M=3000 impl=g-rabenseifner-subgroup-4
5: Starting numprocs=8 N=3000, M=3000 impl=g-rabenseifner-subgroup-4
7: Starting numprocs=8 N=3000, M=3000 impl=g-rabenseifner-subgroup-4
3: Starting numprocs=8 N=3000, M=3000 impl=g-rabenseifner-subgroup-4
time: 0.073108s
Iteration 1
time: 0.063708s
Iteration 2
time: 0.059402s
Iteration 3
time: 0.059676s
Iteration 4
time: 0.059462s
Iteration 5
time: 0.059581s
Iteration 6
time: 0.059191s
Iteration 7
time: 0.059747s
Iteration 8
time: 0.059272s
Iteration 9
time: 0.059425s
Iteration 10
time: 0.059457s
Iteration 11
time: 0.059051s
Iteration 12
time: 0.059572s
Iteration 13
time: 0.059269s
Iteration 14
time: 0.059822s
Iteration 15
time: 0.059433s
Iteration 16
time: 0.058994s
Iteration 17
time: 0.059514s
Iteration 18
time: 0.059144s
Iteration 19
time: 0.059459s
Iteration 20
time: 0.059592s
Iteration 21
time: 0.060189s
Iteration 22
time: 0.059172s
Iteration 23
time: 0.059462s
Iteration 24
time: 0.059127s
0: Starting numprocs=8 N=3000, M=3000 impl=g-rabenseifner-subgroup-8
Iteration 0
7: Starting numprocs=8 N=3000, M=3000 impl=g-rabenseifner-subgroup-8
1: Starting numprocs=8 N=3000, M=3000 impl=g-rabenseifner-subgroup-8
4: Starting numprocs=8 N=3000, M=3000 impl=g-rabenseifner-subgroup-8
2: Starting numprocs=8 N=3000, M=3000 impl=g-rabenseifner-subgroup-8
5: Starting numprocs=8 N=3000, M=3000 impl=g-rabenseifner-subgroup-8
6: Starting numprocs=8 N=3000, M=3000 impl=g-rabenseifner-subgroup-8
3: Starting numprocs=8 N=3000, M=3000 impl=g-rabenseifner-subgroup-8
time: 0.069454s
Iteration 1
time: 0.058225s
Iteration 2
time: 0.058037s
Iteration 3
time: 0.057226s
Iteration 4
time: 0.057412s
Iteration 5
time: 0.057206s
Iteration 6
time: 0.057645s
Iteration 7
time: 0.057147s
Iteration 8
time: 0.058131s
Iteration 9
time: 0.058872s
Iteration 10
time: 0.057254s
Iteration 11
time: 0.058210s
Iteration 12
time: 0.057108s
Iteration 13
time: 0.057720s
Iteration 14
time: 0.056959s
Iteration 15
time: 0.057202s
Iteration 16
time: 0.057498s
Iteration 17
time: 0.057142s
Iteration 18
time: 0.057603s
Iteration 19
time: 0.057682s
Iteration 20
time: 0.057391s
Iteration 21
time: 0.057355s
Iteration 22
time: 0.057123s
Iteration 23
time: 0.057611s
Iteration 24
time: 0.056938s
0: Starting numprocs=8 N=4000, M=4000 impl=allgather
Iteration 0
4: Starting numprocs=8 N=4000, M=4000 impl=allgather
3: Starting numprocs=8 N=4000, M=4000 impl=allgather
1: Starting numprocs=8 N=4000, M=4000 impl=allgather
6: Starting numprocs=8 N=4000, M=4000 impl=allgather
2: Starting numprocs=8 N=4000, M=4000 impl=allgather
5: Starting numprocs=8 N=4000, M=4000 impl=allgather
7: Starting numprocs=8 N=4000, M=4000 impl=allgather
time: 0.129079s
Iteration 1
time: 0.121818s
Iteration 2
time: 0.120190s
Iteration 3
time: 0.122975s
Iteration 4
time: 0.118840s
Iteration 5
time: 0.119226s
Iteration 6
time: 0.126441s
Iteration 7
time: 0.126296s
Iteration 8
time: 0.126052s
Iteration 9
time: 0.132132s
Iteration 10
time: 0.135901s
Iteration 11
time: 0.136342s
Iteration 12
time: 0.125969s
Iteration 13
time: 0.127350s
Iteration 14
time: 0.127706s
Iteration 15
time: 0.126495s
Iteration 16
time: 0.128029s
Iteration 17
time: 0.127027s
Iteration 18
time: 0.124411s
Iteration 19
time: 0.118791s
Iteration 20
time: 0.123506s
Iteration 21
time: 0.119317s
Iteration 22
time: 0.120820s
Iteration 23
time: 0.121618s
Iteration 24
time: 0.150979s
0: Starting numprocs=8 N=4000, M=4000 impl=allreduce
Iteration 0
1: Starting numprocs=8 N=4000, M=4000 impl=allreduce
4: Starting numprocs=8 N=4000, M=4000 impl=allreduce
3: Starting numprocs=8 N=4000, M=4000 impl=allreduce
2: Starting numprocs=8 N=4000, M=4000 impl=allreduce
7: Starting numprocs=8 N=4000, M=4000 impl=allreduce
5: Starting numprocs=8 N=4000, M=4000 impl=allreduce
6: Starting numprocs=8 N=4000, M=4000 impl=allreduce
time: 0.368549s
Iteration 1
time: 0.326975s
Iteration 2
time: 0.326976s
Iteration 3
time: 0.324519s
Iteration 4
time: 0.333209s
Iteration 5
time: 0.326071s
Iteration 6
time: 0.322372s
Iteration 7
time: 0.327809s
Iteration 8
time: 0.326353s
Iteration 9
time: 0.346525s
Iteration 10
time: 0.338012s
Iteration 11
time: 0.327188s
Iteration 12
time: 0.326606s
Iteration 13
time: 0.330807s
Iteration 14
time: 0.328597s
Iteration 15
time: 0.327261s
Iteration 16
time: 0.324616s
Iteration 17
time: 0.327203s
Iteration 18
time: 0.328349s
Iteration 19
time: 0.327284s
Iteration 20
time: 0.332711s
Iteration 21
time: 0.327764s
Iteration 22
time: 0.338369s
Iteration 23
time: 0.328447s
Iteration 24
time: 0.330938s
1: Starting numprocs=8 N=4000, M=4000 impl=allreduce-ring
4: Starting numprocs=8 N=4000, M=4000 impl=allreduce-ring
3: Starting numprocs=8 N=4000, M=4000 impl=allreduce-ring
0: Starting numprocs=8 N=4000, M=4000 impl=allreduce-ring
Iteration 0
6: Starting numprocs=8 N=4000, M=4000 impl=allreduce-ring
2: Starting numprocs=8 N=4000, M=4000 impl=allreduce-ring
5: Starting numprocs=8 N=4000, M=4000 impl=allreduce-ring
7: Starting numprocs=8 N=4000, M=4000 impl=allreduce-ring
time: 0.243316s
Iteration 1
time: 0.218837s
Iteration 2
time: 0.223347s
Iteration 3
time: 0.227927s
Iteration 4
time: 0.222486s
Iteration 5
time: 0.219918s
Iteration 6
time: 0.222403s
Iteration 7
time: 0.220892s
Iteration 8
time: 0.223873s
Iteration 9
time: 0.218035s
Iteration 10
time: 0.221686s
Iteration 11
time: 0.219326s
Iteration 12
time: 0.219274s
Iteration 13
time: 0.221767s
Iteration 14
time: 0.227060s
Iteration 15
time: 0.221372s
Iteration 16
time: 0.223582s
Iteration 17
time: 0.226458s
Iteration 18
time: 0.226261s
Iteration 19
time: 0.222341s
Iteration 20
time: 0.228677s
Iteration 21
time: 0.217505s
Iteration 22
time: 0.223433s
Iteration 23
time: 0.225511s
Iteration 24
time: 0.221638s
0: Starting numprocs=8 N=4000, M=4000 impl=g-rabenseifner-allgather
Iteration 0
1: Starting numprocs=8 N=4000, M=4000 impl=g-rabenseifner-allgather
3: Starting numprocs=8 N=4000, M=4000 impl=g-rabenseifner-allgather
4: Starting numprocs=8 N=4000, M=4000 impl=g-rabenseifner-allgather
2: Starting numprocs=8 N=4000, M=4000 impl=g-rabenseifner-allgather
6: Starting numprocs=8 N=4000, M=4000 impl=g-rabenseifner-allgather
5: Starting numprocs=8 N=4000, M=4000 impl=g-rabenseifner-allgather
7: Starting numprocs=8 N=4000, M=4000 impl=g-rabenseifner-allgather
time: 0.127819s
Iteration 1
time: 0.109336s
Iteration 2
time: 0.109686s
Iteration 3
time: 0.109428s
Iteration 4
time: 0.108292s
Iteration 5
time: 0.108433s
Iteration 6
time: 0.108336s
Iteration 7
time: 0.108332s
Iteration 8
time: 0.108365s
Iteration 9
time: 0.108874s
Iteration 10
time: 0.108447s
Iteration 11
time: 0.108500s
Iteration 12
time: 0.108533s
Iteration 13
time: 0.108530s
Iteration 14
time: 0.108503s
Iteration 15
time: 0.108446s
Iteration 16
time: 0.108900s
Iteration 17
time: 0.109288s
Iteration 18
time: 0.109479s
Iteration 19
time: 0.108772s
Iteration 20
time: 0.108272s
Iteration 21
time: 0.108810s
Iteration 22
time: 0.108244s
Iteration 23
time: 0.108725s
Iteration 24
time: 0.108853s
1: Starting numprocs=8 N=4000, M=4000 impl=g-rabenseifner-subgroup-2
6: Starting numprocs=8 N=4000, M=4000 impl=g-rabenseifner-subgroup-2
3: Starting numprocs=8 N=4000, M=4000 impl=g-rabenseifner-subgroup-2
0: Starting numprocs=8 N=4000, M=4000 impl=g-rabenseifner-subgroup-2
Iteration 0
4: Starting numprocs=8 N=4000, M=4000 impl=g-rabenseifner-subgroup-2
5: Starting numprocs=8 N=4000, M=4000 impl=g-rabenseifner-subgroup-2
2: Starting numprocs=8 N=4000, M=4000 impl=g-rabenseifner-subgroup-2
7: Starting numprocs=8 N=4000, M=4000 impl=g-rabenseifner-subgroup-2
time: 0.133701s
Iteration 1
time: 0.109294s
Iteration 2
time: 0.108838s
Iteration 3
time: 0.108910s
Iteration 4
time: 0.108352s
Iteration 5
time: 0.108383s
Iteration 6
time: 0.108309s
Iteration 7
time: 0.109106s
Iteration 8
time: 0.109283s
Iteration 9
time: 0.109012s
Iteration 10
time: 0.108408s
Iteration 11
time: 0.108657s
Iteration 12
time: 0.109294s
Iteration 13
time: 0.109128s
Iteration 14
time: 0.110804s
Iteration 15
time: 0.108884s
Iteration 16
time: 0.108523s
Iteration 17
time: 0.108230s
Iteration 18
time: 0.107894s
Iteration 19
time: 0.108976s
Iteration 20
time: 0.108122s
Iteration 21
time: 0.108165s
Iteration 22
time: 0.108804s
Iteration 23
time: 0.108781s
Iteration 24
time: 0.107996s
6: Starting numprocs=8 N=4000, M=4000 impl=g-rabenseifner-subgroup-4
0: Starting numprocs=8 N=4000, M=4000 impl=g-rabenseifner-subgroup-4
Iteration 0
3: Starting numprocs=8 N=4000, M=4000 impl=g-rabenseifner-subgroup-4
4: Starting numprocs=8 N=4000, M=4000 impl=g-rabenseifner-subgroup-4
1: Starting numprocs=8 N=4000, M=4000 impl=g-rabenseifner-subgroup-4
5: Starting numprocs=8 N=4000, M=4000 impl=g-rabenseifner-subgroup-4
2: Starting numprocs=8 N=4000, M=4000 impl=g-rabenseifner-subgroup-4
7: Starting numprocs=8 N=4000, M=4000 impl=g-rabenseifner-subgroup-4
time: 0.127420s
Iteration 1
time: 0.106553s
Iteration 2
time: 0.107157s
Iteration 3
time: 0.107261s
Iteration 4
time: 0.107577s
Iteration 5
time: 0.106585s
Iteration 6
time: 0.106231s
Iteration 7
time: 0.107418s
Iteration 8
time: 0.107489s
Iteration 9
time: 0.112312s
Iteration 10
time: 0.106813s
Iteration 11
time: 0.107044s
Iteration 12
time: 0.107186s
Iteration 13
time: 0.107480s
Iteration 14
time: 0.107497s
Iteration 15
time: 0.108093s
Iteration 16
time: 0.107530s
Iteration 17
time: 0.107636s
Iteration 18
time: 0.107653s
Iteration 19
time: 0.107785s
Iteration 20
time: 0.106492s
Iteration 21
time: 0.105279s
Iteration 22
time: 0.107315s
Iteration 23
time: 0.106439s
Iteration 24
time: 0.105928s
0: Starting numprocs=8 N=4000, M=4000 impl=g-rabenseifner-subgroup-8
Iteration 0
1: Starting numprocs=8 N=4000, M=4000 impl=g-rabenseifner-subgroup-8
4: Starting numprocs=8 N=4000, M=4000 impl=g-rabenseifner-subgroup-8
3: Starting numprocs=8 N=4000, M=4000 impl=g-rabenseifner-subgroup-8
6: Starting numprocs=8 N=4000, M=4000 impl=g-rabenseifner-subgroup-8
2: Starting numprocs=8 N=4000, M=4000 impl=g-rabenseifner-subgroup-8
5: Starting numprocs=8 N=4000, M=4000 impl=g-rabenseifner-subgroup-8
7: Starting numprocs=8 N=4000, M=4000 impl=g-rabenseifner-subgroup-8
time: 0.126181s
Iteration 1
time: 0.105634s
Iteration 2
time: 0.110125s
Iteration 3
time: 0.107513s
Iteration 4
time: 0.106878s
Iteration 5
time: 0.105869s
Iteration 6
time: 0.107141s
Iteration 7
time: 0.107186s
Iteration 8
time: 0.109996s
Iteration 9
time: 0.106199s
Iteration 10
time: 0.106015s
Iteration 11
time: 0.105817s
Iteration 12
time: 0.107544s
Iteration 13
time: 0.107577s
Iteration 14
time: 0.105550s
Iteration 15
time: 0.106752s
Iteration 16
time: 0.107349s
Iteration 17
time: 0.107322s
Iteration 18
time: 0.107981s
Iteration 19
time: 0.107183s
Iteration 20
time: 0.107770s
Iteration 21
time: 0.107124s
Iteration 22
time: 0.107120s
Iteration 23
time: 0.105715s
Iteration 24
time: 0.104925s
0: Starting numprocs=8 N=5000, M=5000 impl=allgather
Iteration 0
4: Starting numprocs=8 N=5000, M=5000 impl=allgather
1: Starting numprocs=8 N=5000, M=5000 impl=allgather
3: Starting numprocs=8 N=5000, M=5000 impl=allgather
5: Starting numprocs=8 N=5000, M=5000 impl=allgather
2: Starting numprocs=8 N=5000, M=5000 impl=allgather
7: Starting numprocs=8 N=5000, M=5000 impl=allgather
6: Starting numprocs=8 N=5000, M=5000 impl=allgather
time: 0.264377s
Iteration 1
time: 0.217931s
Iteration 2
time: 0.212443s
Iteration 3
time: 0.220136s
Iteration 4
time: 0.209752s
Iteration 5
time: 0.223884s
Iteration 6
time: 0.210438s
Iteration 7
time: 0.216417s
Iteration 8
time: 0.221648s
Iteration 9
time: 0.215441s
Iteration 10
time: 0.212294s
Iteration 11
time: 0.211793s
Iteration 12
time: 0.214992s
Iteration 13
time: 0.210184s
Iteration 14
time: 0.207884s
Iteration 15
time: 0.211248s
Iteration 16
time: 0.244427s
Iteration 17
time: 0.223000s
Iteration 18
time: 0.208588s
Iteration 19
time: 0.216595s
Iteration 20
time: 0.217651s
Iteration 21
time: 0.214586s
Iteration 22
time: 0.223681s
Iteration 23
time: 0.213530s
Iteration 24
time: 0.218563s
0: Starting numprocs=8 N=5000, M=5000 impl=allreduce
Iteration 0
1: Starting numprocs=8 N=5000, M=5000 impl=allreduce
4: Starting numprocs=8 N=5000, M=5000 impl=allreduce
3: Starting numprocs=8 N=5000, M=5000 impl=allreduce
6: Starting numprocs=8 N=5000, M=5000 impl=allreduce
5: Starting numprocs=8 N=5000, M=5000 impl=allreduce
2: Starting numprocs=8 N=5000, M=5000 impl=allreduce
7: Starting numprocs=8 N=5000, M=5000 impl=allreduce
time: 0.572029s
Iteration 1
time: 0.507624s
Iteration 2
time: 0.505214s
Iteration 3
time: 0.517353s
Iteration 4
time: 0.516875s
Iteration 5
time: 0.506945s
Iteration 6
time: 0.511413s
Iteration 7
time: 0.508915s
Iteration 8
time: 0.508904s
Iteration 9
time: 0.541610s
Iteration 10
time: 0.514392s
Iteration 11
time: 0.527344s
Iteration 12
time: 0.514651s
Iteration 13
time: 0.506365s
Iteration 14
time: 0.513304s
Iteration 15
time: 0.509676s
Iteration 16
time: 0.526575s
Iteration 17
time: 0.509492s
Iteration 18
time: 0.509673s
Iteration 19
time: 0.509021s
Iteration 20
time: 0.511341s
Iteration 21
time: 0.511629s
Iteration 22
time: 0.523566s
Iteration 23
time: 0.504206s
Iteration 24
time: 0.515715s
0: Starting numprocs=8 N=5000, M=5000 impl=allreduce-ring
Iteration 0
1: Starting numprocs=8 N=5000, M=5000 impl=allreduce-ring
4: Starting numprocs=8 N=5000, M=5000 impl=allreduce-ring
3: Starting numprocs=8 N=5000, M=5000 impl=allreduce-ring
6: Starting numprocs=8 N=5000, M=5000 impl=allreduce-ring
2: Starting numprocs=8 N=5000, M=5000 impl=allreduce-ring
5: Starting numprocs=8 N=5000, M=5000 impl=allreduce-ring
7: Starting numprocs=8 N=5000, M=5000 impl=allreduce-ring
time: 0.390045s
Iteration 1
time: 0.347076s
Iteration 2
time: 0.349814s
Iteration 3
time: 0.356678s
Iteration 4
time: 0.345756s
Iteration 5
time: 0.352419s
Iteration 6
time: 0.347866s
Iteration 7
time: 0.353477s
Iteration 8
time: 0.351312s
Iteration 9
time: 0.340777s
Iteration 10
time: 0.346964s
Iteration 11
time: 0.350999s
Iteration 12
time: 0.347259s
Iteration 13
time: 0.346250s
Iteration 14
time: 0.354543s
Iteration 15
time: 0.341885s
Iteration 16
time: 0.346307s
Iteration 17
time: 0.355135s
Iteration 18
time: 0.353393s
Iteration 19
time: 0.346301s
Iteration 20
time: 0.351893s
Iteration 21
time: 0.347829s
Iteration 22
time: 0.348246s
Iteration 23
time: 0.354001s
Iteration 24
time: 0.346862s
1: Starting numprocs=8 N=5000, M=5000 impl=g-rabenseifner-allgather
0: Starting numprocs=8 N=5000, M=5000 impl=g-rabenseifner-allgather
Iteration 0
4: Starting numprocs=8 N=5000, M=5000 impl=g-rabenseifner-allgather
3: Starting numprocs=8 N=5000, M=5000 impl=g-rabenseifner-allgather
2: Starting numprocs=8 N=5000, M=5000 impl=g-rabenseifner-allgather
6: Starting numprocs=8 N=5000, M=5000 impl=g-rabenseifner-allgather
7: Starting numprocs=8 N=5000, M=5000 impl=g-rabenseifner-allgather
5: Starting numprocs=8 N=5000, M=5000 impl=g-rabenseifner-allgather
time: 0.195519s
Iteration 1
time: 0.169916s
Iteration 2
time: 0.169181s
Iteration 3
time: 0.169479s
Iteration 4
time: 0.169788s
Iteration 5
time: 0.171783s
Iteration 6
time: 0.169422s
Iteration 7
time: 0.169560s
Iteration 8
time: 0.168942s
Iteration 9
time: 0.169172s
Iteration 10
time: 0.170995s
Iteration 11
time: 0.170185s
Iteration 12
time: 0.168694s
Iteration 13
time: 0.169124s
Iteration 14
time: 0.169299s
Iteration 15
time: 0.169438s
Iteration 16
time: 0.169737s
Iteration 17
time: 0.169387s
Iteration 18
time: 0.169723s
Iteration 19
time: 0.169571s
Iteration 20
time: 0.169481s
Iteration 21
time: 0.169288s
Iteration 22
time: 0.170093s
Iteration 23
time: 0.169774s
Iteration 24
time: 0.170364s
0: Starting numprocs=8 N=5000, M=5000 impl=g-rabenseifner-subgroup-2
Iteration 0
1: Starting numprocs=8 N=5000, M=5000 impl=g-rabenseifner-subgroup-2
4: Starting numprocs=8 N=5000, M=5000 impl=g-rabenseifner-subgroup-2
3: Starting numprocs=8 N=5000, M=5000 impl=g-rabenseifner-subgroup-2
5: Starting numprocs=8 N=5000, M=5000 impl=g-rabenseifner-subgroup-2
2: Starting numprocs=8 N=5000, M=5000 impl=g-rabenseifner-subgroup-2
6: Starting numprocs=8 N=5000, M=5000 impl=g-rabenseifner-subgroup-2
7: Starting numprocs=8 N=5000, M=5000 impl=g-rabenseifner-subgroup-2
time: 0.212824s
Iteration 1
time: 0.169450s
Iteration 2
time: 0.169332s
Iteration 3
time: 0.169895s
Iteration 4
time: 0.169347s
Iteration 5
time: 0.169583s
Iteration 6
time: 0.170428s
Iteration 7
time: 0.169323s
Iteration 8
time: 0.169605s
Iteration 9
time: 0.170108s
Iteration 10
time: 0.170851s
Iteration 11
time: 0.171456s
Iteration 12
time: 0.177415s
Iteration 13
time: 0.170068s
Iteration 14
time: 0.170534s
Iteration 15
time: 0.170078s
Iteration 16
time: 0.169570s
Iteration 17
time: 0.170494s
Iteration 18
time: 0.169526s
Iteration 19
time: 0.172094s
Iteration 20
time: 0.170480s
Iteration 21
time: 0.170658s
Iteration 22
time: 0.169845s
Iteration 23
time: 0.170025s
Iteration 24
time: 0.169317s
0: Starting numprocs=8 N=5000, M=5000 impl=g-rabenseifner-subgroup-4
Iteration 0
4: Starting numprocs=8 N=5000, M=5000 impl=g-rabenseifner-subgroup-4
1: Starting numprocs=8 N=5000, M=5000 impl=g-rabenseifner-subgroup-4
3: Starting numprocs=8 N=5000, M=5000 impl=g-rabenseifner-subgroup-4
6: Starting numprocs=8 N=5000, M=5000 impl=g-rabenseifner-subgroup-4
2: Starting numprocs=8 N=5000, M=5000 impl=g-rabenseifner-subgroup-4
5: Starting numprocs=8 N=5000, M=5000 impl=g-rabenseifner-subgroup-4
7: Starting numprocs=8 N=5000, M=5000 impl=g-rabenseifner-subgroup-4
time: 0.187914s
Iteration 1
time: 0.167209s
Iteration 2
time: 0.167094s
Iteration 3
time: 0.170242s
Iteration 4
time: 0.169084s
Iteration 5
time: 0.168936s
Iteration 6
time: 0.169303s
Iteration 7
time: 0.170089s
Iteration 8
time: 0.168822s
Iteration 9
time: 0.169622s
Iteration 10
time: 0.168077s
Iteration 11
time: 0.166764s
Iteration 12
time: 0.168145s
Iteration 13
time: 0.167792s
Iteration 14
time: 0.168020s
Iteration 15
time: 0.168329s
Iteration 16
time: 0.167810s
Iteration 17
time: 0.167624s
Iteration 18
time: 0.170744s
Iteration 19
time: 0.169140s
Iteration 20
time: 0.169285s
Iteration 21
time: 0.169062s
Iteration 22
time: 0.169934s
Iteration 23
time: 0.168648s
Iteration 24
time: 0.167831s
0: Starting numprocs=8 N=5000, M=5000 impl=g-rabenseifner-subgroup-8
Iteration 0
4: Starting numprocs=8 N=5000, M=5000 impl=g-rabenseifner-subgroup-8
6: Starting numprocs=8 N=5000, M=5000 impl=g-rabenseifner-subgroup-8
2: Starting numprocs=8 N=5000, M=5000 impl=g-rabenseifner-subgroup-8
1: Starting numprocs=8 N=5000, M=5000 impl=g-rabenseifner-subgroup-8
3: Starting numprocs=8 N=5000, M=5000 impl=g-rabenseifner-subgroup-8
5: Starting numprocs=8 N=5000, M=5000 impl=g-rabenseifner-subgroup-8
7: Starting numprocs=8 N=5000, M=5000 impl=g-rabenseifner-subgroup-8
time: 0.179691s
Iteration 1
time: 0.171906s
Iteration 2
time: 0.170322s
Iteration 3
time: 0.170825s
Iteration 4
time: 0.171620s
Iteration 5
time: 0.169407s
Iteration 6
time: 0.169749s
Iteration 7
time: 0.168842s
Iteration 8
time: 0.168841s
Iteration 9
time: 0.170269s
Iteration 10
time: 0.169951s
Iteration 11
time: 0.173294s
Iteration 12
time: 0.169496s
Iteration 13
time: 0.171766s
Iteration 14
time: 0.170802s
Iteration 15
time: 0.177833s
Iteration 16
time: 0.174730s
Iteration 17
time: 0.172319s
Iteration 18
time: 0.170711s
Iteration 19
time: 0.170146s
Iteration 20
time: 0.171465s
Iteration 21
time: 0.167260s
Iteration 22
time: 0.166480s
Iteration 23
time: 0.170176s
Iteration 24
time: 0.171322s
3: Starting numprocs=8 N=6000, M=6000 impl=allgather
0: Starting numprocs=8 N=6000, M=6000 impl=allgather
Iteration 0
4: Starting numprocs=8 N=6000, M=6000 impl=allgather
1: Starting numprocs=8 N=6000, M=6000 impl=allgather
6: Starting numprocs=8 N=6000, M=6000 impl=allgather
2: Starting numprocs=8 N=6000, M=6000 impl=allgather
5: Starting numprocs=8 N=6000, M=6000 impl=allgather
7: Starting numprocs=8 N=6000, M=6000 impl=allgather
time: 0.315381s
Iteration 1
time: 0.308425s
Iteration 2
time: 0.346673s
Iteration 3
time: 0.317810s
Iteration 4
time: 0.325748s
Iteration 5
time: 0.310451s
Iteration 6
time: 0.315234s
Iteration 7
time: 0.310684s
Iteration 8
time: 0.308548s
Iteration 9
time: 0.347667s
Iteration 10
time: 0.315313s
Iteration 11
time: 0.311947s
Iteration 12
time: 0.311323s
Iteration 13
time: 0.309419s
Iteration 14
time: 0.306989s
Iteration 15
time: 0.352089s
Iteration 16
time: 0.311900s
Iteration 17
time: 0.334279s
Iteration 18
time: 0.316505s
Iteration 19
time: 0.314414s
Iteration 20
time: 0.318334s
Iteration 21
time: 0.338929s
Iteration 22
time: 0.326776s
Iteration 23
time: 0.311384s
Iteration 24
time: 0.322857s
1: Starting numprocs=8 N=6000, M=6000 impl=allreduce
4: Starting numprocs=8 N=6000, M=6000 impl=allreduce
0: Starting numprocs=8 N=6000, M=6000 impl=allreduce
Iteration 0
3: Starting numprocs=8 N=6000, M=6000 impl=allreduce
6: Starting numprocs=8 N=6000, M=6000 impl=allreduce
2: Starting numprocs=8 N=6000, M=6000 impl=allreduce
5: Starting numprocs=8 N=6000, M=6000 impl=allreduce
7: Starting numprocs=8 N=6000, M=6000 impl=allreduce
time: 0.826287s
Iteration 1
time: 0.725496s
Iteration 2
time: 0.733639s
Iteration 3
time: 0.729176s
Iteration 4
time: 0.736726s
Iteration 5
time: 0.734610s
Iteration 6
time: 0.741384s
Iteration 7
time: 0.732347s
Iteration 8
time: 0.738947s
Iteration 9
time: 0.731668s
Iteration 10
time: 0.740486s
Iteration 11
time: 0.732390s
Iteration 12
time: 0.726282s
Iteration 13
time: 0.761018s
Iteration 14
time: 0.733856s
Iteration 15
time: 0.746659s
Iteration 16
time: 0.731768s
Iteration 17
time: 0.726482s
Iteration 18
time: 0.730633s
Iteration 19
time: 0.733880s
Iteration 20
time: 0.733091s
Iteration 21
time: 0.736640s
Iteration 22
time: 0.730465s
Iteration 23
time: 0.722642s
Iteration 24
time: 0.731188s
4: Starting numprocs=8 N=6000, M=6000 impl=allreduce-ring
1: Starting numprocs=8 N=6000, M=6000 impl=allreduce-ring
3: Starting numprocs=8 N=6000, M=6000 impl=allreduce-ring
2: Starting numprocs=8 N=6000, M=6000 impl=allreduce-ring
0: Starting numprocs=8 N=6000, M=6000 impl=allreduce-ring
Iteration 0
5: Starting numprocs=8 N=6000, M=6000 impl=allreduce-ring
7: Starting numprocs=8 N=6000, M=6000 impl=allreduce-ring
6: Starting numprocs=8 N=6000, M=6000 impl=allreduce-ring
time: 0.680693s
Iteration 1
time: 0.579085s
Iteration 2
time: 0.569766s
Iteration 3
time: 0.580497s
Iteration 4
time: 0.577334s
Iteration 5
time: 0.581913s
Iteration 6
time: 0.578877s
Iteration 7
time: 0.591811s
Iteration 8
time: 0.576192s
Iteration 9
time: 0.573805s
Iteration 10
time: 0.583796s
Iteration 11
time: 0.581903s
Iteration 12
time: 0.577190s
Iteration 13
time: 0.577556s
Iteration 14
time: 0.573549s
Iteration 15
time: 0.581349s
Iteration 16
time: 0.586530s
Iteration 17
time: 0.586225s
Iteration 18
time: 0.595661s
Iteration 19
time: 0.572486s
Iteration 20
time: 0.580601s
Iteration 21
time: 0.584462s
Iteration 22
time: 0.578166s
Iteration 23
time: 0.580282s
Iteration 24
time: 0.578667s
0: Starting numprocs=8 N=6000, M=6000 impl=g-rabenseifner-allgather
Iteration 0
4: Starting numprocs=8 N=6000, M=6000 impl=g-rabenseifner-allgather
1: Starting numprocs=8 N=6000, M=6000 impl=g-rabenseifner-allgather
3: Starting numprocs=8 N=6000, M=6000 impl=g-rabenseifner-allgather
6: Starting numprocs=8 N=6000, M=6000 impl=g-rabenseifner-allgather
2: Starting numprocs=8 N=6000, M=6000 impl=g-rabenseifner-allgather
5: Starting numprocs=8 N=6000, M=6000 impl=g-rabenseifner-allgather
7: Starting numprocs=8 N=6000, M=6000 impl=g-rabenseifner-allgather
time: 0.283310s
Iteration 1
time: 0.246689s
Iteration 2
time: 0.244999s
Iteration 3
time: 0.245723s
Iteration 4
time: 0.246338s
Iteration 5
time: 0.244481s
Iteration 6
time: 0.244289s
Iteration 7
time: 0.243795s
Iteration 8
time: 0.244074s
Iteration 9
time: 0.243664s
Iteration 10
time: 0.244241s
Iteration 11
time: 0.244835s
Iteration 12
time: 0.243640s
Iteration 13
time: 0.244108s
Iteration 14
time: 0.244159s
Iteration 15
time: 0.244821s
Iteration 16
time: 0.247137s
Iteration 17
time: 0.244022s
Iteration 18
time: 0.243723s
Iteration 19
time: 0.243531s
Iteration 20
time: 0.244061s
Iteration 21
time: 0.244652s
Iteration 22
time: 0.243291s
Iteration 23
time: 0.243081s
Iteration 24
time: 0.245007s
0: Starting numprocs=8 N=6000, M=6000 impl=g-rabenseifner-subgroup-2
Iteration 0
1: Starting numprocs=8 N=6000, M=6000 impl=g-rabenseifner-subgroup-2
3: Starting numprocs=8 N=6000, M=6000 impl=g-rabenseifner-subgroup-2
4: Starting numprocs=8 N=6000, M=6000 impl=g-rabenseifner-subgroup-2
2: Starting numprocs=8 N=6000, M=6000 impl=g-rabenseifner-subgroup-2
5: Starting numprocs=8 N=6000, M=6000 impl=g-rabenseifner-subgroup-2
6: Starting numprocs=8 N=6000, M=6000 impl=g-rabenseifner-subgroup-2
7: Starting numprocs=8 N=6000, M=6000 impl=g-rabenseifner-subgroup-2
time: 0.292208s
Iteration 1
time: 0.244195s
Iteration 2
time: 0.245351s
Iteration 3
time: 1.369380s
Iteration 4
time: 0.246645s
Iteration 5
time: 0.247204s
Iteration 6
time: 0.245182s
Iteration 7
time: 0.248606s
Iteration 8
time: 0.245172s
Iteration 9
time: 0.246848s
Iteration 10
time: 0.247569s
Iteration 11
time: 0.250534s
Iteration 12
time: 0.247297s
Iteration 13
time: 0.246075s
Iteration 14
time: 0.245218s
Iteration 15
time: 0.247211s
Iteration 16
time: 0.246190s
Iteration 17
time: 0.245097s
Iteration 18
time: 0.246841s
Iteration 19
time: 0.246620s
Iteration 20
time: 0.245179s
Iteration 21
time: 0.247220s
Iteration 22
time: 0.244760s
Iteration 23
time: 0.245584s
Iteration 24
time: 0.246244s
0: Starting numprocs=8 N=6000, M=6000 impl=g-rabenseifner-subgroup-4
Iteration 0
4: Starting numprocs=8 N=6000, M=6000 impl=g-rabenseifner-subgroup-4
1: Starting numprocs=8 N=6000, M=6000 impl=g-rabenseifner-subgroup-4
3: Starting numprocs=8 N=6000, M=6000 impl=g-rabenseifner-subgroup-4
5: Starting numprocs=8 N=6000, M=6000 impl=g-rabenseifner-subgroup-4
6: Starting numprocs=8 N=6000, M=6000 impl=g-rabenseifner-subgroup-4
2: Starting numprocs=8 N=6000, M=6000 impl=g-rabenseifner-subgroup-4
7: Starting numprocs=8 N=6000, M=6000 impl=g-rabenseifner-subgroup-4
time: 0.274076s
Iteration 1
time: 0.253759s
Iteration 2
time: 0.247699s
Iteration 3
time: 0.245471s
Iteration 4
time: 0.246456s
Iteration 5
time: 0.244208s
Iteration 6
time: 0.245777s
Iteration 7
time: 0.246910s
Iteration 8
time: 0.245446s
Iteration 9
time: 0.245884s
Iteration 10
time: 0.244407s
Iteration 11
time: 0.245397s
Iteration 12
time: 0.246873s
Iteration 13
time: 0.246076s
Iteration 14
time: 0.249536s
Iteration 15
time: 0.248816s
Iteration 16
time: 0.248063s
Iteration 17
time: 0.246807s
Iteration 18
time: 0.245964s
Iteration 19
time: 0.246310s
Iteration 20
time: 0.245549s
Iteration 21
time: 0.245850s
Iteration 22
time: 0.243402s
Iteration 23
time: 0.244887s
Iteration 24
time: 0.243240s
4: Starting numprocs=8 N=6000, M=6000 impl=g-rabenseifner-subgroup-8
0: Starting numprocs=8 N=6000, M=6000 impl=g-rabenseifner-subgroup-8
Iteration 0
1: Starting numprocs=8 N=6000, M=6000 impl=g-rabenseifner-subgroup-8
3: Starting numprocs=8 N=6000, M=6000 impl=g-rabenseifner-subgroup-8
6: Starting numprocs=8 N=6000, M=6000 impl=g-rabenseifner-subgroup-8
5: Starting numprocs=8 N=6000, M=6000 impl=g-rabenseifner-subgroup-8
2: Starting numprocs=8 N=6000, M=6000 impl=g-rabenseifner-subgroup-8
7: Starting numprocs=8 N=6000, M=6000 impl=g-rabenseifner-subgroup-8
time: 0.254791s
Iteration 1
time: 0.243276s
Iteration 2
time: 0.241993s
Iteration 3
time: 0.243326s
Iteration 4
time: 0.260834s
Iteration 5
time: 0.246258s
Iteration 6
time: 0.244397s
Iteration 7
time: 0.248980s
Iteration 8
time: 0.245217s
Iteration 9
time: 0.249792s
Iteration 10
time: 0.244549s
Iteration 11
time: 0.243046s
Iteration 12
time: 0.243016s
Iteration 13
time: 0.242438s
Iteration 14
time: 0.245289s
Iteration 15
time: 0.242606s
Iteration 16
time: 0.245278s
Iteration 17
time: 0.244574s
Iteration 18
time: 0.245234s
Iteration 19
time: 0.243973s
Iteration 20
time: 0.243542s
Iteration 21
time: 0.245454s
Iteration 22
time: 0.241660s
Iteration 23
time: 0.242125s
Iteration 24
time: 0.245567s
1: Starting numprocs=8 N=7000, M=7000 impl=allgather
4: Starting numprocs=8 N=7000, M=7000 impl=allgather
0: Starting numprocs=8 N=7000, M=7000 impl=allgather
Iteration 0
3: Starting numprocs=8 N=7000, M=7000 impl=allgather
6: Starting numprocs=8 N=7000, M=7000 impl=allgather
2: Starting numprocs=8 N=7000, M=7000 impl=allgather
5: Starting numprocs=8 N=7000, M=7000 impl=allgather
7: Starting numprocs=8 N=7000, M=7000 impl=allgather
time: 0.430582s
Iteration 1
time: 0.430871s
Iteration 2
time: 0.420006s
Iteration 3
time: 0.487595s
Iteration 4
time: 0.424197s
Iteration 5
time: 0.485616s
Iteration 6
time: 0.427304s
Iteration 7
time: 0.422981s
Iteration 8
time: 0.440827s
Iteration 9
time: 0.481859s
Iteration 10
time: 0.448774s
Iteration 11
time: 0.437038s
Iteration 12
time: 0.442662s
Iteration 13
time: 0.467286s
Iteration 14
time: 0.424962s
Iteration 15
time: 0.430574s
Iteration 16
time: 0.429964s
Iteration 17
time: 0.414784s
Iteration 18
time: 0.509085s
Iteration 19
time: 0.426561s
Iteration 20
time: 0.425319s
Iteration 21
time: 0.424925s
Iteration 22
time: 0.487009s
Iteration 23
time: 0.458353s
Iteration 24
time: 0.451955s
0: Starting numprocs=8 N=7000, M=7000 impl=allreduce
Iteration 0
4: Starting numprocs=8 N=7000, M=7000 impl=allreduce
1: Starting numprocs=8 N=7000, M=7000 impl=allreduce
3: Starting numprocs=8 N=7000, M=7000 impl=allreduce
6: Starting numprocs=8 N=7000, M=7000 impl=allreduce
5: Starting numprocs=8 N=7000, M=7000 impl=allreduce
2: Starting numprocs=8 N=7000, M=7000 impl=allreduce
7: Starting numprocs=8 N=7000, M=7000 impl=allreduce
time: 1.113819s
Iteration 1
time: 0.995020s
Iteration 2
time: 0.992496s
Iteration 3
time: 1.008839s
Iteration 4
time: 1.016035s
Iteration 5
time: 0.981992s
Iteration 6
time: 0.996216s
Iteration 7
time: 0.995388s
Iteration 8
time: 1.006038s
Iteration 9
time: 0.997680s
Iteration 10
time: 1.013012s
Iteration 11
time: 0.994335s
Iteration 12
time: 1.001430s
Iteration 13
time: 0.998826s
Iteration 14
time: 1.003972s
Iteration 15
time: 1.005845s
Iteration 16
time: 0.992409s
Iteration 17
time: 1.003335s
Iteration 18
time: 0.991373s
Iteration 19
time: 1.003323s
Iteration 20
time: 0.996535s
Iteration 21
time: 1.002972s
Iteration 22
time: 0.994873s
Iteration 23
time: 0.984888s
Iteration 24
time: 1.001640s
0: Starting numprocs=8 N=7000, M=7000 impl=allreduce-ring
Iteration 0
4: Starting numprocs=8 N=7000, M=7000 impl=allreduce-ring
3: Starting numprocs=8 N=7000, M=7000 impl=allreduce-ring
1: Starting numprocs=8 N=7000, M=7000 impl=allreduce-ring
2: Starting numprocs=8 N=7000, M=7000 impl=allreduce-ring
6: Starting numprocs=8 N=7000, M=7000 impl=allreduce-ring
5: Starting numprocs=8 N=7000, M=7000 impl=allreduce-ring
7: Starting numprocs=8 N=7000, M=7000 impl=allreduce-ring
time: 0.939896s
Iteration 1
time: 0.767395s
Iteration 2
time: 0.803221s
Iteration 3
time: 0.786041s
Iteration 4
time: 0.791636s
Iteration 5
time: 0.798776s
Iteration 6
time: 0.785203s
Iteration 7
time: 0.841339s
Iteration 8
time: 0.793517s
Iteration 9
time: 0.799116s
Iteration 10
time: 2.292754s
Iteration 11
time: 0.797969s
Iteration 12
time: 0.789104s
Iteration 13
time: 0.790627s
Iteration 14
time: 0.795937s
Iteration 15
time: 0.803771s
Iteration 16
time: 0.790784s
Iteration 17
time: 0.800651s
Iteration 18
time: 0.790821s
Iteration 19
time: 0.782890s
Iteration 20
time: 0.787059s
Iteration 21
time: 0.788326s
Iteration 22
time: 0.787197s
Iteration 23
time: 0.811859s
Iteration 24
time: 0.785786s
4: Starting numprocs=8 N=7000, M=7000 impl=g-rabenseifner-allgather
0: Starting numprocs=8 N=7000, M=7000 impl=g-rabenseifner-allgather
Iteration 0
3: Starting numprocs=8 N=7000, M=7000 impl=g-rabenseifner-allgather
1: Starting numprocs=8 N=7000, M=7000 impl=g-rabenseifner-allgather
6: Starting numprocs=8 N=7000, M=7000 impl=g-rabenseifner-allgather
2: Starting numprocs=8 N=7000, M=7000 impl=g-rabenseifner-allgather
5: Starting numprocs=8 N=7000, M=7000 impl=g-rabenseifner-allgather
7: Starting numprocs=8 N=7000, M=7000 impl=g-rabenseifner-allgather
time: 0.379769s
Iteration 1
time: 0.332860s
Iteration 2
time: 0.331743s
Iteration 3
time: 0.332157s
Iteration 4
time: 0.338155s
Iteration 5
time: 0.332956s
Iteration 6
time: 0.332377s
Iteration 7
time: 0.331975s
Iteration 8
time: 0.331061s
Iteration 9
time: 0.331633s
Iteration 10
time: 0.332611s
Iteration 11
time: 0.332107s
Iteration 12
time: 0.332204s
Iteration 13
time: 0.331259s
Iteration 14
time: 0.332566s
Iteration 15
time: 0.333043s
Iteration 16
time: 0.332285s
Iteration 17
time: 0.332678s
Iteration 18
time: 0.333584s
Iteration 19
time: 0.332767s
Iteration 20
time: 0.332154s
Iteration 21
time: 0.332281s
Iteration 22
time: 0.332395s
Iteration 23
time: 0.331785s
Iteration 24
time: 0.332997s
0: Starting numprocs=8 N=7000, M=7000 impl=g-rabenseifner-subgroup-2
Iteration 0
4: Starting numprocs=8 N=7000, M=7000 impl=g-rabenseifner-subgroup-2
3: Starting numprocs=8 N=7000, M=7000 impl=g-rabenseifner-subgroup-2
6: Starting numprocs=8 N=7000, M=7000 impl=g-rabenseifner-subgroup-2
1: Starting numprocs=8 N=7000, M=7000 impl=g-rabenseifner-subgroup-2
2: Starting numprocs=8 N=7000, M=7000 impl=g-rabenseifner-subgroup-2
5: Starting numprocs=8 N=7000, M=7000 impl=g-rabenseifner-subgroup-2
7: Starting numprocs=8 N=7000, M=7000 impl=g-rabenseifner-subgroup-2
time: 0.396652s
Iteration 1
time: 0.339860s
Iteration 2
time: 0.344738s
Iteration 3
time: 0.334340s
Iteration 4
time: 0.333885s
Iteration 5
time: 0.338168s
Iteration 6
time: 0.335993s
Iteration 7
time: 0.334704s
Iteration 8
time: 0.334393s
Iteration 9
time: 0.336589s
Iteration 10
time: 0.337420s
Iteration 11
time: 0.335575s
Iteration 12
time: 0.337804s
Iteration 13
time: 0.336911s
Iteration 14
time: 0.336177s
Iteration 15
time: 0.335274s
Iteration 16
time: 0.334884s
Iteration 17
time: 0.335107s
Iteration 18
time: 0.338297s
Iteration 19
time: 0.337002s
Iteration 20
time: 0.338189s
Iteration 21
time: 0.335169s
Iteration 22
time: 0.334673s
Iteration 23
time: 0.335764s
Iteration 24
time: 0.338174s
0: Starting numprocs=8 N=7000, M=7000 impl=g-rabenseifner-subgroup-4
Iteration 0
4: Starting numprocs=8 N=7000, M=7000 impl=g-rabenseifner-subgroup-4
3: Starting numprocs=8 N=7000, M=7000 impl=g-rabenseifner-subgroup-4
1: Starting numprocs=8 N=7000, M=7000 impl=g-rabenseifner-subgroup-4
6: Starting numprocs=8 N=7000, M=7000 impl=g-rabenseifner-subgroup-4
2: Starting numprocs=8 N=7000, M=7000 impl=g-rabenseifner-subgroup-4
5: Starting numprocs=8 N=7000, M=7000 impl=g-rabenseifner-subgroup-4
7: Starting numprocs=8 N=7000, M=7000 impl=g-rabenseifner-subgroup-4
time: 0.358444s
Iteration 1
time: 0.329959s
Iteration 2
time: 0.342476s
Iteration 3
time: 0.330894s
Iteration 4
time: 0.330876s
Iteration 5
time: 0.331391s
Iteration 6
time: 0.330379s
Iteration 7
time: 0.334974s
Iteration 8
time: 0.335578s
Iteration 9
time: 0.333765s
Iteration 10
time: 0.334704s
Iteration 11
time: 0.329276s
Iteration 12
time: 0.331361s
Iteration 13
time: 0.331236s
Iteration 14
time: 0.335202s
Iteration 15
time: 0.335253s
Iteration 16
time: 0.333971s
Iteration 17
time: 0.342404s
Iteration 18
time: 0.334824s
Iteration 19
time: 0.332370s
Iteration 20
time: 0.341005s
Iteration 21
time: 0.337120s
Iteration 22
time: 0.337082s
Iteration 23
time: 0.330893s
Iteration 24
time: 0.328869s
4: Starting numprocs=8 N=7000, M=7000 impl=g-rabenseifner-subgroup-8
3: Starting numprocs=8 N=7000, M=7000 impl=g-rabenseifner-subgroup-8
0: Starting numprocs=8 N=7000, M=7000 impl=g-rabenseifner-subgroup-8
Iteration 0
1: Starting numprocs=8 N=7000, M=7000 impl=g-rabenseifner-subgroup-8
6: Starting numprocs=8 N=7000, M=7000 impl=g-rabenseifner-subgroup-8
2: Starting numprocs=8 N=7000, M=7000 impl=g-rabenseifner-subgroup-8
5: Starting numprocs=8 N=7000, M=7000 impl=g-rabenseifner-subgroup-8
7: Starting numprocs=8 N=7000, M=7000 impl=g-rabenseifner-subgroup-8
time: 0.348765s
Iteration 1
time: 0.334770s
Iteration 2
time: 0.332109s
Iteration 3
time: 0.330872s
Iteration 4
time: 0.328646s
Iteration 5
time: 0.334597s
Iteration 6
time: 0.330488s
Iteration 7
time: 0.346912s
Iteration 8
time: 0.332479s
Iteration 9
time: 0.338087s
Iteration 10
time: 0.333517s
Iteration 11
time: 0.329698s
Iteration 12
time: 0.333165s
Iteration 13
time: 0.330673s
Iteration 14
time: 0.331417s
Iteration 15
time: 0.335413s
Iteration 16
time: 0.332003s
Iteration 17
time: 0.338594s
Iteration 18
time: 0.336349s
Iteration 19
time: 0.330666s
Iteration 20
time: 0.330097s
Iteration 21
time: 0.328643s
Iteration 22
time: 0.330541s
Iteration 23
time: 0.337677s
Iteration 24
time: 0.332544s
4: Starting numprocs=8 N=8000, M=8000 impl=allgather
0: Starting numprocs=8 N=8000, M=8000 impl=allgather
Iteration 0
1: Starting numprocs=8 N=8000, M=8000 impl=allgather
2: Starting numprocs=8 N=8000, M=8000 impl=allgather
6: Starting numprocs=8 N=8000, M=8000 impl=allgather
3: Starting numprocs=8 N=8000, M=8000 impl=allgather
5: Starting numprocs=8 N=8000, M=8000 impl=allgather
7: Starting numprocs=8 N=8000, M=8000 impl=allgather
time: 0.569264s
Iteration 1
time: 0.542387s
Iteration 2
time: 0.669851s
Iteration 3
time: 0.611658s
Iteration 4
time: 0.557437s
Iteration 5
time: 0.554463s
Iteration 6
time: 0.628092s
Iteration 7
time: 0.572801s
Iteration 8
time: 0.607681s
Iteration 9
time: 0.554683s
Iteration 10
time: 0.542241s
Iteration 11
time: 0.630257s
Iteration 12
time: 0.595352s
Iteration 13
time: 0.575793s
Iteration 14
time: 0.549229s
Iteration 15
time: 0.597352s
Iteration 16
time: 0.631141s
Iteration 17
time: 0.588172s
Iteration 18
time: 0.555958s
Iteration 19
time: 0.590377s
Iteration 20
time: 0.569995s
Iteration 21
time: 0.598025s
Iteration 22
time: 0.592073s
Iteration 23
time: 0.548025s
Iteration 24
time: 0.602733s
4: Starting numprocs=8 N=8000, M=8000 impl=allreduce
0: Starting numprocs=8 N=8000, M=8000 impl=allreduce
Iteration 0
1: Starting numprocs=8 N=8000, M=8000 impl=allreduce
3: Starting numprocs=8 N=8000, M=8000 impl=allreduce
2: Starting numprocs=8 N=8000, M=8000 impl=allreduce
6: Starting numprocs=8 N=8000, M=8000 impl=allreduce
5: Starting numprocs=8 N=8000, M=8000 impl=allreduce
7: Starting numprocs=8 N=8000, M=8000 impl=allreduce
time: 1.455615s
Iteration 1
time: 1.302517s
Iteration 2
time: 1.292197s
Iteration 3
time: 1.301952s
Iteration 4
time: 1.326189s
Iteration 5
time: 1.296450s
Iteration 6
time: 1.298163s
Iteration 7
time: 1.302510s
Iteration 8
time: 1.304162s
Iteration 9
time: 1.315356s
Iteration 10
time: 1.299064s
Iteration 11
time: 1.338107s
Iteration 12
time: 1.325215s
Iteration 13
time: 1.296150s
Iteration 14
time: 1.343414s
Iteration 15
time: 1.282690s
Iteration 16
time: 1.325999s
Iteration 17
time: 1.289659s
Iteration 18
time: 1.313531s
Iteration 19
time: 1.317779s
Iteration 20
time: 1.295243s
Iteration 21
time: 1.310506s
Iteration 22
time: 1.298191s
Iteration 23
time: 1.309917s
Iteration 24
time: 1.319549s
3: Starting numprocs=8 N=8000, M=8000 impl=allreduce-ring
4: Starting numprocs=8 N=8000, M=8000 impl=allreduce-ring
1: Starting numprocs=8 N=8000, M=8000 impl=allreduce-ring
0: Starting numprocs=8 N=8000, M=8000 impl=allreduce-ring
Iteration 0
6: Starting numprocs=8 N=8000, M=8000 impl=allreduce-ring
2: Starting numprocs=8 N=8000, M=8000 impl=allreduce-ring
5: Starting numprocs=8 N=8000, M=8000 impl=allreduce-ring
7: Starting numprocs=8 N=8000, M=8000 impl=allreduce-ring
time: 1.221655s
Iteration 1
time: 1.046787s
Iteration 2
time: 1.035426s
Iteration 3
time: 1.050563s
Iteration 4
time: 1.057375s
Iteration 5
time: 1.038639s
Iteration 6
time: 1.036302s
Iteration 7
time: 1.078010s
Iteration 8
time: 1.053944s
Iteration 9
time: 1.035907s
Iteration 10
time: 1.039169s
Iteration 11
time: 1.036088s
Iteration 12
time: 1.048640s
Iteration 13
time: 1.054135s
Iteration 14
time: 1.043672s
Iteration 15
time: 1.043645s
Iteration 16
time: 1.057486s
Iteration 17
time: 1.041795s
Iteration 18
time: 1.054899s
Iteration 19
time: 1.036242s
Iteration 20
time: 1.047940s
Iteration 21
time: 1.042094s
Iteration 22
time: 1.054852s
Iteration 23
time: 1.044520s
Iteration 24
time: 1.041440s
0: Starting numprocs=8 N=8000, M=8000 impl=g-rabenseifner-allgather
Iteration 0
1: Starting numprocs=8 N=8000, M=8000 impl=g-rabenseifner-allgather
4: Starting numprocs=8 N=8000, M=8000 impl=g-rabenseifner-allgather
3: Starting numprocs=8 N=8000, M=8000 impl=g-rabenseifner-allgather
6: Starting numprocs=8 N=8000, M=8000 impl=g-rabenseifner-allgather
5: Starting numprocs=8 N=8000, M=8000 impl=g-rabenseifner-allgather
2: Starting numprocs=8 N=8000, M=8000 impl=g-rabenseifner-allgather
7: Starting numprocs=8 N=8000, M=8000 impl=g-rabenseifner-allgather
time: 0.495848s
Iteration 1
time: 0.436522s
Iteration 2
time: 0.433674s
Iteration 3
time: 0.438234s
Iteration 4
time: 0.433184s
Iteration 5
time: 0.433093s
Iteration 6
time: 0.435326s
Iteration 7
time: 1.734896s
Iteration 8
time: 0.437792s
Iteration 9
time: 0.435781s
Iteration 10
time: 0.437260s
Iteration 11
time: 0.436341s
Iteration 12
time: 0.438670s
Iteration 13
time: 0.434987s
Iteration 14
time: 0.434882s
Iteration 15
time: 0.434762s
Iteration 16
time: 0.435220s
Iteration 17
time: 0.432665s
Iteration 18
time: 0.435319s
Iteration 19
time: 0.434201s
Iteration 20
time: 0.435114s
Iteration 21
time: 0.435321s
Iteration 22
time: 0.440875s
Iteration 23
time: 0.435944s
Iteration 24
time: 0.433989s
4: Starting numprocs=8 N=8000, M=8000 impl=g-rabenseifner-subgroup-2
1: Starting numprocs=8 N=8000, M=8000 impl=g-rabenseifner-subgroup-2
0: Starting numprocs=8 N=8000, M=8000 impl=g-rabenseifner-subgroup-2
Iteration 0
3: Starting numprocs=8 N=8000, M=8000 impl=g-rabenseifner-subgroup-2
6: Starting numprocs=8 N=8000, M=8000 impl=g-rabenseifner-subgroup-2
5: Starting numprocs=8 N=8000, M=8000 impl=g-rabenseifner-subgroup-2
7: Starting numprocs=8 N=8000, M=8000 impl=g-rabenseifner-subgroup-2
2: Starting numprocs=8 N=8000, M=8000 impl=g-rabenseifner-subgroup-2
time: 0.510824s
Iteration 1
time: 0.443178s
Iteration 2
time: 0.439682s
Iteration 3
time: 0.442382s
Iteration 4
time: 0.442354s
Iteration 5
time: 0.441720s
Iteration 6
time: 0.442866s
Iteration 7
time: 0.440553s
Iteration 8
time: 0.444263s
Iteration 9
time: 0.441618s
Iteration 10
time: 0.443429s
Iteration 11
time: 0.441561s
Iteration 12
time: 0.451308s
Iteration 13
time: 0.440457s
Iteration 14
time: 0.440708s
Iteration 15
time: 0.441579s
Iteration 16
time: 0.439074s
Iteration 17
time: 0.444380s
Iteration 18
time: 0.443343s
Iteration 19
time: 0.438877s
Iteration 20
time: 0.440067s
Iteration 21
time: 0.438714s
Iteration 22
time: 0.439064s
Iteration 23
time: 0.440265s
Iteration 24
time: 0.440291s
1: Starting numprocs=8 N=8000, M=8000 impl=g-rabenseifner-subgroup-4
4: Starting numprocs=8 N=8000, M=8000 impl=g-rabenseifner-subgroup-4
3: Starting numprocs=8 N=8000, M=8000 impl=g-rabenseifner-subgroup-4
0: Starting numprocs=8 N=8000, M=8000 impl=g-rabenseifner-subgroup-4
Iteration 0
2: Starting numprocs=8 N=8000, M=8000 impl=g-rabenseifner-subgroup-4
6: Starting numprocs=8 N=8000, M=8000 impl=g-rabenseifner-subgroup-4
5: Starting numprocs=8 N=8000, M=8000 impl=g-rabenseifner-subgroup-4
7: Starting numprocs=8 N=8000, M=8000 impl=g-rabenseifner-subgroup-4
time: 0.475699s
Iteration 1
time: 0.443071s
Iteration 2
time: 0.437511s
Iteration 3
time: 0.440389s
Iteration 4
time: 0.439208s
Iteration 5
time: 0.438572s
Iteration 6
time: 0.433024s
Iteration 7
time: 0.435189s
Iteration 8
time: 0.430757s
Iteration 9
time: 0.431392s
Iteration 10
time: 0.437048s
Iteration 11
time: 0.437035s
Iteration 12
time: 0.433216s
Iteration 13
time: 0.430607s
Iteration 14
time: 0.433600s
Iteration 15
time: 0.445536s
Iteration 16
time: 0.432268s
Iteration 17
time: 0.433761s
Iteration 18
time: 0.431146s
Iteration 19
time: 0.432147s
Iteration 20
time: 0.440197s
Iteration 21
time: 0.429752s
Iteration 22
time: 0.447498s
Iteration 23
time: 0.428839s
Iteration 24
time: 0.431418s
4: Starting numprocs=8 N=8000, M=8000 impl=g-rabenseifner-subgroup-8
0: Starting numprocs=8 N=8000, M=8000 impl=g-rabenseifner-subgroup-8
Iteration 0
1: Starting numprocs=8 N=8000, M=8000 impl=g-rabenseifner-subgroup-8
3: Starting numprocs=8 N=8000, M=8000 impl=g-rabenseifner-subgroup-8
6: Starting numprocs=8 N=8000, M=8000 impl=g-rabenseifner-subgroup-8
5: Starting numprocs=8 N=8000, M=8000 impl=g-rabenseifner-subgroup-8
2: Starting numprocs=8 N=8000, M=8000 impl=g-rabenseifner-subgroup-8
7: Starting numprocs=8 N=8000, M=8000 impl=g-rabenseifner-subgroup-8
time: 0.458060s
Iteration 1
time: 0.430812s
Iteration 2
time: 0.434551s
Iteration 3
time: 0.433462s
Iteration 4
time: 0.436968s
Iteration 5
time: 0.441024s
Iteration 6
time: 0.434908s
Iteration 7
time: 0.442018s
Iteration 8
time: 0.433161s
Iteration 9
time: 0.439653s
Iteration 10
time: 0.437317s
Iteration 11
time: 0.431492s
Iteration 12
time: 0.428262s
Iteration 13
time: 0.433170s
Iteration 14
time: 0.435513s
Iteration 15
time: 0.431065s
Iteration 16
time: 0.434957s
Iteration 17
time: 0.435142s
Iteration 18
time: 0.431863s
Iteration 19
time: 0.434968s
Iteration 20
time: 0.436546s
Iteration 21
time: 0.427539s
Iteration 22
time: 0.428627s
Iteration 23
time: 0.458460s
Iteration 24
time: 0.433798s
