5: Starting numprocs=8 N=1000, M=1000 impl=allgather
0: Starting numprocs=8 N=1000, M=1000 impl=allgather
Iteration 0
3: Starting numprocs=8 N=1000, M=1000 impl=allgather
7: Starting numprocs=8 N=1000, M=1000 impl=allgather
4: Starting numprocs=8 N=1000, M=1000 impl=allgather
6: Starting numprocs=8 N=1000, M=1000 impl=allgather
2: Starting numprocs=8 N=1000, M=1000 impl=allgather
1: Starting numprocs=8 N=1000, M=1000 impl=allgather
time: 0.017714s
Iteration 1
time: 0.007436s
Iteration 2
time: 0.007739s
Iteration 3
time: 0.007668s
Iteration 4
time: 0.007717s
Iteration 5
time: 0.008735s
Iteration 6
time: 0.007940s
Iteration 7
time: 0.008291s
Iteration 8
time: 0.008861s
Iteration 9
time: 0.008429s
Iteration 10
time: 0.007906s
Iteration 11
time: 0.007930s
Iteration 12
time: 0.007566s
Iteration 13
time: 0.007751s
Iteration 14
time: 0.007706s
Iteration 15
time: 0.008051s
Iteration 16
time: 0.008317s
Iteration 17
time: 0.008045s
Iteration 18
time: 0.007423s
Iteration 19
time: 0.007980s
Iteration 20
time: 0.007954s
Iteration 21
time: 0.008392s
Iteration 22
time: 0.008102s
Iteration 23
time: 0.008221s
Iteration 24
time: 0.009229s
0: Starting numprocs=8 N=1000, M=1000 impl=allreduce
Iteration 0
7: Starting numprocs=8 N=1000, M=1000 impl=allreduce
4: Starting numprocs=8 N=1000, M=1000 impl=allreduce
3: Starting numprocs=8 N=1000, M=1000 impl=allreduce
5: Starting numprocs=8 N=1000, M=1000 impl=allreduce
2: Starting numprocs=8 N=1000, M=1000 impl=allreduce
1: Starting numprocs=8 N=1000, M=1000 impl=allreduce
6: Starting numprocs=8 N=1000, M=1000 impl=allreduce
time: 0.032490s
Iteration 1
time: 0.020355s
Iteration 2
time: 0.015164s
Iteration 3
time: 0.015089s
Iteration 4
time: 0.015653s
Iteration 5
time: 0.015611s
Iteration 6
time: 0.016775s
Iteration 7
time: 0.015441s
Iteration 8
time: 0.015995s
Iteration 9
time: 0.016206s
Iteration 10
time: 0.015477s
Iteration 11
time: 0.015434s
Iteration 12
time: 0.015616s
Iteration 13
time: 0.015355s
Iteration 14
time: 0.015480s
Iteration 15
time: 0.015269s
Iteration 16
time: 0.015736s
Iteration 17
time: 0.015962s
Iteration 18
time: 0.015739s
Iteration 19
time: 0.015458s
Iteration 20
time: 0.015210s
Iteration 21
time: 0.015987s
Iteration 22
time: 0.015230s
Iteration 23
time: 0.017082s
Iteration 24
time: 0.015277s
3: Starting numprocs=8 N=1000, M=1000 impl=allreduce-ring
0: Starting numprocs=8 N=1000, M=1000 impl=allreduce-ring
Iteration 0
7: Starting numprocs=8 N=1000, M=1000 impl=allreduce-ring
4: Starting numprocs=8 N=1000, M=1000 impl=allreduce-ring
5: Starting numprocs=8 N=1000, M=1000 impl=allreduce-ring
6: Starting numprocs=8 N=1000, M=1000 impl=allreduce-ring
1: Starting numprocs=8 N=1000, M=1000 impl=allreduce-ring
2: Starting numprocs=8 N=1000, M=1000 impl=allreduce-ring
time: 0.027424s
Iteration 1
time: 0.014695s
Iteration 2
time: 0.014274s
Iteration 3
time: 0.013735s
Iteration 4
time: 0.014405s
Iteration 5
time: 0.014079s
Iteration 6
time: 0.014129s
Iteration 7
time: 0.014548s
Iteration 8
time: 0.014662s
Iteration 9
time: 0.014923s
Iteration 10
time: 0.015724s
Iteration 11
time: 0.014942s
Iteration 12
time: 0.014101s
Iteration 13
time: 0.013749s
Iteration 14
time: 0.014253s
Iteration 15
time: 0.014300s
Iteration 16
time: 0.014231s
Iteration 17
time: 0.013831s
Iteration 18
time: 0.014260s
Iteration 19
time: 0.014344s
Iteration 20
time: 0.014111s
Iteration 21
time: 0.013935s
Iteration 22
time: 0.014075s
Iteration 23
time: 0.013690s
Iteration 24
time: 0.014916s
5: Starting numprocs=8 N=1000, M=1000 impl=g-rabenseifner-allgather
7: Starting numprocs=8 N=1000, M=1000 impl=g-rabenseifner-allgather
3: Starting numprocs=8 N=1000, M=1000 impl=g-rabenseifner-allgather
6: Starting numprocs=8 N=1000, M=1000 impl=g-rabenseifner-allgather
4: Starting numprocs=8 N=1000, M=1000 impl=g-rabenseifner-allgather
1: Starting numprocs=8 N=1000, M=1000 impl=g-rabenseifner-allgather
0: Starting numprocs=8 N=1000, M=1000 impl=g-rabenseifner-allgather
Iteration 0
2: Starting numprocs=8 N=1000, M=1000 impl=g-rabenseifner-allgather
time: 0.015111s
Iteration 1
time: 0.007214s
Iteration 2
time: 0.007408s
Iteration 3
time: 0.007399s
Iteration 4
time: 0.007179s
Iteration 5
time: 0.007309s
Iteration 6
time: 0.007288s
Iteration 7
time: 0.007762s
Iteration 8
time: 0.007599s
Iteration 9
time: 0.007315s
Iteration 10
time: 0.007025s
Iteration 11
time: 0.007196s
Iteration 12
time: 0.007549s
Iteration 13
time: 0.006983s
Iteration 14
time: 0.006999s
Iteration 15
time: 0.006979s
Iteration 16
time: 0.007497s
Iteration 17
time: 0.007481s
Iteration 18
time: 0.006983s
Iteration 19
time: 0.007290s
Iteration 20
time: 0.007431s
Iteration 21
time: 0.007038s
Iteration 22
time: 0.006969s
Iteration 23
time: 0.007233s
Iteration 24
time: 0.007242s
3: Starting numprocs=8 N=1000, M=1000 impl=g-rabenseifner-subgroup-2
5: Starting numprocs=8 N=1000, M=1000 impl=g-rabenseifner-subgroup-2
2: Starting numprocs=8 N=1000, M=1000 impl=g-rabenseifner-subgroup-2
7: Starting numprocs=8 N=1000, M=1000 impl=g-rabenseifner-subgroup-2
4: Starting numprocs=8 N=1000, M=1000 impl=g-rabenseifner-subgroup-2
1: Starting numprocs=8 N=1000, M=1000 impl=g-rabenseifner-subgroup-2
0: Starting numprocs=8 N=1000, M=1000 impl=g-rabenseifner-subgroup-2
Iteration 0
6: Starting numprocs=8 N=1000, M=1000 impl=g-rabenseifner-subgroup-2
time: 0.021479s
Iteration 1
time: 0.007433s
Iteration 2
time: 0.007059s
Iteration 3
time: 0.007252s
Iteration 4
time: 0.007079s
Iteration 5
time: 0.007408s
Iteration 6
time: 0.007022s
Iteration 7
time: 0.007338s
Iteration 8
time: 0.007025s
Iteration 9
time: 0.007020s
Iteration 10
time: 0.006976s
Iteration 11
time: 0.006984s
Iteration 12
time: 0.007041s
Iteration 13
time: 0.007334s
Iteration 14
time: 0.007311s
Iteration 15
time: 0.006979s
Iteration 16
time: 0.007011s
Iteration 17
time: 0.006990s
Iteration 18
time: 0.007288s
Iteration 19
time: 0.007194s
Iteration 20
time: 0.007062s
Iteration 21
time: 0.007072s
Iteration 22
time: 0.007022s
Iteration 23
time: 0.007007s
Iteration 24
time: 0.007414s
2: Starting numprocs=8 N=1000, M=1000 impl=g-rabenseifner-subgroup-4
6: Starting numprocs=8 N=1000, M=1000 impl=g-rabenseifner-subgroup-4
5: Starting numprocs=8 N=1000, M=1000 impl=g-rabenseifner-subgroup-4
4: Starting numprocs=8 N=1000, M=1000 impl=g-rabenseifner-subgroup-4
7: Starting numprocs=8 N=1000, M=1000 impl=g-rabenseifner-subgroup-4
3: Starting numprocs=8 N=1000, M=1000 impl=g-rabenseifner-subgroup-4
0: Starting numprocs=8 N=1000, M=1000 impl=g-rabenseifner-subgroup-4
Iteration 0
1: Starting numprocs=8 N=1000, M=1000 impl=g-rabenseifner-subgroup-4
time: 0.020295s
Iteration 1
time: 0.007423s
Iteration 2
time: 0.006970s
Iteration 3
time: 0.007048s
Iteration 4
time: 0.007027s
Iteration 5
time: 0.006958s
Iteration 6
time: 0.007618s
Iteration 7
time: 0.007068s
Iteration 8
time: 0.007025s
Iteration 9
time: 0.007308s
Iteration 10
time: 0.007300s
Iteration 11
time: 0.006997s
Iteration 12
time: 0.007046s
Iteration 13
time: 0.007070s
Iteration 14
time: 0.007431s
Iteration 15
time: 0.007115s
Iteration 16
time: 0.007092s
Iteration 17
time: 0.007208s
Iteration 18
time: 0.007677s
Iteration 19
time: 0.007125s
Iteration 20
time: 0.007787s
Iteration 21
time: 0.007993s
Iteration 22
time: 0.007580s
Iteration 23
time: 0.007268s
Iteration 24
time: 0.007114s
4: Starting numprocs=8 N=1000, M=1000 impl=g-rabenseifner-subgroup-8
3: Starting numprocs=8 N=1000, M=1000 impl=g-rabenseifner-subgroup-8
7: Starting numprocs=8 N=1000, M=1000 impl=g-rabenseifner-subgroup-8
2: Starting numprocs=8 N=1000, M=1000 impl=g-rabenseifner-subgroup-8
5: Starting numprocs=8 N=1000, M=1000 impl=g-rabenseifner-subgroup-8
1: Starting numprocs=8 N=1000, M=1000 impl=g-rabenseifner-subgroup-8
0: Starting numprocs=8 N=1000, M=1000 impl=g-rabenseifner-subgroup-8
Iteration 0
6: Starting numprocs=8 N=1000, M=1000 impl=g-rabenseifner-subgroup-8
time: 0.017103s
Iteration 1
time: 0.007814s
Iteration 2
time: 0.007210s
Iteration 3
time: 0.006604s
Iteration 4
time: 0.007643s
Iteration 5
time: 0.007037s
Iteration 6
time: 0.007290s
Iteration 7
time: 0.006689s
Iteration 8
time: 0.007428s
Iteration 9
time: 0.007112s
Iteration 10
time: 0.007127s
Iteration 11
time: 0.006790s
Iteration 12
time: 0.007640s
Iteration 13
time: 0.007718s
Iteration 14
time: 0.007070s
Iteration 15
time: 0.007468s
Iteration 16
time: 0.007154s
Iteration 17
time: 0.007786s
Iteration 18
time: 0.007043s
Iteration 19
time: 0.007412s
Iteration 20
time: 0.006770s
Iteration 21
time: 0.007240s
Iteration 22
time: 0.007818s
Iteration 23
time: 0.006956s
Iteration 24
time: 0.007028s
3: Starting numprocs=8 N=2000, M=2000 impl=allgather
7: Starting numprocs=8 N=2000, M=2000 impl=allgather
5: Starting numprocs=8 N=2000, M=2000 impl=allgather
2: Starting numprocs=8 N=2000, M=2000 impl=allgather
0: Starting numprocs=8 N=2000, M=2000 impl=allgather
Iteration 0
1: Starting numprocs=8 N=2000, M=2000 impl=allgather
4: Starting numprocs=8 N=2000, M=2000 impl=allgather
6: Starting numprocs=8 N=2000, M=2000 impl=allgather
time: 0.035290s
Iteration 1
time: 0.030149s
Iteration 2
time: 0.030722s
Iteration 3
time: 0.030067s
Iteration 4
time: 0.030363s
Iteration 5
time: 0.030962s
Iteration 6
time: 0.030633s
Iteration 7
time: 0.030089s
Iteration 8
time: 0.030403s
Iteration 9
time: 0.030486s
Iteration 10
time: 0.029943s
Iteration 11
time: 0.029968s
Iteration 12
time: 0.030562s
Iteration 13
time: 0.031178s
Iteration 14
time: 0.030810s
Iteration 15
time: 0.030162s
Iteration 16
time: 0.030725s
Iteration 17
time: 0.030262s
Iteration 18
time: 0.031284s
Iteration 19
time: 0.032681s
Iteration 20
time: 0.030750s
Iteration 21
time: 0.031256s
Iteration 22
time: 0.030143s
Iteration 23
time: 0.030888s
Iteration 24
time: 0.037185s
5: Starting numprocs=8 N=2000, M=2000 impl=allreduce
7: Starting numprocs=8 N=2000, M=2000 impl=allreduce
3: Starting numprocs=8 N=2000, M=2000 impl=allreduce
2: Starting numprocs=8 N=2000, M=2000 impl=allreduce
4: Starting numprocs=8 N=2000, M=2000 impl=allreduce
1: Starting numprocs=8 N=2000, M=2000 impl=allreduce
6: Starting numprocs=8 N=2000, M=2000 impl=allreduce
0: Starting numprocs=8 N=2000, M=2000 impl=allreduce
Iteration 0
time: 0.096412s
Iteration 1
time: 0.077013s
Iteration 2
time: 0.063038s
Iteration 3
time: 0.065466s
Iteration 4
time: 0.061836s
Iteration 5
time: 0.062495s
Iteration 6
time: 0.063127s
Iteration 7
time: 0.061533s
Iteration 8
time: 0.063814s
Iteration 9
time: 0.063179s
Iteration 10
time: 0.065086s
Iteration 11
time: 0.062959s
Iteration 12
time: 0.064395s
Iteration 13
time: 0.061325s
Iteration 14
time: 0.062419s
Iteration 15
time: 0.060394s
Iteration 16
time: 0.067665s
Iteration 17
time: 0.066977s
Iteration 18
time: 0.065939s
Iteration 19
time: 0.062107s
Iteration 20
time: 0.062020s
Iteration 21
time: 0.069033s
Iteration 22
time: 0.062499s
Iteration 23
time: 0.062020s
Iteration 24
time: 0.060876s
2: Starting numprocs=8 N=2000, M=2000 impl=allreduce-ring
5: Starting numprocs=8 N=2000, M=2000 impl=allreduce-ring
4: Starting numprocs=8 N=2000, M=2000 impl=allreduce-ring
3: Starting numprocs=8 N=2000, M=2000 impl=allreduce-ring
7: Starting numprocs=8 N=2000, M=2000 impl=allreduce-ring
1: Starting numprocs=8 N=2000, M=2000 impl=allreduce-ring
6: Starting numprocs=8 N=2000, M=2000 impl=allreduce-ring
0: Starting numprocs=8 N=2000, M=2000 impl=allreduce-ring
Iteration 0
time: 0.066889s
Iteration 1
time: 0.055070s
Iteration 2
time: 0.056263s
Iteration 3
time: 0.054510s
Iteration 4
time: 0.053287s
Iteration 5
time: 0.054285s
Iteration 6
time: 0.055764s
Iteration 7
time: 0.054107s
Iteration 8
time: 0.055674s
Iteration 9
time: 0.054521s
Iteration 10
time: 0.053255s
Iteration 11
time: 0.054680s
Iteration 12
time: 0.054128s
Iteration 13
time: 0.054083s
Iteration 14
time: 0.053395s
Iteration 15
time: 0.054550s
Iteration 16
time: 0.055479s
Iteration 17
time: 0.054649s
Iteration 18
time: 0.053698s
Iteration 19
time: 0.053258s
Iteration 20
time: 0.052898s
Iteration 21
time: 0.054002s
Iteration 22
time: 0.054078s
Iteration 23
time: 0.056033s
Iteration 24
time: 0.055000s
3: Starting numprocs=8 N=2000, M=2000 impl=g-rabenseifner-allgather
4: Starting numprocs=8 N=2000, M=2000 impl=g-rabenseifner-allgather
7: Starting numprocs=8 N=2000, M=2000 impl=g-rabenseifner-allgather
2: Starting numprocs=8 N=2000, M=2000 impl=g-rabenseifner-allgather
6: Starting numprocs=8 N=2000, M=2000 impl=g-rabenseifner-allgather
5: Starting numprocs=8 N=2000, M=2000 impl=g-rabenseifner-allgather
1: Starting numprocs=8 N=2000, M=2000 impl=g-rabenseifner-allgather
0: Starting numprocs=8 N=2000, M=2000 impl=g-rabenseifner-allgather
Iteration 0
time: 0.039708s
Iteration 1
time: 0.027396s
Iteration 2
time: 0.027616s
Iteration 3
time: 0.027661s
Iteration 4
time: 0.027760s
Iteration 5
time: 0.027851s
Iteration 6
time: 0.027693s
Iteration 7
time: 0.027463s
Iteration 8
time: 0.027430s
Iteration 9
time: 0.027373s
Iteration 10
time: 0.027702s
Iteration 11
time: 0.027468s
Iteration 12
time: 0.027377s
Iteration 13
time: 0.027712s
Iteration 14
time: 0.027301s
Iteration 15
time: 0.027786s
Iteration 16
time: 0.027374s
Iteration 17
time: 0.027402s
Iteration 18
time: 0.027640s
Iteration 19
time: 0.027282s
Iteration 20
time: 0.027316s
Iteration 21
time: 0.027448s
Iteration 22
time: 0.027371s
Iteration 23
time: 0.027826s
Iteration 24
time: 0.027274s
3: Starting numprocs=8 N=2000, M=2000 impl=g-rabenseifner-subgroup-2
5: Starting numprocs=8 N=2000, M=2000 impl=g-rabenseifner-subgroup-2
7: Starting numprocs=8 N=2000, M=2000 impl=g-rabenseifner-subgroup-2
4: Starting numprocs=8 N=2000, M=2000 impl=g-rabenseifner-subgroup-2
2: Starting numprocs=8 N=2000, M=2000 impl=g-rabenseifner-subgroup-2
1: Starting numprocs=8 N=2000, M=2000 impl=g-rabenseifner-subgroup-2
6: Starting numprocs=8 N=2000, M=2000 impl=g-rabenseifner-subgroup-2
0: Starting numprocs=8 N=2000, M=2000 impl=g-rabenseifner-subgroup-2
Iteration 0
time: 0.045470s
Iteration 1
time: 0.027968s
Iteration 2
time: 0.027641s
Iteration 3
time: 0.027722s
Iteration 4
time: 0.027508s
Iteration 5
time: 0.027448s
Iteration 6
time: 0.027893s
Iteration 7
time: 0.028180s
Iteration 8
time: 0.028673s
Iteration 9
time: 0.027967s
Iteration 10
time: 0.028286s
Iteration 11
time: 0.027519s
Iteration 12
time: 0.027717s
Iteration 13
time: 0.027212s
Iteration 14
time: 0.027240s
Iteration 15
time: 0.027603s
Iteration 16
time: 0.027674s
Iteration 17
time: 0.027422s
Iteration 18
time: 0.027931s
Iteration 19
time: 0.027383s
Iteration 20
time: 0.028483s
Iteration 21
time: 0.027298s
Iteration 22
time: 0.027574s
Iteration 23
time: 0.027826s
Iteration 24
time: 0.027538s
5: Starting numprocs=8 N=2000, M=2000 impl=g-rabenseifner-subgroup-4
7: Starting numprocs=8 N=2000, M=2000 impl=g-rabenseifner-subgroup-4
3: Starting numprocs=8 N=2000, M=2000 impl=g-rabenseifner-subgroup-4
1: Starting numprocs=8 N=2000, M=2000 impl=g-rabenseifner-subgroup-4
2: Starting numprocs=8 N=2000, M=2000 impl=g-rabenseifner-subgroup-4
4: Starting numprocs=8 N=2000, M=2000 impl=g-rabenseifner-subgroup-4
6: Starting numprocs=8 N=2000, M=2000 impl=g-rabenseifner-subgroup-4
0: Starting numprocs=8 N=2000, M=2000 impl=g-rabenseifner-subgroup-4
Iteration 0
time: 0.041683s
Iteration 1
time: 0.028316s
Iteration 2
time: 0.027451s
Iteration 3
time: 0.027735s
Iteration 4
time: 0.028222s
Iteration 5
time: 0.028443s
Iteration 6
time: 0.028678s
Iteration 7
time: 0.028404s
Iteration 8
time: 0.027561s
Iteration 9
time: 0.028591s
Iteration 10
time: 0.027833s
Iteration 11
time: 0.027964s
Iteration 12
time: 0.027548s
Iteration 13
time: 0.028621s
Iteration 14
time: 0.027781s
Iteration 15
time: 0.027576s
Iteration 16
time: 0.027995s
Iteration 17
time: 0.027113s
Iteration 18
time: 0.027279s
Iteration 19
time: 0.027785s
Iteration 20
time: 0.027650s
Iteration 21
time: 0.027814s
Iteration 22
time: 0.027490s
Iteration 23
time: 0.027539s
Iteration 24
time: 0.027615s
0: Starting numprocs=8 N=2000, M=2000 impl=g-rabenseifner-subgroup-8
Iteration 0
6: Starting numprocs=8 N=2000, M=2000 impl=g-rabenseifner-subgroup-8
5: Starting numprocs=8 N=2000, M=2000 impl=g-rabenseifner-subgroup-8
4: Starting numprocs=8 N=2000, M=2000 impl=g-rabenseifner-subgroup-8
7: Starting numprocs=8 N=2000, M=2000 impl=g-rabenseifner-subgroup-8
3: Starting numprocs=8 N=2000, M=2000 impl=g-rabenseifner-subgroup-8
2: Starting numprocs=8 N=2000, M=2000 impl=g-rabenseifner-subgroup-8
1: Starting numprocs=8 N=2000, M=2000 impl=g-rabenseifner-subgroup-8
time: 0.035614s
Iteration 1
time: 0.027144s
Iteration 2
time: 0.027869s
Iteration 3
time: 0.028104s
Iteration 4
time: 0.026366s
Iteration 5
time: 0.026387s
Iteration 6
time: 0.027154s
Iteration 7
time: 0.030195s
Iteration 8
time: 0.029738s
Iteration 9
time: 0.027897s
Iteration 10
time: 0.027742s
Iteration 11
time: 0.027670s
Iteration 12
time: 0.027622s
Iteration 13
time: 0.027251s
Iteration 14
time: 0.027316s
Iteration 15
time: 0.028119s
Iteration 16
time: 0.027688s
Iteration 17
time: 0.027426s
Iteration 18
time: 0.027422s
Iteration 19
time: 0.027447s
Iteration 20
time: 0.027853s
Iteration 21
time: 0.028162s
Iteration 22
time: 0.028132s
Iteration 23
time: 0.028976s
Iteration 24
time: 0.029854s
5: Starting numprocs=8 N=3000, M=3000 impl=allgather
4: Starting numprocs=8 N=3000, M=3000 impl=allgather
7: Starting numprocs=8 N=3000, M=3000 impl=allgather
2: Starting numprocs=8 N=3000, M=3000 impl=allgather
3: Starting numprocs=8 N=3000, M=3000 impl=allgather
6: Starting numprocs=8 N=3000, M=3000 impl=allgather
1: Starting numprocs=8 N=3000, M=3000 impl=allgather
0: Starting numprocs=8 N=3000, M=3000 impl=allgather
Iteration 0
time: 0.108154s
Iteration 1
time: 0.089182s
Iteration 2
time: 0.084689s
Iteration 3
time: 0.074161s
Iteration 4
time: 0.074243s
Iteration 5
time: 0.072711s
Iteration 6
time: 0.078003s
Iteration 7
time: 0.074322s
Iteration 8
time: 0.072958s
Iteration 9
time: 0.072277s
Iteration 10
time: 0.079051s
Iteration 11
time: 0.076360s
Iteration 12
time: 0.070880s
Iteration 13
time: 0.067973s
Iteration 14
time: 0.071048s
Iteration 15
time: 0.067549s
Iteration 16
time: 0.069973s
Iteration 17
time: 0.069386s
Iteration 18
time: 0.069628s
Iteration 19
time: 0.070329s
Iteration 20
time: 0.069883s
Iteration 21
time: 0.070090s
Iteration 22
time: 0.071918s
Iteration 23
time: 0.071556s
Iteration 24
time: 0.070897s
5: Starting numprocs=8 N=3000, M=3000 impl=allreduce
4: Starting numprocs=8 N=3000, M=3000 impl=allreduce
2: Starting numprocs=8 N=3000, M=3000 impl=allreduce
7: Starting numprocs=8 N=3000, M=3000 impl=allreduce
3: Starting numprocs=8 N=3000, M=3000 impl=allreduce
0: Starting numprocs=8 N=3000, M=3000 impl=allreduce
Iteration 0
6: Starting numprocs=8 N=3000, M=3000 impl=allreduce
1: Starting numprocs=8 N=3000, M=3000 impl=allreduce
time: 0.204621s
Iteration 1
time: 0.186400s
Iteration 2
time: 0.187087s
Iteration 3
time: 0.180107s
Iteration 4
time: 0.188843s
Iteration 5
time: 0.190185s
Iteration 6
time: 0.186753s
Iteration 7
time: 0.194818s
Iteration 8
time: 0.187560s
Iteration 9
time: 0.186792s
Iteration 10
time: 0.181748s
Iteration 11
time: 0.187187s
Iteration 12
time: 0.184844s
Iteration 13
time: 0.185856s
Iteration 14
time: 0.180954s
Iteration 15
time: 0.179295s
Iteration 16
time: 0.191459s
Iteration 17
time: 0.182663s
Iteration 18
time: 0.193404s
Iteration 19
time: 0.191405s
Iteration 20
time: 0.201340s
Iteration 21
time: 0.192621s
Iteration 22
time: 0.182626s
Iteration 23
time: 0.179726s
Iteration 24
time: 0.185545s
5: Starting numprocs=8 N=3000, M=3000 impl=allreduce-ring
4: Starting numprocs=8 N=3000, M=3000 impl=allreduce-ring
3: Starting numprocs=8 N=3000, M=3000 impl=allreduce-ring
0: Starting numprocs=8 N=3000, M=3000 impl=allreduce-ring
Iteration 0
7: Starting numprocs=8 N=3000, M=3000 impl=allreduce-ring
2: Starting numprocs=8 N=3000, M=3000 impl=allreduce-ring
6: Starting numprocs=8 N=3000, M=3000 impl=allreduce-ring
1: Starting numprocs=8 N=3000, M=3000 impl=allreduce-ring
time: 0.153257s
Iteration 1
time: 0.122830s
Iteration 2
time: 0.128790s
Iteration 3
time: 0.121185s
Iteration 4
time: 0.120888s
Iteration 5
time: 0.125869s
Iteration 6
time: 0.121975s
Iteration 7
time: 0.122264s
Iteration 8
time: 0.121490s
Iteration 9
time: 0.127406s
Iteration 10
time: 0.122832s
Iteration 11
time: 0.123479s
Iteration 12
time: 0.130657s
Iteration 13
time: 0.128955s
Iteration 14
time: 0.121048s
Iteration 15
time: 0.123416s
Iteration 16
time: 0.127234s
Iteration 17
time: 0.125505s
Iteration 18
time: 0.129030s
Iteration 19
time: 0.129196s
Iteration 20
time: 0.121480s
Iteration 21
time: 0.125877s
Iteration 22
time: 0.126114s
Iteration 23
time: 0.122390s
Iteration 24
time: 0.126610s
5: Starting numprocs=8 N=3000, M=3000 impl=g-rabenseifner-allgather
3: Starting numprocs=8 N=3000, M=3000 impl=g-rabenseifner-allgather
4: Starting numprocs=8 N=3000, M=3000 impl=g-rabenseifner-allgather
2: Starting numprocs=8 N=3000, M=3000 impl=g-rabenseifner-allgather
7: Starting numprocs=8 N=3000, M=3000 impl=g-rabenseifner-allgather
0: Starting numprocs=8 N=3000, M=3000 impl=g-rabenseifner-allgather
Iteration 0
6: Starting numprocs=8 N=3000, M=3000 impl=g-rabenseifner-allgather
1: Starting numprocs=8 N=3000, M=3000 impl=g-rabenseifner-allgather
time: 0.080540s
Iteration 1
time: 0.061502s
Iteration 2
time: 0.061346s
Iteration 3
time: 0.061197s
Iteration 4
time: 0.061616s
Iteration 5
time: 0.060967s
Iteration 6
time: 0.061785s
Iteration 7
time: 0.061333s
Iteration 8
time: 0.061347s
Iteration 9
time: 0.061472s
Iteration 10
time: 0.061531s
Iteration 11
time: 0.061333s
Iteration 12
time: 0.061055s
Iteration 13
time: 0.062189s
Iteration 14
time: 0.061670s
Iteration 15
time: 0.062211s
Iteration 16
time: 0.061253s
Iteration 17
time: 0.061086s
Iteration 18
time: 0.061107s
Iteration 19
time: 0.061025s
Iteration 20
time: 0.060848s
Iteration 21
time: 0.061013s
Iteration 22
time: 0.061077s
Iteration 23
time: 0.062034s
Iteration 24
time: 0.061386s
3: Starting numprocs=8 N=3000, M=3000 impl=g-rabenseifner-subgroup-2
5: Starting numprocs=8 N=3000, M=3000 impl=g-rabenseifner-subgroup-2
7: Starting numprocs=8 N=3000, M=3000 impl=g-rabenseifner-subgroup-2
6: Starting numprocs=8 N=3000, M=3000 impl=g-rabenseifner-subgroup-2
2: Starting numprocs=8 N=3000, M=3000 impl=g-rabenseifner-subgroup-2
4: Starting numprocs=8 N=3000, M=3000 impl=g-rabenseifner-subgroup-2
1: Starting numprocs=8 N=3000, M=3000 impl=g-rabenseifner-subgroup-2
0: Starting numprocs=8 N=3000, M=3000 impl=g-rabenseifner-subgroup-2
Iteration 0
time: 0.086646s
Iteration 1
time: 0.061541s
Iteration 2
time: 0.061794s
Iteration 3
time: 0.061620s
Iteration 4
time: 0.062340s
Iteration 5
time: 0.062966s
Iteration 6
time: 0.062949s
Iteration 7
time: 0.061711s
Iteration 8
time: 0.061513s
Iteration 9
time: 0.061494s
Iteration 10
time: 0.062044s
Iteration 11
time: 0.061562s
Iteration 12
time: 0.061484s
Iteration 13
time: 0.062016s
Iteration 14
time: 0.062228s
Iteration 15
time: 0.062516s
Iteration 16
time: 0.061415s
Iteration 17
time: 0.062382s
Iteration 18
time: 0.062238s
Iteration 19
time: 0.062305s
Iteration 20
time: 0.061898s
Iteration 21
time: 0.062105s
Iteration 22
time: 0.064580s
Iteration 23
time: 0.062417s
Iteration 24
time: 0.061829s
4: Starting numprocs=8 N=3000, M=3000 impl=g-rabenseifner-subgroup-4
3: Starting numprocs=8 N=3000, M=3000 impl=g-rabenseifner-subgroup-4
2: Starting numprocs=8 N=3000, M=3000 impl=g-rabenseifner-subgroup-4
5: Starting numprocs=8 N=3000, M=3000 impl=g-rabenseifner-subgroup-4
7: Starting numprocs=8 N=3000, M=3000 impl=g-rabenseifner-subgroup-4
0: Starting numprocs=8 N=3000, M=3000 impl=g-rabenseifner-subgroup-4
Iteration 0
6: Starting numprocs=8 N=3000, M=3000 impl=g-rabenseifner-subgroup-4
1: Starting numprocs=8 N=3000, M=3000 impl=g-rabenseifner-subgroup-4
time: 0.076637s
Iteration 1
time: 0.062578s
Iteration 2
time: 0.063251s
Iteration 3
time: 0.062527s
Iteration 4
time: 0.063045s
Iteration 5
time: 0.062308s
Iteration 6
time: 0.064539s
Iteration 7
time: 0.062468s
Iteration 8
time: 0.062944s
Iteration 9
time: 0.062266s
Iteration 10
time: 0.061918s
Iteration 11
time: 0.063802s
Iteration 12
time: 0.061690s
Iteration 13
time: 0.063632s
Iteration 14
time: 0.062111s
Iteration 15
time: 0.064648s
Iteration 16
time: 0.061768s
Iteration 17
time: 0.061763s
Iteration 18
time: 0.061725s
Iteration 19
time: 0.062380s
Iteration 20
time: 0.062801s
Iteration 21
time: 0.062169s
Iteration 22
time: 0.061110s
Iteration 23
time: 0.061291s
Iteration 24
time: 0.061668s
3: Starting numprocs=8 N=3000, M=3000 impl=g-rabenseifner-subgroup-8
5: Starting numprocs=8 N=3000, M=3000 impl=g-rabenseifner-subgroup-8
7: Starting numprocs=8 N=3000, M=3000 impl=g-rabenseifner-subgroup-8
4: Starting numprocs=8 N=3000, M=3000 impl=g-rabenseifner-subgroup-8
2: Starting numprocs=8 N=3000, M=3000 impl=g-rabenseifner-subgroup-8
1: Starting numprocs=8 N=3000, M=3000 impl=g-rabenseifner-subgroup-8
0: Starting numprocs=8 N=3000, M=3000 impl=g-rabenseifner-subgroup-8
Iteration 0
6: Starting numprocs=8 N=3000, M=3000 impl=g-rabenseifner-subgroup-8
time: 0.073016s
Iteration 1
time: 0.065342s
Iteration 2
time: 0.062310s
Iteration 3
time: 0.062362s
Iteration 4
time: 0.063463s
Iteration 5
time: 0.062532s
Iteration 6
time: 0.063989s
Iteration 7
time: 0.063687s
Iteration 8
time: 0.063247s
Iteration 9
time: 0.063230s
Iteration 10
time: 0.063665s
Iteration 11
time: 0.063813s
Iteration 12
time: 0.062526s
Iteration 13
time: 0.063269s
Iteration 14
time: 0.064958s
Iteration 15
time: 0.065603s
Iteration 16
time: 0.064975s
Iteration 17
time: 0.064741s
Iteration 18
time: 0.064298s
Iteration 19
time: 0.063324s
Iteration 20
time: 0.065314s
Iteration 21
time: 0.063751s
Iteration 22
time: 0.064709s
Iteration 23
time: 0.064295s
Iteration 24
time: 0.065374s
5: Starting numprocs=8 N=4000, M=4000 impl=allgather
3: Starting numprocs=8 N=4000, M=4000 impl=allgather
7: Starting numprocs=8 N=4000, M=4000 impl=allgather
4: Starting numprocs=8 N=4000, M=4000 impl=allgather
2: Starting numprocs=8 N=4000, M=4000 impl=allgather
6: Starting numprocs=8 N=4000, M=4000 impl=allgather
0: Starting numprocs=8 N=4000, M=4000 impl=allgather
Iteration 0
1: Starting numprocs=8 N=4000, M=4000 impl=allgather
time: 0.153719s
Iteration 1
time: 0.141880s
Iteration 2
time: 0.147944s
Iteration 3
time: 0.139384s
Iteration 4
time: 0.134698s
Iteration 5
time: 0.138719s
Iteration 6
time: 0.138684s
Iteration 7
time: 0.136937s
Iteration 8
time: 0.137958s
Iteration 9
time: 0.183339s
Iteration 10
time: 0.163084s
Iteration 11
time: 0.140346s
Iteration 12
time: 0.141237s
Iteration 13
time: 0.145087s
Iteration 14
time: 0.155871s
Iteration 15
time: 0.139286s
Iteration 16
time: 0.138978s
Iteration 17
time: 0.146753s
Iteration 18
time: 0.160539s
Iteration 19
time: 0.139748s
Iteration 20
time: 0.136513s
Iteration 21
time: 0.142571s
Iteration 22
time: 0.156011s
Iteration 23
time: 0.150833s
Iteration 24
time: 0.144795s
3: Starting numprocs=8 N=4000, M=4000 impl=allreduce
4: Starting numprocs=8 N=4000, M=4000 impl=allreduce
7: Starting numprocs=8 N=4000, M=4000 impl=allreduce
5: Starting numprocs=8 N=4000, M=4000 impl=allreduce
2: Starting numprocs=8 N=4000, M=4000 impl=allreduce
0: Starting numprocs=8 N=4000, M=4000 impl=allreduce
Iteration 0
6: Starting numprocs=8 N=4000, M=4000 impl=allreduce
1: Starting numprocs=8 N=4000, M=4000 impl=allreduce
time: 0.365964s
Iteration 1
time: 0.336446s
Iteration 2
time: 0.321573s
Iteration 3
time: 0.326103s
Iteration 4
time: 0.356382s
Iteration 5
time: 0.338346s
Iteration 6
time: 0.325621s
Iteration 7
time: 0.329233s
Iteration 8
time: 0.332146s
Iteration 9
time: 0.320977s
Iteration 10
time: 0.325800s
Iteration 11
time: 0.331281s
Iteration 12
time: 0.331463s
Iteration 13
time: 0.335508s
Iteration 14
time: 0.324159s
Iteration 15
time: 0.329908s
Iteration 16
time: 0.338612s
Iteration 17
time: 0.333045s
Iteration 18
time: 0.327951s
Iteration 19
time: 0.344372s
Iteration 20
time: 0.324983s
Iteration 21
time: 0.327301s
Iteration 22
time: 0.323819s
Iteration 23
time: 0.327185s
Iteration 24
time: 0.325764s
7: Starting numprocs=8 N=4000, M=4000 impl=allreduce-ring
4: Starting numprocs=8 N=4000, M=4000 impl=allreduce-ring
5: Starting numprocs=8 N=4000, M=4000 impl=allreduce-ring
3: Starting numprocs=8 N=4000, M=4000 impl=allreduce-ring
2: Starting numprocs=8 N=4000, M=4000 impl=allreduce-ring
6: Starting numprocs=8 N=4000, M=4000 impl=allreduce-ring
0: Starting numprocs=8 N=4000, M=4000 impl=allreduce-ring
Iteration 0
1: Starting numprocs=8 N=4000, M=4000 impl=allreduce-ring
time: 0.247383s
Iteration 1
time: 0.219787s
Iteration 2
time: 0.224716s
Iteration 3
time: 0.225608s
Iteration 4
time: 0.224294s
Iteration 5
time: 0.221399s
Iteration 6
time: 0.218158s
Iteration 7
time: 0.224375s
Iteration 8
time: 0.223735s
Iteration 9
time: 0.219485s
Iteration 10
time: 0.220028s
Iteration 11
time: 0.218751s
Iteration 12
time: 0.219151s
Iteration 13
time: 0.221091s
Iteration 14
time: 0.222267s
Iteration 15
time: 0.218825s
Iteration 16
time: 0.216938s
Iteration 17
time: 0.221361s
Iteration 18
time: 0.221488s
Iteration 19
time: 0.224375s
Iteration 20
time: 0.221103s
Iteration 21
time: 0.229118s
Iteration 22
time: 0.230314s
Iteration 23
time: 0.222058s
Iteration 24
time: 0.219250s
5: Starting numprocs=8 N=4000, M=4000 impl=g-rabenseifner-allgather
7: Starting numprocs=8 N=4000, M=4000 impl=g-rabenseifner-allgather
3: Starting numprocs=8 N=4000, M=4000 impl=g-rabenseifner-allgather
4: Starting numprocs=8 N=4000, M=4000 impl=g-rabenseifner-allgather
2: Starting numprocs=8 N=4000, M=4000 impl=g-rabenseifner-allgather
0: Starting numprocs=8 N=4000, M=4000 impl=g-rabenseifner-allgather
Iteration 0
1: Starting numprocs=8 N=4000, M=4000 impl=g-rabenseifner-allgather
6: Starting numprocs=8 N=4000, M=4000 impl=g-rabenseifner-allgather
time: 0.135623s
Iteration 1
time: 0.109867s
Iteration 2
time: 0.109120s
Iteration 3
time: 0.108722s
Iteration 4
time: 0.108192s
Iteration 5
time: 0.108777s
Iteration 6
time: 0.108390s
Iteration 7
time: 0.108706s
Iteration 8
time: 0.108776s
Iteration 9
time: 0.108995s
Iteration 10
time: 0.109213s
Iteration 11
time: 0.108928s
Iteration 12
time: 0.108439s
Iteration 13
time: 0.108411s
Iteration 14
time: 0.108236s
Iteration 15
time: 0.108624s
Iteration 16
time: 0.108998s
Iteration 17
time: 0.108753s
Iteration 18
time: 0.109250s
Iteration 19
time: 0.109293s
Iteration 20
time: 0.109259s
Iteration 21
time: 0.109156s
Iteration 22
time: 0.110698s
Iteration 23
time: 0.108966s
Iteration 24
time: 0.109150s
3: Starting numprocs=8 N=4000, M=4000 impl=g-rabenseifner-subgroup-2
7: Starting numprocs=8 N=4000, M=4000 impl=g-rabenseifner-subgroup-2
5: Starting numprocs=8 N=4000, M=4000 impl=g-rabenseifner-subgroup-2
4: Starting numprocs=8 N=4000, M=4000 impl=g-rabenseifner-subgroup-2
6: Starting numprocs=8 N=4000, M=4000 impl=g-rabenseifner-subgroup-2
0: Starting numprocs=8 N=4000, M=4000 impl=g-rabenseifner-subgroup-2
Iteration 0
1: Starting numprocs=8 N=4000, M=4000 impl=g-rabenseifner-subgroup-2
2: Starting numprocs=8 N=4000, M=4000 impl=g-rabenseifner-subgroup-2
time: 0.140341s
Iteration 1
time: 0.109156s
Iteration 2
time: 0.111812s
Iteration 3
time: 0.109142s
Iteration 4
time: 0.109872s
Iteration 5
time: 0.111139s
Iteration 6
time: 0.110235s
Iteration 7
time: 0.111311s
Iteration 8
time: 0.109267s
Iteration 9
time: 0.109684s
Iteration 10
time: 0.109635s
Iteration 11
time: 0.110230s
Iteration 12
time: 0.110252s
Iteration 13
time: 0.108745s
Iteration 14
time: 0.108510s
Iteration 15
time: 0.110261s
Iteration 16
time: 0.109464s
Iteration 17
time: 0.109386s
Iteration 18
time: 0.109546s
Iteration 19
time: 0.109500s
Iteration 20
time: 0.109777s
Iteration 21
time: 0.108641s
Iteration 22
time: 0.109962s
Iteration 23
time: 0.109378s
Iteration 24
time: 0.109590s
5: Starting numprocs=8 N=4000, M=4000 impl=g-rabenseifner-subgroup-4
3: Starting numprocs=8 N=4000, M=4000 impl=g-rabenseifner-subgroup-4
6: Starting numprocs=8 N=4000, M=4000 impl=g-rabenseifner-subgroup-4
4: Starting numprocs=8 N=4000, M=4000 impl=g-rabenseifner-subgroup-4
7: Starting numprocs=8 N=4000, M=4000 impl=g-rabenseifner-subgroup-4
2: Starting numprocs=8 N=4000, M=4000 impl=g-rabenseifner-subgroup-4
1: Starting numprocs=8 N=4000, M=4000 impl=g-rabenseifner-subgroup-4
0: Starting numprocs=8 N=4000, M=4000 impl=g-rabenseifner-subgroup-4
Iteration 0
time: 0.125255s
Iteration 1
time: 0.109050s
Iteration 2
time: 0.110178s
Iteration 3
time: 0.108660s
Iteration 4
time: 0.109860s
Iteration 5
time: 0.109976s
Iteration 6
time: 0.110286s
Iteration 7
time: 0.110697s
Iteration 8
time: 0.115404s
Iteration 9
time: 0.112260s
Iteration 10
time: 0.111618s
Iteration 11
time: 0.110325s
Iteration 12
time: 0.109153s
Iteration 13
time: 0.109112s
Iteration 14
time: 0.109430s
Iteration 15
time: 0.108409s
Iteration 16
time: 0.108897s
Iteration 17
time: 0.109192s
Iteration 18
time: 0.111654s
Iteration 19
time: 0.110728s
Iteration 20
time: 0.108789s
Iteration 21
time: 0.108847s
Iteration 22
time: 0.110345s
Iteration 23
time: 0.108587s
Iteration 24
time: 0.110099s
3: Starting numprocs=8 N=4000, M=4000 impl=g-rabenseifner-subgroup-8
7: Starting numprocs=8 N=4000, M=4000 impl=g-rabenseifner-subgroup-8
4: Starting numprocs=8 N=4000, M=4000 impl=g-rabenseifner-subgroup-8
5: Starting numprocs=8 N=4000, M=4000 impl=g-rabenseifner-subgroup-8
2: Starting numprocs=8 N=4000, M=4000 impl=g-rabenseifner-subgroup-8
6: Starting numprocs=8 N=4000, M=4000 impl=g-rabenseifner-subgroup-8
1: Starting numprocs=8 N=4000, M=4000 impl=g-rabenseifner-subgroup-8
0: Starting numprocs=8 N=4000, M=4000 impl=g-rabenseifner-subgroup-8
Iteration 0
time: 0.128674s
Iteration 1
time: 0.116873s
Iteration 2
time: 0.115331s
Iteration 3
time: 0.117682s
Iteration 4
time: 0.119342s
Iteration 5
time: 0.113271s
Iteration 6
time: 0.114716s
Iteration 7
time: 0.122097s
Iteration 8
time: 0.115857s
Iteration 9
time: 0.114153s
Iteration 10
time: 0.115373s
Iteration 11
time: 0.114953s
Iteration 12
time: 0.116282s
Iteration 13
time: 0.113207s
Iteration 14
time: 0.120750s
Iteration 15
time: 0.118221s
Iteration 16
time: 0.119666s
Iteration 17
time: 0.117971s
Iteration 18
time: 0.114679s
Iteration 19
time: 0.113912s
Iteration 20
time: 0.114558s
Iteration 21
time: 0.115606s
Iteration 22
time: 0.117588s
Iteration 23
time: 0.114948s
Iteration 24
time: 0.116176s
3: Starting numprocs=8 N=5000, M=5000 impl=allgather
7: Starting numprocs=8 N=5000, M=5000 impl=allgather
5: Starting numprocs=8 N=5000, M=5000 impl=allgather
2: Starting numprocs=8 N=5000, M=5000 impl=allgather
0: Starting numprocs=8 N=5000, M=5000 impl=allgather
Iteration 0
6: Starting numprocs=8 N=5000, M=5000 impl=allgather
4: Starting numprocs=8 N=5000, M=5000 impl=allgather
1: Starting numprocs=8 N=5000, M=5000 impl=allgather
time: 0.251010s
Iteration 1
time: 0.228658s
Iteration 2
time: 0.224444s
Iteration 3
time: 0.222459s
Iteration 4
time: 0.228106s
Iteration 5
time: 0.223932s
Iteration 6
time: 0.224849s
Iteration 7
time: 0.221957s
Iteration 8
time: 0.229036s
Iteration 9
time: 0.230183s
Iteration 10
time: 0.226845s
Iteration 11
time: 0.225795s
Iteration 12
time: 0.223344s
Iteration 13
time: 0.224462s
Iteration 14
time: 0.232181s
Iteration 15
time: 0.226563s
Iteration 16
time: 0.224098s
Iteration 17
time: 0.225788s
Iteration 18
time: 0.229077s
Iteration 19
time: 0.232523s
Iteration 20
time: 0.231380s
Iteration 21
time: 0.225629s
Iteration 22
time: 0.225554s
Iteration 23
time: 0.223247s
Iteration 24
time: 0.227092s
4: Starting numprocs=8 N=5000, M=5000 impl=allreduce
3: Starting numprocs=8 N=5000, M=5000 impl=allreduce
7: Starting numprocs=8 N=5000, M=5000 impl=allreduce
5: Starting numprocs=8 N=5000, M=5000 impl=allreduce
2: Starting numprocs=8 N=5000, M=5000 impl=allreduce
6: Starting numprocs=8 N=5000, M=5000 impl=allreduce
0: Starting numprocs=8 N=5000, M=5000 impl=allreduce
Iteration 0
1: Starting numprocs=8 N=5000, M=5000 impl=allreduce
time: 0.599215s
Iteration 1
time: 0.518109s
Iteration 2
time: 0.519130s
Iteration 3
time: 0.506236s
Iteration 4
time: 0.512712s
Iteration 5
time: 0.516828s
Iteration 6
time: 0.510040s
Iteration 7
time: 0.509978s
Iteration 8
time: 0.540608s
Iteration 9
time: 0.510286s
Iteration 10
time: 0.506144s
Iteration 11
time: 0.539073s
Iteration 12
time: 0.514257s
Iteration 13
time: 0.516337s
Iteration 14
time: 0.512227s
Iteration 15
time: 0.521534s
Iteration 16
time: 0.505321s
Iteration 17
time: 0.514961s
Iteration 18
time: 0.517629s
Iteration 19
time: 0.515850s
Iteration 20
time: 0.505120s
Iteration 21
time: 0.532662s
Iteration 22
time: 0.504109s
Iteration 23
time: 0.511557s
Iteration 24
time: 0.512523s
5: Starting numprocs=8 N=5000, M=5000 impl=allreduce-ring
3: Starting numprocs=8 N=5000, M=5000 impl=allreduce-ring
7: Starting numprocs=8 N=5000, M=5000 impl=allreduce-ring
4: Starting numprocs=8 N=5000, M=5000 impl=allreduce-ring
6: Starting numprocs=8 N=5000, M=5000 impl=allreduce-ring
2: Starting numprocs=8 N=5000, M=5000 impl=allreduce-ring
0: Starting numprocs=8 N=5000, M=5000 impl=allreduce-ring
Iteration 0
1: Starting numprocs=8 N=5000, M=5000 impl=allreduce-ring
time: 0.394081s
Iteration 1
time: 0.343641s
Iteration 2
time: 0.352962s
Iteration 3
time: 0.350393s
Iteration 4
time: 0.347033s
Iteration 5
time: 0.359460s
Iteration 6
time: 0.346240s
Iteration 7
time: 0.350440s
Iteration 8
time: 0.347212s
Iteration 9
time: 0.358427s
Iteration 10
time: 0.351039s
Iteration 11
time: 0.348859s
Iteration 12
time: 0.348306s
Iteration 13
time: 0.360094s
Iteration 14
time: 0.352187s
Iteration 15
time: 0.354725s
Iteration 16
time: 0.345655s
Iteration 17
time: 0.346089s
Iteration 18
time: 0.349800s
Iteration 19
time: 0.349942s
Iteration 20
time: 0.348091s
Iteration 21
time: 0.351155s
Iteration 22
time: 0.358943s
Iteration 23
time: 0.349423s
Iteration 24
time: 0.346910s
5: Starting numprocs=8 N=5000, M=5000 impl=g-rabenseifner-allgather
3: Starting numprocs=8 N=5000, M=5000 impl=g-rabenseifner-allgather
7: Starting numprocs=8 N=5000, M=5000 impl=g-rabenseifner-allgather
4: Starting numprocs=8 N=5000, M=5000 impl=g-rabenseifner-allgather
2: Starting numprocs=8 N=5000, M=5000 impl=g-rabenseifner-allgather
1: Starting numprocs=8 N=5000, M=5000 impl=g-rabenseifner-allgather
6: Starting numprocs=8 N=5000, M=5000 impl=g-rabenseifner-allgather
0: Starting numprocs=8 N=5000, M=5000 impl=g-rabenseifner-allgather
Iteration 0
time: 0.196438s
Iteration 1
time: 0.170246s
Iteration 2
time: 0.170440s
Iteration 3
time: 0.169012s
Iteration 4
time: 0.169606s
Iteration 5
time: 0.170610s
Iteration 6
time: 0.170654s
Iteration 7
time: 0.169687s
Iteration 8
time: 0.170511s
Iteration 9
time: 0.169646s
Iteration 10
time: 0.169760s
Iteration 11
time: 0.168996s
Iteration 12
time: 0.169743s
Iteration 13
time: 0.169801s
Iteration 14
time: 0.169124s
Iteration 15
time: 0.169560s
Iteration 16
time: 0.168989s
Iteration 17
time: 0.169857s
Iteration 18
time: 0.169998s
Iteration 19
time: 0.169901s
Iteration 20
time: 0.170477s
Iteration 21
time: 0.169582s
Iteration 22
time: 0.169614s
Iteration 23
time: 0.168970s
Iteration 24
time: 0.169880s
3: Starting numprocs=8 N=5000, M=5000 impl=g-rabenseifner-subgroup-2
7: Starting numprocs=8 N=5000, M=5000 impl=g-rabenseifner-subgroup-2
5: Starting numprocs=8 N=5000, M=5000 impl=g-rabenseifner-subgroup-2
4: Starting numprocs=8 N=5000, M=5000 impl=g-rabenseifner-subgroup-2
2: Starting numprocs=8 N=5000, M=5000 impl=g-rabenseifner-subgroup-2
6: Starting numprocs=8 N=5000, M=5000 impl=g-rabenseifner-subgroup-2
1: Starting numprocs=8 N=5000, M=5000 impl=g-rabenseifner-subgroup-2
0: Starting numprocs=8 N=5000, M=5000 impl=g-rabenseifner-subgroup-2
Iteration 0
time: 0.212679s
Iteration 1
time: 0.170226s
Iteration 2
time: 0.169574s
Iteration 3
time: 0.170021s
Iteration 4
time: 0.170053s
Iteration 5
time: 0.171618s
Iteration 6
time: 0.170034s
Iteration 7
time: 0.170544s
Iteration 8
time: 0.171022s
Iteration 9
time: 0.170085s
Iteration 10
time: 0.170356s
Iteration 11
time: 0.171233s
Iteration 12
time: 0.172723s
Iteration 13
time: 0.169939s
Iteration 14
time: 0.170811s
Iteration 15
time: 0.171342s
Iteration 16
time: 0.170320s
Iteration 17
time: 0.173199s
Iteration 18
time: 0.170680s
Iteration 19
time: 0.169275s
Iteration 20
time: 0.169762s
Iteration 21
time: 0.169867s
Iteration 22
time: 0.173545s
Iteration 23
time: 0.169812s
Iteration 24
time: 0.170240s
3: Starting numprocs=8 N=5000, M=5000 impl=g-rabenseifner-subgroup-4
4: Starting numprocs=8 N=5000, M=5000 impl=g-rabenseifner-subgroup-4
5: Starting numprocs=8 N=5000, M=5000 impl=g-rabenseifner-subgroup-4
7: Starting numprocs=8 N=5000, M=5000 impl=g-rabenseifner-subgroup-4
2: Starting numprocs=8 N=5000, M=5000 impl=g-rabenseifner-subgroup-4
6: Starting numprocs=8 N=5000, M=5000 impl=g-rabenseifner-subgroup-4
0: Starting numprocs=8 N=5000, M=5000 impl=g-rabenseifner-subgroup-4
Iteration 0
1: Starting numprocs=8 N=5000, M=5000 impl=g-rabenseifner-subgroup-4
time: 0.193483s
Iteration 1
time: 0.171428s
Iteration 2
time: 0.171796s
Iteration 3
time: 0.173369s
Iteration 4
time: 0.172462s
Iteration 5
time: 0.172224s
Iteration 6
time: 0.173481s
Iteration 7
time: 0.177706s
Iteration 8
time: 0.172345s
Iteration 9
time: 0.175175s
Iteration 10
time: 0.179636s
Iteration 11
time: 0.174181s
Iteration 12
time: 0.175039s
Iteration 13
time: 0.173338s
Iteration 14
time: 0.173308s
Iteration 15
time: 0.173857s
Iteration 16
time: 0.176986s
Iteration 17
time: 0.174018s
Iteration 18
time: 0.174158s
Iteration 19
time: 0.175994s
Iteration 20
time: 0.174951s
Iteration 21
time: 0.172837s
Iteration 22
time: 0.179442s
Iteration 23
time: 0.177057s
Iteration 24
time: 0.179609s
3: Starting numprocs=8 N=5000, M=5000 impl=g-rabenseifner-subgroup-8
7: Starting numprocs=8 N=5000, M=5000 impl=g-rabenseifner-subgroup-8
4: Starting numprocs=8 N=5000, M=5000 impl=g-rabenseifner-subgroup-8
6: Starting numprocs=8 N=5000, M=5000 impl=g-rabenseifner-subgroup-8
5: Starting numprocs=8 N=5000, M=5000 impl=g-rabenseifner-subgroup-8
2: Starting numprocs=8 N=5000, M=5000 impl=g-rabenseifner-subgroup-8
1: Starting numprocs=8 N=5000, M=5000 impl=g-rabenseifner-subgroup-8
0: Starting numprocs=8 N=5000, M=5000 impl=g-rabenseifner-subgroup-8
Iteration 0
time: 0.190078s
Iteration 1
time: 0.179408s
Iteration 2
time: 0.179947s
Iteration 3
time: 0.179134s
Iteration 4
time: 0.183649s
Iteration 5
time: 0.179240s
Iteration 6
time: 0.179789s
Iteration 7
time: 0.182030s
Iteration 8
time: 0.178683s
Iteration 9
time: 0.178757s
Iteration 10
time: 0.180405s
Iteration 11
time: 0.182630s
Iteration 12
time: 0.182787s
Iteration 13
time: 0.178557s
Iteration 14
time: 0.180795s
Iteration 15
time: 0.178914s
Iteration 16
time: 0.178395s
Iteration 17
time: 0.181687s
Iteration 18
time: 0.179092s
Iteration 19
time: 0.179970s
Iteration 20
time: 0.185961s
Iteration 21
time: 0.179020s
Iteration 22
time: 0.180183s
Iteration 23
time: 0.184307s
Iteration 24
time: 0.182659s
5: Starting numprocs=8 N=6000, M=6000 impl=allgather
3: Starting numprocs=8 N=6000, M=6000 impl=allgather
7: Starting numprocs=8 N=6000, M=6000 impl=allgather
0: Starting numprocs=8 N=6000, M=6000 impl=allgather
Iteration 0
6: Starting numprocs=8 N=6000, M=6000 impl=allgather
4: Starting numprocs=8 N=6000, M=6000 impl=allgather
2: Starting numprocs=8 N=6000, M=6000 impl=allgather
1: Starting numprocs=8 N=6000, M=6000 impl=allgather
time: 0.338291s
Iteration 1
time: 0.324351s
Iteration 2
time: 0.335404s
Iteration 3
time: 0.329766s
Iteration 4
time: 0.340671s
Iteration 5
time: 0.326291s
Iteration 6
time: 0.340233s
Iteration 7
time: 0.331547s
Iteration 8
time: 0.333008s
Iteration 9
time: 0.330766s
Iteration 10
time: 0.335109s
Iteration 11
time: 0.330375s
Iteration 12
time: 0.348089s
Iteration 13
time: 0.329374s
Iteration 14
time: 0.341720s
Iteration 15
time: 0.332564s
Iteration 16
time: 0.324061s
Iteration 17
time: 0.328209s
Iteration 18
time: 0.328308s
Iteration 19
time: 0.326088s
Iteration 20
time: 0.325812s
Iteration 21
time: 0.336122s
Iteration 22
time: 0.328579s
Iteration 23
time: 0.334943s
Iteration 24
time: 0.326969s
3: Starting numprocs=8 N=6000, M=6000 impl=allreduce
7: Starting numprocs=8 N=6000, M=6000 impl=allreduce
4: Starting numprocs=8 N=6000, M=6000 impl=allreduce
5: Starting numprocs=8 N=6000, M=6000 impl=allreduce
0: Starting numprocs=8 N=6000, M=6000 impl=allreduce
Iteration 0
6: Starting numprocs=8 N=6000, M=6000 impl=allreduce
2: Starting numprocs=8 N=6000, M=6000 impl=allreduce
1: Starting numprocs=8 N=6000, M=6000 impl=allreduce
time: 0.835615s
Iteration 1
time: 0.733058s
Iteration 2
time: 0.746156s
Iteration 3
time: 0.726354s
Iteration 4
time: 0.744072s
Iteration 5
time: 0.730248s
Iteration 6
time: 0.741192s
Iteration 7
time: 0.746910s
Iteration 8
time: 0.755683s
Iteration 9
time: 0.738179s
Iteration 10
time: 0.734806s
Iteration 11
time: 0.737012s
Iteration 12
time: 0.726343s
Iteration 13
time: 0.727985s
Iteration 14
time: 0.772297s
Iteration 15
time: 0.738408s
Iteration 16
time: 0.729330s
Iteration 17
time: 0.733497s
Iteration 18
time: 0.733202s
Iteration 19
time: 0.739378s
Iteration 20
time: 0.769739s
Iteration 21
time: 0.757213s
Iteration 22
time: 0.742393s
Iteration 23
time: 0.762271s
Iteration 24
time: 0.747884s
7: Starting numprocs=8 N=6000, M=6000 impl=allreduce-ring
3: Starting numprocs=8 N=6000, M=6000 impl=allreduce-ring
5: Starting numprocs=8 N=6000, M=6000 impl=allreduce-ring
4: Starting numprocs=8 N=6000, M=6000 impl=allreduce-ring
1: Starting numprocs=8 N=6000, M=6000 impl=allreduce-ring
0: Starting numprocs=8 N=6000, M=6000 impl=allreduce-ring
Iteration 0
2: Starting numprocs=8 N=6000, M=6000 impl=allreduce-ring
6: Starting numprocs=8 N=6000, M=6000 impl=allreduce-ring
time: 0.689404s
Iteration 1
time: 0.606042s
Iteration 2
time: 0.588464s
Iteration 3
time: 0.577988s
Iteration 4
time: 0.585601s
Iteration 5
time: 0.576196s
Iteration 6
time: 0.585097s
Iteration 7
time: 0.583832s
Iteration 8
time: 0.607295s
Iteration 9
time: 0.588944s
Iteration 10
time: 0.580758s
Iteration 11
time: 0.585025s
Iteration 12
time: 0.601458s
Iteration 13
time: 0.595831s
Iteration 14
time: 0.572980s
Iteration 15
time: 0.585804s
Iteration 16
time: 0.596372s
Iteration 17
time: 0.583921s
Iteration 18
time: 0.573244s
Iteration 19
time: 0.577135s
Iteration 20
time: 0.588881s
Iteration 21
time: 0.574100s
Iteration 22
time: 0.589955s
Iteration 23
time: 0.581979s
Iteration 24
time: 0.580239s
7: Starting numprocs=8 N=6000, M=6000 impl=g-rabenseifner-allgather
3: Starting numprocs=8 N=6000, M=6000 impl=g-rabenseifner-allgather
5: Starting numprocs=8 N=6000, M=6000 impl=g-rabenseifner-allgather
4: Starting numprocs=8 N=6000, M=6000 impl=g-rabenseifner-allgather
1: Starting numprocs=8 N=6000, M=6000 impl=g-rabenseifner-allgather
0: Starting numprocs=8 N=6000, M=6000 impl=g-rabenseifner-allgather
Iteration 0
2: Starting numprocs=8 N=6000, M=6000 impl=g-rabenseifner-allgather
6: Starting numprocs=8 N=6000, M=6000 impl=g-rabenseifner-allgather
time: 0.285640s
Iteration 1
time: 0.245030s
Iteration 2
time: 0.245108s
Iteration 3
time: 0.244163s
Iteration 4
time: 0.242901s
Iteration 5
time: 0.244632s
Iteration 6
time: 0.245102s
Iteration 7
time: 0.244437s
Iteration 8
time: 0.246377s
Iteration 9
time: 0.244063s
Iteration 10
time: 0.243427s
Iteration 11
time: 0.246006s
Iteration 12
time: 0.245335s
Iteration 13
time: 0.243273s
Iteration 14
time: 0.242853s
Iteration 15
time: 0.243801s
Iteration 16
time: 0.244736s
Iteration 17
time: 0.243312s
Iteration 18
time: 0.244244s
Iteration 19
time: 0.244116s
Iteration 20
time: 0.244749s
Iteration 21
time: 0.247389s
Iteration 22
time: 0.244002s
Iteration 23
time: 0.245855s
Iteration 24
time: 0.245425s
3: Starting numprocs=8 N=6000, M=6000 impl=g-rabenseifner-subgroup-2
7: Starting numprocs=8 N=6000, M=6000 impl=g-rabenseifner-subgroup-2
5: Starting numprocs=8 N=6000, M=6000 impl=g-rabenseifner-subgroup-2
4: Starting numprocs=8 N=6000, M=6000 impl=g-rabenseifner-subgroup-2
2: Starting numprocs=8 N=6000, M=6000 impl=g-rabenseifner-subgroup-2
0: Starting numprocs=8 N=6000, M=6000 impl=g-rabenseifner-subgroup-2
Iteration 0
1: Starting numprocs=8 N=6000, M=6000 impl=g-rabenseifner-subgroup-2
6: Starting numprocs=8 N=6000, M=6000 impl=g-rabenseifner-subgroup-2
time: 0.297764s
Iteration 1
time: 0.244529s
Iteration 2
time: 0.245676s
Iteration 3
time: 0.246556s
Iteration 4
time: 0.244607s
Iteration 5
time: 0.246471s
Iteration 6
time: 0.248467s
Iteration 7
time: 0.249556s
Iteration 8
time: 0.247952s
Iteration 9
time: 0.245530s
Iteration 10
time: 0.245593s
Iteration 11
time: 0.248280s
Iteration 12
time: 0.245434s
Iteration 13
time: 0.245573s
Iteration 14
time: 0.244704s
Iteration 15
time: 0.244613s
Iteration 16
time: 0.244550s
Iteration 17
time: 0.245213s
Iteration 18
time: 0.245687s
Iteration 19
time: 0.245849s
Iteration 20
time: 0.248649s
Iteration 21
time: 0.245481s
Iteration 22
time: 0.250615s
Iteration 23
time: 0.252441s
Iteration 24
time: 0.244878s
7: Starting numprocs=8 N=6000, M=6000 impl=g-rabenseifner-subgroup-4
3: Starting numprocs=8 N=6000, M=6000 impl=g-rabenseifner-subgroup-4
5: Starting numprocs=8 N=6000, M=6000 impl=g-rabenseifner-subgroup-4
4: Starting numprocs=8 N=6000, M=6000 impl=g-rabenseifner-subgroup-4
6: Starting numprocs=8 N=6000, M=6000 impl=g-rabenseifner-subgroup-4
2: Starting numprocs=8 N=6000, M=6000 impl=g-rabenseifner-subgroup-4
0: Starting numprocs=8 N=6000, M=6000 impl=g-rabenseifner-subgroup-4
Iteration 0
1: Starting numprocs=8 N=6000, M=6000 impl=g-rabenseifner-subgroup-4
time: 0.274456s
Iteration 1
time: 0.251690s
Iteration 2
time: 0.253283s
Iteration 3
time: 0.250751s
Iteration 4
time: 0.251312s
Iteration 5
time: 0.250032s
Iteration 6
time: 0.250483s
Iteration 7
time: 0.253959s
Iteration 8
time: 0.254395s
Iteration 9
time: 0.250443s
Iteration 10
time: 0.250046s
Iteration 11
time: 0.254196s
Iteration 12
time: 0.250362s
Iteration 13
time: 0.248225s
Iteration 14
time: 0.249795s
Iteration 15
time: 0.251100s
Iteration 16
time: 0.249155s
Iteration 17
time: 0.249909s
Iteration 18
time: 0.252502s
Iteration 19
time: 0.249573s
Iteration 20
time: 0.252842s
Iteration 21
time: 0.251533s
Iteration 22
time: 0.250150s
Iteration 23
time: 0.249746s
Iteration 24
time: 0.249607s
7: Starting numprocs=8 N=6000, M=6000 impl=g-rabenseifner-subgroup-8
3: Starting numprocs=8 N=6000, M=6000 impl=g-rabenseifner-subgroup-8
5: Starting numprocs=8 N=6000, M=6000 impl=g-rabenseifner-subgroup-8
2: Starting numprocs=8 N=6000, M=6000 impl=g-rabenseifner-subgroup-8
6: Starting numprocs=8 N=6000, M=6000 impl=g-rabenseifner-subgroup-8
4: Starting numprocs=8 N=6000, M=6000 impl=g-rabenseifner-subgroup-8
0: Starting numprocs=8 N=6000, M=6000 impl=g-rabenseifner-subgroup-8
Iteration 0
1: Starting numprocs=8 N=6000, M=6000 impl=g-rabenseifner-subgroup-8
time: 0.274341s
Iteration 1
time: 0.264198s
Iteration 2
time: 0.261764s
Iteration 3
time: 0.260426s
Iteration 4
time: 0.262539s
Iteration 5
time: 0.259402s
Iteration 6
time: 0.260967s
Iteration 7
time: 0.263937s
Iteration 8
time: 0.258878s
Iteration 9
time: 0.260479s
Iteration 10
time: 0.258994s
Iteration 11
time: 0.269655s
Iteration 12
time: 0.259724s
Iteration 13
time: 0.261887s
Iteration 14
time: 0.263977s
Iteration 15
time: 0.261759s
Iteration 16
time: 0.259544s
Iteration 17
time: 0.260888s
Iteration 18
time: 0.258239s
Iteration 19
time: 0.259816s
Iteration 20
time: 0.260399s
Iteration 21
time: 0.261164s
Iteration 22
time: 0.259946s
Iteration 23
time: 0.258480s
Iteration 24
time: 0.268613s
7: Starting numprocs=8 N=7000, M=7000 impl=allgather
3: Starting numprocs=8 N=7000, M=7000 impl=allgather
5: Starting numprocs=8 N=7000, M=7000 impl=allgather
6: Starting numprocs=8 N=7000, M=7000 impl=allgather
4: Starting numprocs=8 N=7000, M=7000 impl=allgather
1: Starting numprocs=8 N=7000, M=7000 impl=allgather
2: Starting numprocs=8 N=7000, M=7000 impl=allgather
0: Starting numprocs=8 N=7000, M=7000 impl=allgather
Iteration 0
time: 0.479710s
Iteration 1
time: 0.451548s
Iteration 2
time: 0.439104s
Iteration 3
time: 0.438440s
Iteration 4
time: 0.439618s
Iteration 5
time: 0.436324s
Iteration 6
time: 0.442594s
Iteration 7
time: 0.444190s
Iteration 8
time: 0.443069s
Iteration 9
time: 0.440758s
Iteration 10
time: 0.453118s
Iteration 11
time: 0.441169s
Iteration 12
time: 0.440884s
Iteration 13
time: 0.440020s
Iteration 14
time: 0.440725s
Iteration 15
time: 0.440156s
Iteration 16
time: 0.437585s
Iteration 17
time: 0.438526s
Iteration 18
time: 0.435142s
Iteration 19
time: 0.441837s
Iteration 20
time: 0.442628s
Iteration 21
time: 0.439835s
Iteration 22
time: 0.441275s
Iteration 23
time: 0.448170s
Iteration 24
time: 0.439692s
7: Starting numprocs=8 N=7000, M=7000 impl=allreduce
3: Starting numprocs=8 N=7000, M=7000 impl=allreduce
5: Starting numprocs=8 N=7000, M=7000 impl=allreduce
4: Starting numprocs=8 N=7000, M=7000 impl=allreduce
2: Starting numprocs=8 N=7000, M=7000 impl=allreduce
0: Starting numprocs=8 N=7000, M=7000 impl=allreduce
Iteration 0
1: Starting numprocs=8 N=7000, M=7000 impl=allreduce
6: Starting numprocs=8 N=7000, M=7000 impl=allreduce
time: 1.123326s
Iteration 1
time: 0.986404s
Iteration 2
time: 1.012685s
Iteration 3
time: 0.993715s
Iteration 4
time: 1.016856s
Iteration 5
time: 0.995570s
Iteration 6
time: 1.022718s
Iteration 7
time: 1.003006s
Iteration 8
time: 0.992960s
Iteration 9
time: 0.993030s
Iteration 10
time: 1.008665s
Iteration 11
time: 1.009400s
Iteration 12
time: 1.004614s
Iteration 13
time: 1.014289s
Iteration 14
time: 0.994875s
Iteration 15
time: 1.015868s
Iteration 16
time: 1.011549s
Iteration 17
time: 1.012327s
Iteration 18
time: 0.995250s
Iteration 19
time: 0.982068s
Iteration 20
time: 0.983867s
Iteration 21
time: 1.010214s
Iteration 22
time: 0.988156s
Iteration 23
time: 1.010976s
Iteration 24
time: 0.997835s
7: Starting numprocs=8 N=7000, M=7000 impl=allreduce-ring
3: Starting numprocs=8 N=7000, M=7000 impl=allreduce-ring
5: Starting numprocs=8 N=7000, M=7000 impl=allreduce-ring
4: Starting numprocs=8 N=7000, M=7000 impl=allreduce-ring
2: Starting numprocs=8 N=7000, M=7000 impl=allreduce-ring
1: Starting numprocs=8 N=7000, M=7000 impl=allreduce-ring
0: Starting numprocs=8 N=7000, M=7000 impl=allreduce-ring
Iteration 0
6: Starting numprocs=8 N=7000, M=7000 impl=allreduce-ring
time: 0.943112s
Iteration 1
time: 0.780233s
Iteration 2
time: 0.789491s
Iteration 3
time: 0.789227s
Iteration 4
time: 0.786304s
Iteration 5
time: 0.787695s
Iteration 6
time: 0.803199s
Iteration 7
time: 0.799543s
Iteration 8
time: 0.784435s
Iteration 9
time: 0.809127s
Iteration 10
time: 0.801837s
Iteration 11
time: 0.789251s
Iteration 12
time: 0.818135s
Iteration 13
time: 0.789702s
Iteration 14
time: 0.779786s
Iteration 15
time: 0.781866s
Iteration 16
time: 0.792698s
Iteration 17
time: 0.793196s
Iteration 18
time: 0.776621s
Iteration 19
time: 0.784865s
Iteration 20
time: 0.780422s
Iteration 21
time: 0.786305s
Iteration 22
time: 0.797705s
Iteration 23
time: 0.789207s
Iteration 24
time: 0.785253s
7: Starting numprocs=8 N=7000, M=7000 impl=g-rabenseifner-allgather
3: Starting numprocs=8 N=7000, M=7000 impl=g-rabenseifner-allgather
4: Starting numprocs=8 N=7000, M=7000 impl=g-rabenseifner-allgather
6: Starting numprocs=8 N=7000, M=7000 impl=g-rabenseifner-allgather
5: Starting numprocs=8 N=7000, M=7000 impl=g-rabenseifner-allgather
1: Starting numprocs=8 N=7000, M=7000 impl=g-rabenseifner-allgather
2: Starting numprocs=8 N=7000, M=7000 impl=g-rabenseifner-allgather
0: Starting numprocs=8 N=7000, M=7000 impl=g-rabenseifner-allgather
Iteration 0
time: 0.381923s
Iteration 1
time: 0.334427s
Iteration 2
time: 0.334277s
Iteration 3
time: 0.332117s
Iteration 4
time: 0.332170s
Iteration 5
time: 0.333287s
Iteration 6
time: 0.332617s
Iteration 7
time: 0.334687s
Iteration 8
time: 0.332171s
Iteration 9
time: 0.332612s
Iteration 10
time: 0.332300s
Iteration 11
time: 0.331935s
Iteration 12
time: 0.333120s
Iteration 13
time: 0.334885s
Iteration 14
time: 0.332950s
Iteration 15
time: 0.332930s
Iteration 16
time: 0.332840s
Iteration 17
time: 0.334577s
Iteration 18
time: 0.332235s
Iteration 19
time: 0.332355s
Iteration 20
time: 0.331679s
Iteration 21
time: 0.334036s
Iteration 22
time: 0.331681s
Iteration 23
time: 0.335219s
Iteration 24
time: 0.332228s
7: Starting numprocs=8 N=7000, M=7000 impl=g-rabenseifner-subgroup-2
3: Starting numprocs=8 N=7000, M=7000 impl=g-rabenseifner-subgroup-2
5: Starting numprocs=8 N=7000, M=7000 impl=g-rabenseifner-subgroup-2
4: Starting numprocs=8 N=7000, M=7000 impl=g-rabenseifner-subgroup-2
6: Starting numprocs=8 N=7000, M=7000 impl=g-rabenseifner-subgroup-2
2: Starting numprocs=8 N=7000, M=7000 impl=g-rabenseifner-subgroup-2
1: Starting numprocs=8 N=7000, M=7000 impl=g-rabenseifner-subgroup-2
0: Starting numprocs=8 N=7000, M=7000 impl=g-rabenseifner-subgroup-2
Iteration 0
time: 0.401999s
Iteration 1
time: 0.336451s
Iteration 2
time: 0.334466s
Iteration 3
time: 0.335614s
Iteration 4
time: 0.335670s
Iteration 5
time: 0.334264s
Iteration 6
time: 0.335358s
Iteration 7
time: 0.336107s
Iteration 8
time: 0.337098s
Iteration 9
time: 0.334710s
Iteration 10
time: 0.335431s
Iteration 11
time: 0.334579s
Iteration 12
time: 0.337957s
Iteration 13
time: 0.334605s
Iteration 14
time: 0.334565s
Iteration 15
time: 0.335674s
Iteration 16
time: 0.338738s
Iteration 17
time: 0.334669s
Iteration 18
time: 0.338562s
Iteration 19
time: 0.335402s
Iteration 20
time: 0.338077s
Iteration 21
time: 0.335889s
Iteration 22
time: 0.334786s
Iteration 23
time: 0.336249s
Iteration 24
time: 0.340803s
7: Starting numprocs=8 N=7000, M=7000 impl=g-rabenseifner-subgroup-4
4: Starting numprocs=8 N=7000, M=7000 impl=g-rabenseifner-subgroup-4
3: Starting numprocs=8 N=7000, M=7000 impl=g-rabenseifner-subgroup-4
5: Starting numprocs=8 N=7000, M=7000 impl=g-rabenseifner-subgroup-4
2: Starting numprocs=8 N=7000, M=7000 impl=g-rabenseifner-subgroup-4
6: Starting numprocs=8 N=7000, M=7000 impl=g-rabenseifner-subgroup-4
1: Starting numprocs=8 N=7000, M=7000 impl=g-rabenseifner-subgroup-4
0: Starting numprocs=8 N=7000, M=7000 impl=g-rabenseifner-subgroup-4
Iteration 0
time: 0.379882s
Iteration 1
time: 0.339572s
Iteration 2
time: 0.338741s
Iteration 3
time: 0.339368s
Iteration 4
time: 0.341428s
Iteration 5
time: 0.341510s
Iteration 6
time: 0.341914s
Iteration 7
time: 0.339894s
Iteration 8
time: 0.342625s
Iteration 9
time: 0.341754s
Iteration 10
time: 0.340691s
Iteration 11
time: 0.341340s
Iteration 12
time: 0.360762s
Iteration 13
time: 0.341394s
Iteration 14
time: 0.345276s
Iteration 15
time: 0.342728s
Iteration 16
time: 0.338629s
Iteration 17
time: 0.341225s
Iteration 18
time: 0.339458s
Iteration 19
time: 0.337953s
Iteration 20
time: 0.338050s
Iteration 21
time: 0.341035s
Iteration 22
time: 0.339840s
Iteration 23
time: 0.341721s
Iteration 24
time: 0.346671s
7: Starting numprocs=8 N=7000, M=7000 impl=g-rabenseifner-subgroup-8
3: Starting numprocs=8 N=7000, M=7000 impl=g-rabenseifner-subgroup-8
4: Starting numprocs=8 N=7000, M=7000 impl=g-rabenseifner-subgroup-8
5: Starting numprocs=8 N=7000, M=7000 impl=g-rabenseifner-subgroup-8
6: Starting numprocs=8 N=7000, M=7000 impl=g-rabenseifner-subgroup-8
2: Starting numprocs=8 N=7000, M=7000 impl=g-rabenseifner-subgroup-8
1: Starting numprocs=8 N=7000, M=7000 impl=g-rabenseifner-subgroup-8
0: Starting numprocs=8 N=7000, M=7000 impl=g-rabenseifner-subgroup-8
Iteration 0
time: 0.363609s
Iteration 1
time: 0.352305s
Iteration 2
time: 0.352307s
Iteration 3
time: 0.353208s
Iteration 4
time: 0.354436s
Iteration 5
time: 0.354167s
Iteration 6
time: 0.357476s
Iteration 7
time: 0.354255s
Iteration 8
time: 0.355092s
Iteration 9
time: 0.355941s
Iteration 10
time: 0.356845s
Iteration 11
time: 0.357824s
Iteration 12
time: 0.352450s
Iteration 13
time: 0.353858s
Iteration 14
time: 0.371389s
Iteration 15
time: 0.351054s
Iteration 16
time: 0.351457s
Iteration 17
time: 0.352977s
Iteration 18
time: 0.351751s
Iteration 19
time: 0.354115s
Iteration 20
time: 0.357521s
Iteration 21
time: 0.360041s
Iteration 22
time: 0.356588s
Iteration 23
time: 0.357094s
Iteration 24
time: 0.359696s
7: Starting numprocs=8 N=8000, M=8000 impl=allgather
3: Starting numprocs=8 N=8000, M=8000 impl=allgather
5: Starting numprocs=8 N=8000, M=8000 impl=allgather
4: Starting numprocs=8 N=8000, M=8000 impl=allgather
2: Starting numprocs=8 N=8000, M=8000 impl=allgather
6: Starting numprocs=8 N=8000, M=8000 impl=allgather
1: Starting numprocs=8 N=8000, M=8000 impl=allgather
0: Starting numprocs=8 N=8000, M=8000 impl=allgather
Iteration 0
time: 0.593429s
Iteration 1
time: 0.579254s
Iteration 2
time: 0.579632s
Iteration 3
time: 0.583637s
Iteration 4
time: 0.604351s
Iteration 5
time: 0.580744s
Iteration 6
time: 0.578968s
Iteration 7
time: 0.584920s
Iteration 8
time: 0.580678s
Iteration 9
time: 0.581810s
Iteration 10
time: 0.587424s
Iteration 11
time: 0.580610s
Iteration 12
time: 0.592339s
Iteration 13
time: 0.584780s
Iteration 14
time: 0.577496s
Iteration 15
time: 0.576608s
Iteration 16
time: 0.585695s
Iteration 17
time: 0.585388s
Iteration 18
time: 0.577262s
Iteration 19
time: 0.585236s
Iteration 20
time: 0.587073s
Iteration 21
time: 0.576943s
Iteration 22
time: 0.581522s
Iteration 23
time: 0.584015s
Iteration 24
time: 0.582976s
7: Starting numprocs=8 N=8000, M=8000 impl=allreduce
5: Starting numprocs=8 N=8000, M=8000 impl=allreduce
4: Starting numprocs=8 N=8000, M=8000 impl=allreduce
3: Starting numprocs=8 N=8000, M=8000 impl=allreduce
6: Starting numprocs=8 N=8000, M=8000 impl=allreduce
2: Starting numprocs=8 N=8000, M=8000 impl=allreduce
1: Starting numprocs=8 N=8000, M=8000 impl=allreduce
0: Starting numprocs=8 N=8000, M=8000 impl=allreduce
Iteration 0
time: 1.476425s
Iteration 1
time: 1.300893s
Iteration 2
time: 1.306881s
Iteration 3
time: 1.294225s
Iteration 4
time: 1.310571s
Iteration 5
time: 1.299176s
Iteration 6
time: 1.312136s
Iteration 7
time: 1.316409s
Iteration 8
time: 1.298237s
Iteration 9
time: 1.280939s
Iteration 10
time: 1.295031s
Iteration 11
time: 1.284108s
Iteration 12
time: 1.288644s
Iteration 13
time: 1.298963s
Iteration 14
time: 1.292819s
Iteration 15
time: 1.322520s
Iteration 16
time: 1.287338s
Iteration 17
time: 1.282111s
Iteration 18
time: 1.325989s
Iteration 19
time: 1.286721s
Iteration 20
time: 1.305354s
Iteration 21
time: 1.304041s
Iteration 22
time: 1.301142s
Iteration 23
time: 1.292237s
Iteration 24
time: 1.289045s
7: Starting numprocs=8 N=8000, M=8000 impl=allreduce-ring
3: Starting numprocs=8 N=8000, M=8000 impl=allreduce-ring
5: Starting numprocs=8 N=8000, M=8000 impl=allreduce-ring
4: Starting numprocs=8 N=8000, M=8000 impl=allreduce-ring
2: Starting numprocs=8 N=8000, M=8000 impl=allreduce-ring
6: Starting numprocs=8 N=8000, M=8000 impl=allreduce-ring
1: Starting numprocs=8 N=8000, M=8000 impl=allreduce-ring
0: Starting numprocs=8 N=8000, M=8000 impl=allreduce-ring
Iteration 0
time: 1.207564s
Iteration 1
time: 1.032120s
Iteration 2
time: 1.030346s
Iteration 3
time: 1.017872s
Iteration 4
time: 1.025955s
Iteration 5
time: 1.036021s
Iteration 6
time: 1.013947s
Iteration 7
time: 1.036783s
Iteration 8
time: 1.028504s
Iteration 9
time: 1.024903s
Iteration 10
time: 1.023991s
Iteration 11
time: 1.033071s
Iteration 12
time: 1.033219s
Iteration 13
time: 1.026542s
Iteration 14
time: 1.023389s
Iteration 15
time: 1.024053s
Iteration 16
time: 1.023786s
Iteration 17
time: 1.018932s
Iteration 18
time: 1.027645s
Iteration 19
time: 1.031371s
Iteration 20
time: 1.023018s
Iteration 21
time: 1.045996s
Iteration 22
time: 1.026974s
Iteration 23
time: 1.029281s
Iteration 24
time: 1.039879s
7: Starting numprocs=8 N=8000, M=8000 impl=g-rabenseifner-allgather
3: Starting numprocs=8 N=8000, M=8000 impl=g-rabenseifner-allgather
5: Starting numprocs=8 N=8000, M=8000 impl=g-rabenseifner-allgather
4: Starting numprocs=8 N=8000, M=8000 impl=g-rabenseifner-allgather
6: Starting numprocs=8 N=8000, M=8000 impl=g-rabenseifner-allgather
2: Starting numprocs=8 N=8000, M=8000 impl=g-rabenseifner-allgather
0: Starting numprocs=8 N=8000, M=8000 impl=g-rabenseifner-allgather
Iteration 0
1: Starting numprocs=8 N=8000, M=8000 impl=g-rabenseifner-allgather
time: 0.495875s
Iteration 1
time: 0.433845s
Iteration 2
time: 0.435753s
Iteration 3
time: 0.432651s
Iteration 4
time: 0.432950s
Iteration 5
time: 0.434945s
Iteration 6
time: 0.432872s
Iteration 7
time: 0.433740s
Iteration 8
time: 0.437940s
Iteration 9
time: 0.435482s
Iteration 10
time: 0.434175s
Iteration 11
time: 0.434698s
Iteration 12
time: 0.436258s
Iteration 13
time: 0.433311s
Iteration 14
time: 0.433697s
Iteration 15
time: 0.438947s
Iteration 16
time: 0.435148s
Iteration 17
time: 0.435514s
Iteration 18
time: 0.433966s
Iteration 19
time: 0.440581s
Iteration 20
time: 0.432678s
Iteration 21
time: 0.445630s
Iteration 22
time: 0.434545s
Iteration 23
time: 0.433179s
Iteration 24
time: 0.433590s
5: Starting numprocs=8 N=8000, M=8000 impl=g-rabenseifner-subgroup-2
7: Starting numprocs=8 N=8000, M=8000 impl=g-rabenseifner-subgroup-2
3: Starting numprocs=8 N=8000, M=8000 impl=g-rabenseifner-subgroup-2
4: Starting numprocs=8 N=8000, M=8000 impl=g-rabenseifner-subgroup-2
2: Starting numprocs=8 N=8000, M=8000 impl=g-rabenseifner-subgroup-2
6: Starting numprocs=8 N=8000, M=8000 impl=g-rabenseifner-subgroup-2
1: Starting numprocs=8 N=8000, M=8000 impl=g-rabenseifner-subgroup-2
0: Starting numprocs=8 N=8000, M=8000 impl=g-rabenseifner-subgroup-2
Iteration 0
time: 0.522433s
Iteration 1
time: 0.439044s
Iteration 2
time: 0.440987s
Iteration 3
time: 0.439670s
Iteration 4
time: 0.437913s
Iteration 5
time: 0.441432s
Iteration 6
time: 0.439038s
Iteration 7
time: 0.439791s
Iteration 8
time: 0.438615s
Iteration 9
time: 0.439114s
Iteration 10
time: 0.437025s
Iteration 11
time: 0.438605s
Iteration 12
time: 0.438756s
Iteration 13
time: 0.437857s
Iteration 14
time: 0.437184s
Iteration 15
time: 0.439174s
Iteration 16
time: 0.440179s
Iteration 17
time: 0.437672s
Iteration 18
time: 0.440943s
Iteration 19
time: 0.440887s
Iteration 20
time: 0.437064s
Iteration 21
time: 0.439131s
Iteration 22
time: 0.436086s
Iteration 23
time: 0.437692s
Iteration 24
time: 0.437595s
3: Starting numprocs=8 N=8000, M=8000 impl=g-rabenseifner-subgroup-4
5: Starting numprocs=8 N=8000, M=8000 impl=g-rabenseifner-subgroup-4
7: Starting numprocs=8 N=8000, M=8000 impl=g-rabenseifner-subgroup-4
4: Starting numprocs=8 N=8000, M=8000 impl=g-rabenseifner-subgroup-4
0: Starting numprocs=8 N=8000, M=8000 impl=g-rabenseifner-subgroup-4
Iteration 0
2: Starting numprocs=8 N=8000, M=8000 impl=g-rabenseifner-subgroup-4
1: Starting numprocs=8 N=8000, M=8000 impl=g-rabenseifner-subgroup-4
6: Starting numprocs=8 N=8000, M=8000 impl=g-rabenseifner-subgroup-4
time: 0.492025s
Iteration 1
time: 0.452251s
Iteration 2
time: 0.450806s
Iteration 3
time: 0.456261s
Iteration 4
time: 0.447082s
Iteration 5
time: 0.447339s
Iteration 6
time: 0.447746s
Iteration 7
time: 0.445095s
Iteration 8
time: 0.455796s
Iteration 9
time: 0.445523s
Iteration 10
time: 0.451103s
Iteration 11
time: 0.456207s
Iteration 12
time: 0.457924s
Iteration 13
time: 0.450914s
Iteration 14
time: 0.448337s
Iteration 15
time: 0.444268s
Iteration 16
time: 0.448223s
Iteration 17
time: 0.448257s
Iteration 18
time: 0.453087s
Iteration 19
time: 0.446014s
Iteration 20
time: 0.450850s
Iteration 21
time: 0.456209s
Iteration 22
time: 0.452337s
Iteration 23
time: 0.447270s
Iteration 24
time: 0.454970s
3: Starting numprocs=8 N=8000, M=8000 impl=g-rabenseifner-subgroup-8
7: Starting numprocs=8 N=8000, M=8000 impl=g-rabenseifner-subgroup-8
5: Starting numprocs=8 N=8000, M=8000 impl=g-rabenseifner-subgroup-8
4: Starting numprocs=8 N=8000, M=8000 impl=g-rabenseifner-subgroup-8
6: Starting numprocs=8 N=8000, M=8000 impl=g-rabenseifner-subgroup-8
0: Starting numprocs=8 N=8000, M=8000 impl=g-rabenseifner-subgroup-8
Iteration 0
2: Starting numprocs=8 N=8000, M=8000 impl=g-rabenseifner-subgroup-8
1: Starting numprocs=8 N=8000, M=8000 impl=g-rabenseifner-subgroup-8
time: 0.490408s
Iteration 1
time: 0.458951s
Iteration 2
time: 0.471480s
Iteration 3
time: 0.471518s
Iteration 4
time: 0.473955s
Iteration 5
time: 0.464844s
Iteration 6
time: 0.464499s
Iteration 7
time: 0.461120s
Iteration 8
time: 0.460088s
Iteration 9
time: 0.466490s
Iteration 10
time: 0.457388s
Iteration 11
time: 0.466595s
Iteration 12
time: 0.481389s
Iteration 13
time: 0.483786s
Iteration 14
time: 0.470825s
Iteration 15
time: 0.472776s
Iteration 16
time: 0.462805s
Iteration 17
time: 0.469260s
Iteration 18
time: 0.466318s
Iteration 19
time: 0.482419s
Iteration 20
time: 0.464053s
Iteration 21
time: 0.473828s
Iteration 22
time: 0.478051s
Iteration 23
time: 0.466317s
Iteration 24
time: 0.468959s
