5: Starting numprocs=8 N=1000, M=1000 impl=allgather
3: Starting numprocs=8 N=1000, M=1000 impl=allgather
4: Starting numprocs=8 N=1000, M=1000 impl=allgather
7: Starting numprocs=8 N=1000, M=1000 impl=allgather
1: Starting numprocs=8 N=1000, M=1000 impl=allgather
2: Starting numprocs=8 N=1000, M=1000 impl=allgather
6: Starting numprocs=8 N=1000, M=1000 impl=allgather
0: Starting numprocs=8 N=1000, M=1000 impl=allgather
Iteration 0
time: 0.014079s
Iteration 1
time: 0.008112s
Iteration 2
time: 0.008196s
Iteration 3
time: 0.008023s
Iteration 4
time: 0.007966s
Iteration 5
time: 0.008033s
Iteration 6
time: 0.008461s
Iteration 7
time: 0.007930s
Iteration 8
time: 0.007934s
Iteration 9
time: 0.007904s
Iteration 10
time: 0.007890s
Iteration 11
time: 0.007905s
Iteration 12
time: 0.007963s
Iteration 13
time: 0.007949s
Iteration 14
time: 0.008604s
Iteration 15
time: 0.008243s
Iteration 16
time: 0.008183s
Iteration 17
time: 0.008247s
Iteration 18
time: 0.008211s
Iteration 19
time: 0.008180s
Iteration 20
time: 0.007921s
Iteration 21
time: 0.007921s
Iteration 22
time: 0.007901s
Iteration 23
time: 0.007919s
Iteration 24
time: 0.008002s
5: Starting numprocs=8 N=1000, M=1000 impl=allreduce
3: Starting numprocs=8 N=1000, M=1000 impl=allreduce
7: Starting numprocs=8 N=1000, M=1000 impl=allreduce
0: Starting numprocs=8 N=1000, M=1000 impl=allreduce
Iteration 0
6: Starting numprocs=8 N=1000, M=1000 impl=allreduce
1: Starting numprocs=8 N=1000, M=1000 impl=allreduce
2: Starting numprocs=8 N=1000, M=1000 impl=allreduce
4: Starting numprocs=8 N=1000, M=1000 impl=allreduce
time: 0.024577s
Iteration 1
time: 0.020899s
Iteration 2
time: 0.016604s
Iteration 3
time: 0.015959s
Iteration 4
time: 0.016583s
Iteration 5
time: 0.016434s
Iteration 6
time: 0.016713s
Iteration 7
time: 0.016394s
Iteration 8
time: 0.016518s
Iteration 9
time: 0.016130s
Iteration 10
time: 0.016984s
Iteration 11
time: 0.015722s
Iteration 12
time: 0.015512s
Iteration 13
time: 0.015619s
Iteration 14
time: 0.016115s
Iteration 15
time: 0.016088s
Iteration 16
time: 0.015631s
Iteration 17
time: 0.015503s
Iteration 18
time: 0.015769s
Iteration 19
time: 0.015503s
Iteration 20
time: 0.015640s
Iteration 21
time: 0.015873s
Iteration 22
time: 0.016522s
Iteration 23
time: 0.016461s
Iteration 24
time: 0.015826s
5: Starting numprocs=8 N=1000, M=1000 impl=allreduce-ring
3: Starting numprocs=8 N=1000, M=1000 impl=allreduce-ring
4: Starting numprocs=8 N=1000, M=1000 impl=allreduce-ring
6: Starting numprocs=8 N=1000, M=1000 impl=allreduce-ring
1: Starting numprocs=8 N=1000, M=1000 impl=allreduce-ring
7: Starting numprocs=8 N=1000, M=1000 impl=allreduce-ring
0: Starting numprocs=8 N=1000, M=1000 impl=allreduce-ring
Iteration 0
2: Starting numprocs=8 N=1000, M=1000 impl=allreduce-ring
time: 0.018388s
Iteration 1
time: 0.014438s
Iteration 2
time: 0.013996s
Iteration 3
time: 0.013967s
Iteration 4
time: 0.014470s
Iteration 5
time: 0.014509s
Iteration 6
time: 0.014053s
Iteration 7
time: 0.014491s
Iteration 8
time: 0.014246s
Iteration 9
time: 0.013891s
Iteration 10
time: 0.014270s
Iteration 11
time: 0.014099s
Iteration 12
time: 0.014188s
Iteration 13
time: 0.014291s
Iteration 14
time: 0.013866s
Iteration 15
time: 0.014218s
Iteration 16
time: 0.013972s
Iteration 17
time: 0.014102s
Iteration 18
time: 0.014051s
Iteration 19
time: 0.014796s
Iteration 20
time: 0.013980s
Iteration 21
time: 0.013971s
Iteration 22
time: 0.013903s
Iteration 23
time: 0.013800s
Iteration 24
time: 0.014478s
5: Starting numprocs=8 N=1000, M=1000 impl=g-rabenseifner-allgather
3: Starting numprocs=8 N=1000, M=1000 impl=g-rabenseifner-allgather
1: Starting numprocs=8 N=1000, M=1000 impl=g-rabenseifner-allgather
4: Starting numprocs=8 N=1000, M=1000 impl=g-rabenseifner-allgather
6: Starting numprocs=8 N=1000, M=1000 impl=g-rabenseifner-allgather
7: Starting numprocs=8 N=1000, M=1000 impl=g-rabenseifner-allgather
2: Starting numprocs=8 N=1000, M=1000 impl=g-rabenseifner-allgather
0: Starting numprocs=8 N=1000, M=1000 impl=g-rabenseifner-allgather
Iteration 0
time: 0.016449s
Iteration 1
time: 0.007055s
Iteration 2
time: 0.007045s
Iteration 3
time: 0.007012s
Iteration 4
time: 0.007564s
Iteration 5
time: 0.007072s
Iteration 6
time: 0.007034s
Iteration 7
time: 0.007058s
Iteration 8
time: 0.007036s
Iteration 9
time: 0.007015s
Iteration 10
time: 0.007673s
Iteration 11
time: 0.007104s
Iteration 12
time: 0.007032s
Iteration 13
time: 0.007045s
Iteration 14
time: 0.007013s
Iteration 15
time: 0.007026s
Iteration 16
time: 0.007012s
Iteration 17
time: 0.007045s
Iteration 18
time: 0.007045s
Iteration 19
time: 0.007454s
Iteration 20
time: 0.007056s
Iteration 21
time: 0.007067s
Iteration 22
time: 0.007562s
Iteration 23
time: 0.007075s
Iteration 24
time: 0.007042s
5: Starting numprocs=8 N=1000, M=1000 impl=g-rabenseifner-subgroup-2
3: Starting numprocs=8 N=1000, M=1000 impl=g-rabenseifner-subgroup-2
4: Starting numprocs=8 N=1000, M=1000 impl=g-rabenseifner-subgroup-2
6: Starting numprocs=8 N=1000, M=1000 impl=g-rabenseifner-subgroup-2
7: Starting numprocs=8 N=1000, M=1000 impl=g-rabenseifner-subgroup-2
2: Starting numprocs=8 N=1000, M=1000 impl=g-rabenseifner-subgroup-2
1: Starting numprocs=8 N=1000, M=1000 impl=g-rabenseifner-subgroup-2
0: Starting numprocs=8 N=1000, M=1000 impl=g-rabenseifner-subgroup-2
Iteration 0
time: 0.023696s
Iteration 1
time: 0.007126s
Iteration 2
time: 0.007127s
Iteration 3
time: 0.007157s
Iteration 4
time: 0.007145s
Iteration 5
time: 0.007544s
Iteration 6
time: 0.007152s
Iteration 7
time: 0.007139s
Iteration 8
time: 0.007109s
Iteration 9
time: 0.007709s
Iteration 10
time: 0.007144s
Iteration 11
time: 0.007191s
Iteration 12
time: 0.007217s
Iteration 13
time: 0.007203s
Iteration 14
time: 0.007160s
Iteration 15
time: 0.007138s
Iteration 16
time: 0.007141s
Iteration 17
time: 0.007143s
Iteration 18
time: 0.007593s
Iteration 19
time: 0.007185s
Iteration 20
time: 0.007200s
Iteration 21
time: 0.007541s
Iteration 22
time: 0.007197s
Iteration 23
time: 0.007240s
Iteration 24
time: 0.007208s
7: Starting numprocs=8 N=1000, M=1000 impl=g-rabenseifner-subgroup-4
5: Starting numprocs=8 N=1000, M=1000 impl=g-rabenseifner-subgroup-4
6: Starting numprocs=8 N=1000, M=1000 impl=g-rabenseifner-subgroup-4
3: Starting numprocs=8 N=1000, M=1000 impl=g-rabenseifner-subgroup-4
1: Starting numprocs=8 N=1000, M=1000 impl=g-rabenseifner-subgroup-4
4: Starting numprocs=8 N=1000, M=1000 impl=g-rabenseifner-subgroup-4
2: Starting numprocs=8 N=1000, M=1000 impl=g-rabenseifner-subgroup-4
0: Starting numprocs=8 N=1000, M=1000 impl=g-rabenseifner-subgroup-4
Iteration 0
time: 0.019380s
Iteration 1
time: 0.007761s
Iteration 2
time: 0.007303s
Iteration 3
time: 0.007189s
Iteration 4
time: 0.007244s
Iteration 5
time: 0.007287s
Iteration 6
time: 0.007220s
Iteration 7
time: 0.007167s
Iteration 8
time: 0.007253s
Iteration 9
time: 0.007484s
Iteration 10
time: 0.007230s
Iteration 11
time: 0.007230s
Iteration 12
time: 0.007245s
Iteration 13
time: 0.007797s
Iteration 14
time: 0.007285s
Iteration 15
time: 0.007253s
Iteration 16
time: 0.007248s
Iteration 17
time: 0.007270s
Iteration 18
time: 0.007271s
Iteration 19
time: 0.007237s
Iteration 20
time: 0.007211s
Iteration 21
time: 0.007269s
Iteration 22
time: 0.007278s
Iteration 23
time: 0.007289s
Iteration 24
time: 0.007734s
5: Starting numprocs=8 N=1000, M=1000 impl=g-rabenseifner-subgroup-8
3: Starting numprocs=8 N=1000, M=1000 impl=g-rabenseifner-subgroup-8
4: Starting numprocs=8 N=1000, M=1000 impl=g-rabenseifner-subgroup-8
1: Starting numprocs=8 N=1000, M=1000 impl=g-rabenseifner-subgroup-8
7: Starting numprocs=8 N=1000, M=1000 impl=g-rabenseifner-subgroup-8
2: Starting numprocs=8 N=1000, M=1000 impl=g-rabenseifner-subgroup-8
6: Starting numprocs=8 N=1000, M=1000 impl=g-rabenseifner-subgroup-8
0: Starting numprocs=8 N=1000, M=1000 impl=g-rabenseifner-subgroup-8
Iteration 0
time: 0.021646s
Iteration 1
time: 0.007449s
Iteration 2
time: 0.007428s
Iteration 3
time: 0.007503s
Iteration 4
time: 0.007468s
Iteration 5
time: 0.007427s
Iteration 6
time: 0.007448s
Iteration 7
time: 0.007458s
Iteration 8
time: 0.007506s
Iteration 9
time: 0.007503s
Iteration 10
time: 0.007498s
Iteration 11
time: 0.007511s
Iteration 12
time: 0.007474s
Iteration 13
time: 0.007464s
Iteration 14
time: 0.007415s
Iteration 15
time: 0.007979s
Iteration 16
time: 0.007539s
Iteration 17
time: 0.007486s
Iteration 18
time: 0.007474s
Iteration 19
time: 0.008001s
Iteration 20
time: 0.007429s
Iteration 21
time: 0.007408s
Iteration 22
time: 0.007415s
Iteration 23
time: 0.007498s
Iteration 24
time: 0.007487s
5: Starting numprocs=8 N=2000, M=2000 impl=allgather
6: Starting numprocs=8 N=2000, M=2000 impl=allgather
3: Starting numprocs=8 N=2000, M=2000 impl=allgather
1: Starting numprocs=8 N=2000, M=2000 impl=allgather
4: Starting numprocs=8 N=2000, M=2000 impl=allgather
7: Starting numprocs=8 N=2000, M=2000 impl=allgather
0: Starting numprocs=8 N=2000, M=2000 impl=allgather
Iteration 0
2: Starting numprocs=8 N=2000, M=2000 impl=allgather
time: 0.049760s
Iteration 1
time: 0.031628s
Iteration 2
time: 0.032088s
Iteration 3
time: 0.032233s
Iteration 4
time: 0.031420s
Iteration 5
time: 0.031914s
Iteration 6
time: 0.032771s
Iteration 7
time: 0.033162s
Iteration 8
time: 0.035136s
Iteration 9
time: 0.032681s
Iteration 10
time: 0.033771s
Iteration 11
time: 0.037117s
Iteration 12
time: 0.033956s
Iteration 13
time: 0.033079s
Iteration 14
time: 0.034241s
Iteration 15
time: 0.032028s
Iteration 16
time: 0.033928s
Iteration 17
time: 0.033754s
Iteration 18
time: 0.031810s
Iteration 19
time: 0.032554s
Iteration 20
time: 0.033295s
Iteration 21
time: 0.033421s
Iteration 22
time: 0.032166s
Iteration 23
time: 0.032199s
Iteration 24
time: 0.033804s
7: Starting numprocs=8 N=2000, M=2000 impl=allreduce
3: Starting numprocs=8 N=2000, M=2000 impl=allreduce
5: Starting numprocs=8 N=2000, M=2000 impl=allreduce
4: Starting numprocs=8 N=2000, M=2000 impl=allreduce
6: Starting numprocs=8 N=2000, M=2000 impl=allreduce
1: Starting numprocs=8 N=2000, M=2000 impl=allreduce
2: Starting numprocs=8 N=2000, M=2000 impl=allreduce
0: Starting numprocs=8 N=2000, M=2000 impl=allreduce
Iteration 0
time: 0.099397s
Iteration 1
time: 0.079249s
Iteration 2
time: 0.074050s
Iteration 3
time: 0.064737s
Iteration 4
time: 0.070379s
Iteration 5
time: 0.070417s
Iteration 6
time: 0.066442s
Iteration 7
time: 0.067676s
Iteration 8
time: 0.069598s
Iteration 9
time: 0.068661s
Iteration 10
time: 0.066203s
Iteration 11
time: 0.067076s
Iteration 12
time: 0.064145s
Iteration 13
time: 0.065351s
Iteration 14
time: 0.066174s
Iteration 15
time: 0.069687s
Iteration 16
time: 0.069210s
Iteration 17
time: 0.069871s
Iteration 18
time: 0.065948s
Iteration 19
time: 0.066012s
Iteration 20
time: 0.066436s
Iteration 21
time: 0.065383s
Iteration 22
time: 0.066256s
Iteration 23
time: 0.067338s
Iteration 24
time: 0.067596s
5: Starting numprocs=8 N=2000, M=2000 impl=allreduce-ring
3: Starting numprocs=8 N=2000, M=2000 impl=allreduce-ring
6: Starting numprocs=8 N=2000, M=2000 impl=allreduce-ring
4: Starting numprocs=8 N=2000, M=2000 impl=allreduce-ring
7: Starting numprocs=8 N=2000, M=2000 impl=allreduce-ring
1: Starting numprocs=8 N=2000, M=2000 impl=allreduce-ring
2: Starting numprocs=8 N=2000, M=2000 impl=allreduce-ring
0: Starting numprocs=8 N=2000, M=2000 impl=allreduce-ring
Iteration 0
time: 0.067839s
Iteration 1
time: 0.055612s
Iteration 2
time: 0.056168s
Iteration 3
time: 0.054772s
Iteration 4
time: 0.056559s
Iteration 5
time: 0.055125s
Iteration 6
time: 0.057665s
Iteration 7
time: 0.055468s
Iteration 8
time: 0.055018s
Iteration 9
time: 0.055360s
Iteration 10
time: 0.055447s
Iteration 11
time: 0.055036s
Iteration 12
time: 0.055068s
Iteration 13
time: 0.054771s
Iteration 14
time: 0.054074s
Iteration 15
time: 0.055705s
Iteration 16
time: 0.054627s
Iteration 17
time: 0.054052s
Iteration 18
time: 0.055037s
Iteration 19
time: 0.055239s
Iteration 20
time: 0.055837s
Iteration 21
time: 0.055891s
Iteration 22
time: 0.055395s
Iteration 23
time: 0.055296s
Iteration 24
time: 0.055734s
5: Starting numprocs=8 N=2000, M=2000 impl=g-rabenseifner-allgather
3: Starting numprocs=8 N=2000, M=2000 impl=g-rabenseifner-allgather
4: Starting numprocs=8 N=2000, M=2000 impl=g-rabenseifner-allgather
7: Starting numprocs=8 N=2000, M=2000 impl=g-rabenseifner-allgather
6: Starting numprocs=8 N=2000, M=2000 impl=g-rabenseifner-allgather
1: Starting numprocs=8 N=2000, M=2000 impl=g-rabenseifner-allgather
0: Starting numprocs=8 N=2000, M=2000 impl=g-rabenseifner-allgather
Iteration 0
2: Starting numprocs=8 N=2000, M=2000 impl=g-rabenseifner-allgather
time: 0.037394s
Iteration 1
time: 0.027933s
Iteration 2
time: 0.027730s
Iteration 3
time: 0.027835s
Iteration 4
time: 0.027492s
Iteration 5
time: 0.027717s
Iteration 6
time: 0.027755s
Iteration 7
time: 0.027482s
Iteration 8
time: 0.027618s
Iteration 9
time: 0.027503s
Iteration 10
time: 0.027795s
Iteration 11
time: 0.027521s
Iteration 12
time: 0.027453s
Iteration 13
time: 0.028521s
Iteration 14
time: 0.027573s
Iteration 15
time: 0.027930s
Iteration 16
time: 0.027500s
Iteration 17
time: 0.027559s
Iteration 18
time: 0.027519s
Iteration 19
time: 0.027982s
Iteration 20
time: 0.027458s
Iteration 21
time: 0.027454s
Iteration 22
time: 0.027471s
Iteration 23
time: 0.028454s
Iteration 24
time: 0.027482s
7: Starting numprocs=8 N=2000, M=2000 impl=g-rabenseifner-subgroup-2
3: Starting numprocs=8 N=2000, M=2000 impl=g-rabenseifner-subgroup-2
6: Starting numprocs=8 N=2000, M=2000 impl=g-rabenseifner-subgroup-2
5: Starting numprocs=8 N=2000, M=2000 impl=g-rabenseifner-subgroup-2
1: Starting numprocs=8 N=2000, M=2000 impl=g-rabenseifner-subgroup-2
4: Starting numprocs=8 N=2000, M=2000 impl=g-rabenseifner-subgroup-2
2: Starting numprocs=8 N=2000, M=2000 impl=g-rabenseifner-subgroup-2
0: Starting numprocs=8 N=2000, M=2000 impl=g-rabenseifner-subgroup-2
Iteration 0
time: 0.046761s
Iteration 1
time: 0.028003s
Iteration 2
time: 0.027955s
Iteration 3
time: 0.028657s
Iteration 4
time: 0.028115s
Iteration 5
time: 0.027886s
Iteration 6
time: 0.028060s
Iteration 7
time: 0.028134s
Iteration 8
time: 0.028197s
Iteration 9
time: 0.028314s
Iteration 10
time: 0.027654s
Iteration 11
time: 0.027761s
Iteration 12
time: 0.028164s
Iteration 13
time: 0.027947s
Iteration 14
time: 0.028171s
Iteration 15
time: 0.027727s
Iteration 16
time: 0.028095s
Iteration 17
time: 0.028225s
Iteration 18
time: 0.028167s
Iteration 19
time: 0.027797s
Iteration 20
time: 0.027719s
Iteration 21
time: 0.028021s
Iteration 22
time: 0.028023s
Iteration 23
time: 0.028048s
Iteration 24
time: 0.027793s
5: Starting numprocs=8 N=2000, M=2000 impl=g-rabenseifner-subgroup-4
6: Starting numprocs=8 N=2000, M=2000 impl=g-rabenseifner-subgroup-4
3: Starting numprocs=8 N=2000, M=2000 impl=g-rabenseifner-subgroup-4
1: Starting numprocs=8 N=2000, M=2000 impl=g-rabenseifner-subgroup-4
4: Starting numprocs=8 N=2000, M=2000 impl=g-rabenseifner-subgroup-4
7: Starting numprocs=8 N=2000, M=2000 impl=g-rabenseifner-subgroup-4
0: Starting numprocs=8 N=2000, M=2000 impl=g-rabenseifner-subgroup-4
Iteration 0
2: Starting numprocs=8 N=2000, M=2000 impl=g-rabenseifner-subgroup-4
time: 0.047641s
Iteration 1
time: 0.030281s
Iteration 2
time: 0.029302s
Iteration 3
time: 0.028741s
Iteration 4
time: 0.029012s
Iteration 5
time: 0.029198s
Iteration 6
time: 0.028952s
Iteration 7
time: 0.028859s
Iteration 8
time: 0.028309s
Iteration 9
time: 0.028266s
Iteration 10
time: 0.028280s
Iteration 11
time: 0.028194s
Iteration 12
time: 0.028678s
Iteration 13
time: 0.028197s
Iteration 14
time: 0.028967s
Iteration 15
time: 0.028878s
Iteration 16
time: 0.028193s
Iteration 17
time: 0.028236s
Iteration 18
time: 0.028285s
Iteration 19
time: 0.028365s
Iteration 20
time: 0.028114s
Iteration 21
time: 0.027928s
Iteration 22
time: 0.028191s
Iteration 23
time: 0.028315s
Iteration 24
time: 0.028586s
5: Starting numprocs=8 N=2000, M=2000 impl=g-rabenseifner-subgroup-8
3: Starting numprocs=8 N=2000, M=2000 impl=g-rabenseifner-subgroup-8
7: Starting numprocs=8 N=2000, M=2000 impl=g-rabenseifner-subgroup-8
1: Starting numprocs=8 N=2000, M=2000 impl=g-rabenseifner-subgroup-8
4: Starting numprocs=8 N=2000, M=2000 impl=g-rabenseifner-subgroup-8
6: Starting numprocs=8 N=2000, M=2000 impl=g-rabenseifner-subgroup-8
2: Starting numprocs=8 N=2000, M=2000 impl=g-rabenseifner-subgroup-8
0: Starting numprocs=8 N=2000, M=2000 impl=g-rabenseifner-subgroup-8
Iteration 0
time: 0.041990s
Iteration 1
time: 0.030465s
Iteration 2
time: 0.032225s
Iteration 3
time: 0.030264s
Iteration 4
time: 0.029475s
Iteration 5
time: 0.029612s
Iteration 6
time: 0.030055s
Iteration 7
time: 0.030193s
Iteration 8
time: 0.030173s
Iteration 9
time: 0.029356s
Iteration 10
time: 0.029814s
Iteration 11
time: 0.030540s
Iteration 12
time: 0.029423s
Iteration 13
time: 0.030836s
Iteration 14
time: 0.030001s
Iteration 15
time: 0.029569s
Iteration 16
time: 0.029418s
Iteration 17
time: 0.029345s
Iteration 18
time: 0.030033s
Iteration 19
time: 0.030387s
Iteration 20
time: 0.029811s
Iteration 21
time: 0.029070s
Iteration 22
time: 0.030308s
Iteration 23
time: 0.029471s
Iteration 24
time: 0.030518s
5: Starting numprocs=8 N=3000, M=3000 impl=allgather
3: Starting numprocs=8 N=3000, M=3000 impl=allgather
7: Starting numprocs=8 N=3000, M=3000 impl=allgather
6: Starting numprocs=8 N=3000, M=3000 impl=allgather
4: Starting numprocs=8 N=3000, M=3000 impl=allgather
1: Starting numprocs=8 N=3000, M=3000 impl=allgather
2: Starting numprocs=8 N=3000, M=3000 impl=allgather
0: Starting numprocs=8 N=3000, M=3000 impl=allgather
Iteration 0
time: 0.104949s
Iteration 1
time: 0.082163s
Iteration 2
time: 0.074347s
Iteration 3
time: 0.080406s
Iteration 4
time: 0.076300s
Iteration 5
time: 0.083074s
Iteration 6
time: 0.091250s
Iteration 7
time: 0.093824s
Iteration 8
time: 0.086985s
Iteration 9
time: 0.082374s
Iteration 10
time: 0.078020s
Iteration 11
time: 0.088028s
Iteration 12
time: 0.097464s
Iteration 13
time: 0.091591s
Iteration 14
time: 0.086273s
Iteration 15
time: 0.086704s
Iteration 16
time: 0.082745s
Iteration 17
time: 0.084665s
Iteration 18
time: 0.075675s
Iteration 19
time: 0.082263s
Iteration 20
time: 0.085863s
Iteration 21
time: 0.089490s
Iteration 22
time: 0.089803s
Iteration 23
time: 0.099436s
Iteration 24
time: 0.084944s
5: Starting numprocs=8 N=3000, M=3000 impl=allreduce
6: Starting numprocs=8 N=3000, M=3000 impl=allreduce
3: Starting numprocs=8 N=3000, M=3000 impl=allreduce
7: Starting numprocs=8 N=3000, M=3000 impl=allreduce
1: Starting numprocs=8 N=3000, M=3000 impl=allreduce
4: Starting numprocs=8 N=3000, M=3000 impl=allreduce
0: Starting numprocs=8 N=3000, M=3000 impl=allreduce
Iteration 0
2: Starting numprocs=8 N=3000, M=3000 impl=allreduce
time: 0.211221s
Iteration 1
time: 0.195040s
Iteration 2
time: 0.192702s
Iteration 3
time: 0.188902s
Iteration 4
time: 0.194770s
Iteration 5
time: 0.189825s
Iteration 6
time: 0.195244s
Iteration 7
time: 0.194242s
Iteration 8
time: 0.198447s
Iteration 9
time: 0.199894s
Iteration 10
time: 0.194617s
Iteration 11
time: 0.195459s
Iteration 12
time: 0.192546s
Iteration 13
time: 0.192160s
Iteration 14
time: 0.196324s
Iteration 15
time: 0.195197s
Iteration 16
time: 0.197890s
Iteration 17
time: 0.200025s
Iteration 18
time: 0.197403s
Iteration 19
time: 0.198473s
Iteration 20
time: 0.186930s
Iteration 21
time: 0.182396s
Iteration 22
time: 0.188619s
Iteration 23
time: 0.188130s
Iteration 24
time: 0.188658s
5: Starting numprocs=8 N=3000, M=3000 impl=allreduce-ring
3: Starting numprocs=8 N=3000, M=3000 impl=allreduce-ring
6: Starting numprocs=8 N=3000, M=3000 impl=allreduce-ring
4: Starting numprocs=8 N=3000, M=3000 impl=allreduce-ring
0: Starting numprocs=8 N=3000, M=3000 impl=allreduce-ring
Iteration 0
1: Starting numprocs=8 N=3000, M=3000 impl=allreduce-ring
7: Starting numprocs=8 N=3000, M=3000 impl=allreduce-ring
2: Starting numprocs=8 N=3000, M=3000 impl=allreduce-ring
time: 0.141613s
Iteration 1
time: 0.126321s
Iteration 2
time: 0.125894s
Iteration 3
time: 0.127862s
Iteration 4
time: 0.124395s
Iteration 5
time: 0.128852s
Iteration 6
time: 0.128840s
Iteration 7
time: 0.127725s
Iteration 8
time: 0.128292s
Iteration 9
time: 0.128861s
Iteration 10
time: 0.129141s
Iteration 11
time: 0.128357s
Iteration 12
time: 0.122778s
Iteration 13
time: 0.125451s
Iteration 14
time: 0.124140s
Iteration 15
time: 0.123594s
Iteration 16
time: 0.126059s
Iteration 17
time: 0.133515s
Iteration 18
time: 0.128428s
Iteration 19
time: 0.128439s
Iteration 20
time: 0.132562s
Iteration 21
time: 0.127905s
Iteration 22
time: 0.124116s
Iteration 23
time: 0.126079s
Iteration 24
time: 0.128748s
5: Starting numprocs=8 N=3000, M=3000 impl=g-rabenseifner-allgather
3: Starting numprocs=8 N=3000, M=3000 impl=g-rabenseifner-allgather
6: Starting numprocs=8 N=3000, M=3000 impl=g-rabenseifner-allgather
4: Starting numprocs=8 N=3000, M=3000 impl=g-rabenseifner-allgather
7: Starting numprocs=8 N=3000, M=3000 impl=g-rabenseifner-allgather
1: Starting numprocs=8 N=3000, M=3000 impl=g-rabenseifner-allgather
2: Starting numprocs=8 N=3000, M=3000 impl=g-rabenseifner-allgather
0: Starting numprocs=8 N=3000, M=3000 impl=g-rabenseifner-allgather
Iteration 0
time: 0.079681s
Iteration 1
time: 0.062615s
Iteration 2
time: 0.061568s
Iteration 3
time: 0.061507s
Iteration 4
time: 0.062229s
Iteration 5
time: 0.061366s
Iteration 6
time: 0.062085s
Iteration 7
time: 0.061732s
Iteration 8
time: 0.062248s
Iteration 9
time: 0.061425s
Iteration 10
time: 0.061569s
Iteration 11
time: 0.061644s
Iteration 12
time: 0.061666s
Iteration 13
time: 0.061879s
Iteration 14
time: 0.061616s
Iteration 15
time: 0.061561s
Iteration 16
time: 0.061593s
Iteration 17
time: 0.061942s
Iteration 18
time: 0.063412s
Iteration 19
time: 0.061558s
Iteration 20
time: 0.061532s
Iteration 21
time: 0.061480s
Iteration 22
time: 0.061748s
Iteration 23
time: 0.061735s
Iteration 24
time: 0.062309s
7: Starting numprocs=8 N=3000, M=3000 impl=g-rabenseifner-subgroup-2
5: Starting numprocs=8 N=3000, M=3000 impl=g-rabenseifner-subgroup-2
3: Starting numprocs=8 N=3000, M=3000 impl=g-rabenseifner-subgroup-2
6: Starting numprocs=8 N=3000, M=3000 impl=g-rabenseifner-subgroup-2
4: Starting numprocs=8 N=3000, M=3000 impl=g-rabenseifner-subgroup-2
1: Starting numprocs=8 N=3000, M=3000 impl=g-rabenseifner-subgroup-2
0: Starting numprocs=8 N=3000, M=3000 impl=g-rabenseifner-subgroup-2
Iteration 0
2: Starting numprocs=8 N=3000, M=3000 impl=g-rabenseifner-subgroup-2
time: 0.085349s
Iteration 1
time: 0.062674s
Iteration 2
time: 0.063322s
Iteration 3
time: 0.063068s
Iteration 4
time: 0.063295s
Iteration 5
time: 0.063088s
Iteration 6
time: 0.063340s
Iteration 7
time: 0.063265s
Iteration 8
time: 0.063268s
Iteration 9
time: 0.063410s
Iteration 10
time: 0.062672s
Iteration 11
time: 0.064708s
Iteration 12
time: 0.063905s
Iteration 13
time: 0.062750s
Iteration 14
time: 0.062692s
Iteration 15
time: 0.062454s
Iteration 16
time: 0.062948s
Iteration 17
time: 0.062637s
Iteration 18
time: 0.062510s
Iteration 19
time: 0.063032s
Iteration 20
time: 0.062985s
Iteration 21
time: 0.062831s
Iteration 22
time: 0.062191s
Iteration 23
time: 0.062345s
Iteration 24
time: 0.062913s
5: Starting numprocs=8 N=3000, M=3000 impl=g-rabenseifner-subgroup-4
3: Starting numprocs=8 N=3000, M=3000 impl=g-rabenseifner-subgroup-4
7: Starting numprocs=8 N=3000, M=3000 impl=g-rabenseifner-subgroup-4
1: Starting numprocs=8 N=3000, M=3000 impl=g-rabenseifner-subgroup-4
4: Starting numprocs=8 N=3000, M=3000 impl=g-rabenseifner-subgroup-4
6: Starting numprocs=8 N=3000, M=3000 impl=g-rabenseifner-subgroup-4
0: Starting numprocs=8 N=3000, M=3000 impl=g-rabenseifner-subgroup-4
Iteration 0
2: Starting numprocs=8 N=3000, M=3000 impl=g-rabenseifner-subgroup-4
time: 0.077181s
Iteration 1
time: 0.064832s
Iteration 2
time: 0.065090s
Iteration 3
time: 0.065771s
Iteration 4
time: 0.064829s
Iteration 5
time: 0.064574s
Iteration 6
time: 0.066208s
Iteration 7
time: 0.064391s
Iteration 8
time: 0.067461s
Iteration 9
time: 0.064475s
Iteration 10
time: 0.065103s
Iteration 11
time: 0.065706s
Iteration 12
time: 0.064023s
Iteration 13
time: 0.067606s
Iteration 14
time: 0.064427s
Iteration 15
time: 0.065035s
Iteration 16
time: 0.065082s
Iteration 17
time: 0.064139s
Iteration 18
time: 0.063407s
Iteration 19
time: 0.064603s
Iteration 20
time: 0.064201s
Iteration 21
time: 0.065186s
Iteration 22
time: 0.064280s
Iteration 23
time: 0.064129s
Iteration 24
time: 0.064587s
5: Starting numprocs=8 N=3000, M=3000 impl=g-rabenseifner-subgroup-8
3: Starting numprocs=8 N=3000, M=3000 impl=g-rabenseifner-subgroup-8
7: Starting numprocs=8 N=3000, M=3000 impl=g-rabenseifner-subgroup-8
1: Starting numprocs=8 N=3000, M=3000 impl=g-rabenseifner-subgroup-8
4: Starting numprocs=8 N=3000, M=3000 impl=g-rabenseifner-subgroup-8
6: Starting numprocs=8 N=3000, M=3000 impl=g-rabenseifner-subgroup-8
0: Starting numprocs=8 N=3000, M=3000 impl=g-rabenseifner-subgroup-8
Iteration 0
2: Starting numprocs=8 N=3000, M=3000 impl=g-rabenseifner-subgroup-8
time: 0.080748s
Iteration 1
time: 0.067934s
Iteration 2
time: 0.067517s
Iteration 3
time: 0.066683s
Iteration 4
time: 0.069184s
Iteration 5
time: 0.067904s
Iteration 6
time: 0.069364s
Iteration 7
time: 0.070769s
Iteration 8
time: 0.069013s
Iteration 9
time: 0.071242s
Iteration 10
time: 0.070799s
Iteration 11
time: 0.071348s
Iteration 12
time: 0.068931s
Iteration 13
time: 0.071852s
Iteration 14
time: 0.068806s
Iteration 15
time: 0.070241s
Iteration 16
time: 0.072098s
Iteration 17
time: 0.073984s
Iteration 18
time: 0.068549s
Iteration 19
time: 0.068882s
Iteration 20
time: 0.068816s
Iteration 21
time: 0.069881s
Iteration 22
time: 0.068521s
Iteration 23
time: 0.072858s
Iteration 24
time: 0.068983s
5: Starting numprocs=8 N=4000, M=4000 impl=allgather
3: Starting numprocs=8 N=4000, M=4000 impl=allgather
6: Starting numprocs=8 N=4000, M=4000 impl=allgather
7: Starting numprocs=8 N=4000, M=4000 impl=allgather
4: Starting numprocs=8 N=4000, M=4000 impl=allgather
1: Starting numprocs=8 N=4000, M=4000 impl=allgather
0: Starting numprocs=8 N=4000, M=4000 impl=allgather
Iteration 0
2: Starting numprocs=8 N=4000, M=4000 impl=allgather
time: 0.201112s
Iteration 1
time: 0.154644s
Iteration 2
time: 0.153874s
Iteration 3
time: 0.158987s
Iteration 4
time: 0.175152s
Iteration 5
time: 0.173742s
Iteration 6
time: 0.166262s
Iteration 7
time: 0.179682s
Iteration 8
time: 0.168919s
Iteration 9
time: 0.166861s
Iteration 10
time: 0.160298s
Iteration 11
time: 0.159116s
Iteration 12
time: 0.169016s
Iteration 13
time: 0.176460s
Iteration 14
time: 0.187348s
Iteration 15
time: 0.174090s
Iteration 16
time: 0.156405s
Iteration 17
time: 0.157228s
Iteration 18
time: 0.155989s
Iteration 19
time: 0.178777s
Iteration 20
time: 0.170907s
Iteration 21
time: 0.161117s
Iteration 22
time: 0.185536s
Iteration 23
time: 0.177219s
Iteration 24
time: 0.176974s
3: Starting numprocs=8 N=4000, M=4000 impl=allreduce
5: Starting numprocs=8 N=4000, M=4000 impl=allreduce
6: Starting numprocs=8 N=4000, M=4000 impl=allreduce
7: Starting numprocs=8 N=4000, M=4000 impl=allreduce
4: Starting numprocs=8 N=4000, M=4000 impl=allreduce
1: Starting numprocs=8 N=4000, M=4000 impl=allreduce
0: Starting numprocs=8 N=4000, M=4000 impl=allreduce
Iteration 0
2: Starting numprocs=8 N=4000, M=4000 impl=allreduce
time: 0.385308s
Iteration 1
time: 0.340673s
Iteration 2
time: 0.358520s
Iteration 3
time: 0.349777s
Iteration 4
time: 0.348282s
Iteration 5
time: 0.346948s
Iteration 6
time: 0.335944s
Iteration 7
time: 0.350413s
Iteration 8
time: 0.346279s
Iteration 9
time: 0.340221s
Iteration 10
time: 0.340219s
Iteration 11
time: 0.345004s
Iteration 12
time: 0.345874s
Iteration 13
time: 0.344042s
Iteration 14
time: 0.352741s
Iteration 15
time: 0.336182s
Iteration 16
time: 0.341296s
Iteration 17
time: 0.343628s
Iteration 18
time: 0.358235s
Iteration 19
time: 0.353931s
Iteration 20
time: 0.338771s
Iteration 21
time: 0.338131s
Iteration 22
time: 0.340574s
Iteration 23
time: 0.338658s
Iteration 24
time: 0.340097s
5: Starting numprocs=8 N=4000, M=4000 impl=allreduce-ring
3: Starting numprocs=8 N=4000, M=4000 impl=allreduce-ring
7: Starting numprocs=8 N=4000, M=4000 impl=allreduce-ring
6: Starting numprocs=8 N=4000, M=4000 impl=allreduce-ring
4: Starting numprocs=8 N=4000, M=4000 impl=allreduce-ring
1: Starting numprocs=8 N=4000, M=4000 impl=allreduce-ring
0: Starting numprocs=8 N=4000, M=4000 impl=allreduce-ring
Iteration 0
2: Starting numprocs=8 N=4000, M=4000 impl=allreduce-ring
time: 0.253831s
Iteration 1
time: 0.234626s
Iteration 2
time: 0.233143s
Iteration 3
time: 0.225601s
Iteration 4
time: 0.227314s
Iteration 5
time: 0.227523s
Iteration 6
time: 0.230231s
Iteration 7
time: 0.233043s
Iteration 8
time: 0.236474s
Iteration 9
time: 0.223287s
Iteration 10
time: 0.228893s
Iteration 11
time: 0.229668s
Iteration 12
time: 0.231627s
Iteration 13
time: 0.222303s
Iteration 14
time: 0.227491s
Iteration 15
time: 0.231187s
Iteration 16
time: 0.231987s
Iteration 17
time: 0.227654s
Iteration 18
time: 0.231776s
Iteration 19
time: 0.224707s
Iteration 20
time: 0.231209s
Iteration 21
time: 0.229553s
Iteration 22
time: 0.232140s
Iteration 23
time: 0.235648s
Iteration 24
time: 0.226229s
5: Starting numprocs=8 N=4000, M=4000 impl=g-rabenseifner-allgather
6: Starting numprocs=8 N=4000, M=4000 impl=g-rabenseifner-allgather
3: Starting numprocs=8 N=4000, M=4000 impl=g-rabenseifner-allgather
4: Starting numprocs=8 N=4000, M=4000 impl=g-rabenseifner-allgather
1: Starting numprocs=8 N=4000, M=4000 impl=g-rabenseifner-allgather
7: Starting numprocs=8 N=4000, M=4000 impl=g-rabenseifner-allgather
0: Starting numprocs=8 N=4000, M=4000 impl=g-rabenseifner-allgather
Iteration 0
2: Starting numprocs=8 N=4000, M=4000 impl=g-rabenseifner-allgather
time: 0.127505s
Iteration 1
time: 0.109342s
Iteration 2
time: 0.109758s
Iteration 3
time: 0.109199s
Iteration 4
time: 0.109303s
Iteration 5
time: 0.108934s
Iteration 6
time: 0.109457s
Iteration 7
time: 0.108739s
Iteration 8
time: 0.108943s
Iteration 9
time: 0.109062s
Iteration 10
time: 0.109184s
Iteration 11
time: 0.115631s
Iteration 12
time: 0.116227s
Iteration 13
time: 0.109010s
Iteration 14
time: 0.111301s
Iteration 15
time: 0.109938s
Iteration 16
time: 0.109498s
Iteration 17
time: 0.110147s
Iteration 18
time: 0.109255s
Iteration 19
time: 0.111087s
Iteration 20
time: 0.109034s
Iteration 21
time: 0.109063s
Iteration 22
time: 0.108973s
Iteration 23
time: 0.109424s
Iteration 24
time: 0.110339s
5: Starting numprocs=8 N=4000, M=4000 impl=g-rabenseifner-subgroup-2
7: Starting numprocs=8 N=4000, M=4000 impl=g-rabenseifner-subgroup-2
3: Starting numprocs=8 N=4000, M=4000 impl=g-rabenseifner-subgroup-2
6: Starting numprocs=8 N=4000, M=4000 impl=g-rabenseifner-subgroup-2
4: Starting numprocs=8 N=4000, M=4000 impl=g-rabenseifner-subgroup-2
1: Starting numprocs=8 N=4000, M=4000 impl=g-rabenseifner-subgroup-2
0: Starting numprocs=8 N=4000, M=4000 impl=g-rabenseifner-subgroup-2
Iteration 0
2: Starting numprocs=8 N=4000, M=4000 impl=g-rabenseifner-subgroup-2
time: 0.144096s
Iteration 1
time: 0.111326s
Iteration 2
time: 0.111104s
Iteration 3
time: 0.111403s
Iteration 4
time: 0.111322s
Iteration 5
time: 0.113593s
Iteration 6
time: 0.112048s
Iteration 7
time: 0.112120s
Iteration 8
time: 0.111489s
Iteration 9
time: 0.111612s
Iteration 10
time: 0.112986s
Iteration 11
time: 0.111307s
Iteration 12
time: 0.111412s
Iteration 13
time: 0.112059s
Iteration 14
time: 0.111798s
Iteration 15
time: 0.113003s
Iteration 16
time: 0.111442s
Iteration 17
time: 0.113069s
Iteration 18
time: 0.111949s
Iteration 19
time: 0.113525s
Iteration 20
time: 0.111914s
Iteration 21
time: 0.111521s
Iteration 22
time: 0.110380s
Iteration 23
time: 0.111220s
Iteration 24
time: 0.112348s
5: Starting numprocs=8 N=4000, M=4000 impl=g-rabenseifner-subgroup-4
6: Starting numprocs=8 N=4000, M=4000 impl=g-rabenseifner-subgroup-4
3: Starting numprocs=8 N=4000, M=4000 impl=g-rabenseifner-subgroup-4
7: Starting numprocs=8 N=4000, M=4000 impl=g-rabenseifner-subgroup-4
4: Starting numprocs=8 N=4000, M=4000 impl=g-rabenseifner-subgroup-4
1: Starting numprocs=8 N=4000, M=4000 impl=g-rabenseifner-subgroup-4
0: Starting numprocs=8 N=4000, M=4000 impl=g-rabenseifner-subgroup-4
Iteration 0
2: Starting numprocs=8 N=4000, M=4000 impl=g-rabenseifner-subgroup-4
time: 0.173995s
Iteration 1
time: 0.113491s
Iteration 2
time: 0.116324s
Iteration 3
time: 0.116544s
Iteration 4
time: 0.114759s
Iteration 5
time: 0.115248s
Iteration 6
time: 0.115259s
Iteration 7
time: 0.114763s
Iteration 8
time: 0.116257s
Iteration 9
time: 0.116070s
Iteration 10
time: 0.117124s
Iteration 11
time: 0.111976s
Iteration 12
time: 0.113554s
Iteration 13
time: 0.114505s
Iteration 14
time: 0.116411s
Iteration 15
time: 0.115348s
Iteration 16
time: 0.114154s
Iteration 17
time: 0.115897s
Iteration 18
time: 0.114374s
Iteration 19
time: 0.114940s
Iteration 20
time: 0.119782s
Iteration 21
time: 0.119155s
Iteration 22
time: 0.115674s
Iteration 23
time: 0.115441s
Iteration 24
time: 0.114851s
5: Starting numprocs=8 N=4000, M=4000 impl=g-rabenseifner-subgroup-8
3: Starting numprocs=8 N=4000, M=4000 impl=g-rabenseifner-subgroup-8
7: Starting numprocs=8 N=4000, M=4000 impl=g-rabenseifner-subgroup-8
4: Starting numprocs=8 N=4000, M=4000 impl=g-rabenseifner-subgroup-8
1: Starting numprocs=8 N=4000, M=4000 impl=g-rabenseifner-subgroup-8
6: Starting numprocs=8 N=4000, M=4000 impl=g-rabenseifner-subgroup-8
0: Starting numprocs=8 N=4000, M=4000 impl=g-rabenseifner-subgroup-8
Iteration 0
2: Starting numprocs=8 N=4000, M=4000 impl=g-rabenseifner-subgroup-8
time: 0.138462s
Iteration 1
time: 0.129578s
Iteration 2
time: 0.125192s
Iteration 3
time: 0.120665s
Iteration 4
time: 0.122649s
Iteration 5
time: 0.122440s
Iteration 6
time: 0.124894s
Iteration 7
time: 0.124208s
Iteration 8
time: 0.126339s
Iteration 9
time: 0.121956s
Iteration 10
time: 0.123930s
Iteration 11
time: 0.130379s
Iteration 12
time: 0.125671s
Iteration 13
time: 0.122512s
Iteration 14
time: 0.123518s
Iteration 15
time: 0.121535s
Iteration 16
time: 0.121176s
Iteration 17
time: 0.125789s
Iteration 18
time: 0.127012s
Iteration 19
time: 0.124514s
Iteration 20
time: 0.127085s
Iteration 21
time: 0.129118s
Iteration 22
time: 0.124628s
Iteration 23
time: 0.122020s
Iteration 24
time: 0.122048s
5: Starting numprocs=8 N=5000, M=5000 impl=allgather
3: Starting numprocs=8 N=5000, M=5000 impl=allgather
1: Starting numprocs=8 N=5000, M=5000 impl=allgather
4: Starting numprocs=8 N=5000, M=5000 impl=allgather
7: Starting numprocs=8 N=5000, M=5000 impl=allgather
6: Starting numprocs=8 N=5000, M=5000 impl=allgather
0: Starting numprocs=8 N=5000, M=5000 impl=allgather
Iteration 0
2: Starting numprocs=8 N=5000, M=5000 impl=allgather
time: 0.283898s
Iteration 1
time: 0.288370s
Iteration 2
time: 0.266465s
Iteration 3
time: 0.255781s
Iteration 4
time: 0.267343s
Iteration 5
time: 0.280352s
Iteration 6
time: 0.324655s
Iteration 7
time: 0.252911s
Iteration 8
time: 0.267784s
Iteration 9
time: 0.256091s
Iteration 10
time: 0.289805s
Iteration 11
time: 0.282173s
Iteration 12
time: 0.247490s
Iteration 13
time: 0.257408s
Iteration 14
time: 0.275250s
Iteration 15
time: 0.263890s
Iteration 16
time: 0.285324s
Iteration 17
time: 0.260651s
Iteration 18
time: 0.256736s
Iteration 19
time: 0.259902s
Iteration 20
time: 0.293568s
Iteration 21
time: 0.275636s
Iteration 22
time: 0.252829s
Iteration 23
time: 0.270666s
Iteration 24
time: 0.266161s
5: Starting numprocs=8 N=5000, M=5000 impl=allreduce
3: Starting numprocs=8 N=5000, M=5000 impl=allreduce
7: Starting numprocs=8 N=5000, M=5000 impl=allreduce
6: Starting numprocs=8 N=5000, M=5000 impl=allreduce
1: Starting numprocs=8 N=5000, M=5000 impl=allreduce
4: Starting numprocs=8 N=5000, M=5000 impl=allreduce
0: Starting numprocs=8 N=5000, M=5000 impl=allreduce
Iteration 0
2: Starting numprocs=8 N=5000, M=5000 impl=allreduce
time: 0.586694s
Iteration 1
time: 0.540446s
Iteration 2
time: 0.519203s
Iteration 3
time: 0.525923s
Iteration 4
time: 0.536764s
Iteration 5
time: 0.539782s
Iteration 6
time: 0.538548s
Iteration 7
time: 0.540267s
Iteration 8
time: 0.544554s
Iteration 9
time: 0.538637s
Iteration 10
time: 0.522797s
Iteration 11
time: 0.534246s
Iteration 12
time: 0.534736s
Iteration 13
time: 0.541301s
Iteration 14
time: 0.537648s
Iteration 15
time: 0.532451s
Iteration 16
time: 0.541548s
Iteration 17
time: 0.536591s
Iteration 18
time: 0.521932s
Iteration 19
time: 0.547326s
Iteration 20
time: 0.539524s
Iteration 21
time: 0.541869s
Iteration 22
time: 0.530556s
Iteration 23
time: 0.543127s
Iteration 24
time: 0.532388s
5: Starting numprocs=8 N=5000, M=5000 impl=allreduce-ring
3: Starting numprocs=8 N=5000, M=5000 impl=allreduce-ring
7: Starting numprocs=8 N=5000, M=5000 impl=allreduce-ring
6: Starting numprocs=8 N=5000, M=5000 impl=allreduce-ring
4: Starting numprocs=8 N=5000, M=5000 impl=allreduce-ring
1: Starting numprocs=8 N=5000, M=5000 impl=allreduce-ring
2: Starting numprocs=8 N=5000, M=5000 impl=allreduce-ring
0: Starting numprocs=8 N=5000, M=5000 impl=allreduce-ring
Iteration 0
time: 0.388117s
Iteration 1
time: 0.349168s
Iteration 2
time: 0.352584s
Iteration 3
time: 0.357972s
Iteration 4
time: 0.349616s
Iteration 5
time: 0.356069s
Iteration 6
time: 0.364741s
Iteration 7
time: 0.359017s
Iteration 8
time: 0.363545s
Iteration 9
time: 0.352193s
Iteration 10
time: 0.350448s
Iteration 11
time: 0.355327s
Iteration 12
time: 0.358866s
Iteration 13
time: 0.361563s
Iteration 14
time: 0.351757s
Iteration 15
time: 0.358563s
Iteration 16
time: 0.353835s
Iteration 17
time: 0.360178s
Iteration 18
time: 0.353654s
Iteration 19
time: 0.353192s
Iteration 20
time: 0.355885s
Iteration 21
time: 0.364271s
Iteration 22
time: 0.356384s
Iteration 23
time: 0.353680s
Iteration 24
time: 0.355594s
5: Starting numprocs=8 N=5000, M=5000 impl=g-rabenseifner-allgather
3: Starting numprocs=8 N=5000, M=5000 impl=g-rabenseifner-allgather
7: Starting numprocs=8 N=5000, M=5000 impl=g-rabenseifner-allgather
4: Starting numprocs=8 N=5000, M=5000 impl=g-rabenseifner-allgather
6: Starting numprocs=8 N=5000, M=5000 impl=g-rabenseifner-allgather
1: Starting numprocs=8 N=5000, M=5000 impl=g-rabenseifner-allgather
2: Starting numprocs=8 N=5000, M=5000 impl=g-rabenseifner-allgather
0: Starting numprocs=8 N=5000, M=5000 impl=g-rabenseifner-allgather
Iteration 0
time: 0.196882s
Iteration 1
time: 0.170892s
Iteration 2
time: 0.170229s
Iteration 3
time: 0.171064s
Iteration 4
time: 0.169604s
Iteration 5
time: 0.170300s
Iteration 6
time: 0.171185s
Iteration 7
time: 0.171538s
Iteration 8
time: 0.170630s
Iteration 9
time: 0.170650s
Iteration 10
time: 0.171753s
Iteration 11
time: 0.170605s
Iteration 12
time: 0.172407s
Iteration 13
time: 0.172137s
Iteration 14
time: 0.172384s
Iteration 15
time: 0.171461s
Iteration 16
time: 0.170329s
Iteration 17
time: 0.171002s
Iteration 18
time: 0.170812s
Iteration 19
time: 0.170289s
Iteration 20
time: 0.171135s
Iteration 21
time: 0.171271s
Iteration 22
time: 0.171401s
Iteration 23
time: 0.171529s
Iteration 24
time: 0.170414s
5: Starting numprocs=8 N=5000, M=5000 impl=g-rabenseifner-subgroup-2
3: Starting numprocs=8 N=5000, M=5000 impl=g-rabenseifner-subgroup-2
6: Starting numprocs=8 N=5000, M=5000 impl=g-rabenseifner-subgroup-2
1: Starting numprocs=8 N=5000, M=5000 impl=g-rabenseifner-subgroup-2
4: Starting numprocs=8 N=5000, M=5000 impl=g-rabenseifner-subgroup-2
7: Starting numprocs=8 N=5000, M=5000 impl=g-rabenseifner-subgroup-2
0: Starting numprocs=8 N=5000, M=5000 impl=g-rabenseifner-subgroup-2
Iteration 0
2: Starting numprocs=8 N=5000, M=5000 impl=g-rabenseifner-subgroup-2
time: 0.209847s
Iteration 1
time: 0.178724s
Iteration 2
time: 0.177803s
Iteration 3
time: 0.172835s
Iteration 4
time: 0.173865s
Iteration 5
time: 0.174454s
Iteration 6
time: 0.173923s
Iteration 7
time: 0.175921s
Iteration 8
time: 0.176932s
Iteration 9
time: 0.175560s
Iteration 10
time: 0.174526s
Iteration 11
time: 0.176607s
Iteration 12
time: 0.177801s
Iteration 13
time: 0.175275s
Iteration 14
time: 0.174554s
Iteration 15
time: 0.174298s
Iteration 16
time: 0.178305s
Iteration 17
time: 0.174933s
Iteration 18
time: 0.174482s
Iteration 19
time: 0.173557s
Iteration 20
time: 0.175480s
Iteration 21
time: 0.183573s
Iteration 22
time: 0.173549s
Iteration 23
time: 0.173048s
Iteration 24
time: 0.173192s
5: Starting numprocs=8 N=5000, M=5000 impl=g-rabenseifner-subgroup-4
3: Starting numprocs=8 N=5000, M=5000 impl=g-rabenseifner-subgroup-4
4: Starting numprocs=8 N=5000, M=5000 impl=g-rabenseifner-subgroup-4
7: Starting numprocs=8 N=5000, M=5000 impl=g-rabenseifner-subgroup-4
1: Starting numprocs=8 N=5000, M=5000 impl=g-rabenseifner-subgroup-4
6: Starting numprocs=8 N=5000, M=5000 impl=g-rabenseifner-subgroup-4
0: Starting numprocs=8 N=5000, M=5000 impl=g-rabenseifner-subgroup-4
Iteration 0
2: Starting numprocs=8 N=5000, M=5000 impl=g-rabenseifner-subgroup-4
time: 0.200270s
Iteration 1
time: 0.181689s
Iteration 2
time: 0.178444s
Iteration 3
time: 0.181895s
Iteration 4
time: 0.180117s
Iteration 5
time: 0.181226s
Iteration 6
time: 0.180666s
Iteration 7
time: 0.182175s
Iteration 8
time: 0.179495s
Iteration 9
time: 0.178908s
Iteration 10
time: 0.181251s
Iteration 11
time: 0.180228s
Iteration 12
time: 0.181383s
Iteration 13
time: 0.179919s
Iteration 14
time: 0.181201s
Iteration 15
time: 0.178801s
Iteration 16
time: 0.178911s
Iteration 17
time: 0.179440s
Iteration 18
time: 0.178761s
Iteration 19
time: 0.182925s
Iteration 20
time: 0.179644s
Iteration 21
time: 0.182113s
Iteration 22
time: 0.179230s
Iteration 23
time: 0.178072s
Iteration 24
time: 0.179704s
5: Starting numprocs=8 N=5000, M=5000 impl=g-rabenseifner-subgroup-8
3: Starting numprocs=8 N=5000, M=5000 impl=g-rabenseifner-subgroup-8
6: Starting numprocs=8 N=5000, M=5000 impl=g-rabenseifner-subgroup-8
7: Starting numprocs=8 N=5000, M=5000 impl=g-rabenseifner-subgroup-8
4: Starting numprocs=8 N=5000, M=5000 impl=g-rabenseifner-subgroup-8
1: Starting numprocs=8 N=5000, M=5000 impl=g-rabenseifner-subgroup-8
0: Starting numprocs=8 N=5000, M=5000 impl=g-rabenseifner-subgroup-8
Iteration 0
2: Starting numprocs=8 N=5000, M=5000 impl=g-rabenseifner-subgroup-8
time: 0.207733s
Iteration 1
time: 0.191100s
Iteration 2
time: 0.189122s
Iteration 3
time: 0.192557s
Iteration 4
time: 0.192040s
Iteration 5
time: 0.193212s
Iteration 6
time: 0.198550s
Iteration 7
time: 0.195689s
Iteration 8
time: 0.195812s
Iteration 9
time: 0.190979s
Iteration 10
time: 0.195764s
Iteration 11
time: 0.193768s
Iteration 12
time: 0.198756s
Iteration 13
time: 0.190862s
Iteration 14
time: 0.195510s
Iteration 15
time: 0.196795s
Iteration 16
time: 0.198784s
Iteration 17
time: 0.200517s
Iteration 18
time: 0.192471s
Iteration 19
time: 0.195962s
Iteration 20
time: 0.192888s
Iteration 21
time: 0.199145s
Iteration 22
time: 0.194834s
Iteration 23
time: 0.199408s
Iteration 24
time: 0.201877s
5: Starting numprocs=8 N=6000, M=6000 impl=allgather
3: Starting numprocs=8 N=6000, M=6000 impl=allgather
4: Starting numprocs=8 N=6000, M=6000 impl=allgather
6: Starting numprocs=8 N=6000, M=6000 impl=allgather
7: Starting numprocs=8 N=6000, M=6000 impl=allgather
1: Starting numprocs=8 N=6000, M=6000 impl=allgather
0: Starting numprocs=8 N=6000, M=6000 impl=allgather
Iteration 0
2: Starting numprocs=8 N=6000, M=6000 impl=allgather
time: 0.397080s
Iteration 1
time: 0.370534s
Iteration 2
time: 0.410135s
Iteration 3
time: 0.356945s
Iteration 4
time: 0.436779s
Iteration 5
time: 0.396459s
Iteration 6
time: 0.407299s
Iteration 7
time: 0.375629s
Iteration 8
time: 0.398990s
Iteration 9
time: 0.449333s
Iteration 10
time: 0.367847s
Iteration 11
time: 0.404882s
Iteration 12
time: 0.410862s
Iteration 13
time: 0.469040s
Iteration 14
time: 0.362851s
Iteration 15
time: 0.392889s
Iteration 16
time: 0.420375s
Iteration 17
time: 0.367929s
Iteration 18
time: 0.423399s
Iteration 19
time: 0.447899s
Iteration 20
time: 0.400854s
Iteration 21
time: 0.380597s
Iteration 22
time: 0.435382s
Iteration 23
time: 0.403086s
Iteration 24
time: 0.413734s
5: Starting numprocs=8 N=6000, M=6000 impl=allreduce
3: Starting numprocs=8 N=6000, M=6000 impl=allreduce
6: Starting numprocs=8 N=6000, M=6000 impl=allreduce
7: Starting numprocs=8 N=6000, M=6000 impl=allreduce
4: Starting numprocs=8 N=6000, M=6000 impl=allreduce
1: Starting numprocs=8 N=6000, M=6000 impl=allreduce
0: Starting numprocs=8 N=6000, M=6000 impl=allreduce
Iteration 0
2: Starting numprocs=8 N=6000, M=6000 impl=allreduce
time: 0.871871s
Iteration 1
time: 0.769666s
Iteration 2
time: 0.773264s
Iteration 3
time: 0.779766s
Iteration 4
time: 0.761901s
Iteration 5
time: 0.773752s
Iteration 6
time: 0.770063s
Iteration 7
time: 0.758280s
Iteration 8
time: 0.772381s
Iteration 9
time: 0.767877s
Iteration 10
time: 0.758380s
Iteration 11
time: 0.786521s
Iteration 12
time: 0.760475s
Iteration 13
time: 0.769598s
Iteration 14
time: 0.759082s
Iteration 15
time: 0.784209s
Iteration 16
time: 0.755743s
Iteration 17
time: 0.773218s
Iteration 18
time: 0.755256s
Iteration 19
time: 0.750875s
Iteration 20
time: 0.765473s
Iteration 21
time: 0.761132s
Iteration 22
time: 0.781965s
Iteration 23
time: 0.784348s
Iteration 24
time: 0.760673s
5: Starting numprocs=8 N=6000, M=6000 impl=allreduce-ring
3: Starting numprocs=8 N=6000, M=6000 impl=allreduce-ring
7: Starting numprocs=8 N=6000, M=6000 impl=allreduce-ring
6: Starting numprocs=8 N=6000, M=6000 impl=allreduce-ring
0: Starting numprocs=8 N=6000, M=6000 impl=allreduce-ring
Iteration 0
4: Starting numprocs=8 N=6000, M=6000 impl=allreduce-ring
1: Starting numprocs=8 N=6000, M=6000 impl=allreduce-ring
2: Starting numprocs=8 N=6000, M=6000 impl=allreduce-ring
time: 0.714000s
Iteration 1
time: 0.594760s
Iteration 2
time: 0.621286s
Iteration 3
time: 0.601856s
Iteration 4
time: 0.597385s
Iteration 5
time: 0.605420s
Iteration 6
time: 0.592492s
Iteration 7
time: 0.603329s
Iteration 8
time: 0.588307s
Iteration 9
time: 0.587057s
Iteration 10
time: 0.594062s
Iteration 11
time: 0.606020s
Iteration 12
time: 0.605109s
Iteration 13
time: 0.591180s
Iteration 14
time: 0.594452s
Iteration 15
time: 0.604465s
Iteration 16
time: 0.602629s
Iteration 17
time: 0.601761s
Iteration 18
time: 0.592640s
Iteration 19
time: 0.605651s
Iteration 20
time: 0.593768s
Iteration 21
time: 0.607061s
Iteration 22
time: 0.603003s
Iteration 23
time: 0.594690s
Iteration 24
time: 0.592075s
5: Starting numprocs=8 N=6000, M=6000 impl=g-rabenseifner-allgather
3: Starting numprocs=8 N=6000, M=6000 impl=g-rabenseifner-allgather
4: Starting numprocs=8 N=6000, M=6000 impl=g-rabenseifner-allgather
6: Starting numprocs=8 N=6000, M=6000 impl=g-rabenseifner-allgather
7: Starting numprocs=8 N=6000, M=6000 impl=g-rabenseifner-allgather
1: Starting numprocs=8 N=6000, M=6000 impl=g-rabenseifner-allgather
2: Starting numprocs=8 N=6000, M=6000 impl=g-rabenseifner-allgather
0: Starting numprocs=8 N=6000, M=6000 impl=g-rabenseifner-allgather
Iteration 0
time: 0.288480s
Iteration 1
time: 0.248184s
Iteration 2
time: 0.247072s
Iteration 3
time: 0.246339s
Iteration 4
time: 0.246425s
Iteration 5
time: 0.247009s
Iteration 6
time: 0.247396s
Iteration 7
time: 0.249807s
Iteration 8
time: 0.249255s
Iteration 9
time: 0.246888s
Iteration 10
time: 0.246341s
Iteration 11
time: 0.246654s
Iteration 12
time: 0.246671s
Iteration 13
time: 0.248277s
Iteration 14
time: 0.247971s
Iteration 15
time: 0.252092s
Iteration 16
time: 0.247211s
Iteration 17
time: 0.251736s
Iteration 18
time: 0.248533s
Iteration 19
time: 0.253071s
Iteration 20
time: 0.246704s
Iteration 21
time: 0.248485s
Iteration 22
time: 0.249455s
Iteration 23
time: 0.246017s
Iteration 24
time: 0.246711s
5: Starting numprocs=8 N=6000, M=6000 impl=g-rabenseifner-subgroup-2
6: Starting numprocs=8 N=6000, M=6000 impl=g-rabenseifner-subgroup-2
3: Starting numprocs=8 N=6000, M=6000 impl=g-rabenseifner-subgroup-2
4: Starting numprocs=8 N=6000, M=6000 impl=g-rabenseifner-subgroup-2
7: Starting numprocs=8 N=6000, M=6000 impl=g-rabenseifner-subgroup-2
1: Starting numprocs=8 N=6000, M=6000 impl=g-rabenseifner-subgroup-2
0: Starting numprocs=8 N=6000, M=6000 impl=g-rabenseifner-subgroup-2
Iteration 0
2: Starting numprocs=8 N=6000, M=6000 impl=g-rabenseifner-subgroup-2
time: 0.304978s
Iteration 1
time: 0.252272s
Iteration 2
time: 0.251100s
Iteration 3
time: 0.252978s
Iteration 4
time: 0.250376s
Iteration 5
time: 0.253880s
Iteration 6
time: 0.252466s
Iteration 7
time: 0.252939s
Iteration 8
time: 0.251859s
Iteration 9
time: 0.254735s
Iteration 10
time: 0.251906s
Iteration 11
time: 0.251561s
Iteration 12
time: 0.252523s
Iteration 13
time: 0.254868s
Iteration 14
time: 0.252536s
Iteration 15
time: 0.257261s
Iteration 16
time: 0.253809s
Iteration 17
time: 0.250422s
Iteration 18
time: 0.250930s
Iteration 19
time: 0.254435s
Iteration 20
time: 0.251107s
Iteration 21
time: 0.255591s
Iteration 22
time: 0.249566s
Iteration 23
time: 0.250367s
Iteration 24
time: 0.252059s
5: Starting numprocs=8 N=6000, M=6000 impl=g-rabenseifner-subgroup-4
6: Starting numprocs=8 N=6000, M=6000 impl=g-rabenseifner-subgroup-4
3: Starting numprocs=8 N=6000, M=6000 impl=g-rabenseifner-subgroup-4
7: Starting numprocs=8 N=6000, M=6000 impl=g-rabenseifner-subgroup-4
4: Starting numprocs=8 N=6000, M=6000 impl=g-rabenseifner-subgroup-4
1: Starting numprocs=8 N=6000, M=6000 impl=g-rabenseifner-subgroup-4
0: Starting numprocs=8 N=6000, M=6000 impl=g-rabenseifner-subgroup-4
Iteration 0
2: Starting numprocs=8 N=6000, M=6000 impl=g-rabenseifner-subgroup-4
time: 0.298999s
Iteration 1
time: 0.264070s
Iteration 2
time: 0.262797s
Iteration 3
time: 0.260127s
Iteration 4
time: 0.260935s
Iteration 5
time: 0.260115s
Iteration 6
time: 0.261033s
Iteration 7
time: 0.260356s
Iteration 8
time: 0.266739s
Iteration 9
time: 0.263847s
Iteration 10
time: 0.260194s
Iteration 11
time: 0.259130s
Iteration 12
time: 0.261286s
Iteration 13
time: 0.259354s
Iteration 14
time: 0.258511s
Iteration 15
time: 0.260231s
Iteration 16
time: 0.263738s
Iteration 17
time: 0.263323s
Iteration 18
time: 0.267602s
Iteration 19
time: 0.258014s
Iteration 20
time: 0.260056s
Iteration 21
time: 0.258134s
Iteration 22
time: 0.259138s
Iteration 23
time: 0.267795s
Iteration 24
time: 0.259132s
5: Starting numprocs=8 N=6000, M=6000 impl=g-rabenseifner-subgroup-8
3: Starting numprocs=8 N=6000, M=6000 impl=g-rabenseifner-subgroup-8
6: Starting numprocs=8 N=6000, M=6000 impl=g-rabenseifner-subgroup-8
7: Starting numprocs=8 N=6000, M=6000 impl=g-rabenseifner-subgroup-8
4: Starting numprocs=8 N=6000, M=6000 impl=g-rabenseifner-subgroup-8
1: Starting numprocs=8 N=6000, M=6000 impl=g-rabenseifner-subgroup-8
2: Starting numprocs=8 N=6000, M=6000 impl=g-rabenseifner-subgroup-8
0: Starting numprocs=8 N=6000, M=6000 impl=g-rabenseifner-subgroup-8
Iteration 0
time: 0.303989s
Iteration 1
time: 0.279380s
Iteration 2
time: 0.274494s
Iteration 3
time: 0.282122s
Iteration 4
time: 0.283375s
Iteration 5
time: 0.279600s
Iteration 6
time: 0.288759s
Iteration 7
time: 0.278587s
Iteration 8
time: 0.277393s
Iteration 9
time: 0.283269s
Iteration 10
time: 0.279377s
Iteration 11
time: 0.280305s
Iteration 12
time: 0.279133s
Iteration 13
time: 0.282250s
Iteration 14
time: 0.275553s
Iteration 15
time: 0.294106s
Iteration 16
time: 0.271406s
Iteration 17
time: 0.281276s
Iteration 18
time: 0.285204s
Iteration 19
time: 0.275114s
Iteration 20
time: 0.279572s
Iteration 21
time: 0.277805s
Iteration 22
time: 0.282224s
Iteration 23
time: 0.280184s
Iteration 24
time: 0.290820s
5: Starting numprocs=8 N=7000, M=7000 impl=allgather
3: Starting numprocs=8 N=7000, M=7000 impl=allgather
6: Starting numprocs=8 N=7000, M=7000 impl=allgather
4: Starting numprocs=8 N=7000, M=7000 impl=allgather
1: Starting numprocs=8 N=7000, M=7000 impl=allgather
7: Starting numprocs=8 N=7000, M=7000 impl=allgather
0: Starting numprocs=8 N=7000, M=7000 impl=allgather
Iteration 0
2: Starting numprocs=8 N=7000, M=7000 impl=allgather
time: 0.559661s
Iteration 1
time: 0.545821s
Iteration 2
time: 0.523654s
Iteration 3
time: 0.589067s
Iteration 4
time: 0.505064s
Iteration 5
time: 0.588070s
Iteration 6
time: 0.598695s
Iteration 7
time: 0.504877s
Iteration 8
time: 0.570587s
Iteration 9
time: 0.536977s
Iteration 10
time: 0.536277s
Iteration 11
time: 0.564132s
Iteration 12
time: 0.570016s
Iteration 13
time: 0.549457s
Iteration 14
time: 0.555675s
Iteration 15
time: 0.512984s
Iteration 16
time: 0.624390s
Iteration 17
time: 0.522219s
Iteration 18
time: 0.545654s
Iteration 19
time: 0.544679s
Iteration 20
time: 0.578516s
Iteration 21
time: 0.568250s
Iteration 22
time: 0.526130s
Iteration 23
time: 0.524142s
Iteration 24
time: 0.544739s
5: Starting numprocs=8 N=7000, M=7000 impl=allreduce
3: Starting numprocs=8 N=7000, M=7000 impl=allreduce
4: Starting numprocs=8 N=7000, M=7000 impl=allreduce
7: Starting numprocs=8 N=7000, M=7000 impl=allreduce
6: Starting numprocs=8 N=7000, M=7000 impl=allreduce
1: Starting numprocs=8 N=7000, M=7000 impl=allreduce
0: Starting numprocs=8 N=7000, M=7000 impl=allreduce
Iteration 0
2: Starting numprocs=8 N=7000, M=7000 impl=allreduce
time: 1.181909s
Iteration 1
time: 1.050533s
Iteration 2
time: 1.053266s
Iteration 3
time: 1.051808s
Iteration 4
time: 1.024283s
Iteration 5
time: 1.037166s
Iteration 6
time: 1.065899s
Iteration 7
time: 1.064730s
Iteration 8
time: 1.024051s
Iteration 9
time: 1.062605s
Iteration 10
time: 1.048714s
Iteration 11
time: 1.021570s
Iteration 12
time: 1.064573s
Iteration 13
time: 1.049319s
Iteration 14
time: 1.031118s
Iteration 15
time: 1.073479s
Iteration 16
time: 1.056807s
Iteration 17
time: 1.039941s
Iteration 18
time: 1.057405s
Iteration 19
time: 1.041930s
Iteration 20
time: 1.049155s
Iteration 21
time: 1.055430s
Iteration 22
time: 1.075677s
Iteration 23
time: 1.023578s
Iteration 24
time: 1.058818s
5: Starting numprocs=8 N=7000, M=7000 impl=allreduce-ring
3: Starting numprocs=8 N=7000, M=7000 impl=allreduce-ring
4: Starting numprocs=8 N=7000, M=7000 impl=allreduce-ring
6: Starting numprocs=8 N=7000, M=7000 impl=allreduce-ring
7: Starting numprocs=8 N=7000, M=7000 impl=allreduce-ring
1: Starting numprocs=8 N=7000, M=7000 impl=allreduce-ring
0: Starting numprocs=8 N=7000, M=7000 impl=allreduce-ring
Iteration 0
2: Starting numprocs=8 N=7000, M=7000 impl=allreduce-ring
time: 0.935721s
Iteration 1
time: 0.799169s
Iteration 2
time: 0.821224s
Iteration 3
time: 0.808083s
Iteration 4
time: 0.828979s
Iteration 5
time: 0.828995s
Iteration 6
time: 0.822531s
Iteration 7
time: 0.797335s
Iteration 8
time: 0.824664s
Iteration 9
time: 0.807313s
Iteration 10
time: 0.809200s
Iteration 11
time: 0.799536s
Iteration 12
time: 0.829060s
Iteration 13
time: 0.816280s
Iteration 14
time: 0.845251s
Iteration 15
time: 0.818546s
Iteration 16
time: 0.818041s
Iteration 17
time: 0.815970s
Iteration 18
time: 0.812934s
Iteration 19
time: 0.816269s
Iteration 20
time: 0.817802s
Iteration 21
time: 0.820415s
Iteration 22
time: 0.809380s
Iteration 23
time: 0.817275s
Iteration 24
time: 0.796198s
5: Starting numprocs=8 N=7000, M=7000 impl=g-rabenseifner-allgather
3: Starting numprocs=8 N=7000, M=7000 impl=g-rabenseifner-allgather
7: Starting numprocs=8 N=7000, M=7000 impl=g-rabenseifner-allgather
6: Starting numprocs=8 N=7000, M=7000 impl=g-rabenseifner-allgather
4: Starting numprocs=8 N=7000, M=7000 impl=g-rabenseifner-allgather
1: Starting numprocs=8 N=7000, M=7000 impl=g-rabenseifner-allgather
0: Starting numprocs=8 N=7000, M=7000 impl=g-rabenseifner-allgather
Iteration 0
2: Starting numprocs=8 N=7000, M=7000 impl=g-rabenseifner-allgather
time: 0.381193s
Iteration 1
time: 0.335092s
Iteration 2
time: 0.336780s
Iteration 3
time: 0.339315s
Iteration 4
time: 0.338744s
Iteration 5
time: 0.339196s
Iteration 6
time: 0.337160s
Iteration 7
time: 0.336437s
Iteration 8
time: 0.338397s
Iteration 9
time: 0.334497s
Iteration 10
time: 0.334391s
Iteration 11
time: 0.338239s
Iteration 12
time: 0.341292s
Iteration 13
time: 0.334734s
Iteration 14
time: 0.335285s
Iteration 15
time: 0.337767s
Iteration 16
time: 0.336679s
Iteration 17
time: 0.334803s
Iteration 18
time: 0.335771s
Iteration 19
time: 0.339976s
Iteration 20
time: 0.336715s
Iteration 21
time: 0.338440s
Iteration 22
time: 0.334804s
Iteration 23
time: 0.335724s
Iteration 24
time: 0.336026s
5: Starting numprocs=8 N=7000, M=7000 impl=g-rabenseifner-subgroup-2
3: Starting numprocs=8 N=7000, M=7000 impl=g-rabenseifner-subgroup-2
7: Starting numprocs=8 N=7000, M=7000 impl=g-rabenseifner-subgroup-2
6: Starting numprocs=8 N=7000, M=7000 impl=g-rabenseifner-subgroup-2
4: Starting numprocs=8 N=7000, M=7000 impl=g-rabenseifner-subgroup-2
1: Starting numprocs=8 N=7000, M=7000 impl=g-rabenseifner-subgroup-2
2: Starting numprocs=8 N=7000, M=7000 impl=g-rabenseifner-subgroup-2
0: Starting numprocs=8 N=7000, M=7000 impl=g-rabenseifner-subgroup-2
Iteration 0
time: 0.403506s
Iteration 1
time: 0.348735s
Iteration 2
time: 0.344992s
Iteration 3
time: 0.344694s
Iteration 4
time: 0.343818s
Iteration 5
time: 0.343820s
Iteration 6
time: 0.343095s
Iteration 7
time: 0.344022s
Iteration 8
time: 0.343371s
Iteration 9
time: 0.346814s
Iteration 10
time: 0.344265s
Iteration 11
time: 0.347602s
Iteration 12
time: 0.344831s
Iteration 13
time: 0.349483s
Iteration 14
time: 0.346647s
Iteration 15
time: 0.346227s
Iteration 16
time: 0.342547s
Iteration 17
time: 0.343744s
Iteration 18
time: 0.346248s
Iteration 19
time: 0.345402s
Iteration 20
time: 0.348021s
Iteration 21
time: 0.341984s
Iteration 22
time: 0.345193s
Iteration 23
time: 0.347869s
Iteration 24
time: 0.349395s
5: Starting numprocs=8 N=7000, M=7000 impl=g-rabenseifner-subgroup-4
3: Starting numprocs=8 N=7000, M=7000 impl=g-rabenseifner-subgroup-4
6: Starting numprocs=8 N=7000, M=7000 impl=g-rabenseifner-subgroup-4
4: Starting numprocs=8 N=7000, M=7000 impl=g-rabenseifner-subgroup-4
7: Starting numprocs=8 N=7000, M=7000 impl=g-rabenseifner-subgroup-4
1: Starting numprocs=8 N=7000, M=7000 impl=g-rabenseifner-subgroup-4
2: Starting numprocs=8 N=7000, M=7000 impl=g-rabenseifner-subgroup-4
0: Starting numprocs=8 N=7000, M=7000 impl=g-rabenseifner-subgroup-4
Iteration 0
time: 0.382499s
Iteration 1
time: 0.353535s
Iteration 2
time: 0.359672s
Iteration 3
time: 0.357515s
Iteration 4
time: 0.371177s
Iteration 5
time: 0.353275s
Iteration 6
time: 0.357537s
Iteration 7
time: 0.354513s
Iteration 8
time: 0.358839s
Iteration 9
time: 0.362190s
Iteration 10
time: 0.366892s
Iteration 11
time: 0.357440s
Iteration 12
time: 0.351875s
Iteration 13
time: 0.349560s
Iteration 14
time: 0.353700s
Iteration 15
time: 0.348931s
Iteration 16
time: 0.355909s
Iteration 17
time: 0.355726s
Iteration 18
time: 0.356657s
Iteration 19
time: 0.350727s
Iteration 20
time: 0.355900s
Iteration 21
time: 0.356166s
Iteration 22
time: 0.352341s
Iteration 23
time: 0.350766s
Iteration 24
time: 0.353881s
5: Starting numprocs=8 N=7000, M=7000 impl=g-rabenseifner-subgroup-8
3: Starting numprocs=8 N=7000, M=7000 impl=g-rabenseifner-subgroup-8
7: Starting numprocs=8 N=7000, M=7000 impl=g-rabenseifner-subgroup-8
6: Starting numprocs=8 N=7000, M=7000 impl=g-rabenseifner-subgroup-8
4: Starting numprocs=8 N=7000, M=7000 impl=g-rabenseifner-subgroup-8
2: Starting numprocs=8 N=7000, M=7000 impl=g-rabenseifner-subgroup-8
1: Starting numprocs=8 N=7000, M=7000 impl=g-rabenseifner-subgroup-8
0: Starting numprocs=8 N=7000, M=7000 impl=g-rabenseifner-subgroup-8
Iteration 0
time: 0.391276s
Iteration 1
time: 0.389723s
Iteration 2
time: 0.385478s
Iteration 3
time: 0.374815s
Iteration 4
time: 0.374164s
Iteration 5
time: 0.387388s
Iteration 6
time: 0.384962s
Iteration 7
time: 0.398096s
Iteration 8
time: 0.376388s
Iteration 9
time: 0.390639s
Iteration 10
time: 0.380301s
Iteration 11
time: 0.387846s
Iteration 12
time: 0.396017s
Iteration 13
time: 0.388639s
Iteration 14
time: 0.387582s
Iteration 15
time: 0.383367s
Iteration 16
time: 0.395724s
Iteration 17
time: 0.374361s
Iteration 18
time: 0.383454s
Iteration 19
time: 0.385147s
Iteration 20
time: 0.380255s
Iteration 21
time: 0.388322s
Iteration 22
time: 0.428667s
Iteration 23
time: 0.379877s
Iteration 24
time: 0.374130s
5: Starting numprocs=8 N=8000, M=8000 impl=allgather
3: Starting numprocs=8 N=8000, M=8000 impl=allgather
7: Starting numprocs=8 N=8000, M=8000 impl=allgather
4: Starting numprocs=8 N=8000, M=8000 impl=allgather
6: Starting numprocs=8 N=8000, M=8000 impl=allgather
1: Starting numprocs=8 N=8000, M=8000 impl=allgather
0: Starting numprocs=8 N=8000, M=8000 impl=allgather
Iteration 0
2: Starting numprocs=8 N=8000, M=8000 impl=allgather
time: 0.699690s
Iteration 1
time: 0.806500s
Iteration 2
time: 0.684417s
Iteration 3
time: 0.759908s
Iteration 4
time: 0.680635s
Iteration 5
time: 0.744388s
Iteration 6
time: 0.726253s
Iteration 7
time: 0.800163s
Iteration 8
time: 0.682281s
Iteration 9
time: 0.699994s
Iteration 10
time: 0.775335s
Iteration 11
time: 0.793453s
Iteration 12
time: 0.720690s
Iteration 13
time: 0.753712s
Iteration 14
time: 0.682091s
Iteration 15
time: 0.701558s
Iteration 16
time: 0.712802s
Iteration 17
time: 0.724814s
Iteration 18
time: 0.748053s
Iteration 19
time: 0.668596s
Iteration 20
time: 0.809072s
Iteration 21
time: 0.696021s
Iteration 22
time: 0.743442s
Iteration 23
time: 0.670823s
Iteration 24
time: 0.830398s
5: Starting numprocs=8 N=8000, M=8000 impl=allreduce
3: Starting numprocs=8 N=8000, M=8000 impl=allreduce
4: Starting numprocs=8 N=8000, M=8000 impl=allreduce
6: Starting numprocs=8 N=8000, M=8000 impl=allreduce
7: Starting numprocs=8 N=8000, M=8000 impl=allreduce
1: Starting numprocs=8 N=8000, M=8000 impl=allreduce
0: Starting numprocs=8 N=8000, M=8000 impl=allreduce
Iteration 0
2: Starting numprocs=8 N=8000, M=8000 impl=allreduce
time: 1.519992s
Iteration 1
time: 1.363412s
Iteration 2
time: 1.378773s
Iteration 3
time: 1.386952s
Iteration 4
time: 1.393695s
Iteration 5
time: 1.327281s
Iteration 6
time: 1.385689s
Iteration 7
time: 1.334099s
Iteration 8
time: 1.362271s
Iteration 9
time: 1.382366s
Iteration 10
time: 1.389113s
Iteration 11
time: 1.401699s
Iteration 12
time: 1.339835s
Iteration 13
time: 1.357216s
Iteration 14
time: 1.361406s
Iteration 15
time: 1.387528s
Iteration 16
time: 1.380966s
Iteration 17
time: 1.382439s
Iteration 18
time: 1.357228s
Iteration 19
time: 1.362971s
Iteration 20
time: 1.386932s
Iteration 21
time: 1.360173s
Iteration 22
time: 1.382716s
Iteration 23
time: 1.368157s
Iteration 24
time: 1.408673s
5: Starting numprocs=8 N=8000, M=8000 impl=allreduce-ring
3: Starting numprocs=8 N=8000, M=8000 impl=allreduce-ring
6: Starting numprocs=8 N=8000, M=8000 impl=allreduce-ring
7: Starting numprocs=8 N=8000, M=8000 impl=allreduce-ring
4: Starting numprocs=8 N=8000, M=8000 impl=allreduce-ring
1: Starting numprocs=8 N=8000, M=8000 impl=allreduce-ring
2: Starting numprocs=8 N=8000, M=8000 impl=allreduce-ring
0: Starting numprocs=8 N=8000, M=8000 impl=allreduce-ring
Iteration 0
time: 1.207891s
Iteration 1
time: 1.063729s
Iteration 2
time: 1.055368s
Iteration 3
time: 1.072425s
Iteration 4
time: 1.067794s
Iteration 5
time: 1.077171s
Iteration 6
time: 1.074165s
Iteration 7
time: 1.089174s
Iteration 8
time: 1.060637s
Iteration 9
time: 1.067957s
Iteration 10
time: 1.054040s
Iteration 11
time: 1.061501s
Iteration 12
time: 1.075624s
Iteration 13
time: 1.059694s
Iteration 14
time: 1.055078s
Iteration 15
time: 1.076211s
Iteration 16
time: 1.084687s
Iteration 17
time: 1.031918s
Iteration 18
time: 1.072157s
Iteration 19
time: 1.057213s
Iteration 20
time: 1.041627s
Iteration 21
time: 1.078037s
Iteration 22
time: 1.070788s
Iteration 23
time: 1.064074s
Iteration 24
time: 1.076311s
5: Starting numprocs=8 N=8000, M=8000 impl=g-rabenseifner-allgather
3: Starting numprocs=8 N=8000, M=8000 impl=g-rabenseifner-allgather
4: Starting numprocs=8 N=8000, M=8000 impl=g-rabenseifner-allgather
7: Starting numprocs=8 N=8000, M=8000 impl=g-rabenseifner-allgather
6: Starting numprocs=8 N=8000, M=8000 impl=g-rabenseifner-allgather
1: Starting numprocs=8 N=8000, M=8000 impl=g-rabenseifner-allgather
2: Starting numprocs=8 N=8000, M=8000 impl=g-rabenseifner-allgather
0: Starting numprocs=8 N=8000, M=8000 impl=g-rabenseifner-allgather
Iteration 0
time: 0.496321s
Iteration 1
time: 0.441050s
Iteration 2
time: 0.443127s
Iteration 3
time: 0.440759s
Iteration 4
time: 0.443340s
Iteration 5
time: 0.437767s
Iteration 6
time: 0.443432s
Iteration 7
time: 0.439702s
Iteration 8
time: 0.438254s
Iteration 9
time: 0.439182s
Iteration 10
time: 0.439084s
Iteration 11
time: 0.437194s
Iteration 12
time: 0.437777s
Iteration 13
time: 0.442765s
Iteration 14
time: 0.442334s
Iteration 15
time: 0.440987s
Iteration 16
time: 0.444766s
Iteration 17
time: 0.439940s
Iteration 18
time: 0.440913s
Iteration 19
time: 0.438421s
Iteration 20
time: 0.441189s
Iteration 21
time: 0.438567s
Iteration 22
time: 0.438561s
Iteration 23
time: 0.437655s
Iteration 24
time: 0.441294s
5: Starting numprocs=8 N=8000, M=8000 impl=g-rabenseifner-subgroup-2
3: Starting numprocs=8 N=8000, M=8000 impl=g-rabenseifner-subgroup-2
4: Starting numprocs=8 N=8000, M=8000 impl=g-rabenseifner-subgroup-2
6: Starting numprocs=8 N=8000, M=8000 impl=g-rabenseifner-subgroup-2
7: Starting numprocs=8 N=8000, M=8000 impl=g-rabenseifner-subgroup-2
1: Starting numprocs=8 N=8000, M=8000 impl=g-rabenseifner-subgroup-2
2: Starting numprocs=8 N=8000, M=8000 impl=g-rabenseifner-subgroup-2
0: Starting numprocs=8 N=8000, M=8000 impl=g-rabenseifner-subgroup-2
Iteration 0
time: 0.529975s
Iteration 1
time: 0.452191s
Iteration 2
time: 0.452526s
Iteration 3
time: 0.448585s
Iteration 4
time: 0.453561s
Iteration 5
time: 0.451639s
Iteration 6
time: 0.453438s
Iteration 7
time: 0.449997s
Iteration 8
time: 0.455608s
Iteration 9
time: 0.447071s
Iteration 10
time: 0.447415s
Iteration 11
time: 0.448987s
Iteration 12
time: 0.458746s
Iteration 13
time: 0.449100s
Iteration 14
time: 0.455463s
Iteration 15
time: 0.455790s
Iteration 16
time: 0.461694s
Iteration 17
time: 0.452170s
Iteration 18
time: 0.457315s
Iteration 19
time: 0.451943s
Iteration 20
time: 0.449526s
Iteration 21
time: 0.449028s
Iteration 22
time: 0.448645s
Iteration 23
time: 0.452650s
Iteration 24
time: 0.448015s
5: Starting numprocs=8 N=8000, M=8000 impl=g-rabenseifner-subgroup-4
3: Starting numprocs=8 N=8000, M=8000 impl=g-rabenseifner-subgroup-4
7: Starting numprocs=8 N=8000, M=8000 impl=g-rabenseifner-subgroup-4
4: Starting numprocs=8 N=8000, M=8000 impl=g-rabenseifner-subgroup-4
6: Starting numprocs=8 N=8000, M=8000 impl=g-rabenseifner-subgroup-4
1: Starting numprocs=8 N=8000, M=8000 impl=g-rabenseifner-subgroup-4
0: Starting numprocs=8 N=8000, M=8000 impl=g-rabenseifner-subgroup-4
Iteration 0
2: Starting numprocs=8 N=8000, M=8000 impl=g-rabenseifner-subgroup-4
time: 0.507147s
Iteration 1
time: 0.456219s
Iteration 2
time: 0.465693s
Iteration 3
time: 0.468730s
Iteration 4
time: 0.459603s
Iteration 5
time: 0.462733s
Iteration 6
time: 0.470306s
Iteration 7
time: 0.457956s
Iteration 8
time: 0.465511s
Iteration 9
time: 0.472275s
Iteration 10
time: 0.470830s
Iteration 11
time: 0.467837s
Iteration 12
time: 0.459098s
Iteration 13
time: 0.461926s
Iteration 14
time: 0.465978s
Iteration 15
time: 0.463153s
Iteration 16
time: 0.468428s
Iteration 17
time: 0.479214s
Iteration 18
time: 0.464936s
Iteration 19
time: 0.467976s
Iteration 20
time: 0.477089s
Iteration 21
time: 0.457049s
Iteration 22
time: 0.460927s
Iteration 23
time: 0.473988s
Iteration 24
time: 0.468000s
5: Starting numprocs=8 N=8000, M=8000 impl=g-rabenseifner-subgroup-8
3: Starting numprocs=8 N=8000, M=8000 impl=g-rabenseifner-subgroup-8
6: Starting numprocs=8 N=8000, M=8000 impl=g-rabenseifner-subgroup-8
7: Starting numprocs=8 N=8000, M=8000 impl=g-rabenseifner-subgroup-8
1: Starting numprocs=8 N=8000, M=8000 impl=g-rabenseifner-subgroup-8
4: Starting numprocs=8 N=8000, M=8000 impl=g-rabenseifner-subgroup-8
0: Starting numprocs=8 N=8000, M=8000 impl=g-rabenseifner-subgroup-8
Iteration 0
2: Starting numprocs=8 N=8000, M=8000 impl=g-rabenseifner-subgroup-8
time: 0.529195s
Iteration 1
time: 0.506608s
Iteration 2
time: 0.499618s
Iteration 3
time: 0.507298s
Iteration 4
time: 0.522951s
Iteration 5
time: 0.489348s
Iteration 6
time: 0.507398s
Iteration 7
time: 0.504026s
Iteration 8
time: 0.493460s
Iteration 9
time: 0.515820s
Iteration 10
time: 0.500533s
Iteration 11
time: 0.505465s
Iteration 12
time: 0.522347s
Iteration 13
time: 0.491736s
Iteration 14
time: 0.502886s
Iteration 15
time: 0.503580s
Iteration 16
time: 0.507526s
Iteration 17
time: 0.503176s
Iteration 18
time: 0.500601s
Iteration 19
time: 0.496547s
Iteration 20
time: 0.501938s
Iteration 21
time: 0.488178s
Iteration 22
time: 0.509859s
Iteration 23
time: 0.516868s
Iteration 24
time: 0.498084s
