11: Starting numprocs=16 N=1000, M=1000 impl=allgather
4: Starting numprocs=16 N=1000, M=1000 impl=allgather
5: Starting numprocs=16 N=1000, M=1000 impl=allgather
3: Starting numprocs=16 N=1000, M=1000 impl=allgather
7: Starting numprocs=16 N=1000, M=1000 impl=allgather
15: Starting numprocs=16 N=1000, M=1000 impl=allgather
14: Starting numprocs=16 N=1000, M=1000 impl=allgather
8: Starting numprocs=16 N=1000, M=1000 impl=allgather
10: Starting numprocs=16 N=1000, M=1000 impl=allgather
12: Starting numprocs=16 N=1000, M=1000 impl=allgather
13: Starting numprocs=16 N=1000, M=1000 impl=allgather
2: Starting numprocs=16 N=1000, M=1000 impl=allgather
1: Starting numprocs=16 N=1000, M=1000 impl=allgather
0: Starting numprocs=16 N=1000, M=1000 impl=allgather
Iteration 0
9: Starting numprocs=16 N=1000, M=1000 impl=allgather
6: Starting numprocs=16 N=1000, M=1000 impl=allgather
time: 0.025215s
Iteration 1
time: 0.014556s
Iteration 2
time: 0.015265s
Iteration 3
time: 0.014853s
Iteration 4
time: 0.015583s
Iteration 5
time: 0.015448s
Iteration 6
time: 0.014714s
Iteration 7
time: 0.015141s
Iteration 8
time: 0.014764s
Iteration 9
time: 0.015644s
Iteration 10
time: 0.014813s
Iteration 11
time: 0.015660s
Iteration 12
time: 0.014850s
Iteration 13
time: 0.015340s
Iteration 14
time: 0.015631s
Iteration 15
time: 0.014887s
Iteration 16
time: 0.015626s
Iteration 17
time: 0.014919s
Iteration 18
time: 0.015325s
Iteration 19
time: 0.015750s
Iteration 20
time: 0.015454s
Iteration 21
time: 0.015119s
Iteration 22
time: 0.015947s
Iteration 23
time: 0.014993s
Iteration 24
time: 0.015031s
15: Starting numprocs=16 N=1000, M=1000 impl=allreduce
8: Starting numprocs=16 N=1000, M=1000 impl=allreduce
0: Starting numprocs=16 N=1000, M=1000 impl=allreduce
Iteration 0
10: Starting numprocs=16 N=1000, M=1000 impl=allreduce
5: Starting numprocs=16 N=1000, M=1000 impl=allreduce
9: Starting numprocs=16 N=1000, M=1000 impl=allreduce
2: Starting numprocs=16 N=1000, M=1000 impl=allreduce
4: Starting numprocs=16 N=1000, M=1000 impl=allreduce
12: Starting numprocs=16 N=1000, M=1000 impl=allreduce
11: Starting numprocs=16 N=1000, M=1000 impl=allreduce
7: Starting numprocs=16 N=1000, M=1000 impl=allreduce
1: Starting numprocs=16 N=1000, M=1000 impl=allreduce
6: Starting numprocs=16 N=1000, M=1000 impl=allreduce
3: Starting numprocs=16 N=1000, M=1000 impl=allreduce
13: Starting numprocs=16 N=1000, M=1000 impl=allreduce
14: Starting numprocs=16 N=1000, M=1000 impl=allreduce
time: 1.470359s
Iteration 1
time: 0.023586s
Iteration 2
time: 4.259779s
Iteration 3
time: 4.341092s
Iteration 4
time: 2.195329s
Iteration 5
time: 2.194889s
Iteration 6
time: 8.642212s
Iteration 7
time: 2.179965s
Iteration 8
time: 0.019314s
Iteration 9
time: 0.017953s
Iteration 10
time: 0.018695s
Iteration 11
time: 0.017928s
Iteration 12
time: 0.028030s
Iteration 13
time: 4.339002s
Iteration 14
time: 4.358590s
Iteration 15
time: 2.184835s
Iteration 16
time: 0.018167s
Iteration 17
time: 0.017106s
Iteration 18
time: 0.017323s
Iteration 19
time: 0.017125s
Iteration 20
time: 0.018334s
Iteration 21
time: 0.017891s
Iteration 22
time: 0.017692s
Iteration 23
time: 0.017219s
Iteration 24
time: 0.017261s
0: Starting numprocs=16 N=1000, M=1000 impl=allreduce-ring
Iteration 0
3: Starting numprocs=16 N=1000, M=1000 impl=allreduce-ring
15: Starting numprocs=16 N=1000, M=1000 impl=allreduce-ring
9: Starting numprocs=16 N=1000, M=1000 impl=allreduce-ring
2: Starting numprocs=16 N=1000, M=1000 impl=allreduce-ring
4: Starting numprocs=16 N=1000, M=1000 impl=allreduce-ring
8: Starting numprocs=16 N=1000, M=1000 impl=allreduce-ring
7: Starting numprocs=16 N=1000, M=1000 impl=allreduce-ring
10: Starting numprocs=16 N=1000, M=1000 impl=allreduce-ring
12: Starting numprocs=16 N=1000, M=1000 impl=allreduce-ring
11: Starting numprocs=16 N=1000, M=1000 impl=allreduce-ring
6: Starting numprocs=16 N=1000, M=1000 impl=allreduce-ring
1: Starting numprocs=16 N=1000, M=1000 impl=allreduce-ring
13: Starting numprocs=16 N=1000, M=1000 impl=allreduce-ring
5: Starting numprocs=16 N=1000, M=1000 impl=allreduce-ring
14: Starting numprocs=16 N=1000, M=1000 impl=allreduce-ring
time: 1.815608s
Iteration 1
time: 1.435322s
Iteration 2
time: 4.271138s
Iteration 3
time: 2.137599s
Iteration 4
time: 0.014969s
Iteration 5
time: 0.014487s
Iteration 6
time: 0.015758s
Iteration 7
time: 0.014723s
Iteration 8
time: 0.014255s
Iteration 9
time: 0.016373s
Iteration 10
time: 0.014648s
Iteration 11
time: 0.014645s
Iteration 12
time: 0.015049s
Iteration 13
time: 0.014411s
Iteration 14
time: 0.014216s
Iteration 15
time: 0.014557s
Iteration 16
time: 0.014733s
Iteration 17
time: 0.014427s
Iteration 18
time: 0.014512s
Iteration 19
time: 0.014670s
Iteration 20
time: 0.015070s
Iteration 21
time: 0.014475s
Iteration 22
time: 0.014222s
Iteration 23
time: 0.014219s
Iteration 24
time: 0.014512s
7: Starting numprocs=16 N=1000, M=1000 impl=g-rabenseifner-allgather
11: Starting numprocs=16 N=1000, M=1000 impl=g-rabenseifner-allgather
9: Starting numprocs=16 N=1000, M=1000 impl=g-rabenseifner-allgather
5: Starting numprocs=16 N=1000, M=1000 impl=g-rabenseifner-allgather
0: Starting numprocs=16 N=1000, M=1000 impl=g-rabenseifner-allgather
Iteration 0
2: Starting numprocs=16 N=1000, M=1000 impl=g-rabenseifner-allgather
6: Starting numprocs=16 N=1000, M=1000 impl=g-rabenseifner-allgather
15: Starting numprocs=16 N=1000, M=1000 impl=g-rabenseifner-allgather
8: Starting numprocs=16 N=1000, M=1000 impl=g-rabenseifner-allgather
12: Starting numprocs=16 N=1000, M=1000 impl=g-rabenseifner-allgather
4: Starting numprocs=16 N=1000, M=1000 impl=g-rabenseifner-allgather
13: Starting numprocs=16 N=1000, M=1000 impl=g-rabenseifner-allgather
14: Starting numprocs=16 N=1000, M=1000 impl=g-rabenseifner-allgather
1: Starting numprocs=16 N=1000, M=1000 impl=g-rabenseifner-allgather
10: Starting numprocs=16 N=1000, M=1000 impl=g-rabenseifner-allgather
3: Starting numprocs=16 N=1000, M=1000 impl=g-rabenseifner-allgather
time: 0.028550s
Iteration 1
time: 0.007991s
Iteration 2
time: 0.008445s
Iteration 3
time: 0.008222s
Iteration 4
time: 0.008155s
Iteration 5
time: 0.007886s
Iteration 6
time: 0.008000s
Iteration 7
time: 0.007937s
Iteration 8
time: 0.007836s
Iteration 9
time: 0.007778s
Iteration 10
time: 0.007898s
Iteration 11
time: 0.008085s
Iteration 12
time: 0.007854s
Iteration 13
time: 0.007856s
Iteration 14
time: 0.007851s
Iteration 15
time: 0.007821s
Iteration 16
time: 0.008364s
Iteration 17
time: 0.008323s
Iteration 18
time: 0.007873s
Iteration 19
time: 0.007815s
Iteration 20
time: 0.008251s
Iteration 21
time: 0.007979s
Iteration 22
time: 0.007840s
Iteration 23
time: 0.007906s
Iteration 24
time: 0.014690s
7: Starting numprocs=16 N=1000, M=1000 impl=g-rabenseifner-subgroup-2
11: Starting numprocs=16 N=1000, M=1000 impl=g-rabenseifner-subgroup-2
2: Starting numprocs=16 N=1000, M=1000 impl=g-rabenseifner-subgroup-2
5: Starting numprocs=16 N=1000, M=1000 impl=g-rabenseifner-subgroup-2
9: Starting numprocs=16 N=1000, M=1000 impl=g-rabenseifner-subgroup-2
14: Starting numprocs=16 N=1000, M=1000 impl=g-rabenseifner-subgroup-2
13: Starting numprocs=16 N=1000, M=1000 impl=g-rabenseifner-subgroup-2
8: Starting numprocs=16 N=1000, M=1000 impl=g-rabenseifner-subgroup-2
10: Starting numprocs=16 N=1000, M=1000 impl=g-rabenseifner-subgroup-2
12: Starting numprocs=16 N=1000, M=1000 impl=g-rabenseifner-subgroup-2
0: Starting numprocs=16 N=1000, M=1000 impl=g-rabenseifner-subgroup-2
Iteration 0
6: Starting numprocs=16 N=1000, M=1000 impl=g-rabenseifner-subgroup-2
1: Starting numprocs=16 N=1000, M=1000 impl=g-rabenseifner-subgroup-2
4: Starting numprocs=16 N=1000, M=1000 impl=g-rabenseifner-subgroup-2
3: Starting numprocs=16 N=1000, M=1000 impl=g-rabenseifner-subgroup-2
15: Starting numprocs=16 N=1000, M=1000 impl=g-rabenseifner-subgroup-2
time: 0.025132s
Iteration 1
time: 0.008748s
Iteration 2
time: 0.008483s
Iteration 3
time: 0.008260s
Iteration 4
time: 0.008092s
Iteration 5
time: 0.008086s
Iteration 6
time: 0.008113s
Iteration 7
time: 0.008169s
Iteration 8
time: 0.008497s
Iteration 9
time: 0.008397s
Iteration 10
time: 0.008130s
Iteration 11
time: 0.008066s
Iteration 12
time: 0.008081s
Iteration 13
time: 0.008513s
Iteration 14
time: 0.008563s
Iteration 15
time: 0.008476s
Iteration 16
time: 0.008066s
Iteration 17
time: 0.008139s
Iteration 18
time: 0.008085s
Iteration 19
time: 0.008069s
Iteration 20
time: 0.008043s
Iteration 21
time: 0.008035s
Iteration 22
time: 0.008546s
Iteration 23
time: 0.008494s
Iteration 24
time: 0.008000s
0: Starting numprocs=16 N=1000, M=1000 impl=g-rabenseifner-subgroup-4
Iteration 0
7: Starting numprocs=16 N=1000, M=1000 impl=g-rabenseifner-subgroup-4
3: Starting numprocs=16 N=1000, M=1000 impl=g-rabenseifner-subgroup-4
14: Starting numprocs=16 N=1000, M=1000 impl=g-rabenseifner-subgroup-4
4: Starting numprocs=16 N=1000, M=1000 impl=g-rabenseifner-subgroup-4
9: Starting numprocs=16 N=1000, M=1000 impl=g-rabenseifner-subgroup-4
8: Starting numprocs=16 N=1000, M=1000 impl=g-rabenseifner-subgroup-4
11: Starting numprocs=16 N=1000, M=1000 impl=g-rabenseifner-subgroup-4
5: Starting numprocs=16 N=1000, M=1000 impl=g-rabenseifner-subgroup-4
15: Starting numprocs=16 N=1000, M=1000 impl=g-rabenseifner-subgroup-4
12: Starting numprocs=16 N=1000, M=1000 impl=g-rabenseifner-subgroup-4
2: Starting numprocs=16 N=1000, M=1000 impl=g-rabenseifner-subgroup-4
10: Starting numprocs=16 N=1000, M=1000 impl=g-rabenseifner-subgroup-4
6: Starting numprocs=16 N=1000, M=1000 impl=g-rabenseifner-subgroup-4
13: Starting numprocs=16 N=1000, M=1000 impl=g-rabenseifner-subgroup-4
1: Starting numprocs=16 N=1000, M=1000 impl=g-rabenseifner-subgroup-4
time: 0.021487s
Iteration 1
time: 0.009067s
Iteration 2
time: 0.008853s
Iteration 3
time: 0.008766s
Iteration 4
time: 0.010181s
Iteration 5
time: 0.008728s
Iteration 6
time: 0.009596s
Iteration 7
time: 0.008849s
Iteration 8
time: 0.008799s
Iteration 9
time: 0.008866s
Iteration 10
time: 0.008807s
Iteration 11
time: 0.008611s
Iteration 12
time: 0.008609s
Iteration 13
time: 0.009130s
Iteration 14
time: 0.008937s
Iteration 15
time: 0.008765s
Iteration 16
time: 0.009237s
Iteration 17
time: 0.008827s
Iteration 18
time: 0.009363s
Iteration 19
time: 0.008778s
Iteration 20
time: 0.008759s
Iteration 21
time: 0.008820s
Iteration 22
time: 0.008862s
Iteration 23
time: 0.008760s
Iteration 24
time: 0.008787s
15: Starting numprocs=16 N=1000, M=1000 impl=g-rabenseifner-subgroup-8
0: Starting numprocs=16 N=1000, M=1000 impl=g-rabenseifner-subgroup-8
Iteration 0
5: Starting numprocs=16 N=1000, M=1000 impl=g-rabenseifner-subgroup-8
7: Starting numprocs=16 N=1000, M=1000 impl=g-rabenseifner-subgroup-8
3: Starting numprocs=16 N=1000, M=1000 impl=g-rabenseifner-subgroup-8
11: Starting numprocs=16 N=1000, M=1000 impl=g-rabenseifner-subgroup-8
10: Starting numprocs=16 N=1000, M=1000 impl=g-rabenseifner-subgroup-8
8: Starting numprocs=16 N=1000, M=1000 impl=g-rabenseifner-subgroup-8
9: Starting numprocs=16 N=1000, M=1000 impl=g-rabenseifner-subgroup-8
2: Starting numprocs=16 N=1000, M=1000 impl=g-rabenseifner-subgroup-8
14: Starting numprocs=16 N=1000, M=1000 impl=g-rabenseifner-subgroup-8
4: Starting numprocs=16 N=1000, M=1000 impl=g-rabenseifner-subgroup-8
12: Starting numprocs=16 N=1000, M=1000 impl=g-rabenseifner-subgroup-8
1: Starting numprocs=16 N=1000, M=1000 impl=g-rabenseifner-subgroup-8
13: Starting numprocs=16 N=1000, M=1000 impl=g-rabenseifner-subgroup-8
6: Starting numprocs=16 N=1000, M=1000 impl=g-rabenseifner-subgroup-8
time: 0.022244s
Iteration 1
time: 0.010513s
Iteration 2
time: 0.009807s
Iteration 3
time: 0.009791s
Iteration 4
time: 0.010235s
Iteration 5
time: 0.009693s
Iteration 6
time: 0.010074s
Iteration 7
time: 0.010473s
Iteration 8
time: 0.010026s
Iteration 9
time: 0.009792s
Iteration 10
time: 0.010209s
Iteration 11
time: 0.014679s
Iteration 12
time: 0.021910s
Iteration 13
time: 0.014890s
Iteration 14
time: 0.022074s
Iteration 15
time: 0.012790s
Iteration 16
time: 1.993627s
Iteration 17
time: 0.009750s
Iteration 18
time: 0.009665s
Iteration 19
time: 0.009706s
Iteration 20
time: 0.009679s
Iteration 21
time: 0.009975s
Iteration 22
time: 0.011431s
Iteration 23
time: 0.009898s
Iteration 24
time: 0.009912s
8: Starting numprocs=16 N=2000, M=2000 impl=allgather
15: Starting numprocs=16 N=2000, M=2000 impl=allgather
11: Starting numprocs=16 N=2000, M=2000 impl=allgather
14: Starting numprocs=16 N=2000, M=2000 impl=allgather
10: Starting numprocs=16 N=2000, M=2000 impl=allgather
9: Starting numprocs=16 N=2000, M=2000 impl=allgather
7: Starting numprocs=16 N=2000, M=2000 impl=allgather
13: Starting numprocs=16 N=2000, M=2000 impl=allgather
6: Starting numprocs=16 N=2000, M=2000 impl=allgather
3: Starting numprocs=16 N=2000, M=2000 impl=allgather
2: Starting numprocs=16 N=2000, M=2000 impl=allgather
4: Starting numprocs=16 N=2000, M=2000 impl=allgather
0: Starting numprocs=16 N=2000, M=2000 impl=allgather
Iteration 0
5: Starting numprocs=16 N=2000, M=2000 impl=allgather
1: Starting numprocs=16 N=2000, M=2000 impl=allgather
12: Starting numprocs=16 N=2000, M=2000 impl=allgather
time: 0.072343s
Iteration 1
time: 0.060953s
Iteration 2
time: 0.060041s
Iteration 3
time: 0.060579s
Iteration 4
time: 0.060627s
Iteration 5
time: 0.070306s
Iteration 6
time: 0.061236s
Iteration 7
time: 0.060295s
Iteration 8
time: 0.061866s
Iteration 9
time: 0.059611s
Iteration 10
time: 0.059039s
Iteration 11
time: 0.058958s
Iteration 12
time: 0.058507s
Iteration 13
time: 0.058950s
Iteration 14
time: 0.060898s
Iteration 15
time: 0.058911s
Iteration 16
time: 0.059467s
Iteration 17
time: 0.059433s
Iteration 18
time: 0.059966s
Iteration 19
time: 0.060596s
Iteration 20
time: 0.060678s
Iteration 21
time: 0.059331s
Iteration 22
time: 0.061323s
Iteration 23
time: 0.061426s
Iteration 24
time: 0.062246s
2: Starting numprocs=16 N=2000, M=2000 impl=allreduce
8: Starting numprocs=16 N=2000, M=2000 impl=allreduce
11: Starting numprocs=16 N=2000, M=2000 impl=allreduce
13: Starting numprocs=16 N=2000, M=2000 impl=allreduce
0: Starting numprocs=16 N=2000, M=2000 impl=allreduce
Iteration 0
9: Starting numprocs=16 N=2000, M=2000 impl=allreduce
12: Starting numprocs=16 N=2000, M=2000 impl=allreduce
10: Starting numprocs=16 N=2000, M=2000 impl=allreduce
7: Starting numprocs=16 N=2000, M=2000 impl=allreduce
1: Starting numprocs=16 N=2000, M=2000 impl=allreduce
4: Starting numprocs=16 N=2000, M=2000 impl=allreduce
5: Starting numprocs=16 N=2000, M=2000 impl=allreduce
3: Starting numprocs=16 N=2000, M=2000 impl=allreduce
14: Starting numprocs=16 N=2000, M=2000 impl=allreduce
15: Starting numprocs=16 N=2000, M=2000 impl=allreduce
6: Starting numprocs=16 N=2000, M=2000 impl=allreduce
time: 3.563215s
Iteration 1
time: 0.090816s
Iteration 2
time: 0.067277s
Iteration 3
time: 3.977098s
Iteration 4
time: 0.097893s
Iteration 5
time: 4.363808s
Iteration 6
time: 0.068828s
Iteration 7
time: 0.066402s
Iteration 8
time: 0.067322s
Iteration 9
time: 0.065436s
Iteration 10
time: 0.065125s
Iteration 11
time: 0.065469s
Iteration 12
time: 0.072230s
Iteration 13
time: 0.067706s
Iteration 14
time: 0.066323s
Iteration 15
time: 0.074874s
Iteration 16
time: 0.067244s
Iteration 17
time: 0.067888s
Iteration 18
time: 0.070594s
Iteration 19
time: 2.110317s
Iteration 20
time: 0.069364s
Iteration 21
time: 0.071045s
Iteration 22
time: 0.069000s
Iteration 23
time: 0.069501s
Iteration 24
time: 0.074283s
2: Starting numprocs=16 N=2000, M=2000 impl=allreduce-ring
3: Starting numprocs=16 N=2000, M=2000 impl=allreduce-ring
15: Starting numprocs=16 N=2000, M=2000 impl=allreduce-ring
11: Starting numprocs=16 N=2000, M=2000 impl=allreduce-ring
8: Starting numprocs=16 N=2000, M=2000 impl=allreduce-ring
9: Starting numprocs=16 N=2000, M=2000 impl=allreduce-ring
4: Starting numprocs=16 N=2000, M=2000 impl=allreduce-ring
7: Starting numprocs=16 N=2000, M=2000 impl=allreduce-ring
14: Starting numprocs=16 N=2000, M=2000 impl=allreduce-ring
5: Starting numprocs=16 N=2000, M=2000 impl=allreduce-ring
10: Starting numprocs=16 N=2000, M=2000 impl=allreduce-ring
1: Starting numprocs=16 N=2000, M=2000 impl=allreduce-ring
0: Starting numprocs=16 N=2000, M=2000 impl=allreduce-ring
Iteration 0
13: Starting numprocs=16 N=2000, M=2000 impl=allreduce-ring
12: Starting numprocs=16 N=2000, M=2000 impl=allreduce-ring
6: Starting numprocs=16 N=2000, M=2000 impl=allreduce-ring
time: 0.071442s
Iteration 1
time: 0.060896s
Iteration 2
time: 0.059055s
Iteration 3
time: 0.058959s
Iteration 4
time: 0.058106s
Iteration 5
time: 0.059099s
Iteration 6
time: 0.058912s
Iteration 7
time: 0.059128s
Iteration 8
time: 0.058042s
Iteration 9
time: 0.058090s
Iteration 10
time: 0.057998s
Iteration 11
time: 0.059735s
Iteration 12
time: 0.057549s
Iteration 13
time: 0.058129s
Iteration 14
time: 0.058509s
Iteration 15
time: 0.058327s
Iteration 16
time: 0.057898s
Iteration 17
time: 0.059027s
Iteration 18
time: 0.059675s
Iteration 19
time: 0.080575s
Iteration 20
time: 2.233555s
Iteration 21
time: 0.057359s
Iteration 22
time: 0.057902s
Iteration 23
time: 0.057977s
Iteration 24
time: 0.060557s
11: Starting numprocs=16 N=2000, M=2000 impl=g-rabenseifner-allgather
3: Starting numprocs=16 N=2000, M=2000 impl=g-rabenseifner-allgather
9: Starting numprocs=16 N=2000, M=2000 impl=g-rabenseifner-allgather
0: Starting numprocs=16 N=2000, M=2000 impl=g-rabenseifner-allgather
Iteration 0
14: Starting numprocs=16 N=2000, M=2000 impl=g-rabenseifner-allgather
5: Starting numprocs=16 N=2000, M=2000 impl=g-rabenseifner-allgather
8: Starting numprocs=16 N=2000, M=2000 impl=g-rabenseifner-allgather
12: Starting numprocs=16 N=2000, M=2000 impl=g-rabenseifner-allgather
13: Starting numprocs=16 N=2000, M=2000 impl=g-rabenseifner-allgather
15: Starting numprocs=16 N=2000, M=2000 impl=g-rabenseifner-allgather
2: Starting numprocs=16 N=2000, M=2000 impl=g-rabenseifner-allgather
1: Starting numprocs=16 N=2000, M=2000 impl=g-rabenseifner-allgather
7: Starting numprocs=16 N=2000, M=2000 impl=g-rabenseifner-allgather
6: Starting numprocs=16 N=2000, M=2000 impl=g-rabenseifner-allgather
4: Starting numprocs=16 N=2000, M=2000 impl=g-rabenseifner-allgather
10: Starting numprocs=16 N=2000, M=2000 impl=g-rabenseifner-allgather
time: 0.034050s
Iteration 1
time: 0.029602s
Iteration 2
time: 0.029780s
Iteration 3
time: 0.029722s
Iteration 4
time: 0.029217s
Iteration 5
time: 0.029542s
Iteration 6
time: 0.029857s
Iteration 7
time: 0.030106s
Iteration 8
time: 0.029612s
Iteration 9
time: 0.029361s
Iteration 10
time: 1.766014s
Iteration 11
time: 0.391006s
Iteration 12
time: 0.029254s
Iteration 13
time: 0.029013s
Iteration 14
time: 0.029375s
Iteration 15
time: 0.029729s
Iteration 16
time: 0.029490s
Iteration 17
time: 0.029215s
Iteration 18
time: 0.029298s
Iteration 19
time: 0.029362s
Iteration 20
time: 0.029419s
Iteration 21
time: 0.029177s
Iteration 22
time: 0.029618s
Iteration 23
time: 0.029424s
Iteration 24
time: 0.029597s
8: Starting numprocs=16 N=2000, M=2000 impl=g-rabenseifner-subgroup-2
2: Starting numprocs=16 N=2000, M=2000 impl=g-rabenseifner-subgroup-2
5: Starting numprocs=16 N=2000, M=2000 impl=g-rabenseifner-subgroup-2
6: Starting numprocs=16 N=2000, M=2000 impl=g-rabenseifner-subgroup-2
13: Starting numprocs=16 N=2000, M=2000 impl=g-rabenseifner-subgroup-2
11: Starting numprocs=16 N=2000, M=2000 impl=g-rabenseifner-subgroup-2
7: Starting numprocs=16 N=2000, M=2000 impl=g-rabenseifner-subgroup-2
0: Starting numprocs=16 N=2000, M=2000 impl=g-rabenseifner-subgroup-2
Iteration 0
4: Starting numprocs=16 N=2000, M=2000 impl=g-rabenseifner-subgroup-2
1: Starting numprocs=16 N=2000, M=2000 impl=g-rabenseifner-subgroup-2
10: Starting numprocs=16 N=2000, M=2000 impl=g-rabenseifner-subgroup-2
12: Starting numprocs=16 N=2000, M=2000 impl=g-rabenseifner-subgroup-2
15: Starting numprocs=16 N=2000, M=2000 impl=g-rabenseifner-subgroup-2
3: Starting numprocs=16 N=2000, M=2000 impl=g-rabenseifner-subgroup-2
9: Starting numprocs=16 N=2000, M=2000 impl=g-rabenseifner-subgroup-2
14: Starting numprocs=16 N=2000, M=2000 impl=g-rabenseifner-subgroup-2
time: 1.531972s
Iteration 1
time: 0.031033s
Iteration 2
time: 0.030631s
Iteration 3
time: 0.031350s
Iteration 4
time: 0.031588s
Iteration 5
time: 0.031471s
Iteration 6
time: 0.031105s
Iteration 7
time: 0.031228s
Iteration 8
time: 0.031283s
Iteration 9
time: 0.030880s
Iteration 10
time: 0.030501s
Iteration 11
time: 0.031369s
Iteration 12
time: 0.030903s
Iteration 13
time: 0.031090s
Iteration 14
time: 0.031354s
Iteration 15
time: 0.031376s
Iteration 16
time: 0.031097s
Iteration 17
time: 0.031033s
Iteration 18
time: 0.030902s
Iteration 19
time: 0.030855s
Iteration 20
time: 0.030527s
Iteration 21
time: 0.030915s
Iteration 22
time: 0.031885s
Iteration 23
time: 0.031380s
Iteration 24
time: 0.031511s
2: Starting numprocs=16 N=2000, M=2000 impl=g-rabenseifner-subgroup-4
8: Starting numprocs=16 N=2000, M=2000 impl=g-rabenseifner-subgroup-4
7: Starting numprocs=16 N=2000, M=2000 impl=g-rabenseifner-subgroup-4
14: Starting numprocs=16 N=2000, M=2000 impl=g-rabenseifner-subgroup-4
4: Starting numprocs=16 N=2000, M=2000 impl=g-rabenseifner-subgroup-4
9: Starting numprocs=16 N=2000, M=2000 impl=g-rabenseifner-subgroup-4
5: Starting numprocs=16 N=2000, M=2000 impl=g-rabenseifner-subgroup-4
10: Starting numprocs=16 N=2000, M=2000 impl=g-rabenseifner-subgroup-4
12: Starting numprocs=16 N=2000, M=2000 impl=g-rabenseifner-subgroup-4
3: Starting numprocs=16 N=2000, M=2000 impl=g-rabenseifner-subgroup-4
1: Starting numprocs=16 N=2000, M=2000 impl=g-rabenseifner-subgroup-4
11: Starting numprocs=16 N=2000, M=2000 impl=g-rabenseifner-subgroup-4
15: Starting numprocs=16 N=2000, M=2000 impl=g-rabenseifner-subgroup-4
13: Starting numprocs=16 N=2000, M=2000 impl=g-rabenseifner-subgroup-4
6: Starting numprocs=16 N=2000, M=2000 impl=g-rabenseifner-subgroup-4
0: Starting numprocs=16 N=2000, M=2000 impl=g-rabenseifner-subgroup-4
Iteration 0
time: 0.052387s
Iteration 1
time: 0.034690s
Iteration 2
time: 0.034865s
Iteration 3
time: 0.033369s
Iteration 4
time: 0.033314s
Iteration 5
time: 0.034228s
Iteration 6
time: 0.034282s
Iteration 7
time: 0.034226s
Iteration 8
time: 0.033432s
Iteration 9
time: 0.033869s
Iteration 10
time: 0.033479s
Iteration 11
time: 0.033008s
Iteration 12
time: 0.033555s
Iteration 13
time: 0.033597s
Iteration 14
time: 0.033495s
Iteration 15
time: 0.033895s
Iteration 16
time: 0.034337s
Iteration 17
time: 0.034549s
Iteration 18
time: 0.033066s
Iteration 19
time: 0.033457s
Iteration 20
time: 0.034323s
Iteration 21
time: 0.033682s
Iteration 22
time: 0.033095s
Iteration 23
time: 0.033855s
Iteration 24
time: 0.034295s
0: Starting numprocs=16 N=2000, M=2000 impl=g-rabenseifner-subgroup-8
Iteration 0
13: Starting numprocs=16 N=2000, M=2000 impl=g-rabenseifner-subgroup-8
3: Starting numprocs=16 N=2000, M=2000 impl=g-rabenseifner-subgroup-8
11: Starting numprocs=16 N=2000, M=2000 impl=g-rabenseifner-subgroup-8
5: Starting numprocs=16 N=2000, M=2000 impl=g-rabenseifner-subgroup-8
9: Starting numprocs=16 N=2000, M=2000 impl=g-rabenseifner-subgroup-8
14: Starting numprocs=16 N=2000, M=2000 impl=g-rabenseifner-subgroup-8
12: Starting numprocs=16 N=2000, M=2000 impl=g-rabenseifner-subgroup-8
7: Starting numprocs=16 N=2000, M=2000 impl=g-rabenseifner-subgroup-8
2: Starting numprocs=16 N=2000, M=2000 impl=g-rabenseifner-subgroup-8
1: Starting numprocs=16 N=2000, M=2000 impl=g-rabenseifner-subgroup-8
15: Starting numprocs=16 N=2000, M=2000 impl=g-rabenseifner-subgroup-8
10: Starting numprocs=16 N=2000, M=2000 impl=g-rabenseifner-subgroup-8
4: Starting numprocs=16 N=2000, M=2000 impl=g-rabenseifner-subgroup-8
8: Starting numprocs=16 N=2000, M=2000 impl=g-rabenseifner-subgroup-8
6: Starting numprocs=16 N=2000, M=2000 impl=g-rabenseifner-subgroup-8
time: 0.052792s
Iteration 1
time: 0.041530s
Iteration 2
time: 0.041790s
Iteration 3
time: 0.041385s
Iteration 4
time: 0.042014s
Iteration 5
time: 0.041525s
Iteration 6
time: 0.041448s
Iteration 7
time: 0.040616s
Iteration 8
time: 0.040013s
Iteration 9
time: 0.039871s
Iteration 10
time: 0.039767s
Iteration 11
time: 0.039523s
Iteration 12
time: 0.040338s
Iteration 13
time: 0.040757s
Iteration 14
time: 0.042271s
Iteration 15
time: 0.039445s
Iteration 16
time: 0.039763s
Iteration 17
time: 0.039888s
Iteration 18
time: 0.039499s
Iteration 19
time: 0.039171s
Iteration 20
time: 0.038292s
Iteration 21
time: 0.039456s
Iteration 22
time: 0.039729s
Iteration 23
time: 0.038506s
Iteration 24
time: 0.041082s
7: Starting numprocs=16 N=3000, M=3000 impl=allgather
8: Starting numprocs=16 N=3000, M=3000 impl=allgather
4: Starting numprocs=16 N=3000, M=3000 impl=allgather
11: Starting numprocs=16 N=3000, M=3000 impl=allgather
5: Starting numprocs=16 N=3000, M=3000 impl=allgather
15: Starting numprocs=16 N=3000, M=3000 impl=allgather
2: Starting numprocs=16 N=3000, M=3000 impl=allgather
1: Starting numprocs=16 N=3000, M=3000 impl=allgather
14: Starting numprocs=16 N=3000, M=3000 impl=allgather
9: Starting numprocs=16 N=3000, M=3000 impl=allgather
3: Starting numprocs=16 N=3000, M=3000 impl=allgather
12: Starting numprocs=16 N=3000, M=3000 impl=allgather
13: Starting numprocs=16 N=3000, M=3000 impl=allgather
0: Starting numprocs=16 N=3000, M=3000 impl=allgather
Iteration 0
6: Starting numprocs=16 N=3000, M=3000 impl=allgather
10: Starting numprocs=16 N=3000, M=3000 impl=allgather
time: 0.161099s
Iteration 1
time: 0.154644s
Iteration 2
time: 0.151791s
Iteration 3
time: 0.142396s
Iteration 4
time: 0.136251s
Iteration 5
time: 0.141306s
Iteration 6
time: 0.164323s
Iteration 7
time: 0.145281s
Iteration 8
time: 0.144405s
Iteration 9
time: 0.139900s
Iteration 10
time: 0.170855s
Iteration 11
time: 0.151911s
Iteration 12
time: 0.147089s
Iteration 13
time: 0.157126s
Iteration 14
time: 0.142236s
Iteration 15
time: 0.139781s
Iteration 16
time: 0.138625s
Iteration 17
time: 0.139172s
Iteration 18
time: 0.143076s
Iteration 19
time: 0.140068s
Iteration 20
time: 0.141761s
Iteration 21
time: 0.155892s
Iteration 22
time: 0.147421s
Iteration 23
time: 0.137867s
Iteration 24
time: 0.140639s
7: Starting numprocs=16 N=3000, M=3000 impl=allreduce
4: Starting numprocs=16 N=3000, M=3000 impl=allreduce
8: Starting numprocs=16 N=3000, M=3000 impl=allreduce
9: Starting numprocs=16 N=3000, M=3000 impl=allreduce
10: Starting numprocs=16 N=3000, M=3000 impl=allreduce
5: Starting numprocs=16 N=3000, M=3000 impl=allreduce
11: Starting numprocs=16 N=3000, M=3000 impl=allreduce
0: Starting numprocs=16 N=3000, M=3000 impl=allreduce
Iteration 0
14: Starting numprocs=16 N=3000, M=3000 impl=allreduce
15: Starting numprocs=16 N=3000, M=3000 impl=allreduce
1: Starting numprocs=16 N=3000, M=3000 impl=allreduce
12: Starting numprocs=16 N=3000, M=3000 impl=allreduce
13: Starting numprocs=16 N=3000, M=3000 impl=allreduce
6: Starting numprocs=16 N=3000, M=3000 impl=allreduce
2: Starting numprocs=16 N=3000, M=3000 impl=allreduce
3: Starting numprocs=16 N=3000, M=3000 impl=allreduce
time: 0.223249s
Iteration 1
time: 0.189234s
Iteration 2
time: 0.197842s
Iteration 3
time: 0.195460s
Iteration 4
time: 0.193656s
Iteration 5
time: 0.191208s
Iteration 6
time: 0.199536s
Iteration 7
time: 0.194869s
Iteration 8
time: 0.257625s
Iteration 9
time: 1.404507s
Iteration 10
time: 0.204529s
Iteration 11
time: 0.192877s
Iteration 12
time: 0.197923s
Iteration 13
time: 0.265897s
Iteration 14
time: 0.220071s
Iteration 15
time: 0.197603s
Iteration 16
time: 0.190368s
Iteration 17
time: 0.194305s
Iteration 18
time: 0.191815s
Iteration 19
time: 0.193508s
Iteration 20
time: 0.298778s
Iteration 21
time: 0.193428s
Iteration 22
time: 0.188817s
Iteration 23
time: 0.190527s
Iteration 24
time: 0.189942s
7: Starting numprocs=16 N=3000, M=3000 impl=allreduce-ring
11: Starting numprocs=16 N=3000, M=3000 impl=allreduce-ring
4: Starting numprocs=16 N=3000, M=3000 impl=allreduce-ring
10: Starting numprocs=16 N=3000, M=3000 impl=allreduce-ring
15: Starting numprocs=16 N=3000, M=3000 impl=allreduce-ring
3: Starting numprocs=16 N=3000, M=3000 impl=allreduce-ring
8: Starting numprocs=16 N=3000, M=3000 impl=allreduce-ring
2: Starting numprocs=16 N=3000, M=3000 impl=allreduce-ring
5: Starting numprocs=16 N=3000, M=3000 impl=allreduce-ring
0: Starting numprocs=16 N=3000, M=3000 impl=allreduce-ring
Iteration 0
9: Starting numprocs=16 N=3000, M=3000 impl=allreduce-ring
12: Starting numprocs=16 N=3000, M=3000 impl=allreduce-ring
14: Starting numprocs=16 N=3000, M=3000 impl=allreduce-ring
13: Starting numprocs=16 N=3000, M=3000 impl=allreduce-ring
6: Starting numprocs=16 N=3000, M=3000 impl=allreduce-ring
1: Starting numprocs=16 N=3000, M=3000 impl=allreduce-ring
time: 0.152819s
Iteration 1
time: 0.183507s
Iteration 2
time: 0.135135s
Iteration 3
time: 0.130685s
Iteration 4
time: 0.133659s
Iteration 5
time: 0.130999s
Iteration 6
time: 0.137043s
Iteration 7
time: 0.135198s
Iteration 8
time: 0.130771s
Iteration 9
time: 0.130377s
Iteration 10
time: 0.130704s
Iteration 11
time: 0.167919s
Iteration 12
time: 0.135060s
Iteration 13
time: 0.133759s
Iteration 14
time: 0.129620s
Iteration 15
time: 0.130022s
Iteration 16
time: 0.134914s
Iteration 17
time: 0.131247s
Iteration 18
time: 0.152757s
Iteration 19
time: 0.130550s
Iteration 20
time: 0.131511s
Iteration 21
time: 0.138255s
Iteration 22
time: 0.132450s
Iteration 23
time: 0.129901s
Iteration 24
time: 0.134092s
9: Starting numprocs=16 N=3000, M=3000 impl=g-rabenseifner-allgather
7: Starting numprocs=16 N=3000, M=3000 impl=g-rabenseifner-allgather
8: Starting numprocs=16 N=3000, M=3000 impl=g-rabenseifner-allgather
11: Starting numprocs=16 N=3000, M=3000 impl=g-rabenseifner-allgather
10: Starting numprocs=16 N=3000, M=3000 impl=g-rabenseifner-allgather
15: Starting numprocs=16 N=3000, M=3000 impl=g-rabenseifner-allgather
0: Starting numprocs=16 N=3000, M=3000 impl=g-rabenseifner-allgather
Iteration 0
6: Starting numprocs=16 N=3000, M=3000 impl=g-rabenseifner-allgather
13: Starting numprocs=16 N=3000, M=3000 impl=g-rabenseifner-allgather
4: Starting numprocs=16 N=3000, M=3000 impl=g-rabenseifner-allgather
1: Starting numprocs=16 N=3000, M=3000 impl=g-rabenseifner-allgather
5: Starting numprocs=16 N=3000, M=3000 impl=g-rabenseifner-allgather
3: Starting numprocs=16 N=3000, M=3000 impl=g-rabenseifner-allgather
12: Starting numprocs=16 N=3000, M=3000 impl=g-rabenseifner-allgather
14: Starting numprocs=16 N=3000, M=3000 impl=g-rabenseifner-allgather
2: Starting numprocs=16 N=3000, M=3000 impl=g-rabenseifner-allgather
time: 0.091063s
Iteration 1
time: 0.066375s
Iteration 2
time: 0.067531s
Iteration 3
time: 0.066181s
Iteration 4
time: 0.065417s
Iteration 5
time: 2.196489s
Iteration 6
time: 0.065496s
Iteration 7
time: 0.065183s
Iteration 8
time: 0.065711s
Iteration 9
time: 0.065556s
Iteration 10
time: 0.065755s
Iteration 11
time: 0.065357s
Iteration 12
time: 0.065672s
Iteration 13
time: 0.065317s
Iteration 14
time: 0.065221s
Iteration 15
time: 0.066396s
Iteration 16
time: 0.065493s
Iteration 17
time: 0.065498s
Iteration 18
time: 0.065571s
Iteration 19
time: 0.065812s
Iteration 20
time: 0.065812s
Iteration 21
time: 0.065716s
Iteration 22
time: 0.067830s
Iteration 23
time: 0.065589s
Iteration 24
time: 0.065679s
7: Starting numprocs=16 N=3000, M=3000 impl=g-rabenseifner-subgroup-2
15: Starting numprocs=16 N=3000, M=3000 impl=g-rabenseifner-subgroup-2
0: Starting numprocs=16 N=3000, M=3000 impl=g-rabenseifner-subgroup-2
Iteration 0
10: Starting numprocs=16 N=3000, M=3000 impl=g-rabenseifner-subgroup-2
4: Starting numprocs=16 N=3000, M=3000 impl=g-rabenseifner-subgroup-2
8: Starting numprocs=16 N=3000, M=3000 impl=g-rabenseifner-subgroup-2
11: Starting numprocs=16 N=3000, M=3000 impl=g-rabenseifner-subgroup-2
9: Starting numprocs=16 N=3000, M=3000 impl=g-rabenseifner-subgroup-2
5: Starting numprocs=16 N=3000, M=3000 impl=g-rabenseifner-subgroup-2
3: Starting numprocs=16 N=3000, M=3000 impl=g-rabenseifner-subgroup-2
14: Starting numprocs=16 N=3000, M=3000 impl=g-rabenseifner-subgroup-2
1: Starting numprocs=16 N=3000, M=3000 impl=g-rabenseifner-subgroup-2
2: Starting numprocs=16 N=3000, M=3000 impl=g-rabenseifner-subgroup-2
12: Starting numprocs=16 N=3000, M=3000 impl=g-rabenseifner-subgroup-2
6: Starting numprocs=16 N=3000, M=3000 impl=g-rabenseifner-subgroup-2
13: Starting numprocs=16 N=3000, M=3000 impl=g-rabenseifner-subgroup-2
time: 0.096818s
Iteration 1
time: 0.068414s
Iteration 2
time: 0.068035s
Iteration 3
time: 0.068120s
Iteration 4
time: 0.068004s
Iteration 5
time: 0.068587s
Iteration 6
time: 0.068018s
Iteration 7
time: 0.068168s
Iteration 8
time: 0.068732s
Iteration 9
time: 0.068085s
Iteration 10
time: 0.069191s
Iteration 11
time: 0.073030s
Iteration 12
time: 0.068219s
Iteration 13
time: 0.068622s
Iteration 14
time: 0.068291s
Iteration 15
time: 0.069217s
Iteration 16
time: 0.068272s
Iteration 17
time: 0.068461s
Iteration 18
time: 0.068246s
Iteration 19
time: 0.068750s
Iteration 20
time: 0.068663s
Iteration 21
time: 0.068725s
Iteration 22
time: 0.068636s
Iteration 23
time: 0.068081s
Iteration 24
time: 0.068824s
7: Starting numprocs=16 N=3000, M=3000 impl=g-rabenseifner-subgroup-4
13: Starting numprocs=16 N=3000, M=3000 impl=g-rabenseifner-subgroup-4
15: Starting numprocs=16 N=3000, M=3000 impl=g-rabenseifner-subgroup-4
3: Starting numprocs=16 N=3000, M=3000 impl=g-rabenseifner-subgroup-4
5: Starting numprocs=16 N=3000, M=3000 impl=g-rabenseifner-subgroup-4
10: Starting numprocs=16 N=3000, M=3000 impl=g-rabenseifner-subgroup-4
9: Starting numprocs=16 N=3000, M=3000 impl=g-rabenseifner-subgroup-4
8: Starting numprocs=16 N=3000, M=3000 impl=g-rabenseifner-subgroup-4
1: Starting numprocs=16 N=3000, M=3000 impl=g-rabenseifner-subgroup-4
0: Starting numprocs=16 N=3000, M=3000 impl=g-rabenseifner-subgroup-4
Iteration 0
4: Starting numprocs=16 N=3000, M=3000 impl=g-rabenseifner-subgroup-4
2: Starting numprocs=16 N=3000, M=3000 impl=g-rabenseifner-subgroup-4
12: Starting numprocs=16 N=3000, M=3000 impl=g-rabenseifner-subgroup-4
14: Starting numprocs=16 N=3000, M=3000 impl=g-rabenseifner-subgroup-4
6: Starting numprocs=16 N=3000, M=3000 impl=g-rabenseifner-subgroup-4
11: Starting numprocs=16 N=3000, M=3000 impl=g-rabenseifner-subgroup-4
time: 0.100236s
Iteration 1
time: 0.074374s
Iteration 2
time: 0.074055s
Iteration 3
time: 0.075865s
Iteration 4
time: 0.073985s
Iteration 5
time: 0.072729s
Iteration 6
time: 0.074913s
Iteration 7
time: 0.076370s
Iteration 8
time: 0.074353s
Iteration 9
time: 0.074988s
Iteration 10
time: 0.074966s
Iteration 11
time: 0.075849s
Iteration 12
time: 0.074908s
Iteration 13
time: 0.075778s
Iteration 14
time: 0.076075s
Iteration 15
time: 0.076289s
Iteration 16
time: 0.075429s
Iteration 17
time: 0.073477s
Iteration 18
time: 0.076663s
Iteration 19
time: 0.075121s
Iteration 20
time: 0.074494s
Iteration 21
time: 0.075420s
Iteration 22
time: 0.074341s
Iteration 23
time: 0.077820s
Iteration 24
time: 0.075304s
3: Starting numprocs=16 N=3000, M=3000 impl=g-rabenseifner-subgroup-8
10: Starting numprocs=16 N=3000, M=3000 impl=g-rabenseifner-subgroup-8
11: Starting numprocs=16 N=3000, M=3000 impl=g-rabenseifner-subgroup-8
7: Starting numprocs=16 N=3000, M=3000 impl=g-rabenseifner-subgroup-8
9: Starting numprocs=16 N=3000, M=3000 impl=g-rabenseifner-subgroup-8
8: Starting numprocs=16 N=3000, M=3000 impl=g-rabenseifner-subgroup-8
15: Starting numprocs=16 N=3000, M=3000 impl=g-rabenseifner-subgroup-8
5: Starting numprocs=16 N=3000, M=3000 impl=g-rabenseifner-subgroup-8
12: Starting numprocs=16 N=3000, M=3000 impl=g-rabenseifner-subgroup-8
1: Starting numprocs=16 N=3000, M=3000 impl=g-rabenseifner-subgroup-8
6: Starting numprocs=16 N=3000, M=3000 impl=g-rabenseifner-subgroup-8
4: Starting numprocs=16 N=3000, M=3000 impl=g-rabenseifner-subgroup-8
14: Starting numprocs=16 N=3000, M=3000 impl=g-rabenseifner-subgroup-8
2: Starting numprocs=16 N=3000, M=3000 impl=g-rabenseifner-subgroup-8
13: Starting numprocs=16 N=3000, M=3000 impl=g-rabenseifner-subgroup-8
0: Starting numprocs=16 N=3000, M=3000 impl=g-rabenseifner-subgroup-8
Iteration 0
time: 0.105109s
Iteration 1
time: 0.089687s
Iteration 2
time: 0.089647s
Iteration 3
time: 0.092368s
Iteration 4
time: 0.088305s
Iteration 5
time: 0.090811s
Iteration 6
time: 0.089881s
Iteration 7
time: 0.089883s
Iteration 8
time: 0.090452s
Iteration 9
time: 0.090648s
Iteration 10
time: 0.090464s
Iteration 11
time: 0.091075s
Iteration 12
time: 0.089704s
Iteration 13
time: 0.088745s
Iteration 14
time: 0.087058s
Iteration 15
time: 0.087676s
Iteration 16
time: 0.089279s
Iteration 17
time: 0.084982s
Iteration 18
time: 0.088884s
Iteration 19
time: 0.087425s
Iteration 20
time: 0.088840s
Iteration 21
time: 0.090423s
Iteration 22
time: 0.089455s
Iteration 23
time: 0.088316s
Iteration 24
time: 0.087635s
3: Starting numprocs=16 N=4000, M=4000 impl=allgather
7: Starting numprocs=16 N=4000, M=4000 impl=allgather
8: Starting numprocs=16 N=4000, M=4000 impl=allgather
14: Starting numprocs=16 N=4000, M=4000 impl=allgather
10: Starting numprocs=16 N=4000, M=4000 impl=allgather
13: Starting numprocs=16 N=4000, M=4000 impl=allgather
11: Starting numprocs=16 N=4000, M=4000 impl=allgather
5: Starting numprocs=16 N=4000, M=4000 impl=allgather
9: Starting numprocs=16 N=4000, M=4000 impl=allgather
2: Starting numprocs=16 N=4000, M=4000 impl=allgather
12: Starting numprocs=16 N=4000, M=4000 impl=allgather
1: Starting numprocs=16 N=4000, M=4000 impl=allgather
15: Starting numprocs=16 N=4000, M=4000 impl=allgather
4: Starting numprocs=16 N=4000, M=4000 impl=allgather
6: Starting numprocs=16 N=4000, M=4000 impl=allgather
0: Starting numprocs=16 N=4000, M=4000 impl=allgather
Iteration 0
time: 0.281976s
Iteration 1
time: 0.337185s
Iteration 2
time: 0.296965s
Iteration 3
time: 0.294059s
Iteration 4
time: 0.291304s
Iteration 5
time: 0.284649s
Iteration 6
time: 0.277490s
Iteration 7
time: 0.278191s
Iteration 8
time: 0.278014s
Iteration 9
time: 0.343011s
Iteration 10
time: 0.320906s
Iteration 11
time: 0.307983s
Iteration 12
time: 0.344954s
Iteration 13
time: 0.312528s
Iteration 14
time: 0.300040s
Iteration 15
time: 0.283650s
Iteration 16
time: 0.298761s
Iteration 17
time: 0.280037s
Iteration 18
time: 0.303473s
Iteration 19
time: 0.294784s
Iteration 20
time: 0.337935s
Iteration 21
time: 0.315485s
Iteration 22
time: 0.276786s
Iteration 23
time: 0.295879s
Iteration 24
time: 0.348992s
7: Starting numprocs=16 N=4000, M=4000 impl=allreduce
4: Starting numprocs=16 N=4000, M=4000 impl=allreduce
14: Starting numprocs=16 N=4000, M=4000 impl=allreduce
0: Starting numprocs=16 N=4000, M=4000 impl=allreduce
Iteration 0
8: Starting numprocs=16 N=4000, M=4000 impl=allreduce
3: Starting numprocs=16 N=4000, M=4000 impl=allreduce
11: Starting numprocs=16 N=4000, M=4000 impl=allreduce
9: Starting numprocs=16 N=4000, M=4000 impl=allreduce
10: Starting numprocs=16 N=4000, M=4000 impl=allreduce
2: Starting numprocs=16 N=4000, M=4000 impl=allreduce
6: Starting numprocs=16 N=4000, M=4000 impl=allreduce
12: Starting numprocs=16 N=4000, M=4000 impl=allreduce
1: Starting numprocs=16 N=4000, M=4000 impl=allreduce
5: Starting numprocs=16 N=4000, M=4000 impl=allreduce
15: Starting numprocs=16 N=4000, M=4000 impl=allreduce
13: Starting numprocs=16 N=4000, M=4000 impl=allreduce
time: 0.385400s
Iteration 1
time: 0.348237s
Iteration 2
time: 6.039100s
Iteration 3
time: 0.343839s
Iteration 4
time: 0.356005s
Iteration 5
time: 0.365240s
Iteration 6
time: 0.345431s
Iteration 7
time: 0.351682s
Iteration 8
time: 0.343947s
Iteration 9
time: 0.343023s
Iteration 10
time: 0.361147s
Iteration 11
time: 0.341548s
Iteration 12
time: 0.340178s
Iteration 13
time: 0.360759s
Iteration 14
time: 0.358028s
Iteration 15
time: 2.016511s
Iteration 16
time: 0.355733s
Iteration 17
time: 0.348689s
Iteration 18
time: 0.350106s
Iteration 19
time: 0.345656s
Iteration 20
time: 0.341238s
Iteration 21
time: 0.349036s
Iteration 22
time: 0.343676s
Iteration 23
time: 0.358860s
Iteration 24
time: 0.366317s
7: Starting numprocs=16 N=4000, M=4000 impl=allreduce-ring
11: Starting numprocs=16 N=4000, M=4000 impl=allreduce-ring
15: Starting numprocs=16 N=4000, M=4000 impl=allreduce-ring
3: Starting numprocs=16 N=4000, M=4000 impl=allreduce-ring
0: Starting numprocs=16 N=4000, M=4000 impl=allreduce-ring
Iteration 0
8: Starting numprocs=16 N=4000, M=4000 impl=allreduce-ring
5: Starting numprocs=16 N=4000, M=4000 impl=allreduce-ring
10: Starting numprocs=16 N=4000, M=4000 impl=allreduce-ring
2: Starting numprocs=16 N=4000, M=4000 impl=allreduce-ring
13: Starting numprocs=16 N=4000, M=4000 impl=allreduce-ring
6: Starting numprocs=16 N=4000, M=4000 impl=allreduce-ring
1: Starting numprocs=16 N=4000, M=4000 impl=allreduce-ring
12: Starting numprocs=16 N=4000, M=4000 impl=allreduce-ring
14: Starting numprocs=16 N=4000, M=4000 impl=allreduce-ring
9: Starting numprocs=16 N=4000, M=4000 impl=allreduce-ring
4: Starting numprocs=16 N=4000, M=4000 impl=allreduce-ring
time: 0.261995s
Iteration 1
time: 0.247573s
Iteration 2
time: 0.236254s
Iteration 3
time: 0.231983s
Iteration 4
time: 0.238636s
Iteration 5
time: 0.248269s
Iteration 6
time: 0.241104s
Iteration 7
time: 0.236956s
Iteration 8
time: 0.232372s
Iteration 9
time: 0.235022s
Iteration 10
time: 0.241331s
Iteration 11
time: 0.242621s
Iteration 12
time: 0.231615s
Iteration 13
time: 0.236061s
Iteration 14
time: 0.234695s
Iteration 15
time: 0.249361s
Iteration 16
time: 0.235435s
Iteration 17
time: 0.233327s
Iteration 18
time: 0.246914s
Iteration 19
time: 6.188191s
Iteration 20
time: 0.234524s
Iteration 21
time: 0.250615s
Iteration 22
time: 0.241688s
Iteration 23
time: 0.236789s
Iteration 24
time: 0.236281s
3: Starting numprocs=16 N=4000, M=4000 impl=g-rabenseifner-allgather
8: Starting numprocs=16 N=4000, M=4000 impl=g-rabenseifner-allgather
7: Starting numprocs=16 N=4000, M=4000 impl=g-rabenseifner-allgather
5: Starting numprocs=16 N=4000, M=4000 impl=g-rabenseifner-allgather
4: Starting numprocs=16 N=4000, M=4000 impl=g-rabenseifner-allgather
2: Starting numprocs=16 N=4000, M=4000 impl=g-rabenseifner-allgather
1: Starting numprocs=16 N=4000, M=4000 impl=g-rabenseifner-allgather
15: Starting numprocs=16 N=4000, M=4000 impl=g-rabenseifner-allgather
11: Starting numprocs=16 N=4000, M=4000 impl=g-rabenseifner-allgather
10: Starting numprocs=16 N=4000, M=4000 impl=g-rabenseifner-allgather
12: Starting numprocs=16 N=4000, M=4000 impl=g-rabenseifner-allgather
6: Starting numprocs=16 N=4000, M=4000 impl=g-rabenseifner-allgather
14: Starting numprocs=16 N=4000, M=4000 impl=g-rabenseifner-allgather
0: Starting numprocs=16 N=4000, M=4000 impl=g-rabenseifner-allgather
Iteration 0
9: Starting numprocs=16 N=4000, M=4000 impl=g-rabenseifner-allgather
13: Starting numprocs=16 N=4000, M=4000 impl=g-rabenseifner-allgather
time: 0.142934s
Iteration 1
time: 0.116340s
Iteration 2
time: 0.116636s
Iteration 3
time: 0.115898s
Iteration 4
time: 0.115802s
Iteration 5
time: 0.116302s
Iteration 6
time: 0.115729s
Iteration 7
time: 0.115769s
Iteration 8
time: 0.115967s
Iteration 9
time: 0.116070s
Iteration 10
time: 0.115685s
Iteration 11
time: 0.116220s
Iteration 12
time: 0.115719s
Iteration 13
time: 0.115688s
Iteration 14
time: 0.116176s
Iteration 15
time: 0.116090s
Iteration 16
time: 0.116572s
Iteration 17
time: 0.116290s
Iteration 18
time: 0.116332s
Iteration 19
time: 0.115703s
Iteration 20
time: 0.115544s
Iteration 21
time: 0.115985s
Iteration 22
time: 0.115716s
Iteration 23
time: 0.115728s
Iteration 24
time: 0.116126s
7: Starting numprocs=16 N=4000, M=4000 impl=g-rabenseifner-subgroup-2
3: Starting numprocs=16 N=4000, M=4000 impl=g-rabenseifner-subgroup-2
8: Starting numprocs=16 N=4000, M=4000 impl=g-rabenseifner-subgroup-2
10: Starting numprocs=16 N=4000, M=4000 impl=g-rabenseifner-subgroup-2
14: Starting numprocs=16 N=4000, M=4000 impl=g-rabenseifner-subgroup-2
11: Starting numprocs=16 N=4000, M=4000 impl=g-rabenseifner-subgroup-2
13: Starting numprocs=16 N=4000, M=4000 impl=g-rabenseifner-subgroup-2
2: Starting numprocs=16 N=4000, M=4000 impl=g-rabenseifner-subgroup-2
5: Starting numprocs=16 N=4000, M=4000 impl=g-rabenseifner-subgroup-2
1: Starting numprocs=16 N=4000, M=4000 impl=g-rabenseifner-subgroup-2
0: Starting numprocs=16 N=4000, M=4000 impl=g-rabenseifner-subgroup-2
Iteration 0
12: Starting numprocs=16 N=4000, M=4000 impl=g-rabenseifner-subgroup-2
6: Starting numprocs=16 N=4000, M=4000 impl=g-rabenseifner-subgroup-2
9: Starting numprocs=16 N=4000, M=4000 impl=g-rabenseifner-subgroup-2
15: Starting numprocs=16 N=4000, M=4000 impl=g-rabenseifner-subgroup-2
4: Starting numprocs=16 N=4000, M=4000 impl=g-rabenseifner-subgroup-2
time: 0.150325s
Iteration 1
time: 0.120539s
Iteration 2
time: 0.120408s
Iteration 3
time: 0.121438s
Iteration 4
time: 0.120782s
Iteration 5
time: 0.121283s
Iteration 6
time: 0.120424s
Iteration 7
time: 0.120945s
Iteration 8
time: 0.120045s
Iteration 9
time: 0.120098s
Iteration 10
time: 2.282222s
Iteration 11
time: 0.120679s
Iteration 12
time: 0.121019s
Iteration 13
time: 0.120744s
Iteration 14
time: 0.120815s
Iteration 15
time: 0.121834s
Iteration 16
time: 0.121186s
Iteration 17
time: 0.120140s
Iteration 18
time: 0.120820s
Iteration 19
time: 0.120092s
Iteration 20
time: 0.120711s
Iteration 21
time: 0.121865s
Iteration 22
time: 0.121308s
Iteration 23
time: 0.120425s
Iteration 24
time: 0.120003s
7: Starting numprocs=16 N=4000, M=4000 impl=g-rabenseifner-subgroup-4
3: Starting numprocs=16 N=4000, M=4000 impl=g-rabenseifner-subgroup-4
8: Starting numprocs=16 N=4000, M=4000 impl=g-rabenseifner-subgroup-4
11: Starting numprocs=16 N=4000, M=4000 impl=g-rabenseifner-subgroup-4
10: Starting numprocs=16 N=4000, M=4000 impl=g-rabenseifner-subgroup-4
5: Starting numprocs=16 N=4000, M=4000 impl=g-rabenseifner-subgroup-4
1: Starting numprocs=16 N=4000, M=4000 impl=g-rabenseifner-subgroup-4
13: Starting numprocs=16 N=4000, M=4000 impl=g-rabenseifner-subgroup-4
15: Starting numprocs=16 N=4000, M=4000 impl=g-rabenseifner-subgroup-4
14: Starting numprocs=16 N=4000, M=4000 impl=g-rabenseifner-subgroup-4
12: Starting numprocs=16 N=4000, M=4000 impl=g-rabenseifner-subgroup-4
0: Starting numprocs=16 N=4000, M=4000 impl=g-rabenseifner-subgroup-4
Iteration 0
4: Starting numprocs=16 N=4000, M=4000 impl=g-rabenseifner-subgroup-4
6: Starting numprocs=16 N=4000, M=4000 impl=g-rabenseifner-subgroup-4
9: Starting numprocs=16 N=4000, M=4000 impl=g-rabenseifner-subgroup-4
2: Starting numprocs=16 N=4000, M=4000 impl=g-rabenseifner-subgroup-4
time: 0.174876s
Iteration 1
time: 2.277036s
Iteration 2
time: 0.130871s
Iteration 3
time: 0.135111s
Iteration 4
time: 2.231953s
Iteration 5
time: 0.130734s
Iteration 6
time: 0.130815s
Iteration 7
time: 0.132838s
Iteration 8
time: 0.131193s
Iteration 9
time: 1.779374s
Iteration 10
time: 0.133081s
Iteration 11
time: 2.281731s
Iteration 12
time: 0.131434s
Iteration 13
time: 0.131146s
Iteration 14
time: 0.130526s
Iteration 15
time: 0.130445s
Iteration 16
time: 0.130168s
Iteration 17
time: 0.138004s
Iteration 18
time: 0.137265s
Iteration 19
time: 0.137638s
Iteration 20
time: 0.137530s
Iteration 21
time: 0.136730s
Iteration 22
time: 0.136441s
Iteration 23
time: 0.137136s
Iteration 24
time: 1.484421s
7: Starting numprocs=16 N=4000, M=4000 impl=g-rabenseifner-subgroup-8
8: Starting numprocs=16 N=4000, M=4000 impl=g-rabenseifner-subgroup-8
3: Starting numprocs=16 N=4000, M=4000 impl=g-rabenseifner-subgroup-8
13: Starting numprocs=16 N=4000, M=4000 impl=g-rabenseifner-subgroup-8
14: Starting numprocs=16 N=4000, M=4000 impl=g-rabenseifner-subgroup-8
11: Starting numprocs=16 N=4000, M=4000 impl=g-rabenseifner-subgroup-8
15: Starting numprocs=16 N=4000, M=4000 impl=g-rabenseifner-subgroup-8
10: Starting numprocs=16 N=4000, M=4000 impl=g-rabenseifner-subgroup-8
2: Starting numprocs=16 N=4000, M=4000 impl=g-rabenseifner-subgroup-8
1: Starting numprocs=16 N=4000, M=4000 impl=g-rabenseifner-subgroup-8
12: Starting numprocs=16 N=4000, M=4000 impl=g-rabenseifner-subgroup-8
9: Starting numprocs=16 N=4000, M=4000 impl=g-rabenseifner-subgroup-8
4: Starting numprocs=16 N=4000, M=4000 impl=g-rabenseifner-subgroup-8
5: Starting numprocs=16 N=4000, M=4000 impl=g-rabenseifner-subgroup-8
0: Starting numprocs=16 N=4000, M=4000 impl=g-rabenseifner-subgroup-8
Iteration 0
6: Starting numprocs=16 N=4000, M=4000 impl=g-rabenseifner-subgroup-8
time: 0.190059s
Iteration 1
time: 0.151498s
Iteration 2
time: 0.151900s
Iteration 3
time: 0.151633s
Iteration 4
time: 0.149716s
Iteration 5
time: 0.152312s
Iteration 6
time: 0.152208s
Iteration 7
time: 0.150428s
Iteration 8
time: 0.154324s
Iteration 9
time: 0.151865s
Iteration 10
time: 0.151732s
Iteration 11
time: 0.153689s
Iteration 12
time: 0.154926s
Iteration 13
time: 0.152112s
Iteration 14
time: 2.110996s
Iteration 15
time: 0.155348s
Iteration 16
time: 0.151131s
Iteration 17
time: 0.166527s
Iteration 18
time: 2.224151s
Iteration 19
time: 0.167633s
Iteration 20
time: 0.169163s
Iteration 21
time: 0.156511s
Iteration 22
time: 2.278848s
Iteration 23
time: 0.153488s
Iteration 24
time: 0.154482s
8: Starting numprocs=16 N=5000, M=5000 impl=allgather
11: Starting numprocs=16 N=5000, M=5000 impl=allgather
3: Starting numprocs=16 N=5000, M=5000 impl=allgather
7: Starting numprocs=16 N=5000, M=5000 impl=allgather
15: Starting numprocs=16 N=5000, M=5000 impl=allgather
5: Starting numprocs=16 N=5000, M=5000 impl=allgather
10: Starting numprocs=16 N=5000, M=5000 impl=allgather
2: Starting numprocs=16 N=5000, M=5000 impl=allgather
4: Starting numprocs=16 N=5000, M=5000 impl=allgather
1: Starting numprocs=16 N=5000, M=5000 impl=allgather
12: Starting numprocs=16 N=5000, M=5000 impl=allgather
9: Starting numprocs=16 N=5000, M=5000 impl=allgather
13: Starting numprocs=16 N=5000, M=5000 impl=allgather
6: Starting numprocs=16 N=5000, M=5000 impl=allgather
0: Starting numprocs=16 N=5000, M=5000 impl=allgather
Iteration 0
14: Starting numprocs=16 N=5000, M=5000 impl=allgather
time: 0.497022s
Iteration 1
time: 0.468686s
Iteration 2
time: 0.466367s
Iteration 3
time: 0.526682s
Iteration 4
time: 0.452410s
Iteration 5
time: 0.455491s
Iteration 6
time: 0.469043s
Iteration 7
time: 0.527290s
Iteration 8
time: 0.463237s
Iteration 9
time: 0.480873s
Iteration 10
time: 0.485690s
Iteration 11
time: 0.457587s
Iteration 12
time: 0.497091s
Iteration 13
time: 0.502046s
Iteration 14
time: 0.468493s
Iteration 15
time: 0.487526s
Iteration 16
time: 0.478238s
Iteration 17
time: 0.480237s
Iteration 18
time: 0.474941s
Iteration 19
time: 0.454870s
Iteration 20
time: 0.468503s
Iteration 21
time: 0.505898s
Iteration 22
time: 0.456079s
Iteration 23
time: 0.455927s
Iteration 24
time: 0.473977s
8: Starting numprocs=16 N=5000, M=5000 impl=allreduce
7: Starting numprocs=16 N=5000, M=5000 impl=allreduce
3: Starting numprocs=16 N=5000, M=5000 impl=allreduce
4: Starting numprocs=16 N=5000, M=5000 impl=allreduce
11: Starting numprocs=16 N=5000, M=5000 impl=allreduce
2: Starting numprocs=16 N=5000, M=5000 impl=allreduce
15: Starting numprocs=16 N=5000, M=5000 impl=allreduce
10: Starting numprocs=16 N=5000, M=5000 impl=allreduce
1: Starting numprocs=16 N=5000, M=5000 impl=allreduce
5: Starting numprocs=16 N=5000, M=5000 impl=allreduce
13: Starting numprocs=16 N=5000, M=5000 impl=allreduce
6: Starting numprocs=16 N=5000, M=5000 impl=allreduce
12: Starting numprocs=16 N=5000, M=5000 impl=allreduce
9: Starting numprocs=16 N=5000, M=5000 impl=allreduce
14: Starting numprocs=16 N=5000, M=5000 impl=allreduce
0: Starting numprocs=16 N=5000, M=5000 impl=allreduce
Iteration 0
time: 2.139923s
Iteration 1
time: 0.545694s
Iteration 2
time: 0.539470s
Iteration 3
time: 13.107613s
Iteration 4
time: 8.564682s
Iteration 5
time: 2.036442s
Iteration 6
time: 0.531682s
Iteration 7
time: 0.537214s
Iteration 8
time: 0.565500s
Iteration 9
time: 19.627933s
Iteration 10
time: 0.599405s
Iteration 11
time: 0.561985s
Iteration 12
time: 18.850665s
Iteration 13
time: 0.533162s
Iteration 14
time: 0.533665s
Iteration 15
time: 0.535815s
Iteration 16
time: 2.208610s
Iteration 17
time: 32.865294s
Iteration 18
time: 0.546520s
Iteration 19
time: 0.652518s
Iteration 20
time: 0.684169s
Iteration 21
time: 0.534283s
Iteration 22
time: 0.533680s
Iteration 23
time: 4.026614s
Iteration 24
time: 11.374582s
7: Starting numprocs=16 N=5000, M=5000 impl=allreduce-ring
10: Starting numprocs=16 N=5000, M=5000 impl=allreduce-ring
11: Starting numprocs=16 N=5000, M=5000 impl=allreduce-ring
5: Starting numprocs=16 N=5000, M=5000 impl=allreduce-ring
8: Starting numprocs=16 N=5000, M=5000 impl=allreduce-ring
4: Starting numprocs=16 N=5000, M=5000 impl=allreduce-ring
12: Starting numprocs=16 N=5000, M=5000 impl=allreduce-ring
3: Starting numprocs=16 N=5000, M=5000 impl=allreduce-ring
13: Starting numprocs=16 N=5000, M=5000 impl=allreduce-ring
6: Starting numprocs=16 N=5000, M=5000 impl=allreduce-ring
1: Starting numprocs=16 N=5000, M=5000 impl=allreduce-ring
15: Starting numprocs=16 N=5000, M=5000 impl=allreduce-ring
0: Starting numprocs=16 N=5000, M=5000 impl=allreduce-ring
Iteration 0
2: Starting numprocs=16 N=5000, M=5000 impl=allreduce-ring
14: Starting numprocs=16 N=5000, M=5000 impl=allreduce-ring
9: Starting numprocs=16 N=5000, M=5000 impl=allreduce-ring
time: 0.411852s
Iteration 1
time: 0.388282s
Iteration 2
time: 4.727254s
Iteration 3
time: 0.392387s
Iteration 4
time: 0.375272s
Iteration 5
time: 0.368110s
Iteration 6
time: 0.363842s
Iteration 7
time: 0.368280s
Iteration 8
time: 0.376282s
Iteration 9
time: 0.389250s
Iteration 10
time: 0.365037s
Iteration 11
time: 0.390750s
Iteration 12
time: 0.368755s
Iteration 13
time: 0.376666s
Iteration 14
time: 0.385369s
Iteration 15
time: 6.325413s
Iteration 16
time: 11.081293s
Iteration 17
time: 0.368893s
Iteration 18
time: 10.912092s
Iteration 19
time: 11.038893s
Iteration 20
time: 10.496545s
Iteration 21
time: 53.224545s
Iteration 22
time: 109.610758s
Iteration 23
time: 0.383329s
Iteration 24
time: 0.374828s
12: Starting numprocs=16 N=5000, M=5000 impl=g-rabenseifner-allgather
10: Starting numprocs=16 N=5000, M=5000 impl=g-rabenseifner-allgather
7: Starting numprocs=16 N=5000, M=5000 impl=g-rabenseifner-allgather
11: Starting numprocs=16 N=5000, M=5000 impl=g-rabenseifner-allgather
13: Starting numprocs=16 N=5000, M=5000 impl=g-rabenseifner-allgather
14: Starting numprocs=16 N=5000, M=5000 impl=g-rabenseifner-allgather
8: Starting numprocs=16 N=5000, M=5000 impl=g-rabenseifner-allgather
9: Starting numprocs=16 N=5000, M=5000 impl=g-rabenseifner-allgather
15: Starting numprocs=16 N=5000, M=5000 impl=g-rabenseifner-allgather
5: Starting numprocs=16 N=5000, M=5000 impl=g-rabenseifner-allgather
4: Starting numprocs=16 N=5000, M=5000 impl=g-rabenseifner-allgather
2: Starting numprocs=16 N=5000, M=5000 impl=g-rabenseifner-allgather
0: Starting numprocs=16 N=5000, M=5000 impl=g-rabenseifner-allgather
Iteration 0
1: Starting numprocs=16 N=5000, M=5000 impl=g-rabenseifner-allgather
6: Starting numprocs=16 N=5000, M=5000 impl=g-rabenseifner-allgather
3: Starting numprocs=16 N=5000, M=5000 impl=g-rabenseifner-allgather
time: 7.861618s
Iteration 1
time: 0.182748s
Iteration 2
time: 0.180069s
Iteration 3
time: 0.180452s
Iteration 4
time: 0.181280s
Iteration 5
time: 0.180456s
Iteration 6
time: 0.180668s
Iteration 7
time: 0.179979s
Iteration 8
time: 0.179337s
Iteration 9
time: 0.181074s
Iteration 10
time: 0.180129s
Iteration 11
time: 0.189908s
Iteration 12
time: 0.179351s
Iteration 13
time: 0.179329s
Iteration 14
time: 0.180673s
Iteration 15
time: 1.940748s
Iteration 16
time: 0.179777s
Iteration 17
time: 0.179152s
Iteration 18
time: 0.179493s
Iteration 19
time: 0.180288s
Iteration 20
time: 0.179809s
Iteration 21
time: 0.180498s
Iteration 22
time: 0.179887s
Iteration 23
time: 0.180170s
Iteration 24
time: 0.179873s
8: Starting numprocs=16 N=5000, M=5000 impl=g-rabenseifner-subgroup-2
7: Starting numprocs=16 N=5000, M=5000 impl=g-rabenseifner-subgroup-2
11: Starting numprocs=16 N=5000, M=5000 impl=g-rabenseifner-subgroup-2
10: Starting numprocs=16 N=5000, M=5000 impl=g-rabenseifner-subgroup-2
12: Starting numprocs=16 N=5000, M=5000 impl=g-rabenseifner-subgroup-2
14: Starting numprocs=16 N=5000, M=5000 impl=g-rabenseifner-subgroup-2
0: Starting numprocs=16 N=5000, M=5000 impl=g-rabenseifner-subgroup-2
Iteration 0
15: Starting numprocs=16 N=5000, M=5000 impl=g-rabenseifner-subgroup-2
13: Starting numprocs=16 N=5000, M=5000 impl=g-rabenseifner-subgroup-2
4: Starting numprocs=16 N=5000, M=5000 impl=g-rabenseifner-subgroup-2
1: Starting numprocs=16 N=5000, M=5000 impl=g-rabenseifner-subgroup-2
3: Starting numprocs=16 N=5000, M=5000 impl=g-rabenseifner-subgroup-2
2: Starting numprocs=16 N=5000, M=5000 impl=g-rabenseifner-subgroup-2
6: Starting numprocs=16 N=5000, M=5000 impl=g-rabenseifner-subgroup-2
5: Starting numprocs=16 N=5000, M=5000 impl=g-rabenseifner-subgroup-2
9: Starting numprocs=16 N=5000, M=5000 impl=g-rabenseifner-subgroup-2
time: 0.229987s
Iteration 1
time: 0.189491s
Iteration 2
time: 0.188174s
Iteration 3
time: 0.188182s
Iteration 4
time: 0.191066s
Iteration 5
time: 0.189161s
Iteration 6
time: 0.189633s
Iteration 7
time: 0.188637s
Iteration 8
time: 0.189035s
Iteration 9
time: 0.189094s
Iteration 10
time: 0.188496s
Iteration 11
time: 0.191064s
Iteration 12
time: 0.189778s
Iteration 13
time: 0.191801s
Iteration 14
time: 0.187361s
Iteration 15
time: 0.187337s
Iteration 16
time: 0.187810s
Iteration 17
time: 0.187827s
Iteration 18
time: 0.188373s
Iteration 19
time: 0.188334s
Iteration 20
time: 0.189653s
Iteration 21
time: 0.197558s
Iteration 22
time: 0.187678s
Iteration 23
time: 0.187735s
Iteration 24
time: 0.188675s
7: Starting numprocs=16 N=5000, M=5000 impl=g-rabenseifner-subgroup-4
12: Starting numprocs=16 N=5000, M=5000 impl=g-rabenseifner-subgroup-4
4: Starting numprocs=16 N=5000, M=5000 impl=g-rabenseifner-subgroup-4
15: Starting numprocs=16 N=5000, M=5000 impl=g-rabenseifner-subgroup-4
11: Starting numprocs=16 N=5000, M=5000 impl=g-rabenseifner-subgroup-4
9: Starting numprocs=16 N=5000, M=5000 impl=g-rabenseifner-subgroup-4
3: Starting numprocs=16 N=5000, M=5000 impl=g-rabenseifner-subgroup-4
14: Starting numprocs=16 N=5000, M=5000 impl=g-rabenseifner-subgroup-4
1: Starting numprocs=16 N=5000, M=5000 impl=g-rabenseifner-subgroup-4
2: Starting numprocs=16 N=5000, M=5000 impl=g-rabenseifner-subgroup-4
5: Starting numprocs=16 N=5000, M=5000 impl=g-rabenseifner-subgroup-4
10: Starting numprocs=16 N=5000, M=5000 impl=g-rabenseifner-subgroup-4
8: Starting numprocs=16 N=5000, M=5000 impl=g-rabenseifner-subgroup-4
0: Starting numprocs=16 N=5000, M=5000 impl=g-rabenseifner-subgroup-4
Iteration 0
6: Starting numprocs=16 N=5000, M=5000 impl=g-rabenseifner-subgroup-4
13: Starting numprocs=16 N=5000, M=5000 impl=g-rabenseifner-subgroup-4
time: 0.247158s
Iteration 1
time: 0.211336s
Iteration 2
time: 0.209412s
Iteration 3
time: 0.212299s
Iteration 4
time: 0.209167s
Iteration 5
time: 0.210224s
Iteration 6
time: 0.211189s
Iteration 7
time: 0.209845s
Iteration 8
time: 0.209849s
Iteration 9
time: 0.209668s
Iteration 10
time: 0.210027s
Iteration 11
time: 0.209699s
Iteration 12
time: 0.207680s
Iteration 13
time: 0.207591s
Iteration 14
time: 0.206758s
Iteration 15
time: 0.208881s
Iteration 16
time: 0.205468s
Iteration 17
time: 0.208697s
Iteration 18
time: 0.207600s
Iteration 19
time: 0.212640s
Iteration 20
time: 0.205072s
Iteration 21
time: 0.208453s
Iteration 22
time: 0.209183s
Iteration 23
time: 0.213633s
Iteration 24
time: 0.209871s
7: Starting numprocs=16 N=5000, M=5000 impl=g-rabenseifner-subgroup-8
1: Starting numprocs=16 N=5000, M=5000 impl=g-rabenseifner-subgroup-8
12: Starting numprocs=16 N=5000, M=5000 impl=g-rabenseifner-subgroup-8
13: Starting numprocs=16 N=5000, M=5000 impl=g-rabenseifner-subgroup-8
11: Starting numprocs=16 N=5000, M=5000 impl=g-rabenseifner-subgroup-8
8: Starting numprocs=16 N=5000, M=5000 impl=g-rabenseifner-subgroup-8
3: Starting numprocs=16 N=5000, M=5000 impl=g-rabenseifner-subgroup-8
14: Starting numprocs=16 N=5000, M=5000 impl=g-rabenseifner-subgroup-8
4: Starting numprocs=16 N=5000, M=5000 impl=g-rabenseifner-subgroup-8
10: Starting numprocs=16 N=5000, M=5000 impl=g-rabenseifner-subgroup-8
15: Starting numprocs=16 N=5000, M=5000 impl=g-rabenseifner-subgroup-8
2: Starting numprocs=16 N=5000, M=5000 impl=g-rabenseifner-subgroup-8
0: Starting numprocs=16 N=5000, M=5000 impl=g-rabenseifner-subgroup-8
Iteration 0
9: Starting numprocs=16 N=5000, M=5000 impl=g-rabenseifner-subgroup-8
5: Starting numprocs=16 N=5000, M=5000 impl=g-rabenseifner-subgroup-8
6: Starting numprocs=16 N=5000, M=5000 impl=g-rabenseifner-subgroup-8
time: 0.276305s
Iteration 1
time: 0.248255s
Iteration 2
time: 0.251982s
Iteration 3
time: 0.244432s
Iteration 4
time: 0.240925s
Iteration 5
time: 0.244772s
Iteration 6
time: 0.244885s
Iteration 7
time: 1.718734s
Iteration 8
time: 0.238653s
Iteration 9
time: 0.248965s
Iteration 10
time: 0.249459s
Iteration 11
time: 0.243140s
Iteration 12
time: 0.249880s
Iteration 13
time: 0.242191s
Iteration 14
time: 2.327097s
Iteration 15
time: 0.240953s
Iteration 16
time: 0.241712s
Iteration 17
time: 0.245715s
Iteration 18
time: 0.245015s
Iteration 19
time: 0.242559s
Iteration 20
time: 0.241182s
Iteration 21
time: 0.240547s
Iteration 22
time: 0.241849s
Iteration 23
time: 0.241081s
Iteration 24
time: 0.241453s
7: Starting numprocs=16 N=6000, M=6000 impl=allgather
12: Starting numprocs=16 N=6000, M=6000 impl=allgather
2: Starting numprocs=16 N=6000, M=6000 impl=allgather
1: Starting numprocs=16 N=6000, M=6000 impl=allgather
11: Starting numprocs=16 N=6000, M=6000 impl=allgather
14: Starting numprocs=16 N=6000, M=6000 impl=allgather
3: Starting numprocs=16 N=6000, M=6000 impl=allgather
15: Starting numprocs=16 N=6000, M=6000 impl=allgather
4: Starting numprocs=16 N=6000, M=6000 impl=allgather
5: Starting numprocs=16 N=6000, M=6000 impl=allgather
6: Starting numprocs=16 N=6000, M=6000 impl=allgather
0: Starting numprocs=16 N=6000, M=6000 impl=allgather
Iteration 0
13: Starting numprocs=16 N=6000, M=6000 impl=allgather
9: Starting numprocs=16 N=6000, M=6000 impl=allgather
8: Starting numprocs=16 N=6000, M=6000 impl=allgather
10: Starting numprocs=16 N=6000, M=6000 impl=allgather
time: 0.664519s
Iteration 1
time: 0.642235s
Iteration 2
time: 0.650739s
Iteration 3
time: 0.684858s
Iteration 4
time: 0.678725s
Iteration 5
time: 0.653654s
Iteration 6
time: 0.672976s
Iteration 7
time: 0.716799s
Iteration 8
time: 0.666844s
Iteration 9
time: 0.639743s
Iteration 10
time: 0.647370s
Iteration 11
time: 0.690209s
Iteration 12
time: 0.654858s
Iteration 13
time: 0.647187s
Iteration 14
time: 0.657125s
Iteration 15
time: 0.662759s
Iteration 16
time: 0.663808s
Iteration 17
time: 0.691212s
Iteration 18
time: 0.670365s
Iteration 19
time: 0.677497s
Iteration 20
time: 0.653237s
Iteration 21
time: 0.644074s
Iteration 22
time: 0.645877s
Iteration 23
time: 0.652041s
Iteration 24
time: 0.644258s
7: Starting numprocs=16 N=6000, M=6000 impl=allreduce
12: Starting numprocs=16 N=6000, M=6000 impl=allreduce
2: Starting numprocs=16 N=6000, M=6000 impl=allreduce
1: Starting numprocs=16 N=6000, M=6000 impl=allreduce
3: Starting numprocs=16 N=6000, M=6000 impl=allreduce
15: Starting numprocs=16 N=6000, M=6000 impl=allreduce
10: Starting numprocs=16 N=6000, M=6000 impl=allreduce
11: Starting numprocs=16 N=6000, M=6000 impl=allreduce
9: Starting numprocs=16 N=6000, M=6000 impl=allreduce
5: Starting numprocs=16 N=6000, M=6000 impl=allreduce
4: Starting numprocs=16 N=6000, M=6000 impl=allreduce
14: Starting numprocs=16 N=6000, M=6000 impl=allreduce
8: Starting numprocs=16 N=6000, M=6000 impl=allreduce
0: Starting numprocs=16 N=6000, M=6000 impl=allreduce
Iteration 0
6: Starting numprocs=16 N=6000, M=6000 impl=allreduce
13: Starting numprocs=16 N=6000, M=6000 impl=allreduce
time: 36.008484s
Iteration 1
time: 0.907229s
Iteration 2
time: 0.784855s
Iteration 3
time: 0.789025s
Iteration 4
time: 19.701929s
Iteration 5
time: 0.775097s
Iteration 6
time: 0.768846s
Iteration 7
time: 130.587995s
Iteration 8
time: 0.824352s
Iteration 9
time: 13.107124s
Iteration 10
time: 10.747428s
Iteration 11
time: 2.972609s
Iteration 12
time: 26.713399s
Iteration 13
time: 34.435898s
Iteration 14
time: 0.800795s
Iteration 15
time: 17.503444s
Iteration 16
time: 1.957638s
Iteration 17
time: 12.435270s
Iteration 18
time: 4.319345s
Iteration 19
time: 127.376927s
Iteration 20
time: 70.466425s
Iteration 21
time: 2.950458s
Iteration 22
time: 46.261197s
Iteration 23
time: 76.424462s
Iteration 24
time: 45.612324s
2: Starting numprocs=16 N=6000, M=6000 impl=allreduce-ring
1: Starting numprocs=16 N=6000, M=6000 impl=allreduce-ring
7: Starting numprocs=16 N=6000, M=6000 impl=allreduce-ring
12: Starting numprocs=16 N=6000, M=6000 impl=allreduce-ring
11: Starting numprocs=16 N=6000, M=6000 impl=allreduce-ring
3: Starting numprocs=16 N=6000, M=6000 impl=allreduce-ring
13: Starting numprocs=16 N=6000, M=6000 impl=allreduce-ring
10: Starting numprocs=16 N=6000, M=6000 impl=allreduce-ring
15: Starting numprocs=16 N=6000, M=6000 impl=allreduce-ring
9: Starting numprocs=16 N=6000, M=6000 impl=allreduce-ring
4: Starting numprocs=16 N=6000, M=6000 impl=allreduce-ring
8: Starting numprocs=16 N=6000, M=6000 impl=allreduce-ring
5: Starting numprocs=16 N=6000, M=6000 impl=allreduce-ring
14: Starting numprocs=16 N=6000, M=6000 impl=allreduce-ring
0: Starting numprocs=16 N=6000, M=6000 impl=allreduce-ring
Iteration 0
6: Starting numprocs=16 N=6000, M=6000 impl=allreduce-ring
time: 0.582695s
Iteration 1
time: 0.544695s
Iteration 2
time: 9.944579s
Iteration 3
time: 0.547105s
Iteration 4
time: 0.560559s
Iteration 5
time: 0.561337s
Iteration 6
time: 83.926177s
Iteration 7
time: 65.981614s
Iteration 8
time: 0.689638s
Iteration 9
time: 14.667635s
Iteration 10
time: 0.553825s
Iteration 11
time: 0.670033s
Iteration 12
time: 24.350664s
Iteration 13
time: 32.569974s
Iteration 14
time: 11.296468s
Iteration 15
time: 0.538332s
Iteration 16
time: 0.541053s
Iteration 17
time: 0.530841s
Iteration 18
time: 0.557562s
Iteration 19
time: 0.563533s
Iteration 20
time: 0.556918s
Iteration 21
time: 0.555359s
Iteration 22
time: 0.551319s
Iteration 23
time: 0.554534s
Iteration 24
time: 0.564558s
3: Starting numprocs=16 N=6000, M=6000 impl=g-rabenseifner-allgather
9: Starting numprocs=16 N=6000, M=6000 impl=g-rabenseifner-allgather
1: Starting numprocs=16 N=6000, M=6000 impl=g-rabenseifner-allgather
2: Starting numprocs=16 N=6000, M=6000 impl=g-rabenseifner-allgather
7: Starting numprocs=16 N=6000, M=6000 impl=g-rabenseifner-allgather
8: Starting numprocs=16 N=6000, M=6000 impl=g-rabenseifner-allgather
12: Starting numprocs=16 N=6000, M=6000 impl=g-rabenseifner-allgather
11: Starting numprocs=16 N=6000, M=6000 impl=g-rabenseifner-allgather
14: Starting numprocs=16 N=6000, M=6000 impl=g-rabenseifner-allgather
10: Starting numprocs=16 N=6000, M=6000 impl=g-rabenseifner-allgather
15: Starting numprocs=16 N=6000, M=6000 impl=g-rabenseifner-allgather
5: Starting numprocs=16 N=6000, M=6000 impl=g-rabenseifner-allgather
6: Starting numprocs=16 N=6000, M=6000 impl=g-rabenseifner-allgather
13: Starting numprocs=16 N=6000, M=6000 impl=g-rabenseifner-allgather
4: Starting numprocs=16 N=6000, M=6000 impl=g-rabenseifner-allgather
0: Starting numprocs=16 N=6000, M=6000 impl=g-rabenseifner-allgather
Iteration 0
time: 0.306340s
Iteration 1
time: 0.257751s
Iteration 2
time: 0.256405s
Iteration 3
time: 0.257008s
Iteration 4
time: 0.256742s
Iteration 5
time: 0.256623s
Iteration 6
time: 0.258122s
Iteration 7
time: 0.256626s
Iteration 8
time: 0.256904s
Iteration 9
time: 0.256828s
Iteration 10
time: 0.257566s
Iteration 11
time: 0.258216s
Iteration 12
time: 0.257779s
Iteration 13
time: 0.257157s
Iteration 14
time: 0.257750s
Iteration 15
time: 0.257092s
Iteration 16
time: 0.257999s
Iteration 17
time: 0.257209s
Iteration 18
time: 0.257090s
Iteration 19
time: 0.260816s
Iteration 20
time: 0.258450s
Iteration 21
time: 0.257911s
Iteration 22
time: 0.257617s
Iteration 23
time: 0.257971s
Iteration 24
time: 0.256577s
2: Starting numprocs=16 N=6000, M=6000 impl=g-rabenseifner-subgroup-2
3: Starting numprocs=16 N=6000, M=6000 impl=g-rabenseifner-subgroup-2
1: Starting numprocs=16 N=6000, M=6000 impl=g-rabenseifner-subgroup-2
15: Starting numprocs=16 N=6000, M=6000 impl=g-rabenseifner-subgroup-2
4: Starting numprocs=16 N=6000, M=6000 impl=g-rabenseifner-subgroup-2
13: Starting numprocs=16 N=6000, M=6000 impl=g-rabenseifner-subgroup-2
10: Starting numprocs=16 N=6000, M=6000 impl=g-rabenseifner-subgroup-2
11: Starting numprocs=16 N=6000, M=6000 impl=g-rabenseifner-subgroup-2
0: Starting numprocs=16 N=6000, M=6000 impl=g-rabenseifner-subgroup-2
Iteration 0
6: Starting numprocs=16 N=6000, M=6000 impl=g-rabenseifner-subgroup-2
9: Starting numprocs=16 N=6000, M=6000 impl=g-rabenseifner-subgroup-2
14: Starting numprocs=16 N=6000, M=6000 impl=g-rabenseifner-subgroup-2
5: Starting numprocs=16 N=6000, M=6000 impl=g-rabenseifner-subgroup-2
12: Starting numprocs=16 N=6000, M=6000 impl=g-rabenseifner-subgroup-2
7: Starting numprocs=16 N=6000, M=6000 impl=g-rabenseifner-subgroup-2
8: Starting numprocs=16 N=6000, M=6000 impl=g-rabenseifner-subgroup-2
time: 0.323394s
Iteration 1
time: 0.273105s
Iteration 2
time: 0.271149s
Iteration 3
time: 0.287122s
Iteration 4
time: 0.273061s
Iteration 5
time: 0.270826s
Iteration 6
time: 0.271354s
Iteration 7
time: 0.274383s
Iteration 8
time: 0.272601s
Iteration 9
time: 0.283238s
Iteration 10
time: 0.272468s
Iteration 11
time: 0.273515s
Iteration 12
time: 0.277635s
Iteration 13
time: 0.274903s
Iteration 14
time: 0.278147s
Iteration 15
time: 0.275237s
Iteration 16
time: 0.276109s
Iteration 17
time: 0.277301s
Iteration 18
time: 1.654914s
Iteration 19
time: 0.275341s
Iteration 20
time: 1.607923s
Iteration 21
time: 0.276370s
Iteration 22
time: 0.274691s
Iteration 23
time: 0.277089s
Iteration 24
time: 0.277170s
3: Starting numprocs=16 N=6000, M=6000 impl=g-rabenseifner-subgroup-4
1: Starting numprocs=16 N=6000, M=6000 impl=g-rabenseifner-subgroup-4
2: Starting numprocs=16 N=6000, M=6000 impl=g-rabenseifner-subgroup-4
9: Starting numprocs=16 N=6000, M=6000 impl=g-rabenseifner-subgroup-4
8: Starting numprocs=16 N=6000, M=6000 impl=g-rabenseifner-subgroup-4
7: Starting numprocs=16 N=6000, M=6000 impl=g-rabenseifner-subgroup-4
15: Starting numprocs=16 N=6000, M=6000 impl=g-rabenseifner-subgroup-4
10: Starting numprocs=16 N=6000, M=6000 impl=g-rabenseifner-subgroup-4
5: Starting numprocs=16 N=6000, M=6000 impl=g-rabenseifner-subgroup-4
11: Starting numprocs=16 N=6000, M=6000 impl=g-rabenseifner-subgroup-4
12: Starting numprocs=16 N=6000, M=6000 impl=g-rabenseifner-subgroup-4
4: Starting numprocs=16 N=6000, M=6000 impl=g-rabenseifner-subgroup-4
6: Starting numprocs=16 N=6000, M=6000 impl=g-rabenseifner-subgroup-4
13: Starting numprocs=16 N=6000, M=6000 impl=g-rabenseifner-subgroup-4
0: Starting numprocs=16 N=6000, M=6000 impl=g-rabenseifner-subgroup-4
Iteration 0
14: Starting numprocs=16 N=6000, M=6000 impl=g-rabenseifner-subgroup-4
time: 13.202340s
Iteration 1
time: 0.298889s
Iteration 2
time: 0.301869s
Iteration 3
time: 23.750114s
Iteration 4
time: 0.298165s
Iteration 5
time: 0.302003s
Iteration 6
time: 0.301226s
Iteration 7
time: 0.303980s
Iteration 8
time: 0.300427s
Iteration 9
time: 16.768606s
Iteration 10
time: 0.300771s
Iteration 11
time: 0.300067s
Iteration 12
time: 0.297361s
Iteration 13
time: 0.305279s
Iteration 14
time: 0.295677s
Iteration 15
time: 0.308719s
Iteration 16
time: 0.300446s
Iteration 17
time: 25.504978s
Iteration 18
time: 0.299864s
Iteration 19
time: 0.297404s
Iteration 20
time: 4.024767s
Iteration 21
time: 0.296744s
Iteration 22
time: 0.307573s
Iteration 23
time: 5.918037s
Iteration 24
time: 0.298061s
3: Starting numprocs=16 N=6000, M=6000 impl=g-rabenseifner-subgroup-8
1: Starting numprocs=16 N=6000, M=6000 impl=g-rabenseifner-subgroup-8
2: Starting numprocs=16 N=6000, M=6000 impl=g-rabenseifner-subgroup-8
11: Starting numprocs=16 N=6000, M=6000 impl=g-rabenseifner-subgroup-8
7: Starting numprocs=16 N=6000, M=6000 impl=g-rabenseifner-subgroup-8
9: Starting numprocs=16 N=6000, M=6000 impl=g-rabenseifner-subgroup-8
13: Starting numprocs=16 N=6000, M=6000 impl=g-rabenseifner-subgroup-8
15: Starting numprocs=16 N=6000, M=6000 impl=g-rabenseifner-subgroup-8
10: Starting numprocs=16 N=6000, M=6000 impl=g-rabenseifner-subgroup-8
12: Starting numprocs=16 N=6000, M=6000 impl=g-rabenseifner-subgroup-8
4: Starting numprocs=16 N=6000, M=6000 impl=g-rabenseifner-subgroup-8
5: Starting numprocs=16 N=6000, M=6000 impl=g-rabenseifner-subgroup-8
14: Starting numprocs=16 N=6000, M=6000 impl=g-rabenseifner-subgroup-8
8: Starting numprocs=16 N=6000, M=6000 impl=g-rabenseifner-subgroup-8
6: Starting numprocs=16 N=6000, M=6000 impl=g-rabenseifner-subgroup-8
0: Starting numprocs=16 N=6000, M=6000 impl=g-rabenseifner-subgroup-8
Iteration 0
time: 0.408784s
Iteration 1
time: 0.351409s
Iteration 2
time: 0.350538s
Iteration 3
time: 0.349249s
Iteration 4
time: 0.356841s
Iteration 5
time: 0.355018s
Iteration 6
time: 0.358025s
Iteration 7
time: 0.351942s
Iteration 8
time: 0.348519s
Iteration 9
time: 0.351965s
Iteration 10
time: 0.351000s
Iteration 11
time: 0.345486s
Iteration 12
time: 0.355196s
Iteration 13
time: 4.332076s
Iteration 14
time: 0.348879s
Iteration 15
time: 0.360405s
Iteration 16
time: 0.354921s
Iteration 17
time: 0.354081s
Iteration 18
time: 0.349331s
Iteration 19
time: 0.360218s
Iteration 20
time: 0.372665s
Iteration 21
time: 0.376424s
Iteration 22
time: 0.379927s
Iteration 23
time: 0.368890s
Iteration 24
time: 0.366850s
2: Starting numprocs=16 N=7000, M=7000 impl=allgather
1: Starting numprocs=16 N=7000, M=7000 impl=allgather
3: Starting numprocs=16 N=7000, M=7000 impl=allgather
12: Starting numprocs=16 N=7000, M=7000 impl=allgather
11: Starting numprocs=16 N=7000, M=7000 impl=allgather
9: Starting numprocs=16 N=7000, M=7000 impl=allgather
7: Starting numprocs=16 N=7000, M=7000 impl=allgather
15: Starting numprocs=16 N=7000, M=7000 impl=allgather
4: Starting numprocs=16 N=7000, M=7000 impl=allgather
10: Starting numprocs=16 N=7000, M=7000 impl=allgather
5: Starting numprocs=16 N=7000, M=7000 impl=allgather
14: Starting numprocs=16 N=7000, M=7000 impl=allgather
13: Starting numprocs=16 N=7000, M=7000 impl=allgather
8: Starting numprocs=16 N=7000, M=7000 impl=allgather
6: Starting numprocs=16 N=7000, M=7000 impl=allgather
0: Starting numprocs=16 N=7000, M=7000 impl=allgather
Iteration 0
time: 0.988261s
Iteration 1
time: 0.920930s
Iteration 2
time: 0.918440s
Iteration 3
time: 0.924389s
Iteration 4
time: 0.949673s
Iteration 5
time: 0.909993s
Iteration 6
time: 0.925251s
Iteration 7
time: 0.902857s
Iteration 8
time: 0.935944s
Iteration 9
time: 0.966275s
Iteration 10
time: 0.978486s
Iteration 11
time: 0.937406s
Iteration 12
time: 0.974858s
Iteration 13
time: 1.011904s
Iteration 14
time: 0.906381s
Iteration 15
time: 0.928231s
Iteration 16
time: 0.927761s
Iteration 17
time: 0.975475s
Iteration 18
time: 0.934671s
Iteration 19
time: 0.888991s
Iteration 20
time: 0.977116s
Iteration 21
time: 1.003342s
Iteration 22
time: 0.930196s
Iteration 23
time: 1.008098s
Iteration 24
time: 0.919432s
1: Starting numprocs=16 N=7000, M=7000 impl=allreduce
3: Starting numprocs=16 N=7000, M=7000 impl=allreduce
2: Starting numprocs=16 N=7000, M=7000 impl=allreduce
12: Starting numprocs=16 N=7000, M=7000 impl=allreduce
9: Starting numprocs=16 N=7000, M=7000 impl=allreduce
11: Starting numprocs=16 N=7000, M=7000 impl=allreduce
4: Starting numprocs=16 N=7000, M=7000 impl=allreduce
10: Starting numprocs=16 N=7000, M=7000 impl=allreduce
7: Starting numprocs=16 N=7000, M=7000 impl=allreduce
15: Starting numprocs=16 N=7000, M=7000 impl=allreduce
5: Starting numprocs=16 N=7000, M=7000 impl=allreduce
0: Starting numprocs=16 N=7000, M=7000 impl=allreduce
Iteration 0
14: Starting numprocs=16 N=7000, M=7000 impl=allreduce
6: Starting numprocs=16 N=7000, M=7000 impl=allreduce
8: Starting numprocs=16 N=7000, M=7000 impl=allreduce
13: Starting numprocs=16 N=7000, M=7000 impl=allreduce
time: 6.707068s
Iteration 1
time: 8.534951s
Iteration 2
time: 1.085442s
Iteration 3
time: 7.243211s
Iteration 4
time: 1.033425s
Iteration 5
time: 1.040961s
Iteration 6
time: 14.376999s
Iteration 7
time: 1.075102s
Iteration 8
time: 8.935526s
Iteration 9
time: 102.486325s
Iteration 10
time: 1.048158s
Iteration 11
time: 24.996038s
Iteration 12
time: 44.365950s
Iteration 13
time: 1.060910s
Iteration 14
time: 2.401238s
Iteration 15
time: 1.058169s
Iteration 16
time: 1.042588s
Iteration 17
time: 1.035810s
Iteration 18
time: 1.030958s
Iteration 19
time: 1.038489s
Iteration 20
time: 1.034061s
Iteration 21
time: 1.056939s
Iteration 22
time: 1.049660s
Iteration 23
time: 13.405510s
Iteration 24
time: 3.289407s
2: Starting numprocs=16 N=7000, M=7000 impl=allreduce-ring
1: Starting numprocs=16 N=7000, M=7000 impl=allreduce-ring
3: Starting numprocs=16 N=7000, M=7000 impl=allreduce-ring
12: Starting numprocs=16 N=7000, M=7000 impl=allreduce-ring
9: Starting numprocs=16 N=7000, M=7000 impl=allreduce-ring
11: Starting numprocs=16 N=7000, M=7000 impl=allreduce-ring
4: Starting numprocs=16 N=7000, M=7000 impl=allreduce-ring
10: Starting numprocs=16 N=7000, M=7000 impl=allreduce-ring
15: Starting numprocs=16 N=7000, M=7000 impl=allreduce-ring
7: Starting numprocs=16 N=7000, M=7000 impl=allreduce-ring
0: Starting numprocs=16 N=7000, M=7000 impl=allreduce-ring
Iteration 0
5: Starting numprocs=16 N=7000, M=7000 impl=allreduce-ring
8: Starting numprocs=16 N=7000, M=7000 impl=allreduce-ring
13: Starting numprocs=16 N=7000, M=7000 impl=allreduce-ring
14: Starting numprocs=16 N=7000, M=7000 impl=allreduce-ring
6: Starting numprocs=16 N=7000, M=7000 impl=allreduce-ring
time: 0.785731s
Iteration 1
time: 100.254504s
Iteration 2
time: 0.727842s
Iteration 3
time: 0.739337s
Iteration 4
time: 78.851464s
Iteration 5
time: 0.723772s
Iteration 6
time: 0.722032s
Iteration 7
time: 116.327572s
Iteration 8
time: 99.986034s
Iteration 9
time: 0.788018s
Iteration 10
time: 0.786771s
Iteration 11
time: 0.786857s
Iteration 12
time: 0.799718s
Iteration 13
time: 0.786893s
Iteration 14
time: 0.789945s
Iteration 15
time: 0.787136s
Iteration 16
time: 0.790587s
Iteration 17
time: 0.787772s
Iteration 18
time: 0.793462s
Iteration 19
time: 0.781325s
Iteration 20
time: 0.775428s
Iteration 21
time: 0.756774s
Iteration 22
time: 2.446398s
Iteration 23
time: 0.772262s
Iteration 24
time: 0.778821s
1: Starting numprocs=16 N=7000, M=7000 impl=g-rabenseifner-allgather
2: Starting numprocs=16 N=7000, M=7000 impl=g-rabenseifner-allgather
3: Starting numprocs=16 N=7000, M=7000 impl=g-rabenseifner-allgather
6: Starting numprocs=16 N=7000, M=7000 impl=g-rabenseifner-allgather
12: Starting numprocs=16 N=7000, M=7000 impl=g-rabenseifner-allgather
8: Starting numprocs=16 N=7000, M=7000 impl=g-rabenseifner-allgather
9: Starting numprocs=16 N=7000, M=7000 impl=g-rabenseifner-allgather
4: Starting numprocs=16 N=7000, M=7000 impl=g-rabenseifner-allgather
11: Starting numprocs=16 N=7000, M=7000 impl=g-rabenseifner-allgather
5: Starting numprocs=16 N=7000, M=7000 impl=g-rabenseifner-allgather
14: Starting numprocs=16 N=7000, M=7000 impl=g-rabenseifner-allgather
10: Starting numprocs=16 N=7000, M=7000 impl=g-rabenseifner-allgather
15: Starting numprocs=16 N=7000, M=7000 impl=g-rabenseifner-allgather
7: Starting numprocs=16 N=7000, M=7000 impl=g-rabenseifner-allgather
13: Starting numprocs=16 N=7000, M=7000 impl=g-rabenseifner-allgather
0: Starting numprocs=16 N=7000, M=7000 impl=g-rabenseifner-allgather
Iteration 0
time: 0.402193s
Iteration 1
time: 0.350975s
Iteration 2
time: 0.362172s
Iteration 3
time: 0.349092s
Iteration 4
time: 0.349573s
Iteration 5
time: 0.349716s
Iteration 6
time: 10.709953s
Iteration 7
time: 0.352188s
Iteration 8
time: 0.350396s
Iteration 9
time: 0.348963s
Iteration 10
time: 0.348981s
Iteration 11
time: 0.351697s
Iteration 12
time: 0.351237s
Iteration 13
time: 17.220439s
Iteration 14
time: 0.350381s
Iteration 15
time: 0.349477s
Iteration 16
time: 0.350683s
Iteration 17
time: 0.349878s
Iteration 18
time: 0.349185s
Iteration 19
time: 15.477986s
Iteration 20
time: 0.350629s
Iteration 21
time: 0.352341s
Iteration 22
time: 0.350853s
Iteration 23
time: 0.348710s
Iteration 24
time: 0.349380s
2: Starting numprocs=16 N=7000, M=7000 impl=g-rabenseifner-subgroup-2
1: Starting numprocs=16 N=7000, M=7000 impl=g-rabenseifner-subgroup-2
3: Starting numprocs=16 N=7000, M=7000 impl=g-rabenseifner-subgroup-2
8: Starting numprocs=16 N=7000, M=7000 impl=g-rabenseifner-subgroup-2
12: Starting numprocs=16 N=7000, M=7000 impl=g-rabenseifner-subgroup-2
9: Starting numprocs=16 N=7000, M=7000 impl=g-rabenseifner-subgroup-2
6: Starting numprocs=16 N=7000, M=7000 impl=g-rabenseifner-subgroup-2
5: Starting numprocs=16 N=7000, M=7000 impl=g-rabenseifner-subgroup-2
7: Starting numprocs=16 N=7000, M=7000 impl=g-rabenseifner-subgroup-2
11: Starting numprocs=16 N=7000, M=7000 impl=g-rabenseifner-subgroup-2
4: Starting numprocs=16 N=7000, M=7000 impl=g-rabenseifner-subgroup-2
10: Starting numprocs=16 N=7000, M=7000 impl=g-rabenseifner-subgroup-2
13: Starting numprocs=16 N=7000, M=7000 impl=g-rabenseifner-subgroup-2
15: Starting numprocs=16 N=7000, M=7000 impl=g-rabenseifner-subgroup-2
14: Starting numprocs=16 N=7000, M=7000 impl=g-rabenseifner-subgroup-2
0: Starting numprocs=16 N=7000, M=7000 impl=g-rabenseifner-subgroup-2
Iteration 0
time: 0.429791s
Iteration 1
time: 0.370753s
Iteration 2
time: 0.377942s
Iteration 3
time: 0.369505s
Iteration 4
time: 0.366458s
Iteration 5
time: 0.368696s
Iteration 6
time: 0.368795s
Iteration 7
time: 0.366844s
Iteration 8
time: 0.367691s
Iteration 9
time: 6.274269s
Iteration 10
time: 0.363959s
Iteration 11
time: 0.364941s
Iteration 12
time: 0.365353s
Iteration 13
time: 0.365553s
Iteration 14
time: 0.369327s
Iteration 15
time: 0.364721s
Iteration 16
time: 0.365289s
Iteration 17
time: 0.365172s
Iteration 18
time: 0.365211s
Iteration 19
time: 0.366013s
Iteration 20
time: 0.367457s
Iteration 21
time: 0.368844s
Iteration 22
time: 0.367430s
Iteration 23
time: 0.365351s
Iteration 24
time: 0.364169s
1: Starting numprocs=16 N=7000, M=7000 impl=g-rabenseifner-subgroup-4
2: Starting numprocs=16 N=7000, M=7000 impl=g-rabenseifner-subgroup-4
3: Starting numprocs=16 N=7000, M=7000 impl=g-rabenseifner-subgroup-4
12: Starting numprocs=16 N=7000, M=7000 impl=g-rabenseifner-subgroup-4
14: Starting numprocs=16 N=7000, M=7000 impl=g-rabenseifner-subgroup-4
6: Starting numprocs=16 N=7000, M=7000 impl=g-rabenseifner-subgroup-4
8: Starting numprocs=16 N=7000, M=7000 impl=g-rabenseifner-subgroup-4
9: Starting numprocs=16 N=7000, M=7000 impl=g-rabenseifner-subgroup-4
10: Starting numprocs=16 N=7000, M=7000 impl=g-rabenseifner-subgroup-4
7: Starting numprocs=16 N=7000, M=7000 impl=g-rabenseifner-subgroup-4
13: Starting numprocs=16 N=7000, M=7000 impl=g-rabenseifner-subgroup-4
11: Starting numprocs=16 N=7000, M=7000 impl=g-rabenseifner-subgroup-4
0: Starting numprocs=16 N=7000, M=7000 impl=g-rabenseifner-subgroup-4
Iteration 0
4: Starting numprocs=16 N=7000, M=7000 impl=g-rabenseifner-subgroup-4
15: Starting numprocs=16 N=7000, M=7000 impl=g-rabenseifner-subgroup-4
5: Starting numprocs=16 N=7000, M=7000 impl=g-rabenseifner-subgroup-4
time: 28.464805s
Iteration 1
time: 69.381197s
Iteration 2
time: 0.404642s
Iteration 3
time: 1.558354s
Iteration 4
time: 17.614754s
Iteration 5
time: 0.396391s
Iteration 6
time: 0.399924s
Iteration 7
time: 0.398757s
Iteration 8
time: 4.601777s
Iteration 9
time: 0.407689s
Iteration 10
time: 0.403675s
Iteration 11
time: 8.442765s
Iteration 12
time: 0.406198s
Iteration 13
time: 26.674073s
Iteration 14
time: 0.402312s
Iteration 15
time: 0.395761s
Iteration 16
time: 0.398470s
Iteration 17
time: 0.405618s
Iteration 18
time: 0.394079s
Iteration 19
time: 0.398415s
Iteration 20
time: 0.406592s
Iteration 21
time: 65.442407s
Iteration 22
time: 0.403383s
Iteration 23
time: 28.171922s
Iteration 24
time: 0.400789s
14: Starting numprocs=16 N=7000, M=7000 impl=g-rabenseifner-subgroup-8
1: Starting numprocs=16 N=7000, M=7000 impl=g-rabenseifner-subgroup-8
3: Starting numprocs=16 N=7000, M=7000 impl=g-rabenseifner-subgroup-8
8: Starting numprocs=16 N=7000, M=7000 impl=g-rabenseifner-subgroup-8
2: Starting numprocs=16 N=7000, M=7000 impl=g-rabenseifner-subgroup-8
9: Starting numprocs=16 N=7000, M=7000 impl=g-rabenseifner-subgroup-8
12: Starting numprocs=16 N=7000, M=7000 impl=g-rabenseifner-subgroup-8
6: Starting numprocs=16 N=7000, M=7000 impl=g-rabenseifner-subgroup-8
7: Starting numprocs=16 N=7000, M=7000 impl=g-rabenseifner-subgroup-8
10: Starting numprocs=16 N=7000, M=7000 impl=g-rabenseifner-subgroup-8
11: Starting numprocs=16 N=7000, M=7000 impl=g-rabenseifner-subgroup-8
15: Starting numprocs=16 N=7000, M=7000 impl=g-rabenseifner-subgroup-8
4: Starting numprocs=16 N=7000, M=7000 impl=g-rabenseifner-subgroup-8
5: Starting numprocs=16 N=7000, M=7000 impl=g-rabenseifner-subgroup-8
0: Starting numprocs=16 N=7000, M=7000 impl=g-rabenseifner-subgroup-8
Iteration 0
13: Starting numprocs=16 N=7000, M=7000 impl=g-rabenseifner-subgroup-8
time: 0.508992s
Iteration 1
time: 0.467400s
Iteration 2
time: 0.484300s
Iteration 3
time: 0.518575s
Iteration 4
time: 0.477962s
Iteration 5
time: 0.473194s
Iteration 6
time: 0.492085s
Iteration 7
time: 0.501336s
Iteration 8
time: 0.507163s
Iteration 9
time: 0.488455s
Iteration 10
time: 0.480636s
Iteration 11
time: 0.486441s
Iteration 12
time: 0.497296s
Iteration 13
time: 0.492707s
Iteration 14
time: 0.473468s
Iteration 15
time: 2.243187s
Iteration 16
time: 0.484676s
Iteration 17
time: 0.490692s
Iteration 18
time: 0.490467s
Iteration 19
time: 0.480928s
Iteration 20
time: 0.476213s
Iteration 21
time: 0.479365s
Iteration 22
time: 0.468584s
Iteration 23
time: 0.473164s
Iteration 24
time: 2.314501s
3: Starting numprocs=16 N=8000, M=8000 impl=allgather
1: Starting numprocs=16 N=8000, M=8000 impl=allgather
2: Starting numprocs=16 N=8000, M=8000 impl=allgather
14: Starting numprocs=16 N=8000, M=8000 impl=allgather
8: Starting numprocs=16 N=8000, M=8000 impl=allgather
9: Starting numprocs=16 N=8000, M=8000 impl=allgather
12: Starting numprocs=16 N=8000, M=8000 impl=allgather
6: Starting numprocs=16 N=8000, M=8000 impl=allgather
4: Starting numprocs=16 N=8000, M=8000 impl=allgather
11: Starting numprocs=16 N=8000, M=8000 impl=allgather
7: Starting numprocs=16 N=8000, M=8000 impl=allgather
15: Starting numprocs=16 N=8000, M=8000 impl=allgather
10: Starting numprocs=16 N=8000, M=8000 impl=allgather
0: Starting numprocs=16 N=8000, M=8000 impl=allgather
Iteration 0
5: Starting numprocs=16 N=8000, M=8000 impl=allgather
13: Starting numprocs=16 N=8000, M=8000 impl=allgather
time: 1.234021s
Iteration 1
time: 1.282974s
Iteration 2
time: 1.268668s
Iteration 3
time: 1.201877s
Iteration 4
time: 1.252641s
Iteration 5
time: 1.148614s
Iteration 6
time: 1.268776s
Iteration 7
time: 1.204061s
Iteration 8
time: 1.206377s
Iteration 9
time: 1.262888s
Iteration 10
time: 1.198525s
Iteration 11
time: 1.323204s
Iteration 12
time: 1.175251s
Iteration 13
time: 1.260521s
Iteration 14
time: 1.214892s
Iteration 15
time: 1.184779s
Iteration 16
time: 1.202724s
Iteration 17
time: 1.233161s
Iteration 18
time: 1.262135s
Iteration 19
time: 1.258230s
Iteration 20
time: 1.297493s
Iteration 21
time: 1.184217s
Iteration 22
time: 1.172191s
Iteration 23
time: 1.203557s
Iteration 24
time: 1.197984s
2: Starting numprocs=16 N=8000, M=8000 impl=allreduce
1: Starting numprocs=16 N=8000, M=8000 impl=allreduce
3: Starting numprocs=16 N=8000, M=8000 impl=allreduce
8: Starting numprocs=16 N=8000, M=8000 impl=allreduce
6: Starting numprocs=16 N=8000, M=8000 impl=allreduce
14: Starting numprocs=16 N=8000, M=8000 impl=allreduce
11: Starting numprocs=16 N=8000, M=8000 impl=allreduce
4: Starting numprocs=16 N=8000, M=8000 impl=allreduce
15: Starting numprocs=16 N=8000, M=8000 impl=allreduce
12: Starting numprocs=16 N=8000, M=8000 impl=allreduce
5: Starting numprocs=16 N=8000, M=8000 impl=allreduce
10: Starting numprocs=16 N=8000, M=8000 impl=allreduce
13: Starting numprocs=16 N=8000, M=8000 impl=allreduce
9: Starting numprocs=16 N=8000, M=8000 impl=allreduce
0: Starting numprocs=16 N=8000, M=8000 impl=allreduce
Iteration 0
7: Starting numprocs=16 N=8000, M=8000 impl=allreduce
time: 5.455330s
Iteration 1
time: 1.378090s
Iteration 2
time: 204.799283s
Iteration 3
time: 1.374200s
Iteration 4
time: 76.556742s
Iteration 5
time: 1.353843s
Iteration 6
time: 7.837774s
Iteration 7
time: 1.408258s
Iteration 8
time: 1.344601s
Iteration 9
time: 14.274315s
Iteration 10
time: 1.372291s
Iteration 11
time: 1.348274s
Iteration 12
time: 18.722952s
Iteration 13
time: 1.402285s
Iteration 14
time: 1.349249s
Iteration 15
time: 57.751384s
Iteration 16
time: 1.350410s
Iteration 17
time: 7.866458s
Iteration 18
time: 41.628909s
Iteration 19
time: 58.421897s
Iteration 20
time: 1.361641s
Iteration 21
time: 1.393791s
Iteration 22
time: 26.318912s
Iteration 23
time: 1.351413s
Iteration 24
time: 5.807392s
3: Starting numprocs=16 N=8000, M=8000 impl=allreduce-ring
2: Starting numprocs=16 N=8000, M=8000 impl=allreduce-ring
14: Starting numprocs=16 N=8000, M=8000 impl=allreduce-ring
1: Starting numprocs=16 N=8000, M=8000 impl=allreduce-ring
6: Starting numprocs=16 N=8000, M=8000 impl=allreduce-ring
12: Starting numprocs=16 N=8000, M=8000 impl=allreduce-ring
8: Starting numprocs=16 N=8000, M=8000 impl=allreduce-ring
9: Starting numprocs=16 N=8000, M=8000 impl=allreduce-ring
15: Starting numprocs=16 N=8000, M=8000 impl=allreduce-ring
7: Starting numprocs=16 N=8000, M=8000 impl=allreduce-ring
5: Starting numprocs=16 N=8000, M=8000 impl=allreduce-ring
10: Starting numprocs=16 N=8000, M=8000 impl=allreduce-ring
11: Starting numprocs=16 N=8000, M=8000 impl=allreduce-ring
4: Starting numprocs=16 N=8000, M=8000 impl=allreduce-ring
0: Starting numprocs=16 N=8000, M=8000 impl=allreduce-ring
Iteration 0
13: Starting numprocs=16 N=8000, M=8000 impl=allreduce-ring
time: 215.347004s
Iteration 1
time: 0.958952s
Iteration 2
time: 57.407623s
Iteration 3
time: 1.003143s
Iteration 4
time: 9.684009s
Iteration 5
time: 0.946186s
Iteration 6
time: 0.932882s
Iteration 7
time: 0.976041s
Iteration 8
time: 0.971523s
Iteration 9
time: 59.503604s
Iteration 10
time: 226.063660s
Iteration 11
time: 109.273612s
Iteration 12
time: 0.971626s
Iteration 13
time: 0.986028s
Iteration 14
time: 273.582458s
Iteration 15
time: 0.959761s
Iteration 16
time: 87.505260s
Iteration 17
time: 0.951564s
Iteration 18
time: 0.984832s
Iteration 19
time: 42.129414s
Iteration 20
time: 0.954989s
Iteration 21
time: 11.693507s
Iteration 22
time: 122.071986s
Iteration 23
time: 204.086466s
Iteration 24
time: 0.955217s
3: Starting numprocs=16 N=8000, M=8000 impl=g-rabenseifner-allgather
2: Starting numprocs=16 N=8000, M=8000 impl=g-rabenseifner-allgather
1: Starting numprocs=16 N=8000, M=8000 impl=g-rabenseifner-allgather
6: Starting numprocs=16 N=8000, M=8000 impl=g-rabenseifner-allgather
12: Starting numprocs=16 N=8000, M=8000 impl=g-rabenseifner-allgather
7: Starting numprocs=16 N=8000, M=8000 impl=g-rabenseifner-allgather
8: Starting numprocs=16 N=8000, M=8000 impl=g-rabenseifner-allgather
11: Starting numprocs=16 N=8000, M=8000 impl=g-rabenseifner-allgather
9: Starting numprocs=16 N=8000, M=8000 impl=g-rabenseifner-allgather
4: Starting numprocs=16 N=8000, M=8000 impl=g-rabenseifner-allgather
10: Starting numprocs=16 N=8000, M=8000 impl=g-rabenseifner-allgather
5: Starting numprocs=16 N=8000, M=8000 impl=g-rabenseifner-allgather
13: Starting numprocs=16 N=8000, M=8000 impl=g-rabenseifner-allgather
15: Starting numprocs=16 N=8000, M=8000 impl=g-rabenseifner-allgather
14: Starting numprocs=16 N=8000, M=8000 impl=g-rabenseifner-allgather
0: Starting numprocs=16 N=8000, M=8000 impl=g-rabenseifner-allgather
Iteration 0
time: 19.615320s
Iteration 1
time: 0.458619s
Iteration 2
time: 0.456368s
Iteration 3
time: 0.456611s
Iteration 4
time: 19.908452s
Iteration 5
time: 0.455390s
Iteration 6
time: 0.459137s
Iteration 7
time: 0.456151s
Iteration 8
time: 0.457679s
Iteration 9
time: 0.456027s
Iteration 10
time: 0.458168s
Iteration 11
time: 0.457041s
Iteration 12
time: 0.456036s
Iteration 13
time: 2.604539s
Iteration 14
time: 0.456305s
Iteration 15
time: 0.457821s
Iteration 16
time: 0.479350s
Iteration 17
time: 0.456310s
Iteration 18
time: 0.456006s
Iteration 19
time: 15.469606s
Iteration 20
time: 0.457828s
Iteration 21
time: 0.455591s
Iteration 22
time: 0.455677s
Iteration 23
time: 61.171847s
Iteration 24
time: 0.455348s
3: Starting numprocs=16 N=8000, M=8000 impl=g-rabenseifner-subgroup-2
1: Starting numprocs=16 N=8000, M=8000 impl=g-rabenseifner-subgroup-2
2: Starting numprocs=16 N=8000, M=8000 impl=g-rabenseifner-subgroup-2
8: Starting numprocs=16 N=8000, M=8000 impl=g-rabenseifner-subgroup-2
12: Starting numprocs=16 N=8000, M=8000 impl=g-rabenseifner-subgroup-2
6: Starting numprocs=16 N=8000, M=8000 impl=g-rabenseifner-subgroup-2
7: Starting numprocs=16 N=8000, M=8000 impl=g-rabenseifner-subgroup-2
15: Starting numprocs=16 N=8000, M=8000 impl=g-rabenseifner-subgroup-2
10: Starting numprocs=16 N=8000, M=8000 impl=g-rabenseifner-subgroup-2
0: Starting numprocs=16 N=8000, M=8000 impl=g-rabenseifner-subgroup-2
Iteration 0
11: Starting numprocs=16 N=8000, M=8000 impl=g-rabenseifner-subgroup-2
4: Starting numprocs=16 N=8000, M=8000 impl=g-rabenseifner-subgroup-2
5: Starting numprocs=16 N=8000, M=8000 impl=g-rabenseifner-subgroup-2
9: Starting numprocs=16 N=8000, M=8000 impl=g-rabenseifner-subgroup-2
14: Starting numprocs=16 N=8000, M=8000 impl=g-rabenseifner-subgroup-2
13: Starting numprocs=16 N=8000, M=8000 impl=g-rabenseifner-subgroup-2
time: 98.158865s
Iteration 1
time: 0.481326s
Iteration 2
time: 0.479747s
Iteration 3
time: 0.479569s
Iteration 4
time: 56.849025s
Iteration 5
time: 24.042126s
Iteration 6
time: 0.480761s
Iteration 7
time: 0.479419s
Iteration 8
time: 26.516111s
Iteration 9
time: 0.484563s
Iteration 10
time: 0.482745s
Iteration 11
time: 0.482839s
Iteration 12
time: 72.029822s
Iteration 13
time: 0.485452s
Iteration 14
time: 0.479566s
Iteration 15
time: 0.481972s
Iteration 16
time: 0.498094s
Iteration 17
time: 0.480227s
Iteration 18
time: 0.480959s
Iteration 19
time: 0.481177s
Iteration 20
time: 0.479151s
Iteration 21
time: 0.477821s
Iteration 22
time: 0.479763s
Iteration 23
time: 0.481696s
Iteration 24
time: 0.480633s
3: Starting numprocs=16 N=8000, M=8000 impl=g-rabenseifner-subgroup-4
1: Starting numprocs=16 N=8000, M=8000 impl=g-rabenseifner-subgroup-4
2: Starting numprocs=16 N=8000, M=8000 impl=g-rabenseifner-subgroup-4
8: Starting numprocs=16 N=8000, M=8000 impl=g-rabenseifner-subgroup-4
15: Starting numprocs=16 N=8000, M=8000 impl=g-rabenseifner-subgroup-4
6: Starting numprocs=16 N=8000, M=8000 impl=g-rabenseifner-subgroup-4
10: Starting numprocs=16 N=8000, M=8000 impl=g-rabenseifner-subgroup-4
5: Starting numprocs=16 N=8000, M=8000 impl=g-rabenseifner-subgroup-4
9: Starting numprocs=16 N=8000, M=8000 impl=g-rabenseifner-subgroup-4
12: Starting numprocs=16 N=8000, M=8000 impl=g-rabenseifner-subgroup-4
11: Starting numprocs=16 N=8000, M=8000 impl=g-rabenseifner-subgroup-4
7: Starting numprocs=16 N=8000, M=8000 impl=g-rabenseifner-subgroup-4
4: Starting numprocs=16 N=8000, M=8000 impl=g-rabenseifner-subgroup-4
0: Starting numprocs=16 N=8000, M=8000 impl=g-rabenseifner-subgroup-4
Iteration 0
13: Starting numprocs=16 N=8000, M=8000 impl=g-rabenseifner-subgroup-4
14: Starting numprocs=16 N=8000, M=8000 impl=g-rabenseifner-subgroup-4
time: 0.621847s
Iteration 1
time: 49.626133s
Iteration 2
time: 0.523371s
Iteration 3
time: 0.527696s
Iteration 4
time: 0.535037s
Iteration 5
time: 0.521409s
Iteration 6
time: 0.523259s
Iteration 7
time: 0.527298s
Iteration 8
time: 320.545865s
Iteration 9
time: 0.521625s
Iteration 10
time: 0.523713s
Iteration 11
time: 0.532793s
Iteration 12
time: 0.526516s
Iteration 13
time: 23.426376s
Iteration 14
time: 1.997796s
Iteration 15
time: 0.523916s
Iteration 16
time: 0.524977s
Iteration 17
time: 0.528505s
Iteration 18
time: 0.527364s
Iteration 19
time: 0.522884s
Iteration 20
time: 0.519886s
Iteration 21
time: 0.523443s
Iteration 22
time: 0.530232s
Iteration 23
time: 32.065986s
Iteration 24
time: 151.574943s
3: Starting numprocs=16 N=8000, M=8000 impl=g-rabenseifner-subgroup-8
2: Starting numprocs=16 N=8000, M=8000 impl=g-rabenseifner-subgroup-8
1: Starting numprocs=16 N=8000, M=8000 impl=g-rabenseifner-subgroup-8
12: Starting numprocs=16 N=8000, M=8000 impl=g-rabenseifner-subgroup-8
8: Starting numprocs=16 N=8000, M=8000 impl=g-rabenseifner-subgroup-8
15: Starting numprocs=16 N=8000, M=8000 impl=g-rabenseifner-subgroup-8
7: Starting numprocs=16 N=8000, M=8000 impl=g-rabenseifner-subgroup-8
11: Starting numprocs=16 N=8000, M=8000 impl=g-rabenseifner-subgroup-8
10: Starting numprocs=16 N=8000, M=8000 impl=g-rabenseifner-subgroup-8
9: Starting numprocs=16 N=8000, M=8000 impl=g-rabenseifner-subgroup-8
5: Starting numprocs=16 N=8000, M=8000 impl=g-rabenseifner-subgroup-8
14: Starting numprocs=16 N=8000, M=8000 impl=g-rabenseifner-subgroup-8
4: Starting numprocs=16 N=8000, M=8000 impl=g-rabenseifner-subgroup-8
0: Starting numprocs=16 N=8000, M=8000 impl=g-rabenseifner-subgroup-8
Iteration 0
6: Starting numprocs=16 N=8000, M=8000 impl=g-rabenseifner-subgroup-8
13: Starting numprocs=16 N=8000, M=8000 impl=g-rabenseifner-subgroup-8
time: 0.725894s
Iteration 1
time: 0.613267s
Iteration 2
time: 0.606920s
Iteration 3
time: 0.603077s
Iteration 4
time: 0.621726s
Iteration 5
time: 4.271350s
Iteration 6
time: 4.835803s
Iteration 7
time: 0.614757s
Iteration 8
time: 0.669212s
Iteration 9
time: 0.619131s
Iteration 10
time: 0.606827s
Iteration 11
time: 2.345834s
Iteration 12
time: 0.610085s
Iteration 13
time: 0.615844s
Iteration 14
time: 0.622920s
Iteration 15
time: 0.613254s
Iteration 16
time: 0.611830s
Iteration 17
time: 0.612407s
Iteration 18
time: 0.611221s
Iteration 19
time: 0.614491s
Iteration 20
time: 0.616242s
Iteration 21
time: 0.609117s
Iteration 22
time: 0.609370s
Iteration 23
time: 0.612335s
Iteration 24
time: 0.609787s
