0: Starting numprocs=8 N=1000, M=1000 impl=allgather
Iteration 0
6: Starting numprocs=8 N=1000, M=1000 impl=allgather
3: Starting numprocs=8 N=1000, M=1000 impl=allgather
5: Starting numprocs=8 N=1000, M=1000 impl=allgather
7: Starting numprocs=8 N=1000, M=1000 impl=allgather
1: Starting numprocs=8 N=1000, M=1000 impl=allgather
2: Starting numprocs=8 N=1000, M=1000 impl=allgather
4: Starting numprocs=8 N=1000, M=1000 impl=allgather
time: 0.016365s
Iteration 1
time: 0.006818s
Iteration 2
time: 0.007178s
Iteration 3
time: 0.007505s
Iteration 4
time: 0.007636s
Iteration 5
time: 0.007304s
Iteration 6
time: 0.007542s
Iteration 7
time: 0.008345s
Iteration 8
time: 0.007260s
Iteration 9
time: 0.007554s
Iteration 10
time: 0.007567s
Iteration 11
time: 0.007747s
Iteration 12
time: 0.007499s
Iteration 13
time: 0.007544s
Iteration 14
time: 0.007791s
Iteration 15
time: 0.007157s
Iteration 16
time: 0.007141s
Iteration 17
time: 0.007139s
Iteration 18
time: 0.007607s
Iteration 19
time: 0.007787s
Iteration 20
time: 0.007497s
Iteration 21
time: 0.007843s
Iteration 22
time: 0.007789s
Iteration 23
time: 0.007785s
Iteration 24
time: 0.007554s
0: Starting numprocs=8 N=1000, M=1000 impl=allreduce
Iteration 0
6: Starting numprocs=8 N=1000, M=1000 impl=allreduce
7: Starting numprocs=8 N=1000, M=1000 impl=allreduce
3: Starting numprocs=8 N=1000, M=1000 impl=allreduce
5: Starting numprocs=8 N=1000, M=1000 impl=allreduce
2: Starting numprocs=8 N=1000, M=1000 impl=allreduce
4: Starting numprocs=8 N=1000, M=1000 impl=allreduce
1: Starting numprocs=8 N=1000, M=1000 impl=allreduce
time: 0.046696s
Iteration 1
time: 0.020990s
Iteration 2
time: 0.016257s
Iteration 3
time: 0.015842s
Iteration 4
time: 0.016103s
Iteration 5
time: 0.015490s
Iteration 6
time: 0.027581s
Iteration 7
time: 0.015613s
Iteration 8
time: 0.015148s
Iteration 9
time: 0.015078s
Iteration 10
time: 0.015755s
Iteration 11
time: 0.021279s
Iteration 12
time: 0.024148s
Iteration 13
time: 0.015065s
Iteration 14
time: 0.015396s
Iteration 15
time: 0.015902s
Iteration 16
time: 0.015477s
Iteration 17
time: 0.015919s
Iteration 18
time: 0.015595s
Iteration 19
time: 0.015883s
Iteration 20
time: 0.015302s
Iteration 21
time: 0.015109s
Iteration 22
time: 0.015744s
Iteration 23
time: 0.015684s
Iteration 24
time: 0.015479s
0: Starting numprocs=8 N=1000, M=1000 impl=allreduce-ring
Iteration 0
6: Starting numprocs=8 N=1000, M=1000 impl=allreduce-ring
5: Starting numprocs=8 N=1000, M=1000 impl=allreduce-ring
4: Starting numprocs=8 N=1000, M=1000 impl=allreduce-ring
7: Starting numprocs=8 N=1000, M=1000 impl=allreduce-ring
2: Starting numprocs=8 N=1000, M=1000 impl=allreduce-ring
1: Starting numprocs=8 N=1000, M=1000 impl=allreduce-ring
3: Starting numprocs=8 N=1000, M=1000 impl=allreduce-ring
time: 0.039793s
Iteration 1
time: 3.725765s
Iteration 2
time: 3.744673s
Iteration 3
time: 4.330700s
Iteration 4
time: 0.014165s
Iteration 5
time: 0.025079s
Iteration 6
time: 4.351656s
Iteration 7
time: 0.019468s
Iteration 8
time: 0.023361s
Iteration 9
time: 0.013821s
Iteration 10
time: 0.013828s
Iteration 11
time: 0.014223s
Iteration 12
time: 0.013858s
Iteration 13
time: 0.014513s
Iteration 14
time: 0.013884s
Iteration 15
time: 0.013876s
Iteration 16
time: 0.014000s
Iteration 17
time: 0.013773s
Iteration 18
time: 0.015832s
Iteration 19
time: 0.013852s
Iteration 20
time: 0.013991s
Iteration 21
time: 0.016166s
Iteration 22
time: 0.014200s
Iteration 23
time: 0.014268s
Iteration 24
time: 0.014930s
0: Starting numprocs=8 N=1000, M=1000 impl=g-rabenseifner-allgather
Iteration 0
5: Starting numprocs=8 N=1000, M=1000 impl=g-rabenseifner-allgather
1: Starting numprocs=8 N=1000, M=1000 impl=g-rabenseifner-allgather
3: Starting numprocs=8 N=1000, M=1000 impl=g-rabenseifner-allgather
7: Starting numprocs=8 N=1000, M=1000 impl=g-rabenseifner-allgather
6: Starting numprocs=8 N=1000, M=1000 impl=g-rabenseifner-allgather
2: Starting numprocs=8 N=1000, M=1000 impl=g-rabenseifner-allgather
4: Starting numprocs=8 N=1000, M=1000 impl=g-rabenseifner-allgather
time: 0.016891s
Iteration 1
time: 0.006978s
Iteration 2
time: 0.006988s
Iteration 3
time: 0.006971s
Iteration 4
time: 0.007143s
Iteration 5
time: 0.006981s
Iteration 6
time: 0.006992s
Iteration 7
time: 0.006983s
Iteration 8
time: 0.006983s
Iteration 9
time: 0.006986s
Iteration 10
time: 0.006992s
Iteration 11
time: 0.006994s
Iteration 12
time: 0.006950s
Iteration 13
time: 0.006960s
Iteration 14
time: 0.006998s
Iteration 15
time: 0.006972s
Iteration 16
time: 0.007200s
Iteration 17
time: 0.006987s
Iteration 18
time: 0.007015s
Iteration 19
time: 0.006982s
Iteration 20
time: 0.006993s
Iteration 21
time: 0.007410s
Iteration 22
time: 0.007167s
Iteration 23
time: 0.006980s
Iteration 24
time: 0.007004s
0: Starting numprocs=8 N=1000, M=1000 impl=g-rabenseifner-subgroup-2
Iteration 0
3: Starting numprocs=8 N=1000, M=1000 impl=g-rabenseifner-subgroup-2
7: Starting numprocs=8 N=1000, M=1000 impl=g-rabenseifner-subgroup-2
1: Starting numprocs=8 N=1000, M=1000 impl=g-rabenseifner-subgroup-2
6: Starting numprocs=8 N=1000, M=1000 impl=g-rabenseifner-subgroup-2
4: Starting numprocs=8 N=1000, M=1000 impl=g-rabenseifner-subgroup-2
5: Starting numprocs=8 N=1000, M=1000 impl=g-rabenseifner-subgroup-2
2: Starting numprocs=8 N=1000, M=1000 impl=g-rabenseifner-subgroup-2
time: 0.022118s
Iteration 1
time: 0.007005s
Iteration 2
time: 0.007022s
Iteration 3
time: 0.007007s
Iteration 4
time: 0.006991s
Iteration 5
time: 0.007475s
Iteration 6
time: 0.007019s
Iteration 7
time: 0.006998s
Iteration 8
time: 0.007026s
Iteration 9
time: 0.006994s
Iteration 10
time: 0.006987s
Iteration 11
time: 0.006993s
Iteration 12
time: 0.006992s
Iteration 13
time: 0.007023s
Iteration 14
time: 0.007209s
Iteration 15
time: 0.007068s
Iteration 16
time: 0.007035s
Iteration 17
time: 0.007056s
Iteration 18
time: 0.007449s
Iteration 19
time: 0.007032s
Iteration 20
time: 0.007448s
Iteration 21
time: 0.008392s
Iteration 22
time: 0.007041s
Iteration 23
time: 0.007045s
Iteration 24
time: 0.007079s
0: Starting numprocs=8 N=1000, M=1000 impl=g-rabenseifner-subgroup-4
Iteration 0
7: Starting numprocs=8 N=1000, M=1000 impl=g-rabenseifner-subgroup-4
5: Starting numprocs=8 N=1000, M=1000 impl=g-rabenseifner-subgroup-4
2: Starting numprocs=8 N=1000, M=1000 impl=g-rabenseifner-subgroup-4
3: Starting numprocs=8 N=1000, M=1000 impl=g-rabenseifner-subgroup-4
6: Starting numprocs=8 N=1000, M=1000 impl=g-rabenseifner-subgroup-4
1: Starting numprocs=8 N=1000, M=1000 impl=g-rabenseifner-subgroup-4
4: Starting numprocs=8 N=1000, M=1000 impl=g-rabenseifner-subgroup-4
time: 0.018787s
Iteration 1
time: 0.007181s
Iteration 2
time: 0.007150s
Iteration 3
time: 0.007181s
Iteration 4
time: 0.007112s
Iteration 5
time: 0.007125s
Iteration 6
time: 0.007105s
Iteration 7
time: 0.007157s
Iteration 8
time: 0.007101s
Iteration 9
time: 0.007041s
Iteration 10
time: 0.007018s
Iteration 11
time: 0.007023s
Iteration 12
time: 0.007070s
Iteration 13
time: 0.007548s
Iteration 14
time: 0.007139s
Iteration 15
time: 0.007188s
Iteration 16
time: 0.007231s
Iteration 17
time: 0.007360s
Iteration 18
time: 0.007411s
Iteration 19
time: 0.007407s
Iteration 20
time: 0.007401s
Iteration 21
time: 0.007390s
Iteration 22
time: 0.007375s
Iteration 23
time: 0.007397s
Iteration 24
time: 0.007441s
1: Starting numprocs=8 N=1000, M=1000 impl=g-rabenseifner-subgroup-8
6: Starting numprocs=8 N=1000, M=1000 impl=g-rabenseifner-subgroup-8
5: Starting numprocs=8 N=1000, M=1000 impl=g-rabenseifner-subgroup-8
3: Starting numprocs=8 N=1000, M=1000 impl=g-rabenseifner-subgroup-8
7: Starting numprocs=8 N=1000, M=1000 impl=g-rabenseifner-subgroup-8
2: Starting numprocs=8 N=1000, M=1000 impl=g-rabenseifner-subgroup-8
4: Starting numprocs=8 N=1000, M=1000 impl=g-rabenseifner-subgroup-8
0: Starting numprocs=8 N=1000, M=1000 impl=g-rabenseifner-subgroup-8
Iteration 0
time: 0.015521s
Iteration 1
time: 0.006532s
Iteration 2
time: 0.006441s
Iteration 3
time: 0.006477s
Iteration 4
time: 0.006433s
Iteration 5
time: 0.006458s
Iteration 6
time: 0.006975s
Iteration 7
time: 0.006505s
Iteration 8
time: 0.006457s
Iteration 9
time: 0.006464s
Iteration 10
time: 0.006986s
Iteration 11
time: 0.006494s
Iteration 12
time: 0.006643s
Iteration 13
time: 0.006635s
Iteration 14
time: 0.006591s
Iteration 15
time: 0.006573s
Iteration 16
time: 0.006707s
Iteration 17
time: 0.006633s
Iteration 18
time: 0.006590s
Iteration 19
time: 0.006631s
Iteration 20
time: 0.006590s
Iteration 21
time: 0.006610s
Iteration 22
time: 0.006613s
Iteration 23
time: 0.007105s
Iteration 24
time: 0.006602s
0: Starting numprocs=8 N=2000, M=2000 impl=allgather
Iteration 0
7: Starting numprocs=8 N=2000, M=2000 impl=allgather
5: Starting numprocs=8 N=2000, M=2000 impl=allgather
3: Starting numprocs=8 N=2000, M=2000 impl=allgather
1: Starting numprocs=8 N=2000, M=2000 impl=allgather
2: Starting numprocs=8 N=2000, M=2000 impl=allgather
6: Starting numprocs=8 N=2000, M=2000 impl=allgather
4: Starting numprocs=8 N=2000, M=2000 impl=allgather
time: 0.038802s
Iteration 1
time: 0.028149s
Iteration 2
time: 0.028155s
Iteration 3
time: 0.029312s
Iteration 4
time: 0.029016s
Iteration 5
time: 0.029049s
Iteration 6
time: 0.029214s
Iteration 7
time: 0.030945s
Iteration 8
time: 0.029752s
Iteration 9
time: 0.030434s
Iteration 10
time: 0.030665s
Iteration 11
time: 0.030188s
Iteration 12
time: 0.029766s
Iteration 13
time: 0.029151s
Iteration 14
time: 0.029786s
Iteration 15
time: 0.029246s
Iteration 16
time: 0.028980s
Iteration 17
time: 0.028955s
Iteration 18
time: 0.029426s
Iteration 19
time: 0.028960s
Iteration 20
time: 0.028975s
Iteration 21
time: 0.029509s
Iteration 22
time: 0.029025s
Iteration 23
time: 0.029121s
Iteration 24
time: 0.029793s
1: Starting numprocs=8 N=2000, M=2000 impl=allreduce
0: Starting numprocs=8 N=2000, M=2000 impl=allreduce
Iteration 0
3: Starting numprocs=8 N=2000, M=2000 impl=allreduce
5: Starting numprocs=8 N=2000, M=2000 impl=allreduce
7: Starting numprocs=8 N=2000, M=2000 impl=allreduce
6: Starting numprocs=8 N=2000, M=2000 impl=allreduce
4: Starting numprocs=8 N=2000, M=2000 impl=allreduce
2: Starting numprocs=8 N=2000, M=2000 impl=allreduce
time: 0.091823s
Iteration 1
time: 0.080642s
Iteration 2
time: 0.067917s
Iteration 3
time: 0.064871s
Iteration 4
time: 0.065141s
Iteration 5
time: 0.066511s
Iteration 6
time: 0.069280s
Iteration 7
time: 0.067678s
Iteration 8
time: 0.064741s
Iteration 9
time: 0.063595s
Iteration 10
time: 0.067694s
Iteration 11
time: 0.064341s
Iteration 12
time: 0.064285s
Iteration 13
time: 0.064355s
Iteration 14
time: 0.067420s
Iteration 15
time: 0.064056s
Iteration 16
time: 0.063541s
Iteration 17
time: 0.064005s
Iteration 18
time: 0.065448s
Iteration 19
time: 0.062436s
Iteration 20
time: 0.063923s
Iteration 21
time: 0.065129s
Iteration 22
time: 0.065368s
Iteration 23
time: 0.074878s
Iteration 24
time: 0.071931s
1: Starting numprocs=8 N=2000, M=2000 impl=allreduce-ring
0: Starting numprocs=8 N=2000, M=2000 impl=allreduce-ring
Iteration 0
5: Starting numprocs=8 N=2000, M=2000 impl=allreduce-ring
4: Starting numprocs=8 N=2000, M=2000 impl=allreduce-ring
2: Starting numprocs=8 N=2000, M=2000 impl=allreduce-ring
7: Starting numprocs=8 N=2000, M=2000 impl=allreduce-ring
6: Starting numprocs=8 N=2000, M=2000 impl=allreduce-ring
3: Starting numprocs=8 N=2000, M=2000 impl=allreduce-ring
time: 0.070485s
Iteration 1
time: 0.054231s
Iteration 2
time: 0.054780s
Iteration 3
time: 0.055254s
Iteration 4
time: 0.054808s
Iteration 5
time: 0.056315s
Iteration 6
time: 0.055030s
Iteration 7
time: 0.055131s
Iteration 8
time: 0.055576s
Iteration 9
time: 0.054944s
Iteration 10
time: 0.054799s
Iteration 11
time: 0.054653s
Iteration 12
time: 0.054921s
Iteration 13
time: 0.055384s
Iteration 14
time: 0.055026s
Iteration 15
time: 0.054608s
Iteration 16
time: 0.054777s
Iteration 17
time: 0.054861s
Iteration 18
time: 0.054502s
Iteration 19
time: 0.054383s
Iteration 20
time: 0.056770s
Iteration 21
time: 0.054171s
Iteration 22
time: 0.057125s
Iteration 23
time: 0.057872s
Iteration 24
time: 0.054516s
3: Starting numprocs=8 N=2000, M=2000 impl=g-rabenseifner-allgather
1: Starting numprocs=8 N=2000, M=2000 impl=g-rabenseifner-allgather
2: Starting numprocs=8 N=2000, M=2000 impl=g-rabenseifner-allgather
0: Starting numprocs=8 N=2000, M=2000 impl=g-rabenseifner-allgather
Iteration 0
5: Starting numprocs=8 N=2000, M=2000 impl=g-rabenseifner-allgather
7: Starting numprocs=8 N=2000, M=2000 impl=g-rabenseifner-allgather
6: Starting numprocs=8 N=2000, M=2000 impl=g-rabenseifner-allgather
4: Starting numprocs=8 N=2000, M=2000 impl=g-rabenseifner-allgather
time: 0.038881s
Iteration 1
time: 0.027357s
Iteration 2
time: 0.027476s
Iteration 3
time: 0.027355s
Iteration 4
time: 0.027427s
Iteration 5
time: 0.027164s
Iteration 6
time: 0.027315s
Iteration 7
time: 0.027325s
Iteration 8
time: 0.027961s
Iteration 9
time: 0.027206s
Iteration 10
time: 0.027350s
Iteration 11
time: 0.027382s
Iteration 12
time: 0.027433s
Iteration 13
time: 0.027273s
Iteration 14
time: 0.027296s
Iteration 15
time: 0.027362s
Iteration 16
time: 0.027483s
Iteration 17
time: 0.027713s
Iteration 18
time: 0.027700s
Iteration 19
time: 0.027673s
Iteration 20
time: 0.027663s
Iteration 21
time: 0.027682s
Iteration 22
time: 0.027219s
Iteration 23
time: 0.027335s
Iteration 24
time: 0.027840s
3: Starting numprocs=8 N=2000, M=2000 impl=g-rabenseifner-subgroup-2
0: Starting numprocs=8 N=2000, M=2000 impl=g-rabenseifner-subgroup-2
Iteration 0
1: Starting numprocs=8 N=2000, M=2000 impl=g-rabenseifner-subgroup-2
5: Starting numprocs=8 N=2000, M=2000 impl=g-rabenseifner-subgroup-2
7: Starting numprocs=8 N=2000, M=2000 impl=g-rabenseifner-subgroup-2
2: Starting numprocs=8 N=2000, M=2000 impl=g-rabenseifner-subgroup-2
6: Starting numprocs=8 N=2000, M=2000 impl=g-rabenseifner-subgroup-2
4: Starting numprocs=8 N=2000, M=2000 impl=g-rabenseifner-subgroup-2
time: 0.042507s
Iteration 1
time: 0.027738s
Iteration 2
time: 0.028150s
Iteration 3
time: 0.027366s
Iteration 4
time: 0.027646s
Iteration 5
time: 0.027560s
Iteration 6
time: 0.028229s
Iteration 7
time: 0.027913s
Iteration 8
time: 0.028353s
Iteration 9
time: 0.027575s
Iteration 10
time: 0.027494s
Iteration 11
time: 0.034113s
Iteration 12
time: 0.028939s
Iteration 13
time: 0.027409s
Iteration 14
time: 0.027265s
Iteration 15
time: 0.027531s
Iteration 16
time: 0.029151s
Iteration 17
time: 0.028183s
Iteration 18
time: 0.027441s
Iteration 19
time: 0.027489s
Iteration 20
time: 0.027441s
Iteration 21
time: 0.027382s
Iteration 22
time: 0.027437s
Iteration 23
time: 0.027257s
Iteration 24
time: 0.027773s
6: Starting numprocs=8 N=2000, M=2000 impl=g-rabenseifner-subgroup-4
1: Starting numprocs=8 N=2000, M=2000 impl=g-rabenseifner-subgroup-4
3: Starting numprocs=8 N=2000, M=2000 impl=g-rabenseifner-subgroup-4
5: Starting numprocs=8 N=2000, M=2000 impl=g-rabenseifner-subgroup-4
2: Starting numprocs=8 N=2000, M=2000 impl=g-rabenseifner-subgroup-4
0: Starting numprocs=8 N=2000, M=2000 impl=g-rabenseifner-subgroup-4
Iteration 0
7: Starting numprocs=8 N=2000, M=2000 impl=g-rabenseifner-subgroup-4
4: Starting numprocs=8 N=2000, M=2000 impl=g-rabenseifner-subgroup-4
time: 0.038592s
Iteration 1
time: 0.027806s
Iteration 2
time: 0.027304s
Iteration 3
time: 0.027710s
Iteration 4
time: 0.028146s
Iteration 5
time: 0.027511s
Iteration 6
time: 0.027546s
Iteration 7
time: 0.027593s
Iteration 8
time: 0.027725s
Iteration 9
time: 0.027299s
Iteration 10
time: 0.027647s
Iteration 11
time: 0.027882s
Iteration 12
time: 0.027824s
Iteration 13
time: 0.027557s
Iteration 14
time: 0.027558s
Iteration 15
time: 0.027539s
Iteration 16
time: 0.027527s
Iteration 17
time: 0.028177s
Iteration 18
time: 0.027630s
Iteration 19
time: 0.027575s
Iteration 20
time: 0.027553s
Iteration 21
time: 0.027240s
Iteration 22
time: 0.027685s
Iteration 23
time: 0.027963s
Iteration 24
time: 0.027472s
1: Starting numprocs=8 N=2000, M=2000 impl=g-rabenseifner-subgroup-8
3: Starting numprocs=8 N=2000, M=2000 impl=g-rabenseifner-subgroup-8
6: Starting numprocs=8 N=2000, M=2000 impl=g-rabenseifner-subgroup-8
7: Starting numprocs=8 N=2000, M=2000 impl=g-rabenseifner-subgroup-8
5: Starting numprocs=8 N=2000, M=2000 impl=g-rabenseifner-subgroup-8
0: Starting numprocs=8 N=2000, M=2000 impl=g-rabenseifner-subgroup-8
Iteration 0
2: Starting numprocs=8 N=2000, M=2000 impl=g-rabenseifner-subgroup-8
4: Starting numprocs=8 N=2000, M=2000 impl=g-rabenseifner-subgroup-8
time: 0.034986s
Iteration 1
time: 0.026337s
Iteration 2
time: 0.025873s
Iteration 3
time: 0.025853s
Iteration 4
time: 0.025920s
Iteration 5
time: 0.026987s
Iteration 6
time: 0.026618s
Iteration 7
time: 0.026507s
Iteration 8
time: 0.026376s
Iteration 9
time: 0.026858s
Iteration 10
time: 0.026364s
Iteration 11
time: 0.026256s
Iteration 12
time: 0.026782s
Iteration 13
time: 0.027927s
Iteration 14
time: 0.027445s
Iteration 15
time: 0.027550s
Iteration 16
time: 0.027562s
Iteration 17
time: 0.027803s
Iteration 18
time: 0.027510s
Iteration 19
time: 0.027517s
Iteration 20
time: 0.027709s
Iteration 21
time: 0.028468s
Iteration 22
time: 0.028026s
Iteration 23
time: 0.027309s
Iteration 24
time: 0.028872s
1: Starting numprocs=8 N=3000, M=3000 impl=allgather
3: Starting numprocs=8 N=3000, M=3000 impl=allgather
5: Starting numprocs=8 N=3000, M=3000 impl=allgather
6: Starting numprocs=8 N=3000, M=3000 impl=allgather
7: Starting numprocs=8 N=3000, M=3000 impl=allgather
0: Starting numprocs=8 N=3000, M=3000 impl=allgather
Iteration 0
2: Starting numprocs=8 N=3000, M=3000 impl=allgather
4: Starting numprocs=8 N=3000, M=3000 impl=allgather
time: 0.072100s
Iteration 1
time: 0.065619s
Iteration 2
time: 0.064914s
Iteration 3
time: 0.066203s
Iteration 4
time: 0.066018s
Iteration 5
time: 0.067036s
Iteration 6
time: 0.075884s
Iteration 7
time: 0.075917s
Iteration 8
time: 0.073078s
Iteration 9
time: 0.069836s
Iteration 10
time: 0.066957s
Iteration 11
time: 0.065503s
Iteration 12
time: 0.066318s
Iteration 13
time: 0.069050s
Iteration 14
time: 0.069748s
Iteration 15
time: 0.067283s
Iteration 16
time: 0.066407s
Iteration 17
time: 0.069996s
Iteration 18
time: 0.072145s
Iteration 19
time: 0.078785s
Iteration 20
time: 0.073346s
Iteration 21
time: 0.082007s
Iteration 22
time: 0.084297s
Iteration 23
time: 0.071266s
Iteration 24
time: 0.070390s
3: Starting numprocs=8 N=3000, M=3000 impl=allreduce
6: Starting numprocs=8 N=3000, M=3000 impl=allreduce
0: Starting numprocs=8 N=3000, M=3000 impl=allreduce
Iteration 0
5: Starting numprocs=8 N=3000, M=3000 impl=allreduce
7: Starting numprocs=8 N=3000, M=3000 impl=allreduce
1: Starting numprocs=8 N=3000, M=3000 impl=allreduce
2: Starting numprocs=8 N=3000, M=3000 impl=allreduce
4: Starting numprocs=8 N=3000, M=3000 impl=allreduce
time: 0.219970s
Iteration 1
time: 0.250228s
Iteration 2
time: 28.828322s
Iteration 3
time: 21.208534s
Iteration 4
time: 8.117052s
Iteration 5
time: 0.192645s
Iteration 6
time: 0.198976s
Iteration 7
time: 0.190343s
Iteration 8
time: 0.203887s
Iteration 9
time: 0.196083s
Iteration 10
time: 0.184795s
Iteration 11
time: 0.178769s
Iteration 12
time: 0.185846s
Iteration 13
time: 0.185011s
Iteration 14
time: 0.185096s
Iteration 15
time: 0.189068s
Iteration 16
time: 0.192622s
Iteration 17
time: 0.186522s
Iteration 18
time: 0.193740s
Iteration 19
time: 0.184283s
Iteration 20
time: 0.192042s
Iteration 21
time: 0.194874s
Iteration 22
time: 0.183411s
Iteration 23
time: 0.183238s
Iteration 24
time: 0.196426s
0: Starting numprocs=8 N=3000, M=3000 impl=allreduce-ring
Iteration 0
3: Starting numprocs=8 N=3000, M=3000 impl=allreduce-ring
1: Starting numprocs=8 N=3000, M=3000 impl=allreduce-ring
6: Starting numprocs=8 N=3000, M=3000 impl=allreduce-ring
7: Starting numprocs=8 N=3000, M=3000 impl=allreduce-ring
5: Starting numprocs=8 N=3000, M=3000 impl=allreduce-ring
4: Starting numprocs=8 N=3000, M=3000 impl=allreduce-ring
2: Starting numprocs=8 N=3000, M=3000 impl=allreduce-ring
time: 0.144905s
Iteration 1
time: 0.127232s
Iteration 2
time: 0.127093s
Iteration 3
time: 0.126788s
Iteration 4
time: 0.129467s
Iteration 5
time: 0.120873s
Iteration 6
time: 0.127152s
Iteration 7
time: 0.122629s
Iteration 8
time: 0.121742s
Iteration 9
time: 0.124331s
Iteration 10
time: 0.126675s
Iteration 11
time: 0.125452s
Iteration 12
time: 0.128629s
Iteration 13
time: 0.130593s
Iteration 14
time: 0.124435s
Iteration 15
time: 0.126951s
Iteration 16
time: 0.135090s
Iteration 17
time: 0.127508s
Iteration 18
time: 0.130809s
Iteration 19
time: 0.127022s
Iteration 20
time: 0.124822s
Iteration 21
time: 0.128871s
Iteration 22
time: 0.126744s
Iteration 23
time: 0.127813s
Iteration 24
time: 0.132738s
3: Starting numprocs=8 N=3000, M=3000 impl=g-rabenseifner-allgather
1: Starting numprocs=8 N=3000, M=3000 impl=g-rabenseifner-allgather
0: Starting numprocs=8 N=3000, M=3000 impl=g-rabenseifner-allgather
Iteration 0
7: Starting numprocs=8 N=3000, M=3000 impl=g-rabenseifner-allgather
5: Starting numprocs=8 N=3000, M=3000 impl=g-rabenseifner-allgather
2: Starting numprocs=8 N=3000, M=3000 impl=g-rabenseifner-allgather
4: Starting numprocs=8 N=3000, M=3000 impl=g-rabenseifner-allgather
6: Starting numprocs=8 N=3000, M=3000 impl=g-rabenseifner-allgather
time: 0.077128s
Iteration 1
time: 0.061540s
Iteration 2
time: 0.061399s
Iteration 3
time: 0.060846s
Iteration 4
time: 0.060973s
Iteration 5
time: 0.061160s
Iteration 6
time: 0.061376s
Iteration 7
time: 0.061385s
Iteration 8
time: 0.061084s
Iteration 9
time: 0.061559s
Iteration 10
time: 0.061017s
Iteration 11
time: 0.061491s
Iteration 12
time: 0.061238s
Iteration 13
time: 0.061025s
Iteration 14
time: 0.060843s
Iteration 15
time: 0.061149s
Iteration 16
time: 0.061307s
Iteration 17
time: 0.061061s
Iteration 18
time: 0.061587s
Iteration 19
time: 0.061513s
Iteration 20
time: 0.061273s
Iteration 21
time: 0.061078s
Iteration 22
time: 0.061141s
Iteration 23
time: 0.061133s
Iteration 24
time: 0.061226s
3: Starting numprocs=8 N=3000, M=3000 impl=g-rabenseifner-subgroup-2
0: Starting numprocs=8 N=3000, M=3000 impl=g-rabenseifner-subgroup-2
Iteration 0
5: Starting numprocs=8 N=3000, M=3000 impl=g-rabenseifner-subgroup-2
1: Starting numprocs=8 N=3000, M=3000 impl=g-rabenseifner-subgroup-2
6: Starting numprocs=8 N=3000, M=3000 impl=g-rabenseifner-subgroup-2
7: Starting numprocs=8 N=3000, M=3000 impl=g-rabenseifner-subgroup-2
2: Starting numprocs=8 N=3000, M=3000 impl=g-rabenseifner-subgroup-2
4: Starting numprocs=8 N=3000, M=3000 impl=g-rabenseifner-subgroup-2
time: 0.086033s
Iteration 1
time: 0.061361s
Iteration 2
time: 0.061225s
Iteration 3
time: 0.061509s
Iteration 4
time: 0.061542s
Iteration 5
time: 0.061956s
Iteration 6
time: 0.061722s
Iteration 7
time: 0.062328s
Iteration 8
time: 0.061956s
Iteration 9
time: 0.061589s
Iteration 10
time: 0.061921s
Iteration 11
time: 0.062131s
Iteration 12
time: 0.061817s
Iteration 13
time: 0.062535s
Iteration 14
time: 0.061464s
Iteration 15
time: 0.061392s
Iteration 16
time: 0.061760s
Iteration 17
time: 0.061501s
Iteration 18
time: 0.061632s
Iteration 19
time: 0.061913s
Iteration 20
time: 0.061350s
Iteration 21
time: 0.061940s
Iteration 22
time: 0.061831s
Iteration 23
time: 0.062259s
Iteration 24
time: 0.061913s
5: Starting numprocs=8 N=3000, M=3000 impl=g-rabenseifner-subgroup-4
3: Starting numprocs=8 N=3000, M=3000 impl=g-rabenseifner-subgroup-4
0: Starting numprocs=8 N=3000, M=3000 impl=g-rabenseifner-subgroup-4
Iteration 0
1: Starting numprocs=8 N=3000, M=3000 impl=g-rabenseifner-subgroup-4
7: Starting numprocs=8 N=3000, M=3000 impl=g-rabenseifner-subgroup-4
2: Starting numprocs=8 N=3000, M=3000 impl=g-rabenseifner-subgroup-4
6: Starting numprocs=8 N=3000, M=3000 impl=g-rabenseifner-subgroup-4
4: Starting numprocs=8 N=3000, M=3000 impl=g-rabenseifner-subgroup-4
time: 0.074832s
Iteration 1
time: 0.061366s
Iteration 2
time: 0.062031s
Iteration 3
time: 0.064139s
Iteration 4
time: 0.062226s
Iteration 5
time: 0.062542s
Iteration 6
time: 0.062092s
Iteration 7
time: 0.061188s
Iteration 8
time: 0.061826s
Iteration 9
time: 0.061831s
Iteration 10
time: 0.061229s
Iteration 11
time: 0.061173s
Iteration 12
time: 0.062806s
Iteration 13
time: 0.062135s
Iteration 14
time: 0.062989s
Iteration 15
time: 0.062527s
Iteration 16
time: 0.064136s
Iteration 17
time: 0.062858s
Iteration 18
time: 0.062353s
Iteration 19
time: 0.062397s
Iteration 20
time: 0.062261s
Iteration 21
time: 0.063241s
Iteration 22
time: 0.063318s
Iteration 23
time: 0.062945s
Iteration 24
time: 0.062933s
5: Starting numprocs=8 N=3000, M=3000 impl=g-rabenseifner-subgroup-8
3: Starting numprocs=8 N=3000, M=3000 impl=g-rabenseifner-subgroup-8
0: Starting numprocs=8 N=3000, M=3000 impl=g-rabenseifner-subgroup-8
Iteration 0
1: Starting numprocs=8 N=3000, M=3000 impl=g-rabenseifner-subgroup-8
2: Starting numprocs=8 N=3000, M=3000 impl=g-rabenseifner-subgroup-8
6: Starting numprocs=8 N=3000, M=3000 impl=g-rabenseifner-subgroup-8
7: Starting numprocs=8 N=3000, M=3000 impl=g-rabenseifner-subgroup-8
4: Starting numprocs=8 N=3000, M=3000 impl=g-rabenseifner-subgroup-8
time: 0.073518s
Iteration 1
time: 0.060328s
Iteration 2
time: 0.061454s
Iteration 3
time: 0.060320s
Iteration 4
time: 0.061063s
Iteration 5
time: 0.060625s
Iteration 6
time: 0.061448s
Iteration 7
time: 0.061117s
Iteration 8
time: 0.061838s
Iteration 9
time: 0.062284s
Iteration 10
time: 0.062007s
Iteration 11
time: 0.064557s
Iteration 12
time: 0.061615s
Iteration 13
time: 0.062330s
Iteration 14
time: 0.065406s
Iteration 15
time: 0.063517s
Iteration 16
time: 0.065668s
Iteration 17
time: 0.064289s
Iteration 18
time: 0.065475s
Iteration 19
time: 0.066526s
Iteration 20
time: 0.065904s
Iteration 21
time: 0.063324s
Iteration 22
time: 0.064372s
Iteration 23
time: 0.060641s
Iteration 24
time: 0.062140s
0: Starting numprocs=8 N=4000, M=4000 impl=allgather
Iteration 0
1: Starting numprocs=8 N=4000, M=4000 impl=allgather
6: Starting numprocs=8 N=4000, M=4000 impl=allgather
7: Starting numprocs=8 N=4000, M=4000 impl=allgather
3: Starting numprocs=8 N=4000, M=4000 impl=allgather
5: Starting numprocs=8 N=4000, M=4000 impl=allgather
2: Starting numprocs=8 N=4000, M=4000 impl=allgather
4: Starting numprocs=8 N=4000, M=4000 impl=allgather
time: 0.145202s
Iteration 1
time: 0.168662s
Iteration 2
time: 0.155411s
Iteration 3
time: 0.141066s
Iteration 4
time: 0.138344s
Iteration 5
time: 0.147213s
Iteration 6
time: 0.149608s
Iteration 7
time: 0.138155s
Iteration 8
time: 0.138028s
Iteration 9
time: 0.147013s
Iteration 10
time: 0.157129s
Iteration 11
time: 0.143625s
Iteration 12
time: 0.135962s
Iteration 13
time: 0.135505s
Iteration 14
time: 0.136388s
Iteration 15
time: 0.133852s
Iteration 16
time: 0.131572s
Iteration 17
time: 0.150025s
Iteration 18
time: 0.158621s
Iteration 19
time: 0.186997s
Iteration 20
time: 0.147077s
Iteration 21
time: 0.135363s
Iteration 22
time: 0.135685s
Iteration 23
time: 0.138466s
Iteration 24
time: 0.145221s
0: Starting numprocs=8 N=4000, M=4000 impl=allreduce
Iteration 0
7: Starting numprocs=8 N=4000, M=4000 impl=allreduce
6: Starting numprocs=8 N=4000, M=4000 impl=allreduce
3: Starting numprocs=8 N=4000, M=4000 impl=allreduce
1: Starting numprocs=8 N=4000, M=4000 impl=allreduce
2: Starting numprocs=8 N=4000, M=4000 impl=allreduce
5: Starting numprocs=8 N=4000, M=4000 impl=allreduce
4: Starting numprocs=8 N=4000, M=4000 impl=allreduce
time: 6.756643s
Iteration 1
time: 2.071182s
Iteration 2
time: 0.438040s
Iteration 3
time: 3.858983s
Iteration 4
time: 2.182370s
Iteration 5
time: 10.625725s
Iteration 6
time: 39.064125s
Iteration 7
time: 0.319465s
Iteration 8
time: 0.324172s
Iteration 9
time: 0.327631s
Iteration 10
time: 0.319290s
Iteration 11
time: 0.331229s
Iteration 12
time: 0.320900s
Iteration 13
time: 16.444497s
Iteration 14
time: 0.331975s
Iteration 15
time: 17.416023s
Iteration 16
time: 13.532218s
Iteration 17
time: 0.333098s
Iteration 18
time: 0.320576s
Iteration 19
time: 0.321033s
Iteration 20
time: 0.358364s
Iteration 21
time: 0.321289s
Iteration 22
time: 0.332106s
Iteration 23
time: 3.949830s
Iteration 24
time: 0.334662s
3: Starting numprocs=8 N=4000, M=4000 impl=allreduce-ring
1: Starting numprocs=8 N=4000, M=4000 impl=allreduce-ring
5: Starting numprocs=8 N=4000, M=4000 impl=allreduce-ring
2: Starting numprocs=8 N=4000, M=4000 impl=allreduce-ring
6: Starting numprocs=8 N=4000, M=4000 impl=allreduce-ring
7: Starting numprocs=8 N=4000, M=4000 impl=allreduce-ring
4: Starting numprocs=8 N=4000, M=4000 impl=allreduce-ring
0: Starting numprocs=8 N=4000, M=4000 impl=allreduce-ring
Iteration 0
time: 0.247278s
Iteration 1
time: 0.234352s
Iteration 2
time: 0.231589s
Iteration 3
time: 0.233598s
Iteration 4
time: 0.227810s
Iteration 5
time: 0.221001s
Iteration 6
time: 0.228673s
Iteration 7
time: 0.224705s
Iteration 8
time: 0.224265s
Iteration 9
time: 0.230315s
Iteration 10
time: 0.235219s
Iteration 11
time: 0.234912s
Iteration 12
time: 0.223662s
Iteration 13
time: 0.221260s
Iteration 14
time: 0.225743s
Iteration 15
time: 0.226569s
Iteration 16
time: 0.220662s
Iteration 17
time: 0.217783s
Iteration 18
time: 0.242606s
Iteration 19
time: 0.224831s
Iteration 20
time: 0.218110s
Iteration 21
time: 0.216158s
Iteration 22
time: 0.226191s
Iteration 23
time: 0.231349s
Iteration 24
time: 0.222625s
6: Starting numprocs=8 N=4000, M=4000 impl=g-rabenseifner-allgather
3: Starting numprocs=8 N=4000, M=4000 impl=g-rabenseifner-allgather
4: Starting numprocs=8 N=4000, M=4000 impl=g-rabenseifner-allgather
0: Starting numprocs=8 N=4000, M=4000 impl=g-rabenseifner-allgather
Iteration 0
1: Starting numprocs=8 N=4000, M=4000 impl=g-rabenseifner-allgather
2: Starting numprocs=8 N=4000, M=4000 impl=g-rabenseifner-allgather
5: Starting numprocs=8 N=4000, M=4000 impl=g-rabenseifner-allgather
7: Starting numprocs=8 N=4000, M=4000 impl=g-rabenseifner-allgather
time: 0.128732s
Iteration 1
time: 0.109699s
Iteration 2
time: 1.628154s
Iteration 3
time: 0.108638s
Iteration 4
time: 0.108549s
Iteration 5
time: 0.108936s
Iteration 6
time: 0.108154s
Iteration 7
time: 0.108332s
Iteration 8
time: 0.108259s
Iteration 9
time: 0.109349s
Iteration 10
time: 0.108159s
Iteration 11
time: 0.108378s
Iteration 12
time: 0.108589s
Iteration 13
time: 0.108180s
Iteration 14
time: 0.108063s
Iteration 15
time: 0.108593s
Iteration 16
time: 0.108532s
Iteration 17
time: 0.108105s
Iteration 18
time: 0.109256s
Iteration 19
time: 0.108525s
Iteration 20
time: 0.108472s
Iteration 21
time: 0.108729s
Iteration 22
time: 0.108369s
Iteration 23
time: 0.108624s
Iteration 24
time: 0.108476s
3: Starting numprocs=8 N=4000, M=4000 impl=g-rabenseifner-subgroup-2
1: Starting numprocs=8 N=4000, M=4000 impl=g-rabenseifner-subgroup-2
7: Starting numprocs=8 N=4000, M=4000 impl=g-rabenseifner-subgroup-2
5: Starting numprocs=8 N=4000, M=4000 impl=g-rabenseifner-subgroup-2
2: Starting numprocs=8 N=4000, M=4000 impl=g-rabenseifner-subgroup-2
0: Starting numprocs=8 N=4000, M=4000 impl=g-rabenseifner-subgroup-2
Iteration 0
6: Starting numprocs=8 N=4000, M=4000 impl=g-rabenseifner-subgroup-2
4: Starting numprocs=8 N=4000, M=4000 impl=g-rabenseifner-subgroup-2
time: 0.146832s
Iteration 1
time: 0.109313s
Iteration 2
time: 0.110208s
Iteration 3
time: 0.110102s
Iteration 4
time: 0.110000s
Iteration 5
time: 0.110466s
Iteration 6
time: 0.109878s
Iteration 7
time: 0.110449s
Iteration 8
time: 0.110153s
Iteration 9
time: 0.111860s
Iteration 10
time: 0.109714s
Iteration 11
time: 0.109981s
Iteration 12
time: 0.110452s
Iteration 13
time: 0.110138s
Iteration 14
time: 0.112797s
Iteration 15
time: 0.110693s
Iteration 16
time: 0.110617s
Iteration 17
time: 0.111129s
Iteration 18
time: 0.113811s
Iteration 19
time: 0.111213s
Iteration 20
time: 0.110613s
Iteration 21
time: 0.111179s
Iteration 22
time: 0.110403s
Iteration 23
time: 0.110723s
Iteration 24
time: 0.109370s
3: Starting numprocs=8 N=4000, M=4000 impl=g-rabenseifner-subgroup-4
1: Starting numprocs=8 N=4000, M=4000 impl=g-rabenseifner-subgroup-4
0: Starting numprocs=8 N=4000, M=4000 impl=g-rabenseifner-subgroup-4
Iteration 0
5: Starting numprocs=8 N=4000, M=4000 impl=g-rabenseifner-subgroup-4
6: Starting numprocs=8 N=4000, M=4000 impl=g-rabenseifner-subgroup-4
2: Starting numprocs=8 N=4000, M=4000 impl=g-rabenseifner-subgroup-4
4: Starting numprocs=8 N=4000, M=4000 impl=g-rabenseifner-subgroup-4
7: Starting numprocs=8 N=4000, M=4000 impl=g-rabenseifner-subgroup-4
time: 0.129096s
Iteration 1
time: 0.110375s
Iteration 2
time: 0.109495s
Iteration 3
time: 0.110866s
Iteration 4
time: 0.110917s
Iteration 5
time: 0.110963s
Iteration 6
time: 0.111262s
Iteration 7
time: 0.110821s
Iteration 8
time: 0.114203s
Iteration 9
time: 0.111199s
Iteration 10
time: 0.111561s
Iteration 11
time: 0.111766s
Iteration 12
time: 0.112836s
Iteration 13
time: 0.111784s
Iteration 14
time: 0.113934s
Iteration 15
time: 0.113268s
Iteration 16
time: 0.114450s
Iteration 17
time: 0.114161s
Iteration 18
time: 0.110784s
Iteration 19
time: 0.110356s
Iteration 20
time: 0.112526s
Iteration 21
time: 0.112243s
Iteration 22
time: 0.112341s
Iteration 23
time: 0.112922s
Iteration 24
time: 0.112465s
5: Starting numprocs=8 N=4000, M=4000 impl=g-rabenseifner-subgroup-8
3: Starting numprocs=8 N=4000, M=4000 impl=g-rabenseifner-subgroup-8
1: Starting numprocs=8 N=4000, M=4000 impl=g-rabenseifner-subgroup-8
7: Starting numprocs=8 N=4000, M=4000 impl=g-rabenseifner-subgroup-8
4: Starting numprocs=8 N=4000, M=4000 impl=g-rabenseifner-subgroup-8
2: Starting numprocs=8 N=4000, M=4000 impl=g-rabenseifner-subgroup-8
0: Starting numprocs=8 N=4000, M=4000 impl=g-rabenseifner-subgroup-8
Iteration 0
6: Starting numprocs=8 N=4000, M=4000 impl=g-rabenseifner-subgroup-8
time: 0.121674s
Iteration 1
time: 0.112493s
Iteration 2
time: 0.108282s
Iteration 3
time: 0.108846s
Iteration 4
time: 0.107702s
Iteration 5
time: 0.106471s
Iteration 6
time: 0.106794s
Iteration 7
time: 0.111553s
Iteration 8
time: 0.111871s
Iteration 9
time: 0.115742s
Iteration 10
time: 0.115344s
Iteration 11
time: 0.114929s
Iteration 12
time: 0.115880s
Iteration 13
time: 0.113160s
Iteration 14
time: 0.112045s
Iteration 15
time: 0.108857s
Iteration 16
time: 0.109746s
Iteration 17
time: 0.108755s
Iteration 18
time: 0.108451s
Iteration 19
time: 0.108880s
Iteration 20
time: 0.110116s
Iteration 21
time: 0.110645s
Iteration 22
time: 0.113990s
Iteration 23
time: 0.111620s
Iteration 24
time: 0.114110s
3: Starting numprocs=8 N=5000, M=5000 impl=allgather
1: Starting numprocs=8 N=5000, M=5000 impl=allgather
6: Starting numprocs=8 N=5000, M=5000 impl=allgather
7: Starting numprocs=8 N=5000, M=5000 impl=allgather
5: Starting numprocs=8 N=5000, M=5000 impl=allgather
0: Starting numprocs=8 N=5000, M=5000 impl=allgather
Iteration 0
4: Starting numprocs=8 N=5000, M=5000 impl=allgather
2: Starting numprocs=8 N=5000, M=5000 impl=allgather
time: 0.224729s
Iteration 1
time: 0.216853s
Iteration 2
time: 0.212851s
Iteration 3
time: 0.220791s
Iteration 4
time: 0.221868s
Iteration 5
time: 0.221678s
Iteration 6
time: 0.310928s
Iteration 7
time: 0.219107s
Iteration 8
time: 0.222382s
Iteration 9
time: 0.245005s
Iteration 10
time: 0.251544s
Iteration 11
time: 0.215262s
Iteration 12
time: 0.225692s
Iteration 13
time: 0.269050s
Iteration 14
time: 0.218802s
Iteration 15
time: 0.218956s
Iteration 16
time: 0.224157s
Iteration 17
time: 0.307401s
Iteration 18
time: 0.244889s
Iteration 19
time: 0.216023s
Iteration 20
time: 0.231147s
Iteration 21
time: 0.247336s
Iteration 22
time: 0.223161s
Iteration 23
time: 0.215658s
Iteration 24
time: 0.222385s
3: Starting numprocs=8 N=5000, M=5000 impl=allreduce
6: Starting numprocs=8 N=5000, M=5000 impl=allreduce
1: Starting numprocs=8 N=5000, M=5000 impl=allreduce
5: Starting numprocs=8 N=5000, M=5000 impl=allreduce
0: Starting numprocs=8 N=5000, M=5000 impl=allreduce
Iteration 0
7: Starting numprocs=8 N=5000, M=5000 impl=allreduce
2: Starting numprocs=8 N=5000, M=5000 impl=allreduce
4: Starting numprocs=8 N=5000, M=5000 impl=allreduce
time: 11.305693s
Iteration 1
time: 1.905524s
Iteration 2
time: 23.788144s
Iteration 3
time: 0.519984s
Iteration 4
time: 0.545102s
Iteration 5
time: 2.226703s
Iteration 6
time: 2.126277s
Iteration 7
time: 0.510518s
Iteration 8
time: 0.540846s
Iteration 9
time: 0.526098s
Iteration 10
time: 0.515741s
Iteration 11
time: 0.528985s
Iteration 12
time: 0.502618s
Iteration 13
time: 0.506452s
Iteration 14
time: 0.515481s
Iteration 15
time: 0.509796s
Iteration 16
time: 0.512569s
Iteration 17
time: 0.500505s
Iteration 18
time: 0.497046s
Iteration 19
time: 0.504690s
Iteration 20
time: 55.428238s
Iteration 21
time: 15.384210s
Iteration 22
time: 2.285010s
Iteration 23
time: 30.870817s
Iteration 24
time: 8.199572s
0: Starting numprocs=8 N=5000, M=5000 impl=allreduce-ring
Iteration 0
3: Starting numprocs=8 N=5000, M=5000 impl=allreduce-ring
7: Starting numprocs=8 N=5000, M=5000 impl=allreduce-ring
6: Starting numprocs=8 N=5000, M=5000 impl=allreduce-ring
1: Starting numprocs=8 N=5000, M=5000 impl=allreduce-ring
5: Starting numprocs=8 N=5000, M=5000 impl=allreduce-ring
2: Starting numprocs=8 N=5000, M=5000 impl=allreduce-ring
4: Starting numprocs=8 N=5000, M=5000 impl=allreduce-ring
time: 0.395898s
Iteration 1
time: 11.184030s
Iteration 2
time: 8.757700s
Iteration 3
time: 21.163465s
Iteration 4
time: 0.342613s
Iteration 5
time: 0.347840s
Iteration 6
time: 0.360269s
Iteration 7
time: 0.353575s
Iteration 8
time: 0.348406s
Iteration 9
time: 0.351413s
Iteration 10
time: 0.349869s
Iteration 11
time: 0.358063s
Iteration 12
time: 0.350067s
Iteration 13
time: 0.354597s
Iteration 14
time: 0.355660s
Iteration 15
time: 0.354726s
Iteration 16
time: 0.355076s
Iteration 17
time: 0.353957s
Iteration 18
time: 0.353489s
Iteration 19
time: 0.356933s
Iteration 20
time: 0.345593s
Iteration 21
time: 0.348869s
Iteration 22
time: 0.355944s
Iteration 23
time: 0.352083s
Iteration 24
time: 0.354575s
3: Starting numprocs=8 N=5000, M=5000 impl=g-rabenseifner-allgather
5: Starting numprocs=8 N=5000, M=5000 impl=g-rabenseifner-allgather
7: Starting numprocs=8 N=5000, M=5000 impl=g-rabenseifner-allgather
1: Starting numprocs=8 N=5000, M=5000 impl=g-rabenseifner-allgather
6: Starting numprocs=8 N=5000, M=5000 impl=g-rabenseifner-allgather
0: Starting numprocs=8 N=5000, M=5000 impl=g-rabenseifner-allgather
Iteration 0
2: Starting numprocs=8 N=5000, M=5000 impl=g-rabenseifner-allgather
4: Starting numprocs=8 N=5000, M=5000 impl=g-rabenseifner-allgather
time: 0.189499s
Iteration 1
time: 0.170247s
Iteration 2
time: 0.169467s
Iteration 3
time: 0.170772s
Iteration 4
time: 0.168903s
Iteration 5
time: 0.169533s
Iteration 6
time: 1.946928s
Iteration 7
time: 0.169183s
Iteration 8
time: 0.169737s
Iteration 9
time: 0.169325s
Iteration 10
time: 0.169484s
Iteration 11
time: 0.169716s
Iteration 12
time: 0.169157s
Iteration 13
time: 0.170954s
Iteration 14
time: 0.169439s
Iteration 15
time: 0.170221s
Iteration 16
time: 0.170221s
Iteration 17
time: 0.171926s
Iteration 18
time: 0.170128s
Iteration 19
time: 0.168902s
Iteration 20
time: 0.169783s
Iteration 21
time: 0.170028s
Iteration 22
time: 0.169640s
Iteration 23
time: 0.169865s
Iteration 24
time: 0.169811s
5: Starting numprocs=8 N=5000, M=5000 impl=g-rabenseifner-subgroup-2
1: Starting numprocs=8 N=5000, M=5000 impl=g-rabenseifner-subgroup-2
3: Starting numprocs=8 N=5000, M=5000 impl=g-rabenseifner-subgroup-2
0: Starting numprocs=8 N=5000, M=5000 impl=g-rabenseifner-subgroup-2
Iteration 0
7: Starting numprocs=8 N=5000, M=5000 impl=g-rabenseifner-subgroup-2
6: Starting numprocs=8 N=5000, M=5000 impl=g-rabenseifner-subgroup-2
2: Starting numprocs=8 N=5000, M=5000 impl=g-rabenseifner-subgroup-2
4: Starting numprocs=8 N=5000, M=5000 impl=g-rabenseifner-subgroup-2
time: 0.212089s
Iteration 1
time: 0.173503s
Iteration 2
time: 0.171871s
Iteration 3
time: 0.170882s
Iteration 4
time: 0.173260s
Iteration 5
time: 0.173101s
Iteration 6
time: 0.172569s
Iteration 7
time: 0.171044s
Iteration 8
time: 0.173248s
Iteration 9
time: 0.171958s
Iteration 10
time: 0.173793s
Iteration 11
time: 0.171543s
Iteration 12
time: 0.172887s
Iteration 13
time: 0.174902s
Iteration 14
time: 0.173726s
Iteration 15
time: 0.173113s
Iteration 16
time: 0.173193s
Iteration 17
time: 0.173592s
Iteration 18
time: 0.170733s
Iteration 19
time: 0.173419s
Iteration 20
time: 0.174305s
Iteration 21
time: 0.173916s
Iteration 22
time: 0.171957s
Iteration 23
time: 0.172719s
Iteration 24
time: 0.172550s
5: Starting numprocs=8 N=5000, M=5000 impl=g-rabenseifner-subgroup-4
3: Starting numprocs=8 N=5000, M=5000 impl=g-rabenseifner-subgroup-4
1: Starting numprocs=8 N=5000, M=5000 impl=g-rabenseifner-subgroup-4
2: Starting numprocs=8 N=5000, M=5000 impl=g-rabenseifner-subgroup-4
0: Starting numprocs=8 N=5000, M=5000 impl=g-rabenseifner-subgroup-4
Iteration 0
7: Starting numprocs=8 N=5000, M=5000 impl=g-rabenseifner-subgroup-4
6: Starting numprocs=8 N=5000, M=5000 impl=g-rabenseifner-subgroup-4
4: Starting numprocs=8 N=5000, M=5000 impl=g-rabenseifner-subgroup-4
time: 0.198246s
Iteration 1
time: 0.172632s
Iteration 2
time: 0.174393s
Iteration 3
time: 0.173373s
Iteration 4
time: 0.172581s
Iteration 5
time: 0.171969s
Iteration 6
time: 0.172003s
Iteration 7
time: 0.172293s
Iteration 8
time: 0.173673s
Iteration 9
time: 0.171559s
Iteration 10
time: 0.172802s
Iteration 11
time: 0.173785s
Iteration 12
time: 0.175118s
Iteration 13
time: 0.174147s
Iteration 14
time: 0.175586s
Iteration 15
time: 0.175813s
Iteration 16
time: 0.174836s
Iteration 17
time: 0.175008s
Iteration 18
time: 0.174330s
Iteration 19
time: 0.174378s
Iteration 20
time: 0.173502s
Iteration 21
time: 0.180900s
Iteration 22
time: 0.173850s
Iteration 23
time: 0.172547s
Iteration 24
time: 0.173002s
1: Starting numprocs=8 N=5000, M=5000 impl=g-rabenseifner-subgroup-8
3: Starting numprocs=8 N=5000, M=5000 impl=g-rabenseifner-subgroup-8
2: Starting numprocs=8 N=5000, M=5000 impl=g-rabenseifner-subgroup-8
0: Starting numprocs=8 N=5000, M=5000 impl=g-rabenseifner-subgroup-8
Iteration 0
5: Starting numprocs=8 N=5000, M=5000 impl=g-rabenseifner-subgroup-8
6: Starting numprocs=8 N=5000, M=5000 impl=g-rabenseifner-subgroup-8
7: Starting numprocs=8 N=5000, M=5000 impl=g-rabenseifner-subgroup-8
4: Starting numprocs=8 N=5000, M=5000 impl=g-rabenseifner-subgroup-8
time: 0.181245s
Iteration 1
time: 0.170194s
Iteration 2
time: 0.170571s
Iteration 3
time: 0.177477s
Iteration 4
time: 0.177457s
Iteration 5
time: 0.179864s
Iteration 6
time: 0.185474s
Iteration 7
time: 0.175836s
Iteration 8
time: 0.173254s
Iteration 9
time: 0.174125s
Iteration 10
time: 0.174922s
Iteration 11
time: 0.174541s
Iteration 12
time: 0.174624s
Iteration 13
time: 0.176601s
Iteration 14
time: 0.179909s
Iteration 15
time: 0.175205s
Iteration 16
time: 0.181200s
Iteration 17
time: 0.180337s
Iteration 18
time: 0.184350s
Iteration 19
time: 0.179263s
Iteration 20
time: 0.178911s
Iteration 21
time: 0.174270s
Iteration 22
time: 0.175177s
Iteration 23
time: 0.178660s
Iteration 24
time: 0.179170s
3: Starting numprocs=8 N=6000, M=6000 impl=allgather
0: Starting numprocs=8 N=6000, M=6000 impl=allgather
Iteration 0
1: Starting numprocs=8 N=6000, M=6000 impl=allgather
5: Starting numprocs=8 N=6000, M=6000 impl=allgather
6: Starting numprocs=8 N=6000, M=6000 impl=allgather
7: Starting numprocs=8 N=6000, M=6000 impl=allgather
4: Starting numprocs=8 N=6000, M=6000 impl=allgather
2: Starting numprocs=8 N=6000, M=6000 impl=allgather
time: 0.337608s
Iteration 1
time: 0.383522s
Iteration 2
time: 0.325812s
Iteration 3
time: 0.339286s
Iteration 4
time: 0.323782s
Iteration 5
time: 0.330405s
Iteration 6
time: 0.342446s
Iteration 7
time: 0.370891s
Iteration 8
time: 0.333879s
Iteration 9
time: 0.350064s
Iteration 10
time: 0.321405s
Iteration 11
time: 0.336401s
Iteration 12
time: 0.329458s
Iteration 13
time: 0.337247s
Iteration 14
time: 0.324913s
Iteration 15
time: 0.355645s
Iteration 16
time: 0.322454s
Iteration 17
time: 0.323216s
Iteration 18
time: 0.324593s
Iteration 19
time: 0.326083s
Iteration 20
time: 0.339394s
Iteration 21
time: 0.364564s
Iteration 22
time: 0.353390s
Iteration 23
time: 0.335778s
Iteration 24
time: 0.328109s
1: Starting numprocs=8 N=6000, M=6000 impl=allreduce
6: Starting numprocs=8 N=6000, M=6000 impl=allreduce
3: Starting numprocs=8 N=6000, M=6000 impl=allreduce
7: Starting numprocs=8 N=6000, M=6000 impl=allreduce
0: Starting numprocs=8 N=6000, M=6000 impl=allreduce
Iteration 0
5: Starting numprocs=8 N=6000, M=6000 impl=allreduce
2: Starting numprocs=8 N=6000, M=6000 impl=allreduce
4: Starting numprocs=8 N=6000, M=6000 impl=allreduce
time: 25.924622s
Iteration 1
time: 6.740731s
Iteration 2
time: 0.721292s
Iteration 3
time: 0.759538s
Iteration 4
time: 0.731195s
Iteration 5
time: 0.729435s
Iteration 6
time: 0.756291s
Iteration 7
time: 0.743171s
Iteration 8
time: 0.721503s
Iteration 9
time: 0.855384s
Iteration 10
time: 0.724158s
Iteration 11
time: 0.740268s
Iteration 12
time: 2.114643s
Iteration 13
time: 0.720787s
Iteration 14
time: 0.749480s
Iteration 15
time: 0.728892s
Iteration 16
time: 0.730719s
Iteration 17
time: 4.513270s
Iteration 18
time: 0.733310s
Iteration 19
time: 0.774378s
Iteration 20
time: 0.725550s
Iteration 21
time: 0.714796s
Iteration 22
time: 0.856160s
Iteration 23
time: 0.741470s
Iteration 24
time: 0.733934s
1: Starting numprocs=8 N=6000, M=6000 impl=allreduce-ring
0: Starting numprocs=8 N=6000, M=6000 impl=allreduce-ring
Iteration 0
3: Starting numprocs=8 N=6000, M=6000 impl=allreduce-ring
6: Starting numprocs=8 N=6000, M=6000 impl=allreduce-ring
5: Starting numprocs=8 N=6000, M=6000 impl=allreduce-ring
2: Starting numprocs=8 N=6000, M=6000 impl=allreduce-ring
7: Starting numprocs=8 N=6000, M=6000 impl=allreduce-ring
4: Starting numprocs=8 N=6000, M=6000 impl=allreduce-ring
time: 0.692795s
Iteration 1
time: 0.568816s
Iteration 2
time: 0.568379s
Iteration 3
time: 0.572080s
Iteration 4
time: 0.578969s
Iteration 5
time: 0.597152s
Iteration 6
time: 0.574568s
Iteration 7
time: 0.580002s
Iteration 8
time: 0.583016s
Iteration 9
time: 2.727670s
Iteration 10
time: 0.580327s
Iteration 11
time: 0.576282s
Iteration 12
time: 0.579107s
Iteration 13
time: 0.578740s
Iteration 14
time: 0.569676s
Iteration 15
time: 0.566953s
Iteration 16
time: 0.586587s
Iteration 17
time: 0.570582s
Iteration 18
time: 0.576329s
Iteration 19
time: 0.568914s
Iteration 20
time: 0.575228s
Iteration 21
time: 0.575404s
Iteration 22
time: 0.578670s
Iteration 23
time: 0.591960s
Iteration 24
time: 0.573251s
3: Starting numprocs=8 N=6000, M=6000 impl=g-rabenseifner-allgather
0: Starting numprocs=8 N=6000, M=6000 impl=g-rabenseifner-allgather
Iteration 0
1: Starting numprocs=8 N=6000, M=6000 impl=g-rabenseifner-allgather
7: Starting numprocs=8 N=6000, M=6000 impl=g-rabenseifner-allgather
6: Starting numprocs=8 N=6000, M=6000 impl=g-rabenseifner-allgather
5: Starting numprocs=8 N=6000, M=6000 impl=g-rabenseifner-allgather
2: Starting numprocs=8 N=6000, M=6000 impl=g-rabenseifner-allgather
4: Starting numprocs=8 N=6000, M=6000 impl=g-rabenseifner-allgather
time: 0.280039s
Iteration 1
time: 0.243360s
Iteration 2
time: 0.263746s
Iteration 3
time: 0.245329s
Iteration 4
time: 0.244712s
Iteration 5
time: 0.243024s
Iteration 6
time: 0.242986s
Iteration 7
time: 0.244145s
Iteration 8
time: 0.243335s
Iteration 9
time: 0.280503s
Iteration 10
time: 0.243564s
Iteration 11
time: 0.243843s
Iteration 12
time: 0.243216s
Iteration 13
time: 0.243098s
Iteration 14
time: 0.245956s
Iteration 15
time: 0.242178s
Iteration 16
time: 0.243363s
Iteration 17
time: 0.244817s
Iteration 18
time: 0.242415s
Iteration 19
time: 0.242927s
Iteration 20
time: 0.243192s
Iteration 21
time: 0.243712s
Iteration 22
time: 0.243272s
Iteration 23
time: 0.246457s
Iteration 24
time: 0.244597s
3: Starting numprocs=8 N=6000, M=6000 impl=g-rabenseifner-subgroup-2
6: Starting numprocs=8 N=6000, M=6000 impl=g-rabenseifner-subgroup-2
1: Starting numprocs=8 N=6000, M=6000 impl=g-rabenseifner-subgroup-2
0: Starting numprocs=8 N=6000, M=6000 impl=g-rabenseifner-subgroup-2
Iteration 0
5: Starting numprocs=8 N=6000, M=6000 impl=g-rabenseifner-subgroup-2
2: Starting numprocs=8 N=6000, M=6000 impl=g-rabenseifner-subgroup-2
7: Starting numprocs=8 N=6000, M=6000 impl=g-rabenseifner-subgroup-2
4: Starting numprocs=8 N=6000, M=6000 impl=g-rabenseifner-subgroup-2
time: 0.302671s
Iteration 1
time: 0.245838s
Iteration 2
time: 0.245539s
Iteration 3
time: 0.244364s
Iteration 4
time: 0.244711s
Iteration 5
time: 2.409635s
Iteration 6
time: 0.244801s
Iteration 7
time: 0.257641s
Iteration 8
time: 0.245328s
Iteration 9
time: 0.244176s
Iteration 10
time: 0.247439s
Iteration 11
time: 0.246255s
Iteration 12
time: 0.247192s
Iteration 13
time: 0.253018s
Iteration 14
time: 0.245682s
Iteration 15
time: 0.247415s
Iteration 16
time: 0.246788s
Iteration 17
time: 0.244814s
Iteration 18
time: 0.246242s
Iteration 19
time: 0.250337s
Iteration 20
time: 0.247215s
Iteration 21
time: 0.246933s
Iteration 22
time: 0.246995s
Iteration 23
time: 1.776031s
Iteration 24
time: 0.246196s
1: Starting numprocs=8 N=6000, M=6000 impl=g-rabenseifner-subgroup-4
3: Starting numprocs=8 N=6000, M=6000 impl=g-rabenseifner-subgroup-4
5: Starting numprocs=8 N=6000, M=6000 impl=g-rabenseifner-subgroup-4
0: Starting numprocs=8 N=6000, M=6000 impl=g-rabenseifner-subgroup-4
Iteration 0
6: Starting numprocs=8 N=6000, M=6000 impl=g-rabenseifner-subgroup-4
2: Starting numprocs=8 N=6000, M=6000 impl=g-rabenseifner-subgroup-4
7: Starting numprocs=8 N=6000, M=6000 impl=g-rabenseifner-subgroup-4
4: Starting numprocs=8 N=6000, M=6000 impl=g-rabenseifner-subgroup-4
time: 0.279389s
Iteration 1
time: 0.246146s
Iteration 2
time: 0.250301s
Iteration 3
time: 0.249933s
Iteration 4
time: 0.250351s
Iteration 5
time: 0.250204s
Iteration 6
time: 0.247668s
Iteration 7
time: 0.251059s
Iteration 8
time: 0.253433s
Iteration 9
time: 0.248646s
Iteration 10
time: 0.247295s
Iteration 11
time: 0.248377s
Iteration 12
time: 0.247061s
Iteration 13
time: 0.249304s
Iteration 14
time: 0.251432s
Iteration 15
time: 0.253734s
Iteration 16
time: 0.249699s
Iteration 17
time: 0.245794s
Iteration 18
time: 0.248591s
Iteration 19
time: 0.248017s
Iteration 20
time: 0.249827s
Iteration 21
time: 0.246810s
Iteration 22
time: 0.250712s
Iteration 23
time: 0.253863s
Iteration 24
time: 0.253655s
6: Starting numprocs=8 N=6000, M=6000 impl=g-rabenseifner-subgroup-8
3: Starting numprocs=8 N=6000, M=6000 impl=g-rabenseifner-subgroup-8
1: Starting numprocs=8 N=6000, M=6000 impl=g-rabenseifner-subgroup-8
7: Starting numprocs=8 N=6000, M=6000 impl=g-rabenseifner-subgroup-8
0: Starting numprocs=8 N=6000, M=6000 impl=g-rabenseifner-subgroup-8
Iteration 0
4: Starting numprocs=8 N=6000, M=6000 impl=g-rabenseifner-subgroup-8
2: Starting numprocs=8 N=6000, M=6000 impl=g-rabenseifner-subgroup-8
5: Starting numprocs=8 N=6000, M=6000 impl=g-rabenseifner-subgroup-8
time: 0.250899s
Iteration 1
time: 0.252040s
Iteration 2
time: 0.254520s
Iteration 3
time: 0.264133s
Iteration 4
time: 0.261793s
Iteration 5
time: 0.251098s
Iteration 6
time: 0.252707s
Iteration 7
time: 0.254142s
Iteration 8
time: 0.254394s
Iteration 9
time: 0.253799s
Iteration 10
time: 0.253023s
Iteration 11
time: 0.255949s
Iteration 12
time: 0.255265s
Iteration 13
time: 0.256633s
Iteration 14
time: 0.262567s
Iteration 15
time: 0.270777s
Iteration 16
time: 0.251818s
Iteration 17
time: 0.253767s
Iteration 18
time: 0.261549s
Iteration 19
time: 0.269105s
Iteration 20
time: 0.254814s
Iteration 21
time: 0.252438s
Iteration 22
time: 0.254857s
Iteration 23
time: 0.251313s
Iteration 24
time: 0.262060s
3: Starting numprocs=8 N=7000, M=7000 impl=allgather
1: Starting numprocs=8 N=7000, M=7000 impl=allgather
7: Starting numprocs=8 N=7000, M=7000 impl=allgather
6: Starting numprocs=8 N=7000, M=7000 impl=allgather
4: Starting numprocs=8 N=7000, M=7000 impl=allgather
2: Starting numprocs=8 N=7000, M=7000 impl=allgather
5: Starting numprocs=8 N=7000, M=7000 impl=allgather
0: Starting numprocs=8 N=7000, M=7000 impl=allgather
Iteration 0
time: 0.451774s
Iteration 1
time: 0.434602s
Iteration 2
time: 0.437517s
Iteration 3
time: 0.479586s
Iteration 4
time: 0.480211s
Iteration 5
time: 0.457181s
Iteration 6
time: 0.452964s
Iteration 7
time: 0.446725s
Iteration 8
time: 0.450872s
Iteration 9
time: 0.435719s
Iteration 10
time: 0.439727s
Iteration 11
time: 0.473094s
Iteration 12
time: 0.469711s
Iteration 13
time: 0.441171s
Iteration 14
time: 0.446434s
Iteration 15
time: 0.494098s
Iteration 16
time: 0.431791s
Iteration 17
time: 0.448663s
Iteration 18
time: 0.439736s
Iteration 19
time: 0.493630s
Iteration 20
time: 0.453695s
Iteration 21
time: 0.470289s
Iteration 22
time: 0.441915s
Iteration 23
time: 0.446890s
Iteration 24
time: 0.481632s
3: Starting numprocs=8 N=7000, M=7000 impl=allreduce
0: Starting numprocs=8 N=7000, M=7000 impl=allreduce
Iteration 0
1: Starting numprocs=8 N=7000, M=7000 impl=allreduce
5: Starting numprocs=8 N=7000, M=7000 impl=allreduce
6: Starting numprocs=8 N=7000, M=7000 impl=allreduce
7: Starting numprocs=8 N=7000, M=7000 impl=allreduce
2: Starting numprocs=8 N=7000, M=7000 impl=allreduce
4: Starting numprocs=8 N=7000, M=7000 impl=allreduce
time: 90.681786s
Iteration 1
time: 4.965934s
Iteration 2
time: 11.300268s
Iteration 3
time: 61.238619s
Iteration 4
time: 1.034047s
Iteration 5
time: 1.007554s
Iteration 6
time: 1.001023s
Iteration 7
time: 1.043073s
Iteration 8
time: 1.008029s
Iteration 9
time: 1.044113s
Iteration 10
time: 1.028756s
Iteration 11
time: 1.009610s
Iteration 12
time: 1.046657s
Iteration 13
time: 1.027320s
Iteration 14
time: 1.015397s
Iteration 15
time: 1.009215s
Iteration 16
time: 1.006750s
Iteration 17
time: 1.053472s
Iteration 18
time: 1.032383s
Iteration 19
time: 1.002958s
Iteration 20
time: 0.998856s
Iteration 21
time: 1.052319s
Iteration 22
time: 1.002357s
Iteration 23
time: 0.986943s
Iteration 24
time: 1.029837s
6: Starting numprocs=8 N=7000, M=7000 impl=allreduce-ring
7: Starting numprocs=8 N=7000, M=7000 impl=allreduce-ring
3: Starting numprocs=8 N=7000, M=7000 impl=allreduce-ring
1: Starting numprocs=8 N=7000, M=7000 impl=allreduce-ring
5: Starting numprocs=8 N=7000, M=7000 impl=allreduce-ring
0: Starting numprocs=8 N=7000, M=7000 impl=allreduce-ring
Iteration 0
2: Starting numprocs=8 N=7000, M=7000 impl=allreduce-ring
4: Starting numprocs=8 N=7000, M=7000 impl=allreduce-ring
time: 0.950123s
Iteration 1
time: 0.797771s
Iteration 2
time: 0.785425s
Iteration 3
time: 0.792449s
Iteration 4
time: 0.799394s
Iteration 5
time: 2.750012s
Iteration 6
time: 0.808463s
Iteration 7
time: 0.787042s
Iteration 8
time: 0.786351s
Iteration 9
time: 0.787363s
Iteration 10
time: 0.812050s
Iteration 11
time: 0.802658s
Iteration 12
time: 0.782703s
Iteration 13
time: 0.774448s
Iteration 14
time: 0.811080s
Iteration 15
time: 0.786644s
Iteration 16
time: 0.783349s
Iteration 17
time: 0.769786s
Iteration 18
time: 0.805703s
Iteration 19
time: 0.794231s
Iteration 20
time: 0.794308s
Iteration 21
time: 0.783093s
Iteration 22
time: 0.813646s
Iteration 23
time: 0.785424s
Iteration 24
time: 0.780074s
6: Starting numprocs=8 N=7000, M=7000 impl=g-rabenseifner-allgather
1: Starting numprocs=8 N=7000, M=7000 impl=g-rabenseifner-allgather
3: Starting numprocs=8 N=7000, M=7000 impl=g-rabenseifner-allgather
0: Starting numprocs=8 N=7000, M=7000 impl=g-rabenseifner-allgather
Iteration 0
5: Starting numprocs=8 N=7000, M=7000 impl=g-rabenseifner-allgather
7: Starting numprocs=8 N=7000, M=7000 impl=g-rabenseifner-allgather
2: Starting numprocs=8 N=7000, M=7000 impl=g-rabenseifner-allgather
4: Starting numprocs=8 N=7000, M=7000 impl=g-rabenseifner-allgather
time: 0.377839s
Iteration 1
time: 0.332558s
Iteration 2
time: 0.330426s
Iteration 3
time: 0.330743s
Iteration 4
time: 0.331498s
Iteration 5
time: 0.335753s
Iteration 6
time: 0.334692s
Iteration 7
time: 0.331439s
Iteration 8
time: 0.332047s
Iteration 9
time: 0.333796s
Iteration 10
time: 0.331686s
Iteration 11
time: 0.331233s
Iteration 12
time: 0.333531s
Iteration 13
time: 0.332258s
Iteration 14
time: 0.331467s
Iteration 15
time: 0.332384s
Iteration 16
time: 0.335893s
Iteration 17
time: 0.331516s
Iteration 18
time: 0.330696s
Iteration 19
time: 0.352333s
Iteration 20
time: 0.330907s
Iteration 21
time: 0.333227s
Iteration 22
time: 0.336520s
Iteration 23
time: 0.331836s
Iteration 24
time: 0.333008s
6: Starting numprocs=8 N=7000, M=7000 impl=g-rabenseifner-subgroup-2
5: Starting numprocs=8 N=7000, M=7000 impl=g-rabenseifner-subgroup-2
3: Starting numprocs=8 N=7000, M=7000 impl=g-rabenseifner-subgroup-2
1: Starting numprocs=8 N=7000, M=7000 impl=g-rabenseifner-subgroup-2
7: Starting numprocs=8 N=7000, M=7000 impl=g-rabenseifner-subgroup-2
0: Starting numprocs=8 N=7000, M=7000 impl=g-rabenseifner-subgroup-2
Iteration 0
4: Starting numprocs=8 N=7000, M=7000 impl=g-rabenseifner-subgroup-2
2: Starting numprocs=8 N=7000, M=7000 impl=g-rabenseifner-subgroup-2
time: 0.391771s
Iteration 1
time: 0.339621s
Iteration 2
time: 0.335431s
Iteration 3
time: 0.335058s
Iteration 4
time: 0.336442s
Iteration 5
time: 0.333619s
Iteration 6
time: 0.333794s
Iteration 7
time: 0.335593s
Iteration 8
time: 0.337873s
Iteration 9
time: 0.339687s
Iteration 10
time: 0.338001s
Iteration 11
time: 0.341123s
Iteration 12
time: 0.334435s
Iteration 13
time: 0.338211s
Iteration 14
time: 0.334202s
Iteration 15
time: 0.336857s
Iteration 16
time: 0.339011s
Iteration 17
time: 0.337109s
Iteration 18
time: 0.343126s
Iteration 19
time: 0.336716s
Iteration 20
time: 0.340263s
Iteration 21
time: 0.342406s
Iteration 22
time: 0.335701s
Iteration 23
time: 0.335210s
Iteration 24
time: 0.337299s
1: Starting numprocs=8 N=7000, M=7000 impl=g-rabenseifner-subgroup-4
6: Starting numprocs=8 N=7000, M=7000 impl=g-rabenseifner-subgroup-4
3: Starting numprocs=8 N=7000, M=7000 impl=g-rabenseifner-subgroup-4
7: Starting numprocs=8 N=7000, M=7000 impl=g-rabenseifner-subgroup-4
0: Starting numprocs=8 N=7000, M=7000 impl=g-rabenseifner-subgroup-4
Iteration 0
5: Starting numprocs=8 N=7000, M=7000 impl=g-rabenseifner-subgroup-4
2: Starting numprocs=8 N=7000, M=7000 impl=g-rabenseifner-subgroup-4
4: Starting numprocs=8 N=7000, M=7000 impl=g-rabenseifner-subgroup-4
time: 0.377459s
Iteration 1
time: 0.348788s
Iteration 2
time: 0.344589s
Iteration 3
time: 0.344063s
Iteration 4
time: 0.346652s
Iteration 5
time: 0.348297s
Iteration 6
time: 0.340964s
Iteration 7
time: 0.338965s
Iteration 8
time: 0.350251s
Iteration 9
time: 0.353464s
Iteration 10
time: 0.344541s
Iteration 11
time: 0.344509s
Iteration 12
time: 0.342842s
Iteration 13
time: 0.341489s
Iteration 14
time: 0.341299s
Iteration 15
time: 0.344426s
Iteration 16
time: 0.344699s
Iteration 17
time: 0.352107s
Iteration 18
time: 0.340515s
Iteration 19
time: 0.344825s
Iteration 20
time: 0.345590s
Iteration 21
time: 0.350133s
Iteration 22
time: 0.343900s
Iteration 23
time: 0.341473s
Iteration 24
time: 0.339569s
6: Starting numprocs=8 N=7000, M=7000 impl=g-rabenseifner-subgroup-8
1: Starting numprocs=8 N=7000, M=7000 impl=g-rabenseifner-subgroup-8
3: Starting numprocs=8 N=7000, M=7000 impl=g-rabenseifner-subgroup-8
5: Starting numprocs=8 N=7000, M=7000 impl=g-rabenseifner-subgroup-8
7: Starting numprocs=8 N=7000, M=7000 impl=g-rabenseifner-subgroup-8
2: Starting numprocs=8 N=7000, M=7000 impl=g-rabenseifner-subgroup-8
0: Starting numprocs=8 N=7000, M=7000 impl=g-rabenseifner-subgroup-8
Iteration 0
4: Starting numprocs=8 N=7000, M=7000 impl=g-rabenseifner-subgroup-8
time: 0.351266s
Iteration 1
time: 0.342422s
Iteration 2
time: 0.342784s
Iteration 3
time: 0.336613s
Iteration 4
time: 0.334365s
Iteration 5
time: 0.341402s
Iteration 6
time: 0.350996s
Iteration 7
time: 0.357888s
Iteration 8
time: 0.378912s
Iteration 9
time: 0.335218s
Iteration 10
time: 0.344321s
Iteration 11
time: 0.341985s
Iteration 12
time: 0.336022s
Iteration 13
time: 0.345346s
Iteration 14
time: 0.347416s
Iteration 15
time: 0.352905s
Iteration 16
time: 0.399063s
Iteration 17
time: 0.346300s
Iteration 18
time: 0.346380s
Iteration 19
time: 0.342592s
Iteration 20
time: 0.341737s
Iteration 21
time: 0.339349s
Iteration 22
time: 0.343519s
Iteration 23
time: 0.355537s
Iteration 24
time: 0.359581s
6: Starting numprocs=8 N=8000, M=8000 impl=allgather
1: Starting numprocs=8 N=8000, M=8000 impl=allgather
3: Starting numprocs=8 N=8000, M=8000 impl=allgather
5: Starting numprocs=8 N=8000, M=8000 impl=allgather
0: Starting numprocs=8 N=8000, M=8000 impl=allgather
Iteration 0
7: Starting numprocs=8 N=8000, M=8000 impl=allgather
2: Starting numprocs=8 N=8000, M=8000 impl=allgather
4: Starting numprocs=8 N=8000, M=8000 impl=allgather
time: 0.619201s
Iteration 1
time: 0.561886s
Iteration 2
time: 0.574949s
Iteration 3
time: 0.616301s
Iteration 4
time: 0.607743s
Iteration 5
time: 0.622119s
Iteration 6
time: 0.562261s
Iteration 7
time: 0.569660s
Iteration 8
time: 0.622208s
Iteration 9
time: 0.625149s
Iteration 10
time: 0.619864s
Iteration 11
time: 0.602966s
Iteration 12
time: 0.618294s
Iteration 13
time: 0.579948s
Iteration 14
time: 0.581376s
Iteration 15
time: 0.580781s
Iteration 16
time: 0.569248s
Iteration 17
time: 0.612888s
Iteration 18
time: 0.621537s
Iteration 19
time: 0.576187s
Iteration 20
time: 0.637344s
Iteration 21
time: 0.582253s
Iteration 22
time: 0.590684s
Iteration 23
time: 0.613691s
Iteration 24
time: 0.566862s
6: Starting numprocs=8 N=8000, M=8000 impl=allreduce
3: Starting numprocs=8 N=8000, M=8000 impl=allreduce
1: Starting numprocs=8 N=8000, M=8000 impl=allreduce
7: Starting numprocs=8 N=8000, M=8000 impl=allreduce
5: Starting numprocs=8 N=8000, M=8000 impl=allreduce
4: Starting numprocs=8 N=8000, M=8000 impl=allreduce
2: Starting numprocs=8 N=8000, M=8000 impl=allreduce
0: Starting numprocs=8 N=8000, M=8000 impl=allreduce
Iteration 0
time: 1.465311s
Iteration 1
time: 1.305012s
Iteration 2
time: 1.303446s
Iteration 3
time: 1.282045s
Iteration 4
time: 1.291618s
Iteration 5
time: 1.293215s
Iteration 6
time: 1.282207s
Iteration 7
time: 1.322132s
Iteration 8
time: 1.357405s
Iteration 9
time: 1.289010s
Iteration 10
time: 1.300560s
Iteration 11
time: 1.339511s
Iteration 12
time: 1.313285s
Iteration 13
time: 1.361483s
Iteration 14
time: 1.313653s
Iteration 15
time: 1.304656s
Iteration 16
time: 1.337389s
Iteration 17
time: 1.308891s
Iteration 18
time: 1.328452s
Iteration 19
time: 1.312596s
Iteration 20
time: 1.307757s
Iteration 21
time: 1.324028s
Iteration 22
time: 1.273262s
Iteration 23
time: 1.309938s
Iteration 24
time: 1.329622s
6: Starting numprocs=8 N=8000, M=8000 impl=allreduce-ring
3: Starting numprocs=8 N=8000, M=8000 impl=allreduce-ring
5: Starting numprocs=8 N=8000, M=8000 impl=allreduce-ring
0: Starting numprocs=8 N=8000, M=8000 impl=allreduce-ring
Iteration 0
1: Starting numprocs=8 N=8000, M=8000 impl=allreduce-ring
7: Starting numprocs=8 N=8000, M=8000 impl=allreduce-ring
4: Starting numprocs=8 N=8000, M=8000 impl=allreduce-ring
2: Starting numprocs=8 N=8000, M=8000 impl=allreduce-ring
time: 1.207805s
Iteration 1
time: 1.032274s
Iteration 2
time: 1.027727s
Iteration 3
time: 1.034460s
Iteration 4
time: 1.051293s
Iteration 5
time: 1.020577s
Iteration 6
time: 1.045924s
Iteration 7
time: 1.023707s
Iteration 8
time: 1.034299s
Iteration 9
time: 1.028958s
Iteration 10
time: 1.030747s
Iteration 11
time: 1.012108s
Iteration 12
time: 1.061943s
Iteration 13
time: 1.035378s
Iteration 14
time: 1.033429s
Iteration 15
time: 1.034603s
Iteration 16
time: 1.035899s
Iteration 17
time: 1.041483s
Iteration 18
time: 1.028558s
Iteration 19
time: 1.041088s
Iteration 20
time: 1.028653s
Iteration 21
time: 1.017868s
Iteration 22
time: 1.037530s
Iteration 23
time: 1.061403s
Iteration 24
time: 1.022172s
6: Starting numprocs=8 N=8000, M=8000 impl=g-rabenseifner-allgather
3: Starting numprocs=8 N=8000, M=8000 impl=g-rabenseifner-allgather
1: Starting numprocs=8 N=8000, M=8000 impl=g-rabenseifner-allgather
0: Starting numprocs=8 N=8000, M=8000 impl=g-rabenseifner-allgather
Iteration 0
7: Starting numprocs=8 N=8000, M=8000 impl=g-rabenseifner-allgather
5: Starting numprocs=8 N=8000, M=8000 impl=g-rabenseifner-allgather
2: Starting numprocs=8 N=8000, M=8000 impl=g-rabenseifner-allgather
4: Starting numprocs=8 N=8000, M=8000 impl=g-rabenseifner-allgather
time: 0.493765s
Iteration 1
time: 0.436089s
Iteration 2
time: 0.431599s
Iteration 3
time: 0.435093s
Iteration 4
time: 0.435291s
Iteration 5
time: 0.432406s
Iteration 6
time: 0.432822s
Iteration 7
time: 0.437322s
Iteration 8
time: 0.434185s
Iteration 9
time: 0.432417s
Iteration 10
time: 0.437043s
Iteration 11
time: 0.432238s
Iteration 12
time: 0.434027s
Iteration 13
time: 0.434124s
Iteration 14
time: 0.435307s
Iteration 15
time: 0.437136s
Iteration 16
time: 0.433045s
Iteration 17
time: 0.433646s
Iteration 18
time: 0.432599s
Iteration 19
time: 0.432634s
Iteration 20
time: 0.437305s
Iteration 21
time: 0.436254s
Iteration 22
time: 0.434105s
Iteration 23
time: 0.434302s
Iteration 24
time: 0.434980s
6: Starting numprocs=8 N=8000, M=8000 impl=g-rabenseifner-subgroup-2
1: Starting numprocs=8 N=8000, M=8000 impl=g-rabenseifner-subgroup-2
3: Starting numprocs=8 N=8000, M=8000 impl=g-rabenseifner-subgroup-2
0: Starting numprocs=8 N=8000, M=8000 impl=g-rabenseifner-subgroup-2
Iteration 0
7: Starting numprocs=8 N=8000, M=8000 impl=g-rabenseifner-subgroup-2
5: Starting numprocs=8 N=8000, M=8000 impl=g-rabenseifner-subgroup-2
4: Starting numprocs=8 N=8000, M=8000 impl=g-rabenseifner-subgroup-2
2: Starting numprocs=8 N=8000, M=8000 impl=g-rabenseifner-subgroup-2
time: 0.510875s
Iteration 1
time: 0.440885s
Iteration 2
time: 0.443111s
Iteration 3
time: 0.442658s
Iteration 4
time: 0.439378s
Iteration 5
time: 0.436848s
Iteration 6
time: 0.438827s
Iteration 7
time: 0.447748s
Iteration 8
time: 0.444452s
Iteration 9
time: 0.443671s
Iteration 10
time: 0.439841s
Iteration 11
time: 0.446704s
Iteration 12
time: 0.442737s
Iteration 13
time: 0.442923s
Iteration 14
time: 0.440717s
Iteration 15
time: 0.444707s
Iteration 16
time: 0.455793s
Iteration 17
time: 0.440881s
Iteration 18
time: 0.443106s
Iteration 19
time: 0.438736s
Iteration 20
time: 0.439295s
Iteration 21
time: 0.441834s
Iteration 22
time: 0.445328s
Iteration 23
time: 0.450097s
Iteration 24
time: 0.438987s
6: Starting numprocs=8 N=8000, M=8000 impl=g-rabenseifner-subgroup-4
1: Starting numprocs=8 N=8000, M=8000 impl=g-rabenseifner-subgroup-4
3: Starting numprocs=8 N=8000, M=8000 impl=g-rabenseifner-subgroup-4
5: Starting numprocs=8 N=8000, M=8000 impl=g-rabenseifner-subgroup-4
7: Starting numprocs=8 N=8000, M=8000 impl=g-rabenseifner-subgroup-4
2: Starting numprocs=8 N=8000, M=8000 impl=g-rabenseifner-subgroup-4
0: Starting numprocs=8 N=8000, M=8000 impl=g-rabenseifner-subgroup-4
Iteration 0
4: Starting numprocs=8 N=8000, M=8000 impl=g-rabenseifner-subgroup-4
time: 0.486782s
Iteration 1
time: 0.486608s
Iteration 2
time: 0.443414s
Iteration 3
time: 0.447388s
Iteration 4
time: 0.447883s
Iteration 5
time: 0.443192s
Iteration 6
time: 0.443552s
Iteration 7
time: 0.441087s
Iteration 8
time: 0.438493s
Iteration 9
time: 0.441145s
Iteration 10
time: 0.447579s
Iteration 11
time: 0.447505s
Iteration 12
time: 0.451386s
Iteration 13
time: 0.442329s
Iteration 14
time: 0.444770s
Iteration 15
time: 0.446483s
Iteration 16
time: 0.454956s
Iteration 17
time: 0.445905s
Iteration 18
time: 0.443938s
Iteration 19
time: 0.438397s
Iteration 20
time: 0.442481s
Iteration 21
time: 0.447892s
Iteration 22
time: 0.438427s
Iteration 23
time: 0.434566s
Iteration 24
time: 0.444980s
7: Starting numprocs=8 N=8000, M=8000 impl=g-rabenseifner-subgroup-8
6: Starting numprocs=8 N=8000, M=8000 impl=g-rabenseifner-subgroup-8
3: Starting numprocs=8 N=8000, M=8000 impl=g-rabenseifner-subgroup-8
1: Starting numprocs=8 N=8000, M=8000 impl=g-rabenseifner-subgroup-8
5: Starting numprocs=8 N=8000, M=8000 impl=g-rabenseifner-subgroup-8
0: Starting numprocs=8 N=8000, M=8000 impl=g-rabenseifner-subgroup-8
Iteration 0
2: Starting numprocs=8 N=8000, M=8000 impl=g-rabenseifner-subgroup-8
4: Starting numprocs=8 N=8000, M=8000 impl=g-rabenseifner-subgroup-8
time: 0.475694s
Iteration 1
time: 0.451747s
Iteration 2
time: 0.464931s
Iteration 3
time: 0.451270s
Iteration 4
time: 0.447750s
Iteration 5
time: 0.440261s
Iteration 6
time: 0.448101s
Iteration 7
time: 0.455680s
Iteration 8
time: 0.489979s
Iteration 9
time: 0.456144s
Iteration 10
time: 0.479107s
Iteration 11
time: 0.454061s
Iteration 12
time: 0.448411s
Iteration 13
time: 0.464396s
Iteration 14
time: 0.449630s
Iteration 15
time: 0.444619s
Iteration 16
time: 0.454134s
Iteration 17
time: 0.484980s
Iteration 18
time: 0.458972s
Iteration 19
time: 0.462945s
Iteration 20
time: 0.452501s
Iteration 21
time: 0.447920s
Iteration 22
time: 0.451253s
Iteration 23
time: 0.454008s
Iteration 24
time: 0.464925s
