0: Starting numprocs=8 N=1000, M=1000 impl=allgather
Iteration 0
5: Starting numprocs=8 N=1000, M=1000 impl=allgather
7: Starting numprocs=8 N=1000, M=1000 impl=allgather
1: Starting numprocs=8 N=1000, M=1000 impl=allgather
4: Starting numprocs=8 N=1000, M=1000 impl=allgather
6: Starting numprocs=8 N=1000, M=1000 impl=allgather
2: Starting numprocs=8 N=1000, M=1000 impl=allgather
3: Starting numprocs=8 N=1000, M=1000 impl=allgather
time: 0.016290s
Iteration 1
time: 0.007917s
Iteration 2
time: 0.007786s
Iteration 3
time: 0.007948s
Iteration 4
time: 0.007819s
Iteration 5
time: 0.007931s
Iteration 6
time: 0.007889s
Iteration 7
time: 0.007862s
Iteration 8
time: 0.007933s
Iteration 9
time: 0.007812s
Iteration 10
time: 0.007862s
Iteration 11
time: 0.007734s
Iteration 12
time: 0.008054s
Iteration 13
time: 0.007872s
Iteration 14
time: 0.008446s
Iteration 15
time: 0.007924s
Iteration 16
time: 0.007901s
Iteration 17
time: 0.007917s
Iteration 18
time: 0.007920s
Iteration 19
time: 0.007920s
Iteration 20
time: 0.007905s
Iteration 21
time: 0.007486s
Iteration 22
time: 0.008510s
Iteration 23
time: 0.008737s
Iteration 24
time: 0.008035s
5: Starting numprocs=8 N=1000, M=1000 impl=allreduce
2: Starting numprocs=8 N=1000, M=1000 impl=allreduce
7: Starting numprocs=8 N=1000, M=1000 impl=allreduce
1: Starting numprocs=8 N=1000, M=1000 impl=allreduce
4: Starting numprocs=8 N=1000, M=1000 impl=allreduce
6: Starting numprocs=8 N=1000, M=1000 impl=allreduce
0: Starting numprocs=8 N=1000, M=1000 impl=allreduce
Iteration 0
3: Starting numprocs=8 N=1000, M=1000 impl=allreduce
time: 0.046377s
Iteration 1
time: 0.044925s
Iteration 2
time: 0.039158s
Iteration 3
time: 0.039860s
Iteration 4
time: 0.040633s
Iteration 5
time: 0.041589s
Iteration 6
time: 0.041378s
Iteration 7
time: 0.040544s
Iteration 8
time: 0.042321s
Iteration 9
time: 0.040877s
Iteration 10
time: 0.041903s
Iteration 11
time: 0.041505s
Iteration 12
time: 0.042790s
Iteration 13
time: 0.042215s
Iteration 14
time: 0.039038s
Iteration 15
time: 0.042867s
Iteration 16
time: 0.041669s
Iteration 17
time: 0.038814s
Iteration 18
time: 0.035811s
Iteration 19
time: 0.025492s
Iteration 20
time: 0.024427s
Iteration 21
time: 0.024657s
Iteration 22
time: 0.026024s
Iteration 23
time: 0.025477s
Iteration 24
time: 0.020434s
0: Starting numprocs=8 N=1000, M=1000 impl=allreduce-ring
Iteration 0
5: Starting numprocs=8 N=1000, M=1000 impl=allreduce-ring
2: Starting numprocs=8 N=1000, M=1000 impl=allreduce-ring
1: Starting numprocs=8 N=1000, M=1000 impl=allreduce-ring
4: Starting numprocs=8 N=1000, M=1000 impl=allreduce-ring
6: Starting numprocs=8 N=1000, M=1000 impl=allreduce-ring
7: Starting numprocs=8 N=1000, M=1000 impl=allreduce-ring
3: Starting numprocs=8 N=1000, M=1000 impl=allreduce-ring
time: 0.042993s
Iteration 1
time: 0.041106s
Iteration 2
time: 0.038328s
Iteration 3
time: 0.041314s
Iteration 4
time: 0.040077s
Iteration 5
time: 0.043824s
Iteration 6
time: 0.041209s
Iteration 7
time: 0.042161s
Iteration 8
time: 0.043626s
Iteration 9
time: 0.042147s
Iteration 10
time: 0.042976s
Iteration 11
time: 0.040807s
Iteration 12
time: 0.036161s
Iteration 13
time: 0.034157s
Iteration 14
time: 0.042291s
Iteration 15
time: 0.035431s
Iteration 16
time: 0.027366s
Iteration 17
time: 0.024381s
Iteration 18
time: 0.023639s
Iteration 19
time: 0.024507s
Iteration 20
time: 0.030194s
Iteration 21
time: 0.030674s
Iteration 22
time: 0.031341s
Iteration 23
time: 0.024497s
Iteration 24
time: 0.021716s
0: Starting numprocs=8 N=1000, M=1000 impl=g-rabenseifner-allgather
Iteration 0
7: Starting numprocs=8 N=1000, M=1000 impl=g-rabenseifner-allgather
5: Starting numprocs=8 N=1000, M=1000 impl=g-rabenseifner-allgather
2: Starting numprocs=8 N=1000, M=1000 impl=g-rabenseifner-allgather
6: Starting numprocs=8 N=1000, M=1000 impl=g-rabenseifner-allgather
4: Starting numprocs=8 N=1000, M=1000 impl=g-rabenseifner-allgather
3: Starting numprocs=8 N=1000, M=1000 impl=g-rabenseifner-allgather
1: Starting numprocs=8 N=1000, M=1000 impl=g-rabenseifner-allgather
time: 0.020125s
Iteration 1
time: 0.012477s
Iteration 2
time: 0.013685s
Iteration 3
time: 0.014148s
Iteration 4
time: 0.013663s
Iteration 5
time: 0.011602s
Iteration 6
time: 0.011710s
Iteration 7
time: 0.011535s
Iteration 8
time: 0.015408s
Iteration 9
time: 0.011009s
Iteration 10
time: 0.011740s
Iteration 11
time: 0.011522s
Iteration 12
time: 0.011513s
Iteration 13
time: 0.011828s
Iteration 14
time: 0.011557s
Iteration 15
time: 0.011534s
Iteration 16
time: 0.011430s
Iteration 17
time: 0.012506s
Iteration 18
time: 0.011726s
Iteration 19
time: 0.011667s
Iteration 20
time: 0.012018s
Iteration 21
time: 0.012283s
Iteration 22
time: 0.011805s
Iteration 23
time: 0.012262s
Iteration 24
time: 0.012088s
0: Starting numprocs=8 N=1000, M=1000 impl=g-rabenseifner-subgroup-2
Iteration 0
1: Starting numprocs=8 N=1000, M=1000 impl=g-rabenseifner-subgroup-2
5: Starting numprocs=8 N=1000, M=1000 impl=g-rabenseifner-subgroup-2
2: Starting numprocs=8 N=1000, M=1000 impl=g-rabenseifner-subgroup-2
6: Starting numprocs=8 N=1000, M=1000 impl=g-rabenseifner-subgroup-2
7: Starting numprocs=8 N=1000, M=1000 impl=g-rabenseifner-subgroup-2
4: Starting numprocs=8 N=1000, M=1000 impl=g-rabenseifner-subgroup-2
3: Starting numprocs=8 N=1000, M=1000 impl=g-rabenseifner-subgroup-2
time: 0.020851s
Iteration 1
time: 0.013263s
Iteration 2
time: 0.009862s
Iteration 3
time: 0.009968s
Iteration 4
time: 0.009532s
Iteration 5
time: 0.009878s
Iteration 6
time: 0.009670s
Iteration 7
time: 0.009866s
Iteration 8
time: 0.010466s
Iteration 9
time: 0.009978s
Iteration 10
time: 0.009703s
Iteration 11
time: 0.009583s
Iteration 12
time: 0.009636s
Iteration 13
time: 0.009850s
Iteration 14
time: 0.009571s
Iteration 15
time: 0.009875s
Iteration 16
time: 0.009670s
Iteration 17
time: 0.009961s
Iteration 18
time: 0.009591s
Iteration 19
time: 0.009665s
Iteration 20
time: 0.009515s
Iteration 21
time: 0.009569s
Iteration 22
time: 0.009666s
Iteration 23
time: 0.008820s
Iteration 24
time: 0.007482s
0: Starting numprocs=8 N=1000, M=1000 impl=g-rabenseifner-subgroup-4
Iteration 0
2: Starting numprocs=8 N=1000, M=1000 impl=g-rabenseifner-subgroup-4
3: Starting numprocs=8 N=1000, M=1000 impl=g-rabenseifner-subgroup-4
7: Starting numprocs=8 N=1000, M=1000 impl=g-rabenseifner-subgroup-4
6: Starting numprocs=8 N=1000, M=1000 impl=g-rabenseifner-subgroup-4
4: Starting numprocs=8 N=1000, M=1000 impl=g-rabenseifner-subgroup-4
5: Starting numprocs=8 N=1000, M=1000 impl=g-rabenseifner-subgroup-4
1: Starting numprocs=8 N=1000, M=1000 impl=g-rabenseifner-subgroup-4
time: 0.018702s
Iteration 1
time: 0.007549s
Iteration 2
time: 0.009232s
Iteration 3
time: 0.011292s
Iteration 4
time: 0.007090s
Iteration 5
time: 0.007068s
Iteration 6
time: 0.007094s
Iteration 7
time: 0.007056s
Iteration 8
time: 0.007105s
Iteration 9
time: 0.007157s
Iteration 10
time: 0.007159s
Iteration 11
time: 0.007172s
Iteration 12
time: 0.007451s
Iteration 13
time: 0.007348s
Iteration 14
time: 0.007126s
Iteration 15
time: 0.007083s
Iteration 16
time: 0.007104s
Iteration 17
time: 0.007133s
Iteration 18
time: 0.007077s
Iteration 19
time: 0.007140s
Iteration 20
time: 0.007117s
Iteration 21
time: 0.007088s
Iteration 22
time: 0.007185s
Iteration 23
time: 0.007189s
Iteration 24
time: 0.007247s
0: Starting numprocs=8 N=1000, M=1000 impl=g-rabenseifner-subgroup-8
Iteration 0
1: Starting numprocs=8 N=1000, M=1000 impl=g-rabenseifner-subgroup-8
2: Starting numprocs=8 N=1000, M=1000 impl=g-rabenseifner-subgroup-8
6: Starting numprocs=8 N=1000, M=1000 impl=g-rabenseifner-subgroup-8
5: Starting numprocs=8 N=1000, M=1000 impl=g-rabenseifner-subgroup-8
4: Starting numprocs=8 N=1000, M=1000 impl=g-rabenseifner-subgroup-8
7: Starting numprocs=8 N=1000, M=1000 impl=g-rabenseifner-subgroup-8
3: Starting numprocs=8 N=1000, M=1000 impl=g-rabenseifner-subgroup-8
time: 0.017091s
Iteration 1
time: 0.007328s
Iteration 2
time: 0.006750s
Iteration 3
time: 0.006606s
Iteration 4
time: 0.006756s
Iteration 5
time: 0.006848s
Iteration 6
time: 0.006832s
Iteration 7
time: 0.006804s
Iteration 8
time: 0.006783s
Iteration 9
time: 0.006801s
Iteration 10
time: 0.007017s
Iteration 11
time: 0.007136s
Iteration 12
time: 0.006791s
Iteration 13
time: 0.006904s
Iteration 14
time: 0.006740s
Iteration 15
time: 0.006824s
Iteration 16
time: 0.006780s
Iteration 17
time: 0.007251s
Iteration 18
time: 0.006908s
Iteration 19
time: 0.007356s
Iteration 20
time: 0.006784s
Iteration 21
time: 0.006864s
Iteration 22
time: 0.006837s
Iteration 23
time: 0.006809s
Iteration 24
time: 0.006826s
2: Starting numprocs=8 N=2000, M=2000 impl=allgather
5: Starting numprocs=8 N=2000, M=2000 impl=allgather
7: Starting numprocs=8 N=2000, M=2000 impl=allgather
0: Starting numprocs=8 N=2000, M=2000 impl=allgather
Iteration 0
6: Starting numprocs=8 N=2000, M=2000 impl=allgather
1: Starting numprocs=8 N=2000, M=2000 impl=allgather
4: Starting numprocs=8 N=2000, M=2000 impl=allgather
3: Starting numprocs=8 N=2000, M=2000 impl=allgather
time: 0.043674s
Iteration 1
time: 0.030115s
Iteration 2
time: 0.028795s
Iteration 3
time: 0.026627s
Iteration 4
time: 0.028450s
Iteration 5
time: 0.028041s
Iteration 6
time: 0.029876s
Iteration 7
time: 0.030179s
Iteration 8
time: 0.029459s
Iteration 9
time: 0.030010s
Iteration 10
time: 0.028380s
Iteration 11
time: 0.028164s
Iteration 12
time: 0.027138s
Iteration 13
time: 0.031185s
Iteration 14
time: 0.036400s
Iteration 15
time: 0.029107s
Iteration 16
time: 0.032176s
Iteration 17
time: 0.030808s
Iteration 18
time: 0.032591s
Iteration 19
time: 0.034590s
Iteration 20
time: 0.029381s
Iteration 21
time: 0.029685s
Iteration 22
time: 0.034134s
Iteration 23
time: 0.028723s
Iteration 24
time: 0.035139s
1: Starting numprocs=8 N=2000, M=2000 impl=allreduce
0: Starting numprocs=8 N=2000, M=2000 impl=allreduce
Iteration 0
7: Starting numprocs=8 N=2000, M=2000 impl=allreduce
5: Starting numprocs=8 N=2000, M=2000 impl=allreduce
2: Starting numprocs=8 N=2000, M=2000 impl=allreduce
6: Starting numprocs=8 N=2000, M=2000 impl=allreduce
4: Starting numprocs=8 N=2000, M=2000 impl=allreduce
3: Starting numprocs=8 N=2000, M=2000 impl=allreduce
time: 0.144883s
Iteration 1
time: 0.127447s
Iteration 2
time: 0.114165s
Iteration 3
time: 0.108154s
Iteration 4
time: 0.106805s
Iteration 5
time: 1.301169s
Iteration 6
time: 0.153195s
Iteration 7
time: 0.156009s
Iteration 8
time: 0.155035s
Iteration 9
time: 0.065346s
Iteration 10
time: 0.069806s
Iteration 11
time: 0.064367s
Iteration 12
time: 0.076729s
Iteration 13
time: 0.067443s
Iteration 14
time: 0.065648s
Iteration 15
time: 0.068205s
Iteration 16
time: 0.068270s
Iteration 17
time: 0.068293s
Iteration 18
time: 0.113137s
Iteration 19
time: 0.067067s
Iteration 20
time: 0.063477s
Iteration 21
time: 0.064052s
Iteration 22
time: 0.063691s
Iteration 23
time: 0.063930s
Iteration 24
time: 0.109821s
1: Starting numprocs=8 N=2000, M=2000 impl=allreduce-ring
2: Starting numprocs=8 N=2000, M=2000 impl=allreduce-ring
0: Starting numprocs=8 N=2000, M=2000 impl=allreduce-ring
Iteration 0
7: Starting numprocs=8 N=2000, M=2000 impl=allreduce-ring
4: Starting numprocs=8 N=2000, M=2000 impl=allreduce-ring
5: Starting numprocs=8 N=2000, M=2000 impl=allreduce-ring
6: Starting numprocs=8 N=2000, M=2000 impl=allreduce-ring
3: Starting numprocs=8 N=2000, M=2000 impl=allreduce-ring
time: 0.069948s
Iteration 1
time: 0.055665s
Iteration 2
time: 0.054361s
Iteration 3
time: 0.054775s
Iteration 4
time: 0.054260s
Iteration 5
time: 0.054042s
Iteration 6
time: 0.054269s
Iteration 7
time: 0.055196s
Iteration 8
time: 0.054958s
Iteration 9
time: 0.056100s
Iteration 10
time: 0.055512s
Iteration 11
time: 0.055183s
Iteration 12
time: 0.054369s
Iteration 13
time: 0.054270s
Iteration 14
time: 0.063924s
Iteration 15
time: 1.584832s
Iteration 16
time: 0.075848s
Iteration 17
time: 0.083238s
Iteration 18
time: 0.091841s
Iteration 19
time: 0.080276s
Iteration 20
time: 0.081075s
Iteration 21
time: 0.086839s
Iteration 22
time: 0.055090s
Iteration 23
time: 0.073374s
Iteration 24
time: 0.056283s
0: Starting numprocs=8 N=2000, M=2000 impl=g-rabenseifner-allgather
Iteration 0
1: Starting numprocs=8 N=2000, M=2000 impl=g-rabenseifner-allgather
5: Starting numprocs=8 N=2000, M=2000 impl=g-rabenseifner-allgather
2: Starting numprocs=8 N=2000, M=2000 impl=g-rabenseifner-allgather
7: Starting numprocs=8 N=2000, M=2000 impl=g-rabenseifner-allgather
6: Starting numprocs=8 N=2000, M=2000 impl=g-rabenseifner-allgather
3: Starting numprocs=8 N=2000, M=2000 impl=g-rabenseifner-allgather
4: Starting numprocs=8 N=2000, M=2000 impl=g-rabenseifner-allgather
time: 0.038025s
Iteration 1
time: 0.027531s
Iteration 2
time: 0.027522s
Iteration 3
time: 0.027400s
Iteration 4
time: 0.027605s
Iteration 5
time: 0.027333s
Iteration 6
time: 0.027361s
Iteration 7
time: 0.027305s
Iteration 8
time: 0.027856s
Iteration 9
time: 0.028134s
Iteration 10
time: 0.037376s
Iteration 11
time: 0.047715s
Iteration 12
time: 0.027341s
Iteration 13
time: 0.027340s
Iteration 14
time: 0.027347s
Iteration 15
time: 0.028040s
Iteration 16
time: 0.027376s
Iteration 17
time: 0.027515s
Iteration 18
time: 0.027273s
Iteration 19
time: 0.027529s
Iteration 20
time: 0.027325s
Iteration 21
time: 0.027304s
Iteration 22
time: 0.027364s
Iteration 23
time: 0.027990s
Iteration 24
time: 0.027354s
0: Starting numprocs=8 N=2000, M=2000 impl=g-rabenseifner-subgroup-2
Iteration 0
7: Starting numprocs=8 N=2000, M=2000 impl=g-rabenseifner-subgroup-2
2: Starting numprocs=8 N=2000, M=2000 impl=g-rabenseifner-subgroup-2
1: Starting numprocs=8 N=2000, M=2000 impl=g-rabenseifner-subgroup-2
5: Starting numprocs=8 N=2000, M=2000 impl=g-rabenseifner-subgroup-2
6: Starting numprocs=8 N=2000, M=2000 impl=g-rabenseifner-subgroup-2
4: Starting numprocs=8 N=2000, M=2000 impl=g-rabenseifner-subgroup-2
3: Starting numprocs=8 N=2000, M=2000 impl=g-rabenseifner-subgroup-2
time: 2.158384s
Iteration 1
time: 0.028551s
Iteration 2
time: 0.028136s
Iteration 3
time: 0.027469s
Iteration 4
time: 0.027685s
Iteration 5
time: 0.028098s
Iteration 6
time: 0.027667s
Iteration 7
time: 0.027797s
Iteration 8
time: 0.027683s
Iteration 9
time: 0.028074s
Iteration 10
time: 0.027841s
Iteration 11
time: 0.027524s
Iteration 12
time: 0.027694s
Iteration 13
time: 0.028174s
Iteration 14
time: 0.027458s
Iteration 15
time: 1.711722s
Iteration 16
time: 0.028771s
Iteration 17
time: 0.027986s
Iteration 18
time: 0.027782s
Iteration 19
time: 0.027593s
Iteration 20
time: 0.028267s
Iteration 21
time: 2.151818s
Iteration 22
time: 0.028143s
Iteration 23
time: 0.027724s
Iteration 24
time: 1.882435s
0: Starting numprocs=8 N=2000, M=2000 impl=g-rabenseifner-subgroup-4
Iteration 0
2: Starting numprocs=8 N=2000, M=2000 impl=g-rabenseifner-subgroup-4
1: Starting numprocs=8 N=2000, M=2000 impl=g-rabenseifner-subgroup-4
5: Starting numprocs=8 N=2000, M=2000 impl=g-rabenseifner-subgroup-4
7: Starting numprocs=8 N=2000, M=2000 impl=g-rabenseifner-subgroup-4
4: Starting numprocs=8 N=2000, M=2000 impl=g-rabenseifner-subgroup-4
3: Starting numprocs=8 N=2000, M=2000 impl=g-rabenseifner-subgroup-4
6: Starting numprocs=8 N=2000, M=2000 impl=g-rabenseifner-subgroup-4
time: 0.038658s
Iteration 1
time: 0.028284s
Iteration 2
time: 0.028163s
Iteration 3
time: 0.028576s
Iteration 4
time: 0.028461s
Iteration 5
time: 0.028331s
Iteration 6
time: 0.028622s
Iteration 7
time: 0.028851s
Iteration 8
time: 0.028623s
Iteration 9
time: 2.174991s
Iteration 10
time: 0.028961s
Iteration 11
time: 0.028744s
Iteration 12
time: 0.028317s
Iteration 13
time: 0.028220s
Iteration 14
time: 0.028788s
Iteration 15
time: 0.029152s
Iteration 16
time: 0.028357s
Iteration 17
time: 0.027997s
Iteration 18
time: 0.027958s
Iteration 19
time: 0.029188s
Iteration 20
time: 0.028266s
Iteration 21
time: 0.028293s
Iteration 22
time: 0.028085s
Iteration 23
time: 0.028427s
Iteration 24
time: 0.028062s
2: Starting numprocs=8 N=2000, M=2000 impl=g-rabenseifner-subgroup-8
0: Starting numprocs=8 N=2000, M=2000 impl=g-rabenseifner-subgroup-8
Iteration 0
5: Starting numprocs=8 N=2000, M=2000 impl=g-rabenseifner-subgroup-8
7: Starting numprocs=8 N=2000, M=2000 impl=g-rabenseifner-subgroup-8
1: Starting numprocs=8 N=2000, M=2000 impl=g-rabenseifner-subgroup-8
4: Starting numprocs=8 N=2000, M=2000 impl=g-rabenseifner-subgroup-8
6: Starting numprocs=8 N=2000, M=2000 impl=g-rabenseifner-subgroup-8
3: Starting numprocs=8 N=2000, M=2000 impl=g-rabenseifner-subgroup-8
time: 0.040998s
Iteration 1
time: 0.030199s
Iteration 2
time: 0.034961s
Iteration 3
time: 3.167945s
Iteration 4
time: 0.028534s
Iteration 5
time: 0.028628s
Iteration 6
time: 0.028417s
Iteration 7
time: 0.028712s
Iteration 8
time: 0.028612s
Iteration 9
time: 0.028536s
Iteration 10
time: 0.027632s
Iteration 11
time: 0.027900s
Iteration 12
time: 0.028801s
Iteration 13
time: 0.029086s
Iteration 14
time: 0.029028s
Iteration 15
time: 0.028645s
Iteration 16
time: 0.028257s
Iteration 17
time: 0.028621s
Iteration 18
time: 0.028148s
Iteration 19
time: 0.028021s
Iteration 20
time: 0.027479s
Iteration 21
time: 0.027854s
Iteration 22
time: 0.029567s
Iteration 23
time: 0.029044s
Iteration 24
time: 0.029184s
1: Starting numprocs=8 N=3000, M=3000 impl=allgather
5: Starting numprocs=8 N=3000, M=3000 impl=allgather
2: Starting numprocs=8 N=3000, M=3000 impl=allgather
7: Starting numprocs=8 N=3000, M=3000 impl=allgather
0: Starting numprocs=8 N=3000, M=3000 impl=allgather
Iteration 0
6: Starting numprocs=8 N=3000, M=3000 impl=allgather
4: Starting numprocs=8 N=3000, M=3000 impl=allgather
3: Starting numprocs=8 N=3000, M=3000 impl=allgather
time: 0.087083s
Iteration 1
time: 0.085525s
Iteration 2
time: 0.071307s
Iteration 3
time: 0.076741s
Iteration 4
time: 0.096132s
Iteration 5
time: 0.092879s
Iteration 6
time: 0.085485s
Iteration 7
time: 0.075350s
Iteration 8
time: 0.077007s
Iteration 9
time: 0.094892s
Iteration 10
time: 0.090012s
Iteration 11
time: 0.083608s
Iteration 12
time: 0.075317s
Iteration 13
time: 0.072717s
Iteration 14
time: 0.088798s
Iteration 15
time: 0.104116s
Iteration 16
time: 0.097331s
Iteration 17
time: 0.082144s
Iteration 18
time: 0.071873s
Iteration 19
time: 0.070955s
Iteration 20
time: 0.094222s
Iteration 21
time: 0.100765s
Iteration 22
time: 0.106772s
Iteration 23
time: 0.107756s
Iteration 24
time: 0.079110s
0: Starting numprocs=8 N=3000, M=3000 impl=allreduce
Iteration 0
7: Starting numprocs=8 N=3000, M=3000 impl=allreduce
5: Starting numprocs=8 N=3000, M=3000 impl=allreduce
1: Starting numprocs=8 N=3000, M=3000 impl=allreduce
2: Starting numprocs=8 N=3000, M=3000 impl=allreduce
6: Starting numprocs=8 N=3000, M=3000 impl=allreduce
4: Starting numprocs=8 N=3000, M=3000 impl=allreduce
3: Starting numprocs=8 N=3000, M=3000 impl=allreduce
time: 6.006510s
Iteration 1
time: 0.190001s
Iteration 2
time: 0.189090s
Iteration 3
time: 0.189568s
Iteration 4
time: 0.257313s
Iteration 5
time: 0.251415s
Iteration 6
time: 6.148920s
Iteration 7
time: 0.194827s
Iteration 8
time: 0.235235s
Iteration 9
time: 2.302753s
Iteration 10
time: 0.186790s
Iteration 11
time: 0.184842s
Iteration 12
time: 0.186246s
Iteration 13
time: 0.193584s
Iteration 14
time: 0.186706s
Iteration 15
time: 1.970427s
Iteration 16
time: 10.608373s
Iteration 17
time: 0.186430s
Iteration 18
time: 0.186669s
Iteration 19
time: 0.189937s
Iteration 20
time: 0.188705s
Iteration 21
time: 0.185632s
Iteration 22
time: 0.186437s
Iteration 23
time: 0.186421s
Iteration 24
time: 0.187760s
2: Starting numprocs=8 N=3000, M=3000 impl=allreduce-ring
0: Starting numprocs=8 N=3000, M=3000 impl=allreduce-ring
Iteration 0
7: Starting numprocs=8 N=3000, M=3000 impl=allreduce-ring
6: Starting numprocs=8 N=3000, M=3000 impl=allreduce-ring
5: Starting numprocs=8 N=3000, M=3000 impl=allreduce-ring
1: Starting numprocs=8 N=3000, M=3000 impl=allreduce-ring
4: Starting numprocs=8 N=3000, M=3000 impl=allreduce-ring
3: Starting numprocs=8 N=3000, M=3000 impl=allreduce-ring
time: 0.147497s
Iteration 1
time: 0.124912s
Iteration 2
time: 4.507649s
Iteration 3
time: 11.906855s
Iteration 4
time: 0.125412s
Iteration 5
time: 0.126194s
Iteration 6
time: 0.125909s
Iteration 7
time: 0.124430s
Iteration 8
time: 2.320825s
Iteration 9
time: 0.123046s
Iteration 10
time: 0.125785s
Iteration 11
time: 0.124872s
Iteration 12
time: 0.124491s
Iteration 13
time: 0.124601s
Iteration 14
time: 0.126002s
Iteration 15
time: 0.124760s
Iteration 16
time: 0.123705s
Iteration 17
time: 4.081766s
Iteration 18
time: 3.534509s
Iteration 19
time: 0.125212s
Iteration 20
time: 0.124247s
Iteration 21
time: 0.144827s
Iteration 22
time: 0.126555s
Iteration 23
time: 0.125587s
Iteration 24
time: 0.128277s
2: Starting numprocs=8 N=3000, M=3000 impl=g-rabenseifner-allgather
7: Starting numprocs=8 N=3000, M=3000 impl=g-rabenseifner-allgather
5: Starting numprocs=8 N=3000, M=3000 impl=g-rabenseifner-allgather
6: Starting numprocs=8 N=3000, M=3000 impl=g-rabenseifner-allgather
1: Starting numprocs=8 N=3000, M=3000 impl=g-rabenseifner-allgather
0: Starting numprocs=8 N=3000, M=3000 impl=g-rabenseifner-allgather
Iteration 0
4: Starting numprocs=8 N=3000, M=3000 impl=g-rabenseifner-allgather
3: Starting numprocs=8 N=3000, M=3000 impl=g-rabenseifner-allgather
time: 0.077094s
Iteration 1
time: 0.061301s
Iteration 2
time: 0.061369s
Iteration 3
time: 0.061396s
Iteration 4
time: 0.061464s
Iteration 5
time: 0.061641s
Iteration 6
time: 0.061557s
Iteration 7
time: 0.063069s
Iteration 8
time: 0.061915s
Iteration 9
time: 0.067188s
Iteration 10
time: 0.061548s
Iteration 11
time: 0.061277s
Iteration 12
time: 0.061328s
Iteration 13
time: 14.819741s
Iteration 14
time: 0.803202s
Iteration 15
time: 28.147165s
Iteration 16
time: 0.061545s
Iteration 17
time: 8.726755s
Iteration 18
time: 0.061712s
Iteration 19
time: 0.061796s
Iteration 20
time: 0.061849s
Iteration 21
time: 0.061946s
Iteration 22
time: 0.061340s
Iteration 23
time: 0.061762s
Iteration 24
time: 0.061786s
7: Starting numprocs=8 N=3000, M=3000 impl=g-rabenseifner-subgroup-2
5: Starting numprocs=8 N=3000, M=3000 impl=g-rabenseifner-subgroup-2
2: Starting numprocs=8 N=3000, M=3000 impl=g-rabenseifner-subgroup-2
0: Starting numprocs=8 N=3000, M=3000 impl=g-rabenseifner-subgroup-2
Iteration 0
1: Starting numprocs=8 N=3000, M=3000 impl=g-rabenseifner-subgroup-2
6: Starting numprocs=8 N=3000, M=3000 impl=g-rabenseifner-subgroup-2
3: Starting numprocs=8 N=3000, M=3000 impl=g-rabenseifner-subgroup-2
4: Starting numprocs=8 N=3000, M=3000 impl=g-rabenseifner-subgroup-2
time: 0.081690s
Iteration 1
time: 0.061468s
Iteration 2
time: 2.115759s
Iteration 3
time: 0.065491s
Iteration 4
time: 0.064369s
Iteration 5
time: 0.066203s
Iteration 6
time: 0.062624s
Iteration 7
time: 0.062950s
Iteration 8
time: 0.062368s
Iteration 9
time: 0.063200s
Iteration 10
time: 0.062907s
Iteration 11
time: 0.062774s
Iteration 12
time: 0.064431s
Iteration 13
time: 0.064093s
Iteration 14
time: 0.063436s
Iteration 15
time: 0.065508s
Iteration 16
time: 0.063668s
Iteration 17
time: 0.062527s
Iteration 18
time: 0.062542s
Iteration 19
time: 0.062972s
Iteration 20
time: 0.064283s
Iteration 21
time: 0.064075s
Iteration 22
time: 0.063484s
Iteration 23
time: 0.063277s
Iteration 24
time: 0.062414s
5: Starting numprocs=8 N=3000, M=3000 impl=g-rabenseifner-subgroup-4
7: Starting numprocs=8 N=3000, M=3000 impl=g-rabenseifner-subgroup-4
1: Starting numprocs=8 N=3000, M=3000 impl=g-rabenseifner-subgroup-4
6: Starting numprocs=8 N=3000, M=3000 impl=g-rabenseifner-subgroup-4
2: Starting numprocs=8 N=3000, M=3000 impl=g-rabenseifner-subgroup-4
0: Starting numprocs=8 N=3000, M=3000 impl=g-rabenseifner-subgroup-4
Iteration 0
3: Starting numprocs=8 N=3000, M=3000 impl=g-rabenseifner-subgroup-4
4: Starting numprocs=8 N=3000, M=3000 impl=g-rabenseifner-subgroup-4
time: 0.085875s
Iteration 1
time: 0.069649s
Iteration 2
time: 0.067309s
Iteration 3
time: 0.067840s
Iteration 4
time: 0.065364s
Iteration 5
time: 0.064064s
Iteration 6
time: 0.070001s
Iteration 7
time: 2.028323s
Iteration 8
time: 2.154569s
Iteration 9
time: 0.074182s
Iteration 10
time: 0.064158s
Iteration 11
time: 0.064937s
Iteration 12
time: 0.062263s
Iteration 13
time: 0.062368s
Iteration 14
time: 0.065171s
Iteration 15
time: 0.065434s
Iteration 16
time: 0.064841s
Iteration 17
time: 0.064311s
Iteration 18
time: 0.063585s
Iteration 19
time: 4.383352s
Iteration 20
time: 0.068186s
Iteration 21
time: 0.069432s
Iteration 22
time: 0.064397s
Iteration 23
time: 0.063015s
Iteration 24
time: 0.062622s
7: Starting numprocs=8 N=3000, M=3000 impl=g-rabenseifner-subgroup-8
2: Starting numprocs=8 N=3000, M=3000 impl=g-rabenseifner-subgroup-8
5: Starting numprocs=8 N=3000, M=3000 impl=g-rabenseifner-subgroup-8
6: Starting numprocs=8 N=3000, M=3000 impl=g-rabenseifner-subgroup-8
1: Starting numprocs=8 N=3000, M=3000 impl=g-rabenseifner-subgroup-8
0: Starting numprocs=8 N=3000, M=3000 impl=g-rabenseifner-subgroup-8
Iteration 0
3: Starting numprocs=8 N=3000, M=3000 impl=g-rabenseifner-subgroup-8
4: Starting numprocs=8 N=3000, M=3000 impl=g-rabenseifner-subgroup-8
time: 0.078559s
Iteration 1
time: 0.062951s
Iteration 2
time: 0.069913s
Iteration 3
time: 0.069773s
Iteration 4
time: 0.068970s
Iteration 5
time: 0.068009s
Iteration 6
time: 0.068726s
Iteration 7
time: 0.068217s
Iteration 8
time: 0.067653s
Iteration 9
time: 0.067432s
Iteration 10
time: 0.066098s
Iteration 11
time: 0.068790s
Iteration 12
time: 0.069393s
Iteration 13
time: 0.067708s
Iteration 14
time: 2.039123s
Iteration 15
time: 0.064136s
Iteration 16
time: 0.068323s
Iteration 17
time: 0.068272s
Iteration 18
time: 0.067363s
Iteration 19
time: 0.065094s
Iteration 20
time: 0.069614s
Iteration 21
time: 0.070798s
Iteration 22
time: 0.068968s
Iteration 23
time: 0.068592s
Iteration 24
time: 0.074911s
5: Starting numprocs=8 N=4000, M=4000 impl=allgather
7: Starting numprocs=8 N=4000, M=4000 impl=allgather
2: Starting numprocs=8 N=4000, M=4000 impl=allgather
6: Starting numprocs=8 N=4000, M=4000 impl=allgather
1: Starting numprocs=8 N=4000, M=4000 impl=allgather
0: Starting numprocs=8 N=4000, M=4000 impl=allgather
Iteration 0
4: Starting numprocs=8 N=4000, M=4000 impl=allgather
3: Starting numprocs=8 N=4000, M=4000 impl=allgather
time: 0.223819s
Iteration 1
time: 0.154757s
Iteration 2
time: 0.209528s
Iteration 3
time: 0.180036s
Iteration 4
time: 0.206694s
Iteration 5
time: 0.193143s
Iteration 6
time: 0.194010s
Iteration 7
time: 0.215166s
Iteration 8
time: 0.157732s
Iteration 9
time: 0.217058s
Iteration 10
time: 0.197246s
Iteration 11
time: 0.170648s
Iteration 12
time: 0.220378s
Iteration 13
time: 0.193902s
Iteration 14
time: 0.190656s
Iteration 15
time: 0.212961s
Iteration 16
time: 0.189190s
Iteration 17
time: 0.182866s
Iteration 18
time: 0.169021s
Iteration 19
time: 0.166890s
Iteration 20
time: 0.166365s
Iteration 21
time: 0.148278s
Iteration 22
time: 0.206650s
Iteration 23
time: 0.237287s
Iteration 24
time: 0.195738s
5: Starting numprocs=8 N=4000, M=4000 impl=allreduce
7: Starting numprocs=8 N=4000, M=4000 impl=allreduce
2: Starting numprocs=8 N=4000, M=4000 impl=allreduce
4: Starting numprocs=8 N=4000, M=4000 impl=allreduce
6: Starting numprocs=8 N=4000, M=4000 impl=allreduce
1: Starting numprocs=8 N=4000, M=4000 impl=allreduce
0: Starting numprocs=8 N=4000, M=4000 impl=allreduce
Iteration 0
3: Starting numprocs=8 N=4000, M=4000 impl=allreduce
time: 2.186010s
Iteration 1
time: 49.007129s
Iteration 2
time: 0.332929s
Iteration 3
time: 0.343543s
Iteration 4
time: 0.345558s
Iteration 5
time: 0.330542s
Iteration 6
time: 0.339576s
Iteration 7
time: 0.341987s
Iteration 8
time: 0.333438s
Iteration 9
time: 0.331716s
Iteration 10
time: 0.339062s
Iteration 11
time: 0.330551s
Iteration 12
time: 0.329516s
Iteration 13
time: 0.330007s
Iteration 14
time: 0.330877s
Iteration 15
time: 0.331096s
Iteration 16
time: 0.331790s
Iteration 17
time: 0.334653s
Iteration 18
time: 0.342674s
Iteration 19
time: 0.336626s
Iteration 20
time: 9.028501s
Iteration 21
time: 0.330564s
Iteration 22
time: 0.340496s
Iteration 23
time: 0.347540s
Iteration 24
time: 0.332261s
5: Starting numprocs=8 N=4000, M=4000 impl=allreduce-ring
1: Starting numprocs=8 N=4000, M=4000 impl=allreduce-ring
7: Starting numprocs=8 N=4000, M=4000 impl=allreduce-ring
2: Starting numprocs=8 N=4000, M=4000 impl=allreduce-ring
6: Starting numprocs=8 N=4000, M=4000 impl=allreduce-ring
0: Starting numprocs=8 N=4000, M=4000 impl=allreduce-ring
Iteration 0
3: Starting numprocs=8 N=4000, M=4000 impl=allreduce-ring
4: Starting numprocs=8 N=4000, M=4000 impl=allreduce-ring
time: 0.267542s
Iteration 1
time: 0.229521s
Iteration 2
time: 0.226205s
Iteration 3
time: 0.279280s
Iteration 4
time: 0.226840s
Iteration 5
time: 0.225642s
Iteration 6
time: 44.818028s
Iteration 7
time: 0.229087s
Iteration 8
time: 0.225213s
Iteration 9
time: 0.224297s
Iteration 10
time: 21.867980s
Iteration 11
time: 8.902101s
Iteration 12
time: 0.239254s
Iteration 13
time: 0.227175s
Iteration 14
time: 0.229451s
Iteration 15
time: 13.172467s
Iteration 16
time: 0.226548s
Iteration 17
time: 0.230312s
Iteration 18
time: 0.227885s
Iteration 19
time: 0.230786s
Iteration 20
time: 44.284723s
Iteration 21
time: 0.237769s
Iteration 22
time: 0.230842s
Iteration 23
time: 0.223810s
Iteration 24
time: 0.225273s
7: Starting numprocs=8 N=4000, M=4000 impl=g-rabenseifner-allgather
5: Starting numprocs=8 N=4000, M=4000 impl=g-rabenseifner-allgather
2: Starting numprocs=8 N=4000, M=4000 impl=g-rabenseifner-allgather
0: Starting numprocs=8 N=4000, M=4000 impl=g-rabenseifner-allgather
Iteration 0
6: Starting numprocs=8 N=4000, M=4000 impl=g-rabenseifner-allgather
4: Starting numprocs=8 N=4000, M=4000 impl=g-rabenseifner-allgather
1: Starting numprocs=8 N=4000, M=4000 impl=g-rabenseifner-allgather
3: Starting numprocs=8 N=4000, M=4000 impl=g-rabenseifner-allgather
time: 0.131580s
Iteration 1
time: 0.109081s
Iteration 2
time: 0.108699s
Iteration 3
time: 6.623805s
Iteration 4
time: 0.110557s
Iteration 5
time: 0.109598s
Iteration 6
time: 0.109495s
Iteration 7
time: 0.109111s
Iteration 8
time: 0.109432s
Iteration 9
time: 0.109371s
Iteration 10
time: 0.109700s
Iteration 11
time: 0.109771s
Iteration 12
time: 86.917227s
Iteration 13
time: 0.109385s
Iteration 14
time: 0.109385s
Iteration 15
time: 0.108648s
Iteration 16
time: 0.109526s
Iteration 17
time: 0.109484s
Iteration 18
time: 0.109479s
Iteration 19
time: 0.108925s
Iteration 20
time: 0.110002s
Iteration 21
time: 0.109191s
Iteration 22
time: 0.108949s
Iteration 23
time: 0.108650s
Iteration 24
time: 0.108828s
7: Starting numprocs=8 N=4000, M=4000 impl=g-rabenseifner-subgroup-2
5: Starting numprocs=8 N=4000, M=4000 impl=g-rabenseifner-subgroup-2
2: Starting numprocs=8 N=4000, M=4000 impl=g-rabenseifner-subgroup-2
1: Starting numprocs=8 N=4000, M=4000 impl=g-rabenseifner-subgroup-2
0: Starting numprocs=8 N=4000, M=4000 impl=g-rabenseifner-subgroup-2
Iteration 0
6: Starting numprocs=8 N=4000, M=4000 impl=g-rabenseifner-subgroup-2
4: Starting numprocs=8 N=4000, M=4000 impl=g-rabenseifner-subgroup-2
3: Starting numprocs=8 N=4000, M=4000 impl=g-rabenseifner-subgroup-2
time: 6.607174s
Iteration 1
time: 0.114482s
Iteration 2
time: 0.110557s
Iteration 3
time: 0.110090s
Iteration 4
time: 0.111677s
Iteration 5
time: 0.111168s
Iteration 6
time: 0.112901s
Iteration 7
time: 0.110333s
Iteration 8
time: 0.110806s
Iteration 9
time: 0.116005s
Iteration 10
time: 0.126532s
Iteration 11
time: 0.116522s
Iteration 12
time: 0.110184s
Iteration 13
time: 0.112302s
Iteration 14
time: 0.112655s
Iteration 15
time: 0.112545s
Iteration 16
time: 0.114605s
Iteration 17
time: 0.112290s
Iteration 18
time: 0.117630s
Iteration 19
time: 0.111925s
Iteration 20
time: 0.114403s
Iteration 21
time: 0.113323s
Iteration 22
time: 0.112237s
Iteration 23
time: 0.113773s
Iteration 24
time: 0.112688s
5: Starting numprocs=8 N=4000, M=4000 impl=g-rabenseifner-subgroup-4
7: Starting numprocs=8 N=4000, M=4000 impl=g-rabenseifner-subgroup-4
2: Starting numprocs=8 N=4000, M=4000 impl=g-rabenseifner-subgroup-4
6: Starting numprocs=8 N=4000, M=4000 impl=g-rabenseifner-subgroup-4
4: Starting numprocs=8 N=4000, M=4000 impl=g-rabenseifner-subgroup-4
3: Starting numprocs=8 N=4000, M=4000 impl=g-rabenseifner-subgroup-4
0: Starting numprocs=8 N=4000, M=4000 impl=g-rabenseifner-subgroup-4
Iteration 0
1: Starting numprocs=8 N=4000, M=4000 impl=g-rabenseifner-subgroup-4
time: 0.134436s
Iteration 1
time: 0.118824s
Iteration 2
time: 0.120140s
Iteration 3
time: 0.119962s
Iteration 4
time: 0.121476s
Iteration 5
time: 0.120594s
Iteration 6
time: 0.124372s
Iteration 7
time: 0.120154s
Iteration 8
time: 0.120422s
Iteration 9
time: 0.119422s
Iteration 10
time: 0.120430s
Iteration 11
time: 0.123303s
Iteration 12
time: 0.117527s
Iteration 13
time: 0.116318s
Iteration 14
time: 0.118736s
Iteration 15
time: 0.116595s
Iteration 16
time: 0.124252s
Iteration 17
time: 0.121302s
Iteration 18
time: 0.120931s
Iteration 19
time: 0.124411s
Iteration 20
time: 0.121569s
Iteration 21
time: 0.119267s
Iteration 22
time: 0.118486s
Iteration 23
time: 0.120943s
Iteration 24
time: 0.121638s
7: Starting numprocs=8 N=4000, M=4000 impl=g-rabenseifner-subgroup-8
2: Starting numprocs=8 N=4000, M=4000 impl=g-rabenseifner-subgroup-8
5: Starting numprocs=8 N=4000, M=4000 impl=g-rabenseifner-subgroup-8
1: Starting numprocs=8 N=4000, M=4000 impl=g-rabenseifner-subgroup-8
4: Starting numprocs=8 N=4000, M=4000 impl=g-rabenseifner-subgroup-8
3: Starting numprocs=8 N=4000, M=4000 impl=g-rabenseifner-subgroup-8
6: Starting numprocs=8 N=4000, M=4000 impl=g-rabenseifner-subgroup-8
0: Starting numprocs=8 N=4000, M=4000 impl=g-rabenseifner-subgroup-8
Iteration 0
time: 0.144149s
Iteration 1
time: 0.132577s
Iteration 2
time: 0.129095s
Iteration 3
time: 0.128700s
Iteration 4
time: 0.132951s
Iteration 5
time: 0.139761s
Iteration 6
time: 0.131763s
Iteration 7
time: 0.138921s
Iteration 8
time: 0.130158s
Iteration 9
time: 0.129537s
Iteration 10
time: 0.128571s
Iteration 11
time: 0.132216s
Iteration 12
time: 0.126141s
Iteration 13
time: 0.126076s
Iteration 14
time: 0.118315s
Iteration 15
time: 0.121475s
Iteration 16
time: 0.126619s
Iteration 17
time: 0.136291s
Iteration 18
time: 0.133337s
Iteration 19
time: 0.124801s
Iteration 20
time: 0.130650s
Iteration 21
time: 0.126247s
Iteration 22
time: 0.132442s
Iteration 23
time: 0.133287s
Iteration 24
time: 0.130113s
2: Starting numprocs=8 N=5000, M=5000 impl=allgather
5: Starting numprocs=8 N=5000, M=5000 impl=allgather
7: Starting numprocs=8 N=5000, M=5000 impl=allgather
6: Starting numprocs=8 N=5000, M=5000 impl=allgather
4: Starting numprocs=8 N=5000, M=5000 impl=allgather
1: Starting numprocs=8 N=5000, M=5000 impl=allgather
0: Starting numprocs=8 N=5000, M=5000 impl=allgather
Iteration 0
3: Starting numprocs=8 N=5000, M=5000 impl=allgather
time: 0.425052s
Iteration 1
time: 0.465635s
Iteration 2
time: 0.385491s
Iteration 3
time: 0.464935s
Iteration 4
time: 0.396088s
Iteration 5
time: 0.465790s
Iteration 6
time: 0.335501s
Iteration 7
time: 0.361699s
Iteration 8
time: 0.382862s
Iteration 9
time: 0.371212s
Iteration 10
time: 0.365939s
Iteration 11
time: 0.392957s
Iteration 12
time: 0.334534s
Iteration 13
time: 0.382946s
Iteration 14
time: 0.359534s
Iteration 15
time: 0.361991s
Iteration 16
time: 0.363898s
Iteration 17
time: 0.400767s
Iteration 18
time: 0.374207s
Iteration 19
time: 0.309735s
Iteration 20
time: 0.277182s
Iteration 21
time: 0.309506s
Iteration 22
time: 0.311862s
Iteration 23
time: 0.289487s
Iteration 24
time: 0.289808s
2: Starting numprocs=8 N=5000, M=5000 impl=allreduce
7: Starting numprocs=8 N=5000, M=5000 impl=allreduce
5: Starting numprocs=8 N=5000, M=5000 impl=allreduce
6: Starting numprocs=8 N=5000, M=5000 impl=allreduce
0: Starting numprocs=8 N=5000, M=5000 impl=allreduce
Iteration 0
4: Starting numprocs=8 N=5000, M=5000 impl=allreduce
1: Starting numprocs=8 N=5000, M=5000 impl=allreduce
3: Starting numprocs=8 N=5000, M=5000 impl=allreduce
time: 56.128699s
Iteration 1
time: 0.539539s
Iteration 2
time: 0.538954s
Iteration 3
time: 0.515623s
Iteration 4
time: 126.279103s
Iteration 5
time: 21.752793s
Iteration 6
time: 0.517720s
Iteration 7
time: 0.512613s
Iteration 8
time: 0.510750s
Iteration 9
time: 26.524291s
Iteration 10
time: 0.520073s
Iteration 11
time: 0.514548s
Iteration 12
time: 0.521718s
Iteration 13
time: 0.555705s
Iteration 14
time: 0.512713s
Iteration 15
time: 0.532582s
Iteration 16
time: 0.567948s
Iteration 17
time: 4.888673s
Iteration 18
time: 6.561162s
Iteration 19
time: 0.523624s
Iteration 20
time: 0.521051s
Iteration 21
time: 0.514746s
Iteration 22
time: 13.341445s
Iteration 23
time: 0.516114s
Iteration 24
time: 0.527852s
5: Starting numprocs=8 N=5000, M=5000 impl=allreduce-ring
2: Starting numprocs=8 N=5000, M=5000 impl=allreduce-ring
7: Starting numprocs=8 N=5000, M=5000 impl=allreduce-ring
0: Starting numprocs=8 N=5000, M=5000 impl=allreduce-ring
Iteration 0
1: Starting numprocs=8 N=5000, M=5000 impl=allreduce-ring
4: Starting numprocs=8 N=5000, M=5000 impl=allreduce-ring
6: Starting numprocs=8 N=5000, M=5000 impl=allreduce-ring
3: Starting numprocs=8 N=5000, M=5000 impl=allreduce-ring
time: 18.654597s
Iteration 1
time: 0.356630s
Iteration 2
time: 64.702334s
Iteration 3
time: 45.420073s
Iteration 4
time: 13.402645s
Iteration 5
time: 0.359433s
Iteration 6
time: 0.350221s
Iteration 7
time: 0.354706s
Iteration 8
time: 0.346446s
Iteration 9
time: 82.766740s
Iteration 10
time: 0.354480s
Iteration 11
time: 0.357952s
Iteration 12
time: 0.364260s
Iteration 13
time: 0.358164s
Iteration 14
time: 0.357572s
Iteration 15
time: 56.738068s
Iteration 16
time: 0.362172s
Iteration 17
time: 0.376075s
Iteration 18
time: 0.352325s
Iteration 19
time: 0.353965s
Iteration 20
time: 0.355300s
Iteration 21
time: 53.759375s
Iteration 22
time: 0.376377s
Iteration 23
time: 0.371569s
Iteration 24
time: 0.377609s
7: Starting numprocs=8 N=5000, M=5000 impl=g-rabenseifner-allgather
5: Starting numprocs=8 N=5000, M=5000 impl=g-rabenseifner-allgather
2: Starting numprocs=8 N=5000, M=5000 impl=g-rabenseifner-allgather
6: Starting numprocs=8 N=5000, M=5000 impl=g-rabenseifner-allgather
4: Starting numprocs=8 N=5000, M=5000 impl=g-rabenseifner-allgather
0: Starting numprocs=8 N=5000, M=5000 impl=g-rabenseifner-allgather
Iteration 0
3: Starting numprocs=8 N=5000, M=5000 impl=g-rabenseifner-allgather
1: Starting numprocs=8 N=5000, M=5000 impl=g-rabenseifner-allgather
time: 4.101834s
Iteration 1
time: 0.170478s
Iteration 2
time: 60.859712s
Iteration 3
time: 0.185013s
Iteration 4
time: 43.070992s
Iteration 5
time: 0.174407s
Iteration 6
time: 0.177939s
Iteration 7
time: 0.174549s
Iteration 8
time: 0.170688s
Iteration 9
time: 0.174052s
Iteration 10
time: 0.169762s
Iteration 11
time: 0.170093s
Iteration 12
time: 0.169522s
Iteration 13
time: 0.170876s
Iteration 14
time: 0.171345s
Iteration 15
time: 2.357885s
Iteration 16
time: 7.725175s
Iteration 17
time: 86.456463s
Iteration 18
time: 0.170472s
Iteration 19
time: 129.897009s
Iteration 20
time: 119.435323s
Iteration 21
time: 0.169577s
Iteration 22
time: 0.171120s
Iteration 23
time: 0.170753s
Iteration 24
time: 0.170316s
7: Starting numprocs=8 N=5000, M=5000 impl=g-rabenseifner-subgroup-2
5: Starting numprocs=8 N=5000, M=5000 impl=g-rabenseifner-subgroup-2
2: Starting numprocs=8 N=5000, M=5000 impl=g-rabenseifner-subgroup-2
0: Starting numprocs=8 N=5000, M=5000 impl=g-rabenseifner-subgroup-2
Iteration 0
1: Starting numprocs=8 N=5000, M=5000 impl=g-rabenseifner-subgroup-2
6: Starting numprocs=8 N=5000, M=5000 impl=g-rabenseifner-subgroup-2
4: Starting numprocs=8 N=5000, M=5000 impl=g-rabenseifner-subgroup-2
3: Starting numprocs=8 N=5000, M=5000 impl=g-rabenseifner-subgroup-2
time: 0.216196s
Iteration 1
time: 0.171445s
Iteration 2
time: 43.543310s
Iteration 3
time: 0.172090s
Iteration 4
time: 0.174084s
Iteration 5
time: 0.173546s
Iteration 6
time: 0.172674s
Iteration 7
time: 0.173668s
Iteration 8
time: 0.173841s
Iteration 9
time: 0.174356s
Iteration 10
time: 0.172486s
Iteration 11
time: 0.176976s
Iteration 12
time: 0.171433s
Iteration 13
time: 1.694630s
Iteration 14
time: 0.174827s
Iteration 15
time: 0.172651s
Iteration 16
time: 0.179907s
Iteration 17
time: 69.534665s
Iteration 18
time: 32.413452s
Iteration 19
time: 12.669572s
Iteration 20
time: 108.080971s
Iteration 21
time: 0.173141s
Iteration 22
time: 0.172668s
Iteration 23
time: 0.174773s
Iteration 24
time: 0.173600s
5: Starting numprocs=8 N=5000, M=5000 impl=g-rabenseifner-subgroup-4
1: Starting numprocs=8 N=5000, M=5000 impl=g-rabenseifner-subgroup-4
7: Starting numprocs=8 N=5000, M=5000 impl=g-rabenseifner-subgroup-4
2: Starting numprocs=8 N=5000, M=5000 impl=g-rabenseifner-subgroup-4
6: Starting numprocs=8 N=5000, M=5000 impl=g-rabenseifner-subgroup-4
0: Starting numprocs=8 N=5000, M=5000 impl=g-rabenseifner-subgroup-4
Iteration 0
3: Starting numprocs=8 N=5000, M=5000 impl=g-rabenseifner-subgroup-4
4: Starting numprocs=8 N=5000, M=5000 impl=g-rabenseifner-subgroup-4
time: 0.195435s
Iteration 1
time: 0.179413s
Iteration 2
time: 2.344609s
Iteration 3
time: 0.179883s
Iteration 4
time: 0.182049s
Iteration 5
time: 0.179669s
Iteration 6
time: 0.187444s
Iteration 7
time: 0.190001s
Iteration 8
time: 0.180665s
Iteration 9
time: 0.178240s
Iteration 10
time: 0.179744s
Iteration 11
time: 0.179372s
Iteration 12
time: 0.180689s
Iteration 13
time: 2.237945s
Iteration 14
time: 0.182921s
Iteration 15
time: 0.178158s
Iteration 16
time: 0.177455s
Iteration 17
time: 0.179948s
Iteration 18
time: 0.179834s
Iteration 19
time: 0.178397s
Iteration 20
time: 0.179039s
Iteration 21
time: 0.177367s
Iteration 22
time: 0.177672s
Iteration 23
time: 0.177536s
Iteration 24
time: 45.277306s
5: Starting numprocs=8 N=5000, M=5000 impl=g-rabenseifner-subgroup-8
2: Starting numprocs=8 N=5000, M=5000 impl=g-rabenseifner-subgroup-8
7: Starting numprocs=8 N=5000, M=5000 impl=g-rabenseifner-subgroup-8
0: Starting numprocs=8 N=5000, M=5000 impl=g-rabenseifner-subgroup-8
Iteration 0
6: Starting numprocs=8 N=5000, M=5000 impl=g-rabenseifner-subgroup-8
1: Starting numprocs=8 N=5000, M=5000 impl=g-rabenseifner-subgroup-8
4: Starting numprocs=8 N=5000, M=5000 impl=g-rabenseifner-subgroup-8
3: Starting numprocs=8 N=5000, M=5000 impl=g-rabenseifner-subgroup-8
time: 0.199605s
Iteration 1
time: 0.184359s
Iteration 2
time: 0.189721s
Iteration 3
time: 0.189898s
Iteration 4
time: 0.189497s
Iteration 5
time: 0.186466s
Iteration 6
time: 0.186433s
Iteration 7
time: 0.189330s
Iteration 8
time: 0.187442s
Iteration 9
time: 0.183154s
Iteration 10
time: 0.189205s
Iteration 11
time: 0.187287s
Iteration 12
time: 0.185969s
Iteration 13
time: 0.189042s
Iteration 14
time: 0.188514s
Iteration 15
time: 0.189202s
Iteration 16
time: 0.188210s
Iteration 17
time: 0.189911s
Iteration 18
time: 0.188806s
Iteration 19
time: 0.189753s
Iteration 20
time: 0.190141s
Iteration 21
time: 0.190266s
Iteration 22
time: 0.191559s
Iteration 23
time: 0.185496s
Iteration 24
time: 0.190639s
5: Starting numprocs=8 N=6000, M=6000 impl=allgather
7: Starting numprocs=8 N=6000, M=6000 impl=allgather
2: Starting numprocs=8 N=6000, M=6000 impl=allgather
6: Starting numprocs=8 N=6000, M=6000 impl=allgather
0: Starting numprocs=8 N=6000, M=6000 impl=allgather
Iteration 0
1: Starting numprocs=8 N=6000, M=6000 impl=allgather
4: Starting numprocs=8 N=6000, M=6000 impl=allgather
3: Starting numprocs=8 N=6000, M=6000 impl=allgather
time: 0.478181s
Iteration 1
time: 0.455811s
Iteration 2
time: 0.408966s
Iteration 3
time: 0.447089s
Iteration 4
time: 0.439524s
Iteration 5
time: 0.371489s
Iteration 6
time: 0.384830s
Iteration 7
time: 0.399226s
Iteration 8
time: 0.380377s
Iteration 9
time: 2.450890s
Iteration 10
time: 0.422560s
Iteration 11
time: 0.440845s
Iteration 12
time: 0.421563s
Iteration 13
time: 0.421876s
Iteration 14
time: 0.422660s
Iteration 15
time: 0.439204s
Iteration 16
time: 0.423474s
Iteration 17
time: 0.479557s
Iteration 18
time: 0.384575s
Iteration 19
time: 0.447957s
Iteration 20
time: 0.414154s
Iteration 21
time: 0.427651s
Iteration 22
time: 0.448820s
Iteration 23
time: 0.463679s
Iteration 24
time: 0.389387s
2: Starting numprocs=8 N=6000, M=6000 impl=allreduce
7: Starting numprocs=8 N=6000, M=6000 impl=allreduce
5: Starting numprocs=8 N=6000, M=6000 impl=allreduce
6: Starting numprocs=8 N=6000, M=6000 impl=allreduce
4: Starting numprocs=8 N=6000, M=6000 impl=allreduce
0: Starting numprocs=8 N=6000, M=6000 impl=allreduce
Iteration 0
1: Starting numprocs=8 N=6000, M=6000 impl=allreduce
3: Starting numprocs=8 N=6000, M=6000 impl=allreduce
time: 0.847559s
Iteration 1
time: 49.997926s
Iteration 2
time: 95.747061s
Iteration 3
time: 0.738002s
Iteration 4
time: 0.818186s
Iteration 5
time: 195.891893s
Iteration 6
time: 0.769813s
Iteration 7
time: 0.757373s
Iteration 8
time: 4.687305s
Iteration 9
time: 0.741883s
Iteration 10
time: 53.235450s
Iteration 11
time: 0.778570s
Iteration 12
time: 0.727135s
Iteration 13
time: 5.040646s
Iteration 14
time: 0.740719s
Iteration 15
time: 0.771485s
Iteration 16
time: 0.821479s
Iteration 17
time: 0.738779s
Iteration 18
time: 46.315791s
Iteration 19
time: 0.738922s
Iteration 20
time: 0.745156s
Iteration 21
time: 2.251861s
Iteration 22
time: 9.379071s
Iteration 23
time: 5.087701s
Iteration 24
time: 0.744278s
1: Starting numprocs=8 N=6000, M=6000 impl=allreduce-ring
2: Starting numprocs=8 N=6000, M=6000 impl=allreduce-ring
5: Starting numprocs=8 N=6000, M=6000 impl=allreduce-ring
7: Starting numprocs=8 N=6000, M=6000 impl=allreduce-ring
0: Starting numprocs=8 N=6000, M=6000 impl=allreduce-ring
Iteration 0
6: Starting numprocs=8 N=6000, M=6000 impl=allreduce-ring
4: Starting numprocs=8 N=6000, M=6000 impl=allreduce-ring
3: Starting numprocs=8 N=6000, M=6000 impl=allreduce-ring
time: 178.435441s
Iteration 1
time: 0.601284s
Iteration 2
time: 0.592658s
Iteration 3
time: 0.633908s
Iteration 4
time: 43.997681s
Iteration 5
time: 0.592283s
Iteration 6
time: 0.600977s
Iteration 7
time: 107.915157s
Iteration 8
time: 0.602272s
Iteration 9
time: 0.597816s
Iteration 10
time: 0.615269s
Iteration 11
time: 70.561834s
Iteration 12
time: 47.014915s
Iteration 13
time: 0.596856s
Iteration 14
time: 0.608180s
Iteration 15
time: 4.962156s
Iteration 16
time: 0.609536s
Iteration 17
time: 0.597894s
Iteration 18
time: 0.609403s
Iteration 19
time: 68.714719s
Iteration 20
time: 0.591874s
Iteration 21
time: 0.580272s
Iteration 22
time: 59.046241s
Iteration 23
time: 0.628562s
Iteration 24
time: 0.617849s
2: Starting numprocs=8 N=6000, M=6000 impl=g-rabenseifner-allgather
5: Starting numprocs=8 N=6000, M=6000 impl=g-rabenseifner-allgather
1: Starting numprocs=8 N=6000, M=6000 impl=g-rabenseifner-allgather
6: Starting numprocs=8 N=6000, M=6000 impl=g-rabenseifner-allgather
0: Starting numprocs=8 N=6000, M=6000 impl=g-rabenseifner-allgather
Iteration 0
7: Starting numprocs=8 N=6000, M=6000 impl=g-rabenseifner-allgather
3: Starting numprocs=8 N=6000, M=6000 impl=g-rabenseifner-allgather
4: Starting numprocs=8 N=6000, M=6000 impl=g-rabenseifner-allgather
time: 27.720649s
Iteration 1
time: 0.248820s
Iteration 2
time: 23.447874s
Iteration 3
time: 0.246906s
Iteration 4
time: 0.244181s
Iteration 5
time: 0.245344s
Iteration 6
time: 0.246715s
Iteration 7
time: 0.245227s
Iteration 8
time: 0.245592s
Iteration 9
time: 0.244788s
Iteration 10
time: 8.499037s
Iteration 11
time: 0.246338s
Iteration 12
time: 0.246369s
Iteration 13
time: 0.244840s
Iteration 14
time: 0.246536s
Iteration 15
time: 0.244991s
Iteration 16
time: 0.245662s
Iteration 17
time: 0.244740s
Iteration 18
time: 6.780241s
Iteration 19
time: 0.247269s
Iteration 20
time: 0.245799s
Iteration 21
time: 0.245985s
Iteration 22
time: 0.245151s
Iteration 23
time: 0.245162s
Iteration 24
time: 0.245697s
2: Starting numprocs=8 N=6000, M=6000 impl=g-rabenseifner-subgroup-2
7: Starting numprocs=8 N=6000, M=6000 impl=g-rabenseifner-subgroup-2
5: Starting numprocs=8 N=6000, M=6000 impl=g-rabenseifner-subgroup-2
1: Starting numprocs=8 N=6000, M=6000 impl=g-rabenseifner-subgroup-2
6: Starting numprocs=8 N=6000, M=6000 impl=g-rabenseifner-subgroup-2
0: Starting numprocs=8 N=6000, M=6000 impl=g-rabenseifner-subgroup-2
Iteration 0
4: Starting numprocs=8 N=6000, M=6000 impl=g-rabenseifner-subgroup-2
3: Starting numprocs=8 N=6000, M=6000 impl=g-rabenseifner-subgroup-2
time: 0.297580s
Iteration 1
time: 0.248409s
Iteration 2
time: 0.255132s
Iteration 3
time: 0.250579s
Iteration 4
time: 0.247714s
Iteration 5
time: 0.248778s
Iteration 6
time: 0.248572s
Iteration 7
time: 0.251018s
Iteration 8
time: 36.158132s
Iteration 9
time: 0.247930s
Iteration 10
time: 0.247505s
Iteration 11
time: 175.865512s
Iteration 12
time: 82.542854s
Iteration 13
time: 0.247891s
Iteration 14
time: 0.248468s
Iteration 15
time: 0.247572s
Iteration 16
time: 0.249881s
Iteration 17
time: 0.253176s
Iteration 18
time: 0.247801s
Iteration 19
time: 0.251474s
Iteration 20
time: 0.266126s
Iteration 21
time: 0.247452s
Iteration 22
time: 0.249160s
Iteration 23
time: 0.250646s
Iteration 24
time: 0.250485s
5: Starting numprocs=8 N=6000, M=6000 impl=g-rabenseifner-subgroup-4
2: Starting numprocs=8 N=6000, M=6000 impl=g-rabenseifner-subgroup-4
7: Starting numprocs=8 N=6000, M=6000 impl=g-rabenseifner-subgroup-4
1: Starting numprocs=8 N=6000, M=6000 impl=g-rabenseifner-subgroup-4
6: Starting numprocs=8 N=6000, M=6000 impl=g-rabenseifner-subgroup-4
0: Starting numprocs=8 N=6000, M=6000 impl=g-rabenseifner-subgroup-4
Iteration 0
4: Starting numprocs=8 N=6000, M=6000 impl=g-rabenseifner-subgroup-4
3: Starting numprocs=8 N=6000, M=6000 impl=g-rabenseifner-subgroup-4
time: 0.281439s
Iteration 1
time: 0.259391s
Iteration 2
time: 0.257182s
Iteration 3
time: 0.259156s
Iteration 4
time: 0.256726s
Iteration 5
time: 0.258482s
Iteration 6
time: 208.394091s
Iteration 7
time: 0.256432s
Iteration 8
time: 0.256425s
Iteration 9
time: 0.255275s
Iteration 10
time: 0.253960s
Iteration 11
time: 0.254267s
Iteration 12
time: 0.259549s
Iteration 13
time: 0.259271s
Iteration 14
time: 0.259063s
Iteration 15
time: 0.260040s
Iteration 16
time: 0.257869s
Iteration 17
time: 0.254261s
Iteration 18
time: 0.256834s
Iteration 19
time: 0.254591s
Iteration 20
time: 0.257787s
Iteration 21
time: 0.255356s
Iteration 22
time: 0.261378s
Iteration 23
time: 0.260907s
Iteration 24
time: 0.261518s
2: Starting numprocs=8 N=6000, M=6000 impl=g-rabenseifner-subgroup-8
5: Starting numprocs=8 N=6000, M=6000 impl=g-rabenseifner-subgroup-8
1: Starting numprocs=8 N=6000, M=6000 impl=g-rabenseifner-subgroup-8
7: Starting numprocs=8 N=6000, M=6000 impl=g-rabenseifner-subgroup-8
6: Starting numprocs=8 N=6000, M=6000 impl=g-rabenseifner-subgroup-8
4: Starting numprocs=8 N=6000, M=6000 impl=g-rabenseifner-subgroup-8
0: Starting numprocs=8 N=6000, M=6000 impl=g-rabenseifner-subgroup-8
Iteration 0
3: Starting numprocs=8 N=6000, M=6000 impl=g-rabenseifner-subgroup-8
time: 0.284094s
Iteration 1
time: 0.274703s
Iteration 2
time: 0.272417s
Iteration 3
time: 0.278299s
Iteration 4
time: 0.280890s
Iteration 5
time: 0.294596s
Iteration 6
time: 0.275865s
Iteration 7
time: 0.271722s
Iteration 8
time: 0.296470s
Iteration 9
time: 0.274488s
Iteration 10
time: 0.267425s
Iteration 11
time: 0.276561s
Iteration 12
time: 0.270800s
Iteration 13
time: 0.297235s
Iteration 14
time: 0.269888s
Iteration 15
time: 0.272274s
Iteration 16
time: 0.271423s
Iteration 17
time: 0.268773s
Iteration 18
time: 0.271759s
Iteration 19
time: 0.275562s
Iteration 20
time: 0.265868s
Iteration 21
time: 0.270054s
Iteration 22
time: 0.272296s
Iteration 23
time: 0.272087s
Iteration 24
time: 0.269869s
7: Starting numprocs=8 N=7000, M=7000 impl=allgather
2: Starting numprocs=8 N=7000, M=7000 impl=allgather
5: Starting numprocs=8 N=7000, M=7000 impl=allgather
0: Starting numprocs=8 N=7000, M=7000 impl=allgather
Iteration 0
6: Starting numprocs=8 N=7000, M=7000 impl=allgather
1: Starting numprocs=8 N=7000, M=7000 impl=allgather
4: Starting numprocs=8 N=7000, M=7000 impl=allgather
3: Starting numprocs=8 N=7000, M=7000 impl=allgather
time: 0.527355s
Iteration 1
time: 0.485447s
Iteration 2
time: 0.564070s
Iteration 3
time: 0.601419s
Iteration 4
time: 0.520370s
Iteration 5
time: 0.541833s
Iteration 6
time: 0.567413s
Iteration 7
time: 0.588357s
Iteration 8
time: 0.523204s
Iteration 9
time: 0.532985s
Iteration 10
time: 0.536089s
Iteration 11
time: 0.539262s
Iteration 12
time: 0.524030s
Iteration 13
time: 0.506621s
Iteration 14
time: 0.503276s
Iteration 15
time: 0.526698s
Iteration 16
time: 0.515084s
Iteration 17
time: 2.441375s
Iteration 18
time: 0.514484s
Iteration 19
time: 0.511339s
Iteration 20
time: 0.484141s
Iteration 21
time: 0.515123s
Iteration 22
time: 0.518599s
Iteration 23
time: 0.506146s
Iteration 24
time: 0.504013s
7: Starting numprocs=8 N=7000, M=7000 impl=allreduce
2: Starting numprocs=8 N=7000, M=7000 impl=allreduce
5: Starting numprocs=8 N=7000, M=7000 impl=allreduce
1: Starting numprocs=8 N=7000, M=7000 impl=allreduce
0: Starting numprocs=8 N=7000, M=7000 impl=allreduce
Iteration 0
6: Starting numprocs=8 N=7000, M=7000 impl=allreduce
4: Starting numprocs=8 N=7000, M=7000 impl=allreduce
3: Starting numprocs=8 N=7000, M=7000 impl=allreduce
time: 167.199232s
Iteration 1
time: 91.672432s
Iteration 2
time: 1.012889s
Iteration 3
time: 11.954048s
Iteration 4
time: 1.018372s
Iteration 5
time: 245.542471s
Iteration 6
time: 1.002176s
Iteration 7
time: 1.019662s
Iteration 8
time: 1.009188s
Iteration 9
time: 9.421736s
Iteration 10
time: 192.936030s
Iteration 11
time: 2.507784s
Iteration 12
time: 1.012179s
Iteration 13
time: 1.012244s
Iteration 14
time: 1.007637s
Iteration 15
time: 1.024909s
Iteration 16
time: 1.021637s
Iteration 17
time: 1.035957s
Iteration 18
time: 1.021291s
Iteration 19
time: 1.005594s
Iteration 20
time: 177.369080s
Iteration 21
time: 5.449943s
Iteration 22
time: 74.813445s
Iteration 23
time: 8.246684s
Iteration 24
time: 99.076205s
2: Starting numprocs=8 N=7000, M=7000 impl=allreduce-ring
5: Starting numprocs=8 N=7000, M=7000 impl=allreduce-ring
7: Starting numprocs=8 N=7000, M=7000 impl=allreduce-ring
1: Starting numprocs=8 N=7000, M=7000 impl=allreduce-ring
6: Starting numprocs=8 N=7000, M=7000 impl=allreduce-ring
0: Starting numprocs=8 N=7000, M=7000 impl=allreduce-ring
Iteration 0
4: Starting numprocs=8 N=7000, M=7000 impl=allreduce-ring
3: Starting numprocs=8 N=7000, M=7000 impl=allreduce-ring
time: 89.808736s
Iteration 1
time: 0.787608s
Iteration 2
time: 2.994992s
Iteration 3
time: 0.805597s
Iteration 4
time: 0.801348s
Iteration 5
time: 70.187030s
Iteration 6
time: 0.797340s
Iteration 7
time: 0.802969s
Iteration 8
time: 0.797211s
Iteration 9
time: 0.794961s
Iteration 10
time: 44.188080s
Iteration 11
time: 0.809781s
Iteration 12
time: 0.800353s
Iteration 13
time: 301.699827s
Iteration 14
time: 0.822454s
Iteration 15
time: 0.831052s
Iteration 16
time: 0.847500s
Iteration 17
time: 0.829257s
Iteration 18
time: 209.555392s
Iteration 19
time: 0.808401s
Iteration 20
time: 0.803568s
Iteration 21
time: 180.686488s
Iteration 22
time: 0.811412s
Iteration 23
time: 0.798518s
Iteration 24
time: 264.911497s
7: Starting numprocs=8 N=7000, M=7000 impl=g-rabenseifner-allgather
2: Starting numprocs=8 N=7000, M=7000 impl=g-rabenseifner-allgather
5: Starting numprocs=8 N=7000, M=7000 impl=g-rabenseifner-allgather
6: Starting numprocs=8 N=7000, M=7000 impl=g-rabenseifner-allgather
4: Starting numprocs=8 N=7000, M=7000 impl=g-rabenseifner-allgather
1: Starting numprocs=8 N=7000, M=7000 impl=g-rabenseifner-allgather
0: Starting numprocs=8 N=7000, M=7000 impl=g-rabenseifner-allgather
Iteration 0
3: Starting numprocs=8 N=7000, M=7000 impl=g-rabenseifner-allgather
time: 0.383846s
Iteration 1
time: 0.333857s
Iteration 2
time: 2.514228s
Iteration 3
time: 95.175868s
Iteration 4
time: 19.750941s
Iteration 5
time: 0.333861s
Iteration 6
time: 0.334943s
Iteration 7
time: 0.333551s
Iteration 8
time: 2.070528s
Iteration 9
time: 191.119513s
Iteration 10
time: 0.335131s
Iteration 11
time: 0.334052s
Iteration 12
time: 0.335364s
Iteration 13
time: 0.333630s
Iteration 14
time: 2.500755s
Iteration 15
time: 217.240624s
Iteration 16
time: 0.336681s
Iteration 17
time: 0.332832s
Iteration 18
time: 0.332452s
Iteration 19
time: 0.334126s
Iteration 20
time: 0.333636s
Iteration 21
time: 37.207129s
Iteration 22
time: 0.334196s
Iteration 23
time: 0.333199s
Iteration 24
time: 0.334010s
5: Starting numprocs=8 N=7000, M=7000 impl=g-rabenseifner-subgroup-2
2: Starting numprocs=8 N=7000, M=7000 impl=g-rabenseifner-subgroup-2
7: Starting numprocs=8 N=7000, M=7000 impl=g-rabenseifner-subgroup-2
0: Starting numprocs=8 N=7000, M=7000 impl=g-rabenseifner-subgroup-2
Iteration 0
6: Starting numprocs=8 N=7000, M=7000 impl=g-rabenseifner-subgroup-2
1: Starting numprocs=8 N=7000, M=7000 impl=g-rabenseifner-subgroup-2
4: Starting numprocs=8 N=7000, M=7000 impl=g-rabenseifner-subgroup-2
3: Starting numprocs=8 N=7000, M=7000 impl=g-rabenseifner-subgroup-2
time: 2.308261s
Iteration 1
time: 0.341305s
Iteration 2
time: 0.340175s
Iteration 3
time: 0.337625s
Iteration 4
time: 0.336250s
Iteration 5
time: 0.338972s
Iteration 6
time: 264.219386s
Iteration 7
time: 0.360766s
Iteration 8
time: 0.339393s
Iteration 9
time: 0.339985s
Iteration 10
time: 0.341261s
Iteration 11
time: 0.339089s
Iteration 12
time: 295.206785s
Iteration 13
time: 0.339210s
Iteration 14
time: 0.336256s
Iteration 15
time: 0.337557s
Iteration 16
time: 0.337903s
Iteration 17
time: 0.339534s
Iteration 18
time: 0.337867s
Iteration 19
time: 0.340696s
Iteration 20
time: 108.746748s
Iteration 21
time: 0.339588s
Iteration 22
time: 0.337158s
Iteration 23
time: 0.338291s
Iteration 24
time: 0.338505s
7: Starting numprocs=8 N=7000, M=7000 impl=g-rabenseifner-subgroup-4
2: Starting numprocs=8 N=7000, M=7000 impl=g-rabenseifner-subgroup-4
5: Starting numprocs=8 N=7000, M=7000 impl=g-rabenseifner-subgroup-4
1: Starting numprocs=8 N=7000, M=7000 impl=g-rabenseifner-subgroup-4
6: Starting numprocs=8 N=7000, M=7000 impl=g-rabenseifner-subgroup-4
0: Starting numprocs=8 N=7000, M=7000 impl=g-rabenseifner-subgroup-4
Iteration 0
4: Starting numprocs=8 N=7000, M=7000 impl=g-rabenseifner-subgroup-4
3: Starting numprocs=8 N=7000, M=7000 impl=g-rabenseifner-subgroup-4
time: 0.379733s
Iteration 1
time: 0.350339s
Iteration 2
time: 152.115904s
Iteration 3
time: 0.347413s
Iteration 4
time: 0.352242s
Iteration 5
time: 0.352921s
Iteration 6
time: 0.347246s
Iteration 7
time: 0.349001s
Iteration 8
time: 0.350018s
Iteration 9
time: 0.346710s
Iteration 10
time: 0.346790s
Iteration 11
time: 0.348572s
Iteration 12
time: 0.348734s
Iteration 13
time: 236.675113s
Iteration 14
time: 0.361016s
Iteration 15
time: 0.352876s
Iteration 16
time: 0.351439s
Iteration 17
time: 0.351714s
Iteration 18
time: 0.347684s
Iteration 19
time: 0.363277s
Iteration 20
time: 0.347664s
Iteration 21
time: 0.348801s
Iteration 22
time: 0.356892s
Iteration 23
time: 0.347524s
Iteration 24
time: 195.484792s
2: Starting numprocs=8 N=7000, M=7000 impl=g-rabenseifner-subgroup-8
5: Starting numprocs=8 N=7000, M=7000 impl=g-rabenseifner-subgroup-8
7: Starting numprocs=8 N=7000, M=7000 impl=g-rabenseifner-subgroup-8
3: Starting numprocs=8 N=7000, M=7000 impl=g-rabenseifner-subgroup-8
6: Starting numprocs=8 N=7000, M=7000 impl=g-rabenseifner-subgroup-8
0: Starting numprocs=8 N=7000, M=7000 impl=g-rabenseifner-subgroup-8
Iteration 0
1: Starting numprocs=8 N=7000, M=7000 impl=g-rabenseifner-subgroup-8
4: Starting numprocs=8 N=7000, M=7000 impl=g-rabenseifner-subgroup-8
time: 0.381430s
Iteration 1
time: 0.364881s
Iteration 2
time: 1.853711s
Iteration 3
time: 0.363413s
Iteration 4
time: 0.369828s
Iteration 5
time: 0.369731s
Iteration 6
time: 0.370986s
Iteration 7
time: 0.371137s
Iteration 8
time: 0.363067s
Iteration 9
time: 0.359971s
Iteration 10
time: 0.362824s
Iteration 11
time: 0.368758s
Iteration 12
time: 0.362654s
Iteration 13
time: 0.371684s
Iteration 14
time: 0.365521s
Iteration 15
time: 0.370458s
Iteration 16
time: 0.362897s
Iteration 17
time: 0.363939s
Iteration 18
time: 0.369894s
Iteration 19
time: 0.364002s
Iteration 20
time: 0.371607s
Iteration 21
time: 0.372259s
Iteration 22
time: 0.374491s
Iteration 23
time: 0.367178s
Iteration 24
time: 0.372660s
5: Starting numprocs=8 N=8000, M=8000 impl=allgather
7: Starting numprocs=8 N=8000, M=8000 impl=allgather
2: Starting numprocs=8 N=8000, M=8000 impl=allgather
1: Starting numprocs=8 N=8000, M=8000 impl=allgather
6: Starting numprocs=8 N=8000, M=8000 impl=allgather
0: Starting numprocs=8 N=8000, M=8000 impl=allgather
Iteration 0
3: Starting numprocs=8 N=8000, M=8000 impl=allgather
4: Starting numprocs=8 N=8000, M=8000 impl=allgather
time: 0.687860s
Iteration 1
time: 4.327146s
Iteration 2
time: 0.649710s
Iteration 3
time: 0.664471s
Iteration 4
time: 0.700967s
Iteration 5
time: 0.649547s
Iteration 6
time: 0.677263s
Iteration 7
time: 0.674385s
Iteration 8
time: 0.679892s
Iteration 9
time: 0.663836s
Iteration 10
time: 0.665241s
Iteration 11
time: 0.681212s
Iteration 12
time: 0.690200s
Iteration 13
time: 0.670998s
Iteration 14
time: 0.681510s
Iteration 15
time: 0.677445s
Iteration 16
time: 0.669165s
Iteration 17
time: 0.652736s
Iteration 18
time: 0.684182s
Iteration 19
time: 0.796916s
Iteration 20
time: 0.706943s
Iteration 21
time: 0.684759s
Iteration 22
time: 0.692077s
Iteration 23
time: 0.740254s
Iteration 24
time: 0.733538s
7: Starting numprocs=8 N=8000, M=8000 impl=allreduce
2: Starting numprocs=8 N=8000, M=8000 impl=allreduce
5: Starting numprocs=8 N=8000, M=8000 impl=allreduce
0: Starting numprocs=8 N=8000, M=8000 impl=allreduce
Iteration 0
6: Starting numprocs=8 N=8000, M=8000 impl=allreduce
1: Starting numprocs=8 N=8000, M=8000 impl=allreduce
4: Starting numprocs=8 N=8000, M=8000 impl=allreduce
3: Starting numprocs=8 N=8000, M=8000 impl=allreduce
time: 1.472861s
Iteration 1
time: 1.312936s
Iteration 2
time: 102.311221s
Iteration 3
time: 1.320937s
Iteration 4
time: 371.121751s
Iteration 5
time: 445.665836s
Iteration 6
time: 3.085280s
Iteration 7
time: 311.352951s
Iteration 8
time: 18.616822s
Iteration 9
time: 74.791641s
Iteration 10
time: 1.338522s
Iteration 11
time: 188.056373s
Iteration 12
time: 93.322417s
Iteration 13
time: 45.657944s
Iteration 14
time: 1.406389s
Iteration 15
time: 1.365433s
Iteration 16
time: 1.414444s
Iteration 17
time: 1.384028s
Iteration 18
time: 1.357688s
Iteration 19
time: 1.439584s
Iteration 20
time: 1.363255s
Iteration 21
time: 1.422568s
Iteration 22
time: 1.383561s
Iteration 23
time: 1.387319s
Iteration 24
time: 1.331352s
2: Starting numprocs=8 N=8000, M=8000 impl=allreduce-ring
0: Starting numprocs=8 N=8000, M=8000 impl=allreduce-ring
Iteration 0
1: Starting numprocs=8 N=8000, M=8000 impl=allreduce-ring
7: Starting numprocs=8 N=8000, M=8000 impl=allreduce-ring
5: Starting numprocs=8 N=8000, M=8000 impl=allreduce-ring
6: Starting numprocs=8 N=8000, M=8000 impl=allreduce-ring
3: Starting numprocs=8 N=8000, M=8000 impl=allreduce-ring
4: Starting numprocs=8 N=8000, M=8000 impl=allreduce-ring
time: 1.211374s
Iteration 1
time: 1.052549s
Iteration 2
time: 1.056073s
Iteration 3
time: 1.042310s
Iteration 4
time: 1.050164s
Iteration 5
time: 1.055652s
Iteration 6
time: 1.065344s
Iteration 7
time: 1.043020s
Iteration 8
time: 1.045604s
Iteration 9
time: 1.055286s
Iteration 10
time: 1.056764s
Iteration 11
time: 1.070582s
Iteration 12
time: 1.052898s
Iteration 13
time: 1.050742s
Iteration 14
time: 1.048751s
Iteration 15
time: 1.048243s
Iteration 16
time: 1.095459s
Iteration 17
time: 1.048170s
Iteration 18
time: 1.030489s
Iteration 19
time: 1.044200s
Iteration 20
time: 1.045174s
Iteration 21
time: 1.068519s
Iteration 22
time: 1.060508s
Iteration 23
time: 1.046174s
Iteration 24
time: 1.058062s
5: Starting numprocs=8 N=8000, M=8000 impl=g-rabenseifner-allgather
7: Starting numprocs=8 N=8000, M=8000 impl=g-rabenseifner-allgather
2: Starting numprocs=8 N=8000, M=8000 impl=g-rabenseifner-allgather
1: Starting numprocs=8 N=8000, M=8000 impl=g-rabenseifner-allgather
6: Starting numprocs=8 N=8000, M=8000 impl=g-rabenseifner-allgather
0: Starting numprocs=8 N=8000, M=8000 impl=g-rabenseifner-allgather
Iteration 0
4: Starting numprocs=8 N=8000, M=8000 impl=g-rabenseifner-allgather
3: Starting numprocs=8 N=8000, M=8000 impl=g-rabenseifner-allgather
time: 2.366405s
Iteration 1
time: 0.465302s
Iteration 2
time: 2.235830s
Iteration 3
time: 0.461494s
Iteration 4
time: 0.463055s
Iteration 5
time: 0.473845s
Iteration 6
time: 0.439602s
Iteration 7
time: 0.437807s
Iteration 8
time: 0.465695s
Iteration 9
time: 3.378390s
Iteration 10
time: 0.437536s
Iteration 11
time: 0.438572s
Iteration 12
time: 0.439341s
Iteration 13
time: 0.439977s
Iteration 14
time: 0.437139s
Iteration 15
time: 0.437180s
Iteration 16
time: 0.438776s
Iteration 17
time: 0.438202s
Iteration 18
time: 0.437070s
Iteration 19
time: 0.437072s
Iteration 20
time: 0.439334s
Iteration 21
time: 0.436894s
Iteration 22
time: 0.435791s
Iteration 23
time: 0.439040s
Iteration 24
time: 0.436786s
5: Starting numprocs=8 N=8000, M=8000 impl=g-rabenseifner-subgroup-2
7: Starting numprocs=8 N=8000, M=8000 impl=g-rabenseifner-subgroup-2
2: Starting numprocs=8 N=8000, M=8000 impl=g-rabenseifner-subgroup-2
6: Starting numprocs=8 N=8000, M=8000 impl=g-rabenseifner-subgroup-2
1: Starting numprocs=8 N=8000, M=8000 impl=g-rabenseifner-subgroup-2
0: Starting numprocs=8 N=8000, M=8000 impl=g-rabenseifner-subgroup-2
Iteration 0
4: Starting numprocs=8 N=8000, M=8000 impl=g-rabenseifner-subgroup-2
3: Starting numprocs=8 N=8000, M=8000 impl=g-rabenseifner-subgroup-2
time: 0.505258s
Iteration 1
time: 0.443890s
Iteration 2
time: 0.444427s
Iteration 3
time: 0.440895s
Iteration 4
time: 0.444511s
Iteration 5
time: 0.451936s
Iteration 6
time: 0.440885s
Iteration 7
time: 0.442074s
Iteration 8
time: 0.443695s
Iteration 9
time: 0.445340s
Iteration 10
time: 0.440539s
Iteration 11
time: 0.442367s
Iteration 12
time: 0.442505s
Iteration 13
time: 0.440726s
Iteration 14
time: 0.442295s
Iteration 15
time: 0.445892s
Iteration 16
time: 0.441736s
Iteration 17
time: 0.443733s
Iteration 18
time: 0.444073s
Iteration 19
time: 0.447103s
Iteration 20
time: 0.444500s
Iteration 21
time: 0.444168s
Iteration 22
time: 0.446067s
Iteration 23
time: 0.445157s
Iteration 24
time: 0.443130s
5: Starting numprocs=8 N=8000, M=8000 impl=g-rabenseifner-subgroup-4
2: Starting numprocs=8 N=8000, M=8000 impl=g-rabenseifner-subgroup-4
7: Starting numprocs=8 N=8000, M=8000 impl=g-rabenseifner-subgroup-4
0: Starting numprocs=8 N=8000, M=8000 impl=g-rabenseifner-subgroup-4
Iteration 0
6: Starting numprocs=8 N=8000, M=8000 impl=g-rabenseifner-subgroup-4
1: Starting numprocs=8 N=8000, M=8000 impl=g-rabenseifner-subgroup-4
4: Starting numprocs=8 N=8000, M=8000 impl=g-rabenseifner-subgroup-4
3: Starting numprocs=8 N=8000, M=8000 impl=g-rabenseifner-subgroup-4
time: 0.498031s
Iteration 1
time: 0.460169s
Iteration 2
time: 0.458955s
Iteration 3
time: 0.457867s
Iteration 4
time: 0.457430s
Iteration 5
time: 0.456090s
Iteration 6
time: 0.459777s
Iteration 7
time: 0.458259s
Iteration 8
time: 0.457263s
Iteration 9
time: 0.458560s
Iteration 10
time: 0.452485s
Iteration 11
time: 0.459597s
Iteration 12
time: 0.459353s
Iteration 13
time: 0.452146s
Iteration 14
time: 0.454248s
Iteration 15
time: 0.461130s
Iteration 16
time: 0.460825s
Iteration 17
time: 0.456076s
Iteration 18
time: 0.455769s
Iteration 19
time: 0.457115s
Iteration 20
time: 0.453472s
Iteration 21
time: 0.455523s
Iteration 22
time: 0.453700s
Iteration 23
time: 0.455811s
Iteration 24
time: 0.461102s
5: Starting numprocs=8 N=8000, M=8000 impl=g-rabenseifner-subgroup-8
2: Starting numprocs=8 N=8000, M=8000 impl=g-rabenseifner-subgroup-8
7: Starting numprocs=8 N=8000, M=8000 impl=g-rabenseifner-subgroup-8
6: Starting numprocs=8 N=8000, M=8000 impl=g-rabenseifner-subgroup-8
1: Starting numprocs=8 N=8000, M=8000 impl=g-rabenseifner-subgroup-8
0: Starting numprocs=8 N=8000, M=8000 impl=g-rabenseifner-subgroup-8
Iteration 0
4: Starting numprocs=8 N=8000, M=8000 impl=g-rabenseifner-subgroup-8
3: Starting numprocs=8 N=8000, M=8000 impl=g-rabenseifner-subgroup-8
time: 0.501941s
Iteration 1
time: 0.476506s
Iteration 2
time: 0.477245s
Iteration 3
time: 0.486819s
Iteration 4
time: 0.472864s
Iteration 5
time: 0.483566s
Iteration 6
time: 0.482139s
Iteration 7
time: 0.482355s
Iteration 8
time: 0.484448s
Iteration 9
time: 0.492588s
Iteration 10
time: 0.475636s
Iteration 11
time: 0.477406s
Iteration 12
time: 0.476885s
Iteration 13
time: 0.493980s
Iteration 14
time: 0.487513s
Iteration 15
time: 0.476875s
Iteration 16
time: 0.480646s
Iteration 17
time: 0.480126s
Iteration 18
time: 0.482850s
Iteration 19
time: 0.479951s
Iteration 20
time: 0.478965s
Iteration 21
time: 0.486398s
Iteration 22
time: 0.490948s
Iteration 23
time: 0.480716s
Iteration 24
time: 0.489926s
