10: Starting numprocs=32 N=16, M=16 impl=rabenseifner-gather
5: Starting numprocs=32 N=16, M=16 impl=rabenseifner-gather
2: Starting numprocs=32 N=16, M=16 impl=rabenseifner-gather
27: Starting numprocs=32 N=16, M=16 impl=rabenseifner-gather
21: Starting numprocs=32 N=16, M=16 impl=rabenseifner-gather
22: Starting numprocs=32 N=16, M=16 impl=rabenseifner-gather
31: Starting numprocs=32 N=16, M=16 impl=rabenseifner-gather
8: Starting numprocs=32 N=16, M=16 impl=rabenseifner-gather
9: Starting numprocs=32 N=16, M=16 impl=rabenseifner-gather
28: Starting numprocs=32 N=16, M=16 impl=rabenseifner-gather
19: Starting numprocs=32 N=16, M=16 impl=rabenseifner-gather
15: Starting numprocs=32 N=16, M=16 impl=rabenseifner-gather
4: Starting numprocs=32 N=16, M=16 impl=rabenseifner-gather
12: Starting numprocs=32 N=16, M=16 impl=rabenseifner-gather
3: Starting numprocs=32 N=16, M=16 impl=rabenseifner-gather
26: Starting numprocs=32 N=16, M=16 impl=rabenseifner-gather
13: Starting numprocs=32 N=16, M=16 impl=rabenseifner-gather
6: Starting numprocs=32 N=16, M=16 impl=rabenseifner-gather
16: Starting numprocs=32 N=16, M=16 impl=rabenseifner-gather
23: Starting numprocs=32 N=16, M=16 impl=rabenseifner-gather
11: Starting numprocs=32 N=16, M=16 impl=rabenseifner-gather
17: Starting numprocs=32 N=16, M=16 impl=rabenseifner-gather
18: Starting numprocs=32 N=16, M=16 impl=rabenseifner-gather
14: Starting numprocs=32 N=16, M=16 impl=rabenseifner-gather
1: Starting numprocs=32 N=16, M=16 impl=rabenseifner-gather
29: Starting numprocs=32 N=16, M=16 impl=rabenseifner-gather
7: Starting numprocs=32 N=16, M=16 impl=rabenseifner-gather
25: Starting numprocs=32 N=16, M=16 impl=rabenseifner-gather
24: Starting numprocs=32 N=16, M=16 impl=rabenseifner-gather
20: Starting numprocs=32 N=16, M=16 impl=rabenseifner-gather
30: Starting numprocs=32 N=16, M=16 impl=rabenseifner-gather
0: Starting numprocs=32 N=16, M=16 impl=rabenseifner-gather
Iteration 0
terminate called after throwing an instance of 'std::runtime_error'
terminate called after throwing an instance of 'std::runtime_error'
  what():  Starting Rabenseifner-Gather more processes (32) than rows (b.size() = 16)
[eu-ms-023-24:31586] *** Process received signal ***
[eu-ms-023-24:31586] Signal: Aborted (6)
[eu-ms-023-24:31586] Signal code:  (-6)
terminate called after throwing an instance of 'std::runtime_error'
  what():  Starting Rabenseifner-Gather more processes (32) than rows (b.size() = 16)
[eu-ms-003-06:18743] *** Process received signal ***
[eu-ms-003-06:18743] Signal: Aborted (6)
[eu-ms-003-06:18743] Signal code:  (-6)
terminate called after throwing an instance of 'std::runtime_error'
[eu-ms-023-24:31586] [ 0]   what():  Starting Rabenseifner-Gather more processes (32) than rows (b.size() = 16)
[eu-ms-003-15:22485] *** Process received signal ***
[eu-ms-003-15:22485] Signal: Aborted (6)
[eu-ms-003-15:22485] Signal code:  (-6)
[eu-ms-003-06:18743] [ 0]   what():  Starting Rabenseifner-Gather more processes (32) than rows (b.size() = 16)
[eu-ms-023-26:27574] *** Process received signal ***
[eu-ms-023-26:27574] Signal: Aborted (6)
[eu-ms-023-26:27574] Signal code:  (-6)
/usr/lib64/libpthread.so.0(+0xf630)[0x2b96a0573630]
[eu-ms-023-24:31586] [ 1] [eu-ms-003-15:22485] [ 0] /usr/lib64/libpthread.so.0(+0xf630)[0x2ba6dfadf630]
[eu-ms-003-06:18743] [ 1] /usr/lib64/libc.so.6(gsignal+0x37)[0x2ba6dfd22387]
[eu-ms-023-26:27574] [ 0] /usr/lib64/libc.so.6(gsignal+0x37)[0x2b96a07b6387]
[eu-ms-023-24:31586] [ 2] /usr/lib64/libc.so.6(abort+0x148)[0x2b96a07b7a78]
[eu-ms-023-24:31586] [ 3] /usr/lib64/libpthread.so.0(+0xf630)[0x2b7d805d4630]
[eu-ms-003-15:22485] [ 1] [eu-ms-003-06:18743] [ 2] /usr/lib64/libc.so.6(abort+0x148)[0x2ba6dfd23a78]
[eu-ms-003-06:18743] [ 3] /usr/lib64/libpthread.so.0(+0xf630)[0x2ba00b9c0630]
[eu-ms-023-26:27574] [ 1] /cluster/spack/apps/linux-centos7-x86_64/gcc-4.8.5/gcc-9.3.0-mjmsvu3362usxjr7tas4ywkd2e4ko5x3/lib64/libstdc++.so.6(+0x99133)[0x2b969fd09133]
[eu-ms-023-24:31586] [ 4] /usr/lib64/libc.so.6(gsignal+0x37)[0x2b7d80817387]
[eu-ms-003-15:22485] [ 2] /cluster/spack/apps/linux-centos7-x86_64/gcc-4.8.5/gcc-9.3.0-mjmsvu3362usxjr7tas4ywkd2e4ko5x3/lib64/libstdc++.so.6(+0x99133)[0x2ba6df275133]
[eu-ms-003-06:18743] [ 4] /usr/lib64/libc.so.6(gsignal+0x37)[0x2ba00bc03387]
[eu-ms-023-26:27574] [ 2] /usr/lib64/libc.so.6(abort+0x148)[0x2ba00bc04a78]
/cluster/spack/apps/linux-centos7-x86_64/gcc-4.8.5/gcc-9.3.0-mjmsvu3362usxjr7tas4ywkd2e4ko5x3/lib64/libstdc++.so.6(+0xa4b56)[0x2b969fd14b56]
[eu-ms-023-24:31586] [ 5] /usr/lib64/libc.so.6(abort+0x148)[0x2b7d80818a78]
[eu-ms-003-15:22485] [ 3] /cluster/spack/apps/linux-centos7-x86_64/gcc-4.8.5/gcc-9.3.0-mjmsvu3362usxjr7tas4ywkd2e4ko5x3/lib64/libstdc++.so.6(+0x99133)[0x2b7d7fd6a133]
[eu-ms-003-15:22485] [ 4] /cluster/spack/apps/linux-centos7-x86_64/gcc-4.8.5/gcc-9.3.0-mjmsvu3362usxjr7tas4ywkd2e4ko5x3/lib64/libstdc++.so.6(+0xa4b56)[0x2ba6df280b56]
[eu-ms-003-06:18743] [ 5] [eu-ms-023-26:27574] [ 3] /cluster/spack/apps/linux-centos7-x86_64/gcc-4.8.5/gcc-9.3.0-mjmsvu3362usxjr7tas4ywkd2e4ko5x3/lib64/libstdc++.so.6(+0x99133)[0x2ba00b156133]
[eu-ms-023-26:27574] [ 4] /cluster/spack/apps/linux-centos7-x86_64/gcc-4.8.5/gcc-9.3.0-mjmsvu3362usxjr7tas4ywkd2e4ko5x3/lib64/libstdc++.so.6(+0xa4bc1)[0x2b969fd14bc1]
[eu-ms-023-24:31586] [ 6] /cluster/spack/apps/linux-centos7-x86_64/gcc-4.8.5/gcc-9.3.0-mjmsvu3362usxjr7tas4ywkd2e4ko5x3/lib64/libstdc++.so.6(+0xa4b56)[0x2b7d7fd75b56]
[eu-ms-003-15:22485] [ 5] /cluster/spack/apps/linux-centos7-x86_64/gcc-4.8.5/gcc-9.3.0-mjmsvu3362usxjr7tas4ywkd2e4ko5x3/lib64/libstdc++.so.6(+0xa4bc1)[0x2ba6df280bc1]
[eu-ms-003-06:18743] [ 6] /cluster/spack/apps/linux-centos7-x86_64/gcc-4.8.5/gcc-9.3.0-mjmsvu3362usxjr7tas4ywkd2e4ko5x3/lib64/libstdc++.so.6(+0xa4e14)[0x2ba6df280e14]
[eu-ms-003-06:18743] [ 7] /cluster/spack/apps/linux-centos7-x86_64/gcc-4.8.5/gcc-9.3.0-mjmsvu3362usxjr7tas4ywkd2e4ko5x3/lib64/libstdc++.so.6(+0xa4b56)[0x2ba00b161b56]
[eu-ms-023-26:27574] [ 5] /cluster/spack/apps/linux-centos7-x86_64/gcc-4.8.5/gcc-9.3.0-mjmsvu3362usxjr7tas4ywkd2e4ko5x3/lib64/libstdc++.so.6(+0xa4e14)[0x2b969fd14e14]
[eu-ms-023-24:31586] [ 7] code/build_output/main[0x40bc52]
[eu-ms-023-24:31586] [ 8] code/build_output/main[0x41a198]
[eu-ms-023-24:31586] [ 9] code/build_output/main[0x40c3d9]
[eu-ms-023-24:31586] [10] /cluster/spack/apps/linux-centos7-x86_64/gcc-4.8.5/gcc-9.3.0-mjmsvu3362usxjr7tas4ywkd2e4ko5x3/lib64/libstdc++.so.6(+0xa4bc1)[0x2b7d7fd75bc1]
[eu-ms-003-15:22485] [ 6] code/build_output/main[0x40bc52]
[eu-ms-003-06:18743] [ 8] code/build_output/main[0x41a198]
[eu-ms-003-06:18743] [ 9] code/build_output/main[0x40c3d9]
[eu-ms-003-06:18743] [10] /cluster/spack/apps/linux-centos7-x86_64/gcc-4.8.5/gcc-9.3.0-mjmsvu3362usxjr7tas4ywkd2e4ko5x3/lib64/libstdc++.so.6(+0xa4bc1)[0x2ba00b161bc1]
[eu-ms-023-26:27574] [ 6] terminate called after throwing an instance of 'std::runtime_error'
/usr/lib64/libc.so.6(__libc_start_main+0xf5)[0x2b96a07a2555]
[eu-ms-023-24:31586] [11] code/build_output/main[0x40db3f]
[eu-ms-023-24:31586] *** End of error message ***
/cluster/spack/apps/linux-centos7-x86_64/gcc-4.8.5/gcc-9.3.0-mjmsvu3362usxjr7tas4ywkd2e4ko5x3/lib64/libstdc++.so.6(+0xa4e14)[0x2b7d7fd75e14]
[eu-ms-003-15:22485] [ 7] code/build_output/main[0x40bc52]
[eu-ms-003-15:22485] [ 8] code/build_output/main[0x41a198]
[eu-ms-003-15:22485] [ 9] code/build_output/main[0x40c3d9]
[eu-ms-003-15:22485] [10] /usr/lib64/libc.so.6(__libc_start_main+0xf5)[0x2ba6dfd0e555]
[eu-ms-003-06:18743] [11] code/build_output/main[0x40db3f]
[eu-ms-003-06:18743] *** End of error message ***
/cluster/spack/apps/linux-centos7-x86_64/gcc-4.8.5/gcc-9.3.0-mjmsvu3362usxjr7tas4ywkd2e4ko5x3/lib64/libstdc++.so.6(+0xa4e14)[0x2ba00b161e14]
[eu-ms-023-26:27574] [ 7] code/build_output/main[0x40bc52]
[eu-ms-023-26:27574] [ 8] code/build_output/main[0x41a198]
[eu-ms-023-26:27574] [ 9] code/build_output/main[0x40c3d9]
[eu-ms-023-26:27574] [10] terminate called after throwing an instance of 'std::runtime_error'
  what():  Starting Rabenseifner-Gather more processes (32) than rows (b.size() = 16)
[eu-ms-001-13:02701] *** Process received signal ***
[eu-ms-001-13:02701] Signal: Aborted (6)
[eu-ms-001-13:02701] Signal code:  (-6)
/usr/lib64/libc.so.6(__libc_start_main+0xf5)[0x2b7d80803555]
[eu-ms-003-15:22485] [11] code/build_output/main[0x40db3f]
[eu-ms-003-15:22485] *** End of error message ***
/usr/lib64/libc.so.6(__libc_start_main+0xf5)[0x2ba00bbef555]
[eu-ms-023-26:27574] [11] code/build_output/main[0x40db3f]
[eu-ms-023-26:27574] *** End of error message ***
  what():  Starting Rabenseifner-Gather more processes (32) than rows (b.size() = 16)
[eu-ms-023-34:29867] *** Process received signal ***
[eu-ms-023-34:29867] Signal: Aborted (6)
[eu-ms-023-34:29867] Signal code:  (-6)
[eu-ms-001-13:02701] [ 0] [eu-ms-023-34:29867] [ 0] terminate called after throwing an instance of 'std::runtime_error'
/usr/lib64/libpthread.so.0(+0xf630)[0x2af81ddcd630]
[eu-ms-001-13:02701] [ 1] /usr/lib64/libc.so.6(gsignal+0x37)[0x2af81e010387]
terminate called after throwing an instance of 'std::runtime_error'
/usr/lib64/libpthread.so.0(+0xf630)[0x2b18ea256630]
[eu-ms-023-34:29867] [ 1]   what():  Starting Rabenseifner-Gather more processes (32) than rows (b.size() = 16)
[eu-ms-001-15:08093] *** Process received signal ***
[eu-ms-001-15:08093] Signal: Aborted (6)
[eu-ms-001-15:08093] Signal code:  (-6)
[eu-ms-001-13:02701] [ 2] /usr/lib64/libc.so.6(abort+0x148)[0x2af81e011a78]
[eu-ms-001-13:02701] [ 3] terminate called after throwing an instance of 'std::runtime_error'
terminate called after throwing an instance of 'std::runtime_error'
terminate called after throwing an instance of 'std::runtime_error'
  what():  Starting Rabenseifner-Gather more processes (32) than rows (b.size() = 16)
[eu-ms-003-41:07123] *** Process received signal ***
[eu-ms-003-41:07123] Signal: Aborted (6)
[eu-ms-003-41:07123] Signal code:  (-6)
/usr/lib64/libc.so.6(gsignal+0x37)[0x2b18ea499387]
[eu-ms-023-34:29867] [ 2] /usr/lib64/libc.so.6(abort+0x148)[0x2b18ea49aa78]
[eu-ms-023-34:29867] [ 3] [eu-ms-001-15:08093] [ 0] /cluster/spack/apps/linux-centos7-x86_64/gcc-4.8.5/gcc-9.3.0-mjmsvu3362usxjr7tas4ywkd2e4ko5x3/lib64/libstdc++.so.6(+0x99133)[0x2af81d563133]
[eu-ms-001-13:02701] [ 4]   what():  Starting Rabenseifner-Gather more processes (32) than rows (b.size() = 16)
[eu-ms-001-17:15163] *** Process received signal ***
[eu-ms-001-17:15163] Signal: Aborted (6)
[eu-ms-001-17:15163] Signal code:  (-6)
  what():  Starting Rabenseifner-Gather more processes (32) than rows (b.size() = 16)
[eu-ms-023-23:12309] *** Process received signal ***
[eu-ms-023-23:12309] Signal: Aborted (6)
[eu-ms-023-23:12309] Signal code:  (-6)
terminate called after throwing an instance of 'std::runtime_error'
  what():  Starting Rabenseifner-Gather more processes (32) than rows (b.size() = 16)
[eu-ms-003-25:07944] *** Process received signal ***
[eu-ms-003-25:07944] Signal: Aborted (6)
[eu-ms-003-25:07944] Signal code:  (-6)
[eu-ms-003-41:07123] [ 0] /cluster/spack/apps/linux-centos7-x86_64/gcc-4.8.5/gcc-9.3.0-mjmsvu3362usxjr7tas4ywkd2e4ko5x3/lib64/libstdc++.so.6(+0x99133)[0x2b18e99ec133]
[eu-ms-023-34:29867] [ 4] /usr/lib64/libpthread.so.0(+0xf630)[0x2b02da7f7630]
[eu-ms-001-15:08093] [ 1] /cluster/spack/apps/linux-centos7-x86_64/gcc-4.8.5/gcc-9.3.0-mjmsvu3362usxjr7tas4ywkd2e4ko5x3/lib64/libstdc++.so.6(+0xa4b56)[0x2af81d56eb56]
[eu-ms-001-13:02701] [ 5] [eu-ms-001-17:15163] [ 0] [eu-ms-023-23:12309] [ 0]   what():  Starting Rabenseifner-Gather more processes (32) than rows (b.size() = 16)
[eu-ms-023-04:29129] *** Process received signal ***
[eu-ms-023-04:29129] Signal: Aborted (6)
[eu-ms-023-04:29129] Signal code:  (-6)
[eu-ms-003-25:07944] [ 0] /usr/lib64/libpthread.so.0(+0xf630)[0x2abf2b11c630]
[eu-ms-003-41:07123] [ 1] /cluster/spack/apps/linux-centos7-x86_64/gcc-4.8.5/gcc-9.3.0-mjmsvu3362usxjr7tas4ywkd2e4ko5x3/lib64/libstdc++.so.6(+0xa4b56)[0x2b18e99f7b56]
[eu-ms-023-34:29867] [ 5] /usr/lib64/libc.so.6(gsignal+0x37)[0x2b02daa3a387]
[eu-ms-001-15:08093] [ 2] /usr/lib64/libc.so.6(abort+0x148)[0x2b02daa3ba78]
[eu-ms-001-15:08093] [ 3] /cluster/spack/apps/linux-centos7-x86_64/gcc-4.8.5/gcc-9.3.0-mjmsvu3362usxjr7tas4ywkd2e4ko5x3/lib64/libstdc++.so.6(+0xa4bc1)[0x2af81d56ebc1]
[eu-ms-001-13:02701] [ 6] /cluster/spack/apps/linux-centos7-x86_64/gcc-4.8.5/gcc-9.3.0-mjmsvu3362usxjr7tas4ywkd2e4ko5x3/lib64/libstdc++.so.6(+0xa4e14)[0x2af81d56ee14]
/usr/lib64/libpthread.so.0(+0xf630)[0x2b4a0cfb1630]
[eu-ms-001-17:15163] [ 1] /usr/lib64/libc.so.6(gsignal+0x37)[0x2b4a0d1f4387]
/usr/lib64/libpthread.so.0(+0xf630)[0x2aeb319ec630]
[eu-ms-023-23:12309] [ 1] [eu-ms-023-04:29129] [ 0] /usr/lib64/libpthread.so.0(+0xf630)[0x2b731ecb0630]
[eu-ms-003-25:07944] [ 1] /usr/lib64/libc.so.6(gsignal+0x37)[0x2b731eef3387]
/usr/lib64/libc.so.6(gsignal+0x37)[0x2abf2b35f387]
[eu-ms-003-41:07123] [ 2] /usr/lib64/libc.so.6(abort+0x148)[0x2abf2b360a78]
[eu-ms-003-41:07123] /cluster/spack/apps/linux-centos7-x86_64/gcc-4.8.5/gcc-9.3.0-mjmsvu3362usxjr7tas4ywkd2e4ko5x3/lib64/libstdc++.so.6(+0xa4bc1)[0x2b18e99f7bc1]
[eu-ms-023-34:29867] [ 6] /cluster/spack/apps/linux-centos7-x86_64/gcc-4.8.5/gcc-9.3.0-mjmsvu3362usxjr7tas4ywkd2e4ko5x3/lib64/libstdc++.so.6(+0x99133)[0x2b02d9f8d133]
[eu-ms-001-15:08093] [ 4] [eu-ms-001-13:02701] [ 7] code/build_output/main[0x40bc52]
[eu-ms-001-13:02701] [ 8] code/build_output/main[0x41a198]
[eu-ms-001-13:02701] [ 9] code/build_output/main[0x40c3d9]
[eu-ms-001-13:02701] [10] [eu-ms-001-17:15163] [ 2] /usr/lib64/libc.so.6(abort+0x148)[0x2b4a0d1f5a78]
[eu-ms-001-17:15163] [ 3] terminate called after throwing an instance of 'std::runtime_error'
/usr/lib64/libc.so.6(gsignal+0x37)[0x2aeb31c2f387]
[eu-ms-023-23:12309] [ 2] /usr/lib64/libpthread.so.0(+0xf630)[0x2b21df291630]
[eu-ms-023-04:29129] [ 1] terminate called after throwing an instance of 'std::runtime_error'
[eu-ms-003-25:07944] [ 2] /usr/lib64/libc.so.6(abort+0x148)[0x2b731eef4a78]
[eu-ms-003-25:07944] [ 3] terminate called after throwing an instance of 'std::runtime_error'
[ 3] /cluster/spack/apps/linux-centos7-x86_64/gcc-4.8.5/gcc-9.3.0-mjmsvu3362usxjr7tas4ywkd2e4ko5x3/lib64/libstdc++.so.6(+0x99133)[0x2abf2a8b2133]
[eu-ms-003-41:07123] [ 4] /cluster/spack/apps/linux-centos7-x86_64/gcc-4.8.5/gcc-9.3.0-mjmsvu3362usxjr7tas4ywkd2e4ko5x3/lib64/libstdc++.so.6(+0xa4e14)[0x2b18e99f7e14]
[eu-ms-023-34:29867] [ 7] code/build_output/main[0x40bc52]
[eu-ms-023-34:29867] [ 8] code/build_output/main[0x41a198]
[eu-ms-023-34:29867] [ 9] code/build_output/main[0x40c3d9]
[eu-ms-023-34:29867] [10] /cluster/spack/apps/linux-centos7-x86_64/gcc-4.8.5/gcc-9.3.0-mjmsvu3362usxjr7tas4ywkd2e4ko5x3/lib64/libstdc++.so.6(+0xa4b56)[0x2b02d9f98b56]
[eu-ms-001-15:08093] [ 5] /usr/lib64/libc.so.6(__libc_start_main+0xf5)[0x2af81dffc555]
[eu-ms-001-13:02701] [11] code/build_output/main[0x40db3f]
[eu-ms-001-13:02701] *** End of error message ***
terminate called after throwing an instance of 'std::runtime_error'
/cluster/spack/apps/linux-centos7-x86_64/gcc-4.8.5/gcc-9.3.0-mjmsvu3362usxjr7tas4ywkd2e4ko5x3/lib64/libstdc++.so.6(+0x99133)[0x2b4a0c747133]
[eu-ms-001-17:15163] [ 4]   what():  Starting Rabenseifner-Gather more processes (32) than rows (b.size() = 16)
[eu-ms-003-01:31825] *** Process received signal ***
[eu-ms-003-01:31825] Signal: Aborted (6)
[eu-ms-003-01:31825] Signal code:  (-6)
/usr/lib64/libc.so.6(abort+0x148)[0x2aeb31c30a78]
[eu-ms-023-23:12309] [ 3] /cluster/spack/apps/linux-centos7-x86_64/gcc-4.8.5/gcc-9.3.0-mjmsvu3362usxjr7tas4ywkd2e4ko5x3/lib64/libstdc++.so.6(+0x99133)[0x2aeb31182133]
[eu-ms-023-23:12309] [ 4] terminate called after throwing an instance of 'std::runtime_error'
/usr/lib64/libc.so.6(gsignal+0x37)[0x2b21df4d4387]
[eu-ms-023-04:29129] [ 2] terminate called after throwing an instance of 'std::runtime_error'
terminate called after throwing an instance of 'std::runtime_error'
  what():  Starting Rabenseifner-Gather more processes (32) than rows (b.size() = 16)
[eu-ms-003-43:31113] *** Process received signal ***
[eu-ms-003-43:31113] Signal: Aborted (6)
[eu-ms-003-43:31113] Signal code:  (-6)
terminate called after throwing an instance of 'std::runtime_error'
/cluster/spack/apps/linux-centos7-x86_64/gcc-4.8.5/gcc-9.3.0-mjmsvu3362usxjr7tas4ywkd2e4ko5x3/lib64/libstdc++.so.6(+0x99133)[0x2b731e446133]
[eu-ms-003-25:07944] [ 4]   what():  Starting Rabenseifner-Gather more processes (32) than rows (b.size() = 16)
[eu-ms-001-08:24238] *** Process received signal ***
[eu-ms-001-08:24238] Signal: Aborted (6)
[eu-ms-001-08:24238] Signal code:  (-6)
/cluster/spack/apps/linux-centos7-x86_64/gcc-4.8.5/gcc-9.3.0-mjmsvu3362usxjr7tas4ywkd2e4ko5x3/lib64/libstdc++.so.6(+0xa4b56)[0x2abf2a8bdb56]
[eu-ms-003-41:07123] [ 5] /usr/lib64/libc.so.6(__libc_start_main+0xf5)[0x2b18ea485555]
[eu-ms-023-34:29867] [11] code/build_output/main[0x40db3f]
[eu-ms-023-34:29867] *** End of error message ***
terminate called after throwing an instance of 'std::runtime_error'
/cluster/spack/apps/linux-centos7-x86_64/gcc-4.8.5/gcc-9.3.0-mjmsvu3362usxjr7tas4ywkd2e4ko5x3/lib64/libstdc++.so.6(+0xa4bc1)[0x2b02d9f98bc1]
[eu-ms-001-15:08093] [ 6]   what():  Starting Rabenseifner-Gather more processes (32) than rows (b.size() = 16)
[eu-ms-001-35:32473] *** Process received signal ***
[eu-ms-001-35:32473] Signal: Aborted (6)
[eu-ms-001-35:32473] Signal code:  (-6)
/cluster/spack/apps/linux-centos7-x86_64/gcc-4.8.5/gcc-9.3.0-mjmsvu3362usxjr7tas4ywkd2e4ko5x3/lib64/libstdc++.so.6(+0xa4b56)[0x2b4a0c752b56]
[eu-ms-001-17:15163] [ 5] [eu-ms-003-01:31825] [ 0] /cluster/spack/apps/linux-centos7-x86_64/gcc-4.8.5/gcc-9.3.0-mjmsvu3362usxjr7tas4ywkd2e4ko5x3/lib64/libstdc++.so.6(+0xa4b56)[0x2aeb3118db56]
[eu-ms-023-23:12309] [ 5]   what():  Starting Rabenseifner-Gather more processes (32) than rows (b.size() = 16)
[eu-ms-023-37:17599] *** Process received signal ***
[eu-ms-023-37:17599] Signal: Aborted (6)
[eu-ms-023-37:17599] Signal code:  (-6)
/usr/lib64/libc.so.6(abort+0x148)[0x2b21df4d5a78]
[eu-ms-023-04:29129] [ 3] /cluster/spack/apps/linux-centos7-x86_64/gcc-4.8.5/gcc-9.3.0-mjmsvu3362usxjr7tas4ywkd2e4ko5x3/lib64/libstdc++.so.6(+0x99133)[0x2b21dea27133]
[eu-ms-023-04:29129] [ 4] terminate called after throwing an instance of 'std::runtime_error'
  what():  Starting Rabenseifner-Gather more processes (32) than rows (b.size() = 16)
[eu-ms-023-03:11564] *** Process received signal ***
[eu-ms-023-03:11564] Signal: Aborted (6)
[eu-ms-023-03:11564] Signal code:  (-6)
  what():  Starting Rabenseifner-Gather more processes (32) than rows (b.size() = 16)
[eu-ms-001-39:15801] *** Process received signal ***
[eu-ms-001-39:15801] Signal: Aborted (6)
[eu-ms-001-39:15801] Signal code:  (-6)
[eu-ms-003-43:31113] [ 0]   what():  Starting Rabenseifner-Gather more processes (32) than rows (b.size() = 16)
[eu-ms-023-30:27748] *** Process received signal ***
[eu-ms-023-30:27748] Signal: Aborted (6)
[eu-ms-023-30:27748] Signal code:  (-6)
/cluster/spack/apps/linux-centos7-x86_64/gcc-4.8.5/gcc-9.3.0-mjmsvu3362usxjr7tas4ywkd2e4ko5x3/lib64/libstdc++.so.6(+0xa4b56)[0x2b731e451b56]
[eu-ms-003-25:07944] [ 5] [eu-ms-001-08:24238] [ 0] /cluster/spack/apps/linux-centos7-x86_64/gcc-4.8.5/gcc-9.3.0-mjmsvu3362usxjr7tas4ywkd2e4ko5x3/lib64/libstdc++.so.6(+0xa4bc1)[0x2abf2a8bdbc1]
[eu-ms-003-41:07123] [ 6]   what():  Starting Rabenseifner-Gather more processes (32) than rows (b.size() = 16)
[eu-ms-003-21:32705] *** Process received signal ***
[eu-ms-003-21:32705] Signal: Aborted (6)
[eu-ms-003-21:32705] Signal code:  (-6)
/cluster/spack/apps/linux-centos7-x86_64/gcc-4.8.5/gcc-9.3.0-mjmsvu3362usxjr7tas4ywkd2e4ko5x3/lib64/libstdc++.so.6(+0xa4e14)[0x2b02d9f98e14]
[eu-ms-001-15:08093] [ 7] code/build_output/main[0x40bc52]
[eu-ms-001-15:08093] [ 8] code/build_output/main[0x41a198]
[eu-ms-001-15:08093] [ 9] code/build_output/main[0x40c3d9]
[eu-ms-001-15:08093] [10] [eu-ms-001-35:32473] [ 0] /cluster/spack/apps/linux-centos7-x86_64/gcc-4.8.5/gcc-9.3.0-mjmsvu3362usxjr7tas4ywkd2e4ko5x3/lib64/libstdc++.so.6(+0xa4bc1)[0x2b4a0c752bc1]
[eu-ms-001-17:15163] [ 6] /usr/lib64/libpthread.so.0(+0xf630)[0x2ada1d300630]
[eu-ms-003-01:31825] [ 1] /cluster/spack/apps/linux-centos7-x86_64/gcc-4.8.5/gcc-9.3.0-mjmsvu3362usxjr7tas4ywkd2e4ko5x3/lib64/libstdc++.so.6(+0xa4bc1)[0x2aeb3118dbc1]
[eu-ms-023-23:12309] [ 6] terminate called after throwing an instance of 'std::runtime_error'
[eu-ms-023-37:17599] [ 0] /cluster/spack/apps/linux-centos7-x86_64/gcc-4.8.5/gcc-9.3.0-mjmsvu3362usxjr7tas4ywkd2e4ko5x3/lib64/libstdc++.so.6(+0xa4b56)[0x2b21dea32b56]
[eu-ms-023-04:29129] [ 5] terminate called after throwing an instance of 'std::runtime_error'
  what():  Starting Rabenseifner-Gather more processes (32) than rows (b.size() = 16)
[eu-ms-023-40:22106] *** Process received signal ***
[eu-ms-023-40:22106] Signal: Aborted (6)
[eu-ms-023-40:22106] Signal code:  (-6)
[eu-ms-023-03:11564] [ 0] [eu-ms-001-39:15801] [ 0] /usr/lib64/libpthread.so.0(+0xf630)[0x2abfd615a630]
[eu-ms-003-43:31113] [ 1] [eu-ms-023-30:27748] [ 0] /cluster/spack/apps/linux-centos7-x86_64/gcc-4.8.5/gcc-9.3.0-mjmsvu3362usxjr7tas4ywkd2e4ko5x3/lib64/libstdc++.so.6(+0xa4bc1)[0x2b731e451bc1]
[eu-ms-003-25:07944] [ 6] /cluster/spack/apps/linux-centos7-x86_64/gcc-4.8.5/gcc-9.3.0-mjmsvu3362usxjr7tas4ywkd2e4ko5x3/lib64/libstdc++.so.6(+0xa4e14)[0x2b731e451e14]
[eu-ms-003-25:07944] [ 7] /usr/lib64/libpthread.so.0(+0xf630)[0x2ab939cfd630]
[eu-ms-001-08:24238] [ 1] /cluster/spack/apps/linux-centos7-x86_64/gcc-4.8.5/gcc-9.3.0-mjmsvu3362usxjr7tas4ywkd2e4ko5x3/lib64/libstdc++.so.6(+0xa4e14)[0x2abf2a8bde14]
[eu-ms-003-41:07123] [ 7] code/build_output/main[0x40bc52]
[eu-ms-003-41:07123] [ 8] code/build_output/main[0x41a198]
[eu-ms-003-41:07123] [ 9] code/build_output/main[0x40c3d9]
[eu-ms-003-41:07123] [10] [eu-ms-003-21:32705] [ 0] /usr/lib64/libc.so.6(__libc_start_main+0xf5)[0x2b02daa26555]
[eu-ms-001-15:08093] [11] code/build_output/main[0x40db3f]
[eu-ms-001-15:08093] *** End of error message ***
terminate called after throwing an instance of 'std::runtime_error'
/usr/lib64/libpthread.so.0(+0xf630)[0x2ad1c51f5630]
[eu-ms-001-35:32473] [ 1] terminate called after throwing an instance of 'std::runtime_error'
/cluster/spack/apps/linux-centos7-x86_64/gcc-4.8.5/gcc-9.3.0-mjmsvu3362usxjr7tas4ywkd2e4ko5x3/lib64/libstdc++.so.6(+0xa4e14)[0x2b4a0c752e14]
[eu-ms-001-17:15163] [ 7] code/build_output/main[0x40bc52]
[eu-ms-001-17:15163] [ 8] code/build_output/main[0x41a198]
[eu-ms-001-17:15163] [ 9] code/build_output/main[0x40c3d9]
[eu-ms-001-17:15163] /usr/lib64/libc.so.6(gsignal+0x37)[0x2ada1d543387]
[eu-ms-003-01:31825] [ 2] /usr/lib64/libc.so.6(abort+0x148)[0x2ada1d544a78]
[eu-ms-003-01:31825] /cluster/spack/apps/linux-centos7-x86_64/gcc-4.8.5/gcc-9.3.0-mjmsvu3362usxjr7tas4ywkd2e4ko5x3/lib64/libstdc++.so.6(+0xa4e14)[0x2aeb3118de14]
[eu-ms-023-23:12309] [ 7] code/build_output/main[0x40bc52]
[eu-ms-023-23:12309] [ 8] code/build_output/main[0x41a198]
[eu-ms-023-23:12309] [ 9] terminate called after throwing an instance of 'std::runtime_error'
  what():  Starting Rabenseifner-Gather more processes (32) than rows (b.size() = 16)
[eu-ms-023-12:04957] *** Process received signal ***
/usr/lib64/libpthread.so.0(+0xf630)[0x2aec2c00a630]
[eu-ms-023-37:17599] [ 1] /cluster/spack/apps/linux-centos7-x86_64/gcc-4.8.5/gcc-9.3.0-mjmsvu3362usxjr7tas4ywkd2e4ko5x3/lib64/libstdc++.so.6(+0xa4bc1)[0x2b21dea32bc1]
[eu-ms-023-04:29129] [ 6]   what():  Starting Rabenseifner-Gather more processes (32) than rows (b.size() = 16)
[eu-ms-001-09:25412] *** Process received signal ***
[eu-ms-001-09:25412] Signal: Aborted (6)
[eu-ms-001-09:25412] Signal code:  (-6)
[eu-ms-023-40:22106] [ 0] /usr/lib64/libpthread.so.0(+0xf630)[0x2b3e97926630]
[eu-ms-023-03:11564] [ 1] /usr/lib64/libpthread.so.0(+0xf630)[0x2ad495306630]
[eu-ms-001-39:15801] [ 1] /usr/lib64/libc.so.6(gsignal+0x37)[0x2abfd639d387]
[eu-ms-003-43:31113] [ 2] /usr/lib64/libc.so.6(abort+0x148)[0x2abfd639ea78]
[eu-ms-003-43:31113] [ 3] /usr/lib64/libpthread.so.0(+0xf630)[0x2b4c00a01630]
[eu-ms-023-30:27748] [ 1] code/build_output/main[0x40bc52]
[eu-ms-003-25:07944] [ 8] code/build_output/main[0x41a198]
[eu-ms-003-25:07944] [ 9] code/build_output/main[0x40c3d9]
[eu-ms-003-25:07944] [10] /usr/lib64/libc.so.6(gsignal+0x37)[0x2ab939f40387]
[eu-ms-001-08:24238] [ 2] /usr/lib64/libc.so.6(abort+0x148)[0x2ab939f41a78]
[eu-ms-001-08:24238] [ 3] terminate called after throwing an instance of 'std::runtime_error'
/usr/lib64/libc.so.6(__libc_start_main+0xf5)[0x2abf2b34b555]
[eu-ms-003-41:07123] [11] code/build_output/main[0x40db3f]
[eu-ms-003-41:07123] *** End of error message ***
/usr/lib64/libpthread.so.0(+0xf630)[0x2abaab6d8630]
[eu-ms-003-21:32705] [ 1] /usr/lib64/libc.so.6(gsignal+0x37)[0x2abaab91b387]
  what():  Starting Rabenseifner-Gather more processes (32) than rows (b.size() = 16)
[eu-ms-001-07:30894] *** Process received signal ***
[eu-ms-001-07:30894] Signal: Aborted (6)
[eu-ms-001-07:30894] Signal code:  (-6)
/usr/lib64/libc.so.6(gsignal+0x37)[0x2ad1c5438387]
[eu-ms-001-35:32473] [ 2] /usr/lib64/libc.so.6(abort+0x148)[0x2ad1c5439a78]
[eu-ms-001-35:32473]   what():  Starting Rabenseifner-Gather more processes (32) than rows (b.size() = 16)
[eu-ms-001-41:13817] *** Process received signal ***
[eu-ms-001-41:13817] Signal: Aborted (6)
[eu-ms-001-41:13817] Signal code:  (-6)
[10] /usr/lib64/libc.so.6(__libc_start_main+0xf5)[0x2b4a0d1e0555]
[eu-ms-001-17:15163] [11] [ 3] /cluster/spack/apps/linux-centos7-x86_64/gcc-4.8.5/gcc-9.3.0-mjmsvu3362usxjr7tas4ywkd2e4ko5x3/lib64/libstdc++.so.6(+0x99133)[0x2ada1ca96133]
[eu-ms-003-01:31825] [ 4] code/build_output/main[0x40c3d9]
[eu-ms-023-23:12309] [10] /usr/lib64/libc.so.6(__libc_start_main+0xf5)[0x2aeb31c1b555]
[eu-ms-023-23:12309] [11]   what():  Starting Rabenseifner-Gather more processes (32) than rows (b.size() = 16)
[eu-ms-003-31:16068] *** Process received signal ***
[eu-ms-003-31:16068] Signal: Aborted (6)
[eu-ms-003-31:16068] Signal code:  (-6)
[eu-ms-023-12:04957] Signal: Aborted (6)
[eu-ms-023-12:04957] Signal code:  (-6)
/usr/lib64/libc.so.6(gsignal+0x37)[0x2aec2c24d387]
[eu-ms-023-37:17599] [ 2] /usr/lib64/libc.so.6(abort+0x148)[0x2aec2c24ea78]
[eu-ms-023-37:17599] [ 3] /cluster/spack/apps/linux-centos7-x86_64/gcc-4.8.5/gcc-9.3.0-mjmsvu3362usxjr7tas4ywkd2e4ko5x3/lib64/libstdc++.so.6(+0xa4e14)[0x2b21dea32e14]
[eu-ms-023-04:29129] [ 7] code/build_output/main[0x40bc52]
[eu-ms-023-04:29129] [ 8] code/build_output/main[0x41a198]
[eu-ms-023-04:29129] [ 9] code/build_output/main[0x40c3d9]
[eu-ms-001-09:25412] [ 0] /usr/lib64/libpthread.so.0(+0xf630)[0x2b29ab710630]
[eu-ms-023-40:22106] [ 1] /usr/lib64/libc.so.6(gsignal+0x37)[0x2b3e97b69387]
[eu-ms-023-03:11564] [ 2] /usr/lib64/libc.so.6(abort+0x148)[0x2b3e97b6aa78]
[eu-ms-023-03:11564] [ 3] /usr/lib64/libc.so.6(gsignal+0x37)[0x2ad495549387]
[eu-ms-001-39:15801] [ 2] /usr/lib64/libc.so.6(abort+0x148)[0x2ad49554aa78]
[eu-ms-001-39:15801] [ 3] /cluster/spack/apps/linux-centos7-x86_64/gcc-4.8.5/gcc-9.3.0-mjmsvu3362usxjr7tas4ywkd2e4ko5x3/lib64/libstdc++.so.6(+0x99133)[0x2abfd58f0133]
[eu-ms-003-43:31113] [ 4] /usr/lib64/libc.so.6(gsignal+0x37)[0x2b4c00c44387]
[eu-ms-023-30:27748] [ 2] /usr/lib64/libc.so.6(abort+0x148)[0x2b4c00c45a78]
[eu-ms-023-30:27748] [ 3] /usr/lib64/libc.so.6(__libc_start_main+0xf5)[0x2b731eedf555]
[eu-ms-003-25:07944] [11] code/build_output/main[0x40db3f]
[eu-ms-003-25:07944] *** End of error message ***
/cluster/spack/apps/linux-centos7-x86_64/gcc-4.8.5/gcc-9.3.0-mjmsvu3362usxjr7tas4ywkd2e4ko5x3/lib64/libstdc++.so.6(+0x99133)[0x2ab939493133]
[eu-ms-001-08:24238] [ 4]   what():  Starting Rabenseifner-Gather more processes (32) than rows (b.size() = 16)
[eu-ms-023-19:02656] *** Process received signal ***
[eu-ms-023-19:02656] Signal: Aborted (6)
[eu-ms-023-19:02656] Signal code:  (-6)
[eu-ms-003-21:32705] [ 2] /usr/lib64/libc.so.6(abort+0x148)[0x2abaab91ca78]
[eu-ms-003-21:32705] [ 3] [eu-ms-001-07:30894] [ 0] terminate called after throwing an instance of 'std::runtime_error'
[ 3] /cluster/spack/apps/linux-centos7-x86_64/gcc-4.8.5/gcc-9.3.0-mjmsvu3362usxjr7tas4ywkd2e4ko5x3/lib64/libstdc++.so.6(+0x99133)[0x2ad1c498b133]
[eu-ms-001-35:32473] [ 4] [eu-ms-001-41:13817] [ 0] code/build_output/main[0x40db3f]
[eu-ms-001-17:15163] *** End of error message ***
/cluster/spack/apps/linux-centos7-x86_64/gcc-4.8.5/gcc-9.3.0-mjmsvu3362usxjr7tas4ywkd2e4ko5x3/lib64/libstdc++.so.6(+0xa4b56)[0x2ada1caa1b56]
[eu-ms-003-01:31825] [ 5] code/build_output/main[0x40db3f]
[eu-ms-023-23:12309] *** End of error message ***
[eu-ms-003-31:16068] [ 0] [eu-ms-023-12:04957] [ 0] /cluster/spack/apps/linux-centos7-x86_64/gcc-4.8.5/gcc-9.3.0-mjmsvu3362usxjr7tas4ywkd2e4ko5x3/lib64/libstdc++.so.6(+0x99133)[0x2aec2b7a0133]
[eu-ms-023-37:17599] [ 4] [eu-ms-023-04:29129] [10] /usr/lib64/libc.so.6(__libc_start_main+0xf5)[0x2b21df4c0555]
[eu-ms-023-04:29129] [11] /usr/lib64/libpthread.so.0(+0xf630)[0x2b51c7090630]
[eu-ms-001-09:25412] [ 1] /usr/lib64/libc.so.6(gsignal+0x37)[0x2b29ab953387]
[eu-ms-023-40:22106] [ 2] /usr/lib64/libc.so.6(abort+0x148)[0x2b29ab954a78]
[eu-ms-023-40:22106] [ 3] /cluster/spack/apps/linux-centos7-x86_64/gcc-4.8.5/gcc-9.3.0-mjmsvu3362usxjr7tas4ywkd2e4ko5x3/lib64/libstdc++.so.6(+0x99133)[0x2b3e970bc133]
[eu-ms-023-03:11564] [ 4] /cluster/spack/apps/linux-centos7-x86_64/gcc-4.8.5/gcc-9.3.0-mjmsvu3362usxjr7tas4ywkd2e4ko5x3/lib64/libstdc++.so.6(+0x99133)[0x2ad494a9c133]
[eu-ms-001-39:15801] [ 4] /cluster/spack/apps/linux-centos7-x86_64/gcc-4.8.5/gcc-9.3.0-mjmsvu3362usxjr7tas4ywkd2e4ko5x3/lib64/libstdc++.so.6(+0xa4b56)[0x2abfd58fbb56]
[eu-ms-003-43:31113] [ 5] /cluster/spack/apps/linux-centos7-x86_64/gcc-4.8.5/gcc-9.3.0-mjmsvu3362usxjr7tas4ywkd2e4ko5x3/lib64/libstdc++.so.6(+0x99133)[0x2b4c00197133]
[eu-ms-023-30:27748] [ 4] /cluster/spack/apps/linux-centos7-x86_64/gcc-4.8.5/gcc-9.3.0-mjmsvu3362usxjr7tas4ywkd2e4ko5x3/lib64/libstdc++.so.6(+0xa4b56)[0x2ab93949eb56]
[eu-ms-001-08:24238] [ 5] [eu-ms-023-19:02656] [ 0] terminate called after throwing an instance of 'std::runtime_error'
/cluster/spack/apps/linux-centos7-x86_64/gcc-4.8.5/gcc-9.3.0-mjmsvu3362usxjr7tas4ywkd2e4ko5x3/lib64/libstdc++.so.6(+0x99133)[0x2abaaae6e133]
[eu-ms-003-21:32705] [ 4] /usr/lib64/libpthread.so.0(+0xf630)[0x2b2ce3a84630]
[eu-ms-001-07:30894] [ 1] /usr/lib64/libc.so.6(gsignal+0x37)[0x2b2ce3cc7387]
  what():  Starting Rabenseifner-Gather more processes (32) than rows (b.size() = 16)
[eu-ms-001-21:13386] *** Process received signal ***
[eu-ms-001-21:13386] Signal: Aborted (6)
[eu-ms-001-21:13386] Signal code:  (-6)
/cluster/spack/apps/linux-centos7-x86_64/gcc-4.8.5/gcc-9.3.0-mjmsvu3362usxjr7tas4ywkd2e4ko5x3/lib64/libstdc++.so.6(+0xa4b56)[0x2ad1c4996b56]
[eu-ms-001-35:32473] [ 5] /usr/lib64/libpthread.so.0(+0xf630)[0x2abe3df61630]
[eu-ms-001-41:13817] [ 1] /cluster/spack/apps/linux-centos7-x86_64/gcc-4.8.5/gcc-9.3.0-mjmsvu3362usxjr7tas4ywkd2e4ko5x3/lib64/libstdc++.so.6(+0xa4bc1)[0x2ada1caa1bc1]
[eu-ms-003-01:31825] [ 6] /usr/lib64/libpthread.so.0(+0xf630)[0x2b465d941630]
[eu-ms-003-31:16068] [ 1] /usr/lib64/libpthread.so.0(+0xf630)[0x2b207a26f630]
[eu-ms-023-12:04957] [ 1] /cluster/spack/apps/linux-centos7-x86_64/gcc-4.8.5/gcc-9.3.0-mjmsvu3362usxjr7tas4ywkd2e4ko5x3/lib64/libstdc++.so.6(+0xa4b56)[0x2aec2b7abb56]
[eu-ms-023-37:17599] [ 5] code/build_output/main[0x40db3f]
[eu-ms-023-04:29129] *** End of error message ***
/usr/lib64/libc.so.6(gsignal+0x37)[0x2b51c72d3387]
[eu-ms-001-09:25412] [ 2] /usr/lib64/libc.so.6(abort+0x148)[0x2b51c72d4a78]
[eu-ms-001-09:25412] [ 3] /cluster/spack/apps/linux-centos7-x86_64/gcc-4.8.5/gcc-9.3.0-mjmsvu3362usxjr7tas4ywkd2e4ko5x3/lib64/libstdc++.so.6(+0x99133)[0x2b29aaea6133]
[eu-ms-023-40:22106] [ 4] /cluster/spack/apps/linux-centos7-x86_64/gcc-4.8.5/gcc-9.3.0-mjmsvu3362usxjr7tas4ywkd2e4ko5x3/lib64/libstdc++.so.6(+0xa4b56)[0x2b3e970c7b56]
[eu-ms-023-03:11564] [ 5] /cluster/spack/apps/linux-centos7-x86_64/gcc-4.8.5/gcc-9.3.0-mjmsvu3362usxjr7tas4ywkd2e4ko5x3/lib64/libstdc++.so.6(+0xa4b56)[0x2ad494aa7b56]
[eu-ms-001-39:15801] [ 5] /cluster/spack/apps/linux-centos7-x86_64/gcc-4.8.5/gcc-9.3.0-mjmsvu3362usxjr7tas4ywkd2e4ko5x3/lib64/libstdc++.so.6(+0xa4bc1)[0x2abfd58fbbc1]
[eu-ms-003-43:31113] [ 6] /cluster/spack/apps/linux-centos7-x86_64/gcc-4.8.5/gcc-9.3.0-mjmsvu3362usxjr7tas4ywkd2e4ko5x3/lib64/libstdc++.so.6(+0xa4e14)[0x2abfd58fbe14]
/cluster/spack/apps/linux-centos7-x86_64/gcc-4.8.5/gcc-9.3.0-mjmsvu3362usxjr7tas4ywkd2e4ko5x3/lib64/libstdc++.so.6(+0xa4b56)[0x2b4c001a2b56]
[eu-ms-023-30:27748] [ 5] /cluster/spack/apps/linux-centos7-x86_64/gcc-4.8.5/gcc-9.3.0-mjmsvu3362usxjr7tas4ywkd2e4ko5x3/lib64/libstdc++.so.6(+0xa4bc1)[0x2ab93949ebc1]
[eu-ms-001-08:24238] [ 6] /usr/lib64/libpthread.so.0(+0xf630)[0x2ae97937b630]
[eu-ms-023-19:02656] [ 1]   what():  Starting Rabenseifner-Gather more processes (32) than rows (b.size() = 16)
[eu-ms-003-37:04570] *** Process received signal ***
[eu-ms-003-37:04570] Signal: Aborted (6)
[eu-ms-003-37:04570] Signal code:  (-6)
/cluster/spack/apps/linux-centos7-x86_64/gcc-4.8.5/gcc-9.3.0-mjmsvu3362usxjr7tas4ywkd2e4ko5x3/lib64/libstdc++.so.6(+0xa4b56)[0x2abaaae79b56]
[eu-ms-003-21:32705] [ 5] [eu-ms-001-07:30894] [ 2] /usr/lib64/libc.so.6(abort+0x148)[0x2b2ce3cc8a78]
[eu-ms-001-07:30894] [ 3] [eu-ms-001-21:13386] [ 0] /cluster/spack/apps/linux-centos7-x86_64/gcc-4.8.5/gcc-9.3.0-mjmsvu3362usxjr7tas4ywkd2e4ko5x3/lib64/libstdc++.so.6(+0xa4bc1)[0x2ad1c4996bc1]
[eu-ms-001-35:32473] [ 6] /usr/lib64/libc.so.6(gsignal+0x37)[0x2abe3e1a4387]
[eu-ms-001-41:13817] [ 2] /usr/lib64/libc.so.6(abort+0x148)[0x2abe3e1a5a78]
[eu-ms-001-41:13817] [ 3] /cluster/spack/apps/linux-centos7-x86_64/gcc-4.8.5/gcc-9.3.0-mjmsvu3362usxjr7tas4ywkd2e4ko5x3/lib64/libstdc++.so.6(+0xa4e14)[0x2ada1caa1e14]
[eu-ms-003-01:31825] [ 7] code/build_output/main[0x40bc52]
[eu-ms-003-01:31825] [ 8] code/build_output/main[0x41a198]
[eu-ms-003-01:31825] [ 9] code/build_output/main[0x40c3d9]
[eu-ms-003-01:31825] /usr/lib64/libc.so.6(gsignal+0x37)[0x2b465db84387]
[eu-ms-003-31:16068] [ 2] /usr/lib64/libc.so.6(gsignal+0x37)[0x2b207a4b2387]
[eu-ms-023-12:04957] [ 2] /usr/lib64/libc.so.6(abort+0x148)[0x2b207a4b3a78]
/cluster/spack/apps/linux-centos7-x86_64/gcc-4.8.5/gcc-9.3.0-mjmsvu3362usxjr7tas4ywkd2e4ko5x3/lib64/libstdc++.so.6(+0xa4bc1)[0x2aec2b7abbc1]
[eu-ms-023-37:17599] [ 6] /cluster/spack/apps/linux-centos7-x86_64/gcc-4.8.5/gcc-9.3.0-mjmsvu3362usxjr7tas4ywkd2e4ko5x3/lib64/libstdc++.so.6(+0xa4e14)[0x2aec2b7abe14]
[eu-ms-023-37:17599] [ 7] /cluster/spack/apps/linux-centos7-x86_64/gcc-4.8.5/gcc-9.3.0-mjmsvu3362usxjr7tas4ywkd2e4ko5x3/lib64/libstdc++.so.6(+0x99133)[0x2b51c6826133]
[eu-ms-001-09:25412] [ 4] /cluster/spack/apps/linux-centos7-x86_64/gcc-4.8.5/gcc-9.3.0-mjmsvu3362usxjr7tas4ywkd2e4ko5x3/lib64/libstdc++.so.6(+0xa4b56)[0x2b29aaeb1b56]
[eu-ms-023-40:22106] [ 5] /cluster/spack/apps/linux-centos7-x86_64/gcc-4.8.5/gcc-9.3.0-mjmsvu3362usxjr7tas4ywkd2e4ko5x3/lib64/libstdc++.so.6(+0xa4bc1)[0x2b3e970c7bc1]
[eu-ms-023-03:11564] [ 6] /cluster/spack/apps/linux-centos7-x86_64/gcc-4.8.5/gcc-9.3.0-mjmsvu3362usxjr7tas4ywkd2e4ko5x3/lib64/libstdc++.so.6(+0xa4bc1)[0x2ad494aa7bc1]
[eu-ms-001-39:15801] [ 6] [eu-ms-003-43:31113] [ 7] code/build_output/main[0x40bc52]
[eu-ms-003-43:31113] [ 8] code/build_output/main[0x41a198]
[eu-ms-003-43:31113] [ 9] code/build_output/main[0x40c3d9]
[eu-ms-003-43:31113] [10] /cluster/spack/apps/linux-centos7-x86_64/gcc-4.8.5/gcc-9.3.0-mjmsvu3362usxjr7tas4ywkd2e4ko5x3/lib64/libstdc++.so.6(+0xa4bc1)[0x2b4c001a2bc1]
[eu-ms-023-30:27748] [ 6] /cluster/spack/apps/linux-centos7-x86_64/gcc-4.8.5/gcc-9.3.0-mjmsvu3362usxjr7tas4ywkd2e4ko5x3/lib64/libstdc++.so.6(+0xa4e14)[0x2ab93949ee14]
[eu-ms-001-08:24238] [ 7] code/build_output/main[0x40bc52]
[eu-ms-001-08:24238] [ 8] code/build_output/main[0x41a198]
[eu-ms-001-08:24238] [ 9] code/build_output/main[0x40c3d9]
[eu-ms-001-08:24238] /usr/lib64/libc.so.6(gsignal+0x37)[0x2ae9795be387]
[eu-ms-023-19:02656] [ 2] /usr/lib64/libc.so.6(abort+0x148)[0x2ae9795bfa78]
[eu-ms-023-19:02656] [eu-ms-003-37:04570] [ 0] /cluster/spack/apps/linux-centos7-x86_64/gcc-4.8.5/gcc-9.3.0-mjmsvu3362usxjr7tas4ywkd2e4ko5x3/lib64/libstdc++.so.6(+0xa4bc1)[0x2abaaae79bc1]
[eu-ms-003-21:32705] [ 6] /cluster/spack/apps/linux-centos7-x86_64/gcc-4.8.5/gcc-9.3.0-mjmsvu3362usxjr7tas4ywkd2e4ko5x3/lib64/libstdc++.so.6(+0xa4e14)[0x2abaaae79e14]
[eu-ms-003-21:32705] [ 7] /cluster/spack/apps/linux-centos7-x86_64/gcc-4.8.5/gcc-9.3.0-mjmsvu3362usxjr7tas4ywkd2e4ko5x3/lib64/libstdc++.so.6(+0x99133)[0x2b2ce321a133]
[eu-ms-001-07:30894] [ 4] /usr/lib64/libpthread.so.0(+0xf630)[0x2b7eb0d4e630]
[eu-ms-001-21:13386] [ 1] /cluster/spack/apps/linux-centos7-x86_64/gcc-4.8.5/gcc-9.3.0-mjmsvu3362usxjr7tas4ywkd2e4ko5x3/lib64/libstdc++.so.6(+0xa4e14)[0x2ad1c4996e14]
[eu-ms-001-35:32473] [ 7] code/build_output/main[0x40bc52]
[eu-ms-001-35:32473] [ 8] code/build_output/main[0x41a198]
[eu-ms-001-35:32473] [ 9] code/build_output/main[0x40c3d9]
[eu-ms-001-35:32473] [10] /cluster/spack/apps/linux-centos7-x86_64/gcc-4.8.5/gcc-9.3.0-mjmsvu3362usxjr7tas4ywkd2e4ko5x3/lib64/libstdc++.so.6(+0x99133)[0x2abe3d6f7133]
[eu-ms-001-41:13817] [ 4] [10] /usr/lib64/libc.so.6(__libc_start_main+0xf5)[0x2ada1d52f555]
[eu-ms-003-01:31825] [11] /usr/lib64/libc.so.6(abort+0x148)[0x2b465db85a78]
[eu-ms-003-31:16068] [ 3] /cluster/spack/apps/linux-centos7-x86_64/gcc-4.8.5/gcc-9.3.0-mjmsvu3362usxjr7tas4ywkd2e4ko5x3/lib64/libstdc++.so.6(+0x99133)[0x2b465d0d7133]
[eu-ms-003-31:16068] [eu-ms-023-12:04957] [ 3] /cluster/spack/apps/linux-centos7-x86_64/gcc-4.8.5/gcc-9.3.0-mjmsvu3362usxjr7tas4ywkd2e4ko5x3/lib64/libstdc++.so.6(+0x99133)[0x2b2079a05133]
[eu-ms-023-12:04957] [ 4] code/build_output/main[0x40bc52]
[eu-ms-023-37:17599] [ 8] code/build_output/main[0x41a198]
[eu-ms-023-37:17599] [ 9] code/build_output/main[0x40c3d9]
[eu-ms-023-37:17599] [10] /cluster/spack/apps/linux-centos7-x86_64/gcc-4.8.5/gcc-9.3.0-mjmsvu3362usxjr7tas4ywkd2e4ko5x3/lib64/libstdc++.so.6(+0xa4b56)[0x2b51c6831b56]
[eu-ms-001-09:25412] [ 5] /cluster/spack/apps/linux-centos7-x86_64/gcc-4.8.5/gcc-9.3.0-mjmsvu3362usxjr7tas4ywkd2e4ko5x3/lib64/libstdc++.so.6(+0xa4bc1)[0x2b29aaeb1bc1]
[eu-ms-023-40:22106] [ 6] /cluster/spack/apps/linux-centos7-x86_64/gcc-4.8.5/gcc-9.3.0-mjmsvu3362usxjr7tas4ywkd2e4ko5x3/lib64/libstdc++.so.6(+0xa4e14)[0x2b29aaeb1e14]
[eu-ms-023-40:22106] [ 7] /cluster/spack/apps/linux-centos7-x86_64/gcc-4.8.5/gcc-9.3.0-mjmsvu3362usxjr7tas4ywkd2e4ko5x3/lib64/libstdc++.so.6(+0xa4e14)[0x2b3e970c7e14]
[eu-ms-023-03:11564] [ 7] code/build_output/main[0x40bc52]
[eu-ms-023-03:11564] [ 8] code/build_output/main[0x41a198]
[eu-ms-023-03:11564] [ 9] code/build_output/main[0x40c3d9]
/cluster/spack/apps/linux-centos7-x86_64/gcc-4.8.5/gcc-9.3.0-mjmsvu3362usxjr7tas4ywkd2e4ko5x3/lib64/libstdc++.so.6(+0xa4e14)[0x2ad494aa7e14]
[eu-ms-001-39:15801] [ 7] code/build_output/main[0x40bc52]
[eu-ms-001-39:15801] [ 8] code/build_output/main[0x41a198]
[eu-ms-001-39:15801] [ 9] code/build_output/main[0x40c3d9]
[eu-ms-001-39:15801] [10] /usr/lib64/libc.so.6(__libc_start_main+0xf5)[0x2abfd6389555]
[eu-ms-003-43:31113] [11] code/build_output/main[0x40db3f]
[eu-ms-003-43:31113] *** End of error message ***
/cluster/spack/apps/linux-centos7-x86_64/gcc-4.8.5/gcc-9.3.0-mjmsvu3362usxjr7tas4ywkd2e4ko5x3/lib64/libstdc++.so.6(+0xa4e14)[0x2b4c001a2e14]
[eu-ms-023-30:27748] [ 7] code/build_output/main[0x40bc52]
[eu-ms-023-30:27748] [ 8] code/build_output/main[0x41a198]
[eu-ms-023-30:27748] [ 9] code/build_output/main[0x40c3d9]
[eu-ms-023-30:27748] [10] /usr/lib64/libc.so.6(__libc_start_main+0xf5)[0x2ab939f2c555]
[eu-ms-001-08:24238] [11] [ 3] /cluster/spack/apps/linux-centos7-x86_64/gcc-4.8.5/gcc-9.3.0-mjmsvu3362usxjr7tas4ywkd2e4ko5x3/lib64/libstdc++.so.6(+0x99133)[0x2ae978b11133]
[eu-ms-023-19:02656] [ 4] /usr/lib64/libpthread.so.0(+0xf630)[0x2b1ef3098630]
[eu-ms-003-37:04570] [ 1] /usr/lib64/libc.so.6(gsignal+0x37)[0x2b1ef32db387]
code/build_output/main[0x40bc52]
[eu-ms-003-21:32705] [ 8] code/build_output/main[0x41a198]
[eu-ms-003-21:32705] [ 9] code/build_output/main[0x40c3d9]
[eu-ms-003-21:32705] [10] /cluster/spack/apps/linux-centos7-x86_64/gcc-4.8.5/gcc-9.3.0-mjmsvu3362usxjr7tas4ywkd2e4ko5x3/lib64/libstdc++.so.6(+0xa4b56)[0x2b2ce3225b56]
[eu-ms-001-07:30894] [ 5] /usr/lib64/libc.so.6(gsignal+0x37)[0x2b7eb0f91387]
[eu-ms-001-21:13386] [ 2] /usr/lib64/libc.so.6(abort+0x148)[0x2b7eb0f92a78]
[eu-ms-001-21:13386] [ 3] /usr/lib64/libc.so.6(__libc_start_main+0xf5)[0x2ad1c5424555]
[eu-ms-001-35:32473] [11] code/build_output/main[0x40db3f]
[eu-ms-001-35:32473] *** End of error message ***
/cluster/spack/apps/linux-centos7-x86_64/gcc-4.8.5/gcc-9.3.0-mjmsvu3362usxjr7tas4ywkd2e4ko5x3/lib64/libstdc++.so.6(+0xa4b56)[0x2abe3d702b56]
[eu-ms-001-41:13817] [ 5] /cluster/spack/apps/linux-centos7-x86_64/gcc-4.8.5/gcc-9.3.0-mjmsvu3362usxjr7tas4ywkd2e4ko5x3/lib64/libstdc++.so.6(+0xa4bc1)[0x2abe3d702bc1]
[eu-ms-001-41:13817] [ 6] code/build_output/main[0x40db3f]
[eu-ms-003-01:31825] *** End of error message ***
[ 4] /cluster/spack/apps/linux-centos7-x86_64/gcc-4.8.5/gcc-9.3.0-mjmsvu3362usxjr7tas4ywkd2e4ko5x3/lib64/libstdc++.so.6(+0xa4b56)[0x2b465d0e2b56]
[eu-ms-003-31:16068] [ 5] /cluster/spack/apps/linux-centos7-x86_64/gcc-4.8.5/gcc-9.3.0-mjmsvu3362usxjr7tas4ywkd2e4ko5x3/lib64/libstdc++.so.6(+0xa4b56)[0x2b2079a10b56]
[eu-ms-023-12:04957] [ 5] /usr/lib64/libc.so.6(__libc_start_main+0xf5)[0x2aec2c239555]
[eu-ms-023-37:17599] [11] code/build_output/main[0x40db3f]
[eu-ms-023-37:17599] *** End of error message ***
/cluster/spack/apps/linux-centos7-x86_64/gcc-4.8.5/gcc-9.3.0-mjmsvu3362usxjr7tas4ywkd2e4ko5x3/lib64/libstdc++.so.6(+0xa4bc1)[0x2b51c6831bc1]
[eu-ms-001-09:25412] [ 6] code/build_output/main[0x40bc52]
[eu-ms-023-40:22106] [ 8] code/build_output/main[0x41a198]
[eu-ms-023-40:22106] [ 9] code/build_output/main[0x40c3d9]
[eu-ms-023-40:22106] [10] [eu-ms-023-03:11564] [10] /usr/lib64/libc.so.6(__libc_start_main+0xf5)[0x2b3e97b55555]
[eu-ms-023-03:11564] [11] /usr/lib64/libc.so.6(__libc_start_main+0xf5)[0x2ad495535555]
[eu-ms-001-39:15801] [11] code/build_output/main[0x40db3f]
[eu-ms-001-39:15801] *** End of error message ***
[10] /usr/lib64/libc.so.6(__libc_start_main+0xf5)[0x2b4c00c30555]
[eu-ms-023-30:27748] [11] code/build_output/main[0x40db3f]
[eu-ms-001-08:24238] *** End of error message ***
/cluster/spack/apps/linux-centos7-x86_64/gcc-4.8.5/gcc-9.3.0-mjmsvu3362usxjr7tas4ywkd2e4ko5x3/lib64/libstdc++.so.6(+0xa4b56)[0x2ae978b1cb56]
[eu-ms-023-19:02656] [ 5] [eu-ms-003-37:04570] [ 2] /usr/lib64/libc.so.6(abort+0x148)[0x2b1ef32dca78]
[eu-ms-003-37:04570] [ 3] /usr/lib64/libc.so.6(__libc_start_main+0xf5)[0x2abaab907555]
[eu-ms-003-21:32705] [11] code/build_output/main[0x40db3f]
[eu-ms-003-21:32705] *** End of error message ***
/cluster/spack/apps/linux-centos7-x86_64/gcc-4.8.5/gcc-9.3.0-mjmsvu3362usxjr7tas4ywkd2e4ko5x3/lib64/libstdc++.so.6(+0xa4bc1)[0x2b2ce3225bc1]
[eu-ms-001-07:30894] [ 6] /cluster/spack/apps/linux-centos7-x86_64/gcc-4.8.5/gcc-9.3.0-mjmsvu3362usxjr7tas4ywkd2e4ko5x3/lib64/libstdc++.so.6(+0x99133)[0x2b7eb04e4133]
[eu-ms-001-21:13386] [ 4] /cluster/spack/apps/linux-centos7-x86_64/gcc-4.8.5/gcc-9.3.0-mjmsvu3362usxjr7tas4ywkd2e4ko5x3/lib64/libstdc++.so.6(+0xa4e14)[0x2abe3d702e14]
[eu-ms-001-41:13817] [ 7] code/build_output/main[0x40bc52]
[eu-ms-001-41:13817] [ 8] /cluster/spack/apps/linux-centos7-x86_64/gcc-4.8.5/gcc-9.3.0-mjmsvu3362usxjr7tas4ywkd2e4ko5x3/lib64/libstdc++.so.6(+0xa4bc1)[0x2b465d0e2bc1]
[eu-ms-003-31:16068] [ 6] /cluster/spack/apps/linux-centos7-x86_64/gcc-4.8.5/gcc-9.3.0-mjmsvu3362usxjr7tas4ywkd2e4ko5x3/lib64/libstdc++.so.6(+0xa4bc1)[0x2b2079a10bc1]
[eu-ms-023-12:04957] [ 6] /cluster/spack/apps/linux-centos7-x86_64/gcc-4.8.5/gcc-9.3.0-mjmsvu3362usxjr7tas4ywkd2e4ko5x3/lib64/libstdc++.so.6(+0xa4e14)[0x2b51c6831e14]
[eu-ms-001-09:25412] [ 7] code/build_output/main[0x40bc52]
[eu-ms-001-09:25412] [ 8] code/build_output/main[0x41a198]
[eu-ms-001-09:25412] [ 9] code/build_output/main[0x40c3d9]
[eu-ms-001-09:25412] [10] /usr/lib64/libc.so.6(__libc_start_main+0xf5)[0x2b29ab93f555]
[eu-ms-023-40:22106] [11] code/build_output/main[0x40db3f]
[eu-ms-023-40:22106] *** End of error message ***
code/build_output/main[0x40db3f]
[eu-ms-023-03:11564] *** End of error message ***
code/build_output/main[0x40db3f]
[eu-ms-023-30:27748] *** End of error message ***
/cluster/spack/apps/linux-centos7-x86_64/gcc-4.8.5/gcc-9.3.0-mjmsvu3362usxjr7tas4ywkd2e4ko5x3/lib64/libstdc++.so.6(+0xa4bc1)[0x2ae978b1cbc1]
[eu-ms-023-19:02656] [ 6] /cluster/spack/apps/linux-centos7-x86_64/gcc-4.8.5/gcc-9.3.0-mjmsvu3362usxjr7tas4ywkd2e4ko5x3/lib64/libstdc++.so.6(+0x99133)[0x2b1ef282e133]
[eu-ms-003-37:04570] [ 4] /cluster/spack/apps/linux-centos7-x86_64/gcc-4.8.5/gcc-9.3.0-mjmsvu3362usxjr7tas4ywkd2e4ko5x3/lib64/libstdc++.so.6(+0xa4e14)[0x2b2ce3225e14]
[eu-ms-001-07:30894] [ 7] code/build_output/main[0x40bc52]
[eu-ms-001-07:30894] [ 8] code/build_output/main[0x41a198]
[eu-ms-001-07:30894] [ 9] code/build_output/main[0x40c3d9]
[eu-ms-001-07:30894] /cluster/spack/apps/linux-centos7-x86_64/gcc-4.8.5/gcc-9.3.0-mjmsvu3362usxjr7tas4ywkd2e4ko5x3/lib64/libstdc++.so.6(+0xa4b56)[0x2b7eb04efb56]
[eu-ms-001-21:13386] [ 5] code/build_output/main[0x41a198]
[eu-ms-001-41:13817] [ 9] code/build_output/main[0x40c3d9]
[eu-ms-001-41:13817] [10] /usr/lib64/libc.so.6(__libc_start_main+0xf5)[0x2abe3e190555]
[eu-ms-001-41:13817] [11] /cluster/spack/apps/linux-centos7-x86_64/gcc-4.8.5/gcc-9.3.0-mjmsvu3362usxjr7tas4ywkd2e4ko5x3/lib64/libstdc++.so.6(+0xa4e14)[0x2b465d0e2e14]
[eu-ms-003-31:16068] [ 7] code/build_output/main[0x40bc52]
[eu-ms-003-31:16068] [ 8] code/build_output/main[0x41a198]
[eu-ms-003-31:16068] [ 9] /cluster/spack/apps/linux-centos7-x86_64/gcc-4.8.5/gcc-9.3.0-mjmsvu3362usxjr7tas4ywkd2e4ko5x3/lib64/libstdc++.so.6(+0xa4e14)[0x2b2079a10e14]
[eu-ms-023-12:04957] [ 7] code/build_output/main[0x40bc52]
[eu-ms-023-12:04957] [ 8] code/build_output/main[0x41a198]
[eu-ms-023-12:04957] [ 9] code/build_output/main[0x40c3d9]
/usr/lib64/libc.so.6(__libc_start_main+0xf5)[0x2b51c72bf555]
[eu-ms-001-09:25412] [11] code/build_output/main[0x40db3f]
[eu-ms-001-09:25412] *** End of error message ***
/cluster/spack/apps/linux-centos7-x86_64/gcc-4.8.5/gcc-9.3.0-mjmsvu3362usxjr7tas4ywkd2e4ko5x3/lib64/libstdc++.so.6(+0xa4e14)[0x2ae978b1ce14]
[eu-ms-023-19:02656] [ 7] code/build_output/main[0x40bc52]
[eu-ms-023-19:02656] [ 8] code/build_output/main[0x41a198]
[eu-ms-023-19:02656] [ 9] code/build_output/main[0x40c3d9]
[eu-ms-023-19:02656] [10] /cluster/spack/apps/linux-centos7-x86_64/gcc-4.8.5/gcc-9.3.0-mjmsvu3362usxjr7tas4ywkd2e4ko5x3/lib64/libstdc++.so.6(+0xa4b56)[0x2b1ef2839b56]
[eu-ms-003-37:04570] [ 5] [10] /usr/lib64/libc.so.6(__libc_start_main+0xf5)[0x2b2ce3cb3555]
[eu-ms-001-07:30894] [11] /cluster/spack/apps/linux-centos7-x86_64/gcc-4.8.5/gcc-9.3.0-mjmsvu3362usxjr7tas4ywkd2e4ko5x3/lib64/libstdc++.so.6(+0xa4bc1)[0x2b7eb04efbc1]
[eu-ms-001-21:13386] [ 6] code/build_output/main[0x40db3f]
[eu-ms-001-41:13817] *** End of error message ***
code/build_output/main[0x40c3d9]
[eu-ms-003-31:16068] [10] /usr/lib64/libc.so.6(__libc_start_main+0xf5)[0x2b465db70555]
[eu-ms-003-31:16068] [11] [eu-ms-023-12:04957] [10] /usr/lib64/libc.so.6(__libc_start_main+0xf5)[0x2b207a49e555]
[eu-ms-023-12:04957] [11] /usr/lib64/libc.so.6(__libc_start_main+0xf5)[0x2ae9795aa555]
[eu-ms-023-19:02656] [11] code/build_output/main[0x40db3f]
[eu-ms-023-19:02656] *** End of error message ***
/cluster/spack/apps/linux-centos7-x86_64/gcc-4.8.5/gcc-9.3.0-mjmsvu3362usxjr7tas4ywkd2e4ko5x3/lib64/libstdc++.so.6(+0xa4bc1)[0x2b1ef2839bc1]
[eu-ms-003-37:04570] [ 6] code/build_output/main[0x40db3f]
[eu-ms-001-07:30894] *** End of error message ***
/cluster/spack/apps/linux-centos7-x86_64/gcc-4.8.5/gcc-9.3.0-mjmsvu3362usxjr7tas4ywkd2e4ko5x3/lib64/libstdc++.so.6(+0xa4e14)[0x2b7eb04efe14]
[eu-ms-001-21:13386] [ 7] code/build_output/main[0x40bc52]
[eu-ms-001-21:13386] [ 8] code/build_output/main[0x41a198]
[eu-ms-001-21:13386] [ 9] code/build_output/main[0x40c3d9]
[eu-ms-001-21:13386] [10] code/build_output/main[0x40db3f]
[eu-ms-003-31:16068] *** End of error message ***
code/build_output/main[0x40db3f]
[eu-ms-023-12:04957] *** End of error message ***
/cluster/spack/apps/linux-centos7-x86_64/gcc-4.8.5/gcc-9.3.0-mjmsvu3362usxjr7tas4ywkd2e4ko5x3/lib64/libstdc++.so.6(+0xa4e14)[0x2b1ef2839e14]
[eu-ms-003-37:04570] [ 7] code/build_output/main[0x40bc52]
[eu-ms-003-37:04570] [ 8] /usr/lib64/libc.so.6(__libc_start_main+0xf5)[0x2b7eb0f7d555]
[eu-ms-001-21:13386] [11] code/build_output/main[0x40db3f]
[eu-ms-001-21:13386] *** End of error message ***
code/build_output/main[0x41a198]
[eu-ms-003-37:04570] [ 9] code/build_output/main[0x40c3d9]
[eu-ms-003-37:04570] [10] /usr/lib64/libc.so.6(__libc_start_main+0xf5)[0x2b1ef32c7555]
[eu-ms-003-37:04570] [11] code/build_output/main[0x40db3f]
[eu-ms-003-37:04570] *** End of error message ***
terminate called after throwing an instance of 'std::runtime_error'
  what():  Starting Rabenseifner-Gather more processes (32) than rows (b.size() = 16)
[eu-ms-001-19:03146] *** Process received signal ***
[eu-ms-001-19:03146] Signal: Aborted (6)
[eu-ms-001-19:03146] Signal code:  (-6)
terminate called after throwing an instance of 'std::runtime_error'
[eu-ms-001-19:03146] [ 0] /usr/lib64/libpthread.so.0(+0xf630)[0x2abdb45ff630]
[eu-ms-001-19:03146] [ 1]   what():  Starting Rabenseifner-Gather more processes (32) than rows (b.size() = 16)
[eu-ms-023-25:22177] *** Process received signal ***
[eu-ms-023-25:22177] Signal: Aborted (6)
[eu-ms-023-25:22177] Signal code:  (-6)
/usr/lib64/libc.so.6(gsignal+0x37)[0x2abdb4842387]
[eu-ms-001-19:03146] [ 2] [eu-ms-023-25:22177] [ 0] /usr/lib64/libc.so.6(abort+0x148)[0x2abdb4843a78]
[eu-ms-001-19:03146] [ 3] /usr/lib64/libpthread.so.0(+0xf630)[0x2b2435ea9630]
[eu-ms-023-25:22177] [ 1] /cluster/spack/apps/linux-centos7-x86_64/gcc-4.8.5/gcc-9.3.0-mjmsvu3362usxjr7tas4ywkd2e4ko5x3/lib64/libstdc++.so.6(+0x99133)[0x2abdb3d95133]
[eu-ms-001-19:03146] [ 4] /cluster/spack/apps/linux-centos7-x86_64/gcc-4.8.5/gcc-9.3.0-mjmsvu3362usxjr7tas4ywkd2e4ko5x3/lib64/libstdc++.so.6(+0xa4b56)[0x2abdb3da0b56]
[eu-ms-001-19:03146] [ 5] /usr/lib64/libc.so.6(gsignal+0x37)[0x2b24360ec387]
[eu-ms-023-25:22177] [ 2] /usr/lib64/libc.so.6(abort+0x148)[0x2b24360eda78]
[eu-ms-023-25:22177] [ 3] /cluster/spack/apps/linux-centos7-x86_64/gcc-4.8.5/gcc-9.3.0-mjmsvu3362usxjr7tas4ywkd2e4ko5x3/lib64/libstdc++.so.6(+0x99133)[0x2b243563f133]
[eu-ms-023-25:22177] [ 4] /cluster/spack/apps/linux-centos7-x86_64/gcc-4.8.5/gcc-9.3.0-mjmsvu3362usxjr7tas4ywkd2e4ko5x3/lib64/libstdc++.so.6(+0xa4bc1)[0x2abdb3da0bc1]
[eu-ms-001-19:03146] [ 6] /cluster/spack/apps/linux-centos7-x86_64/gcc-4.8.5/gcc-9.3.0-mjmsvu3362usxjr7tas4ywkd2e4ko5x3/lib64/libstdc++.so.6(+0xa4e14)[0x2abdb3da0e14]
[eu-ms-001-19:03146] [ 7] code/build_output/main[0x40bc52]
[eu-ms-001-19:03146] [ 8] code/build_output/main[0x41a198]
[eu-ms-001-19:03146] [ 9] code/build_output/main[0x40c3d9]
/cluster/spack/apps/linux-centos7-x86_64/gcc-4.8.5/gcc-9.3.0-mjmsvu3362usxjr7tas4ywkd2e4ko5x3/lib64/libstdc++.so.6(+0xa4b56)[0x2b243564ab56]
[eu-ms-023-25:22177] [ 5] [eu-ms-001-19:03146] [10] /cluster/spack/apps/linux-centos7-x86_64/gcc-4.8.5/gcc-9.3.0-mjmsvu3362usxjr7tas4ywkd2e4ko5x3/lib64/libstdc++.so.6(+0xa4bc1)[0x2b243564abc1]
[eu-ms-023-25:22177] [ 6] /usr/lib64/libc.so.6(__libc_start_main+0xf5)[0x2abdb482e555]
[eu-ms-001-19:03146] [11] code/build_output/main[0x40db3f]
[eu-ms-001-19:03146] *** End of error message ***
/cluster/spack/apps/linux-centos7-x86_64/gcc-4.8.5/gcc-9.3.0-mjmsvu3362usxjr7tas4ywkd2e4ko5x3/lib64/libstdc++.so.6(+0xa4e14)[0x2b243564ae14]
[eu-ms-023-25:22177] [ 7] code/build_output/main[0x40bc52]
[eu-ms-023-25:22177] [ 8] code/build_output/main[0x41a198]
[eu-ms-023-25:22177] [ 9] code/build_output/main[0x40c3d9]
[eu-ms-023-25:22177] [10] /usr/lib64/libc.so.6(__libc_start_main+0xf5)[0x2b24360d8555]
[eu-ms-023-25:22177] [11] code/build_output/main[0x40db3f]
[eu-ms-023-25:22177] *** End of error message ***
--------------------------------------------------------------------------
Primary job  terminated normally, but 1 process returned
a non-zero exit code. Per user-direction, the job has been aborted.
--------------------------------------------------------------------------
--------------------------------------------------------------------------
mpirun noticed that process rank 12 with PID 31586 on node eu-ms-023-24 exited on signal 6 (Aborted).
--------------------------------------------------------------------------
