8: Starting numprocs=16 N=1500, M=1500 impl=allgather-native-sparbit
0: Starting numprocs=16 N=1500, M=1500 impl=allgather-native-sparbit
Iteration 0
2: Starting numprocs=16 N=1500, M=1500 impl=allgather-native-sparbit
6: Starting numprocs=16 N=1500, M=1500 impl=allgather-native-sparbit
7: Starting numprocs=16 N=1500, M=1500 impl=allgather-native-sparbit
11: Starting numprocs=16 N=1500, M=1500 impl=allgather-native-sparbit
4: Starting numprocs=16 N=1500, M=1500 impl=allgather-native-sparbit
1: Starting numprocs=16 N=1500, M=1500 impl=allgather-native-sparbit
5: Starting numprocs=16 N=1500, M=1500 impl=allgather-native-sparbit
15: Starting numprocs=16 N=1500, M=1500 impl=allgather-native-sparbit
9: Starting numprocs=16 N=1500, M=1500 impl=allgather-native-sparbit
12: Starting numprocs=16 N=1500, M=1500 impl=allgather-native-sparbit
14: Starting numprocs=16 N=1500, M=1500 impl=allgather-native-sparbit
3: Starting numprocs=16 N=1500, M=1500 impl=allgather-native-sparbit
13: Starting numprocs=16 N=1500, M=1500 impl=allgather-native-sparbit
10: Starting numprocs=16 N=1500, M=1500 impl=allgather-native-sparbit
[eu-ms-009-13:03133] *** An error occurred in MPI_Allgather
[eu-ms-009-13:03133] *** reported by process [3250126849,13]
[eu-ms-009-13:03133] *** on communicator MPI_COMM_WORLD
[eu-ms-009-13:03133] *** MPI_ERR_UNSUPPORTED_OPERATION: operation not supported
[eu-ms-009-13:03133] *** MPI_ERRORS_ARE_FATAL (processes in this communicator will now abort,
[eu-ms-009-13:03133] ***    and potentially your MPI job)
[eu-ms-006-27:24616] PMIX ERROR: UNREACHABLE in file server/pmix_server.c at line 2147
[eu-ms-006-27:24616] 15 more processes have sent help message help-mpi-errors.txt / mpi_errors_are_fatal
[eu-ms-006-27:24616] Set MCA parameter "orte_base_help_aggregate" to 0 to see all help / error messages
