31: Starting numprocs=32 N=7000, M=7000 impl=allgather-native-sparbit
15: Starting numprocs=32 N=7000, M=7000 impl=allgather-native-sparbit
30: Starting numprocs=32 N=7000, M=7000 impl=allgather-native-sparbit
28: Starting numprocs=32 N=7000, M=7000 impl=allgather-native-sparbit
14: Starting numprocs=32 N=7000, M=7000 impl=allgather-native-sparbit
12: Starting numprocs=32 N=7000, M=7000 impl=allgather-native-sparbit
10: Starting numprocs=32 N=7000, M=7000 impl=allgather-native-sparbit
7: Starting numprocs=32 N=7000, M=7000 impl=allgather-native-sparbit
11: Starting numprocs=32 N=7000, M=7000 impl=allgather-native-sparbit
26: Starting numprocs=32 N=7000, M=7000 impl=allgather-native-sparbit
6: Starting numprocs=32 N=7000, M=7000 impl=allgather-native-sparbit
29: Starting numprocs=32 N=7000, M=7000 impl=allgather-native-sparbit
13: Starting numprocs=32 N=7000, M=7000 impl=allgather-native-sparbit
18: Starting numprocs=32 N=7000, M=7000 impl=allgather-native-sparbit
8: Starting numprocs=32 N=7000, M=7000 impl=allgather-native-sparbit
25: Starting numprocs=32 N=7000, M=7000 impl=allgather-native-sparbit
20: Starting numprocs=32 N=7000, M=7000 impl=allgather-native-sparbit
1: Starting numprocs=32 N=7000, M=7000 impl=allgather-native-sparbit
22: Starting numprocs=32 N=7000, M=7000 impl=allgather-native-sparbit
0: Starting numprocs=32 N=7000, M=7000 impl=allgather-native-sparbit
Iteration 0
17: Starting numprocs=32 N=7000, M=7000 impl=allgather-native-sparbit
24: Starting numprocs=32 N=7000, M=7000 impl=allgather-native-sparbit
3: Starting numprocs=32 N=7000, M=7000 impl=allgather-native-sparbit
5: Starting numprocs=32 N=7000, M=7000 impl=allgather-native-sparbit
23: Starting numprocs=32 N=7000, M=7000 impl=allgather-native-sparbit
16: Starting numprocs=32 N=7000, M=7000 impl=allgather-native-sparbit
27: Starting numprocs=32 N=7000, M=7000 impl=allgather-native-sparbit
21: Starting numprocs=32 N=7000, M=7000 impl=allgather-native-sparbit
19: Starting numprocs=32 N=7000, M=7000 impl=allgather-native-sparbit
4: Starting numprocs=32 N=7000, M=7000 impl=allgather-native-sparbit
2: Starting numprocs=32 N=7000, M=7000 impl=allgather-native-sparbit
9: Starting numprocs=32 N=7000, M=7000 impl=allgather-native-sparbit
[eu-ms-001-13:01873] *** An error occurred in MPI_Allgather
[eu-ms-001-13:01873] *** reported by process [2654863361,15]
[eu-ms-001-13:01873] *** on communicator MPI_COMM_WORLD
[eu-ms-001-13:01873] *** MPI_ERR_UNSUPPORTED_OPERATION: operation not supported
[eu-ms-001-13:01873] *** MPI_ERRORS_ARE_FATAL (processes in this communicator will now abort,
[eu-ms-001-13:01873] ***    and potentially your MPI job)
[eu-ms-001-20:10465] PMIX ERROR: UNREACHABLE in file server/pmix_server.c at line 2147
[eu-ms-001-20:10465] 31 more processes have sent help message help-mpi-errors.txt / mpi_errors_are_fatal
[eu-ms-001-20:10465] Set MCA parameter "orte_base_help_aggregate" to 0 to see all help / error messages
