12: Starting numprocs=24 N=8192, M=8192 impl=rabenseifner-scatter
15: Starting numprocs=24 N=8192, M=8192 impl=rabenseifner-scatter
13: Starting numprocs=24 N=8192, M=8192 impl=rabenseifner-scatter
14: Starting numprocs=24 N=8192, M=8192 impl=rabenseifner-scatter
9: Starting numprocs=24 N=8192, M=8192 impl=rabenseifner-scatter
8: Starting numprocs=24 N=8192, M=8192 impl=rabenseifner-scatter
6: Starting numprocs=24 N=8192, M=8192 impl=rabenseifner-scatter
11: Starting numprocs=24 N=8192, M=8192 impl=rabenseifner-scatter
2: Starting numprocs=24 N=8192, M=8192 impl=rabenseifner-scatter
22: Starting numprocs=24 N=8192, M=8192 impl=rabenseifner-scatter
10: Starting numprocs=24 N=8192, M=8192 impl=rabenseifner-scatter
1: Starting numprocs=24 N=8192, M=8192 impl=rabenseifner-scatter
0: Starting numprocs=24 N=8192, M=8192 impl=rabenseifner-scatter
Iteration 0
7: Starting numprocs=24 N=8192, M=8192 impl=rabenseifner-scatter
3: Starting numprocs=24 N=8192, M=8192 impl=rabenseifner-scatter
5: Starting numprocs=24 N=8192, M=8192 impl=rabenseifner-scatter
4: Starting numprocs=24 N=8192, M=8192 impl=rabenseifner-scatter
16: Starting numprocs=24 N=8192, M=8192 impl=rabenseifner-scatter
23: Starting numprocs=24 N=8192, M=8192 impl=rabenseifner-scatter
21: Starting numprocs=24 N=8192, M=8192 impl=rabenseifner-scatter
19: Starting numprocs=24 N=8192, M=8192 impl=rabenseifner-scatter
20: Starting numprocs=24 N=8192, M=8192 impl=rabenseifner-scatter
17: Starting numprocs=24 N=8192, M=8192 impl=rabenseifner-scatter
18: Starting numprocs=24 N=8192, M=8192 impl=rabenseifner-scatter
0: Starting Rabenseifner with non-power-of-2 numprocs=24
16: Starting Rabenseifner with non-power-of-2 numprocs=24
8: Starting Rabenseifner with non-power-of-2 numprocs=24
12: Starting Rabenseifner with non-power-of-2 numprocs=24
4: Starting Rabenseifner with non-power-of-2 numprocs=24
20: Starting Rabenseifner with non-power-of-2 numprocs=24
18: Starting Rabenseifner with non-power-of-2 numprocs=24
10: Starting Rabenseifner with non-power-of-2 numprocs=24
2: Starting Rabenseifner with non-power-of-2 numprocs=24
15: Starting Rabenseifner with non-power-of-2 numprocs=24
22: Starting Rabenseifner with non-power-of-2 numprocs=24
17: Starting Rabenseifner with non-power-of-2 numprocs=24
6: Starting Rabenseifner with non-power-of-2 numprocs=24
3: Starting Rabenseifner with non-power-of-2 numprocs=24
14: Starting Rabenseifner with non-power-of-2 numprocs=24
7: Starting Rabenseifner with non-power-of-2 numprocs=24
11: Starting Rabenseifner with non-power-of-2 numprocs=24
19: Starting Rabenseifner with non-power-of-2 numprocs=24
23: Starting Rabenseifner with non-power-of-2 numprocs=24
1: Starting Rabenseifner with non-power-of-2 numprocs=24
9: Starting Rabenseifner with non-power-of-2 numprocs=24
21: Starting Rabenseifner with non-power-of-2 numprocs=24
13: Starting Rabenseifner with non-power-of-2 numprocs=24
5: Starting Rabenseifner with non-power-of-2 numprocs=24
time: 0.000014s
Iteration 1
0: Starting Rabenseifner with non-power-of-2 numprocs=24
15: Starting Rabenseifner with non-power-of-2 numprocs=24
8: Starting Rabenseifner with non-power-of-2 numprocs=24
22: Starting Rabenseifner with non-power-of-2 numprocs=24
18: Starting Rabenseifner with non-power-of-2 numprocs=24
12: Starting Rabenseifner with non-power-of-2 numprocs=24
17: Starting Rabenseifner with non-power-of-2 numprocs=24
16: Starting Rabenseifner with non-power-of-2 numprocs=24
21: Starting Rabenseifner with non-power-of-2 numprocs=24
20: Starting Rabenseifner with non-power-of-2 numprocs=24
10: Starting Rabenseifner with non-power-of-2 numprocs=24
6: Starting Rabenseifner with non-power-of-2 numprocs=24
13: Starting Rabenseifner with non-power-of-2 numprocs=24
14: Starting Rabenseifner with non-power-of-2 numprocs=24
7: Starting Rabenseifner with non-power-of-2 numprocs=24
4: Starting Rabenseifner with non-power-of-2 numprocs=24
5: Starting Rabenseifner with non-power-of-2 numprocs=24
23: Starting Rabenseifner with non-power-of-2 numprocs=24
1: Starting Rabenseifner with non-power-of-2 numprocs=24
2: Starting Rabenseifner with non-power-of-2 numprocs=24
9: Starting Rabenseifner with non-power-of-2 numprocs=24
time: 0.000009s
Iteration 2
3: Starting Rabenseifner with non-power-of-2 numprocs=24
11: Starting Rabenseifner with non-power-of-2 numprocs=24
19: Starting Rabenseifner with non-power-of-2 numprocs=24
0: Starting Rabenseifner with non-power-of-2 numprocs=24
time: 0.000014s
Iteration 3
15: Starting Rabenseifner with non-power-of-2 numprocs=24
18: Starting Rabenseifner with non-power-of-2 numprocs=24
12: Starting Rabenseifner with non-power-of-2 numprocs=24
10: Starting Rabenseifner with non-power-of-2 numprocs=24
6: Starting Rabenseifner with non-power-of-2 numprocs=24
13: Starting Rabenseifner with non-power-of-2 numprocs=24
14: Starting Rabenseifner with non-power-of-2 numprocs=24
8: Starting Rabenseifner with non-power-of-2 numprocs=24
11: Starting Rabenseifner with non-power-of-2 numprocs=24
19: Starting Rabenseifner with non-power-of-2 numprocs=24
1: Starting Rabenseifner with non-power-of-2 numprocs=24
9: Starting Rabenseifner with non-power-of-2 numprocs=24
22: Starting Rabenseifner with non-power-of-2 numprocs=24
17: Starting Rabenseifner with non-power-of-2 numprocs=24
16: Starting Rabenseifner with non-power-of-2 numprocs=24
21: Starting Rabenseifner with non-power-of-2 numprocs=24
20: Starting Rabenseifner with non-power-of-2 numprocs=24
3: Starting Rabenseifner with non-power-of-2 numprocs=24
7: Starting Rabenseifner with non-power-of-2 numprocs=24
4: Starting Rabenseifner with non-power-of-2 numprocs=24
5: Starting Rabenseifner with non-power-of-2 numprocs=24
23: Starting Rabenseifner with non-power-of-2 numprocs=24
2: Starting Rabenseifner with non-power-of-2 numprocs=24
0: Starting Rabenseifner with non-power-of-2 numprocs=24
time: 0.000012s
15: Starting Rabenseifner with non-power-of-2 numprocs=24
12: Starting Rabenseifner with non-power-of-2 numprocs=24
Iteration 4
22: Starting Rabenseifner with non-power-of-2 numprocs=24
18: Starting Rabenseifner with non-power-of-2 numprocs=24
17: Starting Rabenseifner with non-power-of-2 numprocs=24
20: Starting Rabenseifner with non-power-of-2 numprocs=24
10: Starting Rabenseifner with non-power-of-2 numprocs=24
6: Starting Rabenseifner with non-power-of-2 numprocs=24
13: Starting Rabenseifner with non-power-of-2 numprocs=24
14: Starting Rabenseifner with non-power-of-2 numprocs=24
7: Starting Rabenseifner with non-power-of-2 numprocs=24
8: Starting Rabenseifner with non-power-of-2 numprocs=24
11: Starting Rabenseifner with non-power-of-2 numprocs=24
5: Starting Rabenseifner with non-power-of-2 numprocs=24
23: Starting Rabenseifner with non-power-of-2 numprocs=24
1: Starting Rabenseifner with non-power-of-2 numprocs=24
2: Starting Rabenseifner with non-power-of-2 numprocs=24
9: Starting Rabenseifner with non-power-of-2 numprocs=24
16: Starting Rabenseifner with non-power-of-2 numprocs=24
21: Starting Rabenseifner with non-power-of-2 numprocs=24
3: Starting Rabenseifner with non-power-of-2 numprocs=24
19: Starting Rabenseifner with non-power-of-2 numprocs=24
4: Starting Rabenseifner with non-power-of-2 numprocs=24
0: Starting Rabenseifner with non-power-of-2 numprocs=24
time: 0.000015s
15: Starting Rabenseifner with non-power-of-2 numprocs=24
Iteration 5
13: Starting Rabenseifner with non-power-of-2 numprocs=24
14: Starting Rabenseifner with non-power-of-2 numprocs=24
2: Starting Rabenseifner with non-power-of-2 numprocs=24
9: Starting Rabenseifner with non-power-of-2 numprocs=24
22: Starting Rabenseifner with non-power-of-2 numprocs=24
18: Starting Rabenseifner with non-power-of-2 numprocs=24
17: Starting Rabenseifner with non-power-of-2 numprocs=24
16: Starting Rabenseifner with non-power-of-2 numprocs=24
21: Starting Rabenseifner with non-power-of-2 numprocs=24
20: Starting Rabenseifner with non-power-of-2 numprocs=24
10: Starting Rabenseifner with non-power-of-2 numprocs=24
6: Starting Rabenseifner with non-power-of-2 numprocs=24
3: Starting Rabenseifner with non-power-of-2 numprocs=24
7: Starting Rabenseifner with non-power-of-2 numprocs=24
8: Starting Rabenseifner with non-power-of-2 numprocs=24
11: Starting Rabenseifner with non-power-of-2 numprocs=24
19: Starting Rabenseifner with non-power-of-2 numprocs=24
4: Starting Rabenseifner with non-power-of-2 numprocs=24
5: Starting Rabenseifner with non-power-of-2 numprocs=24
23: Starting Rabenseifner with non-power-of-2 numprocs=24
1: Starting Rabenseifner with non-power-of-2 numprocs=24
12: Starting Rabenseifner with non-power-of-2 numprocs=24
0: Starting Rabenseifner with non-power-of-2 numprocs=24
time: 0.000013s
15: Starting Rabenseifner with non-power-of-2 numprocs=24
Iteration 6
12: Starting Rabenseifner with non-power-of-2 numprocs=24
17: Starting Rabenseifner with non-power-of-2 numprocs=24
14: Starting Rabenseifner with non-power-of-2 numprocs=24
8: Starting Rabenseifner with non-power-of-2 numprocs=24
11: Starting Rabenseifner with non-power-of-2 numprocs=24
5: Starting Rabenseifner with non-power-of-2 numprocs=24
22: Starting Rabenseifner with non-power-of-2 numprocs=24
18: Starting Rabenseifner with non-power-of-2 numprocs=24
16: Starting Rabenseifner with non-power-of-2 numprocs=24
21: Starting Rabenseifner with non-power-of-2 numprocs=24
20: Starting Rabenseifner with non-power-of-2 numprocs=24
10: Starting Rabenseifner with non-power-of-2 numprocs=24
6: Starting Rabenseifner with non-power-of-2 numprocs=24
3: Starting Rabenseifner with non-power-of-2 numprocs=24
7: Starting Rabenseifner with non-power-of-2 numprocs=24
19: Starting Rabenseifner with non-power-of-2 numprocs=24
4: Starting Rabenseifner with non-power-of-2 numprocs=24
23: Starting Rabenseifner with non-power-of-2 numprocs=24
1: Starting Rabenseifner with non-power-of-2 numprocs=24
2: Starting Rabenseifner with non-power-of-2 numprocs=24
9: Starting Rabenseifner with non-power-of-2 numprocs=24
13: Starting Rabenseifner with non-power-of-2 numprocs=24
0: Starting Rabenseifner with non-power-of-2 numprocs=24
time: 0.000012s
15: Starting Rabenseifner with non-power-of-2 numprocs=24
Iteration 7
12: Starting Rabenseifner with non-power-of-2 numprocs=24
21: Starting Rabenseifner with non-power-of-2 numprocs=24
6: Starting Rabenseifner with non-power-of-2 numprocs=24
13: Starting Rabenseifner with non-power-of-2 numprocs=24
8: Starting Rabenseifner with non-power-of-2 numprocs=24
11: Starting Rabenseifner with non-power-of-2 numprocs=24
1: Starting Rabenseifner with non-power-of-2 numprocs=24
9: Starting Rabenseifner with non-power-of-2 numprocs=24
22: Starting Rabenseifner with non-power-of-2 numprocs=24
18: Starting Rabenseifner with non-power-of-2 numprocs=24
17: Starting Rabenseifner with non-power-of-2 numprocs=24
16: Starting Rabenseifner with non-power-of-2 numprocs=24
20: Starting Rabenseifner with non-power-of-2 numprocs=24
10: Starting Rabenseifner with non-power-of-2 numprocs=24
3: Starting Rabenseifner with non-power-of-2 numprocs=24
14: Starting Rabenseifner with non-power-of-2 numprocs=24
7: Starting Rabenseifner with non-power-of-2 numprocs=24
19: Starting Rabenseifner with non-power-of-2 numprocs=24
4: Starting Rabenseifner with non-power-of-2 numprocs=24
5: Starting Rabenseifner with non-power-of-2 numprocs=24
23: Starting Rabenseifner with non-power-of-2 numprocs=24
2: Starting Rabenseifner with non-power-of-2 numprocs=24
0: Starting Rabenseifner with non-power-of-2 numprocs=24
time: 0.000012s
15: Starting Rabenseifner with non-power-of-2 numprocs=24
12: Starting Rabenseifner with non-power-of-2 numprocs=24
Iteration 8
22: Starting Rabenseifner with non-power-of-2 numprocs=24
18: Starting Rabenseifner with non-power-of-2 numprocs=24
17: Starting Rabenseifner with non-power-of-2 numprocs=24
16: Starting Rabenseifner with non-power-of-2 numprocs=24
10: Starting Rabenseifner with non-power-of-2 numprocs=24
6: Starting Rabenseifner with non-power-of-2 numprocs=24
13: Starting Rabenseifner with non-power-of-2 numprocs=24
14: Starting Rabenseifner with non-power-of-2 numprocs=24
8: Starting Rabenseifner with non-power-of-2 numprocs=24
5: Starting Rabenseifner with non-power-of-2 numprocs=24
23: Starting Rabenseifner with non-power-of-2 numprocs=24
1: Starting Rabenseifner with non-power-of-2 numprocs=24
2: Starting Rabenseifner with non-power-of-2 numprocs=24
9: Starting Rabenseifner with non-power-of-2 numprocs=24
21: Starting Rabenseifner with non-power-of-2 numprocs=24
20: Starting Rabenseifner with non-power-of-2 numprocs=24
3: Starting Rabenseifner with non-power-of-2 numprocs=24
7: Starting Rabenseifner with non-power-of-2 numprocs=24
11: Starting Rabenseifner with non-power-of-2 numprocs=24
19: Starting Rabenseifner with non-power-of-2 numprocs=24
4: Starting Rabenseifner with non-power-of-2 numprocs=24
0: Starting Rabenseifner with non-power-of-2 numprocs=24
time: 0.000013s
15: Starting Rabenseifner with non-power-of-2 numprocs=24
12: Starting Rabenseifner with non-power-of-2 numprocs=24
Iteration 9
18: Starting Rabenseifner with non-power-of-2 numprocs=24
16: Starting Rabenseifner with non-power-of-2 numprocs=24
21: Starting Rabenseifner with non-power-of-2 numprocs=24
10: Starting Rabenseifner with non-power-of-2 numprocs=24
6: Starting Rabenseifner with non-power-of-2 numprocs=24
13: Starting Rabenseifner with non-power-of-2 numprocs=24
14: Starting Rabenseifner with non-power-of-2 numprocs=24
7: Starting Rabenseifner with non-power-of-2 numprocs=24
8: Starting Rabenseifner with non-power-of-2 numprocs=24
11: Starting Rabenseifner with non-power-of-2 numprocs=24
4: Starting Rabenseifner with non-power-of-2 numprocs=24
5: Starting Rabenseifner with non-power-of-2 numprocs=24
23: Starting Rabenseifner with non-power-of-2 numprocs=24
1: Starting Rabenseifner with non-power-of-2 numprocs=24
9: Starting Rabenseifner with non-power-of-2 numprocs=24
22: Starting Rabenseifner with non-power-of-2 numprocs=24
17: Starting Rabenseifner with non-power-of-2 numprocs=24
20: Starting Rabenseifner with non-power-of-2 numprocs=24
3: Starting Rabenseifner with non-power-of-2 numprocs=24
19: Starting Rabenseifner with non-power-of-2 numprocs=24
2: Starting Rabenseifner with non-power-of-2 numprocs=24
0: Starting Rabenseifner with non-power-of-2 numprocs=24
time: 0.000012s
15: Starting Rabenseifner with non-power-of-2 numprocs=24
Iteration 10
12: Starting Rabenseifner with non-power-of-2 numprocs=24
13: Starting Rabenseifner with non-power-of-2 numprocs=24
14: Starting Rabenseifner with non-power-of-2 numprocs=24
2: Starting Rabenseifner with non-power-of-2 numprocs=24
22: Starting Rabenseifner with non-power-of-2 numprocs=24
18: Starting Rabenseifner with non-power-of-2 numprocs=24
17: Starting Rabenseifner with non-power-of-2 numprocs=24
16: Starting Rabenseifner with non-power-of-2 numprocs=24
21: Starting Rabenseifner with non-power-of-2 numprocs=24
20: Starting Rabenseifner with non-power-of-2 numprocs=24
10: Starting Rabenseifner with non-power-of-2 numprocs=24
6: Starting Rabenseifner with non-power-of-2 numprocs=24
3: Starting Rabenseifner with non-power-of-2 numprocs=24
7: Starting Rabenseifner with non-power-of-2 numprocs=24
8: Starting Rabenseifner with non-power-of-2 numprocs=24
11: Starting Rabenseifner with non-power-of-2 numprocs=24
19: Starting Rabenseifner with non-power-of-2 numprocs=24
4: Starting Rabenseifner with non-power-of-2 numprocs=24
5: Starting Rabenseifner with non-power-of-2 numprocs=24
23: Starting Rabenseifner with non-power-of-2 numprocs=24
1: Starting Rabenseifner with non-power-of-2 numprocs=24
9: Starting Rabenseifner with non-power-of-2 numprocs=24
0: Starting Rabenseifner with non-power-of-2 numprocs=24
time: 0.000014s
15: Starting Rabenseifner with non-power-of-2 numprocs=24
Iteration 11
12: Starting Rabenseifner with non-power-of-2 numprocs=24
20: Starting Rabenseifner with non-power-of-2 numprocs=24
6: Starting Rabenseifner with non-power-of-2 numprocs=24
13: Starting Rabenseifner with non-power-of-2 numprocs=24
14: Starting Rabenseifner with non-power-of-2 numprocs=24
8: Starting Rabenseifner with non-power-of-2 numprocs=24
11: Starting Rabenseifner with non-power-of-2 numprocs=24
23: Starting Rabenseifner with non-power-of-2 numprocs=24
9: Starting Rabenseifner with non-power-of-2 numprocs=24
22: Starting Rabenseifner with non-power-of-2 numprocs=24
18: Starting Rabenseifner with non-power-of-2 numprocs=24
17: Starting Rabenseifner with non-power-of-2 numprocs=24
16: Starting Rabenseifner with non-power-of-2 numprocs=24
21: Starting Rabenseifner with non-power-of-2 numprocs=24
10: Starting Rabenseifner with non-power-of-2 numprocs=24
3: Starting Rabenseifner with non-power-of-2 numprocs=24
7: Starting Rabenseifner with non-power-of-2 numprocs=24
4: Starting Rabenseifner with non-power-of-2 numprocs=24
5: Starting Rabenseifner with non-power-of-2 numprocs=24
1: Starting Rabenseifner with non-power-of-2 numprocs=24
2: Starting Rabenseifner with non-power-of-2 numprocs=24
19: Starting Rabenseifner with non-power-of-2 numprocs=24
0: Starting Rabenseifner with non-power-of-2 numprocs=24
time: 0.000012s
15: Starting Rabenseifner with non-power-of-2 numprocs=24
Iteration 12
22: Starting Rabenseifner with non-power-of-2 numprocs=24
12: Starting Rabenseifner with non-power-of-2 numprocs=24
8: Starting Rabenseifner with non-power-of-2 numprocs=24
11: Starting Rabenseifner with non-power-of-2 numprocs=24
18: Starting Rabenseifner with non-power-of-2 numprocs=24
17: Starting Rabenseifner with non-power-of-2 numprocs=24
16: Starting Rabenseifner with non-power-of-2 numprocs=24
21: Starting Rabenseifner with non-power-of-2 numprocs=24
20: Starting Rabenseifner with non-power-of-2 numprocs=24
10: Starting Rabenseifner with non-power-of-2 numprocs=24
6: Starting Rabenseifner with non-power-of-2 numprocs=24
13: Starting Rabenseifner with non-power-of-2 numprocs=24
3: Starting Rabenseifner with non-power-of-2 numprocs=24
14: Starting Rabenseifner with non-power-of-2 numprocs=24
7: Starting Rabenseifner with non-power-of-2 numprocs=24
19: Starting Rabenseifner with non-power-of-2 numprocs=24
4: Starting Rabenseifner with non-power-of-2 numprocs=24
5: Starting Rabenseifner with non-power-of-2 numprocs=24
23: Starting Rabenseifner with non-power-of-2 numprocs=24
1: Starting Rabenseifner with non-power-of-2 numprocs=24
2: Starting Rabenseifner with non-power-of-2 numprocs=24
9: Starting Rabenseifner with non-power-of-2 numprocs=24
0: Starting Rabenseifner with non-power-of-2 numprocs=24
time: 0.000014s
15: Starting Rabenseifner with non-power-of-2 numprocs=24
Iteration 13
12: Starting Rabenseifner with non-power-of-2 numprocs=24
10: Starting Rabenseifner with non-power-of-2 numprocs=24
6: Starting Rabenseifner with non-power-of-2 numprocs=24
3: Starting Rabenseifner with non-power-of-2 numprocs=24
14: Starting Rabenseifner with non-power-of-2 numprocs=24
11: Starting Rabenseifner with non-power-of-2 numprocs=24
9: Starting Rabenseifner with non-power-of-2 numprocs=24
22: Starting Rabenseifner with non-power-of-2 numprocs=24
18: Starting Rabenseifner with non-power-of-2 numprocs=24
17: Starting Rabenseifner with non-power-of-2 numprocs=24
16: Starting Rabenseifner with non-power-of-2 numprocs=24
21: Starting Rabenseifner with non-power-of-2 numprocs=24
20: Starting Rabenseifner with non-power-of-2 numprocs=24
13: Starting Rabenseifner with non-power-of-2 numprocs=24
7: Starting Rabenseifner with non-power-of-2 numprocs=24
8: Starting Rabenseifner with non-power-of-2 numprocs=24
19: Starting Rabenseifner with non-power-of-2 numprocs=24
4: Starting Rabenseifner with non-power-of-2 numprocs=24
5: Starting Rabenseifner with non-power-of-2 numprocs=24
23: Starting Rabenseifner with non-power-of-2 numprocs=24
1: Starting Rabenseifner with non-power-of-2 numprocs=24
2: Starting Rabenseifner with non-power-of-2 numprocs=24
0: Starting Rabenseifner with non-power-of-2 numprocs=24
time: 0.000012s
15: Starting Rabenseifner with non-power-of-2 numprocs=24
Iteration 14
18: Starting Rabenseifner with non-power-of-2 numprocs=24
12: Starting Rabenseifner with non-power-of-2 numprocs=24
14: Starting Rabenseifner with non-power-of-2 numprocs=24
7: Starting Rabenseifner with non-power-of-2 numprocs=24
1: Starting Rabenseifner with non-power-of-2 numprocs=24
2: Starting Rabenseifner with non-power-of-2 numprocs=24
9: Starting Rabenseifner with non-power-of-2 numprocs=24
22: Starting Rabenseifner with non-power-of-2 numprocs=24
17: Starting Rabenseifner with non-power-of-2 numprocs=24
16: Starting Rabenseifner with non-power-of-2 numprocs=24
21: Starting Rabenseifner with non-power-of-2 numprocs=24
20: Starting Rabenseifner with non-power-of-2 numprocs=24
10: Starting Rabenseifner with non-power-of-2 numprocs=24
6: Starting Rabenseifner with non-power-of-2 numprocs=24
13: Starting Rabenseifner with non-power-of-2 numprocs=24
3: Starting Rabenseifner with non-power-of-2 numprocs=24
8: Starting Rabenseifner with non-power-of-2 numprocs=24
11: Starting Rabenseifner with non-power-of-2 numprocs=24
19: Starting Rabenseifner with non-power-of-2 numprocs=24
4: Starting Rabenseifner with non-power-of-2 numprocs=24
5: Starting Rabenseifner with non-power-of-2 numprocs=24
23: Starting Rabenseifner with non-power-of-2 numprocs=24
0: Starting Rabenseifner with non-power-of-2 numprocs=24
time: 0.000012s
Iteration 15
15: Starting Rabenseifner with non-power-of-2 numprocs=24
8: Starting Rabenseifner with non-power-of-2 numprocs=24
1: Starting Rabenseifner with non-power-of-2 numprocs=24
22: Starting Rabenseifner with non-power-of-2 numprocs=24
18: Starting Rabenseifner with non-power-of-2 numprocs=24
12: Starting Rabenseifner with non-power-of-2 numprocs=24
17: Starting Rabenseifner with non-power-of-2 numprocs=24
16: Starting Rabenseifner with non-power-of-2 numprocs=24
21: Starting Rabenseifner with non-power-of-2 numprocs=24
20: Starting Rabenseifner with non-power-of-2 numprocs=24
10: Starting Rabenseifner with non-power-of-2 numprocs=24
6: Starting Rabenseifner with non-power-of-2 numprocs=24
13: Starting Rabenseifner with non-power-of-2 numprocs=24
3: Starting Rabenseifner with non-power-of-2 numprocs=24
14: Starting Rabenseifner with non-power-of-2 numprocs=24
7: Starting Rabenseifner with non-power-of-2 numprocs=24
11: Starting Rabenseifner with non-power-of-2 numprocs=24
19: Starting Rabenseifner with non-power-of-2 numprocs=24
4: Starting Rabenseifner with non-power-of-2 numprocs=24
5: Starting Rabenseifner with non-power-of-2 numprocs=24
23: Starting Rabenseifner with non-power-of-2 numprocs=24
2: Starting Rabenseifner with non-power-of-2 numprocs=24
9: Starting Rabenseifner with non-power-of-2 numprocs=24
0: Starting Rabenseifner with non-power-of-2 numprocs=24
15: Starting Rabenseifner with non-power-of-2 numprocs=24
17: Starting Rabenseifner with non-power-of-2 numprocs=24
6: Starting Rabenseifner with non-power-of-2 numprocs=24
8: Starting Rabenseifner with non-power-of-2 numprocs=24
22: Starting Rabenseifner with non-power-of-2 numprocs=24
18: Starting Rabenseifner with non-power-of-2 numprocs=24
12: Starting Rabenseifner with non-power-of-2 numprocs=24
16: Starting Rabenseifner with non-power-of-2 numprocs=24
21: Starting Rabenseifner with non-power-of-2 numprocs=24
20: Starting Rabenseifner with non-power-of-2 numprocs=24
10: Starting Rabenseifner with non-power-of-2 numprocs=24
13: Starting Rabenseifner with non-power-of-2 numprocs=24
14: Starting Rabenseifner with non-power-of-2 numprocs=24
7: Starting Rabenseifner with non-power-of-2 numprocs=24
4: Starting Rabenseifner with non-power-of-2 numprocs=24
5: Starting Rabenseifner with non-power-of-2 numprocs=24
23: Starting Rabenseifner with non-power-of-2 numprocs=24
1: Starting Rabenseifner with non-power-of-2 numprocs=24
2: Starting Rabenseifner with non-power-of-2 numprocs=24
9: Starting Rabenseifner with non-power-of-2 numprocs=24
time: 0.000013s
Iteration 16
3: Starting Rabenseifner with non-power-of-2 numprocs=24
11: Starting Rabenseifner with non-power-of-2 numprocs=24
19: Starting Rabenseifner with non-power-of-2 numprocs=24
0: Starting Rabenseifner with non-power-of-2 numprocs=24
time: 0.000013s
Iteration 17
15: Starting Rabenseifner with non-power-of-2 numprocs=24
22: Starting Rabenseifner with non-power-of-2 numprocs=24
18: Starting Rabenseifner with non-power-of-2 numprocs=24
12: Starting Rabenseifner with non-power-of-2 numprocs=24
17: Starting Rabenseifner with non-power-of-2 numprocs=24
16: Starting Rabenseifner with non-power-of-2 numprocs=24
21: Starting Rabenseifner with non-power-of-2 numprocs=24
20: Starting Rabenseifner with non-power-of-2 numprocs=24
10: Starting Rabenseifner with non-power-of-2 numprocs=24
6: Starting Rabenseifner with non-power-of-2 numprocs=24
13: Starting Rabenseifner with non-power-of-2 numprocs=24
3: Starting Rabenseifner with non-power-of-2 numprocs=24
14: Starting Rabenseifner with non-power-of-2 numprocs=24
7: Starting Rabenseifner with non-power-of-2 numprocs=24
8: Starting Rabenseifner with non-power-of-2 numprocs=24
11: Starting Rabenseifner with non-power-of-2 numprocs=24
19: Starting Rabenseifner with non-power-of-2 numprocs=24
4: Starting Rabenseifner with non-power-of-2 numprocs=24
5: Starting Rabenseifner with non-power-of-2 numprocs=24
23: Starting Rabenseifner with non-power-of-2 numprocs=24
1: Starting Rabenseifner with non-power-of-2 numprocs=24
2: Starting Rabenseifner with non-power-of-2 numprocs=24
9: Starting Rabenseifner with non-power-of-2 numprocs=24
0: Starting Rabenseifner with non-power-of-2 numprocs=24
time: 0.000012s
15: Starting Rabenseifner with non-power-of-2 numprocs=24
Iteration 18
12: Starting Rabenseifner with non-power-of-2 numprocs=24
17: Starting Rabenseifner with non-power-of-2 numprocs=24
21: Starting Rabenseifner with non-power-of-2 numprocs=24
6: Starting Rabenseifner with non-power-of-2 numprocs=24
13: Starting Rabenseifner with non-power-of-2 numprocs=24
8: Starting Rabenseifner with non-power-of-2 numprocs=24
1: Starting Rabenseifner with non-power-of-2 numprocs=24
2: Starting Rabenseifner with non-power-of-2 numprocs=24
22: Starting Rabenseifner with non-power-of-2 numprocs=24
18: Starting Rabenseifner with non-power-of-2 numprocs=24
16: Starting Rabenseifner with non-power-of-2 numprocs=24
20: Starting Rabenseifner with non-power-of-2 numprocs=24
10: Starting Rabenseifner with non-power-of-2 numprocs=24
3: Starting Rabenseifner with non-power-of-2 numprocs=24
14: Starting Rabenseifner with non-power-of-2 numprocs=24
7: Starting Rabenseifner with non-power-of-2 numprocs=24
11: Starting Rabenseifner with non-power-of-2 numprocs=24
19: Starting Rabenseifner with non-power-of-2 numprocs=24
4: Starting Rabenseifner with non-power-of-2 numprocs=24
5: Starting Rabenseifner with non-power-of-2 numprocs=24
23: Starting Rabenseifner with non-power-of-2 numprocs=24
9: Starting Rabenseifner with non-power-of-2 numprocs=24
0: Starting Rabenseifner with non-power-of-2 numprocs=24
15: Starting Rabenseifner with non-power-of-2 numprocs=24
6: Starting Rabenseifner with non-power-of-2 numprocs=24
13: Starting Rabenseifner with non-power-of-2 numprocs=24
14: Starting Rabenseifner with non-power-of-2 numprocs=24
8: Starting Rabenseifner with non-power-of-2 numprocs=24
2: Starting Rabenseifner with non-power-of-2 numprocs=24
22: Starting Rabenseifner with non-power-of-2 numprocs=24
18: Starting Rabenseifner with non-power-of-2 numprocs=24
12: Starting Rabenseifner with non-power-of-2 numprocs=24
17: Starting Rabenseifner with non-power-of-2 numprocs=24
16: Starting Rabenseifner with non-power-of-2 numprocs=24
21: Starting Rabenseifner with non-power-of-2 numprocs=24
20: Starting Rabenseifner with non-power-of-2 numprocs=24
10: Starting Rabenseifner with non-power-of-2 numprocs=24
7: Starting Rabenseifner with non-power-of-2 numprocs=24
4: Starting Rabenseifner with non-power-of-2 numprocs=24
5: Starting Rabenseifner with non-power-of-2 numprocs=24
23: Starting Rabenseifner with non-power-of-2 numprocs=24
1: Starting Rabenseifner with non-power-of-2 numprocs=24
9: Starting Rabenseifner with non-power-of-2 numprocs=24
time: 0.000013s
Iteration 19
3: Starting Rabenseifner with non-power-of-2 numprocs=24
11: Starting Rabenseifner with non-power-of-2 numprocs=24
19: Starting Rabenseifner with non-power-of-2 numprocs=24
0: Starting Rabenseifner with non-power-of-2 numprocs=24
time: 0.000013s
15: Starting Rabenseifner with non-power-of-2 numprocs=24
Iteration 20
12: Starting Rabenseifner with non-power-of-2 numprocs=24
10: Starting Rabenseifner with non-power-of-2 numprocs=24
6: Starting Rabenseifner with non-power-of-2 numprocs=24
13: Starting Rabenseifner with non-power-of-2 numprocs=24
14: Starting Rabenseifner with non-power-of-2 numprocs=24
7: Starting Rabenseifner with non-power-of-2 numprocs=24
8: Starting Rabenseifner with non-power-of-2 numprocs=24
11: Starting Rabenseifner with non-power-of-2 numprocs=24
4: Starting Rabenseifner with non-power-of-2 numprocs=24
5: Starting Rabenseifner with non-power-of-2 numprocs=24
1: Starting Rabenseifner with non-power-of-2 numprocs=24
2: Starting Rabenseifner with non-power-of-2 numprocs=24
22: Starting Rabenseifner with non-power-of-2 numprocs=24
18: Starting Rabenseifner with non-power-of-2 numprocs=24
17: Starting Rabenseifner with non-power-of-2 numprocs=24
16: Starting Rabenseifner with non-power-of-2 numprocs=24
21: Starting Rabenseifner with non-power-of-2 numprocs=24
20: Starting Rabenseifner with non-power-of-2 numprocs=24
3: Starting Rabenseifner with non-power-of-2 numprocs=24
19: Starting Rabenseifner with non-power-of-2 numprocs=24
23: Starting Rabenseifner with non-power-of-2 numprocs=24
9: Starting Rabenseifner with non-power-of-2 numprocs=24
0: Starting Rabenseifner with non-power-of-2 numprocs=24
15: Starting Rabenseifner with non-power-of-2 numprocs=24
14: Starting Rabenseifner with non-power-of-2 numprocs=24
time: 0.000012s
Iteration 21
18: Starting Rabenseifner with non-power-of-2 numprocs=24
12: Starting Rabenseifner with non-power-of-2 numprocs=24
6: Starting Rabenseifner with non-power-of-2 numprocs=24
13: Starting Rabenseifner with non-power-of-2 numprocs=24
8: Starting Rabenseifner with non-power-of-2 numprocs=24
11: Starting Rabenseifner with non-power-of-2 numprocs=24
5: Starting Rabenseifner with non-power-of-2 numprocs=24
23: Starting Rabenseifner with non-power-of-2 numprocs=24
9: Starting Rabenseifner with non-power-of-2 numprocs=24
22: Starting Rabenseifner with non-power-of-2 numprocs=24
17: Starting Rabenseifner with non-power-of-2 numprocs=24
16: Starting Rabenseifner with non-power-of-2 numprocs=24
21: Starting Rabenseifner with non-power-of-2 numprocs=24
20: Starting Rabenseifner with non-power-of-2 numprocs=24
10: Starting Rabenseifner with non-power-of-2 numprocs=24
3: Starting Rabenseifner with non-power-of-2 numprocs=24
7: Starting Rabenseifner with non-power-of-2 numprocs=24
19: Starting Rabenseifner with non-power-of-2 numprocs=24
4: Starting Rabenseifner with non-power-of-2 numprocs=24
1: Starting Rabenseifner with non-power-of-2 numprocs=24
2: Starting Rabenseifner with non-power-of-2 numprocs=24
0: Starting Rabenseifner with non-power-of-2 numprocs=24
time: 0.000014s
15: Starting Rabenseifner with non-power-of-2 numprocs=24
8: Starting Rabenseifner with non-power-of-2 numprocs=24
Iteration 22
22: Starting Rabenseifner with non-power-of-2 numprocs=24
18: Starting Rabenseifner with non-power-of-2 numprocs=24
12: Starting Rabenseifner with non-power-of-2 numprocs=24
17: Starting Rabenseifner with non-power-of-2 numprocs=24
21: Starting Rabenseifner with non-power-of-2 numprocs=24
20: Starting Rabenseifner with non-power-of-2 numprocs=24
10: Starting Rabenseifner with non-power-of-2 numprocs=24
6: Starting Rabenseifner with non-power-of-2 numprocs=24
13: Starting Rabenseifner with non-power-of-2 numprocs=24
3: Starting Rabenseifner with non-power-of-2 numprocs=24
14: Starting Rabenseifner with non-power-of-2 numprocs=24
7: Starting Rabenseifner with non-power-of-2 numprocs=24
11: Starting Rabenseifner with non-power-of-2 numprocs=24
19: Starting Rabenseifner with non-power-of-2 numprocs=24
4: Starting Rabenseifner with non-power-of-2 numprocs=24
5: Starting Rabenseifner with non-power-of-2 numprocs=24
23: Starting Rabenseifner with non-power-of-2 numprocs=24
1: Starting Rabenseifner with non-power-of-2 numprocs=24
2: Starting Rabenseifner with non-power-of-2 numprocs=24
9: Starting Rabenseifner with non-power-of-2 numprocs=24
16: Starting Rabenseifner with non-power-of-2 numprocs=24
0: Starting Rabenseifner with non-power-of-2 numprocs=24
time: 0.000013s
15: Starting Rabenseifner with non-power-of-2 numprocs=24
Iteration 23
22: Starting Rabenseifner with non-power-of-2 numprocs=24
12: Starting Rabenseifner with non-power-of-2 numprocs=24
13: Starting Rabenseifner with non-power-of-2 numprocs=24
3: Starting Rabenseifner with non-power-of-2 numprocs=24
8: Starting Rabenseifner with non-power-of-2 numprocs=24
11: Starting Rabenseifner with non-power-of-2 numprocs=24
19: Starting Rabenseifner with non-power-of-2 numprocs=24
5: Starting Rabenseifner with non-power-of-2 numprocs=24
23: Starting Rabenseifner with non-power-of-2 numprocs=24
2: Starting Rabenseifner with non-power-of-2 numprocs=24
9: Starting Rabenseifner with non-power-of-2 numprocs=24
18: Starting Rabenseifner with non-power-of-2 numprocs=24
17: Starting Rabenseifner with non-power-of-2 numprocs=24
16: Starting Rabenseifner with non-power-of-2 numprocs=24
21: Starting Rabenseifner with non-power-of-2 numprocs=24
20: Starting Rabenseifner with non-power-of-2 numprocs=24
10: Starting Rabenseifner with non-power-of-2 numprocs=24
6: Starting Rabenseifner with non-power-of-2 numprocs=24
14: Starting Rabenseifner with non-power-of-2 numprocs=24
7: Starting Rabenseifner with non-power-of-2 numprocs=24
4: Starting Rabenseifner with non-power-of-2 numprocs=24
1: Starting Rabenseifner with non-power-of-2 numprocs=24
0: Starting Rabenseifner with non-power-of-2 numprocs=24
time: 0.000013s
15: Starting Rabenseifner with non-power-of-2 numprocs=24
Iteration 24
12: Starting Rabenseifner with non-power-of-2 numprocs=24
6: Starting Rabenseifner with non-power-of-2 numprocs=24
13: Starting Rabenseifner with non-power-of-2 numprocs=24
11: Starting Rabenseifner with non-power-of-2 numprocs=24
2: Starting Rabenseifner with non-power-of-2 numprocs=24
22: Starting Rabenseifner with non-power-of-2 numprocs=24
18: Starting Rabenseifner with non-power-of-2 numprocs=24
17: Starting Rabenseifner with non-power-of-2 numprocs=24
16: Starting Rabenseifner with non-power-of-2 numprocs=24
21: Starting Rabenseifner with non-power-of-2 numprocs=24
20: Starting Rabenseifner with non-power-of-2 numprocs=24
10: Starting Rabenseifner with non-power-of-2 numprocs=24
3: Starting Rabenseifner with non-power-of-2 numprocs=24
14: Starting Rabenseifner with non-power-of-2 numprocs=24
7: Starting Rabenseifner with non-power-of-2 numprocs=24
8: Starting Rabenseifner with non-power-of-2 numprocs=24
19: Starting Rabenseifner with non-power-of-2 numprocs=24
4: Starting Rabenseifner with non-power-of-2 numprocs=24
5: Starting Rabenseifner with non-power-of-2 numprocs=24
23: Starting Rabenseifner with non-power-of-2 numprocs=24
1: Starting Rabenseifner with non-power-of-2 numprocs=24
9: Starting Rabenseifner with non-power-of-2 numprocs=24
0: Starting Rabenseifner with non-power-of-2 numprocs=24
time: 0.000012s
15: Starting Rabenseifner with non-power-of-2 numprocs=24
Iteration 25
12: Starting Rabenseifner with non-power-of-2 numprocs=24
10: Starting Rabenseifner with non-power-of-2 numprocs=24
13: Starting Rabenseifner with non-power-of-2 numprocs=24
14: Starting Rabenseifner with non-power-of-2 numprocs=24
8: Starting Rabenseifner with non-power-of-2 numprocs=24
5: Starting Rabenseifner with non-power-of-2 numprocs=24
22: Starting Rabenseifner with non-power-of-2 numprocs=24
18: Starting Rabenseifner with non-power-of-2 numprocs=24
17: Starting Rabenseifner with non-power-of-2 numprocs=24
16: Starting Rabenseifner with non-power-of-2 numprocs=24
21: Starting Rabenseifner with non-power-of-2 numprocs=24
20: Starting Rabenseifner with non-power-of-2 numprocs=24
6: Starting Rabenseifner with non-power-of-2 numprocs=24
3: Starting Rabenseifner with non-power-of-2 numprocs=24
7: Starting Rabenseifner with non-power-of-2 numprocs=24
11: Starting Rabenseifner with non-power-of-2 numprocs=24
19: Starting Rabenseifner with non-power-of-2 numprocs=24
4: Starting Rabenseifner with non-power-of-2 numprocs=24
23: Starting Rabenseifner with non-power-of-2 numprocs=24
1: Starting Rabenseifner with non-power-of-2 numprocs=24
2: Starting Rabenseifner with non-power-of-2 numprocs=24
9: Starting Rabenseifner with non-power-of-2 numprocs=24
0: Starting Rabenseifner with non-power-of-2 numprocs=24
time: 0.000013s
15: Starting Rabenseifner with non-power-of-2 numprocs=24
1: Starting Rabenseifner with non-power-of-2 numprocs=24
Iteration 26
22: Starting Rabenseifner with non-power-of-2 numprocs=24
18: Starting Rabenseifner with non-power-of-2 numprocs=24
12: Starting Rabenseifner with non-power-of-2 numprocs=24
17: Starting Rabenseifner with non-power-of-2 numprocs=24
16: Starting Rabenseifner with non-power-of-2 numprocs=24
21: Starting Rabenseifner with non-power-of-2 numprocs=24
10: Starting Rabenseifner with non-power-of-2 numprocs=24
6: Starting Rabenseifner with non-power-of-2 numprocs=24
13: Starting Rabenseifner with non-power-of-2 numprocs=24
3: Starting Rabenseifner with non-power-of-2 numprocs=24
14: Starting Rabenseifner with non-power-of-2 numprocs=24
7: Starting Rabenseifner with non-power-of-2 numprocs=24
8: Starting Rabenseifner with non-power-of-2 numprocs=24
11: Starting Rabenseifner with non-power-of-2 numprocs=24
19: Starting Rabenseifner with non-power-of-2 numprocs=24
4: Starting Rabenseifner with non-power-of-2 numprocs=24
5: Starting Rabenseifner with non-power-of-2 numprocs=24
23: Starting Rabenseifner with non-power-of-2 numprocs=24
2: Starting Rabenseifner with non-power-of-2 numprocs=24
9: Starting Rabenseifner with non-power-of-2 numprocs=24
20: Starting Rabenseifner with non-power-of-2 numprocs=24
0: Starting Rabenseifner with non-power-of-2 numprocs=24
time: 0.000013s
15: Starting Rabenseifner with non-power-of-2 numprocs=24
Iteration 27
12: Starting Rabenseifner with non-power-of-2 numprocs=24
17: Starting Rabenseifner with non-power-of-2 numprocs=24
6: Starting Rabenseifner with non-power-of-2 numprocs=24
13: Starting Rabenseifner with non-power-of-2 numprocs=24
8: Starting Rabenseifner with non-power-of-2 numprocs=24
11: Starting Rabenseifner with non-power-of-2 numprocs=24
22: Starting Rabenseifner with non-power-of-2 numprocs=24
18: Starting Rabenseifner with non-power-of-2 numprocs=24
16: Starting Rabenseifner with non-power-of-2 numprocs=24
21: Starting Rabenseifner with non-power-of-2 numprocs=24
20: Starting Rabenseifner with non-power-of-2 numprocs=24
10: Starting Rabenseifner with non-power-of-2 numprocs=24
3: Starting Rabenseifner with non-power-of-2 numprocs=24
14: Starting Rabenseifner with non-power-of-2 numprocs=24
7: Starting Rabenseifner with non-power-of-2 numprocs=24
19: Starting Rabenseifner with non-power-of-2 numprocs=24
4: Starting Rabenseifner with non-power-of-2 numprocs=24
5: Starting Rabenseifner with non-power-of-2 numprocs=24
23: Starting Rabenseifner with non-power-of-2 numprocs=24
1: Starting Rabenseifner with non-power-of-2 numprocs=24
2: Starting Rabenseifner with non-power-of-2 numprocs=24
9: Starting Rabenseifner with non-power-of-2 numprocs=24
0: Starting Rabenseifner with non-power-of-2 numprocs=24
time: 0.000011s
Iteration 28
15: Starting Rabenseifner with non-power-of-2 numprocs=24
12: Starting Rabenseifner with non-power-of-2 numprocs=24
13: Starting Rabenseifner with non-power-of-2 numprocs=24
14: Starting Rabenseifner with non-power-of-2 numprocs=24
7: Starting Rabenseifner with non-power-of-2 numprocs=24
8: Starting Rabenseifner with non-power-of-2 numprocs=24
11: Starting Rabenseifner with non-power-of-2 numprocs=24
9: Starting Rabenseifner with non-power-of-2 numprocs=24
22: Starting Rabenseifner with non-power-of-2 numprocs=24
18: Starting Rabenseifner with non-power-of-2 numprocs=24
17: Starting Rabenseifner with non-power-of-2 numprocs=24
16: Starting Rabenseifner with non-power-of-2 numprocs=24
21: Starting Rabenseifner with non-power-of-2 numprocs=24
20: Starting Rabenseifner with non-power-of-2 numprocs=24
10: Starting Rabenseifner with non-power-of-2 numprocs=24
6: Starting Rabenseifner with non-power-of-2 numprocs=24
3: Starting Rabenseifner with non-power-of-2 numprocs=24
19: Starting Rabenseifner with non-power-of-2 numprocs=24
4: Starting Rabenseifner with non-power-of-2 numprocs=24
5: Starting Rabenseifner with non-power-of-2 numprocs=24
23: Starting Rabenseifner with non-power-of-2 numprocs=24
1: Starting Rabenseifner with non-power-of-2 numprocs=24
2: Starting Rabenseifner with non-power-of-2 numprocs=24
0: Starting Rabenseifner with non-power-of-2 numprocs=24
time: 0.000013s
15: Starting Rabenseifner with non-power-of-2 numprocs=24
Iteration 29
22: Starting Rabenseifner with non-power-of-2 numprocs=24
18: Starting Rabenseifner with non-power-of-2 numprocs=24
12: Starting Rabenseifner with non-power-of-2 numprocs=24
17: Starting Rabenseifner with non-power-of-2 numprocs=24
16: Starting Rabenseifner with non-power-of-2 numprocs=24
21: Starting Rabenseifner with non-power-of-2 numprocs=24
20: Starting Rabenseifner with non-power-of-2 numprocs=24
10: Starting Rabenseifner with non-power-of-2 numprocs=24
6: Starting Rabenseifner with non-power-of-2 numprocs=24
13: Starting Rabenseifner with non-power-of-2 numprocs=24
3: Starting Rabenseifner with non-power-of-2 numprocs=24
14: Starting Rabenseifner with non-power-of-2 numprocs=24
7: Starting Rabenseifner with non-power-of-2 numprocs=24
8: Starting Rabenseifner with non-power-of-2 numprocs=24
11: Starting Rabenseifner with non-power-of-2 numprocs=24
19: Starting Rabenseifner with non-power-of-2 numprocs=24
4: Starting Rabenseifner with non-power-of-2 numprocs=24
5: Starting Rabenseifner with non-power-of-2 numprocs=24
23: Starting Rabenseifner with non-power-of-2 numprocs=24
1: Starting Rabenseifner with non-power-of-2 numprocs=24
2: Starting Rabenseifner with non-power-of-2 numprocs=24
9: Starting Rabenseifner with non-power-of-2 numprocs=24
0: Starting Rabenseifner with non-power-of-2 numprocs=24
15: Starting Rabenseifner with non-power-of-2 numprocs=24
12: Starting Rabenseifner with non-power-of-2 numprocs=24
17: Starting Rabenseifner with non-power-of-2 numprocs=24
21: Starting Rabenseifner with non-power-of-2 numprocs=24
20: Starting Rabenseifner with non-power-of-2 numprocs=24
13: Starting Rabenseifner with non-power-of-2 numprocs=24
3: Starting Rabenseifner with non-power-of-2 numprocs=24
8: Starting Rabenseifner with non-power-of-2 numprocs=24
11: Starting Rabenseifner with non-power-of-2 numprocs=24
5: Starting Rabenseifner with non-power-of-2 numprocs=24
23: Starting Rabenseifner with non-power-of-2 numprocs=24
1: Starting Rabenseifner with non-power-of-2 numprocs=24
9: Starting Rabenseifner with non-power-of-2 numprocs=24
16: Starting Rabenseifner with non-power-of-2 numprocs=24
7: Starting Rabenseifner with non-power-of-2 numprocs=24
19: Starting Rabenseifner with non-power-of-2 numprocs=24
4: Starting Rabenseifner with non-power-of-2 numprocs=24
time: 0.000011s
Iteration 30
14: Starting Rabenseifner with non-power-of-2 numprocs=24
22: Starting Rabenseifner with non-power-of-2 numprocs=24
18: Starting Rabenseifner with non-power-of-2 numprocs=24
10: Starting Rabenseifner with non-power-of-2 numprocs=24
6: Starting Rabenseifner with non-power-of-2 numprocs=24
2: Starting Rabenseifner with non-power-of-2 numprocs=24
0: Starting Rabenseifner with non-power-of-2 numprocs=24
time: 0.000014s
15: Starting Rabenseifner with non-power-of-2 numprocs=24
Iteration 31
18: Starting Rabenseifner with non-power-of-2 numprocs=24
12: Starting Rabenseifner with non-power-of-2 numprocs=24
6: Starting Rabenseifner with non-power-of-2 numprocs=24
13: Starting Rabenseifner with non-power-of-2 numprocs=24
3: Starting Rabenseifner with non-power-of-2 numprocs=24
14: Starting Rabenseifner with non-power-of-2 numprocs=24
7: Starting Rabenseifner with non-power-of-2 numprocs=24
8: Starting Rabenseifner with non-power-of-2 numprocs=24
11: Starting Rabenseifner with non-power-of-2 numprocs=24
19: Starting Rabenseifner with non-power-of-2 numprocs=24
23: Starting Rabenseifner with non-power-of-2 numprocs=24
2: Starting Rabenseifner with non-power-of-2 numprocs=24
22: Starting Rabenseifner with non-power-of-2 numprocs=24
17: Starting Rabenseifner with non-power-of-2 numprocs=24
16: Starting Rabenseifner with non-power-of-2 numprocs=24
21: Starting Rabenseifner with non-power-of-2 numprocs=24
20: Starting Rabenseifner with non-power-of-2 numprocs=24
10: Starting Rabenseifner with non-power-of-2 numprocs=24
4: Starting Rabenseifner with non-power-of-2 numprocs=24
5: Starting Rabenseifner with non-power-of-2 numprocs=24
1: Starting Rabenseifner with non-power-of-2 numprocs=24
9: Starting Rabenseifner with non-power-of-2 numprocs=24
0: Starting Rabenseifner with non-power-of-2 numprocs=24
time: 0.000015s
Iteration 32
15: Starting Rabenseifner with non-power-of-2 numprocs=24
12: Starting Rabenseifner with non-power-of-2 numprocs=24
10: Starting Rabenseifner with non-power-of-2 numprocs=24
6: Starting Rabenseifner with non-power-of-2 numprocs=24
3: Starting Rabenseifner with non-power-of-2 numprocs=24
8: Starting Rabenseifner with non-power-of-2 numprocs=24
11: Starting Rabenseifner with non-power-of-2 numprocs=24
22: Starting Rabenseifner with non-power-of-2 numprocs=24
18: Starting Rabenseifner with non-power-of-2 numprocs=24
17: Starting Rabenseifner with non-power-of-2 numprocs=24
16: Starting Rabenseifner with non-power-of-2 numprocs=24
21: Starting Rabenseifner with non-power-of-2 numprocs=24
20: Starting Rabenseifner with non-power-of-2 numprocs=24
13: Starting Rabenseifner with non-power-of-2 numprocs=24
14: Starting Rabenseifner with non-power-of-2 numprocs=24
7: Starting Rabenseifner with non-power-of-2 numprocs=24
19: Starting Rabenseifner with non-power-of-2 numprocs=24
4: Starting Rabenseifner with non-power-of-2 numprocs=24
5: Starting Rabenseifner with non-power-of-2 numprocs=24
23: Starting Rabenseifner with non-power-of-2 numprocs=24
1: Starting Rabenseifner with non-power-of-2 numprocs=24
2: Starting Rabenseifner with non-power-of-2 numprocs=24
9: Starting Rabenseifner with non-power-of-2 numprocs=24
0: Starting Rabenseifner with non-power-of-2 numprocs=24
time: 0.000014s
Iteration 33
15: Starting Rabenseifner with non-power-of-2 numprocs=24
22: Starting Rabenseifner with non-power-of-2 numprocs=24
18: Starting Rabenseifner with non-power-of-2 numprocs=24
12: Starting Rabenseifner with non-power-of-2 numprocs=24
17: Starting Rabenseifner with non-power-of-2 numprocs=24
16: Starting Rabenseifner with non-power-of-2 numprocs=24
21: Starting Rabenseifner with non-power-of-2 numprocs=24
20: Starting Rabenseifner with non-power-of-2 numprocs=24
10: Starting Rabenseifner with non-power-of-2 numprocs=24
6: Starting Rabenseifner with non-power-of-2 numprocs=24
13: Starting Rabenseifner with non-power-of-2 numprocs=24
3: Starting Rabenseifner with non-power-of-2 numprocs=24
14: Starting Rabenseifner with non-power-of-2 numprocs=24
7: Starting Rabenseifner with non-power-of-2 numprocs=24
8: Starting Rabenseifner with non-power-of-2 numprocs=24
11: Starting Rabenseifner with non-power-of-2 numprocs=24
19: Starting Rabenseifner with non-power-of-2 numprocs=24
4: Starting Rabenseifner with non-power-of-2 numprocs=24
5: Starting Rabenseifner with non-power-of-2 numprocs=24
23: Starting Rabenseifner with non-power-of-2 numprocs=24
1: Starting Rabenseifner with non-power-of-2 numprocs=24
2: Starting Rabenseifner with non-power-of-2 numprocs=24
9: Starting Rabenseifner with non-power-of-2 numprocs=24
0: Starting Rabenseifner with non-power-of-2 numprocs=24
time: 0.000012s
15: Starting Rabenseifner with non-power-of-2 numprocs=24
Iteration 34
21: Starting Rabenseifner with non-power-of-2 numprocs=24
20: Starting Rabenseifner with non-power-of-2 numprocs=24
6: Starting Rabenseifner with non-power-of-2 numprocs=24
13: Starting Rabenseifner with non-power-of-2 numprocs=24
14: Starting Rabenseifner with non-power-of-2 numprocs=24
7: Starting Rabenseifner with non-power-of-2 numprocs=24
8: Starting Rabenseifner with non-power-of-2 numprocs=24
11: Starting Rabenseifner with non-power-of-2 numprocs=24
4: Starting Rabenseifner with non-power-of-2 numprocs=24
22: Starting Rabenseifner with non-power-of-2 numprocs=24
18: Starting Rabenseifner with non-power-of-2 numprocs=24
12: Starting Rabenseifner with non-power-of-2 numprocs=24
17: Starting Rabenseifner with non-power-of-2 numprocs=24
16: Starting Rabenseifner with non-power-of-2 numprocs=24
10: Starting Rabenseifner with non-power-of-2 numprocs=24
3: Starting Rabenseifner with non-power-of-2 numprocs=24
19: Starting Rabenseifner with non-power-of-2 numprocs=24
5: Starting Rabenseifner with non-power-of-2 numprocs=24
23: Starting Rabenseifner with non-power-of-2 numprocs=24
1: Starting Rabenseifner with non-power-of-2 numprocs=24
2: Starting Rabenseifner with non-power-of-2 numprocs=24
9: Starting Rabenseifner with non-power-of-2 numprocs=24
0: Starting Rabenseifner with non-power-of-2 numprocs=24
time: 0.000015s
15: Starting Rabenseifner with non-power-of-2 numprocs=24
Iteration 35
12: Starting Rabenseifner with non-power-of-2 numprocs=24
21: Starting Rabenseifner with non-power-of-2 numprocs=24
3: Starting Rabenseifner with non-power-of-2 numprocs=24
14: Starting Rabenseifner with non-power-of-2 numprocs=24
7: Starting Rabenseifner with non-power-of-2 numprocs=24
8: Starting Rabenseifner with non-power-of-2 numprocs=24
11: Starting Rabenseifner with non-power-of-2 numprocs=24
19: Starting Rabenseifner with non-power-of-2 numprocs=24
4: Starting Rabenseifner with non-power-of-2 numprocs=24
1: Starting Rabenseifner with non-power-of-2 numprocs=24
9: Starting Rabenseifner with non-power-of-2 numprocs=24
22: Starting Rabenseifner with non-power-of-2 numprocs=24
18: Starting Rabenseifner with non-power-of-2 numprocs=24
17: Starting Rabenseifner with non-power-of-2 numprocs=24
16: Starting Rabenseifner with non-power-of-2 numprocs=24
20: Starting Rabenseifner with non-power-of-2 numprocs=24
10: Starting Rabenseifner with non-power-of-2 numprocs=24
6: Starting Rabenseifner with non-power-of-2 numprocs=24
13: Starting Rabenseifner with non-power-of-2 numprocs=24
5: Starting Rabenseifner with non-power-of-2 numprocs=24
23: Starting Rabenseifner with non-power-of-2 numprocs=24
2: Starting Rabenseifner with non-power-of-2 numprocs=24
0: Starting Rabenseifner with non-power-of-2 numprocs=24
15: Starting Rabenseifner with non-power-of-2 numprocs=24
12: Starting Rabenseifner with non-power-of-2 numprocs=24
6: Starting Rabenseifner with non-power-of-2 numprocs=24
22: Starting Rabenseifner with non-power-of-2 numprocs=24
18: Starting Rabenseifner with non-power-of-2 numprocs=24
16: Starting Rabenseifner with non-power-of-2 numprocs=24
21: Starting Rabenseifner with non-power-of-2 numprocs=24
10: Starting Rabenseifner with non-power-of-2 numprocs=24
13: Starting Rabenseifner with non-power-of-2 numprocs=24
14: Starting Rabenseifner with non-power-of-2 numprocs=24
7: Starting Rabenseifner with non-power-of-2 numprocs=24
8: Starting Rabenseifner with non-power-of-2 numprocs=24
11: Starting Rabenseifner with non-power-of-2 numprocs=24
19: Starting Rabenseifner with non-power-of-2 numprocs=24
4: Starting Rabenseifner with non-power-of-2 numprocs=24
5: Starting Rabenseifner with non-power-of-2 numprocs=24
23: Starting Rabenseifner with non-power-of-2 numprocs=24
2: Starting Rabenseifner with non-power-of-2 numprocs=24
9: Starting Rabenseifner with non-power-of-2 numprocs=24
time: 0.000012s
Iteration 36
20: Starting Rabenseifner with non-power-of-2 numprocs=24
3: Starting Rabenseifner with non-power-of-2 numprocs=24
17: Starting Rabenseifner with non-power-of-2 numprocs=24
1: Starting Rabenseifner with non-power-of-2 numprocs=24
0: Starting Rabenseifner with non-power-of-2 numprocs=24
time: 0.000020s
15: Starting Rabenseifner with non-power-of-2 numprocs=24
Iteration 37
12: Starting Rabenseifner with non-power-of-2 numprocs=24
13: Starting Rabenseifner with non-power-of-2 numprocs=24
3: Starting Rabenseifner with non-power-of-2 numprocs=24
8: Starting Rabenseifner with non-power-of-2 numprocs=24
19: Starting Rabenseifner with non-power-of-2 numprocs=24
5: Starting Rabenseifner with non-power-of-2 numprocs=24
1: Starting Rabenseifner with non-power-of-2 numprocs=24
2: Starting Rabenseifner with non-power-of-2 numprocs=24
22: Starting Rabenseifner with non-power-of-2 numprocs=24
18: Starting Rabenseifner with non-power-of-2 numprocs=24
17: Starting Rabenseifner with non-power-of-2 numprocs=24
16: Starting Rabenseifner with non-power-of-2 numprocs=24
21: Starting Rabenseifner with non-power-of-2 numprocs=24
20: Starting Rabenseifner with non-power-of-2 numprocs=24
10: Starting Rabenseifner with non-power-of-2 numprocs=24
6: Starting Rabenseifner with non-power-of-2 numprocs=24
14: Starting Rabenseifner with non-power-of-2 numprocs=24
7: Starting Rabenseifner with non-power-of-2 numprocs=24
11: Starting Rabenseifner with non-power-of-2 numprocs=24
4: Starting Rabenseifner with non-power-of-2 numprocs=24
23: Starting Rabenseifner with non-power-of-2 numprocs=24
9: Starting Rabenseifner with non-power-of-2 numprocs=24
0: Starting Rabenseifner with non-power-of-2 numprocs=24
time: 0.000012s
Iteration 38
15: Starting Rabenseifner with non-power-of-2 numprocs=24
22: Starting Rabenseifner with non-power-of-2 numprocs=24
18: Starting Rabenseifner with non-power-of-2 numprocs=24
12: Starting Rabenseifner with non-power-of-2 numprocs=24
17: Starting Rabenseifner with non-power-of-2 numprocs=24
16: Starting Rabenseifner with non-power-of-2 numprocs=24
21: Starting Rabenseifner with non-power-of-2 numprocs=24
20: Starting Rabenseifner with non-power-of-2 numprocs=24
10: Starting Rabenseifner with non-power-of-2 numprocs=24
6: Starting Rabenseifner with non-power-of-2 numprocs=24
13: Starting Rabenseifner with non-power-of-2 numprocs=24
3: Starting Rabenseifner with non-power-of-2 numprocs=24
14: Starting Rabenseifner with non-power-of-2 numprocs=24
7: Starting Rabenseifner with non-power-of-2 numprocs=24
8: Starting Rabenseifner with non-power-of-2 numprocs=24
11: Starting Rabenseifner with non-power-of-2 numprocs=24
19: Starting Rabenseifner with non-power-of-2 numprocs=24
4: Starting Rabenseifner with non-power-of-2 numprocs=24
5: Starting Rabenseifner with non-power-of-2 numprocs=24
23: Starting Rabenseifner with non-power-of-2 numprocs=24
1: Starting Rabenseifner with non-power-of-2 numprocs=24
2: Starting Rabenseifner with non-power-of-2 numprocs=24
9: Starting Rabenseifner with non-power-of-2 numprocs=24
0: Starting Rabenseifner with non-power-of-2 numprocs=24
time: 0.000014s
Iteration 39
15: Starting Rabenseifner with non-power-of-2 numprocs=24
12: Starting Rabenseifner with non-power-of-2 numprocs=24
14: Starting Rabenseifner with non-power-of-2 numprocs=24
8: Starting Rabenseifner with non-power-of-2 numprocs=24
4: Starting Rabenseifner with non-power-of-2 numprocs=24
22: Starting Rabenseifner with non-power-of-2 numprocs=24
18: Starting Rabenseifner with non-power-of-2 numprocs=24
17: Starting Rabenseifner with non-power-of-2 numprocs=24
16: Starting Rabenseifner with non-power-of-2 numprocs=24
21: Starting Rabenseifner with non-power-of-2 numprocs=24
20: Starting Rabenseifner with non-power-of-2 numprocs=24
10: Starting Rabenseifner with non-power-of-2 numprocs=24
6: Starting Rabenseifner with non-power-of-2 numprocs=24
13: Starting Rabenseifner with non-power-of-2 numprocs=24
3: Starting Rabenseifner with non-power-of-2 numprocs=24
7: Starting Rabenseifner with non-power-of-2 numprocs=24
11: Starting Rabenseifner with non-power-of-2 numprocs=24
19: Starting Rabenseifner with non-power-of-2 numprocs=24
5: Starting Rabenseifner with non-power-of-2 numprocs=24
23: Starting Rabenseifner with non-power-of-2 numprocs=24
1: Starting Rabenseifner with non-power-of-2 numprocs=24
2: Starting Rabenseifner with non-power-of-2 numprocs=24
9: Starting Rabenseifner with non-power-of-2 numprocs=24
0: Starting Rabenseifner with non-power-of-2 numprocs=24
time: 0.000013s
15: Starting Rabenseifner with non-power-of-2 numprocs=24
21: Starting Rabenseifner with non-power-of-2 numprocs=24
10: Starting Rabenseifner with non-power-of-2 numprocs=24
13: Starting Rabenseifner with non-power-of-2 numprocs=24
3: Starting Rabenseifner with non-power-of-2 numprocs=24
14: Starting Rabenseifner with non-power-of-2 numprocs=24
8: Starting Rabenseifner with non-power-of-2 numprocs=24
11: Starting Rabenseifner with non-power-of-2 numprocs=24
19: Starting Rabenseifner with non-power-of-2 numprocs=24
1: Starting Rabenseifner with non-power-of-2 numprocs=24
9: Starting Rabenseifner with non-power-of-2 numprocs=24
22: Starting Rabenseifner with non-power-of-2 numprocs=24
18: Starting Rabenseifner with non-power-of-2 numprocs=24
12: Starting Rabenseifner with non-power-of-2 numprocs=24
17: Starting Rabenseifner with non-power-of-2 numprocs=24
16: Starting Rabenseifner with non-power-of-2 numprocs=24
20: Starting Rabenseifner with non-power-of-2 numprocs=24
6: Starting Rabenseifner with non-power-of-2 numprocs=24
7: Starting Rabenseifner with non-power-of-2 numprocs=24
4: Starting Rabenseifner with non-power-of-2 numprocs=24
5: Starting Rabenseifner with non-power-of-2 numprocs=24
23: Starting Rabenseifner with non-power-of-2 numprocs=24
2: Starting Rabenseifner with non-power-of-2 numprocs=24
