14: Starting numprocs=24 N=8192, M=8192 impl=allreduce-rabenseifner
20: Starting numprocs=24 N=8192, M=8192 impl=allreduce-rabenseifner
4: Starting numprocs=24 N=8192, M=8192 impl=allreduce-rabenseifner
18: Starting numprocs=24 N=8192, M=8192 impl=allreduce-rabenseifner
21: Starting numprocs=24 N=8192, M=8192 impl=allreduce-rabenseifner
0: Starting numprocs=24 N=8192, M=8192 impl=allreduce-rabenseifner
Iteration 0
23: Starting numprocs=24 N=8192, M=8192 impl=allreduce-rabenseifner
1: Starting numprocs=24 N=8192, M=8192 impl=allreduce-rabenseifner
17: Starting numprocs=24 N=8192, M=8192 impl=allreduce-rabenseifner
7: Starting numprocs=24 N=8192, M=8192 impl=allreduce-rabenseifner
16: Starting numprocs=24 N=8192, M=8192 impl=allreduce-rabenseifner
8: Starting numprocs=24 N=8192, M=8192 impl=allreduce-rabenseifner
12: Starting numprocs=24 N=8192, M=8192 impl=allreduce-rabenseifner
2: Starting numprocs=24 N=8192, M=8192 impl=allreduce-rabenseifner
11: Starting numprocs=24 N=8192, M=8192 impl=allreduce-rabenseifner
10: Starting numprocs=24 N=8192, M=8192 impl=allreduce-rabenseifner
9: Starting numprocs=24 N=8192, M=8192 impl=allreduce-rabenseifner
3: Starting numprocs=24 N=8192, M=8192 impl=allreduce-rabenseifner
22: Starting numprocs=24 N=8192, M=8192 impl=allreduce-rabenseifner
19: Starting numprocs=24 N=8192, M=8192 impl=allreduce-rabenseifner
13: Starting numprocs=24 N=8192, M=8192 impl=allreduce-rabenseifner
5: Starting numprocs=24 N=8192, M=8192 impl=allreduce-rabenseifner
6: Starting numprocs=24 N=8192, M=8192 impl=allreduce-rabenseifner
15: Starting numprocs=24 N=8192, M=8192 impl=allreduce-rabenseifner
0: Starting Rabenseifner with non-power-of-2 numprocs=24
8: Starting Rabenseifner with non-power-of-2 numprocs=24
16: Starting Rabenseifner with non-power-of-2 numprocs=24
14: Starting Rabenseifner with non-power-of-2 numprocs=24
6: Starting Rabenseifner with non-power-of-2 numprocs=24
22: Starting Rabenseifner with non-power-of-2 numprocs=24
20: Starting Rabenseifner with non-power-of-2 numprocs=24
4: Starting Rabenseifner with non-power-of-2 numprocs=24
12: Starting Rabenseifner with non-power-of-2 numprocs=24
18: Starting Rabenseifner with non-power-of-2 numprocs=24
10: Starting Rabenseifner with non-power-of-2 numprocs=24
2: Starting Rabenseifner with non-power-of-2 numprocs=24
13: Starting Rabenseifner with non-power-of-2 numprocs=24
9: Starting Rabenseifner with non-power-of-2 numprocs=24
19: Starting Rabenseifner with non-power-of-2 numprocs=24
17: Starting Rabenseifner with non-power-of-2 numprocs=24
21: Starting Rabenseifner with non-power-of-2 numprocs=24
5: Starting Rabenseifner with non-power-of-2 numprocs=24
11: Starting Rabenseifner with non-power-of-2 numprocs=24
3: Starting Rabenseifner with non-power-of-2 numprocs=24
1: Starting Rabenseifner with non-power-of-2 numprocs=24
15: Starting Rabenseifner with non-power-of-2 numprocs=24
7: Starting Rabenseifner with non-power-of-2 numprocs=24
23: Starting Rabenseifner with non-power-of-2 numprocs=24
time: 0.000015s
Iteration 1
0: Starting Rabenseifner with non-power-of-2 numprocs=24
time: 0.000013s
Iteration 2
13: Starting Rabenseifner with non-power-of-2 numprocs=24
14: Starting Rabenseifner with non-power-of-2 numprocs=24
12: Starting Rabenseifner with non-power-of-2 numprocs=24
9: Starting Rabenseifner with non-power-of-2 numprocs=24
20: Starting Rabenseifner with non-power-of-2 numprocs=24
19: Starting Rabenseifner with non-power-of-2 numprocs=24
17: Starting Rabenseifner with non-power-of-2 numprocs=24
8: Starting Rabenseifner with non-power-of-2 numprocs=24
4: Starting Rabenseifner with non-power-of-2 numprocs=24
18: Starting Rabenseifner with non-power-of-2 numprocs=24
15: Starting Rabenseifner with non-power-of-2 numprocs=24
21: Starting Rabenseifner with non-power-of-2 numprocs=24
5: Starting Rabenseifner with non-power-of-2 numprocs=24
7: Starting Rabenseifner with non-power-of-2 numprocs=24
11: Starting Rabenseifner with non-power-of-2 numprocs=24
3: Starting Rabenseifner with non-power-of-2 numprocs=24
6: Starting Rabenseifner with non-power-of-2 numprocs=24
10: Starting Rabenseifner with non-power-of-2 numprocs=24
22: Starting Rabenseifner with non-power-of-2 numprocs=24
23: Starting Rabenseifner with non-power-of-2 numprocs=24
16: Starting Rabenseifner with non-power-of-2 numprocs=24
2: Starting Rabenseifner with non-power-of-2 numprocs=24
1: Starting Rabenseifner with non-power-of-2 numprocs=24
0: Starting Rabenseifner with non-power-of-2 numprocs=24
time: 0.000012s
Iteration 3
19: Starting Rabenseifner with non-power-of-2 numprocs=24
13: Starting Rabenseifner with non-power-of-2 numprocs=24
14: Starting Rabenseifner with non-power-of-2 numprocs=24
12: Starting Rabenseifner with non-power-of-2 numprocs=24
9: Starting Rabenseifner with non-power-of-2 numprocs=24
20: Starting Rabenseifner with non-power-of-2 numprocs=24
17: Starting Rabenseifner with non-power-of-2 numprocs=24
8: Starting Rabenseifner with non-power-of-2 numprocs=24
4: Starting Rabenseifner with non-power-of-2 numprocs=24
18: Starting Rabenseifner with non-power-of-2 numprocs=24
15: Starting Rabenseifner with non-power-of-2 numprocs=24
21: Starting Rabenseifner with non-power-of-2 numprocs=24
5: Starting Rabenseifner with non-power-of-2 numprocs=24
7: Starting Rabenseifner with non-power-of-2 numprocs=24
11: Starting Rabenseifner with non-power-of-2 numprocs=24
3: Starting Rabenseifner with non-power-of-2 numprocs=24
6: Starting Rabenseifner with non-power-of-2 numprocs=24
10: Starting Rabenseifner with non-power-of-2 numprocs=24
22: Starting Rabenseifner with non-power-of-2 numprocs=24
23: Starting Rabenseifner with non-power-of-2 numprocs=24
16: Starting Rabenseifner with non-power-of-2 numprocs=24
2: Starting Rabenseifner with non-power-of-2 numprocs=24
1: Starting Rabenseifner with non-power-of-2 numprocs=24
0: Starting Rabenseifner with non-power-of-2 numprocs=24
time: 0.000014s
Iteration 4
14: Starting Rabenseifner with non-power-of-2 numprocs=24
12: Starting Rabenseifner with non-power-of-2 numprocs=24
19: Starting Rabenseifner with non-power-of-2 numprocs=24
8: Starting Rabenseifner with non-power-of-2 numprocs=24
16: Starting Rabenseifner with non-power-of-2 numprocs=24
13: Starting Rabenseifner with non-power-of-2 numprocs=24
9: Starting Rabenseifner with non-power-of-2 numprocs=24
20: Starting Rabenseifner with non-power-of-2 numprocs=24
17: Starting Rabenseifner with non-power-of-2 numprocs=24
4: Starting Rabenseifner with non-power-of-2 numprocs=24
18: Starting Rabenseifner with non-power-of-2 numprocs=24
15: Starting Rabenseifner with non-power-of-2 numprocs=24
21: Starting Rabenseifner with non-power-of-2 numprocs=24
5: Starting Rabenseifner with non-power-of-2 numprocs=24
7: Starting Rabenseifner with non-power-of-2 numprocs=24
11: Starting Rabenseifner with non-power-of-2 numprocs=24
3: Starting Rabenseifner with non-power-of-2 numprocs=24
6: Starting Rabenseifner with non-power-of-2 numprocs=24
10: Starting Rabenseifner with non-power-of-2 numprocs=24
22: Starting Rabenseifner with non-power-of-2 numprocs=24
23: Starting Rabenseifner with non-power-of-2 numprocs=24
2: Starting Rabenseifner with non-power-of-2 numprocs=24
1: Starting Rabenseifner with non-power-of-2 numprocs=24
0: Starting Rabenseifner with non-power-of-2 numprocs=24
time: 0.000012s
Iteration 5
19: Starting Rabenseifner with non-power-of-2 numprocs=24
13: Starting Rabenseifner with non-power-of-2 numprocs=24
14: Starting Rabenseifner with non-power-of-2 numprocs=24
12: Starting Rabenseifner with non-power-of-2 numprocs=24
9: Starting Rabenseifner with non-power-of-2 numprocs=24
20: Starting Rabenseifner with non-power-of-2 numprocs=24
17: Starting Rabenseifner with non-power-of-2 numprocs=24
8: Starting Rabenseifner with non-power-of-2 numprocs=24
4: Starting Rabenseifner with non-power-of-2 numprocs=24
18: Starting Rabenseifner with non-power-of-2 numprocs=24
15: Starting Rabenseifner with non-power-of-2 numprocs=24
21: Starting Rabenseifner with non-power-of-2 numprocs=24
5: Starting Rabenseifner with non-power-of-2 numprocs=24
7: Starting Rabenseifner with non-power-of-2 numprocs=24
11: Starting Rabenseifner with non-power-of-2 numprocs=24
3: Starting Rabenseifner with non-power-of-2 numprocs=24
6: Starting Rabenseifner with non-power-of-2 numprocs=24
10: Starting Rabenseifner with non-power-of-2 numprocs=24
22: Starting Rabenseifner with non-power-of-2 numprocs=24
23: Starting Rabenseifner with non-power-of-2 numprocs=24
16: Starting Rabenseifner with non-power-of-2 numprocs=24
2: Starting Rabenseifner with non-power-of-2 numprocs=24
1: Starting Rabenseifner with non-power-of-2 numprocs=24
0: Starting Rabenseifner with non-power-of-2 numprocs=24
time: 0.000012s
Iteration 6
13: Starting Rabenseifner with non-power-of-2 numprocs=24
14: Starting Rabenseifner with non-power-of-2 numprocs=24
19: Starting Rabenseifner with non-power-of-2 numprocs=24
16: Starting Rabenseifner with non-power-of-2 numprocs=24
12: Starting Rabenseifner with non-power-of-2 numprocs=24
9: Starting Rabenseifner with non-power-of-2 numprocs=24
20: Starting Rabenseifner with non-power-of-2 numprocs=24
17: Starting Rabenseifner with non-power-of-2 numprocs=24
8: Starting Rabenseifner with non-power-of-2 numprocs=24
4: Starting Rabenseifner with non-power-of-2 numprocs=24
18: Starting Rabenseifner with non-power-of-2 numprocs=24
15: Starting Rabenseifner with non-power-of-2 numprocs=24
21: Starting Rabenseifner with non-power-of-2 numprocs=24
5: Starting Rabenseifner with non-power-of-2 numprocs=24
7: Starting Rabenseifner with non-power-of-2 numprocs=24
11: Starting Rabenseifner with non-power-of-2 numprocs=24
3: Starting Rabenseifner with non-power-of-2 numprocs=24
6: Starting Rabenseifner with non-power-of-2 numprocs=24
10: Starting Rabenseifner with non-power-of-2 numprocs=24
22: Starting Rabenseifner with non-power-of-2 numprocs=24
23: Starting Rabenseifner with non-power-of-2 numprocs=24
2: Starting Rabenseifner with non-power-of-2 numprocs=24
1: Starting Rabenseifner with non-power-of-2 numprocs=24
0: Starting Rabenseifner with non-power-of-2 numprocs=24
time: 0.000012s
Iteration 7
14: Starting Rabenseifner with non-power-of-2 numprocs=24
19: Starting Rabenseifner with non-power-of-2 numprocs=24
11: Starting Rabenseifner with non-power-of-2 numprocs=24
13: Starting Rabenseifner with non-power-of-2 numprocs=24
12: Starting Rabenseifner with non-power-of-2 numprocs=24
9: Starting Rabenseifner with non-power-of-2 numprocs=24
20: Starting Rabenseifner with non-power-of-2 numprocs=24
17: Starting Rabenseifner with non-power-of-2 numprocs=24
8: Starting Rabenseifner with non-power-of-2 numprocs=24
4: Starting Rabenseifner with non-power-of-2 numprocs=24
18: Starting Rabenseifner with non-power-of-2 numprocs=24
15: Starting Rabenseifner with non-power-of-2 numprocs=24
21: Starting Rabenseifner with non-power-of-2 numprocs=24
5: Starting Rabenseifner with non-power-of-2 numprocs=24
7: Starting Rabenseifner with non-power-of-2 numprocs=24
3: Starting Rabenseifner with non-power-of-2 numprocs=24
6: Starting Rabenseifner with non-power-of-2 numprocs=24
10: Starting Rabenseifner with non-power-of-2 numprocs=24
22: Starting Rabenseifner with non-power-of-2 numprocs=24
23: Starting Rabenseifner with non-power-of-2 numprocs=24
16: Starting Rabenseifner with non-power-of-2 numprocs=24
2: Starting Rabenseifner with non-power-of-2 numprocs=24
1: Starting Rabenseifner with non-power-of-2 numprocs=24
0: Starting Rabenseifner with non-power-of-2 numprocs=24
time: 0.000014s
Iteration 8
20: Starting Rabenseifner with non-power-of-2 numprocs=24
19: Starting Rabenseifner with non-power-of-2 numprocs=24
8: Starting Rabenseifner with non-power-of-2 numprocs=24
18: Starting Rabenseifner with non-power-of-2 numprocs=24
16: Starting Rabenseifner with non-power-of-2 numprocs=24
13: Starting Rabenseifner with non-power-of-2 numprocs=24
14: Starting Rabenseifner with non-power-of-2 numprocs=24
12: Starting Rabenseifner with non-power-of-2 numprocs=24
9: Starting Rabenseifner with non-power-of-2 numprocs=24
17: Starting Rabenseifner with non-power-of-2 numprocs=24
4: Starting Rabenseifner with non-power-of-2 numprocs=24
15: Starting Rabenseifner with non-power-of-2 numprocs=24
21: Starting Rabenseifner with non-power-of-2 numprocs=24
5: Starting Rabenseifner with non-power-of-2 numprocs=24
7: Starting Rabenseifner with non-power-of-2 numprocs=24
11: Starting Rabenseifner with non-power-of-2 numprocs=24
3: Starting Rabenseifner with non-power-of-2 numprocs=24
6: Starting Rabenseifner with non-power-of-2 numprocs=24
10: Starting Rabenseifner with non-power-of-2 numprocs=24
22: Starting Rabenseifner with non-power-of-2 numprocs=24
23: Starting Rabenseifner with non-power-of-2 numprocs=24
2: Starting Rabenseifner with non-power-of-2 numprocs=24
1: Starting Rabenseifner with non-power-of-2 numprocs=24
0: Starting Rabenseifner with non-power-of-2 numprocs=24
time: 0.000013s
Iteration 9
20: Starting Rabenseifner with non-power-of-2 numprocs=24
19: Starting Rabenseifner with non-power-of-2 numprocs=24
18: Starting Rabenseifner with non-power-of-2 numprocs=24
15: Starting Rabenseifner with non-power-of-2 numprocs=24
7: Starting Rabenseifner with non-power-of-2 numprocs=24
16: Starting Rabenseifner with non-power-of-2 numprocs=24
1: Starting Rabenseifner with non-power-of-2 numprocs=24
13: Starting Rabenseifner with non-power-of-2 numprocs=24
14: Starting Rabenseifner with non-power-of-2 numprocs=24
12: Starting Rabenseifner with non-power-of-2 numprocs=24
9: Starting Rabenseifner with non-power-of-2 numprocs=24
17: Starting Rabenseifner with non-power-of-2 numprocs=24
8: Starting Rabenseifner with non-power-of-2 numprocs=24
4: Starting Rabenseifner with non-power-of-2 numprocs=24
21: Starting Rabenseifner with non-power-of-2 numprocs=24
5: Starting Rabenseifner with non-power-of-2 numprocs=24
11: Starting Rabenseifner with non-power-of-2 numprocs=24
3: Starting Rabenseifner with non-power-of-2 numprocs=24
6: Starting Rabenseifner with non-power-of-2 numprocs=24
10: Starting Rabenseifner with non-power-of-2 numprocs=24
22: Starting Rabenseifner with non-power-of-2 numprocs=24
23: Starting Rabenseifner with non-power-of-2 numprocs=24
2: Starting Rabenseifner with non-power-of-2 numprocs=24
0: Starting Rabenseifner with non-power-of-2 numprocs=24
time: 0.000012s
Iteration 10
9: Starting Rabenseifner with non-power-of-2 numprocs=24
19: Starting Rabenseifner with non-power-of-2 numprocs=24
15: Starting Rabenseifner with non-power-of-2 numprocs=24
7: Starting Rabenseifner with non-power-of-2 numprocs=24
6: Starting Rabenseifner with non-power-of-2 numprocs=24
13: Starting Rabenseifner with non-power-of-2 numprocs=24
14: Starting Rabenseifner with non-power-of-2 numprocs=24
12: Starting Rabenseifner with non-power-of-2 numprocs=24
20: Starting Rabenseifner with non-power-of-2 numprocs=24
17: Starting Rabenseifner with non-power-of-2 numprocs=24
8: Starting Rabenseifner with non-power-of-2 numprocs=24
4: Starting Rabenseifner with non-power-of-2 numprocs=24
18: Starting Rabenseifner with non-power-of-2 numprocs=24
21: Starting Rabenseifner with non-power-of-2 numprocs=24
5: Starting Rabenseifner with non-power-of-2 numprocs=24
11: Starting Rabenseifner with non-power-of-2 numprocs=24
3: Starting Rabenseifner with non-power-of-2 numprocs=24
10: Starting Rabenseifner with non-power-of-2 numprocs=24
22: Starting Rabenseifner with non-power-of-2 numprocs=24
23: Starting Rabenseifner with non-power-of-2 numprocs=24
16: Starting Rabenseifner with non-power-of-2 numprocs=24
2: Starting Rabenseifner with non-power-of-2 numprocs=24
1: Starting Rabenseifner with non-power-of-2 numprocs=24
0: Starting Rabenseifner with non-power-of-2 numprocs=24
time: 0.000012s
Iteration 11
12: Starting Rabenseifner with non-power-of-2 numprocs=24
19: Starting Rabenseifner with non-power-of-2 numprocs=24
16: Starting Rabenseifner with non-power-of-2 numprocs=24
13: Starting Rabenseifner with non-power-of-2 numprocs=24
14: Starting Rabenseifner with non-power-of-2 numprocs=24
20: Starting Rabenseifner with non-power-of-2 numprocs=24
17: Starting Rabenseifner with non-power-of-2 numprocs=24
8: Starting Rabenseifner with non-power-of-2 numprocs=24
4: Starting Rabenseifner with non-power-of-2 numprocs=24
18: Starting Rabenseifner with non-power-of-2 numprocs=24
15: Starting Rabenseifner with non-power-of-2 numprocs=24
21: Starting Rabenseifner with non-power-of-2 numprocs=24
5: Starting Rabenseifner with non-power-of-2 numprocs=24
7: Starting Rabenseifner with non-power-of-2 numprocs=24
11: Starting Rabenseifner with non-power-of-2 numprocs=24
3: Starting Rabenseifner with non-power-of-2 numprocs=24
6: Starting Rabenseifner with non-power-of-2 numprocs=24
10: Starting Rabenseifner with non-power-of-2 numprocs=24
22: Starting Rabenseifner with non-power-of-2 numprocs=24
23: Starting Rabenseifner with non-power-of-2 numprocs=24
2: Starting Rabenseifner with non-power-of-2 numprocs=24
1: Starting Rabenseifner with non-power-of-2 numprocs=24
9: Starting Rabenseifner with non-power-of-2 numprocs=24
0: Starting Rabenseifner with non-power-of-2 numprocs=24
time: 0.000012s
19: Starting Rabenseifner with non-power-of-2 numprocs=24
Iteration 12
13: Starting Rabenseifner with non-power-of-2 numprocs=24
14: Starting Rabenseifner with non-power-of-2 numprocs=24
17: Starting Rabenseifner with non-power-of-2 numprocs=24
18: Starting Rabenseifner with non-power-of-2 numprocs=24
15: Starting Rabenseifner with non-power-of-2 numprocs=24
5: Starting Rabenseifner with non-power-of-2 numprocs=24
7: Starting Rabenseifner with non-power-of-2 numprocs=24
12: Starting Rabenseifner with non-power-of-2 numprocs=24
9: Starting Rabenseifner with non-power-of-2 numprocs=24
20: Starting Rabenseifner with non-power-of-2 numprocs=24
8: Starting Rabenseifner with non-power-of-2 numprocs=24
4: Starting Rabenseifner with non-power-of-2 numprocs=24
21: Starting Rabenseifner with non-power-of-2 numprocs=24
11: Starting Rabenseifner with non-power-of-2 numprocs=24
3: Starting Rabenseifner with non-power-of-2 numprocs=24
6: Starting Rabenseifner with non-power-of-2 numprocs=24
10: Starting Rabenseifner with non-power-of-2 numprocs=24
22: Starting Rabenseifner with non-power-of-2 numprocs=24
23: Starting Rabenseifner with non-power-of-2 numprocs=24
16: Starting Rabenseifner with non-power-of-2 numprocs=24
2: Starting Rabenseifner with non-power-of-2 numprocs=24
1: Starting Rabenseifner with non-power-of-2 numprocs=24
0: Starting Rabenseifner with non-power-of-2 numprocs=24
time: 0.000013s
Iteration 13
14: Starting Rabenseifner with non-power-of-2 numprocs=24
20: Starting Rabenseifner with non-power-of-2 numprocs=24
19: Starting Rabenseifner with non-power-of-2 numprocs=24
18: Starting Rabenseifner with non-power-of-2 numprocs=24
15: Starting Rabenseifner with non-power-of-2 numprocs=24
21: Starting Rabenseifner with non-power-of-2 numprocs=24
1: Starting Rabenseifner with non-power-of-2 numprocs=24
13: Starting Rabenseifner with non-power-of-2 numprocs=24
12: Starting Rabenseifner with non-power-of-2 numprocs=24
9: Starting Rabenseifner with non-power-of-2 numprocs=24
17: Starting Rabenseifner with non-power-of-2 numprocs=24
8: Starting Rabenseifner with non-power-of-2 numprocs=24
4: Starting Rabenseifner with non-power-of-2 numprocs=24
5: Starting Rabenseifner with non-power-of-2 numprocs=24
7: Starting Rabenseifner with non-power-of-2 numprocs=24
11: Starting Rabenseifner with non-power-of-2 numprocs=24
3: Starting Rabenseifner with non-power-of-2 numprocs=24
6: Starting Rabenseifner with non-power-of-2 numprocs=24
10: Starting Rabenseifner with non-power-of-2 numprocs=24
22: Starting Rabenseifner with non-power-of-2 numprocs=24
23: Starting Rabenseifner with non-power-of-2 numprocs=24
16: Starting Rabenseifner with non-power-of-2 numprocs=24
2: Starting Rabenseifner with non-power-of-2 numprocs=24
0: Starting Rabenseifner with non-power-of-2 numprocs=24
13: Starting Rabenseifner with non-power-of-2 numprocs=24
12: Starting Rabenseifner with non-power-of-2 numprocs=24
19: Starting Rabenseifner with non-power-of-2 numprocs=24
14: Starting Rabenseifner with non-power-of-2 numprocs=24
9: Starting Rabenseifner with non-power-of-2 numprocs=24
17: Starting Rabenseifner with non-power-of-2 numprocs=24
8: Starting Rabenseifner with non-power-of-2 numprocs=24
4: Starting Rabenseifner with non-power-of-2 numprocs=24
18: Starting Rabenseifner with non-power-of-2 numprocs=24
15: Starting Rabenseifner with non-power-of-2 numprocs=24
21: Starting Rabenseifner with non-power-of-2 numprocs=24
5: Starting Rabenseifner with non-power-of-2 numprocs=24
7: Starting Rabenseifner with non-power-of-2 numprocs=24
11: Starting Rabenseifner with non-power-of-2 numprocs=24
3: Starting Rabenseifner with non-power-of-2 numprocs=24
6: Starting Rabenseifner with non-power-of-2 numprocs=24
10: Starting Rabenseifner with non-power-of-2 numprocs=24
22: Starting Rabenseifner with non-power-of-2 numprocs=24
23: Starting Rabenseifner with non-power-of-2 numprocs=24
16: Starting Rabenseifner with non-power-of-2 numprocs=24
2: Starting Rabenseifner with non-power-of-2 numprocs=24
1: Starting Rabenseifner with non-power-of-2 numprocs=24
time: 0.000015s
Iteration 14
20: Starting Rabenseifner with non-power-of-2 numprocs=24
0: Starting Rabenseifner with non-power-of-2 numprocs=24
time: 0.000010s
Iteration 15
13: Starting Rabenseifner with non-power-of-2 numprocs=24
14: Starting Rabenseifner with non-power-of-2 numprocs=24
12: Starting Rabenseifner with non-power-of-2 numprocs=24
9: Starting Rabenseifner with non-power-of-2 numprocs=24
20: Starting Rabenseifner with non-power-of-2 numprocs=24
19: Starting Rabenseifner with non-power-of-2 numprocs=24
17: Starting Rabenseifner with non-power-of-2 numprocs=24
8: Starting Rabenseifner with non-power-of-2 numprocs=24
4: Starting Rabenseifner with non-power-of-2 numprocs=24
18: Starting Rabenseifner with non-power-of-2 numprocs=24
15: Starting Rabenseifner with non-power-of-2 numprocs=24
21: Starting Rabenseifner with non-power-of-2 numprocs=24
5: Starting Rabenseifner with non-power-of-2 numprocs=24
7: Starting Rabenseifner with non-power-of-2 numprocs=24
11: Starting Rabenseifner with non-power-of-2 numprocs=24
3: Starting Rabenseifner with non-power-of-2 numprocs=24
6: Starting Rabenseifner with non-power-of-2 numprocs=24
10: Starting Rabenseifner with non-power-of-2 numprocs=24
22: Starting Rabenseifner with non-power-of-2 numprocs=24
23: Starting Rabenseifner with non-power-of-2 numprocs=24
16: Starting Rabenseifner with non-power-of-2 numprocs=24
2: Starting Rabenseifner with non-power-of-2 numprocs=24
1: Starting Rabenseifner with non-power-of-2 numprocs=24
0: Starting Rabenseifner with non-power-of-2 numprocs=24
time: 0.000013s
Iteration 16
12: Starting Rabenseifner with non-power-of-2 numprocs=24
20: Starting Rabenseifner with non-power-of-2 numprocs=24
4: Starting Rabenseifner with non-power-of-2 numprocs=24
13: Starting Rabenseifner with non-power-of-2 numprocs=24
14: Starting Rabenseifner with non-power-of-2 numprocs=24
9: Starting Rabenseifner with non-power-of-2 numprocs=24
19: Starting Rabenseifner with non-power-of-2 numprocs=24
17: Starting Rabenseifner with non-power-of-2 numprocs=24
8: Starting Rabenseifner with non-power-of-2 numprocs=24
18: Starting Rabenseifner with non-power-of-2 numprocs=24
15: Starting Rabenseifner with non-power-of-2 numprocs=24
21: Starting Rabenseifner with non-power-of-2 numprocs=24
5: Starting Rabenseifner with non-power-of-2 numprocs=24
7: Starting Rabenseifner with non-power-of-2 numprocs=24
11: Starting Rabenseifner with non-power-of-2 numprocs=24
3: Starting Rabenseifner with non-power-of-2 numprocs=24
6: Starting Rabenseifner with non-power-of-2 numprocs=24
10: Starting Rabenseifner with non-power-of-2 numprocs=24
22: Starting Rabenseifner with non-power-of-2 numprocs=24
23: Starting Rabenseifner with non-power-of-2 numprocs=24
16: Starting Rabenseifner with non-power-of-2 numprocs=24
2: Starting Rabenseifner with non-power-of-2 numprocs=24
1: Starting Rabenseifner with non-power-of-2 numprocs=24
0: Starting Rabenseifner with non-power-of-2 numprocs=24
time: 0.000013s
Iteration 17
13: Starting Rabenseifner with non-power-of-2 numprocs=24
12: Starting Rabenseifner with non-power-of-2 numprocs=24
19: Starting Rabenseifner with non-power-of-2 numprocs=24
16: Starting Rabenseifner with non-power-of-2 numprocs=24
14: Starting Rabenseifner with non-power-of-2 numprocs=24
9: Starting Rabenseifner with non-power-of-2 numprocs=24
20: Starting Rabenseifner with non-power-of-2 numprocs=24
17: Starting Rabenseifner with non-power-of-2 numprocs=24
8: Starting Rabenseifner with non-power-of-2 numprocs=24
4: Starting Rabenseifner with non-power-of-2 numprocs=24
18: Starting Rabenseifner with non-power-of-2 numprocs=24
15: Starting Rabenseifner with non-power-of-2 numprocs=24
21: Starting Rabenseifner with non-power-of-2 numprocs=24
5: Starting Rabenseifner with non-power-of-2 numprocs=24
7: Starting Rabenseifner with non-power-of-2 numprocs=24
11: Starting Rabenseifner with non-power-of-2 numprocs=24
3: Starting Rabenseifner with non-power-of-2 numprocs=24
6: Starting Rabenseifner with non-power-of-2 numprocs=24
10: Starting Rabenseifner with non-power-of-2 numprocs=24
22: Starting Rabenseifner with non-power-of-2 numprocs=24
23: Starting Rabenseifner with non-power-of-2 numprocs=24
2: Starting Rabenseifner with non-power-of-2 numprocs=24
1: Starting Rabenseifner with non-power-of-2 numprocs=24
0: Starting Rabenseifner with non-power-of-2 numprocs=24
time: 0.000012s
Iteration 18
19: Starting Rabenseifner with non-power-of-2 numprocs=24
8: Starting Rabenseifner with non-power-of-2 numprocs=24
15: Starting Rabenseifner with non-power-of-2 numprocs=24
7: Starting Rabenseifner with non-power-of-2 numprocs=24
16: Starting Rabenseifner with non-power-of-2 numprocs=24
13: Starting Rabenseifner with non-power-of-2 numprocs=24
14: Starting Rabenseifner with non-power-of-2 numprocs=24
12: Starting Rabenseifner with non-power-of-2 numprocs=24
9: Starting Rabenseifner with non-power-of-2 numprocs=24
20: Starting Rabenseifner with non-power-of-2 numprocs=24
17: Starting Rabenseifner with non-power-of-2 numprocs=24
4: Starting Rabenseifner with non-power-of-2 numprocs=24
18: Starting Rabenseifner with non-power-of-2 numprocs=24
21: Starting Rabenseifner with non-power-of-2 numprocs=24
5: Starting Rabenseifner with non-power-of-2 numprocs=24
11: Starting Rabenseifner with non-power-of-2 numprocs=24
3: Starting Rabenseifner with non-power-of-2 numprocs=24
6: Starting Rabenseifner with non-power-of-2 numprocs=24
10: Starting Rabenseifner with non-power-of-2 numprocs=24
22: Starting Rabenseifner with non-power-of-2 numprocs=24
23: Starting Rabenseifner with non-power-of-2 numprocs=24
2: Starting Rabenseifner with non-power-of-2 numprocs=24
1: Starting Rabenseifner with non-power-of-2 numprocs=24
0: Starting Rabenseifner with non-power-of-2 numprocs=24
time: 0.000013s
Iteration 19
19: Starting Rabenseifner with non-power-of-2 numprocs=24
13: Starting Rabenseifner with non-power-of-2 numprocs=24
14: Starting Rabenseifner with non-power-of-2 numprocs=24
12: Starting Rabenseifner with non-power-of-2 numprocs=24
9: Starting Rabenseifner with non-power-of-2 numprocs=24
20: Starting Rabenseifner with non-power-of-2 numprocs=24
17: Starting Rabenseifner with non-power-of-2 numprocs=24
8: Starting Rabenseifner with non-power-of-2 numprocs=24
4: Starting Rabenseifner with non-power-of-2 numprocs=24
18: Starting Rabenseifner with non-power-of-2 numprocs=24
15: Starting Rabenseifner with non-power-of-2 numprocs=24
21: Starting Rabenseifner with non-power-of-2 numprocs=24
5: Starting Rabenseifner with non-power-of-2 numprocs=24
7: Starting Rabenseifner with non-power-of-2 numprocs=24
11: Starting Rabenseifner with non-power-of-2 numprocs=24
3: Starting Rabenseifner with non-power-of-2 numprocs=24
6: Starting Rabenseifner with non-power-of-2 numprocs=24
10: Starting Rabenseifner with non-power-of-2 numprocs=24
22: Starting Rabenseifner with non-power-of-2 numprocs=24
23: Starting Rabenseifner with non-power-of-2 numprocs=24
16: Starting Rabenseifner with non-power-of-2 numprocs=24
2: Starting Rabenseifner with non-power-of-2 numprocs=24
1: Starting Rabenseifner with non-power-of-2 numprocs=24
0: Starting Rabenseifner with non-power-of-2 numprocs=24
time: 0.000015s
19: Starting Rabenseifner with non-power-of-2 numprocs=24
Iteration 20
12: Starting Rabenseifner with non-power-of-2 numprocs=24
20: Starting Rabenseifner with non-power-of-2 numprocs=24
17: Starting Rabenseifner with non-power-of-2 numprocs=24
4: Starting Rabenseifner with non-power-of-2 numprocs=24
18: Starting Rabenseifner with non-power-of-2 numprocs=24
21: Starting Rabenseifner with non-power-of-2 numprocs=24
11: Starting Rabenseifner with non-power-of-2 numprocs=24
1: Starting Rabenseifner with non-power-of-2 numprocs=24
13: Starting Rabenseifner with non-power-of-2 numprocs=24
14: Starting Rabenseifner with non-power-of-2 numprocs=24
9: Starting Rabenseifner with non-power-of-2 numprocs=24
8: Starting Rabenseifner with non-power-of-2 numprocs=24
15: Starting Rabenseifner with non-power-of-2 numprocs=24
5: Starting Rabenseifner with non-power-of-2 numprocs=24
7: Starting Rabenseifner with non-power-of-2 numprocs=24
3: Starting Rabenseifner with non-power-of-2 numprocs=24
6: Starting Rabenseifner with non-power-of-2 numprocs=24
10: Starting Rabenseifner with non-power-of-2 numprocs=24
22: Starting Rabenseifner with non-power-of-2 numprocs=24
23: Starting Rabenseifner with non-power-of-2 numprocs=24
16: Starting Rabenseifner with non-power-of-2 numprocs=24
2: Starting Rabenseifner with non-power-of-2 numprocs=24
0: Starting Rabenseifner with non-power-of-2 numprocs=24
time: 0.000012s
Iteration 21
19: Starting Rabenseifner with non-power-of-2 numprocs=24
13: Starting Rabenseifner with non-power-of-2 numprocs=24
14: Starting Rabenseifner with non-power-of-2 numprocs=24
12: Starting Rabenseifner with non-power-of-2 numprocs=24
9: Starting Rabenseifner with non-power-of-2 numprocs=24
20: Starting Rabenseifner with non-power-of-2 numprocs=24
17: Starting Rabenseifner with non-power-of-2 numprocs=24
8: Starting Rabenseifner with non-power-of-2 numprocs=24
4: Starting Rabenseifner with non-power-of-2 numprocs=24
18: Starting Rabenseifner with non-power-of-2 numprocs=24
15: Starting Rabenseifner with non-power-of-2 numprocs=24
21: Starting Rabenseifner with non-power-of-2 numprocs=24
5: Starting Rabenseifner with non-power-of-2 numprocs=24
7: Starting Rabenseifner with non-power-of-2 numprocs=24
11: Starting Rabenseifner with non-power-of-2 numprocs=24
3: Starting Rabenseifner with non-power-of-2 numprocs=24
6: Starting Rabenseifner with non-power-of-2 numprocs=24
10: Starting Rabenseifner with non-power-of-2 numprocs=24
22: Starting Rabenseifner with non-power-of-2 numprocs=24
23: Starting Rabenseifner with non-power-of-2 numprocs=24
16: Starting Rabenseifner with non-power-of-2 numprocs=24
2: Starting Rabenseifner with non-power-of-2 numprocs=24
1: Starting Rabenseifner with non-power-of-2 numprocs=24
0: Starting Rabenseifner with non-power-of-2 numprocs=24
time: 0.000013s
19: Starting Rabenseifner with non-power-of-2 numprocs=24
Iteration 22
13: Starting Rabenseifner with non-power-of-2 numprocs=24
14: Starting Rabenseifner with non-power-of-2 numprocs=24
12: Starting Rabenseifner with non-power-of-2 numprocs=24
9: Starting Rabenseifner with non-power-of-2 numprocs=24
17: Starting Rabenseifner with non-power-of-2 numprocs=24
8: Starting Rabenseifner with non-power-of-2 numprocs=24
15: Starting Rabenseifner with non-power-of-2 numprocs=24
7: Starting Rabenseifner with non-power-of-2 numprocs=24
11: Starting Rabenseifner with non-power-of-2 numprocs=24
23: Starting Rabenseifner with non-power-of-2 numprocs=24
20: Starting Rabenseifner with non-power-of-2 numprocs=24
4: Starting Rabenseifner with non-power-of-2 numprocs=24
18: Starting Rabenseifner with non-power-of-2 numprocs=24
21: Starting Rabenseifner with non-power-of-2 numprocs=24
5: Starting Rabenseifner with non-power-of-2 numprocs=24
3: Starting Rabenseifner with non-power-of-2 numprocs=24
6: Starting Rabenseifner with non-power-of-2 numprocs=24
10: Starting Rabenseifner with non-power-of-2 numprocs=24
22: Starting Rabenseifner with non-power-of-2 numprocs=24
16: Starting Rabenseifner with non-power-of-2 numprocs=24
2: Starting Rabenseifner with non-power-of-2 numprocs=24
1: Starting Rabenseifner with non-power-of-2 numprocs=24
0: Starting Rabenseifner with non-power-of-2 numprocs=24
time: 0.000013s
Iteration 23
19: Starting Rabenseifner with non-power-of-2 numprocs=24
8: Starting Rabenseifner with non-power-of-2 numprocs=24
15: Starting Rabenseifner with non-power-of-2 numprocs=24
7: Starting Rabenseifner with non-power-of-2 numprocs=24
13: Starting Rabenseifner with non-power-of-2 numprocs=24
14: Starting Rabenseifner with non-power-of-2 numprocs=24
12: Starting Rabenseifner with non-power-of-2 numprocs=24
9: Starting Rabenseifner with non-power-of-2 numprocs=24
20: Starting Rabenseifner with non-power-of-2 numprocs=24
17: Starting Rabenseifner with non-power-of-2 numprocs=24
4: Starting Rabenseifner with non-power-of-2 numprocs=24
18: Starting Rabenseifner with non-power-of-2 numprocs=24
21: Starting Rabenseifner with non-power-of-2 numprocs=24
5: Starting Rabenseifner with non-power-of-2 numprocs=24
11: Starting Rabenseifner with non-power-of-2 numprocs=24
3: Starting Rabenseifner with non-power-of-2 numprocs=24
6: Starting Rabenseifner with non-power-of-2 numprocs=24
10: Starting Rabenseifner with non-power-of-2 numprocs=24
22: Starting Rabenseifner with non-power-of-2 numprocs=24
23: Starting Rabenseifner with non-power-of-2 numprocs=24
16: Starting Rabenseifner with non-power-of-2 numprocs=24
2: Starting Rabenseifner with non-power-of-2 numprocs=24
1: Starting Rabenseifner with non-power-of-2 numprocs=24
0: Starting Rabenseifner with non-power-of-2 numprocs=24
time: 0.000014s
Iteration 24
9: Starting Rabenseifner with non-power-of-2 numprocs=24
19: Starting Rabenseifner with non-power-of-2 numprocs=24
8: Starting Rabenseifner with non-power-of-2 numprocs=24
18: Starting Rabenseifner with non-power-of-2 numprocs=24
11: Starting Rabenseifner with non-power-of-2 numprocs=24
13: Starting Rabenseifner with non-power-of-2 numprocs=24
14: Starting Rabenseifner with non-power-of-2 numprocs=24
12: Starting Rabenseifner with non-power-of-2 numprocs=24
20: Starting Rabenseifner with non-power-of-2 numprocs=24
17: Starting Rabenseifner with non-power-of-2 numprocs=24
4: Starting Rabenseifner with non-power-of-2 numprocs=24
15: Starting Rabenseifner with non-power-of-2 numprocs=24
21: Starting Rabenseifner with non-power-of-2 numprocs=24
5: Starting Rabenseifner with non-power-of-2 numprocs=24
7: Starting Rabenseifner with non-power-of-2 numprocs=24
3: Starting Rabenseifner with non-power-of-2 numprocs=24
6: Starting Rabenseifner with non-power-of-2 numprocs=24
10: Starting Rabenseifner with non-power-of-2 numprocs=24
22: Starting Rabenseifner with non-power-of-2 numprocs=24
23: Starting Rabenseifner with non-power-of-2 numprocs=24
16: Starting Rabenseifner with non-power-of-2 numprocs=24
2: Starting Rabenseifner with non-power-of-2 numprocs=24
1: Starting Rabenseifner with non-power-of-2 numprocs=24
0: Starting Rabenseifner with non-power-of-2 numprocs=24
time: 0.000014s
Iteration 25
14: Starting Rabenseifner with non-power-of-2 numprocs=24
19: Starting Rabenseifner with non-power-of-2 numprocs=24
8: Starting Rabenseifner with non-power-of-2 numprocs=24
6: Starting Rabenseifner with non-power-of-2 numprocs=24
13: Starting Rabenseifner with non-power-of-2 numprocs=24
12: Starting Rabenseifner with non-power-of-2 numprocs=24
9: Starting Rabenseifner with non-power-of-2 numprocs=24
20: Starting Rabenseifner with non-power-of-2 numprocs=24
17: Starting Rabenseifner with non-power-of-2 numprocs=24
4: Starting Rabenseifner with non-power-of-2 numprocs=24
18: Starting Rabenseifner with non-power-of-2 numprocs=24
15: Starting Rabenseifner with non-power-of-2 numprocs=24
21: Starting Rabenseifner with non-power-of-2 numprocs=24
5: Starting Rabenseifner with non-power-of-2 numprocs=24
7: Starting Rabenseifner with non-power-of-2 numprocs=24
11: Starting Rabenseifner with non-power-of-2 numprocs=24
3: Starting Rabenseifner with non-power-of-2 numprocs=24
10: Starting Rabenseifner with non-power-of-2 numprocs=24
22: Starting Rabenseifner with non-power-of-2 numprocs=24
23: Starting Rabenseifner with non-power-of-2 numprocs=24
16: Starting Rabenseifner with non-power-of-2 numprocs=24
2: Starting Rabenseifner with non-power-of-2 numprocs=24
1: Starting Rabenseifner with non-power-of-2 numprocs=24
0: Starting Rabenseifner with non-power-of-2 numprocs=24
time: 0.000015s
Iteration 26
14: Starting Rabenseifner with non-power-of-2 numprocs=24
12: Starting Rabenseifner with non-power-of-2 numprocs=24
19: Starting Rabenseifner with non-power-of-2 numprocs=24
8: Starting Rabenseifner with non-power-of-2 numprocs=24
4: Starting Rabenseifner with non-power-of-2 numprocs=24
15: Starting Rabenseifner with non-power-of-2 numprocs=24
5: Starting Rabenseifner with non-power-of-2 numprocs=24
6: Starting Rabenseifner with non-power-of-2 numprocs=24
16: Starting Rabenseifner with non-power-of-2 numprocs=24
13: Starting Rabenseifner with non-power-of-2 numprocs=24
9: Starting Rabenseifner with non-power-of-2 numprocs=24
20: Starting Rabenseifner with non-power-of-2 numprocs=24
17: Starting Rabenseifner with non-power-of-2 numprocs=24
18: Starting Rabenseifner with non-power-of-2 numprocs=24
21: Starting Rabenseifner with non-power-of-2 numprocs=24
7: Starting Rabenseifner with non-power-of-2 numprocs=24
11: Starting Rabenseifner with non-power-of-2 numprocs=24
3: Starting Rabenseifner with non-power-of-2 numprocs=24
10: Starting Rabenseifner with non-power-of-2 numprocs=24
22: Starting Rabenseifner with non-power-of-2 numprocs=24
23: Starting Rabenseifner with non-power-of-2 numprocs=24
2: Starting Rabenseifner with non-power-of-2 numprocs=24
1: Starting Rabenseifner with non-power-of-2 numprocs=24
0: Starting Rabenseifner with non-power-of-2 numprocs=24
time: 0.000016s
Iteration 27
13: Starting Rabenseifner with non-power-of-2 numprocs=24
14: Starting Rabenseifner with non-power-of-2 numprocs=24
12: Starting Rabenseifner with non-power-of-2 numprocs=24
19: Starting Rabenseifner with non-power-of-2 numprocs=24
8: Starting Rabenseifner with non-power-of-2 numprocs=24
15: Starting Rabenseifner with non-power-of-2 numprocs=24
6: Starting Rabenseifner with non-power-of-2 numprocs=24
9: Starting Rabenseifner with non-power-of-2 numprocs=24
20: Starting Rabenseifner with non-power-of-2 numprocs=24
17: Starting Rabenseifner with non-power-of-2 numprocs=24
4: Starting Rabenseifner with non-power-of-2 numprocs=24
18: Starting Rabenseifner with non-power-of-2 numprocs=24
21: Starting Rabenseifner with non-power-of-2 numprocs=24
5: Starting Rabenseifner with non-power-of-2 numprocs=24
7: Starting Rabenseifner with non-power-of-2 numprocs=24
11: Starting Rabenseifner with non-power-of-2 numprocs=24
3: Starting Rabenseifner with non-power-of-2 numprocs=24
10: Starting Rabenseifner with non-power-of-2 numprocs=24
22: Starting Rabenseifner with non-power-of-2 numprocs=24
23: Starting Rabenseifner with non-power-of-2 numprocs=24
16: Starting Rabenseifner with non-power-of-2 numprocs=24
2: Starting Rabenseifner with non-power-of-2 numprocs=24
1: Starting Rabenseifner with non-power-of-2 numprocs=24
0: Starting Rabenseifner with non-power-of-2 numprocs=24
time: 0.000013s
Iteration 28
13: Starting Rabenseifner with non-power-of-2 numprocs=24
19: Starting Rabenseifner with non-power-of-2 numprocs=24
6: Starting Rabenseifner with non-power-of-2 numprocs=24
14: Starting Rabenseifner with non-power-of-2 numprocs=24
12: Starting Rabenseifner with non-power-of-2 numprocs=24
9: Starting Rabenseifner with non-power-of-2 numprocs=24
20: Starting Rabenseifner with non-power-of-2 numprocs=24
17: Starting Rabenseifner with non-power-of-2 numprocs=24
8: Starting Rabenseifner with non-power-of-2 numprocs=24
4: Starting Rabenseifner with non-power-of-2 numprocs=24
18: Starting Rabenseifner with non-power-of-2 numprocs=24
15: Starting Rabenseifner with non-power-of-2 numprocs=24
21: Starting Rabenseifner with non-power-of-2 numprocs=24
5: Starting Rabenseifner with non-power-of-2 numprocs=24
7: Starting Rabenseifner with non-power-of-2 numprocs=24
11: Starting Rabenseifner with non-power-of-2 numprocs=24
3: Starting Rabenseifner with non-power-of-2 numprocs=24
10: Starting Rabenseifner with non-power-of-2 numprocs=24
22: Starting Rabenseifner with non-power-of-2 numprocs=24
23: Starting Rabenseifner with non-power-of-2 numprocs=24
16: Starting Rabenseifner with non-power-of-2 numprocs=24
2: Starting Rabenseifner with non-power-of-2 numprocs=24
1: Starting Rabenseifner with non-power-of-2 numprocs=24
0: Starting Rabenseifner with non-power-of-2 numprocs=24
time: 0.000012s
Iteration 29
13: Starting Rabenseifner with non-power-of-2 numprocs=24
12: Starting Rabenseifner with non-power-of-2 numprocs=24
20: Starting Rabenseifner with non-power-of-2 numprocs=24
19: Starting Rabenseifner with non-power-of-2 numprocs=24
4: Starting Rabenseifner with non-power-of-2 numprocs=24
18: Starting Rabenseifner with non-power-of-2 numprocs=24
11: Starting Rabenseifner with non-power-of-2 numprocs=24
14: Starting Rabenseifner with non-power-of-2 numprocs=24
9: Starting Rabenseifner with non-power-of-2 numprocs=24
17: Starting Rabenseifner with non-power-of-2 numprocs=24
8: Starting Rabenseifner with non-power-of-2 numprocs=24
15: Starting Rabenseifner with non-power-of-2 numprocs=24
21: Starting Rabenseifner with non-power-of-2 numprocs=24
5: Starting Rabenseifner with non-power-of-2 numprocs=24
7: Starting Rabenseifner with non-power-of-2 numprocs=24
3: Starting Rabenseifner with non-power-of-2 numprocs=24
6: Starting Rabenseifner with non-power-of-2 numprocs=24
10: Starting Rabenseifner with non-power-of-2 numprocs=24
22: Starting Rabenseifner with non-power-of-2 numprocs=24
23: Starting Rabenseifner with non-power-of-2 numprocs=24
16: Starting Rabenseifner with non-power-of-2 numprocs=24
2: Starting Rabenseifner with non-power-of-2 numprocs=24
1: Starting Rabenseifner with non-power-of-2 numprocs=24
0: Starting Rabenseifner with non-power-of-2 numprocs=24
time: 0.000011s
Iteration 30
13: Starting Rabenseifner with non-power-of-2 numprocs=24
14: Starting Rabenseifner with non-power-of-2 numprocs=24
19: Starting Rabenseifner with non-power-of-2 numprocs=24
11: Starting Rabenseifner with non-power-of-2 numprocs=24
12: Starting Rabenseifner with non-power-of-2 numprocs=24
9: Starting Rabenseifner with non-power-of-2 numprocs=24
20: Starting Rabenseifner with non-power-of-2 numprocs=24
17: Starting Rabenseifner with non-power-of-2 numprocs=24
8: Starting Rabenseifner with non-power-of-2 numprocs=24
4: Starting Rabenseifner with non-power-of-2 numprocs=24
18: Starting Rabenseifner with non-power-of-2 numprocs=24
15: Starting Rabenseifner with non-power-of-2 numprocs=24
21: Starting Rabenseifner with non-power-of-2 numprocs=24
5: Starting Rabenseifner with non-power-of-2 numprocs=24
7: Starting Rabenseifner with non-power-of-2 numprocs=24
3: Starting Rabenseifner with non-power-of-2 numprocs=24
6: Starting Rabenseifner with non-power-of-2 numprocs=24
10: Starting Rabenseifner with non-power-of-2 numprocs=24
22: Starting Rabenseifner with non-power-of-2 numprocs=24
23: Starting Rabenseifner with non-power-of-2 numprocs=24
16: Starting Rabenseifner with non-power-of-2 numprocs=24
2: Starting Rabenseifner with non-power-of-2 numprocs=24
1: Starting Rabenseifner with non-power-of-2 numprocs=24
0: Starting Rabenseifner with non-power-of-2 numprocs=24
time: 0.000014s
19: Starting Rabenseifner with non-power-of-2 numprocs=24
Iteration 31
20: Starting Rabenseifner with non-power-of-2 numprocs=24
8: Starting Rabenseifner with non-power-of-2 numprocs=24
4: Starting Rabenseifner with non-power-of-2 numprocs=24
7: Starting Rabenseifner with non-power-of-2 numprocs=24
16: Starting Rabenseifner with non-power-of-2 numprocs=24
1: Starting Rabenseifner with non-power-of-2 numprocs=24
13: Starting Rabenseifner with non-power-of-2 numprocs=24
14: Starting Rabenseifner with non-power-of-2 numprocs=24
12: Starting Rabenseifner with non-power-of-2 numprocs=24
9: Starting Rabenseifner with non-power-of-2 numprocs=24
17: Starting Rabenseifner with non-power-of-2 numprocs=24
18: Starting Rabenseifner with non-power-of-2 numprocs=24
15: Starting Rabenseifner with non-power-of-2 numprocs=24
21: Starting Rabenseifner with non-power-of-2 numprocs=24
5: Starting Rabenseifner with non-power-of-2 numprocs=24
11: Starting Rabenseifner with non-power-of-2 numprocs=24
3: Starting Rabenseifner with non-power-of-2 numprocs=24
6: Starting Rabenseifner with non-power-of-2 numprocs=24
10: Starting Rabenseifner with non-power-of-2 numprocs=24
22: Starting Rabenseifner with non-power-of-2 numprocs=24
23: Starting Rabenseifner with non-power-of-2 numprocs=24
2: Starting Rabenseifner with non-power-of-2 numprocs=24
0: Starting Rabenseifner with non-power-of-2 numprocs=24
time: 0.000013s
Iteration 32
19: Starting Rabenseifner with non-power-of-2 numprocs=24
8: Starting Rabenseifner with non-power-of-2 numprocs=24
13: Starting Rabenseifner with non-power-of-2 numprocs=24
14: Starting Rabenseifner with non-power-of-2 numprocs=24
12: Starting Rabenseifner with non-power-of-2 numprocs=24
9: Starting Rabenseifner with non-power-of-2 numprocs=24
20: Starting Rabenseifner with non-power-of-2 numprocs=24
17: Starting Rabenseifner with non-power-of-2 numprocs=24
4: Starting Rabenseifner with non-power-of-2 numprocs=24
18: Starting Rabenseifner with non-power-of-2 numprocs=24
15: Starting Rabenseifner with non-power-of-2 numprocs=24
21: Starting Rabenseifner with non-power-of-2 numprocs=24
5: Starting Rabenseifner with non-power-of-2 numprocs=24
7: Starting Rabenseifner with non-power-of-2 numprocs=24
11: Starting Rabenseifner with non-power-of-2 numprocs=24
3: Starting Rabenseifner with non-power-of-2 numprocs=24
6: Starting Rabenseifner with non-power-of-2 numprocs=24
10: Starting Rabenseifner with non-power-of-2 numprocs=24
22: Starting Rabenseifner with non-power-of-2 numprocs=24
23: Starting Rabenseifner with non-power-of-2 numprocs=24
16: Starting Rabenseifner with non-power-of-2 numprocs=24
2: Starting Rabenseifner with non-power-of-2 numprocs=24
1: Starting Rabenseifner with non-power-of-2 numprocs=24
0: Starting Rabenseifner with non-power-of-2 numprocs=24
time: 0.000016s
19: Starting Rabenseifner with non-power-of-2 numprocs=24
Iteration 33
14: Starting Rabenseifner with non-power-of-2 numprocs=24
12: Starting Rabenseifner with non-power-of-2 numprocs=24
9: Starting Rabenseifner with non-power-of-2 numprocs=24
8: Starting Rabenseifner with non-power-of-2 numprocs=24
11: Starting Rabenseifner with non-power-of-2 numprocs=24
13: Starting Rabenseifner with non-power-of-2 numprocs=24
20: Starting Rabenseifner with non-power-of-2 numprocs=24
17: Starting Rabenseifner with non-power-of-2 numprocs=24
4: Starting Rabenseifner with non-power-of-2 numprocs=24
18: Starting Rabenseifner with non-power-of-2 numprocs=24
15: Starting Rabenseifner with non-power-of-2 numprocs=24
21: Starting Rabenseifner with non-power-of-2 numprocs=24
5: Starting Rabenseifner with non-power-of-2 numprocs=24
7: Starting Rabenseifner with non-power-of-2 numprocs=24
3: Starting Rabenseifner with non-power-of-2 numprocs=24
6: Starting Rabenseifner with non-power-of-2 numprocs=24
10: Starting Rabenseifner with non-power-of-2 numprocs=24
22: Starting Rabenseifner with non-power-of-2 numprocs=24
23: Starting Rabenseifner with non-power-of-2 numprocs=24
16: Starting Rabenseifner with non-power-of-2 numprocs=24
2: Starting Rabenseifner with non-power-of-2 numprocs=24
1: Starting Rabenseifner with non-power-of-2 numprocs=24
0: Starting Rabenseifner with non-power-of-2 numprocs=24
time: 0.000012s
Iteration 34
19: Starting Rabenseifner with non-power-of-2 numprocs=24
13: Starting Rabenseifner with non-power-of-2 numprocs=24
14: Starting Rabenseifner with non-power-of-2 numprocs=24
12: Starting Rabenseifner with non-power-of-2 numprocs=24
9: Starting Rabenseifner with non-power-of-2 numprocs=24
20: Starting Rabenseifner with non-power-of-2 numprocs=24
17: Starting Rabenseifner with non-power-of-2 numprocs=24
8: Starting Rabenseifner with non-power-of-2 numprocs=24
4: Starting Rabenseifner with non-power-of-2 numprocs=24
18: Starting Rabenseifner with non-power-of-2 numprocs=24
15: Starting Rabenseifner with non-power-of-2 numprocs=24
21: Starting Rabenseifner with non-power-of-2 numprocs=24
5: Starting Rabenseifner with non-power-of-2 numprocs=24
7: Starting Rabenseifner with non-power-of-2 numprocs=24
11: Starting Rabenseifner with non-power-of-2 numprocs=24
3: Starting Rabenseifner with non-power-of-2 numprocs=24
6: Starting Rabenseifner with non-power-of-2 numprocs=24
10: Starting Rabenseifner with non-power-of-2 numprocs=24
22: Starting Rabenseifner with non-power-of-2 numprocs=24
23: Starting Rabenseifner with non-power-of-2 numprocs=24
16: Starting Rabenseifner with non-power-of-2 numprocs=24
2: Starting Rabenseifner with non-power-of-2 numprocs=24
1: Starting Rabenseifner with non-power-of-2 numprocs=24
0: Starting Rabenseifner with non-power-of-2 numprocs=24
time: 0.000013s
Iteration 35
13: Starting Rabenseifner with non-power-of-2 numprocs=24
14: Starting Rabenseifner with non-power-of-2 numprocs=24
12: Starting Rabenseifner with non-power-of-2 numprocs=24
9: Starting Rabenseifner with non-power-of-2 numprocs=24
20: Starting Rabenseifner with non-power-of-2 numprocs=24
19: Starting Rabenseifner with non-power-of-2 numprocs=24
17: Starting Rabenseifner with non-power-of-2 numprocs=24
8: Starting Rabenseifner with non-power-of-2 numprocs=24
4: Starting Rabenseifner with non-power-of-2 numprocs=24
18: Starting Rabenseifner with non-power-of-2 numprocs=24
15: Starting Rabenseifner with non-power-of-2 numprocs=24
21: Starting Rabenseifner with non-power-of-2 numprocs=24
5: Starting Rabenseifner with non-power-of-2 numprocs=24
7: Starting Rabenseifner with non-power-of-2 numprocs=24
11: Starting Rabenseifner with non-power-of-2 numprocs=24
3: Starting Rabenseifner with non-power-of-2 numprocs=24
6: Starting Rabenseifner with non-power-of-2 numprocs=24
10: Starting Rabenseifner with non-power-of-2 numprocs=24
22: Starting Rabenseifner with non-power-of-2 numprocs=24
23: Starting Rabenseifner with non-power-of-2 numprocs=24
16: Starting Rabenseifner with non-power-of-2 numprocs=24
2: Starting Rabenseifner with non-power-of-2 numprocs=24
1: Starting Rabenseifner with non-power-of-2 numprocs=24
0: Starting Rabenseifner with non-power-of-2 numprocs=24
19: Starting Rabenseifner with non-power-of-2 numprocs=24
14: Starting Rabenseifner with non-power-of-2 numprocs=24
8: Starting Rabenseifner with non-power-of-2 numprocs=24
18: Starting Rabenseifner with non-power-of-2 numprocs=24
15: Starting Rabenseifner with non-power-of-2 numprocs=24
5: Starting Rabenseifner with non-power-of-2 numprocs=24
7: Starting Rabenseifner with non-power-of-2 numprocs=24
11: Starting Rabenseifner with non-power-of-2 numprocs=24
6: Starting Rabenseifner with non-power-of-2 numprocs=24
10: Starting Rabenseifner with non-power-of-2 numprocs=24
time: 0.000014s
Iteration 36
13: Starting Rabenseifner with non-power-of-2 numprocs=24
12: Starting Rabenseifner with non-power-of-2 numprocs=24
9: Starting Rabenseifner with non-power-of-2 numprocs=24
20: Starting Rabenseifner with non-power-of-2 numprocs=24
17: Starting Rabenseifner with non-power-of-2 numprocs=24
4: Starting Rabenseifner with non-power-of-2 numprocs=24
21: Starting Rabenseifner with non-power-of-2 numprocs=24
3: Starting Rabenseifner with non-power-of-2 numprocs=24
22: Starting Rabenseifner with non-power-of-2 numprocs=24
23: Starting Rabenseifner with non-power-of-2 numprocs=24
16: Starting Rabenseifner with non-power-of-2 numprocs=24
2: Starting Rabenseifner with non-power-of-2 numprocs=24
1: Starting Rabenseifner with non-power-of-2 numprocs=24
0: Starting Rabenseifner with non-power-of-2 numprocs=24
time: 0.000013s
Iteration 37
14: Starting Rabenseifner with non-power-of-2 numprocs=24
20: Starting Rabenseifner with non-power-of-2 numprocs=24
19: Starting Rabenseifner with non-power-of-2 numprocs=24
5: Starting Rabenseifner with non-power-of-2 numprocs=24
11: Starting Rabenseifner with non-power-of-2 numprocs=24
13: Starting Rabenseifner with non-power-of-2 numprocs=24
12: Starting Rabenseifner with non-power-of-2 numprocs=24
9: Starting Rabenseifner with non-power-of-2 numprocs=24
17: Starting Rabenseifner with non-power-of-2 numprocs=24
8: Starting Rabenseifner with non-power-of-2 numprocs=24
4: Starting Rabenseifner with non-power-of-2 numprocs=24
18: Starting Rabenseifner with non-power-of-2 numprocs=24
15: Starting Rabenseifner with non-power-of-2 numprocs=24
21: Starting Rabenseifner with non-power-of-2 numprocs=24
7: Starting Rabenseifner with non-power-of-2 numprocs=24
3: Starting Rabenseifner with non-power-of-2 numprocs=24
6: Starting Rabenseifner with non-power-of-2 numprocs=24
10: Starting Rabenseifner with non-power-of-2 numprocs=24
22: Starting Rabenseifner with non-power-of-2 numprocs=24
23: Starting Rabenseifner with non-power-of-2 numprocs=24
16: Starting Rabenseifner with non-power-of-2 numprocs=24
2: Starting Rabenseifner with non-power-of-2 numprocs=24
1: Starting Rabenseifner with non-power-of-2 numprocs=24
0: Starting Rabenseifner with non-power-of-2 numprocs=24
time: 0.000015s
19: Starting Rabenseifner with non-power-of-2 numprocs=24
Iteration 38
14: Starting Rabenseifner with non-power-of-2 numprocs=24
12: Starting Rabenseifner with non-power-of-2 numprocs=24
9: Starting Rabenseifner with non-power-of-2 numprocs=24
20: Starting Rabenseifner with non-power-of-2 numprocs=24
18: Starting Rabenseifner with non-power-of-2 numprocs=24
15: Starting Rabenseifner with non-power-of-2 numprocs=24
21: Starting Rabenseifner with non-power-of-2 numprocs=24
6: Starting Rabenseifner with non-power-of-2 numprocs=24
10: Starting Rabenseifner with non-power-of-2 numprocs=24
23: Starting Rabenseifner with non-power-of-2 numprocs=24
2: Starting Rabenseifner with non-power-of-2 numprocs=24
13: Starting Rabenseifner with non-power-of-2 numprocs=24
17: Starting Rabenseifner with non-power-of-2 numprocs=24
8: Starting Rabenseifner with non-power-of-2 numprocs=24
4: Starting Rabenseifner with non-power-of-2 numprocs=24
5: Starting Rabenseifner with non-power-of-2 numprocs=24
7: Starting Rabenseifner with non-power-of-2 numprocs=24
11: Starting Rabenseifner with non-power-of-2 numprocs=24
3: Starting Rabenseifner with non-power-of-2 numprocs=24
22: Starting Rabenseifner with non-power-of-2 numprocs=24
16: Starting Rabenseifner with non-power-of-2 numprocs=24
1: Starting Rabenseifner with non-power-of-2 numprocs=24
0: Starting Rabenseifner with non-power-of-2 numprocs=24
time: 0.000015s
19: Starting Rabenseifner with non-power-of-2 numprocs=24
Iteration 39
14: Starting Rabenseifner with non-power-of-2 numprocs=24
12: Starting Rabenseifner with non-power-of-2 numprocs=24
20: Starting Rabenseifner with non-power-of-2 numprocs=24
18: Starting Rabenseifner with non-power-of-2 numprocs=24
7: Starting Rabenseifner with non-power-of-2 numprocs=24
6: Starting Rabenseifner with non-power-of-2 numprocs=24
16: Starting Rabenseifner with non-power-of-2 numprocs=24
1: Starting Rabenseifner with non-power-of-2 numprocs=24
13: Starting Rabenseifner with non-power-of-2 numprocs=24
9: Starting Rabenseifner with non-power-of-2 numprocs=24
17: Starting Rabenseifner with non-power-of-2 numprocs=24
8: Starting Rabenseifner with non-power-of-2 numprocs=24
4: Starting Rabenseifner with non-power-of-2 numprocs=24
15: Starting Rabenseifner with non-power-of-2 numprocs=24
21: Starting Rabenseifner with non-power-of-2 numprocs=24
5: Starting Rabenseifner with non-power-of-2 numprocs=24
11: Starting Rabenseifner with non-power-of-2 numprocs=24
3: Starting Rabenseifner with non-power-of-2 numprocs=24
10: Starting Rabenseifner with non-power-of-2 numprocs=24
22: Starting Rabenseifner with non-power-of-2 numprocs=24
23: Starting Rabenseifner with non-power-of-2 numprocs=24
2: Starting Rabenseifner with non-power-of-2 numprocs=24
0: Starting Rabenseifner with non-power-of-2 numprocs=24
time: 0.000012s
19: Starting Rabenseifner with non-power-of-2 numprocs=24
14: Starting Rabenseifner with non-power-of-2 numprocs=24
12: Starting Rabenseifner with non-power-of-2 numprocs=24
20: Starting Rabenseifner with non-power-of-2 numprocs=24
4: Starting Rabenseifner with non-power-of-2 numprocs=24
18: Starting Rabenseifner with non-power-of-2 numprocs=24
7: Starting Rabenseifner with non-power-of-2 numprocs=24
16: Starting Rabenseifner with non-power-of-2 numprocs=24
13: Starting Rabenseifner with non-power-of-2 numprocs=24
9: Starting Rabenseifner with non-power-of-2 numprocs=24
17: Starting Rabenseifner with non-power-of-2 numprocs=24
8: Starting Rabenseifner with non-power-of-2 numprocs=24
15: Starting Rabenseifner with non-power-of-2 numprocs=24
21: Starting Rabenseifner with non-power-of-2 numprocs=24
5: Starting Rabenseifner with non-power-of-2 numprocs=24
11: Starting Rabenseifner with non-power-of-2 numprocs=24
3: Starting Rabenseifner with non-power-of-2 numprocs=24
6: Starting Rabenseifner with non-power-of-2 numprocs=24
10: Starting Rabenseifner with non-power-of-2 numprocs=24
22: Starting Rabenseifner with non-power-of-2 numprocs=24
23: Starting Rabenseifner with non-power-of-2 numprocs=24
2: Starting Rabenseifner with non-power-of-2 numprocs=24
1: Starting Rabenseifner with non-power-of-2 numprocs=24
