8: Starting numprocs=34 N=8192, M=8192 impl=allreduce-rabenseifner
14: Starting numprocs=34 N=8192, M=8192 impl=allreduce-rabenseifner
19: Starting numprocs=34 N=8192, M=8192 impl=allreduce-rabenseifner
32: Starting numprocs=34 N=8192, M=8192 impl=allreduce-rabenseifner
22: Starting numprocs=34 N=8192, M=8192 impl=allreduce-rabenseifner
29: Starting numprocs=34 N=8192, M=8192 impl=allreduce-rabenseifner
13: Starting numprocs=34 N=8192, M=8192 impl=allreduce-rabenseifner
31: Starting numprocs=34 N=8192, M=8192 impl=allreduce-rabenseifner
17: Starting numprocs=34 N=8192, M=8192 impl=allreduce-rabenseifner
24: Starting numprocs=34 N=8192, M=8192 impl=allreduce-rabenseifner
6: Starting numprocs=34 N=8192, M=8192 impl=allreduce-rabenseifner
3: Starting numprocs=34 N=8192, M=8192 impl=allreduce-rabenseifner
2: Starting numprocs=34 N=8192, M=8192 impl=allreduce-rabenseifner
23: Starting numprocs=34 N=8192, M=8192 impl=allreduce-rabenseifner
11: Starting numprocs=34 N=8192, M=8192 impl=allreduce-rabenseifner
5: Starting numprocs=34 N=8192, M=8192 impl=allreduce-rabenseifner
18: Starting numprocs=34 N=8192, M=8192 impl=allreduce-rabenseifner
12: Starting numprocs=34 N=8192, M=8192 impl=allreduce-rabenseifner
7: Starting numprocs=34 N=8192, M=8192 impl=allreduce-rabenseifner
25: Starting numprocs=34 N=8192, M=8192 impl=allreduce-rabenseifner
30: Starting numprocs=34 N=8192, M=8192 impl=allreduce-rabenseifner
15: Starting numprocs=34 N=8192, M=8192 impl=allreduce-rabenseifner
20: Starting numprocs=34 N=8192, M=8192 impl=allreduce-rabenseifner
16: Starting numprocs=34 N=8192, M=8192 impl=allreduce-rabenseifner
10: Starting numprocs=34 N=8192, M=8192 impl=allreduce-rabenseifner
33: Starting numprocs=34 N=8192, M=8192 impl=allreduce-rabenseifner
27: Starting numprocs=34 N=8192, M=8192 impl=allreduce-rabenseifner
26: Starting numprocs=34 N=8192, M=8192 impl=allreduce-rabenseifner
28: Starting numprocs=34 N=8192, M=8192 impl=allreduce-rabenseifner
4: Starting numprocs=34 N=8192, M=8192 impl=allreduce-rabenseifner
21: Starting numprocs=34 N=8192, M=8192 impl=allreduce-rabenseifner
1: Starting numprocs=34 N=8192, M=8192 impl=allreduce-rabenseifner
0: Starting numprocs=34 N=8192, M=8192 impl=allreduce-rabenseifner
Iteration 0
9: Starting numprocs=34 N=8192, M=8192 impl=allreduce-rabenseifner
2: Starting Rabenseifner with non-power-of-2 numprocs=34
8: Starting Rabenseifner with non-power-of-2 numprocs=34
10: Starting Rabenseifner with non-power-of-2 numprocs=34
26: Starting Rabenseifner with non-power-of-2 numprocs=34
24: Starting Rabenseifner with non-power-of-2 numprocs=34
0: Starting Rabenseifner with non-power-of-2 numprocs=34
18: Starting Rabenseifner with non-power-of-2 numprocs=34
16: Starting Rabenseifner with non-power-of-2 numprocs=34
32: Starting Rabenseifner with non-power-of-2 numprocs=34
6: Starting Rabenseifner with non-power-of-2 numprocs=34
4: Starting Rabenseifner with non-power-of-2 numprocs=34
22: Starting Rabenseifner with non-power-of-2 numprocs=34
20: Starting Rabenseifner with non-power-of-2 numprocs=34
15: Starting Rabenseifner with non-power-of-2 numprocs=34
7: Starting Rabenseifner with non-power-of-2 numprocs=34
14: Starting Rabenseifner with non-power-of-2 numprocs=34
23: Starting Rabenseifner with non-power-of-2 numprocs=34
12: Starting Rabenseifner with non-power-of-2 numprocs=34
17: Starting Rabenseifner with non-power-of-2 numprocs=34
28: Starting Rabenseifner with non-power-of-2 numprocs=34
33: Starting Rabenseifner with non-power-of-2 numprocs=34
30: Starting Rabenseifner with non-power-of-2 numprocs=34
1: Starting Rabenseifner with non-power-of-2 numprocs=34
27: Starting Rabenseifner with non-power-of-2 numprocs=34
9: Starting Rabenseifner with non-power-of-2 numprocs=34
25: Starting Rabenseifner with non-power-of-2 numprocs=34
13: Starting Rabenseifner with non-power-of-2 numprocs=34
31: Starting Rabenseifner with non-power-of-2 numprocs=34
11: Starting Rabenseifner with non-power-of-2 numprocs=34
29: Starting Rabenseifner with non-power-of-2 numprocs=34
3: Starting Rabenseifner with non-power-of-2 numprocs=34
19: Starting Rabenseifner with non-power-of-2 numprocs=34
5: Starting Rabenseifner with non-power-of-2 numprocs=34
21: Starting Rabenseifner with non-power-of-2 numprocs=34
time: 0.000012s
Iteration 1
0: Starting Rabenseifner with non-power-of-2 numprocs=34
time: 0.000012s
Iteration 2
6: Starting Rabenseifner with non-power-of-2 numprocs=34
14: Starting Rabenseifner with non-power-of-2 numprocs=34
23: Starting Rabenseifner with non-power-of-2 numprocs=34
8: Starting Rabenseifner with non-power-of-2 numprocs=34
7: Starting Rabenseifner with non-power-of-2 numprocs=34
18: Starting Rabenseifner with non-power-of-2 numprocs=34
4: Starting Rabenseifner with non-power-of-2 numprocs=34
3: Starting Rabenseifner with non-power-of-2 numprocs=34
12: Starting Rabenseifner with non-power-of-2 numprocs=34
10: Starting Rabenseifner with non-power-of-2 numprocs=34
16: Starting Rabenseifner with non-power-of-2 numprocs=34
27: Starting Rabenseifner with non-power-of-2 numprocs=34
17: Starting Rabenseifner with non-power-of-2 numprocs=34
26: Starting Rabenseifner with non-power-of-2 numprocs=34
13: Starting Rabenseifner with non-power-of-2 numprocs=34
15: Starting Rabenseifner with non-power-of-2 numprocs=34
19: Starting Rabenseifner with non-power-of-2 numprocs=34
5: Starting Rabenseifner with non-power-of-2 numprocs=34
21: Starting Rabenseifner with non-power-of-2 numprocs=34
22: Starting Rabenseifner with non-power-of-2 numprocs=34
2: Starting Rabenseifner with non-power-of-2 numprocs=34
31: Starting Rabenseifner with non-power-of-2 numprocs=34
20: Starting Rabenseifner with non-power-of-2 numprocs=34
9: Starting Rabenseifner with non-power-of-2 numprocs=34
24: Starting Rabenseifner with non-power-of-2 numprocs=34
28: Starting Rabenseifner with non-power-of-2 numprocs=34
25: Starting Rabenseifner with non-power-of-2 numprocs=34
33: Starting Rabenseifner with non-power-of-2 numprocs=34
11: Starting Rabenseifner with non-power-of-2 numprocs=34
29: Starting Rabenseifner with non-power-of-2 numprocs=34
32: Starting Rabenseifner with non-power-of-2 numprocs=34
30: Starting Rabenseifner with non-power-of-2 numprocs=34
1: Starting Rabenseifner with non-power-of-2 numprocs=34
0: Starting Rabenseifner with non-power-of-2 numprocs=34
time: 0.000013s
Iteration 3
6: Starting Rabenseifner with non-power-of-2 numprocs=34
14: Starting Rabenseifner with non-power-of-2 numprocs=34
23: Starting Rabenseifner with non-power-of-2 numprocs=34
8: Starting Rabenseifner with non-power-of-2 numprocs=34
7: Starting Rabenseifner with non-power-of-2 numprocs=34
18: Starting Rabenseifner with non-power-of-2 numprocs=34
4: Starting Rabenseifner with non-power-of-2 numprocs=34
3: Starting Rabenseifner with non-power-of-2 numprocs=34
12: Starting Rabenseifner with non-power-of-2 numprocs=34
10: Starting Rabenseifner with non-power-of-2 numprocs=34
16: Starting Rabenseifner with non-power-of-2 numprocs=34
27: Starting Rabenseifner with non-power-of-2 numprocs=34
17: Starting Rabenseifner with non-power-of-2 numprocs=34
26: Starting Rabenseifner with non-power-of-2 numprocs=34
13: Starting Rabenseifner with non-power-of-2 numprocs=34
15: Starting Rabenseifner with non-power-of-2 numprocs=34
19: Starting Rabenseifner with non-power-of-2 numprocs=34
5: Starting Rabenseifner with non-power-of-2 numprocs=34
21: Starting Rabenseifner with non-power-of-2 numprocs=34
22: Starting Rabenseifner with non-power-of-2 numprocs=34
2: Starting Rabenseifner with non-power-of-2 numprocs=34
31: Starting Rabenseifner with non-power-of-2 numprocs=34
20: Starting Rabenseifner with non-power-of-2 numprocs=34
9: Starting Rabenseifner with non-power-of-2 numprocs=34
24: Starting Rabenseifner with non-power-of-2 numprocs=34
28: Starting Rabenseifner with non-power-of-2 numprocs=34
25: Starting Rabenseifner with non-power-of-2 numprocs=34
33: Starting Rabenseifner with non-power-of-2 numprocs=34
11: Starting Rabenseifner with non-power-of-2 numprocs=34
29: Starting Rabenseifner with non-power-of-2 numprocs=34
32: Starting Rabenseifner with non-power-of-2 numprocs=34
30: Starting Rabenseifner with non-power-of-2 numprocs=34
1: Starting Rabenseifner with non-power-of-2 numprocs=34
0: Starting Rabenseifner with non-power-of-2 numprocs=34
time: 0.000013s
Iteration 4
6: Starting Rabenseifner with non-power-of-2 numprocs=34
14: Starting Rabenseifner with non-power-of-2 numprocs=34
23: Starting Rabenseifner with non-power-of-2 numprocs=34
8: Starting Rabenseifner with non-power-of-2 numprocs=34
7: Starting Rabenseifner with non-power-of-2 numprocs=34
18: Starting Rabenseifner with non-power-of-2 numprocs=34
4: Starting Rabenseifner with non-power-of-2 numprocs=34
3: Starting Rabenseifner with non-power-of-2 numprocs=34
12: Starting Rabenseifner with non-power-of-2 numprocs=34
10: Starting Rabenseifner with non-power-of-2 numprocs=34
16: Starting Rabenseifner with non-power-of-2 numprocs=34
27: Starting Rabenseifner with non-power-of-2 numprocs=34
17: Starting Rabenseifner with non-power-of-2 numprocs=34
26: Starting Rabenseifner with non-power-of-2 numprocs=34
13: Starting Rabenseifner with non-power-of-2 numprocs=34
15: Starting Rabenseifner with non-power-of-2 numprocs=34
19: Starting Rabenseifner with non-power-of-2 numprocs=34
5: Starting Rabenseifner with non-power-of-2 numprocs=34
21: Starting Rabenseifner with non-power-of-2 numprocs=34
22: Starting Rabenseifner with non-power-of-2 numprocs=34
2: Starting Rabenseifner with non-power-of-2 numprocs=34
31: Starting Rabenseifner with non-power-of-2 numprocs=34
20: Starting Rabenseifner with non-power-of-2 numprocs=34
9: Starting Rabenseifner with non-power-of-2 numprocs=34
24: Starting Rabenseifner with non-power-of-2 numprocs=34
28: Starting Rabenseifner with non-power-of-2 numprocs=34
25: Starting Rabenseifner with non-power-of-2 numprocs=34
33: Starting Rabenseifner with non-power-of-2 numprocs=34
11: Starting Rabenseifner with non-power-of-2 numprocs=34
29: Starting Rabenseifner with non-power-of-2 numprocs=34
32: Starting Rabenseifner with non-power-of-2 numprocs=34
30: Starting Rabenseifner with non-power-of-2 numprocs=34
1: Starting Rabenseifner with non-power-of-2 numprocs=34
0: Starting Rabenseifner with non-power-of-2 numprocs=34
6: Starting Rabenseifner with non-power-of-2 numprocs=34
14: Starting Rabenseifner with non-power-of-2 numprocs=34
7: Starting Rabenseifner with non-power-of-2 numprocs=34
19: Starting Rabenseifner with non-power-of-2 numprocs=34
32: Starting Rabenseifner with non-power-of-2 numprocs=34
30: Starting Rabenseifner with non-power-of-2 numprocs=34
time: 0.000013s
Iteration 5
23: Starting Rabenseifner with non-power-of-2 numprocs=34
8: Starting Rabenseifner with non-power-of-2 numprocs=34
18: Starting Rabenseifner with non-power-of-2 numprocs=34
4: Starting Rabenseifner with non-power-of-2 numprocs=34
3: Starting Rabenseifner with non-power-of-2 numprocs=34
12: Starting Rabenseifner with non-power-of-2 numprocs=34
10: Starting Rabenseifner with non-power-of-2 numprocs=34
16: Starting Rabenseifner with non-power-of-2 numprocs=34
27: Starting Rabenseifner with non-power-of-2 numprocs=34
17: Starting Rabenseifner with non-power-of-2 numprocs=34
26: Starting Rabenseifner with non-power-of-2 numprocs=34
13: Starting Rabenseifner with non-power-of-2 numprocs=34
15: Starting Rabenseifner with non-power-of-2 numprocs=34
5: Starting Rabenseifner with non-power-of-2 numprocs=34
21: Starting Rabenseifner with non-power-of-2 numprocs=34
22: Starting Rabenseifner with non-power-of-2 numprocs=34
2: Starting Rabenseifner with non-power-of-2 numprocs=34
31: Starting Rabenseifner with non-power-of-2 numprocs=34
20: Starting Rabenseifner with non-power-of-2 numprocs=34
9: Starting Rabenseifner with non-power-of-2 numprocs=34
24: Starting Rabenseifner with non-power-of-2 numprocs=34
28: Starting Rabenseifner with non-power-of-2 numprocs=34
25: Starting Rabenseifner with non-power-of-2 numprocs=34
33: Starting Rabenseifner with non-power-of-2 numprocs=34
11: Starting Rabenseifner with non-power-of-2 numprocs=34
1: Starting Rabenseifner with non-power-of-2 numprocs=34
29: Starting Rabenseifner with non-power-of-2 numprocs=34
0: Starting Rabenseifner with non-power-of-2 numprocs=34
time: 0.000013s
Iteration 6
6: Starting Rabenseifner with non-power-of-2 numprocs=34
14: Starting Rabenseifner with non-power-of-2 numprocs=34
8: Starting Rabenseifner with non-power-of-2 numprocs=34
18: Starting Rabenseifner with non-power-of-2 numprocs=34
12: Starting Rabenseifner with non-power-of-2 numprocs=34
16: Starting Rabenseifner with non-power-of-2 numprocs=34
26: Starting Rabenseifner with non-power-of-2 numprocs=34
2: Starting Rabenseifner with non-power-of-2 numprocs=34
30: Starting Rabenseifner with non-power-of-2 numprocs=34
23: Starting Rabenseifner with non-power-of-2 numprocs=34
7: Starting Rabenseifner with non-power-of-2 numprocs=34
4: Starting Rabenseifner with non-power-of-2 numprocs=34
3: Starting Rabenseifner with non-power-of-2 numprocs=34
10: Starting Rabenseifner with non-power-of-2 numprocs=34
27: Starting Rabenseifner with non-power-of-2 numprocs=34
17: Starting Rabenseifner with non-power-of-2 numprocs=34
13: Starting Rabenseifner with non-power-of-2 numprocs=34
15: Starting Rabenseifner with non-power-of-2 numprocs=34
19: Starting Rabenseifner with non-power-of-2 numprocs=34
5: Starting Rabenseifner with non-power-of-2 numprocs=34
21: Starting Rabenseifner with non-power-of-2 numprocs=34
22: Starting Rabenseifner with non-power-of-2 numprocs=34
31: Starting Rabenseifner with non-power-of-2 numprocs=34
20: Starting Rabenseifner with non-power-of-2 numprocs=34
9: Starting Rabenseifner with non-power-of-2 numprocs=34
24: Starting Rabenseifner with non-power-of-2 numprocs=34
28: Starting Rabenseifner with non-power-of-2 numprocs=34
25: Starting Rabenseifner with non-power-of-2 numprocs=34
33: Starting Rabenseifner with non-power-of-2 numprocs=34
11: Starting Rabenseifner with non-power-of-2 numprocs=34
29: Starting Rabenseifner with non-power-of-2 numprocs=34
32: Starting Rabenseifner with non-power-of-2 numprocs=34
1: Starting Rabenseifner with non-power-of-2 numprocs=34
0: Starting Rabenseifner with non-power-of-2 numprocs=34
time: 0.000013s
18: Starting Rabenseifner with non-power-of-2 numprocs=34
26: Starting Rabenseifner with non-power-of-2 numprocs=34
2: Starting Rabenseifner with non-power-of-2 numprocs=34
32: Starting Rabenseifner with non-power-of-2 numprocs=34
1: Starting Rabenseifner with non-power-of-2 numprocs=34
Iteration 7
6: Starting Rabenseifner with non-power-of-2 numprocs=34
14: Starting Rabenseifner with non-power-of-2 numprocs=34
23: Starting Rabenseifner with non-power-of-2 numprocs=34
8: Starting Rabenseifner with non-power-of-2 numprocs=34
7: Starting Rabenseifner with non-power-of-2 numprocs=34
4: Starting Rabenseifner with non-power-of-2 numprocs=34
3: Starting Rabenseifner with non-power-of-2 numprocs=34
12: Starting Rabenseifner with non-power-of-2 numprocs=34
10: Starting Rabenseifner with non-power-of-2 numprocs=34
16: Starting Rabenseifner with non-power-of-2 numprocs=34
27: Starting Rabenseifner with non-power-of-2 numprocs=34
17: Starting Rabenseifner with non-power-of-2 numprocs=34
13: Starting Rabenseifner with non-power-of-2 numprocs=34
15: Starting Rabenseifner with non-power-of-2 numprocs=34
19: Starting Rabenseifner with non-power-of-2 numprocs=34
5: Starting Rabenseifner with non-power-of-2 numprocs=34
21: Starting Rabenseifner with non-power-of-2 numprocs=34
22: Starting Rabenseifner with non-power-of-2 numprocs=34
31: Starting Rabenseifner with non-power-of-2 numprocs=34
20: Starting Rabenseifner with non-power-of-2 numprocs=34
9: Starting Rabenseifner with non-power-of-2 numprocs=34
24: Starting Rabenseifner with non-power-of-2 numprocs=34
28: Starting Rabenseifner with non-power-of-2 numprocs=34
25: Starting Rabenseifner with non-power-of-2 numprocs=34
33: Starting Rabenseifner with non-power-of-2 numprocs=34
11: Starting Rabenseifner with non-power-of-2 numprocs=34
29: Starting Rabenseifner with non-power-of-2 numprocs=34
30: Starting Rabenseifner with non-power-of-2 numprocs=34
6: Starting Rabenseifner with non-power-of-2 numprocs=34
14: Starting Rabenseifner with non-power-of-2 numprocs=34
23: Starting Rabenseifner with non-power-of-2 numprocs=34
8: Starting Rabenseifner with non-power-of-2 numprocs=34
7: Starting Rabenseifner with non-power-of-2 numprocs=34
4: Starting Rabenseifner with non-power-of-2 numprocs=34
3: Starting Rabenseifner with non-power-of-2 numprocs=34
12: Starting Rabenseifner with non-power-of-2 numprocs=34
10: Starting Rabenseifner with non-power-of-2 numprocs=34
27: Starting Rabenseifner with non-power-of-2 numprocs=34
17: Starting Rabenseifner with non-power-of-2 numprocs=34
26: Starting Rabenseifner with non-power-of-2 numprocs=34
13: Starting Rabenseifner with non-power-of-2 numprocs=34
15: Starting Rabenseifner with non-power-of-2 numprocs=34
19: Starting Rabenseifner with non-power-of-2 numprocs=34
5: Starting Rabenseifner with non-power-of-2 numprocs=34
21: Starting Rabenseifner with non-power-of-2 numprocs=34
22: Starting Rabenseifner with non-power-of-2 numprocs=34
31: Starting Rabenseifner with non-power-of-2 numprocs=34
20: Starting Rabenseifner with non-power-of-2 numprocs=34
9: Starting Rabenseifner with non-power-of-2 numprocs=34
24: Starting Rabenseifner with non-power-of-2 numprocs=34
28: Starting Rabenseifner with non-power-of-2 numprocs=34
25: Starting Rabenseifner with non-power-of-2 numprocs=34
33: Starting Rabenseifner with non-power-of-2 numprocs=34
11: Starting Rabenseifner with non-power-of-2 numprocs=34
29: Starting Rabenseifner with non-power-of-2 numprocs=34
32: Starting Rabenseifner with non-power-of-2 numprocs=34
30: Starting Rabenseifner with non-power-of-2 numprocs=34
1: Starting Rabenseifner with non-power-of-2 numprocs=34
0: Starting Rabenseifner with non-power-of-2 numprocs=34
time: 0.000008s
Iteration 8
18: Starting Rabenseifner with non-power-of-2 numprocs=34
16: Starting Rabenseifner with non-power-of-2 numprocs=34
2: Starting Rabenseifner with non-power-of-2 numprocs=34
0: Starting Rabenseifner with non-power-of-2 numprocs=34
time: 0.000015s
Iteration 9
14: Starting Rabenseifner with non-power-of-2 numprocs=34
23: Starting Rabenseifner with non-power-of-2 numprocs=34
8: Starting Rabenseifner with non-power-of-2 numprocs=34
7: Starting Rabenseifner with non-power-of-2 numprocs=34
18: Starting Rabenseifner with non-power-of-2 numprocs=34
4: Starting Rabenseifner with non-power-of-2 numprocs=34
3: Starting Rabenseifner with non-power-of-2 numprocs=34
12: Starting Rabenseifner with non-power-of-2 numprocs=34
10: Starting Rabenseifner with non-power-of-2 numprocs=34
16: Starting Rabenseifner with non-power-of-2 numprocs=34
27: Starting Rabenseifner with non-power-of-2 numprocs=34
17: Starting Rabenseifner with non-power-of-2 numprocs=34
26: Starting Rabenseifner with non-power-of-2 numprocs=34
13: Starting Rabenseifner with non-power-of-2 numprocs=34
15: Starting Rabenseifner with non-power-of-2 numprocs=34
19: Starting Rabenseifner with non-power-of-2 numprocs=34
5: Starting Rabenseifner with non-power-of-2 numprocs=34
21: Starting Rabenseifner with non-power-of-2 numprocs=34
22: Starting Rabenseifner with non-power-of-2 numprocs=34
2: Starting Rabenseifner with non-power-of-2 numprocs=34
31: Starting Rabenseifner with non-power-of-2 numprocs=34
20: Starting Rabenseifner with non-power-of-2 numprocs=34
9: Starting Rabenseifner with non-power-of-2 numprocs=34
24: Starting Rabenseifner with non-power-of-2 numprocs=34
28: Starting Rabenseifner with non-power-of-2 numprocs=34
25: Starting Rabenseifner with non-power-of-2 numprocs=34
33: Starting Rabenseifner with non-power-of-2 numprocs=34
11: Starting Rabenseifner with non-power-of-2 numprocs=34
29: Starting Rabenseifner with non-power-of-2 numprocs=34
32: Starting Rabenseifner with non-power-of-2 numprocs=34
30: Starting Rabenseifner with non-power-of-2 numprocs=34
1: Starting Rabenseifner with non-power-of-2 numprocs=34
6: Starting Rabenseifner with non-power-of-2 numprocs=34
0: Starting Rabenseifner with non-power-of-2 numprocs=34
time: 0.000013s
Iteration 10
6: Starting Rabenseifner with non-power-of-2 numprocs=34
14: Starting Rabenseifner with non-power-of-2 numprocs=34
23: Starting Rabenseifner with non-power-of-2 numprocs=34
8: Starting Rabenseifner with non-power-of-2 numprocs=34
7: Starting Rabenseifner with non-power-of-2 numprocs=34
18: Starting Rabenseifner with non-power-of-2 numprocs=34
4: Starting Rabenseifner with non-power-of-2 numprocs=34
3: Starting Rabenseifner with non-power-of-2 numprocs=34
12: Starting Rabenseifner with non-power-of-2 numprocs=34
10: Starting Rabenseifner with non-power-of-2 numprocs=34
16: Starting Rabenseifner with non-power-of-2 numprocs=34
27: Starting Rabenseifner with non-power-of-2 numprocs=34
17: Starting Rabenseifner with non-power-of-2 numprocs=34
26: Starting Rabenseifner with non-power-of-2 numprocs=34
13: Starting Rabenseifner with non-power-of-2 numprocs=34
15: Starting Rabenseifner with non-power-of-2 numprocs=34
19: Starting Rabenseifner with non-power-of-2 numprocs=34
5: Starting Rabenseifner with non-power-of-2 numprocs=34
21: Starting Rabenseifner with non-power-of-2 numprocs=34
22: Starting Rabenseifner with non-power-of-2 numprocs=34
2: Starting Rabenseifner with non-power-of-2 numprocs=34
31: Starting Rabenseifner with non-power-of-2 numprocs=34
20: Starting Rabenseifner with non-power-of-2 numprocs=34
9: Starting Rabenseifner with non-power-of-2 numprocs=34
24: Starting Rabenseifner with non-power-of-2 numprocs=34
28: Starting Rabenseifner with non-power-of-2 numprocs=34
25: Starting Rabenseifner with non-power-of-2 numprocs=34
33: Starting Rabenseifner with non-power-of-2 numprocs=34
11: Starting Rabenseifner with non-power-of-2 numprocs=34
29: Starting Rabenseifner with non-power-of-2 numprocs=34
32: Starting Rabenseifner with non-power-of-2 numprocs=34
30: Starting Rabenseifner with non-power-of-2 numprocs=34
1: Starting Rabenseifner with non-power-of-2 numprocs=34
0: Starting Rabenseifner with non-power-of-2 numprocs=34
6: Starting Rabenseifner with non-power-of-2 numprocs=34
14: Starting Rabenseifner with non-power-of-2 numprocs=34
8: Starting Rabenseifner with non-power-of-2 numprocs=34
18: Starting Rabenseifner with non-power-of-2 numprocs=34
4: Starting Rabenseifner with non-power-of-2 numprocs=34
3: Starting Rabenseifner with non-power-of-2 numprocs=34
12: Starting Rabenseifner with non-power-of-2 numprocs=34
10: Starting Rabenseifner with non-power-of-2 numprocs=34
16: Starting Rabenseifner with non-power-of-2 numprocs=34
27: Starting Rabenseifner with non-power-of-2 numprocs=34
17: Starting Rabenseifner with non-power-of-2 numprocs=34
26: Starting Rabenseifner with non-power-of-2 numprocs=34
13: Starting Rabenseifner with non-power-of-2 numprocs=34
15: Starting Rabenseifner with non-power-of-2 numprocs=34
19: Starting Rabenseifner with non-power-of-2 numprocs=34
5: Starting Rabenseifner with non-power-of-2 numprocs=34
21: Starting Rabenseifner with non-power-of-2 numprocs=34
22: Starting Rabenseifner with non-power-of-2 numprocs=34
2: Starting Rabenseifner with non-power-of-2 numprocs=34
31: Starting Rabenseifner with non-power-of-2 numprocs=34
20: Starting Rabenseifner with non-power-of-2 numprocs=34
24: Starting Rabenseifner with non-power-of-2 numprocs=34
28: Starting Rabenseifner with non-power-of-2 numprocs=34
33: Starting Rabenseifner with non-power-of-2 numprocs=34
11: Starting Rabenseifner with non-power-of-2 numprocs=34
29: Starting Rabenseifner with non-power-of-2 numprocs=34
32: Starting Rabenseifner with non-power-of-2 numprocs=34
30: Starting Rabenseifner with non-power-of-2 numprocs=34
1: Starting Rabenseifner with non-power-of-2 numprocs=34
time: 0.000013s
Iteration 11
23: Starting Rabenseifner with non-power-of-2 numprocs=34
7: Starting Rabenseifner with non-power-of-2 numprocs=34
9: Starting Rabenseifner with non-power-of-2 numprocs=34
25: Starting Rabenseifner with non-power-of-2 numprocs=34
0: Starting Rabenseifner with non-power-of-2 numprocs=34
time: 0.000012s
Iteration 12
6: Starting Rabenseifner with non-power-of-2 numprocs=34
14: Starting Rabenseifner with non-power-of-2 numprocs=34
23: Starting Rabenseifner with non-power-of-2 numprocs=34
8: Starting Rabenseifner with non-power-of-2 numprocs=34
7: Starting Rabenseifner with non-power-of-2 numprocs=34
18: Starting Rabenseifner with non-power-of-2 numprocs=34
4: Starting Rabenseifner with non-power-of-2 numprocs=34
3: Starting Rabenseifner with non-power-of-2 numprocs=34
12: Starting Rabenseifner with non-power-of-2 numprocs=34
10: Starting Rabenseifner with non-power-of-2 numprocs=34
16: Starting Rabenseifner with non-power-of-2 numprocs=34
27: Starting Rabenseifner with non-power-of-2 numprocs=34
17: Starting Rabenseifner with non-power-of-2 numprocs=34
26: Starting Rabenseifner with non-power-of-2 numprocs=34
13: Starting Rabenseifner with non-power-of-2 numprocs=34
15: Starting Rabenseifner with non-power-of-2 numprocs=34
19: Starting Rabenseifner with non-power-of-2 numprocs=34
5: Starting Rabenseifner with non-power-of-2 numprocs=34
21: Starting Rabenseifner with non-power-of-2 numprocs=34
22: Starting Rabenseifner with non-power-of-2 numprocs=34
2: Starting Rabenseifner with non-power-of-2 numprocs=34
31: Starting Rabenseifner with non-power-of-2 numprocs=34
20: Starting Rabenseifner with non-power-of-2 numprocs=34
9: Starting Rabenseifner with non-power-of-2 numprocs=34
24: Starting Rabenseifner with non-power-of-2 numprocs=34
28: Starting Rabenseifner with non-power-of-2 numprocs=34
25: Starting Rabenseifner with non-power-of-2 numprocs=34
33: Starting Rabenseifner with non-power-of-2 numprocs=34
11: Starting Rabenseifner with non-power-of-2 numprocs=34
29: Starting Rabenseifner with non-power-of-2 numprocs=34
32: Starting Rabenseifner with non-power-of-2 numprocs=34
30: Starting Rabenseifner with non-power-of-2 numprocs=34
1: Starting Rabenseifner with non-power-of-2 numprocs=34
0: Starting Rabenseifner with non-power-of-2 numprocs=34
6: Starting Rabenseifner with non-power-of-2 numprocs=34
14: Starting Rabenseifner with non-power-of-2 numprocs=34
23: Starting Rabenseifner with non-power-of-2 numprocs=34
8: Starting Rabenseifner with non-power-of-2 numprocs=34
7: Starting Rabenseifner with non-power-of-2 numprocs=34
18: Starting Rabenseifner with non-power-of-2 numprocs=34
4: Starting Rabenseifner with non-power-of-2 numprocs=34
3: Starting Rabenseifner with non-power-of-2 numprocs=34
12: Starting Rabenseifner with non-power-of-2 numprocs=34
10: Starting Rabenseifner with non-power-of-2 numprocs=34
16: Starting Rabenseifner with non-power-of-2 numprocs=34
27: Starting Rabenseifner with non-power-of-2 numprocs=34
17: Starting Rabenseifner with non-power-of-2 numprocs=34
26: Starting Rabenseifner with non-power-of-2 numprocs=34
15: Starting Rabenseifner with non-power-of-2 numprocs=34
19: Starting Rabenseifner with non-power-of-2 numprocs=34
5: Starting Rabenseifner with non-power-of-2 numprocs=34
21: Starting Rabenseifner with non-power-of-2 numprocs=34
22: Starting Rabenseifner with non-power-of-2 numprocs=34
2: Starting Rabenseifner with non-power-of-2 numprocs=34
31: Starting Rabenseifner with non-power-of-2 numprocs=34
20: Starting Rabenseifner with non-power-of-2 numprocs=34
9: Starting Rabenseifner with non-power-of-2 numprocs=34
24: Starting Rabenseifner with non-power-of-2 numprocs=34
28: Starting Rabenseifner with non-power-of-2 numprocs=34
25: Starting Rabenseifner with non-power-of-2 numprocs=34
33: Starting Rabenseifner with non-power-of-2 numprocs=34
29: Starting Rabenseifner with non-power-of-2 numprocs=34
30: Starting Rabenseifner with non-power-of-2 numprocs=34
1: Starting Rabenseifner with non-power-of-2 numprocs=34
time: 0.000015s
Iteration 13
13: Starting Rabenseifner with non-power-of-2 numprocs=34
11: Starting Rabenseifner with non-power-of-2 numprocs=34
32: Starting Rabenseifner with non-power-of-2 numprocs=34
0: Starting Rabenseifner with non-power-of-2 numprocs=34
time: 0.000012s
Iteration 14
6: Starting Rabenseifner with non-power-of-2 numprocs=34
14: Starting Rabenseifner with non-power-of-2 numprocs=34
23: Starting Rabenseifner with non-power-of-2 numprocs=34
8: Starting Rabenseifner with non-power-of-2 numprocs=34
7: Starting Rabenseifner with non-power-of-2 numprocs=34
18: Starting Rabenseifner with non-power-of-2 numprocs=34
4: Starting Rabenseifner with non-power-of-2 numprocs=34
3: Starting Rabenseifner with non-power-of-2 numprocs=34
12: Starting Rabenseifner with non-power-of-2 numprocs=34
10: Starting Rabenseifner with non-power-of-2 numprocs=34
16: Starting Rabenseifner with non-power-of-2 numprocs=34
27: Starting Rabenseifner with non-power-of-2 numprocs=34
17: Starting Rabenseifner with non-power-of-2 numprocs=34
26: Starting Rabenseifner with non-power-of-2 numprocs=34
13: Starting Rabenseifner with non-power-of-2 numprocs=34
15: Starting Rabenseifner with non-power-of-2 numprocs=34
19: Starting Rabenseifner with non-power-of-2 numprocs=34
5: Starting Rabenseifner with non-power-of-2 numprocs=34
21: Starting Rabenseifner with non-power-of-2 numprocs=34
22: Starting Rabenseifner with non-power-of-2 numprocs=34
2: Starting Rabenseifner with non-power-of-2 numprocs=34
31: Starting Rabenseifner with non-power-of-2 numprocs=34
20: Starting Rabenseifner with non-power-of-2 numprocs=34
9: Starting Rabenseifner with non-power-of-2 numprocs=34
24: Starting Rabenseifner with non-power-of-2 numprocs=34
28: Starting Rabenseifner with non-power-of-2 numprocs=34
25: Starting Rabenseifner with non-power-of-2 numprocs=34
33: Starting Rabenseifner with non-power-of-2 numprocs=34
11: Starting Rabenseifner with non-power-of-2 numprocs=34
29: Starting Rabenseifner with non-power-of-2 numprocs=34
32: Starting Rabenseifner with non-power-of-2 numprocs=34
30: Starting Rabenseifner with non-power-of-2 numprocs=34
1: Starting Rabenseifner with non-power-of-2 numprocs=34
0: Starting Rabenseifner with non-power-of-2 numprocs=34
time: 0.000011s
8: Starting Rabenseifner with non-power-of-2 numprocs=34
18: Starting Rabenseifner with non-power-of-2 numprocs=34
4: Starting Rabenseifner with non-power-of-2 numprocs=34
12: Starting Rabenseifner with non-power-of-2 numprocs=34
10: Starting Rabenseifner with non-power-of-2 numprocs=34
13: Starting Rabenseifner with non-power-of-2 numprocs=34
15: Starting Rabenseifner with non-power-of-2 numprocs=34
22: Starting Rabenseifner with non-power-of-2 numprocs=34
2: Starting Rabenseifner with non-power-of-2 numprocs=34
32: Starting Rabenseifner with non-power-of-2 numprocs=34
30: Starting Rabenseifner with non-power-of-2 numprocs=34
Iteration 15
6: Starting Rabenseifner with non-power-of-2 numprocs=34
14: Starting Rabenseifner with non-power-of-2 numprocs=34
23: Starting Rabenseifner with non-power-of-2 numprocs=34
7: Starting Rabenseifner with non-power-of-2 numprocs=34
3: Starting Rabenseifner with non-power-of-2 numprocs=34
16: Starting Rabenseifner with non-power-of-2 numprocs=34
27: Starting Rabenseifner with non-power-of-2 numprocs=34
17: Starting Rabenseifner with non-power-of-2 numprocs=34
26: Starting Rabenseifner with non-power-of-2 numprocs=34
19: Starting Rabenseifner with non-power-of-2 numprocs=34
5: Starting Rabenseifner with non-power-of-2 numprocs=34
21: Starting Rabenseifner with non-power-of-2 numprocs=34
31: Starting Rabenseifner with non-power-of-2 numprocs=34
20: Starting Rabenseifner with non-power-of-2 numprocs=34
9: Starting Rabenseifner with non-power-of-2 numprocs=34
24: Starting Rabenseifner with non-power-of-2 numprocs=34
28: Starting Rabenseifner with non-power-of-2 numprocs=34
25: Starting Rabenseifner with non-power-of-2 numprocs=34
33: Starting Rabenseifner with non-power-of-2 numprocs=34
11: Starting Rabenseifner with non-power-of-2 numprocs=34
29: Starting Rabenseifner with non-power-of-2 numprocs=34
1: Starting Rabenseifner with non-power-of-2 numprocs=34
0: Starting Rabenseifner with non-power-of-2 numprocs=34
time: 0.000013s
Iteration 16
6: Starting Rabenseifner with non-power-of-2 numprocs=34
14: Starting Rabenseifner with non-power-of-2 numprocs=34
23: Starting Rabenseifner with non-power-of-2 numprocs=34
8: Starting Rabenseifner with non-power-of-2 numprocs=34
7: Starting Rabenseifner with non-power-of-2 numprocs=34
18: Starting Rabenseifner with non-power-of-2 numprocs=34
4: Starting Rabenseifner with non-power-of-2 numprocs=34
3: Starting Rabenseifner with non-power-of-2 numprocs=34
12: Starting Rabenseifner with non-power-of-2 numprocs=34
10: Starting Rabenseifner with non-power-of-2 numprocs=34
16: Starting Rabenseifner with non-power-of-2 numprocs=34
27: Starting Rabenseifner with non-power-of-2 numprocs=34
17: Starting Rabenseifner with non-power-of-2 numprocs=34
26: Starting Rabenseifner with non-power-of-2 numprocs=34
13: Starting Rabenseifner with non-power-of-2 numprocs=34
15: Starting Rabenseifner with non-power-of-2 numprocs=34
19: Starting Rabenseifner with non-power-of-2 numprocs=34
5: Starting Rabenseifner with non-power-of-2 numprocs=34
21: Starting Rabenseifner with non-power-of-2 numprocs=34
22: Starting Rabenseifner with non-power-of-2 numprocs=34
2: Starting Rabenseifner with non-power-of-2 numprocs=34
31: Starting Rabenseifner with non-power-of-2 numprocs=34
20: Starting Rabenseifner with non-power-of-2 numprocs=34
9: Starting Rabenseifner with non-power-of-2 numprocs=34
24: Starting Rabenseifner with non-power-of-2 numprocs=34
28: Starting Rabenseifner with non-power-of-2 numprocs=34
25: Starting Rabenseifner with non-power-of-2 numprocs=34
33: Starting Rabenseifner with non-power-of-2 numprocs=34
11: Starting Rabenseifner with non-power-of-2 numprocs=34
29: Starting Rabenseifner with non-power-of-2 numprocs=34
32: Starting Rabenseifner with non-power-of-2 numprocs=34
30: Starting Rabenseifner with non-power-of-2 numprocs=34
1: Starting Rabenseifner with non-power-of-2 numprocs=34
0: Starting Rabenseifner with non-power-of-2 numprocs=34
6: Starting Rabenseifner with non-power-of-2 numprocs=34
14: Starting Rabenseifner with non-power-of-2 numprocs=34
8: Starting Rabenseifner with non-power-of-2 numprocs=34
18: Starting Rabenseifner with non-power-of-2 numprocs=34
4: Starting Rabenseifner with non-power-of-2 numprocs=34
3: Starting Rabenseifner with non-power-of-2 numprocs=34
12: Starting Rabenseifner with non-power-of-2 numprocs=34
10: Starting Rabenseifner with non-power-of-2 numprocs=34
16: Starting Rabenseifner with non-power-of-2 numprocs=34
27: Starting Rabenseifner with non-power-of-2 numprocs=34
17: Starting Rabenseifner with non-power-of-2 numprocs=34
26: Starting Rabenseifner with non-power-of-2 numprocs=34
13: Starting Rabenseifner with non-power-of-2 numprocs=34
15: Starting Rabenseifner with non-power-of-2 numprocs=34
19: Starting Rabenseifner with non-power-of-2 numprocs=34
5: Starting Rabenseifner with non-power-of-2 numprocs=34
21: Starting Rabenseifner with non-power-of-2 numprocs=34
22: Starting Rabenseifner with non-power-of-2 numprocs=34
2: Starting Rabenseifner with non-power-of-2 numprocs=34
31: Starting Rabenseifner with non-power-of-2 numprocs=34
20: Starting Rabenseifner with non-power-of-2 numprocs=34
24: Starting Rabenseifner with non-power-of-2 numprocs=34
28: Starting Rabenseifner with non-power-of-2 numprocs=34
33: Starting Rabenseifner with non-power-of-2 numprocs=34
11: Starting Rabenseifner with non-power-of-2 numprocs=34
29: Starting Rabenseifner with non-power-of-2 numprocs=34
32: Starting Rabenseifner with non-power-of-2 numprocs=34
30: Starting Rabenseifner with non-power-of-2 numprocs=34
1: Starting Rabenseifner with non-power-of-2 numprocs=34
time: 0.000014s
Iteration 17
23: Starting Rabenseifner with non-power-of-2 numprocs=34
7: Starting Rabenseifner with non-power-of-2 numprocs=34
9: Starting Rabenseifner with non-power-of-2 numprocs=34
25: Starting Rabenseifner with non-power-of-2 numprocs=34
0: Starting Rabenseifner with non-power-of-2 numprocs=34
time: 0.000009s
Iteration 18
6: Starting Rabenseifner with non-power-of-2 numprocs=34
14: Starting Rabenseifner with non-power-of-2 numprocs=34
23: Starting Rabenseifner with non-power-of-2 numprocs=34
8: Starting Rabenseifner with non-power-of-2 numprocs=34
7: Starting Rabenseifner with non-power-of-2 numprocs=34
18: Starting Rabenseifner with non-power-of-2 numprocs=34
4: Starting Rabenseifner with non-power-of-2 numprocs=34
3: Starting Rabenseifner with non-power-of-2 numprocs=34
12: Starting Rabenseifner with non-power-of-2 numprocs=34
10: Starting Rabenseifner with non-power-of-2 numprocs=34
16: Starting Rabenseifner with non-power-of-2 numprocs=34
27: Starting Rabenseifner with non-power-of-2 numprocs=34
17: Starting Rabenseifner with non-power-of-2 numprocs=34
26: Starting Rabenseifner with non-power-of-2 numprocs=34
13: Starting Rabenseifner with non-power-of-2 numprocs=34
15: Starting Rabenseifner with non-power-of-2 numprocs=34
19: Starting Rabenseifner with non-power-of-2 numprocs=34
5: Starting Rabenseifner with non-power-of-2 numprocs=34
21: Starting Rabenseifner with non-power-of-2 numprocs=34
22: Starting Rabenseifner with non-power-of-2 numprocs=34
2: Starting Rabenseifner with non-power-of-2 numprocs=34
31: Starting Rabenseifner with non-power-of-2 numprocs=34
20: Starting Rabenseifner with non-power-of-2 numprocs=34
9: Starting Rabenseifner with non-power-of-2 numprocs=34
24: Starting Rabenseifner with non-power-of-2 numprocs=34
28: Starting Rabenseifner with non-power-of-2 numprocs=34
25: Starting Rabenseifner with non-power-of-2 numprocs=34
33: Starting Rabenseifner with non-power-of-2 numprocs=34
11: Starting Rabenseifner with non-power-of-2 numprocs=34
29: Starting Rabenseifner with non-power-of-2 numprocs=34
32: Starting Rabenseifner with non-power-of-2 numprocs=34
30: Starting Rabenseifner with non-power-of-2 numprocs=34
1: Starting Rabenseifner with non-power-of-2 numprocs=34
0: Starting Rabenseifner with non-power-of-2 numprocs=34
time: 0.000013s
Iteration 19
6: Starting Rabenseifner with non-power-of-2 numprocs=34
14: Starting Rabenseifner with non-power-of-2 numprocs=34
23: Starting Rabenseifner with non-power-of-2 numprocs=34
8: Starting Rabenseifner with non-power-of-2 numprocs=34
7: Starting Rabenseifner with non-power-of-2 numprocs=34
18: Starting Rabenseifner with non-power-of-2 numprocs=34
4: Starting Rabenseifner with non-power-of-2 numprocs=34
3: Starting Rabenseifner with non-power-of-2 numprocs=34
12: Starting Rabenseifner with non-power-of-2 numprocs=34
10: Starting Rabenseifner with non-power-of-2 numprocs=34
16: Starting Rabenseifner with non-power-of-2 numprocs=34
27: Starting Rabenseifner with non-power-of-2 numprocs=34
17: Starting Rabenseifner with non-power-of-2 numprocs=34
26: Starting Rabenseifner with non-power-of-2 numprocs=34
13: Starting Rabenseifner with non-power-of-2 numprocs=34
15: Starting Rabenseifner with non-power-of-2 numprocs=34
19: Starting Rabenseifner with non-power-of-2 numprocs=34
5: Starting Rabenseifner with non-power-of-2 numprocs=34
21: Starting Rabenseifner with non-power-of-2 numprocs=34
22: Starting Rabenseifner with non-power-of-2 numprocs=34
2: Starting Rabenseifner with non-power-of-2 numprocs=34
31: Starting Rabenseifner with non-power-of-2 numprocs=34
20: Starting Rabenseifner with non-power-of-2 numprocs=34
9: Starting Rabenseifner with non-power-of-2 numprocs=34
24: Starting Rabenseifner with non-power-of-2 numprocs=34
28: Starting Rabenseifner with non-power-of-2 numprocs=34
25: Starting Rabenseifner with non-power-of-2 numprocs=34
33: Starting Rabenseifner with non-power-of-2 numprocs=34
11: Starting Rabenseifner with non-power-of-2 numprocs=34
29: Starting Rabenseifner with non-power-of-2 numprocs=34
32: Starting Rabenseifner with non-power-of-2 numprocs=34
30: Starting Rabenseifner with non-power-of-2 numprocs=34
1: Starting Rabenseifner with non-power-of-2 numprocs=34
0: Starting Rabenseifner with non-power-of-2 numprocs=34
time: 0.000013s
Iteration 20
6: Starting Rabenseifner with non-power-of-2 numprocs=34
14: Starting Rabenseifner with non-power-of-2 numprocs=34
23: Starting Rabenseifner with non-power-of-2 numprocs=34
8: Starting Rabenseifner with non-power-of-2 numprocs=34
7: Starting Rabenseifner with non-power-of-2 numprocs=34
18: Starting Rabenseifner with non-power-of-2 numprocs=34
4: Starting Rabenseifner with non-power-of-2 numprocs=34
3: Starting Rabenseifner with non-power-of-2 numprocs=34
12: Starting Rabenseifner with non-power-of-2 numprocs=34
10: Starting Rabenseifner with non-power-of-2 numprocs=34
16: Starting Rabenseifner with non-power-of-2 numprocs=34
27: Starting Rabenseifner with non-power-of-2 numprocs=34
17: Starting Rabenseifner with non-power-of-2 numprocs=34
26: Starting Rabenseifner with non-power-of-2 numprocs=34
13: Starting Rabenseifner with non-power-of-2 numprocs=34
15: Starting Rabenseifner with non-power-of-2 numprocs=34
19: Starting Rabenseifner with non-power-of-2 numprocs=34
5: Starting Rabenseifner with non-power-of-2 numprocs=34
21: Starting Rabenseifner with non-power-of-2 numprocs=34
22: Starting Rabenseifner with non-power-of-2 numprocs=34
2: Starting Rabenseifner with non-power-of-2 numprocs=34
31: Starting Rabenseifner with non-power-of-2 numprocs=34
20: Starting Rabenseifner with non-power-of-2 numprocs=34
9: Starting Rabenseifner with non-power-of-2 numprocs=34
24: Starting Rabenseifner with non-power-of-2 numprocs=34
28: Starting Rabenseifner with non-power-of-2 numprocs=34
25: Starting Rabenseifner with non-power-of-2 numprocs=34
33: Starting Rabenseifner with non-power-of-2 numprocs=34
11: Starting Rabenseifner with non-power-of-2 numprocs=34
29: Starting Rabenseifner with non-power-of-2 numprocs=34
32: Starting Rabenseifner with non-power-of-2 numprocs=34
30: Starting Rabenseifner with non-power-of-2 numprocs=34
1: Starting Rabenseifner with non-power-of-2 numprocs=34
0: Starting Rabenseifner with non-power-of-2 numprocs=34
time: 0.000013s
Iteration 21
6: Starting Rabenseifner with non-power-of-2 numprocs=34
14: Starting Rabenseifner with non-power-of-2 numprocs=34
23: Starting Rabenseifner with non-power-of-2 numprocs=34
8: Starting Rabenseifner with non-power-of-2 numprocs=34
7: Starting Rabenseifner with non-power-of-2 numprocs=34
18: Starting Rabenseifner with non-power-of-2 numprocs=34
4: Starting Rabenseifner with non-power-of-2 numprocs=34
3: Starting Rabenseifner with non-power-of-2 numprocs=34
12: Starting Rabenseifner with non-power-of-2 numprocs=34
10: Starting Rabenseifner with non-power-of-2 numprocs=34
16: Starting Rabenseifner with non-power-of-2 numprocs=34
27: Starting Rabenseifner with non-power-of-2 numprocs=34
17: Starting Rabenseifner with non-power-of-2 numprocs=34
26: Starting Rabenseifner with non-power-of-2 numprocs=34
13: Starting Rabenseifner with non-power-of-2 numprocs=34
15: Starting Rabenseifner with non-power-of-2 numprocs=34
19: Starting Rabenseifner with non-power-of-2 numprocs=34
5: Starting Rabenseifner with non-power-of-2 numprocs=34
21: Starting Rabenseifner with non-power-of-2 numprocs=34
22: Starting Rabenseifner with non-power-of-2 numprocs=34
2: Starting Rabenseifner with non-power-of-2 numprocs=34
31: Starting Rabenseifner with non-power-of-2 numprocs=34
20: Starting Rabenseifner with non-power-of-2 numprocs=34
9: Starting Rabenseifner with non-power-of-2 numprocs=34
24: Starting Rabenseifner with non-power-of-2 numprocs=34
28: Starting Rabenseifner with non-power-of-2 numprocs=34
25: Starting Rabenseifner with non-power-of-2 numprocs=34
33: Starting Rabenseifner with non-power-of-2 numprocs=34
11: Starting Rabenseifner with non-power-of-2 numprocs=34
29: Starting Rabenseifner with non-power-of-2 numprocs=34
32: Starting Rabenseifner with non-power-of-2 numprocs=34
30: Starting Rabenseifner with non-power-of-2 numprocs=34
1: Starting Rabenseifner with non-power-of-2 numprocs=34
0: Starting Rabenseifner with non-power-of-2 numprocs=34
time: 0.000013s
Iteration 22
6: Starting Rabenseifner with non-power-of-2 numprocs=34
14: Starting Rabenseifner with non-power-of-2 numprocs=34
23: Starting Rabenseifner with non-power-of-2 numprocs=34
8: Starting Rabenseifner with non-power-of-2 numprocs=34
7: Starting Rabenseifner with non-power-of-2 numprocs=34
18: Starting Rabenseifner with non-power-of-2 numprocs=34
4: Starting Rabenseifner with non-power-of-2 numprocs=34
3: Starting Rabenseifner with non-power-of-2 numprocs=34
12: Starting Rabenseifner with non-power-of-2 numprocs=34
10: Starting Rabenseifner with non-power-of-2 numprocs=34
16: Starting Rabenseifner with non-power-of-2 numprocs=34
27: Starting Rabenseifner with non-power-of-2 numprocs=34
17: Starting Rabenseifner with non-power-of-2 numprocs=34
26: Starting Rabenseifner with non-power-of-2 numprocs=34
13: Starting Rabenseifner with non-power-of-2 numprocs=34
15: Starting Rabenseifner with non-power-of-2 numprocs=34
19: Starting Rabenseifner with non-power-of-2 numprocs=34
5: Starting Rabenseifner with non-power-of-2 numprocs=34
21: Starting Rabenseifner with non-power-of-2 numprocs=34
22: Starting Rabenseifner with non-power-of-2 numprocs=34
2: Starting Rabenseifner with non-power-of-2 numprocs=34
31: Starting Rabenseifner with non-power-of-2 numprocs=34
20: Starting Rabenseifner with non-power-of-2 numprocs=34
9: Starting Rabenseifner with non-power-of-2 numprocs=34
24: Starting Rabenseifner with non-power-of-2 numprocs=34
28: Starting Rabenseifner with non-power-of-2 numprocs=34
25: Starting Rabenseifner with non-power-of-2 numprocs=34
33: Starting Rabenseifner with non-power-of-2 numprocs=34
11: Starting Rabenseifner with non-power-of-2 numprocs=34
29: Starting Rabenseifner with non-power-of-2 numprocs=34
32: Starting Rabenseifner with non-power-of-2 numprocs=34
30: Starting Rabenseifner with non-power-of-2 numprocs=34
1: Starting Rabenseifner with non-power-of-2 numprocs=34
0: Starting Rabenseifner with non-power-of-2 numprocs=34
time: 0.000013s
Iteration 23
6: Starting Rabenseifner with non-power-of-2 numprocs=34
14: Starting Rabenseifner with non-power-of-2 numprocs=34
23: Starting Rabenseifner with non-power-of-2 numprocs=34
8: Starting Rabenseifner with non-power-of-2 numprocs=34
7: Starting Rabenseifner with non-power-of-2 numprocs=34
18: Starting Rabenseifner with non-power-of-2 numprocs=34
4: Starting Rabenseifner with non-power-of-2 numprocs=34
3: Starting Rabenseifner with non-power-of-2 numprocs=34
12: Starting Rabenseifner with non-power-of-2 numprocs=34
10: Starting Rabenseifner with non-power-of-2 numprocs=34
16: Starting Rabenseifner with non-power-of-2 numprocs=34
27: Starting Rabenseifner with non-power-of-2 numprocs=34
17: Starting Rabenseifner with non-power-of-2 numprocs=34
26: Starting Rabenseifner with non-power-of-2 numprocs=34
13: Starting Rabenseifner with non-power-of-2 numprocs=34
15: Starting Rabenseifner with non-power-of-2 numprocs=34
19: Starting Rabenseifner with non-power-of-2 numprocs=34
5: Starting Rabenseifner with non-power-of-2 numprocs=34
21: Starting Rabenseifner with non-power-of-2 numprocs=34
22: Starting Rabenseifner with non-power-of-2 numprocs=34
2: Starting Rabenseifner with non-power-of-2 numprocs=34
31: Starting Rabenseifner with non-power-of-2 numprocs=34
20: Starting Rabenseifner with non-power-of-2 numprocs=34
9: Starting Rabenseifner with non-power-of-2 numprocs=34
24: Starting Rabenseifner with non-power-of-2 numprocs=34
28: Starting Rabenseifner with non-power-of-2 numprocs=34
25: Starting Rabenseifner with non-power-of-2 numprocs=34
33: Starting Rabenseifner with non-power-of-2 numprocs=34
11: Starting Rabenseifner with non-power-of-2 numprocs=34
29: Starting Rabenseifner with non-power-of-2 numprocs=34
32: Starting Rabenseifner with non-power-of-2 numprocs=34
30: Starting Rabenseifner with non-power-of-2 numprocs=34
1: Starting Rabenseifner with non-power-of-2 numprocs=34
0: Starting Rabenseifner with non-power-of-2 numprocs=34
time: 0.000014s
Iteration 24
6: Starting Rabenseifner with non-power-of-2 numprocs=34
14: Starting Rabenseifner with non-power-of-2 numprocs=34
8: Starting Rabenseifner with non-power-of-2 numprocs=34
18: Starting Rabenseifner with non-power-of-2 numprocs=34
4: Starting Rabenseifner with non-power-of-2 numprocs=34
12: Starting Rabenseifner with non-power-of-2 numprocs=34
15: Starting Rabenseifner with non-power-of-2 numprocs=34
20: Starting Rabenseifner with non-power-of-2 numprocs=34
29: Starting Rabenseifner with non-power-of-2 numprocs=34
23: Starting Rabenseifner with non-power-of-2 numprocs=34
7: Starting Rabenseifner with non-power-of-2 numprocs=34
3: Starting Rabenseifner with non-power-of-2 numprocs=34
10: Starting Rabenseifner with non-power-of-2 numprocs=34
16: Starting Rabenseifner with non-power-of-2 numprocs=34
27: Starting Rabenseifner with non-power-of-2 numprocs=34
17: Starting Rabenseifner with non-power-of-2 numprocs=34
26: Starting Rabenseifner with non-power-of-2 numprocs=34
13: Starting Rabenseifner with non-power-of-2 numprocs=34
19: Starting Rabenseifner with non-power-of-2 numprocs=34
5: Starting Rabenseifner with non-power-of-2 numprocs=34
21: Starting Rabenseifner with non-power-of-2 numprocs=34
22: Starting Rabenseifner with non-power-of-2 numprocs=34
2: Starting Rabenseifner with non-power-of-2 numprocs=34
31: Starting Rabenseifner with non-power-of-2 numprocs=34
9: Starting Rabenseifner with non-power-of-2 numprocs=34
24: Starting Rabenseifner with non-power-of-2 numprocs=34
28: Starting Rabenseifner with non-power-of-2 numprocs=34
25: Starting Rabenseifner with non-power-of-2 numprocs=34
33: Starting Rabenseifner with non-power-of-2 numprocs=34
11: Starting Rabenseifner with non-power-of-2 numprocs=34
32: Starting Rabenseifner with non-power-of-2 numprocs=34
30: Starting Rabenseifner with non-power-of-2 numprocs=34
1: Starting Rabenseifner with non-power-of-2 numprocs=34
0: Starting Rabenseifner with non-power-of-2 numprocs=34
time: 0.000012s
Iteration 25
8: Starting Rabenseifner with non-power-of-2 numprocs=34
16: Starting Rabenseifner with non-power-of-2 numprocs=34
26: Starting Rabenseifner with non-power-of-2 numprocs=34
2: Starting Rabenseifner with non-power-of-2 numprocs=34
28: Starting Rabenseifner with non-power-of-2 numprocs=34
25: Starting Rabenseifner with non-power-of-2 numprocs=34
32: Starting Rabenseifner with non-power-of-2 numprocs=34
30: Starting Rabenseifner with non-power-of-2 numprocs=34
6: Starting Rabenseifner with non-power-of-2 numprocs=34
14: Starting Rabenseifner with non-power-of-2 numprocs=34
23: Starting Rabenseifner with non-power-of-2 numprocs=34
7: Starting Rabenseifner with non-power-of-2 numprocs=34
18: Starting Rabenseifner with non-power-of-2 numprocs=34
4: Starting Rabenseifner with non-power-of-2 numprocs=34
3: Starting Rabenseifner with non-power-of-2 numprocs=34
12: Starting Rabenseifner with non-power-of-2 numprocs=34
10: Starting Rabenseifner with non-power-of-2 numprocs=34
27: Starting Rabenseifner with non-power-of-2 numprocs=34
17: Starting Rabenseifner with non-power-of-2 numprocs=34
13: Starting Rabenseifner with non-power-of-2 numprocs=34
15: Starting Rabenseifner with non-power-of-2 numprocs=34
19: Starting Rabenseifner with non-power-of-2 numprocs=34
5: Starting Rabenseifner with non-power-of-2 numprocs=34
21: Starting Rabenseifner with non-power-of-2 numprocs=34
22: Starting Rabenseifner with non-power-of-2 numprocs=34
31: Starting Rabenseifner with non-power-of-2 numprocs=34
20: Starting Rabenseifner with non-power-of-2 numprocs=34
9: Starting Rabenseifner with non-power-of-2 numprocs=34
24: Starting Rabenseifner with non-power-of-2 numprocs=34
33: Starting Rabenseifner with non-power-of-2 numprocs=34
11: Starting Rabenseifner with non-power-of-2 numprocs=34
29: Starting Rabenseifner with non-power-of-2 numprocs=34
1: Starting Rabenseifner with non-power-of-2 numprocs=34
0: Starting Rabenseifner with non-power-of-2 numprocs=34
time: 0.000013s
Iteration 26
6: Starting Rabenseifner with non-power-of-2 numprocs=34
14: Starting Rabenseifner with non-power-of-2 numprocs=34
23: Starting Rabenseifner with non-power-of-2 numprocs=34
8: Starting Rabenseifner with non-power-of-2 numprocs=34
7: Starting Rabenseifner with non-power-of-2 numprocs=34
18: Starting Rabenseifner with non-power-of-2 numprocs=34
4: Starting Rabenseifner with non-power-of-2 numprocs=34
3: Starting Rabenseifner with non-power-of-2 numprocs=34
12: Starting Rabenseifner with non-power-of-2 numprocs=34
10: Starting Rabenseifner with non-power-of-2 numprocs=34
16: Starting Rabenseifner with non-power-of-2 numprocs=34
27: Starting Rabenseifner with non-power-of-2 numprocs=34
17: Starting Rabenseifner with non-power-of-2 numprocs=34
26: Starting Rabenseifner with non-power-of-2 numprocs=34
13: Starting Rabenseifner with non-power-of-2 numprocs=34
15: Starting Rabenseifner with non-power-of-2 numprocs=34
19: Starting Rabenseifner with non-power-of-2 numprocs=34
5: Starting Rabenseifner with non-power-of-2 numprocs=34
21: Starting Rabenseifner with non-power-of-2 numprocs=34
22: Starting Rabenseifner with non-power-of-2 numprocs=34
2: Starting Rabenseifner with non-power-of-2 numprocs=34
31: Starting Rabenseifner with non-power-of-2 numprocs=34
20: Starting Rabenseifner with non-power-of-2 numprocs=34
9: Starting Rabenseifner with non-power-of-2 numprocs=34
24: Starting Rabenseifner with non-power-of-2 numprocs=34
28: Starting Rabenseifner with non-power-of-2 numprocs=34
25: Starting Rabenseifner with non-power-of-2 numprocs=34
33: Starting Rabenseifner with non-power-of-2 numprocs=34
11: Starting Rabenseifner with non-power-of-2 numprocs=34
29: Starting Rabenseifner with non-power-of-2 numprocs=34
32: Starting Rabenseifner with non-power-of-2 numprocs=34
30: Starting Rabenseifner with non-power-of-2 numprocs=34
1: Starting Rabenseifner with non-power-of-2 numprocs=34
0: Starting Rabenseifner with non-power-of-2 numprocs=34
time: 0.000014s
Iteration 27
6: Starting Rabenseifner with non-power-of-2 numprocs=34
14: Starting Rabenseifner with non-power-of-2 numprocs=34
23: Starting Rabenseifner with non-power-of-2 numprocs=34
8: Starting Rabenseifner with non-power-of-2 numprocs=34
7: Starting Rabenseifner with non-power-of-2 numprocs=34
18: Starting Rabenseifner with non-power-of-2 numprocs=34
4: Starting Rabenseifner with non-power-of-2 numprocs=34
3: Starting Rabenseifner with non-power-of-2 numprocs=34
12: Starting Rabenseifner with non-power-of-2 numprocs=34
10: Starting Rabenseifner with non-power-of-2 numprocs=34
27: Starting Rabenseifner with non-power-of-2 numprocs=34
17: Starting Rabenseifner with non-power-of-2 numprocs=34
26: Starting Rabenseifner with non-power-of-2 numprocs=34
13: Starting Rabenseifner with non-power-of-2 numprocs=34
15: Starting Rabenseifner with non-power-of-2 numprocs=34
19: Starting Rabenseifner with non-power-of-2 numprocs=34
5: Starting Rabenseifner with non-power-of-2 numprocs=34
21: Starting Rabenseifner with non-power-of-2 numprocs=34
22: Starting Rabenseifner with non-power-of-2 numprocs=34
2: Starting Rabenseifner with non-power-of-2 numprocs=34
31: Starting Rabenseifner with non-power-of-2 numprocs=34
20: Starting Rabenseifner with non-power-of-2 numprocs=34
9: Starting Rabenseifner with non-power-of-2 numprocs=34
24: Starting Rabenseifner with non-power-of-2 numprocs=34
28: Starting Rabenseifner with non-power-of-2 numprocs=34
25: Starting Rabenseifner with non-power-of-2 numprocs=34
33: Starting Rabenseifner with non-power-of-2 numprocs=34
11: Starting Rabenseifner with non-power-of-2 numprocs=34
29: Starting Rabenseifner with non-power-of-2 numprocs=34
32: Starting Rabenseifner with non-power-of-2 numprocs=34
30: Starting Rabenseifner with non-power-of-2 numprocs=34
1: Starting Rabenseifner with non-power-of-2 numprocs=34
16: Starting Rabenseifner with non-power-of-2 numprocs=34
0: Starting Rabenseifner with non-power-of-2 numprocs=34
time: 0.000013s
Iteration 28
6: Starting Rabenseifner with non-power-of-2 numprocs=34
14: Starting Rabenseifner with non-power-of-2 numprocs=34
23: Starting Rabenseifner with non-power-of-2 numprocs=34
8: Starting Rabenseifner with non-power-of-2 numprocs=34
7: Starting Rabenseifner with non-power-of-2 numprocs=34
18: Starting Rabenseifner with non-power-of-2 numprocs=34
4: Starting Rabenseifner with non-power-of-2 numprocs=34
3: Starting Rabenseifner with non-power-of-2 numprocs=34
12: Starting Rabenseifner with non-power-of-2 numprocs=34
10: Starting Rabenseifner with non-power-of-2 numprocs=34
16: Starting Rabenseifner with non-power-of-2 numprocs=34
27: Starting Rabenseifner with non-power-of-2 numprocs=34
17: Starting Rabenseifner with non-power-of-2 numprocs=34
26: Starting Rabenseifner with non-power-of-2 numprocs=34
13: Starting Rabenseifner with non-power-of-2 numprocs=34
15: Starting Rabenseifner with non-power-of-2 numprocs=34
19: Starting Rabenseifner with non-power-of-2 numprocs=34
5: Starting Rabenseifner with non-power-of-2 numprocs=34
21: Starting Rabenseifner with non-power-of-2 numprocs=34
22: Starting Rabenseifner with non-power-of-2 numprocs=34
2: Starting Rabenseifner with non-power-of-2 numprocs=34
31: Starting Rabenseifner with non-power-of-2 numprocs=34
20: Starting Rabenseifner with non-power-of-2 numprocs=34
9: Starting Rabenseifner with non-power-of-2 numprocs=34
24: Starting Rabenseifner with non-power-of-2 numprocs=34
28: Starting Rabenseifner with non-power-of-2 numprocs=34
25: Starting Rabenseifner with non-power-of-2 numprocs=34
33: Starting Rabenseifner with non-power-of-2 numprocs=34
11: Starting Rabenseifner with non-power-of-2 numprocs=34
29: Starting Rabenseifner with non-power-of-2 numprocs=34
32: Starting Rabenseifner with non-power-of-2 numprocs=34
30: Starting Rabenseifner with non-power-of-2 numprocs=34
1: Starting Rabenseifner with non-power-of-2 numprocs=34
0: Starting Rabenseifner with non-power-of-2 numprocs=34
time: 0.000011s
Iteration 29
23: Starting Rabenseifner with non-power-of-2 numprocs=34
7: Starting Rabenseifner with non-power-of-2 numprocs=34
3: Starting Rabenseifner with non-power-of-2 numprocs=34
27: Starting Rabenseifner with non-power-of-2 numprocs=34
17: Starting Rabenseifner with non-power-of-2 numprocs=34
13: Starting Rabenseifner with non-power-of-2 numprocs=34
15: Starting Rabenseifner with non-power-of-2 numprocs=34
19: Starting Rabenseifner with non-power-of-2 numprocs=34
5: Starting Rabenseifner with non-power-of-2 numprocs=34
21: Starting Rabenseifner with non-power-of-2 numprocs=34
22: Starting Rabenseifner with non-power-of-2 numprocs=34
2: Starting Rabenseifner with non-power-of-2 numprocs=34
31: Starting Rabenseifner with non-power-of-2 numprocs=34
20: Starting Rabenseifner with non-power-of-2 numprocs=34
9: Starting Rabenseifner with non-power-of-2 numprocs=34
24: Starting Rabenseifner with non-power-of-2 numprocs=34
28: Starting Rabenseifner with non-power-of-2 numprocs=34
25: Starting Rabenseifner with non-power-of-2 numprocs=34
33: Starting Rabenseifner with non-power-of-2 numprocs=34
11: Starting Rabenseifner with non-power-of-2 numprocs=34
29: Starting Rabenseifner with non-power-of-2 numprocs=34
32: Starting Rabenseifner with non-power-of-2 numprocs=34
30: Starting Rabenseifner with non-power-of-2 numprocs=34
1: Starting Rabenseifner with non-power-of-2 numprocs=34
6: Starting Rabenseifner with non-power-of-2 numprocs=34
14: Starting Rabenseifner with non-power-of-2 numprocs=34
8: Starting Rabenseifner with non-power-of-2 numprocs=34
18: Starting Rabenseifner with non-power-of-2 numprocs=34
4: Starting Rabenseifner with non-power-of-2 numprocs=34
12: Starting Rabenseifner with non-power-of-2 numprocs=34
10: Starting Rabenseifner with non-power-of-2 numprocs=34
16: Starting Rabenseifner with non-power-of-2 numprocs=34
26: Starting Rabenseifner with non-power-of-2 numprocs=34
0: Starting Rabenseifner with non-power-of-2 numprocs=34
time: 0.000013s
Iteration 30
6: Starting Rabenseifner with non-power-of-2 numprocs=34
14: Starting Rabenseifner with non-power-of-2 numprocs=34
23: Starting Rabenseifner with non-power-of-2 numprocs=34
8: Starting Rabenseifner with non-power-of-2 numprocs=34
7: Starting Rabenseifner with non-power-of-2 numprocs=34
18: Starting Rabenseifner with non-power-of-2 numprocs=34
4: Starting Rabenseifner with non-power-of-2 numprocs=34
3: Starting Rabenseifner with non-power-of-2 numprocs=34
12: Starting Rabenseifner with non-power-of-2 numprocs=34
10: Starting Rabenseifner with non-power-of-2 numprocs=34
16: Starting Rabenseifner with non-power-of-2 numprocs=34
27: Starting Rabenseifner with non-power-of-2 numprocs=34
17: Starting Rabenseifner with non-power-of-2 numprocs=34
26: Starting Rabenseifner with non-power-of-2 numprocs=34
13: Starting Rabenseifner with non-power-of-2 numprocs=34
15: Starting Rabenseifner with non-power-of-2 numprocs=34
19: Starting Rabenseifner with non-power-of-2 numprocs=34
5: Starting Rabenseifner with non-power-of-2 numprocs=34
21: Starting Rabenseifner with non-power-of-2 numprocs=34
22: Starting Rabenseifner with non-power-of-2 numprocs=34
2: Starting Rabenseifner with non-power-of-2 numprocs=34
31: Starting Rabenseifner with non-power-of-2 numprocs=34
20: Starting Rabenseifner with non-power-of-2 numprocs=34
9: Starting Rabenseifner with non-power-of-2 numprocs=34
24: Starting Rabenseifner with non-power-of-2 numprocs=34
28: Starting Rabenseifner with non-power-of-2 numprocs=34
25: Starting Rabenseifner with non-power-of-2 numprocs=34
33: Starting Rabenseifner with non-power-of-2 numprocs=34
11: Starting Rabenseifner with non-power-of-2 numprocs=34
29: Starting Rabenseifner with non-power-of-2 numprocs=34
32: Starting Rabenseifner with non-power-of-2 numprocs=34
30: Starting Rabenseifner with non-power-of-2 numprocs=34
1: Starting Rabenseifner with non-power-of-2 numprocs=34
0: Starting Rabenseifner with non-power-of-2 numprocs=34
time: 0.000011s
Iteration 31
6: Starting Rabenseifner with non-power-of-2 numprocs=34
14: Starting Rabenseifner with non-power-of-2 numprocs=34
23: Starting Rabenseifner with non-power-of-2 numprocs=34
8: Starting Rabenseifner with non-power-of-2 numprocs=34
7: Starting Rabenseifner with non-power-of-2 numprocs=34
18: Starting Rabenseifner with non-power-of-2 numprocs=34
4: Starting Rabenseifner with non-power-of-2 numprocs=34
3: Starting Rabenseifner with non-power-of-2 numprocs=34
12: Starting Rabenseifner with non-power-of-2 numprocs=34
10: Starting Rabenseifner with non-power-of-2 numprocs=34
16: Starting Rabenseifner with non-power-of-2 numprocs=34
27: Starting Rabenseifner with non-power-of-2 numprocs=34
17: Starting Rabenseifner with non-power-of-2 numprocs=34
26: Starting Rabenseifner with non-power-of-2 numprocs=34
13: Starting Rabenseifner with non-power-of-2 numprocs=34
15: Starting Rabenseifner with non-power-of-2 numprocs=34
19: Starting Rabenseifner with non-power-of-2 numprocs=34
5: Starting Rabenseifner with non-power-of-2 numprocs=34
21: Starting Rabenseifner with non-power-of-2 numprocs=34
22: Starting Rabenseifner with non-power-of-2 numprocs=34
2: Starting Rabenseifner with non-power-of-2 numprocs=34
31: Starting Rabenseifner with non-power-of-2 numprocs=34
20: Starting Rabenseifner with non-power-of-2 numprocs=34
9: Starting Rabenseifner with non-power-of-2 numprocs=34
24: Starting Rabenseifner with non-power-of-2 numprocs=34
28: Starting Rabenseifner with non-power-of-2 numprocs=34
25: Starting Rabenseifner with non-power-of-2 numprocs=34
33: Starting Rabenseifner with non-power-of-2 numprocs=34
11: Starting Rabenseifner with non-power-of-2 numprocs=34
29: Starting Rabenseifner with non-power-of-2 numprocs=34
32: Starting Rabenseifner with non-power-of-2 numprocs=34
30: Starting Rabenseifner with non-power-of-2 numprocs=34
1: Starting Rabenseifner with non-power-of-2 numprocs=34
0: Starting Rabenseifner with non-power-of-2 numprocs=34
time: 0.000012s
Iteration 32
6: Starting Rabenseifner with non-power-of-2 numprocs=34
14: Starting Rabenseifner with non-power-of-2 numprocs=34
23: Starting Rabenseifner with non-power-of-2 numprocs=34
8: Starting Rabenseifner with non-power-of-2 numprocs=34
7: Starting Rabenseifner with non-power-of-2 numprocs=34
18: Starting Rabenseifner with non-power-of-2 numprocs=34
4: Starting Rabenseifner with non-power-of-2 numprocs=34
3: Starting Rabenseifner with non-power-of-2 numprocs=34
12: Starting Rabenseifner with non-power-of-2 numprocs=34
10: Starting Rabenseifner with non-power-of-2 numprocs=34
16: Starting Rabenseifner with non-power-of-2 numprocs=34
27: Starting Rabenseifner with non-power-of-2 numprocs=34
17: Starting Rabenseifner with non-power-of-2 numprocs=34
26: Starting Rabenseifner with non-power-of-2 numprocs=34
13: Starting Rabenseifner with non-power-of-2 numprocs=34
15: Starting Rabenseifner with non-power-of-2 numprocs=34
19: Starting Rabenseifner with non-power-of-2 numprocs=34
5: Starting Rabenseifner with non-power-of-2 numprocs=34
21: Starting Rabenseifner with non-power-of-2 numprocs=34
22: Starting Rabenseifner with non-power-of-2 numprocs=34
2: Starting Rabenseifner with non-power-of-2 numprocs=34
31: Starting Rabenseifner with non-power-of-2 numprocs=34
20: Starting Rabenseifner with non-power-of-2 numprocs=34
9: Starting Rabenseifner with non-power-of-2 numprocs=34
24: Starting Rabenseifner with non-power-of-2 numprocs=34
28: Starting Rabenseifner with non-power-of-2 numprocs=34
25: Starting Rabenseifner with non-power-of-2 numprocs=34
33: Starting Rabenseifner with non-power-of-2 numprocs=34
11: Starting Rabenseifner with non-power-of-2 numprocs=34
29: Starting Rabenseifner with non-power-of-2 numprocs=34
32: Starting Rabenseifner with non-power-of-2 numprocs=34
30: Starting Rabenseifner with non-power-of-2 numprocs=34
1: Starting Rabenseifner with non-power-of-2 numprocs=34
0: Starting Rabenseifner with non-power-of-2 numprocs=34
time: 0.000013s
Iteration 33
6: Starting Rabenseifner with non-power-of-2 numprocs=34
14: Starting Rabenseifner with non-power-of-2 numprocs=34
23: Starting Rabenseifner with non-power-of-2 numprocs=34
8: Starting Rabenseifner with non-power-of-2 numprocs=34
7: Starting Rabenseifner with non-power-of-2 numprocs=34
18: Starting Rabenseifner with non-power-of-2 numprocs=34
4: Starting Rabenseifner with non-power-of-2 numprocs=34
3: Starting Rabenseifner with non-power-of-2 numprocs=34
12: Starting Rabenseifner with non-power-of-2 numprocs=34
10: Starting Rabenseifner with non-power-of-2 numprocs=34
16: Starting Rabenseifner with non-power-of-2 numprocs=34
27: Starting Rabenseifner with non-power-of-2 numprocs=34
17: Starting Rabenseifner with non-power-of-2 numprocs=34
26: Starting Rabenseifner with non-power-of-2 numprocs=34
13: Starting Rabenseifner with non-power-of-2 numprocs=34
15: Starting Rabenseifner with non-power-of-2 numprocs=34
19: Starting Rabenseifner with non-power-of-2 numprocs=34
5: Starting Rabenseifner with non-power-of-2 numprocs=34
21: Starting Rabenseifner with non-power-of-2 numprocs=34
22: Starting Rabenseifner with non-power-of-2 numprocs=34
2: Starting Rabenseifner with non-power-of-2 numprocs=34
31: Starting Rabenseifner with non-power-of-2 numprocs=34
20: Starting Rabenseifner with non-power-of-2 numprocs=34
9: Starting Rabenseifner with non-power-of-2 numprocs=34
24: Starting Rabenseifner with non-power-of-2 numprocs=34
28: Starting Rabenseifner with non-power-of-2 numprocs=34
25: Starting Rabenseifner with non-power-of-2 numprocs=34
33: Starting Rabenseifner with non-power-of-2 numprocs=34
11: Starting Rabenseifner with non-power-of-2 numprocs=34
29: Starting Rabenseifner with non-power-of-2 numprocs=34
32: Starting Rabenseifner with non-power-of-2 numprocs=34
30: Starting Rabenseifner with non-power-of-2 numprocs=34
1: Starting Rabenseifner with non-power-of-2 numprocs=34
0: Starting Rabenseifner with non-power-of-2 numprocs=34
time: 0.000012s
Iteration 34
6: Starting Rabenseifner with non-power-of-2 numprocs=34
14: Starting Rabenseifner with non-power-of-2 numprocs=34
23: Starting Rabenseifner with non-power-of-2 numprocs=34
8: Starting Rabenseifner with non-power-of-2 numprocs=34
7: Starting Rabenseifner with non-power-of-2 numprocs=34
18: Starting Rabenseifner with non-power-of-2 numprocs=34
4: Starting Rabenseifner with non-power-of-2 numprocs=34
3: Starting Rabenseifner with non-power-of-2 numprocs=34
12: Starting Rabenseifner with non-power-of-2 numprocs=34
10: Starting Rabenseifner with non-power-of-2 numprocs=34
16: Starting Rabenseifner with non-power-of-2 numprocs=34
27: Starting Rabenseifner with non-power-of-2 numprocs=34
17: Starting Rabenseifner with non-power-of-2 numprocs=34
26: Starting Rabenseifner with non-power-of-2 numprocs=34
13: Starting Rabenseifner with non-power-of-2 numprocs=34
15: Starting Rabenseifner with non-power-of-2 numprocs=34
19: Starting Rabenseifner with non-power-of-2 numprocs=34
5: Starting Rabenseifner with non-power-of-2 numprocs=34
21: Starting Rabenseifner with non-power-of-2 numprocs=34
22: Starting Rabenseifner with non-power-of-2 numprocs=34
2: Starting Rabenseifner with non-power-of-2 numprocs=34
31: Starting Rabenseifner with non-power-of-2 numprocs=34
20: Starting Rabenseifner with non-power-of-2 numprocs=34
9: Starting Rabenseifner with non-power-of-2 numprocs=34
24: Starting Rabenseifner with non-power-of-2 numprocs=34
28: Starting Rabenseifner with non-power-of-2 numprocs=34
25: Starting Rabenseifner with non-power-of-2 numprocs=34
33: Starting Rabenseifner with non-power-of-2 numprocs=34
11: Starting Rabenseifner with non-power-of-2 numprocs=34
29: Starting Rabenseifner with non-power-of-2 numprocs=34
32: Starting Rabenseifner with non-power-of-2 numprocs=34
30: Starting Rabenseifner with non-power-of-2 numprocs=34
1: Starting Rabenseifner with non-power-of-2 numprocs=34
0: Starting Rabenseifner with non-power-of-2 numprocs=34
time: 0.000013s
Iteration 35
6: Starting Rabenseifner with non-power-of-2 numprocs=34
14: Starting Rabenseifner with non-power-of-2 numprocs=34
23: Starting Rabenseifner with non-power-of-2 numprocs=34
8: Starting Rabenseifner with non-power-of-2 numprocs=34
7: Starting Rabenseifner with non-power-of-2 numprocs=34
18: Starting Rabenseifner with non-power-of-2 numprocs=34
4: Starting Rabenseifner with non-power-of-2 numprocs=34
3: Starting Rabenseifner with non-power-of-2 numprocs=34
12: Starting Rabenseifner with non-power-of-2 numprocs=34
10: Starting Rabenseifner with non-power-of-2 numprocs=34
16: Starting Rabenseifner with non-power-of-2 numprocs=34
27: Starting Rabenseifner with non-power-of-2 numprocs=34
17: Starting Rabenseifner with non-power-of-2 numprocs=34
26: Starting Rabenseifner with non-power-of-2 numprocs=34
13: Starting Rabenseifner with non-power-of-2 numprocs=34
15: Starting Rabenseifner with non-power-of-2 numprocs=34
19: Starting Rabenseifner with non-power-of-2 numprocs=34
5: Starting Rabenseifner with non-power-of-2 numprocs=34
21: Starting Rabenseifner with non-power-of-2 numprocs=34
22: Starting Rabenseifner with non-power-of-2 numprocs=34
2: Starting Rabenseifner with non-power-of-2 numprocs=34
31: Starting Rabenseifner with non-power-of-2 numprocs=34
20: Starting Rabenseifner with non-power-of-2 numprocs=34
9: Starting Rabenseifner with non-power-of-2 numprocs=34
24: Starting Rabenseifner with non-power-of-2 numprocs=34
28: Starting Rabenseifner with non-power-of-2 numprocs=34
25: Starting Rabenseifner with non-power-of-2 numprocs=34
33: Starting Rabenseifner with non-power-of-2 numprocs=34
11: Starting Rabenseifner with non-power-of-2 numprocs=34
29: Starting Rabenseifner with non-power-of-2 numprocs=34
32: Starting Rabenseifner with non-power-of-2 numprocs=34
30: Starting Rabenseifner with non-power-of-2 numprocs=34
1: Starting Rabenseifner with non-power-of-2 numprocs=34
0: Starting Rabenseifner with non-power-of-2 numprocs=34
time: 0.000012s
Iteration 36
6: Starting Rabenseifner with non-power-of-2 numprocs=34
14: Starting Rabenseifner with non-power-of-2 numprocs=34
23: Starting Rabenseifner with non-power-of-2 numprocs=34
8: Starting Rabenseifner with non-power-of-2 numprocs=34
7: Starting Rabenseifner with non-power-of-2 numprocs=34
18: Starting Rabenseifner with non-power-of-2 numprocs=34
4: Starting Rabenseifner with non-power-of-2 numprocs=34
3: Starting Rabenseifner with non-power-of-2 numprocs=34
12: Starting Rabenseifner with non-power-of-2 numprocs=34
10: Starting Rabenseifner with non-power-of-2 numprocs=34
16: Starting Rabenseifner with non-power-of-2 numprocs=34
27: Starting Rabenseifner with non-power-of-2 numprocs=34
17: Starting Rabenseifner with non-power-of-2 numprocs=34
26: Starting Rabenseifner with non-power-of-2 numprocs=34
13: Starting Rabenseifner with non-power-of-2 numprocs=34
15: Starting Rabenseifner with non-power-of-2 numprocs=34
19: Starting Rabenseifner with non-power-of-2 numprocs=34
5: Starting Rabenseifner with non-power-of-2 numprocs=34
21: Starting Rabenseifner with non-power-of-2 numprocs=34
22: Starting Rabenseifner with non-power-of-2 numprocs=34
2: Starting Rabenseifner with non-power-of-2 numprocs=34
31: Starting Rabenseifner with non-power-of-2 numprocs=34
20: Starting Rabenseifner with non-power-of-2 numprocs=34
9: Starting Rabenseifner with non-power-of-2 numprocs=34
24: Starting Rabenseifner with non-power-of-2 numprocs=34
28: Starting Rabenseifner with non-power-of-2 numprocs=34
25: Starting Rabenseifner with non-power-of-2 numprocs=34
33: Starting Rabenseifner with non-power-of-2 numprocs=34
11: Starting Rabenseifner with non-power-of-2 numprocs=34
29: Starting Rabenseifner with non-power-of-2 numprocs=34
32: Starting Rabenseifner with non-power-of-2 numprocs=34
30: Starting Rabenseifner with non-power-of-2 numprocs=34
1: Starting Rabenseifner with non-power-of-2 numprocs=34
0: Starting Rabenseifner with non-power-of-2 numprocs=34
time: 0.000012s
Iteration 37
6: Starting Rabenseifner with non-power-of-2 numprocs=34
14: Starting Rabenseifner with non-power-of-2 numprocs=34
23: Starting Rabenseifner with non-power-of-2 numprocs=34
8: Starting Rabenseifner with non-power-of-2 numprocs=34
7: Starting Rabenseifner with non-power-of-2 numprocs=34
18: Starting Rabenseifner with non-power-of-2 numprocs=34
4: Starting Rabenseifner with non-power-of-2 numprocs=34
3: Starting Rabenseifner with non-power-of-2 numprocs=34
12: Starting Rabenseifner with non-power-of-2 numprocs=34
10: Starting Rabenseifner with non-power-of-2 numprocs=34
16: Starting Rabenseifner with non-power-of-2 numprocs=34
27: Starting Rabenseifner with non-power-of-2 numprocs=34
17: Starting Rabenseifner with non-power-of-2 numprocs=34
26: Starting Rabenseifner with non-power-of-2 numprocs=34
13: Starting Rabenseifner with non-power-of-2 numprocs=34
15: Starting Rabenseifner with non-power-of-2 numprocs=34
19: Starting Rabenseifner with non-power-of-2 numprocs=34
5: Starting Rabenseifner with non-power-of-2 numprocs=34
21: Starting Rabenseifner with non-power-of-2 numprocs=34
22: Starting Rabenseifner with non-power-of-2 numprocs=34
2: Starting Rabenseifner with non-power-of-2 numprocs=34
31: Starting Rabenseifner with non-power-of-2 numprocs=34
20: Starting Rabenseifner with non-power-of-2 numprocs=34
9: Starting Rabenseifner with non-power-of-2 numprocs=34
24: Starting Rabenseifner with non-power-of-2 numprocs=34
28: Starting Rabenseifner with non-power-of-2 numprocs=34
25: Starting Rabenseifner with non-power-of-2 numprocs=34
33: Starting Rabenseifner with non-power-of-2 numprocs=34
11: Starting Rabenseifner with non-power-of-2 numprocs=34
29: Starting Rabenseifner with non-power-of-2 numprocs=34
32: Starting Rabenseifner with non-power-of-2 numprocs=34
30: Starting Rabenseifner with non-power-of-2 numprocs=34
1: Starting Rabenseifner with non-power-of-2 numprocs=34
0: Starting Rabenseifner with non-power-of-2 numprocs=34
time: 0.000013s
Iteration 38
6: Starting Rabenseifner with non-power-of-2 numprocs=34
14: Starting Rabenseifner with non-power-of-2 numprocs=34
23: Starting Rabenseifner with non-power-of-2 numprocs=34
8: Starting Rabenseifner with non-power-of-2 numprocs=34
7: Starting Rabenseifner with non-power-of-2 numprocs=34
18: Starting Rabenseifner with non-power-of-2 numprocs=34
4: Starting Rabenseifner with non-power-of-2 numprocs=34
3: Starting Rabenseifner with non-power-of-2 numprocs=34
12: Starting Rabenseifner with non-power-of-2 numprocs=34
10: Starting Rabenseifner with non-power-of-2 numprocs=34
16: Starting Rabenseifner with non-power-of-2 numprocs=34
27: Starting Rabenseifner with non-power-of-2 numprocs=34
17: Starting Rabenseifner with non-power-of-2 numprocs=34
26: Starting Rabenseifner with non-power-of-2 numprocs=34
13: Starting Rabenseifner with non-power-of-2 numprocs=34
15: Starting Rabenseifner with non-power-of-2 numprocs=34
19: Starting Rabenseifner with non-power-of-2 numprocs=34
5: Starting Rabenseifner with non-power-of-2 numprocs=34
21: Starting Rabenseifner with non-power-of-2 numprocs=34
22: Starting Rabenseifner with non-power-of-2 numprocs=34
2: Starting Rabenseifner with non-power-of-2 numprocs=34
31: Starting Rabenseifner with non-power-of-2 numprocs=34
20: Starting Rabenseifner with non-power-of-2 numprocs=34
9: Starting Rabenseifner with non-power-of-2 numprocs=34
24: Starting Rabenseifner with non-power-of-2 numprocs=34
28: Starting Rabenseifner with non-power-of-2 numprocs=34
25: Starting Rabenseifner with non-power-of-2 numprocs=34
33: Starting Rabenseifner with non-power-of-2 numprocs=34
11: Starting Rabenseifner with non-power-of-2 numprocs=34
29: Starting Rabenseifner with non-power-of-2 numprocs=34
32: Starting Rabenseifner with non-power-of-2 numprocs=34
30: Starting Rabenseifner with non-power-of-2 numprocs=34
1: Starting Rabenseifner with non-power-of-2 numprocs=34
0: Starting Rabenseifner with non-power-of-2 numprocs=34
time: 0.000012s
Iteration 39
6: Starting Rabenseifner with non-power-of-2 numprocs=34
14: Starting Rabenseifner with non-power-of-2 numprocs=34
23: Starting Rabenseifner with non-power-of-2 numprocs=34
8: Starting Rabenseifner with non-power-of-2 numprocs=34
7: Starting Rabenseifner with non-power-of-2 numprocs=34
18: Starting Rabenseifner with non-power-of-2 numprocs=34
3: Starting Rabenseifner with non-power-of-2 numprocs=34
12: Starting Rabenseifner with non-power-of-2 numprocs=34
10: Starting Rabenseifner with non-power-of-2 numprocs=34
16: Starting Rabenseifner with non-power-of-2 numprocs=34
27: Starting Rabenseifner with non-power-of-2 numprocs=34
17: Starting Rabenseifner with non-power-of-2 numprocs=34
26: Starting Rabenseifner with non-power-of-2 numprocs=34
13: Starting Rabenseifner with non-power-of-2 numprocs=34
15: Starting Rabenseifner with non-power-of-2 numprocs=34
19: Starting Rabenseifner with non-power-of-2 numprocs=34
5: Starting Rabenseifner with non-power-of-2 numprocs=34
21: Starting Rabenseifner with non-power-of-2 numprocs=34
22: Starting Rabenseifner with non-power-of-2 numprocs=34
2: Starting Rabenseifner with non-power-of-2 numprocs=34
31: Starting Rabenseifner with non-power-of-2 numprocs=34
20: Starting Rabenseifner with non-power-of-2 numprocs=34
9: Starting Rabenseifner with non-power-of-2 numprocs=34
24: Starting Rabenseifner with non-power-of-2 numprocs=34
28: Starting Rabenseifner with non-power-of-2 numprocs=34
25: Starting Rabenseifner with non-power-of-2 numprocs=34
33: Starting Rabenseifner with non-power-of-2 numprocs=34
11: Starting Rabenseifner with non-power-of-2 numprocs=34
29: Starting Rabenseifner with non-power-of-2 numprocs=34
32: Starting Rabenseifner with non-power-of-2 numprocs=34
30: Starting Rabenseifner with non-power-of-2 numprocs=34
1: Starting Rabenseifner with non-power-of-2 numprocs=34
4: Starting Rabenseifner with non-power-of-2 numprocs=34
0: Starting Rabenseifner with non-power-of-2 numprocs=34
time: 0.000013s
30: Starting Rabenseifner with non-power-of-2 numprocs=34
1: Starting Rabenseifner with non-power-of-2 numprocs=34
6: Starting Rabenseifner with non-power-of-2 numprocs=34
14: Starting Rabenseifner with non-power-of-2 numprocs=34
23: Starting Rabenseifner with non-power-of-2 numprocs=34
8: Starting Rabenseifner with non-power-of-2 numprocs=34
7: Starting Rabenseifner with non-power-of-2 numprocs=34
18: Starting Rabenseifner with non-power-of-2 numprocs=34
4: Starting Rabenseifner with non-power-of-2 numprocs=34
3: Starting Rabenseifner with non-power-of-2 numprocs=34
12: Starting Rabenseifner with non-power-of-2 numprocs=34
10: Starting Rabenseifner with non-power-of-2 numprocs=34
16: Starting Rabenseifner with non-power-of-2 numprocs=34
27: Starting Rabenseifner with non-power-of-2 numprocs=34
17: Starting Rabenseifner with non-power-of-2 numprocs=34
26: Starting Rabenseifner with non-power-of-2 numprocs=34
13: Starting Rabenseifner with non-power-of-2 numprocs=34
15: Starting Rabenseifner with non-power-of-2 numprocs=34
19: Starting Rabenseifner with non-power-of-2 numprocs=34
5: Starting Rabenseifner with non-power-of-2 numprocs=34
21: Starting Rabenseifner with non-power-of-2 numprocs=34
22: Starting Rabenseifner with non-power-of-2 numprocs=34
2: Starting Rabenseifner with non-power-of-2 numprocs=34
31: Starting Rabenseifner with non-power-of-2 numprocs=34
20: Starting Rabenseifner with non-power-of-2 numprocs=34
9: Starting Rabenseifner with non-power-of-2 numprocs=34
24: Starting Rabenseifner with non-power-of-2 numprocs=34
28: Starting Rabenseifner with non-power-of-2 numprocs=34
25: Starting Rabenseifner with non-power-of-2 numprocs=34
33: Starting Rabenseifner with non-power-of-2 numprocs=34
11: Starting Rabenseifner with non-power-of-2 numprocs=34
29: Starting Rabenseifner with non-power-of-2 numprocs=34
32: Starting Rabenseifner with non-power-of-2 numprocs=34
