24: Starting numprocs=30 N=8192, M=8192 impl=rabenseifner-gather
23: Starting numprocs=30 N=8192, M=8192 impl=rabenseifner-gather
22: Starting numprocs=30 N=8192, M=8192 impl=rabenseifner-gather
18: Starting numprocs=30 N=8192, M=8192 impl=rabenseifner-gather
16: Starting numprocs=30 N=8192, M=8192 impl=rabenseifner-gather
19: Starting numprocs=30 N=8192, M=8192 impl=rabenseifner-gather
20: Starting numprocs=30 N=8192, M=8192 impl=rabenseifner-gather
12: Starting numprocs=30 N=8192, M=8192 impl=rabenseifner-gather
4: Starting numprocs=30 N=8192, M=8192 impl=rabenseifner-gather
11: Starting numprocs=30 N=8192, M=8192 impl=rabenseifner-gather
25: Starting numprocs=30 N=8192, M=8192 impl=rabenseifner-gather
5: Starting numprocs=30 N=8192, M=8192 impl=rabenseifner-gather
17: Starting numprocs=30 N=8192, M=8192 impl=rabenseifner-gather
2: Starting numprocs=30 N=8192, M=8192 impl=rabenseifner-gather
10: Starting numprocs=30 N=8192, M=8192 impl=rabenseifner-gather
21: Starting numprocs=30 N=8192, M=8192 impl=rabenseifner-gather
7: Starting numprocs=30 N=8192, M=8192 impl=rabenseifner-gather
8: Starting numprocs=30 N=8192, M=8192 impl=rabenseifner-gather
13: Starting numprocs=30 N=8192, M=8192 impl=rabenseifner-gather
14: Starting numprocs=30 N=8192, M=8192 impl=rabenseifner-gather
28: Starting numprocs=30 N=8192, M=8192 impl=rabenseifner-gather
1: Starting numprocs=30 N=8192, M=8192 impl=rabenseifner-gather
26: Starting numprocs=30 N=8192, M=8192 impl=rabenseifner-gather
9: Starting numprocs=30 N=8192, M=8192 impl=rabenseifner-gather
3: Starting numprocs=30 N=8192, M=8192 impl=rabenseifner-gather
6: Starting numprocs=30 N=8192, M=8192 impl=rabenseifner-gather
15: Starting numprocs=30 N=8192, M=8192 impl=rabenseifner-gather
0: Starting numprocs=30 N=8192, M=8192 impl=rabenseifner-gather
Iteration 0
27: Starting numprocs=30 N=8192, M=8192 impl=rabenseifner-gather
29: Starting numprocs=30 N=8192, M=8192 impl=rabenseifner-gather
terminate called after throwing an instance of 'std::runtime_error'
terminate called after throwing an instance of 'std::runtime_error'
  what():  Starting Rabenseifner-Gather with non-power-of-2 processes, numprocs=30
[eu-ms-001-38:13808] *** Process received signal ***
[eu-ms-001-38:13808] Signal: Aborted (6)
[eu-ms-001-38:13808] Signal code:  (-6)
  what():  Starting Rabenseifner-Gather with non-power-of-2 processes, numprocs=30
[eu-ms-001-43:06521] *** Process received signal ***
[eu-ms-001-43:06521] Signal: Aborted (6)
[eu-ms-001-43:06521] Signal code:  (-6)
[eu-ms-001-38:13808] [ 0] [eu-ms-001-43:06521] [ 0] /usr/lib64/libpthread.so.0(+0xf630)[0x2af2aae0c630]
[eu-ms-001-38:13808] [ 1] /usr/lib64/libpthread.so.0(+0xf630)[0x2b608c375630]
[eu-ms-001-43:06521] [ 1] /usr/lib64/libc.so.6(gsignal+0x37)[0x2af2ab04f387]
[eu-ms-001-38:13808] [ 2] /usr/lib64/libc.so.6(abort+0x148)[0x2af2ab050a78]
[eu-ms-001-38:13808] [ 3] /usr/lib64/libc.so.6(gsignal+0x37)[0x2b608c5b8387]
[eu-ms-001-43:06521] [ 2] /usr/lib64/libc.so.6(abort+0x148)[0x2b608c5b9a78]
[eu-ms-001-43:06521] [ 3] /cluster/spack/apps/linux-centos7-x86_64/gcc-4.8.5/gcc-9.3.0-mjmsvu3362usxjr7tas4ywkd2e4ko5x3/lib64/libstdc++.so.6(+0x99133)[0x2af2aa5a2133]
[eu-ms-001-38:13808] [ 4] /cluster/spack/apps/linux-centos7-x86_64/gcc-4.8.5/gcc-9.3.0-mjmsvu3362usxjr7tas4ywkd2e4ko5x3/lib64/libstdc++.so.6(+0x99133)[0x2b608bb0b133]
[eu-ms-001-43:06521] [ 4] /cluster/spack/apps/linux-centos7-x86_64/gcc-4.8.5/gcc-9.3.0-mjmsvu3362usxjr7tas4ywkd2e4ko5x3/lib64/libstdc++.so.6(+0xa4b56)[0x2af2aa5adb56]
[eu-ms-001-38:13808] [ 5] /cluster/spack/apps/linux-centos7-x86_64/gcc-4.8.5/gcc-9.3.0-mjmsvu3362usxjr7tas4ywkd2e4ko5x3/lib64/libstdc++.so.6(+0xa4b56)[0x2b608bb16b56]
[eu-ms-001-43:06521] [ 5] /cluster/spack/apps/linux-centos7-x86_64/gcc-4.8.5/gcc-9.3.0-mjmsvu3362usxjr7tas4ywkd2e4ko5x3/lib64/libstdc++.so.6(+0xa4bc1)[0x2af2aa5adbc1]
[eu-ms-001-38:13808] [ 6] /cluster/spack/apps/linux-centos7-x86_64/gcc-4.8.5/gcc-9.3.0-mjmsvu3362usxjr7tas4ywkd2e4ko5x3/lib64/libstdc++.so.6(+0xa4e14)[0x2af2aa5ade14]
[eu-ms-001-38:13808] [ 7] code/build_output/main[0x40ba49]
[eu-ms-001-38:13808] /cluster/spack/apps/linux-centos7-x86_64/gcc-4.8.5/gcc-9.3.0-mjmsvu3362usxjr7tas4ywkd2e4ko5x3/lib64/libstdc++.so.6(+0xa4bc1)[0x2b608bb16bc1]
[eu-ms-001-43:06521] [ 6] /cluster/spack/apps/linux-centos7-x86_64/gcc-4.8.5/gcc-9.3.0-mjmsvu3362usxjr7tas4ywkd2e4ko5x3/lib64/libstdc++.so.6(+0xa4e14)[0x2b608bb16e14]
[eu-ms-001-43:06521] [ 8] code/build_output/main[0x41a198]
[eu-ms-001-38:13808] [ 9] code/build_output/main[0x40c3d9]
[eu-ms-001-38:13808] [10] terminate called after throwing an instance of 'std::runtime_error'
terminate called after throwing an instance of 'std::runtime_error'
[ 7] code/build_output/main[0x40ba49]
[eu-ms-001-43:06521] [ 8] code/build_output/main[0x41a198]
[eu-ms-001-43:06521] [ 9] code/build_output/main[0x40c3d9]
[eu-ms-001-43:06521] [10] /usr/lib64/libc.so.6(__libc_start_main+0xf5)[0x2af2ab03b555]
[eu-ms-001-38:13808] [11] code/build_output/main[0x40db3f]
[eu-ms-001-38:13808] *** End of error message ***
  what():  Starting Rabenseifner-Gather with non-power-of-2 processes, numprocs=30
[eu-ms-001-27:13012] *** Process received signal ***
[eu-ms-001-27:13012] Signal: Aborted (6)
[eu-ms-001-27:13012] Signal code:  (-6)
  what():  Starting Rabenseifner-Gather with non-power-of-2 processes, numprocs=30
[eu-ms-001-35:17694] *** Process received signal ***
[eu-ms-001-35:17694] Signal: Aborted (6)
[eu-ms-001-35:17694] Signal code:  (-6)
/usr/lib64/libc.so.6(__libc_start_main+0xf5)[0x2b608c5a4555]
[eu-ms-001-43:06521] [11] code/build_output/main[0x40db3f]
[eu-ms-001-43:06521] *** End of error message ***
terminate called after throwing an instance of 'std::runtime_error'
terminate called after throwing an instance of 'std::runtime_error'
[eu-ms-001-27:13012] [ 0] terminate called after throwing an instance of 'std::runtime_error'
[eu-ms-001-35:17694] [ 0] terminate called after throwing an instance of 'std::runtime_error'
  what():  Starting Rabenseifner-Gather with non-power-of-2 processes, numprocs=30
[eu-ms-001-34:17877] *** Process received signal ***
[eu-ms-001-34:17877] Signal: Aborted (6)
[eu-ms-001-34:17877] Signal code:  (-6)
  what():  Starting Rabenseifner-Gather with non-power-of-2 processes, numprocs=30
[eu-ms-001-23:14887] *** Process received signal ***
[eu-ms-001-23:14887] Signal: Aborted (6)
[eu-ms-001-23:14887] Signal code:  (-6)
/usr/lib64/libpthread.so.0(+0xf630)[0x2abee3e62630]
[eu-ms-001-27:13012] [ 1]   what():  Starting Rabenseifner-Gather with non-power-of-2 processes, numprocs=30
[eu-ms-001-10:08644] *** Process received signal ***
[eu-ms-001-10:08644] Signal: Aborted (6)
[eu-ms-001-10:08644] Signal code:  (-6)
/usr/lib64/libpthread.so.0(+0xf630)[0x2b49ad8f6630]
[eu-ms-001-35:17694] [ 1]   what():  Starting Rabenseifner-Gather with non-power-of-2 processes, numprocs=30
[eu-ms-001-28:13647] *** Process received signal ***
[eu-ms-001-28:13647] Signal: Aborted (6)
[eu-ms-001-28:13647] Signal code:  (-6)
[eu-ms-001-34:17877] [ 0] [eu-ms-001-23:14887] [ 0] terminate called after throwing an instance of 'std::runtime_error'
/usr/lib64/libc.so.6(gsignal+0x37)[0x2abee40a5387]
[eu-ms-001-27:13012] [ 2] [eu-ms-001-10:08644] [ 0] /usr/lib64/libc.so.6(gsignal+0x37)[0x2b49adb39387]
[eu-ms-001-35:17694] [ 2] /usr/lib64/libc.so.6(abort+0x148)[0x2b49adb3aa78]
[eu-ms-001-35:17694] [eu-ms-001-28:13647] [ 0] terminate called after throwing an instance of 'std::runtime_error'
/usr/lib64/libpthread.so.0(+0xf630)[0x2ba2f1b2a630]
[eu-ms-001-34:17877] [ 1] /usr/lib64/libpthread.so.0(+0xf630)[0x2b4d2d7a0630]
[eu-ms-001-23:14887] [ 1]   what():  Starting Rabenseifner-Gather with non-power-of-2 processes, numprocs=30
[eu-ms-017-21:32438] *** Process received signal ***
[eu-ms-017-21:32438] Signal: Aborted (6)
[eu-ms-017-21:32438] Signal code:  (-6)
/usr/lib64/libc.so.6(abort+0x148)[0x2abee40a6a78]
[eu-ms-001-27:13012] [ 3] /cluster/spack/apps/linux-centos7-x86_64/gcc-4.8.5/gcc-9.3.0-mjmsvu3362usxjr7tas4ywkd2e4ko5x3/lib64/libstdc++.so.6(+0x99133)[0x2abee35f8133]
[eu-ms-001-27:13012] [ 4] /usr/lib64/libpthread.so.0(+0xf630)[0x2b8c41339630]
[eu-ms-001-10:08644] [ 1] terminate called after throwing an instance of 'std::runtime_error'
[ 3] /cluster/spack/apps/linux-centos7-x86_64/gcc-4.8.5/gcc-9.3.0-mjmsvu3362usxjr7tas4ywkd2e4ko5x3/lib64/libstdc++.so.6(+0x99133)[0x2b49ad08c133]
[eu-ms-001-35:17694] [ 4] /usr/lib64/libpthread.so.0(+0xf630)[0x2b3433de6630]
[eu-ms-001-28:13647] [ 1]   what():  Starting Rabenseifner-Gather with non-power-of-2 processes, numprocs=30
[eu-ms-001-13:23913] *** Process received signal ***
[eu-ms-001-13:23913] Signal: Aborted (6)
[eu-ms-001-13:23913] Signal code:  (-6)
terminate called after throwing an instance of 'std::runtime_error'
/usr/lib64/libc.so.6(gsignal+0x37)[0x2ba2f1d6d387]
[eu-ms-001-34:17877] [ 2] /usr/lib64/libc.so.6(gsignal+0x37)[0x2b4d2d9e3387]
[eu-ms-001-23:14887] [ 2] [eu-ms-017-21:32438] [ 0] /cluster/spack/apps/linux-centos7-x86_64/gcc-4.8.5/gcc-9.3.0-mjmsvu3362usxjr7tas4ywkd2e4ko5x3/lib64/libstdc++.so.6(+0xa4b56)[0x2abee3603b56]
[eu-ms-001-27:13012] [ 5] /usr/lib64/libc.so.6(gsignal+0x37)[0x2b8c4157c387]
[eu-ms-001-10:08644] [ 2] /usr/lib64/libc.so.6(abort+0x148)[0x2b8c4157da78]
[eu-ms-001-10:08644] [ 3]   what():  Starting Rabenseifner-Gather with non-power-of-2 processes, numprocs=30
[eu-ms-001-29:25230] *** Process received signal ***
[eu-ms-001-29:25230] Signal: Aborted (6)
[eu-ms-001-29:25230] Signal code:  (-6)
/cluster/spack/apps/linux-centos7-x86_64/gcc-4.8.5/gcc-9.3.0-mjmsvu3362usxjr7tas4ywkd2e4ko5x3/lib64/libstdc++.so.6(+0xa4b56)[0x2b49ad097b56]
[eu-ms-001-35:17694] [ 5] /usr/lib64/libc.so.6(gsignal+0x37)[0x2b3434029387]
[eu-ms-001-28:13647] [ 2] /usr/lib64/libc.so.6(abort+0x148)[0x2b343402aa78]
[eu-ms-001-28:13647] [ 3] [eu-ms-001-13:23913] [ 0]   what():  Starting Rabenseifner-Gather with non-power-of-2 processes, numprocs=30
[eu-ms-017-31:20551] *** Process received signal ***
[eu-ms-017-31:20551] Signal: Aborted (6)
[eu-ms-017-31:20551] Signal code:  (-6)
/usr/lib64/libc.so.6(abort+0x148)[0x2ba2f1d6ea78]
[eu-ms-001-34:17877] [ 3] /usr/lib64/libc.so.6(abort+0x148)[0x2b4d2d9e4a78]
[eu-ms-001-23:14887] [ 3] /cluster/spack/apps/linux-centos7-x86_64/gcc-4.8.5/gcc-9.3.0-mjmsvu3362usxjr7tas4ywkd2e4ko5x3/lib64/libstdc++.so.6(+0x99133)[0x2b4d2cf36133]
/usr/lib64/libpthread.so.0(+0xf630)[0x2acf199f0630]
[eu-ms-017-21:32438] [ 1] /cluster/spack/apps/linux-centos7-x86_64/gcc-4.8.5/gcc-9.3.0-mjmsvu3362usxjr7tas4ywkd2e4ko5x3/lib64/libstdc++.so.6(+0xa4bc1)[0x2abee3603bc1]
[eu-ms-001-27:13012] [ 6] /cluster/spack/apps/linux-centos7-x86_64/gcc-4.8.5/gcc-9.3.0-mjmsvu3362usxjr7tas4ywkd2e4ko5x3/lib64/libstdc++.so.6(+0x99133)[0x2b8c40acf133]
[eu-ms-001-10:08644] [ 4] [eu-ms-001-29:25230] [ 0] /cluster/spack/apps/linux-centos7-x86_64/gcc-4.8.5/gcc-9.3.0-mjmsvu3362usxjr7tas4ywkd2e4ko5x3/lib64/libstdc++.so.6(+0xa4bc1)[0x2b49ad097bc1]
[eu-ms-001-35:17694] [ 6] /cluster/spack/apps/linux-centos7-x86_64/gcc-4.8.5/gcc-9.3.0-mjmsvu3362usxjr7tas4ywkd2e4ko5x3/lib64/libstdc++.so.6(+0x99133)[0x2b343357c133]
[eu-ms-001-28:13647] [ 4] /usr/lib64/libpthread.so.0(+0xf630)[0x2b280c3b3630]
[eu-ms-001-13:23913] [ 1] /usr/lib64/libc.so.6(gsignal+0x37)[0x2b280c5f6387]
[eu-ms-017-31:20551] [ 0] /cluster/spack/apps/linux-centos7-x86_64/gcc-4.8.5/gcc-9.3.0-mjmsvu3362usxjr7tas4ywkd2e4ko5x3/lib64/libstdc++.so.6(+0x99133)[0x2ba2f12c0133]
[eu-ms-001-34:17877] [ 4] /cluster/spack/apps/linux-centos7-x86_64/gcc-4.8.5/gcc-9.3.0-mjmsvu3362usxjr7tas4ywkd2e4ko5x3/lib64/libstdc++.so.6(+0xa4b56)[0x2ba2f12cbb56]
[eu-ms-001-34:17877] [ 5] [eu-ms-001-23:14887] [ 4] /cluster/spack/apps/linux-centos7-x86_64/gcc-4.8.5/gcc-9.3.0-mjmsvu3362usxjr7tas4ywkd2e4ko5x3/lib64/libstdc++.so.6(+0xa4b56)[0x2b4d2cf41b56]
[eu-ms-001-23:14887] [ 5] /usr/lib64/libc.so.6(gsignal+0x37)[0x2acf19c33387]
[eu-ms-017-21:32438] [ 2] /usr/lib64/libc.so.6(abort+0x148)[0x2acf19c34a78]
/cluster/spack/apps/linux-centos7-x86_64/gcc-4.8.5/gcc-9.3.0-mjmsvu3362usxjr7tas4ywkd2e4ko5x3/lib64/libstdc++.so.6(+0xa4e14)[0x2abee3603e14]
[eu-ms-001-27:13012] [ 7] code/build_output/main[0x40ba49]
[eu-ms-001-27:13012] [ 8] code/build_output/main[0x41a198]
[eu-ms-001-27:13012] [ 9] code/build_output/main[0x40c3d9]
[eu-ms-001-27:13012] [10] /cluster/spack/apps/linux-centos7-x86_64/gcc-4.8.5/gcc-9.3.0-mjmsvu3362usxjr7tas4ywkd2e4ko5x3/lib64/libstdc++.so.6(+0xa4b56)[0x2b8c40adab56]
[eu-ms-001-10:08644] [ 5] /usr/lib64/libpthread.so.0(+0xf630)[0x2adf79137630]
[eu-ms-001-29:25230] [ 1] /cluster/spack/apps/linux-centos7-x86_64/gcc-4.8.5/gcc-9.3.0-mjmsvu3362usxjr7tas4ywkd2e4ko5x3/lib64/libstdc++.so.6(+0xa4e14)[0x2b49ad097e14]
[eu-ms-001-35:17694] [ 7] code/build_output/main[0x40ba49]
[eu-ms-001-35:17694] [ 8] code/build_output/main[0x41a198]
[eu-ms-001-35:17694] [ 9] code/build_output/main[0x40c3d9]
[eu-ms-001-35:17694] [10] /cluster/spack/apps/linux-centos7-x86_64/gcc-4.8.5/gcc-9.3.0-mjmsvu3362usxjr7tas4ywkd2e4ko5x3/lib64/libstdc++.so.6(+0xa4b56)[0x2b3433587b56]
[eu-ms-001-28:13647] [ 5] [eu-ms-001-13:23913] [ 2] /usr/lib64/libc.so.6(abort+0x148)[0x2b280c5f7a78]
[eu-ms-001-13:23913] [ 3] /usr/lib64/libpthread.so.0(+0xf630)[0x2b6c34378630]
[eu-ms-017-31:20551] [ 1] /cluster/spack/apps/linux-centos7-x86_64/gcc-4.8.5/gcc-9.3.0-mjmsvu3362usxjr7tas4ywkd2e4ko5x3/lib64/libstdc++.so.6(+0xa4bc1)[0x2ba2f12cbbc1]
[eu-ms-001-34:17877] [ 6] /cluster/spack/apps/linux-centos7-x86_64/gcc-4.8.5/gcc-9.3.0-mjmsvu3362usxjr7tas4ywkd2e4ko5x3/lib64/libstdc++.so.6(+0xa4bc1)[0x2b4d2cf41bc1]
[eu-ms-001-23:14887] [ 6] [eu-ms-017-21:32438] [ 3] /cluster/spack/apps/linux-centos7-x86_64/gcc-4.8.5/gcc-9.3.0-mjmsvu3362usxjr7tas4ywkd2e4ko5x3/lib64/libstdc++.so.6(+0x99133)[0x2acf19186133]
[eu-ms-017-21:32438] [ 4] /usr/lib64/libc.so.6(__libc_start_main+0xf5)[0x2abee4091555]
[eu-ms-001-27:13012] [11] code/build_output/main[0x40db3f]
[eu-ms-001-27:13012] *** End of error message ***
/cluster/spack/apps/linux-centos7-x86_64/gcc-4.8.5/gcc-9.3.0-mjmsvu3362usxjr7tas4ywkd2e4ko5x3/lib64/libstdc++.so.6(+0xa4bc1)[0x2b8c40adabc1]
[eu-ms-001-10:08644] [ 6] /usr/lib64/libc.so.6(gsignal+0x37)[0x2adf7937a387]
[eu-ms-001-29:25230] [ 2] /usr/lib64/libc.so.6(abort+0x148)[0x2adf7937ba78]
[eu-ms-001-29:25230] [ 3] /usr/lib64/libc.so.6(__libc_start_main+0xf5)[0x2b49adb25555]
[eu-ms-001-35:17694] [11] code/build_output/main[0x40db3f]
[eu-ms-001-35:17694] *** End of error message ***
/cluster/spack/apps/linux-centos7-x86_64/gcc-4.8.5/gcc-9.3.0-mjmsvu3362usxjr7tas4ywkd2e4ko5x3/lib64/libstdc++.so.6(+0xa4bc1)[0x2b3433587bc1]
[eu-ms-001-28:13647] [ 6] /cluster/spack/apps/linux-centos7-x86_64/gcc-4.8.5/gcc-9.3.0-mjmsvu3362usxjr7tas4ywkd2e4ko5x3/lib64/libstdc++.so.6(+0x99133)[0x2b280bb49133]
[eu-ms-001-13:23913] [ 4] /usr/lib64/libc.so.6(gsignal+0x37)[0x2b6c345bb387]
[eu-ms-017-31:20551] [ 2] /usr/lib64/libc.so.6(abort+0x148)[0x2b6c345bca78]
[eu-ms-017-31:20551] /cluster/spack/apps/linux-centos7-x86_64/gcc-4.8.5/gcc-9.3.0-mjmsvu3362usxjr7tas4ywkd2e4ko5x3/lib64/libstdc++.so.6(+0xa4e14)[0x2ba2f12cbe14]
[eu-ms-001-34:17877] [ 7] code/build_output/main[0x40ba49]
[eu-ms-001-34:17877] [ 8] /cluster/spack/apps/linux-centos7-x86_64/gcc-4.8.5/gcc-9.3.0-mjmsvu3362usxjr7tas4ywkd2e4ko5x3/lib64/libstdc++.so.6(+0xa4e14)[0x2b4d2cf41e14]
[eu-ms-001-23:14887] [ 7] code/build_output/main[0x40ba49]
[eu-ms-001-23:14887] [ 8] /cluster/spack/apps/linux-centos7-x86_64/gcc-4.8.5/gcc-9.3.0-mjmsvu3362usxjr7tas4ywkd2e4ko5x3/lib64/libstdc++.so.6(+0xa4b56)[0x2acf19191b56]
[eu-ms-017-21:32438] [ 5] /cluster/spack/apps/linux-centos7-x86_64/gcc-4.8.5/gcc-9.3.0-mjmsvu3362usxjr7tas4ywkd2e4ko5x3/lib64/libstdc++.so.6(+0xa4e14)[0x2b8c40adae14]
[eu-ms-001-10:08644] [ 7] code/build_output/main[0x40ba49]
[eu-ms-001-10:08644] [ 8] code/build_output/main[0x41a198]
[eu-ms-001-10:08644] [ 9] code/build_output/main[0x40c3d9]
[eu-ms-001-10:08644] [10] /cluster/spack/apps/linux-centos7-x86_64/gcc-4.8.5/gcc-9.3.0-mjmsvu3362usxjr7tas4ywkd2e4ko5x3/lib64/libstdc++.so.6(+0x99133)[0x2adf788cd133]
[eu-ms-001-29:25230] [ 4] /cluster/spack/apps/linux-centos7-x86_64/gcc-4.8.5/gcc-9.3.0-mjmsvu3362usxjr7tas4ywkd2e4ko5x3/lib64/libstdc++.so.6(+0xa4e14)[0x2b3433587e14]
[eu-ms-001-28:13647] [ 7] code/build_output/main[0x40ba49]
[eu-ms-001-28:13647] [ 8] code/build_output/main[0x41a198]
[eu-ms-001-28:13647] [ 9] code/build_output/main[0x40c3d9]
[eu-ms-001-28:13647] [10] /cluster/spack/apps/linux-centos7-x86_64/gcc-4.8.5/gcc-9.3.0-mjmsvu3362usxjr7tas4ywkd2e4ko5x3/lib64/libstdc++.so.6(+0xa4b56)[0x2b280bb54b56]
[eu-ms-001-13:23913] [ 5] [ 3] code/build_output/main[0x41a198]
[eu-ms-001-34:17877] [ 9] code/build_output/main[0x40c3d9]
[eu-ms-001-34:17877] [10] code/build_output/main[0x41a198]
[eu-ms-001-23:14887] [ 9] code/build_output/main[0x40c3d9]
[eu-ms-001-23:14887] [10] /cluster/spack/apps/linux-centos7-x86_64/gcc-4.8.5/gcc-9.3.0-mjmsvu3362usxjr7tas4ywkd2e4ko5x3/lib64/libstdc++.so.6(+0xa4bc1)[0x2acf19191bc1]
[eu-ms-017-21:32438] [ 6] /usr/lib64/libc.so.6(__libc_start_main+0xf5)[0x2b8c41568555]
[eu-ms-001-10:08644] [11] code/build_output/main[0x40db3f]
[eu-ms-001-10:08644] *** End of error message ***
/cluster/spack/apps/linux-centos7-x86_64/gcc-4.8.5/gcc-9.3.0-mjmsvu3362usxjr7tas4ywkd2e4ko5x3/lib64/libstdc++.so.6(+0xa4b56)[0x2adf788d8b56]
[eu-ms-001-29:25230] [ 5] /usr/lib64/libc.so.6(__libc_start_main+0xf5)[0x2b3434015555]
[eu-ms-001-28:13647] [11] code/build_output/main[0x40db3f]
[eu-ms-001-28:13647] *** End of error message ***
/cluster/spack/apps/linux-centos7-x86_64/gcc-4.8.5/gcc-9.3.0-mjmsvu3362usxjr7tas4ywkd2e4ko5x3/lib64/libstdc++.so.6(+0xa4bc1)[0x2b280bb54bc1]
[eu-ms-001-13:23913] [ 6] /cluster/spack/apps/linux-centos7-x86_64/gcc-4.8.5/gcc-9.3.0-mjmsvu3362usxjr7tas4ywkd2e4ko5x3/lib64/libstdc++.so.6(+0x99133)[0x2b6c33b0e133]
[eu-ms-017-31:20551] [ 4] /cluster/spack/apps/linux-centos7-x86_64/gcc-4.8.5/gcc-9.3.0-mjmsvu3362usxjr7tas4ywkd2e4ko5x3/lib64/libstdc++.so.6(+0xa4b56)[0x2b6c33b19b56]
[eu-ms-017-31:20551] [ 5] /usr/lib64/libc.so.6(__libc_start_main+0xf5)[0x2ba2f1d59555]
[eu-ms-001-34:17877] [11] code/build_output/main[0x40db3f]
[eu-ms-001-34:17877] *** End of error message ***
/usr/lib64/libc.so.6(__libc_start_main+0xf5)[0x2b4d2d9cf555]
[eu-ms-001-23:14887] [11] code/build_output/main[0x40db3f]
[eu-ms-001-23:14887] *** End of error message ***
/cluster/spack/apps/linux-centos7-x86_64/gcc-4.8.5/gcc-9.3.0-mjmsvu3362usxjr7tas4ywkd2e4ko5x3/lib64/libstdc++.so.6(+0xa4e14)[0x2acf19191e14]
[eu-ms-017-21:32438] [ 7] code/build_output/main[0x40ba49]
[eu-ms-017-21:32438] [ 8] code/build_output/main[0x41a198]
[eu-ms-017-21:32438] [ 9] /cluster/spack/apps/linux-centos7-x86_64/gcc-4.8.5/gcc-9.3.0-mjmsvu3362usxjr7tas4ywkd2e4ko5x3/lib64/libstdc++.so.6(+0xa4bc1)[0x2adf788d8bc1]
[eu-ms-001-29:25230] [ 6] /cluster/spack/apps/linux-centos7-x86_64/gcc-4.8.5/gcc-9.3.0-mjmsvu3362usxjr7tas4ywkd2e4ko5x3/lib64/libstdc++.so.6(+0xa4e14)[0x2adf788d8e14]
/cluster/spack/apps/linux-centos7-x86_64/gcc-4.8.5/gcc-9.3.0-mjmsvu3362usxjr7tas4ywkd2e4ko5x3/lib64/libstdc++.so.6(+0xa4e14)[0x2b280bb54e14]
[eu-ms-001-13:23913] [ 7] code/build_output/main[0x40ba49]
[eu-ms-001-13:23913] [ 8] code/build_output/main[0x41a198]
[eu-ms-001-13:23913] [ 9] code/build_output/main[0x40c3d9]
[eu-ms-001-13:23913] /cluster/spack/apps/linux-centos7-x86_64/gcc-4.8.5/gcc-9.3.0-mjmsvu3362usxjr7tas4ywkd2e4ko5x3/lib64/libstdc++.so.6(+0xa4bc1)[0x2b6c33b19bc1]
[eu-ms-017-31:20551] [ 6] code/build_output/main[0x40c3d9]
[eu-ms-017-21:32438] [10] /usr/lib64/libc.so.6(__libc_start_main+0xf5)[0x2acf19c1f555]
[eu-ms-017-21:32438] [11] terminate called after throwing an instance of 'std::runtime_error'
[eu-ms-001-29:25230] [ 7] code/build_output/main[0x40ba49]
[eu-ms-001-29:25230] [ 8] code/build_output/main[0x41a198]
[eu-ms-001-29:25230] [ 9] code/build_output/main[0x40c3d9]
[eu-ms-001-29:25230] [10] terminate called after throwing an instance of 'std::runtime_error'
[10] /usr/lib64/libc.so.6(__libc_start_main+0xf5)[0x2b280c5e2555]
[eu-ms-001-13:23913] [11] /cluster/spack/apps/linux-centos7-x86_64/gcc-4.8.5/gcc-9.3.0-mjmsvu3362usxjr7tas4ywkd2e4ko5x3/lib64/libstdc++.so.6(+0xa4e14)[0x2b6c33b19e14]
[eu-ms-017-31:20551] [ 7] code/build_output/main[0x40ba49]
[eu-ms-017-31:20551] [ 8] code/build_output/main[0x41a198]
[eu-ms-017-31:20551] [ 9] code/build_output/main[0x40db3f]
[eu-ms-017-21:32438] *** End of error message ***
  what():  Starting Rabenseifner-Gather with non-power-of-2 processes, numprocs=30
[eu-ms-001-07:19002] *** Process received signal ***
[eu-ms-001-07:19002] Signal: Aborted (6)
[eu-ms-001-07:19002] Signal code:  (-6)
/usr/lib64/libc.so.6(__libc_start_main+0xf5)[0x2adf79366555]
[eu-ms-001-29:25230] [11] code/build_output/main[0x40db3f]
[eu-ms-001-29:25230] *** End of error message ***
  what():  Starting Rabenseifner-Gather with non-power-of-2 processes, numprocs=30
[eu-ms-001-21:27540] *** Process received signal ***
[eu-ms-001-21:27540] Signal: Aborted (6)
[eu-ms-001-21:27540] Signal code:  (-6)
code/build_output/main[0x40db3f]
[eu-ms-001-13:23913] *** End of error message ***
code/build_output/main[0x40c3d9]
[eu-ms-017-31:20551] [10] /usr/lib64/libc.so.6(__libc_start_main+0xf5)[0x2b6c345a7555]
[eu-ms-017-31:20551] [eu-ms-001-07:19002] [ 0] [eu-ms-001-21:27540] [ 0] [11] code/build_output/main[0x40db3f]
[eu-ms-017-31:20551] *** End of error message ***
/usr/lib64/libpthread.so.0(+0xf630)[0x2b984e06a630]
[eu-ms-001-07:19002] [ 1] /usr/lib64/libpthread.so.0(+0xf630)[0x2b4e0c945630]
[eu-ms-001-21:27540] [ 1] /usr/lib64/libc.so.6(gsignal+0x37)[0x2b984e2ad387]
[eu-ms-001-07:19002] [ 2] /usr/lib64/libc.so.6(abort+0x148)[0x2b984e2aea78]
[eu-ms-001-07:19002] [ 3] /usr/lib64/libc.so.6(gsignal+0x37)[0x2b4e0cb88387]
[eu-ms-001-21:27540] [ 2] /cluster/spack/apps/linux-centos7-x86_64/gcc-4.8.5/gcc-9.3.0-mjmsvu3362usxjr7tas4ywkd2e4ko5x3/lib64/libstdc++.so.6(+0x99133)[0x2b984d800133]
[eu-ms-001-07:19002] [ 4] /usr/lib64/libc.so.6(abort+0x148)[0x2b4e0cb89a78]
[eu-ms-001-21:27540] [ 3] /cluster/spack/apps/linux-centos7-x86_64/gcc-4.8.5/gcc-9.3.0-mjmsvu3362usxjr7tas4ywkd2e4ko5x3/lib64/libstdc++.so.6(+0xa4b56)[0x2b984d80bb56]
[eu-ms-001-07:19002] [ 5] /cluster/spack/apps/linux-centos7-x86_64/gcc-4.8.5/gcc-9.3.0-mjmsvu3362usxjr7tas4ywkd2e4ko5x3/lib64/libstdc++.so.6(+0x99133)[0x2b4e0c0db133]
[eu-ms-001-21:27540] [ 4] /cluster/spack/apps/linux-centos7-x86_64/gcc-4.8.5/gcc-9.3.0-mjmsvu3362usxjr7tas4ywkd2e4ko5x3/lib64/libstdc++.so.6(+0xa4b56)[0x2b4e0c0e6b56]
/cluster/spack/apps/linux-centos7-x86_64/gcc-4.8.5/gcc-9.3.0-mjmsvu3362usxjr7tas4ywkd2e4ko5x3/lib64/libstdc++.so.6(+0xa4bc1)[0x2b984d80bbc1]
[eu-ms-001-07:19002] [ 6] [eu-ms-001-21:27540] [ 5] /cluster/spack/apps/linux-centos7-x86_64/gcc-4.8.5/gcc-9.3.0-mjmsvu3362usxjr7tas4ywkd2e4ko5x3/lib64/libstdc++.so.6(+0xa4bc1)[0x2b4e0c0e6bc1]
/cluster/spack/apps/linux-centos7-x86_64/gcc-4.8.5/gcc-9.3.0-mjmsvu3362usxjr7tas4ywkd2e4ko5x3/lib64/libstdc++.so.6(+0xa4e14)[0x2b984d80be14]
[eu-ms-001-07:19002] [ 7] code/build_output/main[0x40ba49]
[eu-ms-001-07:19002] [ 8] code/build_output/main[0x41a198]
[eu-ms-001-07:19002] [ 9] code/build_output/main[0x40c3d9]
[eu-ms-001-07:19002] [10] [eu-ms-001-21:27540] [ 6] /cluster/spack/apps/linux-centos7-x86_64/gcc-4.8.5/gcc-9.3.0-mjmsvu3362usxjr7tas4ywkd2e4ko5x3/lib64/libstdc++.so.6(+0xa4e14)[0x2b4e0c0e6e14]
[eu-ms-001-21:27540] [ 7] /usr/lib64/libc.so.6(__libc_start_main+0xf5)[0x2b984e299555]
[eu-ms-001-07:19002] [11] code/build_output/main[0x40db3f]
[eu-ms-001-07:19002] *** End of error message ***
code/build_output/main[0x40ba49]
[eu-ms-001-21:27540] [ 8] code/build_output/main[0x41a198]
[eu-ms-001-21:27540] [ 9] code/build_output/main[0x40c3d9]
[eu-ms-001-21:27540] [10] /usr/lib64/libc.so.6(__libc_start_main+0xf5)[0x2b4e0cb74555]
[eu-ms-001-21:27540] [11] code/build_output/main[0x40db3f]
[eu-ms-001-21:27540] *** End of error message ***
terminate called after throwing an instance of 'std::runtime_error'
  what():  Starting Rabenseifner-Gather with non-power-of-2 processes, numprocs=30
[eu-ms-001-37:25178] *** Process received signal ***
[eu-ms-001-37:25178] Signal: Aborted (6)
[eu-ms-001-37:25178] Signal code:  (-6)
terminate called after throwing an instance of 'std::runtime_error'
terminate called after throwing an instance of 'std::runtime_error'
terminate called after throwing an instance of 'std::runtime_error'
[eu-ms-001-37:25178] [ 0]   what():  Starting Rabenseifner-Gather with non-power-of-2 processes, numprocs=30
[eu-ms-017-30:03963] *** Process received signal ***
[eu-ms-017-30:03963] Signal: Aborted (6)
[eu-ms-017-30:03963] Signal code:  (-6)
  what():  Starting Rabenseifner-Gather with non-power-of-2 processes, numprocs=30
[eu-ms-001-44:29386] *** Process received signal ***
[eu-ms-001-44:29386] Signal: Aborted (6)
[eu-ms-001-44:29386] Signal code:  (-6)
  what():  Starting Rabenseifner-Gather with non-power-of-2 processes, numprocs=30
[eu-ms-001-17:30783] *** Process received signal ***
[eu-ms-001-17:30783] Signal: Aborted (6)
[eu-ms-001-17:30783] Signal code:  (-6)
/usr/lib64/libpthread.so.0(+0xf630)[0x2adb7cce8630]
[eu-ms-001-37:25178] [ 1] [eu-ms-017-30:03963] [ 0] [eu-ms-001-44:29386] [ 0] [eu-ms-001-17:30783] [ 0] /usr/lib64/libc.so.6(gsignal+0x37)[0x2adb7cf2b387]
[eu-ms-001-37:25178] [ 2] /usr/lib64/libc.so.6(abort+0x148)[0x2adb7cf2ca78]
[eu-ms-001-37:25178] [ 3] /usr/lib64/libpthread.so.0(+0xf630)[0x2b298f93b630]
[eu-ms-017-30:03963] [ 1] /usr/lib64/libc.so.6(gsignal+0x37)[0x2b298fb7e387]
/usr/lib64/libpthread.so.0(+0xf630)[0x2b99b0ad2630]
[eu-ms-001-44:29386] [ 1] /usr/lib64/libpthread.so.0(+0xf630)[0x2b281820d630]
[eu-ms-001-17:30783] [ 1] /cluster/spack/apps/linux-centos7-x86_64/gcc-4.8.5/gcc-9.3.0-mjmsvu3362usxjr7tas4ywkd2e4ko5x3/lib64/libstdc++.so.6(+0x99133)[0x2adb7c47e133]
[eu-ms-001-37:25178] [ 4] [eu-ms-017-30:03963] [ 2] /usr/lib64/libc.so.6(abort+0x148)[0x2b298fb7fa78]
[eu-ms-017-30:03963] [ 3] /usr/lib64/libc.so.6(gsignal+0x37)[0x2b99b0d15387]
[eu-ms-001-44:29386] [ 2] /usr/lib64/libc.so.6(abort+0x148)[0x2b99b0d16a78]
[eu-ms-001-44:29386] [ 3] /usr/lib64/libc.so.6(gsignal+0x37)[0x2b2818450387]
[eu-ms-001-17:30783] [ 2] /usr/lib64/libc.so.6(abort+0x148)[0x2b2818451a78]
[eu-ms-001-17:30783] [ 3] /cluster/spack/apps/linux-centos7-x86_64/gcc-4.8.5/gcc-9.3.0-mjmsvu3362usxjr7tas4ywkd2e4ko5x3/lib64/libstdc++.so.6(+0xa4b56)[0x2adb7c489b56]
[eu-ms-001-37:25178] [ 5] /cluster/spack/apps/linux-centos7-x86_64/gcc-4.8.5/gcc-9.3.0-mjmsvu3362usxjr7tas4ywkd2e4ko5x3/lib64/libstdc++.so.6(+0x99133)[0x2b298f0d1133]
[eu-ms-017-30:03963] [ 4] /cluster/spack/apps/linux-centos7-x86_64/gcc-4.8.5/gcc-9.3.0-mjmsvu3362usxjr7tas4ywkd2e4ko5x3/lib64/libstdc++.so.6(+0x99133)[0x2b99b0268133]
[eu-ms-001-44:29386] [ 4] /cluster/spack/apps/linux-centos7-x86_64/gcc-4.8.5/gcc-9.3.0-mjmsvu3362usxjr7tas4ywkd2e4ko5x3/lib64/libstdc++.so.6(+0x99133)[0x2b28179a3133]
[eu-ms-001-17:30783] [ 4] /cluster/spack/apps/linux-centos7-x86_64/gcc-4.8.5/gcc-9.3.0-mjmsvu3362usxjr7tas4ywkd2e4ko5x3/lib64/libstdc++.so.6(+0xa4bc1)[0x2adb7c489bc1]
[eu-ms-001-37:25178] [ 6] /cluster/spack/apps/linux-centos7-x86_64/gcc-4.8.5/gcc-9.3.0-mjmsvu3362usxjr7tas4ywkd2e4ko5x3/lib64/libstdc++.so.6(+0xa4e14)[0x2adb7c489e14]
[eu-ms-001-37:25178] /cluster/spack/apps/linux-centos7-x86_64/gcc-4.8.5/gcc-9.3.0-mjmsvu3362usxjr7tas4ywkd2e4ko5x3/lib64/libstdc++.so.6(+0xa4b56)[0x2b298f0dcb56]
[eu-ms-017-30:03963] [ 5] /cluster/spack/apps/linux-centos7-x86_64/gcc-4.8.5/gcc-9.3.0-mjmsvu3362usxjr7tas4ywkd2e4ko5x3/lib64/libstdc++.so.6(+0xa4b56)[0x2b99b0273b56]
[eu-ms-001-44:29386] [ 5] /cluster/spack/apps/linux-centos7-x86_64/gcc-4.8.5/gcc-9.3.0-mjmsvu3362usxjr7tas4ywkd2e4ko5x3/lib64/libstdc++.so.6(+0xa4b56)[0x2b28179aeb56]
[eu-ms-001-17:30783] [ 5] [ 7] code/build_output/main[0x40ba49]
[eu-ms-001-37:25178] [ 8] code/build_output/main[0x41a198]
[eu-ms-001-37:25178] [ 9] code/build_output/main[0x40c3d9]
[eu-ms-001-37:25178] [10] /cluster/spack/apps/linux-centos7-x86_64/gcc-4.8.5/gcc-9.3.0-mjmsvu3362usxjr7tas4ywkd2e4ko5x3/lib64/libstdc++.so.6(+0xa4bc1)[0x2b298f0dcbc1]
[eu-ms-017-30:03963] [ 6] /cluster/spack/apps/linux-centos7-x86_64/gcc-4.8.5/gcc-9.3.0-mjmsvu3362usxjr7tas4ywkd2e4ko5x3/lib64/libstdc++.so.6(+0xa4bc1)[0x2b99b0273bc1]
[eu-ms-001-44:29386] [ 6] /cluster/spack/apps/linux-centos7-x86_64/gcc-4.8.5/gcc-9.3.0-mjmsvu3362usxjr7tas4ywkd2e4ko5x3/lib64/libstdc++.so.6(+0xa4e14)[0x2b99b0273e14]
/cluster/spack/apps/linux-centos7-x86_64/gcc-4.8.5/gcc-9.3.0-mjmsvu3362usxjr7tas4ywkd2e4ko5x3/lib64/libstdc++.so.6(+0xa4bc1)[0x2b28179aebc1]
[eu-ms-001-17:30783] [ 6] /usr/lib64/libc.so.6(__libc_start_main+0xf5)[0x2adb7cf17555]
[eu-ms-001-37:25178] [11] code/build_output/main[0x40db3f]
[eu-ms-001-37:25178] *** End of error message ***
/cluster/spack/apps/linux-centos7-x86_64/gcc-4.8.5/gcc-9.3.0-mjmsvu3362usxjr7tas4ywkd2e4ko5x3/lib64/libstdc++.so.6(+0xa4e14)[0x2b298f0dce14]
[eu-ms-017-30:03963] [ 7] code/build_output/main[0x40ba49]
[eu-ms-017-30:03963] [ 8] code/build_output/main[0x41a198]
[eu-ms-017-30:03963] [ 9] code/build_output/main[0x40c3d9]
[eu-ms-017-30:03963] [10] [eu-ms-001-44:29386] [ 7] code/build_output/main[0x40ba49]
[eu-ms-001-44:29386] [ 8] code/build_output/main[0x41a198]
[eu-ms-001-44:29386] [ 9] code/build_output/main[0x40c3d9]
[eu-ms-001-44:29386] [10] /cluster/spack/apps/linux-centos7-x86_64/gcc-4.8.5/gcc-9.3.0-mjmsvu3362usxjr7tas4ywkd2e4ko5x3/lib64/libstdc++.so.6(+0xa4e14)[0x2b28179aee14]
[eu-ms-001-17:30783] [ 7] code/build_output/main[0x40ba49]
[eu-ms-001-17:30783] [ 8] code/build_output/main[0x41a198]
[eu-ms-001-17:30783] [ 9] code/build_output/main[0x40c3d9]
[eu-ms-001-17:30783] [10] /usr/lib64/libc.so.6(__libc_start_main+0xf5)[0x2b298fb6a555]
[eu-ms-017-30:03963] [11] code/build_output/main[0x40db3f]
[eu-ms-017-30:03963] *** End of error message ***
/usr/lib64/libc.so.6(__libc_start_main+0xf5)[0x2b99b0d01555]
[eu-ms-001-44:29386] [11] code/build_output/main[0x40db3f]
[eu-ms-001-44:29386] *** End of error message ***
/usr/lib64/libc.so.6(__libc_start_main+0xf5)[0x2b281843c555]
[eu-ms-001-17:30783] [11] code/build_output/main[0x40db3f]
[eu-ms-001-17:30783] *** End of error message ***
terminate called after throwing an instance of 'std::runtime_error'
  what():  Starting Rabenseifner-Gather with non-power-of-2 processes, numprocs=30
[eu-ms-001-08:12257] *** Process received signal ***
[eu-ms-001-08:12257] Signal: Aborted (6)
[eu-ms-001-08:12257] Signal code:  (-6)
[eu-ms-001-08:12257] [ 0] /usr/lib64/libpthread.so.0(+0xf630)[0x2abbd1e52630]
[eu-ms-001-08:12257] [ 1] terminate called after throwing an instance of 'std::runtime_error'
terminate called after throwing an instance of 'std::runtime_error'
/usr/lib64/libc.so.6(gsignal+0x37)[0x2abbd2095387]
[eu-ms-001-08:12257] [ 2] /usr/lib64/libc.so.6(abort+0x148)[0x2abbd2096a78]
[eu-ms-001-08:12257] [ 3]   what():  Starting Rabenseifner-Gather with non-power-of-2 processes, numprocs=30
[eu-ms-001-09:15429] *** Process received signal ***
[eu-ms-001-09:15429] Signal: Aborted (6)
[eu-ms-001-09:15429] Signal code:  (-6)
  what():  Starting Rabenseifner-Gather with non-power-of-2 processes, numprocs=30
/cluster/spack/apps/linux-centos7-x86_64/gcc-4.8.5/gcc-9.3.0-mjmsvu3362usxjr7tas4ywkd2e4ko5x3/lib64/libstdc++.so.6(+0x99133)[0x2abbd15e8133]
[eu-ms-001-08:12257] [ 4] [eu-ms-001-09:15429] [ 0] [eu-ms-001-40:17353] *** Process received signal ***
[eu-ms-001-40:17353] Signal: Aborted (6)
[eu-ms-001-40:17353] Signal code:  (-6)
/cluster/spack/apps/linux-centos7-x86_64/gcc-4.8.5/gcc-9.3.0-mjmsvu3362usxjr7tas4ywkd2e4ko5x3/lib64/libstdc++.so.6(+0xa4b56)[0x2abbd15f3b56]
[eu-ms-001-08:12257] [ 5] /usr/lib64/libpthread.so.0(+0xf630)[0x2aed12ae1630]
[eu-ms-001-09:15429] [ 1] /cluster/spack/apps/linux-centos7-x86_64/gcc-4.8.5/gcc-9.3.0-mjmsvu3362usxjr7tas4ywkd2e4ko5x3/lib64/libstdc++.so.6(+0xa4bc1)[0x2abbd15f3bc1]
[eu-ms-001-08:12257] [ 6] /usr/lib64/libc.so.6(gsignal+0x37)[0x2aed12d24387]
[eu-ms-001-09:15429] [ 2] /usr/lib64/libc.so.6(abort+0x148)[0x2aed12d25a78]
[eu-ms-001-09:15429] [ 3] /cluster/spack/apps/linux-centos7-x86_64/gcc-4.8.5/gcc-9.3.0-mjmsvu3362usxjr7tas4ywkd2e4ko5x3/lib64/libstdc++.so.6(+0xa4e14)[0x2abbd15f3e14]
[eu-ms-001-08:12257] [ 7] code/build_output/main[0x40ba49]
[eu-ms-001-08:12257] [ 8] code/build_output/main[0x41a198]
[eu-ms-001-08:12257] [ 9] code/build_output/main[0x40c3d9]
[eu-ms-001-08:12257] [10] /cluster/spack/apps/linux-centos7-x86_64/gcc-4.8.5/gcc-9.3.0-mjmsvu3362usxjr7tas4ywkd2e4ko5x3/lib64/libstdc++.so.6(+0x99133)[0x2aed12277133]
[eu-ms-001-09:15429] [ 4] [eu-ms-001-40:17353] [ 0] /usr/lib64/libpthread.so.0(+0xf630)[0x2b50e331c630]
[eu-ms-001-40:17353] [ 1] /usr/lib64/libc.so.6(__libc_start_main+0xf5)[0x2abbd2081555]
[eu-ms-001-08:12257] [11] code/build_output/main[0x40db3f]
[eu-ms-001-08:12257] *** End of error message ***
/cluster/spack/apps/linux-centos7-x86_64/gcc-4.8.5/gcc-9.3.0-mjmsvu3362usxjr7tas4ywkd2e4ko5x3/lib64/libstdc++.so.6(+0xa4b56)[0x2aed12282b56]
[eu-ms-001-09:15429] [ 5] /usr/lib64/libc.so.6(gsignal+0x37)[0x2b50e355f387]
[eu-ms-001-40:17353] [ 2] terminate called after throwing an instance of 'std::runtime_error'
/cluster/spack/apps/linux-centos7-x86_64/gcc-4.8.5/gcc-9.3.0-mjmsvu3362usxjr7tas4ywkd2e4ko5x3/lib64/libstdc++.so.6(+0xa4bc1)[0x2aed12282bc1]
[eu-ms-001-09:15429] [ 6] /usr/lib64/libc.so.6(abort+0x148)[0x2b50e3560a78]
[eu-ms-001-40:17353] [ 3] /cluster/spack/apps/linux-centos7-x86_64/gcc-4.8.5/gcc-9.3.0-mjmsvu3362usxjr7tas4ywkd2e4ko5x3/lib64/libstdc++.so.6(+0x99133)[0x2b50e2ab2133]
[eu-ms-001-40:17353] [ 4] terminate called after throwing an instance of 'std::runtime_error'
  what():  Starting Rabenseifner-Gather with non-power-of-2 processes, numprocs=30
[eu-ms-001-41:23337] *** Process received signal ***
[eu-ms-001-41:23337] Signal: Aborted (6)
[eu-ms-001-41:23337] Signal code:  (-6)
/cluster/spack/apps/linux-centos7-x86_64/gcc-4.8.5/gcc-9.3.0-mjmsvu3362usxjr7tas4ywkd2e4ko5x3/lib64/libstdc++.so.6(+0xa4e14)[0x2aed12282e14]
[eu-ms-001-09:15429] [ 7] code/build_output/main[0x40ba49]
[eu-ms-001-09:15429] [ 8] code/build_output/main[0x41a198]
[eu-ms-001-09:15429] [ 9] code/build_output/main[0x40c3d9]
[eu-ms-001-09:15429] [10] /cluster/spack/apps/linux-centos7-x86_64/gcc-4.8.5/gcc-9.3.0-mjmsvu3362usxjr7tas4ywkd2e4ko5x3/lib64/libstdc++.so.6(+0xa4b56)[0x2b50e2abdb56]
[eu-ms-001-40:17353] [ 5]   what():  Starting Rabenseifner-Gather with non-power-of-2 processes, numprocs=30
[eu-ms-001-15:23027] *** Process received signal ***
[eu-ms-001-15:23027] Signal: Aborted (6)
[eu-ms-001-15:23027] Signal code:  (-6)
/usr/lib64/libc.so.6(__libc_start_main+0xf5)[0x2aed12d10555]
[eu-ms-001-09:15429] [11] code/build_output/main[0x40db3f]
[eu-ms-001-09:15429] *** End of error message ***
/cluster/spack/apps/linux-centos7-x86_64/gcc-4.8.5/gcc-9.3.0-mjmsvu3362usxjr7tas4ywkd2e4ko5x3/lib64/libstdc++.so.6(+0xa4bc1)[0x2b50e2abdbc1]
[eu-ms-001-40:17353] [ 6] [eu-ms-001-15:23027] [ 0] [eu-ms-001-41:23337] [ 0] /cluster/spack/apps/linux-centos7-x86_64/gcc-4.8.5/gcc-9.3.0-mjmsvu3362usxjr7tas4ywkd2e4ko5x3/lib64/libstdc++.so.6(+0xa4e14)[0x2b50e2abde14]
[eu-ms-001-40:17353] [ 7] code/build_output/main[0x40ba49]
[eu-ms-001-40:17353] [ 8] code/build_output/main[0x41a198]
[eu-ms-001-40:17353] [ 9] /usr/lib64/libpthread.so.0(+0xf630)[0x2b10158f0630]
[eu-ms-001-15:23027] [ 1] /usr/lib64/libpthread.so.0(+0xf630)[0x2b17700b0630]
[eu-ms-001-41:23337] [ 1] code/build_output/main[0x40c3d9]
[eu-ms-001-40:17353] [10] /usr/lib64/libc.so.6(gsignal+0x37)[0x2b1015b33387]
[eu-ms-001-15:23027] [ 2] /usr/lib64/libc.so.6(abort+0x148)[0x2b1015b34a78]
[eu-ms-001-15:23027] [ 3] /usr/lib64/libc.so.6(gsignal+0x37)[0x2b17702f3387]
[eu-ms-001-41:23337] [ 2] /usr/lib64/libc.so.6(abort+0x148)[0x2b17702f4a78]
/usr/lib64/libc.so.6(__libc_start_main+0xf5)[0x2b50e354b555]
[eu-ms-001-40:17353] [11] code/build_output/main[0x40db3f]
[eu-ms-001-40:17353] *** End of error message ***
/cluster/spack/apps/linux-centos7-x86_64/gcc-4.8.5/gcc-9.3.0-mjmsvu3362usxjr7tas4ywkd2e4ko5x3/lib64/libstdc++.so.6(+0x99133)[0x2b1015086133]
[eu-ms-001-15:23027] [ 4] [eu-ms-001-41:23337] [ 3] /cluster/spack/apps/linux-centos7-x86_64/gcc-4.8.5/gcc-9.3.0-mjmsvu3362usxjr7tas4ywkd2e4ko5x3/lib64/libstdc++.so.6(+0x99133)[0x2b176f846133]
/cluster/spack/apps/linux-centos7-x86_64/gcc-4.8.5/gcc-9.3.0-mjmsvu3362usxjr7tas4ywkd2e4ko5x3/lib64/libstdc++.so.6(+0xa4b56)[0x2b1015091b56]
[eu-ms-001-15:23027] [ 5] [eu-ms-001-41:23337] [ 4] /cluster/spack/apps/linux-centos7-x86_64/gcc-4.8.5/gcc-9.3.0-mjmsvu3362usxjr7tas4ywkd2e4ko5x3/lib64/libstdc++.so.6(+0xa4b56)[0x2b176f851b56]
[eu-ms-001-41:23337] [ 5] /cluster/spack/apps/linux-centos7-x86_64/gcc-4.8.5/gcc-9.3.0-mjmsvu3362usxjr7tas4ywkd2e4ko5x3/lib64/libstdc++.so.6(+0xa4bc1)[0x2b1015091bc1]
[eu-ms-001-15:23027] [ 6] /cluster/spack/apps/linux-centos7-x86_64/gcc-4.8.5/gcc-9.3.0-mjmsvu3362usxjr7tas4ywkd2e4ko5x3/lib64/libstdc++.so.6(+0xa4bc1)[0x2b176f851bc1]
[eu-ms-001-41:23337] [ 6] /cluster/spack/apps/linux-centos7-x86_64/gcc-4.8.5/gcc-9.3.0-mjmsvu3362usxjr7tas4ywkd2e4ko5x3/lib64/libstdc++.so.6(+0xa4e14)[0x2b1015091e14]
[eu-ms-001-15:23027] [ 7] code/build_output/main[0x40ba49]
[eu-ms-001-15:23027] [ 8] code/build_output/main[0x41a198]
[eu-ms-001-15:23027] [ 9] code/build_output/main[0x40c3d9]
[eu-ms-001-15:23027] [10] terminate called after throwing an instance of 'std::runtime_error'
/cluster/spack/apps/linux-centos7-x86_64/gcc-4.8.5/gcc-9.3.0-mjmsvu3362usxjr7tas4ywkd2e4ko5x3/lib64/libstdc++.so.6(+0xa4e14)[0x2b176f851e14]
[eu-ms-001-41:23337] [ 7] code/build_output/main[0x40ba49]
[eu-ms-001-41:23337] [ 8] /usr/lib64/libc.so.6(__libc_start_main+0xf5)[0x2b1015b1f555]
[eu-ms-001-15:23027] [11] code/build_output/main[0x40db3f]
[eu-ms-001-15:23027] *** End of error message ***
  what():  Starting Rabenseifner-Gather with non-power-of-2 processes, numprocs=30
[eu-ms-001-32:11003] *** Process received signal ***
[eu-ms-001-32:11003] Signal: Aborted (6)
[eu-ms-001-32:11003] Signal code:  (-6)
code/build_output/main[0x41a198]
[eu-ms-001-41:23337] [ 9] code/build_output/main[0x40c3d9]
[eu-ms-001-41:23337] [10] terminate called after throwing an instance of 'std::runtime_error'
[eu-ms-001-32:11003] [ 0] /usr/lib64/libc.so.6(__libc_start_main+0xf5)[0x2b17702df555]
[eu-ms-001-41:23337] [11] code/build_output/main[0x40db3f]
[eu-ms-001-41:23337] *** End of error message ***
  what():  Starting Rabenseifner-Gather with non-power-of-2 processes, numprocs=30
[eu-ms-017-33:08698] *** Process received signal ***
[eu-ms-017-33:08698] Signal: Aborted (6)
[eu-ms-017-33:08698] Signal code:  (-6)
/usr/lib64/libpthread.so.0(+0xf630)[0x2ae747d4b630]
[eu-ms-001-32:11003] [ 1] [eu-ms-017-33:08698] [ 0] /usr/lib64/libc.so.6(gsignal+0x37)[0x2ae747f8e387]
[eu-ms-001-32:11003] [ 2] /usr/lib64/libpthread.so.0(+0xf630)[0x2b7841b30630]
[eu-ms-017-33:08698] [ 1] /usr/lib64/libc.so.6(abort+0x148)[0x2ae747f8fa78]
[eu-ms-001-32:11003] [ 3] /usr/lib64/libc.so.6(gsignal+0x37)[0x2b7841d73387]
[eu-ms-017-33:08698] [ 2] /usr/lib64/libc.so.6(abort+0x148)[0x2b7841d74a78]
[eu-ms-017-33:08698] [ 3] terminate called after throwing an instance of 'std::runtime_error'
/cluster/spack/apps/linux-centos7-x86_64/gcc-4.8.5/gcc-9.3.0-mjmsvu3362usxjr7tas4ywkd2e4ko5x3/lib64/libstdc++.so.6(+0x99133)[0x2ae7474e1133]
[eu-ms-001-32:11003] [ 4] /cluster/spack/apps/linux-centos7-x86_64/gcc-4.8.5/gcc-9.3.0-mjmsvu3362usxjr7tas4ywkd2e4ko5x3/lib64/libstdc++.so.6(+0x99133)[0x2b78412c6133]
[eu-ms-017-33:08698] [ 4] terminate called after throwing an instance of 'std::runtime_error'
  what():  Starting Rabenseifner-Gather with non-power-of-2 processes, numprocs=30
[eu-ms-001-42:10750] *** Process received signal ***
[eu-ms-001-42:10750] Signal: Aborted (6)
[eu-ms-001-42:10750] Signal code:  (-6)
/cluster/spack/apps/linux-centos7-x86_64/gcc-4.8.5/gcc-9.3.0-mjmsvu3362usxjr7tas4ywkd2e4ko5x3/lib64/libstdc++.so.6(+0xa4b56)[0x2ae7474ecb56]
[eu-ms-001-32:11003] [ 5] /cluster/spack/apps/linux-centos7-x86_64/gcc-4.8.5/gcc-9.3.0-mjmsvu3362usxjr7tas4ywkd2e4ko5x3/lib64/libstdc++.so.6(+0xa4b56)[0x2b78412d1b56]
[eu-ms-017-33:08698] [ 5]   what():  Starting Rabenseifner-Gather with non-power-of-2 processes, numprocs=30
[eu-ms-001-14:15987] *** Process received signal ***
[eu-ms-001-14:15987] Signal: Aborted (6)
[eu-ms-001-14:15987] Signal code:  (-6)
[eu-ms-001-42:10750] [ 0] /cluster/spack/apps/linux-centos7-x86_64/gcc-4.8.5/gcc-9.3.0-mjmsvu3362usxjr7tas4ywkd2e4ko5x3/lib64/libstdc++.so.6(+0xa4bc1)[0x2ae7474ecbc1]
[eu-ms-001-32:11003] [ 6] /cluster/spack/apps/linux-centos7-x86_64/gcc-4.8.5/gcc-9.3.0-mjmsvu3362usxjr7tas4ywkd2e4ko5x3/lib64/libstdc++.so.6(+0xa4e14)[0x2ae7474ece14]
[eu-ms-001-32:11003] [ 7] /cluster/spack/apps/linux-centos7-x86_64/gcc-4.8.5/gcc-9.3.0-mjmsvu3362usxjr7tas4ywkd2e4ko5x3/lib64/libstdc++.so.6(+0xa4bc1)[0x2b78412d1bc1]
[eu-ms-017-33:08698] [ 6] /usr/lib64/libpthread.so.0(+0xf630)[0x2b41a5776630]
[eu-ms-001-42:10750] [ 1] /usr/lib64/libc.so.6(gsignal+0x37)[0x2b41a59b9387]
code/build_output/main[0x40ba49]
[eu-ms-001-32:11003] [ 8] code/build_output/main[0x41a198]
[eu-ms-001-32:11003] [ 9] code/build_output/main[0x40c3d9]
[eu-ms-001-32:11003] [10] /cluster/spack/apps/linux-centos7-x86_64/gcc-4.8.5/gcc-9.3.0-mjmsvu3362usxjr7tas4ywkd2e4ko5x3/lib64/libstdc++.so.6(+0xa4e14)[0x2b78412d1e14]
[eu-ms-017-33:08698] [ 7] code/build_output/main[0x40ba49]
[eu-ms-017-33:08698] [ 8] code/build_output/main[0x41a198]
[eu-ms-017-33:08698] [ 9] code/build_output/main[0x40c3d9]
[eu-ms-017-33:08698] [10] [eu-ms-001-42:10750] [ 2] /usr/lib64/libc.so.6(abort+0x148)[0x2b41a59baa78]
[eu-ms-001-42:10750] [ 3] /usr/lib64/libc.so.6(__libc_start_main+0xf5)[0x2ae747f7a555]
[eu-ms-001-32:11003] [11] code/build_output/main[0x40db3f]
[eu-ms-001-32:11003] *** End of error message ***
/usr/lib64/libc.so.6(__libc_start_main+0xf5)[0x2b7841d5f555]
[eu-ms-017-33:08698] [11] code/build_output/main[0x40db3f]
[eu-ms-017-33:08698] *** End of error message ***
[eu-ms-001-14:15987] [ 0] /cluster/spack/apps/linux-centos7-x86_64/gcc-4.8.5/gcc-9.3.0-mjmsvu3362usxjr7tas4ywkd2e4ko5x3/lib64/libstdc++.so.6(+0x99133)[0x2b41a4f0c133]
[eu-ms-001-42:10750] [ 4] /usr/lib64/libpthread.so.0(+0xf630)[0x2b6043251630]
[eu-ms-001-14:15987] [ 1] /usr/lib64/libc.so.6(gsignal+0x37)[0x2b6043494387]
/cluster/spack/apps/linux-centos7-x86_64/gcc-4.8.5/gcc-9.3.0-mjmsvu3362usxjr7tas4ywkd2e4ko5x3/lib64/libstdc++.so.6(+0xa4b56)[0x2b41a4f17b56]
[eu-ms-001-42:10750] [ 5] [eu-ms-001-14:15987] [ 2] /usr/lib64/libc.so.6(abort+0x148)[0x2b6043495a78]
[eu-ms-001-14:15987] [ 3] /cluster/spack/apps/linux-centos7-x86_64/gcc-4.8.5/gcc-9.3.0-mjmsvu3362usxjr7tas4ywkd2e4ko5x3/lib64/libstdc++.so.6(+0xa4bc1)[0x2b41a4f17bc1]
[eu-ms-001-42:10750] [ 6] /cluster/spack/apps/linux-centos7-x86_64/gcc-4.8.5/gcc-9.3.0-mjmsvu3362usxjr7tas4ywkd2e4ko5x3/lib64/libstdc++.so.6(+0xa4e14)[0x2b41a4f17e14]
[eu-ms-001-42:10750] [ 7] /cluster/spack/apps/linux-centos7-x86_64/gcc-4.8.5/gcc-9.3.0-mjmsvu3362usxjr7tas4ywkd2e4ko5x3/lib64/libstdc++.so.6(+0x99133)[0x2b60429e7133]
[eu-ms-001-14:15987] [ 4] code/build_output/main[0x40ba49]
[eu-ms-001-42:10750] [ 8] code/build_output/main[0x41a198]
[eu-ms-001-42:10750] [ 9] code/build_output/main[0x40c3d9]
[eu-ms-001-42:10750] [10] /cluster/spack/apps/linux-centos7-x86_64/gcc-4.8.5/gcc-9.3.0-mjmsvu3362usxjr7tas4ywkd2e4ko5x3/lib64/libstdc++.so.6(+0xa4b56)[0x2b60429f2b56]
[eu-ms-001-14:15987] [ 5] /usr/lib64/libc.so.6(__libc_start_main+0xf5)[0x2b41a59a5555]
[eu-ms-001-42:10750] [11] code/build_output/main[0x40db3f]
[eu-ms-001-42:10750] *** End of error message ***
/cluster/spack/apps/linux-centos7-x86_64/gcc-4.8.5/gcc-9.3.0-mjmsvu3362usxjr7tas4ywkd2e4ko5x3/lib64/libstdc++.so.6(+0xa4bc1)[0x2b60429f2bc1]
[eu-ms-001-14:15987] [ 6] /cluster/spack/apps/linux-centos7-x86_64/gcc-4.8.5/gcc-9.3.0-mjmsvu3362usxjr7tas4ywkd2e4ko5x3/lib64/libstdc++.so.6(+0xa4e14)[0x2b60429f2e14]
[eu-ms-001-14:15987] [ 7] code/build_output/main[0x40ba49]
[eu-ms-001-14:15987] [ 8] code/build_output/main[0x41a198]
[eu-ms-001-14:15987] [ 9] code/build_output/main[0x40c3d9]
[eu-ms-001-14:15987] [10] /usr/lib64/libc.so.6(__libc_start_main+0xf5)[0x2b6043480555]
[eu-ms-001-14:15987] [11] code/build_output/main[0x40db3f]
[eu-ms-001-14:15987] *** End of error message ***
terminate called after throwing an instance of 'std::runtime_error'
  what():  Starting Rabenseifner-Gather with non-power-of-2 processes, numprocs=30
[eu-ms-001-19:20876] *** Process received signal ***
[eu-ms-001-19:20876] Signal: Aborted (6)
[eu-ms-001-19:20876] Signal code:  (-6)
[eu-ms-001-19:20876] [ 0] /usr/lib64/libpthread.so.0(+0xf630)[0x2b383ec2a630]
[eu-ms-001-19:20876] [ 1] terminate called after throwing an instance of 'std::runtime_error'
/usr/lib64/libc.so.6(gsignal+0x37)[0x2b383ee6d387]
[eu-ms-001-19:20876] [ 2] /usr/lib64/libc.so.6(abort+0x148)[0x2b383ee6ea78]
[eu-ms-001-19:20876] [ 3] terminate called after throwing an instance of 'std::runtime_error'
  what():  Starting Rabenseifner-Gather with non-power-of-2 processes, numprocs=30
[eu-ms-001-25:10959] *** Process received signal ***
[eu-ms-001-25:10959] Signal: Aborted (6)
[eu-ms-001-25:10959] Signal code:  (-6)
/cluster/spack/apps/linux-centos7-x86_64/gcc-4.8.5/gcc-9.3.0-mjmsvu3362usxjr7tas4ywkd2e4ko5x3/lib64/libstdc++.so.6(+0x99133)[0x2b383e3c0133]
[eu-ms-001-19:20876] [ 4]   what():  Starting Rabenseifner-Gather with non-power-of-2 processes, numprocs=30
[eu-ms-001-03:19775] *** Process received signal ***
[eu-ms-001-03:19775] Signal: Aborted (6)
[eu-ms-001-03:19775] Signal code:  (-6)
[eu-ms-001-25:10959] [ 0] /cluster/spack/apps/linux-centos7-x86_64/gcc-4.8.5/gcc-9.3.0-mjmsvu3362usxjr7tas4ywkd2e4ko5x3/lib64/libstdc++.so.6(+0xa4b56)[0x2b383e3cbb56]
[eu-ms-001-19:20876] [ 5] [eu-ms-001-03:19775] [ 0] /usr/lib64/libpthread.so.0(+0xf630)[0x2b91d04d1630]
[eu-ms-001-25:10959] [ 1] /cluster/spack/apps/linux-centos7-x86_64/gcc-4.8.5/gcc-9.3.0-mjmsvu3362usxjr7tas4ywkd2e4ko5x3/lib64/libstdc++.so.6(+0xa4bc1)[0x2b383e3cbbc1]
[eu-ms-001-19:20876] [ 6] /cluster/spack/apps/linux-centos7-x86_64/gcc-4.8.5/gcc-9.3.0-mjmsvu3362usxjr7tas4ywkd2e4ko5x3/lib64/libstdc++.so.6(+0xa4e14)[0x2b383e3cbe14]
/usr/lib64/libpthread.so.0(+0xf630)[0x2abe20d9d630]
[eu-ms-001-03:19775] [ 1] /usr/lib64/libc.so.6(gsignal+0x37)[0x2b91d0714387]
[eu-ms-001-25:10959] [ 2] /usr/lib64/libc.so.6(abort+0x148)[0x2b91d0715a78]
[eu-ms-001-19:20876] [ 7] code/build_output/main[0x40ba49]
[eu-ms-001-19:20876] [ 8] code/build_output/main[0x41a198]
[eu-ms-001-19:20876] [ 9] code/build_output/main[0x40c3d9]
[eu-ms-001-19:20876] [10] /usr/lib64/libc.so.6(gsignal+0x37)[0x2abe20fe0387]
[eu-ms-001-03:19775] [ 2] /usr/lib64/libc.so.6(abort+0x148)[0x2abe20fe1a78]
[eu-ms-001-03:19775] [eu-ms-001-25:10959] [ 3] /cluster/spack/apps/linux-centos7-x86_64/gcc-4.8.5/gcc-9.3.0-mjmsvu3362usxjr7tas4ywkd2e4ko5x3/lib64/libstdc++.so.6(+0x99133)[0x2b91cfc67133]
[eu-ms-001-25:10959] [ 4] /usr/lib64/libc.so.6(__libc_start_main+0xf5)[0x2b383ee59555]
[eu-ms-001-19:20876] [11] code/build_output/main[0x40db3f]
[eu-ms-001-19:20876] *** End of error message ***
[ 3] /cluster/spack/apps/linux-centos7-x86_64/gcc-4.8.5/gcc-9.3.0-mjmsvu3362usxjr7tas4ywkd2e4ko5x3/lib64/libstdc++.so.6(+0x99133)[0x2abe20533133]
[eu-ms-001-03:19775] [ 4] /cluster/spack/apps/linux-centos7-x86_64/gcc-4.8.5/gcc-9.3.0-mjmsvu3362usxjr7tas4ywkd2e4ko5x3/lib64/libstdc++.so.6(+0xa4b56)[0x2b91cfc72b56]
[eu-ms-001-25:10959] [ 5] /cluster/spack/apps/linux-centos7-x86_64/gcc-4.8.5/gcc-9.3.0-mjmsvu3362usxjr7tas4ywkd2e4ko5x3/lib64/libstdc++.so.6(+0xa4b56)[0x2abe2053eb56]
[eu-ms-001-03:19775] [ 5] /cluster/spack/apps/linux-centos7-x86_64/gcc-4.8.5/gcc-9.3.0-mjmsvu3362usxjr7tas4ywkd2e4ko5x3/lib64/libstdc++.so.6(+0xa4bc1)[0x2b91cfc72bc1]
[eu-ms-001-25:10959] [ 6] /cluster/spack/apps/linux-centos7-x86_64/gcc-4.8.5/gcc-9.3.0-mjmsvu3362usxjr7tas4ywkd2e4ko5x3/lib64/libstdc++.so.6(+0xa4bc1)[0x2abe2053ebc1]
[eu-ms-001-03:19775] [ 6] /cluster/spack/apps/linux-centos7-x86_64/gcc-4.8.5/gcc-9.3.0-mjmsvu3362usxjr7tas4ywkd2e4ko5x3/lib64/libstdc++.so.6(+0xa4e14)[0x2b91cfc72e14]
[eu-ms-001-25:10959] [ 7] code/build_output/main[0x40ba49]
[eu-ms-001-25:10959] [ 8] code/build_output/main[0x41a198]
[eu-ms-001-25:10959] [ 9] code/build_output/main[0x40c3d9]
[eu-ms-001-25:10959] /cluster/spack/apps/linux-centos7-x86_64/gcc-4.8.5/gcc-9.3.0-mjmsvu3362usxjr7tas4ywkd2e4ko5x3/lib64/libstdc++.so.6(+0xa4e14)[0x2abe2053ee14]
[eu-ms-001-03:19775] [ 7] code/build_output/main[0x40ba49]
[eu-ms-001-03:19775] [ 8] code/build_output/main[0x41a198]
[eu-ms-001-03:19775] [ 9] code/build_output/main[0x40c3d9]
[10] /usr/lib64/libc.so.6(__libc_start_main+0xf5)[0x2b91d0700555]
[eu-ms-001-25:10959] [11] [eu-ms-001-03:19775] [10] /usr/lib64/libc.so.6(__libc_start_main+0xf5)[0x2abe20fcc555]
[eu-ms-001-03:19775] [11] code/build_output/main[0x40db3f]
[eu-ms-001-25:10959] *** End of error message ***
code/build_output/main[0x40db3f]
[eu-ms-001-03:19775] *** End of error message ***
--------------------------------------------------------------------------
Primary job  terminated normally, but 1 process returned
a non-zero exit code. Per user-direction, the job has been aborted.
--------------------------------------------------------------------------
--------------------------------------------------------------------------
mpirun noticed that process rank 17 with PID 20876 on node eu-ms-001-19 exited on signal 6 (Aborted).
--------------------------------------------------------------------------
