27: Starting numprocs=48 N=8192, M=8192 impl=rabenseifner-gather
16: Starting numprocs=48 N=8192, M=8192 impl=rabenseifner-gather
40: Starting numprocs=48 N=8192, M=8192 impl=rabenseifner-gather
45: Starting numprocs=48 N=8192, M=8192 impl=rabenseifner-gather
46: Starting numprocs=48 N=8192, M=8192 impl=rabenseifner-gather
42: Starting numprocs=48 N=8192, M=8192 impl=rabenseifner-gather
43: Starting numprocs=48 N=8192, M=8192 impl=rabenseifner-gather
41: Starting numprocs=48 N=8192, M=8192 impl=rabenseifner-gather
1: Starting numprocs=48 N=8192, M=8192 impl=rabenseifner-gather
5: Starting numprocs=48 N=8192, M=8192 impl=rabenseifner-gather
38: Starting numprocs=48 N=8192, M=8192 impl=rabenseifner-gather
47: Starting numprocs=48 N=8192, M=8192 impl=rabenseifner-gather
39: Starting numprocs=48 N=8192, M=8192 impl=rabenseifner-gather
2: Starting numprocs=48 N=8192, M=8192 impl=rabenseifner-gather
44: Starting numprocs=48 N=8192, M=8192 impl=rabenseifner-gather
36: Starting numprocs=48 N=8192, M=8192 impl=rabenseifner-gather
25: Starting numprocs=48 N=8192, M=8192 impl=rabenseifner-gather
18: Starting numprocs=48 N=8192, M=8192 impl=rabenseifner-gather
3: Starting numprocs=48 N=8192, M=8192 impl=rabenseifner-gather
37: Starting numprocs=48 N=8192, M=8192 impl=rabenseifner-gather
19: Starting numprocs=48 N=8192, M=8192 impl=rabenseifner-gather
12: Starting numprocs=48 N=8192, M=8192 impl=rabenseifner-gather
14: Starting numprocs=48 N=8192, M=8192 impl=rabenseifner-gather
24: Starting numprocs=48 N=8192, M=8192 impl=rabenseifner-gather
11: Starting numprocs=48 N=8192, M=8192 impl=rabenseifner-gather
34: Starting numprocs=48 N=8192, M=8192 impl=rabenseifner-gather
33: Starting numprocs=48 N=8192, M=8192 impl=rabenseifner-gather
21: Starting numprocs=48 N=8192, M=8192 impl=rabenseifner-gather
32: Starting numprocs=48 N=8192, M=8192 impl=rabenseifner-gather
8: Starting numprocs=48 N=8192, M=8192 impl=rabenseifner-gather
10: Starting numprocs=48 N=8192, M=8192 impl=rabenseifner-gather
4: Starting numprocs=48 N=8192, M=8192 impl=rabenseifner-gather
22: Starting numprocs=48 N=8192, M=8192 impl=rabenseifner-gather
35: Starting numprocs=48 N=8192, M=8192 impl=rabenseifner-gather
30: Starting numprocs=48 N=8192, M=8192 impl=rabenseifner-gather
31: Starting numprocs=48 N=8192, M=8192 impl=rabenseifner-gather
7: Starting numprocs=48 N=8192, M=8192 impl=rabenseifner-gather
20: Starting numprocs=48 N=8192, M=8192 impl=rabenseifner-gather
13: Starting numprocs=48 N=8192, M=8192 impl=rabenseifner-gather
26: Starting numprocs=48 N=8192, M=8192 impl=rabenseifner-gather
0: Starting numprocs=48 N=8192, M=8192 impl=rabenseifner-gather
Iteration 0
15: Starting numprocs=48 N=8192, M=8192 impl=rabenseifner-gather
23: Starting numprocs=48 N=8192, M=8192 impl=rabenseifner-gather
6: Starting numprocs=48 N=8192, M=8192 impl=rabenseifner-gather
28: Starting numprocs=48 N=8192, M=8192 impl=rabenseifner-gather
9: Starting numprocs=48 N=8192, M=8192 impl=rabenseifner-gather
29: Starting numprocs=48 N=8192, M=8192 impl=rabenseifner-gather
17: Starting numprocs=48 N=8192, M=8192 impl=rabenseifner-gather
terminate called after throwing an instance of 'std::runtime_error'
  what():  Starting Rabenseifner-Gather with non-power-of-2 processes, numprocs=48
[eu-ms-017-31:03821] *** Process received signal ***
[eu-ms-017-31:03821] Signal: Aborted (6)
[eu-ms-017-31:03821] Signal code:  (-6)
terminate called after throwing an instance of 'std::runtime_error'
terminate called after throwing an instance of 'std::runtime_error'
[eu-ms-017-31:03821] [ 0]   what():  Starting Rabenseifner-Gather with non-power-of-2 processes, numprocs=48
[eu-ms-017-02:25959] *** Process received signal ***
[eu-ms-017-02:25959] Signal: Aborted (6)
[eu-ms-017-02:25959] Signal code:  (-6)
  what():  Starting Rabenseifner-Gather with non-power-of-2 processes, numprocs=48
[eu-ms-022-17:27248] *** Process received signal ***
[eu-ms-022-17:27248] Signal: Aborted (6)
[eu-ms-022-17:27248] Signal code:  (-6)
/usr/lib64/libpthread.so.0(+0xf630)[0x2aef9cd32630]
[eu-ms-017-31:03821] [ 1] [eu-ms-017-02:25959] [ 0] [eu-ms-022-17:27248] [ 0] /usr/lib64/libc.so.6(gsignal+0x37)[0x2aef9cf75387]
[eu-ms-017-31:03821] [ 2] /usr/lib64/libc.so.6(abort+0x148)[0x2aef9cf76a78]
[eu-ms-017-31:03821] [ 3] /usr/lib64/libpthread.so.0(+0xf630)[0x2b54929c9630]
[eu-ms-017-02:25959] [ 1] /usr/lib64/libpthread.so.0(+0xf630)[0x2b577256f630]
[eu-ms-022-17:27248] [ 1] /cluster/spack/apps/linux-centos7-x86_64/gcc-4.8.5/gcc-9.3.0-mjmsvu3362usxjr7tas4ywkd2e4ko5x3/lib64/libstdc++.so.6(+0x99133)[0x2aef9c4c8133]
[eu-ms-017-31:03821] [ 4] /usr/lib64/libc.so.6(gsignal+0x37)[0x2b5492c0c387]
[eu-ms-017-02:25959] [ 2] /usr/lib64/libc.so.6(abort+0x148)[0x2b5492c0da78]
[eu-ms-017-02:25959] [ 3] /usr/lib64/libc.so.6(gsignal+0x37)[0x2b57727b2387]
[eu-ms-022-17:27248] [ 2] /usr/lib64/libc.so.6(abort+0x148)[0x2b57727b3a78]
[eu-ms-022-17:27248] /cluster/spack/apps/linux-centos7-x86_64/gcc-4.8.5/gcc-9.3.0-mjmsvu3362usxjr7tas4ywkd2e4ko5x3/lib64/libstdc++.so.6(+0xa4b56)[0x2aef9c4d3b56]
[eu-ms-017-31:03821] [ 5] /cluster/spack/apps/linux-centos7-x86_64/gcc-4.8.5/gcc-9.3.0-mjmsvu3362usxjr7tas4ywkd2e4ko5x3/lib64/libstdc++.so.6(+0x99133)[0x2b549215f133]
[eu-ms-017-02:25959] [ 4] [ 3] /cluster/spack/apps/linux-centos7-x86_64/gcc-4.8.5/gcc-9.3.0-mjmsvu3362usxjr7tas4ywkd2e4ko5x3/lib64/libstdc++.so.6(+0x99133)[0x2b5771d05133]
[eu-ms-022-17:27248] [ 4] /cluster/spack/apps/linux-centos7-x86_64/gcc-4.8.5/gcc-9.3.0-mjmsvu3362usxjr7tas4ywkd2e4ko5x3/lib64/libstdc++.so.6(+0xa4bc1)[0x2aef9c4d3bc1]
[eu-ms-017-31:03821] [ 6] /cluster/spack/apps/linux-centos7-x86_64/gcc-4.8.5/gcc-9.3.0-mjmsvu3362usxjr7tas4ywkd2e4ko5x3/lib64/libstdc++.so.6(+0xa4b56)[0x2b549216ab56]
[eu-ms-017-02:25959] [ 5] /cluster/spack/apps/linux-centos7-x86_64/gcc-4.8.5/gcc-9.3.0-mjmsvu3362usxjr7tas4ywkd2e4ko5x3/lib64/libstdc++.so.6(+0xa4b56)[0x2b5771d10b56]
[eu-ms-022-17:27248] [ 5] /cluster/spack/apps/linux-centos7-x86_64/gcc-4.8.5/gcc-9.3.0-mjmsvu3362usxjr7tas4ywkd2e4ko5x3/lib64/libstdc++.so.6(+0xa4e14)[0x2aef9c4d3e14]
[eu-ms-017-31:03821] [ 7] code/build_output/main[0x40ba49]
[eu-ms-017-31:03821] [ 8] code/build_output/main[0x41a198]
[eu-ms-017-31:03821] [ 9] code/build_output/main[0x40c3d9]
[eu-ms-017-31:03821] /cluster/spack/apps/linux-centos7-x86_64/gcc-4.8.5/gcc-9.3.0-mjmsvu3362usxjr7tas4ywkd2e4ko5x3/lib64/libstdc++.so.6(+0xa4bc1)[0x2b549216abc1]
[eu-ms-017-02:25959] [ 6] /cluster/spack/apps/linux-centos7-x86_64/gcc-4.8.5/gcc-9.3.0-mjmsvu3362usxjr7tas4ywkd2e4ko5x3/lib64/libstdc++.so.6(+0xa4bc1)[0x2b5771d10bc1]
[eu-ms-022-17:27248] [ 6] [10] /usr/lib64/libc.so.6(__libc_start_main+0xf5)[0x2aef9cf61555]
[eu-ms-017-31:03821] [11] /cluster/spack/apps/linux-centos7-x86_64/gcc-4.8.5/gcc-9.3.0-mjmsvu3362usxjr7tas4ywkd2e4ko5x3/lib64/libstdc++.so.6(+0xa4e14)[0x2b549216ae14]
[eu-ms-017-02:25959] [ 7] code/build_output/main[0x40ba49]
[eu-ms-017-02:25959] [ 8] code/build_output/main[0x41a198]
[eu-ms-017-02:25959] [ 9] code/build_output/main[0x40c3d9]
[eu-ms-017-02:25959] [10] /cluster/spack/apps/linux-centos7-x86_64/gcc-4.8.5/gcc-9.3.0-mjmsvu3362usxjr7tas4ywkd2e4ko5x3/lib64/libstdc++.so.6(+0xa4e14)[0x2b5771d10e14]
[eu-ms-022-17:27248] [ 7] code/build_output/main[0x40ba49]
[eu-ms-022-17:27248] [ 8] code/build_output/main[0x41a198]
[eu-ms-022-17:27248] [ 9] code/build_output/main[0x40db3f]
[eu-ms-017-31:03821] *** End of error message ***
/usr/lib64/libc.so.6(__libc_start_main+0xf5)[0x2b5492bf8555]
[eu-ms-017-02:25959] [11] code/build_output/main[0x40db3f]
[eu-ms-017-02:25959] *** End of error message ***
code/build_output/main[0x40c3d9]
[eu-ms-022-17:27248] [10] /usr/lib64/libc.so.6(__libc_start_main+0xf5)[0x2b577279e555]
[eu-ms-022-17:27248] [11] code/build_output/main[0x40db3f]
[eu-ms-022-17:27248] *** End of error message ***
terminate called after throwing an instance of 'std::runtime_error'
  what():  Starting Rabenseifner-Gather with non-power-of-2 processes, numprocs=48
[eu-ms-022-39:29236] *** Process received signal ***
[eu-ms-022-39:29236] Signal: Aborted (6)
[eu-ms-022-39:29236] Signal code:  (-6)
terminate called after throwing an instance of 'std::runtime_error'
[eu-ms-022-39:29236] [ 0] terminate called after throwing an instance of 'std::runtime_error'
  what():  Starting Rabenseifner-Gather with non-power-of-2 processes, numprocs=48
[eu-ms-017-36:08046] *** Process received signal ***
[eu-ms-017-36:08046] Signal: Aborted (6)
[eu-ms-017-36:08046] Signal code:  (-6)
/usr/lib64/libpthread.so.0(+0xf630)[0x2b417f094630]
[eu-ms-022-39:29236] [ 1]   what():  Starting Rabenseifner-Gather with non-power-of-2 processes, numprocs=48
[eu-ms-017-12:27143] *** Process received signal ***
[eu-ms-017-12:27143] Signal: Aborted (6)
[eu-ms-017-12:27143] Signal code:  (-6)
/usr/lib64/libc.so.6(gsignal+0x37)[0x2b417f2d7387]
[eu-ms-022-39:29236] [ 2] /usr/lib64/libc.so.6(abort+0x148)[0x2b417f2d8a78]
[eu-ms-022-39:29236] [ 3] [eu-ms-017-12:27143] [ 0] [eu-ms-017-36:08046] [ 0] /cluster/spack/apps/linux-centos7-x86_64/gcc-4.8.5/gcc-9.3.0-mjmsvu3362usxjr7tas4ywkd2e4ko5x3/lib64/libstdc++.so.6(+0x99133)[0x2b417e82a133]
[eu-ms-022-39:29236] [ 4] /usr/lib64/libpthread.so.0(+0xf630)[0x2ba36d821630]
[eu-ms-017-12:27143] [ 1] /usr/lib64/libpthread.so.0(+0xf630)[0x2af1450f0630]
[eu-ms-017-36:08046] [ 1] /cluster/spack/apps/linux-centos7-x86_64/gcc-4.8.5/gcc-9.3.0-mjmsvu3362usxjr7tas4ywkd2e4ko5x3/lib64/libstdc++.so.6(+0xa4b56)[0x2b417e835b56]
[eu-ms-022-39:29236] [ 5] /usr/lib64/libc.so.6(gsignal+0x37)[0x2ba36da64387]
[eu-ms-017-12:27143] [ 2] /usr/lib64/libc.so.6(abort+0x148)[0x2ba36da65a78]
[eu-ms-017-12:27143] [ 3] /usr/lib64/libc.so.6(gsignal+0x37)[0x2af145333387]
[eu-ms-017-36:08046] [ 2] /cluster/spack/apps/linux-centos7-x86_64/gcc-4.8.5/gcc-9.3.0-mjmsvu3362usxjr7tas4ywkd2e4ko5x3/lib64/libstdc++.so.6(+0xa4bc1)[0x2b417e835bc1]
[eu-ms-022-39:29236] [ 6] /cluster/spack/apps/linux-centos7-x86_64/gcc-4.8.5/gcc-9.3.0-mjmsvu3362usxjr7tas4ywkd2e4ko5x3/lib64/libstdc++.so.6(+0x99133)[0x2ba36cfb7133]
[eu-ms-017-12:27143] [ 4] /usr/lib64/libc.so.6(abort+0x148)[0x2af145334a78]
[eu-ms-017-36:08046] [ 3] /cluster/spack/apps/linux-centos7-x86_64/gcc-4.8.5/gcc-9.3.0-mjmsvu3362usxjr7tas4ywkd2e4ko5x3/lib64/libstdc++.so.6(+0x99133)[0x2af144886133]
/cluster/spack/apps/linux-centos7-x86_64/gcc-4.8.5/gcc-9.3.0-mjmsvu3362usxjr7tas4ywkd2e4ko5x3/lib64/libstdc++.so.6(+0xa4e14)[0x2b417e835e14]
[eu-ms-022-39:29236] [ 7] code/build_output/main[0x40ba49]
[eu-ms-022-39:29236] [ 8] code/build_output/main[0x41a198]
[eu-ms-022-39:29236] [ 9] code/build_output/main[0x40c3d9]
/cluster/spack/apps/linux-centos7-x86_64/gcc-4.8.5/gcc-9.3.0-mjmsvu3362usxjr7tas4ywkd2e4ko5x3/lib64/libstdc++.so.6(+0xa4b56)[0x2ba36cfc2b56]
[eu-ms-017-12:27143] [ 5] [eu-ms-017-36:08046] [ 4] /cluster/spack/apps/linux-centos7-x86_64/gcc-4.8.5/gcc-9.3.0-mjmsvu3362usxjr7tas4ywkd2e4ko5x3/lib64/libstdc++.so.6(+0xa4b56)[0x2af144891b56]
[eu-ms-017-36:08046] [eu-ms-022-39:29236] [10] /usr/lib64/libc.so.6(__libc_start_main+0xf5)[0x2b417f2c3555]
[eu-ms-022-39:29236] [11] /cluster/spack/apps/linux-centos7-x86_64/gcc-4.8.5/gcc-9.3.0-mjmsvu3362usxjr7tas4ywkd2e4ko5x3/lib64/libstdc++.so.6(+0xa4bc1)[0x2ba36cfc2bc1]
[eu-ms-017-12:27143] [ 6] /cluster/spack/apps/linux-centos7-x86_64/gcc-4.8.5/gcc-9.3.0-mjmsvu3362usxjr7tas4ywkd2e4ko5x3/lib64/libstdc++.so.6(+0xa4e14)[0x2ba36cfc2e14]
[ 5] /cluster/spack/apps/linux-centos7-x86_64/gcc-4.8.5/gcc-9.3.0-mjmsvu3362usxjr7tas4ywkd2e4ko5x3/lib64/libstdc++.so.6(+0xa4bc1)[0x2af144891bc1]
[eu-ms-017-36:08046] [ 6] code/build_output/main[0x40db3f]
[eu-ms-022-39:29236] *** End of error message ***
[eu-ms-017-12:27143] [ 7] code/build_output/main[0x40ba49]
[eu-ms-017-12:27143] [ 8] code/build_output/main[0x41a198]
[eu-ms-017-12:27143] [ 9] code/build_output/main[0x40c3d9]
[eu-ms-017-12:27143] [10] /cluster/spack/apps/linux-centos7-x86_64/gcc-4.8.5/gcc-9.3.0-mjmsvu3362usxjr7tas4ywkd2e4ko5x3/lib64/libstdc++.so.6(+0xa4e14)[0x2af144891e14]
[eu-ms-017-36:08046] [ 7] /usr/lib64/libc.so.6(__libc_start_main+0xf5)[0x2ba36da50555]
[eu-ms-017-12:27143] [11] code/build_output/main[0x40db3f]
[eu-ms-017-12:27143] *** End of error message ***
code/build_output/main[0x40ba49]
[eu-ms-017-36:08046] [ 8] code/build_output/main[0x41a198]
[eu-ms-017-36:08046] [ 9] code/build_output/main[0x40c3d9]
[eu-ms-017-36:08046] [10] /usr/lib64/libc.so.6(__libc_start_main+0xf5)[0x2af14531f555]
[eu-ms-017-36:08046] [11] code/build_output/main[0x40db3f]
[eu-ms-017-36:08046] *** End of error message ***
terminate called after throwing an instance of 'std::runtime_error'
  what():  Starting Rabenseifner-Gather with non-power-of-2 processes, numprocs=48
[eu-ms-017-43:05508] *** Process received signal ***
[eu-ms-017-43:05508] Signal: Aborted (6)
[eu-ms-017-43:05508] Signal code:  (-6)
terminate called after throwing an instance of 'std::runtime_error'
terminate called after throwing an instance of 'std::runtime_error'
[eu-ms-017-43:05508] [ 0]   what():  Starting Rabenseifner-Gather with non-power-of-2 processes, numprocs=48
[eu-ms-017-33:22386] *** Process received signal ***
[eu-ms-017-33:22386] Signal: Aborted (6)
[eu-ms-017-33:22386] Signal code:  (-6)
  what():  Starting Rabenseifner-Gather with non-power-of-2 processes, numprocs=48
[eu-ms-022-11:12232] *** Process received signal ***
[eu-ms-022-11:12232] Signal: Aborted (6)
[eu-ms-022-11:12232] Signal code:  (-6)
/usr/lib64/libpthread.so.0(+0xf630)[0x2af9ebb0a630]
[eu-ms-017-43:05508] [ 1] /usr/lib64/libc.so.6(gsignal+0x37)[0x2af9ebd4d387]
[eu-ms-017-33:22386] [ 0] [eu-ms-022-11:12232] [ 0] [eu-ms-017-43:05508] [ 2] /usr/lib64/libc.so.6(abort+0x148)[0x2af9ebd4ea78]
/usr/lib64/libpthread.so.0(+0xf630)[0x2b1982f3a630]
[eu-ms-017-33:22386] [ 1] /usr/lib64/libpthread.so.0(+0xf630)[0x2ba0384f4630]
[eu-ms-022-11:12232] [ 1] /usr/lib64/libc.so.6(gsignal+0x37)[0x2ba038737387]
[eu-ms-017-43:05508] [ 3] /cluster/spack/apps/linux-centos7-x86_64/gcc-4.8.5/gcc-9.3.0-mjmsvu3362usxjr7tas4ywkd2e4ko5x3/lib64/libstdc++.so.6(+0x99133)[0x2af9eb2a0133]
terminate called after throwing an instance of 'std::runtime_error'
terminate called after throwing an instance of 'std::runtime_error'
/usr/lib64/libc.so.6(gsignal+0x37)[0x2b198317d387]
[eu-ms-017-33:22386] [ 2] /usr/lib64/libc.so.6(abort+0x148)[0x2b198317ea78]
[eu-ms-017-33:22386] [ 3] terminate called after throwing an instance of 'std::runtime_error'
[eu-ms-022-11:12232] [ 2] [eu-ms-017-43:05508] [ 4] /cluster/spack/apps/linux-centos7-x86_64/gcc-4.8.5/gcc-9.3.0-mjmsvu3362usxjr7tas4ywkd2e4ko5x3/lib64/libstdc++.so.6(+0xa4b56)[0x2af9eb2abb56]
[eu-ms-017-43:05508]   what():  Starting Rabenseifner-Gather with non-power-of-2 processes, numprocs=48
[eu-ms-017-06:13348] *** Process received signal ***
[eu-ms-017-06:13348] Signal: Aborted (6)
[eu-ms-017-06:13348] Signal code:  (-6)
  what():  Starting Rabenseifner-Gather with non-power-of-2 processes, numprocs=48
[eu-ms-017-26:14572] *** Process received signal ***
[eu-ms-017-26:14572] Signal: Aborted (6)
[eu-ms-017-26:14572] Signal code:  (-6)
terminate called after throwing an instance of 'std::runtime_error'
terminate called after throwing an instance of 'std::runtime_error'
/cluster/spack/apps/linux-centos7-x86_64/gcc-4.8.5/gcc-9.3.0-mjmsvu3362usxjr7tas4ywkd2e4ko5x3/lib64/libstdc++.so.6(+0x99133)[0x2b19826d0133]
[eu-ms-017-33:22386] [ 4]   what():  Starting Rabenseifner-Gather with non-power-of-2 processes, numprocs=48
[eu-ms-017-27:07232] *** Process received signal ***
[eu-ms-017-27:07232] Signal: Aborted (6)
[eu-ms-017-27:07232] Signal code:  (-6)
/usr/lib64/libc.so.6(abort+0x148)[0x2ba038738a78]
[eu-ms-022-11:12232] [ 3] [ 5] /cluster/spack/apps/linux-centos7-x86_64/gcc-4.8.5/gcc-9.3.0-mjmsvu3362usxjr7tas4ywkd2e4ko5x3/lib64/libstdc++.so.6(+0xa4bc1)[0x2af9eb2abbc1]
[eu-ms-017-43:05508] [ 6] terminate called after throwing an instance of 'std::runtime_error'
[eu-ms-017-06:13348] [ 0] [eu-ms-017-26:14572] [ 0]   what():  Starting Rabenseifner-Gather with non-power-of-2 processes, numprocs=48
[eu-ms-017-42:14623] *** Process received signal ***
[eu-ms-017-42:14623] Signal: Aborted (6)
[eu-ms-017-42:14623] Signal code:  (-6)
  what():  Starting Rabenseifner-Gather with non-power-of-2 processes, numprocs=48
[eu-ms-017-14:13734] *** Process received signal ***
[eu-ms-017-14:13734] Signal: Aborted (6)
[eu-ms-017-14:13734] Signal code:  (-6)
/cluster/spack/apps/linux-centos7-x86_64/gcc-4.8.5/gcc-9.3.0-mjmsvu3362usxjr7tas4ywkd2e4ko5x3/lib64/libstdc++.so.6(+0xa4b56)[0x2b19826dbb56]
[eu-ms-017-33:22386] [ 5] [eu-ms-017-27:07232] [ 0] /cluster/spack/apps/linux-centos7-x86_64/gcc-4.8.5/gcc-9.3.0-mjmsvu3362usxjr7tas4ywkd2e4ko5x3/lib64/libstdc++.so.6(+0x99133)[0x2ba037c8a133]
[eu-ms-022-11:12232] [ 4] /cluster/spack/apps/linux-centos7-x86_64/gcc-4.8.5/gcc-9.3.0-mjmsvu3362usxjr7tas4ywkd2e4ko5x3/lib64/libstdc++.so.6(+0xa4e14)[0x2af9eb2abe14]
[eu-ms-017-43:05508] [ 7]   what():  Starting Rabenseifner-Gather with non-power-of-2 processes, numprocs=48
[eu-ms-022-29:07414] *** Process received signal ***
[eu-ms-022-29:07414] Signal: Aborted (6)
[eu-ms-022-29:07414] Signal code:  (-6)
/usr/lib64/libpthread.so.0(+0xf630)[0x2b76f05f9630]
[eu-ms-017-06:13348] [ 1] /usr/lib64/libpthread.so.0(+0xf630)[0x2b023076a630]
[eu-ms-017-26:14572] [ 1] [eu-ms-017-42:14623] [ 0] [eu-ms-017-14:13734] [ 0] /cluster/spack/apps/linux-centos7-x86_64/gcc-4.8.5/gcc-9.3.0-mjmsvu3362usxjr7tas4ywkd2e4ko5x3/lib64/libstdc++.so.6(+0xa4bc1)[0x2b19826dbbc1]
[eu-ms-017-33:22386] [ 6] /cluster/spack/apps/linux-centos7-x86_64/gcc-4.8.5/gcc-9.3.0-mjmsvu3362usxjr7tas4ywkd2e4ko5x3/lib64/libstdc++.so.6(+0xa4e14)[0x2b19826dbe14]
[eu-ms-017-33:22386] [ 7] code/build_output/main[0x40ba49]
/usr/lib64/libpthread.so.0(+0xf630)[0x2b9767530630]
[eu-ms-017-27:07232] [ 1] /cluster/spack/apps/linux-centos7-x86_64/gcc-4.8.5/gcc-9.3.0-mjmsvu3362usxjr7tas4ywkd2e4ko5x3/lib64/libstdc++.so.6(+0xa4b56)[0x2ba037c95b56]
[eu-ms-022-11:12232] [ 5] code/build_output/main[0x40ba49]
[eu-ms-017-43:05508] [ 8] code/build_output/main[0x41a198]
[eu-ms-017-43:05508] [ 9] code/build_output/main[0x40c3d9]
[eu-ms-017-43:05508] [10] [eu-ms-022-29:07414] [ 0] /usr/lib64/libc.so.6(gsignal+0x37)[0x2b76f083c387]
[eu-ms-017-06:13348] [ 2] /usr/lib64/libc.so.6(abort+0x148)[0x2b76f083da78]
[eu-ms-017-06:13348] /usr/lib64/libc.so.6(gsignal+0x37)[0x2b02309ad387]
[eu-ms-017-26:14572] [ 2] terminate called after throwing an instance of 'std::runtime_error'
terminate called after throwing an instance of 'std::runtime_error'
/usr/lib64/libpthread.so.0(+0xf630)[0x2b105fd20630]
[eu-ms-017-42:14623] [ 1] /usr/lib64/libpthread.so.0(+0xf630)[0x2b8632f24630]
[eu-ms-017-14:13734] [ 1] terminate called after throwing an instance of 'std::runtime_error'
[eu-ms-017-33:22386] [ 8] code/build_output/main[0x41a198]
[eu-ms-017-33:22386] [ 9] code/build_output/main[0x40c3d9]
[eu-ms-017-33:22386] [10] /usr/lib64/libc.so.6(gsignal+0x37)[0x2b9767773387]
[eu-ms-017-27:07232] [ 2] /usr/lib64/libc.so.6(abort+0x148)[0x2b9767774a78]
[eu-ms-017-27:07232] [ 3] /cluster/spack/apps/linux-centos7-x86_64/gcc-4.8.5/gcc-9.3.0-mjmsvu3362usxjr7tas4ywkd2e4ko5x3/lib64/libstdc++.so.6(+0xa4bc1)[0x2ba037c95bc1]
[eu-ms-022-11:12232] [ 6] /cluster/spack/apps/linux-centos7-x86_64/gcc-4.8.5/gcc-9.3.0-mjmsvu3362usxjr7tas4ywkd2e4ko5x3/lib64/libstdc++.so.6(+0xa4e14)[0x2ba037c95e14]
[eu-ms-022-11:12232] /usr/lib64/libc.so.6(__libc_start_main+0xf5)[0x2af9ebd39555]
[eu-ms-017-43:05508] [11] code/build_output/main[0x40db3f]
[eu-ms-017-43:05508] *** End of error message ***
/usr/lib64/libpthread.so.0(+0xf630)[0x2b28323fa630]
[eu-ms-022-29:07414] [ 1] /usr/lib64/libc.so.6(gsignal+0x37)[0x2b283263d387]
[eu-ms-022-29:07414] [ 2] [ 3] /cluster/spack/apps/linux-centos7-x86_64/gcc-4.8.5/gcc-9.3.0-mjmsvu3362usxjr7tas4ywkd2e4ko5x3/lib64/libstdc++.so.6(+0x99133)[0x2b76efd8f133]
[eu-ms-017-06:13348] [ 4] /usr/lib64/libc.so.6(abort+0x148)[0x2b02309aea78]
[eu-ms-017-26:14572] [ 3] /cluster/spack/apps/linux-centos7-x86_64/gcc-4.8.5/gcc-9.3.0-mjmsvu3362usxjr7tas4ywkd2e4ko5x3/lib64/libstdc++.so.6(+0x99133)[0x2b022ff00133]
[eu-ms-017-26:14572] [ 4]   what():  Starting Rabenseifner-Gather with non-power-of-2 processes, numprocs=48
[eu-ms-017-07:00386] *** Process received signal ***
[eu-ms-017-07:00386] Signal: Aborted (6)
[eu-ms-017-07:00386] Signal code:  (-6)
  what():  Starting Rabenseifner-Gather with non-power-of-2 processes, numprocs=48
[eu-ms-017-45:20144] *** Process received signal ***
[eu-ms-017-45:20144] Signal: Aborted (6)
[eu-ms-017-45:20144] Signal code:  (-6)
/usr/lib64/libc.so.6(gsignal+0x37)[0x2b105ff63387]
[eu-ms-017-42:14623] [ 2] /usr/lib64/libc.so.6(abort+0x148)[0x2b105ff64a78]
[eu-ms-017-42:14623] [ 3] /usr/lib64/libc.so.6(gsignal+0x37)[0x2b8633167387]
[eu-ms-017-14:13734] [ 2] /usr/lib64/libc.so.6(abort+0x148)[0x2b8633168a78]
[eu-ms-017-14:13734] [ 3]   what():  Starting Rabenseifner-Gather with non-power-of-2 processes, numprocs=48
[eu-ms-017-20:13348] *** Process received signal ***
[eu-ms-017-20:13348] Signal: Aborted (6)
[eu-ms-017-20:13348] Signal code:  (-6)
/usr/lib64/libc.so.6(__libc_start_main+0xf5)[0x2b1983169555]
[eu-ms-017-33:22386] [11] code/build_output/main[0x40db3f]
[eu-ms-017-33:22386] *** End of error message ***
/cluster/spack/apps/linux-centos7-x86_64/gcc-4.8.5/gcc-9.3.0-mjmsvu3362usxjr7tas4ywkd2e4ko5x3/lib64/libstdc++.so.6(+0x99133)[0x2b9766cc6133]
[eu-ms-017-27:07232] [ 4] [ 7] code/build_output/main[0x40ba49]
[eu-ms-022-11:12232] [ 8] code/build_output/main[0x41a198]
[eu-ms-022-11:12232] [ 9] code/build_output/main[0x40c3d9]
/usr/lib64/libc.so.6(abort+0x148)[0x2b283263ea78]
[eu-ms-022-29:07414] [ 3] /cluster/spack/apps/linux-centos7-x86_64/gcc-4.8.5/gcc-9.3.0-mjmsvu3362usxjr7tas4ywkd2e4ko5x3/lib64/libstdc++.so.6(+0xa4b56)[0x2b76efd9ab56]
[eu-ms-017-06:13348] [ 5] /cluster/spack/apps/linux-centos7-x86_64/gcc-4.8.5/gcc-9.3.0-mjmsvu3362usxjr7tas4ywkd2e4ko5x3/lib64/libstdc++.so.6(+0xa4b56)[0x2b022ff0bb56]
[eu-ms-017-26:14572] [ 5] [eu-ms-017-07:00386] [ 0] [eu-ms-017-45:20144] [ 0] /cluster/spack/apps/linux-centos7-x86_64/gcc-4.8.5/gcc-9.3.0-mjmsvu3362usxjr7tas4ywkd2e4ko5x3/lib64/libstdc++.so.6(+0x99133)[0x2b105f4b6133]
[eu-ms-017-42:14623] [ 4] /cluster/spack/apps/linux-centos7-x86_64/gcc-4.8.5/gcc-9.3.0-mjmsvu3362usxjr7tas4ywkd2e4ko5x3/lib64/libstdc++.so.6(+0x99133)[0x2b86326ba133]
[eu-ms-017-14:13734] [ 4] [eu-ms-017-20:13348] [ 0] /cluster/spack/apps/linux-centos7-x86_64/gcc-4.8.5/gcc-9.3.0-mjmsvu3362usxjr7tas4ywkd2e4ko5x3/lib64/libstdc++.so.6(+0xa4b56)[0x2b9766cd1b56]
[eu-ms-017-27:07232] [ 5] /cluster/spack/apps/linux-centos7-x86_64/gcc-4.8.5/gcc-9.3.0-mjmsvu3362usxjr7tas4ywkd2e4ko5x3/lib64/libstdc++.so.6(+0xa4bc1)[0x2b9766cd1bc1]
[eu-ms-022-11:12232] [10] /usr/lib64/libc.so.6(__libc_start_main+0xf5)[0x2ba038723555]
[eu-ms-022-11:12232] /cluster/spack/apps/linux-centos7-x86_64/gcc-4.8.5/gcc-9.3.0-mjmsvu3362usxjr7tas4ywkd2e4ko5x3/lib64/libstdc++.so.6(+0x99133)[0x2b2831b90133]
[eu-ms-022-29:07414] [ 4] /cluster/spack/apps/linux-centos7-x86_64/gcc-4.8.5/gcc-9.3.0-mjmsvu3362usxjr7tas4ywkd2e4ko5x3/lib64/libstdc++.so.6(+0xa4bc1)[0x2b76efd9abc1]
[eu-ms-017-06:13348] [ 6] /cluster/spack/apps/linux-centos7-x86_64/gcc-4.8.5/gcc-9.3.0-mjmsvu3362usxjr7tas4ywkd2e4ko5x3/lib64/libstdc++.so.6(+0xa4bc1)[0x2b022ff0bbc1]
[eu-ms-017-26:14572] [ 6] /usr/lib64/libpthread.so.0(+0xf630)[0x2ad209f18630]
[eu-ms-017-07:00386] [ 1] /usr/lib64/libpthread.so.0(+0xf630)[0x2b1dc97cc630]
[eu-ms-017-45:20144] [ 1] /usr/lib64/libc.so.6(gsignal+0x37)[0x2b1dc9a0f387]
/cluster/spack/apps/linux-centos7-x86_64/gcc-4.8.5/gcc-9.3.0-mjmsvu3362usxjr7tas4ywkd2e4ko5x3/lib64/libstdc++.so.6(+0xa4b56)[0x2b105f4c1b56]
[eu-ms-017-42:14623] [ 5] /cluster/spack/apps/linux-centos7-x86_64/gcc-4.8.5/gcc-9.3.0-mjmsvu3362usxjr7tas4ywkd2e4ko5x3/lib64/libstdc++.so.6(+0xa4b56)[0x2b86326c5b56]
[eu-ms-017-14:13734] [ 5] /usr/lib64/libpthread.so.0(+0xf630)[0x2ad808e97630]
[eu-ms-017-20:13348] [ 1] [eu-ms-017-27:07232] [ 6] /cluster/spack/apps/linux-centos7-x86_64/gcc-4.8.5/gcc-9.3.0-mjmsvu3362usxjr7tas4ywkd2e4ko5x3/lib64/libstdc++.so.6(+0xa4e14)[0x2b9766cd1e14]
[eu-ms-017-27:07232] [ 7] code/build_output/main[0x40ba49]
[eu-ms-017-27:07232] [11] code/build_output/main[0x40db3f]
[eu-ms-022-11:12232] *** End of error message ***
/cluster/spack/apps/linux-centos7-x86_64/gcc-4.8.5/gcc-9.3.0-mjmsvu3362usxjr7tas4ywkd2e4ko5x3/lib64/libstdc++.so.6(+0xa4b56)[0x2b2831b9bb56]
[eu-ms-022-29:07414] [ 5] /cluster/spack/apps/linux-centos7-x86_64/gcc-4.8.5/gcc-9.3.0-mjmsvu3362usxjr7tas4ywkd2e4ko5x3/lib64/libstdc++.so.6(+0xa4e14)[0x2b76efd9ae14]
[eu-ms-017-06:13348] [ 7] code/build_output/main[0x40ba49]
[eu-ms-017-06:13348] [ 8] code/build_output/main[0x41a198]
[eu-ms-017-06:13348] [ 9] /cluster/spack/apps/linux-centos7-x86_64/gcc-4.8.5/gcc-9.3.0-mjmsvu3362usxjr7tas4ywkd2e4ko5x3/lib64/libstdc++.so.6(+0xa4e14)[0x2b022ff0be14]
[eu-ms-017-26:14572] [ 7] code/build_output/main[0x40ba49]
[eu-ms-017-26:14572] [ 8] code/build_output/main[0x41a198]
[eu-ms-017-26:14572] [ 9] /usr/lib64/libc.so.6(gsignal+0x37)[0x2ad20a15b387]
[eu-ms-017-07:00386] [ 2] /usr/lib64/libc.so.6(abort+0x148)[0x2ad20a15ca78]
[eu-ms-017-07:00386] [ 3] [eu-ms-017-45:20144] [ 2] /usr/lib64/libc.so.6(abort+0x148)[0x2b1dc9a10a78]
[eu-ms-017-45:20144] /cluster/spack/apps/linux-centos7-x86_64/gcc-4.8.5/gcc-9.3.0-mjmsvu3362usxjr7tas4ywkd2e4ko5x3/lib64/libstdc++.so.6(+0xa4bc1)[0x2b105f4c1bc1]
[eu-ms-017-42:14623] [ 6] /cluster/spack/apps/linux-centos7-x86_64/gcc-4.8.5/gcc-9.3.0-mjmsvu3362usxjr7tas4ywkd2e4ko5x3/lib64/libstdc++.so.6(+0xa4bc1)[0x2b86326c5bc1]
[eu-ms-017-14:13734] [ 6] /cluster/spack/apps/linux-centos7-x86_64/gcc-4.8.5/gcc-9.3.0-mjmsvu3362usxjr7tas4ywkd2e4ko5x3/lib64/libstdc++.so.6(+0xa4e14)[0x2b86326c5e14]
[eu-ms-017-14:13734] [ 7] /usr/lib64/libc.so.6(gsignal+0x37)[0x2ad8090da387]
[eu-ms-017-20:13348] [ 2] /usr/lib64/libc.so.6(abort+0x148)[0x2ad8090dba78]
[eu-ms-017-20:13348] [ 3] [ 8] code/build_output/main[0x41a198]
[eu-ms-017-27:07232] [ 9] code/build_output/main[0x40c3d9]
[eu-ms-017-27:07232] [10] /cluster/spack/apps/linux-centos7-x86_64/gcc-4.8.5/gcc-9.3.0-mjmsvu3362usxjr7tas4ywkd2e4ko5x3/lib64/libstdc++.so.6(+0xa4bc1)[0x2b2831b9bbc1]
[eu-ms-022-29:07414] [ 6] /cluster/spack/apps/linux-centos7-x86_64/gcc-4.8.5/gcc-9.3.0-mjmsvu3362usxjr7tas4ywkd2e4ko5x3/lib64/libstdc++.so.6(+0xa4e14)[0x2b2831b9be14]
[eu-ms-022-29:07414] [ 7] code/build_output/main[0x40c3d9]
[eu-ms-017-06:13348] [10] /usr/lib64/libc.so.6(__libc_start_main+0xf5)[0x2b76f0828555]
[eu-ms-017-06:13348] code/build_output/main[0x40c3d9]
[eu-ms-017-26:14572] [10] /usr/lib64/libc.so.6(__libc_start_main+0xf5)[0x2b0230999555]
[eu-ms-017-26:14572] [11] /cluster/spack/apps/linux-centos7-x86_64/gcc-4.8.5/gcc-9.3.0-mjmsvu3362usxjr7tas4ywkd2e4ko5x3/lib64/libstdc++.so.6(+0x99133)[0x2ad2096ae133]
[eu-ms-017-07:00386] [ 4] [ 3] /cluster/spack/apps/linux-centos7-x86_64/gcc-4.8.5/gcc-9.3.0-mjmsvu3362usxjr7tas4ywkd2e4ko5x3/lib64/libstdc++.so.6(+0x99133)[0x2b1dc8f62133]
[eu-ms-017-45:20144] [ 4] /cluster/spack/apps/linux-centos7-x86_64/gcc-4.8.5/gcc-9.3.0-mjmsvu3362usxjr7tas4ywkd2e4ko5x3/lib64/libstdc++.so.6(+0xa4e14)[0x2b105f4c1e14]
[eu-ms-017-42:14623] [ 7] code/build_output/main[0x40ba49]
[eu-ms-017-42:14623] [ 8] code/build_output/main[0x41a198]
[eu-ms-017-42:14623] [ 9] code/build_output/main[0x40c3d9]
[eu-ms-017-42:14623] [10] code/build_output/main[0x40ba49]
[eu-ms-017-14:13734] [ 8] code/build_output/main[0x41a198]
[eu-ms-017-14:13734] [ 9] code/build_output/main[0x40c3d9]
[eu-ms-017-14:13734] [10] /cluster/spack/apps/linux-centos7-x86_64/gcc-4.8.5/gcc-9.3.0-mjmsvu3362usxjr7tas4ywkd2e4ko5x3/lib64/libstdc++.so.6(+0x99133)[0x2ad80862d133]
[eu-ms-017-20:13348] [ 4] /usr/lib64/libc.so.6(__libc_start_main+0xf5)[0x2b976775f555]
[eu-ms-017-27:07232] [11] code/build_output/main[0x40db3f]
[eu-ms-017-27:07232] *** End of error message ***
code/build_output/main[0x40ba49]
[eu-ms-022-29:07414] [ 8] code/build_output/main[0x41a198]
[eu-ms-022-29:07414] [ 9] code/build_output/main[0x40c3d9]
[eu-ms-022-29:07414] [10] [11] code/build_output/main[0x40db3f]
[eu-ms-017-06:13348] *** End of error message ***
code/build_output/main[0x40db3f]
[eu-ms-017-26:14572] *** End of error message ***
/cluster/spack/apps/linux-centos7-x86_64/gcc-4.8.5/gcc-9.3.0-mjmsvu3362usxjr7tas4ywkd2e4ko5x3/lib64/libstdc++.so.6(+0xa4b56)[0x2ad2096b9b56]
[eu-ms-017-07:00386] [ 5] /cluster/spack/apps/linux-centos7-x86_64/gcc-4.8.5/gcc-9.3.0-mjmsvu3362usxjr7tas4ywkd2e4ko5x3/lib64/libstdc++.so.6(+0xa4b56)[0x2b1dc8f6db56]
[eu-ms-017-45:20144] [ 5] /usr/lib64/libc.so.6(__libc_start_main+0xf5)[0x2b105ff4f555]
[eu-ms-017-42:14623] [11] code/build_output/main[0x40db3f]
[eu-ms-017-42:14623] *** End of error message ***
/usr/lib64/libc.so.6(__libc_start_main+0xf5)[0x2b8633153555]
[eu-ms-017-14:13734] [11] code/build_output/main[0x40db3f]
[eu-ms-017-14:13734] *** End of error message ***
/cluster/spack/apps/linux-centos7-x86_64/gcc-4.8.5/gcc-9.3.0-mjmsvu3362usxjr7tas4ywkd2e4ko5x3/lib64/libstdc++.so.6(+0xa4b56)[0x2ad808638b56]
[eu-ms-017-20:13348] [ 5] /usr/lib64/libc.so.6(__libc_start_main+0xf5)[0x2b2832629555]
[eu-ms-022-29:07414] [11] code/build_output/main[0x40db3f]
[eu-ms-022-29:07414] *** End of error message ***
/cluster/spack/apps/linux-centos7-x86_64/gcc-4.8.5/gcc-9.3.0-mjmsvu3362usxjr7tas4ywkd2e4ko5x3/lib64/libstdc++.so.6(+0xa4bc1)[0x2ad2096b9bc1]
[eu-ms-017-07:00386] [ 6] /cluster/spack/apps/linux-centos7-x86_64/gcc-4.8.5/gcc-9.3.0-mjmsvu3362usxjr7tas4ywkd2e4ko5x3/lib64/libstdc++.so.6(+0xa4bc1)[0x2b1dc8f6dbc1]
[eu-ms-017-45:20144] [ 6] /cluster/spack/apps/linux-centos7-x86_64/gcc-4.8.5/gcc-9.3.0-mjmsvu3362usxjr7tas4ywkd2e4ko5x3/lib64/libstdc++.so.6(+0xa4bc1)[0x2ad808638bc1]
[eu-ms-017-20:13348] [ 6] /cluster/spack/apps/linux-centos7-x86_64/gcc-4.8.5/gcc-9.3.0-mjmsvu3362usxjr7tas4ywkd2e4ko5x3/lib64/libstdc++.so.6(+0xa4e14)[0x2ad2096b9e14]
[eu-ms-017-07:00386] [ 7] code/build_output/main[0x40ba49]
[eu-ms-017-07:00386] [ 8] code/build_output/main[0x41a198]
[eu-ms-017-07:00386] [ 9] code/build_output/main[0x40c3d9]
[eu-ms-017-07:00386] /cluster/spack/apps/linux-centos7-x86_64/gcc-4.8.5/gcc-9.3.0-mjmsvu3362usxjr7tas4ywkd2e4ko5x3/lib64/libstdc++.so.6(+0xa4e14)[0x2b1dc8f6de14]
[eu-ms-017-45:20144] [ 7] code/build_output/main[0x40ba49]
[eu-ms-017-45:20144] [ 8] code/build_output/main[0x41a198]
[eu-ms-017-45:20144] [ 9] /cluster/spack/apps/linux-centos7-x86_64/gcc-4.8.5/gcc-9.3.0-mjmsvu3362usxjr7tas4ywkd2e4ko5x3/lib64/libstdc++.so.6(+0xa4e14)[0x2ad808638e14]
[eu-ms-017-20:13348] [ 7] code/build_output/main[0x40ba49]
[eu-ms-017-20:13348] [ 8] code/build_output/main[0x41a198]
[eu-ms-017-20:13348] [ 9] code/build_output/main[0x40c3d9]
[eu-ms-017-20:13348] [10] /usr/lib64/libc.so.6(__libc_start_main+0xf5)[0x2ad20a147555]
[eu-ms-017-07:00386] [11] code/build_output/main[0x40c3d9]
[eu-ms-017-45:20144] [10] /usr/lib64/libc.so.6(__libc_start_main+0xf5)[0x2b1dc99fb555]
[eu-ms-017-45:20144] [11] [10] /usr/lib64/libc.so.6(__libc_start_main+0xf5)[0x2ad8090c6555]
[eu-ms-017-20:13348] [11] terminate called after throwing an instance of 'std::runtime_error'
terminate called after throwing an instance of 'std::runtime_error'
terminate called after throwing an instance of 'std::runtime_error'
terminate called after throwing an instance of 'std::runtime_error'
code/build_output/main[0x40db3f]
[eu-ms-017-07:00386] *** End of error message ***
code/build_output/main[0x40db3f]
[eu-ms-017-45:20144] *** End of error message ***
code/build_output/main[0x40db3f]
[eu-ms-017-20:13348] *** End of error message ***
terminate called after throwing an instance of 'std::runtime_error'
terminate called after throwing an instance of 'std::runtime_error'
  what():  Starting Rabenseifner-Gather with non-power-of-2 processes, numprocs=48
[eu-ms-017-29:13158] *** Process received signal ***
[eu-ms-017-29:13158] Signal: Aborted (6)
[eu-ms-017-29:13158] Signal code:  (-6)
  what():  Starting Rabenseifner-Gather with non-power-of-2 processes, numprocs=48
[eu-ms-022-43:24447] *** Process received signal ***
[eu-ms-022-43:24447] Signal: Aborted (6)
[eu-ms-022-43:24447] Signal code:  (-6)
  what():  Starting Rabenseifner-Gather with non-power-of-2 processes, numprocs=48
[eu-ms-017-18:15188] *** Process received signal ***
[eu-ms-017-18:15188] Signal: Aborted (6)
[eu-ms-017-18:15188] Signal code:  (-6)
  what():  Starting Rabenseifner-Gather with non-power-of-2 processes, numprocs=48
[eu-ms-022-26:25950] *** Process received signal ***
[eu-ms-022-26:25950] Signal: Aborted (6)
[eu-ms-022-26:25950] Signal code:  (-6)
  what():  Starting Rabenseifner-Gather with non-power-of-2 processes, numprocs=48
[eu-ms-017-03:00659] *** Process received signal ***
[eu-ms-017-03:00659] Signal: Aborted (6)
[eu-ms-017-03:00659] Signal code:  (-6)
  what():  Starting Rabenseifner-Gather with non-power-of-2 processes, numprocs=48
[eu-ms-017-04:24655] *** Process received signal ***
[eu-ms-017-04:24655] Signal: Aborted (6)
[eu-ms-017-04:24655] Signal code:  (-6)
[eu-ms-017-29:13158] [ 0] [eu-ms-022-43:24447] [ 0] [eu-ms-017-18:15188] [ 0] [eu-ms-022-26:25950] [ 0] [eu-ms-017-03:00659] [ 0] [eu-ms-017-04:24655] [ 0] /usr/lib64/libpthread.so.0(+0xf630)[0x2b75757bd630]
[eu-ms-017-29:13158] [ 1] /usr/lib64/libc.so.6(gsignal+0x37)[0x2b7575a00387]
[eu-ms-017-29:13158] /usr/lib64/libpthread.so.0(+0xf630)[0x2ad2f844e630]
[eu-ms-022-43:24447] [ 1] /usr/lib64/libc.so.6(gsignal+0x37)[0x2ad2f8691387]
/usr/lib64/libpthread.so.0(+0xf630)[0x2ac62b672630]
[eu-ms-017-18:15188] [ 1] /usr/lib64/libc.so.6(gsignal+0x37)[0x2ac62b8b5387]
/usr/lib64/libpthread.so.0(+0xf630)[0x2abd5186b630]
[eu-ms-022-26:25950] [ 1] /usr/lib64/libpthread.so.0(+0xf630)[0x2b487bf7f630]
[eu-ms-017-03:00659] [ 1] /usr/lib64/libpthread.so.0(+0xf630)[0x2abc5942a630]
[eu-ms-017-04:24655] [ 1] [ 2] /usr/lib64/libc.so.6(abort+0x148)[0x2b7575a01a78]
[eu-ms-017-29:13158] [eu-ms-022-43:24447] [ 2] [eu-ms-017-18:15188] [ 2] /usr/lib64/libc.so.6(abort+0x148)[0x2ac62b8b6a78]
[eu-ms-017-18:15188] [ 3] /usr/lib64/libc.so.6(gsignal+0x37)[0x2abd51aae387]
[eu-ms-022-26:25950] [ 2] /usr/lib64/libc.so.6(abort+0x148)[0x2abd51aafa78]
[eu-ms-022-26:25950] [ 3] /usr/lib64/libc.so.6(gsignal+0x37)[0x2b487c1c2387]
[eu-ms-017-03:00659] [ 2] /usr/lib64/libc.so.6(abort+0x148)[0x2b487c1c3a78]
/usr/lib64/libc.so.6(gsignal+0x37)[0x2abc5966d387]
[eu-ms-017-04:24655] [ 2] /usr/lib64/libc.so.6(abort+0x148)[0x2abc5966ea78]
[eu-ms-017-04:24655] [ 3] [ 3] /cluster/spack/apps/linux-centos7-x86_64/gcc-4.8.5/gcc-9.3.0-mjmsvu3362usxjr7tas4ywkd2e4ko5x3/lib64/libstdc++.so.6(+0x99133)[0x2b7574f53133]
[eu-ms-017-29:13158] [ 4] /usr/lib64/libc.so.6(abort+0x148)[0x2ad2f8692a78]
[eu-ms-022-43:24447] [ 3] /cluster/spack/apps/linux-centos7-x86_64/gcc-4.8.5/gcc-9.3.0-mjmsvu3362usxjr7tas4ywkd2e4ko5x3/lib64/libstdc++.so.6(+0x99133)[0x2ac62ae08133]
[eu-ms-017-18:15188] [ 4] /cluster/spack/apps/linux-centos7-x86_64/gcc-4.8.5/gcc-9.3.0-mjmsvu3362usxjr7tas4ywkd2e4ko5x3/lib64/libstdc++.so.6(+0x99133)[0x2abd51001133]
[eu-ms-022-26:25950] [ 4] [eu-ms-017-03:00659] [ 3] /cluster/spack/apps/linux-centos7-x86_64/gcc-4.8.5/gcc-9.3.0-mjmsvu3362usxjr7tas4ywkd2e4ko5x3/lib64/libstdc++.so.6(+0x99133)[0x2b487b715133]
[eu-ms-017-03:00659] [ 4] /cluster/spack/apps/linux-centos7-x86_64/gcc-4.8.5/gcc-9.3.0-mjmsvu3362usxjr7tas4ywkd2e4ko5x3/lib64/libstdc++.so.6(+0x99133)[0x2abc58bc0133]
[eu-ms-017-04:24655] [ 4] /cluster/spack/apps/linux-centos7-x86_64/gcc-4.8.5/gcc-9.3.0-mjmsvu3362usxjr7tas4ywkd2e4ko5x3/lib64/libstdc++.so.6(+0xa4b56)[0x2b7574f5eb56]
[eu-ms-017-29:13158] [ 5] /cluster/spack/apps/linux-centos7-x86_64/gcc-4.8.5/gcc-9.3.0-mjmsvu3362usxjr7tas4ywkd2e4ko5x3/lib64/libstdc++.so.6(+0x99133)[0x2ad2f7be4133]
[eu-ms-022-43:24447] [ 4] /cluster/spack/apps/linux-centos7-x86_64/gcc-4.8.5/gcc-9.3.0-mjmsvu3362usxjr7tas4ywkd2e4ko5x3/lib64/libstdc++.so.6(+0xa4b56)[0x2ac62ae13b56]
[eu-ms-017-18:15188] [ 5] /cluster/spack/apps/linux-centos7-x86_64/gcc-4.8.5/gcc-9.3.0-mjmsvu3362usxjr7tas4ywkd2e4ko5x3/lib64/libstdc++.so.6(+0xa4b56)[0x2abd5100cb56]
[eu-ms-022-26:25950] [ 5] /cluster/spack/apps/linux-centos7-x86_64/gcc-4.8.5/gcc-9.3.0-mjmsvu3362usxjr7tas4ywkd2e4ko5x3/lib64/libstdc++.so.6(+0xa4b56)[0x2b487b720b56]
[eu-ms-017-03:00659] [ 5] /cluster/spack/apps/linux-centos7-x86_64/gcc-4.8.5/gcc-9.3.0-mjmsvu3362usxjr7tas4ywkd2e4ko5x3/lib64/libstdc++.so.6(+0xa4b56)[0x2abc58bcbb56]
[eu-ms-017-04:24655] [ 5] /cluster/spack/apps/linux-centos7-x86_64/gcc-4.8.5/gcc-9.3.0-mjmsvu3362usxjr7tas4ywkd2e4ko5x3/lib64/libstdc++.so.6(+0xa4bc1)[0x2abc58bcbbc1]
/cluster/spack/apps/linux-centos7-x86_64/gcc-4.8.5/gcc-9.3.0-mjmsvu3362usxjr7tas4ywkd2e4ko5x3/lib64/libstdc++.so.6(+0xa4bc1)[0x2b7574f5ebc1]
[eu-ms-017-29:13158] [ 6] /cluster/spack/apps/linux-centos7-x86_64/gcc-4.8.5/gcc-9.3.0-mjmsvu3362usxjr7tas4ywkd2e4ko5x3/lib64/libstdc++.so.6(+0xa4b56)[0x2ad2f7befb56]
[eu-ms-022-43:24447] [ 5] /cluster/spack/apps/linux-centos7-x86_64/gcc-4.8.5/gcc-9.3.0-mjmsvu3362usxjr7tas4ywkd2e4ko5x3/lib64/libstdc++.so.6(+0xa4bc1)[0x2ac62ae13bc1]
[eu-ms-017-18:15188] [ 6] /cluster/spack/apps/linux-centos7-x86_64/gcc-4.8.5/gcc-9.3.0-mjmsvu3362usxjr7tas4ywkd2e4ko5x3/lib64/libstdc++.so.6(+0xa4e14)[0x2ac62ae13e14]
[eu-ms-017-18:15188] /cluster/spack/apps/linux-centos7-x86_64/gcc-4.8.5/gcc-9.3.0-mjmsvu3362usxjr7tas4ywkd2e4ko5x3/lib64/libstdc++.so.6(+0xa4bc1)[0x2abd5100cbc1]
[eu-ms-022-26:25950] [ 6] /cluster/spack/apps/linux-centos7-x86_64/gcc-4.8.5/gcc-9.3.0-mjmsvu3362usxjr7tas4ywkd2e4ko5x3/lib64/libstdc++.so.6(+0xa4bc1)[0x2b487b720bc1]
[eu-ms-017-03:00659] [ 6] [eu-ms-017-04:24655] [ 6] /cluster/spack/apps/linux-centos7-x86_64/gcc-4.8.5/gcc-9.3.0-mjmsvu3362usxjr7tas4ywkd2e4ko5x3/lib64/libstdc++.so.6(+0xa4e14)[0x2abc58bcbe14]
[eu-ms-017-04:24655] [ 7] code/build_output/main[0x40ba49]
[eu-ms-017-04:24655] /cluster/spack/apps/linux-centos7-x86_64/gcc-4.8.5/gcc-9.3.0-mjmsvu3362usxjr7tas4ywkd2e4ko5x3/lib64/libstdc++.so.6(+0xa4e14)[0x2b7574f5ee14]
[eu-ms-017-29:13158] [ 7] code/build_output/main[0x40ba49]
[eu-ms-017-29:13158] [ 8] /cluster/spack/apps/linux-centos7-x86_64/gcc-4.8.5/gcc-9.3.0-mjmsvu3362usxjr7tas4ywkd2e4ko5x3/lib64/libstdc++.so.6(+0xa4bc1)[0x2ad2f7befbc1]
[eu-ms-022-43:24447] [ 6] /cluster/spack/apps/linux-centos7-x86_64/gcc-4.8.5/gcc-9.3.0-mjmsvu3362usxjr7tas4ywkd2e4ko5x3/lib64/libstdc++.so.6(+0xa4e14)[0x2ad2f7befe14]
[eu-ms-022-43:24447] [ 7] code/build_output/main[0x40ba49]
[eu-ms-017-18:15188] [ 8] code/build_output/main[0x41a198]
[eu-ms-017-18:15188] [ 9] code/build_output/main[0x40c3d9]
[eu-ms-017-18:15188] [10] /cluster/spack/apps/linux-centos7-x86_64/gcc-4.8.5/gcc-9.3.0-mjmsvu3362usxjr7tas4ywkd2e4ko5x3/lib64/libstdc++.so.6(+0xa4e14)[0x2abd5100ce14]
[eu-ms-022-26:25950] [ 7] code/build_output/main[0x40ba49]
[eu-ms-022-26:25950] [ 8] code/build_output/main[0x41a198]
[eu-ms-022-26:25950] [ 9] code/build_output/main[0x40c3d9]
[eu-ms-022-26:25950] [10] /cluster/spack/apps/linux-centos7-x86_64/gcc-4.8.5/gcc-9.3.0-mjmsvu3362usxjr7tas4ywkd2e4ko5x3/lib64/libstdc++.so.6(+0xa4e14)[0x2b487b720e14]
[eu-ms-017-03:00659] [ 7] code/build_output/main[0x40ba49]
[eu-ms-017-03:00659] [ 8] code/build_output/main[0x41a198]
[eu-ms-017-03:00659] [ 9] [ 8] code/build_output/main[0x41a198]
[eu-ms-017-04:24655] [ 9] code/build_output/main[0x40c3d9]
[eu-ms-017-04:24655] [10] code/build_output/main[0x41a198]
[eu-ms-017-29:13158] [ 9] code/build_output/main[0x40c3d9]
[eu-ms-017-29:13158] [10] [ 7] code/build_output/main[0x40ba49]
[eu-ms-022-43:24447] [ 8] code/build_output/main[0x41a198]
[eu-ms-022-43:24447] [ 9] /usr/lib64/libc.so.6(__libc_start_main+0xf5)[0x2ac62b8a1555]
[eu-ms-017-18:15188] [11] code/build_output/main[0x40db3f]
[eu-ms-017-18:15188] *** End of error message ***
/usr/lib64/libc.so.6(__libc_start_main+0xf5)[0x2abd51a9a555]
[eu-ms-022-26:25950] [11] code/build_output/main[0x40db3f]
[eu-ms-022-26:25950] *** End of error message ***
code/build_output/main[0x40c3d9]
[eu-ms-017-03:00659] [10] /usr/lib64/libc.so.6(__libc_start_main+0xf5)[0x2b487c1ae555]
[eu-ms-017-03:00659] /usr/lib64/libc.so.6(__libc_start_main+0xf5)[0x2abc59659555]
[eu-ms-017-04:24655] [11] code/build_output/main[0x40db3f]
[eu-ms-017-04:24655] *** End of error message ***
/usr/lib64/libc.so.6(__libc_start_main+0xf5)[0x2b75759ec555]
[eu-ms-017-29:13158] [11] code/build_output/main[0x40db3f]
[eu-ms-017-29:13158] *** End of error message ***
code/build_output/main[0x40c3d9]
[eu-ms-022-43:24447] [10] /usr/lib64/libc.so.6(__libc_start_main+0xf5)[0x2ad2f867d555]
[11] code/build_output/main[0x40db3f]
[eu-ms-017-03:00659] *** End of error message ***
[eu-ms-022-43:24447] [11] code/build_output/main[0x40db3f]
[eu-ms-022-43:24447] *** End of error message ***
terminate called after throwing an instance of 'std::runtime_error'
terminate called after throwing an instance of 'std::runtime_error'
  what():  Starting Rabenseifner-Gather with non-power-of-2 processes, numprocs=48
[eu-ms-017-21:05010] *** Process received signal ***
[eu-ms-017-21:05010] Signal: Aborted (6)
[eu-ms-017-21:05010] Signal code:  (-6)
terminate called after throwing an instance of 'std::runtime_error'
  what():  Starting Rabenseifner-Gather with non-power-of-2 processes, numprocs=48
[eu-ms-017-10:01949] *** Process received signal ***
[eu-ms-017-10:01949] Signal: Aborted (6)
[eu-ms-017-10:01949] Signal code:  (-6)
[eu-ms-017-21:05010] [ 0]   what():  Starting Rabenseifner-Gather with non-power-of-2 processes, numprocs=48
[eu-ms-017-22:25650] *** Process received signal ***
[eu-ms-017-22:25650] Signal: Aborted (6)
[eu-ms-017-22:25650] Signal code:  (-6)
[eu-ms-017-10:01949] [ 0] /usr/lib64/libpthread.so.0(+0xf630)[0x2b3da874e630]
[eu-ms-017-21:05010] [ 1] [eu-ms-017-22:25650] [ 0] /usr/lib64/libpthread.so.0(+0xf630)[0x2b6360f5b630]
[eu-ms-017-10:01949] [ 1] /usr/lib64/libc.so.6(gsignal+0x37)[0x2b636119e387]
/usr/lib64/libc.so.6(gsignal+0x37)[0x2b3da8991387]
[eu-ms-017-21:05010] [ 2] /usr/lib64/libc.so.6(abort+0x148)[0x2b3da8992a78]
[eu-ms-017-21:05010] /usr/lib64/libpthread.so.0(+0xf630)[0x2b62ce4f7630]
[eu-ms-017-22:25650] [ 1] [eu-ms-017-10:01949] [ 2] /usr/lib64/libc.so.6(abort+0x148)[0x2b636119fa78]
[eu-ms-017-10:01949] [ 3] [ 3] /cluster/spack/apps/linux-centos7-x86_64/gcc-4.8.5/gcc-9.3.0-mjmsvu3362usxjr7tas4ywkd2e4ko5x3/lib64/libstdc++.so.6(+0x99133)[0x2b3da7ee4133]
[eu-ms-017-21:05010] [ 4] /usr/lib64/libc.so.6(gsignal+0x37)[0x2b62ce73a387]
[eu-ms-017-22:25650] [ 2] /usr/lib64/libc.so.6(abort+0x148)[0x2b62ce73ba78]
[eu-ms-017-22:25650] [ 3] /cluster/spack/apps/linux-centos7-x86_64/gcc-4.8.5/gcc-9.3.0-mjmsvu3362usxjr7tas4ywkd2e4ko5x3/lib64/libstdc++.so.6(+0x99133)[0x2b63606f1133]
[eu-ms-017-10:01949] [ 4] /cluster/spack/apps/linux-centos7-x86_64/gcc-4.8.5/gcc-9.3.0-mjmsvu3362usxjr7tas4ywkd2e4ko5x3/lib64/libstdc++.so.6(+0xa4b56)[0x2b3da7eefb56]
[eu-ms-017-21:05010] [ 5] /cluster/spack/apps/linux-centos7-x86_64/gcc-4.8.5/gcc-9.3.0-mjmsvu3362usxjr7tas4ywkd2e4ko5x3/lib64/libstdc++.so.6(+0x99133)[0x2b62cdc8d133]
[eu-ms-017-22:25650] [ 4] /cluster/spack/apps/linux-centos7-x86_64/gcc-4.8.5/gcc-9.3.0-mjmsvu3362usxjr7tas4ywkd2e4ko5x3/lib64/libstdc++.so.6(+0xa4b56)[0x2b63606fcb56]
[eu-ms-017-10:01949] [ 5] /cluster/spack/apps/linux-centos7-x86_64/gcc-4.8.5/gcc-9.3.0-mjmsvu3362usxjr7tas4ywkd2e4ko5x3/lib64/libstdc++.so.6(+0xa4bc1)[0x2b3da7eefbc1]
[eu-ms-017-21:05010] [ 6] /cluster/spack/apps/linux-centos7-x86_64/gcc-4.8.5/gcc-9.3.0-mjmsvu3362usxjr7tas4ywkd2e4ko5x3/lib64/libstdc++.so.6(+0xa4b56)[0x2b62cdc98b56]
[eu-ms-017-22:25650] [ 5] /cluster/spack/apps/linux-centos7-x86_64/gcc-4.8.5/gcc-9.3.0-mjmsvu3362usxjr7tas4ywkd2e4ko5x3/lib64/libstdc++.so.6(+0xa4bc1)[0x2b63606fcbc1]
[eu-ms-017-10:01949] [ 6] /cluster/spack/apps/linux-centos7-x86_64/gcc-4.8.5/gcc-9.3.0-mjmsvu3362usxjr7tas4ywkd2e4ko5x3/lib64/libstdc++.so.6(+0xa4e14)[0x2b63606fce14]
[eu-ms-017-10:01949] [ 7] code/build_output/main[0x40ba49]
/cluster/spack/apps/linux-centos7-x86_64/gcc-4.8.5/gcc-9.3.0-mjmsvu3362usxjr7tas4ywkd2e4ko5x3/lib64/libstdc++.so.6(+0xa4e14)[0x2b3da7eefe14]
[eu-ms-017-21:05010] [ 7] code/build_output/main[0x40ba49]
[eu-ms-017-21:05010] [ 8] code/build_output/main[0x41a198]
[eu-ms-017-21:05010] [ 9] /cluster/spack/apps/linux-centos7-x86_64/gcc-4.8.5/gcc-9.3.0-mjmsvu3362usxjr7tas4ywkd2e4ko5x3/lib64/libstdc++.so.6(+0xa4bc1)[0x2b62cdc98bc1]
[eu-ms-017-22:25650] [ 6] terminate called after throwing an instance of 'std::runtime_error'
[eu-ms-017-10:01949] [ 8] code/build_output/main[0x41a198]
[eu-ms-017-10:01949] [ 9] code/build_output/main[0x40c3d9]
[eu-ms-017-10:01949] [10] terminate called after throwing an instance of 'std::runtime_error'
code/build_output/main[0x40c3d9]
[eu-ms-017-21:05010] [10] /usr/lib64/libc.so.6(__libc_start_main+0xf5)[0x2b3da897d555]
[eu-ms-017-21:05010] [11] terminate called after throwing an instance of 'std::runtime_error'
/cluster/spack/apps/linux-centos7-x86_64/gcc-4.8.5/gcc-9.3.0-mjmsvu3362usxjr7tas4ywkd2e4ko5x3/lib64/libstdc++.so.6(+0xa4e14)[0x2b62cdc98e14]
[eu-ms-017-22:25650] [ 7] code/build_output/main[0x40ba49]
[eu-ms-017-22:25650] [ 8] code/build_output/main[0x41a198]
[eu-ms-017-22:25650] [ 9] code/build_output/main[0x40c3d9]
[eu-ms-017-22:25650]   what():  Starting Rabenseifner-Gather with non-power-of-2 processes, numprocs=48
[eu-ms-022-36:24011] *** Process received signal ***
[eu-ms-022-36:24011] Signal: Aborted (6)
[eu-ms-022-36:24011] Signal code:  (-6)
/usr/lib64/libc.so.6(__libc_start_main+0xf5)[0x2b636118a555]
[eu-ms-017-10:01949] [11] code/build_output/main[0x40db3f]
[eu-ms-017-10:01949] *** End of error message ***
  what():  Starting Rabenseifner-Gather with non-power-of-2 processes, numprocs=48
[eu-ms-017-15:32744] *** Process received signal ***
[eu-ms-017-15:32744] Signal: Aborted (6)
[eu-ms-017-15:32744] Signal code:  (-6)
code/build_output/main[0x40db3f]
[eu-ms-017-21:05010] *** End of error message ***
  what():  Starting Rabenseifner-Gather with non-power-of-2 processes, numprocs=48
[eu-ms-017-17:05341] *** Process received signal ***
[eu-ms-017-17:05341] Signal: Aborted (6)
[eu-ms-017-17:05341] Signal code:  (-6)
[10] /usr/lib64/libc.so.6(__libc_start_main+0xf5)[0x2b62ce726555]
[eu-ms-017-22:25650] [11] [eu-ms-022-36:24011] [ 0] [eu-ms-017-15:32744] [ 0] [eu-ms-017-17:05341] [ 0] /usr/lib64/libpthread.so.0(+0xf630)[0x2ba487f3e630]
[eu-ms-017-17:05341] code/build_output/main[0x40db3f]
[eu-ms-017-22:25650] *** End of error message ***
/usr/lib64/libpthread.so.0(+0xf630)[0x2b61af7ca630]
[eu-ms-022-36:24011] [ 1] /usr/lib64/libc.so.6(gsignal+0x37)[0x2b61afa0d387]
[eu-ms-022-36:24011] [ 2] /usr/lib64/libpthread.so.0(+0xf630)[0x2af01183b630]
[eu-ms-017-15:32744] [ 1] [ 1] /usr/lib64/libc.so.6(gsignal+0x37)[0x2ba488181387]
[eu-ms-017-17:05341] [ 2] /usr/lib64/libc.so.6(abort+0x148)[0x2b61afa0ea78]
[eu-ms-022-36:24011] [ 3] /usr/lib64/libc.so.6(gsignal+0x37)[0x2af011a7e387]
[eu-ms-017-15:32744] [ 2] /usr/lib64/libc.so.6(abort+0x148)[0x2af011a7fa78]
[eu-ms-017-15:32744] [ 3] /usr/lib64/libc.so.6(abort+0x148)[0x2ba488182a78]
[eu-ms-017-17:05341] [ 3] terminate called after throwing an instance of 'std::runtime_error'
/cluster/spack/apps/linux-centos7-x86_64/gcc-4.8.5/gcc-9.3.0-mjmsvu3362usxjr7tas4ywkd2e4ko5x3/lib64/libstdc++.so.6(+0x99133)[0x2b61aef60133]
[eu-ms-022-36:24011] [ 4] /cluster/spack/apps/linux-centos7-x86_64/gcc-4.8.5/gcc-9.3.0-mjmsvu3362usxjr7tas4ywkd2e4ko5x3/lib64/libstdc++.so.6(+0xa4b56)[0x2b61aef6bb56]
[eu-ms-022-36:24011] [ 5] terminate called after throwing an instance of 'std::runtime_error'
terminate called after throwing an instance of 'std::runtime_error'
  what():  Starting Rabenseifner-Gather with non-power-of-2 processes, numprocs=48
[eu-ms-017-08:11778] *** Process received signal ***
[eu-ms-017-08:11778] Signal: Aborted (6)
[eu-ms-017-08:11778] Signal code:  (-6)
/cluster/spack/apps/linux-centos7-x86_64/gcc-4.8.5/gcc-9.3.0-mjmsvu3362usxjr7tas4ywkd2e4ko5x3/lib64/libstdc++.so.6(+0x99133)[0x2af010fd1133]
[eu-ms-017-15:32744] [ 4] terminate called after throwing an instance of 'std::runtime_error'
/cluster/spack/apps/linux-centos7-x86_64/gcc-4.8.5/gcc-9.3.0-mjmsvu3362usxjr7tas4ywkd2e4ko5x3/lib64/libstdc++.so.6(+0x99133)[0x2ba4876d4133]
[eu-ms-017-17:05341] [ 4] /cluster/spack/apps/linux-centos7-x86_64/gcc-4.8.5/gcc-9.3.0-mjmsvu3362usxjr7tas4ywkd2e4ko5x3/lib64/libstdc++.so.6(+0xa4b56)[0x2ba4876dfb56]
[eu-ms-017-17:05341] [ 5] terminate called after throwing an instance of 'std::runtime_error'
terminate called after throwing an instance of 'std::runtime_error'
  what():  Starting Rabenseifner-Gather with non-power-of-2 processes, numprocs=48
[eu-ms-022-44:15828] *** Process received signal ***
[eu-ms-022-44:15828] Signal: Aborted (6)
[eu-ms-022-44:15828] Signal code:  (-6)
/cluster/spack/apps/linux-centos7-x86_64/gcc-4.8.5/gcc-9.3.0-mjmsvu3362usxjr7tas4ywkd2e4ko5x3/lib64/libstdc++.so.6(+0xa4bc1)[0x2b61aef6bbc1]
[eu-ms-022-36:24011] [ 6] /cluster/spack/apps/linux-centos7-x86_64/gcc-4.8.5/gcc-9.3.0-mjmsvu3362usxjr7tas4ywkd2e4ko5x3/lib64/libstdc++.so.6(+0xa4e14)[0x2b61aef6be14]
[eu-ms-022-36:24011] [ 7]   what():  Starting Rabenseifner-Gather with non-power-of-2 processes, numprocs=48
[eu-ms-022-24:16776] *** Process received signal ***
[eu-ms-022-24:16776] Signal: Aborted (6)
[eu-ms-022-24:16776] Signal code:  (-6)
terminate called after throwing an instance of 'std::runtime_error'
[eu-ms-017-08:11778] [ 0] /usr/lib64/libpthread.so.0(+0xf630)[0x2abb536f7630]
[eu-ms-017-08:11778] [ 1] /usr/lib64/libc.so.6(gsignal+0x37)[0x2abb5393a387]
[eu-ms-017-08:11778] [ 2] /usr/lib64/libc.so.6(abort+0x148)[0x2abb5393ba78]
[eu-ms-017-08:11778] [ 3] /cluster/spack/apps/linux-centos7-x86_64/gcc-4.8.5/gcc-9.3.0-mjmsvu3362usxjr7tas4ywkd2e4ko5x3/lib64/libstdc++.so.6(+0x99133)[0x2abb52e8d133]
[eu-ms-017-08:11778] [ 4] /cluster/spack/apps/linux-centos7-x86_64/gcc-4.8.5/gcc-9.3.0-mjmsvu3362usxjr7tas4ywkd2e4ko5x3/lib64/libstdc++.so.6(+0xa4b56)[0x2abb52e98b56]
[eu-ms-017-08:11778] [ 5] /cluster/spack/apps/linux-centos7-x86_64/gcc-4.8.5/gcc-9.3.0-mjmsvu3362usxjr7tas4ywkd2e4ko5x3/lib64/libstdc++.so.6(+0xa4bc1)[0x2abb52e98bc1]
[eu-ms-017-08:11778] [ 6] terminate called after throwing an instance of 'std::runtime_error'
/cluster/spack/apps/linux-centos7-x86_64/gcc-4.8.5/gcc-9.3.0-mjmsvu3362usxjr7tas4ywkd2e4ko5x3/lib64/libstdc++.so.6(+0xa4b56)[0x2af010fdcb56]
[eu-ms-017-15:32744] [ 5]   what():  Starting Rabenseifner-Gather with non-power-of-2 processes, numprocs=48
terminate called after throwing an instance of 'std::runtime_error'
/cluster/spack/apps/linux-centos7-x86_64/gcc-4.8.5/gcc-9.3.0-mjmsvu3362usxjr7tas4ywkd2e4ko5x3/lib64/libstdc++.so.6(+0xa4bc1)[0x2ba4876dfbc1]
[eu-ms-017-17:05341] [ 6]   what():  Starting Rabenseifner-Gather with non-power-of-2 processes, numprocs=48
[eu-ms-017-37:24128] *** Process received signal ***
[eu-ms-017-37:24128] Signal: Aborted (6)
[eu-ms-017-37:24128] Signal code:  (-6)
  what():  Starting Rabenseifner-Gather with non-power-of-2 processes, numprocs=48
[eu-ms-017-16:16400] *** Process received signal ***
[eu-ms-017-16:16400] Signal: Aborted (6)
[eu-ms-017-16:16400] Signal code:  (-6)
[eu-ms-022-44:15828] [ 0] code/build_output/main[0x40ba49]
[eu-ms-022-36:24011] [ 8] code/build_output/main[0x41a198]
[eu-ms-022-36:24011] [ 9] code/build_output/main[0x40c3d9]
[eu-ms-022-36:24011] [10] /usr/lib64/libc.so.6(__libc_start_main+0xf5)[0x2b61af9f9555]
[eu-ms-022-36:24011] [11] [eu-ms-022-24:16776] [ 0]   what():  Starting Rabenseifner-Gather with non-power-of-2 processes, numprocs=48
[eu-ms-017-30:17107] *** Process received signal ***
[eu-ms-017-30:17107] Signal: Aborted (6)
[eu-ms-017-30:17107] Signal code:  (-6)
/cluster/spack/apps/linux-centos7-x86_64/gcc-4.8.5/gcc-9.3.0-mjmsvu3362usxjr7tas4ywkd2e4ko5x3/lib64/libstdc++.so.6(+0xa4e14)[0x2abb52e98e14]
[eu-ms-017-08:11778] [ 7] code/build_output/main[0x40ba49]
[eu-ms-017-08:11778] [ 8] code/build_output/main[0x41a198]
[eu-ms-017-08:11778] [ 9] code/build_output/main[0x40c3d9]
[eu-ms-017-08:11778] [10] /usr/lib64/libc.so.6(__libc_start_main+0xf5)[0x2abb53926555]
[eu-ms-017-08:11778] [11] code/build_output/main[0x40db3f]
[eu-ms-017-08:11778] *** End of error message ***
  what():  Starting Rabenseifner-Gather with non-power-of-2 processes, numprocs=48
[eu-ms-017-34:03465] *** Process received signal ***
[eu-ms-017-34:03465] Signal: Aborted (6)
[eu-ms-017-34:03465] Signal code:  (-6)
/cluster/spack/apps/linux-centos7-x86_64/gcc-4.8.5/gcc-9.3.0-mjmsvu3362usxjr7tas4ywkd2e4ko5x3/lib64/libstdc++.so.6(+0xa4bc1)[0x2af010fdcbc1]
[eu-ms-017-15:32744] [ 6]   what():  Starting Rabenseifner-Gather with non-power-of-2 processes, numprocs=48
[eu-ms-017-13:19634] *** Process received signal ***
[eu-ms-017-13:19634] Signal: Aborted (6)
[eu-ms-017-13:19634] Signal code:  (-6)
/cluster/spack/apps/linux-centos7-x86_64/gcc-4.8.5/gcc-9.3.0-mjmsvu3362usxjr7tas4ywkd2e4ko5x3/lib64/libstdc++.so.6(+0xa4e14)[0x2ba4876dfe14]
[eu-ms-017-17:05341] [ 7] code/build_output/main[0x40ba49]
[eu-ms-017-17:05341] [ 8] code/build_output/main[0x41a198]
[eu-ms-017-17:05341] [ 9] code/build_output/main[0x40c3d9]
[eu-ms-017-17:05341] [10] [eu-ms-017-37:24128] [ 0] [eu-ms-017-16:16400] [ 0] /usr/lib64/libpthread.so.0(+0xf630)[0x2b8012b28630]
[eu-ms-022-44:15828] [ 1] code/build_output/main[0x40db3f]
[eu-ms-022-36:24011] *** End of error message ***
/usr/lib64/libpthread.so.0(+0xf630)[0x2b65b8e10630]
[eu-ms-022-24:16776] [ 1] [eu-ms-017-30:17107] [ 0] [eu-ms-017-34:03465] [ 0] /cluster/spack/apps/linux-centos7-x86_64/gcc-4.8.5/gcc-9.3.0-mjmsvu3362usxjr7tas4ywkd2e4ko5x3/lib64/libstdc++.so.6(+0xa4e14)[0x2af010fdce14]
[eu-ms-017-15:32744] [ 7] code/build_output/main[0x40ba49]
[eu-ms-017-15:32744] [ 8] code/build_output/main[0x41a198]
[eu-ms-017-15:32744] [ 9] code/build_output/main[0x40c3d9]
[eu-ms-017-15:32744] [10] [eu-ms-017-23:29636] *** Process received signal ***
[eu-ms-017-13:19634] [ 0] /usr/lib64/libc.so.6(__libc_start_main+0xf5)[0x2ba48816d555]
[eu-ms-017-17:05341] [11] code/build_output/main[0x40db3f]
[eu-ms-017-17:05341] *** End of error message ***
/usr/lib64/libpthread.so.0(+0xf630)[0x2add0cdc7630]
[eu-ms-017-37:24128] [ 1] /usr/lib64/libpthread.so.0(+0xf630)[0x2b6ec65bf630]
[eu-ms-017-16:16400] [ 1] /usr/lib64/libc.so.6(gsignal+0x37)[0x2b8012d6b387]
[eu-ms-022-44:15828] [ 2] /usr/lib64/libc.so.6(abort+0x148)[0x2b8012d6ca78]
[eu-ms-022-44:15828] /usr/lib64/libc.so.6(gsignal+0x37)[0x2b65b9053387]
[eu-ms-022-24:16776] [ 2] /usr/lib64/libpthread.so.0(+0xf630)[0x2b82354eb630]
[eu-ms-017-30:17107] [ 1] /usr/lib64/libc.so.6(gsignal+0x37)[0x2b823572e387]
/usr/lib64/libpthread.so.0(+0xf630)[0x2aabdc770630]
[eu-ms-017-34:03465] [ 1] /usr/lib64/libc.so.6(__libc_start_main+0xf5)[0x2af011a6a555]
[eu-ms-017-15:32744] [11] code/build_output/main[0x40db3f]
[eu-ms-017-15:32744] *** End of error message ***
[eu-ms-017-23:29636] Signal: Aborted (6)
[eu-ms-017-23:29636] Signal code:  (-6)
/usr/lib64/libpthread.so.0(+0xf630)[0x2b7668730630]
[eu-ms-017-13:19634] [ 1] /usr/lib64/libc.so.6(gsignal+0x37)[0x2b7668973387]
/usr/lib64/libc.so.6(gsignal+0x37)[0x2add0d00a387]
[eu-ms-017-37:24128] [ 2] /usr/lib64/libc.so.6(abort+0x148)[0x2add0d00ba78]
[eu-ms-017-37:24128] [ 3] /usr/lib64/libc.so.6(gsignal+0x37)[0x2b6ec6802387]
[eu-ms-017-16:16400] [ 2] /usr/lib64/libc.so.6(abort+0x148)[0x2b6ec6803a78]
[eu-ms-017-16:16400] [ 3] [ 3] /cluster/spack/apps/linux-centos7-x86_64/gcc-4.8.5/gcc-9.3.0-mjmsvu3362usxjr7tas4ywkd2e4ko5x3/lib64/libstdc++.so.6(+0x99133)[0x2b80122be133]
[eu-ms-022-44:15828] [ 4] /usr/lib64/libc.so.6(abort+0x148)[0x2b65b9054a78]
[eu-ms-022-24:16776] [ 3] [eu-ms-017-30:17107] [ 2] /usr/lib64/libc.so.6(abort+0x148)[0x2b823572fa78]
[eu-ms-017-30:17107] [ 3] /usr/lib64/libc.so.6(gsignal+0x37)[0x2aabdc9b3387]
[eu-ms-017-34:03465] [ 2] /usr/lib64/libc.so.6(abort+0x148)[0x2aabdc9b4a78]
[eu-ms-017-23:29636] [ 0] [eu-ms-017-13:19634] [ 2] /usr/lib64/libc.so.6(abort+0x148)[0x2b7668974a78]
/cluster/spack/apps/linux-centos7-x86_64/gcc-4.8.5/gcc-9.3.0-mjmsvu3362usxjr7tas4ywkd2e4ko5x3/lib64/libstdc++.so.6(+0x99133)[0x2add0c55d133]
[eu-ms-017-37:24128] [ 4] /cluster/spack/apps/linux-centos7-x86_64/gcc-4.8.5/gcc-9.3.0-mjmsvu3362usxjr7tas4ywkd2e4ko5x3/lib64/libstdc++.so.6(+0x99133)[0x2b6ec5d55133]
[eu-ms-017-16:16400] [ 4] /cluster/spack/apps/linux-centos7-x86_64/gcc-4.8.5/gcc-9.3.0-mjmsvu3362usxjr7tas4ywkd2e4ko5x3/lib64/libstdc++.so.6(+0xa4b56)[0x2b80122c9b56]
[eu-ms-022-44:15828] [ 5] /cluster/spack/apps/linux-centos7-x86_64/gcc-4.8.5/gcc-9.3.0-mjmsvu3362usxjr7tas4ywkd2e4ko5x3/lib64/libstdc++.so.6(+0x99133)[0x2b65b85a6133]
[eu-ms-022-24:16776] [ 4] /cluster/spack/apps/linux-centos7-x86_64/gcc-4.8.5/gcc-9.3.0-mjmsvu3362usxjr7tas4ywkd2e4ko5x3/lib64/libstdc++.so.6(+0x99133)[0x2b8234c81133]
[eu-ms-017-30:17107] [ 4] [eu-ms-017-34:03465] [ 3] /cluster/spack/apps/linux-centos7-x86_64/gcc-4.8.5/gcc-9.3.0-mjmsvu3362usxjr7tas4ywkd2e4ko5x3/lib64/libstdc++.so.6(+0x99133)[0x2aabdbf06133]
[eu-ms-017-34:03465] [ 4] /usr/lib64/libpthread.so.0(+0xf630)[0x2ba25bde7630]
[eu-ms-017-23:29636] [ 1] [eu-ms-017-13:19634] [ 3] /cluster/spack/apps/linux-centos7-x86_64/gcc-4.8.5/gcc-9.3.0-mjmsvu3362usxjr7tas4ywkd2e4ko5x3/lib64/libstdc++.so.6(+0x99133)[0x2b7667ec6133]
/cluster/spack/apps/linux-centos7-x86_64/gcc-4.8.5/gcc-9.3.0-mjmsvu3362usxjr7tas4ywkd2e4ko5x3/lib64/libstdc++.so.6(+0xa4b56)[0x2add0c568b56]
[eu-ms-017-37:24128] [ 5] /cluster/spack/apps/linux-centos7-x86_64/gcc-4.8.5/gcc-9.3.0-mjmsvu3362usxjr7tas4ywkd2e4ko5x3/lib64/libstdc++.so.6(+0xa4b56)[0x2b6ec5d60b56]
[eu-ms-017-16:16400] [ 5] /cluster/spack/apps/linux-centos7-x86_64/gcc-4.8.5/gcc-9.3.0-mjmsvu3362usxjr7tas4ywkd2e4ko5x3/lib64/libstdc++.so.6(+0xa4bc1)[0x2b6ec5d60bc1]
[eu-ms-017-16:16400] [ 6] /cluster/spack/apps/linux-centos7-x86_64/gcc-4.8.5/gcc-9.3.0-mjmsvu3362usxjr7tas4ywkd2e4ko5x3/lib64/libstdc++.so.6(+0xa4bc1)[0x2b80122c9bc1]
[eu-ms-022-44:15828] [ 6] /cluster/spack/apps/linux-centos7-x86_64/gcc-4.8.5/gcc-9.3.0-mjmsvu3362usxjr7tas4ywkd2e4ko5x3/lib64/libstdc++.so.6(+0xa4b56)[0x2b65b85b1b56]
[eu-ms-022-24:16776] [ 5] /cluster/spack/apps/linux-centos7-x86_64/gcc-4.8.5/gcc-9.3.0-mjmsvu3362usxjr7tas4ywkd2e4ko5x3/lib64/libstdc++.so.6(+0xa4bc1)[0x2b65b85b1bc1]
/cluster/spack/apps/linux-centos7-x86_64/gcc-4.8.5/gcc-9.3.0-mjmsvu3362usxjr7tas4ywkd2e4ko5x3/lib64/libstdc++.so.6(+0xa4b56)[0x2b8234c8cb56]
[eu-ms-017-30:17107] [ 5] /cluster/spack/apps/linux-centos7-x86_64/gcc-4.8.5/gcc-9.3.0-mjmsvu3362usxjr7tas4ywkd2e4ko5x3/lib64/libstdc++.so.6(+0xa4b56)[0x2aabdbf11b56]
[eu-ms-017-34:03465] [ 5] terminate called after throwing an instance of 'std::runtime_error'
/usr/lib64/libc.so.6(gsignal+0x37)[0x2ba25c02a387]
[eu-ms-017-23:29636] [ 2] [eu-ms-017-13:19634] [ 4] /cluster/spack/apps/linux-centos7-x86_64/gcc-4.8.5/gcc-9.3.0-mjmsvu3362usxjr7tas4ywkd2e4ko5x3/lib64/libstdc++.so.6(+0xa4b56)[0x2b7667ed1b56]
[eu-ms-017-13:19634] terminate called after throwing an instance of 'std::runtime_error'
terminate called after throwing an instance of 'std::runtime_error'
terminate called after throwing an instance of 'std::runtime_error'
/cluster/spack/apps/linux-centos7-x86_64/gcc-4.8.5/gcc-9.3.0-mjmsvu3362usxjr7tas4ywkd2e4ko5x3/lib64/libstdc++.so.6(+0xa4bc1)[0x2add0c568bc1]
[eu-ms-017-37:24128] [ 6] /cluster/spack/apps/linux-centos7-x86_64/gcc-4.8.5/gcc-9.3.0-mjmsvu3362usxjr7tas4ywkd2e4ko5x3/lib64/libstdc++.so.6(+0xa4e14)[0x2add0c568e14]
[eu-ms-017-37:24128] [ 7] terminate called after throwing an instance of 'std::runtime_error'
/cluster/spack/apps/linux-centos7-x86_64/gcc-4.8.5/gcc-9.3.0-mjmsvu3362usxjr7tas4ywkd2e4ko5x3/lib64/libstdc++.so.6(+0xa4e14)[0x2b6ec5d60e14]
[eu-ms-017-16:16400] [ 7] code/build_output/main[0x40ba49]
[eu-ms-017-16:16400] [ 8] code/build_output/main[0x41a198]
[eu-ms-017-16:16400] [ 9] /cluster/spack/apps/linux-centos7-x86_64/gcc-4.8.5/gcc-9.3.0-mjmsvu3362usxjr7tas4ywkd2e4ko5x3/lib64/libstdc++.so.6(+0xa4e14)[0x2b80122c9e14]
[eu-ms-022-44:15828] [ 7] code/build_output/main[0x40ba49]
[eu-ms-022-44:15828] [ 8] code/build_output/main[0x41a198]
[eu-ms-022-44:15828] [ 9] code/build_output/main[0x40c3d9]
[eu-ms-022-24:16776] [ 6] /cluster/spack/apps/linux-centos7-x86_64/gcc-4.8.5/gcc-9.3.0-mjmsvu3362usxjr7tas4ywkd2e4ko5x3/lib64/libstdc++.so.6(+0xa4e14)[0x2b65b85b1e14]
[eu-ms-022-24:16776] [ 7] /cluster/spack/apps/linux-centos7-x86_64/gcc-4.8.5/gcc-9.3.0-mjmsvu3362usxjr7tas4ywkd2e4ko5x3/lib64/libstdc++.so.6(+0xa4bc1)[0x2b8234c8cbc1]
[eu-ms-017-30:17107] [ 6] /cluster/spack/apps/linux-centos7-x86_64/gcc-4.8.5/gcc-9.3.0-mjmsvu3362usxjr7tas4ywkd2e4ko5x3/lib64/libstdc++.so.6(+0xa4e14)[0x2b8234c8ce14]
[eu-ms-017-30:17107] terminate called after throwing an instance of 'std::runtime_error'
/cluster/spack/apps/linux-centos7-x86_64/gcc-4.8.5/gcc-9.3.0-mjmsvu3362usxjr7tas4ywkd2e4ko5x3/lib64/libstdc++.so.6(+0xa4bc1)[0x2aabdbf11bc1]
[eu-ms-017-34:03465] [ 6]   what():  Starting Rabenseifner-Gather with non-power-of-2 processes, numprocs=48
[eu-ms-017-24:20620] *** Process received signal ***
[eu-ms-017-24:20620] Signal: Aborted (6)
[eu-ms-017-24:20620] Signal code:  (-6)
/usr/lib64/libc.so.6(abort+0x148)[0x2ba25c02ba78]
[eu-ms-017-23:29636] [ 3] /cluster/spack/apps/linux-centos7-x86_64/gcc-4.8.5/gcc-9.3.0-mjmsvu3362usxjr7tas4ywkd2e4ko5x3/lib64/libstdc++.so.6(+0x99133)[0x2ba25b57d133]
[eu-ms-017-23:29636] [ 4] [ 5] /cluster/spack/apps/linux-centos7-x86_64/gcc-4.8.5/gcc-9.3.0-mjmsvu3362usxjr7tas4ywkd2e4ko5x3/lib64/libstdc++.so.6(+0xa4bc1)[0x2b7667ed1bc1]
[eu-ms-017-13:19634] [ 6]   what():  Starting Rabenseifner-Gather with non-power-of-2 processes, numprocs=48
[eu-ms-017-39:09456] *** Process received signal ***
[eu-ms-017-39:09456] Signal: Aborted (6)
[eu-ms-017-39:09456] Signal code:  (-6)
  what():  Starting Rabenseifner-Gather with non-power-of-2 processes, numprocs=48
[eu-ms-017-44:15028] *** Process received signal ***
[eu-ms-017-44:15028] Signal: Aborted (6)
[eu-ms-017-44:15028] Signal code:  (-6)
  what():  Starting Rabenseifner-Gather with non-power-of-2 processes, numprocs=48
[eu-ms-017-25:05590] *** Process received signal ***
[eu-ms-017-25:05590] Signal: Aborted (6)
[eu-ms-017-25:05590] Signal code:  (-6)
code/build_output/main[0x40ba49]
[eu-ms-017-37:24128] [ 8] code/build_output/main[0x41a198]
[eu-ms-017-37:24128] [ 9] code/build_output/main[0x40c3d9]
[eu-ms-017-37:24128] [10]   what():  Starting Rabenseifner-Gather with non-power-of-2 processes, numprocs=48
[eu-ms-022-37:05953] *** Process received signal ***
[eu-ms-022-37:05953] Signal: Aborted (6)
[eu-ms-022-37:05953] Signal code:  (-6)
code/build_output/main[0x40c3d9]
[eu-ms-017-16:16400] [10] /usr/lib64/libc.so.6(__libc_start_main+0xf5)[0x2b6ec67ee555]
[eu-ms-017-16:16400] [11] code/build_output/main[0x40db3f]
[eu-ms-017-16:16400] *** End of error message ***
[eu-ms-022-44:15828] [10] /usr/lib64/libc.so.6(__libc_start_main+0xf5)[0x2b8012d57555]
[eu-ms-022-44:15828] [11] code/build_output/main[0x40ba49]
[eu-ms-022-24:16776] [ 8] code/build_output/main[0x41a198]
[eu-ms-022-24:16776] [ 9] code/build_output/main[0x40c3d9]
[eu-ms-022-24:16776] [10] [ 7] code/build_output/main[0x40ba49]
[eu-ms-017-30:17107] [ 8] code/build_output/main[0x41a198]
[eu-ms-017-30:17107] [ 9] code/build_output/main[0x40c3d9]
[eu-ms-017-30:17107] [10]   what():  Starting Rabenseifner-Gather with non-power-of-2 processes, numprocs=48
[eu-ms-022-09:02312] *** Process received signal ***
[eu-ms-022-09:02312] Signal: Aborted (6)
[eu-ms-022-09:02312] Signal code:  (-6)
/cluster/spack/apps/linux-centos7-x86_64/gcc-4.8.5/gcc-9.3.0-mjmsvu3362usxjr7tas4ywkd2e4ko5x3/lib64/libstdc++.so.6(+0xa4e14)[0x2aabdbf11e14]
[eu-ms-017-34:03465] [ 7] code/build_output/main[0x40ba49]
[eu-ms-017-34:03465] [ 8] code/build_output/main[0x41a198]
[eu-ms-017-34:03465] [ 9] [eu-ms-017-24:20620] [ 0] /cluster/spack/apps/linux-centos7-x86_64/gcc-4.8.5/gcc-9.3.0-mjmsvu3362usxjr7tas4ywkd2e4ko5x3/lib64/libstdc++.so.6(+0xa4b56)[0x2ba25b588b56]
[eu-ms-017-23:29636] [ 5] /cluster/spack/apps/linux-centos7-x86_64/gcc-4.8.5/gcc-9.3.0-mjmsvu3362usxjr7tas4ywkd2e4ko5x3/lib64/libstdc++.so.6(+0xa4e14)[0x2b7667ed1e14]
[eu-ms-017-13:19634] [ 7] [eu-ms-017-39:09456] [ 0] [eu-ms-017-44:15028] [ 0] [eu-ms-017-25:05590] [ 0] /usr/lib64/libc.so.6(__libc_start_main+0xf5)[0x2add0cff6555]
[eu-ms-017-37:24128] [11] code/build_output/main[0x40db3f]
[eu-ms-017-37:24128] *** End of error message ***
[eu-ms-022-37:05953] [ 0] code/build_output/main[0x40db3f]
[eu-ms-022-44:15828] *** End of error message ***
/usr/lib64/libc.so.6(__libc_start_main+0xf5)[0x2b65b903f555]
[eu-ms-022-24:16776] [11] /usr/lib64/libc.so.6(__libc_start_main+0xf5)[0x2b823571a555]
[eu-ms-017-30:17107] [11] code/build_output/main[0x40db3f]
[eu-ms-017-30:17107] *** End of error message ***
[eu-ms-022-09:02312] [ 0] terminate called after throwing an instance of 'std::runtime_error'
code/build_output/main[0x40c3d9]
[eu-ms-017-34:03465] [10] /usr/lib64/libpthread.so.0(+0xf630)[0x2abac38bb630]
[eu-ms-017-24:20620] [ 1] /cluster/spack/apps/linux-centos7-x86_64/gcc-4.8.5/gcc-9.3.0-mjmsvu3362usxjr7tas4ywkd2e4ko5x3/lib64/libstdc++.so.6(+0xa4bc1)[0x2ba25b588bc1]
[eu-ms-017-23:29636] [ 6] code/build_output/main[0x40ba49]
[eu-ms-017-13:19634] [ 8] code/build_output/main[0x41a198]
[eu-ms-017-13:19634] [ 9] code/build_output/main[0x40c3d9]
[eu-ms-017-13:19634] [10] /usr/lib64/libpthread.so.0(+0xf630)[0x2b4c268bd630]
[eu-ms-017-39:09456] [ 1] /usr/lib64/libpthread.so.0(+0xf630)[0x2b9559523630]
[eu-ms-017-44:15028] [ 1] /usr/lib64/libpthread.so.0(+0xf630)[0x2b941af1a630]
[eu-ms-017-25:05590] [ 1] /usr/lib64/libpthread.so.0(+0xf630)[0x2b87254c7630]
[eu-ms-022-37:05953] [ 1] /usr/lib64/libc.so.6(gsignal+0x37)[0x2b872570a387]
[eu-ms-022-37:05953] [ 2] code/build_output/main[0x40db3f]
[eu-ms-022-24:16776] *** End of error message ***
terminate called after throwing an instance of 'std::runtime_error'
terminate called after throwing an instance of 'std::runtime_error'
/usr/lib64/libpthread.so.0(+0xf630)[0x2b4299fac630]
[eu-ms-022-09:02312] [ 1] /usr/lib64/libc.so.6(gsignal+0x37)[0x2b429a1ef387]
  what():  Starting Rabenseifner-Gather with non-power-of-2 processes, numprocs=48
[eu-ms-022-34:08597] *** Process received signal ***
[eu-ms-022-34:08597] Signal: Aborted (6)
[eu-ms-022-34:08597] Signal code:  (-6)
/usr/lib64/libc.so.6(__libc_start_main+0xf5)[0x2aabdc99f555]
[eu-ms-017-34:03465] [11] code/build_output/main[0x40db3f]
[eu-ms-017-34:03465] *** End of error message ***
/usr/lib64/libc.so.6(gsignal+0x37)[0x2abac3afe387]
[eu-ms-017-24:20620] [ 2] /cluster/spack/apps/linux-centos7-x86_64/gcc-4.8.5/gcc-9.3.0-mjmsvu3362usxjr7tas4ywkd2e4ko5x3/lib64/libstdc++.so.6(+0xa4e14)[0x2ba25b588e14]
[eu-ms-017-23:29636] [ 7] code/build_output/main[0x40ba49]
[eu-ms-017-23:29636] [ 8] code/build_output/main[0x41a198]
[eu-ms-017-23:29636] [ 9] /usr/lib64/libc.so.6(__libc_start_main+0xf5)[0x2b766895f555]
[eu-ms-017-13:19634] [11] code/build_output/main[0x40db3f]
[eu-ms-017-13:19634] *** End of error message ***
/usr/lib64/libc.so.6(gsignal+0x37)[0x2b4c26b00387]
[eu-ms-017-39:09456] [ 2] /usr/lib64/libc.so.6(abort+0x148)[0x2b4c26b01a78]
[eu-ms-017-39:09456] [ 3] /usr/lib64/libc.so.6(gsignal+0x37)[0x2b9559766387]
[eu-ms-017-44:15028] [ 2] /usr/lib64/libc.so.6(abort+0x148)[0x2b9559767a78]
[eu-ms-017-44:15028] [ 3] /usr/lib64/libc.so.6(gsignal+0x37)[0x2b941b15d387]
[eu-ms-017-25:05590] [ 2] /usr/lib64/libc.so.6(abort+0x148)[0x2b941b15ea78]
[eu-ms-017-25:05590] [ 3] /usr/lib64/libc.so.6(abort+0x148)[0x2b872570ba78]
[eu-ms-022-37:05953] [ 3]   what():  Starting Rabenseifner-Gather with non-power-of-2 processes, numprocs=48
[eu-ms-017-38:06675] *** Process received signal ***
[eu-ms-017-38:06675] Signal: Aborted (6)
[eu-ms-017-38:06675] Signal code:  (-6)
  what():  Starting Rabenseifner-Gather with non-power-of-2 processes, numprocs=48
[eu-ms-017-40:26230] *** Process received signal ***
[eu-ms-017-40:26230] Signal: Aborted (6)
[eu-ms-017-40:26230] Signal code:  (-6)
[eu-ms-022-09:02312] [ 2] /usr/lib64/libc.so.6(abort+0x148)[0x2b429a1f0a78]
[eu-ms-022-09:02312] [ 3] [eu-ms-022-34:08597] [ 0] /usr/lib64/libc.so.6(abort+0x148)[0x2abac3affa78]
[eu-ms-017-24:20620] [ 3] /cluster/spack/apps/linux-centos7-x86_64/gcc-4.8.5/gcc-9.3.0-mjmsvu3362usxjr7tas4ywkd2e4ko5x3/lib64/libstdc++.so.6(+0x99133)[0x2abac3051133]
[eu-ms-017-24:20620] [ 4] code/build_output/main[0x40c3d9]
[eu-ms-017-23:29636] [10] /usr/lib64/libc.so.6(__libc_start_main+0xf5)[0x2ba25c016555]
[eu-ms-017-23:29636] [11] /cluster/spack/apps/linux-centos7-x86_64/gcc-4.8.5/gcc-9.3.0-mjmsvu3362usxjr7tas4ywkd2e4ko5x3/lib64/libstdc++.so.6(+0x99133)[0x2b4c26053133]
[eu-ms-017-39:09456] [ 4] /cluster/spack/apps/linux-centos7-x86_64/gcc-4.8.5/gcc-9.3.0-mjmsvu3362usxjr7tas4ywkd2e4ko5x3/lib64/libstdc++.so.6(+0x99133)[0x2b9558cb9133]
[eu-ms-017-44:15028] [ 4] /cluster/spack/apps/linux-centos7-x86_64/gcc-4.8.5/gcc-9.3.0-mjmsvu3362usxjr7tas4ywkd2e4ko5x3/lib64/libstdc++.so.6(+0x99133)[0x2b941a6b0133]
[eu-ms-017-25:05590] [ 4] /cluster/spack/apps/linux-centos7-x86_64/gcc-4.8.5/gcc-9.3.0-mjmsvu3362usxjr7tas4ywkd2e4ko5x3/lib64/libstdc++.so.6(+0x99133)[0x2b8724c5d133]
[eu-ms-022-37:05953] [ 4] /cluster/spack/apps/linux-centos7-x86_64/gcc-4.8.5/gcc-9.3.0-mjmsvu3362usxjr7tas4ywkd2e4ko5x3/lib64/libstdc++.so.6(+0xa4b56)[0x2b8724c68b56]
[eu-ms-022-37:05953] [ 5] [eu-ms-017-38:06675] [ 0] [eu-ms-017-40:26230] [ 0] /cluster/spack/apps/linux-centos7-x86_64/gcc-4.8.5/gcc-9.3.0-mjmsvu3362usxjr7tas4ywkd2e4ko5x3/lib64/libstdc++.so.6(+0x99133)[0x2b4299742133]
[eu-ms-022-09:02312] [ 4] /usr/lib64/libpthread.so.0(+0xf630)[0x2b0b0c04c630]
[eu-ms-022-34:08597] [ 1] /cluster/spack/apps/linux-centos7-x86_64/gcc-4.8.5/gcc-9.3.0-mjmsvu3362usxjr7tas4ywkd2e4ko5x3/lib64/libstdc++.so.6(+0xa4b56)[0x2abac305cb56]
[eu-ms-017-24:20620] [ 5] code/build_output/main[0x40db3f]
[eu-ms-017-23:29636] *** End of error message ***
/cluster/spack/apps/linux-centos7-x86_64/gcc-4.8.5/gcc-9.3.0-mjmsvu3362usxjr7tas4ywkd2e4ko5x3/lib64/libstdc++.so.6(+0xa4b56)[0x2b4c2605eb56]
[eu-ms-017-39:09456] [ 5] /cluster/spack/apps/linux-centos7-x86_64/gcc-4.8.5/gcc-9.3.0-mjmsvu3362usxjr7tas4ywkd2e4ko5x3/lib64/libstdc++.so.6(+0xa4bc1)[0x2b4c2605ebc1]
[eu-ms-017-39:09456] [ 6] /cluster/spack/apps/linux-centos7-x86_64/gcc-4.8.5/gcc-9.3.0-mjmsvu3362usxjr7tas4ywkd2e4ko5x3/lib64/libstdc++.so.6(+0xa4b56)[0x2b9558cc4b56]
[eu-ms-017-44:15028] [ 5] /cluster/spack/apps/linux-centos7-x86_64/gcc-4.8.5/gcc-9.3.0-mjmsvu3362usxjr7tas4ywkd2e4ko5x3/lib64/libstdc++.so.6(+0xa4b56)[0x2b941a6bbb56]
[eu-ms-017-25:05590] [ 5] /cluster/spack/apps/linux-centos7-x86_64/gcc-4.8.5/gcc-9.3.0-mjmsvu3362usxjr7tas4ywkd2e4ko5x3/lib64/libstdc++.so.6(+0xa4bc1)[0x2b8724c68bc1]
[eu-ms-022-37:05953] [ 6] /usr/lib64/libpthread.so.0(+0xf630)[0x2b4e70955630]
[eu-ms-017-38:06675] [ 1] /usr/lib64/libpthread.so.0(+0xf630)[0x2ad600e5e630]
[eu-ms-017-40:26230] [ 1] /cluster/spack/apps/linux-centos7-x86_64/gcc-4.8.5/gcc-9.3.0-mjmsvu3362usxjr7tas4ywkd2e4ko5x3/lib64/libstdc++.so.6(+0xa4b56)[0x2b429974db56]
[eu-ms-022-09:02312] [ 5] /usr/lib64/libc.so.6(gsignal+0x37)[0x2b0b0c28f387]
[eu-ms-022-34:08597] [ 2] /usr/lib64/libc.so.6(abort+0x148)[0x2b0b0c290a78]
/cluster/spack/apps/linux-centos7-x86_64/gcc-4.8.5/gcc-9.3.0-mjmsvu3362usxjr7tas4ywkd2e4ko5x3/lib64/libstdc++.so.6(+0xa4bc1)[0x2abac305cbc1]
[eu-ms-017-24:20620] [ 6] /cluster/spack/apps/linux-centos7-x86_64/gcc-4.8.5/gcc-9.3.0-mjmsvu3362usxjr7tas4ywkd2e4ko5x3/lib64/libstdc++.so.6(+0xa4e14)[0x2b4c2605ee14]
[eu-ms-017-39:09456] [ 7] code/build_output/main[0x40ba49]
[eu-ms-017-39:09456] [ 8] code/build_output/main[0x41a198]
[eu-ms-017-39:09456] [ 9] /cluster/spack/apps/linux-centos7-x86_64/gcc-4.8.5/gcc-9.3.0-mjmsvu3362usxjr7tas4ywkd2e4ko5x3/lib64/libstdc++.so.6(+0xa4bc1)[0x2b9558cc4bc1]
[eu-ms-017-44:15028] [ 6] /cluster/spack/apps/linux-centos7-x86_64/gcc-4.8.5/gcc-9.3.0-mjmsvu3362usxjr7tas4ywkd2e4ko5x3/lib64/libstdc++.so.6(+0xa4bc1)[0x2b941a6bbbc1]
[eu-ms-017-25:05590] [ 6] /cluster/spack/apps/linux-centos7-x86_64/gcc-4.8.5/gcc-9.3.0-mjmsvu3362usxjr7tas4ywkd2e4ko5x3/lib64/libstdc++.so.6(+0xa4e14)[0x2b8724c68e14]
[eu-ms-022-37:05953] [ 7] code/build_output/main[0x40ba49]
[eu-ms-022-37:05953] [ 8] code/build_output/main[0x41a198]
[eu-ms-022-37:05953] [ 9] code/build_output/main[0x40c3d9]
[eu-ms-022-37:05953] [10] /usr/lib64/libc.so.6(gsignal+0x37)[0x2b4e70b98387]
[eu-ms-017-38:06675] [ 2] /usr/lib64/libc.so.6(abort+0x148)[0x2b4e70b99a78]
/usr/lib64/libc.so.6(gsignal+0x37)[0x2ad6010a1387]
[eu-ms-017-40:26230] [ 2] /usr/lib64/libc.so.6(abort+0x148)[0x2ad6010a2a78]
/cluster/spack/apps/linux-centos7-x86_64/gcc-4.8.5/gcc-9.3.0-mjmsvu3362usxjr7tas4ywkd2e4ko5x3/lib64/libstdc++.so.6(+0xa4bc1)[0x2b429974dbc1]
[eu-ms-022-09:02312] [ 6] [eu-ms-022-34:08597] [ 3] /cluster/spack/apps/linux-centos7-x86_64/gcc-4.8.5/gcc-9.3.0-mjmsvu3362usxjr7tas4ywkd2e4ko5x3/lib64/libstdc++.so.6(+0x99133)[0x2b0b0b7e2133]
[eu-ms-022-34:08597] /cluster/spack/apps/linux-centos7-x86_64/gcc-4.8.5/gcc-9.3.0-mjmsvu3362usxjr7tas4ywkd2e4ko5x3/lib64/libstdc++.so.6(+0xa4e14)[0x2abac305ce14]
[eu-ms-017-24:20620] [ 7] code/build_output/main[0x40ba49]
[eu-ms-017-24:20620] [ 8] code/build_output/main[0x41a198]
[eu-ms-017-24:20620] [ 9] code/build_output/main[0x40c3d9]
[eu-ms-017-24:20620] code/build_output/main[0x40c3d9]
[eu-ms-017-39:09456] [10] /usr/lib64/libc.so.6(__libc_start_main+0xf5)[0x2b4c26aec555]
[eu-ms-017-39:09456] [11] code/build_output/main[0x40db3f]
[eu-ms-017-39:09456] *** End of error message ***
/cluster/spack/apps/linux-centos7-x86_64/gcc-4.8.5/gcc-9.3.0-mjmsvu3362usxjr7tas4ywkd2e4ko5x3/lib64/libstdc++.so.6(+0xa4e14)[0x2b9558cc4e14]
[eu-ms-017-44:15028] [ 7] code/build_output/main[0x40ba49]
[eu-ms-017-44:15028] [ 8] code/build_output/main[0x41a198]
[eu-ms-017-44:15028] [ 9] code/build_output/main[0x40c3d9]
/cluster/spack/apps/linux-centos7-x86_64/gcc-4.8.5/gcc-9.3.0-mjmsvu3362usxjr7tas4ywkd2e4ko5x3/lib64/libstdc++.so.6(+0xa4e14)[0x2b941a6bbe14]
[eu-ms-017-25:05590] [ 7] code/build_output/main[0x40ba49]
[eu-ms-017-25:05590] [ 8] code/build_output/main[0x41a198]
[eu-ms-017-25:05590] [ 9] code/build_output/main[0x40c3d9]
[eu-ms-017-25:05590] [10] /usr/lib64/libc.so.6(__libc_start_main+0xf5)[0x2b87256f6555]
[eu-ms-022-37:05953] [11] code/build_output/main[0x40db3f]
[eu-ms-022-37:05953] *** End of error message ***
[eu-ms-017-38:06675] [ 3] /cluster/spack/apps/linux-centos7-x86_64/gcc-4.8.5/gcc-9.3.0-mjmsvu3362usxjr7tas4ywkd2e4ko5x3/lib64/libstdc++.so.6(+0x99133)[0x2b4e700eb133]
[eu-ms-017-38:06675] [ 4] [eu-ms-017-40:26230] [ 3] /cluster/spack/apps/linux-centos7-x86_64/gcc-4.8.5/gcc-9.3.0-mjmsvu3362usxjr7tas4ywkd2e4ko5x3/lib64/libstdc++.so.6(+0x99133)[0x2ad6005f4133]
[eu-ms-017-40:26230] [ 4] /cluster/spack/apps/linux-centos7-x86_64/gcc-4.8.5/gcc-9.3.0-mjmsvu3362usxjr7tas4ywkd2e4ko5x3/lib64/libstdc++.so.6(+0xa4e14)[0x2b429974de14]
[eu-ms-022-09:02312] [ 7] code/build_output/main[0x40ba49]
[eu-ms-022-09:02312] [ 8] code/build_output/main[0x41a198]
[eu-ms-022-09:02312] [ 9] code/build_output/main[0x40c3d9]
[eu-ms-022-09:02312] [ 4] /cluster/spack/apps/linux-centos7-x86_64/gcc-4.8.5/gcc-9.3.0-mjmsvu3362usxjr7tas4ywkd2e4ko5x3/lib64/libstdc++.so.6(+0xa4b56)[0x2b0b0b7edb56]
[eu-ms-022-34:08597] [ 5] [10] /usr/lib64/libc.so.6(__libc_start_main+0xf5)[0x2abac3aea555]
[eu-ms-017-24:20620] [11] [eu-ms-017-44:15028] [10] /usr/lib64/libc.so.6(__libc_start_main+0xf5)[0x2b9559752555]
[eu-ms-017-44:15028] [11] /usr/lib64/libc.so.6(__libc_start_main+0xf5)[0x2b941b149555]
[eu-ms-017-25:05590] [11] code/build_output/main[0x40db3f]
/cluster/spack/apps/linux-centos7-x86_64/gcc-4.8.5/gcc-9.3.0-mjmsvu3362usxjr7tas4ywkd2e4ko5x3/lib64/libstdc++.so.6(+0xa4b56)[0x2b4e700f6b56]
[eu-ms-017-38:06675] [ 5] /cluster/spack/apps/linux-centos7-x86_64/gcc-4.8.5/gcc-9.3.0-mjmsvu3362usxjr7tas4ywkd2e4ko5x3/lib64/libstdc++.so.6(+0xa4b56)[0x2ad6005ffb56]
[eu-ms-017-40:26230] [ 5] [10] /usr/lib64/libc.so.6(__libc_start_main+0xf5)[0x2b429a1db555]
[eu-ms-022-09:02312] [11] /cluster/spack/apps/linux-centos7-x86_64/gcc-4.8.5/gcc-9.3.0-mjmsvu3362usxjr7tas4ywkd2e4ko5x3/lib64/libstdc++.so.6(+0xa4bc1)[0x2b0b0b7edbc1]
[eu-ms-022-34:08597] [ 6] code/build_output/main[0x40db3f]
[eu-ms-017-24:20620] *** End of error message ***
code/build_output/main[0x40db3f]
[eu-ms-017-44:15028] *** End of error message ***
[eu-ms-017-25:05590] *** End of error message ***
/cluster/spack/apps/linux-centos7-x86_64/gcc-4.8.5/gcc-9.3.0-mjmsvu3362usxjr7tas4ywkd2e4ko5x3/lib64/libstdc++.so.6(+0xa4bc1)[0x2b4e700f6bc1]
[eu-ms-017-38:06675] [ 6] /cluster/spack/apps/linux-centos7-x86_64/gcc-4.8.5/gcc-9.3.0-mjmsvu3362usxjr7tas4ywkd2e4ko5x3/lib64/libstdc++.so.6(+0xa4bc1)[0x2ad6005ffbc1]
[eu-ms-017-40:26230] [ 6] code/build_output/main[0x40db3f]
[eu-ms-022-09:02312] *** End of error message ***
/cluster/spack/apps/linux-centos7-x86_64/gcc-4.8.5/gcc-9.3.0-mjmsvu3362usxjr7tas4ywkd2e4ko5x3/lib64/libstdc++.so.6(+0xa4e14)[0x2b0b0b7ede14]
[eu-ms-022-34:08597] [ 7] code/build_output/main[0x40ba49]
[eu-ms-022-34:08597] [ 8] /cluster/spack/apps/linux-centos7-x86_64/gcc-4.8.5/gcc-9.3.0-mjmsvu3362usxjr7tas4ywkd2e4ko5x3/lib64/libstdc++.so.6(+0xa4e14)[0x2b4e700f6e14]
[eu-ms-017-38:06675] [ 7] code/build_output/main[0x40ba49]
[eu-ms-017-38:06675] [ 8] code/build_output/main[0x41a198]
[eu-ms-017-38:06675] [ 9] /cluster/spack/apps/linux-centos7-x86_64/gcc-4.8.5/gcc-9.3.0-mjmsvu3362usxjr7tas4ywkd2e4ko5x3/lib64/libstdc++.so.6(+0xa4e14)[0x2ad6005ffe14]
[eu-ms-017-40:26230] [ 7] code/build_output/main[0x40ba49]
[eu-ms-017-40:26230] [ 8] code/build_output/main[0x41a198]
[eu-ms-017-40:26230] [ 9] code/build_output/main[0x40c3d9]
[eu-ms-017-40:26230] [10] code/build_output/main[0x41a198]
[eu-ms-022-34:08597] [ 9] code/build_output/main[0x40c3d9]
[eu-ms-022-34:08597] [10] code/build_output/main[0x40c3d9]
[eu-ms-017-38:06675] [10] /usr/lib64/libc.so.6(__libc_start_main+0xf5)[0x2b4e70b84555]
[eu-ms-017-38:06675] [11] /usr/lib64/libc.so.6(__libc_start_main+0xf5)[0x2ad60108d555]
[eu-ms-017-40:26230] [11] code/build_output/main[0x40db3f]
[eu-ms-017-40:26230] *** End of error message ***
/usr/lib64/libc.so.6(__libc_start_main+0xf5)[0x2b0b0c27b555]
[eu-ms-022-34:08597] [11] code/build_output/main[0x40db3f]
[eu-ms-022-34:08597] *** End of error message ***
code/build_output/main[0x40db3f]
[eu-ms-017-38:06675] *** End of error message ***
--------------------------------------------------------------------------
Primary job  terminated normally, but 1 process returned
a non-zero exit code. Per user-direction, the job has been aborted.
--------------------------------------------------------------------------
--------------------------------------------------------------------------
mpirun noticed that process rank 42 with PID 16776 on node eu-ms-022-24 exited on signal 6 (Aborted).
--------------------------------------------------------------------------
