18: Starting numprocs=40 N=8192, M=8192 impl=rabenseifner-scatter
16: Starting numprocs=40 N=8192, M=8192 impl=rabenseifner-scatter
37: Starting numprocs=40 N=8192, M=8192 impl=rabenseifner-scatter
17: Starting numprocs=40 N=8192, M=8192 impl=rabenseifner-scatter
36: Starting numprocs=40 N=8192, M=8192 impl=rabenseifner-scatter
38: Starting numprocs=40 N=8192, M=8192 impl=rabenseifner-scatter
1: Starting numprocs=40 N=8192, M=8192 impl=rabenseifner-scatter
9: Starting numprocs=40 N=8192, M=8192 impl=rabenseifner-scatter
5: Starting numprocs=40 N=8192, M=8192 impl=rabenseifner-scatter
31: Starting numprocs=40 N=8192, M=8192 impl=rabenseifner-scatter
11: Starting numprocs=40 N=8192, M=8192 impl=rabenseifner-scatter
10: Starting numprocs=40 N=8192, M=8192 impl=rabenseifner-scatter
4: Starting numprocs=40 N=8192, M=8192 impl=rabenseifner-scatter
15: Starting numprocs=40 N=8192, M=8192 impl=rabenseifner-scatter
3: Starting numprocs=40 N=8192, M=8192 impl=rabenseifner-scatter
6: Starting numprocs=40 N=8192, M=8192 impl=rabenseifner-scatter
34: Starting numprocs=40 N=8192, M=8192 impl=rabenseifner-scatter
0: Starting numprocs=40 N=8192, M=8192 impl=rabenseifner-scatter
Iteration 0
39: Starting numprocs=40 N=8192, M=8192 impl=rabenseifner-scatter
7: Starting numprocs=40 N=8192, M=8192 impl=rabenseifner-scatter
14: Starting numprocs=40 N=8192, M=8192 impl=rabenseifner-scatter
35: Starting numprocs=40 N=8192, M=8192 impl=rabenseifner-scatter
8: Starting numprocs=40 N=8192, M=8192 impl=rabenseifner-scatter
13: Starting numprocs=40 N=8192, M=8192 impl=rabenseifner-scatter
12: Starting numprocs=40 N=8192, M=8192 impl=rabenseifner-scatter
32: Starting numprocs=40 N=8192, M=8192 impl=rabenseifner-scatter
2: Starting numprocs=40 N=8192, M=8192 impl=rabenseifner-scatter
33: Starting numprocs=40 N=8192, M=8192 impl=rabenseifner-scatter
24: Starting numprocs=40 N=8192, M=8192 impl=rabenseifner-scatter
21: Starting numprocs=40 N=8192, M=8192 impl=rabenseifner-scatter
23: Starting numprocs=40 N=8192, M=8192 impl=rabenseifner-scatter
27: Starting numprocs=40 N=8192, M=8192 impl=rabenseifner-scatter
28: Starting numprocs=40 N=8192, M=8192 impl=rabenseifner-scatter
25: Starting numprocs=40 N=8192, M=8192 impl=rabenseifner-scatter
20: Starting numprocs=40 N=8192, M=8192 impl=rabenseifner-scatter
22: Starting numprocs=40 N=8192, M=8192 impl=rabenseifner-scatter
19: Starting numprocs=40 N=8192, M=8192 impl=rabenseifner-scatter
30: Starting numprocs=40 N=8192, M=8192 impl=rabenseifner-scatter
26: Starting numprocs=40 N=8192, M=8192 impl=rabenseifner-scatter
29: Starting numprocs=40 N=8192, M=8192 impl=rabenseifner-scatter
18: Starting Rabenseifner with non-power-of-2 numprocs=40
4: Starting Rabenseifner with non-power-of-2 numprocs=40
36: Starting Rabenseifner with non-power-of-2 numprocs=40
28: Starting Rabenseifner with non-power-of-2 numprocs=40
20: Starting Rabenseifner with non-power-of-2 numprocs=40
12: Starting Rabenseifner with non-power-of-2 numprocs=40
10: Starting Rabenseifner with non-power-of-2 numprocs=40
34: Starting Rabenseifner with non-power-of-2 numprocs=40
26: Starting Rabenseifner with non-power-of-2 numprocs=40
2: Starting Rabenseifner with non-power-of-2 numprocs=40
22: Starting Rabenseifner with non-power-of-2 numprocs=40
38: Starting Rabenseifner with non-power-of-2 numprocs=40
14: Starting Rabenseifner with non-power-of-2 numprocs=40
30: Starting Rabenseifner with non-power-of-2 numprocs=40
6: Starting Rabenseifner with non-power-of-2 numprocs=40
13: Starting Rabenseifner with non-power-of-2 numprocs=40
3: Starting Rabenseifner with non-power-of-2 numprocs=40
11: Starting Rabenseifner with non-power-of-2 numprocs=40
35: Starting Rabenseifner with non-power-of-2 numprocs=40
19: Starting Rabenseifner with non-power-of-2 numprocs=40
27: Starting Rabenseifner with non-power-of-2 numprocs=40
15: Starting Rabenseifner with non-power-of-2 numprocs=40
31: Starting Rabenseifner with non-power-of-2 numprocs=40
23: Starting Rabenseifner with non-power-of-2 numprocs=40
39: Starting Rabenseifner with non-power-of-2 numprocs=40
7: Starting Rabenseifner with non-power-of-2 numprocs=40
17: Starting Rabenseifner with non-power-of-2 numprocs=40
37: Starting Rabenseifner with non-power-of-2 numprocs=40
5: Starting Rabenseifner with non-power-of-2 numprocs=40
29: Starting Rabenseifner with non-power-of-2 numprocs=40
21: Starting Rabenseifner with non-power-of-2 numprocs=40
9: Starting Rabenseifner with non-power-of-2 numprocs=40
1: Starting Rabenseifner with non-power-of-2 numprocs=40
33: Starting Rabenseifner with non-power-of-2 numprocs=40
25: Starting Rabenseifner with non-power-of-2 numprocs=40
24: Starting Rabenseifner with non-power-of-2 numprocs=40
0: Starting Rabenseifner with non-power-of-2 numprocs=40
16: Starting Rabenseifner with non-power-of-2 numprocs=40
8: Starting Rabenseifner with non-power-of-2 numprocs=40
32: Starting Rabenseifner with non-power-of-2 numprocs=40
time: 0.000015s
Iteration 1
0: Starting Rabenseifner with non-power-of-2 numprocs=40
time: 0.000012s
38: Starting Rabenseifner with non-power-of-2 numprocs=40
36: Starting Rabenseifner with non-power-of-2 numprocs=40
16: Starting Rabenseifner with non-power-of-2 numprocs=40
18: Starting Rabenseifner with non-power-of-2 numprocs=40
14: Starting Rabenseifner with non-power-of-2 numprocs=40
2: Starting Rabenseifner with non-power-of-2 numprocs=40
9: Starting Rabenseifner with non-power-of-2 numprocs=40
23: Starting Rabenseifner with non-power-of-2 numprocs=40
37: Starting Rabenseifner with non-power-of-2 numprocs=40
35: Starting Rabenseifner with non-power-of-2 numprocs=40
17: Starting Rabenseifner with non-power-of-2 numprocs=40
13: Starting Rabenseifner with non-power-of-2 numprocs=40
28: Starting Rabenseifner with non-power-of-2 numprocs=40
5: Starting Rabenseifner with non-power-of-2 numprocs=40
10: Starting Rabenseifner with non-power-of-2 numprocs=40
31: Starting Rabenseifner with non-power-of-2 numprocs=40
20: Starting Rabenseifner with non-power-of-2 numprocs=40
8: Starting Rabenseifner with non-power-of-2 numprocs=40
30: Starting Rabenseifner with non-power-of-2 numprocs=40
32: Starting Rabenseifner with non-power-of-2 numprocs=40
34: Starting Rabenseifner with non-power-of-2 numprocs=40
1: Starting Rabenseifner with non-power-of-2 numprocs=40
39: Starting Rabenseifner with non-power-of-2 numprocs=40
3: Starting Rabenseifner with non-power-of-2 numprocs=40
6: Starting Rabenseifner with non-power-of-2 numprocs=40
7: Starting Rabenseifner with non-power-of-2 numprocs=40
12: Starting Rabenseifner with non-power-of-2 numprocs=40
26: Starting Rabenseifner with non-power-of-2 numprocs=40
4: Starting Rabenseifner with non-power-of-2 numprocs=40
27: Starting Rabenseifner with non-power-of-2 numprocs=40
33: Starting Rabenseifner with non-power-of-2 numprocs=40
29: Starting Rabenseifner with non-power-of-2 numprocs=40
22: Starting Rabenseifner with non-power-of-2 numprocs=40
25: Starting Rabenseifner with non-power-of-2 numprocs=40
Iteration 2
11: Starting Rabenseifner with non-power-of-2 numprocs=40
15: Starting Rabenseifner with non-power-of-2 numprocs=40
24: Starting Rabenseifner with non-power-of-2 numprocs=40
19: Starting Rabenseifner with non-power-of-2 numprocs=40
21: Starting Rabenseifner with non-power-of-2 numprocs=40
0: Starting Rabenseifner with non-power-of-2 numprocs=40
38: Starting Rabenseifner with non-power-of-2 numprocs=40
17: Starting Rabenseifner with non-power-of-2 numprocs=40
36: Starting Rabenseifner with non-power-of-2 numprocs=40
18: Starting Rabenseifner with non-power-of-2 numprocs=40
14: Starting Rabenseifner with non-power-of-2 numprocs=40
11: Starting Rabenseifner with non-power-of-2 numprocs=40
9: Starting Rabenseifner with non-power-of-2 numprocs=40
23: Starting Rabenseifner with non-power-of-2 numprocs=40
15: Starting Rabenseifner with non-power-of-2 numprocs=40
37: Starting Rabenseifner with non-power-of-2 numprocs=40
35: Starting Rabenseifner with non-power-of-2 numprocs=40
28: Starting Rabenseifner with non-power-of-2 numprocs=40
5: Starting Rabenseifner with non-power-of-2 numprocs=40
16: Starting Rabenseifner with non-power-of-2 numprocs=40
31: Starting Rabenseifner with non-power-of-2 numprocs=40
24: Starting Rabenseifner with non-power-of-2 numprocs=40
20: Starting Rabenseifner with non-power-of-2 numprocs=40
19: Starting Rabenseifner with non-power-of-2 numprocs=40
30: Starting Rabenseifner with non-power-of-2 numprocs=40
32: Starting Rabenseifner with non-power-of-2 numprocs=40
34: Starting Rabenseifner with non-power-of-2 numprocs=40
1: Starting Rabenseifner with non-power-of-2 numprocs=40
39: Starting Rabenseifner with non-power-of-2 numprocs=40
6: Starting Rabenseifner with non-power-of-2 numprocs=40
7: Starting Rabenseifner with non-power-of-2 numprocs=40
12: Starting Rabenseifner with non-power-of-2 numprocs=40
26: Starting Rabenseifner with non-power-of-2 numprocs=40
4: Starting Rabenseifner with non-power-of-2 numprocs=40
27: Starting Rabenseifner with non-power-of-2 numprocs=40
33: Starting Rabenseifner with non-power-of-2 numprocs=40
21: Starting Rabenseifner with non-power-of-2 numprocs=40
22: Starting Rabenseifner with non-power-of-2 numprocs=40
25: Starting Rabenseifner with non-power-of-2 numprocs=40
time: 0.000011s
Iteration 3
2: Starting Rabenseifner with non-power-of-2 numprocs=40
13: Starting Rabenseifner with non-power-of-2 numprocs=40
10: Starting Rabenseifner with non-power-of-2 numprocs=40
8: Starting Rabenseifner with non-power-of-2 numprocs=40
3: Starting Rabenseifner with non-power-of-2 numprocs=40
29: Starting Rabenseifner with non-power-of-2 numprocs=40
0: Starting Rabenseifner with non-power-of-2 numprocs=40
18: Starting Rabenseifner with non-power-of-2 numprocs=40
38: Starting Rabenseifner with non-power-of-2 numprocs=40
31: Starting Rabenseifner with non-power-of-2 numprocs=40
14: Starting Rabenseifner with non-power-of-2 numprocs=40
11: Starting Rabenseifner with non-power-of-2 numprocs=40
9: Starting Rabenseifner with non-power-of-2 numprocs=40
23: Starting Rabenseifner with non-power-of-2 numprocs=40
15: Starting Rabenseifner with non-power-of-2 numprocs=40
37: Starting Rabenseifner with non-power-of-2 numprocs=40
35: Starting Rabenseifner with non-power-of-2 numprocs=40
17: Starting Rabenseifner with non-power-of-2 numprocs=40
13: Starting Rabenseifner with non-power-of-2 numprocs=40
28: Starting Rabenseifner with non-power-of-2 numprocs=40
5: Starting Rabenseifner with non-power-of-2 numprocs=40
36: Starting Rabenseifner with non-power-of-2 numprocs=40
16: Starting Rabenseifner with non-power-of-2 numprocs=40
24: Starting Rabenseifner with non-power-of-2 numprocs=40
19: Starting Rabenseifner with non-power-of-2 numprocs=40
30: Starting Rabenseifner with non-power-of-2 numprocs=40
32: Starting Rabenseifner with non-power-of-2 numprocs=40
34: Starting Rabenseifner with non-power-of-2 numprocs=40
1: Starting Rabenseifner with non-power-of-2 numprocs=40
39: Starting Rabenseifner with non-power-of-2 numprocs=40
3: Starting Rabenseifner with non-power-of-2 numprocs=40
6: Starting Rabenseifner with non-power-of-2 numprocs=40
7: Starting Rabenseifner with non-power-of-2 numprocs=40
12: Starting Rabenseifner with non-power-of-2 numprocs=40
26: Starting Rabenseifner with non-power-of-2 numprocs=40
4: Starting Rabenseifner with non-power-of-2 numprocs=40
27: Starting Rabenseifner with non-power-of-2 numprocs=40
33: Starting Rabenseifner with non-power-of-2 numprocs=40
29: Starting Rabenseifner with non-power-of-2 numprocs=40
21: Starting Rabenseifner with non-power-of-2 numprocs=40
22: Starting Rabenseifner with non-power-of-2 numprocs=40
25: Starting Rabenseifner with non-power-of-2 numprocs=40
time: 0.000013s
Iteration 4
2: Starting Rabenseifner with non-power-of-2 numprocs=40
10: Starting Rabenseifner with non-power-of-2 numprocs=40
20: Starting Rabenseifner with non-power-of-2 numprocs=40
8: Starting Rabenseifner with non-power-of-2 numprocs=40
0: Starting Rabenseifner with non-power-of-2 numprocs=40
time: 0.000013s
Iteration 5
18: Starting Rabenseifner with non-power-of-2 numprocs=40
14: Starting Rabenseifner with non-power-of-2 numprocs=40
11: Starting Rabenseifner with non-power-of-2 numprocs=40
2: Starting Rabenseifner with non-power-of-2 numprocs=40
9: Starting Rabenseifner with non-power-of-2 numprocs=40
23: Starting Rabenseifner with non-power-of-2 numprocs=40
15: Starting Rabenseifner with non-power-of-2 numprocs=40
38: Starting Rabenseifner with non-power-of-2 numprocs=40
37: Starting Rabenseifner with non-power-of-2 numprocs=40
35: Starting Rabenseifner with non-power-of-2 numprocs=40
17: Starting Rabenseifner with non-power-of-2 numprocs=40
13: Starting Rabenseifner with non-power-of-2 numprocs=40
28: Starting Rabenseifner with non-power-of-2 numprocs=40
5: Starting Rabenseifner with non-power-of-2 numprocs=40
10: Starting Rabenseifner with non-power-of-2 numprocs=40
36: Starting Rabenseifner with non-power-of-2 numprocs=40
16: Starting Rabenseifner with non-power-of-2 numprocs=40
31: Starting Rabenseifner with non-power-of-2 numprocs=40
24: Starting Rabenseifner with non-power-of-2 numprocs=40
20: Starting Rabenseifner with non-power-of-2 numprocs=40
8: Starting Rabenseifner with non-power-of-2 numprocs=40
19: Starting Rabenseifner with non-power-of-2 numprocs=40
30: Starting Rabenseifner with non-power-of-2 numprocs=40
32: Starting Rabenseifner with non-power-of-2 numprocs=40
34: Starting Rabenseifner with non-power-of-2 numprocs=40
1: Starting Rabenseifner with non-power-of-2 numprocs=40
39: Starting Rabenseifner with non-power-of-2 numprocs=40
3: Starting Rabenseifner with non-power-of-2 numprocs=40
6: Starting Rabenseifner with non-power-of-2 numprocs=40
7: Starting Rabenseifner with non-power-of-2 numprocs=40
12: Starting Rabenseifner with non-power-of-2 numprocs=40
26: Starting Rabenseifner with non-power-of-2 numprocs=40
4: Starting Rabenseifner with non-power-of-2 numprocs=40
27: Starting Rabenseifner with non-power-of-2 numprocs=40
33: Starting Rabenseifner with non-power-of-2 numprocs=40
29: Starting Rabenseifner with non-power-of-2 numprocs=40
21: Starting Rabenseifner with non-power-of-2 numprocs=40
22: Starting Rabenseifner with non-power-of-2 numprocs=40
25: Starting Rabenseifner with non-power-of-2 numprocs=40
0: Starting Rabenseifner with non-power-of-2 numprocs=40
time: 0.000014s
Iteration 6
18: Starting Rabenseifner with non-power-of-2 numprocs=40
14: Starting Rabenseifner with non-power-of-2 numprocs=40
11: Starting Rabenseifner with non-power-of-2 numprocs=40
2: Starting Rabenseifner with non-power-of-2 numprocs=40
9: Starting Rabenseifner with non-power-of-2 numprocs=40
23: Starting Rabenseifner with non-power-of-2 numprocs=40
15: Starting Rabenseifner with non-power-of-2 numprocs=40
38: Starting Rabenseifner with non-power-of-2 numprocs=40
37: Starting Rabenseifner with non-power-of-2 numprocs=40
35: Starting Rabenseifner with non-power-of-2 numprocs=40
17: Starting Rabenseifner with non-power-of-2 numprocs=40
13: Starting Rabenseifner with non-power-of-2 numprocs=40
28: Starting Rabenseifner with non-power-of-2 numprocs=40
5: Starting Rabenseifner with non-power-of-2 numprocs=40
10: Starting Rabenseifner with non-power-of-2 numprocs=40
36: Starting Rabenseifner with non-power-of-2 numprocs=40
16: Starting Rabenseifner with non-power-of-2 numprocs=40
31: Starting Rabenseifner with non-power-of-2 numprocs=40
24: Starting Rabenseifner with non-power-of-2 numprocs=40
20: Starting Rabenseifner with non-power-of-2 numprocs=40
8: Starting Rabenseifner with non-power-of-2 numprocs=40
19: Starting Rabenseifner with non-power-of-2 numprocs=40
30: Starting Rabenseifner with non-power-of-2 numprocs=40
32: Starting Rabenseifner with non-power-of-2 numprocs=40
34: Starting Rabenseifner with non-power-of-2 numprocs=40
1: Starting Rabenseifner with non-power-of-2 numprocs=40
39: Starting Rabenseifner with non-power-of-2 numprocs=40
3: Starting Rabenseifner with non-power-of-2 numprocs=40
6: Starting Rabenseifner with non-power-of-2 numprocs=40
7: Starting Rabenseifner with non-power-of-2 numprocs=40
12: Starting Rabenseifner with non-power-of-2 numprocs=40
26: Starting Rabenseifner with non-power-of-2 numprocs=40
4: Starting Rabenseifner with non-power-of-2 numprocs=40
27: Starting Rabenseifner with non-power-of-2 numprocs=40
33: Starting Rabenseifner with non-power-of-2 numprocs=40
29: Starting Rabenseifner with non-power-of-2 numprocs=40
21: Starting Rabenseifner with non-power-of-2 numprocs=40
22: Starting Rabenseifner with non-power-of-2 numprocs=40
25: Starting Rabenseifner with non-power-of-2 numprocs=40
0: Starting Rabenseifner with non-power-of-2 numprocs=40
time: 0.000012s
Iteration 7
18: Starting Rabenseifner with non-power-of-2 numprocs=40
14: Starting Rabenseifner with non-power-of-2 numprocs=40
11: Starting Rabenseifner with non-power-of-2 numprocs=40
2: Starting Rabenseifner with non-power-of-2 numprocs=40
9: Starting Rabenseifner with non-power-of-2 numprocs=40
23: Starting Rabenseifner with non-power-of-2 numprocs=40
15: Starting Rabenseifner with non-power-of-2 numprocs=40
38: Starting Rabenseifner with non-power-of-2 numprocs=40
37: Starting Rabenseifner with non-power-of-2 numprocs=40
35: Starting Rabenseifner with non-power-of-2 numprocs=40
17: Starting Rabenseifner with non-power-of-2 numprocs=40
13: Starting Rabenseifner with non-power-of-2 numprocs=40
28: Starting Rabenseifner with non-power-of-2 numprocs=40
5: Starting Rabenseifner with non-power-of-2 numprocs=40
10: Starting Rabenseifner with non-power-of-2 numprocs=40
36: Starting Rabenseifner with non-power-of-2 numprocs=40
16: Starting Rabenseifner with non-power-of-2 numprocs=40
31: Starting Rabenseifner with non-power-of-2 numprocs=40
24: Starting Rabenseifner with non-power-of-2 numprocs=40
20: Starting Rabenseifner with non-power-of-2 numprocs=40
8: Starting Rabenseifner with non-power-of-2 numprocs=40
19: Starting Rabenseifner with non-power-of-2 numprocs=40
30: Starting Rabenseifner with non-power-of-2 numprocs=40
32: Starting Rabenseifner with non-power-of-2 numprocs=40
34: Starting Rabenseifner with non-power-of-2 numprocs=40
1: Starting Rabenseifner with non-power-of-2 numprocs=40
39: Starting Rabenseifner with non-power-of-2 numprocs=40
3: Starting Rabenseifner with non-power-of-2 numprocs=40
6: Starting Rabenseifner with non-power-of-2 numprocs=40
7: Starting Rabenseifner with non-power-of-2 numprocs=40
12: Starting Rabenseifner with non-power-of-2 numprocs=40
26: Starting Rabenseifner with non-power-of-2 numprocs=40
4: Starting Rabenseifner with non-power-of-2 numprocs=40
27: Starting Rabenseifner with non-power-of-2 numprocs=40
33: Starting Rabenseifner with non-power-of-2 numprocs=40
29: Starting Rabenseifner with non-power-of-2 numprocs=40
21: Starting Rabenseifner with non-power-of-2 numprocs=40
22: Starting Rabenseifner with non-power-of-2 numprocs=40
25: Starting Rabenseifner with non-power-of-2 numprocs=40
0: Starting Rabenseifner with non-power-of-2 numprocs=40
time: 0.000010s
Iteration 8
18: Starting Rabenseifner with non-power-of-2 numprocs=40
14: Starting Rabenseifner with non-power-of-2 numprocs=40
11: Starting Rabenseifner with non-power-of-2 numprocs=40
2: Starting Rabenseifner with non-power-of-2 numprocs=40
9: Starting Rabenseifner with non-power-of-2 numprocs=40
23: Starting Rabenseifner with non-power-of-2 numprocs=40
15: Starting Rabenseifner with non-power-of-2 numprocs=40
38: Starting Rabenseifner with non-power-of-2 numprocs=40
37: Starting Rabenseifner with non-power-of-2 numprocs=40
35: Starting Rabenseifner with non-power-of-2 numprocs=40
17: Starting Rabenseifner with non-power-of-2 numprocs=40
13: Starting Rabenseifner with non-power-of-2 numprocs=40
28: Starting Rabenseifner with non-power-of-2 numprocs=40
5: Starting Rabenseifner with non-power-of-2 numprocs=40
10: Starting Rabenseifner with non-power-of-2 numprocs=40
36: Starting Rabenseifner with non-power-of-2 numprocs=40
31: Starting Rabenseifner with non-power-of-2 numprocs=40
24: Starting Rabenseifner with non-power-of-2 numprocs=40
20: Starting Rabenseifner with non-power-of-2 numprocs=40
8: Starting Rabenseifner with non-power-of-2 numprocs=40
19: Starting Rabenseifner with non-power-of-2 numprocs=40
30: Starting Rabenseifner with non-power-of-2 numprocs=40
32: Starting Rabenseifner with non-power-of-2 numprocs=40
34: Starting Rabenseifner with non-power-of-2 numprocs=40
1: Starting Rabenseifner with non-power-of-2 numprocs=40
39: Starting Rabenseifner with non-power-of-2 numprocs=40
3: Starting Rabenseifner with non-power-of-2 numprocs=40
6: Starting Rabenseifner with non-power-of-2 numprocs=40
7: Starting Rabenseifner with non-power-of-2 numprocs=40
12: Starting Rabenseifner with non-power-of-2 numprocs=40
26: Starting Rabenseifner with non-power-of-2 numprocs=40
4: Starting Rabenseifner with non-power-of-2 numprocs=40
27: Starting Rabenseifner with non-power-of-2 numprocs=40
33: Starting Rabenseifner with non-power-of-2 numprocs=40
29: Starting Rabenseifner with non-power-of-2 numprocs=40
21: Starting Rabenseifner with non-power-of-2 numprocs=40
22: Starting Rabenseifner with non-power-of-2 numprocs=40
25: Starting Rabenseifner with non-power-of-2 numprocs=40
16: Starting Rabenseifner with non-power-of-2 numprocs=40
0: Starting Rabenseifner with non-power-of-2 numprocs=40
18: Starting Rabenseifner with non-power-of-2 numprocs=40
36: Starting Rabenseifner with non-power-of-2 numprocs=40
16: Starting Rabenseifner with non-power-of-2 numprocs=40
11: Starting Rabenseifner with non-power-of-2 numprocs=40
2: Starting Rabenseifner with non-power-of-2 numprocs=40
9: Starting Rabenseifner with non-power-of-2 numprocs=40
38: Starting Rabenseifner with non-power-of-2 numprocs=40
37: Starting Rabenseifner with non-power-of-2 numprocs=40
17: Starting Rabenseifner with non-power-of-2 numprocs=40
13: Starting Rabenseifner with non-power-of-2 numprocs=40
5: Starting Rabenseifner with non-power-of-2 numprocs=40
10: Starting Rabenseifner with non-power-of-2 numprocs=40
31: Starting Rabenseifner with non-power-of-2 numprocs=40
20: Starting Rabenseifner with non-power-of-2 numprocs=40
8: Starting Rabenseifner with non-power-of-2 numprocs=40
30: Starting Rabenseifner with non-power-of-2 numprocs=40
34: Starting Rabenseifner with non-power-of-2 numprocs=40
1: Starting Rabenseifner with non-power-of-2 numprocs=40
3: Starting Rabenseifner with non-power-of-2 numprocs=40
6: Starting Rabenseifner with non-power-of-2 numprocs=40
7: Starting Rabenseifner with non-power-of-2 numprocs=40
26: Starting Rabenseifner with non-power-of-2 numprocs=40
4: Starting Rabenseifner with non-power-of-2 numprocs=40
27: Starting Rabenseifner with non-power-of-2 numprocs=40
33: Starting Rabenseifner with non-power-of-2 numprocs=40
29: Starting Rabenseifner with non-power-of-2 numprocs=40
21: Starting Rabenseifner with non-power-of-2 numprocs=40
time: 0.000013s
Iteration 9
14: Starting Rabenseifner with non-power-of-2 numprocs=40
23: Starting Rabenseifner with non-power-of-2 numprocs=40
15: Starting Rabenseifner with non-power-of-2 numprocs=40
35: Starting Rabenseifner with non-power-of-2 numprocs=40
28: Starting Rabenseifner with non-power-of-2 numprocs=40
24: Starting Rabenseifner with non-power-of-2 numprocs=40
19: Starting Rabenseifner with non-power-of-2 numprocs=40
32: Starting Rabenseifner with non-power-of-2 numprocs=40
39: Starting Rabenseifner with non-power-of-2 numprocs=40
12: Starting Rabenseifner with non-power-of-2 numprocs=40
22: Starting Rabenseifner with non-power-of-2 numprocs=40
25: Starting Rabenseifner with non-power-of-2 numprocs=40
0: Starting Rabenseifner with non-power-of-2 numprocs=40
38: Starting Rabenseifner with non-power-of-2 numprocs=40
17: Starting Rabenseifner with non-power-of-2 numprocs=40
18: Starting Rabenseifner with non-power-of-2 numprocs=40
2: Starting Rabenseifner with non-power-of-2 numprocs=40
9: Starting Rabenseifner with non-power-of-2 numprocs=40
37: Starting Rabenseifner with non-power-of-2 numprocs=40
13: Starting Rabenseifner with non-power-of-2 numprocs=40
10: Starting Rabenseifner with non-power-of-2 numprocs=40
36: Starting Rabenseifner with non-power-of-2 numprocs=40
16: Starting Rabenseifner with non-power-of-2 numprocs=40
31: Starting Rabenseifner with non-power-of-2 numprocs=40
8: Starting Rabenseifner with non-power-of-2 numprocs=40
30: Starting Rabenseifner with non-power-of-2 numprocs=40
32: Starting Rabenseifner with non-power-of-2 numprocs=40
34: Starting Rabenseifner with non-power-of-2 numprocs=40
1: Starting Rabenseifner with non-power-of-2 numprocs=40
3: Starting Rabenseifner with non-power-of-2 numprocs=40
6: Starting Rabenseifner with non-power-of-2 numprocs=40
7: Starting Rabenseifner with non-power-of-2 numprocs=40
12: Starting Rabenseifner with non-power-of-2 numprocs=40
26: Starting Rabenseifner with non-power-of-2 numprocs=40
4: Starting Rabenseifner with non-power-of-2 numprocs=40
27: Starting Rabenseifner with non-power-of-2 numprocs=40
33: Starting Rabenseifner with non-power-of-2 numprocs=40
29: Starting Rabenseifner with non-power-of-2 numprocs=40
25: Starting Rabenseifner with non-power-of-2 numprocs=40
time: 0.000013s
Iteration 10
14: Starting Rabenseifner with non-power-of-2 numprocs=40
11: Starting Rabenseifner with non-power-of-2 numprocs=40
23: Starting Rabenseifner with non-power-of-2 numprocs=40
15: Starting Rabenseifner with non-power-of-2 numprocs=40
35: Starting Rabenseifner with non-power-of-2 numprocs=40
28: Starting Rabenseifner with non-power-of-2 numprocs=40
5: Starting Rabenseifner with non-power-of-2 numprocs=40
24: Starting Rabenseifner with non-power-of-2 numprocs=40
20: Starting Rabenseifner with non-power-of-2 numprocs=40
19: Starting Rabenseifner with non-power-of-2 numprocs=40
39: Starting Rabenseifner with non-power-of-2 numprocs=40
21: Starting Rabenseifner with non-power-of-2 numprocs=40
22: Starting Rabenseifner with non-power-of-2 numprocs=40
0: Starting Rabenseifner with non-power-of-2 numprocs=40
18: Starting Rabenseifner with non-power-of-2 numprocs=40
17: Starting Rabenseifner with non-power-of-2 numprocs=40
36: Starting Rabenseifner with non-power-of-2 numprocs=40
14: Starting Rabenseifner with non-power-of-2 numprocs=40
11: Starting Rabenseifner with non-power-of-2 numprocs=40
2: Starting Rabenseifner with non-power-of-2 numprocs=40
9: Starting Rabenseifner with non-power-of-2 numprocs=40
23: Starting Rabenseifner with non-power-of-2 numprocs=40
38: Starting Rabenseifner with non-power-of-2 numprocs=40
37: Starting Rabenseifner with non-power-of-2 numprocs=40
13: Starting Rabenseifner with non-power-of-2 numprocs=40
28: Starting Rabenseifner with non-power-of-2 numprocs=40
5: Starting Rabenseifner with non-power-of-2 numprocs=40
10: Starting Rabenseifner with non-power-of-2 numprocs=40
16: Starting Rabenseifner with non-power-of-2 numprocs=40
31: Starting Rabenseifner with non-power-of-2 numprocs=40
24: Starting Rabenseifner with non-power-of-2 numprocs=40
20: Starting Rabenseifner with non-power-of-2 numprocs=40
8: Starting Rabenseifner with non-power-of-2 numprocs=40
19: Starting Rabenseifner with non-power-of-2 numprocs=40
30: Starting Rabenseifner with non-power-of-2 numprocs=40
32: Starting Rabenseifner with non-power-of-2 numprocs=40
34: Starting Rabenseifner with non-power-of-2 numprocs=40
1: Starting Rabenseifner with non-power-of-2 numprocs=40
39: Starting Rabenseifner with non-power-of-2 numprocs=40
3: Starting Rabenseifner with non-power-of-2 numprocs=40
6: Starting Rabenseifner with non-power-of-2 numprocs=40
7: Starting Rabenseifner with non-power-of-2 numprocs=40
12: Starting Rabenseifner with non-power-of-2 numprocs=40
26: Starting Rabenseifner with non-power-of-2 numprocs=40
4: Starting Rabenseifner with non-power-of-2 numprocs=40
27: Starting Rabenseifner with non-power-of-2 numprocs=40
33: Starting Rabenseifner with non-power-of-2 numprocs=40
29: Starting Rabenseifner with non-power-of-2 numprocs=40
21: Starting Rabenseifner with non-power-of-2 numprocs=40
22: Starting Rabenseifner with non-power-of-2 numprocs=40
25: Starting Rabenseifner with non-power-of-2 numprocs=40
time: 0.000013s
Iteration 11
15: Starting Rabenseifner with non-power-of-2 numprocs=40
35: Starting Rabenseifner with non-power-of-2 numprocs=40
0: Starting Rabenseifner with non-power-of-2 numprocs=40
38: Starting Rabenseifner with non-power-of-2 numprocs=40
17: Starting Rabenseifner with non-power-of-2 numprocs=40
36: Starting Rabenseifner with non-power-of-2 numprocs=40
18: Starting Rabenseifner with non-power-of-2 numprocs=40
14: Starting Rabenseifner with non-power-of-2 numprocs=40
11: Starting Rabenseifner with non-power-of-2 numprocs=40
2: Starting Rabenseifner with non-power-of-2 numprocs=40
9: Starting Rabenseifner with non-power-of-2 numprocs=40
15: Starting Rabenseifner with non-power-of-2 numprocs=40
37: Starting Rabenseifner with non-power-of-2 numprocs=40
35: Starting Rabenseifner with non-power-of-2 numprocs=40
13: Starting Rabenseifner with non-power-of-2 numprocs=40
28: Starting Rabenseifner with non-power-of-2 numprocs=40
5: Starting Rabenseifner with non-power-of-2 numprocs=40
10: Starting Rabenseifner with non-power-of-2 numprocs=40
16: Starting Rabenseifner with non-power-of-2 numprocs=40
31: Starting Rabenseifner with non-power-of-2 numprocs=40
24: Starting Rabenseifner with non-power-of-2 numprocs=40
20: Starting Rabenseifner with non-power-of-2 numprocs=40
8: Starting Rabenseifner with non-power-of-2 numprocs=40
19: Starting Rabenseifner with non-power-of-2 numprocs=40
30: Starting Rabenseifner with non-power-of-2 numprocs=40
32: Starting Rabenseifner with non-power-of-2 numprocs=40
34: Starting Rabenseifner with non-power-of-2 numprocs=40
1: Starting Rabenseifner with non-power-of-2 numprocs=40
3: Starting Rabenseifner with non-power-of-2 numprocs=40
6: Starting Rabenseifner with non-power-of-2 numprocs=40
12: Starting Rabenseifner with non-power-of-2 numprocs=40
26: Starting Rabenseifner with non-power-of-2 numprocs=40
4: Starting Rabenseifner with non-power-of-2 numprocs=40
27: Starting Rabenseifner with non-power-of-2 numprocs=40
33: Starting Rabenseifner with non-power-of-2 numprocs=40
29: Starting Rabenseifner with non-power-of-2 numprocs=40
21: Starting Rabenseifner with non-power-of-2 numprocs=40
time: 0.000012s
Iteration 12
23: Starting Rabenseifner with non-power-of-2 numprocs=40
39: Starting Rabenseifner with non-power-of-2 numprocs=40
7: Starting Rabenseifner with non-power-of-2 numprocs=40
22: Starting Rabenseifner with non-power-of-2 numprocs=40
25: Starting Rabenseifner with non-power-of-2 numprocs=40
0: Starting Rabenseifner with non-power-of-2 numprocs=40
37: Starting Rabenseifner with non-power-of-2 numprocs=40
17: Starting Rabenseifner with non-power-of-2 numprocs=40
36: Starting Rabenseifner with non-power-of-2 numprocs=40
16: Starting Rabenseifner with non-power-of-2 numprocs=40
18: Starting Rabenseifner with non-power-of-2 numprocs=40
14: Starting Rabenseifner with non-power-of-2 numprocs=40
11: Starting Rabenseifner with non-power-of-2 numprocs=40
2: Starting Rabenseifner with non-power-of-2 numprocs=40
9: Starting Rabenseifner with non-power-of-2 numprocs=40
23: Starting Rabenseifner with non-power-of-2 numprocs=40
15: Starting Rabenseifner with non-power-of-2 numprocs=40
38: Starting Rabenseifner with non-power-of-2 numprocs=40
35: Starting Rabenseifner with non-power-of-2 numprocs=40
13: Starting Rabenseifner with non-power-of-2 numprocs=40
28: Starting Rabenseifner with non-power-of-2 numprocs=40
5: Starting Rabenseifner with non-power-of-2 numprocs=40
10: Starting Rabenseifner with non-power-of-2 numprocs=40
31: Starting Rabenseifner with non-power-of-2 numprocs=40
24: Starting Rabenseifner with non-power-of-2 numprocs=40
20: Starting Rabenseifner with non-power-of-2 numprocs=40
8: Starting Rabenseifner with non-power-of-2 numprocs=40
19: Starting Rabenseifner with non-power-of-2 numprocs=40
30: Starting Rabenseifner with non-power-of-2 numprocs=40
32: Starting Rabenseifner with non-power-of-2 numprocs=40
34: Starting Rabenseifner with non-power-of-2 numprocs=40
1: Starting Rabenseifner with non-power-of-2 numprocs=40
39: Starting Rabenseifner with non-power-of-2 numprocs=40
3: Starting Rabenseifner with non-power-of-2 numprocs=40
7: Starting Rabenseifner with non-power-of-2 numprocs=40
12: Starting Rabenseifner with non-power-of-2 numprocs=40
26: Starting Rabenseifner with non-power-of-2 numprocs=40
4: Starting Rabenseifner with non-power-of-2 numprocs=40
27: Starting Rabenseifner with non-power-of-2 numprocs=40
33: Starting Rabenseifner with non-power-of-2 numprocs=40
29: Starting Rabenseifner with non-power-of-2 numprocs=40
21: Starting Rabenseifner with non-power-of-2 numprocs=40
22: Starting Rabenseifner with non-power-of-2 numprocs=40
25: Starting Rabenseifner with non-power-of-2 numprocs=40
time: 0.000017s
Iteration 13
6: Starting Rabenseifner with non-power-of-2 numprocs=40
0: Starting Rabenseifner with non-power-of-2 numprocs=40
38: Starting Rabenseifner with non-power-of-2 numprocs=40
17: Starting Rabenseifner with non-power-of-2 numprocs=40
36: Starting Rabenseifner with non-power-of-2 numprocs=40
18: Starting Rabenseifner with non-power-of-2 numprocs=40
14: Starting Rabenseifner with non-power-of-2 numprocs=40
11: Starting Rabenseifner with non-power-of-2 numprocs=40
2: Starting Rabenseifner with non-power-of-2 numprocs=40
9: Starting Rabenseifner with non-power-of-2 numprocs=40
15: Starting Rabenseifner with non-power-of-2 numprocs=40
37: Starting Rabenseifner with non-power-of-2 numprocs=40
35: Starting Rabenseifner with non-power-of-2 numprocs=40
13: Starting Rabenseifner with non-power-of-2 numprocs=40
28: Starting Rabenseifner with non-power-of-2 numprocs=40
5: Starting Rabenseifner with non-power-of-2 numprocs=40
10: Starting Rabenseifner with non-power-of-2 numprocs=40
16: Starting Rabenseifner with non-power-of-2 numprocs=40
31: Starting Rabenseifner with non-power-of-2 numprocs=40
24: Starting Rabenseifner with non-power-of-2 numprocs=40
8: Starting Rabenseifner with non-power-of-2 numprocs=40
19: Starting Rabenseifner with non-power-of-2 numprocs=40
30: Starting Rabenseifner with non-power-of-2 numprocs=40
34: Starting Rabenseifner with non-power-of-2 numprocs=40
1: Starting Rabenseifner with non-power-of-2 numprocs=40
3: Starting Rabenseifner with non-power-of-2 numprocs=40
6: Starting Rabenseifner with non-power-of-2 numprocs=40
7: Starting Rabenseifner with non-power-of-2 numprocs=40
26: Starting Rabenseifner with non-power-of-2 numprocs=40
27: Starting Rabenseifner with non-power-of-2 numprocs=40
29: Starting Rabenseifner with non-power-of-2 numprocs=40
21: Starting Rabenseifner with non-power-of-2 numprocs=40
time: 0.000015s
Iteration 14
23: Starting Rabenseifner with non-power-of-2 numprocs=40
20: Starting Rabenseifner with non-power-of-2 numprocs=40
32: Starting Rabenseifner with non-power-of-2 numprocs=40
39: Starting Rabenseifner with non-power-of-2 numprocs=40
12: Starting Rabenseifner with non-power-of-2 numprocs=40
4: Starting Rabenseifner with non-power-of-2 numprocs=40
33: Starting Rabenseifner with non-power-of-2 numprocs=40
22: Starting Rabenseifner with non-power-of-2 numprocs=40
25: Starting Rabenseifner with non-power-of-2 numprocs=40
0: Starting Rabenseifner with non-power-of-2 numprocs=40
time: 0.000012s
Iteration 15
18: Starting Rabenseifner with non-power-of-2 numprocs=40
14: Starting Rabenseifner with non-power-of-2 numprocs=40
11: Starting Rabenseifner with non-power-of-2 numprocs=40
2: Starting Rabenseifner with non-power-of-2 numprocs=40
9: Starting Rabenseifner with non-power-of-2 numprocs=40
23: Starting Rabenseifner with non-power-of-2 numprocs=40
15: Starting Rabenseifner with non-power-of-2 numprocs=40
38: Starting Rabenseifner with non-power-of-2 numprocs=40
37: Starting Rabenseifner with non-power-of-2 numprocs=40
35: Starting Rabenseifner with non-power-of-2 numprocs=40
17: Starting Rabenseifner with non-power-of-2 numprocs=40
13: Starting Rabenseifner with non-power-of-2 numprocs=40
28: Starting Rabenseifner with non-power-of-2 numprocs=40
5: Starting Rabenseifner with non-power-of-2 numprocs=40
10: Starting Rabenseifner with non-power-of-2 numprocs=40
36: Starting Rabenseifner with non-power-of-2 numprocs=40
16: Starting Rabenseifner with non-power-of-2 numprocs=40
31: Starting Rabenseifner with non-power-of-2 numprocs=40
24: Starting Rabenseifner with non-power-of-2 numprocs=40
20: Starting Rabenseifner with non-power-of-2 numprocs=40
8: Starting Rabenseifner with non-power-of-2 numprocs=40
19: Starting Rabenseifner with non-power-of-2 numprocs=40
30: Starting Rabenseifner with non-power-of-2 numprocs=40
32: Starting Rabenseifner with non-power-of-2 numprocs=40
34: Starting Rabenseifner with non-power-of-2 numprocs=40
1: Starting Rabenseifner with non-power-of-2 numprocs=40
39: Starting Rabenseifner with non-power-of-2 numprocs=40
3: Starting Rabenseifner with non-power-of-2 numprocs=40
6: Starting Rabenseifner with non-power-of-2 numprocs=40
7: Starting Rabenseifner with non-power-of-2 numprocs=40
12: Starting Rabenseifner with non-power-of-2 numprocs=40
26: Starting Rabenseifner with non-power-of-2 numprocs=40
4: Starting Rabenseifner with non-power-of-2 numprocs=40
27: Starting Rabenseifner with non-power-of-2 numprocs=40
33: Starting Rabenseifner with non-power-of-2 numprocs=40
29: Starting Rabenseifner with non-power-of-2 numprocs=40
21: Starting Rabenseifner with non-power-of-2 numprocs=40
22: Starting Rabenseifner with non-power-of-2 numprocs=40
25: Starting Rabenseifner with non-power-of-2 numprocs=40
0: Starting Rabenseifner with non-power-of-2 numprocs=40
time: 0.000011s
Iteration 16
18: Starting Rabenseifner with non-power-of-2 numprocs=40
14: Starting Rabenseifner with non-power-of-2 numprocs=40
11: Starting Rabenseifner with non-power-of-2 numprocs=40
2: Starting Rabenseifner with non-power-of-2 numprocs=40
9: Starting Rabenseifner with non-power-of-2 numprocs=40
23: Starting Rabenseifner with non-power-of-2 numprocs=40
15: Starting Rabenseifner with non-power-of-2 numprocs=40
38: Starting Rabenseifner with non-power-of-2 numprocs=40
37: Starting Rabenseifner with non-power-of-2 numprocs=40
35: Starting Rabenseifner with non-power-of-2 numprocs=40
17: Starting Rabenseifner with non-power-of-2 numprocs=40
13: Starting Rabenseifner with non-power-of-2 numprocs=40
28: Starting Rabenseifner with non-power-of-2 numprocs=40
5: Starting Rabenseifner with non-power-of-2 numprocs=40
10: Starting Rabenseifner with non-power-of-2 numprocs=40
36: Starting Rabenseifner with non-power-of-2 numprocs=40
16: Starting Rabenseifner with non-power-of-2 numprocs=40
31: Starting Rabenseifner with non-power-of-2 numprocs=40
24: Starting Rabenseifner with non-power-of-2 numprocs=40
20: Starting Rabenseifner with non-power-of-2 numprocs=40
8: Starting Rabenseifner with non-power-of-2 numprocs=40
19: Starting Rabenseifner with non-power-of-2 numprocs=40
30: Starting Rabenseifner with non-power-of-2 numprocs=40
32: Starting Rabenseifner with non-power-of-2 numprocs=40
34: Starting Rabenseifner with non-power-of-2 numprocs=40
1: Starting Rabenseifner with non-power-of-2 numprocs=40
39: Starting Rabenseifner with non-power-of-2 numprocs=40
3: Starting Rabenseifner with non-power-of-2 numprocs=40
6: Starting Rabenseifner with non-power-of-2 numprocs=40
7: Starting Rabenseifner with non-power-of-2 numprocs=40
12: Starting Rabenseifner with non-power-of-2 numprocs=40
26: Starting Rabenseifner with non-power-of-2 numprocs=40
4: Starting Rabenseifner with non-power-of-2 numprocs=40
27: Starting Rabenseifner with non-power-of-2 numprocs=40
33: Starting Rabenseifner with non-power-of-2 numprocs=40
29: Starting Rabenseifner with non-power-of-2 numprocs=40
21: Starting Rabenseifner with non-power-of-2 numprocs=40
22: Starting Rabenseifner with non-power-of-2 numprocs=40
25: Starting Rabenseifner with non-power-of-2 numprocs=40
0: Starting Rabenseifner with non-power-of-2 numprocs=40
time: 0.000013s
Iteration 17
18: Starting Rabenseifner with non-power-of-2 numprocs=40
14: Starting Rabenseifner with non-power-of-2 numprocs=40
11: Starting Rabenseifner with non-power-of-2 numprocs=40
2: Starting Rabenseifner with non-power-of-2 numprocs=40
9: Starting Rabenseifner with non-power-of-2 numprocs=40
23: Starting Rabenseifner with non-power-of-2 numprocs=40
15: Starting Rabenseifner with non-power-of-2 numprocs=40
38: Starting Rabenseifner with non-power-of-2 numprocs=40
37: Starting Rabenseifner with non-power-of-2 numprocs=40
35: Starting Rabenseifner with non-power-of-2 numprocs=40
17: Starting Rabenseifner with non-power-of-2 numprocs=40
13: Starting Rabenseifner with non-power-of-2 numprocs=40
28: Starting Rabenseifner with non-power-of-2 numprocs=40
5: Starting Rabenseifner with non-power-of-2 numprocs=40
10: Starting Rabenseifner with non-power-of-2 numprocs=40
36: Starting Rabenseifner with non-power-of-2 numprocs=40
16: Starting Rabenseifner with non-power-of-2 numprocs=40
31: Starting Rabenseifner with non-power-of-2 numprocs=40
24: Starting Rabenseifner with non-power-of-2 numprocs=40
20: Starting Rabenseifner with non-power-of-2 numprocs=40
8: Starting Rabenseifner with non-power-of-2 numprocs=40
19: Starting Rabenseifner with non-power-of-2 numprocs=40
30: Starting Rabenseifner with non-power-of-2 numprocs=40
32: Starting Rabenseifner with non-power-of-2 numprocs=40
34: Starting Rabenseifner with non-power-of-2 numprocs=40
1: Starting Rabenseifner with non-power-of-2 numprocs=40
39: Starting Rabenseifner with non-power-of-2 numprocs=40
3: Starting Rabenseifner with non-power-of-2 numprocs=40
6: Starting Rabenseifner with non-power-of-2 numprocs=40
7: Starting Rabenseifner with non-power-of-2 numprocs=40
12: Starting Rabenseifner with non-power-of-2 numprocs=40
26: Starting Rabenseifner with non-power-of-2 numprocs=40
4: Starting Rabenseifner with non-power-of-2 numprocs=40
27: Starting Rabenseifner with non-power-of-2 numprocs=40
33: Starting Rabenseifner with non-power-of-2 numprocs=40
29: Starting Rabenseifner with non-power-of-2 numprocs=40
21: Starting Rabenseifner with non-power-of-2 numprocs=40
22: Starting Rabenseifner with non-power-of-2 numprocs=40
25: Starting Rabenseifner with non-power-of-2 numprocs=40
0: Starting Rabenseifner with non-power-of-2 numprocs=40
18: Starting Rabenseifner with non-power-of-2 numprocs=40
14: Starting Rabenseifner with non-power-of-2 numprocs=40
11: Starting Rabenseifner with non-power-of-2 numprocs=40
2: Starting Rabenseifner with non-power-of-2 numprocs=40
9: Starting Rabenseifner with non-power-of-2 numprocs=40
38: Starting Rabenseifner with non-power-of-2 numprocs=40
37: Starting Rabenseifner with non-power-of-2 numprocs=40
35: Starting Rabenseifner with non-power-of-2 numprocs=40
17: Starting Rabenseifner with non-power-of-2 numprocs=40
13: Starting Rabenseifner with non-power-of-2 numprocs=40
28: Starting Rabenseifner with non-power-of-2 numprocs=40
5: Starting Rabenseifner with non-power-of-2 numprocs=40
10: Starting Rabenseifner with non-power-of-2 numprocs=40
36: Starting Rabenseifner with non-power-of-2 numprocs=40
16: Starting Rabenseifner with non-power-of-2 numprocs=40
24: Starting Rabenseifner with non-power-of-2 numprocs=40
20: Starting Rabenseifner with non-power-of-2 numprocs=40
8: Starting Rabenseifner with non-power-of-2 numprocs=40
19: Starting Rabenseifner with non-power-of-2 numprocs=40
30: Starting Rabenseifner with non-power-of-2 numprocs=40
32: Starting Rabenseifner with non-power-of-2 numprocs=40
34: Starting Rabenseifner with non-power-of-2 numprocs=40
1: Starting Rabenseifner with non-power-of-2 numprocs=40
3: Starting Rabenseifner with non-power-of-2 numprocs=40
6: Starting Rabenseifner with non-power-of-2 numprocs=40
12: Starting Rabenseifner with non-power-of-2 numprocs=40
4: Starting Rabenseifner with non-power-of-2 numprocs=40
27: Starting Rabenseifner with non-power-of-2 numprocs=40
33: Starting Rabenseifner with non-power-of-2 numprocs=40
29: Starting Rabenseifner with non-power-of-2 numprocs=40
21: Starting Rabenseifner with non-power-of-2 numprocs=40
22: Starting Rabenseifner with non-power-of-2 numprocs=40
25: Starting Rabenseifner with non-power-of-2 numprocs=40
time: 0.000012s
Iteration 18
23: Starting Rabenseifner with non-power-of-2 numprocs=40
15: Starting Rabenseifner with non-power-of-2 numprocs=40
31: Starting Rabenseifner with non-power-of-2 numprocs=40
39: Starting Rabenseifner with non-power-of-2 numprocs=40
7: Starting Rabenseifner with non-power-of-2 numprocs=40
26: Starting Rabenseifner with non-power-of-2 numprocs=40
0: Starting Rabenseifner with non-power-of-2 numprocs=40
time: 0.000013s
Iteration 19
18: Starting Rabenseifner with non-power-of-2 numprocs=40
14: Starting Rabenseifner with non-power-of-2 numprocs=40
11: Starting Rabenseifner with non-power-of-2 numprocs=40
2: Starting Rabenseifner with non-power-of-2 numprocs=40
9: Starting Rabenseifner with non-power-of-2 numprocs=40
23: Starting Rabenseifner with non-power-of-2 numprocs=40
15: Starting Rabenseifner with non-power-of-2 numprocs=40
38: Starting Rabenseifner with non-power-of-2 numprocs=40
37: Starting Rabenseifner with non-power-of-2 numprocs=40
35: Starting Rabenseifner with non-power-of-2 numprocs=40
17: Starting Rabenseifner with non-power-of-2 numprocs=40
13: Starting Rabenseifner with non-power-of-2 numprocs=40
28: Starting Rabenseifner with non-power-of-2 numprocs=40
5: Starting Rabenseifner with non-power-of-2 numprocs=40
10: Starting Rabenseifner with non-power-of-2 numprocs=40
36: Starting Rabenseifner with non-power-of-2 numprocs=40
16: Starting Rabenseifner with non-power-of-2 numprocs=40
31: Starting Rabenseifner with non-power-of-2 numprocs=40
24: Starting Rabenseifner with non-power-of-2 numprocs=40
20: Starting Rabenseifner with non-power-of-2 numprocs=40
8: Starting Rabenseifner with non-power-of-2 numprocs=40
19: Starting Rabenseifner with non-power-of-2 numprocs=40
30: Starting Rabenseifner with non-power-of-2 numprocs=40
34: Starting Rabenseifner with non-power-of-2 numprocs=40
1: Starting Rabenseifner with non-power-of-2 numprocs=40
39: Starting Rabenseifner with non-power-of-2 numprocs=40
3: Starting Rabenseifner with non-power-of-2 numprocs=40
6: Starting Rabenseifner with non-power-of-2 numprocs=40
7: Starting Rabenseifner with non-power-of-2 numprocs=40
12: Starting Rabenseifner with non-power-of-2 numprocs=40
26: Starting Rabenseifner with non-power-of-2 numprocs=40
4: Starting Rabenseifner with non-power-of-2 numprocs=40
27: Starting Rabenseifner with non-power-of-2 numprocs=40
33: Starting Rabenseifner with non-power-of-2 numprocs=40
29: Starting Rabenseifner with non-power-of-2 numprocs=40
21: Starting Rabenseifner with non-power-of-2 numprocs=40
22: Starting Rabenseifner with non-power-of-2 numprocs=40
25: Starting Rabenseifner with non-power-of-2 numprocs=40
32: Starting Rabenseifner with non-power-of-2 numprocs=40
0: Starting Rabenseifner with non-power-of-2 numprocs=40
time: 0.000012s
Iteration 20
18: Starting Rabenseifner with non-power-of-2 numprocs=40
14: Starting Rabenseifner with non-power-of-2 numprocs=40
11: Starting Rabenseifner with non-power-of-2 numprocs=40
2: Starting Rabenseifner with non-power-of-2 numprocs=40
9: Starting Rabenseifner with non-power-of-2 numprocs=40
23: Starting Rabenseifner with non-power-of-2 numprocs=40
15: Starting Rabenseifner with non-power-of-2 numprocs=40
38: Starting Rabenseifner with non-power-of-2 numprocs=40
37: Starting Rabenseifner with non-power-of-2 numprocs=40
35: Starting Rabenseifner with non-power-of-2 numprocs=40
17: Starting Rabenseifner with non-power-of-2 numprocs=40
13: Starting Rabenseifner with non-power-of-2 numprocs=40
28: Starting Rabenseifner with non-power-of-2 numprocs=40
5: Starting Rabenseifner with non-power-of-2 numprocs=40
10: Starting Rabenseifner with non-power-of-2 numprocs=40
36: Starting Rabenseifner with non-power-of-2 numprocs=40
16: Starting Rabenseifner with non-power-of-2 numprocs=40
31: Starting Rabenseifner with non-power-of-2 numprocs=40
24: Starting Rabenseifner with non-power-of-2 numprocs=40
20: Starting Rabenseifner with non-power-of-2 numprocs=40
8: Starting Rabenseifner with non-power-of-2 numprocs=40
19: Starting Rabenseifner with non-power-of-2 numprocs=40
30: Starting Rabenseifner with non-power-of-2 numprocs=40
34: Starting Rabenseifner with non-power-of-2 numprocs=40
1: Starting Rabenseifner with non-power-of-2 numprocs=40
39: Starting Rabenseifner with non-power-of-2 numprocs=40
3: Starting Rabenseifner with non-power-of-2 numprocs=40
6: Starting Rabenseifner with non-power-of-2 numprocs=40
7: Starting Rabenseifner with non-power-of-2 numprocs=40
12: Starting Rabenseifner with non-power-of-2 numprocs=40
26: Starting Rabenseifner with non-power-of-2 numprocs=40
4: Starting Rabenseifner with non-power-of-2 numprocs=40
27: Starting Rabenseifner with non-power-of-2 numprocs=40
33: Starting Rabenseifner with non-power-of-2 numprocs=40
29: Starting Rabenseifner with non-power-of-2 numprocs=40
21: Starting Rabenseifner with non-power-of-2 numprocs=40
22: Starting Rabenseifner with non-power-of-2 numprocs=40
25: Starting Rabenseifner with non-power-of-2 numprocs=40
32: Starting Rabenseifner with non-power-of-2 numprocs=40
0: Starting Rabenseifner with non-power-of-2 numprocs=40
time: 0.000013s
Iteration 21
18: Starting Rabenseifner with non-power-of-2 numprocs=40
14: Starting Rabenseifner with non-power-of-2 numprocs=40
11: Starting Rabenseifner with non-power-of-2 numprocs=40
2: Starting Rabenseifner with non-power-of-2 numprocs=40
9: Starting Rabenseifner with non-power-of-2 numprocs=40
23: Starting Rabenseifner with non-power-of-2 numprocs=40
15: Starting Rabenseifner with non-power-of-2 numprocs=40
38: Starting Rabenseifner with non-power-of-2 numprocs=40
37: Starting Rabenseifner with non-power-of-2 numprocs=40
35: Starting Rabenseifner with non-power-of-2 numprocs=40
17: Starting Rabenseifner with non-power-of-2 numprocs=40
13: Starting Rabenseifner with non-power-of-2 numprocs=40
28: Starting Rabenseifner with non-power-of-2 numprocs=40
5: Starting Rabenseifner with non-power-of-2 numprocs=40
10: Starting Rabenseifner with non-power-of-2 numprocs=40
36: Starting Rabenseifner with non-power-of-2 numprocs=40
16: Starting Rabenseifner with non-power-of-2 numprocs=40
31: Starting Rabenseifner with non-power-of-2 numprocs=40
24: Starting Rabenseifner with non-power-of-2 numprocs=40
20: Starting Rabenseifner with non-power-of-2 numprocs=40
8: Starting Rabenseifner with non-power-of-2 numprocs=40
19: Starting Rabenseifner with non-power-of-2 numprocs=40
30: Starting Rabenseifner with non-power-of-2 numprocs=40
32: Starting Rabenseifner with non-power-of-2 numprocs=40
34: Starting Rabenseifner with non-power-of-2 numprocs=40
1: Starting Rabenseifner with non-power-of-2 numprocs=40
39: Starting Rabenseifner with non-power-of-2 numprocs=40
3: Starting Rabenseifner with non-power-of-2 numprocs=40
6: Starting Rabenseifner with non-power-of-2 numprocs=40
7: Starting Rabenseifner with non-power-of-2 numprocs=40
12: Starting Rabenseifner with non-power-of-2 numprocs=40
26: Starting Rabenseifner with non-power-of-2 numprocs=40
4: Starting Rabenseifner with non-power-of-2 numprocs=40
27: Starting Rabenseifner with non-power-of-2 numprocs=40
33: Starting Rabenseifner with non-power-of-2 numprocs=40
29: Starting Rabenseifner with non-power-of-2 numprocs=40
21: Starting Rabenseifner with non-power-of-2 numprocs=40
22: Starting Rabenseifner with non-power-of-2 numprocs=40
25: Starting Rabenseifner with non-power-of-2 numprocs=40
0: Starting Rabenseifner with non-power-of-2 numprocs=40
time: 0.000011s
Iteration 22
18: Starting Rabenseifner with non-power-of-2 numprocs=40
14: Starting Rabenseifner with non-power-of-2 numprocs=40
11: Starting Rabenseifner with non-power-of-2 numprocs=40
2: Starting Rabenseifner with non-power-of-2 numprocs=40
9: Starting Rabenseifner with non-power-of-2 numprocs=40
23: Starting Rabenseifner with non-power-of-2 numprocs=40
15: Starting Rabenseifner with non-power-of-2 numprocs=40
38: Starting Rabenseifner with non-power-of-2 numprocs=40
37: Starting Rabenseifner with non-power-of-2 numprocs=40
35: Starting Rabenseifner with non-power-of-2 numprocs=40
17: Starting Rabenseifner with non-power-of-2 numprocs=40
13: Starting Rabenseifner with non-power-of-2 numprocs=40
28: Starting Rabenseifner with non-power-of-2 numprocs=40
5: Starting Rabenseifner with non-power-of-2 numprocs=40
10: Starting Rabenseifner with non-power-of-2 numprocs=40
36: Starting Rabenseifner with non-power-of-2 numprocs=40
16: Starting Rabenseifner with non-power-of-2 numprocs=40
31: Starting Rabenseifner with non-power-of-2 numprocs=40
24: Starting Rabenseifner with non-power-of-2 numprocs=40
20: Starting Rabenseifner with non-power-of-2 numprocs=40
8: Starting Rabenseifner with non-power-of-2 numprocs=40
19: Starting Rabenseifner with non-power-of-2 numprocs=40
30: Starting Rabenseifner with non-power-of-2 numprocs=40
32: Starting Rabenseifner with non-power-of-2 numprocs=40
34: Starting Rabenseifner with non-power-of-2 numprocs=40
1: Starting Rabenseifner with non-power-of-2 numprocs=40
39: Starting Rabenseifner with non-power-of-2 numprocs=40
3: Starting Rabenseifner with non-power-of-2 numprocs=40
6: Starting Rabenseifner with non-power-of-2 numprocs=40
7: Starting Rabenseifner with non-power-of-2 numprocs=40
12: Starting Rabenseifner with non-power-of-2 numprocs=40
26: Starting Rabenseifner with non-power-of-2 numprocs=40
4: Starting Rabenseifner with non-power-of-2 numprocs=40
27: Starting Rabenseifner with non-power-of-2 numprocs=40
33: Starting Rabenseifner with non-power-of-2 numprocs=40
29: Starting Rabenseifner with non-power-of-2 numprocs=40
21: Starting Rabenseifner with non-power-of-2 numprocs=40
22: Starting Rabenseifner with non-power-of-2 numprocs=40
25: Starting Rabenseifner with non-power-of-2 numprocs=40
0: Starting Rabenseifner with non-power-of-2 numprocs=40
time: 0.000012s
Iteration 23
18: Starting Rabenseifner with non-power-of-2 numprocs=40
14: Starting Rabenseifner with non-power-of-2 numprocs=40
11: Starting Rabenseifner with non-power-of-2 numprocs=40
2: Starting Rabenseifner with non-power-of-2 numprocs=40
9: Starting Rabenseifner with non-power-of-2 numprocs=40
23: Starting Rabenseifner with non-power-of-2 numprocs=40
15: Starting Rabenseifner with non-power-of-2 numprocs=40
37: Starting Rabenseifner with non-power-of-2 numprocs=40
35: Starting Rabenseifner with non-power-of-2 numprocs=40
17: Starting Rabenseifner with non-power-of-2 numprocs=40
13: Starting Rabenseifner with non-power-of-2 numprocs=40
28: Starting Rabenseifner with non-power-of-2 numprocs=40
5: Starting Rabenseifner with non-power-of-2 numprocs=40
10: Starting Rabenseifner with non-power-of-2 numprocs=40
36: Starting Rabenseifner with non-power-of-2 numprocs=40
16: Starting Rabenseifner with non-power-of-2 numprocs=40
31: Starting Rabenseifner with non-power-of-2 numprocs=40
24: Starting Rabenseifner with non-power-of-2 numprocs=40
20: Starting Rabenseifner with non-power-of-2 numprocs=40
8: Starting Rabenseifner with non-power-of-2 numprocs=40
19: Starting Rabenseifner with non-power-of-2 numprocs=40
30: Starting Rabenseifner with non-power-of-2 numprocs=40
32: Starting Rabenseifner with non-power-of-2 numprocs=40
34: Starting Rabenseifner with non-power-of-2 numprocs=40
1: Starting Rabenseifner with non-power-of-2 numprocs=40
39: Starting Rabenseifner with non-power-of-2 numprocs=40
3: Starting Rabenseifner with non-power-of-2 numprocs=40
6: Starting Rabenseifner with non-power-of-2 numprocs=40
7: Starting Rabenseifner with non-power-of-2 numprocs=40
12: Starting Rabenseifner with non-power-of-2 numprocs=40
26: Starting Rabenseifner with non-power-of-2 numprocs=40
4: Starting Rabenseifner with non-power-of-2 numprocs=40
27: Starting Rabenseifner with non-power-of-2 numprocs=40
33: Starting Rabenseifner with non-power-of-2 numprocs=40
29: Starting Rabenseifner with non-power-of-2 numprocs=40
21: Starting Rabenseifner with non-power-of-2 numprocs=40
22: Starting Rabenseifner with non-power-of-2 numprocs=40
25: Starting Rabenseifner with non-power-of-2 numprocs=40
38: Starting Rabenseifner with non-power-of-2 numprocs=40
0: Starting Rabenseifner with non-power-of-2 numprocs=40
time: 0.000012s
Iteration 24
18: Starting Rabenseifner with non-power-of-2 numprocs=40
14: Starting Rabenseifner with non-power-of-2 numprocs=40
2: Starting Rabenseifner with non-power-of-2 numprocs=40
9: Starting Rabenseifner with non-power-of-2 numprocs=40
23: Starting Rabenseifner with non-power-of-2 numprocs=40
15: Starting Rabenseifner with non-power-of-2 numprocs=40
38: Starting Rabenseifner with non-power-of-2 numprocs=40
37: Starting Rabenseifner with non-power-of-2 numprocs=40
35: Starting Rabenseifner with non-power-of-2 numprocs=40
17: Starting Rabenseifner with non-power-of-2 numprocs=40
13: Starting Rabenseifner with non-power-of-2 numprocs=40
28: Starting Rabenseifner with non-power-of-2 numprocs=40
5: Starting Rabenseifner with non-power-of-2 numprocs=40
10: Starting Rabenseifner with non-power-of-2 numprocs=40
36: Starting Rabenseifner with non-power-of-2 numprocs=40
16: Starting Rabenseifner with non-power-of-2 numprocs=40
31: Starting Rabenseifner with non-power-of-2 numprocs=40
24: Starting Rabenseifner with non-power-of-2 numprocs=40
20: Starting Rabenseifner with non-power-of-2 numprocs=40
8: Starting Rabenseifner with non-power-of-2 numprocs=40
19: Starting Rabenseifner with non-power-of-2 numprocs=40
30: Starting Rabenseifner with non-power-of-2 numprocs=40
32: Starting Rabenseifner with non-power-of-2 numprocs=40
34: Starting Rabenseifner with non-power-of-2 numprocs=40
1: Starting Rabenseifner with non-power-of-2 numprocs=40
39: Starting Rabenseifner with non-power-of-2 numprocs=40
3: Starting Rabenseifner with non-power-of-2 numprocs=40
6: Starting Rabenseifner with non-power-of-2 numprocs=40
7: Starting Rabenseifner with non-power-of-2 numprocs=40
12: Starting Rabenseifner with non-power-of-2 numprocs=40
26: Starting Rabenseifner with non-power-of-2 numprocs=40
4: Starting Rabenseifner with non-power-of-2 numprocs=40
27: Starting Rabenseifner with non-power-of-2 numprocs=40
33: Starting Rabenseifner with non-power-of-2 numprocs=40
29: Starting Rabenseifner with non-power-of-2 numprocs=40
21: Starting Rabenseifner with non-power-of-2 numprocs=40
22: Starting Rabenseifner with non-power-of-2 numprocs=40
25: Starting Rabenseifner with non-power-of-2 numprocs=40
11: Starting Rabenseifner with non-power-of-2 numprocs=40
0: Starting Rabenseifner with non-power-of-2 numprocs=40
time: 0.000013s
Iteration 25
18: Starting Rabenseifner with non-power-of-2 numprocs=40
14: Starting Rabenseifner with non-power-of-2 numprocs=40
11: Starting Rabenseifner with non-power-of-2 numprocs=40
2: Starting Rabenseifner with non-power-of-2 numprocs=40
9: Starting Rabenseifner with non-power-of-2 numprocs=40
23: Starting Rabenseifner with non-power-of-2 numprocs=40
15: Starting Rabenseifner with non-power-of-2 numprocs=40
38: Starting Rabenseifner with non-power-of-2 numprocs=40
37: Starting Rabenseifner with non-power-of-2 numprocs=40
35: Starting Rabenseifner with non-power-of-2 numprocs=40
17: Starting Rabenseifner with non-power-of-2 numprocs=40
13: Starting Rabenseifner with non-power-of-2 numprocs=40
28: Starting Rabenseifner with non-power-of-2 numprocs=40
5: Starting Rabenseifner with non-power-of-2 numprocs=40
10: Starting Rabenseifner with non-power-of-2 numprocs=40
36: Starting Rabenseifner with non-power-of-2 numprocs=40
16: Starting Rabenseifner with non-power-of-2 numprocs=40
31: Starting Rabenseifner with non-power-of-2 numprocs=40
24: Starting Rabenseifner with non-power-of-2 numprocs=40
20: Starting Rabenseifner with non-power-of-2 numprocs=40
8: Starting Rabenseifner with non-power-of-2 numprocs=40
19: Starting Rabenseifner with non-power-of-2 numprocs=40
30: Starting Rabenseifner with non-power-of-2 numprocs=40
32: Starting Rabenseifner with non-power-of-2 numprocs=40
34: Starting Rabenseifner with non-power-of-2 numprocs=40
1: Starting Rabenseifner with non-power-of-2 numprocs=40
39: Starting Rabenseifner with non-power-of-2 numprocs=40
3: Starting Rabenseifner with non-power-of-2 numprocs=40
6: Starting Rabenseifner with non-power-of-2 numprocs=40
7: Starting Rabenseifner with non-power-of-2 numprocs=40
12: Starting Rabenseifner with non-power-of-2 numprocs=40
26: Starting Rabenseifner with non-power-of-2 numprocs=40
4: Starting Rabenseifner with non-power-of-2 numprocs=40
27: Starting Rabenseifner with non-power-of-2 numprocs=40
33: Starting Rabenseifner with non-power-of-2 numprocs=40
29: Starting Rabenseifner with non-power-of-2 numprocs=40
21: Starting Rabenseifner with non-power-of-2 numprocs=40
22: Starting Rabenseifner with non-power-of-2 numprocs=40
25: Starting Rabenseifner with non-power-of-2 numprocs=40
0: Starting Rabenseifner with non-power-of-2 numprocs=40
time: 0.000012s
Iteration 26
18: Starting Rabenseifner with non-power-of-2 numprocs=40
11: Starting Rabenseifner with non-power-of-2 numprocs=40
2: Starting Rabenseifner with non-power-of-2 numprocs=40
9: Starting Rabenseifner with non-power-of-2 numprocs=40
23: Starting Rabenseifner with non-power-of-2 numprocs=40
15: Starting Rabenseifner with non-power-of-2 numprocs=40
38: Starting Rabenseifner with non-power-of-2 numprocs=40
37: Starting Rabenseifner with non-power-of-2 numprocs=40
35: Starting Rabenseifner with non-power-of-2 numprocs=40
17: Starting Rabenseifner with non-power-of-2 numprocs=40
13: Starting Rabenseifner with non-power-of-2 numprocs=40
28: Starting Rabenseifner with non-power-of-2 numprocs=40
5: Starting Rabenseifner with non-power-of-2 numprocs=40
10: Starting Rabenseifner with non-power-of-2 numprocs=40
36: Starting Rabenseifner with non-power-of-2 numprocs=40
16: Starting Rabenseifner with non-power-of-2 numprocs=40
31: Starting Rabenseifner with non-power-of-2 numprocs=40
24: Starting Rabenseifner with non-power-of-2 numprocs=40
20: Starting Rabenseifner with non-power-of-2 numprocs=40
8: Starting Rabenseifner with non-power-of-2 numprocs=40
19: Starting Rabenseifner with non-power-of-2 numprocs=40
32: Starting Rabenseifner with non-power-of-2 numprocs=40
34: Starting Rabenseifner with non-power-of-2 numprocs=40
1: Starting Rabenseifner with non-power-of-2 numprocs=40
39: Starting Rabenseifner with non-power-of-2 numprocs=40
3: Starting Rabenseifner with non-power-of-2 numprocs=40
7: Starting Rabenseifner with non-power-of-2 numprocs=40
12: Starting Rabenseifner with non-power-of-2 numprocs=40
26: Starting Rabenseifner with non-power-of-2 numprocs=40
4: Starting Rabenseifner with non-power-of-2 numprocs=40
27: Starting Rabenseifner with non-power-of-2 numprocs=40
33: Starting Rabenseifner with non-power-of-2 numprocs=40
29: Starting Rabenseifner with non-power-of-2 numprocs=40
21: Starting Rabenseifner with non-power-of-2 numprocs=40
25: Starting Rabenseifner with non-power-of-2 numprocs=40
14: Starting Rabenseifner with non-power-of-2 numprocs=40
30: Starting Rabenseifner with non-power-of-2 numprocs=40
6: Starting Rabenseifner with non-power-of-2 numprocs=40
22: Starting Rabenseifner with non-power-of-2 numprocs=40
0: Starting Rabenseifner with non-power-of-2 numprocs=40
time: 0.000012s
Iteration 27
18: Starting Rabenseifner with non-power-of-2 numprocs=40
14: Starting Rabenseifner with non-power-of-2 numprocs=40
11: Starting Rabenseifner with non-power-of-2 numprocs=40
2: Starting Rabenseifner with non-power-of-2 numprocs=40
9: Starting Rabenseifner with non-power-of-2 numprocs=40
23: Starting Rabenseifner with non-power-of-2 numprocs=40
15: Starting Rabenseifner with non-power-of-2 numprocs=40
38: Starting Rabenseifner with non-power-of-2 numprocs=40
37: Starting Rabenseifner with non-power-of-2 numprocs=40
35: Starting Rabenseifner with non-power-of-2 numprocs=40
17: Starting Rabenseifner with non-power-of-2 numprocs=40
13: Starting Rabenseifner with non-power-of-2 numprocs=40
28: Starting Rabenseifner with non-power-of-2 numprocs=40
5: Starting Rabenseifner with non-power-of-2 numprocs=40
10: Starting Rabenseifner with non-power-of-2 numprocs=40
36: Starting Rabenseifner with non-power-of-2 numprocs=40
16: Starting Rabenseifner with non-power-of-2 numprocs=40
31: Starting Rabenseifner with non-power-of-2 numprocs=40
24: Starting Rabenseifner with non-power-of-2 numprocs=40
20: Starting Rabenseifner with non-power-of-2 numprocs=40
8: Starting Rabenseifner with non-power-of-2 numprocs=40
19: Starting Rabenseifner with non-power-of-2 numprocs=40
30: Starting Rabenseifner with non-power-of-2 numprocs=40
32: Starting Rabenseifner with non-power-of-2 numprocs=40
34: Starting Rabenseifner with non-power-of-2 numprocs=40
1: Starting Rabenseifner with non-power-of-2 numprocs=40
39: Starting Rabenseifner with non-power-of-2 numprocs=40
3: Starting Rabenseifner with non-power-of-2 numprocs=40
6: Starting Rabenseifner with non-power-of-2 numprocs=40
7: Starting Rabenseifner with non-power-of-2 numprocs=40
12: Starting Rabenseifner with non-power-of-2 numprocs=40
26: Starting Rabenseifner with non-power-of-2 numprocs=40
4: Starting Rabenseifner with non-power-of-2 numprocs=40
27: Starting Rabenseifner with non-power-of-2 numprocs=40
33: Starting Rabenseifner with non-power-of-2 numprocs=40
29: Starting Rabenseifner with non-power-of-2 numprocs=40
21: Starting Rabenseifner with non-power-of-2 numprocs=40
22: Starting Rabenseifner with non-power-of-2 numprocs=40
25: Starting Rabenseifner with non-power-of-2 numprocs=40
0: Starting Rabenseifner with non-power-of-2 numprocs=40
time: 0.000013s
Iteration 28
18: Starting Rabenseifner with non-power-of-2 numprocs=40
14: Starting Rabenseifner with non-power-of-2 numprocs=40
11: Starting Rabenseifner with non-power-of-2 numprocs=40
2: Starting Rabenseifner with non-power-of-2 numprocs=40
9: Starting Rabenseifner with non-power-of-2 numprocs=40
23: Starting Rabenseifner with non-power-of-2 numprocs=40
15: Starting Rabenseifner with non-power-of-2 numprocs=40
38: Starting Rabenseifner with non-power-of-2 numprocs=40
37: Starting Rabenseifner with non-power-of-2 numprocs=40
35: Starting Rabenseifner with non-power-of-2 numprocs=40
17: Starting Rabenseifner with non-power-of-2 numprocs=40
13: Starting Rabenseifner with non-power-of-2 numprocs=40
28: Starting Rabenseifner with non-power-of-2 numprocs=40
5: Starting Rabenseifner with non-power-of-2 numprocs=40
10: Starting Rabenseifner with non-power-of-2 numprocs=40
36: Starting Rabenseifner with non-power-of-2 numprocs=40
16: Starting Rabenseifner with non-power-of-2 numprocs=40
31: Starting Rabenseifner with non-power-of-2 numprocs=40
24: Starting Rabenseifner with non-power-of-2 numprocs=40
20: Starting Rabenseifner with non-power-of-2 numprocs=40
8: Starting Rabenseifner with non-power-of-2 numprocs=40
30: Starting Rabenseifner with non-power-of-2 numprocs=40
32: Starting Rabenseifner with non-power-of-2 numprocs=40
34: Starting Rabenseifner with non-power-of-2 numprocs=40
1: Starting Rabenseifner with non-power-of-2 numprocs=40
39: Starting Rabenseifner with non-power-of-2 numprocs=40
3: Starting Rabenseifner with non-power-of-2 numprocs=40
6: Starting Rabenseifner with non-power-of-2 numprocs=40
7: Starting Rabenseifner with non-power-of-2 numprocs=40
12: Starting Rabenseifner with non-power-of-2 numprocs=40
26: Starting Rabenseifner with non-power-of-2 numprocs=40
4: Starting Rabenseifner with non-power-of-2 numprocs=40
27: Starting Rabenseifner with non-power-of-2 numprocs=40
33: Starting Rabenseifner with non-power-of-2 numprocs=40
29: Starting Rabenseifner with non-power-of-2 numprocs=40
21: Starting Rabenseifner with non-power-of-2 numprocs=40
22: Starting Rabenseifner with non-power-of-2 numprocs=40
25: Starting Rabenseifner with non-power-of-2 numprocs=40
19: Starting Rabenseifner with non-power-of-2 numprocs=40
0: Starting Rabenseifner with non-power-of-2 numprocs=40
18: Starting Rabenseifner with non-power-of-2 numprocs=40
14: Starting Rabenseifner with non-power-of-2 numprocs=40
11: Starting Rabenseifner with non-power-of-2 numprocs=40
2: Starting Rabenseifner with non-power-of-2 numprocs=40
23: Starting Rabenseifner with non-power-of-2 numprocs=40
15: Starting Rabenseifner with non-power-of-2 numprocs=40
38: Starting Rabenseifner with non-power-of-2 numprocs=40
37: Starting Rabenseifner with non-power-of-2 numprocs=40
35: Starting Rabenseifner with non-power-of-2 numprocs=40
17: Starting Rabenseifner with non-power-of-2 numprocs=40
13: Starting Rabenseifner with non-power-of-2 numprocs=40
28: Starting Rabenseifner with non-power-of-2 numprocs=40
5: Starting Rabenseifner with non-power-of-2 numprocs=40
10: Starting Rabenseifner with non-power-of-2 numprocs=40
36: Starting Rabenseifner with non-power-of-2 numprocs=40
16: Starting Rabenseifner with non-power-of-2 numprocs=40
31: Starting Rabenseifner with non-power-of-2 numprocs=40
24: Starting Rabenseifner with non-power-of-2 numprocs=40
20: Starting Rabenseifner with non-power-of-2 numprocs=40
8: Starting Rabenseifner with non-power-of-2 numprocs=40
19: Starting Rabenseifner with non-power-of-2 numprocs=40
30: Starting Rabenseifner with non-power-of-2 numprocs=40
32: Starting Rabenseifner with non-power-of-2 numprocs=40
34: Starting Rabenseifner with non-power-of-2 numprocs=40
39: Starting Rabenseifner with non-power-of-2 numprocs=40
3: Starting Rabenseifner with non-power-of-2 numprocs=40
6: Starting Rabenseifner with non-power-of-2 numprocs=40
7: Starting Rabenseifner with non-power-of-2 numprocs=40
12: Starting Rabenseifner with non-power-of-2 numprocs=40
26: Starting Rabenseifner with non-power-of-2 numprocs=40
4: Starting Rabenseifner with non-power-of-2 numprocs=40
27: Starting Rabenseifner with non-power-of-2 numprocs=40
33: Starting Rabenseifner with non-power-of-2 numprocs=40
29: Starting Rabenseifner with non-power-of-2 numprocs=40
21: Starting Rabenseifner with non-power-of-2 numprocs=40
22: Starting Rabenseifner with non-power-of-2 numprocs=40
25: Starting Rabenseifner with non-power-of-2 numprocs=40
time: 0.000012s
Iteration 29
9: Starting Rabenseifner with non-power-of-2 numprocs=40
1: Starting Rabenseifner with non-power-of-2 numprocs=40
0: Starting Rabenseifner with non-power-of-2 numprocs=40
18: Starting Rabenseifner with non-power-of-2 numprocs=40
14: Starting Rabenseifner with non-power-of-2 numprocs=40
11: Starting Rabenseifner with non-power-of-2 numprocs=40
2: Starting Rabenseifner with non-power-of-2 numprocs=40
9: Starting Rabenseifner with non-power-of-2 numprocs=40
23: Starting Rabenseifner with non-power-of-2 numprocs=40
15: Starting Rabenseifner with non-power-of-2 numprocs=40
38: Starting Rabenseifner with non-power-of-2 numprocs=40
35: Starting Rabenseifner with non-power-of-2 numprocs=40
17: Starting Rabenseifner with non-power-of-2 numprocs=40
28: Starting Rabenseifner with non-power-of-2 numprocs=40
10: Starting Rabenseifner with non-power-of-2 numprocs=40
36: Starting Rabenseifner with non-power-of-2 numprocs=40
16: Starting Rabenseifner with non-power-of-2 numprocs=40
31: Starting Rabenseifner with non-power-of-2 numprocs=40
24: Starting Rabenseifner with non-power-of-2 numprocs=40
20: Starting Rabenseifner with non-power-of-2 numprocs=40
8: Starting Rabenseifner with non-power-of-2 numprocs=40
19: Starting Rabenseifner with non-power-of-2 numprocs=40
30: Starting Rabenseifner with non-power-of-2 numprocs=40
32: Starting Rabenseifner with non-power-of-2 numprocs=40
34: Starting Rabenseifner with non-power-of-2 numprocs=40
1: Starting Rabenseifner with non-power-of-2 numprocs=40
39: Starting Rabenseifner with non-power-of-2 numprocs=40
3: Starting Rabenseifner with non-power-of-2 numprocs=40
6: Starting Rabenseifner with non-power-of-2 numprocs=40
7: Starting Rabenseifner with non-power-of-2 numprocs=40
12: Starting Rabenseifner with non-power-of-2 numprocs=40
26: Starting Rabenseifner with non-power-of-2 numprocs=40
4: Starting Rabenseifner with non-power-of-2 numprocs=40
27: Starting Rabenseifner with non-power-of-2 numprocs=40
33: Starting Rabenseifner with non-power-of-2 numprocs=40
29: Starting Rabenseifner with non-power-of-2 numprocs=40
22: Starting Rabenseifner with non-power-of-2 numprocs=40
25: Starting Rabenseifner with non-power-of-2 numprocs=40
time: 0.000011s
Iteration 30
37: Starting Rabenseifner with non-power-of-2 numprocs=40
13: Starting Rabenseifner with non-power-of-2 numprocs=40
5: Starting Rabenseifner with non-power-of-2 numprocs=40
21: Starting Rabenseifner with non-power-of-2 numprocs=40
0: Starting Rabenseifner with non-power-of-2 numprocs=40
18: Starting Rabenseifner with non-power-of-2 numprocs=40
17: Starting Rabenseifner with non-power-of-2 numprocs=40
36: Starting Rabenseifner with non-power-of-2 numprocs=40
14: Starting Rabenseifner with non-power-of-2 numprocs=40
11: Starting Rabenseifner with non-power-of-2 numprocs=40
2: Starting Rabenseifner with non-power-of-2 numprocs=40
9: Starting Rabenseifner with non-power-of-2 numprocs=40
15: Starting Rabenseifner with non-power-of-2 numprocs=40
38: Starting Rabenseifner with non-power-of-2 numprocs=40
37: Starting Rabenseifner with non-power-of-2 numprocs=40
35: Starting Rabenseifner with non-power-of-2 numprocs=40
13: Starting Rabenseifner with non-power-of-2 numprocs=40
28: Starting Rabenseifner with non-power-of-2 numprocs=40
5: Starting Rabenseifner with non-power-of-2 numprocs=40
16: Starting Rabenseifner with non-power-of-2 numprocs=40
31: Starting Rabenseifner with non-power-of-2 numprocs=40
24: Starting Rabenseifner with non-power-of-2 numprocs=40
20: Starting Rabenseifner with non-power-of-2 numprocs=40
19: Starting Rabenseifner with non-power-of-2 numprocs=40
30: Starting Rabenseifner with non-power-of-2 numprocs=40
32: Starting Rabenseifner with non-power-of-2 numprocs=40
34: Starting Rabenseifner with non-power-of-2 numprocs=40
1: Starting Rabenseifner with non-power-of-2 numprocs=40
39: Starting Rabenseifner with non-power-of-2 numprocs=40
3: Starting Rabenseifner with non-power-of-2 numprocs=40
7: Starting Rabenseifner with non-power-of-2 numprocs=40
12: Starting Rabenseifner with non-power-of-2 numprocs=40
26: Starting Rabenseifner with non-power-of-2 numprocs=40
4: Starting Rabenseifner with non-power-of-2 numprocs=40
27: Starting Rabenseifner with non-power-of-2 numprocs=40
21: Starting Rabenseifner with non-power-of-2 numprocs=40
22: Starting Rabenseifner with non-power-of-2 numprocs=40
25: Starting Rabenseifner with non-power-of-2 numprocs=40
time: 0.000012s
Iteration 31
23: Starting Rabenseifner with non-power-of-2 numprocs=40
10: Starting Rabenseifner with non-power-of-2 numprocs=40
8: Starting Rabenseifner with non-power-of-2 numprocs=40
6: Starting Rabenseifner with non-power-of-2 numprocs=40
33: Starting Rabenseifner with non-power-of-2 numprocs=40
29: Starting Rabenseifner with non-power-of-2 numprocs=40
18: Starting Rabenseifner with non-power-of-2 numprocs=40
38: Starting Rabenseifner with non-power-of-2 numprocs=40
17: Starting Rabenseifner with non-power-of-2 numprocs=40
36: Starting Rabenseifner with non-power-of-2 numprocs=40
30: Starting Rabenseifner with non-power-of-2 numprocs=40
3: Starting Rabenseifner with non-power-of-2 numprocs=40
26: Starting Rabenseifner with non-power-of-2 numprocs=40
27: Starting Rabenseifner with non-power-of-2 numprocs=40
0: Starting Rabenseifner with non-power-of-2 numprocs=40
time: 0.000008s
Iteration 32
14: Starting Rabenseifner with non-power-of-2 numprocs=40
11: Starting Rabenseifner with non-power-of-2 numprocs=40
2: Starting Rabenseifner with non-power-of-2 numprocs=40
9: Starting Rabenseifner with non-power-of-2 numprocs=40
23: Starting Rabenseifner with non-power-of-2 numprocs=40
15: Starting Rabenseifner with non-power-of-2 numprocs=40
37: Starting Rabenseifner with non-power-of-2 numprocs=40
35: Starting Rabenseifner with non-power-of-2 numprocs=40
13: Starting Rabenseifner with non-power-of-2 numprocs=40
28: Starting Rabenseifner with non-power-of-2 numprocs=40
5: Starting Rabenseifner with non-power-of-2 numprocs=40
10: Starting Rabenseifner with non-power-of-2 numprocs=40
16: Starting Rabenseifner with non-power-of-2 numprocs=40
31: Starting Rabenseifner with non-power-of-2 numprocs=40
24: Starting Rabenseifner with non-power-of-2 numprocs=40
20: Starting Rabenseifner with non-power-of-2 numprocs=40
8: Starting Rabenseifner with non-power-of-2 numprocs=40
19: Starting Rabenseifner with non-power-of-2 numprocs=40
32: Starting Rabenseifner with non-power-of-2 numprocs=40
34: Starting Rabenseifner with non-power-of-2 numprocs=40
1: Starting Rabenseifner with non-power-of-2 numprocs=40
39: Starting Rabenseifner with non-power-of-2 numprocs=40
6: Starting Rabenseifner with non-power-of-2 numprocs=40
7: Starting Rabenseifner with non-power-of-2 numprocs=40
12: Starting Rabenseifner with non-power-of-2 numprocs=40
4: Starting Rabenseifner with non-power-of-2 numprocs=40
33: Starting Rabenseifner with non-power-of-2 numprocs=40
29: Starting Rabenseifner with non-power-of-2 numprocs=40
21: Starting Rabenseifner with non-power-of-2 numprocs=40
22: Starting Rabenseifner with non-power-of-2 numprocs=40
25: Starting Rabenseifner with non-power-of-2 numprocs=40
0: Starting Rabenseifner with non-power-of-2 numprocs=40
18: Starting Rabenseifner with non-power-of-2 numprocs=40
38: Starting Rabenseifner with non-power-of-2 numprocs=40
16: Starting Rabenseifner with non-power-of-2 numprocs=40
14: Starting Rabenseifner with non-power-of-2 numprocs=40
2: Starting Rabenseifner with non-power-of-2 numprocs=40
9: Starting Rabenseifner with non-power-of-2 numprocs=40
23: Starting Rabenseifner with non-power-of-2 numprocs=40
15: Starting Rabenseifner with non-power-of-2 numprocs=40
37: Starting Rabenseifner with non-power-of-2 numprocs=40
35: Starting Rabenseifner with non-power-of-2 numprocs=40
17: Starting Rabenseifner with non-power-of-2 numprocs=40
13: Starting Rabenseifner with non-power-of-2 numprocs=40
28: Starting Rabenseifner with non-power-of-2 numprocs=40
5: Starting Rabenseifner with non-power-of-2 numprocs=40
36: Starting Rabenseifner with non-power-of-2 numprocs=40
31: Starting Rabenseifner with non-power-of-2 numprocs=40
24: Starting Rabenseifner with non-power-of-2 numprocs=40
20: Starting Rabenseifner with non-power-of-2 numprocs=40
8: Starting Rabenseifner with non-power-of-2 numprocs=40
30: Starting Rabenseifner with non-power-of-2 numprocs=40
34: Starting Rabenseifner with non-power-of-2 numprocs=40
1: Starting Rabenseifner with non-power-of-2 numprocs=40
3: Starting Rabenseifner with non-power-of-2 numprocs=40
6: Starting Rabenseifner with non-power-of-2 numprocs=40
7: Starting Rabenseifner with non-power-of-2 numprocs=40
26: Starting Rabenseifner with non-power-of-2 numprocs=40
4: Starting Rabenseifner with non-power-of-2 numprocs=40
27: Starting Rabenseifner with non-power-of-2 numprocs=40
33: Starting Rabenseifner with non-power-of-2 numprocs=40
29: Starting Rabenseifner with non-power-of-2 numprocs=40
21: Starting Rabenseifner with non-power-of-2 numprocs=40
22: Starting Rabenseifner with non-power-of-2 numprocs=40
time: 0.000013s
Iteration 33
11: Starting Rabenseifner with non-power-of-2 numprocs=40
19: Starting Rabenseifner with non-power-of-2 numprocs=40
32: Starting Rabenseifner with non-power-of-2 numprocs=40
39: Starting Rabenseifner with non-power-of-2 numprocs=40
12: Starting Rabenseifner with non-power-of-2 numprocs=40
25: Starting Rabenseifner with non-power-of-2 numprocs=40
10: Starting Rabenseifner with non-power-of-2 numprocs=40
0: Starting Rabenseifner with non-power-of-2 numprocs=40
18: Starting Rabenseifner with non-power-of-2 numprocs=40
17: Starting Rabenseifner with non-power-of-2 numprocs=40
36: Starting Rabenseifner with non-power-of-2 numprocs=40
14: Starting Rabenseifner with non-power-of-2 numprocs=40
2: Starting Rabenseifner with non-power-of-2 numprocs=40
9: Starting Rabenseifner with non-power-of-2 numprocs=40
38: Starting Rabenseifner with non-power-of-2 numprocs=40
37: Starting Rabenseifner with non-power-of-2 numprocs=40
13: Starting Rabenseifner with non-power-of-2 numprocs=40
28: Starting Rabenseifner with non-power-of-2 numprocs=40
5: Starting Rabenseifner with non-power-of-2 numprocs=40
10: Starting Rabenseifner with non-power-of-2 numprocs=40
16: Starting Rabenseifner with non-power-of-2 numprocs=40
24: Starting Rabenseifner with non-power-of-2 numprocs=40
20: Starting Rabenseifner with non-power-of-2 numprocs=40
8: Starting Rabenseifner with non-power-of-2 numprocs=40
30: Starting Rabenseifner with non-power-of-2 numprocs=40
32: Starting Rabenseifner with non-power-of-2 numprocs=40
34: Starting Rabenseifner with non-power-of-2 numprocs=40
1: Starting Rabenseifner with non-power-of-2 numprocs=40
6: Starting Rabenseifner with non-power-of-2 numprocs=40
12: Starting Rabenseifner with non-power-of-2 numprocs=40
26: Starting Rabenseifner with non-power-of-2 numprocs=40
4: Starting Rabenseifner with non-power-of-2 numprocs=40
33: Starting Rabenseifner with non-power-of-2 numprocs=40
29: Starting Rabenseifner with non-power-of-2 numprocs=40
21: Starting Rabenseifner with non-power-of-2 numprocs=40
22: Starting Rabenseifner with non-power-of-2 numprocs=40
25: Starting Rabenseifner with non-power-of-2 numprocs=40
time: 0.000013s
Iteration 34
11: Starting Rabenseifner with non-power-of-2 numprocs=40
23: Starting Rabenseifner with non-power-of-2 numprocs=40
15: Starting Rabenseifner with non-power-of-2 numprocs=40
35: Starting Rabenseifner with non-power-of-2 numprocs=40
31: Starting Rabenseifner with non-power-of-2 numprocs=40
19: Starting Rabenseifner with non-power-of-2 numprocs=40
39: Starting Rabenseifner with non-power-of-2 numprocs=40
3: Starting Rabenseifner with non-power-of-2 numprocs=40
7: Starting Rabenseifner with non-power-of-2 numprocs=40
27: Starting Rabenseifner with non-power-of-2 numprocs=40
0: Starting Rabenseifner with non-power-of-2 numprocs=40
16: Starting Rabenseifner with non-power-of-2 numprocs=40
time: 0.000012s
Iteration 35
18: Starting Rabenseifner with non-power-of-2 numprocs=40
9: Starting Rabenseifner with non-power-of-2 numprocs=40
15: Starting Rabenseifner with non-power-of-2 numprocs=40
38: Starting Rabenseifner with non-power-of-2 numprocs=40
37: Starting Rabenseifner with non-power-of-2 numprocs=40
17: Starting Rabenseifner with non-power-of-2 numprocs=40
5: Starting Rabenseifner with non-power-of-2 numprocs=40
10: Starting Rabenseifner with non-power-of-2 numprocs=40
36: Starting Rabenseifner with non-power-of-2 numprocs=40
31: Starting Rabenseifner with non-power-of-2 numprocs=40
30: Starting Rabenseifner with non-power-of-2 numprocs=40
1: Starting Rabenseifner with non-power-of-2 numprocs=40
6: Starting Rabenseifner with non-power-of-2 numprocs=40
26: Starting Rabenseifner with non-power-of-2 numprocs=40
22: Starting Rabenseifner with non-power-of-2 numprocs=40
14: Starting Rabenseifner with non-power-of-2 numprocs=40
11: Starting Rabenseifner with non-power-of-2 numprocs=40
2: Starting Rabenseifner with non-power-of-2 numprocs=40
23: Starting Rabenseifner with non-power-of-2 numprocs=40
35: Starting Rabenseifner with non-power-of-2 numprocs=40
13: Starting Rabenseifner with non-power-of-2 numprocs=40
28: Starting Rabenseifner with non-power-of-2 numprocs=40
24: Starting Rabenseifner with non-power-of-2 numprocs=40
20: Starting Rabenseifner with non-power-of-2 numprocs=40
8: Starting Rabenseifner with non-power-of-2 numprocs=40
19: Starting Rabenseifner with non-power-of-2 numprocs=40
32: Starting Rabenseifner with non-power-of-2 numprocs=40
34: Starting Rabenseifner with non-power-of-2 numprocs=40
39: Starting Rabenseifner with non-power-of-2 numprocs=40
3: Starting Rabenseifner with non-power-of-2 numprocs=40
7: Starting Rabenseifner with non-power-of-2 numprocs=40
12: Starting Rabenseifner with non-power-of-2 numprocs=40
4: Starting Rabenseifner with non-power-of-2 numprocs=40
27: Starting Rabenseifner with non-power-of-2 numprocs=40
33: Starting Rabenseifner with non-power-of-2 numprocs=40
29: Starting Rabenseifner with non-power-of-2 numprocs=40
21: Starting Rabenseifner with non-power-of-2 numprocs=40
25: Starting Rabenseifner with non-power-of-2 numprocs=40
0: Starting Rabenseifner with non-power-of-2 numprocs=40
38: Starting Rabenseifner with non-power-of-2 numprocs=40
36: Starting Rabenseifner with non-power-of-2 numprocs=40
16: Starting Rabenseifner with non-power-of-2 numprocs=40
31: Starting Rabenseifner with non-power-of-2 numprocs=40
time: 0.000010s
Iteration 36
18: Starting Rabenseifner with non-power-of-2 numprocs=40
14: Starting Rabenseifner with non-power-of-2 numprocs=40
11: Starting Rabenseifner with non-power-of-2 numprocs=40
2: Starting Rabenseifner with non-power-of-2 numprocs=40
9: Starting Rabenseifner with non-power-of-2 numprocs=40
23: Starting Rabenseifner with non-power-of-2 numprocs=40
15: Starting Rabenseifner with non-power-of-2 numprocs=40
37: Starting Rabenseifner with non-power-of-2 numprocs=40
35: Starting Rabenseifner with non-power-of-2 numprocs=40
17: Starting Rabenseifner with non-power-of-2 numprocs=40
13: Starting Rabenseifner with non-power-of-2 numprocs=40
28: Starting Rabenseifner with non-power-of-2 numprocs=40
5: Starting Rabenseifner with non-power-of-2 numprocs=40
10: Starting Rabenseifner with non-power-of-2 numprocs=40
24: Starting Rabenseifner with non-power-of-2 numprocs=40
20: Starting Rabenseifner with non-power-of-2 numprocs=40
8: Starting Rabenseifner with non-power-of-2 numprocs=40
19: Starting Rabenseifner with non-power-of-2 numprocs=40
30: Starting Rabenseifner with non-power-of-2 numprocs=40
32: Starting Rabenseifner with non-power-of-2 numprocs=40
34: Starting Rabenseifner with non-power-of-2 numprocs=40
1: Starting Rabenseifner with non-power-of-2 numprocs=40
39: Starting Rabenseifner with non-power-of-2 numprocs=40
3: Starting Rabenseifner with non-power-of-2 numprocs=40
6: Starting Rabenseifner with non-power-of-2 numprocs=40
7: Starting Rabenseifner with non-power-of-2 numprocs=40
12: Starting Rabenseifner with non-power-of-2 numprocs=40
26: Starting Rabenseifner with non-power-of-2 numprocs=40
4: Starting Rabenseifner with non-power-of-2 numprocs=40
27: Starting Rabenseifner with non-power-of-2 numprocs=40
33: Starting Rabenseifner with non-power-of-2 numprocs=40
29: Starting Rabenseifner with non-power-of-2 numprocs=40
21: Starting Rabenseifner with non-power-of-2 numprocs=40
22: Starting Rabenseifner with non-power-of-2 numprocs=40
25: Starting Rabenseifner with non-power-of-2 numprocs=40
0: Starting Rabenseifner with non-power-of-2 numprocs=40
18: Starting Rabenseifner with non-power-of-2 numprocs=40
38: Starting Rabenseifner with non-power-of-2 numprocs=40
17: Starting Rabenseifner with non-power-of-2 numprocs=40
36: Starting Rabenseifner with non-power-of-2 numprocs=40
16: Starting Rabenseifner with non-power-of-2 numprocs=40
time: 0.000013s
Iteration 37
14: Starting Rabenseifner with non-power-of-2 numprocs=40
11: Starting Rabenseifner with non-power-of-2 numprocs=40
2: Starting Rabenseifner with non-power-of-2 numprocs=40
9: Starting Rabenseifner with non-power-of-2 numprocs=40
23: Starting Rabenseifner with non-power-of-2 numprocs=40
15: Starting Rabenseifner with non-power-of-2 numprocs=40
37: Starting Rabenseifner with non-power-of-2 numprocs=40
35: Starting Rabenseifner with non-power-of-2 numprocs=40
13: Starting Rabenseifner with non-power-of-2 numprocs=40
28: Starting Rabenseifner with non-power-of-2 numprocs=40
5: Starting Rabenseifner with non-power-of-2 numprocs=40
10: Starting Rabenseifner with non-power-of-2 numprocs=40
31: Starting Rabenseifner with non-power-of-2 numprocs=40
24: Starting Rabenseifner with non-power-of-2 numprocs=40
20: Starting Rabenseifner with non-power-of-2 numprocs=40
8: Starting Rabenseifner with non-power-of-2 numprocs=40
19: Starting Rabenseifner with non-power-of-2 numprocs=40
30: Starting Rabenseifner with non-power-of-2 numprocs=40
32: Starting Rabenseifner with non-power-of-2 numprocs=40
34: Starting Rabenseifner with non-power-of-2 numprocs=40
1: Starting Rabenseifner with non-power-of-2 numprocs=40
39: Starting Rabenseifner with non-power-of-2 numprocs=40
3: Starting Rabenseifner with non-power-of-2 numprocs=40
6: Starting Rabenseifner with non-power-of-2 numprocs=40
7: Starting Rabenseifner with non-power-of-2 numprocs=40
12: Starting Rabenseifner with non-power-of-2 numprocs=40
26: Starting Rabenseifner with non-power-of-2 numprocs=40
4: Starting Rabenseifner with non-power-of-2 numprocs=40
27: Starting Rabenseifner with non-power-of-2 numprocs=40
33: Starting Rabenseifner with non-power-of-2 numprocs=40
29: Starting Rabenseifner with non-power-of-2 numprocs=40
21: Starting Rabenseifner with non-power-of-2 numprocs=40
22: Starting Rabenseifner with non-power-of-2 numprocs=40
25: Starting Rabenseifner with non-power-of-2 numprocs=40
0: Starting Rabenseifner with non-power-of-2 numprocs=40
18: Starting Rabenseifner with non-power-of-2 numprocs=40
36: Starting Rabenseifner with non-power-of-2 numprocs=40
9: Starting Rabenseifner with non-power-of-2 numprocs=40
23: Starting Rabenseifner with non-power-of-2 numprocs=40
38: Starting Rabenseifner with non-power-of-2 numprocs=40
37: Starting Rabenseifner with non-power-of-2 numprocs=40
17: Starting Rabenseifner with non-power-of-2 numprocs=40
28: Starting Rabenseifner with non-power-of-2 numprocs=40
5: Starting Rabenseifner with non-power-of-2 numprocs=40
10: Starting Rabenseifner with non-power-of-2 numprocs=40
16: Starting Rabenseifner with non-power-of-2 numprocs=40
31: Starting Rabenseifner with non-power-of-2 numprocs=40
24: Starting Rabenseifner with non-power-of-2 numprocs=40
20: Starting Rabenseifner with non-power-of-2 numprocs=40
30: Starting Rabenseifner with non-power-of-2 numprocs=40
32: Starting Rabenseifner with non-power-of-2 numprocs=40
1: Starting Rabenseifner with non-power-of-2 numprocs=40
3: Starting Rabenseifner with non-power-of-2 numprocs=40
7: Starting Rabenseifner with non-power-of-2 numprocs=40
12: Starting Rabenseifner with non-power-of-2 numprocs=40
26: Starting Rabenseifner with non-power-of-2 numprocs=40
4: Starting Rabenseifner with non-power-of-2 numprocs=40
27: Starting Rabenseifner with non-power-of-2 numprocs=40
21: Starting Rabenseifner with non-power-of-2 numprocs=40
22: Starting Rabenseifner with non-power-of-2 numprocs=40
25: Starting Rabenseifner with non-power-of-2 numprocs=40
time: 0.000011s
Iteration 38
14: Starting Rabenseifner with non-power-of-2 numprocs=40
11: Starting Rabenseifner with non-power-of-2 numprocs=40
2: Starting Rabenseifner with non-power-of-2 numprocs=40
15: Starting Rabenseifner with non-power-of-2 numprocs=40
35: Starting Rabenseifner with non-power-of-2 numprocs=40
13: Starting Rabenseifner with non-power-of-2 numprocs=40
8: Starting Rabenseifner with non-power-of-2 numprocs=40
19: Starting Rabenseifner with non-power-of-2 numprocs=40
34: Starting Rabenseifner with non-power-of-2 numprocs=40
39: Starting Rabenseifner with non-power-of-2 numprocs=40
6: Starting Rabenseifner with non-power-of-2 numprocs=40
33: Starting Rabenseifner with non-power-of-2 numprocs=40
29: Starting Rabenseifner with non-power-of-2 numprocs=40
0: Starting Rabenseifner with non-power-of-2 numprocs=40
time: 0.000014s
Iteration 39
18: Starting Rabenseifner with non-power-of-2 numprocs=40
14: Starting Rabenseifner with non-power-of-2 numprocs=40
11: Starting Rabenseifner with non-power-of-2 numprocs=40
2: Starting Rabenseifner with non-power-of-2 numprocs=40
9: Starting Rabenseifner with non-power-of-2 numprocs=40
23: Starting Rabenseifner with non-power-of-2 numprocs=40
15: Starting Rabenseifner with non-power-of-2 numprocs=40
38: Starting Rabenseifner with non-power-of-2 numprocs=40
37: Starting Rabenseifner with non-power-of-2 numprocs=40
35: Starting Rabenseifner with non-power-of-2 numprocs=40
17: Starting Rabenseifner with non-power-of-2 numprocs=40
13: Starting Rabenseifner with non-power-of-2 numprocs=40
28: Starting Rabenseifner with non-power-of-2 numprocs=40
5: Starting Rabenseifner with non-power-of-2 numprocs=40
10: Starting Rabenseifner with non-power-of-2 numprocs=40
36: Starting Rabenseifner with non-power-of-2 numprocs=40
16: Starting Rabenseifner with non-power-of-2 numprocs=40
31: Starting Rabenseifner with non-power-of-2 numprocs=40
24: Starting Rabenseifner with non-power-of-2 numprocs=40
20: Starting Rabenseifner with non-power-of-2 numprocs=40
8: Starting Rabenseifner with non-power-of-2 numprocs=40
19: Starting Rabenseifner with non-power-of-2 numprocs=40
30: Starting Rabenseifner with non-power-of-2 numprocs=40
32: Starting Rabenseifner with non-power-of-2 numprocs=40
34: Starting Rabenseifner with non-power-of-2 numprocs=40
1: Starting Rabenseifner with non-power-of-2 numprocs=40
39: Starting Rabenseifner with non-power-of-2 numprocs=40
3: Starting Rabenseifner with non-power-of-2 numprocs=40
6: Starting Rabenseifner with non-power-of-2 numprocs=40
7: Starting Rabenseifner with non-power-of-2 numprocs=40
12: Starting Rabenseifner with non-power-of-2 numprocs=40
26: Starting Rabenseifner with non-power-of-2 numprocs=40
4: Starting Rabenseifner with non-power-of-2 numprocs=40
27: Starting Rabenseifner with non-power-of-2 numprocs=40
33: Starting Rabenseifner with non-power-of-2 numprocs=40
29: Starting Rabenseifner with non-power-of-2 numprocs=40
21: Starting Rabenseifner with non-power-of-2 numprocs=40
22: Starting Rabenseifner with non-power-of-2 numprocs=40
25: Starting Rabenseifner with non-power-of-2 numprocs=40
0: Starting Rabenseifner with non-power-of-2 numprocs=40
time: 0.000014s
18: Starting Rabenseifner with non-power-of-2 numprocs=40
14: Starting Rabenseifner with non-power-of-2 numprocs=40
11: Starting Rabenseifner with non-power-of-2 numprocs=40
2: Starting Rabenseifner with non-power-of-2 numprocs=40
9: Starting Rabenseifner with non-power-of-2 numprocs=40
23: Starting Rabenseifner with non-power-of-2 numprocs=40
15: Starting Rabenseifner with non-power-of-2 numprocs=40
38: Starting Rabenseifner with non-power-of-2 numprocs=40
37: Starting Rabenseifner with non-power-of-2 numprocs=40
35: Starting Rabenseifner with non-power-of-2 numprocs=40
17: Starting Rabenseifner with non-power-of-2 numprocs=40
13: Starting Rabenseifner with non-power-of-2 numprocs=40
28: Starting Rabenseifner with non-power-of-2 numprocs=40
5: Starting Rabenseifner with non-power-of-2 numprocs=40
10: Starting Rabenseifner with non-power-of-2 numprocs=40
36: Starting Rabenseifner with non-power-of-2 numprocs=40
16: Starting Rabenseifner with non-power-of-2 numprocs=40
31: Starting Rabenseifner with non-power-of-2 numprocs=40
24: Starting Rabenseifner with non-power-of-2 numprocs=40
20: Starting Rabenseifner with non-power-of-2 numprocs=40
8: Starting Rabenseifner with non-power-of-2 numprocs=40
19: Starting Rabenseifner with non-power-of-2 numprocs=40
30: Starting Rabenseifner with non-power-of-2 numprocs=40
32: Starting Rabenseifner with non-power-of-2 numprocs=40
34: Starting Rabenseifner with non-power-of-2 numprocs=40
1: Starting Rabenseifner with non-power-of-2 numprocs=40
39: Starting Rabenseifner with non-power-of-2 numprocs=40
3: Starting Rabenseifner with non-power-of-2 numprocs=40
6: Starting Rabenseifner with non-power-of-2 numprocs=40
7: Starting Rabenseifner with non-power-of-2 numprocs=40
12: Starting Rabenseifner with non-power-of-2 numprocs=40
26: Starting Rabenseifner with non-power-of-2 numprocs=40
4: Starting Rabenseifner with non-power-of-2 numprocs=40
27: Starting Rabenseifner with non-power-of-2 numprocs=40
33: Starting Rabenseifner with non-power-of-2 numprocs=40
29: Starting Rabenseifner with non-power-of-2 numprocs=40
21: Starting Rabenseifner with non-power-of-2 numprocs=40
22: Starting Rabenseifner with non-power-of-2 numprocs=40
25: Starting Rabenseifner with non-power-of-2 numprocs=40
