3: Starting numprocs=36 N=8192, M=8192 impl=allreduce-rabenseifner
1: Starting numprocs=36 N=8192, M=8192 impl=allreduce-rabenseifner
30: Starting numprocs=36 N=8192, M=8192 impl=allreduce-rabenseifner
33: Starting numprocs=36 N=8192, M=8192 impl=allreduce-rabenseifner
34: Starting numprocs=36 N=8192, M=8192 impl=allreduce-rabenseifner
4: Starting numprocs=36 N=8192, M=8192 impl=allreduce-rabenseifner
23: Starting numprocs=36 N=8192, M=8192 impl=allreduce-rabenseifner
27: Starting numprocs=36 N=8192, M=8192 impl=allreduce-rabenseifner
7: Starting numprocs=36 N=8192, M=8192 impl=allreduce-rabenseifner
10: Starting numprocs=36 N=8192, M=8192 impl=allreduce-rabenseifner
26: Starting numprocs=36 N=8192, M=8192 impl=allreduce-rabenseifner
0: Starting numprocs=36 N=8192, M=8192 impl=allreduce-rabenseifner
Iteration 0
12: Starting numprocs=36 N=8192, M=8192 impl=allreduce-rabenseifner
25: Starting numprocs=36 N=8192, M=8192 impl=allreduce-rabenseifner
11: Starting numprocs=36 N=8192, M=8192 impl=allreduce-rabenseifner
22: Starting numprocs=36 N=8192, M=8192 impl=allreduce-rabenseifner
14: Starting numprocs=36 N=8192, M=8192 impl=allreduce-rabenseifner
13: Starting numprocs=36 N=8192, M=8192 impl=allreduce-rabenseifner
29: Starting numprocs=36 N=8192, M=8192 impl=allreduce-rabenseifner
5: Starting numprocs=36 N=8192, M=8192 impl=allreduce-rabenseifner
9: Starting numprocs=36 N=8192, M=8192 impl=allreduce-rabenseifner
18: Starting numprocs=36 N=8192, M=8192 impl=allreduce-rabenseifner
32: Starting numprocs=36 N=8192, M=8192 impl=allreduce-rabenseifner
17: Starting numprocs=36 N=8192, M=8192 impl=allreduce-rabenseifner
8: Starting numprocs=36 N=8192, M=8192 impl=allreduce-rabenseifner
24: Starting numprocs=36 N=8192, M=8192 impl=allreduce-rabenseifner
21: Starting numprocs=36 N=8192, M=8192 impl=allreduce-rabenseifner
20: Starting numprocs=36 N=8192, M=8192 impl=allreduce-rabenseifner
15: Starting numprocs=36 N=8192, M=8192 impl=allreduce-rabenseifner
35: Starting numprocs=36 N=8192, M=8192 impl=allreduce-rabenseifner
2: Starting numprocs=36 N=8192, M=8192 impl=allreduce-rabenseifner
28: Starting numprocs=36 N=8192, M=8192 impl=allreduce-rabenseifner
6: Starting numprocs=36 N=8192, M=8192 impl=allreduce-rabenseifner
16: Starting numprocs=36 N=8192, M=8192 impl=allreduce-rabenseifner
31: Starting numprocs=36 N=8192, M=8192 impl=allreduce-rabenseifner
19: Starting numprocs=36 N=8192, M=8192 impl=allreduce-rabenseifner
14: Starting Rabenseifner with non-power-of-2 numprocs=36
16: Starting Rabenseifner with non-power-of-2 numprocs=36
0: Starting Rabenseifner with non-power-of-2 numprocs=36
4: Starting Rabenseifner with non-power-of-2 numprocs=36
24: Starting Rabenseifner with non-power-of-2 numprocs=36
20: Starting Rabenseifner with non-power-of-2 numprocs=36
32: Starting Rabenseifner with non-power-of-2 numprocs=36
28: Starting Rabenseifner with non-power-of-2 numprocs=36
17: Starting Rabenseifner with non-power-of-2 numprocs=36
8: Starting Rabenseifner with non-power-of-2 numprocs=36
12: Starting Rabenseifner with non-power-of-2 numprocs=36
21: Starting Rabenseifner with non-power-of-2 numprocs=36
5: Starting Rabenseifner with non-power-of-2 numprocs=36
25: Starting Rabenseifner with non-power-of-2 numprocs=36
29: Starting Rabenseifner with non-power-of-2 numprocs=36
13: Starting Rabenseifner with non-power-of-2 numprocs=36
30: Starting Rabenseifner with non-power-of-2 numprocs=36
10: Starting Rabenseifner with non-power-of-2 numprocs=36
33: Starting Rabenseifner with non-power-of-2 numprocs=36
6: Starting Rabenseifner with non-power-of-2 numprocs=36
9: Starting Rabenseifner with non-power-of-2 numprocs=36
26: Starting Rabenseifner with non-power-of-2 numprocs=36
1: Starting Rabenseifner with non-power-of-2 numprocs=36
18: Starting Rabenseifner with non-power-of-2 numprocs=36
22: Starting Rabenseifner with non-power-of-2 numprocs=36
34: Starting Rabenseifner with non-power-of-2 numprocs=36
2: Starting Rabenseifner with non-power-of-2 numprocs=36
11: Starting Rabenseifner with non-power-of-2 numprocs=36
3: Starting Rabenseifner with non-power-of-2 numprocs=36
19: Starting Rabenseifner with non-power-of-2 numprocs=36
23: Starting Rabenseifner with non-power-of-2 numprocs=36
35: Starting Rabenseifner with non-power-of-2 numprocs=36
31: Starting Rabenseifner with non-power-of-2 numprocs=36
27: Starting Rabenseifner with non-power-of-2 numprocs=36
15: Starting Rabenseifner with non-power-of-2 numprocs=36
7: Starting Rabenseifner with non-power-of-2 numprocs=36
time: 0.000013s
Iteration 1
0: Starting Rabenseifner with non-power-of-2 numprocs=36
time: 0.000013s
33: Starting Rabenseifner with non-power-of-2 numprocs=36
Iteration 2
21: Starting Rabenseifner with non-power-of-2 numprocs=36
4: Starting Rabenseifner with non-power-of-2 numprocs=36
7: Starting Rabenseifner with non-power-of-2 numprocs=36
24: Starting Rabenseifner with non-power-of-2 numprocs=36
6: Starting Rabenseifner with non-power-of-2 numprocs=36
12: Starting Rabenseifner with non-power-of-2 numprocs=36
1: Starting Rabenseifner with non-power-of-2 numprocs=36
32: Starting Rabenseifner with non-power-of-2 numprocs=36
11: Starting Rabenseifner with non-power-of-2 numprocs=36
3: Starting Rabenseifner with non-power-of-2 numprocs=36
16: Starting Rabenseifner with non-power-of-2 numprocs=36
20: Starting Rabenseifner with non-power-of-2 numprocs=36
18: Starting Rabenseifner with non-power-of-2 numprocs=36
22: Starting Rabenseifner with non-power-of-2 numprocs=36
5: Starting Rabenseifner with non-power-of-2 numprocs=36
19: Starting Rabenseifner with non-power-of-2 numprocs=36
23: Starting Rabenseifner with non-power-of-2 numprocs=36
35: Starting Rabenseifner with non-power-of-2 numprocs=36
25: Starting Rabenseifner with non-power-of-2 numprocs=36
29: Starting Rabenseifner with non-power-of-2 numprocs=36
13: Starting Rabenseifner with non-power-of-2 numprocs=36
30: Starting Rabenseifner with non-power-of-2 numprocs=36
31: Starting Rabenseifner with non-power-of-2 numprocs=36
10: Starting Rabenseifner with non-power-of-2 numprocs=36
14: Starting Rabenseifner with non-power-of-2 numprocs=36
28: Starting Rabenseifner with non-power-of-2 numprocs=36
17: Starting Rabenseifner with non-power-of-2 numprocs=36
27: Starting Rabenseifner with non-power-of-2 numprocs=36
15: Starting Rabenseifner with non-power-of-2 numprocs=36
34: Starting Rabenseifner with non-power-of-2 numprocs=36
8: Starting Rabenseifner with non-power-of-2 numprocs=36
9: Starting Rabenseifner with non-power-of-2 numprocs=36
26: Starting Rabenseifner with non-power-of-2 numprocs=36
2: Starting Rabenseifner with non-power-of-2 numprocs=36
0: Starting Rabenseifner with non-power-of-2 numprocs=36
time: 0.000014s
Iteration 3
16: Starting Rabenseifner with non-power-of-2 numprocs=36
4: Starting Rabenseifner with non-power-of-2 numprocs=36
25: Starting Rabenseifner with non-power-of-2 numprocs=36
27: Starting Rabenseifner with non-power-of-2 numprocs=36
7: Starting Rabenseifner with non-power-of-2 numprocs=36
24: Starting Rabenseifner with non-power-of-2 numprocs=36
8: Starting Rabenseifner with non-power-of-2 numprocs=36
26: Starting Rabenseifner with non-power-of-2 numprocs=36
32: Starting Rabenseifner with non-power-of-2 numprocs=36
11: Starting Rabenseifner with non-power-of-2 numprocs=36
3: Starting Rabenseifner with non-power-of-2 numprocs=36
20: Starting Rabenseifner with non-power-of-2 numprocs=36
18: Starting Rabenseifner with non-power-of-2 numprocs=36
21: Starting Rabenseifner with non-power-of-2 numprocs=36
22: Starting Rabenseifner with non-power-of-2 numprocs=36
5: Starting Rabenseifner with non-power-of-2 numprocs=36
19: Starting Rabenseifner with non-power-of-2 numprocs=36
23: Starting Rabenseifner with non-power-of-2 numprocs=36
35: Starting Rabenseifner with non-power-of-2 numprocs=36
29: Starting Rabenseifner with non-power-of-2 numprocs=36
13: Starting Rabenseifner with non-power-of-2 numprocs=36
30: Starting Rabenseifner with non-power-of-2 numprocs=36
31: Starting Rabenseifner with non-power-of-2 numprocs=36
10: Starting Rabenseifner with non-power-of-2 numprocs=36
14: Starting Rabenseifner with non-power-of-2 numprocs=36
28: Starting Rabenseifner with non-power-of-2 numprocs=36
17: Starting Rabenseifner with non-power-of-2 numprocs=36
15: Starting Rabenseifner with non-power-of-2 numprocs=36
34: Starting Rabenseifner with non-power-of-2 numprocs=36
33: Starting Rabenseifner with non-power-of-2 numprocs=36
6: Starting Rabenseifner with non-power-of-2 numprocs=36
9: Starting Rabenseifner with non-power-of-2 numprocs=36
2: Starting Rabenseifner with non-power-of-2 numprocs=36
12: Starting Rabenseifner with non-power-of-2 numprocs=36
1: Starting Rabenseifner with non-power-of-2 numprocs=36
0: Starting Rabenseifner with non-power-of-2 numprocs=36
time: 0.000014s
Iteration 4
7: Starting Rabenseifner with non-power-of-2 numprocs=36
26: Starting Rabenseifner with non-power-of-2 numprocs=36
32: Starting Rabenseifner with non-power-of-2 numprocs=36
11: Starting Rabenseifner with non-power-of-2 numprocs=36
3: Starting Rabenseifner with non-power-of-2 numprocs=36
16: Starting Rabenseifner with non-power-of-2 numprocs=36
20: Starting Rabenseifner with non-power-of-2 numprocs=36
18: Starting Rabenseifner with non-power-of-2 numprocs=36
21: Starting Rabenseifner with non-power-of-2 numprocs=36
22: Starting Rabenseifner with non-power-of-2 numprocs=36
5: Starting Rabenseifner with non-power-of-2 numprocs=36
19: Starting Rabenseifner with non-power-of-2 numprocs=36
23: Starting Rabenseifner with non-power-of-2 numprocs=36
35: Starting Rabenseifner with non-power-of-2 numprocs=36
4: Starting Rabenseifner with non-power-of-2 numprocs=36
25: Starting Rabenseifner with non-power-of-2 numprocs=36
29: Starting Rabenseifner with non-power-of-2 numprocs=36
13: Starting Rabenseifner with non-power-of-2 numprocs=36
30: Starting Rabenseifner with non-power-of-2 numprocs=36
31: Starting Rabenseifner with non-power-of-2 numprocs=36
10: Starting Rabenseifner with non-power-of-2 numprocs=36
14: Starting Rabenseifner with non-power-of-2 numprocs=36
28: Starting Rabenseifner with non-power-of-2 numprocs=36
17: Starting Rabenseifner with non-power-of-2 numprocs=36
27: Starting Rabenseifner with non-power-of-2 numprocs=36
15: Starting Rabenseifner with non-power-of-2 numprocs=36
34: Starting Rabenseifner with non-power-of-2 numprocs=36
33: Starting Rabenseifner with non-power-of-2 numprocs=36
24: Starting Rabenseifner with non-power-of-2 numprocs=36
6: Starting Rabenseifner with non-power-of-2 numprocs=36
8: Starting Rabenseifner with non-power-of-2 numprocs=36
9: Starting Rabenseifner with non-power-of-2 numprocs=36
2: Starting Rabenseifner with non-power-of-2 numprocs=36
12: Starting Rabenseifner with non-power-of-2 numprocs=36
1: Starting Rabenseifner with non-power-of-2 numprocs=36
0: Starting Rabenseifner with non-power-of-2 numprocs=36
time: 0.000015s
7: Starting Rabenseifner with non-power-of-2 numprocs=36
8: Starting Rabenseifner with non-power-of-2 numprocs=36
26: Starting Rabenseifner with non-power-of-2 numprocs=36
Iteration 5
32: Starting Rabenseifner with non-power-of-2 numprocs=36
11: Starting Rabenseifner with non-power-of-2 numprocs=36
3: Starting Rabenseifner with non-power-of-2 numprocs=36
16: Starting Rabenseifner with non-power-of-2 numprocs=36
20: Starting Rabenseifner with non-power-of-2 numprocs=36
18: Starting Rabenseifner with non-power-of-2 numprocs=36
22: Starting Rabenseifner with non-power-of-2 numprocs=36
23: Starting Rabenseifner with non-power-of-2 numprocs=36
4: Starting Rabenseifner with non-power-of-2 numprocs=36
25: Starting Rabenseifner with non-power-of-2 numprocs=36
29: Starting Rabenseifner with non-power-of-2 numprocs=36
13: Starting Rabenseifner with non-power-of-2 numprocs=36
30: Starting Rabenseifner with non-power-of-2 numprocs=36
31: Starting Rabenseifner with non-power-of-2 numprocs=36
14: Starting Rabenseifner with non-power-of-2 numprocs=36
28: Starting Rabenseifner with non-power-of-2 numprocs=36
17: Starting Rabenseifner with non-power-of-2 numprocs=36
15: Starting Rabenseifner with non-power-of-2 numprocs=36
34: Starting Rabenseifner with non-power-of-2 numprocs=36
1: Starting Rabenseifner with non-power-of-2 numprocs=36
21: Starting Rabenseifner with non-power-of-2 numprocs=36
5: Starting Rabenseifner with non-power-of-2 numprocs=36
19: Starting Rabenseifner with non-power-of-2 numprocs=36
35: Starting Rabenseifner with non-power-of-2 numprocs=36
10: Starting Rabenseifner with non-power-of-2 numprocs=36
27: Starting Rabenseifner with non-power-of-2 numprocs=36
33: Starting Rabenseifner with non-power-of-2 numprocs=36
24: Starting Rabenseifner with non-power-of-2 numprocs=36
6: Starting Rabenseifner with non-power-of-2 numprocs=36
9: Starting Rabenseifner with non-power-of-2 numprocs=36
2: Starting Rabenseifner with non-power-of-2 numprocs=36
12: Starting Rabenseifner with non-power-of-2 numprocs=36
0: Starting Rabenseifner with non-power-of-2 numprocs=36
25: Starting Rabenseifner with non-power-of-2 numprocs=36
27: Starting Rabenseifner with non-power-of-2 numprocs=36
7: Starting Rabenseifner with non-power-of-2 numprocs=36
8: Starting Rabenseifner with non-power-of-2 numprocs=36
26: Starting Rabenseifner with non-power-of-2 numprocs=36
time: 0.000095s
Iteration 6
32: Starting Rabenseifner with non-power-of-2 numprocs=36
11: Starting Rabenseifner with non-power-of-2 numprocs=36
3: Starting Rabenseifner with non-power-of-2 numprocs=36
16: Starting Rabenseifner with non-power-of-2 numprocs=36
20: Starting Rabenseifner with non-power-of-2 numprocs=36
18: Starting Rabenseifner with non-power-of-2 numprocs=36
21: Starting Rabenseifner with non-power-of-2 numprocs=36
22: Starting Rabenseifner with non-power-of-2 numprocs=36
5: Starting Rabenseifner with non-power-of-2 numprocs=36
19: Starting Rabenseifner with non-power-of-2 numprocs=36
23: Starting Rabenseifner with non-power-of-2 numprocs=36
35: Starting Rabenseifner with non-power-of-2 numprocs=36
4: Starting Rabenseifner with non-power-of-2 numprocs=36
29: Starting Rabenseifner with non-power-of-2 numprocs=36
13: Starting Rabenseifner with non-power-of-2 numprocs=36
30: Starting Rabenseifner with non-power-of-2 numprocs=36
31: Starting Rabenseifner with non-power-of-2 numprocs=36
10: Starting Rabenseifner with non-power-of-2 numprocs=36
14: Starting Rabenseifner with non-power-of-2 numprocs=36
28: Starting Rabenseifner with non-power-of-2 numprocs=36
17: Starting Rabenseifner with non-power-of-2 numprocs=36
15: Starting Rabenseifner with non-power-of-2 numprocs=36
34: Starting Rabenseifner with non-power-of-2 numprocs=36
33: Starting Rabenseifner with non-power-of-2 numprocs=36
24: Starting Rabenseifner with non-power-of-2 numprocs=36
6: Starting Rabenseifner with non-power-of-2 numprocs=36
9: Starting Rabenseifner with non-power-of-2 numprocs=36
2: Starting Rabenseifner with non-power-of-2 numprocs=36
12: Starting Rabenseifner with non-power-of-2 numprocs=36
1: Starting Rabenseifner with non-power-of-2 numprocs=36
0: Starting Rabenseifner with non-power-of-2 numprocs=36
time: 0.000014s
7: Starting Rabenseifner with non-power-of-2 numprocs=36
8: Starting Rabenseifner with non-power-of-2 numprocs=36
Iteration 7
32: Starting Rabenseifner with non-power-of-2 numprocs=36
3: Starting Rabenseifner with non-power-of-2 numprocs=36
20: Starting Rabenseifner with non-power-of-2 numprocs=36
21: Starting Rabenseifner with non-power-of-2 numprocs=36
4: Starting Rabenseifner with non-power-of-2 numprocs=36
25: Starting Rabenseifner with non-power-of-2 numprocs=36
29: Starting Rabenseifner with non-power-of-2 numprocs=36
13: Starting Rabenseifner with non-power-of-2 numprocs=36
30: Starting Rabenseifner with non-power-of-2 numprocs=36
28: Starting Rabenseifner with non-power-of-2 numprocs=36
15: Starting Rabenseifner with non-power-of-2 numprocs=36
34: Starting Rabenseifner with non-power-of-2 numprocs=36
24: Starting Rabenseifner with non-power-of-2 numprocs=36
6: Starting Rabenseifner with non-power-of-2 numprocs=36
26: Starting Rabenseifner with non-power-of-2 numprocs=36
12: Starting Rabenseifner with non-power-of-2 numprocs=36
11: Starting Rabenseifner with non-power-of-2 numprocs=36
16: Starting Rabenseifner with non-power-of-2 numprocs=36
18: Starting Rabenseifner with non-power-of-2 numprocs=36
22: Starting Rabenseifner with non-power-of-2 numprocs=36
5: Starting Rabenseifner with non-power-of-2 numprocs=36
19: Starting Rabenseifner with non-power-of-2 numprocs=36
23: Starting Rabenseifner with non-power-of-2 numprocs=36
35: Starting Rabenseifner with non-power-of-2 numprocs=36
31: Starting Rabenseifner with non-power-of-2 numprocs=36
10: Starting Rabenseifner with non-power-of-2 numprocs=36
14: Starting Rabenseifner with non-power-of-2 numprocs=36
17: Starting Rabenseifner with non-power-of-2 numprocs=36
27: Starting Rabenseifner with non-power-of-2 numprocs=36
33: Starting Rabenseifner with non-power-of-2 numprocs=36
9: Starting Rabenseifner with non-power-of-2 numprocs=36
2: Starting Rabenseifner with non-power-of-2 numprocs=36
1: Starting Rabenseifner with non-power-of-2 numprocs=36
0: Starting Rabenseifner with non-power-of-2 numprocs=36
time: 0.000014s
7: Starting Rabenseifner with non-power-of-2 numprocs=36
8: Starting Rabenseifner with non-power-of-2 numprocs=36
Iteration 8
32: Starting Rabenseifner with non-power-of-2 numprocs=36
11: Starting Rabenseifner with non-power-of-2 numprocs=36
16: Starting Rabenseifner with non-power-of-2 numprocs=36
20: Starting Rabenseifner with non-power-of-2 numprocs=36
18: Starting Rabenseifner with non-power-of-2 numprocs=36
21: Starting Rabenseifner with non-power-of-2 numprocs=36
22: Starting Rabenseifner with non-power-of-2 numprocs=36
4: Starting Rabenseifner with non-power-of-2 numprocs=36
25: Starting Rabenseifner with non-power-of-2 numprocs=36
29: Starting Rabenseifner with non-power-of-2 numprocs=36
14: Starting Rabenseifner with non-power-of-2 numprocs=36
17: Starting Rabenseifner with non-power-of-2 numprocs=36
15: Starting Rabenseifner with non-power-of-2 numprocs=36
24: Starting Rabenseifner with non-power-of-2 numprocs=36
6: Starting Rabenseifner with non-power-of-2 numprocs=36
26: Starting Rabenseifner with non-power-of-2 numprocs=36
12: Starting Rabenseifner with non-power-of-2 numprocs=36
1: Starting Rabenseifner with non-power-of-2 numprocs=36
3: Starting Rabenseifner with non-power-of-2 numprocs=36
5: Starting Rabenseifner with non-power-of-2 numprocs=36
19: Starting Rabenseifner with non-power-of-2 numprocs=36
23: Starting Rabenseifner with non-power-of-2 numprocs=36
35: Starting Rabenseifner with non-power-of-2 numprocs=36
13: Starting Rabenseifner with non-power-of-2 numprocs=36
30: Starting Rabenseifner with non-power-of-2 numprocs=36
31: Starting Rabenseifner with non-power-of-2 numprocs=36
10: Starting Rabenseifner with non-power-of-2 numprocs=36
28: Starting Rabenseifner with non-power-of-2 numprocs=36
27: Starting Rabenseifner with non-power-of-2 numprocs=36
34: Starting Rabenseifner with non-power-of-2 numprocs=36
33: Starting Rabenseifner with non-power-of-2 numprocs=36
9: Starting Rabenseifner with non-power-of-2 numprocs=36
2: Starting Rabenseifner with non-power-of-2 numprocs=36
0: Starting Rabenseifner with non-power-of-2 numprocs=36
time: 0.000012s
7: Starting Rabenseifner with non-power-of-2 numprocs=36
26: Starting Rabenseifner with non-power-of-2 numprocs=36
Iteration 9
3: Starting Rabenseifner with non-power-of-2 numprocs=36
19: Starting Rabenseifner with non-power-of-2 numprocs=36
35: Starting Rabenseifner with non-power-of-2 numprocs=36
4: Starting Rabenseifner with non-power-of-2 numprocs=36
25: Starting Rabenseifner with non-power-of-2 numprocs=36
13: Starting Rabenseifner with non-power-of-2 numprocs=36
31: Starting Rabenseifner with non-power-of-2 numprocs=36
10: Starting Rabenseifner with non-power-of-2 numprocs=36
27: Starting Rabenseifner with non-power-of-2 numprocs=36
15: Starting Rabenseifner with non-power-of-2 numprocs=36
34: Starting Rabenseifner with non-power-of-2 numprocs=36
6: Starting Rabenseifner with non-power-of-2 numprocs=36
8: Starting Rabenseifner with non-power-of-2 numprocs=36
9: Starting Rabenseifner with non-power-of-2 numprocs=36
32: Starting Rabenseifner with non-power-of-2 numprocs=36
11: Starting Rabenseifner with non-power-of-2 numprocs=36
16: Starting Rabenseifner with non-power-of-2 numprocs=36
20: Starting Rabenseifner with non-power-of-2 numprocs=36
18: Starting Rabenseifner with non-power-of-2 numprocs=36
21: Starting Rabenseifner with non-power-of-2 numprocs=36
22: Starting Rabenseifner with non-power-of-2 numprocs=36
5: Starting Rabenseifner with non-power-of-2 numprocs=36
23: Starting Rabenseifner with non-power-of-2 numprocs=36
29: Starting Rabenseifner with non-power-of-2 numprocs=36
30: Starting Rabenseifner with non-power-of-2 numprocs=36
14: Starting Rabenseifner with non-power-of-2 numprocs=36
28: Starting Rabenseifner with non-power-of-2 numprocs=36
17: Starting Rabenseifner with non-power-of-2 numprocs=36
33: Starting Rabenseifner with non-power-of-2 numprocs=36
24: Starting Rabenseifner with non-power-of-2 numprocs=36
2: Starting Rabenseifner with non-power-of-2 numprocs=36
12: Starting Rabenseifner with non-power-of-2 numprocs=36
1: Starting Rabenseifner with non-power-of-2 numprocs=36
0: Starting Rabenseifner with non-power-of-2 numprocs=36
time: 0.000013s
3: Starting Rabenseifner with non-power-of-2 numprocs=36
7: Starting Rabenseifner with non-power-of-2 numprocs=36
Iteration 10
16: Starting Rabenseifner with non-power-of-2 numprocs=36
18: Starting Rabenseifner with non-power-of-2 numprocs=36
22: Starting Rabenseifner with non-power-of-2 numprocs=36
5: Starting Rabenseifner with non-power-of-2 numprocs=36
4: Starting Rabenseifner with non-power-of-2 numprocs=36
31: Starting Rabenseifner with non-power-of-2 numprocs=36
14: Starting Rabenseifner with non-power-of-2 numprocs=36
27: Starting Rabenseifner with non-power-of-2 numprocs=36
34: Starting Rabenseifner with non-power-of-2 numprocs=36
33: Starting Rabenseifner with non-power-of-2 numprocs=36
24: Starting Rabenseifner with non-power-of-2 numprocs=36
6: Starting Rabenseifner with non-power-of-2 numprocs=36
8: Starting Rabenseifner with non-power-of-2 numprocs=36
26: Starting Rabenseifner with non-power-of-2 numprocs=36
12: Starting Rabenseifner with non-power-of-2 numprocs=36
1: Starting Rabenseifner with non-power-of-2 numprocs=36
32: Starting Rabenseifner with non-power-of-2 numprocs=36
11: Starting Rabenseifner with non-power-of-2 numprocs=36
20: Starting Rabenseifner with non-power-of-2 numprocs=36
21: Starting Rabenseifner with non-power-of-2 numprocs=36
19: Starting Rabenseifner with non-power-of-2 numprocs=36
23: Starting Rabenseifner with non-power-of-2 numprocs=36
35: Starting Rabenseifner with non-power-of-2 numprocs=36
25: Starting Rabenseifner with non-power-of-2 numprocs=36
29: Starting Rabenseifner with non-power-of-2 numprocs=36
13: Starting Rabenseifner with non-power-of-2 numprocs=36
30: Starting Rabenseifner with non-power-of-2 numprocs=36
10: Starting Rabenseifner with non-power-of-2 numprocs=36
28: Starting Rabenseifner with non-power-of-2 numprocs=36
17: Starting Rabenseifner with non-power-of-2 numprocs=36
15: Starting Rabenseifner with non-power-of-2 numprocs=36
9: Starting Rabenseifner with non-power-of-2 numprocs=36
2: Starting Rabenseifner with non-power-of-2 numprocs=36
0: Starting Rabenseifner with non-power-of-2 numprocs=36
time: 0.000014s
7: Starting Rabenseifner with non-power-of-2 numprocs=36
8: Starting Rabenseifner with non-power-of-2 numprocs=36
Iteration 11
11: Starting Rabenseifner with non-power-of-2 numprocs=36
3: Starting Rabenseifner with non-power-of-2 numprocs=36
16: Starting Rabenseifner with non-power-of-2 numprocs=36
18: Starting Rabenseifner with non-power-of-2 numprocs=36
22: Starting Rabenseifner with non-power-of-2 numprocs=36
5: Starting Rabenseifner with non-power-of-2 numprocs=36
23: Starting Rabenseifner with non-power-of-2 numprocs=36
4: Starting Rabenseifner with non-power-of-2 numprocs=36
25: Starting Rabenseifner with non-power-of-2 numprocs=36
13: Starting Rabenseifner with non-power-of-2 numprocs=36
14: Starting Rabenseifner with non-power-of-2 numprocs=36
17: Starting Rabenseifner with non-power-of-2 numprocs=36
27: Starting Rabenseifner with non-power-of-2 numprocs=36
15: Starting Rabenseifner with non-power-of-2 numprocs=36
33: Starting Rabenseifner with non-power-of-2 numprocs=36
24: Starting Rabenseifner with non-power-of-2 numprocs=36
6: Starting Rabenseifner with non-power-of-2 numprocs=36
26: Starting Rabenseifner with non-power-of-2 numprocs=36
1: Starting Rabenseifner with non-power-of-2 numprocs=36
32: Starting Rabenseifner with non-power-of-2 numprocs=36
20: Starting Rabenseifner with non-power-of-2 numprocs=36
21: Starting Rabenseifner with non-power-of-2 numprocs=36
19: Starting Rabenseifner with non-power-of-2 numprocs=36
35: Starting Rabenseifner with non-power-of-2 numprocs=36
29: Starting Rabenseifner with non-power-of-2 numprocs=36
30: Starting Rabenseifner with non-power-of-2 numprocs=36
31: Starting Rabenseifner with non-power-of-2 numprocs=36
10: Starting Rabenseifner with non-power-of-2 numprocs=36
28: Starting Rabenseifner with non-power-of-2 numprocs=36
34: Starting Rabenseifner with non-power-of-2 numprocs=36
9: Starting Rabenseifner with non-power-of-2 numprocs=36
2: Starting Rabenseifner with non-power-of-2 numprocs=36
12: Starting Rabenseifner with non-power-of-2 numprocs=36
0: Starting Rabenseifner with non-power-of-2 numprocs=36
time: 0.000014s
7: Starting Rabenseifner with non-power-of-2 numprocs=36
8: Starting Rabenseifner with non-power-of-2 numprocs=36
26: Starting Rabenseifner with non-power-of-2 numprocs=36
Iteration 12
32: Starting Rabenseifner with non-power-of-2 numprocs=36
11: Starting Rabenseifner with non-power-of-2 numprocs=36
3: Starting Rabenseifner with non-power-of-2 numprocs=36
20: Starting Rabenseifner with non-power-of-2 numprocs=36
21: Starting Rabenseifner with non-power-of-2 numprocs=36
22: Starting Rabenseifner with non-power-of-2 numprocs=36
23: Starting Rabenseifner with non-power-of-2 numprocs=36
4: Starting Rabenseifner with non-power-of-2 numprocs=36
25: Starting Rabenseifner with non-power-of-2 numprocs=36
29: Starting Rabenseifner with non-power-of-2 numprocs=36
13: Starting Rabenseifner with non-power-of-2 numprocs=36
30: Starting Rabenseifner with non-power-of-2 numprocs=36
28: Starting Rabenseifner with non-power-of-2 numprocs=36
17: Starting Rabenseifner with non-power-of-2 numprocs=36
15: Starting Rabenseifner with non-power-of-2 numprocs=36
24: Starting Rabenseifner with non-power-of-2 numprocs=36
2: Starting Rabenseifner with non-power-of-2 numprocs=36
16: Starting Rabenseifner with non-power-of-2 numprocs=36
18: Starting Rabenseifner with non-power-of-2 numprocs=36
5: Starting Rabenseifner with non-power-of-2 numprocs=36
19: Starting Rabenseifner with non-power-of-2 numprocs=36
35: Starting Rabenseifner with non-power-of-2 numprocs=36
31: Starting Rabenseifner with non-power-of-2 numprocs=36
10: Starting Rabenseifner with non-power-of-2 numprocs=36
14: Starting Rabenseifner with non-power-of-2 numprocs=36
27: Starting Rabenseifner with non-power-of-2 numprocs=36
34: Starting Rabenseifner with non-power-of-2 numprocs=36
33: Starting Rabenseifner with non-power-of-2 numprocs=36
6: Starting Rabenseifner with non-power-of-2 numprocs=36
9: Starting Rabenseifner with non-power-of-2 numprocs=36
12: Starting Rabenseifner with non-power-of-2 numprocs=36
1: Starting Rabenseifner with non-power-of-2 numprocs=36
0: Starting Rabenseifner with non-power-of-2 numprocs=36
time: 0.000015s
7: Starting Rabenseifner with non-power-of-2 numprocs=36
8: Starting Rabenseifner with non-power-of-2 numprocs=36
Iteration 13
3: Starting Rabenseifner with non-power-of-2 numprocs=36
16: Starting Rabenseifner with non-power-of-2 numprocs=36
18: Starting Rabenseifner with non-power-of-2 numprocs=36
22: Starting Rabenseifner with non-power-of-2 numprocs=36
4: Starting Rabenseifner with non-power-of-2 numprocs=36
25: Starting Rabenseifner with non-power-of-2 numprocs=36
13: Starting Rabenseifner with non-power-of-2 numprocs=36
31: Starting Rabenseifner with non-power-of-2 numprocs=36
14: Starting Rabenseifner with non-power-of-2 numprocs=36
17: Starting Rabenseifner with non-power-of-2 numprocs=36
15: Starting Rabenseifner with non-power-of-2 numprocs=36
34: Starting Rabenseifner with non-power-of-2 numprocs=36
24: Starting Rabenseifner with non-power-of-2 numprocs=36
6: Starting Rabenseifner with non-power-of-2 numprocs=36
26: Starting Rabenseifner with non-power-of-2 numprocs=36
2: Starting Rabenseifner with non-power-of-2 numprocs=36
1: Starting Rabenseifner with non-power-of-2 numprocs=36
32: Starting Rabenseifner with non-power-of-2 numprocs=36
11: Starting Rabenseifner with non-power-of-2 numprocs=36
20: Starting Rabenseifner with non-power-of-2 numprocs=36
21: Starting Rabenseifner with non-power-of-2 numprocs=36
5: Starting Rabenseifner with non-power-of-2 numprocs=36
19: Starting Rabenseifner with non-power-of-2 numprocs=36
23: Starting Rabenseifner with non-power-of-2 numprocs=36
35: Starting Rabenseifner with non-power-of-2 numprocs=36
29: Starting Rabenseifner with non-power-of-2 numprocs=36
30: Starting Rabenseifner with non-power-of-2 numprocs=36
10: Starting Rabenseifner with non-power-of-2 numprocs=36
28: Starting Rabenseifner with non-power-of-2 numprocs=36
27: Starting Rabenseifner with non-power-of-2 numprocs=36
33: Starting Rabenseifner with non-power-of-2 numprocs=36
9: Starting Rabenseifner with non-power-of-2 numprocs=36
12: Starting Rabenseifner with non-power-of-2 numprocs=36
0: Starting Rabenseifner with non-power-of-2 numprocs=36
time: 0.000014s
26: Starting Rabenseifner with non-power-of-2 numprocs=36
Iteration 14
32: Starting Rabenseifner with non-power-of-2 numprocs=36
11: Starting Rabenseifner with non-power-of-2 numprocs=36
20: Starting Rabenseifner with non-power-of-2 numprocs=36
21: Starting Rabenseifner with non-power-of-2 numprocs=36
23: Starting Rabenseifner with non-power-of-2 numprocs=36
4: Starting Rabenseifner with non-power-of-2 numprocs=36
29: Starting Rabenseifner with non-power-of-2 numprocs=36
30: Starting Rabenseifner with non-power-of-2 numprocs=36
28: Starting Rabenseifner with non-power-of-2 numprocs=36
7: Starting Rabenseifner with non-power-of-2 numprocs=36
24: Starting Rabenseifner with non-power-of-2 numprocs=36
6: Starting Rabenseifner with non-power-of-2 numprocs=36
8: Starting Rabenseifner with non-power-of-2 numprocs=36
12: Starting Rabenseifner with non-power-of-2 numprocs=36
3: Starting Rabenseifner with non-power-of-2 numprocs=36
16: Starting Rabenseifner with non-power-of-2 numprocs=36
18: Starting Rabenseifner with non-power-of-2 numprocs=36
22: Starting Rabenseifner with non-power-of-2 numprocs=36
5: Starting Rabenseifner with non-power-of-2 numprocs=36
19: Starting Rabenseifner with non-power-of-2 numprocs=36
35: Starting Rabenseifner with non-power-of-2 numprocs=36
25: Starting Rabenseifner with non-power-of-2 numprocs=36
13: Starting Rabenseifner with non-power-of-2 numprocs=36
31: Starting Rabenseifner with non-power-of-2 numprocs=36
10: Starting Rabenseifner with non-power-of-2 numprocs=36
14: Starting Rabenseifner with non-power-of-2 numprocs=36
17: Starting Rabenseifner with non-power-of-2 numprocs=36
27: Starting Rabenseifner with non-power-of-2 numprocs=36
15: Starting Rabenseifner with non-power-of-2 numprocs=36
34: Starting Rabenseifner with non-power-of-2 numprocs=36
33: Starting Rabenseifner with non-power-of-2 numprocs=36
9: Starting Rabenseifner with non-power-of-2 numprocs=36
2: Starting Rabenseifner with non-power-of-2 numprocs=36
1: Starting Rabenseifner with non-power-of-2 numprocs=36
0: Starting Rabenseifner with non-power-of-2 numprocs=36
time: 0.000011s
7: Starting Rabenseifner with non-power-of-2 numprocs=36
8: Starting Rabenseifner with non-power-of-2 numprocs=36
26: Starting Rabenseifner with non-power-of-2 numprocs=36
Iteration 15
32: Starting Rabenseifner with non-power-of-2 numprocs=36
11: Starting Rabenseifner with non-power-of-2 numprocs=36
3: Starting Rabenseifner with non-power-of-2 numprocs=36
16: Starting Rabenseifner with non-power-of-2 numprocs=36
18: Starting Rabenseifner with non-power-of-2 numprocs=36
21: Starting Rabenseifner with non-power-of-2 numprocs=36
22: Starting Rabenseifner with non-power-of-2 numprocs=36
5: Starting Rabenseifner with non-power-of-2 numprocs=36
4: Starting Rabenseifner with non-power-of-2 numprocs=36
25: Starting Rabenseifner with non-power-of-2 numprocs=36
13: Starting Rabenseifner with non-power-of-2 numprocs=36
31: Starting Rabenseifner with non-power-of-2 numprocs=36
10: Starting Rabenseifner with non-power-of-2 numprocs=36
14: Starting Rabenseifner with non-power-of-2 numprocs=36
17: Starting Rabenseifner with non-power-of-2 numprocs=36
27: Starting Rabenseifner with non-power-of-2 numprocs=36
34: Starting Rabenseifner with non-power-of-2 numprocs=36
33: Starting Rabenseifner with non-power-of-2 numprocs=36
24: Starting Rabenseifner with non-power-of-2 numprocs=36
6: Starting Rabenseifner with non-power-of-2 numprocs=36
12: Starting Rabenseifner with non-power-of-2 numprocs=36
1: Starting Rabenseifner with non-power-of-2 numprocs=36
20: Starting Rabenseifner with non-power-of-2 numprocs=36
19: Starting Rabenseifner with non-power-of-2 numprocs=36
23: Starting Rabenseifner with non-power-of-2 numprocs=36
35: Starting Rabenseifner with non-power-of-2 numprocs=36
29: Starting Rabenseifner with non-power-of-2 numprocs=36
30: Starting Rabenseifner with non-power-of-2 numprocs=36
28: Starting Rabenseifner with non-power-of-2 numprocs=36
15: Starting Rabenseifner with non-power-of-2 numprocs=36
9: Starting Rabenseifner with non-power-of-2 numprocs=36
2: Starting Rabenseifner with non-power-of-2 numprocs=36
0: Starting Rabenseifner with non-power-of-2 numprocs=36
time: 0.000012s
7: Starting Rabenseifner with non-power-of-2 numprocs=36
26: Starting Rabenseifner with non-power-of-2 numprocs=36
Iteration 16
11: Starting Rabenseifner with non-power-of-2 numprocs=36
3: Starting Rabenseifner with non-power-of-2 numprocs=36
21: Starting Rabenseifner with non-power-of-2 numprocs=36
23: Starting Rabenseifner with non-power-of-2 numprocs=36
4: Starting Rabenseifner with non-power-of-2 numprocs=36
25: Starting Rabenseifner with non-power-of-2 numprocs=36
13: Starting Rabenseifner with non-power-of-2 numprocs=36
10: Starting Rabenseifner with non-power-of-2 numprocs=36
27: Starting Rabenseifner with non-power-of-2 numprocs=36
15: Starting Rabenseifner with non-power-of-2 numprocs=36
33: Starting Rabenseifner with non-power-of-2 numprocs=36
24: Starting Rabenseifner with non-power-of-2 numprocs=36
6: Starting Rabenseifner with non-power-of-2 numprocs=36
8: Starting Rabenseifner with non-power-of-2 numprocs=36
9: Starting Rabenseifner with non-power-of-2 numprocs=36
2: Starting Rabenseifner with non-power-of-2 numprocs=36
32: Starting Rabenseifner with non-power-of-2 numprocs=36
16: Starting Rabenseifner with non-power-of-2 numprocs=36
20: Starting Rabenseifner with non-power-of-2 numprocs=36
18: Starting Rabenseifner with non-power-of-2 numprocs=36
22: Starting Rabenseifner with non-power-of-2 numprocs=36
5: Starting Rabenseifner with non-power-of-2 numprocs=36
19: Starting Rabenseifner with non-power-of-2 numprocs=36
35: Starting Rabenseifner with non-power-of-2 numprocs=36
29: Starting Rabenseifner with non-power-of-2 numprocs=36
30: Starting Rabenseifner with non-power-of-2 numprocs=36
31: Starting Rabenseifner with non-power-of-2 numprocs=36
14: Starting Rabenseifner with non-power-of-2 numprocs=36
28: Starting Rabenseifner with non-power-of-2 numprocs=36
17: Starting Rabenseifner with non-power-of-2 numprocs=36
34: Starting Rabenseifner with non-power-of-2 numprocs=36
12: Starting Rabenseifner with non-power-of-2 numprocs=36
1: Starting Rabenseifner with non-power-of-2 numprocs=36
0: Starting Rabenseifner with non-power-of-2 numprocs=36
time: 0.000012s
7: Starting Rabenseifner with non-power-of-2 numprocs=36
26: Starting Rabenseifner with non-power-of-2 numprocs=36
Iteration 17
32: Starting Rabenseifner with non-power-of-2 numprocs=36
11: Starting Rabenseifner with non-power-of-2 numprocs=36
3: Starting Rabenseifner with non-power-of-2 numprocs=36
20: Starting Rabenseifner with non-power-of-2 numprocs=36
23: Starting Rabenseifner with non-power-of-2 numprocs=36
29: Starting Rabenseifner with non-power-of-2 numprocs=36
13: Starting Rabenseifner with non-power-of-2 numprocs=36
28: Starting Rabenseifner with non-power-of-2 numprocs=36
27: Starting Rabenseifner with non-power-of-2 numprocs=36
34: Starting Rabenseifner with non-power-of-2 numprocs=36
33: Starting Rabenseifner with non-power-of-2 numprocs=36
8: Starting Rabenseifner with non-power-of-2 numprocs=36
1: Starting Rabenseifner with non-power-of-2 numprocs=36
16: Starting Rabenseifner with non-power-of-2 numprocs=36
18: Starting Rabenseifner with non-power-of-2 numprocs=36
21: Starting Rabenseifner with non-power-of-2 numprocs=36
22: Starting Rabenseifner with non-power-of-2 numprocs=36
5: Starting Rabenseifner with non-power-of-2 numprocs=36
19: Starting Rabenseifner with non-power-of-2 numprocs=36
35: Starting Rabenseifner with non-power-of-2 numprocs=36
4: Starting Rabenseifner with non-power-of-2 numprocs=36
25: Starting Rabenseifner with non-power-of-2 numprocs=36
30: Starting Rabenseifner with non-power-of-2 numprocs=36
31: Starting Rabenseifner with non-power-of-2 numprocs=36
10: Starting Rabenseifner with non-power-of-2 numprocs=36
14: Starting Rabenseifner with non-power-of-2 numprocs=36
17: Starting Rabenseifner with non-power-of-2 numprocs=36
15: Starting Rabenseifner with non-power-of-2 numprocs=36
24: Starting Rabenseifner with non-power-of-2 numprocs=36
6: Starting Rabenseifner with non-power-of-2 numprocs=36
9: Starting Rabenseifner with non-power-of-2 numprocs=36
2: Starting Rabenseifner with non-power-of-2 numprocs=36
12: Starting Rabenseifner with non-power-of-2 numprocs=36
0: Starting Rabenseifner with non-power-of-2 numprocs=36
7: Starting Rabenseifner with non-power-of-2 numprocs=36
26: Starting Rabenseifner with non-power-of-2 numprocs=36
16: Starting Rabenseifner with non-power-of-2 numprocs=36
18: Starting Rabenseifner with non-power-of-2 numprocs=36
22: Starting Rabenseifner with non-power-of-2 numprocs=36
19: Starting Rabenseifner with non-power-of-2 numprocs=36
4: Starting Rabenseifner with non-power-of-2 numprocs=36
31: Starting Rabenseifner with non-power-of-2 numprocs=36
10: Starting Rabenseifner with non-power-of-2 numprocs=36
14: Starting Rabenseifner with non-power-of-2 numprocs=36
17: Starting Rabenseifner with non-power-of-2 numprocs=36
15: Starting Rabenseifner with non-power-of-2 numprocs=36
34: Starting Rabenseifner with non-power-of-2 numprocs=36
24: Starting Rabenseifner with non-power-of-2 numprocs=36
6: Starting Rabenseifner with non-power-of-2 numprocs=36
2: Starting Rabenseifner with non-power-of-2 numprocs=36
12: Starting Rabenseifner with non-power-of-2 numprocs=36
time: 0.000012s
Iteration 18
32: Starting Rabenseifner with non-power-of-2 numprocs=36
11: Starting Rabenseifner with non-power-of-2 numprocs=36
3: Starting Rabenseifner with non-power-of-2 numprocs=36
20: Starting Rabenseifner with non-power-of-2 numprocs=36
23: Starting Rabenseifner with non-power-of-2 numprocs=36
35: Starting Rabenseifner with non-power-of-2 numprocs=36
30: Starting Rabenseifner with non-power-of-2 numprocs=36
28: Starting Rabenseifner with non-power-of-2 numprocs=36
27: Starting Rabenseifner with non-power-of-2 numprocs=36
8: Starting Rabenseifner with non-power-of-2 numprocs=36
21: Starting Rabenseifner with non-power-of-2 numprocs=36
5: Starting Rabenseifner with non-power-of-2 numprocs=36
25: Starting Rabenseifner with non-power-of-2 numprocs=36
29: Starting Rabenseifner with non-power-of-2 numprocs=36
13: Starting Rabenseifner with non-power-of-2 numprocs=36
33: Starting Rabenseifner with non-power-of-2 numprocs=36
9: Starting Rabenseifner with non-power-of-2 numprocs=36
1: Starting Rabenseifner with non-power-of-2 numprocs=36
0: Starting Rabenseifner with non-power-of-2 numprocs=36
time: 0.000013s
7: Starting Rabenseifner with non-power-of-2 numprocs=36
8: Starting Rabenseifner with non-power-of-2 numprocs=36
Iteration 19
16: Starting Rabenseifner with non-power-of-2 numprocs=36
18: Starting Rabenseifner with non-power-of-2 numprocs=36
21: Starting Rabenseifner with non-power-of-2 numprocs=36
22: Starting Rabenseifner with non-power-of-2 numprocs=36
4: Starting Rabenseifner with non-power-of-2 numprocs=36
25: Starting Rabenseifner with non-power-of-2 numprocs=36
14: Starting Rabenseifner with non-power-of-2 numprocs=36
17: Starting Rabenseifner with non-power-of-2 numprocs=36
15: Starting Rabenseifner with non-power-of-2 numprocs=36
24: Starting Rabenseifner with non-power-of-2 numprocs=36
26: Starting Rabenseifner with non-power-of-2 numprocs=36
2: Starting Rabenseifner with non-power-of-2 numprocs=36
1: Starting Rabenseifner with non-power-of-2 numprocs=36
32: Starting Rabenseifner with non-power-of-2 numprocs=36
11: Starting Rabenseifner with non-power-of-2 numprocs=36
3: Starting Rabenseifner with non-power-of-2 numprocs=36
20: Starting Rabenseifner with non-power-of-2 numprocs=36
5: Starting Rabenseifner with non-power-of-2 numprocs=36
19: Starting Rabenseifner with non-power-of-2 numprocs=36
23: Starting Rabenseifner with non-power-of-2 numprocs=36
35: Starting Rabenseifner with non-power-of-2 numprocs=36
29: Starting Rabenseifner with non-power-of-2 numprocs=36
13: Starting Rabenseifner with non-power-of-2 numprocs=36
30: Starting Rabenseifner with non-power-of-2 numprocs=36
31: Starting Rabenseifner with non-power-of-2 numprocs=36
10: Starting Rabenseifner with non-power-of-2 numprocs=36
28: Starting Rabenseifner with non-power-of-2 numprocs=36
27: Starting Rabenseifner with non-power-of-2 numprocs=36
34: Starting Rabenseifner with non-power-of-2 numprocs=36
33: Starting Rabenseifner with non-power-of-2 numprocs=36
6: Starting Rabenseifner with non-power-of-2 numprocs=36
9: Starting Rabenseifner with non-power-of-2 numprocs=36
12: Starting Rabenseifner with non-power-of-2 numprocs=36
0: Starting Rabenseifner with non-power-of-2 numprocs=36
time: 0.000014s
7: Starting Rabenseifner with non-power-of-2 numprocs=36
8: Starting Rabenseifner with non-power-of-2 numprocs=36
Iteration 20
32: Starting Rabenseifner with non-power-of-2 numprocs=36
11: Starting Rabenseifner with non-power-of-2 numprocs=36
20: Starting Rabenseifner with non-power-of-2 numprocs=36
19: Starting Rabenseifner with non-power-of-2 numprocs=36
23: Starting Rabenseifner with non-power-of-2 numprocs=36
35: Starting Rabenseifner with non-power-of-2 numprocs=36
4: Starting Rabenseifner with non-power-of-2 numprocs=36
25: Starting Rabenseifner with non-power-of-2 numprocs=36
30: Starting Rabenseifner with non-power-of-2 numprocs=36
10: Starting Rabenseifner with non-power-of-2 numprocs=36
28: Starting Rabenseifner with non-power-of-2 numprocs=36
17: Starting Rabenseifner with non-power-of-2 numprocs=36
15: Starting Rabenseifner with non-power-of-2 numprocs=36
24: Starting Rabenseifner with non-power-of-2 numprocs=36
9: Starting Rabenseifner with non-power-of-2 numprocs=36
2: Starting Rabenseifner with non-power-of-2 numprocs=36
3: Starting Rabenseifner with non-power-of-2 numprocs=36
16: Starting Rabenseifner with non-power-of-2 numprocs=36
18: Starting Rabenseifner with non-power-of-2 numprocs=36
21: Starting Rabenseifner with non-power-of-2 numprocs=36
22: Starting Rabenseifner with non-power-of-2 numprocs=36
5: Starting Rabenseifner with non-power-of-2 numprocs=36
29: Starting Rabenseifner with non-power-of-2 numprocs=36
13: Starting Rabenseifner with non-power-of-2 numprocs=36
31: Starting Rabenseifner with non-power-of-2 numprocs=36
14: Starting Rabenseifner with non-power-of-2 numprocs=36
27: Starting Rabenseifner with non-power-of-2 numprocs=36
34: Starting Rabenseifner with non-power-of-2 numprocs=36
33: Starting Rabenseifner with non-power-of-2 numprocs=36
6: Starting Rabenseifner with non-power-of-2 numprocs=36
26: Starting Rabenseifner with non-power-of-2 numprocs=36
12: Starting Rabenseifner with non-power-of-2 numprocs=36
1: Starting Rabenseifner with non-power-of-2 numprocs=36
0: Starting Rabenseifner with non-power-of-2 numprocs=36
time: 0.000019s
7: Starting Rabenseifner with non-power-of-2 numprocs=36
8: Starting Rabenseifner with non-power-of-2 numprocs=36
26: Starting Rabenseifner with non-power-of-2 numprocs=36
Iteration 21
32: Starting Rabenseifner with non-power-of-2 numprocs=36
16: Starting Rabenseifner with non-power-of-2 numprocs=36
18: Starting Rabenseifner with non-power-of-2 numprocs=36
21: Starting Rabenseifner with non-power-of-2 numprocs=36
22: Starting Rabenseifner with non-power-of-2 numprocs=36
5: Starting Rabenseifner with non-power-of-2 numprocs=36
23: Starting Rabenseifner with non-power-of-2 numprocs=36
4: Starting Rabenseifner with non-power-of-2 numprocs=36
25: Starting Rabenseifner with non-power-of-2 numprocs=36
29: Starting Rabenseifner with non-power-of-2 numprocs=36
28: Starting Rabenseifner with non-power-of-2 numprocs=36
17: Starting Rabenseifner with non-power-of-2 numprocs=36
27: Starting Rabenseifner with non-power-of-2 numprocs=36
34: Starting Rabenseifner with non-power-of-2 numprocs=36
33: Starting Rabenseifner with non-power-of-2 numprocs=36
24: Starting Rabenseifner with non-power-of-2 numprocs=36
6: Starting Rabenseifner with non-power-of-2 numprocs=36
12: Starting Rabenseifner with non-power-of-2 numprocs=36
1: Starting Rabenseifner with non-power-of-2 numprocs=36
11: Starting Rabenseifner with non-power-of-2 numprocs=36
3: Starting Rabenseifner with non-power-of-2 numprocs=36
20: Starting Rabenseifner with non-power-of-2 numprocs=36
19: Starting Rabenseifner with non-power-of-2 numprocs=36
35: Starting Rabenseifner with non-power-of-2 numprocs=36
13: Starting Rabenseifner with non-power-of-2 numprocs=36
30: Starting Rabenseifner with non-power-of-2 numprocs=36
31: Starting Rabenseifner with non-power-of-2 numprocs=36
10: Starting Rabenseifner with non-power-of-2 numprocs=36
14: Starting Rabenseifner with non-power-of-2 numprocs=36
15: Starting Rabenseifner with non-power-of-2 numprocs=36
9: Starting Rabenseifner with non-power-of-2 numprocs=36
2: Starting Rabenseifner with non-power-of-2 numprocs=36
0: Starting Rabenseifner with non-power-of-2 numprocs=36
time: 0.000012s
7: Starting Rabenseifner with non-power-of-2 numprocs=36
8: Starting Rabenseifner with non-power-of-2 numprocs=36
Iteration 22
3: Starting Rabenseifner with non-power-of-2 numprocs=36
16: Starting Rabenseifner with non-power-of-2 numprocs=36
18: Starting Rabenseifner with non-power-of-2 numprocs=36
21: Starting Rabenseifner with non-power-of-2 numprocs=36
22: Starting Rabenseifner with non-power-of-2 numprocs=36
4: Starting Rabenseifner with non-power-of-2 numprocs=36
29: Starting Rabenseifner with non-power-of-2 numprocs=36
13: Starting Rabenseifner with non-power-of-2 numprocs=36
31: Starting Rabenseifner with non-power-of-2 numprocs=36
14: Starting Rabenseifner with non-power-of-2 numprocs=36
34: Starting Rabenseifner with non-power-of-2 numprocs=36
24: Starting Rabenseifner with non-power-of-2 numprocs=36
6: Starting Rabenseifner with non-power-of-2 numprocs=36
26: Starting Rabenseifner with non-power-of-2 numprocs=36
1: Starting Rabenseifner with non-power-of-2 numprocs=36
32: Starting Rabenseifner with non-power-of-2 numprocs=36
11: Starting Rabenseifner with non-power-of-2 numprocs=36
20: Starting Rabenseifner with non-power-of-2 numprocs=36
5: Starting Rabenseifner with non-power-of-2 numprocs=36
19: Starting Rabenseifner with non-power-of-2 numprocs=36
23: Starting Rabenseifner with non-power-of-2 numprocs=36
35: Starting Rabenseifner with non-power-of-2 numprocs=36
25: Starting Rabenseifner with non-power-of-2 numprocs=36
30: Starting Rabenseifner with non-power-of-2 numprocs=36
10: Starting Rabenseifner with non-power-of-2 numprocs=36
28: Starting Rabenseifner with non-power-of-2 numprocs=36
17: Starting Rabenseifner with non-power-of-2 numprocs=36
27: Starting Rabenseifner with non-power-of-2 numprocs=36
15: Starting Rabenseifner with non-power-of-2 numprocs=36
33: Starting Rabenseifner with non-power-of-2 numprocs=36
9: Starting Rabenseifner with non-power-of-2 numprocs=36
2: Starting Rabenseifner with non-power-of-2 numprocs=36
12: Starting Rabenseifner with non-power-of-2 numprocs=36
0: Starting Rabenseifner with non-power-of-2 numprocs=36
8: Starting Rabenseifner with non-power-of-2 numprocs=36
21: Starting Rabenseifner with non-power-of-2 numprocs=36
19: Starting Rabenseifner with non-power-of-2 numprocs=36
4: Starting Rabenseifner with non-power-of-2 numprocs=36
7: Starting Rabenseifner with non-power-of-2 numprocs=36
24: Starting Rabenseifner with non-power-of-2 numprocs=36
6: Starting Rabenseifner with non-power-of-2 numprocs=36
9: Starting Rabenseifner with non-power-of-2 numprocs=36
26: Starting Rabenseifner with non-power-of-2 numprocs=36
11: Starting Rabenseifner with non-power-of-2 numprocs=36
3: Starting Rabenseifner with non-power-of-2 numprocs=36
16: Starting Rabenseifner with non-power-of-2 numprocs=36
20: Starting Rabenseifner with non-power-of-2 numprocs=36
18: Starting Rabenseifner with non-power-of-2 numprocs=36
22: Starting Rabenseifner with non-power-of-2 numprocs=36
5: Starting Rabenseifner with non-power-of-2 numprocs=36
23: Starting Rabenseifner with non-power-of-2 numprocs=36
35: Starting Rabenseifner with non-power-of-2 numprocs=36
25: Starting Rabenseifner with non-power-of-2 numprocs=36
29: Starting Rabenseifner with non-power-of-2 numprocs=36
13: Starting Rabenseifner with non-power-of-2 numprocs=36
30: Starting Rabenseifner with non-power-of-2 numprocs=36
31: Starting Rabenseifner with non-power-of-2 numprocs=36
10: Starting Rabenseifner with non-power-of-2 numprocs=36
14: Starting Rabenseifner with non-power-of-2 numprocs=36
17: Starting Rabenseifner with non-power-of-2 numprocs=36
27: Starting Rabenseifner with non-power-of-2 numprocs=36
15: Starting Rabenseifner with non-power-of-2 numprocs=36
34: Starting Rabenseifner with non-power-of-2 numprocs=36
33: Starting Rabenseifner with non-power-of-2 numprocs=36
2: Starting Rabenseifner with non-power-of-2 numprocs=36
12: Starting Rabenseifner with non-power-of-2 numprocs=36
1: Starting Rabenseifner with non-power-of-2 numprocs=36
time: 0.000011s
Iteration 23
32: Starting Rabenseifner with non-power-of-2 numprocs=36
28: Starting Rabenseifner with non-power-of-2 numprocs=36
0: Starting Rabenseifner with non-power-of-2 numprocs=36
time: 0.000014s
7: Starting Rabenseifner with non-power-of-2 numprocs=36
8: Starting Rabenseifner with non-power-of-2 numprocs=36
Iteration 24
32: Starting Rabenseifner with non-power-of-2 numprocs=36
3: Starting Rabenseifner with non-power-of-2 numprocs=36
16: Starting Rabenseifner with non-power-of-2 numprocs=36
18: Starting Rabenseifner with non-power-of-2 numprocs=36
22: Starting Rabenseifner with non-power-of-2 numprocs=36
23: Starting Rabenseifner with non-power-of-2 numprocs=36
4: Starting Rabenseifner with non-power-of-2 numprocs=36
25: Starting Rabenseifner with non-power-of-2 numprocs=36
29: Starting Rabenseifner with non-power-of-2 numprocs=36
13: Starting Rabenseifner with non-power-of-2 numprocs=36
31: Starting Rabenseifner with non-power-of-2 numprocs=36
14: Starting Rabenseifner with non-power-of-2 numprocs=36
27: Starting Rabenseifner with non-power-of-2 numprocs=36
15: Starting Rabenseifner with non-power-of-2 numprocs=36
33: Starting Rabenseifner with non-power-of-2 numprocs=36
24: Starting Rabenseifner with non-power-of-2 numprocs=36
26: Starting Rabenseifner with non-power-of-2 numprocs=36
1: Starting Rabenseifner with non-power-of-2 numprocs=36
11: Starting Rabenseifner with non-power-of-2 numprocs=36
20: Starting Rabenseifner with non-power-of-2 numprocs=36
21: Starting Rabenseifner with non-power-of-2 numprocs=36
5: Starting Rabenseifner with non-power-of-2 numprocs=36
19: Starting Rabenseifner with non-power-of-2 numprocs=36
35: Starting Rabenseifner with non-power-of-2 numprocs=36
30: Starting Rabenseifner with non-power-of-2 numprocs=36
10: Starting Rabenseifner with non-power-of-2 numprocs=36
28: Starting Rabenseifner with non-power-of-2 numprocs=36
17: Starting Rabenseifner with non-power-of-2 numprocs=36
34: Starting Rabenseifner with non-power-of-2 numprocs=36
6: Starting Rabenseifner with non-power-of-2 numprocs=36
9: Starting Rabenseifner with non-power-of-2 numprocs=36
2: Starting Rabenseifner with non-power-of-2 numprocs=36
12: Starting Rabenseifner with non-power-of-2 numprocs=36
0: Starting Rabenseifner with non-power-of-2 numprocs=36
time: 0.000012s
Iteration 25
32: Starting Rabenseifner with non-power-of-2 numprocs=36
11: Starting Rabenseifner with non-power-of-2 numprocs=36
3: Starting Rabenseifner with non-power-of-2 numprocs=36
16: Starting Rabenseifner with non-power-of-2 numprocs=36
20: Starting Rabenseifner with non-power-of-2 numprocs=36
18: Starting Rabenseifner with non-power-of-2 numprocs=36
21: Starting Rabenseifner with non-power-of-2 numprocs=36
22: Starting Rabenseifner with non-power-of-2 numprocs=36
5: Starting Rabenseifner with non-power-of-2 numprocs=36
19: Starting Rabenseifner with non-power-of-2 numprocs=36
23: Starting Rabenseifner with non-power-of-2 numprocs=36
35: Starting Rabenseifner with non-power-of-2 numprocs=36
4: Starting Rabenseifner with non-power-of-2 numprocs=36
25: Starting Rabenseifner with non-power-of-2 numprocs=36
29: Starting Rabenseifner with non-power-of-2 numprocs=36
13: Starting Rabenseifner with non-power-of-2 numprocs=36
30: Starting Rabenseifner with non-power-of-2 numprocs=36
31: Starting Rabenseifner with non-power-of-2 numprocs=36
10: Starting Rabenseifner with non-power-of-2 numprocs=36
14: Starting Rabenseifner with non-power-of-2 numprocs=36
28: Starting Rabenseifner with non-power-of-2 numprocs=36
17: Starting Rabenseifner with non-power-of-2 numprocs=36
27: Starting Rabenseifner with non-power-of-2 numprocs=36
15: Starting Rabenseifner with non-power-of-2 numprocs=36
34: Starting Rabenseifner with non-power-of-2 numprocs=36
7: Starting Rabenseifner with non-power-of-2 numprocs=36
33: Starting Rabenseifner with non-power-of-2 numprocs=36
24: Starting Rabenseifner with non-power-of-2 numprocs=36
6: Starting Rabenseifner with non-power-of-2 numprocs=36
8: Starting Rabenseifner with non-power-of-2 numprocs=36
9: Starting Rabenseifner with non-power-of-2 numprocs=36
26: Starting Rabenseifner with non-power-of-2 numprocs=36
2: Starting Rabenseifner with non-power-of-2 numprocs=36
12: Starting Rabenseifner with non-power-of-2 numprocs=36
1: Starting Rabenseifner with non-power-of-2 numprocs=36
0: Starting Rabenseifner with non-power-of-2 numprocs=36
time: 0.000013s
27: Starting Rabenseifner with non-power-of-2 numprocs=36
7: Starting Rabenseifner with non-power-of-2 numprocs=36
26: Starting Rabenseifner with non-power-of-2 numprocs=36
Iteration 26
32: Starting Rabenseifner with non-power-of-2 numprocs=36
11: Starting Rabenseifner with non-power-of-2 numprocs=36
3: Starting Rabenseifner with non-power-of-2 numprocs=36
16: Starting Rabenseifner with non-power-of-2 numprocs=36
20: Starting Rabenseifner with non-power-of-2 numprocs=36
18: Starting Rabenseifner with non-power-of-2 numprocs=36
22: Starting Rabenseifner with non-power-of-2 numprocs=36
23: Starting Rabenseifner with non-power-of-2 numprocs=36
4: Starting Rabenseifner with non-power-of-2 numprocs=36
25: Starting Rabenseifner with non-power-of-2 numprocs=36
29: Starting Rabenseifner with non-power-of-2 numprocs=36
30: Starting Rabenseifner with non-power-of-2 numprocs=36
14: Starting Rabenseifner with non-power-of-2 numprocs=36
28: Starting Rabenseifner with non-power-of-2 numprocs=36
15: Starting Rabenseifner with non-power-of-2 numprocs=36
34: Starting Rabenseifner with non-power-of-2 numprocs=36
24: Starting Rabenseifner with non-power-of-2 numprocs=36
8: Starting Rabenseifner with non-power-of-2 numprocs=36
2: Starting Rabenseifner with non-power-of-2 numprocs=36
1: Starting Rabenseifner with non-power-of-2 numprocs=36
21: Starting Rabenseifner with non-power-of-2 numprocs=36
5: Starting Rabenseifner with non-power-of-2 numprocs=36
19: Starting Rabenseifner with non-power-of-2 numprocs=36
35: Starting Rabenseifner with non-power-of-2 numprocs=36
13: Starting Rabenseifner with non-power-of-2 numprocs=36
31: Starting Rabenseifner with non-power-of-2 numprocs=36
10: Starting Rabenseifner with non-power-of-2 numprocs=36
17: Starting Rabenseifner with non-power-of-2 numprocs=36
33: Starting Rabenseifner with non-power-of-2 numprocs=36
6: Starting Rabenseifner with non-power-of-2 numprocs=36
9: Starting Rabenseifner with non-power-of-2 numprocs=36
12: Starting Rabenseifner with non-power-of-2 numprocs=36
0: Starting Rabenseifner with non-power-of-2 numprocs=36
time: 0.000014s
7: Starting Rabenseifner with non-power-of-2 numprocs=36
26: Starting Rabenseifner with non-power-of-2 numprocs=36
Iteration 27
3: Starting Rabenseifner with non-power-of-2 numprocs=36
21: Starting Rabenseifner with non-power-of-2 numprocs=36
19: Starting Rabenseifner with non-power-of-2 numprocs=36
23: Starting Rabenseifner with non-power-of-2 numprocs=36
35: Starting Rabenseifner with non-power-of-2 numprocs=36
4: Starting Rabenseifner with non-power-of-2 numprocs=36
25: Starting Rabenseifner with non-power-of-2 numprocs=36
10: Starting Rabenseifner with non-power-of-2 numprocs=36
17: Starting Rabenseifner with non-power-of-2 numprocs=36
15: Starting Rabenseifner with non-power-of-2 numprocs=36
34: Starting Rabenseifner with non-power-of-2 numprocs=36
24: Starting Rabenseifner with non-power-of-2 numprocs=36
9: Starting Rabenseifner with non-power-of-2 numprocs=36
32: Starting Rabenseifner with non-power-of-2 numprocs=36
11: Starting Rabenseifner with non-power-of-2 numprocs=36
16: Starting Rabenseifner with non-power-of-2 numprocs=36
20: Starting Rabenseifner with non-power-of-2 numprocs=36
18: Starting Rabenseifner with non-power-of-2 numprocs=36
22: Starting Rabenseifner with non-power-of-2 numprocs=36
5: Starting Rabenseifner with non-power-of-2 numprocs=36
29: Starting Rabenseifner with non-power-of-2 numprocs=36
13: Starting Rabenseifner with non-power-of-2 numprocs=36
30: Starting Rabenseifner with non-power-of-2 numprocs=36
31: Starting Rabenseifner with non-power-of-2 numprocs=36
14: Starting Rabenseifner with non-power-of-2 numprocs=36
28: Starting Rabenseifner with non-power-of-2 numprocs=36
27: Starting Rabenseifner with non-power-of-2 numprocs=36
33: Starting Rabenseifner with non-power-of-2 numprocs=36
6: Starting Rabenseifner with non-power-of-2 numprocs=36
8: Starting Rabenseifner with non-power-of-2 numprocs=36
2: Starting Rabenseifner with non-power-of-2 numprocs=36
12: Starting Rabenseifner with non-power-of-2 numprocs=36
1: Starting Rabenseifner with non-power-of-2 numprocs=36
0: Starting Rabenseifner with non-power-of-2 numprocs=36
time: 0.000015s
7: Starting Rabenseifner with non-power-of-2 numprocs=36
8: Starting Rabenseifner with non-power-of-2 numprocs=36
26: Starting Rabenseifner with non-power-of-2 numprocs=36
Iteration 28
3: Starting Rabenseifner with non-power-of-2 numprocs=36
16: Starting Rabenseifner with non-power-of-2 numprocs=36
18: Starting Rabenseifner with non-power-of-2 numprocs=36
21: Starting Rabenseifner with non-power-of-2 numprocs=36
22: Starting Rabenseifner with non-power-of-2 numprocs=36
19: Starting Rabenseifner with non-power-of-2 numprocs=36
35: Starting Rabenseifner with non-power-of-2 numprocs=36
4: Starting Rabenseifner with non-power-of-2 numprocs=36
25: Starting Rabenseifner with non-power-of-2 numprocs=36
13: Starting Rabenseifner with non-power-of-2 numprocs=36
31: Starting Rabenseifner with non-power-of-2 numprocs=36
10: Starting Rabenseifner with non-power-of-2 numprocs=36
14: Starting Rabenseifner with non-power-of-2 numprocs=36
17: Starting Rabenseifner with non-power-of-2 numprocs=36
27: Starting Rabenseifner with non-power-of-2 numprocs=36
15: Starting Rabenseifner with non-power-of-2 numprocs=36
33: Starting Rabenseifner with non-power-of-2 numprocs=36
24: Starting Rabenseifner with non-power-of-2 numprocs=36
9: Starting Rabenseifner with non-power-of-2 numprocs=36
2: Starting Rabenseifner with non-power-of-2 numprocs=36
1: Starting Rabenseifner with non-power-of-2 numprocs=36
32: Starting Rabenseifner with non-power-of-2 numprocs=36
11: Starting Rabenseifner with non-power-of-2 numprocs=36
20: Starting Rabenseifner with non-power-of-2 numprocs=36
5: Starting Rabenseifner with non-power-of-2 numprocs=36
23: Starting Rabenseifner with non-power-of-2 numprocs=36
29: Starting Rabenseifner with non-power-of-2 numprocs=36
30: Starting Rabenseifner with non-power-of-2 numprocs=36
28: Starting Rabenseifner with non-power-of-2 numprocs=36
34: Starting Rabenseifner with non-power-of-2 numprocs=36
6: Starting Rabenseifner with non-power-of-2 numprocs=36
12: Starting Rabenseifner with non-power-of-2 numprocs=36
0: Starting Rabenseifner with non-power-of-2 numprocs=36
time: 0.000012s
7: Starting Rabenseifner with non-power-of-2 numprocs=36
8: Starting Rabenseifner with non-power-of-2 numprocs=36
Iteration 29
32: Starting Rabenseifner with non-power-of-2 numprocs=36
11: Starting Rabenseifner with non-power-of-2 numprocs=36
3: Starting Rabenseifner with non-power-of-2 numprocs=36
16: Starting Rabenseifner with non-power-of-2 numprocs=36
20: Starting Rabenseifner with non-power-of-2 numprocs=36
18: Starting Rabenseifner with non-power-of-2 numprocs=36
22: Starting Rabenseifner with non-power-of-2 numprocs=36
5: Starting Rabenseifner with non-power-of-2 numprocs=36
23: Starting Rabenseifner with non-power-of-2 numprocs=36
25: Starting Rabenseifner with non-power-of-2 numprocs=36
29: Starting Rabenseifner with non-power-of-2 numprocs=36
13: Starting Rabenseifner with non-power-of-2 numprocs=36
14: Starting Rabenseifner with non-power-of-2 numprocs=36
28: Starting Rabenseifner with non-power-of-2 numprocs=36
17: Starting Rabenseifner with non-power-of-2 numprocs=36
27: Starting Rabenseifner with non-power-of-2 numprocs=36
15: Starting Rabenseifner with non-power-of-2 numprocs=36
33: Starting Rabenseifner with non-power-of-2 numprocs=36
26: Starting Rabenseifner with non-power-of-2 numprocs=36
2: Starting Rabenseifner with non-power-of-2 numprocs=36
1: Starting Rabenseifner with non-power-of-2 numprocs=36
21: Starting Rabenseifner with non-power-of-2 numprocs=36
19: Starting Rabenseifner with non-power-of-2 numprocs=36
35: Starting Rabenseifner with non-power-of-2 numprocs=36
4: Starting Rabenseifner with non-power-of-2 numprocs=36
30: Starting Rabenseifner with non-power-of-2 numprocs=36
31: Starting Rabenseifner with non-power-of-2 numprocs=36
10: Starting Rabenseifner with non-power-of-2 numprocs=36
34: Starting Rabenseifner with non-power-of-2 numprocs=36
24: Starting Rabenseifner with non-power-of-2 numprocs=36
6: Starting Rabenseifner with non-power-of-2 numprocs=36
9: Starting Rabenseifner with non-power-of-2 numprocs=36
12: Starting Rabenseifner with non-power-of-2 numprocs=36
0: Starting Rabenseifner with non-power-of-2 numprocs=36
time: 0.000012s
8: Starting Rabenseifner with non-power-of-2 numprocs=36
Iteration 30
3: Starting Rabenseifner with non-power-of-2 numprocs=36
25: Starting Rabenseifner with non-power-of-2 numprocs=36
29: Starting Rabenseifner with non-power-of-2 numprocs=36
13: Starting Rabenseifner with non-power-of-2 numprocs=36
15: Starting Rabenseifner with non-power-of-2 numprocs=36
7: Starting Rabenseifner with non-power-of-2 numprocs=36
26: Starting Rabenseifner with non-power-of-2 numprocs=36
2: Starting Rabenseifner with non-power-of-2 numprocs=36
32: Starting Rabenseifner with non-power-of-2 numprocs=36
11: Starting Rabenseifner with non-power-of-2 numprocs=36
16: Starting Rabenseifner with non-power-of-2 numprocs=36
20: Starting Rabenseifner with non-power-of-2 numprocs=36
18: Starting Rabenseifner with non-power-of-2 numprocs=36
21: Starting Rabenseifner with non-power-of-2 numprocs=36
22: Starting Rabenseifner with non-power-of-2 numprocs=36
5: Starting Rabenseifner with non-power-of-2 numprocs=36
19: Starting Rabenseifner with non-power-of-2 numprocs=36
23: Starting Rabenseifner with non-power-of-2 numprocs=36
35: Starting Rabenseifner with non-power-of-2 numprocs=36
4: Starting Rabenseifner with non-power-of-2 numprocs=36
30: Starting Rabenseifner with non-power-of-2 numprocs=36
31: Starting Rabenseifner with non-power-of-2 numprocs=36
10: Starting Rabenseifner with non-power-of-2 numprocs=36
14: Starting Rabenseifner with non-power-of-2 numprocs=36
28: Starting Rabenseifner with non-power-of-2 numprocs=36
17: Starting Rabenseifner with non-power-of-2 numprocs=36
27: Starting Rabenseifner with non-power-of-2 numprocs=36
34: Starting Rabenseifner with non-power-of-2 numprocs=36
33: Starting Rabenseifner with non-power-of-2 numprocs=36
24: Starting Rabenseifner with non-power-of-2 numprocs=36
6: Starting Rabenseifner with non-power-of-2 numprocs=36
9: Starting Rabenseifner with non-power-of-2 numprocs=36
12: Starting Rabenseifner with non-power-of-2 numprocs=36
1: Starting Rabenseifner with non-power-of-2 numprocs=36
0: Starting Rabenseifner with non-power-of-2 numprocs=36
time: 0.000013s
7: Starting Rabenseifner with non-power-of-2 numprocs=36
8: Starting Rabenseifner with non-power-of-2 numprocs=36
26: Starting Rabenseifner with non-power-of-2 numprocs=36
Iteration 31
32: Starting Rabenseifner with non-power-of-2 numprocs=36
11: Starting Rabenseifner with non-power-of-2 numprocs=36
3: Starting Rabenseifner with non-power-of-2 numprocs=36
16: Starting Rabenseifner with non-power-of-2 numprocs=36
18: Starting Rabenseifner with non-power-of-2 numprocs=36
21: Starting Rabenseifner with non-power-of-2 numprocs=36
22: Starting Rabenseifner with non-power-of-2 numprocs=36
23: Starting Rabenseifner with non-power-of-2 numprocs=36
4: Starting Rabenseifner with non-power-of-2 numprocs=36
25: Starting Rabenseifner with non-power-of-2 numprocs=36
29: Starting Rabenseifner with non-power-of-2 numprocs=36
13: Starting Rabenseifner with non-power-of-2 numprocs=36
14: Starting Rabenseifner with non-power-of-2 numprocs=36
28: Starting Rabenseifner with non-power-of-2 numprocs=36
17: Starting Rabenseifner with non-power-of-2 numprocs=36
15: Starting Rabenseifner with non-power-of-2 numprocs=36
24: Starting Rabenseifner with non-power-of-2 numprocs=36
2: Starting Rabenseifner with non-power-of-2 numprocs=36
1: Starting Rabenseifner with non-power-of-2 numprocs=36
20: Starting Rabenseifner with non-power-of-2 numprocs=36
5: Starting Rabenseifner with non-power-of-2 numprocs=36
19: Starting Rabenseifner with non-power-of-2 numprocs=36
35: Starting Rabenseifner with non-power-of-2 numprocs=36
30: Starting Rabenseifner with non-power-of-2 numprocs=36
31: Starting Rabenseifner with non-power-of-2 numprocs=36
10: Starting Rabenseifner with non-power-of-2 numprocs=36
27: Starting Rabenseifner with non-power-of-2 numprocs=36
34: Starting Rabenseifner with non-power-of-2 numprocs=36
33: Starting Rabenseifner with non-power-of-2 numprocs=36
6: Starting Rabenseifner with non-power-of-2 numprocs=36
9: Starting Rabenseifner with non-power-of-2 numprocs=36
12: Starting Rabenseifner with non-power-of-2 numprocs=36
0: Starting Rabenseifner with non-power-of-2 numprocs=36
time: 0.000010s
Iteration 32
32: Starting Rabenseifner with non-power-of-2 numprocs=36
11: Starting Rabenseifner with non-power-of-2 numprocs=36
3: Starting Rabenseifner with non-power-of-2 numprocs=36
16: Starting Rabenseifner with non-power-of-2 numprocs=36
20: Starting Rabenseifner with non-power-of-2 numprocs=36
18: Starting Rabenseifner with non-power-of-2 numprocs=36
21: Starting Rabenseifner with non-power-of-2 numprocs=36
22: Starting Rabenseifner with non-power-of-2 numprocs=36
5: Starting Rabenseifner with non-power-of-2 numprocs=36
19: Starting Rabenseifner with non-power-of-2 numprocs=36
23: Starting Rabenseifner with non-power-of-2 numprocs=36
35: Starting Rabenseifner with non-power-of-2 numprocs=36
4: Starting Rabenseifner with non-power-of-2 numprocs=36
25: Starting Rabenseifner with non-power-of-2 numprocs=36
29: Starting Rabenseifner with non-power-of-2 numprocs=36
13: Starting Rabenseifner with non-power-of-2 numprocs=36
30: Starting Rabenseifner with non-power-of-2 numprocs=36
31: Starting Rabenseifner with non-power-of-2 numprocs=36
10: Starting Rabenseifner with non-power-of-2 numprocs=36
14: Starting Rabenseifner with non-power-of-2 numprocs=36
28: Starting Rabenseifner with non-power-of-2 numprocs=36
17: Starting Rabenseifner with non-power-of-2 numprocs=36
27: Starting Rabenseifner with non-power-of-2 numprocs=36
15: Starting Rabenseifner with non-power-of-2 numprocs=36
34: Starting Rabenseifner with non-power-of-2 numprocs=36
7: Starting Rabenseifner with non-power-of-2 numprocs=36
33: Starting Rabenseifner with non-power-of-2 numprocs=36
24: Starting Rabenseifner with non-power-of-2 numprocs=36
6: Starting Rabenseifner with non-power-of-2 numprocs=36
8: Starting Rabenseifner with non-power-of-2 numprocs=36
9: Starting Rabenseifner with non-power-of-2 numprocs=36
26: Starting Rabenseifner with non-power-of-2 numprocs=36
2: Starting Rabenseifner with non-power-of-2 numprocs=36
12: Starting Rabenseifner with non-power-of-2 numprocs=36
1: Starting Rabenseifner with non-power-of-2 numprocs=36
0: Starting Rabenseifner with non-power-of-2 numprocs=36
7: Starting Rabenseifner with non-power-of-2 numprocs=36
8: Starting Rabenseifner with non-power-of-2 numprocs=36
26: Starting Rabenseifner with non-power-of-2 numprocs=36
time: 0.000018s
Iteration 33
3: Starting Rabenseifner with non-power-of-2 numprocs=36
16: Starting Rabenseifner with non-power-of-2 numprocs=36
21: Starting Rabenseifner with non-power-of-2 numprocs=36
22: Starting Rabenseifner with non-power-of-2 numprocs=36
4: Starting Rabenseifner with non-power-of-2 numprocs=36
25: Starting Rabenseifner with non-power-of-2 numprocs=36
13: Starting Rabenseifner with non-power-of-2 numprocs=36
17: Starting Rabenseifner with non-power-of-2 numprocs=36
27: Starting Rabenseifner with non-power-of-2 numprocs=36
15: Starting Rabenseifner with non-power-of-2 numprocs=36
33: Starting Rabenseifner with non-power-of-2 numprocs=36
24: Starting Rabenseifner with non-power-of-2 numprocs=36
6: Starting Rabenseifner with non-power-of-2 numprocs=36
2: Starting Rabenseifner with non-power-of-2 numprocs=36
12: Starting Rabenseifner with non-power-of-2 numprocs=36
1: Starting Rabenseifner with non-power-of-2 numprocs=36
32: Starting Rabenseifner with non-power-of-2 numprocs=36
11: Starting Rabenseifner with non-power-of-2 numprocs=36
20: Starting Rabenseifner with non-power-of-2 numprocs=36
18: Starting Rabenseifner with non-power-of-2 numprocs=36
5: Starting Rabenseifner with non-power-of-2 numprocs=36
19: Starting Rabenseifner with non-power-of-2 numprocs=36
23: Starting Rabenseifner with non-power-of-2 numprocs=36
35: Starting Rabenseifner with non-power-of-2 numprocs=36
29: Starting Rabenseifner with non-power-of-2 numprocs=36
30: Starting Rabenseifner with non-power-of-2 numprocs=36
31: Starting Rabenseifner with non-power-of-2 numprocs=36
10: Starting Rabenseifner with non-power-of-2 numprocs=36
14: Starting Rabenseifner with non-power-of-2 numprocs=36
28: Starting Rabenseifner with non-power-of-2 numprocs=36
34: Starting Rabenseifner with non-power-of-2 numprocs=36
9: Starting Rabenseifner with non-power-of-2 numprocs=36
0: Starting Rabenseifner with non-power-of-2 numprocs=36
3: Starting Rabenseifner with non-power-of-2 numprocs=36
27: Starting Rabenseifner with non-power-of-2 numprocs=36
7: Starting Rabenseifner with non-power-of-2 numprocs=36
8: Starting Rabenseifner with non-power-of-2 numprocs=36
26: Starting Rabenseifner with non-power-of-2 numprocs=36
1: Starting Rabenseifner with non-power-of-2 numprocs=36
32: Starting Rabenseifner with non-power-of-2 numprocs=36
11: Starting Rabenseifner with non-power-of-2 numprocs=36
16: Starting Rabenseifner with non-power-of-2 numprocs=36
20: Starting Rabenseifner with non-power-of-2 numprocs=36
18: Starting Rabenseifner with non-power-of-2 numprocs=36
21: Starting Rabenseifner with non-power-of-2 numprocs=36
22: Starting Rabenseifner with non-power-of-2 numprocs=36
5: Starting Rabenseifner with non-power-of-2 numprocs=36
19: Starting Rabenseifner with non-power-of-2 numprocs=36
23: Starting Rabenseifner with non-power-of-2 numprocs=36
35: Starting Rabenseifner with non-power-of-2 numprocs=36
4: Starting Rabenseifner with non-power-of-2 numprocs=36
25: Starting Rabenseifner with non-power-of-2 numprocs=36
30: Starting Rabenseifner with non-power-of-2 numprocs=36
31: Starting Rabenseifner with non-power-of-2 numprocs=36
10: Starting Rabenseifner with non-power-of-2 numprocs=36
14: Starting Rabenseifner with non-power-of-2 numprocs=36
28: Starting Rabenseifner with non-power-of-2 numprocs=36
17: Starting Rabenseifner with non-power-of-2 numprocs=36
15: Starting Rabenseifner with non-power-of-2 numprocs=36
34: Starting Rabenseifner with non-power-of-2 numprocs=36
24: Starting Rabenseifner with non-power-of-2 numprocs=36
6: Starting Rabenseifner with non-power-of-2 numprocs=36
2: Starting Rabenseifner with non-power-of-2 numprocs=36
12: Starting Rabenseifner with non-power-of-2 numprocs=36
time: 0.000013s
Iteration 34
29: Starting Rabenseifner with non-power-of-2 numprocs=36
13: Starting Rabenseifner with non-power-of-2 numprocs=36
33: Starting Rabenseifner with non-power-of-2 numprocs=36
9: Starting Rabenseifner with non-power-of-2 numprocs=36
0: Starting Rabenseifner with non-power-of-2 numprocs=36
11: Starting Rabenseifner with non-power-of-2 numprocs=36
16: Starting Rabenseifner with non-power-of-2 numprocs=36
17: Starting Rabenseifner with non-power-of-2 numprocs=36
8: Starting Rabenseifner with non-power-of-2 numprocs=36
26: Starting Rabenseifner with non-power-of-2 numprocs=36
32: Starting Rabenseifner with non-power-of-2 numprocs=36
20: Starting Rabenseifner with non-power-of-2 numprocs=36
18: Starting Rabenseifner with non-power-of-2 numprocs=36
21: Starting Rabenseifner with non-power-of-2 numprocs=36
22: Starting Rabenseifner with non-power-of-2 numprocs=36
5: Starting Rabenseifner with non-power-of-2 numprocs=36
4: Starting Rabenseifner with non-power-of-2 numprocs=36
13: Starting Rabenseifner with non-power-of-2 numprocs=36
30: Starting Rabenseifner with non-power-of-2 numprocs=36
10: Starting Rabenseifner with non-power-of-2 numprocs=36
14: Starting Rabenseifner with non-power-of-2 numprocs=36
28: Starting Rabenseifner with non-power-of-2 numprocs=36
34: Starting Rabenseifner with non-power-of-2 numprocs=36
33: Starting Rabenseifner with non-power-of-2 numprocs=36
24: Starting Rabenseifner with non-power-of-2 numprocs=36
6: Starting Rabenseifner with non-power-of-2 numprocs=36
9: Starting Rabenseifner with non-power-of-2 numprocs=36
2: Starting Rabenseifner with non-power-of-2 numprocs=36
12: Starting Rabenseifner with non-power-of-2 numprocs=36
1: Starting Rabenseifner with non-power-of-2 numprocs=36
time: 0.000013s
Iteration 35
3: Starting Rabenseifner with non-power-of-2 numprocs=36
19: Starting Rabenseifner with non-power-of-2 numprocs=36
23: Starting Rabenseifner with non-power-of-2 numprocs=36
35: Starting Rabenseifner with non-power-of-2 numprocs=36
25: Starting Rabenseifner with non-power-of-2 numprocs=36
29: Starting Rabenseifner with non-power-of-2 numprocs=36
31: Starting Rabenseifner with non-power-of-2 numprocs=36
27: Starting Rabenseifner with non-power-of-2 numprocs=36
15: Starting Rabenseifner with non-power-of-2 numprocs=36
7: Starting Rabenseifner with non-power-of-2 numprocs=36
0: Starting Rabenseifner with non-power-of-2 numprocs=36
time: 0.000016s
Iteration 36
16: Starting Rabenseifner with non-power-of-2 numprocs=36
1: Starting Rabenseifner with non-power-of-2 numprocs=36
11: Starting Rabenseifner with non-power-of-2 numprocs=36
3: Starting Rabenseifner with non-power-of-2 numprocs=36
18: Starting Rabenseifner with non-power-of-2 numprocs=36
21: Starting Rabenseifner with non-power-of-2 numprocs=36
22: Starting Rabenseifner with non-power-of-2 numprocs=36
19: Starting Rabenseifner with non-power-of-2 numprocs=36
23: Starting Rabenseifner with non-power-of-2 numprocs=36
35: Starting Rabenseifner with non-power-of-2 numprocs=36
4: Starting Rabenseifner with non-power-of-2 numprocs=36
25: Starting Rabenseifner with non-power-of-2 numprocs=36
29: Starting Rabenseifner with non-power-of-2 numprocs=36
13: Starting Rabenseifner with non-power-of-2 numprocs=36
30: Starting Rabenseifner with non-power-of-2 numprocs=36
31: Starting Rabenseifner with non-power-of-2 numprocs=36
10: Starting Rabenseifner with non-power-of-2 numprocs=36
14: Starting Rabenseifner with non-power-of-2 numprocs=36
28: Starting Rabenseifner with non-power-of-2 numprocs=36
17: Starting Rabenseifner with non-power-of-2 numprocs=36
15: Starting Rabenseifner with non-power-of-2 numprocs=36
34: Starting Rabenseifner with non-power-of-2 numprocs=36
7: Starting Rabenseifner with non-power-of-2 numprocs=36
24: Starting Rabenseifner with non-power-of-2 numprocs=36
6: Starting Rabenseifner with non-power-of-2 numprocs=36
9: Starting Rabenseifner with non-power-of-2 numprocs=36
2: Starting Rabenseifner with non-power-of-2 numprocs=36
12: Starting Rabenseifner with non-power-of-2 numprocs=36
32: Starting Rabenseifner with non-power-of-2 numprocs=36
20: Starting Rabenseifner with non-power-of-2 numprocs=36
5: Starting Rabenseifner with non-power-of-2 numprocs=36
27: Starting Rabenseifner with non-power-of-2 numprocs=36
33: Starting Rabenseifner with non-power-of-2 numprocs=36
8: Starting Rabenseifner with non-power-of-2 numprocs=36
26: Starting Rabenseifner with non-power-of-2 numprocs=36
0: Starting Rabenseifner with non-power-of-2 numprocs=36
7: Starting Rabenseifner with non-power-of-2 numprocs=36
8: Starting Rabenseifner with non-power-of-2 numprocs=36
21: Starting Rabenseifner with non-power-of-2 numprocs=36
4: Starting Rabenseifner with non-power-of-2 numprocs=36
25: Starting Rabenseifner with non-power-of-2 numprocs=36
13: Starting Rabenseifner with non-power-of-2 numprocs=36
17: Starting Rabenseifner with non-power-of-2 numprocs=36
15: Starting Rabenseifner with non-power-of-2 numprocs=36
24: Starting Rabenseifner with non-power-of-2 numprocs=36
6: Starting Rabenseifner with non-power-of-2 numprocs=36
26: Starting Rabenseifner with non-power-of-2 numprocs=36
12: Starting Rabenseifner with non-power-of-2 numprocs=36
32: Starting Rabenseifner with non-power-of-2 numprocs=36
11: Starting Rabenseifner with non-power-of-2 numprocs=36
3: Starting Rabenseifner with non-power-of-2 numprocs=36
16: Starting Rabenseifner with non-power-of-2 numprocs=36
20: Starting Rabenseifner with non-power-of-2 numprocs=36
18: Starting Rabenseifner with non-power-of-2 numprocs=36
22: Starting Rabenseifner with non-power-of-2 numprocs=36
5: Starting Rabenseifner with non-power-of-2 numprocs=36
19: Starting Rabenseifner with non-power-of-2 numprocs=36
23: Starting Rabenseifner with non-power-of-2 numprocs=36
35: Starting Rabenseifner with non-power-of-2 numprocs=36
30: Starting Rabenseifner with non-power-of-2 numprocs=36
31: Starting Rabenseifner with non-power-of-2 numprocs=36
10: Starting Rabenseifner with non-power-of-2 numprocs=36
14: Starting Rabenseifner with non-power-of-2 numprocs=36
28: Starting Rabenseifner with non-power-of-2 numprocs=36
27: Starting Rabenseifner with non-power-of-2 numprocs=36
34: Starting Rabenseifner with non-power-of-2 numprocs=36
9: Starting Rabenseifner with non-power-of-2 numprocs=36
2: Starting Rabenseifner with non-power-of-2 numprocs=36
1: Starting Rabenseifner with non-power-of-2 numprocs=36
time: 0.000012s
Iteration 37
29: Starting Rabenseifner with non-power-of-2 numprocs=36
33: Starting Rabenseifner with non-power-of-2 numprocs=36
0: Starting Rabenseifner with non-power-of-2 numprocs=36
time: 0.000017s
25: Starting Rabenseifner with non-power-of-2 numprocs=36
17: Starting Rabenseifner with non-power-of-2 numprocs=36
8: Starting Rabenseifner with non-power-of-2 numprocs=36
26: Starting Rabenseifner with non-power-of-2 numprocs=36
Iteration 38
3: Starting Rabenseifner with non-power-of-2 numprocs=36
16: Starting Rabenseifner with non-power-of-2 numprocs=36
18: Starting Rabenseifner with non-power-of-2 numprocs=36
21: Starting Rabenseifner with non-power-of-2 numprocs=36
22: Starting Rabenseifner with non-power-of-2 numprocs=36
19: Starting Rabenseifner with non-power-of-2 numprocs=36
35: Starting Rabenseifner with non-power-of-2 numprocs=36
4: Starting Rabenseifner with non-power-of-2 numprocs=36
29: Starting Rabenseifner with non-power-of-2 numprocs=36
13: Starting Rabenseifner with non-power-of-2 numprocs=36
31: Starting Rabenseifner with non-power-of-2 numprocs=36
10: Starting Rabenseifner with non-power-of-2 numprocs=36
14: Starting Rabenseifner with non-power-of-2 numprocs=36
15: Starting Rabenseifner with non-power-of-2 numprocs=36
34: Starting Rabenseifner with non-power-of-2 numprocs=36
7: Starting Rabenseifner with non-power-of-2 numprocs=36
33: Starting Rabenseifner with non-power-of-2 numprocs=36
24: Starting Rabenseifner with non-power-of-2 numprocs=36
6: Starting Rabenseifner with non-power-of-2 numprocs=36
9: Starting Rabenseifner with non-power-of-2 numprocs=36
12: Starting Rabenseifner with non-power-of-2 numprocs=36
1: Starting Rabenseifner with non-power-of-2 numprocs=36
32: Starting Rabenseifner with non-power-of-2 numprocs=36
11: Starting Rabenseifner with non-power-of-2 numprocs=36
20: Starting Rabenseifner with non-power-of-2 numprocs=36
5: Starting Rabenseifner with non-power-of-2 numprocs=36
23: Starting Rabenseifner with non-power-of-2 numprocs=36
30: Starting Rabenseifner with non-power-of-2 numprocs=36
28: Starting Rabenseifner with non-power-of-2 numprocs=36
27: Starting Rabenseifner with non-power-of-2 numprocs=36
2: Starting Rabenseifner with non-power-of-2 numprocs=36
0: Starting Rabenseifner with non-power-of-2 numprocs=36
time: 0.000014s
7: Starting Rabenseifner with non-power-of-2 numprocs=36
8: Starting Rabenseifner with non-power-of-2 numprocs=36
26: Starting Rabenseifner with non-power-of-2 numprocs=36
Iteration 39
32: Starting Rabenseifner with non-power-of-2 numprocs=36
11: Starting Rabenseifner with non-power-of-2 numprocs=36
16: Starting Rabenseifner with non-power-of-2 numprocs=36
20: Starting Rabenseifner with non-power-of-2 numprocs=36
18: Starting Rabenseifner with non-power-of-2 numprocs=36
22: Starting Rabenseifner with non-power-of-2 numprocs=36
23: Starting Rabenseifner with non-power-of-2 numprocs=36
4: Starting Rabenseifner with non-power-of-2 numprocs=36
25: Starting Rabenseifner with non-power-of-2 numprocs=36
29: Starting Rabenseifner with non-power-of-2 numprocs=36
30: Starting Rabenseifner with non-power-of-2 numprocs=36
10: Starting Rabenseifner with non-power-of-2 numprocs=36
14: Starting Rabenseifner with non-power-of-2 numprocs=36
28: Starting Rabenseifner with non-power-of-2 numprocs=36
17: Starting Rabenseifner with non-power-of-2 numprocs=36
15: Starting Rabenseifner with non-power-of-2 numprocs=36
24: Starting Rabenseifner with non-power-of-2 numprocs=36
6: Starting Rabenseifner with non-power-of-2 numprocs=36
9: Starting Rabenseifner with non-power-of-2 numprocs=36
1: Starting Rabenseifner with non-power-of-2 numprocs=36
3: Starting Rabenseifner with non-power-of-2 numprocs=36
21: Starting Rabenseifner with non-power-of-2 numprocs=36
5: Starting Rabenseifner with non-power-of-2 numprocs=36
19: Starting Rabenseifner with non-power-of-2 numprocs=36
35: Starting Rabenseifner with non-power-of-2 numprocs=36
13: Starting Rabenseifner with non-power-of-2 numprocs=36
31: Starting Rabenseifner with non-power-of-2 numprocs=36
27: Starting Rabenseifner with non-power-of-2 numprocs=36
34: Starting Rabenseifner with non-power-of-2 numprocs=36
33: Starting Rabenseifner with non-power-of-2 numprocs=36
2: Starting Rabenseifner with non-power-of-2 numprocs=36
12: Starting Rabenseifner with non-power-of-2 numprocs=36
0: Starting Rabenseifner with non-power-of-2 numprocs=36
time: 0.000013s
7: Starting Rabenseifner with non-power-of-2 numprocs=36
8: Starting Rabenseifner with non-power-of-2 numprocs=36
32: Starting Rabenseifner with non-power-of-2 numprocs=36
11: Starting Rabenseifner with non-power-of-2 numprocs=36
3: Starting Rabenseifner with non-power-of-2 numprocs=36
19: Starting Rabenseifner with non-power-of-2 numprocs=36
23: Starting Rabenseifner with non-power-of-2 numprocs=36
29: Starting Rabenseifner with non-power-of-2 numprocs=36
13: Starting Rabenseifner with non-power-of-2 numprocs=36
30: Starting Rabenseifner with non-power-of-2 numprocs=36
10: Starting Rabenseifner with non-power-of-2 numprocs=36
28: Starting Rabenseifner with non-power-of-2 numprocs=36
9: Starting Rabenseifner with non-power-of-2 numprocs=36
1: Starting Rabenseifner with non-power-of-2 numprocs=36
16: Starting Rabenseifner with non-power-of-2 numprocs=36
20: Starting Rabenseifner with non-power-of-2 numprocs=36
18: Starting Rabenseifner with non-power-of-2 numprocs=36
21: Starting Rabenseifner with non-power-of-2 numprocs=36
22: Starting Rabenseifner with non-power-of-2 numprocs=36
5: Starting Rabenseifner with non-power-of-2 numprocs=36
35: Starting Rabenseifner with non-power-of-2 numprocs=36
4: Starting Rabenseifner with non-power-of-2 numprocs=36
25: Starting Rabenseifner with non-power-of-2 numprocs=36
31: Starting Rabenseifner with non-power-of-2 numprocs=36
14: Starting Rabenseifner with non-power-of-2 numprocs=36
17: Starting Rabenseifner with non-power-of-2 numprocs=36
27: Starting Rabenseifner with non-power-of-2 numprocs=36
15: Starting Rabenseifner with non-power-of-2 numprocs=36
34: Starting Rabenseifner with non-power-of-2 numprocs=36
33: Starting Rabenseifner with non-power-of-2 numprocs=36
24: Starting Rabenseifner with non-power-of-2 numprocs=36
6: Starting Rabenseifner with non-power-of-2 numprocs=36
26: Starting Rabenseifner with non-power-of-2 numprocs=36
2: Starting Rabenseifner with non-power-of-2 numprocs=36
12: Starting Rabenseifner with non-power-of-2 numprocs=36
