16: Starting numprocs=40 N=8192, M=8192 impl=rabenseifner-gather
34: Starting numprocs=40 N=8192, M=8192 impl=rabenseifner-gather
35: Starting numprocs=40 N=8192, M=8192 impl=rabenseifner-gather
36: Starting numprocs=40 N=8192, M=8192 impl=rabenseifner-gather
18: Starting numprocs=40 N=8192, M=8192 impl=rabenseifner-gather
17: Starting numprocs=40 N=8192, M=8192 impl=rabenseifner-gather
15: Starting numprocs=40 N=8192, M=8192 impl=rabenseifner-gather
4: Starting numprocs=40 N=8192, M=8192 impl=rabenseifner-gather
31: Starting numprocs=40 N=8192, M=8192 impl=rabenseifner-gather
0: Starting numprocs=40 N=8192, M=8192 impl=rabenseifner-gather
Iteration 0
38: Starting numprocs=40 N=8192, M=8192 impl=rabenseifner-gather
10: Starting numprocs=40 N=8192, M=8192 impl=rabenseifner-gather
37: Starting numprocs=40 N=8192, M=8192 impl=rabenseifner-gather
2: Starting numprocs=40 N=8192, M=8192 impl=rabenseifner-gather
9: Starting numprocs=40 N=8192, M=8192 impl=rabenseifner-gather
12: Starting numprocs=40 N=8192, M=8192 impl=rabenseifner-gather
3: Starting numprocs=40 N=8192, M=8192 impl=rabenseifner-gather
39: Starting numprocs=40 N=8192, M=8192 impl=rabenseifner-gather
11: Starting numprocs=40 N=8192, M=8192 impl=rabenseifner-gather
33: Starting numprocs=40 N=8192, M=8192 impl=rabenseifner-gather
1: Starting numprocs=40 N=8192, M=8192 impl=rabenseifner-gather
14: Starting numprocs=40 N=8192, M=8192 impl=rabenseifner-gather
7: Starting numprocs=40 N=8192, M=8192 impl=rabenseifner-gather
6: Starting numprocs=40 N=8192, M=8192 impl=rabenseifner-gather
5: Starting numprocs=40 N=8192, M=8192 impl=rabenseifner-gather
13: Starting numprocs=40 N=8192, M=8192 impl=rabenseifner-gather
32: Starting numprocs=40 N=8192, M=8192 impl=rabenseifner-gather
28: Starting numprocs=40 N=8192, M=8192 impl=rabenseifner-gather
29: Starting numprocs=40 N=8192, M=8192 impl=rabenseifner-gather
24: Starting numprocs=40 N=8192, M=8192 impl=rabenseifner-gather
26: Starting numprocs=40 N=8192, M=8192 impl=rabenseifner-gather
8: Starting numprocs=40 N=8192, M=8192 impl=rabenseifner-gather
21: Starting numprocs=40 N=8192, M=8192 impl=rabenseifner-gather
27: Starting numprocs=40 N=8192, M=8192 impl=rabenseifner-gather
25: Starting numprocs=40 N=8192, M=8192 impl=rabenseifner-gather
20: Starting numprocs=40 N=8192, M=8192 impl=rabenseifner-gather
30: Starting numprocs=40 N=8192, M=8192 impl=rabenseifner-gather
23: Starting numprocs=40 N=8192, M=8192 impl=rabenseifner-gather
19: Starting numprocs=40 N=8192, M=8192 impl=rabenseifner-gather
22: Starting numprocs=40 N=8192, M=8192 impl=rabenseifner-gather
terminate called after throwing an instance of 'std::runtime_error'
  what():  Starting Rabenseifner-Gather with non-power-of-2 processes, numprocs=40
[eu-ms-001-29:16113] *** Process received signal ***
[eu-ms-001-29:16113] Signal: Aborted (6)
[eu-ms-001-29:16113] Signal code:  (-6)
[eu-ms-001-29:16113] [ 0] /usr/lib64/libpthread.so.0(+0xf630)[0x2b664e8b2630]
[eu-ms-001-29:16113] [ 1] /usr/lib64/libc.so.6(gsignal+0x37)[0x2b664eaf5387]
[eu-ms-001-29:16113] [ 2] /usr/lib64/libc.so.6(abort+0x148)[0x2b664eaf6a78]
[eu-ms-001-29:16113] [ 3] /cluster/spack/apps/linux-centos7-x86_64/gcc-4.8.5/gcc-9.3.0-mjmsvu3362usxjr7tas4ywkd2e4ko5x3/lib64/libstdc++.so.6(+0x99133)[0x2b664e048133]
[eu-ms-001-29:16113] [ 4] /cluster/spack/apps/linux-centos7-x86_64/gcc-4.8.5/gcc-9.3.0-mjmsvu3362usxjr7tas4ywkd2e4ko5x3/lib64/libstdc++.so.6(+0xa4b56)[0x2b664e053b56]
[eu-ms-001-29:16113] [ 5] /cluster/spack/apps/linux-centos7-x86_64/gcc-4.8.5/gcc-9.3.0-mjmsvu3362usxjr7tas4ywkd2e4ko5x3/lib64/libstdc++.so.6(+0xa4bc1)[0x2b664e053bc1]
[eu-ms-001-29:16113] [ 6] /cluster/spack/apps/linux-centos7-x86_64/gcc-4.8.5/gcc-9.3.0-mjmsvu3362usxjr7tas4ywkd2e4ko5x3/lib64/libstdc++.so.6(+0xa4e14)[0x2b664e053e14]
[eu-ms-001-29:16113] [ 7] code/build_output/main[0x40ba49]
[eu-ms-001-29:16113] [ 8] code/build_output/main[0x41a198]
[eu-ms-001-29:16113] [ 9] code/build_output/main[0x40c3d9]
[eu-ms-001-29:16113] [10] /usr/lib64/libc.so.6(__libc_start_main+0xf5)[0x2b664eae1555]
[eu-ms-001-29:16113] [11] code/build_output/main[0x40db3f]
[eu-ms-001-29:16113] *** End of error message ***
terminate called after throwing an instance of 'std::runtime_error'
terminate called after throwing an instance of 'std::runtime_error'
  what():  Starting Rabenseifner-Gather with non-power-of-2 processes, numprocs=40
[eu-ms-001-23:05831] *** Process received signal ***
[eu-ms-001-23:05831] Signal: Aborted (6)
[eu-ms-001-23:05831] Signal code:  (-6)
terminate called after throwing an instance of 'std::runtime_error'
  what():  Starting Rabenseifner-Gather with non-power-of-2 processes, numprocs=40
[eu-ms-012-39:23672] *** Process received signal ***
[eu-ms-012-39:23672] Signal: Aborted (6)
[eu-ms-012-39:23672] Signal code:  (-6)
terminate called after throwing an instance of 'std::runtime_error'
[eu-ms-001-23:05831] [ 0]   what():  Starting Rabenseifner-Gather with non-power-of-2 processes, numprocs=40
[eu-ms-017-12:05704] *** Process received signal ***
[eu-ms-017-12:05704] Signal: Aborted (6)
[eu-ms-017-12:05704] Signal code:  (-6)
  what():  Starting Rabenseifner-Gather with non-power-of-2 processes, numprocs=40
[eu-ms-001-28:04460] *** Process received signal ***
[eu-ms-001-28:04460] Signal: Aborted (6)
[eu-ms-001-28:04460] Signal code:  (-6)
/usr/lib64/libpthread.so.0(+0xf630)[0x2b6d66afa630]
[eu-ms-001-23:05831] [ 1] /usr/lib64/libc.so.6(gsignal+0x37)[0x2b6d66d3d387]
[eu-ms-001-23:05831] [eu-ms-017-12:05704] [ 0] [eu-ms-001-28:04460] [ 0] [ 2] /usr/lib64/libc.so.6(abort+0x148)[0x2b6d66d3ea78]
/usr/lib64/libpthread.so.0(+0xf630)[0x2b4bd3325630]
[eu-ms-017-12:05704] [ 1] /usr/lib64/libpthread.so.0(+0xf630)[0x2abf256ab630]
[eu-ms-001-28:04460] [ 1] [eu-ms-001-23:05831] [ 3] /usr/lib64/libc.so.6(gsignal+0x37)[0x2b4bd3568387]
[eu-ms-017-12:05704] [ 2] /usr/lib64/libc.so.6(abort+0x148)[0x2b4bd3569a78]
[eu-ms-017-12:05704] [ 3] /usr/lib64/libc.so.6(gsignal+0x37)[0x2abf258ee387]
[eu-ms-001-28:04460] [ 2] /cluster/spack/apps/linux-centos7-x86_64/gcc-4.8.5/gcc-9.3.0-mjmsvu3362usxjr7tas4ywkd2e4ko5x3/lib64/libstdc++.so.6(+0x99133)[0x2b6d66290133]
[eu-ms-001-23:05831] [ 4] /cluster/spack/apps/linux-centos7-x86_64/gcc-4.8.5/gcc-9.3.0-mjmsvu3362usxjr7tas4ywkd2e4ko5x3/lib64/libstdc++.so.6(+0xa4b56)[0x2b6d6629bb56]
/cluster/spack/apps/linux-centos7-x86_64/gcc-4.8.5/gcc-9.3.0-mjmsvu3362usxjr7tas4ywkd2e4ko5x3/lib64/libstdc++.so.6(+0x99133)[0x2b4bd2abb133]
[eu-ms-017-12:05704] [ 4] /usr/lib64/libc.so.6(abort+0x148)[0x2abf258efa78]
[eu-ms-001-28:04460] [ 3] /cluster/spack/apps/linux-centos7-x86_64/gcc-4.8.5/gcc-9.3.0-mjmsvu3362usxjr7tas4ywkd2e4ko5x3/lib64/libstdc++.so.6(+0x99133)[0x2abf24e41133]
[eu-ms-001-28:04460] [ 4] [eu-ms-001-23:05831] [ 5] /cluster/spack/apps/linux-centos7-x86_64/gcc-4.8.5/gcc-9.3.0-mjmsvu3362usxjr7tas4ywkd2e4ko5x3/lib64/libstdc++.so.6(+0xa4bc1)[0x2b6d6629bbc1]
[eu-ms-001-23:05831] /cluster/spack/apps/linux-centos7-x86_64/gcc-4.8.5/gcc-9.3.0-mjmsvu3362usxjr7tas4ywkd2e4ko5x3/lib64/libstdc++.so.6(+0xa4b56)[0x2b4bd2ac6b56]
[eu-ms-017-12:05704] [ 5] /cluster/spack/apps/linux-centos7-x86_64/gcc-4.8.5/gcc-9.3.0-mjmsvu3362usxjr7tas4ywkd2e4ko5x3/lib64/libstdc++.so.6(+0xa4b56)[0x2abf24e4cb56]
[eu-ms-001-28:04460] [ 5] [ 6] /cluster/spack/apps/linux-centos7-x86_64/gcc-4.8.5/gcc-9.3.0-mjmsvu3362usxjr7tas4ywkd2e4ko5x3/lib64/libstdc++.so.6(+0xa4e14)[0x2b6d6629be14]
[eu-ms-001-23:05831] [ 7] /cluster/spack/apps/linux-centos7-x86_64/gcc-4.8.5/gcc-9.3.0-mjmsvu3362usxjr7tas4ywkd2e4ko5x3/lib64/libstdc++.so.6(+0xa4bc1)[0x2b4bd2ac6bc1]
[eu-ms-017-12:05704] [ 6] /cluster/spack/apps/linux-centos7-x86_64/gcc-4.8.5/gcc-9.3.0-mjmsvu3362usxjr7tas4ywkd2e4ko5x3/lib64/libstdc++.so.6(+0xa4e14)[0x2b4bd2ac6e14]
[eu-ms-017-12:05704] /cluster/spack/apps/linux-centos7-x86_64/gcc-4.8.5/gcc-9.3.0-mjmsvu3362usxjr7tas4ywkd2e4ko5x3/lib64/libstdc++.so.6(+0xa4bc1)[0x2abf24e4cbc1]
[eu-ms-001-28:04460] [ 6] code/build_output/main[0x40ba49]
[eu-ms-001-23:05831] [ 8] code/build_output/main[0x41a198]
[eu-ms-001-23:05831] [ 9] code/build_output/main[0x40c3d9]
[eu-ms-001-23:05831] [10] [ 7] code/build_output/main[0x40ba49]
[eu-ms-017-12:05704] [ 8] code/build_output/main[0x41a198]
[eu-ms-017-12:05704] [ 9] code/build_output/main[0x40c3d9]
[eu-ms-017-12:05704] [10] [eu-ms-012-39:23672] [ 0] /cluster/spack/apps/linux-centos7-x86_64/gcc-4.8.5/gcc-9.3.0-mjmsvu3362usxjr7tas4ywkd2e4ko5x3/lib64/libstdc++.so.6(+0xa4e14)[0x2abf24e4ce14]
[eu-ms-001-28:04460] [ 7] code/build_output/main[0x40ba49]
[eu-ms-001-28:04460] [ 8] code/build_output/main[0x41a198]
[eu-ms-001-28:04460] [ 9] /usr/lib64/libc.so.6(__libc_start_main+0xf5)[0x2b6d66d29555]
[eu-ms-001-23:05831] [11] code/build_output/main[0x40db3f]
/usr/lib64/libc.so.6(__libc_start_main+0xf5)[0x2b4bd3554555]
[eu-ms-017-12:05704] [11] code/build_output/main[0x40db3f]
[eu-ms-017-12:05704] *** End of error message ***
/usr/lib64/libpthread.so.0(+0xf630)[0x2afa3f231630]
[eu-ms-012-39:23672] [ 1] /usr/lib64/libc.so.6(gsignal+0x37)[0x2afa3f474387]
[eu-ms-012-39:23672] [ 2] code/build_output/main[0x40c3d9]
[eu-ms-001-28:04460] [10] /usr/lib64/libc.so.6(__libc_start_main+0xf5)[0x2abf258da555]
[eu-ms-001-28:04460] [11] [eu-ms-001-23:05831] *** End of error message ***
/usr/lib64/libc.so.6(abort+0x148)[0x2afa3f475a78]
[eu-ms-012-39:23672] [ 3] /cluster/spack/apps/linux-centos7-x86_64/gcc-4.8.5/gcc-9.3.0-mjmsvu3362usxjr7tas4ywkd2e4ko5x3/lib64/libstdc++.so.6(+0x99133)[0x2afa3e9c7133]
code/build_output/main[0x40db3f]
[eu-ms-001-28:04460] *** End of error message ***
[eu-ms-012-39:23672] [ 4] /cluster/spack/apps/linux-centos7-x86_64/gcc-4.8.5/gcc-9.3.0-mjmsvu3362usxjr7tas4ywkd2e4ko5x3/lib64/libstdc++.so.6(+0xa4b56)[0x2afa3e9d2b56]
[eu-ms-012-39:23672] [ 5] /cluster/spack/apps/linux-centos7-x86_64/gcc-4.8.5/gcc-9.3.0-mjmsvu3362usxjr7tas4ywkd2e4ko5x3/lib64/libstdc++.so.6(+0xa4bc1)[0x2afa3e9d2bc1]
[eu-ms-012-39:23672] [ 6] /cluster/spack/apps/linux-centos7-x86_64/gcc-4.8.5/gcc-9.3.0-mjmsvu3362usxjr7tas4ywkd2e4ko5x3/lib64/libstdc++.so.6(+0xa4e14)[0x2afa3e9d2e14]
[eu-ms-012-39:23672] [ 7] code/build_output/main[0x40ba49]
[eu-ms-012-39:23672] [ 8] code/build_output/main[0x41a198]
[eu-ms-012-39:23672] [ 9] code/build_output/main[0x40c3d9]
[eu-ms-012-39:23672] [10] /usr/lib64/libc.so.6(__libc_start_main+0xf5)[0x2afa3f460555]
[eu-ms-012-39:23672] [11] code/build_output/main[0x40db3f]
[eu-ms-012-39:23672] *** End of error message ***
terminate called after throwing an instance of 'std::runtime_error'
  what():  Starting Rabenseifner-Gather with non-power-of-2 processes, numprocs=40
[eu-ms-001-38:04397] *** Process received signal ***
[eu-ms-001-38:04397] Signal: Aborted (6)
[eu-ms-001-38:04397] Signal code:  (-6)
terminate called after throwing an instance of 'std::runtime_error'
  what():  Starting Rabenseifner-Gather with non-power-of-2 processes, numprocs=40
[eu-ms-001-16:12725] *** Process received signal ***
[eu-ms-001-16:12725] Signal: Aborted (6)
[eu-ms-001-16:12725] Signal code:  (-6)
[eu-ms-001-16:12725] [ 0] /usr/lib64/libpthread.so.0(+0xf630)[0x2b8ac37c0630]
[eu-ms-001-16:12725] [ 1] /usr/lib64/libc.so.6(gsignal+0x37)[0x2b8ac3a03387]
[eu-ms-001-16:12725] [ 2] /usr/lib64/libc.so.6(abort+0x148)[0x2b8ac3a04a78]
[eu-ms-001-16:12725] [ 3] /cluster/spack/apps/linux-centos7-x86_64/gcc-4.8.5/gcc-9.3.0-mjmsvu3362usxjr7tas4ywkd2e4ko5x3/lib64/libstdc++.so.6(+0x99133)[0x2b8ac2f56133]
[eu-ms-001-16:12725] [ 4] terminate called after throwing an instance of 'std::runtime_error'
terminate called after throwing an instance of 'std::runtime_error'
terminate called after throwing an instance of 'std::runtime_error'
/cluster/spack/apps/linux-centos7-x86_64/gcc-4.8.5/gcc-9.3.0-mjmsvu3362usxjr7tas4ywkd2e4ko5x3/lib64/libstdc++.so.6(+0xa4b56)[0x2b8ac2f61b56]
[eu-ms-001-16:12725] [ 5] terminate called after throwing an instance of 'std::runtime_error'
  what():  Starting Rabenseifner-Gather with non-power-of-2 processes, numprocs=40
[eu-ms-002-34:22316] *** Process received signal ***
[eu-ms-002-34:22316] Signal: Aborted (6)
[eu-ms-002-34:22316] Signal code:  (-6)
  what():  Starting Rabenseifner-Gather with non-power-of-2 processes, numprocs=40
[eu-ms-001-42:03098] *** Process received signal ***
[eu-ms-001-42:03098] Signal: Aborted (6)
[eu-ms-001-42:03098] Signal code:  (-6)
/cluster/spack/apps/linux-centos7-x86_64/gcc-4.8.5/gcc-9.3.0-mjmsvu3362usxjr7tas4ywkd2e4ko5x3/lib64/libstdc++.so.6(+0xa4bc1)[0x2b8ac2f61bc1]
[eu-ms-001-16:12725] [ 6]   what():  Starting Rabenseifner-Gather with non-power-of-2 processes, numprocs=40
[eu-ms-017-32:12360] *** Process received signal ***
[eu-ms-017-32:12360] Signal: Aborted (6)
[eu-ms-017-32:12360] Signal code:  (-6)
  what():  Starting Rabenseifner-Gather with non-power-of-2 processes, numprocs=40
[eu-ms-017-42:07889] *** Process received signal ***
[eu-ms-017-42:07889] Signal: Aborted (6)
[eu-ms-017-42:07889] Signal code:  (-6)
[eu-ms-002-34:22316] [ 0] [eu-ms-001-42:03098] [ 0] /cluster/spack/apps/linux-centos7-x86_64/gcc-4.8.5/gcc-9.3.0-mjmsvu3362usxjr7tas4ywkd2e4ko5x3/lib64/libstdc++.so.6(+0xa4e14)[0x2b8ac2f61e14]
[eu-ms-001-16:12725] [ 7] code/build_output/main[0x40ba49]
[eu-ms-001-16:12725] [ 8] code/build_output/main[0x41a198]
[eu-ms-001-16:12725] [ 9] code/build_output/main[0x40c3d9]
[eu-ms-001-16:12725] [10] [eu-ms-017-32:12360] [ 0] [eu-ms-017-42:07889] [ 0] [eu-ms-001-38:04397] [ 0] /usr/lib64/libpthread.so.0(+0xf630)[0x2b3b2c4c3630]
[eu-ms-001-38:04397] [ 1] /usr/lib64/libc.so.6(gsignal+0x37)[0x2b3b2c706387]
[eu-ms-001-38:04397] [ 2] /usr/lib64/libc.so.6(abort+0x148)[0x2b3b2c707a78]
[eu-ms-001-38:04397] [ 3] /cluster/spack/apps/linux-centos7-x86_64/gcc-4.8.5/gcc-9.3.0-mjmsvu3362usxjr7tas4ywkd2e4ko5x3/lib64/libstdc++.so.6(+0x99133)[0x2b3b2bc59133]
[eu-ms-001-38:04397] [ 4] /cluster/spack/apps/linux-centos7-x86_64/gcc-4.8.5/gcc-9.3.0-mjmsvu3362usxjr7tas4ywkd2e4ko5x3/lib64/libstdc++.so.6(+0xa4b56)[0x2b3b2bc64b56]
[eu-ms-001-38:04397] [ 5] /cluster/spack/apps/linux-centos7-x86_64/gcc-4.8.5/gcc-9.3.0-mjmsvu3362usxjr7tas4ywkd2e4ko5x3/lib64/libstdc++.so.6(+0xa4bc1)[0x2b3b2bc64bc1]
[eu-ms-001-38:04397] [ 6] /cluster/spack/apps/linux-centos7-x86_64/gcc-4.8.5/gcc-9.3.0-mjmsvu3362usxjr7tas4ywkd2e4ko5x3/lib64/libstdc++.so.6(+0xa4e14)[0x2b3b2bc64e14]
[eu-ms-001-38:04397] [ 7] code/build_output/main[0x40ba49]
[eu-ms-001-38:04397] [ 8] code/build_output/main[0x41a198]
[eu-ms-001-38:04397] [ 9] code/build_output/main[0x40c3d9]
[eu-ms-001-38:04397] [10] /usr/lib64/libc.so.6(__libc_start_main+0xf5)[0x2b3b2c6f2555]
[eu-ms-001-38:04397] [11] code/build_output/main[0x40db3f]
[eu-ms-001-38:04397] *** End of error message ***
/usr/lib64/libpthread.so.0(+0xf630)[0x2b358c186630]
[eu-ms-002-34:22316] [ 1] /usr/lib64/libpthread.so.0(+0xf630)[0x2ae6f5d7e630]
[eu-ms-001-42:03098] [ 1] /usr/lib64/libc.so.6(gsignal+0x37)[0x2ae6f5fc1387]
[eu-ms-001-42:03098] /usr/lib64/libc.so.6(__libc_start_main+0xf5)[0x2b8ac39ef555]
[eu-ms-001-16:12725] [11] code/build_output/main[0x40db3f]
[eu-ms-001-16:12725] *** End of error message ***
/usr/lib64/libpthread.so.0(+0xf630)[0x2b96daf16630]
[eu-ms-017-32:12360] [ 1] /usr/lib64/libpthread.so.0(+0xf630)[0x2ab150044630]
[eu-ms-017-42:07889] [ 1] /usr/lib64/libc.so.6(gsignal+0x37)[0x2ab150287387]
/usr/lib64/libc.so.6(gsignal+0x37)[0x2b358c3c9387]
[eu-ms-002-34:22316] [ 2] /usr/lib64/libc.so.6(abort+0x148)[0x2b358c3caa78]
[eu-ms-002-34:22316] [ 3] [ 2] /usr/lib64/libc.so.6(abort+0x148)[0x2ae6f5fc2a78]
[eu-ms-001-42:03098] [ 3] /usr/lib64/libc.so.6(gsignal+0x37)[0x2b96db159387]
[eu-ms-017-32:12360] [ 2] /usr/lib64/libc.so.6(abort+0x148)[0x2b96db15aa78]
[eu-ms-017-42:07889] [ 2] /usr/lib64/libc.so.6(abort+0x148)[0x2ab150288a78]
[eu-ms-017-42:07889] [ 3] /cluster/spack/apps/linux-centos7-x86_64/gcc-4.8.5/gcc-9.3.0-mjmsvu3362usxjr7tas4ywkd2e4ko5x3/lib64/libstdc++.so.6(+0x99133)[0x2b358b91c133]
[eu-ms-002-34:22316] [ 4] /cluster/spack/apps/linux-centos7-x86_64/gcc-4.8.5/gcc-9.3.0-mjmsvu3362usxjr7tas4ywkd2e4ko5x3/lib64/libstdc++.so.6(+0x99133)[0x2ae6f5514133]
[eu-ms-001-42:03098] [ 4] [eu-ms-017-32:12360] [ 3] /cluster/spack/apps/linux-centos7-x86_64/gcc-4.8.5/gcc-9.3.0-mjmsvu3362usxjr7tas4ywkd2e4ko5x3/lib64/libstdc++.so.6(+0x99133)[0x2b96da6ac133]
[eu-ms-017-32:12360] [ 4] /cluster/spack/apps/linux-centos7-x86_64/gcc-4.8.5/gcc-9.3.0-mjmsvu3362usxjr7tas4ywkd2e4ko5x3/lib64/libstdc++.so.6(+0x99133)[0x2ab14f7da133]
[eu-ms-017-42:07889] [ 4] /cluster/spack/apps/linux-centos7-x86_64/gcc-4.8.5/gcc-9.3.0-mjmsvu3362usxjr7tas4ywkd2e4ko5x3/lib64/libstdc++.so.6(+0xa4b56)[0x2b358b927b56]
[eu-ms-002-34:22316] [ 5] /cluster/spack/apps/linux-centos7-x86_64/gcc-4.8.5/gcc-9.3.0-mjmsvu3362usxjr7tas4ywkd2e4ko5x3/lib64/libstdc++.so.6(+0xa4b56)[0x2ae6f551fb56]
[eu-ms-001-42:03098] [ 5] /cluster/spack/apps/linux-centos7-x86_64/gcc-4.8.5/gcc-9.3.0-mjmsvu3362usxjr7tas4ywkd2e4ko5x3/lib64/libstdc++.so.6(+0xa4b56)[0x2b96da6b7b56]
[eu-ms-017-32:12360] [ 5] /cluster/spack/apps/linux-centos7-x86_64/gcc-4.8.5/gcc-9.3.0-mjmsvu3362usxjr7tas4ywkd2e4ko5x3/lib64/libstdc++.so.6(+0xa4b56)[0x2ab14f7e5b56]
[eu-ms-017-42:07889] [ 5] /cluster/spack/apps/linux-centos7-x86_64/gcc-4.8.5/gcc-9.3.0-mjmsvu3362usxjr7tas4ywkd2e4ko5x3/lib64/libstdc++.so.6(+0xa4bc1)[0x2b358b927bc1]
[eu-ms-002-34:22316] [ 6] /cluster/spack/apps/linux-centos7-x86_64/gcc-4.8.5/gcc-9.3.0-mjmsvu3362usxjr7tas4ywkd2e4ko5x3/lib64/libstdc++.so.6(+0xa4bc1)[0x2ae6f551fbc1]
[eu-ms-001-42:03098] [ 6] /cluster/spack/apps/linux-centos7-x86_64/gcc-4.8.5/gcc-9.3.0-mjmsvu3362usxjr7tas4ywkd2e4ko5x3/lib64/libstdc++.so.6(+0xa4e14)[0x2ae6f551fe14]
/cluster/spack/apps/linux-centos7-x86_64/gcc-4.8.5/gcc-9.3.0-mjmsvu3362usxjr7tas4ywkd2e4ko5x3/lib64/libstdc++.so.6(+0xa4bc1)[0x2b96da6b7bc1]
[eu-ms-017-32:12360] [ 6] /cluster/spack/apps/linux-centos7-x86_64/gcc-4.8.5/gcc-9.3.0-mjmsvu3362usxjr7tas4ywkd2e4ko5x3/lib64/libstdc++.so.6(+0xa4e14)[0x2b96da6b7e14]
[eu-ms-017-32:12360] /cluster/spack/apps/linux-centos7-x86_64/gcc-4.8.5/gcc-9.3.0-mjmsvu3362usxjr7tas4ywkd2e4ko5x3/lib64/libstdc++.so.6(+0xa4bc1)[0x2ab14f7e5bc1]
[eu-ms-017-42:07889] [ 6] /cluster/spack/apps/linux-centos7-x86_64/gcc-4.8.5/gcc-9.3.0-mjmsvu3362usxjr7tas4ywkd2e4ko5x3/lib64/libstdc++.so.6(+0xa4e14)[0x2ab14f7e5e14]
[eu-ms-017-42:07889] [ 7] /cluster/spack/apps/linux-centos7-x86_64/gcc-4.8.5/gcc-9.3.0-mjmsvu3362usxjr7tas4ywkd2e4ko5x3/lib64/libstdc++.so.6(+0xa4e14)[0x2b358b927e14]
[eu-ms-002-34:22316] [ 7] code/build_output/main[0x40ba49]
[eu-ms-002-34:22316] [ 8] code/build_output/main[0x41a198]
[eu-ms-002-34:22316] [ 9] code/build_output/main[0x40c3d9]
[eu-ms-002-34:22316] [10] [eu-ms-001-42:03098] [ 7] code/build_output/main[0x40ba49]
[eu-ms-001-42:03098] [ 8] code/build_output/main[0x41a198]
[eu-ms-001-42:03098] [ 9] code/build_output/main[0x40c3d9]
[eu-ms-001-42:03098] [10] [ 7] code/build_output/main[0x40ba49]
[eu-ms-017-32:12360] [ 8] code/build_output/main[0x41a198]
[eu-ms-017-32:12360] [ 9] code/build_output/main[0x40c3d9]
[eu-ms-017-32:12360] [10] code/build_output/main[0x40ba49]
[eu-ms-017-42:07889] [ 8] code/build_output/main[0x41a198]
[eu-ms-017-42:07889] [ 9] code/build_output/main[0x40c3d9]
[eu-ms-017-42:07889] [10] /usr/lib64/libc.so.6(__libc_start_main+0xf5)[0x2b358c3b5555]
[eu-ms-002-34:22316] [11] code/build_output/main[0x40db3f]
[eu-ms-002-34:22316] *** End of error message ***
/usr/lib64/libc.so.6(__libc_start_main+0xf5)[0x2ae6f5fad555]
[eu-ms-001-42:03098] [11] code/build_output/main[0x40db3f]
[eu-ms-001-42:03098] *** End of error message ***
/usr/lib64/libc.so.6(__libc_start_main+0xf5)[0x2b96db145555]
[eu-ms-017-32:12360] [11] code/build_output/main[0x40db3f]
[eu-ms-017-32:12360] *** End of error message ***
/usr/lib64/libc.so.6(__libc_start_main+0xf5)[0x2ab150273555]
[eu-ms-017-42:07889] [11] code/build_output/main[0x40db3f]
[eu-ms-017-42:07889] *** End of error message ***
terminate called after throwing an instance of 'std::runtime_error'
terminate called after throwing an instance of 'std::runtime_error'
terminate called after throwing an instance of 'std::runtime_error'
terminate called after throwing an instance of 'std::runtime_error'
terminate called after throwing an instance of 'std::runtime_error'
terminate called after throwing an instance of 'std::runtime_error'
terminate called after throwing an instance of 'std::runtime_error'
terminate called after throwing an instance of 'std::runtime_error'
terminate called after throwing an instance of 'std::runtime_error'
terminate called after throwing an instance of 'std::runtime_error'
  what():  Starting Rabenseifner-Gather with non-power-of-2 processes, numprocs=40
[eu-ms-001-07:10462] *** Process received signal ***
[eu-ms-001-07:10462] Signal: Aborted (6)
[eu-ms-001-07:10462] Signal code:  (-6)
  what():  Starting Rabenseifner-Gather with non-power-of-2 processes, numprocs=40
[eu-ms-001-13:14691] *** Process received signal ***
[eu-ms-001-13:14691] Signal: Aborted (6)
[eu-ms-001-13:14691] Signal code:  (-6)
  what():  Starting Rabenseifner-Gather with non-power-of-2 processes, numprocs=40
[eu-ms-001-17:28490] *** Process received signal ***
[eu-ms-001-17:28490] Signal: Aborted (6)
[eu-ms-001-17:28490] Signal code:  (-6)
terminate called after throwing an instance of 'std::runtime_error'
  what():  Starting Rabenseifner-Gather with non-power-of-2 processes, numprocs=40
[eu-ms-001-44:20028] *** Process received signal ***
[eu-ms-001-44:20028] Signal: Aborted (6)
[eu-ms-001-44:20028] Signal code:  (-6)
  what():  Starting Rabenseifner-Gather with non-power-of-2 processes, numprocs=40
[eu-ms-017-03:32712] *** Process received signal ***
[eu-ms-017-03:32712] Signal: Aborted (6)
[eu-ms-017-03:32712] Signal code:  (-6)
  what():  Starting Rabenseifner-Gather with non-power-of-2 processes, numprocs=40
[eu-ms-017-33:01566] *** Process received signal ***
[eu-ms-017-33:01566] Signal: Aborted (6)
[eu-ms-017-33:01566] Signal code:  (-6)
  what():  Starting Rabenseifner-Gather with non-power-of-2 processes, numprocs=40
[eu-ms-017-06:31836] *** Process received signal ***
[eu-ms-017-06:31836] Signal: Aborted (6)
[eu-ms-017-06:31836] Signal code:  (-6)
  what():  Starting Rabenseifner-Gather with non-power-of-2 processes, numprocs=40
[eu-ms-017-28:27931] *** Process received signal ***
[eu-ms-017-28:27931] Signal: Aborted (6)
[eu-ms-017-28:27931] Signal code:  (-6)
  what():  Starting Rabenseifner-Gather with non-power-of-2 processes, numprocs=40
[eu-ms-002-37:08273] *** Process received signal ***
[eu-ms-002-37:08273] Signal: Aborted (6)
[eu-ms-002-37:08273] Signal code:  (-6)
  what():  Starting Rabenseifner-Gather with non-power-of-2 processes, numprocs=40
[eu-ms-012-04:31303] *** Process received signal ***
[eu-ms-012-04:31303] Signal: Aborted (6)
[eu-ms-012-04:31303] Signal code:  (-6)
[eu-ms-001-07:10462] [ 0] [eu-ms-001-13:14691] [ 0] [eu-ms-001-17:28490] [ 0]   what():  Starting Rabenseifner-Gather with non-power-of-2 processes, numprocs=40
[eu-ms-001-37:15879] *** Process received signal ***
[eu-ms-001-37:15879] Signal: Aborted (6)
[eu-ms-001-37:15879] Signal code:  (-6)
[eu-ms-001-44:20028] [ 0] [eu-ms-017-03:32712] [ 0] [eu-ms-017-33:01566] [ 0] [eu-ms-017-06:31836] [ 0] terminate called after throwing an instance of 'std::runtime_error'
[eu-ms-017-28:27931] [ 0] terminate called after throwing an instance of 'std::runtime_error'
terminate called after throwing an instance of 'std::runtime_error'
terminate called after throwing an instance of 'std::runtime_error'
[eu-ms-002-37:08273] [ 0] [eu-ms-012-04:31303] [ 0] /usr/lib64/libpthread.so.0(+0xf630)[0x2b93e2acc630]
[eu-ms-001-07:10462] [ 1] /usr/lib64/libpthread.so.0(+0xf630)[0x2b92ac14d630]
[eu-ms-001-13:14691] [ 1] /usr/lib64/libpthread.so.0(+0xf630)[0x2b66c3fa2630]
[eu-ms-001-17:28490] [ 1] [eu-ms-001-37:15879] [ 0] /usr/lib64/libpthread.so.0(+0xf630)[0x2b7ef94f0630]
[eu-ms-001-44:20028] [ 1] /usr/lib64/libpthread.so.0(+0xf630)[0x2b0fa9a15630]
[eu-ms-017-03:32712] [ 1] /usr/lib64/libpthread.so.0(+0xf630)[0x2ab5dc621630]
[eu-ms-017-33:01566] [ 1] /usr/lib64/libpthread.so.0(+0xf630)[0x2b1831883630]
[eu-ms-017-06:31836] [ 1]   what():  Starting Rabenseifner-Gather with non-power-of-2 processes, numprocs=40
[eu-ms-017-08:28824] *** Process received signal ***
[eu-ms-017-08:28824] Signal: Aborted (6)
[eu-ms-017-08:28824] Signal code:  (-6)
/usr/lib64/libpthread.so.0(+0xf630)[0x2b00ad75e630]
[eu-ms-017-28:27931] [ 1] /usr/lib64/libc.so.6(gsignal+0x37)[0x2b00ad9a1387]
[eu-ms-017-28:27931] [ 2]   what():  Starting Rabenseifner-Gather with non-power-of-2 processes, numprocs=40
[eu-ms-001-18:11989] *** Process received signal ***
[eu-ms-001-18:11989] Signal: Aborted (6)
[eu-ms-001-18:11989] Signal code:  (-6)
  what():  Starting Rabenseifner-Gather with non-power-of-2 processes, numprocs=40
[eu-ms-017-18:01138] *** Process received signal ***
[eu-ms-017-18:01138] Signal: Aborted (6)
[eu-ms-017-18:01138] Signal code:  (-6)
  what():  Starting Rabenseifner-Gather with non-power-of-2 processes, numprocs=40
[eu-ms-012-43:01049] *** Process received signal ***
[eu-ms-012-43:01049] Signal: Aborted (6)
[eu-ms-012-43:01049] Signal code:  (-6)
/usr/lib64/libpthread.so.0(+0xf630)[0x2ba0b5808630]
[eu-ms-002-37:08273] [ 1] /usr/lib64/libpthread.so.0(+0xf630)[0x2ab4651db630]
[eu-ms-012-04:31303] [ 1] /usr/lib64/libc.so.6(gsignal+0x37)[0x2ab46541e387]
[eu-ms-012-04:31303] /usr/lib64/libc.so.6(gsignal+0x37)[0x2b93e2d0f387]
[eu-ms-001-07:10462] [ 2] /usr/lib64/libc.so.6(abort+0x148)[0x2b93e2d10a78]
[eu-ms-001-07:10462] /usr/lib64/libc.so.6(gsignal+0x37)[0x2b92ac390387]
[eu-ms-001-13:14691] [ 2] /usr/lib64/libc.so.6(abort+0x148)[0x2b92ac391a78]
[eu-ms-001-13:14691] [ 3] /usr/lib64/libc.so.6(gsignal+0x37)[0x2b66c41e5387]
[eu-ms-001-17:28490] [ 2] /usr/lib64/libc.so.6(abort+0x148)[0x2b66c41e6a78]
[eu-ms-001-17:28490] [ 3] /usr/lib64/libpthread.so.0(+0xf630)[0x2aacf85d4630]
[eu-ms-001-37:15879] [ 1] /usr/lib64/libc.so.6(gsignal+0x37)[0x2b7ef9733387]
[eu-ms-001-44:20028] [ 2] /usr/lib64/libc.so.6(abort+0x148)[0x2b7ef9734a78]
/usr/lib64/libc.so.6(gsignal+0x37)[0x2b0fa9c58387]
[eu-ms-017-03:32712] [ 2] /usr/lib64/libc.so.6(abort+0x148)[0x2b0fa9c59a78]
[eu-ms-017-03:32712] [ 3] /usr/lib64/libc.so.6(gsignal+0x37)[0x2ab5dc864387]
[eu-ms-017-33:01566] [ 2] /usr/lib64/libc.so.6(abort+0x148)[0x2ab5dc865a78]
[eu-ms-017-33:01566] [ 3] /usr/lib64/libc.so.6(gsignal+0x37)[0x2b1831ac6387]
[eu-ms-017-06:31836] [ 2] /usr/lib64/libc.so.6(abort+0x148)[0x2b1831ac7a78]
[eu-ms-017-06:31836] [ 3] [eu-ms-017-08:28824] [ 0] /usr/lib64/libc.so.6(abort+0x148)[0x2b00ad9a2a78]
[eu-ms-017-28:27931] [ 3] [eu-ms-001-18:11989] [ 0] [eu-ms-017-18:01138] [ 0] [eu-ms-012-43:01049] [ 0] /usr/lib64/libc.so.6(gsignal+0x37)[0x2ba0b5a4b387]
[eu-ms-002-37:08273] [ 2] /usr/lib64/libc.so.6(abort+0x148)[0x2ba0b5a4ca78]
[eu-ms-002-37:08273] [ 3] [ 2] /usr/lib64/libc.so.6(abort+0x148)[0x2ab46541fa78]
[eu-ms-012-04:31303] [ 3] /cluster/spack/apps/linux-centos7-x86_64/gcc-4.8.5/gcc-9.3.0-mjmsvu3362usxjr7tas4ywkd2e4ko5x3/lib64/libstdc++.so.6(+0x99133)[0x2b93e2262133]
[eu-ms-001-07:10462] [ 4] /cluster/spack/apps/linux-centos7-x86_64/gcc-4.8.5/gcc-9.3.0-mjmsvu3362usxjr7tas4ywkd2e4ko5x3/lib64/libstdc++.so.6(+0x99133)[0x2b92ab8e3133]
[eu-ms-001-13:14691] [ 4] /cluster/spack/apps/linux-centos7-x86_64/gcc-4.8.5/gcc-9.3.0-mjmsvu3362usxjr7tas4ywkd2e4ko5x3/lib64/libstdc++.so.6(+0x99133)[0x2b66c3738133]
[eu-ms-001-17:28490] [ 4] /usr/lib64/libc.so.6(gsignal+0x37)[0x2aacf8817387]
[eu-ms-001-37:15879] [ 2] /usr/lib64/libc.so.6(abort+0x148)[0x2aacf8818a78]
[eu-ms-001-44:20028] [ 3] /cluster/spack/apps/linux-centos7-x86_64/gcc-4.8.5/gcc-9.3.0-mjmsvu3362usxjr7tas4ywkd2e4ko5x3/lib64/libstdc++.so.6(+0x99133)[0x2b7ef8c86133]
[eu-ms-001-44:20028] [ 4] /cluster/spack/apps/linux-centos7-x86_64/gcc-4.8.5/gcc-9.3.0-mjmsvu3362usxjr7tas4ywkd2e4ko5x3/lib64/libstdc++.so.6(+0x99133)[0x2b0fa91ab133]
[eu-ms-017-03:32712] [ 4] /cluster/spack/apps/linux-centos7-x86_64/gcc-4.8.5/gcc-9.3.0-mjmsvu3362usxjr7tas4ywkd2e4ko5x3/lib64/libstdc++.so.6(+0x99133)[0x2ab5dbdb7133]
[eu-ms-017-33:01566] [ 4] /cluster/spack/apps/linux-centos7-x86_64/gcc-4.8.5/gcc-9.3.0-mjmsvu3362usxjr7tas4ywkd2e4ko5x3/lib64/libstdc++.so.6(+0x99133)[0x2b1831019133]
[eu-ms-017-06:31836] [ 4] /usr/lib64/libpthread.so.0(+0xf630)[0x2b49fcc0d630]
[eu-ms-017-08:28824] [ 1] /usr/lib64/libc.so.6(gsignal+0x37)[0x2b49fce50387]
/cluster/spack/apps/linux-centos7-x86_64/gcc-4.8.5/gcc-9.3.0-mjmsvu3362usxjr7tas4ywkd2e4ko5x3/lib64/libstdc++.so.6(+0x99133)[0x2b00acef4133]
[eu-ms-017-28:27931] [ 4] /usr/lib64/libpthread.so.0(+0xf630)[0x2abd3cde7630]
[eu-ms-001-18:11989] [ 1] /usr/lib64/libpthread.so.0(+0xf630)[0x2b474a03e630]
[eu-ms-017-18:01138] [ 1] /usr/lib64/libc.so.6(gsignal+0x37)[0x2b474a281387]
[eu-ms-017-18:01138] /usr/lib64/libpthread.so.0(+0xf630)[0x2af9e48b8630]
[eu-ms-012-43:01049] [ 1] /usr/lib64/libc.so.6(gsignal+0x37)[0x2af9e4afb387]
[eu-ms-012-43:01049] /cluster/spack/apps/linux-centos7-x86_64/gcc-4.8.5/gcc-9.3.0-mjmsvu3362usxjr7tas4ywkd2e4ko5x3/lib64/libstdc++.so.6(+0x99133)[0x2ba0b4f9e133]
[eu-ms-002-37:08273] [ 4] [ 3] /cluster/spack/apps/linux-centos7-x86_64/gcc-4.8.5/gcc-9.3.0-mjmsvu3362usxjr7tas4ywkd2e4ko5x3/lib64/libstdc++.so.6(+0x99133)[0x2ab464971133]
[eu-ms-012-04:31303] /cluster/spack/apps/linux-centos7-x86_64/gcc-4.8.5/gcc-9.3.0-mjmsvu3362usxjr7tas4ywkd2e4ko5x3/lib64/libstdc++.so.6(+0xa4b56)[0x2b93e226db56]
[eu-ms-001-07:10462] [ 5] /cluster/spack/apps/linux-centos7-x86_64/gcc-4.8.5/gcc-9.3.0-mjmsvu3362usxjr7tas4ywkd2e4ko5x3/lib64/libstdc++.so.6(+0xa4b56)[0x2b92ab8eeb56]
[eu-ms-001-13:14691] [ 5] /cluster/spack/apps/linux-centos7-x86_64/gcc-4.8.5/gcc-9.3.0-mjmsvu3362usxjr7tas4ywkd2e4ko5x3/lib64/libstdc++.so.6(+0xa4b56)[0x2b66c3743b56]
[eu-ms-001-17:28490] [ 5] [eu-ms-001-37:15879] [ 3] /cluster/spack/apps/linux-centos7-x86_64/gcc-4.8.5/gcc-9.3.0-mjmsvu3362usxjr7tas4ywkd2e4ko5x3/lib64/libstdc++.so.6(+0x99133)[0x2aacf7d6a133]
[eu-ms-001-37:15879] [ 4] /cluster/spack/apps/linux-centos7-x86_64/gcc-4.8.5/gcc-9.3.0-mjmsvu3362usxjr7tas4ywkd2e4ko5x3/lib64/libstdc++.so.6(+0xa4b56)[0x2b7ef8c91b56]
[eu-ms-001-44:20028] [ 5] /cluster/spack/apps/linux-centos7-x86_64/gcc-4.8.5/gcc-9.3.0-mjmsvu3362usxjr7tas4ywkd2e4ko5x3/lib64/libstdc++.so.6(+0xa4b56)[0x2b0fa91b6b56]
[eu-ms-017-03:32712] [ 5] /cluster/spack/apps/linux-centos7-x86_64/gcc-4.8.5/gcc-9.3.0-mjmsvu3362usxjr7tas4ywkd2e4ko5x3/lib64/libstdc++.so.6(+0xa4b56)[0x2ab5dbdc2b56]
[eu-ms-017-33:01566] [ 5] /cluster/spack/apps/linux-centos7-x86_64/gcc-4.8.5/gcc-9.3.0-mjmsvu3362usxjr7tas4ywkd2e4ko5x3/lib64/libstdc++.so.6(+0xa4b56)[0x2b1831024b56]
[eu-ms-017-06:31836] [ 5] [eu-ms-017-08:28824] [ 2] /usr/lib64/libc.so.6(abort+0x148)[0x2b49fce51a78]
[eu-ms-017-08:28824] [ 3] /cluster/spack/apps/linux-centos7-x86_64/gcc-4.8.5/gcc-9.3.0-mjmsvu3362usxjr7tas4ywkd2e4ko5x3/lib64/libstdc++.so.6(+0xa4b56)[0x2b00aceffb56]
[eu-ms-017-28:27931] [ 5] /usr/lib64/libc.so.6(gsignal+0x37)[0x2abd3d02a387]
[eu-ms-001-18:11989] [ 2] /usr/lib64/libc.so.6(abort+0x148)[0x2abd3d02ba78]
[ 2] /usr/lib64/libc.so.6(abort+0x148)[0x2b474a282a78]
[eu-ms-017-18:01138] [ 3] [ 2] /usr/lib64/libc.so.6(abort+0x148)[0x2af9e4afca78]
/cluster/spack/apps/linux-centos7-x86_64/gcc-4.8.5/gcc-9.3.0-mjmsvu3362usxjr7tas4ywkd2e4ko5x3/lib64/libstdc++.so.6(+0xa4b56)[0x2ba0b4fa9b56]
[eu-ms-002-37:08273] [ 5] [ 4] /cluster/spack/apps/linux-centos7-x86_64/gcc-4.8.5/gcc-9.3.0-mjmsvu3362usxjr7tas4ywkd2e4ko5x3/lib64/libstdc++.so.6(+0xa4b56)[0x2ab46497cb56]
[eu-ms-012-04:31303] /cluster/spack/apps/linux-centos7-x86_64/gcc-4.8.5/gcc-9.3.0-mjmsvu3362usxjr7tas4ywkd2e4ko5x3/lib64/libstdc++.so.6(+0xa4bc1)[0x2b93e226dbc1]
[eu-ms-001-07:10462] [ 6] /cluster/spack/apps/linux-centos7-x86_64/gcc-4.8.5/gcc-9.3.0-mjmsvu3362usxjr7tas4ywkd2e4ko5x3/lib64/libstdc++.so.6(+0xa4bc1)[0x2b92ab8eebc1]
[eu-ms-001-13:14691] [ 6] /cluster/spack/apps/linux-centos7-x86_64/gcc-4.8.5/gcc-9.3.0-mjmsvu3362usxjr7tas4ywkd2e4ko5x3/lib64/libstdc++.so.6(+0xa4bc1)[0x2b66c3743bc1]
[eu-ms-001-17:28490] [ 6] /cluster/spack/apps/linux-centos7-x86_64/gcc-4.8.5/gcc-9.3.0-mjmsvu3362usxjr7tas4ywkd2e4ko5x3/lib64/libstdc++.so.6(+0xa4b56)[0x2aacf7d75b56]
[eu-ms-001-37:15879] [ 5] /cluster/spack/apps/linux-centos7-x86_64/gcc-4.8.5/gcc-9.3.0-mjmsvu3362usxjr7tas4ywkd2e4ko5x3/lib64/libstdc++.so.6(+0xa4bc1)[0x2b7ef8c91bc1]
[eu-ms-001-44:20028] [ 6] /cluster/spack/apps/linux-centos7-x86_64/gcc-4.8.5/gcc-9.3.0-mjmsvu3362usxjr7tas4ywkd2e4ko5x3/lib64/libstdc++.so.6(+0xa4bc1)[0x2b0fa91b6bc1]
[eu-ms-017-03:32712] [ 6] /cluster/spack/apps/linux-centos7-x86_64/gcc-4.8.5/gcc-9.3.0-mjmsvu3362usxjr7tas4ywkd2e4ko5x3/lib64/libstdc++.so.6(+0xa4bc1)[0x2ab5dbdc2bc1]
[eu-ms-017-33:01566] [ 6] /cluster/spack/apps/linux-centos7-x86_64/gcc-4.8.5/gcc-9.3.0-mjmsvu3362usxjr7tas4ywkd2e4ko5x3/lib64/libstdc++.so.6(+0xa4bc1)[0x2b1831024bc1]
[eu-ms-017-06:31836] [ 6] /cluster/spack/apps/linux-centos7-x86_64/gcc-4.8.5/gcc-9.3.0-mjmsvu3362usxjr7tas4ywkd2e4ko5x3/lib64/libstdc++.so.6(+0xa4e14)[0x2b1831024e14]
/cluster/spack/apps/linux-centos7-x86_64/gcc-4.8.5/gcc-9.3.0-mjmsvu3362usxjr7tas4ywkd2e4ko5x3/lib64/libstdc++.so.6(+0x99133)[0x2b49fc3a3133]
[eu-ms-017-08:28824] [ 4] /cluster/spack/apps/linux-centos7-x86_64/gcc-4.8.5/gcc-9.3.0-mjmsvu3362usxjr7tas4ywkd2e4ko5x3/lib64/libstdc++.so.6(+0xa4bc1)[0x2b00aceffbc1]
[eu-ms-017-28:27931] [ 6] [eu-ms-001-18:11989] [ 3] /cluster/spack/apps/linux-centos7-x86_64/gcc-4.8.5/gcc-9.3.0-mjmsvu3362usxjr7tas4ywkd2e4ko5x3/lib64/libstdc++.so.6(+0x99133)[0x2abd3c57d133]
[eu-ms-001-18:11989] [ 4] /cluster/spack/apps/linux-centos7-x86_64/gcc-4.8.5/gcc-9.3.0-mjmsvu3362usxjr7tas4ywkd2e4ko5x3/lib64/libstdc++.so.6(+0x99133)[0x2b47497d4133]
[eu-ms-017-18:01138] [ 4] [eu-ms-012-43:01049] [ 3] /cluster/spack/apps/linux-centos7-x86_64/gcc-4.8.5/gcc-9.3.0-mjmsvu3362usxjr7tas4ywkd2e4ko5x3/lib64/libstdc++.so.6(+0xa4bc1)[0x2ba0b4fa9bc1]
[eu-ms-002-37:08273] [ 6] [ 5] /cluster/spack/apps/linux-centos7-x86_64/gcc-4.8.5/gcc-9.3.0-mjmsvu3362usxjr7tas4ywkd2e4ko5x3/lib64/libstdc++.so.6(+0xa4bc1)[0x2ab46497cbc1]
[eu-ms-012-04:31303] /cluster/spack/apps/linux-centos7-x86_64/gcc-4.8.5/gcc-9.3.0-mjmsvu3362usxjr7tas4ywkd2e4ko5x3/lib64/libstdc++.so.6(+0xa4e14)[0x2b93e226de14]
[eu-ms-001-07:10462] [ 7] code/build_output/main[0x40ba49]
[eu-ms-001-07:10462] [ 8] code/build_output/main[0x41a198]
[eu-ms-001-07:10462] [ 9] code/build_output/main[0x40c3d9]
/cluster/spack/apps/linux-centos7-x86_64/gcc-4.8.5/gcc-9.3.0-mjmsvu3362usxjr7tas4ywkd2e4ko5x3/lib64/libstdc++.so.6(+0xa4e14)[0x2b92ab8eee14]
[eu-ms-001-13:14691] [ 7] code/build_output/main[0x40ba49]
[eu-ms-001-13:14691] [ 8] code/build_output/main[0x41a198]
[eu-ms-001-13:14691] [ 9] code/build_output/main[0x40c3d9]
[eu-ms-001-13:14691] [10] /cluster/spack/apps/linux-centos7-x86_64/gcc-4.8.5/gcc-9.3.0-mjmsvu3362usxjr7tas4ywkd2e4ko5x3/lib64/libstdc++.so.6(+0xa4e14)[0x2b66c3743e14]
[eu-ms-001-17:28490] [ 7] code/build_output/main[0x40ba49]
[eu-ms-001-17:28490] [ 8] code/build_output/main[0x41a198]
[eu-ms-001-17:28490] [ 9] /cluster/spack/apps/linux-centos7-x86_64/gcc-4.8.5/gcc-9.3.0-mjmsvu3362usxjr7tas4ywkd2e4ko5x3/lib64/libstdc++.so.6(+0xa4bc1)[0x2aacf7d75bc1]
[eu-ms-001-37:15879] [ 6] /cluster/spack/apps/linux-centos7-x86_64/gcc-4.8.5/gcc-9.3.0-mjmsvu3362usxjr7tas4ywkd2e4ko5x3/lib64/libstdc++.so.6(+0xa4e14)[0x2b7ef8c91e14]
[eu-ms-001-44:20028] [ 7] code/build_output/main[0x40ba49]
[eu-ms-001-44:20028] [ 8] code/build_output/main[0x41a198]
[eu-ms-001-44:20028] [ 9] code/build_output/main[0x40c3d9]
/cluster/spack/apps/linux-centos7-x86_64/gcc-4.8.5/gcc-9.3.0-mjmsvu3362usxjr7tas4ywkd2e4ko5x3/lib64/libstdc++.so.6(+0xa4e14)[0x2b0fa91b6e14]
[eu-ms-017-03:32712] [ 7] code/build_output/main[0x40ba49]
[eu-ms-017-03:32712] [ 8] code/build_output/main[0x41a198]
[eu-ms-017-03:32712] [ 9] code/build_output/main[0x40c3d9]
[eu-ms-017-03:32712] [10] /cluster/spack/apps/linux-centos7-x86_64/gcc-4.8.5/gcc-9.3.0-mjmsvu3362usxjr7tas4ywkd2e4ko5x3/lib64/libstdc++.so.6(+0xa4e14)[0x2ab5dbdc2e14]
[eu-ms-017-33:01566] [ 7] code/build_output/main[0x40ba49]
[eu-ms-017-33:01566] [ 8] code/build_output/main[0x41a198]
[eu-ms-017-33:01566] [ 9] code/build_output/main[0x40c3d9]
[eu-ms-017-33:01566] [eu-ms-017-06:31836] [ 7] code/build_output/main[0x40ba49]
[eu-ms-017-06:31836] [ 8] code/build_output/main[0x41a198]
[eu-ms-017-06:31836] [ 9] code/build_output/main[0x40c3d9]
[eu-ms-017-06:31836] [10] /cluster/spack/apps/linux-centos7-x86_64/gcc-4.8.5/gcc-9.3.0-mjmsvu3362usxjr7tas4ywkd2e4ko5x3/lib64/libstdc++.so.6(+0xa4b56)[0x2b49fc3aeb56]
[eu-ms-017-08:28824] [ 5] /cluster/spack/apps/linux-centos7-x86_64/gcc-4.8.5/gcc-9.3.0-mjmsvu3362usxjr7tas4ywkd2e4ko5x3/lib64/libstdc++.so.6(+0xa4e14)[0x2b00aceffe14]
[eu-ms-017-28:27931] [ 7] code/build_output/main[0x40ba49]
[eu-ms-017-28:27931] [ 8] code/build_output/main[0x41a198]
[eu-ms-017-28:27931] /cluster/spack/apps/linux-centos7-x86_64/gcc-4.8.5/gcc-9.3.0-mjmsvu3362usxjr7tas4ywkd2e4ko5x3/lib64/libstdc++.so.6(+0xa4b56)[0x2abd3c588b56]
[eu-ms-001-18:11989] [ 5] /cluster/spack/apps/linux-centos7-x86_64/gcc-4.8.5/gcc-9.3.0-mjmsvu3362usxjr7tas4ywkd2e4ko5x3/lib64/libstdc++.so.6(+0xa4b56)[0x2b47497dfb56]
[eu-ms-017-18:01138] [ 5] /cluster/spack/apps/linux-centos7-x86_64/gcc-4.8.5/gcc-9.3.0-mjmsvu3362usxjr7tas4ywkd2e4ko5x3/lib64/libstdc++.so.6(+0x99133)[0x2af9e404e133]
[eu-ms-012-43:01049] [ 4] /cluster/spack/apps/linux-centos7-x86_64/gcc-4.8.5/gcc-9.3.0-mjmsvu3362usxjr7tas4ywkd2e4ko5x3/lib64/libstdc++.so.6(+0xa4b56)[0x2af9e4059b56]
[eu-ms-012-43:01049] [ 5] /cluster/spack/apps/linux-centos7-x86_64/gcc-4.8.5/gcc-9.3.0-mjmsvu3362usxjr7tas4ywkd2e4ko5x3/lib64/libstdc++.so.6(+0xa4e14)[0x2ba0b4fa9e14]
[eu-ms-002-37:08273] [ 7] code/build_output/main[0x40ba49]
[eu-ms-002-37:08273] [ 8] code/build_output/main[0x41a198]
[eu-ms-002-37:08273] [ 9] code/build_output/main[0x40c3d9]
[eu-ms-002-37:08273] [ 6] /cluster/spack/apps/linux-centos7-x86_64/gcc-4.8.5/gcc-9.3.0-mjmsvu3362usxjr7tas4ywkd2e4ko5x3/lib64/libstdc++.so.6(+0xa4e14)[0x2ab46497ce14]
[eu-ms-012-04:31303] [ 7] [eu-ms-001-07:10462] [10] /usr/lib64/libc.so.6(__libc_start_main+0xf5)[0x2b93e2cfb555]
[eu-ms-001-07:10462] [11] terminate called after throwing an instance of 'std::runtime_error'
/usr/lib64/libc.so.6(__libc_start_main+0xf5)[0x2b92ac37c555]
[eu-ms-001-13:14691] [11] code/build_output/main[0x40db3f]
[eu-ms-001-13:14691] *** End of error message ***
code/build_output/main[0x40c3d9]
[eu-ms-001-17:28490] [10] /usr/lib64/libc.so.6(__libc_start_main+0xf5)[0x2b66c41d1555]
[eu-ms-001-17:28490] [11] /cluster/spack/apps/linux-centos7-x86_64/gcc-4.8.5/gcc-9.3.0-mjmsvu3362usxjr7tas4ywkd2e4ko5x3/lib64/libstdc++.so.6(+0xa4e14)[0x2aacf7d75e14]
[eu-ms-001-37:15879] [ 7] code/build_output/main[0x40ba49]
[eu-ms-001-37:15879] [ 8] code/build_output/main[0x41a198]
[eu-ms-001-37:15879] [ 9] code/build_output/main[0x40c3d9]
[eu-ms-001-37:15879] [eu-ms-001-44:20028] [10] /usr/lib64/libc.so.6(__libc_start_main+0xf5)[0x2b7ef971f555]
[eu-ms-001-44:20028] [11] terminate called after throwing an instance of 'std::runtime_error'
/usr/lib64/libc.so.6(__libc_start_main+0xf5)[0x2b0fa9c44555]
[eu-ms-017-03:32712] [11] code/build_output/main[0x40db3f]
[eu-ms-017-03:32712] *** End of error message ***
[10] /usr/lib64/libc.so.6(__libc_start_main+0xf5)[0x2ab5dc850555]
[eu-ms-017-33:01566] [11] /usr/lib64/libc.so.6(__libc_start_main+0xf5)[0x2b1831ab2555]
[eu-ms-017-06:31836] [11] code/build_output/main[0x40db3f]
[eu-ms-017-06:31836] *** End of error message ***
/cluster/spack/apps/linux-centos7-x86_64/gcc-4.8.5/gcc-9.3.0-mjmsvu3362usxjr7tas4ywkd2e4ko5x3/lib64/libstdc++.so.6(+0xa4bc1)[0x2b49fc3aebc1]
[eu-ms-017-08:28824] [ 6] terminate called after throwing an instance of 'std::runtime_error'
[ 9] code/build_output/main[0x40c3d9]
[eu-ms-017-28:27931] [10] /cluster/spack/apps/linux-centos7-x86_64/gcc-4.8.5/gcc-9.3.0-mjmsvu3362usxjr7tas4ywkd2e4ko5x3/lib64/libstdc++.so.6(+0xa4bc1)[0x2abd3c588bc1]
[eu-ms-001-18:11989] [ 6] terminate called after throwing an instance of 'std::runtime_error'
terminate called after throwing an instance of 'std::runtime_error'
/cluster/spack/apps/linux-centos7-x86_64/gcc-4.8.5/gcc-9.3.0-mjmsvu3362usxjr7tas4ywkd2e4ko5x3/lib64/libstdc++.so.6(+0xa4bc1)[0x2b47497dfbc1]
[eu-ms-017-18:01138] [ 6] /cluster/spack/apps/linux-centos7-x86_64/gcc-4.8.5/gcc-9.3.0-mjmsvu3362usxjr7tas4ywkd2e4ko5x3/lib64/libstdc++.so.6(+0xa4e14)[0x2b47497dfe14]
[eu-ms-017-18:01138] [ 7] /cluster/spack/apps/linux-centos7-x86_64/gcc-4.8.5/gcc-9.3.0-mjmsvu3362usxjr7tas4ywkd2e4ko5x3/lib64/libstdc++.so.6(+0xa4bc1)[0x2af9e4059bc1]
[eu-ms-012-43:01049] [ 6] [10] /usr/lib64/libc.so.6(__libc_start_main+0xf5)[0x2ba0b5a37555]
[eu-ms-002-37:08273] [11] code/build_output/main[0x40ba49]
[eu-ms-012-04:31303] [ 8] code/build_output/main[0x41a198]
[eu-ms-012-04:31303] [ 9] code/build_output/main[0x40c3d9]
[eu-ms-012-04:31303] [10] code/build_output/main[0x40db3f]
[eu-ms-001-07:10462] *** End of error message ***
  what():  Starting Rabenseifner-Gather with non-power-of-2 processes, numprocs=40
[eu-ms-001-25:01578] *** Process received signal ***
[eu-ms-001-25:01578] Signal: Aborted (6)
[eu-ms-001-25:01578] Signal code:  (-6)
code/build_output/main[0x40db3f]
[eu-ms-001-17:28490] *** End of error message ***
[10] /usr/lib64/libc.so.6(__libc_start_main+0xf5)[0x2aacf8803555]
[eu-ms-001-37:15879] [11] code/build_output/main[0x40db3f]
code/build_output/main[0x40db3f]
[eu-ms-001-44:20028] *** End of error message ***
  what():  Starting Rabenseifner-Gather with non-power-of-2 processes, numprocs=40
[eu-ms-001-41:14848] *** Process received signal ***
[eu-ms-001-41:14848] Signal: Aborted (6)
[eu-ms-001-41:14848] Signal code:  (-6)
code/build_output/main[0x40db3f]
[eu-ms-017-33:01566] *** End of error message ***
/cluster/spack/apps/linux-centos7-x86_64/gcc-4.8.5/gcc-9.3.0-mjmsvu3362usxjr7tas4ywkd2e4ko5x3/lib64/libstdc++.so.6(+0xa4e14)[0x2b49fc3aee14]
[eu-ms-017-08:28824] [ 7] code/build_output/main[0x40ba49]
[eu-ms-017-08:28824] [ 8] code/build_output/main[0x41a198]
[eu-ms-017-08:28824] [ 9] code/build_output/main[0x40c3d9]
[eu-ms-017-08:28824] [10]   what():  Starting Rabenseifner-Gather with non-power-of-2 processes, numprocs=40
[eu-ms-001-35:08629] *** Process received signal ***
[eu-ms-001-35:08629] Signal: Aborted (6)
[eu-ms-001-35:08629] Signal code:  (-6)
/usr/lib64/libc.so.6(__libc_start_main+0xf5)[0x2b00ad98d555]
[eu-ms-017-28:27931] [11] code/build_output/main[0x40db3f]
[eu-ms-017-28:27931] *** End of error message ***
/cluster/spack/apps/linux-centos7-x86_64/gcc-4.8.5/gcc-9.3.0-mjmsvu3362usxjr7tas4ywkd2e4ko5x3/lib64/libstdc++.so.6(+0xa4e14)[0x2abd3c588e14]
[eu-ms-001-18:11989] [ 7] code/build_output/main[0x40ba49]
[eu-ms-001-18:11989] [ 8] code/build_output/main[0x41a198]
[eu-ms-001-18:11989] [ 9] code/build_output/main[0x40c3d9]
  what():  Starting Rabenseifner-Gather with non-power-of-2 processes, numprocs=40
[eu-ms-012-09:17675] *** Process received signal ***
[eu-ms-012-09:17675] Signal: Aborted (6)
[eu-ms-012-09:17675] Signal code:  (-6)
  what():  Starting Rabenseifner-Gather with non-power-of-2 processes, numprocs=40
[eu-ms-017-38:19827] *** Process received signal ***
[eu-ms-017-38:19827] Signal: Aborted (6)
[eu-ms-017-38:19827] Signal code:  (-6)
code/build_output/main[0x40ba49]
[eu-ms-017-18:01138] [ 8] code/build_output/main[0x41a198]
[eu-ms-017-18:01138] [ 9] code/build_output/main[0x40c3d9]
[eu-ms-017-18:01138] [10] /cluster/spack/apps/linux-centos7-x86_64/gcc-4.8.5/gcc-9.3.0-mjmsvu3362usxjr7tas4ywkd2e4ko5x3/lib64/libstdc++.so.6(+0xa4e14)[0x2af9e4059e14]
[eu-ms-012-43:01049] [ 7] code/build_output/main[0x40ba49]
[eu-ms-012-43:01049] [ 8] code/build_output/main[0x40db3f]
[eu-ms-002-37:08273] *** End of error message ***
/usr/lib64/libc.so.6(__libc_start_main+0xf5)[0x2ab46540a555]
[eu-ms-012-04:31303] [11] code/build_output/main[0x40db3f]
[eu-ms-001-25:01578] [ 0] [eu-ms-001-37:15879] *** End of error message ***
[eu-ms-001-41:14848] [ 0] /usr/lib64/libc.so.6(__libc_start_main+0xf5)[0x2b49fce3c555]
[eu-ms-017-08:28824] [11] code/build_output/main[0x40db3f]
[eu-ms-017-08:28824] *** End of error message ***
[eu-ms-001-35:08629] [ 0] [eu-ms-001-18:11989] [10] /usr/lib64/libc.so.6(__libc_start_main+0xf5)[0x2abd3d016555]
[eu-ms-001-18:11989] [11] [eu-ms-012-09:17675] [ 0] [eu-ms-017-38:19827] [ 0] /usr/lib64/libc.so.6(__libc_start_main+0xf5)[0x2b474a26d555]
[eu-ms-017-18:01138] [11] code/build_output/main[0x40db3f]
[eu-ms-017-18:01138] *** End of error message ***
code/build_output/main[0x41a198]
[eu-ms-012-43:01049] [ 9] code/build_output/main[0x40c3d9]
[eu-ms-012-43:01049] [10] [eu-ms-012-04:31303] *** End of error message ***
/usr/lib64/libpthread.so.0(+0xf630)[0x2b92cbf0a630]
[eu-ms-001-25:01578] [ 1] /usr/lib64/libpthread.so.0(+0xf630)[0x2b5bda25d630]
[eu-ms-001-41:14848] [ 1] /usr/lib64/libc.so.6(gsignal+0x37)[0x2b5bda4a0387]
/usr/lib64/libpthread.so.0(+0xf630)[0x2b05ae9b8630]
[eu-ms-001-35:08629] [ 1] code/build_output/main[0x40db3f]
[eu-ms-001-18:11989] *** End of error message ***
/usr/lib64/libpthread.so.0(+0xf630)[0x2ba0abb19630]
[eu-ms-012-09:17675] [ 1] /usr/lib64/libc.so.6(gsignal+0x37)[0x2ba0abd5c387]
[eu-ms-012-09:17675] [ 2] /usr/lib64/libpthread.so.0(+0xf630)[0x2ae2d24ca630]
[eu-ms-017-38:19827] [ 1] /usr/lib64/libc.so.6(gsignal+0x37)[0x2ae2d270d387]
/usr/lib64/libc.so.6(__libc_start_main+0xf5)[0x2af9e4ae7555]
[eu-ms-012-43:01049] [11] code/build_output/main[0x40db3f]
[eu-ms-012-43:01049] *** End of error message ***
/usr/lib64/libc.so.6(gsignal+0x37)[0x2b92cc14d387]
[eu-ms-001-25:01578] [ 2] /usr/lib64/libc.so.6(abort+0x148)[0x2b92cc14ea78]
[eu-ms-001-25:01578] [eu-ms-001-41:14848] [ 2] /usr/lib64/libc.so.6(abort+0x148)[0x2b5bda4a1a78]
[eu-ms-001-41:14848] [ 3] /usr/lib64/libc.so.6(gsignal+0x37)[0x2b05aebfb387]
[eu-ms-001-35:08629] [ 2] /usr/lib64/libc.so.6(abort+0x148)[0x2b05aebfca78]
[eu-ms-001-35:08629] [ 3] /usr/lib64/libc.so.6(abort+0x148)[0x2ba0abd5da78]
[eu-ms-012-09:17675] [ 3] [eu-ms-017-38:19827] [ 2] /usr/lib64/libc.so.6(abort+0x148)[0x2ae2d270ea78]
[eu-ms-017-38:19827] [ 3] [ 3] /cluster/spack/apps/linux-centos7-x86_64/gcc-4.8.5/gcc-9.3.0-mjmsvu3362usxjr7tas4ywkd2e4ko5x3/lib64/libstdc++.so.6(+0x99133)[0x2b92cb6a0133]
[eu-ms-001-25:01578] [ 4] /cluster/spack/apps/linux-centos7-x86_64/gcc-4.8.5/gcc-9.3.0-mjmsvu3362usxjr7tas4ywkd2e4ko5x3/lib64/libstdc++.so.6(+0x99133)[0x2b5bd99f3133]
[eu-ms-001-41:14848] [ 4] /cluster/spack/apps/linux-centos7-x86_64/gcc-4.8.5/gcc-9.3.0-mjmsvu3362usxjr7tas4ywkd2e4ko5x3/lib64/libstdc++.so.6(+0xa4b56)[0x2b5bd99feb56]
[eu-ms-001-41:14848] /cluster/spack/apps/linux-centos7-x86_64/gcc-4.8.5/gcc-9.3.0-mjmsvu3362usxjr7tas4ywkd2e4ko5x3/lib64/libstdc++.so.6(+0x99133)[0x2b05ae14e133]
[eu-ms-001-35:08629] [ 4] /cluster/spack/apps/linux-centos7-x86_64/gcc-4.8.5/gcc-9.3.0-mjmsvu3362usxjr7tas4ywkd2e4ko5x3/lib64/libstdc++.so.6(+0x99133)[0x2ba0ab2af133]
[eu-ms-012-09:17675] [ 4] /cluster/spack/apps/linux-centos7-x86_64/gcc-4.8.5/gcc-9.3.0-mjmsvu3362usxjr7tas4ywkd2e4ko5x3/lib64/libstdc++.so.6(+0x99133)[0x2ae2d1c60133]
[eu-ms-017-38:19827] [ 4] /cluster/spack/apps/linux-centos7-x86_64/gcc-4.8.5/gcc-9.3.0-mjmsvu3362usxjr7tas4ywkd2e4ko5x3/lib64/libstdc++.so.6(+0xa4b56)[0x2b92cb6abb56]
[eu-ms-001-25:01578] [ 5] [ 5] /cluster/spack/apps/linux-centos7-x86_64/gcc-4.8.5/gcc-9.3.0-mjmsvu3362usxjr7tas4ywkd2e4ko5x3/lib64/libstdc++.so.6(+0xa4bc1)[0x2b5bd99febc1]
[eu-ms-001-41:14848] [ 6] /cluster/spack/apps/linux-centos7-x86_64/gcc-4.8.5/gcc-9.3.0-mjmsvu3362usxjr7tas4ywkd2e4ko5x3/lib64/libstdc++.so.6(+0xa4b56)[0x2b05ae159b56]
[eu-ms-001-35:08629] [ 5] /cluster/spack/apps/linux-centos7-x86_64/gcc-4.8.5/gcc-9.3.0-mjmsvu3362usxjr7tas4ywkd2e4ko5x3/lib64/libstdc++.so.6(+0xa4b56)[0x2ba0ab2bab56]
[eu-ms-012-09:17675] [ 5] /cluster/spack/apps/linux-centos7-x86_64/gcc-4.8.5/gcc-9.3.0-mjmsvu3362usxjr7tas4ywkd2e4ko5x3/lib64/libstdc++.so.6(+0xa4b56)[0x2ae2d1c6bb56]
[eu-ms-017-38:19827] [ 5] /cluster/spack/apps/linux-centos7-x86_64/gcc-4.8.5/gcc-9.3.0-mjmsvu3362usxjr7tas4ywkd2e4ko5x3/lib64/libstdc++.so.6(+0xa4bc1)[0x2b92cb6abbc1]
[eu-ms-001-25:01578] [ 6] /cluster/spack/apps/linux-centos7-x86_64/gcc-4.8.5/gcc-9.3.0-mjmsvu3362usxjr7tas4ywkd2e4ko5x3/lib64/libstdc++.so.6(+0xa4e14)[0x2b5bd99fee14]
[eu-ms-001-41:14848] [ 7] code/build_output/main[0x40ba49]
[eu-ms-001-41:14848] [ 8] code/build_output/main[0x41a198]
[eu-ms-001-41:14848] [ 9] code/build_output/main[0x40c3d9]
[eu-ms-001-41:14848] [10] /cluster/spack/apps/linux-centos7-x86_64/gcc-4.8.5/gcc-9.3.0-mjmsvu3362usxjr7tas4ywkd2e4ko5x3/lib64/libstdc++.so.6(+0xa4bc1)[0x2b05ae159bc1]
[eu-ms-001-35:08629] [ 6] /cluster/spack/apps/linux-centos7-x86_64/gcc-4.8.5/gcc-9.3.0-mjmsvu3362usxjr7tas4ywkd2e4ko5x3/lib64/libstdc++.so.6(+0xa4bc1)[0x2ba0ab2babc1]
[eu-ms-012-09:17675] [ 6] /cluster/spack/apps/linux-centos7-x86_64/gcc-4.8.5/gcc-9.3.0-mjmsvu3362usxjr7tas4ywkd2e4ko5x3/lib64/libstdc++.so.6(+0xa4e14)[0x2ba0ab2bae14]
[eu-ms-012-09:17675] [ 7] /cluster/spack/apps/linux-centos7-x86_64/gcc-4.8.5/gcc-9.3.0-mjmsvu3362usxjr7tas4ywkd2e4ko5x3/lib64/libstdc++.so.6(+0xa4bc1)[0x2ae2d1c6bbc1]
[eu-ms-017-38:19827] [ 6] /cluster/spack/apps/linux-centos7-x86_64/gcc-4.8.5/gcc-9.3.0-mjmsvu3362usxjr7tas4ywkd2e4ko5x3/lib64/libstdc++.so.6(+0xa4e14)[0x2b92cb6abe14]
[eu-ms-001-25:01578] [ 7] code/build_output/main[0x40ba49]
[eu-ms-001-25:01578] [ 8] code/build_output/main[0x41a198]
[eu-ms-001-25:01578] [ 9] code/build_output/main[0x40c3d9]
/usr/lib64/libc.so.6(__libc_start_main+0xf5)[0x2b5bda48c555]
[eu-ms-001-41:14848] [11] code/build_output/main[0x40db3f]
[eu-ms-001-41:14848] *** End of error message ***
/cluster/spack/apps/linux-centos7-x86_64/gcc-4.8.5/gcc-9.3.0-mjmsvu3362usxjr7tas4ywkd2e4ko5x3/lib64/libstdc++.so.6(+0xa4e14)[0x2b05ae159e14]
[eu-ms-001-35:08629] [ 7] code/build_output/main[0x40ba49]
[eu-ms-001-35:08629] [ 8] code/build_output/main[0x41a198]
[eu-ms-001-35:08629] [ 9] code/build_output/main[0x40c3d9]
[eu-ms-001-35:08629] [10] code/build_output/main[0x40ba49]
[eu-ms-012-09:17675] [ 8] code/build_output/main[0x41a198]
[eu-ms-012-09:17675] [ 9] code/build_output/main[0x40c3d9]
[eu-ms-012-09:17675] [10] /cluster/spack/apps/linux-centos7-x86_64/gcc-4.8.5/gcc-9.3.0-mjmsvu3362usxjr7tas4ywkd2e4ko5x3/lib64/libstdc++.so.6(+0xa4e14)[0x2ae2d1c6be14]
[eu-ms-017-38:19827] [ 7] code/build_output/main[0x40ba49]
[eu-ms-017-38:19827] [ 8] code/build_output/main[0x41a198]
[eu-ms-017-38:19827] [ 9] code/build_output/main[0x40c3d9]
[eu-ms-017-38:19827] [10] [eu-ms-001-25:01578] [10] /usr/lib64/libc.so.6(__libc_start_main+0xf5)[0x2b92cc139555]
[eu-ms-001-25:01578] [11] /usr/lib64/libc.so.6(__libc_start_main+0xf5)[0x2b05aebe7555]
[eu-ms-001-35:08629] [11] code/build_output/main[0x40db3f]
[eu-ms-001-35:08629] *** End of error message ***
/usr/lib64/libc.so.6(__libc_start_main+0xf5)[0x2ba0abd48555]
[eu-ms-012-09:17675] [11] code/build_output/main[0x40db3f]
[eu-ms-012-09:17675] *** End of error message ***
/usr/lib64/libc.so.6(__libc_start_main+0xf5)[0x2ae2d26f9555]
[eu-ms-017-38:19827] [11] code/build_output/main[0x40db3f]
[eu-ms-017-38:19827] *** End of error message ***
code/build_output/main[0x40db3f]
[eu-ms-001-25:01578] *** End of error message ***
terminate called after throwing an instance of 'std::runtime_error'
  what():  Starting Rabenseifner-Gather with non-power-of-2 processes, numprocs=40
[eu-ms-017-25:23696] *** Process received signal ***
[eu-ms-017-25:23696] Signal: Aborted (6)
[eu-ms-017-25:23696] Signal code:  (-6)
[eu-ms-017-25:23696] [ 0] /usr/lib64/libpthread.so.0(+0xf630)[0x2adbd4a11630]
[eu-ms-017-25:23696] [ 1] /usr/lib64/libc.so.6(gsignal+0x37)[0x2adbd4c54387]
[eu-ms-017-25:23696] [ 2] /usr/lib64/libc.so.6(abort+0x148)[0x2adbd4c55a78]
[eu-ms-017-25:23696] [ 3] /cluster/spack/apps/linux-centos7-x86_64/gcc-4.8.5/gcc-9.3.0-mjmsvu3362usxjr7tas4ywkd2e4ko5x3/lib64/libstdc++.so.6(+0x99133)[0x2adbd41a7133]
[eu-ms-017-25:23696] [ 4] /cluster/spack/apps/linux-centos7-x86_64/gcc-4.8.5/gcc-9.3.0-mjmsvu3362usxjr7tas4ywkd2e4ko5x3/lib64/libstdc++.so.6(+0xa4b56)[0x2adbd41b2b56]
[eu-ms-017-25:23696] [ 5] /cluster/spack/apps/linux-centos7-x86_64/gcc-4.8.5/gcc-9.3.0-mjmsvu3362usxjr7tas4ywkd2e4ko5x3/lib64/libstdc++.so.6(+0xa4bc1)[0x2adbd41b2bc1]
[eu-ms-017-25:23696] [ 6] /cluster/spack/apps/linux-centos7-x86_64/gcc-4.8.5/gcc-9.3.0-mjmsvu3362usxjr7tas4ywkd2e4ko5x3/lib64/libstdc++.so.6(+0xa4e14)[0x2adbd41b2e14]
[eu-ms-017-25:23696] [ 7] code/build_output/main[0x40ba49]
[eu-ms-017-25:23696] [ 8] code/build_output/main[0x41a198]
[eu-ms-017-25:23696] [ 9] code/build_output/main[0x40c3d9]
[eu-ms-017-25:23696] [10] /usr/lib64/libc.so.6(__libc_start_main+0xf5)[0x2adbd4c40555]
[eu-ms-017-25:23696] [11] code/build_output/main[0x40db3f]
[eu-ms-017-25:23696] *** End of error message ***
terminate called after throwing an instance of 'std::runtime_error'
terminate called after throwing an instance of 'std::runtime_error'
  what():  Starting Rabenseifner-Gather with non-power-of-2 processes, numprocs=40
  what():  Starting Rabenseifner-Gather with non-power-of-2 processes, numprocs=40
[eu-ms-001-14:07142] *** Process received signal ***
[eu-ms-001-14:07142] Signal: Aborted (6)
[eu-ms-001-14:07142] Signal code:  (-6)
[eu-ms-001-27:04935] *** Process received signal ***
[eu-ms-001-27:04935] Signal: Aborted (6)
[eu-ms-001-27:04935] Signal code:  (-6)
terminate called after throwing an instance of 'std::runtime_error'
  what():  Starting Rabenseifner-Gather with non-power-of-2 processes, numprocs=40
[eu-ms-017-40:06346] *** Process received signal ***
[eu-ms-017-40:06346] Signal: Aborted (6)
[eu-ms-017-40:06346] Signal code:  (-6)
terminate called after throwing an instance of 'std::runtime_error'
[eu-ms-001-14:07142] [ 0]   what():  Starting Rabenseifner-Gather with non-power-of-2 processes, numprocs=40
[eu-ms-012-08:20525] *** Process received signal ***
[eu-ms-012-08:20525] Signal: Aborted (6)
[eu-ms-012-08:20525] Signal code:  (-6)
[eu-ms-001-27:04935] [ 0] /usr/lib64/libpthread.so.0(+0xf630)[0x2b1d8b879630]
[eu-ms-001-27:04935] [ 1] /usr/lib64/libc.so.6(gsignal+0x37)[0x2b1d8babc387]
[eu-ms-001-27:04935] [ 2] /usr/lib64/libc.so.6(abort+0x148)[0x2b1d8babda78]
/usr/lib64/libpthread.so.0(+0xf630)[0x2b1ec7433630]
[eu-ms-001-14:07142] [ 1] /usr/lib64/libc.so.6(gsignal+0x37)[0x2b1ec7676387]
[eu-ms-001-14:07142] [ 2] [eu-ms-017-40:06346] [ 0] [eu-ms-001-27:04935] [ 3] /cluster/spack/apps/linux-centos7-x86_64/gcc-4.8.5/gcc-9.3.0-mjmsvu3362usxjr7tas4ywkd2e4ko5x3/lib64/libstdc++.so.6(+0x99133)[0x2b1d8b00f133]
[eu-ms-001-27:04935] [ 4] /cluster/spack/apps/linux-centos7-x86_64/gcc-4.8.5/gcc-9.3.0-mjmsvu3362usxjr7tas4ywkd2e4ko5x3/lib64/libstdc++.so.6(+0xa4b56)[0x2b1d8b01ab56]
[eu-ms-001-27:04935] [ 5] /usr/lib64/libc.so.6(abort+0x148)[0x2b1ec7677a78]
[eu-ms-001-14:07142] [ 3] /usr/lib64/libpthread.so.0(+0xf630)[0x2b91144ff630]
[eu-ms-017-40:06346] [ 1] [eu-ms-012-08:20525] [ 0] /cluster/spack/apps/linux-centos7-x86_64/gcc-4.8.5/gcc-9.3.0-mjmsvu3362usxjr7tas4ywkd2e4ko5x3/lib64/libstdc++.so.6(+0xa4bc1)[0x2b1d8b01abc1]
[eu-ms-001-27:04935] [ 6] /cluster/spack/apps/linux-centos7-x86_64/gcc-4.8.5/gcc-9.3.0-mjmsvu3362usxjr7tas4ywkd2e4ko5x3/lib64/libstdc++.so.6(+0xa4e14)[0x2b1d8b01ae14]
[eu-ms-001-27:04935] [ 7] code/build_output/main[0x40ba49]
[eu-ms-001-27:04935] [ 8] code/build_output/main[0x41a198]
[eu-ms-001-27:04935] /cluster/spack/apps/linux-centos7-x86_64/gcc-4.8.5/gcc-9.3.0-mjmsvu3362usxjr7tas4ywkd2e4ko5x3/lib64/libstdc++.so.6(+0x99133)[0x2b1ec6bc9133]
[eu-ms-001-14:07142] [ 4] /usr/lib64/libc.so.6(gsignal+0x37)[0x2b9114742387]
[eu-ms-017-40:06346] [ 2] /usr/lib64/libc.so.6(abort+0x148)[0x2b9114743a78]
[eu-ms-017-40:06346] [ 3] /usr/lib64/libpthread.so.0(+0xf630)[0x2b8d87fe6630]
[eu-ms-012-08:20525] [ 1] [ 9] code/build_output/main[0x40c3d9]
[eu-ms-001-27:04935] [10] /usr/lib64/libc.so.6(__libc_start_main+0xf5)[0x2b1d8baa8555]
[eu-ms-001-27:04935] [11] code/build_output/main[0x40db3f]
[eu-ms-001-27:04935] *** End of error message ***
/cluster/spack/apps/linux-centos7-x86_64/gcc-4.8.5/gcc-9.3.0-mjmsvu3362usxjr7tas4ywkd2e4ko5x3/lib64/libstdc++.so.6(+0xa4b56)[0x2b1ec6bd4b56]
[eu-ms-001-14:07142] [ 5] /cluster/spack/apps/linux-centos7-x86_64/gcc-4.8.5/gcc-9.3.0-mjmsvu3362usxjr7tas4ywkd2e4ko5x3/lib64/libstdc++.so.6(+0x99133)[0x2b9113c95133]
[eu-ms-017-40:06346] [ 4] /usr/lib64/libc.so.6(gsignal+0x37)[0x2b8d88229387]
[eu-ms-012-08:20525] [ 2] /usr/lib64/libc.so.6(abort+0x148)[0x2b8d8822aa78]
[eu-ms-012-08:20525] [ 3] /cluster/spack/apps/linux-centos7-x86_64/gcc-4.8.5/gcc-9.3.0-mjmsvu3362usxjr7tas4ywkd2e4ko5x3/lib64/libstdc++.so.6(+0xa4bc1)[0x2b1ec6bd4bc1]
[eu-ms-001-14:07142] [ 6] /cluster/spack/apps/linux-centos7-x86_64/gcc-4.8.5/gcc-9.3.0-mjmsvu3362usxjr7tas4ywkd2e4ko5x3/lib64/libstdc++.so.6(+0xa4b56)[0x2b9113ca0b56]
[eu-ms-017-40:06346] [ 5] /cluster/spack/apps/linux-centos7-x86_64/gcc-4.8.5/gcc-9.3.0-mjmsvu3362usxjr7tas4ywkd2e4ko5x3/lib64/libstdc++.so.6(+0x99133)[0x2b8d8777c133]
[eu-ms-012-08:20525] [ 4] /cluster/spack/apps/linux-centos7-x86_64/gcc-4.8.5/gcc-9.3.0-mjmsvu3362usxjr7tas4ywkd2e4ko5x3/lib64/libstdc++.so.6(+0xa4e14)[0x2b1ec6bd4e14]
[eu-ms-001-14:07142] [ 7] code/build_output/main[0x40ba49]
[eu-ms-001-14:07142] [ 8] /cluster/spack/apps/linux-centos7-x86_64/gcc-4.8.5/gcc-9.3.0-mjmsvu3362usxjr7tas4ywkd2e4ko5x3/lib64/libstdc++.so.6(+0xa4bc1)[0x2b9113ca0bc1]
[eu-ms-017-40:06346] [ 6] /cluster/spack/apps/linux-centos7-x86_64/gcc-4.8.5/gcc-9.3.0-mjmsvu3362usxjr7tas4ywkd2e4ko5x3/lib64/libstdc++.so.6(+0xa4b56)[0x2b8d87787b56]
[eu-ms-012-08:20525] [ 5] code/build_output/main[0x41a198]
[eu-ms-001-14:07142] [ 9] code/build_output/main[0x40c3d9]
[eu-ms-001-14:07142] [10] /cluster/spack/apps/linux-centos7-x86_64/gcc-4.8.5/gcc-9.3.0-mjmsvu3362usxjr7tas4ywkd2e4ko5x3/lib64/libstdc++.so.6(+0xa4e14)[0x2b9113ca0e14]
[eu-ms-017-40:06346] [ 7] code/build_output/main[0x40ba49]
[eu-ms-017-40:06346] [ 8] code/build_output/main[0x41a198]
[eu-ms-017-40:06346] [ 9] code/build_output/main[0x40c3d9]
[eu-ms-017-40:06346] [10] /cluster/spack/apps/linux-centos7-x86_64/gcc-4.8.5/gcc-9.3.0-mjmsvu3362usxjr7tas4ywkd2e4ko5x3/lib64/libstdc++.so.6(+0xa4bc1)[0x2b8d87787bc1]
[eu-ms-012-08:20525] [ 6] /usr/lib64/libc.so.6(__libc_start_main+0xf5)[0x2b1ec7662555]
[eu-ms-001-14:07142] [11] code/build_output/main[0x40db3f]
[eu-ms-001-14:07142] *** End of error message ***
/usr/lib64/libc.so.6(__libc_start_main+0xf5)[0x2b911472e555]
[eu-ms-017-40:06346] [11] code/build_output/main[0x40db3f]
[eu-ms-017-40:06346] *** End of error message ***
/cluster/spack/apps/linux-centos7-x86_64/gcc-4.8.5/gcc-9.3.0-mjmsvu3362usxjr7tas4ywkd2e4ko5x3/lib64/libstdc++.so.6(+0xa4e14)[0x2b8d87787e14]
[eu-ms-012-08:20525] [ 7] code/build_output/main[0x40ba49]
[eu-ms-012-08:20525] [ 8] code/build_output/main[0x41a198]
[eu-ms-012-08:20525] [ 9] code/build_output/main[0x40c3d9]
[eu-ms-012-08:20525] [10] /usr/lib64/libc.so.6(__libc_start_main+0xf5)[0x2b8d88215555]
[eu-ms-012-08:20525] [11] code/build_output/main[0x40db3f]
[eu-ms-012-08:20525] *** End of error message ***
terminate called after throwing an instance of 'std::runtime_error'
terminate called after throwing an instance of 'std::runtime_error'
terminate called after throwing an instance of 'std::runtime_error'
terminate called after throwing an instance of 'std::runtime_error'
  what():  Starting Rabenseifner-Gather with non-power-of-2 processes, numprocs=40
[eu-ms-001-15:14175] *** Process received signal ***
[eu-ms-001-15:14175] Signal: Aborted (6)
[eu-ms-001-15:14175] Signal code:  (-6)
  what():  Starting Rabenseifner-Gather with non-power-of-2 processes, numprocs=40
[eu-ms-017-15:18951] *** Process received signal ***
[eu-ms-017-15:18951] Signal: Aborted (6)
[eu-ms-017-15:18951] Signal code:  (-6)
  what():  Starting Rabenseifner-Gather with non-power-of-2 processes, numprocs=40
[eu-ms-001-32:01712] *** Process received signal ***
[eu-ms-001-32:01712] Signal: Aborted (6)
[eu-ms-001-32:01712] Signal code:  (-6)
  what():  Starting Rabenseifner-Gather with non-power-of-2 processes, numprocs=40
[eu-ms-002-39:12194] *** Process received signal ***
[eu-ms-002-39:12194] Signal: Aborted (6)
[eu-ms-002-39:12194] Signal code:  (-6)
[eu-ms-001-15:14175] [ 0] [eu-ms-017-15:18951] [ 0] [eu-ms-001-32:01712] [ 0] [eu-ms-002-39:12194] [ 0] /usr/lib64/libpthread.so.0(+0xf630)[0x2b3c26d39630]
[eu-ms-001-15:14175] [ 1] /usr/lib64/libpthread.so.0(+0xf630)[0x2b0f19b91630]
[eu-ms-017-15:18951] [ 1] /usr/lib64/libpthread.so.0(+0xf630)[0x2ac37b14d630]
[eu-ms-001-32:01712] [ 1] /usr/lib64/libc.so.6(gsignal+0x37)[0x2ac37b390387]
/usr/lib64/libpthread.so.0(+0xf630)[0x2ae03329c630]
[eu-ms-002-39:12194] [ 1] /usr/lib64/libc.so.6(gsignal+0x37)[0x2b3c26f7c387]
[eu-ms-001-15:14175] [ 2] /usr/lib64/libc.so.6(abort+0x148)[0x2b3c26f7da78]
[eu-ms-001-15:14175] [ 3] /usr/lib64/libc.so.6(gsignal+0x37)[0x2b0f19dd4387]
[eu-ms-017-15:18951] [ 2] /usr/lib64/libc.so.6(abort+0x148)[0x2b0f19dd5a78]
[eu-ms-017-15:18951] [ 3] [eu-ms-001-32:01712] [ 2] /usr/lib64/libc.so.6(abort+0x148)[0x2ac37b391a78]
[eu-ms-001-32:01712] [ 3] /usr/lib64/libc.so.6(gsignal+0x37)[0x2ae0334df387]
[eu-ms-002-39:12194] [ 2] /usr/lib64/libc.so.6(abort+0x148)[0x2ae0334e0a78]
[eu-ms-002-39:12194] [ 3] /cluster/spack/apps/linux-centos7-x86_64/gcc-4.8.5/gcc-9.3.0-mjmsvu3362usxjr7tas4ywkd2e4ko5x3/lib64/libstdc++.so.6(+0x99133)[0x2b3c264cf133]
[eu-ms-001-15:14175] [ 4] /cluster/spack/apps/linux-centos7-x86_64/gcc-4.8.5/gcc-9.3.0-mjmsvu3362usxjr7tas4ywkd2e4ko5x3/lib64/libstdc++.so.6(+0x99133)[0x2b0f19327133]
[eu-ms-017-15:18951] [ 4] /cluster/spack/apps/linux-centos7-x86_64/gcc-4.8.5/gcc-9.3.0-mjmsvu3362usxjr7tas4ywkd2e4ko5x3/lib64/libstdc++.so.6(+0x99133)[0x2ac37a8e3133]
[eu-ms-001-32:01712] [ 4] /cluster/spack/apps/linux-centos7-x86_64/gcc-4.8.5/gcc-9.3.0-mjmsvu3362usxjr7tas4ywkd2e4ko5x3/lib64/libstdc++.so.6(+0x99133)[0x2ae032a32133]
[eu-ms-002-39:12194] [ 4] /cluster/spack/apps/linux-centos7-x86_64/gcc-4.8.5/gcc-9.3.0-mjmsvu3362usxjr7tas4ywkd2e4ko5x3/lib64/libstdc++.so.6(+0xa4b56)[0x2b3c264dab56]
[eu-ms-001-15:14175] [ 5] /cluster/spack/apps/linux-centos7-x86_64/gcc-4.8.5/gcc-9.3.0-mjmsvu3362usxjr7tas4ywkd2e4ko5x3/lib64/libstdc++.so.6(+0xa4b56)[0x2b0f19332b56]
[eu-ms-017-15:18951] [ 5] /cluster/spack/apps/linux-centos7-x86_64/gcc-4.8.5/gcc-9.3.0-mjmsvu3362usxjr7tas4ywkd2e4ko5x3/lib64/libstdc++.so.6(+0xa4b56)[0x2ac37a8eeb56]
[eu-ms-001-32:01712] [ 5] /cluster/spack/apps/linux-centos7-x86_64/gcc-4.8.5/gcc-9.3.0-mjmsvu3362usxjr7tas4ywkd2e4ko5x3/lib64/libstdc++.so.6(+0xa4b56)[0x2ae032a3db56]
[eu-ms-002-39:12194] [ 5] /cluster/spack/apps/linux-centos7-x86_64/gcc-4.8.5/gcc-9.3.0-mjmsvu3362usxjr7tas4ywkd2e4ko5x3/lib64/libstdc++.so.6(+0xa4bc1)[0x2b3c264dabc1]
[eu-ms-001-15:14175] [ 6] /cluster/spack/apps/linux-centos7-x86_64/gcc-4.8.5/gcc-9.3.0-mjmsvu3362usxjr7tas4ywkd2e4ko5x3/lib64/libstdc++.so.6(+0xa4e14)[0x2b3c264dae14]
/cluster/spack/apps/linux-centos7-x86_64/gcc-4.8.5/gcc-9.3.0-mjmsvu3362usxjr7tas4ywkd2e4ko5x3/lib64/libstdc++.so.6(+0xa4bc1)[0x2b0f19332bc1]
[eu-ms-017-15:18951] [ 6] /cluster/spack/apps/linux-centos7-x86_64/gcc-4.8.5/gcc-9.3.0-mjmsvu3362usxjr7tas4ywkd2e4ko5x3/lib64/libstdc++.so.6(+0xa4e14)[0x2b0f19332e14]
/cluster/spack/apps/linux-centos7-x86_64/gcc-4.8.5/gcc-9.3.0-mjmsvu3362usxjr7tas4ywkd2e4ko5x3/lib64/libstdc++.so.6(+0xa4bc1)[0x2ac37a8eebc1]
[eu-ms-001-32:01712] [ 6] /cluster/spack/apps/linux-centos7-x86_64/gcc-4.8.5/gcc-9.3.0-mjmsvu3362usxjr7tas4ywkd2e4ko5x3/lib64/libstdc++.so.6(+0xa4e14)[0x2ac37a8eee14]
/cluster/spack/apps/linux-centos7-x86_64/gcc-4.8.5/gcc-9.3.0-mjmsvu3362usxjr7tas4ywkd2e4ko5x3/lib64/libstdc++.so.6(+0xa4bc1)[0x2ae032a3dbc1]
[eu-ms-002-39:12194] [ 6] [eu-ms-001-15:14175] [ 7] code/build_output/main[0x40ba49]
[eu-ms-001-15:14175] [ 8] code/build_output/main[0x41a198]
[eu-ms-001-15:14175] [ 9] code/build_output/main[0x40c3d9]
[eu-ms-001-15:14175] [10] [eu-ms-017-15:18951] [ 7] code/build_output/main[0x40ba49]
[eu-ms-017-15:18951] [ 8] code/build_output/main[0x41a198]
[eu-ms-017-15:18951] [ 9] code/build_output/main[0x40c3d9]
[eu-ms-017-15:18951] [10] [eu-ms-001-32:01712] [ 7] code/build_output/main[0x40ba49]
[eu-ms-001-32:01712] [ 8] code/build_output/main[0x41a198]
[eu-ms-001-32:01712] [ 9] code/build_output/main[0x40c3d9]
[eu-ms-001-32:01712] [10] /cluster/spack/apps/linux-centos7-x86_64/gcc-4.8.5/gcc-9.3.0-mjmsvu3362usxjr7tas4ywkd2e4ko5x3/lib64/libstdc++.so.6(+0xa4e14)[0x2ae032a3de14]
[eu-ms-002-39:12194] [ 7] code/build_output/main[0x40ba49]
[eu-ms-002-39:12194] [ 8] code/build_output/main[0x41a198]
[eu-ms-002-39:12194] [ 9] code/build_output/main[0x40c3d9]
[eu-ms-002-39:12194] [10] /usr/lib64/libc.so.6(__libc_start_main+0xf5)[0x2b3c26f68555]
[eu-ms-001-15:14175] [11] code/build_output/main[0x40db3f]
[eu-ms-001-15:14175] *** End of error message ***
/usr/lib64/libc.so.6(__libc_start_main+0xf5)[0x2b0f19dc0555]
[eu-ms-017-15:18951] [11] code/build_output/main[0x40db3f]
[eu-ms-017-15:18951] *** End of error message ***
/usr/lib64/libc.so.6(__libc_start_main+0xf5)[0x2ac37b37c555]
[eu-ms-001-32:01712] [11] code/build_output/main[0x40db3f]
[eu-ms-001-32:01712] *** End of error message ***
/usr/lib64/libc.so.6(__libc_start_main+0xf5)[0x2ae0334cb555]
[eu-ms-002-39:12194] [11] code/build_output/main[0x40db3f]
[eu-ms-002-39:12194] *** End of error message ***
--------------------------------------------------------------------------
Primary job  terminated normally, but 1 process returned
a non-zero exit code. Per user-direction, the job has been aborted.
--------------------------------------------------------------------------
--------------------------------------------------------------------------
mpirun noticed that process rank 34 with PID 23672 on node eu-ms-012-39 exited on signal 6 (Aborted).
--------------------------------------------------------------------------
