22: Starting numprocs=34 N=8192, M=8192 impl=rabenseifner-scatter
18: Starting numprocs=34 N=8192, M=8192 impl=rabenseifner-scatter
12: Starting numprocs=34 N=8192, M=8192 impl=rabenseifner-scatter
5: Starting numprocs=34 N=8192, M=8192 impl=rabenseifner-scatter
28: Starting numprocs=34 N=8192, M=8192 impl=rabenseifner-scatter
7: Starting numprocs=34 N=8192, M=8192 impl=rabenseifner-scatter
30: Starting numprocs=34 N=8192, M=8192 impl=rabenseifner-scatter
29: Starting numprocs=34 N=8192, M=8192 impl=rabenseifner-scatter
10: Starting numprocs=34 N=8192, M=8192 impl=rabenseifner-scatter
2: Starting numprocs=34 N=8192, M=8192 impl=rabenseifner-scatter
9: Starting numprocs=34 N=8192, M=8192 impl=rabenseifner-scatter
23: Starting numprocs=34 N=8192, M=8192 impl=rabenseifner-scatter
8: Starting numprocs=34 N=8192, M=8192 impl=rabenseifner-scatter
27: Starting numprocs=34 N=8192, M=8192 impl=rabenseifner-scatter
20: Starting numprocs=34 N=8192, M=8192 impl=rabenseifner-scatter
11: Starting numprocs=34 N=8192, M=8192 impl=rabenseifner-scatter
14: Starting numprocs=34 N=8192, M=8192 impl=rabenseifner-scatter
3: Starting numprocs=34 N=8192, M=8192 impl=rabenseifner-scatter
33: Starting numprocs=34 N=8192, M=8192 impl=rabenseifner-scatter
31: Starting numprocs=34 N=8192, M=8192 impl=rabenseifner-scatter
0: Starting numprocs=34 N=8192, M=8192 impl=rabenseifner-scatter
Iteration 0
15: Starting numprocs=34 N=8192, M=8192 impl=rabenseifner-scatter
21: Starting numprocs=34 N=8192, M=8192 impl=rabenseifner-scatter
6: Starting numprocs=34 N=8192, M=8192 impl=rabenseifner-scatter
32: Starting numprocs=34 N=8192, M=8192 impl=rabenseifner-scatter
4: Starting numprocs=34 N=8192, M=8192 impl=rabenseifner-scatter
16: Starting numprocs=34 N=8192, M=8192 impl=rabenseifner-scatter
25: Starting numprocs=34 N=8192, M=8192 impl=rabenseifner-scatter
1: Starting numprocs=34 N=8192, M=8192 impl=rabenseifner-scatter
24: Starting numprocs=34 N=8192, M=8192 impl=rabenseifner-scatter
19: Starting numprocs=34 N=8192, M=8192 impl=rabenseifner-scatter
26: Starting numprocs=34 N=8192, M=8192 impl=rabenseifner-scatter
13: Starting numprocs=34 N=8192, M=8192 impl=rabenseifner-scatter
17: Starting numprocs=34 N=8192, M=8192 impl=rabenseifner-scatter
10: Starting Rabenseifner with non-power-of-2 numprocs=34
28: Starting Rabenseifner with non-power-of-2 numprocs=34
31: Starting Rabenseifner with non-power-of-2 numprocs=34
15: Starting Rabenseifner with non-power-of-2 numprocs=34
33: Starting Rabenseifner with non-power-of-2 numprocs=34
8: Starting Rabenseifner with non-power-of-2 numprocs=34
26: Starting Rabenseifner with non-power-of-2 numprocs=34
17: Starting Rabenseifner with non-power-of-2 numprocs=34
6: Starting Rabenseifner with non-power-of-2 numprocs=34
22: Starting Rabenseifner with non-power-of-2 numprocs=34
24: Starting Rabenseifner with non-power-of-2 numprocs=34
1: Starting Rabenseifner with non-power-of-2 numprocs=34
4: Starting Rabenseifner with non-power-of-2 numprocs=34
25: Starting Rabenseifner with non-power-of-2 numprocs=34
13: Starting Rabenseifner with non-power-of-2 numprocs=34
11: Starting Rabenseifner with non-power-of-2 numprocs=34
29: Starting Rabenseifner with non-power-of-2 numprocs=34
9: Starting Rabenseifner with non-power-of-2 numprocs=34
27: Starting Rabenseifner with non-power-of-2 numprocs=34
20: Starting Rabenseifner with non-power-of-2 numprocs=34
2: Starting Rabenseifner with non-power-of-2 numprocs=34
19: Starting Rabenseifner with non-power-of-2 numprocs=34
7: Starting Rabenseifner with non-power-of-2 numprocs=34
5: Starting Rabenseifner with non-power-of-2 numprocs=34
3: Starting Rabenseifner with non-power-of-2 numprocs=34
21: Starting Rabenseifner with non-power-of-2 numprocs=34
23: Starting Rabenseifner with non-power-of-2 numprocs=34
12: Starting Rabenseifner with non-power-of-2 numprocs=34
30: Starting Rabenseifner with non-power-of-2 numprocs=34
18: Starting Rabenseifner with non-power-of-2 numprocs=34
0: Starting Rabenseifner with non-power-of-2 numprocs=34
16: Starting Rabenseifner with non-power-of-2 numprocs=34
14: Starting Rabenseifner with non-power-of-2 numprocs=34
32: Starting Rabenseifner with non-power-of-2 numprocs=34
time: 0.000015s
Iteration 1
0: Starting Rabenseifner with non-power-of-2 numprocs=34
time: 0.000015s
Iteration 2
18: Starting Rabenseifner with non-power-of-2 numprocs=34
11: Starting Rabenseifner with non-power-of-2 numprocs=34
15: Starting Rabenseifner with non-power-of-2 numprocs=34
8: Starting Rabenseifner with non-power-of-2 numprocs=34
16: Starting Rabenseifner with non-power-of-2 numprocs=34
20: Starting Rabenseifner with non-power-of-2 numprocs=34
6: Starting Rabenseifner with non-power-of-2 numprocs=34
31: Starting Rabenseifner with non-power-of-2 numprocs=34
17: Starting Rabenseifner with non-power-of-2 numprocs=34
5: Starting Rabenseifner with non-power-of-2 numprocs=34
28: Starting Rabenseifner with non-power-of-2 numprocs=34
33: Starting Rabenseifner with non-power-of-2 numprocs=34
29: Starting Rabenseifner with non-power-of-2 numprocs=34
9: Starting Rabenseifner with non-power-of-2 numprocs=34
22: Starting Rabenseifner with non-power-of-2 numprocs=34
7: Starting Rabenseifner with non-power-of-2 numprocs=34
32: Starting Rabenseifner with non-power-of-2 numprocs=34
25: Starting Rabenseifner with non-power-of-2 numprocs=34
24: Starting Rabenseifner with non-power-of-2 numprocs=34
13: Starting Rabenseifner with non-power-of-2 numprocs=34
14: Starting Rabenseifner with non-power-of-2 numprocs=34
23: Starting Rabenseifner with non-power-of-2 numprocs=34
2: Starting Rabenseifner with non-power-of-2 numprocs=34
26: Starting Rabenseifner with non-power-of-2 numprocs=34
3: Starting Rabenseifner with non-power-of-2 numprocs=34
1: Starting Rabenseifner with non-power-of-2 numprocs=34
27: Starting Rabenseifner with non-power-of-2 numprocs=34
4: Starting Rabenseifner with non-power-of-2 numprocs=34
10: Starting Rabenseifner with non-power-of-2 numprocs=34
30: Starting Rabenseifner with non-power-of-2 numprocs=34
21: Starting Rabenseifner with non-power-of-2 numprocs=34
19: Starting Rabenseifner with non-power-of-2 numprocs=34
12: Starting Rabenseifner with non-power-of-2 numprocs=34
0: Starting Rabenseifner with non-power-of-2 numprocs=34
time: 0.000014s
Iteration 3
10: Starting Rabenseifner with non-power-of-2 numprocs=34
30: Starting Rabenseifner with non-power-of-2 numprocs=34
21: Starting Rabenseifner with non-power-of-2 numprocs=34
19: Starting Rabenseifner with non-power-of-2 numprocs=34
12: Starting Rabenseifner with non-power-of-2 numprocs=34
18: Starting Rabenseifner with non-power-of-2 numprocs=34
11: Starting Rabenseifner with non-power-of-2 numprocs=34
15: Starting Rabenseifner with non-power-of-2 numprocs=34
8: Starting Rabenseifner with non-power-of-2 numprocs=34
16: Starting Rabenseifner with non-power-of-2 numprocs=34
20: Starting Rabenseifner with non-power-of-2 numprocs=34
6: Starting Rabenseifner with non-power-of-2 numprocs=34
31: Starting Rabenseifner with non-power-of-2 numprocs=34
17: Starting Rabenseifner with non-power-of-2 numprocs=34
5: Starting Rabenseifner with non-power-of-2 numprocs=34
28: Starting Rabenseifner with non-power-of-2 numprocs=34
33: Starting Rabenseifner with non-power-of-2 numprocs=34
29: Starting Rabenseifner with non-power-of-2 numprocs=34
9: Starting Rabenseifner with non-power-of-2 numprocs=34
22: Starting Rabenseifner with non-power-of-2 numprocs=34
7: Starting Rabenseifner with non-power-of-2 numprocs=34
32: Starting Rabenseifner with non-power-of-2 numprocs=34
25: Starting Rabenseifner with non-power-of-2 numprocs=34
24: Starting Rabenseifner with non-power-of-2 numprocs=34
13: Starting Rabenseifner with non-power-of-2 numprocs=34
14: Starting Rabenseifner with non-power-of-2 numprocs=34
23: Starting Rabenseifner with non-power-of-2 numprocs=34
2: Starting Rabenseifner with non-power-of-2 numprocs=34
26: Starting Rabenseifner with non-power-of-2 numprocs=34
3: Starting Rabenseifner with non-power-of-2 numprocs=34
1: Starting Rabenseifner with non-power-of-2 numprocs=34
27: Starting Rabenseifner with non-power-of-2 numprocs=34
4: Starting Rabenseifner with non-power-of-2 numprocs=34
0: Starting Rabenseifner with non-power-of-2 numprocs=34
time: 0.000013s
8: Starting Rabenseifner with non-power-of-2 numprocs=34
31: Starting Rabenseifner with non-power-of-2 numprocs=34
22: Starting Rabenseifner with non-power-of-2 numprocs=34
27: Starting Rabenseifner with non-power-of-2 numprocs=34
Iteration 4
10: Starting Rabenseifner with non-power-of-2 numprocs=34
30: Starting Rabenseifner with non-power-of-2 numprocs=34
21: Starting Rabenseifner with non-power-of-2 numprocs=34
19: Starting Rabenseifner with non-power-of-2 numprocs=34
12: Starting Rabenseifner with non-power-of-2 numprocs=34
18: Starting Rabenseifner with non-power-of-2 numprocs=34
11: Starting Rabenseifner with non-power-of-2 numprocs=34
15: Starting Rabenseifner with non-power-of-2 numprocs=34
16: Starting Rabenseifner with non-power-of-2 numprocs=34
20: Starting Rabenseifner with non-power-of-2 numprocs=34
6: Starting Rabenseifner with non-power-of-2 numprocs=34
17: Starting Rabenseifner with non-power-of-2 numprocs=34
5: Starting Rabenseifner with non-power-of-2 numprocs=34
28: Starting Rabenseifner with non-power-of-2 numprocs=34
33: Starting Rabenseifner with non-power-of-2 numprocs=34
29: Starting Rabenseifner with non-power-of-2 numprocs=34
9: Starting Rabenseifner with non-power-of-2 numprocs=34
7: Starting Rabenseifner with non-power-of-2 numprocs=34
32: Starting Rabenseifner with non-power-of-2 numprocs=34
25: Starting Rabenseifner with non-power-of-2 numprocs=34
24: Starting Rabenseifner with non-power-of-2 numprocs=34
13: Starting Rabenseifner with non-power-of-2 numprocs=34
14: Starting Rabenseifner with non-power-of-2 numprocs=34
23: Starting Rabenseifner with non-power-of-2 numprocs=34
2: Starting Rabenseifner with non-power-of-2 numprocs=34
26: Starting Rabenseifner with non-power-of-2 numprocs=34
3: Starting Rabenseifner with non-power-of-2 numprocs=34
1: Starting Rabenseifner with non-power-of-2 numprocs=34
4: Starting Rabenseifner with non-power-of-2 numprocs=34
0: Starting Rabenseifner with non-power-of-2 numprocs=34
time: 0.000012s
Iteration 5
10: Starting Rabenseifner with non-power-of-2 numprocs=34
30: Starting Rabenseifner with non-power-of-2 numprocs=34
21: Starting Rabenseifner with non-power-of-2 numprocs=34
19: Starting Rabenseifner with non-power-of-2 numprocs=34
12: Starting Rabenseifner with non-power-of-2 numprocs=34
18: Starting Rabenseifner with non-power-of-2 numprocs=34
11: Starting Rabenseifner with non-power-of-2 numprocs=34
15: Starting Rabenseifner with non-power-of-2 numprocs=34
8: Starting Rabenseifner with non-power-of-2 numprocs=34
16: Starting Rabenseifner with non-power-of-2 numprocs=34
20: Starting Rabenseifner with non-power-of-2 numprocs=34
6: Starting Rabenseifner with non-power-of-2 numprocs=34
31: Starting Rabenseifner with non-power-of-2 numprocs=34
17: Starting Rabenseifner with non-power-of-2 numprocs=34
5: Starting Rabenseifner with non-power-of-2 numprocs=34
28: Starting Rabenseifner with non-power-of-2 numprocs=34
33: Starting Rabenseifner with non-power-of-2 numprocs=34
29: Starting Rabenseifner with non-power-of-2 numprocs=34
9: Starting Rabenseifner with non-power-of-2 numprocs=34
22: Starting Rabenseifner with non-power-of-2 numprocs=34
7: Starting Rabenseifner with non-power-of-2 numprocs=34
32: Starting Rabenseifner with non-power-of-2 numprocs=34
25: Starting Rabenseifner with non-power-of-2 numprocs=34
24: Starting Rabenseifner with non-power-of-2 numprocs=34
13: Starting Rabenseifner with non-power-of-2 numprocs=34
14: Starting Rabenseifner with non-power-of-2 numprocs=34
23: Starting Rabenseifner with non-power-of-2 numprocs=34
2: Starting Rabenseifner with non-power-of-2 numprocs=34
26: Starting Rabenseifner with non-power-of-2 numprocs=34
3: Starting Rabenseifner with non-power-of-2 numprocs=34
1: Starting Rabenseifner with non-power-of-2 numprocs=34
27: Starting Rabenseifner with non-power-of-2 numprocs=34
4: Starting Rabenseifner with non-power-of-2 numprocs=34
0: Starting Rabenseifner with non-power-of-2 numprocs=34
time: 0.000014s
Iteration 6
10: Starting Rabenseifner with non-power-of-2 numprocs=34
30: Starting Rabenseifner with non-power-of-2 numprocs=34
21: Starting Rabenseifner with non-power-of-2 numprocs=34
19: Starting Rabenseifner with non-power-of-2 numprocs=34
12: Starting Rabenseifner with non-power-of-2 numprocs=34
18: Starting Rabenseifner with non-power-of-2 numprocs=34
11: Starting Rabenseifner with non-power-of-2 numprocs=34
15: Starting Rabenseifner with non-power-of-2 numprocs=34
8: Starting Rabenseifner with non-power-of-2 numprocs=34
16: Starting Rabenseifner with non-power-of-2 numprocs=34
20: Starting Rabenseifner with non-power-of-2 numprocs=34
6: Starting Rabenseifner with non-power-of-2 numprocs=34
31: Starting Rabenseifner with non-power-of-2 numprocs=34
17: Starting Rabenseifner with non-power-of-2 numprocs=34
5: Starting Rabenseifner with non-power-of-2 numprocs=34
28: Starting Rabenseifner with non-power-of-2 numprocs=34
33: Starting Rabenseifner with non-power-of-2 numprocs=34
29: Starting Rabenseifner with non-power-of-2 numprocs=34
9: Starting Rabenseifner with non-power-of-2 numprocs=34
22: Starting Rabenseifner with non-power-of-2 numprocs=34
7: Starting Rabenseifner with non-power-of-2 numprocs=34
32: Starting Rabenseifner with non-power-of-2 numprocs=34
25: Starting Rabenseifner with non-power-of-2 numprocs=34
24: Starting Rabenseifner with non-power-of-2 numprocs=34
13: Starting Rabenseifner with non-power-of-2 numprocs=34
14: Starting Rabenseifner with non-power-of-2 numprocs=34
23: Starting Rabenseifner with non-power-of-2 numprocs=34
2: Starting Rabenseifner with non-power-of-2 numprocs=34
26: Starting Rabenseifner with non-power-of-2 numprocs=34
3: Starting Rabenseifner with non-power-of-2 numprocs=34
1: Starting Rabenseifner with non-power-of-2 numprocs=34
27: Starting Rabenseifner with non-power-of-2 numprocs=34
4: Starting Rabenseifner with non-power-of-2 numprocs=34
0: Starting Rabenseifner with non-power-of-2 numprocs=34
time: 0.000014s
Iteration 7
10: Starting Rabenseifner with non-power-of-2 numprocs=34
30: Starting Rabenseifner with non-power-of-2 numprocs=34
21: Starting Rabenseifner with non-power-of-2 numprocs=34
19: Starting Rabenseifner with non-power-of-2 numprocs=34
12: Starting Rabenseifner with non-power-of-2 numprocs=34
18: Starting Rabenseifner with non-power-of-2 numprocs=34
11: Starting Rabenseifner with non-power-of-2 numprocs=34
15: Starting Rabenseifner with non-power-of-2 numprocs=34
8: Starting Rabenseifner with non-power-of-2 numprocs=34
16: Starting Rabenseifner with non-power-of-2 numprocs=34
20: Starting Rabenseifner with non-power-of-2 numprocs=34
6: Starting Rabenseifner with non-power-of-2 numprocs=34
31: Starting Rabenseifner with non-power-of-2 numprocs=34
17: Starting Rabenseifner with non-power-of-2 numprocs=34
5: Starting Rabenseifner with non-power-of-2 numprocs=34
28: Starting Rabenseifner with non-power-of-2 numprocs=34
33: Starting Rabenseifner with non-power-of-2 numprocs=34
29: Starting Rabenseifner with non-power-of-2 numprocs=34
9: Starting Rabenseifner with non-power-of-2 numprocs=34
22: Starting Rabenseifner with non-power-of-2 numprocs=34
7: Starting Rabenseifner with non-power-of-2 numprocs=34
32: Starting Rabenseifner with non-power-of-2 numprocs=34
25: Starting Rabenseifner with non-power-of-2 numprocs=34
24: Starting Rabenseifner with non-power-of-2 numprocs=34
13: Starting Rabenseifner with non-power-of-2 numprocs=34
14: Starting Rabenseifner with non-power-of-2 numprocs=34
23: Starting Rabenseifner with non-power-of-2 numprocs=34
2: Starting Rabenseifner with non-power-of-2 numprocs=34
26: Starting Rabenseifner with non-power-of-2 numprocs=34
3: Starting Rabenseifner with non-power-of-2 numprocs=34
1: Starting Rabenseifner with non-power-of-2 numprocs=34
27: Starting Rabenseifner with non-power-of-2 numprocs=34
4: Starting Rabenseifner with non-power-of-2 numprocs=34
0: Starting Rabenseifner with non-power-of-2 numprocs=34
10: Starting Rabenseifner with non-power-of-2 numprocs=34
21: Starting Rabenseifner with non-power-of-2 numprocs=34
19: Starting Rabenseifner with non-power-of-2 numprocs=34
12: Starting Rabenseifner with non-power-of-2 numprocs=34
18: Starting Rabenseifner with non-power-of-2 numprocs=34
11: Starting Rabenseifner with non-power-of-2 numprocs=34
15: Starting Rabenseifner with non-power-of-2 numprocs=34
8: Starting Rabenseifner with non-power-of-2 numprocs=34
16: Starting Rabenseifner with non-power-of-2 numprocs=34
20: Starting Rabenseifner with non-power-of-2 numprocs=34
6: Starting Rabenseifner with non-power-of-2 numprocs=34
31: Starting Rabenseifner with non-power-of-2 numprocs=34
17: Starting Rabenseifner with non-power-of-2 numprocs=34
5: Starting Rabenseifner with non-power-of-2 numprocs=34
33: Starting Rabenseifner with non-power-of-2 numprocs=34
29: Starting Rabenseifner with non-power-of-2 numprocs=34
9: Starting Rabenseifner with non-power-of-2 numprocs=34
22: Starting Rabenseifner with non-power-of-2 numprocs=34
7: Starting Rabenseifner with non-power-of-2 numprocs=34
32: Starting Rabenseifner with non-power-of-2 numprocs=34
25: Starting Rabenseifner with non-power-of-2 numprocs=34
24: Starting Rabenseifner with non-power-of-2 numprocs=34
13: Starting Rabenseifner with non-power-of-2 numprocs=34
14: Starting Rabenseifner with non-power-of-2 numprocs=34
23: Starting Rabenseifner with non-power-of-2 numprocs=34
26: Starting Rabenseifner with non-power-of-2 numprocs=34
3: Starting Rabenseifner with non-power-of-2 numprocs=34
1: Starting Rabenseifner with non-power-of-2 numprocs=34
27: Starting Rabenseifner with non-power-of-2 numprocs=34
4: Starting Rabenseifner with non-power-of-2 numprocs=34
time: 0.000013s
Iteration 8
30: Starting Rabenseifner with non-power-of-2 numprocs=34
28: Starting Rabenseifner with non-power-of-2 numprocs=34
2: Starting Rabenseifner with non-power-of-2 numprocs=34
0: Starting Rabenseifner with non-power-of-2 numprocs=34
time: 0.000012s
Iteration 9
20: Starting Rabenseifner with non-power-of-2 numprocs=34
6: Starting Rabenseifner with non-power-of-2 numprocs=34
31: Starting Rabenseifner with non-power-of-2 numprocs=34
17: Starting Rabenseifner with non-power-of-2 numprocs=34
5: Starting Rabenseifner with non-power-of-2 numprocs=34
28: Starting Rabenseifner with non-power-of-2 numprocs=34
33: Starting Rabenseifner with non-power-of-2 numprocs=34
29: Starting Rabenseifner with non-power-of-2 numprocs=34
9: Starting Rabenseifner with non-power-of-2 numprocs=34
22: Starting Rabenseifner with non-power-of-2 numprocs=34
7: Starting Rabenseifner with non-power-of-2 numprocs=34
32: Starting Rabenseifner with non-power-of-2 numprocs=34
25: Starting Rabenseifner with non-power-of-2 numprocs=34
24: Starting Rabenseifner with non-power-of-2 numprocs=34
13: Starting Rabenseifner with non-power-of-2 numprocs=34
14: Starting Rabenseifner with non-power-of-2 numprocs=34
23: Starting Rabenseifner with non-power-of-2 numprocs=34
2: Starting Rabenseifner with non-power-of-2 numprocs=34
26: Starting Rabenseifner with non-power-of-2 numprocs=34
3: Starting Rabenseifner with non-power-of-2 numprocs=34
1: Starting Rabenseifner with non-power-of-2 numprocs=34
27: Starting Rabenseifner with non-power-of-2 numprocs=34
4: Starting Rabenseifner with non-power-of-2 numprocs=34
10: Starting Rabenseifner with non-power-of-2 numprocs=34
30: Starting Rabenseifner with non-power-of-2 numprocs=34
21: Starting Rabenseifner with non-power-of-2 numprocs=34
19: Starting Rabenseifner with non-power-of-2 numprocs=34
12: Starting Rabenseifner with non-power-of-2 numprocs=34
18: Starting Rabenseifner with non-power-of-2 numprocs=34
11: Starting Rabenseifner with non-power-of-2 numprocs=34
15: Starting Rabenseifner with non-power-of-2 numprocs=34
8: Starting Rabenseifner with non-power-of-2 numprocs=34
16: Starting Rabenseifner with non-power-of-2 numprocs=34
0: Starting Rabenseifner with non-power-of-2 numprocs=34
time: 0.000013s
Iteration 10
10: Starting Rabenseifner with non-power-of-2 numprocs=34
30: Starting Rabenseifner with non-power-of-2 numprocs=34
21: Starting Rabenseifner with non-power-of-2 numprocs=34
12: Starting Rabenseifner with non-power-of-2 numprocs=34
18: Starting Rabenseifner with non-power-of-2 numprocs=34
11: Starting Rabenseifner with non-power-of-2 numprocs=34
15: Starting Rabenseifner with non-power-of-2 numprocs=34
8: Starting Rabenseifner with non-power-of-2 numprocs=34
16: Starting Rabenseifner with non-power-of-2 numprocs=34
20: Starting Rabenseifner with non-power-of-2 numprocs=34
6: Starting Rabenseifner with non-power-of-2 numprocs=34
31: Starting Rabenseifner with non-power-of-2 numprocs=34
17: Starting Rabenseifner with non-power-of-2 numprocs=34
5: Starting Rabenseifner with non-power-of-2 numprocs=34
28: Starting Rabenseifner with non-power-of-2 numprocs=34
33: Starting Rabenseifner with non-power-of-2 numprocs=34
29: Starting Rabenseifner with non-power-of-2 numprocs=34
9: Starting Rabenseifner with non-power-of-2 numprocs=34
22: Starting Rabenseifner with non-power-of-2 numprocs=34
7: Starting Rabenseifner with non-power-of-2 numprocs=34
32: Starting Rabenseifner with non-power-of-2 numprocs=34
25: Starting Rabenseifner with non-power-of-2 numprocs=34
24: Starting Rabenseifner with non-power-of-2 numprocs=34
13: Starting Rabenseifner with non-power-of-2 numprocs=34
14: Starting Rabenseifner with non-power-of-2 numprocs=34
23: Starting Rabenseifner with non-power-of-2 numprocs=34
2: Starting Rabenseifner with non-power-of-2 numprocs=34
26: Starting Rabenseifner with non-power-of-2 numprocs=34
3: Starting Rabenseifner with non-power-of-2 numprocs=34
1: Starting Rabenseifner with non-power-of-2 numprocs=34
27: Starting Rabenseifner with non-power-of-2 numprocs=34
4: Starting Rabenseifner with non-power-of-2 numprocs=34
19: Starting Rabenseifner with non-power-of-2 numprocs=34
0: Starting Rabenseifner with non-power-of-2 numprocs=34
time: 0.000014s
Iteration 11
10: Starting Rabenseifner with non-power-of-2 numprocs=34
30: Starting Rabenseifner with non-power-of-2 numprocs=34
21: Starting Rabenseifner with non-power-of-2 numprocs=34
19: Starting Rabenseifner with non-power-of-2 numprocs=34
12: Starting Rabenseifner with non-power-of-2 numprocs=34
18: Starting Rabenseifner with non-power-of-2 numprocs=34
11: Starting Rabenseifner with non-power-of-2 numprocs=34
15: Starting Rabenseifner with non-power-of-2 numprocs=34
8: Starting Rabenseifner with non-power-of-2 numprocs=34
16: Starting Rabenseifner with non-power-of-2 numprocs=34
20: Starting Rabenseifner with non-power-of-2 numprocs=34
6: Starting Rabenseifner with non-power-of-2 numprocs=34
31: Starting Rabenseifner with non-power-of-2 numprocs=34
5: Starting Rabenseifner with non-power-of-2 numprocs=34
28: Starting Rabenseifner with non-power-of-2 numprocs=34
33: Starting Rabenseifner with non-power-of-2 numprocs=34
29: Starting Rabenseifner with non-power-of-2 numprocs=34
9: Starting Rabenseifner with non-power-of-2 numprocs=34
22: Starting Rabenseifner with non-power-of-2 numprocs=34
7: Starting Rabenseifner with non-power-of-2 numprocs=34
32: Starting Rabenseifner with non-power-of-2 numprocs=34
25: Starting Rabenseifner with non-power-of-2 numprocs=34
24: Starting Rabenseifner with non-power-of-2 numprocs=34
13: Starting Rabenseifner with non-power-of-2 numprocs=34
14: Starting Rabenseifner with non-power-of-2 numprocs=34
23: Starting Rabenseifner with non-power-of-2 numprocs=34
2: Starting Rabenseifner with non-power-of-2 numprocs=34
26: Starting Rabenseifner with non-power-of-2 numprocs=34
3: Starting Rabenseifner with non-power-of-2 numprocs=34
1: Starting Rabenseifner with non-power-of-2 numprocs=34
27: Starting Rabenseifner with non-power-of-2 numprocs=34
4: Starting Rabenseifner with non-power-of-2 numprocs=34
17: Starting Rabenseifner with non-power-of-2 numprocs=34
0: Starting Rabenseifner with non-power-of-2 numprocs=34
time: 0.000016s
Iteration 12
31: Starting Rabenseifner with non-power-of-2 numprocs=34
17: Starting Rabenseifner with non-power-of-2 numprocs=34
5: Starting Rabenseifner with non-power-of-2 numprocs=34
28: Starting Rabenseifner with non-power-of-2 numprocs=34
33: Starting Rabenseifner with non-power-of-2 numprocs=34
29: Starting Rabenseifner with non-power-of-2 numprocs=34
9: Starting Rabenseifner with non-power-of-2 numprocs=34
22: Starting Rabenseifner with non-power-of-2 numprocs=34
7: Starting Rabenseifner with non-power-of-2 numprocs=34
32: Starting Rabenseifner with non-power-of-2 numprocs=34
25: Starting Rabenseifner with non-power-of-2 numprocs=34
24: Starting Rabenseifner with non-power-of-2 numprocs=34
13: Starting Rabenseifner with non-power-of-2 numprocs=34
14: Starting Rabenseifner with non-power-of-2 numprocs=34
23: Starting Rabenseifner with non-power-of-2 numprocs=34
2: Starting Rabenseifner with non-power-of-2 numprocs=34
26: Starting Rabenseifner with non-power-of-2 numprocs=34
3: Starting Rabenseifner with non-power-of-2 numprocs=34
1: Starting Rabenseifner with non-power-of-2 numprocs=34
27: Starting Rabenseifner with non-power-of-2 numprocs=34
4: Starting Rabenseifner with non-power-of-2 numprocs=34
10: Starting Rabenseifner with non-power-of-2 numprocs=34
30: Starting Rabenseifner with non-power-of-2 numprocs=34
21: Starting Rabenseifner with non-power-of-2 numprocs=34
19: Starting Rabenseifner with non-power-of-2 numprocs=34
12: Starting Rabenseifner with non-power-of-2 numprocs=34
18: Starting Rabenseifner with non-power-of-2 numprocs=34
11: Starting Rabenseifner with non-power-of-2 numprocs=34
15: Starting Rabenseifner with non-power-of-2 numprocs=34
8: Starting Rabenseifner with non-power-of-2 numprocs=34
16: Starting Rabenseifner with non-power-of-2 numprocs=34
20: Starting Rabenseifner with non-power-of-2 numprocs=34
6: Starting Rabenseifner with non-power-of-2 numprocs=34
0: Starting Rabenseifner with non-power-of-2 numprocs=34
time: 0.000014s
Iteration 13
10: Starting Rabenseifner with non-power-of-2 numprocs=34
30: Starting Rabenseifner with non-power-of-2 numprocs=34
21: Starting Rabenseifner with non-power-of-2 numprocs=34
19: Starting Rabenseifner with non-power-of-2 numprocs=34
12: Starting Rabenseifner with non-power-of-2 numprocs=34
18: Starting Rabenseifner with non-power-of-2 numprocs=34
11: Starting Rabenseifner with non-power-of-2 numprocs=34
8: Starting Rabenseifner with non-power-of-2 numprocs=34
16: Starting Rabenseifner with non-power-of-2 numprocs=34
20: Starting Rabenseifner with non-power-of-2 numprocs=34
6: Starting Rabenseifner with non-power-of-2 numprocs=34
17: Starting Rabenseifner with non-power-of-2 numprocs=34
5: Starting Rabenseifner with non-power-of-2 numprocs=34
28: Starting Rabenseifner with non-power-of-2 numprocs=34
33: Starting Rabenseifner with non-power-of-2 numprocs=34
9: Starting Rabenseifner with non-power-of-2 numprocs=34
22: Starting Rabenseifner with non-power-of-2 numprocs=34
7: Starting Rabenseifner with non-power-of-2 numprocs=34
32: Starting Rabenseifner with non-power-of-2 numprocs=34
25: Starting Rabenseifner with non-power-of-2 numprocs=34
24: Starting Rabenseifner with non-power-of-2 numprocs=34
14: Starting Rabenseifner with non-power-of-2 numprocs=34
23: Starting Rabenseifner with non-power-of-2 numprocs=34
2: Starting Rabenseifner with non-power-of-2 numprocs=34
26: Starting Rabenseifner with non-power-of-2 numprocs=34
3: Starting Rabenseifner with non-power-of-2 numprocs=34
1: Starting Rabenseifner with non-power-of-2 numprocs=34
27: Starting Rabenseifner with non-power-of-2 numprocs=34
4: Starting Rabenseifner with non-power-of-2 numprocs=34
15: Starting Rabenseifner with non-power-of-2 numprocs=34
31: Starting Rabenseifner with non-power-of-2 numprocs=34
29: Starting Rabenseifner with non-power-of-2 numprocs=34
13: Starting Rabenseifner with non-power-of-2 numprocs=34
0: Starting Rabenseifner with non-power-of-2 numprocs=34
time: 0.000013s
Iteration 14
10: Starting Rabenseifner with non-power-of-2 numprocs=34
30: Starting Rabenseifner with non-power-of-2 numprocs=34
21: Starting Rabenseifner with non-power-of-2 numprocs=34
19: Starting Rabenseifner with non-power-of-2 numprocs=34
12: Starting Rabenseifner with non-power-of-2 numprocs=34
18: Starting Rabenseifner with non-power-of-2 numprocs=34
11: Starting Rabenseifner with non-power-of-2 numprocs=34
15: Starting Rabenseifner with non-power-of-2 numprocs=34
8: Starting Rabenseifner with non-power-of-2 numprocs=34
16: Starting Rabenseifner with non-power-of-2 numprocs=34
20: Starting Rabenseifner with non-power-of-2 numprocs=34
6: Starting Rabenseifner with non-power-of-2 numprocs=34
31: Starting Rabenseifner with non-power-of-2 numprocs=34
17: Starting Rabenseifner with non-power-of-2 numprocs=34
5: Starting Rabenseifner with non-power-of-2 numprocs=34
28: Starting Rabenseifner with non-power-of-2 numprocs=34
33: Starting Rabenseifner with non-power-of-2 numprocs=34
29: Starting Rabenseifner with non-power-of-2 numprocs=34
9: Starting Rabenseifner with non-power-of-2 numprocs=34
22: Starting Rabenseifner with non-power-of-2 numprocs=34
7: Starting Rabenseifner with non-power-of-2 numprocs=34
32: Starting Rabenseifner with non-power-of-2 numprocs=34
25: Starting Rabenseifner with non-power-of-2 numprocs=34
24: Starting Rabenseifner with non-power-of-2 numprocs=34
13: Starting Rabenseifner with non-power-of-2 numprocs=34
14: Starting Rabenseifner with non-power-of-2 numprocs=34
23: Starting Rabenseifner with non-power-of-2 numprocs=34
2: Starting Rabenseifner with non-power-of-2 numprocs=34
26: Starting Rabenseifner with non-power-of-2 numprocs=34
3: Starting Rabenseifner with non-power-of-2 numprocs=34
1: Starting Rabenseifner with non-power-of-2 numprocs=34
27: Starting Rabenseifner with non-power-of-2 numprocs=34
4: Starting Rabenseifner with non-power-of-2 numprocs=34
0: Starting Rabenseifner with non-power-of-2 numprocs=34
10: Starting Rabenseifner with non-power-of-2 numprocs=34
30: Starting Rabenseifner with non-power-of-2 numprocs=34
21: Starting Rabenseifner with non-power-of-2 numprocs=34
19: Starting Rabenseifner with non-power-of-2 numprocs=34
12: Starting Rabenseifner with non-power-of-2 numprocs=34
18: Starting Rabenseifner with non-power-of-2 numprocs=34
11: Starting Rabenseifner with non-power-of-2 numprocs=34
8: Starting Rabenseifner with non-power-of-2 numprocs=34
16: Starting Rabenseifner with non-power-of-2 numprocs=34
20: Starting Rabenseifner with non-power-of-2 numprocs=34
6: Starting Rabenseifner with non-power-of-2 numprocs=34
17: Starting Rabenseifner with non-power-of-2 numprocs=34
5: Starting Rabenseifner with non-power-of-2 numprocs=34
28: Starting Rabenseifner with non-power-of-2 numprocs=34
33: Starting Rabenseifner with non-power-of-2 numprocs=34
9: Starting Rabenseifner with non-power-of-2 numprocs=34
22: Starting Rabenseifner with non-power-of-2 numprocs=34
7: Starting Rabenseifner with non-power-of-2 numprocs=34
32: Starting Rabenseifner with non-power-of-2 numprocs=34
25: Starting Rabenseifner with non-power-of-2 numprocs=34
24: Starting Rabenseifner with non-power-of-2 numprocs=34
14: Starting Rabenseifner with non-power-of-2 numprocs=34
23: Starting Rabenseifner with non-power-of-2 numprocs=34
2: Starting Rabenseifner with non-power-of-2 numprocs=34
26: Starting Rabenseifner with non-power-of-2 numprocs=34
3: Starting Rabenseifner with non-power-of-2 numprocs=34
1: Starting Rabenseifner with non-power-of-2 numprocs=34
27: Starting Rabenseifner with non-power-of-2 numprocs=34
4: Starting Rabenseifner with non-power-of-2 numprocs=34
time: 0.000016s
Iteration 15
15: Starting Rabenseifner with non-power-of-2 numprocs=34
31: Starting Rabenseifner with non-power-of-2 numprocs=34
29: Starting Rabenseifner with non-power-of-2 numprocs=34
13: Starting Rabenseifner with non-power-of-2 numprocs=34
0: Starting Rabenseifner with non-power-of-2 numprocs=34
time: 0.000017s
11: Starting Rabenseifner with non-power-of-2 numprocs=34
16: Starting Rabenseifner with non-power-of-2 numprocs=34
5: Starting Rabenseifner with non-power-of-2 numprocs=34
23: Starting Rabenseifner with non-power-of-2 numprocs=34
1: Starting Rabenseifner with non-power-of-2 numprocs=34
4: Starting Rabenseifner with non-power-of-2 numprocs=34
Iteration 16
10: Starting Rabenseifner with non-power-of-2 numprocs=34
30: Starting Rabenseifner with non-power-of-2 numprocs=34
21: Starting Rabenseifner with non-power-of-2 numprocs=34
19: Starting Rabenseifner with non-power-of-2 numprocs=34
12: Starting Rabenseifner with non-power-of-2 numprocs=34
18: Starting Rabenseifner with non-power-of-2 numprocs=34
15: Starting Rabenseifner with non-power-of-2 numprocs=34
8: Starting Rabenseifner with non-power-of-2 numprocs=34
20: Starting Rabenseifner with non-power-of-2 numprocs=34
6: Starting Rabenseifner with non-power-of-2 numprocs=34
31: Starting Rabenseifner with non-power-of-2 numprocs=34
17: Starting Rabenseifner with non-power-of-2 numprocs=34
28: Starting Rabenseifner with non-power-of-2 numprocs=34
33: Starting Rabenseifner with non-power-of-2 numprocs=34
29: Starting Rabenseifner with non-power-of-2 numprocs=34
9: Starting Rabenseifner with non-power-of-2 numprocs=34
22: Starting Rabenseifner with non-power-of-2 numprocs=34
7: Starting Rabenseifner with non-power-of-2 numprocs=34
32: Starting Rabenseifner with non-power-of-2 numprocs=34
25: Starting Rabenseifner with non-power-of-2 numprocs=34
24: Starting Rabenseifner with non-power-of-2 numprocs=34
13: Starting Rabenseifner with non-power-of-2 numprocs=34
14: Starting Rabenseifner with non-power-of-2 numprocs=34
2: Starting Rabenseifner with non-power-of-2 numprocs=34
26: Starting Rabenseifner with non-power-of-2 numprocs=34
3: Starting Rabenseifner with non-power-of-2 numprocs=34
27: Starting Rabenseifner with non-power-of-2 numprocs=34
0: Starting Rabenseifner with non-power-of-2 numprocs=34
time: 0.000014s
30: Starting Rabenseifner with non-power-of-2 numprocs=34
18: Starting Rabenseifner with non-power-of-2 numprocs=34
15: Starting Rabenseifner with non-power-of-2 numprocs=34
20: Starting Rabenseifner with non-power-of-2 numprocs=34
5: Starting Rabenseifner with non-power-of-2 numprocs=34
28: Starting Rabenseifner with non-power-of-2 numprocs=34
33: Starting Rabenseifner with non-power-of-2 numprocs=34
29: Starting Rabenseifner with non-power-of-2 numprocs=34
32: Starting Rabenseifner with non-power-of-2 numprocs=34
Iteration 17
10: Starting Rabenseifner with non-power-of-2 numprocs=34
21: Starting Rabenseifner with non-power-of-2 numprocs=34
19: Starting Rabenseifner with non-power-of-2 numprocs=34
12: Starting Rabenseifner with non-power-of-2 numprocs=34
11: Starting Rabenseifner with non-power-of-2 numprocs=34
8: Starting Rabenseifner with non-power-of-2 numprocs=34
16: Starting Rabenseifner with non-power-of-2 numprocs=34
6: Starting Rabenseifner with non-power-of-2 numprocs=34
31: Starting Rabenseifner with non-power-of-2 numprocs=34
17: Starting Rabenseifner with non-power-of-2 numprocs=34
9: Starting Rabenseifner with non-power-of-2 numprocs=34
22: Starting Rabenseifner with non-power-of-2 numprocs=34
7: Starting Rabenseifner with non-power-of-2 numprocs=34
25: Starting Rabenseifner with non-power-of-2 numprocs=34
24: Starting Rabenseifner with non-power-of-2 numprocs=34
13: Starting Rabenseifner with non-power-of-2 numprocs=34
14: Starting Rabenseifner with non-power-of-2 numprocs=34
23: Starting Rabenseifner with non-power-of-2 numprocs=34
2: Starting Rabenseifner with non-power-of-2 numprocs=34
26: Starting Rabenseifner with non-power-of-2 numprocs=34
3: Starting Rabenseifner with non-power-of-2 numprocs=34
1: Starting Rabenseifner with non-power-of-2 numprocs=34
27: Starting Rabenseifner with non-power-of-2 numprocs=34
4: Starting Rabenseifner with non-power-of-2 numprocs=34
0: Starting Rabenseifner with non-power-of-2 numprocs=34
time: 0.000013s
Iteration 18
28: Starting Rabenseifner with non-power-of-2 numprocs=34
22: Starting Rabenseifner with non-power-of-2 numprocs=34
32: Starting Rabenseifner with non-power-of-2 numprocs=34
27: Starting Rabenseifner with non-power-of-2 numprocs=34
10: Starting Rabenseifner with non-power-of-2 numprocs=34
30: Starting Rabenseifner with non-power-of-2 numprocs=34
21: Starting Rabenseifner with non-power-of-2 numprocs=34
19: Starting Rabenseifner with non-power-of-2 numprocs=34
12: Starting Rabenseifner with non-power-of-2 numprocs=34
18: Starting Rabenseifner with non-power-of-2 numprocs=34
11: Starting Rabenseifner with non-power-of-2 numprocs=34
15: Starting Rabenseifner with non-power-of-2 numprocs=34
8: Starting Rabenseifner with non-power-of-2 numprocs=34
16: Starting Rabenseifner with non-power-of-2 numprocs=34
20: Starting Rabenseifner with non-power-of-2 numprocs=34
6: Starting Rabenseifner with non-power-of-2 numprocs=34
31: Starting Rabenseifner with non-power-of-2 numprocs=34
17: Starting Rabenseifner with non-power-of-2 numprocs=34
5: Starting Rabenseifner with non-power-of-2 numprocs=34
33: Starting Rabenseifner with non-power-of-2 numprocs=34
29: Starting Rabenseifner with non-power-of-2 numprocs=34
9: Starting Rabenseifner with non-power-of-2 numprocs=34
7: Starting Rabenseifner with non-power-of-2 numprocs=34
25: Starting Rabenseifner with non-power-of-2 numprocs=34
24: Starting Rabenseifner with non-power-of-2 numprocs=34
13: Starting Rabenseifner with non-power-of-2 numprocs=34
14: Starting Rabenseifner with non-power-of-2 numprocs=34
23: Starting Rabenseifner with non-power-of-2 numprocs=34
2: Starting Rabenseifner with non-power-of-2 numprocs=34
26: Starting Rabenseifner with non-power-of-2 numprocs=34
3: Starting Rabenseifner with non-power-of-2 numprocs=34
1: Starting Rabenseifner with non-power-of-2 numprocs=34
4: Starting Rabenseifner with non-power-of-2 numprocs=34
0: Starting Rabenseifner with non-power-of-2 numprocs=34
time: 0.000013s
12: Starting Rabenseifner with non-power-of-2 numprocs=34
28: Starting Rabenseifner with non-power-of-2 numprocs=34
29: Starting Rabenseifner with non-power-of-2 numprocs=34
22: Starting Rabenseifner with non-power-of-2 numprocs=34
32: Starting Rabenseifner with non-power-of-2 numprocs=34
2: Starting Rabenseifner with non-power-of-2 numprocs=34
27: Starting Rabenseifner with non-power-of-2 numprocs=34
Iteration 19
10: Starting Rabenseifner with non-power-of-2 numprocs=34
30: Starting Rabenseifner with non-power-of-2 numprocs=34
21: Starting Rabenseifner with non-power-of-2 numprocs=34
19: Starting Rabenseifner with non-power-of-2 numprocs=34
18: Starting Rabenseifner with non-power-of-2 numprocs=34
11: Starting Rabenseifner with non-power-of-2 numprocs=34
15: Starting Rabenseifner with non-power-of-2 numprocs=34
8: Starting Rabenseifner with non-power-of-2 numprocs=34
16: Starting Rabenseifner with non-power-of-2 numprocs=34
20: Starting Rabenseifner with non-power-of-2 numprocs=34
6: Starting Rabenseifner with non-power-of-2 numprocs=34
31: Starting Rabenseifner with non-power-of-2 numprocs=34
17: Starting Rabenseifner with non-power-of-2 numprocs=34
5: Starting Rabenseifner with non-power-of-2 numprocs=34
33: Starting Rabenseifner with non-power-of-2 numprocs=34
9: Starting Rabenseifner with non-power-of-2 numprocs=34
7: Starting Rabenseifner with non-power-of-2 numprocs=34
25: Starting Rabenseifner with non-power-of-2 numprocs=34
24: Starting Rabenseifner with non-power-of-2 numprocs=34
13: Starting Rabenseifner with non-power-of-2 numprocs=34
14: Starting Rabenseifner with non-power-of-2 numprocs=34
23: Starting Rabenseifner with non-power-of-2 numprocs=34
26: Starting Rabenseifner with non-power-of-2 numprocs=34
3: Starting Rabenseifner with non-power-of-2 numprocs=34
1: Starting Rabenseifner with non-power-of-2 numprocs=34
4: Starting Rabenseifner with non-power-of-2 numprocs=34
0: Starting Rabenseifner with non-power-of-2 numprocs=34
time: 0.000013s
10: Starting Rabenseifner with non-power-of-2 numprocs=34
19: Starting Rabenseifner with non-power-of-2 numprocs=34
11: Starting Rabenseifner with non-power-of-2 numprocs=34
16: Starting Rabenseifner with non-power-of-2 numprocs=34
17: Starting Rabenseifner with non-power-of-2 numprocs=34
5: Starting Rabenseifner with non-power-of-2 numprocs=34
9: Starting Rabenseifner with non-power-of-2 numprocs=34
22: Starting Rabenseifner with non-power-of-2 numprocs=34
7: Starting Rabenseifner with non-power-of-2 numprocs=34
25: Starting Rabenseifner with non-power-of-2 numprocs=34
23: Starting Rabenseifner with non-power-of-2 numprocs=34
26: Starting Rabenseifner with non-power-of-2 numprocs=34
1: Starting Rabenseifner with non-power-of-2 numprocs=34
27: Starting Rabenseifner with non-power-of-2 numprocs=34
4: Starting Rabenseifner with non-power-of-2 numprocs=34
Iteration 20
30: Starting Rabenseifner with non-power-of-2 numprocs=34
21: Starting Rabenseifner with non-power-of-2 numprocs=34
12: Starting Rabenseifner with non-power-of-2 numprocs=34
18: Starting Rabenseifner with non-power-of-2 numprocs=34
15: Starting Rabenseifner with non-power-of-2 numprocs=34
8: Starting Rabenseifner with non-power-of-2 numprocs=34
20: Starting Rabenseifner with non-power-of-2 numprocs=34
6: Starting Rabenseifner with non-power-of-2 numprocs=34
31: Starting Rabenseifner with non-power-of-2 numprocs=34
28: Starting Rabenseifner with non-power-of-2 numprocs=34
33: Starting Rabenseifner with non-power-of-2 numprocs=34
29: Starting Rabenseifner with non-power-of-2 numprocs=34
32: Starting Rabenseifner with non-power-of-2 numprocs=34
24: Starting Rabenseifner with non-power-of-2 numprocs=34
13: Starting Rabenseifner with non-power-of-2 numprocs=34
14: Starting Rabenseifner with non-power-of-2 numprocs=34
2: Starting Rabenseifner with non-power-of-2 numprocs=34
3: Starting Rabenseifner with non-power-of-2 numprocs=34
0: Starting Rabenseifner with non-power-of-2 numprocs=34
time: 0.000014s
Iteration 21
10: Starting Rabenseifner with non-power-of-2 numprocs=34
30: Starting Rabenseifner with non-power-of-2 numprocs=34
19: Starting Rabenseifner with non-power-of-2 numprocs=34
12: Starting Rabenseifner with non-power-of-2 numprocs=34
18: Starting Rabenseifner with non-power-of-2 numprocs=34
11: Starting Rabenseifner with non-power-of-2 numprocs=34
15: Starting Rabenseifner with non-power-of-2 numprocs=34
8: Starting Rabenseifner with non-power-of-2 numprocs=34
16: Starting Rabenseifner with non-power-of-2 numprocs=34
20: Starting Rabenseifner with non-power-of-2 numprocs=34
6: Starting Rabenseifner with non-power-of-2 numprocs=34
31: Starting Rabenseifner with non-power-of-2 numprocs=34
17: Starting Rabenseifner with non-power-of-2 numprocs=34
28: Starting Rabenseifner with non-power-of-2 numprocs=34
33: Starting Rabenseifner with non-power-of-2 numprocs=34
29: Starting Rabenseifner with non-power-of-2 numprocs=34
9: Starting Rabenseifner with non-power-of-2 numprocs=34
22: Starting Rabenseifner with non-power-of-2 numprocs=34
7: Starting Rabenseifner with non-power-of-2 numprocs=34
32: Starting Rabenseifner with non-power-of-2 numprocs=34
25: Starting Rabenseifner with non-power-of-2 numprocs=34
24: Starting Rabenseifner with non-power-of-2 numprocs=34
13: Starting Rabenseifner with non-power-of-2 numprocs=34
14: Starting Rabenseifner with non-power-of-2 numprocs=34
2: Starting Rabenseifner with non-power-of-2 numprocs=34
26: Starting Rabenseifner with non-power-of-2 numprocs=34
1: Starting Rabenseifner with non-power-of-2 numprocs=34
27: Starting Rabenseifner with non-power-of-2 numprocs=34
4: Starting Rabenseifner with non-power-of-2 numprocs=34
21: Starting Rabenseifner with non-power-of-2 numprocs=34
5: Starting Rabenseifner with non-power-of-2 numprocs=34
23: Starting Rabenseifner with non-power-of-2 numprocs=34
3: Starting Rabenseifner with non-power-of-2 numprocs=34
0: Starting Rabenseifner with non-power-of-2 numprocs=34
time: 0.000014s
Iteration 22
10: Starting Rabenseifner with non-power-of-2 numprocs=34
30: Starting Rabenseifner with non-power-of-2 numprocs=34
21: Starting Rabenseifner with non-power-of-2 numprocs=34
19: Starting Rabenseifner with non-power-of-2 numprocs=34
12: Starting Rabenseifner with non-power-of-2 numprocs=34
18: Starting Rabenseifner with non-power-of-2 numprocs=34
11: Starting Rabenseifner with non-power-of-2 numprocs=34
15: Starting Rabenseifner with non-power-of-2 numprocs=34
8: Starting Rabenseifner with non-power-of-2 numprocs=34
16: Starting Rabenseifner with non-power-of-2 numprocs=34
20: Starting Rabenseifner with non-power-of-2 numprocs=34
6: Starting Rabenseifner with non-power-of-2 numprocs=34
31: Starting Rabenseifner with non-power-of-2 numprocs=34
17: Starting Rabenseifner with non-power-of-2 numprocs=34
5: Starting Rabenseifner with non-power-of-2 numprocs=34
28: Starting Rabenseifner with non-power-of-2 numprocs=34
33: Starting Rabenseifner with non-power-of-2 numprocs=34
29: Starting Rabenseifner with non-power-of-2 numprocs=34
9: Starting Rabenseifner with non-power-of-2 numprocs=34
22: Starting Rabenseifner with non-power-of-2 numprocs=34
7: Starting Rabenseifner with non-power-of-2 numprocs=34
32: Starting Rabenseifner with non-power-of-2 numprocs=34
25: Starting Rabenseifner with non-power-of-2 numprocs=34
24: Starting Rabenseifner with non-power-of-2 numprocs=34
13: Starting Rabenseifner with non-power-of-2 numprocs=34
14: Starting Rabenseifner with non-power-of-2 numprocs=34
23: Starting Rabenseifner with non-power-of-2 numprocs=34
2: Starting Rabenseifner with non-power-of-2 numprocs=34
26: Starting Rabenseifner with non-power-of-2 numprocs=34
3: Starting Rabenseifner with non-power-of-2 numprocs=34
1: Starting Rabenseifner with non-power-of-2 numprocs=34
27: Starting Rabenseifner with non-power-of-2 numprocs=34
4: Starting Rabenseifner with non-power-of-2 numprocs=34
0: Starting Rabenseifner with non-power-of-2 numprocs=34
time: 0.000014s
Iteration 23
18: Starting Rabenseifner with non-power-of-2 numprocs=34
33: Starting Rabenseifner with non-power-of-2 numprocs=34
7: Starting Rabenseifner with non-power-of-2 numprocs=34
32: Starting Rabenseifner with non-power-of-2 numprocs=34
10: Starting Rabenseifner with non-power-of-2 numprocs=34
30: Starting Rabenseifner with non-power-of-2 numprocs=34
21: Starting Rabenseifner with non-power-of-2 numprocs=34
19: Starting Rabenseifner with non-power-of-2 numprocs=34
12: Starting Rabenseifner with non-power-of-2 numprocs=34
11: Starting Rabenseifner with non-power-of-2 numprocs=34
15: Starting Rabenseifner with non-power-of-2 numprocs=34
8: Starting Rabenseifner with non-power-of-2 numprocs=34
16: Starting Rabenseifner with non-power-of-2 numprocs=34
20: Starting Rabenseifner with non-power-of-2 numprocs=34
6: Starting Rabenseifner with non-power-of-2 numprocs=34
31: Starting Rabenseifner with non-power-of-2 numprocs=34
17: Starting Rabenseifner with non-power-of-2 numprocs=34
5: Starting Rabenseifner with non-power-of-2 numprocs=34
28: Starting Rabenseifner with non-power-of-2 numprocs=34
29: Starting Rabenseifner with non-power-of-2 numprocs=34
9: Starting Rabenseifner with non-power-of-2 numprocs=34
22: Starting Rabenseifner with non-power-of-2 numprocs=34
25: Starting Rabenseifner with non-power-of-2 numprocs=34
24: Starting Rabenseifner with non-power-of-2 numprocs=34
13: Starting Rabenseifner with non-power-of-2 numprocs=34
14: Starting Rabenseifner with non-power-of-2 numprocs=34
23: Starting Rabenseifner with non-power-of-2 numprocs=34
2: Starting Rabenseifner with non-power-of-2 numprocs=34
26: Starting Rabenseifner with non-power-of-2 numprocs=34
3: Starting Rabenseifner with non-power-of-2 numprocs=34
1: Starting Rabenseifner with non-power-of-2 numprocs=34
27: Starting Rabenseifner with non-power-of-2 numprocs=34
4: Starting Rabenseifner with non-power-of-2 numprocs=34
0: Starting Rabenseifner with non-power-of-2 numprocs=34
time: 0.000014s
Iteration 24
10: Starting Rabenseifner with non-power-of-2 numprocs=34
30: Starting Rabenseifner with non-power-of-2 numprocs=34
21: Starting Rabenseifner with non-power-of-2 numprocs=34
19: Starting Rabenseifner with non-power-of-2 numprocs=34
12: Starting Rabenseifner with non-power-of-2 numprocs=34
18: Starting Rabenseifner with non-power-of-2 numprocs=34
11: Starting Rabenseifner with non-power-of-2 numprocs=34
15: Starting Rabenseifner with non-power-of-2 numprocs=34
8: Starting Rabenseifner with non-power-of-2 numprocs=34
16: Starting Rabenseifner with non-power-of-2 numprocs=34
20: Starting Rabenseifner with non-power-of-2 numprocs=34
6: Starting Rabenseifner with non-power-of-2 numprocs=34
31: Starting Rabenseifner with non-power-of-2 numprocs=34
17: Starting Rabenseifner with non-power-of-2 numprocs=34
5: Starting Rabenseifner with non-power-of-2 numprocs=34
28: Starting Rabenseifner with non-power-of-2 numprocs=34
33: Starting Rabenseifner with non-power-of-2 numprocs=34
29: Starting Rabenseifner with non-power-of-2 numprocs=34
9: Starting Rabenseifner with non-power-of-2 numprocs=34
22: Starting Rabenseifner with non-power-of-2 numprocs=34
7: Starting Rabenseifner with non-power-of-2 numprocs=34
32: Starting Rabenseifner with non-power-of-2 numprocs=34
25: Starting Rabenseifner with non-power-of-2 numprocs=34
24: Starting Rabenseifner with non-power-of-2 numprocs=34
13: Starting Rabenseifner with non-power-of-2 numprocs=34
14: Starting Rabenseifner with non-power-of-2 numprocs=34
23: Starting Rabenseifner with non-power-of-2 numprocs=34
2: Starting Rabenseifner with non-power-of-2 numprocs=34
26: Starting Rabenseifner with non-power-of-2 numprocs=34
3: Starting Rabenseifner with non-power-of-2 numprocs=34
1: Starting Rabenseifner with non-power-of-2 numprocs=34
27: Starting Rabenseifner with non-power-of-2 numprocs=34
4: Starting Rabenseifner with non-power-of-2 numprocs=34
0: Starting Rabenseifner with non-power-of-2 numprocs=34
time: 0.000013s
18: Starting Rabenseifner with non-power-of-2 numprocs=34
17: Starting Rabenseifner with non-power-of-2 numprocs=34
33: Starting Rabenseifner with non-power-of-2 numprocs=34
22: Starting Rabenseifner with non-power-of-2 numprocs=34
32: Starting Rabenseifner with non-power-of-2 numprocs=34
26: Starting Rabenseifner with non-power-of-2 numprocs=34
27: Starting Rabenseifner with non-power-of-2 numprocs=34
Iteration 25
10: Starting Rabenseifner with non-power-of-2 numprocs=34
30: Starting Rabenseifner with non-power-of-2 numprocs=34
21: Starting Rabenseifner with non-power-of-2 numprocs=34
19: Starting Rabenseifner with non-power-of-2 numprocs=34
12: Starting Rabenseifner with non-power-of-2 numprocs=34
11: Starting Rabenseifner with non-power-of-2 numprocs=34
15: Starting Rabenseifner with non-power-of-2 numprocs=34
8: Starting Rabenseifner with non-power-of-2 numprocs=34
16: Starting Rabenseifner with non-power-of-2 numprocs=34
20: Starting Rabenseifner with non-power-of-2 numprocs=34
6: Starting Rabenseifner with non-power-of-2 numprocs=34
31: Starting Rabenseifner with non-power-of-2 numprocs=34
5: Starting Rabenseifner with non-power-of-2 numprocs=34
28: Starting Rabenseifner with non-power-of-2 numprocs=34
29: Starting Rabenseifner with non-power-of-2 numprocs=34
9: Starting Rabenseifner with non-power-of-2 numprocs=34
7: Starting Rabenseifner with non-power-of-2 numprocs=34
25: Starting Rabenseifner with non-power-of-2 numprocs=34
24: Starting Rabenseifner with non-power-of-2 numprocs=34
13: Starting Rabenseifner with non-power-of-2 numprocs=34
14: Starting Rabenseifner with non-power-of-2 numprocs=34
23: Starting Rabenseifner with non-power-of-2 numprocs=34
2: Starting Rabenseifner with non-power-of-2 numprocs=34
3: Starting Rabenseifner with non-power-of-2 numprocs=34
1: Starting Rabenseifner with non-power-of-2 numprocs=34
4: Starting Rabenseifner with non-power-of-2 numprocs=34
0: Starting Rabenseifner with non-power-of-2 numprocs=34
time: 0.000018s
Iteration 26
10: Starting Rabenseifner with non-power-of-2 numprocs=34
30: Starting Rabenseifner with non-power-of-2 numprocs=34
21: Starting Rabenseifner with non-power-of-2 numprocs=34
19: Starting Rabenseifner with non-power-of-2 numprocs=34
12: Starting Rabenseifner with non-power-of-2 numprocs=34
18: Starting Rabenseifner with non-power-of-2 numprocs=34
11: Starting Rabenseifner with non-power-of-2 numprocs=34
15: Starting Rabenseifner with non-power-of-2 numprocs=34
8: Starting Rabenseifner with non-power-of-2 numprocs=34
16: Starting Rabenseifner with non-power-of-2 numprocs=34
20: Starting Rabenseifner with non-power-of-2 numprocs=34
6: Starting Rabenseifner with non-power-of-2 numprocs=34
31: Starting Rabenseifner with non-power-of-2 numprocs=34
17: Starting Rabenseifner with non-power-of-2 numprocs=34
5: Starting Rabenseifner with non-power-of-2 numprocs=34
28: Starting Rabenseifner with non-power-of-2 numprocs=34
33: Starting Rabenseifner with non-power-of-2 numprocs=34
29: Starting Rabenseifner with non-power-of-2 numprocs=34
9: Starting Rabenseifner with non-power-of-2 numprocs=34
22: Starting Rabenseifner with non-power-of-2 numprocs=34
7: Starting Rabenseifner with non-power-of-2 numprocs=34
32: Starting Rabenseifner with non-power-of-2 numprocs=34
25: Starting Rabenseifner with non-power-of-2 numprocs=34
24: Starting Rabenseifner with non-power-of-2 numprocs=34
13: Starting Rabenseifner with non-power-of-2 numprocs=34
14: Starting Rabenseifner with non-power-of-2 numprocs=34
23: Starting Rabenseifner with non-power-of-2 numprocs=34
2: Starting Rabenseifner with non-power-of-2 numprocs=34
26: Starting Rabenseifner with non-power-of-2 numprocs=34
3: Starting Rabenseifner with non-power-of-2 numprocs=34
1: Starting Rabenseifner with non-power-of-2 numprocs=34
27: Starting Rabenseifner with non-power-of-2 numprocs=34
4: Starting Rabenseifner with non-power-of-2 numprocs=34
0: Starting Rabenseifner with non-power-of-2 numprocs=34
30: Starting Rabenseifner with non-power-of-2 numprocs=34
21: Starting Rabenseifner with non-power-of-2 numprocs=34
19: Starting Rabenseifner with non-power-of-2 numprocs=34
11: Starting Rabenseifner with non-power-of-2 numprocs=34
15: Starting Rabenseifner with non-power-of-2 numprocs=34
8: Starting Rabenseifner with non-power-of-2 numprocs=34
16: Starting Rabenseifner with non-power-of-2 numprocs=34
6: Starting Rabenseifner with non-power-of-2 numprocs=34
31: Starting Rabenseifner with non-power-of-2 numprocs=34
17: Starting Rabenseifner with non-power-of-2 numprocs=34
5: Starting Rabenseifner with non-power-of-2 numprocs=34
33: Starting Rabenseifner with non-power-of-2 numprocs=34
29: Starting Rabenseifner with non-power-of-2 numprocs=34
9: Starting Rabenseifner with non-power-of-2 numprocs=34
22: Starting Rabenseifner with non-power-of-2 numprocs=34
7: Starting Rabenseifner with non-power-of-2 numprocs=34
32: Starting Rabenseifner with non-power-of-2 numprocs=34
25: Starting Rabenseifner with non-power-of-2 numprocs=34
13: Starting Rabenseifner with non-power-of-2 numprocs=34
14: Starting Rabenseifner with non-power-of-2 numprocs=34
23: Starting Rabenseifner with non-power-of-2 numprocs=34
3: Starting Rabenseifner with non-power-of-2 numprocs=34
1: Starting Rabenseifner with non-power-of-2 numprocs=34
27: Starting Rabenseifner with non-power-of-2 numprocs=34
time: 0.000013s
Iteration 27
10: Starting Rabenseifner with non-power-of-2 numprocs=34
12: Starting Rabenseifner with non-power-of-2 numprocs=34
18: Starting Rabenseifner with non-power-of-2 numprocs=34
20: Starting Rabenseifner with non-power-of-2 numprocs=34
28: Starting Rabenseifner with non-power-of-2 numprocs=34
2: Starting Rabenseifner with non-power-of-2 numprocs=34
26: Starting Rabenseifner with non-power-of-2 numprocs=34
4: Starting Rabenseifner with non-power-of-2 numprocs=34
24: Starting Rabenseifner with non-power-of-2 numprocs=34
0: Starting Rabenseifner with non-power-of-2 numprocs=34
time: 0.000015s
Iteration 28
23: Starting Rabenseifner with non-power-of-2 numprocs=34
2: Starting Rabenseifner with non-power-of-2 numprocs=34
26: Starting Rabenseifner with non-power-of-2 numprocs=34
3: Starting Rabenseifner with non-power-of-2 numprocs=34
1: Starting Rabenseifner with non-power-of-2 numprocs=34
27: Starting Rabenseifner with non-power-of-2 numprocs=34
4: Starting Rabenseifner with non-power-of-2 numprocs=34
10: Starting Rabenseifner with non-power-of-2 numprocs=34
30: Starting Rabenseifner with non-power-of-2 numprocs=34
21: Starting Rabenseifner with non-power-of-2 numprocs=34
19: Starting Rabenseifner with non-power-of-2 numprocs=34
12: Starting Rabenseifner with non-power-of-2 numprocs=34
18: Starting Rabenseifner with non-power-of-2 numprocs=34
11: Starting Rabenseifner with non-power-of-2 numprocs=34
15: Starting Rabenseifner with non-power-of-2 numprocs=34
8: Starting Rabenseifner with non-power-of-2 numprocs=34
16: Starting Rabenseifner with non-power-of-2 numprocs=34
20: Starting Rabenseifner with non-power-of-2 numprocs=34
6: Starting Rabenseifner with non-power-of-2 numprocs=34
31: Starting Rabenseifner with non-power-of-2 numprocs=34
17: Starting Rabenseifner with non-power-of-2 numprocs=34
5: Starting Rabenseifner with non-power-of-2 numprocs=34
28: Starting Rabenseifner with non-power-of-2 numprocs=34
33: Starting Rabenseifner with non-power-of-2 numprocs=34
29: Starting Rabenseifner with non-power-of-2 numprocs=34
9: Starting Rabenseifner with non-power-of-2 numprocs=34
22: Starting Rabenseifner with non-power-of-2 numprocs=34
7: Starting Rabenseifner with non-power-of-2 numprocs=34
32: Starting Rabenseifner with non-power-of-2 numprocs=34
25: Starting Rabenseifner with non-power-of-2 numprocs=34
13: Starting Rabenseifner with non-power-of-2 numprocs=34
14: Starting Rabenseifner with non-power-of-2 numprocs=34
24: Starting Rabenseifner with non-power-of-2 numprocs=34
0: Starting Rabenseifner with non-power-of-2 numprocs=34
time: 0.000013s
Iteration 29
10: Starting Rabenseifner with non-power-of-2 numprocs=34
30: Starting Rabenseifner with non-power-of-2 numprocs=34
21: Starting Rabenseifner with non-power-of-2 numprocs=34
19: Starting Rabenseifner with non-power-of-2 numprocs=34
12: Starting Rabenseifner with non-power-of-2 numprocs=34
18: Starting Rabenseifner with non-power-of-2 numprocs=34
11: Starting Rabenseifner with non-power-of-2 numprocs=34
15: Starting Rabenseifner with non-power-of-2 numprocs=34
8: Starting Rabenseifner with non-power-of-2 numprocs=34
16: Starting Rabenseifner with non-power-of-2 numprocs=34
20: Starting Rabenseifner with non-power-of-2 numprocs=34
6: Starting Rabenseifner with non-power-of-2 numprocs=34
31: Starting Rabenseifner with non-power-of-2 numprocs=34
17: Starting Rabenseifner with non-power-of-2 numprocs=34
5: Starting Rabenseifner with non-power-of-2 numprocs=34
28: Starting Rabenseifner with non-power-of-2 numprocs=34
33: Starting Rabenseifner with non-power-of-2 numprocs=34
29: Starting Rabenseifner with non-power-of-2 numprocs=34
9: Starting Rabenseifner with non-power-of-2 numprocs=34
22: Starting Rabenseifner with non-power-of-2 numprocs=34
7: Starting Rabenseifner with non-power-of-2 numprocs=34
32: Starting Rabenseifner with non-power-of-2 numprocs=34
25: Starting Rabenseifner with non-power-of-2 numprocs=34
24: Starting Rabenseifner with non-power-of-2 numprocs=34
13: Starting Rabenseifner with non-power-of-2 numprocs=34
14: Starting Rabenseifner with non-power-of-2 numprocs=34
23: Starting Rabenseifner with non-power-of-2 numprocs=34
2: Starting Rabenseifner with non-power-of-2 numprocs=34
26: Starting Rabenseifner with non-power-of-2 numprocs=34
3: Starting Rabenseifner with non-power-of-2 numprocs=34
1: Starting Rabenseifner with non-power-of-2 numprocs=34
27: Starting Rabenseifner with non-power-of-2 numprocs=34
4: Starting Rabenseifner with non-power-of-2 numprocs=34
0: Starting Rabenseifner with non-power-of-2 numprocs=34
time: 0.000013s
Iteration 30
10: Starting Rabenseifner with non-power-of-2 numprocs=34
30: Starting Rabenseifner with non-power-of-2 numprocs=34
21: Starting Rabenseifner with non-power-of-2 numprocs=34
19: Starting Rabenseifner with non-power-of-2 numprocs=34
12: Starting Rabenseifner with non-power-of-2 numprocs=34
18: Starting Rabenseifner with non-power-of-2 numprocs=34
11: Starting Rabenseifner with non-power-of-2 numprocs=34
15: Starting Rabenseifner with non-power-of-2 numprocs=34
8: Starting Rabenseifner with non-power-of-2 numprocs=34
16: Starting Rabenseifner with non-power-of-2 numprocs=34
20: Starting Rabenseifner with non-power-of-2 numprocs=34
6: Starting Rabenseifner with non-power-of-2 numprocs=34
31: Starting Rabenseifner with non-power-of-2 numprocs=34
17: Starting Rabenseifner with non-power-of-2 numprocs=34
5: Starting Rabenseifner with non-power-of-2 numprocs=34
28: Starting Rabenseifner with non-power-of-2 numprocs=34
33: Starting Rabenseifner with non-power-of-2 numprocs=34
29: Starting Rabenseifner with non-power-of-2 numprocs=34
9: Starting Rabenseifner with non-power-of-2 numprocs=34
22: Starting Rabenseifner with non-power-of-2 numprocs=34
7: Starting Rabenseifner with non-power-of-2 numprocs=34
32: Starting Rabenseifner with non-power-of-2 numprocs=34
25: Starting Rabenseifner with non-power-of-2 numprocs=34
24: Starting Rabenseifner with non-power-of-2 numprocs=34
13: Starting Rabenseifner with non-power-of-2 numprocs=34
14: Starting Rabenseifner with non-power-of-2 numprocs=34
23: Starting Rabenseifner with non-power-of-2 numprocs=34
2: Starting Rabenseifner with non-power-of-2 numprocs=34
26: Starting Rabenseifner with non-power-of-2 numprocs=34
3: Starting Rabenseifner with non-power-of-2 numprocs=34
1: Starting Rabenseifner with non-power-of-2 numprocs=34
27: Starting Rabenseifner with non-power-of-2 numprocs=34
4: Starting Rabenseifner with non-power-of-2 numprocs=34
0: Starting Rabenseifner with non-power-of-2 numprocs=34
time: 0.000012s
3: Starting Rabenseifner with non-power-of-2 numprocs=34
10: Starting Rabenseifner with non-power-of-2 numprocs=34
11: Starting Rabenseifner with non-power-of-2 numprocs=34
16: Starting Rabenseifner with non-power-of-2 numprocs=34
17: Starting Rabenseifner with non-power-of-2 numprocs=34
22: Starting Rabenseifner with non-power-of-2 numprocs=34
24: Starting Rabenseifner with non-power-of-2 numprocs=34
26: Starting Rabenseifner with non-power-of-2 numprocs=34
1: Starting Rabenseifner with non-power-of-2 numprocs=34
27: Starting Rabenseifner with non-power-of-2 numprocs=34
4: Starting Rabenseifner with non-power-of-2 numprocs=34
Iteration 31
30: Starting Rabenseifner with non-power-of-2 numprocs=34
21: Starting Rabenseifner with non-power-of-2 numprocs=34
19: Starting Rabenseifner with non-power-of-2 numprocs=34
12: Starting Rabenseifner with non-power-of-2 numprocs=34
18: Starting Rabenseifner with non-power-of-2 numprocs=34
15: Starting Rabenseifner with non-power-of-2 numprocs=34
8: Starting Rabenseifner with non-power-of-2 numprocs=34
20: Starting Rabenseifner with non-power-of-2 numprocs=34
6: Starting Rabenseifner with non-power-of-2 numprocs=34
31: Starting Rabenseifner with non-power-of-2 numprocs=34
5: Starting Rabenseifner with non-power-of-2 numprocs=34
28: Starting Rabenseifner with non-power-of-2 numprocs=34
33: Starting Rabenseifner with non-power-of-2 numprocs=34
29: Starting Rabenseifner with non-power-of-2 numprocs=34
9: Starting Rabenseifner with non-power-of-2 numprocs=34
7: Starting Rabenseifner with non-power-of-2 numprocs=34
32: Starting Rabenseifner with non-power-of-2 numprocs=34
25: Starting Rabenseifner with non-power-of-2 numprocs=34
13: Starting Rabenseifner with non-power-of-2 numprocs=34
14: Starting Rabenseifner with non-power-of-2 numprocs=34
23: Starting Rabenseifner with non-power-of-2 numprocs=34
2: Starting Rabenseifner with non-power-of-2 numprocs=34
0: Starting Rabenseifner with non-power-of-2 numprocs=34
time: 0.000015s
30: Starting Rabenseifner with non-power-of-2 numprocs=34
18: Starting Rabenseifner with non-power-of-2 numprocs=34
22: Starting Rabenseifner with non-power-of-2 numprocs=34
26: Starting Rabenseifner with non-power-of-2 numprocs=34
27: Starting Rabenseifner with non-power-of-2 numprocs=34
Iteration 32
10: Starting Rabenseifner with non-power-of-2 numprocs=34
21: Starting Rabenseifner with non-power-of-2 numprocs=34
19: Starting Rabenseifner with non-power-of-2 numprocs=34
12: Starting Rabenseifner with non-power-of-2 numprocs=34
11: Starting Rabenseifner with non-power-of-2 numprocs=34
15: Starting Rabenseifner with non-power-of-2 numprocs=34
8: Starting Rabenseifner with non-power-of-2 numprocs=34
16: Starting Rabenseifner with non-power-of-2 numprocs=34
20: Starting Rabenseifner with non-power-of-2 numprocs=34
6: Starting Rabenseifner with non-power-of-2 numprocs=34
31: Starting Rabenseifner with non-power-of-2 numprocs=34
17: Starting Rabenseifner with non-power-of-2 numprocs=34
5: Starting Rabenseifner with non-power-of-2 numprocs=34
28: Starting Rabenseifner with non-power-of-2 numprocs=34
33: Starting Rabenseifner with non-power-of-2 numprocs=34
29: Starting Rabenseifner with non-power-of-2 numprocs=34
9: Starting Rabenseifner with non-power-of-2 numprocs=34
7: Starting Rabenseifner with non-power-of-2 numprocs=34
32: Starting Rabenseifner with non-power-of-2 numprocs=34
25: Starting Rabenseifner with non-power-of-2 numprocs=34
24: Starting Rabenseifner with non-power-of-2 numprocs=34
13: Starting Rabenseifner with non-power-of-2 numprocs=34
14: Starting Rabenseifner with non-power-of-2 numprocs=34
23: Starting Rabenseifner with non-power-of-2 numprocs=34
2: Starting Rabenseifner with non-power-of-2 numprocs=34
1: Starting Rabenseifner with non-power-of-2 numprocs=34
4: Starting Rabenseifner with non-power-of-2 numprocs=34
3: Starting Rabenseifner with non-power-of-2 numprocs=34
0: Starting Rabenseifner with non-power-of-2 numprocs=34
time: 0.000013s
21: Starting Rabenseifner with non-power-of-2 numprocs=34
5: Starting Rabenseifner with non-power-of-2 numprocs=34
9: Starting Rabenseifner with non-power-of-2 numprocs=34
22: Starting Rabenseifner with non-power-of-2 numprocs=34
25: Starting Rabenseifner with non-power-of-2 numprocs=34
23: Starting Rabenseifner with non-power-of-2 numprocs=34
1: Starting Rabenseifner with non-power-of-2 numprocs=34
4: Starting Rabenseifner with non-power-of-2 numprocs=34
Iteration 33
10: Starting Rabenseifner with non-power-of-2 numprocs=34
30: Starting Rabenseifner with non-power-of-2 numprocs=34
19: Starting Rabenseifner with non-power-of-2 numprocs=34
12: Starting Rabenseifner with non-power-of-2 numprocs=34
18: Starting Rabenseifner with non-power-of-2 numprocs=34
15: Starting Rabenseifner with non-power-of-2 numprocs=34
8: Starting Rabenseifner with non-power-of-2 numprocs=34
16: Starting Rabenseifner with non-power-of-2 numprocs=34
20: Starting Rabenseifner with non-power-of-2 numprocs=34
6: Starting Rabenseifner with non-power-of-2 numprocs=34
31: Starting Rabenseifner with non-power-of-2 numprocs=34
17: Starting Rabenseifner with non-power-of-2 numprocs=34
28: Starting Rabenseifner with non-power-of-2 numprocs=34
33: Starting Rabenseifner with non-power-of-2 numprocs=34
29: Starting Rabenseifner with non-power-of-2 numprocs=34
7: Starting Rabenseifner with non-power-of-2 numprocs=34
32: Starting Rabenseifner with non-power-of-2 numprocs=34
24: Starting Rabenseifner with non-power-of-2 numprocs=34
13: Starting Rabenseifner with non-power-of-2 numprocs=34
14: Starting Rabenseifner with non-power-of-2 numprocs=34
2: Starting Rabenseifner with non-power-of-2 numprocs=34
26: Starting Rabenseifner with non-power-of-2 numprocs=34
3: Starting Rabenseifner with non-power-of-2 numprocs=34
27: Starting Rabenseifner with non-power-of-2 numprocs=34
11: Starting Rabenseifner with non-power-of-2 numprocs=34
0: Starting Rabenseifner with non-power-of-2 numprocs=34
time: 0.000013s
16: Starting Rabenseifner with non-power-of-2 numprocs=34
32: Starting Rabenseifner with non-power-of-2 numprocs=34
13: Starting Rabenseifner with non-power-of-2 numprocs=34
14: Starting Rabenseifner with non-power-of-2 numprocs=34
1: Starting Rabenseifner with non-power-of-2 numprocs=34
4: Starting Rabenseifner with non-power-of-2 numprocs=34
Iteration 34
10: Starting Rabenseifner with non-power-of-2 numprocs=34
30: Starting Rabenseifner with non-power-of-2 numprocs=34
21: Starting Rabenseifner with non-power-of-2 numprocs=34
19: Starting Rabenseifner with non-power-of-2 numprocs=34
12: Starting Rabenseifner with non-power-of-2 numprocs=34
18: Starting Rabenseifner with non-power-of-2 numprocs=34
11: Starting Rabenseifner with non-power-of-2 numprocs=34
15: Starting Rabenseifner with non-power-of-2 numprocs=34
8: Starting Rabenseifner with non-power-of-2 numprocs=34
20: Starting Rabenseifner with non-power-of-2 numprocs=34
6: Starting Rabenseifner with non-power-of-2 numprocs=34
31: Starting Rabenseifner with non-power-of-2 numprocs=34
17: Starting Rabenseifner with non-power-of-2 numprocs=34
5: Starting Rabenseifner with non-power-of-2 numprocs=34
28: Starting Rabenseifner with non-power-of-2 numprocs=34
33: Starting Rabenseifner with non-power-of-2 numprocs=34
29: Starting Rabenseifner with non-power-of-2 numprocs=34
9: Starting Rabenseifner with non-power-of-2 numprocs=34
22: Starting Rabenseifner with non-power-of-2 numprocs=34
7: Starting Rabenseifner with non-power-of-2 numprocs=34
25: Starting Rabenseifner with non-power-of-2 numprocs=34
24: Starting Rabenseifner with non-power-of-2 numprocs=34
23: Starting Rabenseifner with non-power-of-2 numprocs=34
2: Starting Rabenseifner with non-power-of-2 numprocs=34
26: Starting Rabenseifner with non-power-of-2 numprocs=34
3: Starting Rabenseifner with non-power-of-2 numprocs=34
27: Starting Rabenseifner with non-power-of-2 numprocs=34
0: Starting Rabenseifner with non-power-of-2 numprocs=34
time: 0.000014s
Iteration 35
10: Starting Rabenseifner with non-power-of-2 numprocs=34
30: Starting Rabenseifner with non-power-of-2 numprocs=34
21: Starting Rabenseifner with non-power-of-2 numprocs=34
19: Starting Rabenseifner with non-power-of-2 numprocs=34
12: Starting Rabenseifner with non-power-of-2 numprocs=34
18: Starting Rabenseifner with non-power-of-2 numprocs=34
11: Starting Rabenseifner with non-power-of-2 numprocs=34
15: Starting Rabenseifner with non-power-of-2 numprocs=34
8: Starting Rabenseifner with non-power-of-2 numprocs=34
16: Starting Rabenseifner with non-power-of-2 numprocs=34
20: Starting Rabenseifner with non-power-of-2 numprocs=34
6: Starting Rabenseifner with non-power-of-2 numprocs=34
31: Starting Rabenseifner with non-power-of-2 numprocs=34
17: Starting Rabenseifner with non-power-of-2 numprocs=34
5: Starting Rabenseifner with non-power-of-2 numprocs=34
28: Starting Rabenseifner with non-power-of-2 numprocs=34
33: Starting Rabenseifner with non-power-of-2 numprocs=34
29: Starting Rabenseifner with non-power-of-2 numprocs=34
9: Starting Rabenseifner with non-power-of-2 numprocs=34
22: Starting Rabenseifner with non-power-of-2 numprocs=34
7: Starting Rabenseifner with non-power-of-2 numprocs=34
32: Starting Rabenseifner with non-power-of-2 numprocs=34
25: Starting Rabenseifner with non-power-of-2 numprocs=34
24: Starting Rabenseifner with non-power-of-2 numprocs=34
13: Starting Rabenseifner with non-power-of-2 numprocs=34
14: Starting Rabenseifner with non-power-of-2 numprocs=34
23: Starting Rabenseifner with non-power-of-2 numprocs=34
2: Starting Rabenseifner with non-power-of-2 numprocs=34
26: Starting Rabenseifner with non-power-of-2 numprocs=34
3: Starting Rabenseifner with non-power-of-2 numprocs=34
1: Starting Rabenseifner with non-power-of-2 numprocs=34
27: Starting Rabenseifner with non-power-of-2 numprocs=34
4: Starting Rabenseifner with non-power-of-2 numprocs=34
0: Starting Rabenseifner with non-power-of-2 numprocs=34
time: 0.000014s
Iteration 36
10: Starting Rabenseifner with non-power-of-2 numprocs=34
30: Starting Rabenseifner with non-power-of-2 numprocs=34
21: Starting Rabenseifner with non-power-of-2 numprocs=34
19: Starting Rabenseifner with non-power-of-2 numprocs=34
12: Starting Rabenseifner with non-power-of-2 numprocs=34
18: Starting Rabenseifner with non-power-of-2 numprocs=34
11: Starting Rabenseifner with non-power-of-2 numprocs=34
15: Starting Rabenseifner with non-power-of-2 numprocs=34
8: Starting Rabenseifner with non-power-of-2 numprocs=34
16: Starting Rabenseifner with non-power-of-2 numprocs=34
20: Starting Rabenseifner with non-power-of-2 numprocs=34
6: Starting Rabenseifner with non-power-of-2 numprocs=34
31: Starting Rabenseifner with non-power-of-2 numprocs=34
17: Starting Rabenseifner with non-power-of-2 numprocs=34
5: Starting Rabenseifner with non-power-of-2 numprocs=34
28: Starting Rabenseifner with non-power-of-2 numprocs=34
33: Starting Rabenseifner with non-power-of-2 numprocs=34
29: Starting Rabenseifner with non-power-of-2 numprocs=34
9: Starting Rabenseifner with non-power-of-2 numprocs=34
22: Starting Rabenseifner with non-power-of-2 numprocs=34
7: Starting Rabenseifner with non-power-of-2 numprocs=34
32: Starting Rabenseifner with non-power-of-2 numprocs=34
25: Starting Rabenseifner with non-power-of-2 numprocs=34
24: Starting Rabenseifner with non-power-of-2 numprocs=34
13: Starting Rabenseifner with non-power-of-2 numprocs=34
14: Starting Rabenseifner with non-power-of-2 numprocs=34
23: Starting Rabenseifner with non-power-of-2 numprocs=34
2: Starting Rabenseifner with non-power-of-2 numprocs=34
26: Starting Rabenseifner with non-power-of-2 numprocs=34
3: Starting Rabenseifner with non-power-of-2 numprocs=34
1: Starting Rabenseifner with non-power-of-2 numprocs=34
27: Starting Rabenseifner with non-power-of-2 numprocs=34
4: Starting Rabenseifner with non-power-of-2 numprocs=34
0: Starting Rabenseifner with non-power-of-2 numprocs=34
time: 0.000017s
Iteration 37
6: Starting Rabenseifner with non-power-of-2 numprocs=34
31: Starting Rabenseifner with non-power-of-2 numprocs=34
17: Starting Rabenseifner with non-power-of-2 numprocs=34
5: Starting Rabenseifner with non-power-of-2 numprocs=34
28: Starting Rabenseifner with non-power-of-2 numprocs=34
33: Starting Rabenseifner with non-power-of-2 numprocs=34
29: Starting Rabenseifner with non-power-of-2 numprocs=34
9: Starting Rabenseifner with non-power-of-2 numprocs=34
22: Starting Rabenseifner with non-power-of-2 numprocs=34
7: Starting Rabenseifner with non-power-of-2 numprocs=34
32: Starting Rabenseifner with non-power-of-2 numprocs=34
25: Starting Rabenseifner with non-power-of-2 numprocs=34
24: Starting Rabenseifner with non-power-of-2 numprocs=34
13: Starting Rabenseifner with non-power-of-2 numprocs=34
14: Starting Rabenseifner with non-power-of-2 numprocs=34
23: Starting Rabenseifner with non-power-of-2 numprocs=34
2: Starting Rabenseifner with non-power-of-2 numprocs=34
26: Starting Rabenseifner with non-power-of-2 numprocs=34
3: Starting Rabenseifner with non-power-of-2 numprocs=34
1: Starting Rabenseifner with non-power-of-2 numprocs=34
27: Starting Rabenseifner with non-power-of-2 numprocs=34
4: Starting Rabenseifner with non-power-of-2 numprocs=34
10: Starting Rabenseifner with non-power-of-2 numprocs=34
30: Starting Rabenseifner with non-power-of-2 numprocs=34
21: Starting Rabenseifner with non-power-of-2 numprocs=34
19: Starting Rabenseifner with non-power-of-2 numprocs=34
12: Starting Rabenseifner with non-power-of-2 numprocs=34
18: Starting Rabenseifner with non-power-of-2 numprocs=34
11: Starting Rabenseifner with non-power-of-2 numprocs=34
15: Starting Rabenseifner with non-power-of-2 numprocs=34
8: Starting Rabenseifner with non-power-of-2 numprocs=34
16: Starting Rabenseifner with non-power-of-2 numprocs=34
20: Starting Rabenseifner with non-power-of-2 numprocs=34
0: Starting Rabenseifner with non-power-of-2 numprocs=34
time: 0.000014s
Iteration 38
10: Starting Rabenseifner with non-power-of-2 numprocs=34
30: Starting Rabenseifner with non-power-of-2 numprocs=34
21: Starting Rabenseifner with non-power-of-2 numprocs=34
19: Starting Rabenseifner with non-power-of-2 numprocs=34
12: Starting Rabenseifner with non-power-of-2 numprocs=34
18: Starting Rabenseifner with non-power-of-2 numprocs=34
11: Starting Rabenseifner with non-power-of-2 numprocs=34
15: Starting Rabenseifner with non-power-of-2 numprocs=34
8: Starting Rabenseifner with non-power-of-2 numprocs=34
16: Starting Rabenseifner with non-power-of-2 numprocs=34
20: Starting Rabenseifner with non-power-of-2 numprocs=34
6: Starting Rabenseifner with non-power-of-2 numprocs=34
31: Starting Rabenseifner with non-power-of-2 numprocs=34
17: Starting Rabenseifner with non-power-of-2 numprocs=34
5: Starting Rabenseifner with non-power-of-2 numprocs=34
28: Starting Rabenseifner with non-power-of-2 numprocs=34
33: Starting Rabenseifner with non-power-of-2 numprocs=34
29: Starting Rabenseifner with non-power-of-2 numprocs=34
9: Starting Rabenseifner with non-power-of-2 numprocs=34
22: Starting Rabenseifner with non-power-of-2 numprocs=34
7: Starting Rabenseifner with non-power-of-2 numprocs=34
32: Starting Rabenseifner with non-power-of-2 numprocs=34
25: Starting Rabenseifner with non-power-of-2 numprocs=34
24: Starting Rabenseifner with non-power-of-2 numprocs=34
13: Starting Rabenseifner with non-power-of-2 numprocs=34
14: Starting Rabenseifner with non-power-of-2 numprocs=34
23: Starting Rabenseifner with non-power-of-2 numprocs=34
2: Starting Rabenseifner with non-power-of-2 numprocs=34
26: Starting Rabenseifner with non-power-of-2 numprocs=34
3: Starting Rabenseifner with non-power-of-2 numprocs=34
1: Starting Rabenseifner with non-power-of-2 numprocs=34
27: Starting Rabenseifner with non-power-of-2 numprocs=34
4: Starting Rabenseifner with non-power-of-2 numprocs=34
0: Starting Rabenseifner with non-power-of-2 numprocs=34
time: 0.000013s
21: Starting Rabenseifner with non-power-of-2 numprocs=34
8: Starting Rabenseifner with non-power-of-2 numprocs=34
5: Starting Rabenseifner with non-power-of-2 numprocs=34
23: Starting Rabenseifner with non-power-of-2 numprocs=34
2: Starting Rabenseifner with non-power-of-2 numprocs=34
27: Starting Rabenseifner with non-power-of-2 numprocs=34
Iteration 39
10: Starting Rabenseifner with non-power-of-2 numprocs=34
30: Starting Rabenseifner with non-power-of-2 numprocs=34
19: Starting Rabenseifner with non-power-of-2 numprocs=34
12: Starting Rabenseifner with non-power-of-2 numprocs=34
18: Starting Rabenseifner with non-power-of-2 numprocs=34
11: Starting Rabenseifner with non-power-of-2 numprocs=34
15: Starting Rabenseifner with non-power-of-2 numprocs=34
16: Starting Rabenseifner with non-power-of-2 numprocs=34
20: Starting Rabenseifner with non-power-of-2 numprocs=34
6: Starting Rabenseifner with non-power-of-2 numprocs=34
31: Starting Rabenseifner with non-power-of-2 numprocs=34
17: Starting Rabenseifner with non-power-of-2 numprocs=34
28: Starting Rabenseifner with non-power-of-2 numprocs=34
33: Starting Rabenseifner with non-power-of-2 numprocs=34
29: Starting Rabenseifner with non-power-of-2 numprocs=34
9: Starting Rabenseifner with non-power-of-2 numprocs=34
22: Starting Rabenseifner with non-power-of-2 numprocs=34
7: Starting Rabenseifner with non-power-of-2 numprocs=34
32: Starting Rabenseifner with non-power-of-2 numprocs=34
25: Starting Rabenseifner with non-power-of-2 numprocs=34
24: Starting Rabenseifner with non-power-of-2 numprocs=34
13: Starting Rabenseifner with non-power-of-2 numprocs=34
14: Starting Rabenseifner with non-power-of-2 numprocs=34
26: Starting Rabenseifner with non-power-of-2 numprocs=34
3: Starting Rabenseifner with non-power-of-2 numprocs=34
1: Starting Rabenseifner with non-power-of-2 numprocs=34
4: Starting Rabenseifner with non-power-of-2 numprocs=34
0: Starting Rabenseifner with non-power-of-2 numprocs=34
time: 0.000015s
19: Starting Rabenseifner with non-power-of-2 numprocs=34
22: Starting Rabenseifner with non-power-of-2 numprocs=34
7: Starting Rabenseifner with non-power-of-2 numprocs=34
26: Starting Rabenseifner with non-power-of-2 numprocs=34
27: Starting Rabenseifner with non-power-of-2 numprocs=34
10: Starting Rabenseifner with non-power-of-2 numprocs=34
30: Starting Rabenseifner with non-power-of-2 numprocs=34
21: Starting Rabenseifner with non-power-of-2 numprocs=34
12: Starting Rabenseifner with non-power-of-2 numprocs=34
18: Starting Rabenseifner with non-power-of-2 numprocs=34
11: Starting Rabenseifner with non-power-of-2 numprocs=34
15: Starting Rabenseifner with non-power-of-2 numprocs=34
8: Starting Rabenseifner with non-power-of-2 numprocs=34
16: Starting Rabenseifner with non-power-of-2 numprocs=34
20: Starting Rabenseifner with non-power-of-2 numprocs=34
6: Starting Rabenseifner with non-power-of-2 numprocs=34
31: Starting Rabenseifner with non-power-of-2 numprocs=34
17: Starting Rabenseifner with non-power-of-2 numprocs=34
5: Starting Rabenseifner with non-power-of-2 numprocs=34
28: Starting Rabenseifner with non-power-of-2 numprocs=34
33: Starting Rabenseifner with non-power-of-2 numprocs=34
29: Starting Rabenseifner with non-power-of-2 numprocs=34
9: Starting Rabenseifner with non-power-of-2 numprocs=34
32: Starting Rabenseifner with non-power-of-2 numprocs=34
25: Starting Rabenseifner with non-power-of-2 numprocs=34
24: Starting Rabenseifner with non-power-of-2 numprocs=34
13: Starting Rabenseifner with non-power-of-2 numprocs=34
14: Starting Rabenseifner with non-power-of-2 numprocs=34
23: Starting Rabenseifner with non-power-of-2 numprocs=34
2: Starting Rabenseifner with non-power-of-2 numprocs=34
3: Starting Rabenseifner with non-power-of-2 numprocs=34
1: Starting Rabenseifner with non-power-of-2 numprocs=34
4: Starting Rabenseifner with non-power-of-2 numprocs=34
