16: Starting numprocs=26 N=8192, M=8192 impl=rabenseifner-gather
17: Starting numprocs=26 N=8192, M=8192 impl=rabenseifner-gather
21: Starting numprocs=26 N=8192, M=8192 impl=rabenseifner-gather
0: Starting numprocs=26 N=8192, M=8192 impl=rabenseifner-gather
Iteration 0
4: Starting numprocs=26 N=8192, M=8192 impl=rabenseifner-gather
5: Starting numprocs=26 N=8192, M=8192 impl=rabenseifner-gather
8: Starting numprocs=26 N=8192, M=8192 impl=rabenseifner-gather
14: Starting numprocs=26 N=8192, M=8192 impl=rabenseifner-gather
11: Starting numprocs=26 N=8192, M=8192 impl=rabenseifner-gather
15: Starting numprocs=26 N=8192, M=8192 impl=rabenseifner-gather
3: Starting numprocs=26 N=8192, M=8192 impl=rabenseifner-gather
1: Starting numprocs=26 N=8192, M=8192 impl=rabenseifner-gather
12: Starting numprocs=26 N=8192, M=8192 impl=rabenseifner-gather
6: Starting numprocs=26 N=8192, M=8192 impl=rabenseifner-gather
9: Starting numprocs=26 N=8192, M=8192 impl=rabenseifner-gather
7: Starting numprocs=26 N=8192, M=8192 impl=rabenseifner-gather
2: Starting numprocs=26 N=8192, M=8192 impl=rabenseifner-gather
18: Starting numprocs=26 N=8192, M=8192 impl=rabenseifner-gather
20: Starting numprocs=26 N=8192, M=8192 impl=rabenseifner-gather
23: Starting numprocs=26 N=8192, M=8192 impl=rabenseifner-gather
22: Starting numprocs=26 N=8192, M=8192 impl=rabenseifner-gather
13: Starting numprocs=26 N=8192, M=8192 impl=rabenseifner-gather
19: Starting numprocs=26 N=8192, M=8192 impl=rabenseifner-gather
24: Starting numprocs=26 N=8192, M=8192 impl=rabenseifner-gather
10: Starting numprocs=26 N=8192, M=8192 impl=rabenseifner-gather
25: Starting numprocs=26 N=8192, M=8192 impl=rabenseifner-gather
terminate called after throwing an instance of 'std::runtime_error'
  what():  Starting Rabenseifner-Gather with non-power-of-2 processes, numprocs=26
[eu-ms-001-41:17606] *** Process received signal ***
[eu-ms-001-41:17606] Signal: Aborted (6)
[eu-ms-001-41:17606] Signal code:  (-6)
[eu-ms-001-41:17606] [ 0] /usr/lib64/libpthread.so.0(+0xf630)[0x2b04fc6c4630]
[eu-ms-001-41:17606] [ 1] /usr/lib64/libc.so.6(gsignal+0x37)[0x2b04fc907387]
[eu-ms-001-41:17606] [ 2] /usr/lib64/libc.so.6(abort+0x148)[0x2b04fc908a78]
[eu-ms-001-41:17606] [ 3] /cluster/spack/apps/linux-centos7-x86_64/gcc-4.8.5/gcc-9.3.0-mjmsvu3362usxjr7tas4ywkd2e4ko5x3/lib64/libstdc++.so.6(+0x99133)[0x2b04fbe5a133]
[eu-ms-001-41:17606] [ 4] /cluster/spack/apps/linux-centos7-x86_64/gcc-4.8.5/gcc-9.3.0-mjmsvu3362usxjr7tas4ywkd2e4ko5x3/lib64/libstdc++.so.6(+0xa4b56)[0x2b04fbe65b56]
[eu-ms-001-41:17606] [ 5] /cluster/spack/apps/linux-centos7-x86_64/gcc-4.8.5/gcc-9.3.0-mjmsvu3362usxjr7tas4ywkd2e4ko5x3/lib64/libstdc++.so.6(+0xa4bc1)[0x2b04fbe65bc1]
[eu-ms-001-41:17606] [ 6] /cluster/spack/apps/linux-centos7-x86_64/gcc-4.8.5/gcc-9.3.0-mjmsvu3362usxjr7tas4ywkd2e4ko5x3/lib64/libstdc++.so.6(+0xa4e14)[0x2b04fbe65e14]
[eu-ms-001-41:17606] [ 7] code/build_output/main[0x40ba49]
[eu-ms-001-41:17606] [ 8] code/build_output/main[0x41a198]
[eu-ms-001-41:17606] [ 9] code/build_output/main[0x40c3d9]
[eu-ms-001-41:17606] [10] /usr/lib64/libc.so.6(__libc_start_main+0xf5)[0x2b04fc8f3555]
[eu-ms-001-41:17606] [11] code/build_output/main[0x40db3f]
[eu-ms-001-41:17606] *** End of error message ***
terminate called after throwing an instance of 'std::runtime_error'
terminate called after throwing an instance of 'std::runtime_error'
terminate called after throwing an instance of 'std::runtime_error'
terminate called after throwing an instance of 'std::runtime_error'
  what():  Starting Rabenseifner-Gather with non-power-of-2 processes, numprocs=26
[eu-ms-001-15:17300] *** Process received signal ***
[eu-ms-001-15:17300] Signal: Aborted (6)
[eu-ms-001-15:17300] Signal code:  (-6)
  what():  Starting Rabenseifner-Gather with non-power-of-2 processes, numprocs=26
[eu-ms-001-13:17019] *** Process received signal ***
[eu-ms-001-13:17019] Signal: Aborted (6)
[eu-ms-001-13:17019] Signal code:  (-6)
  what():  Starting Rabenseifner-Gather with non-power-of-2 processes, numprocs=26
[eu-ms-001-25:05212] *** Process received signal ***
[eu-ms-001-25:05212] Signal: Aborted (6)
[eu-ms-001-25:05212] Signal code:  (-6)
  what():  Starting Rabenseifner-Gather with non-power-of-2 processes, numprocs=26
[eu-ms-017-44:27594] *** Process received signal ***
[eu-ms-017-44:27594] Signal: Aborted (6)
[eu-ms-017-44:27594] Signal code:  (-6)
[eu-ms-001-15:17300] [ 0] [eu-ms-001-13:17019] [ 0] [eu-ms-001-25:05212] [ 0] [eu-ms-017-44:27594] [ 0] /usr/lib64/libpthread.so.0(+0xf630)[0x2ba3d6797630]
[eu-ms-001-15:17300] [ 1] /usr/lib64/libpthread.so.0(+0xf630)[0x2b8c2c2c9630]
[eu-ms-001-13:17019] [ 1] /usr/lib64/libpthread.so.0(+0xf630)[0x2acf647cd630]
[eu-ms-001-25:05212] [ 1] /usr/lib64/libc.so.6(gsignal+0x37)[0x2acf64a10387]
[eu-ms-001-25:05212] /usr/lib64/libpthread.so.0(+0xf630)[0x2af168a40630]
[eu-ms-017-44:27594] [ 1] /usr/lib64/libc.so.6(gsignal+0x37)[0x2ba3d69da387]
[eu-ms-001-15:17300] [ 2] /usr/lib64/libc.so.6(abort+0x148)[0x2ba3d69dba78]
[eu-ms-001-15:17300] [ 3] /usr/lib64/libc.so.6(gsignal+0x37)[0x2b8c2c50c387]
[eu-ms-001-13:17019] [ 2] /usr/lib64/libc.so.6(abort+0x148)[0x2b8c2c50da78]
[eu-ms-001-13:17019] [ 3] [ 2] /usr/lib64/libc.so.6(abort+0x148)[0x2acf64a11a78]
[eu-ms-001-25:05212] [ 3] /usr/lib64/libc.so.6(gsignal+0x37)[0x2af168c83387]
[eu-ms-017-44:27594] [ 2] /usr/lib64/libc.so.6(abort+0x148)[0x2af168c84a78]
[eu-ms-017-44:27594] /cluster/spack/apps/linux-centos7-x86_64/gcc-4.8.5/gcc-9.3.0-mjmsvu3362usxjr7tas4ywkd2e4ko5x3/lib64/libstdc++.so.6(+0x99133)[0x2ba3d5f2d133]
[eu-ms-001-15:17300] [ 4] /cluster/spack/apps/linux-centos7-x86_64/gcc-4.8.5/gcc-9.3.0-mjmsvu3362usxjr7tas4ywkd2e4ko5x3/lib64/libstdc++.so.6(+0x99133)[0x2b8c2ba5f133]
[eu-ms-001-13:17019] [ 4] /cluster/spack/apps/linux-centos7-x86_64/gcc-4.8.5/gcc-9.3.0-mjmsvu3362usxjr7tas4ywkd2e4ko5x3/lib64/libstdc++.so.6(+0x99133)[0x2acf63f63133]
[eu-ms-001-25:05212] [ 4] [ 3] /cluster/spack/apps/linux-centos7-x86_64/gcc-4.8.5/gcc-9.3.0-mjmsvu3362usxjr7tas4ywkd2e4ko5x3/lib64/libstdc++.so.6(+0x99133)[0x2af1681d6133]
[eu-ms-017-44:27594] [ 4] /cluster/spack/apps/linux-centos7-x86_64/gcc-4.8.5/gcc-9.3.0-mjmsvu3362usxjr7tas4ywkd2e4ko5x3/lib64/libstdc++.so.6(+0xa4b56)[0x2ba3d5f38b56]
[eu-ms-001-15:17300] [ 5] /cluster/spack/apps/linux-centos7-x86_64/gcc-4.8.5/gcc-9.3.0-mjmsvu3362usxjr7tas4ywkd2e4ko5x3/lib64/libstdc++.so.6(+0xa4b56)[0x2b8c2ba6ab56]
[eu-ms-001-13:17019] [ 5] /cluster/spack/apps/linux-centos7-x86_64/gcc-4.8.5/gcc-9.3.0-mjmsvu3362usxjr7tas4ywkd2e4ko5x3/lib64/libstdc++.so.6(+0xa4b56)[0x2acf63f6eb56]
[eu-ms-001-25:05212] [ 5] /cluster/spack/apps/linux-centos7-x86_64/gcc-4.8.5/gcc-9.3.0-mjmsvu3362usxjr7tas4ywkd2e4ko5x3/lib64/libstdc++.so.6(+0xa4b56)[0x2af1681e1b56]
[eu-ms-017-44:27594] [ 5] /cluster/spack/apps/linux-centos7-x86_64/gcc-4.8.5/gcc-9.3.0-mjmsvu3362usxjr7tas4ywkd2e4ko5x3/lib64/libstdc++.so.6(+0xa4bc1)[0x2ba3d5f38bc1]
[eu-ms-001-15:17300] [ 6] /cluster/spack/apps/linux-centos7-x86_64/gcc-4.8.5/gcc-9.3.0-mjmsvu3362usxjr7tas4ywkd2e4ko5x3/lib64/libstdc++.so.6(+0xa4bc1)[0x2b8c2ba6abc1]
[eu-ms-001-13:17019] [ 6] /cluster/spack/apps/linux-centos7-x86_64/gcc-4.8.5/gcc-9.3.0-mjmsvu3362usxjr7tas4ywkd2e4ko5x3/lib64/libstdc++.so.6(+0xa4bc1)[0x2acf63f6ebc1]
[eu-ms-001-25:05212] [ 6] /cluster/spack/apps/linux-centos7-x86_64/gcc-4.8.5/gcc-9.3.0-mjmsvu3362usxjr7tas4ywkd2e4ko5x3/lib64/libstdc++.so.6(+0xa4e14)[0x2acf63f6ee14]
[eu-ms-001-25:05212] [ 7] /cluster/spack/apps/linux-centos7-x86_64/gcc-4.8.5/gcc-9.3.0-mjmsvu3362usxjr7tas4ywkd2e4ko5x3/lib64/libstdc++.so.6(+0xa4bc1)[0x2af1681e1bc1]
[eu-ms-017-44:27594] [ 6] /cluster/spack/apps/linux-centos7-x86_64/gcc-4.8.5/gcc-9.3.0-mjmsvu3362usxjr7tas4ywkd2e4ko5x3/lib64/libstdc++.so.6(+0xa4e14)[0x2ba3d5f38e14]
[eu-ms-001-15:17300] [ 7] code/build_output/main[0x40ba49]
[eu-ms-001-15:17300] [ 8] code/build_output/main[0x41a198]
[eu-ms-001-15:17300] [ 9] code/build_output/main[0x40c3d9]
[eu-ms-001-15:17300] [10] /cluster/spack/apps/linux-centos7-x86_64/gcc-4.8.5/gcc-9.3.0-mjmsvu3362usxjr7tas4ywkd2e4ko5x3/lib64/libstdc++.so.6(+0xa4e14)[0x2b8c2ba6ae14]
[eu-ms-001-13:17019] [ 7] code/build_output/main[0x40ba49]
[eu-ms-001-13:17019] [ 8] code/build_output/main[0x41a198]
[eu-ms-001-13:17019] [ 9] code/build_output/main[0x40c3d9]
[eu-ms-001-13:17019] code/build_output/main[0x40ba49]
[eu-ms-001-25:05212] [ 8] code/build_output/main[0x41a198]
[eu-ms-001-25:05212] [ 9] code/build_output/main[0x40c3d9]
[eu-ms-001-25:05212] [10] /cluster/spack/apps/linux-centos7-x86_64/gcc-4.8.5/gcc-9.3.0-mjmsvu3362usxjr7tas4ywkd2e4ko5x3/lib64/libstdc++.so.6(+0xa4e14)[0x2af1681e1e14]
[eu-ms-017-44:27594] [ 7] code/build_output/main[0x40ba49]
[eu-ms-017-44:27594] [ 8] code/build_output/main[0x41a198]
[eu-ms-017-44:27594] [ 9] code/build_output/main[0x40c3d9]
[eu-ms-017-44:27594] [10] /usr/lib64/libc.so.6(__libc_start_main+0xf5)[0x2ba3d69c6555]
[eu-ms-001-15:17300] [11] code/build_output/main[0x40db3f]
[eu-ms-001-15:17300] *** End of error message ***
[10] /usr/lib64/libc.so.6(__libc_start_main+0xf5)[0x2b8c2c4f8555]
[eu-ms-001-13:17019] [11] /usr/lib64/libc.so.6(__libc_start_main+0xf5)[0x2acf649fc555]
[eu-ms-001-25:05212] [11] code/build_output/main[0x40db3f]
[eu-ms-001-25:05212] *** End of error message ***
/usr/lib64/libc.so.6(__libc_start_main+0xf5)[0x2af168c6f555]
[eu-ms-017-44:27594] [11] code/build_output/main[0x40db3f]
[eu-ms-017-44:27594] *** End of error message ***
code/build_output/main[0x40db3f]
[eu-ms-001-13:17019] *** End of error message ***
terminate called after throwing an instance of 'std::runtime_error'
terminate called after throwing an instance of 'std::runtime_error'
  what():  Starting Rabenseifner-Gather with non-power-of-2 processes, numprocs=26
[eu-ms-001-17:25005] *** Process received signal ***
[eu-ms-001-17:25005] Signal: Aborted (6)
[eu-ms-001-17:25005] Signal code:  (-6)
  what():  Starting Rabenseifner-Gather with non-power-of-2 processes, numprocs=26
[eu-ms-001-32:05242] *** Process received signal ***
[eu-ms-001-32:05242] Signal: Aborted (6)
[eu-ms-001-32:05242] Signal code:  (-6)
terminate called after throwing an instance of 'std::runtime_error'
terminate called after throwing an instance of 'std::runtime_error'
[eu-ms-001-32:05242] [ 0]   what():  Starting Rabenseifner-Gather with non-power-of-2 processes, numprocs=26
[eu-ms-001-43:32540] *** Process received signal ***
[eu-ms-001-43:32540] Signal: Aborted (6)
[eu-ms-001-43:32540] Signal code:  (-6)
  what():  Starting Rabenseifner-Gather with non-power-of-2 processes, numprocs=26
[eu-ms-001-28:07832] *** Process received signal ***
[eu-ms-001-28:07832] Signal: Aborted (6)
[eu-ms-001-28:07832] Signal code:  (-6)
[eu-ms-001-17:25005] [ 0] /usr/lib64/libpthread.so.0(+0xf630)[0x2b3e163a1630]
[eu-ms-001-17:25005] [ 1] /usr/lib64/libc.so.6(gsignal+0x37)[0x2b3e165e4387]
[eu-ms-001-17:25005] [ 2] /usr/lib64/libc.so.6(abort+0x148)[0x2b3e165e5a78]
[eu-ms-001-17:25005] [ 3] /usr/lib64/libpthread.so.0(+0xf630)[0x2b471ff4d630]
[eu-ms-001-32:05242] [ 1] [eu-ms-001-28:07832] [ 0] terminate called after throwing an instance of 'std::runtime_error'
/usr/lib64/libc.so.6(gsignal+0x37)[0x2b4720190387]
[eu-ms-001-32:05242] [ 2] /usr/lib64/libc.so.6(abort+0x148)[0x2b4720191a78]
[eu-ms-001-32:05242] terminate called after throwing an instance of 'std::runtime_error'
[eu-ms-001-43:32540] [ 0] /usr/lib64/libpthread.so.0(+0xf630)[0x2b9c0df8b630]
[eu-ms-001-28:07832] [ 1] /cluster/spack/apps/linux-centos7-x86_64/gcc-4.8.5/gcc-9.3.0-mjmsvu3362usxjr7tas4ywkd2e4ko5x3/lib64/libstdc++.so.6(+0x99133)[0x2b3e15b37133]
[eu-ms-001-17:25005] [ 4] /cluster/spack/apps/linux-centos7-x86_64/gcc-4.8.5/gcc-9.3.0-mjmsvu3362usxjr7tas4ywkd2e4ko5x3/lib64/libstdc++.so.6(+0xa4b56)[0x2b3e15b42b56]
[eu-ms-001-17:25005] [ 5] /cluster/spack/apps/linux-centos7-x86_64/gcc-4.8.5/gcc-9.3.0-mjmsvu3362usxjr7tas4ywkd2e4ko5x3/lib64/libstdc++.so.6(+0xa4bc1)[0x2b3e15b42bc1]
[eu-ms-001-17:25005] [ 6] /cluster/spack/apps/linux-centos7-x86_64/gcc-4.8.5/gcc-9.3.0-mjmsvu3362usxjr7tas4ywkd2e4ko5x3/lib64/libstdc++.so.6(+0xa4e14)[0x2b3e15b42e14]
[eu-ms-001-17:25005] [ 7] code/build_output/main[0x40ba49]
[eu-ms-001-17:25005] [ 8] code/build_output/main[0x41a198]
[eu-ms-001-17:25005] [ 9] code/build_output/main[0x40c3d9]
[eu-ms-001-17:25005] [10] /usr/lib64/libc.so.6(__libc_start_main+0xf5)[0x2b3e165d0555]
[eu-ms-001-17:25005] [11] code/build_output/main[0x40db3f]
[eu-ms-001-17:25005] *** End of error message ***
  what():  Starting Rabenseifner-Gather with non-power-of-2 processes, numprocs=26
[eu-ms-017-42:11915] *** Process received signal ***
[eu-ms-017-42:11915] Signal: Aborted (6)
[eu-ms-017-42:11915] Signal code:  (-6)
[ 3] /cluster/spack/apps/linux-centos7-x86_64/gcc-4.8.5/gcc-9.3.0-mjmsvu3362usxjr7tas4ywkd2e4ko5x3/lib64/libstdc++.so.6(+0x99133)[0x2b471f6e3133]
[eu-ms-001-32:05242] [ 4]   what():  Starting Rabenseifner-Gather with non-power-of-2 processes, numprocs=26
[eu-ms-017-08:31961] *** Process received signal ***
[eu-ms-017-08:31961] Signal: Aborted (6)
[eu-ms-017-08:31961] Signal code:  (-6)
/usr/lib64/libpthread.so.0(+0xf630)[0x2b4c94a0a630]
[eu-ms-001-43:32540] [ 1] /usr/lib64/libc.so.6(gsignal+0x37)[0x2b9c0e1ce387]
[eu-ms-001-28:07832] [ 2] /usr/lib64/libc.so.6(abort+0x148)[0x2b9c0e1cfa78]
[eu-ms-001-28:07832] [ 3] terminate called after throwing an instance of 'std::runtime_error'
[eu-ms-017-42:11915] [ 0] /cluster/spack/apps/linux-centos7-x86_64/gcc-4.8.5/gcc-9.3.0-mjmsvu3362usxjr7tas4ywkd2e4ko5x3/lib64/libstdc++.so.6(+0xa4b56)[0x2b471f6eeb56]
[eu-ms-001-32:05242] [ 5] [eu-ms-017-08:31961] [ 0] /usr/lib64/libc.so.6(gsignal+0x37)[0x2b4c94c4d387]
[eu-ms-001-43:32540] [ 2] /usr/lib64/libc.so.6(abort+0x148)[0x2b4c94c4ea78]
/cluster/spack/apps/linux-centos7-x86_64/gcc-4.8.5/gcc-9.3.0-mjmsvu3362usxjr7tas4ywkd2e4ko5x3/lib64/libstdc++.so.6(+0x99133)[0x2b9c0d721133]
[eu-ms-001-28:07832] [ 4]   what():  Starting Rabenseifner-Gather with non-power-of-2 processes, numprocs=26
[eu-ms-001-08:06484] *** Process received signal ***
[eu-ms-001-08:06484] Signal: Aborted (6)
[eu-ms-001-08:06484] Signal code:  (-6)
/usr/lib64/libpthread.so.0(+0xf630)[0x2b6731180630]
[eu-ms-017-42:11915] [ 1] /cluster/spack/apps/linux-centos7-x86_64/gcc-4.8.5/gcc-9.3.0-mjmsvu3362usxjr7tas4ywkd2e4ko5x3/lib64/libstdc++.so.6(+0xa4bc1)[0x2b471f6eebc1]
[eu-ms-001-32:05242] [ 6] /usr/lib64/libpthread.so.0(+0xf630)[0x2add39d9f630]
[eu-ms-017-08:31961] [ 1] [eu-ms-001-43:32540] [ 3] /cluster/spack/apps/linux-centos7-x86_64/gcc-4.8.5/gcc-9.3.0-mjmsvu3362usxjr7tas4ywkd2e4ko5x3/lib64/libstdc++.so.6(+0x99133)[0x2b4c941a0133]
[eu-ms-001-43:32540] [ 4] /cluster/spack/apps/linux-centos7-x86_64/gcc-4.8.5/gcc-9.3.0-mjmsvu3362usxjr7tas4ywkd2e4ko5x3/lib64/libstdc++.so.6(+0xa4b56)[0x2b9c0d72cb56]
[eu-ms-001-28:07832] [ 5] [eu-ms-001-08:06484] [ 0] /usr/lib64/libc.so.6(gsignal+0x37)[0x2b67313c3387]
[eu-ms-017-42:11915] [ 2] /usr/lib64/libc.so.6(abort+0x148)[0x2b67313c4a78]
[eu-ms-017-42:11915] /cluster/spack/apps/linux-centos7-x86_64/gcc-4.8.5/gcc-9.3.0-mjmsvu3362usxjr7tas4ywkd2e4ko5x3/lib64/libstdc++.so.6(+0xa4e14)[0x2b471f6eee14]
[eu-ms-001-32:05242] [ 7] code/build_output/main[0x40ba49]
[eu-ms-001-32:05242] [ 8] code/build_output/main[0x41a198]
[eu-ms-001-32:05242] [ 9] /usr/lib64/libc.so.6(gsignal+0x37)[0x2add39fe2387]
[eu-ms-017-08:31961] [ 2] /usr/lib64/libc.so.6(abort+0x148)[0x2add39fe3a78]
[eu-ms-017-08:31961] /cluster/spack/apps/linux-centos7-x86_64/gcc-4.8.5/gcc-9.3.0-mjmsvu3362usxjr7tas4ywkd2e4ko5x3/lib64/libstdc++.so.6(+0xa4b56)[0x2b4c941abb56]
[eu-ms-001-43:32540] [ 5] /cluster/spack/apps/linux-centos7-x86_64/gcc-4.8.5/gcc-9.3.0-mjmsvu3362usxjr7tas4ywkd2e4ko5x3/lib64/libstdc++.so.6(+0xa4bc1)[0x2b9c0d72cbc1]
[eu-ms-001-28:07832] [ 6] /usr/lib64/libpthread.so.0(+0xf630)[0x2ba6aea2a630]
[eu-ms-001-08:06484] [ 1] [ 3] /cluster/spack/apps/linux-centos7-x86_64/gcc-4.8.5/gcc-9.3.0-mjmsvu3362usxjr7tas4ywkd2e4ko5x3/lib64/libstdc++.so.6(+0x99133)[0x2b6730916133]
[eu-ms-017-42:11915] [ 4] code/build_output/main[0x40c3d9]
[eu-ms-001-32:05242] [10] /usr/lib64/libc.so.6(__libc_start_main+0xf5)[0x2b472017c555]
[eu-ms-001-32:05242] [11] [ 3] /cluster/spack/apps/linux-centos7-x86_64/gcc-4.8.5/gcc-9.3.0-mjmsvu3362usxjr7tas4ywkd2e4ko5x3/lib64/libstdc++.so.6(+0x99133)[0x2add39535133]
[eu-ms-017-08:31961] [ 4] /cluster/spack/apps/linux-centos7-x86_64/gcc-4.8.5/gcc-9.3.0-mjmsvu3362usxjr7tas4ywkd2e4ko5x3/lib64/libstdc++.so.6(+0xa4bc1)[0x2b4c941abbc1]
[eu-ms-001-43:32540] [ 6] /cluster/spack/apps/linux-centos7-x86_64/gcc-4.8.5/gcc-9.3.0-mjmsvu3362usxjr7tas4ywkd2e4ko5x3/lib64/libstdc++.so.6(+0xa4e14)[0x2b9c0d72ce14]
[eu-ms-001-28:07832] [ 7] code/build_output/main[0x40ba49]
[eu-ms-001-28:07832] [ 8] code/build_output/main[0x41a198]
[eu-ms-001-28:07832] [ 9] code/build_output/main[0x40c3d9]
[eu-ms-001-28:07832] [10] /usr/lib64/libc.so.6(gsignal+0x37)[0x2ba6aec6d387]
[eu-ms-001-08:06484] [ 2] /usr/lib64/libc.so.6(abort+0x148)[0x2ba6aec6ea78]
[eu-ms-001-08:06484] [ 3] /cluster/spack/apps/linux-centos7-x86_64/gcc-4.8.5/gcc-9.3.0-mjmsvu3362usxjr7tas4ywkd2e4ko5x3/lib64/libstdc++.so.6(+0xa4b56)[0x2b6730921b56]
[eu-ms-017-42:11915] [ 5] code/build_output/main[0x40db3f]
[eu-ms-001-32:05242] *** End of error message ***
/cluster/spack/apps/linux-centos7-x86_64/gcc-4.8.5/gcc-9.3.0-mjmsvu3362usxjr7tas4ywkd2e4ko5x3/lib64/libstdc++.so.6(+0xa4b56)[0x2add39540b56]
[eu-ms-017-08:31961] [ 5] /cluster/spack/apps/linux-centos7-x86_64/gcc-4.8.5/gcc-9.3.0-mjmsvu3362usxjr7tas4ywkd2e4ko5x3/lib64/libstdc++.so.6(+0xa4e14)[0x2b4c941abe14]
[eu-ms-001-43:32540] [ 7] code/build_output/main[0x40ba49]
[eu-ms-001-43:32540] [ 8] code/build_output/main[0x41a198]
[eu-ms-001-43:32540] [ 9] /usr/lib64/libc.so.6(__libc_start_main+0xf5)[0x2b9c0e1ba555]
[eu-ms-001-28:07832] [11] code/build_output/main[0x40db3f]
[eu-ms-001-28:07832] *** End of error message ***
/cluster/spack/apps/linux-centos7-x86_64/gcc-4.8.5/gcc-9.3.0-mjmsvu3362usxjr7tas4ywkd2e4ko5x3/lib64/libstdc++.so.6(+0x99133)[0x2ba6ae1c0133]
[eu-ms-001-08:06484] [ 4] /cluster/spack/apps/linux-centos7-x86_64/gcc-4.8.5/gcc-9.3.0-mjmsvu3362usxjr7tas4ywkd2e4ko5x3/lib64/libstdc++.so.6(+0xa4bc1)[0x2b6730921bc1]
[eu-ms-017-42:11915] [ 6] /cluster/spack/apps/linux-centos7-x86_64/gcc-4.8.5/gcc-9.3.0-mjmsvu3362usxjr7tas4ywkd2e4ko5x3/lib64/libstdc++.so.6(+0xa4bc1)[0x2add39540bc1]
[eu-ms-017-08:31961] [ 6] code/build_output/main[0x40c3d9]
[eu-ms-001-43:32540] [10] /usr/lib64/libc.so.6(__libc_start_main+0xf5)[0x2b4c94c39555]
[eu-ms-001-43:32540] [11] /cluster/spack/apps/linux-centos7-x86_64/gcc-4.8.5/gcc-9.3.0-mjmsvu3362usxjr7tas4ywkd2e4ko5x3/lib64/libstdc++.so.6(+0xa4b56)[0x2ba6ae1cbb56]
[eu-ms-001-08:06484] [ 5] /cluster/spack/apps/linux-centos7-x86_64/gcc-4.8.5/gcc-9.3.0-mjmsvu3362usxjr7tas4ywkd2e4ko5x3/lib64/libstdc++.so.6(+0xa4e14)[0x2b6730921e14]
[eu-ms-017-42:11915] [ 7] code/build_output/main[0x40ba49]
[eu-ms-017-42:11915] [ 8] code/build_output/main[0x41a198]
[eu-ms-017-42:11915] [ 9] code/build_output/main[0x40c3d9]
/cluster/spack/apps/linux-centos7-x86_64/gcc-4.8.5/gcc-9.3.0-mjmsvu3362usxjr7tas4ywkd2e4ko5x3/lib64/libstdc++.so.6(+0xa4e14)[0x2add39540e14]
[eu-ms-017-08:31961] [ 7] code/build_output/main[0x40ba49]
[eu-ms-017-08:31961] [ 8] code/build_output/main[0x41a198]
[eu-ms-017-08:31961] [ 9] code/build_output/main[0x40c3d9]
[eu-ms-017-08:31961] [10] code/build_output/main[0x40db3f]
[eu-ms-001-43:32540] *** End of error message ***
/cluster/spack/apps/linux-centos7-x86_64/gcc-4.8.5/gcc-9.3.0-mjmsvu3362usxjr7tas4ywkd2e4ko5x3/lib64/libstdc++.so.6(+0xa4bc1)[0x2ba6ae1cbbc1]
[eu-ms-001-08:06484] [ 6] [eu-ms-017-42:11915] [10] /usr/lib64/libc.so.6(__libc_start_main+0xf5)[0x2b67313af555]
[eu-ms-017-42:11915] [11] /usr/lib64/libc.so.6(__libc_start_main+0xf5)[0x2add39fce555]
[eu-ms-017-08:31961] [11] code/build_output/main[0x40db3f]
[eu-ms-017-08:31961] *** End of error message ***
/cluster/spack/apps/linux-centos7-x86_64/gcc-4.8.5/gcc-9.3.0-mjmsvu3362usxjr7tas4ywkd2e4ko5x3/lib64/libstdc++.so.6(+0xa4e14)[0x2ba6ae1cbe14]
[eu-ms-001-08:06484] [ 7] code/build_output/main[0x40ba49]
[eu-ms-001-08:06484] [ 8] code/build_output/main[0x41a198]
[eu-ms-001-08:06484] [ 9] code/build_output/main[0x40c3d9]
[eu-ms-001-08:06484] [10] code/build_output/main[0x40db3f]
[eu-ms-017-42:11915] *** End of error message ***
/usr/lib64/libc.so.6(__libc_start_main+0xf5)[0x2ba6aec59555]
[eu-ms-001-08:06484] [11] code/build_output/main[0x40db3f]
[eu-ms-001-08:06484] *** End of error message ***
terminate called after throwing an instance of 'std::runtime_error'
terminate called after throwing an instance of 'std::runtime_error'
terminate called after throwing an instance of 'std::runtime_error'
  what():  Starting Rabenseifner-Gather with non-power-of-2 processes, numprocs=26
[eu-ms-017-38:24004] *** Process received signal ***
[eu-ms-017-38:24004] Signal: Aborted (6)
[eu-ms-017-38:24004] Signal code:  (-6)
  what():  Starting Rabenseifner-Gather with non-power-of-2 processes, numprocs=26
[eu-ms-001-16:15827] *** Process received signal ***
[eu-ms-001-16:15827] Signal: Aborted (6)
[eu-ms-001-16:15827] Signal code:  (-6)
  what():  Starting Rabenseifner-Gather with non-power-of-2 processes, numprocs=26
[eu-ms-001-10:02734] *** Process received signal ***
[eu-ms-001-10:02734] Signal: Aborted (6)
[eu-ms-001-10:02734] Signal code:  (-6)
[eu-ms-017-38:24004] [ 0] [eu-ms-001-16:15827] [ 0] [eu-ms-001-10:02734] [ 0] /usr/lib64/libpthread.so.0(+0xf630)[0x2ac56eef8630]
[eu-ms-017-38:24004] [ 1] /usr/lib64/libpthread.so.0(+0xf630)[0x2ba9af6b7630]
[eu-ms-001-16:15827] [ 1] /usr/lib64/libpthread.so.0(+0xf630)[0x2ab87b197630]
[eu-ms-001-10:02734] [ 1] /usr/lib64/libc.so.6(gsignal+0x37)[0x2ac56f13b387]
[eu-ms-017-38:24004] [ 2] /usr/lib64/libc.so.6(abort+0x148)[0x2ac56f13ca78]
[eu-ms-017-38:24004] /usr/lib64/libc.so.6(gsignal+0x37)[0x2ba9af8fa387]
[eu-ms-001-16:15827] [ 2] /usr/lib64/libc.so.6(abort+0x148)[0x2ba9af8fba78]
[eu-ms-001-16:15827] [ 3] /usr/lib64/libc.so.6(gsignal+0x37)[0x2ab87b3da387]
[eu-ms-001-10:02734] [ 2] /usr/lib64/libc.so.6(abort+0x148)[0x2ab87b3dba78]
[eu-ms-001-10:02734] [ 3] [ 3] /cluster/spack/apps/linux-centos7-x86_64/gcc-4.8.5/gcc-9.3.0-mjmsvu3362usxjr7tas4ywkd2e4ko5x3/lib64/libstdc++.so.6(+0x99133)[0x2ac56e68e133]
[eu-ms-017-38:24004] [ 4] /cluster/spack/apps/linux-centos7-x86_64/gcc-4.8.5/gcc-9.3.0-mjmsvu3362usxjr7tas4ywkd2e4ko5x3/lib64/libstdc++.so.6(+0x99133)[0x2ba9aee4d133]
[eu-ms-001-16:15827] [ 4] /cluster/spack/apps/linux-centos7-x86_64/gcc-4.8.5/gcc-9.3.0-mjmsvu3362usxjr7tas4ywkd2e4ko5x3/lib64/libstdc++.so.6(+0x99133)[0x2ab87a92d133]
[eu-ms-001-10:02734] [ 4] /cluster/spack/apps/linux-centos7-x86_64/gcc-4.8.5/gcc-9.3.0-mjmsvu3362usxjr7tas4ywkd2e4ko5x3/lib64/libstdc++.so.6(+0xa4b56)[0x2ac56e699b56]
[eu-ms-017-38:24004] [ 5] /cluster/spack/apps/linux-centos7-x86_64/gcc-4.8.5/gcc-9.3.0-mjmsvu3362usxjr7tas4ywkd2e4ko5x3/lib64/libstdc++.so.6(+0xa4b56)[0x2ba9aee58b56]
[eu-ms-001-16:15827] [ 5] /cluster/spack/apps/linux-centos7-x86_64/gcc-4.8.5/gcc-9.3.0-mjmsvu3362usxjr7tas4ywkd2e4ko5x3/lib64/libstdc++.so.6(+0xa4b56)[0x2ab87a938b56]
[eu-ms-001-10:02734] [ 5] /cluster/spack/apps/linux-centos7-x86_64/gcc-4.8.5/gcc-9.3.0-mjmsvu3362usxjr7tas4ywkd2e4ko5x3/lib64/libstdc++.so.6(+0xa4bc1)[0x2ac56e699bc1]
[eu-ms-017-38:24004] [ 6] /cluster/spack/apps/linux-centos7-x86_64/gcc-4.8.5/gcc-9.3.0-mjmsvu3362usxjr7tas4ywkd2e4ko5x3/lib64/libstdc++.so.6(+0xa4bc1)[0x2ba9aee58bc1]
[eu-ms-001-16:15827] [ 6] /cluster/spack/apps/linux-centos7-x86_64/gcc-4.8.5/gcc-9.3.0-mjmsvu3362usxjr7tas4ywkd2e4ko5x3/lib64/libstdc++.so.6(+0xa4bc1)[0x2ab87a938bc1]
[eu-ms-001-10:02734] [ 6] /cluster/spack/apps/linux-centos7-x86_64/gcc-4.8.5/gcc-9.3.0-mjmsvu3362usxjr7tas4ywkd2e4ko5x3/lib64/libstdc++.so.6(+0xa4e14)[0x2ac56e699e14]
[eu-ms-017-38:24004] [ 7] code/build_output/main[0x40ba49]
[eu-ms-017-38:24004] [ 8] code/build_output/main[0x41a198]
[eu-ms-017-38:24004] [ 9] /cluster/spack/apps/linux-centos7-x86_64/gcc-4.8.5/gcc-9.3.0-mjmsvu3362usxjr7tas4ywkd2e4ko5x3/lib64/libstdc++.so.6(+0xa4e14)[0x2ba9aee58e14]
[eu-ms-001-16:15827] [ 7] code/build_output/main[0x40ba49]
[eu-ms-001-16:15827] [ 8] code/build_output/main[0x41a198]
[eu-ms-001-16:15827] [ 9] code/build_output/main[0x40c3d9]
/cluster/spack/apps/linux-centos7-x86_64/gcc-4.8.5/gcc-9.3.0-mjmsvu3362usxjr7tas4ywkd2e4ko5x3/lib64/libstdc++.so.6(+0xa4e14)[0x2ab87a938e14]
[eu-ms-001-10:02734] [ 7] code/build_output/main[0x40ba49]
[eu-ms-001-10:02734] [ 8] code/build_output/main[0x41a198]
[eu-ms-001-10:02734] [ 9] code/build_output/main[0x40c3d9]
[eu-ms-001-10:02734] [10] code/build_output/main[0x40c3d9]
[eu-ms-017-38:24004] [10] /usr/lib64/libc.so.6(__libc_start_main+0xf5)[0x2ac56f127555]
[eu-ms-017-38:24004] [11] [eu-ms-001-16:15827] [10] /usr/lib64/libc.so.6(__libc_start_main+0xf5)[0x2ba9af8e6555]
[eu-ms-001-16:15827] [11] /usr/lib64/libc.so.6(__libc_start_main+0xf5)[0x2ab87b3c6555]
[eu-ms-001-10:02734] [11] code/build_output/main[0x40db3f]
[eu-ms-001-10:02734] *** End of error message ***
terminate called after throwing an instance of 'std::runtime_error'
terminate called after throwing an instance of 'std::runtime_error'
code/build_output/main[0x40db3f]
[eu-ms-017-38:24004] *** End of error message ***
code/build_output/main[0x40db3f]
[eu-ms-001-16:15827] *** End of error message ***
  what():  Starting Rabenseifner-Gather with non-power-of-2 processes, numprocs=26
[eu-ms-001-44:23677] *** Process received signal ***
[eu-ms-001-44:23677] Signal: Aborted (6)
[eu-ms-001-44:23677] Signal code:  (-6)
  what():  Starting Rabenseifner-Gather with non-power-of-2 processes, numprocs=26
[eu-ms-001-22:22420] *** Process received signal ***
[eu-ms-001-22:22420] Signal: Aborted (6)
[eu-ms-001-22:22420] Signal code:  (-6)
[eu-ms-001-44:23677] [ 0] /usr/lib64/libpthread.so.0(+0xf630)[0x2b0711082630]
[eu-ms-001-44:23677] [ 1] [eu-ms-001-22:22420] [ 0] /usr/lib64/libc.so.6(gsignal+0x37)[0x2b07112c5387]
[eu-ms-001-44:23677] [ 2] /usr/lib64/libc.so.6(abort+0x148)[0x2b07112c6a78]
[eu-ms-001-44:23677] [ 3] /usr/lib64/libpthread.so.0(+0xf630)[0x2b78064c2630]
[eu-ms-001-22:22420] [ 1] /cluster/spack/apps/linux-centos7-x86_64/gcc-4.8.5/gcc-9.3.0-mjmsvu3362usxjr7tas4ywkd2e4ko5x3/lib64/libstdc++.so.6(+0x99133)[0x2b0710818133]
[eu-ms-001-44:23677] [ 4] /usr/lib64/libc.so.6(gsignal+0x37)[0x2b7806705387]
[eu-ms-001-22:22420] [ 2] /usr/lib64/libc.so.6(abort+0x148)[0x2b7806706a78]
[eu-ms-001-22:22420] [ 3] /cluster/spack/apps/linux-centos7-x86_64/gcc-4.8.5/gcc-9.3.0-mjmsvu3362usxjr7tas4ywkd2e4ko5x3/lib64/libstdc++.so.6(+0xa4b56)[0x2b0710823b56]
[eu-ms-001-44:23677] [ 5] /cluster/spack/apps/linux-centos7-x86_64/gcc-4.8.5/gcc-9.3.0-mjmsvu3362usxjr7tas4ywkd2e4ko5x3/lib64/libstdc++.so.6(+0x99133)[0x2b7805c58133]
[eu-ms-001-22:22420] [ 4] /cluster/spack/apps/linux-centos7-x86_64/gcc-4.8.5/gcc-9.3.0-mjmsvu3362usxjr7tas4ywkd2e4ko5x3/lib64/libstdc++.so.6(+0xa4bc1)[0x2b0710823bc1]
[eu-ms-001-44:23677] [ 6] /cluster/spack/apps/linux-centos7-x86_64/gcc-4.8.5/gcc-9.3.0-mjmsvu3362usxjr7tas4ywkd2e4ko5x3/lib64/libstdc++.so.6(+0xa4b56)[0x2b7805c63b56]
[eu-ms-001-22:22420] [ 5] /cluster/spack/apps/linux-centos7-x86_64/gcc-4.8.5/gcc-9.3.0-mjmsvu3362usxjr7tas4ywkd2e4ko5x3/lib64/libstdc++.so.6(+0xa4e14)[0x2b0710823e14]
[eu-ms-001-44:23677] [ 7] code/build_output/main[0x40ba49]
[eu-ms-001-44:23677] [ 8] code/build_output/main[0x41a198]
[eu-ms-001-44:23677] [ 9] code/build_output/main[0x40c3d9]
[eu-ms-001-44:23677] /cluster/spack/apps/linux-centos7-x86_64/gcc-4.8.5/gcc-9.3.0-mjmsvu3362usxjr7tas4ywkd2e4ko5x3/lib64/libstdc++.so.6(+0xa4bc1)[0x2b7805c63bc1]
[eu-ms-001-22:22420] [ 6] [10] /usr/lib64/libc.so.6(__libc_start_main+0xf5)[0x2b07112b1555]
[eu-ms-001-44:23677] [11] /cluster/spack/apps/linux-centos7-x86_64/gcc-4.8.5/gcc-9.3.0-mjmsvu3362usxjr7tas4ywkd2e4ko5x3/lib64/libstdc++.so.6(+0xa4e14)[0x2b7805c63e14]
[eu-ms-001-22:22420] [ 7] code/build_output/main[0x40ba49]
[eu-ms-001-22:22420] [ 8] code/build_output/main[0x41a198]
[eu-ms-001-22:22420] [ 9] code/build_output/main[0x40c3d9]
[eu-ms-001-22:22420] code/build_output/main[0x40db3f]
[eu-ms-001-44:23677] *** End of error message ***
[10] /usr/lib64/libc.so.6(__libc_start_main+0xf5)[0x2b78066f1555]
[eu-ms-001-22:22420] [11] code/build_output/main[0x40db3f]
[eu-ms-001-22:22420] *** End of error message ***
terminate called after throwing an instance of 'std::runtime_error'
terminate called after throwing an instance of 'std::runtime_error'
  what():  Starting Rabenseifner-Gather with non-power-of-2 processes, numprocs=26
[eu-ms-017-01:11743] *** Process received signal ***
[eu-ms-017-01:11743] Signal: Aborted (6)
[eu-ms-017-01:11743] Signal code:  (-6)
  what():  Starting Rabenseifner-Gather with non-power-of-2 processes, numprocs=26
[eu-ms-001-20:30356] *** Process received signal ***
[eu-ms-001-20:30356] Signal: Aborted (6)
[eu-ms-001-20:30356] Signal code:  (-6)
[eu-ms-017-01:11743] [ 0] [eu-ms-001-20:30356] [ 0] /usr/lib64/libpthread.so.0(+0xf630)[0x2b2732eb5630]
[eu-ms-017-01:11743] [ 1] /usr/lib64/libpthread.so.0(+0xf630)[0x2b5801d36630]
[eu-ms-001-20:30356] [ 1] /usr/lib64/libc.so.6(gsignal+0x37)[0x2b27330f8387]
[eu-ms-017-01:11743] [ 2] /usr/lib64/libc.so.6(abort+0x148)[0x2b27330f9a78]
/usr/lib64/libc.so.6(gsignal+0x37)[0x2b5801f79387]
[eu-ms-001-20:30356] [ 2] /usr/lib64/libc.so.6(abort+0x148)[0x2b5801f7aa78]
[eu-ms-001-20:30356] [ 3] [eu-ms-017-01:11743] [ 3] /cluster/spack/apps/linux-centos7-x86_64/gcc-4.8.5/gcc-9.3.0-mjmsvu3362usxjr7tas4ywkd2e4ko5x3/lib64/libstdc++.so.6(+0x99133)[0x2b273264b133]
[eu-ms-017-01:11743] [ 4] /cluster/spack/apps/linux-centos7-x86_64/gcc-4.8.5/gcc-9.3.0-mjmsvu3362usxjr7tas4ywkd2e4ko5x3/lib64/libstdc++.so.6(+0x99133)[0x2b58014cc133]
[eu-ms-001-20:30356] [ 4] /cluster/spack/apps/linux-centos7-x86_64/gcc-4.8.5/gcc-9.3.0-mjmsvu3362usxjr7tas4ywkd2e4ko5x3/lib64/libstdc++.so.6(+0xa4b56)[0x2b2732656b56]
[eu-ms-017-01:11743] [ 5] /cluster/spack/apps/linux-centos7-x86_64/gcc-4.8.5/gcc-9.3.0-mjmsvu3362usxjr7tas4ywkd2e4ko5x3/lib64/libstdc++.so.6(+0xa4b56)[0x2b58014d7b56]
[eu-ms-001-20:30356] [ 5] /cluster/spack/apps/linux-centos7-x86_64/gcc-4.8.5/gcc-9.3.0-mjmsvu3362usxjr7tas4ywkd2e4ko5x3/lib64/libstdc++.so.6(+0xa4bc1)[0x2b2732656bc1]
[eu-ms-017-01:11743] [ 6] /cluster/spack/apps/linux-centos7-x86_64/gcc-4.8.5/gcc-9.3.0-mjmsvu3362usxjr7tas4ywkd2e4ko5x3/lib64/libstdc++.so.6(+0xa4bc1)[0x2b58014d7bc1]
[eu-ms-001-20:30356] [ 6] /cluster/spack/apps/linux-centos7-x86_64/gcc-4.8.5/gcc-9.3.0-mjmsvu3362usxjr7tas4ywkd2e4ko5x3/lib64/libstdc++.so.6(+0xa4e14)[0x2b58014d7e14]
[eu-ms-001-20:30356] [ 7] /cluster/spack/apps/linux-centos7-x86_64/gcc-4.8.5/gcc-9.3.0-mjmsvu3362usxjr7tas4ywkd2e4ko5x3/lib64/libstdc++.so.6(+0xa4e14)[0x2b2732656e14]
[eu-ms-017-01:11743] [ 7] code/build_output/main[0x40ba49]
[eu-ms-017-01:11743] [ 8] code/build_output/main[0x41a198]
[eu-ms-017-01:11743] [ 9] code/build_output/main[0x40ba49]
[eu-ms-001-20:30356] [ 8] code/build_output/main[0x41a198]
[eu-ms-001-20:30356] [ 9] code/build_output/main[0x40c3d9]
[eu-ms-001-20:30356] [10] code/build_output/main[0x40c3d9]
[eu-ms-017-01:11743] [10] /usr/lib64/libc.so.6(__libc_start_main+0xf5)[0x2b27330e4555]
[eu-ms-017-01:11743] [11] /usr/lib64/libc.so.6(__libc_start_main+0xf5)[0x2b5801f65555]
[eu-ms-001-20:30356] [11] code/build_output/main[0x40db3f]
[eu-ms-001-20:30356] *** End of error message ***
code/build_output/main[0x40db3f]
[eu-ms-017-01:11743] *** End of error message ***
terminate called after throwing an instance of 'std::runtime_error'
terminate called after throwing an instance of 'std::runtime_error'
  what():  Starting Rabenseifner-Gather with non-power-of-2 processes, numprocs=26
[eu-ms-001-38:08046] *** Process received signal ***
[eu-ms-001-38:08046] Signal: Aborted (6)
[eu-ms-001-38:08046] Signal code:  (-6)
  what():  Starting Rabenseifner-Gather with non-power-of-2 processes, numprocs=26
[eu-ms-017-27:22105] *** Process received signal ***
[eu-ms-017-27:22105] Signal: Aborted (6)
[eu-ms-017-27:22105] Signal code:  (-6)
[eu-ms-017-27:22105] [ 0] terminate called after throwing an instance of 'std::runtime_error'
/usr/lib64/libpthread.so.0(+0xf630)[0x2b2e31cc7630]
[eu-ms-017-27:22105] [ 1]   what():  Starting Rabenseifner-Gather with non-power-of-2 processes, numprocs=26
[eu-ms-001-42:04603] *** Process received signal ***
[eu-ms-001-42:04603] Signal: Aborted (6)
[eu-ms-001-42:04603] Signal code:  (-6)
/usr/lib64/libc.so.6(gsignal+0x37)[0x2b2e31f0a387]
[eu-ms-017-27:22105] [ 2] /usr/lib64/libc.so.6(abort+0x148)[0x2b2e31f0ba78]
[eu-ms-017-27:22105] [ 3] /cluster/spack/apps/linux-centos7-x86_64/gcc-4.8.5/gcc-9.3.0-mjmsvu3362usxjr7tas4ywkd2e4ko5x3/lib64/libstdc++.so.6(+0x99133)[0x2b2e3145d133]
[eu-ms-017-27:22105] [ 4] /cluster/spack/apps/linux-centos7-x86_64/gcc-4.8.5/gcc-9.3.0-mjmsvu3362usxjr7tas4ywkd2e4ko5x3/lib64/libstdc++.so.6(+0xa4b56)[0x2b2e31468b56]
[eu-ms-017-27:22105] [ 5] /cluster/spack/apps/linux-centos7-x86_64/gcc-4.8.5/gcc-9.3.0-mjmsvu3362usxjr7tas4ywkd2e4ko5x3/lib64/libstdc++.so.6(+0xa4bc1)[0x2b2e31468bc1]
[eu-ms-017-27:22105] [ 6] /cluster/spack/apps/linux-centos7-x86_64/gcc-4.8.5/gcc-9.3.0-mjmsvu3362usxjr7tas4ywkd2e4ko5x3/lib64/libstdc++.so.6(+0xa4e14)[0x2b2e31468e14]
[eu-ms-017-27:22105] [ 7] code/build_output/main[0x40ba49]
[eu-ms-017-27:22105] [ 8] code/build_output/main[0x41a198]
[eu-ms-017-27:22105] [ 9] code/build_output/main[0x40c3d9]
[eu-ms-017-27:22105] [10] /usr/lib64/libc.so.6(__libc_start_main+0xf5)[0x2b2e31ef6555]
[eu-ms-017-27:22105] [11] code/build_output/main[0x40db3f]
[eu-ms-017-27:22105] *** End of error message ***
[eu-ms-001-42:04603] [ 0] [eu-ms-001-38:08046] [ 0] /usr/lib64/libpthread.so.0(+0xf630)[0x2acdf0eed630]
[eu-ms-001-38:08046] [ 1] /usr/lib64/libc.so.6(gsignal+0x37)[0x2acdf1130387]
/usr/lib64/libpthread.so.0(+0xf630)[0x2b86562cd630]
[eu-ms-001-42:04603] [ 1] /usr/lib64/libc.so.6(gsignal+0x37)[0x2b8656510387]
[eu-ms-001-42:04603] [eu-ms-001-38:08046] [ 2] /usr/lib64/libc.so.6(abort+0x148)[0x2acdf1131a78]
[eu-ms-001-38:08046] [ 3] [ 2] /usr/lib64/libc.so.6(abort+0x148)[0x2b8656511a78]
[eu-ms-001-42:04603] [ 3] /cluster/spack/apps/linux-centos7-x86_64/gcc-4.8.5/gcc-9.3.0-mjmsvu3362usxjr7tas4ywkd2e4ko5x3/lib64/libstdc++.so.6(+0x99133)[0x2acdf0683133]
[eu-ms-001-38:08046] [ 4] /cluster/spack/apps/linux-centos7-x86_64/gcc-4.8.5/gcc-9.3.0-mjmsvu3362usxjr7tas4ywkd2e4ko5x3/lib64/libstdc++.so.6(+0x99133)[0x2b8655a63133]
[eu-ms-001-42:04603] [ 4] /cluster/spack/apps/linux-centos7-x86_64/gcc-4.8.5/gcc-9.3.0-mjmsvu3362usxjr7tas4ywkd2e4ko5x3/lib64/libstdc++.so.6(+0xa4b56)[0x2acdf068eb56]
[eu-ms-001-38:08046] [ 5] /cluster/spack/apps/linux-centos7-x86_64/gcc-4.8.5/gcc-9.3.0-mjmsvu3362usxjr7tas4ywkd2e4ko5x3/lib64/libstdc++.so.6(+0xa4b56)[0x2b8655a6eb56]
[eu-ms-001-42:04603] [ 5] /cluster/spack/apps/linux-centos7-x86_64/gcc-4.8.5/gcc-9.3.0-mjmsvu3362usxjr7tas4ywkd2e4ko5x3/lib64/libstdc++.so.6(+0xa4bc1)[0x2acdf068ebc1]
[eu-ms-001-38:08046] [ 6] /cluster/spack/apps/linux-centos7-x86_64/gcc-4.8.5/gcc-9.3.0-mjmsvu3362usxjr7tas4ywkd2e4ko5x3/lib64/libstdc++.so.6(+0xa4bc1)[0x2b8655a6ebc1]
[eu-ms-001-42:04603] [ 6] /cluster/spack/apps/linux-centos7-x86_64/gcc-4.8.5/gcc-9.3.0-mjmsvu3362usxjr7tas4ywkd2e4ko5x3/lib64/libstdc++.so.6(+0xa4e14)[0x2b8655a6ee14]
[eu-ms-001-42:04603] [ 7] /cluster/spack/apps/linux-centos7-x86_64/gcc-4.8.5/gcc-9.3.0-mjmsvu3362usxjr7tas4ywkd2e4ko5x3/lib64/libstdc++.so.6(+0xa4e14)[0x2acdf068ee14]
[eu-ms-001-38:08046] [ 7] code/build_output/main[0x40ba49]
[eu-ms-001-38:08046] [ 8] code/build_output/main[0x41a198]
[eu-ms-001-38:08046] [ 9] code/build_output/main[0x40c3d9]
[eu-ms-001-38:08046] [10] code/build_output/main[0x40ba49]
[eu-ms-001-42:04603] [ 8] code/build_output/main[0x41a198]
[eu-ms-001-42:04603] [ 9] code/build_output/main[0x40c3d9]
[eu-ms-001-42:04603] [10] /usr/lib64/libc.so.6(__libc_start_main+0xf5)[0x2acdf111c555]
[eu-ms-001-38:08046] [11] code/build_output/main[0x40db3f]
[eu-ms-001-38:08046] *** End of error message ***
/usr/lib64/libc.so.6(__libc_start_main+0xf5)[0x2b86564fc555]
[eu-ms-001-42:04603] [11] code/build_output/main[0x40db3f]
[eu-ms-001-42:04603] *** End of error message ***
terminate called after throwing an instance of 'std::runtime_error'
  what():  Starting Rabenseifner-Gather with non-power-of-2 processes, numprocs=26
[eu-ms-017-30:30151] *** Process received signal ***
[eu-ms-017-30:30151] Signal: Aborted (6)
[eu-ms-017-30:30151] Signal code:  (-6)
[eu-ms-017-30:30151] [ 0] /usr/lib64/libpthread.so.0(+0xf630)[0x2b354c615630]
[eu-ms-017-30:30151] [ 1] /usr/lib64/libc.so.6(gsignal+0x37)[0x2b354c858387]
[eu-ms-017-30:30151] [ 2] /usr/lib64/libc.so.6(abort+0x148)[0x2b354c859a78]
[eu-ms-017-30:30151] [ 3] /cluster/spack/apps/linux-centos7-x86_64/gcc-4.8.5/gcc-9.3.0-mjmsvu3362usxjr7tas4ywkd2e4ko5x3/lib64/libstdc++.so.6(+0x99133)[0x2b354bdab133]
[eu-ms-017-30:30151] [ 4] /cluster/spack/apps/linux-centos7-x86_64/gcc-4.8.5/gcc-9.3.0-mjmsvu3362usxjr7tas4ywkd2e4ko5x3/lib64/libstdc++.so.6(+0xa4b56)[0x2b354bdb6b56]
[eu-ms-017-30:30151] [ 5] /cluster/spack/apps/linux-centos7-x86_64/gcc-4.8.5/gcc-9.3.0-mjmsvu3362usxjr7tas4ywkd2e4ko5x3/lib64/libstdc++.so.6(+0xa4bc1)[0x2b354bdb6bc1]
[eu-ms-017-30:30151] [ 6] /cluster/spack/apps/linux-centos7-x86_64/gcc-4.8.5/gcc-9.3.0-mjmsvu3362usxjr7tas4ywkd2e4ko5x3/lib64/libstdc++.so.6(+0xa4e14)[0x2b354bdb6e14]
[eu-ms-017-30:30151] [ 7] code/build_output/main[0x40ba49]
[eu-ms-017-30:30151] [ 8] code/build_output/main[0x41a198]
[eu-ms-017-30:30151] [ 9] code/build_output/main[0x40c3d9]
[eu-ms-017-30:30151] [10] /usr/lib64/libc.so.6(__libc_start_main+0xf5)[0x2b354c844555]
[eu-ms-017-30:30151] [11] code/build_output/main[0x40db3f]
[eu-ms-017-30:30151] *** End of error message ***
terminate called after throwing an instance of 'std::runtime_error'
  what():  Starting Rabenseifner-Gather with non-power-of-2 processes, numprocs=26
[eu-ms-017-32:15835] *** Process received signal ***
[eu-ms-017-32:15835] Signal: Aborted (6)
[eu-ms-017-32:15835] Signal code:  (-6)
terminate called after throwing an instance of 'std::runtime_error'
[eu-ms-017-32:15835] [ 0]   what():  Starting Rabenseifner-Gather with non-power-of-2 processes, numprocs=26
[eu-ms-001-09:09698] *** Process received signal ***
[eu-ms-001-09:09698] Signal: Aborted (6)
[eu-ms-001-09:09698] Signal code:  (-6)
terminate called after throwing an instance of 'std::runtime_error'
/usr/lib64/libpthread.so.0(+0xf630)[0x2b3549af3630]
[eu-ms-017-32:15835] [ 1]   what():  Starting Rabenseifner-Gather with non-power-of-2 processes, numprocs=26
[eu-ms-001-39:26552] *** Process received signal ***
[eu-ms-001-39:26552] Signal: Aborted (6)
[eu-ms-001-39:26552] Signal code:  (-6)
/usr/lib64/libc.so.6(gsignal+0x37)[0x2b3549d36387]
[eu-ms-017-32:15835] [ 2] /usr/lib64/libc.so.6(abort+0x148)[0x2b3549d37a78]
[eu-ms-017-32:15835] [ 3] [eu-ms-001-09:09698] [ 0] /cluster/spack/apps/linux-centos7-x86_64/gcc-4.8.5/gcc-9.3.0-mjmsvu3362usxjr7tas4ywkd2e4ko5x3/lib64/libstdc++.so.6(+0x99133)[0x2b3549289133]
[eu-ms-017-32:15835] [ 4] /usr/lib64/libpthread.so.0(+0xf630)[0x2adbd51d6630]
[eu-ms-001-09:09698] [ 1] /usr/lib64/libc.so.6(gsignal+0x37)[0x2adbd5419387]
[eu-ms-001-39:26552] [ 0] /cluster/spack/apps/linux-centos7-x86_64/gcc-4.8.5/gcc-9.3.0-mjmsvu3362usxjr7tas4ywkd2e4ko5x3/lib64/libstdc++.so.6(+0xa4b56)[0x2b3549294b56]
[eu-ms-017-32:15835] [ 5] [eu-ms-001-09:09698] [ 2] /usr/lib64/libc.so.6(abort+0x148)[0x2adbd541aa78]
[eu-ms-001-09:09698] [ 3] /usr/lib64/libpthread.so.0(+0xf630)[0x2b30ea731630]
[eu-ms-001-39:26552] [ 1] /cluster/spack/apps/linux-centos7-x86_64/gcc-4.8.5/gcc-9.3.0-mjmsvu3362usxjr7tas4ywkd2e4ko5x3/lib64/libstdc++.so.6(+0xa4bc1)[0x2b3549294bc1]
[eu-ms-017-32:15835] [ 6] /cluster/spack/apps/linux-centos7-x86_64/gcc-4.8.5/gcc-9.3.0-mjmsvu3362usxjr7tas4ywkd2e4ko5x3/lib64/libstdc++.so.6(+0x99133)[0x2adbd496c133]
[eu-ms-001-09:09698] [ 4] /usr/lib64/libc.so.6(gsignal+0x37)[0x2b30ea974387]
[eu-ms-001-39:26552] [ 2] /usr/lib64/libc.so.6(abort+0x148)[0x2b30ea975a78]
[eu-ms-001-39:26552] [ 3] /cluster/spack/apps/linux-centos7-x86_64/gcc-4.8.5/gcc-9.3.0-mjmsvu3362usxjr7tas4ywkd2e4ko5x3/lib64/libstdc++.so.6(+0xa4e14)[0x2b3549294e14]
[eu-ms-017-32:15835] [ 7] code/build_output/main[0x40ba49]
[eu-ms-017-32:15835] [ 8] code/build_output/main[0x41a198]
[eu-ms-017-32:15835] [ 9] code/build_output/main[0x40c3d9]
/cluster/spack/apps/linux-centos7-x86_64/gcc-4.8.5/gcc-9.3.0-mjmsvu3362usxjr7tas4ywkd2e4ko5x3/lib64/libstdc++.so.6(+0xa4b56)[0x2adbd4977b56]
[eu-ms-001-09:09698] [ 5] /cluster/spack/apps/linux-centos7-x86_64/gcc-4.8.5/gcc-9.3.0-mjmsvu3362usxjr7tas4ywkd2e4ko5x3/lib64/libstdc++.so.6(+0x99133)[0x2b30e9ec7133]
[eu-ms-001-39:26552] [ 4] [eu-ms-017-32:15835] [10] /usr/lib64/libc.so.6(__libc_start_main+0xf5)[0x2b3549d22555]
[eu-ms-017-32:15835] [11] /cluster/spack/apps/linux-centos7-x86_64/gcc-4.8.5/gcc-9.3.0-mjmsvu3362usxjr7tas4ywkd2e4ko5x3/lib64/libstdc++.so.6(+0xa4bc1)[0x2adbd4977bc1]
[eu-ms-001-09:09698] [ 6] /cluster/spack/apps/linux-centos7-x86_64/gcc-4.8.5/gcc-9.3.0-mjmsvu3362usxjr7tas4ywkd2e4ko5x3/lib64/libstdc++.so.6(+0xa4b56)[0x2b30e9ed2b56]
[eu-ms-001-39:26552] [ 5] code/build_output/main[0x40db3f]
[eu-ms-017-32:15835] *** End of error message ***
/cluster/spack/apps/linux-centos7-x86_64/gcc-4.8.5/gcc-9.3.0-mjmsvu3362usxjr7tas4ywkd2e4ko5x3/lib64/libstdc++.so.6(+0xa4e14)[0x2adbd4977e14]
[eu-ms-001-09:09698] [ 7] code/build_output/main[0x40ba49]
[eu-ms-001-09:09698] [ 8] code/build_output/main[0x41a198]
[eu-ms-001-09:09698] [ 9] code/build_output/main[0x40c3d9]
[eu-ms-001-09:09698] [10] /cluster/spack/apps/linux-centos7-x86_64/gcc-4.8.5/gcc-9.3.0-mjmsvu3362usxjr7tas4ywkd2e4ko5x3/lib64/libstdc++.so.6(+0xa4bc1)[0x2b30e9ed2bc1]
[eu-ms-001-39:26552] [ 6] /cluster/spack/apps/linux-centos7-x86_64/gcc-4.8.5/gcc-9.3.0-mjmsvu3362usxjr7tas4ywkd2e4ko5x3/lib64/libstdc++.so.6(+0xa4e14)[0x2b30e9ed2e14]
[eu-ms-001-39:26552] [ 7] /usr/lib64/libc.so.6(__libc_start_main+0xf5)[0x2adbd5405555]
[eu-ms-001-09:09698] [11] code/build_output/main[0x40db3f]
[eu-ms-001-09:09698] *** End of error message ***
code/build_output/main[0x40ba49]
[eu-ms-001-39:26552] [ 8] code/build_output/main[0x41a198]
[eu-ms-001-39:26552] [ 9] code/build_output/main[0x40c3d9]
[eu-ms-001-39:26552] [10] /usr/lib64/libc.so.6(__libc_start_main+0xf5)[0x2b30ea960555]
[eu-ms-001-39:26552] [11] code/build_output/main[0x40db3f]
[eu-ms-001-39:26552] *** End of error message ***
--------------------------------------------------------------------------
Primary job  terminated normally, but 1 process returned
a non-zero exit code. Per user-direction, the job has been aborted.
--------------------------------------------------------------------------
--------------------------------------------------------------------------
mpirun noticed that process rank 17 with PID 17019 on node eu-ms-001-13 exited on signal 6 (Aborted).
--------------------------------------------------------------------------
