0: Starting numprocs=2 N=1024, M=1024 impl=rabenseifner-scatter
Iteration 0
1: Starting numprocs=2 N=1024, M=1024 impl=rabenseifner-scatter
[eu-ms-025-19:9055 :0:9055] Caught signal 11 (Segmentation fault: address not mapped to object at address 0x266a000)
==== backtrace (tid:   9055) ====
 0  /cluster/spack/apps/linux-centos7-x86_64/gcc-9.3.0/ucx-1.10.1-rtkf46xfr456yc5n3dtbc6um62ellewy/lib/libucs.so.0(ucs_handle_error+0x254) [0x2b416b6b2214]
 1  /cluster/spack/apps/linux-centos7-x86_64/gcc-9.3.0/ucx-1.10.1-rtkf46xfr456yc5n3dtbc6um62ellewy/lib/libucs.so.0(+0x293d7) [0x2b416b6b23d7]
 2  /cluster/spack/apps/linux-centos7-x86_64/gcc-9.3.0/ucx-1.10.1-rtkf46xfr456yc5n3dtbc6um62ellewy/lib/libucs.so.0(+0x296e4) [0x2b416b6b26e4]
 3  /usr/lib64/libpthread.so.0(+0xf630) [0x2b4169815630]
 4  code/build_output/main() [0x41d057]
 5  code/build_output/main() [0x41e661]
 6  code/build_output/main() [0x41a198]
 7  code/build_output/main() [0x40c3d9]
 8  /usr/lib64/libc.so.6(__libc_start_main+0xf5) [0x2b4169a44555]
 9  code/build_output/main() [0x40db3f]
=================================
[eu-ms-025-06:8412 :0:8412] Caught signal 11 (Segmentation fault: address not mapped to object at address 0x12ba000)
--------------------------------------------------------------------------
Primary job  terminated normally, but 1 process returned
a non-zero exit code. Per user-direction, the job has been aborted.
--------------------------------------------------------------------------
--------------------------------------------------------------------------
mpirun noticed that process rank 0 with PID 0 on node eu-ms-025-19 exited on signal 11 (Segmentation fault).
--------------------------------------------------------------------------
