4: Starting numprocs=36 N=8192, M=8192 impl=rabenseifner-gather
35: Starting numprocs=36 N=8192, M=8192 impl=rabenseifner-gather
32: Starting numprocs=36 N=8192, M=8192 impl=rabenseifner-gather
3: Starting numprocs=36 N=8192, M=8192 impl=rabenseifner-gather
12: Starting numprocs=36 N=8192, M=8192 impl=rabenseifner-gather
24: Starting numprocs=36 N=8192, M=8192 impl=rabenseifner-gather
0: Starting numprocs=36 N=8192, M=8192 impl=rabenseifner-gather
Iteration 0
5: Starting numprocs=36 N=8192, M=8192 impl=rabenseifner-gather
19: Starting numprocs=36 N=8192, M=8192 impl=rabenseifner-gather
22: Starting numprocs=36 N=8192, M=8192 impl=rabenseifner-gather
11: Starting numprocs=36 N=8192, M=8192 impl=rabenseifner-gather
23: Starting numprocs=36 N=8192, M=8192 impl=rabenseifner-gather
33: Starting numprocs=36 N=8192, M=8192 impl=rabenseifner-gather
13: Starting numprocs=36 N=8192, M=8192 impl=rabenseifner-gather
30: Starting numprocs=36 N=8192, M=8192 impl=rabenseifner-gather
21: Starting numprocs=36 N=8192, M=8192 impl=rabenseifner-gather
9: Starting numprocs=36 N=8192, M=8192 impl=rabenseifner-gather
14: Starting numprocs=36 N=8192, M=8192 impl=rabenseifner-gather
29: Starting numprocs=36 N=8192, M=8192 impl=rabenseifner-gather
20: Starting numprocs=36 N=8192, M=8192 impl=rabenseifner-gather
10: Starting numprocs=36 N=8192, M=8192 impl=rabenseifner-gather
16: Starting numprocs=36 N=8192, M=8192 impl=rabenseifner-gather
25: Starting numprocs=36 N=8192, M=8192 impl=rabenseifner-gather
17: Starting numprocs=36 N=8192, M=8192 impl=rabenseifner-gather
1: Starting numprocs=36 N=8192, M=8192 impl=rabenseifner-gather
18: Starting numprocs=36 N=8192, M=8192 impl=rabenseifner-gather
26: Starting numprocs=36 N=8192, M=8192 impl=rabenseifner-gather
8: Starting numprocs=36 N=8192, M=8192 impl=rabenseifner-gather
7: Starting numprocs=36 N=8192, M=8192 impl=rabenseifner-gather
27: Starting numprocs=36 N=8192, M=8192 impl=rabenseifner-gather
34: Starting numprocs=36 N=8192, M=8192 impl=rabenseifner-gather
15: Starting numprocs=36 N=8192, M=8192 impl=rabenseifner-gather
2: Starting numprocs=36 N=8192, M=8192 impl=rabenseifner-gather
31: Starting numprocs=36 N=8192, M=8192 impl=rabenseifner-gather
28: Starting numprocs=36 N=8192, M=8192 impl=rabenseifner-gather
6: Starting numprocs=36 N=8192, M=8192 impl=rabenseifner-gather
terminate called after throwing an instance of 'std::runtime_error'
terminate called after throwing an instance of 'std::runtime_error'
  what():  Starting Rabenseifner-Gather with non-power-of-2 processes, numprocs=36
[eu-ms-027-03:31835] *** Process received signal ***
[eu-ms-027-03:31835] Signal: Aborted (6)
[eu-ms-027-03:31835] Signal code:  (-6)
  what():  Starting Rabenseifner-Gather with non-power-of-2 processes, numprocs=36
[eu-ms-015-26:16977] *** Process received signal ***
[eu-ms-015-26:16977] Signal: Aborted (6)
[eu-ms-015-26:16977] Signal code:  (-6)
[eu-ms-027-03:31835] [ 0] [eu-ms-015-26:16977] [ 0] /usr/lib64/libpthread.so.0(+0xf630)[0x2b409e96a630]
[eu-ms-027-03:31835] [ 1] /usr/lib64/libpthread.so.0(+0xf630)[0x2b16c3116630]
[eu-ms-015-26:16977] [ 1] /usr/lib64/libc.so.6(gsignal+0x37)[0x2b409ebad387]
[eu-ms-027-03:31835] [ 2] /usr/lib64/libc.so.6(abort+0x148)[0x2b409ebaea78]
[eu-ms-027-03:31835] [ 3] /usr/lib64/libc.so.6(gsignal+0x37)[0x2b16c3359387]
[eu-ms-015-26:16977] [ 2] /usr/lib64/libc.so.6(abort+0x148)[0x2b16c335aa78]
/cluster/spack/apps/linux-centos7-x86_64/gcc-4.8.5/gcc-9.3.0-mjmsvu3362usxjr7tas4ywkd2e4ko5x3/lib64/libstdc++.so.6(+0x99133)[0x2b409e100133]
[eu-ms-027-03:31835] [ 4] [eu-ms-015-26:16977] [ 3] /cluster/spack/apps/linux-centos7-x86_64/gcc-4.8.5/gcc-9.3.0-mjmsvu3362usxjr7tas4ywkd2e4ko5x3/lib64/libstdc++.so.6(+0x99133)[0x2b16c28ac133]
[eu-ms-015-26:16977] terminate called after throwing an instance of 'std::runtime_error'
/cluster/spack/apps/linux-centos7-x86_64/gcc-4.8.5/gcc-9.3.0-mjmsvu3362usxjr7tas4ywkd2e4ko5x3/lib64/libstdc++.so.6(+0xa4b56)[0x2b409e10bb56]
[eu-ms-027-03:31835] [ 5] [ 4] /cluster/spack/apps/linux-centos7-x86_64/gcc-4.8.5/gcc-9.3.0-mjmsvu3362usxjr7tas4ywkd2e4ko5x3/lib64/libstdc++.so.6(+0xa4b56)[0x2b16c28b7b56]
[eu-ms-015-26:16977] [ 5]   what():  Starting Rabenseifner-Gather with non-power-of-2 processes, numprocs=36
[eu-ms-027-13:29546] *** Process received signal ***
[eu-ms-027-13:29546] Signal: Aborted (6)
[eu-ms-027-13:29546] Signal code:  (-6)
terminate called after throwing an instance of 'std::runtime_error'
/cluster/spack/apps/linux-centos7-x86_64/gcc-4.8.5/gcc-9.3.0-mjmsvu3362usxjr7tas4ywkd2e4ko5x3/lib64/libstdc++.so.6(+0xa4bc1)[0x2b409e10bbc1]
[eu-ms-027-03:31835] [ 6] terminate called after throwing an instance of 'std::runtime_error'
/cluster/spack/apps/linux-centos7-x86_64/gcc-4.8.5/gcc-9.3.0-mjmsvu3362usxjr7tas4ywkd2e4ko5x3/lib64/libstdc++.so.6(+0xa4bc1)[0x2b16c28b7bc1]
[eu-ms-015-26:16977] [ 6]   what():  Starting Rabenseifner-Gather with non-power-of-2 processes, numprocs=36
[eu-ms-010-05:30491] *** Process received signal ***
[eu-ms-010-05:30491] Signal: Aborted (6)
[eu-ms-010-05:30491] Signal code:  (-6)
/cluster/spack/apps/linux-centos7-x86_64/gcc-4.8.5/gcc-9.3.0-mjmsvu3362usxjr7tas4ywkd2e4ko5x3/lib64/libstdc++.so.6(+0xa4e14)[0x2b409e10be14]
[eu-ms-027-03:31835] [ 7] code/build_output/main[0x40ba49]
[eu-ms-027-03:31835] [ 8] code/build_output/main[0x41a198]
[eu-ms-027-03:31835] [ 9] code/build_output/main[0x40c3d9]
[eu-ms-027-03:31835] terminate called after throwing an instance of 'std::runtime_error'
  what():  Starting Rabenseifner-Gather with non-power-of-2 processes, numprocs=36
[eu-ms-013-26:02629] *** Process received signal ***
[eu-ms-013-26:02629] Signal: Aborted (6)
[eu-ms-013-26:02629] Signal code:  (-6)
/cluster/spack/apps/linux-centos7-x86_64/gcc-4.8.5/gcc-9.3.0-mjmsvu3362usxjr7tas4ywkd2e4ko5x3/lib64/libstdc++.so.6(+0xa4e14)[0x2b16c28b7e14]
[eu-ms-015-26:16977] [ 7] code/build_output/main[0x40ba49]
[eu-ms-015-26:16977] [ 8] [eu-ms-027-13:29546] [ 0] /usr/lib64/libpthread.so.0(+0xf630)[0x2b1a0cc1f630]
[eu-ms-027-13:29546] [ 1] /usr/lib64/libc.so.6(gsignal+0x37)[0x2b1a0ce62387]
[eu-ms-027-13:29546] [ 2] /usr/lib64/libc.so.6(abort+0x148)[0x2b1a0ce63a78]
[eu-ms-027-13:29546] [ 3] [eu-ms-010-05:30491] [ 0] [10] /usr/lib64/libc.so.6(__libc_start_main+0xf5)[0x2b409eb99555]
[eu-ms-027-03:31835] [11]   what():  Starting Rabenseifner-Gather with non-power-of-2 processes, numprocs=36
[eu-ms-004-44:30350] *** Process received signal ***
[eu-ms-004-44:30350] Signal: Aborted (6)
[eu-ms-004-44:30350] Signal code:  (-6)
[eu-ms-013-26:02629] [ 0] code/build_output/main[0x41a198]
[eu-ms-015-26:16977] [ 9] code/build_output/main[0x40c3d9]
[eu-ms-015-26:16977] [10] /cluster/spack/apps/linux-centos7-x86_64/gcc-4.8.5/gcc-9.3.0-mjmsvu3362usxjr7tas4ywkd2e4ko5x3/lib64/libstdc++.so.6(+0x99133)[0x2b1a0c3b5133]
[eu-ms-027-13:29546] [ 4] /cluster/spack/apps/linux-centos7-x86_64/gcc-4.8.5/gcc-9.3.0-mjmsvu3362usxjr7tas4ywkd2e4ko5x3/lib64/libstdc++.so.6(+0xa4b56)[0x2b1a0c3c0b56]
[eu-ms-027-13:29546] [ 5] /cluster/spack/apps/linux-centos7-x86_64/gcc-4.8.5/gcc-9.3.0-mjmsvu3362usxjr7tas4ywkd2e4ko5x3/lib64/libstdc++.so.6(+0xa4bc1)[0x2b1a0c3c0bc1]
[eu-ms-027-13:29546] [ 6] /usr/lib64/libpthread.so.0(+0xf630)[0x2b4c694e2630]
[eu-ms-010-05:30491] [ 1] code/build_output/main[0x40db3f]
[eu-ms-027-03:31835] *** End of error message ***
[eu-ms-004-44:30350] [ 0] /usr/lib64/libpthread.so.0(+0xf630)[0x2b1b7e6d8630]
[eu-ms-013-26:02629] [ 1] /usr/lib64/libc.so.6(__libc_start_main+0xf5)[0x2b16c3345555]
[eu-ms-015-26:16977] [11] code/build_output/main[0x40db3f]
[eu-ms-015-26:16977] *** End of error message ***
/cluster/spack/apps/linux-centos7-x86_64/gcc-4.8.5/gcc-9.3.0-mjmsvu3362usxjr7tas4ywkd2e4ko5x3/lib64/libstdc++.so.6(+0xa4e14)[0x2b1a0c3c0e14]
[eu-ms-027-13:29546] [ 7] code/build_output/main[0x40ba49]
[eu-ms-027-13:29546] [ 8] code/build_output/main[0x41a198]
[eu-ms-027-13:29546] [ 9] code/build_output/main[0x40c3d9]
[eu-ms-027-13:29546] [10] /usr/lib64/libc.so.6(__libc_start_main+0xf5)[0x2b1a0ce4e555]
[eu-ms-027-13:29546] [11] code/build_output/main[0x40db3f]
/usr/lib64/libc.so.6(gsignal+0x37)[0x2b4c69725387]
[eu-ms-010-05:30491] [ 2] /usr/lib64/libc.so.6(abort+0x148)[0x2b4c69726a78]
/usr/lib64/libpthread.so.0(+0xf630)[0x2b1c997f1630]
[eu-ms-004-44:30350] [ 1] /usr/lib64/libc.so.6(gsignal+0x37)[0x2b1b7e91b387]
[eu-ms-013-26:02629] [ 2] /usr/lib64/libc.so.6(abort+0x148)[0x2b1b7e91ca78]
[eu-ms-013-26:02629] [ 3] [eu-ms-027-13:29546] *** End of error message ***
[eu-ms-010-05:30491] [ 3] /cluster/spack/apps/linux-centos7-x86_64/gcc-4.8.5/gcc-9.3.0-mjmsvu3362usxjr7tas4ywkd2e4ko5x3/lib64/libstdc++.so.6(+0x99133)[0x2b4c68c78133]
[eu-ms-010-05:30491] [ 4] /usr/lib64/libc.so.6(gsignal+0x37)[0x2b1c99a34387]
[eu-ms-004-44:30350] [ 2] /usr/lib64/libc.so.6(abort+0x148)[0x2b1c99a35a78]
[eu-ms-004-44:30350] [ 3] /cluster/spack/apps/linux-centos7-x86_64/gcc-4.8.5/gcc-9.3.0-mjmsvu3362usxjr7tas4ywkd2e4ko5x3/lib64/libstdc++.so.6(+0x99133)[0x2b1b7de6e133]
[eu-ms-013-26:02629] [ 4] terminate called after throwing an instance of 'std::runtime_error'
/cluster/spack/apps/linux-centos7-x86_64/gcc-4.8.5/gcc-9.3.0-mjmsvu3362usxjr7tas4ywkd2e4ko5x3/lib64/libstdc++.so.6(+0xa4b56)[0x2b4c68c83b56]
[eu-ms-010-05:30491] [ 5] /cluster/spack/apps/linux-centos7-x86_64/gcc-4.8.5/gcc-9.3.0-mjmsvu3362usxjr7tas4ywkd2e4ko5x3/lib64/libstdc++.so.6(+0x99133)[0x2b1c98f87133]
[eu-ms-004-44:30350] [ 4] /cluster/spack/apps/linux-centos7-x86_64/gcc-4.8.5/gcc-9.3.0-mjmsvu3362usxjr7tas4ywkd2e4ko5x3/lib64/libstdc++.so.6(+0xa4b56)[0x2b1b7de79b56]
[eu-ms-013-26:02629] [ 5]   what():  Starting Rabenseifner-Gather with non-power-of-2 processes, numprocs=36
[eu-ms-027-44:26900] *** Process received signal ***
[eu-ms-027-44:26900] Signal: Aborted (6)
[eu-ms-027-44:26900] Signal code:  (-6)
/cluster/spack/apps/linux-centos7-x86_64/gcc-4.8.5/gcc-9.3.0-mjmsvu3362usxjr7tas4ywkd2e4ko5x3/lib64/libstdc++.so.6(+0xa4bc1)[0x2b4c68c83bc1]
[eu-ms-010-05:30491] [ 6] /cluster/spack/apps/linux-centos7-x86_64/gcc-4.8.5/gcc-9.3.0-mjmsvu3362usxjr7tas4ywkd2e4ko5x3/lib64/libstdc++.so.6(+0xa4b56)[0x2b1c98f92b56]
[eu-ms-004-44:30350] [ 5] /cluster/spack/apps/linux-centos7-x86_64/gcc-4.8.5/gcc-9.3.0-mjmsvu3362usxjr7tas4ywkd2e4ko5x3/lib64/libstdc++.so.6(+0xa4bc1)[0x2b1b7de79bc1]
[eu-ms-013-26:02629] [ 6] [eu-ms-027-44:26900] [ 0] /cluster/spack/apps/linux-centos7-x86_64/gcc-4.8.5/gcc-9.3.0-mjmsvu3362usxjr7tas4ywkd2e4ko5x3/lib64/libstdc++.so.6(+0xa4e14)[0x2b4c68c83e14]
[eu-ms-010-05:30491] [ 7] code/build_output/main[0x40ba49]
[eu-ms-010-05:30491] [ 8] code/build_output/main[0x41a198]
[eu-ms-010-05:30491] [ 9] code/build_output/main[0x40c3d9]
/cluster/spack/apps/linux-centos7-x86_64/gcc-4.8.5/gcc-9.3.0-mjmsvu3362usxjr7tas4ywkd2e4ko5x3/lib64/libstdc++.so.6(+0xa4bc1)[0x2b1c98f92bc1]
[eu-ms-004-44:30350] [ 6] /cluster/spack/apps/linux-centos7-x86_64/gcc-4.8.5/gcc-9.3.0-mjmsvu3362usxjr7tas4ywkd2e4ko5x3/lib64/libstdc++.so.6(+0xa4e14)[0x2b1b7de79e14]
[eu-ms-013-26:02629] [ 7] code/build_output/main[0x40ba49]
[eu-ms-013-26:02629] [ 8] code/build_output/main[0x41a198]
[eu-ms-013-26:02629] [ 9] code/build_output/main[0x40c3d9]
[eu-ms-013-26:02629] [10] /usr/lib64/libpthread.so.0(+0xf630)[0x2ad51559a630]
[eu-ms-027-44:26900] [ 1] [eu-ms-010-05:30491] [10] /usr/lib64/libc.so.6(__libc_start_main+0xf5)[0x2b4c69711555]
[eu-ms-010-05:30491] [11] /cluster/spack/apps/linux-centos7-x86_64/gcc-4.8.5/gcc-9.3.0-mjmsvu3362usxjr7tas4ywkd2e4ko5x3/lib64/libstdc++.so.6(+0xa4e14)[0x2b1c98f92e14]
[eu-ms-004-44:30350] [ 7] code/build_output/main[0x40ba49]
[eu-ms-004-44:30350] [ 8] code/build_output/main[0x41a198]
[eu-ms-004-44:30350] [ 9] code/build_output/main[0x40c3d9]
[eu-ms-004-44:30350] [10] /usr/lib64/libc.so.6(__libc_start_main+0xf5)[0x2b1b7e907555]
[eu-ms-013-26:02629] [11] code/build_output/main[0x40db3f]
[eu-ms-013-26:02629] *** End of error message ***
/usr/lib64/libc.so.6(gsignal+0x37)[0x2ad5157dd387]
[eu-ms-027-44:26900] [ 2] /usr/lib64/libc.so.6(abort+0x148)[0x2ad5157dea78]
[eu-ms-027-44:26900] code/build_output/main[0x40db3f]
[eu-ms-010-05:30491] *** End of error message ***
/usr/lib64/libc.so.6(__libc_start_main+0xf5)[0x2b1c99a20555]
[eu-ms-004-44:30350] [11] code/build_output/main[0x40db3f]
[eu-ms-004-44:30350] *** End of error message ***
[ 3] /cluster/spack/apps/linux-centos7-x86_64/gcc-4.8.5/gcc-9.3.0-mjmsvu3362usxjr7tas4ywkd2e4ko5x3/lib64/libstdc++.so.6(+0x99133)[0x2ad514d30133]
[eu-ms-027-44:26900] [ 4] /cluster/spack/apps/linux-centos7-x86_64/gcc-4.8.5/gcc-9.3.0-mjmsvu3362usxjr7tas4ywkd2e4ko5x3/lib64/libstdc++.so.6(+0xa4b56)[0x2ad514d3bb56]
[eu-ms-027-44:26900] [ 5] /cluster/spack/apps/linux-centos7-x86_64/gcc-4.8.5/gcc-9.3.0-mjmsvu3362usxjr7tas4ywkd2e4ko5x3/lib64/libstdc++.so.6(+0xa4bc1)[0x2ad514d3bbc1]
[eu-ms-027-44:26900] [ 6] /cluster/spack/apps/linux-centos7-x86_64/gcc-4.8.5/gcc-9.3.0-mjmsvu3362usxjr7tas4ywkd2e4ko5x3/lib64/libstdc++.so.6(+0xa4e14)[0x2ad514d3be14]
[eu-ms-027-44:26900] [ 7] code/build_output/main[0x40ba49]
[eu-ms-027-44:26900] [ 8] code/build_output/main[0x41a198]
[eu-ms-027-44:26900] [ 9] code/build_output/main[0x40c3d9]
[eu-ms-027-44:26900] [10] /usr/lib64/libc.so.6(__libc_start_main+0xf5)[0x2ad5157c9555]
[eu-ms-027-44:26900] [11] code/build_output/main[0x40db3f]
[eu-ms-027-44:26900] *** End of error message ***
terminate called after throwing an instance of 'std::runtime_error'
terminate called after throwing an instance of 'std::runtime_error'
  what():  Starting Rabenseifner-Gather with non-power-of-2 processes, numprocs=36
[eu-ms-013-12:30138] *** Process received signal ***
[eu-ms-013-12:30138] Signal: Aborted (6)
[eu-ms-013-12:30138] Signal code:  (-6)
terminate called after throwing an instance of 'std::runtime_error'
terminate called after throwing an instance of 'std::runtime_error'
  what():  Starting Rabenseifner-Gather with non-power-of-2 processes, numprocs=36
[eu-ms-027-42:20243] *** Process received signal ***
[eu-ms-027-42:20243] Signal: Aborted (6)
[eu-ms-027-42:20243] Signal code:  (-6)
  what():  Starting Rabenseifner-Gather with non-power-of-2 processes, numprocs=36
[eu-ms-004-05:17720] *** Process received signal ***
[eu-ms-004-05:17720] Signal: Aborted (6)
[eu-ms-004-05:17720] Signal code:  (-6)
  what():  Starting Rabenseifner-Gather with non-power-of-2 processes, numprocs=36
[eu-ms-009-12:18169] *** Process received signal ***
[eu-ms-009-12:18169] Signal: Aborted (6)
[eu-ms-009-12:18169] Signal code:  (-6)
[eu-ms-027-42:20243] [ 0] [eu-ms-013-12:30138] [ 0] [eu-ms-009-12:18169] [ 0] /usr/lib64/libpthread.so.0(+0xf630)[0x2b2f62089630]
[eu-ms-027-42:20243] [ 1] /usr/lib64/libc.so.6(gsignal+0x37)[0x2b2f622cc387]
/usr/lib64/libpthread.so.0(+0xf630)[0x2b4b5947d630]
[eu-ms-013-12:30138] [ 1] /usr/lib64/libpthread.so.0(+0xf630)[0x2ac7bfb71630]
[eu-ms-009-12:18169] [ 1] [eu-ms-027-42:20243] [ 2] /usr/lib64/libc.so.6(abort+0x148)[0x2b2f622cda78]
[eu-ms-027-42:20243] [ 3] /usr/lib64/libc.so.6(gsignal+0x37)[0x2b4b596c0387]
[eu-ms-013-12:30138] [ 2] /usr/lib64/libc.so.6(gsignal+0x37)[0x2ac7bfdb4387]
[eu-ms-009-12:18169] [ 2] /usr/lib64/libc.so.6(abort+0x148)[0x2ac7bfdb5a78]
[eu-ms-009-12:18169] /cluster/spack/apps/linux-centos7-x86_64/gcc-4.8.5/gcc-9.3.0-mjmsvu3362usxjr7tas4ywkd2e4ko5x3/lib64/libstdc++.so.6(+0x99133)[0x2b2f6181f133]
[eu-ms-027-42:20243] [ 4] /usr/lib64/libc.so.6(abort+0x148)[0x2b4b596c1a78]
[eu-ms-013-12:30138] [ 3] /cluster/spack/apps/linux-centos7-x86_64/gcc-4.8.5/gcc-9.3.0-mjmsvu3362usxjr7tas4ywkd2e4ko5x3/lib64/libstdc++.so.6(+0x99133)[0x2b4b58c13133]
[eu-ms-013-12:30138] [ 4] [ 3] /cluster/spack/apps/linux-centos7-x86_64/gcc-4.8.5/gcc-9.3.0-mjmsvu3362usxjr7tas4ywkd2e4ko5x3/lib64/libstdc++.so.6(+0x99133)[0x2ac7bf307133]
[eu-ms-009-12:18169] [ 4] /cluster/spack/apps/linux-centos7-x86_64/gcc-4.8.5/gcc-9.3.0-mjmsvu3362usxjr7tas4ywkd2e4ko5x3/lib64/libstdc++.so.6(+0xa4b56)[0x2b2f6182ab56]
[eu-ms-027-42:20243] [ 5] /cluster/spack/apps/linux-centos7-x86_64/gcc-4.8.5/gcc-9.3.0-mjmsvu3362usxjr7tas4ywkd2e4ko5x3/lib64/libstdc++.so.6(+0xa4b56)[0x2b4b58c1eb56]
[eu-ms-013-12:30138] [ 5] [eu-ms-004-05:17720] [ 0] /cluster/spack/apps/linux-centos7-x86_64/gcc-4.8.5/gcc-9.3.0-mjmsvu3362usxjr7tas4ywkd2e4ko5x3/lib64/libstdc++.so.6(+0xa4b56)[0x2ac7bf312b56]
[eu-ms-009-12:18169] [ 5] /cluster/spack/apps/linux-centos7-x86_64/gcc-4.8.5/gcc-9.3.0-mjmsvu3362usxjr7tas4ywkd2e4ko5x3/lib64/libstdc++.so.6(+0xa4bc1)[0x2b2f6182abc1]
[eu-ms-027-42:20243] [ 6] /cluster/spack/apps/linux-centos7-x86_64/gcc-4.8.5/gcc-9.3.0-mjmsvu3362usxjr7tas4ywkd2e4ko5x3/lib64/libstdc++.so.6(+0xa4bc1)[0x2b4b58c1ebc1]
[eu-ms-013-12:30138] [ 6] /usr/lib64/libpthread.so.0(+0xf630)[0x2aae56429630]
[eu-ms-004-05:17720] [ 1] /usr/lib64/libc.so.6(gsignal+0x37)[0x2aae5666c387]
/cluster/spack/apps/linux-centos7-x86_64/gcc-4.8.5/gcc-9.3.0-mjmsvu3362usxjr7tas4ywkd2e4ko5x3/lib64/libstdc++.so.6(+0xa4bc1)[0x2ac7bf312bc1]
[eu-ms-009-12:18169] [ 6] /cluster/spack/apps/linux-centos7-x86_64/gcc-4.8.5/gcc-9.3.0-mjmsvu3362usxjr7tas4ywkd2e4ko5x3/lib64/libstdc++.so.6(+0xa4e14)[0x2b2f6182ae14]
[eu-ms-027-42:20243] [ 7] code/build_output/main[0x40ba49]
[eu-ms-027-42:20243] [ 8] code/build_output/main[0x41a198]
[eu-ms-027-42:20243] [ 9] code/build_output/main[0x40c3d9]
[eu-ms-027-42:20243] [10] /cluster/spack/apps/linux-centos7-x86_64/gcc-4.8.5/gcc-9.3.0-mjmsvu3362usxjr7tas4ywkd2e4ko5x3/lib64/libstdc++.so.6(+0xa4e14)[0x2b4b58c1ee14]
[eu-ms-013-12:30138] [ 7] code/build_output/main[0x40ba49]
[eu-ms-013-12:30138] [ 8] code/build_output/main[0x41a198]
[eu-ms-013-12:30138] [ 9] code/build_output/main[0x40c3d9]
[eu-ms-013-12:30138] [10] [eu-ms-004-05:17720] [ 2] /usr/lib64/libc.so.6(abort+0x148)[0x2aae5666da78]
[eu-ms-004-05:17720] [ 3] /cluster/spack/apps/linux-centos7-x86_64/gcc-4.8.5/gcc-9.3.0-mjmsvu3362usxjr7tas4ywkd2e4ko5x3/lib64/libstdc++.so.6(+0xa4e14)[0x2ac7bf312e14]
[eu-ms-009-12:18169] [ 7] code/build_output/main[0x40ba49]
[eu-ms-009-12:18169] [ 8] code/build_output/main[0x41a198]
[eu-ms-009-12:18169] [ 9] code/build_output/main[0x40c3d9]
/usr/lib64/libc.so.6(__libc_start_main+0xf5)[0x2b2f622b8555]
[eu-ms-027-42:20243] [11] code/build_output/main[0x40db3f]
[eu-ms-027-42:20243] *** End of error message ***
/usr/lib64/libc.so.6(__libc_start_main+0xf5)[0x2b4b596ac555]
[eu-ms-013-12:30138] [11] code/build_output/main[0x40db3f]
[eu-ms-013-12:30138] *** End of error message ***
/cluster/spack/apps/linux-centos7-x86_64/gcc-4.8.5/gcc-9.3.0-mjmsvu3362usxjr7tas4ywkd2e4ko5x3/lib64/libstdc++.so.6(+0x99133)[0x2aae55bbf133]
[eu-ms-004-05:17720] [ 4] [eu-ms-009-12:18169] [10] /usr/lib64/libc.so.6(__libc_start_main+0xf5)[0x2ac7bfda0555]
[eu-ms-009-12:18169] [11] /cluster/spack/apps/linux-centos7-x86_64/gcc-4.8.5/gcc-9.3.0-mjmsvu3362usxjr7tas4ywkd2e4ko5x3/lib64/libstdc++.so.6(+0xa4b56)[0x2aae55bcab56]
[eu-ms-004-05:17720] [ 5] code/build_output/main[0x40db3f]
[eu-ms-009-12:18169] *** End of error message ***
/cluster/spack/apps/linux-centos7-x86_64/gcc-4.8.5/gcc-9.3.0-mjmsvu3362usxjr7tas4ywkd2e4ko5x3/lib64/libstdc++.so.6(+0xa4bc1)[0x2aae55bcabc1]
[eu-ms-004-05:17720] [ 6] /cluster/spack/apps/linux-centos7-x86_64/gcc-4.8.5/gcc-9.3.0-mjmsvu3362usxjr7tas4ywkd2e4ko5x3/lib64/libstdc++.so.6(+0xa4e14)[0x2aae55bcae14]
terminate called after throwing an instance of 'std::runtime_error'
terminate called after throwing an instance of 'std::runtime_error'
terminate called after throwing an instance of 'std::runtime_error'
[eu-ms-004-05:17720] [ 7] code/build_output/main[0x40ba49]
[eu-ms-004-05:17720] [ 8] code/build_output/main[0x41a198]
[eu-ms-004-05:17720] [ 9] code/build_output/main[0x40c3d9]
[eu-ms-004-05:17720] [10] terminate called after throwing an instance of 'std::runtime_error'
terminate called after throwing an instance of 'std::runtime_error'
terminate called after throwing an instance of 'std::runtime_error'
  what():  Starting Rabenseifner-Gather with non-power-of-2 processes, numprocs=36
[eu-ms-010-43:05477] *** Process received signal ***
[eu-ms-010-43:05477] Signal: Aborted (6)
[eu-ms-010-43:05477] Signal code:  (-6)
terminate called after throwing an instance of 'std::runtime_error'
terminate called after throwing an instance of 'std::runtime_error'
  what():  Starting Rabenseifner-Gather with non-power-of-2 processes, numprocs=36
[eu-ms-007-37:24273] *** Process received signal ***
[eu-ms-007-37:24273] Signal: Aborted (6)
[eu-ms-007-37:24273] Signal code:  (-6)
  what():  Starting Rabenseifner-Gather with non-power-of-2 processes, numprocs=36
[eu-ms-004-21:14069] *** Process received signal ***
[eu-ms-004-21:14069] Signal: Aborted (6)
[eu-ms-004-21:14069] Signal code:  (-6)
/usr/lib64/libc.so.6(__libc_start_main+0xf5)[0x2aae56658555]
[eu-ms-004-05:17720] [11] code/build_output/main[0x40db3f]
[eu-ms-004-05:17720] *** End of error message ***
  what():  Starting Rabenseifner-Gather with non-power-of-2 processes, numprocs=36
[eu-ms-023-40:09763] *** Process received signal ***
[eu-ms-023-40:09763] Signal: Aborted (6)
[eu-ms-023-40:09763] Signal code:  (-6)
terminate called after throwing an instance of 'std::runtime_error'
  what():  Starting Rabenseifner-Gather with non-power-of-2 processes, numprocs=36
[eu-ms-023-43:10366] *** Process received signal ***
[eu-ms-023-43:10366] Signal: Aborted (6)
[eu-ms-023-43:10366] Signal code:  (-6)
terminate called after throwing an instance of 'std::runtime_error'
  what():  Starting Rabenseifner-Gather with non-power-of-2 processes, numprocs=36
[eu-ms-027-01:25091] *** Process received signal ***
[eu-ms-027-01:25091] Signal: Aborted (6)
[eu-ms-027-01:25091] Signal code:  (-6)
[eu-ms-010-43:05477] [ 0]   what():  Starting Rabenseifner-Gather with non-power-of-2 processes, numprocs=36
[eu-ms-009-10:30236] *** Process received signal ***
[eu-ms-009-10:30236] Signal: Aborted (6)
[eu-ms-009-10:30236] Signal code:  (-6)
  what():  Starting Rabenseifner-Gather with non-power-of-2 processes, numprocs=36
[eu-ms-013-25:13917] *** Process received signal ***
[eu-ms-013-25:13917] Signal: Aborted (6)
[eu-ms-013-25:13917] Signal code:  (-6)
terminate called after throwing an instance of 'std::runtime_error'
[eu-ms-007-37:24273] [ 0] [eu-ms-004-21:14069] [ 0] [eu-ms-023-40:09763] [ 0] terminate called after throwing an instance of 'std::runtime_error'
  what():  Starting Rabenseifner-Gather with non-power-of-2 processes, numprocs=36
[eu-ms-009-22:05191] *** Process received signal ***
[eu-ms-009-22:05191] Signal: Aborted (6)
[eu-ms-009-22:05191] Signal code:  (-6)
[eu-ms-023-43:10366] [ 0]   what():  Starting Rabenseifner-Gather with non-power-of-2 processes, numprocs=36
[eu-ms-007-30:24525] *** Process received signal ***
[eu-ms-007-30:24525] Signal: Aborted (6)
[eu-ms-007-30:24525] Signal code:  (-6)
[eu-ms-027-01:25091] [ 0] /usr/lib64/libpthread.so.0(+0xf630)[0x2b467ad2c630]
[eu-ms-010-43:05477] [ 1] [eu-ms-009-10:30236] [ 0] [eu-ms-013-25:13917] [ 0]   what():  Starting Rabenseifner-Gather with non-power-of-2 processes, numprocs=36
[eu-ms-013-08:04794] *** Process received signal ***
[eu-ms-013-08:04794] Signal: Aborted (6)
[eu-ms-013-08:04794] Signal code:  (-6)
terminate called after throwing an instance of 'std::runtime_error'
/usr/lib64/libpthread.so.0(+0xf630)[0x2b4395a32630]
[eu-ms-007-37:24273] [ 1] /usr/lib64/libc.so.6(gsignal+0x37)[0x2b4395c75387]
/usr/lib64/libpthread.so.0(+0xf630)[0x2b6be7dd8630]
[eu-ms-004-21:14069] [ 1] /usr/lib64/libpthread.so.0(+0xf630)[0x2ad01ec3b630]
[eu-ms-023-40:09763] [ 1]   what():  Starting Rabenseifner-Gather with non-power-of-2 processes, numprocs=36
[eu-ms-023-24:32265] *** Process received signal ***
[eu-ms-023-24:32265] Signal: Aborted (6)
[eu-ms-023-24:32265] Signal code:  (-6)
[eu-ms-009-22:05191] [ 0] /usr/lib64/libpthread.so.0(+0xf630)[0x2ace6f503630]
[eu-ms-023-43:10366] [ 1] /usr/lib64/libc.so.6(gsignal+0x37)[0x2ace6f746387]
[eu-ms-007-30:24525] [ 0] /usr/lib64/libpthread.so.0(+0xf630)[0x2ab79f93e630]
[eu-ms-027-01:25091] [ 1] /usr/lib64/libc.so.6(gsignal+0x37)[0x2b467af6f387]
[eu-ms-010-43:05477] [ 2] /usr/lib64/libpthread.so.0(+0xf630)[0x2b7788b57630]
[eu-ms-009-10:30236] [ 1] /usr/lib64/libpthread.so.0(+0xf630)[0x2b707022d630]
[eu-ms-013-25:13917] [ 1] [eu-ms-013-08:04794] [ 0]   what():  Starting Rabenseifner-Gather with non-power-of-2 processes, numprocs=36
[eu-ms-007-09:20189] *** Process received signal ***
[eu-ms-007-09:20189] Signal: Aborted (6)
[eu-ms-007-09:20189] Signal code:  (-6)
[eu-ms-007-37:24273] [ 2] /usr/lib64/libc.so.6(abort+0x148)[0x2b4395c76a78]
[eu-ms-007-37:24273] [ 3] /usr/lib64/libc.so.6(gsignal+0x37)[0x2b6be801b387]
[eu-ms-004-21:14069] [ 2] /usr/lib64/libc.so.6(abort+0x148)[0x2b6be801ca78]
[eu-ms-004-21:14069] [ 3] /usr/lib64/libc.so.6(gsignal+0x37)[0x2ad01ee7e387]
[eu-ms-023-40:09763] [ 2] [eu-ms-023-24:32265] [ 0] /usr/lib64/libpthread.so.0(+0xf630)[0x2b3c1860f630]
[eu-ms-009-22:05191] [ 1] [eu-ms-023-43:10366] [ 2] /usr/lib64/libc.so.6(abort+0x148)[0x2ace6f747a78]
[eu-ms-023-43:10366] [ 3] /usr/lib64/libpthread.so.0(+0xf630)[0x2b6f5f3e2630]
[eu-ms-007-30:24525] [ 1] /usr/lib64/libc.so.6(gsignal+0x37)[0x2ab79fb81387]
[eu-ms-027-01:25091] [ 2] /usr/lib64/libc.so.6(abort+0x148)[0x2ab79fb82a78]
/usr/lib64/libc.so.6(abort+0x148)[0x2b467af70a78]
[eu-ms-010-43:05477] [ 3] /cluster/spack/apps/linux-centos7-x86_64/gcc-4.8.5/gcc-9.3.0-mjmsvu3362usxjr7tas4ywkd2e4ko5x3/lib64/libstdc++.so.6(+0x99133)[0x2b467a4c2133]
[eu-ms-010-43:05477] [ 4] /usr/lib64/libc.so.6(gsignal+0x37)[0x2b7788d9a387]
[eu-ms-009-10:30236] [ 2] /usr/lib64/libc.so.6(abort+0x148)[0x2b7788d9ba78]
[eu-ms-009-10:30236] [ 3] /usr/lib64/libc.so.6(gsignal+0x37)[0x2b7070470387]
[eu-ms-013-25:13917] [ 2] /usr/lib64/libc.so.6(abort+0x148)[0x2b7070471a78]
[eu-ms-013-25:13917] [ 3] /usr/lib64/libpthread.so.0(+0xf630)[0x2ba597b1d630]
[eu-ms-013-08:04794] [ 1] [eu-ms-007-09:20189] [ 0] /cluster/spack/apps/linux-centos7-x86_64/gcc-4.8.5/gcc-9.3.0-mjmsvu3362usxjr7tas4ywkd2e4ko5x3/lib64/libstdc++.so.6(+0x99133)[0x2b43951c8133]
[eu-ms-007-37:24273] [ 4] /cluster/spack/apps/linux-centos7-x86_64/gcc-4.8.5/gcc-9.3.0-mjmsvu3362usxjr7tas4ywkd2e4ko5x3/lib64/libstdc++.so.6(+0x99133)[0x2b6be756e133]
[eu-ms-004-21:14069] [ 4] /usr/lib64/libc.so.6(abort+0x148)[0x2ad01ee7fa78]
[eu-ms-023-40:09763] [ 3] /usr/lib64/libpthread.so.0(+0xf630)[0x2b6e47edd630]
[eu-ms-023-24:32265] [ 1] /usr/lib64/libc.so.6(gsignal+0x37)[0x2b3c18852387]
[eu-ms-009-22:05191] [ 2] /usr/lib64/libc.so.6(abort+0x148)[0x2b3c18853a78]
[eu-ms-009-22:05191] [ 3] /cluster/spack/apps/linux-centos7-x86_64/gcc-4.8.5/gcc-9.3.0-mjmsvu3362usxjr7tas4ywkd2e4ko5x3/lib64/libstdc++.so.6(+0x99133)[0x2ace6ec99133]
[eu-ms-023-43:10366] [ 4] /usr/lib64/libc.so.6(gsignal+0x37)[0x2b6f5f625387]
[eu-ms-007-30:24525] [ 2] /usr/lib64/libc.so.6(abort+0x148)[0x2b6f5f626a78]
[eu-ms-007-30:24525] [ 3] [eu-ms-027-01:25091] [ 3] /cluster/spack/apps/linux-centos7-x86_64/gcc-4.8.5/gcc-9.3.0-mjmsvu3362usxjr7tas4ywkd2e4ko5x3/lib64/libstdc++.so.6(+0x99133)[0x2ab79f0d4133]
[eu-ms-027-01:25091] [ 4] /cluster/spack/apps/linux-centos7-x86_64/gcc-4.8.5/gcc-9.3.0-mjmsvu3362usxjr7tas4ywkd2e4ko5x3/lib64/libstdc++.so.6(+0xa4b56)[0x2b467a4cdb56]
[eu-ms-010-43:05477] [ 5] /cluster/spack/apps/linux-centos7-x86_64/gcc-4.8.5/gcc-9.3.0-mjmsvu3362usxjr7tas4ywkd2e4ko5x3/lib64/libstdc++.so.6(+0x99133)[0x2b77882ed133]
[eu-ms-009-10:30236] [ 4] /cluster/spack/apps/linux-centos7-x86_64/gcc-4.8.5/gcc-9.3.0-mjmsvu3362usxjr7tas4ywkd2e4ko5x3/lib64/libstdc++.so.6(+0x99133)[0x2b706f9c3133]
[eu-ms-013-25:13917] [ 4] /usr/lib64/libc.so.6(gsignal+0x37)[0x2ba597d60387]
[eu-ms-013-08:04794] [ 2] /usr/lib64/libc.so.6(abort+0x148)[0x2ba597d61a78]
[eu-ms-013-08:04794] [ 3] /usr/lib64/libpthread.so.0(+0xf630)[0x2af3687cf630]
[eu-ms-007-09:20189] [ 1] /cluster/spack/apps/linux-centos7-x86_64/gcc-4.8.5/gcc-9.3.0-mjmsvu3362usxjr7tas4ywkd2e4ko5x3/lib64/libstdc++.so.6(+0xa4b56)[0x2b43951d3b56]
[eu-ms-007-37:24273] [ 5] /cluster/spack/apps/linux-centos7-x86_64/gcc-4.8.5/gcc-9.3.0-mjmsvu3362usxjr7tas4ywkd2e4ko5x3/lib64/libstdc++.so.6(+0xa4b56)[0x2b6be7579b56]
[eu-ms-004-21:14069] [ 5] /cluster/spack/apps/linux-centos7-x86_64/gcc-4.8.5/gcc-9.3.0-mjmsvu3362usxjr7tas4ywkd2e4ko5x3/lib64/libstdc++.so.6(+0x99133)[0x2ad01e3d1133]
[eu-ms-023-40:09763] [ 4] /cluster/spack/apps/linux-centos7-x86_64/gcc-4.8.5/gcc-9.3.0-mjmsvu3362usxjr7tas4ywkd2e4ko5x3/lib64/libstdc++.so.6(+0xa4b56)[0x2ad01e3dcb56]
[eu-ms-023-40:09763] /usr/lib64/libc.so.6(gsignal+0x37)[0x2b6e48120387]
[eu-ms-023-24:32265] [ 2] /usr/lib64/libc.so.6(abort+0x148)[0x2b6e48121a78]
[eu-ms-023-24:32265] [ 3] /cluster/spack/apps/linux-centos7-x86_64/gcc-4.8.5/gcc-9.3.0-mjmsvu3362usxjr7tas4ywkd2e4ko5x3/lib64/libstdc++.so.6(+0x99133)[0x2b3c17da5133]
[eu-ms-009-22:05191] [ 4] /cluster/spack/apps/linux-centos7-x86_64/gcc-4.8.5/gcc-9.3.0-mjmsvu3362usxjr7tas4ywkd2e4ko5x3/lib64/libstdc++.so.6(+0xa4b56)[0x2ace6eca4b56]
[eu-ms-023-43:10366] [ 5] /cluster/spack/apps/linux-centos7-x86_64/gcc-4.8.5/gcc-9.3.0-mjmsvu3362usxjr7tas4ywkd2e4ko5x3/lib64/libstdc++.so.6(+0x99133)[0x2b6f5eb78133]
[eu-ms-007-30:24525] [ 4] /cluster/spack/apps/linux-centos7-x86_64/gcc-4.8.5/gcc-9.3.0-mjmsvu3362usxjr7tas4ywkd2e4ko5x3/lib64/libstdc++.so.6(+0xa4b56)[0x2ab79f0dfb56]
[eu-ms-027-01:25091] [ 5] /cluster/spack/apps/linux-centos7-x86_64/gcc-4.8.5/gcc-9.3.0-mjmsvu3362usxjr7tas4ywkd2e4ko5x3/lib64/libstdc++.so.6(+0xa4bc1)[0x2b467a4cdbc1]
[eu-ms-010-43:05477] [ 6] /cluster/spack/apps/linux-centos7-x86_64/gcc-4.8.5/gcc-9.3.0-mjmsvu3362usxjr7tas4ywkd2e4ko5x3/lib64/libstdc++.so.6(+0xa4b56)[0x2b77882f8b56]
[eu-ms-009-10:30236] [ 5] /cluster/spack/apps/linux-centos7-x86_64/gcc-4.8.5/gcc-9.3.0-mjmsvu3362usxjr7tas4ywkd2e4ko5x3/lib64/libstdc++.so.6(+0xa4b56)[0x2b706f9ceb56]
[eu-ms-013-25:13917] [ 5] /cluster/spack/apps/linux-centos7-x86_64/gcc-4.8.5/gcc-9.3.0-mjmsvu3362usxjr7tas4ywkd2e4ko5x3/lib64/libstdc++.so.6(+0x99133)[0x2ba5972b3133]
[eu-ms-013-08:04794] [ 4] /usr/lib64/libc.so.6(gsignal+0x37)[0x2af368a12387]
[eu-ms-007-09:20189] [ 2] /usr/lib64/libc.so.6(abort+0x148)[0x2af368a13a78]
[eu-ms-007-09:20189] [ 3] /cluster/spack/apps/linux-centos7-x86_64/gcc-4.8.5/gcc-9.3.0-mjmsvu3362usxjr7tas4ywkd2e4ko5x3/lib64/libstdc++.so.6(+0xa4bc1)[0x2b43951d3bc1]
[eu-ms-007-37:24273] [ 6] /cluster/spack/apps/linux-centos7-x86_64/gcc-4.8.5/gcc-9.3.0-mjmsvu3362usxjr7tas4ywkd2e4ko5x3/lib64/libstdc++.so.6(+0xa4e14)[0x2b43951d3e14]
[eu-ms-007-37:24273] /cluster/spack/apps/linux-centos7-x86_64/gcc-4.8.5/gcc-9.3.0-mjmsvu3362usxjr7tas4ywkd2e4ko5x3/lib64/libstdc++.so.6(+0xa4bc1)[0x2b6be7579bc1]
[eu-ms-004-21:14069] [ 6] [ 5] /cluster/spack/apps/linux-centos7-x86_64/gcc-4.8.5/gcc-9.3.0-mjmsvu3362usxjr7tas4ywkd2e4ko5x3/lib64/libstdc++.so.6(+0xa4bc1)[0x2ad01e3dcbc1]
[eu-ms-023-40:09763] [ 6] /cluster/spack/apps/linux-centos7-x86_64/gcc-4.8.5/gcc-9.3.0-mjmsvu3362usxjr7tas4ywkd2e4ko5x3/lib64/libstdc++.so.6(+0x99133)[0x2b6e47673133]
[eu-ms-023-24:32265] [ 4] /cluster/spack/apps/linux-centos7-x86_64/gcc-4.8.5/gcc-9.3.0-mjmsvu3362usxjr7tas4ywkd2e4ko5x3/lib64/libstdc++.so.6(+0xa4b56)[0x2b3c17db0b56]
[eu-ms-009-22:05191] [ 5] /cluster/spack/apps/linux-centos7-x86_64/gcc-4.8.5/gcc-9.3.0-mjmsvu3362usxjr7tas4ywkd2e4ko5x3/lib64/libstdc++.so.6(+0xa4bc1)[0x2ace6eca4bc1]
[eu-ms-023-43:10366] [ 6] /cluster/spack/apps/linux-centos7-x86_64/gcc-4.8.5/gcc-9.3.0-mjmsvu3362usxjr7tas4ywkd2e4ko5x3/lib64/libstdc++.so.6(+0xa4b56)[0x2b6f5eb83b56]
[eu-ms-007-30:24525] [ 5] /cluster/spack/apps/linux-centos7-x86_64/gcc-4.8.5/gcc-9.3.0-mjmsvu3362usxjr7tas4ywkd2e4ko5x3/lib64/libstdc++.so.6(+0xa4bc1)[0x2ab79f0dfbc1]
[eu-ms-027-01:25091] [ 6] /cluster/spack/apps/linux-centos7-x86_64/gcc-4.8.5/gcc-9.3.0-mjmsvu3362usxjr7tas4ywkd2e4ko5x3/lib64/libstdc++.so.6(+0xa4e14)[0x2b467a4cde14]
[eu-ms-010-43:05477] [ 7] code/build_output/main[0x40ba49]
[eu-ms-010-43:05477] [ 8] code/build_output/main[0x41a198]
[eu-ms-010-43:05477] [ 9] /cluster/spack/apps/linux-centos7-x86_64/gcc-4.8.5/gcc-9.3.0-mjmsvu3362usxjr7tas4ywkd2e4ko5x3/lib64/libstdc++.so.6(+0xa4bc1)[0x2b77882f8bc1]
[eu-ms-009-10:30236] [ 6] /cluster/spack/apps/linux-centos7-x86_64/gcc-4.8.5/gcc-9.3.0-mjmsvu3362usxjr7tas4ywkd2e4ko5x3/lib64/libstdc++.so.6(+0xa4bc1)[0x2b706f9cebc1]
[eu-ms-013-25:13917] [ 6] /cluster/spack/apps/linux-centos7-x86_64/gcc-4.8.5/gcc-9.3.0-mjmsvu3362usxjr7tas4ywkd2e4ko5x3/lib64/libstdc++.so.6(+0xa4b56)[0x2ba5972beb56]
[eu-ms-013-08:04794] [ 5] /cluster/spack/apps/linux-centos7-x86_64/gcc-4.8.5/gcc-9.3.0-mjmsvu3362usxjr7tas4ywkd2e4ko5x3/lib64/libstdc++.so.6(+0x99133)[0x2af367f65133]
[eu-ms-007-09:20189] [ 4] [ 7] code/build_output/main[0x40ba49]
[eu-ms-007-37:24273] [ 8] code/build_output/main[0x41a198]
[eu-ms-007-37:24273] [ 9] code/build_output/main[0x40c3d9]
[eu-ms-007-37:24273] [10] /cluster/spack/apps/linux-centos7-x86_64/gcc-4.8.5/gcc-9.3.0-mjmsvu3362usxjr7tas4ywkd2e4ko5x3/lib64/libstdc++.so.6(+0xa4e14)[0x2b6be7579e14]
[eu-ms-004-21:14069] [ 7] code/build_output/main[0x40ba49]
[eu-ms-004-21:14069] [ 8] code/build_output/main[0x41a198]
[eu-ms-004-21:14069] [ 9] code/build_output/main[0x40c3d9]
[eu-ms-004-21:14069] [10] /cluster/spack/apps/linux-centos7-x86_64/gcc-4.8.5/gcc-9.3.0-mjmsvu3362usxjr7tas4ywkd2e4ko5x3/lib64/libstdc++.so.6(+0xa4e14)[0x2ad01e3dce14]
[eu-ms-023-40:09763] [ 7] /cluster/spack/apps/linux-centos7-x86_64/gcc-4.8.5/gcc-9.3.0-mjmsvu3362usxjr7tas4ywkd2e4ko5x3/lib64/libstdc++.so.6(+0xa4b56)[0x2b6e4767eb56]
[eu-ms-023-24:32265] [ 5] /cluster/spack/apps/linux-centos7-x86_64/gcc-4.8.5/gcc-9.3.0-mjmsvu3362usxjr7tas4ywkd2e4ko5x3/lib64/libstdc++.so.6(+0xa4bc1)[0x2b6e4767ebc1]
/cluster/spack/apps/linux-centos7-x86_64/gcc-4.8.5/gcc-9.3.0-mjmsvu3362usxjr7tas4ywkd2e4ko5x3/lib64/libstdc++.so.6(+0xa4bc1)[0x2b3c17db0bc1]
[eu-ms-009-22:05191] [ 6] /cluster/spack/apps/linux-centos7-x86_64/gcc-4.8.5/gcc-9.3.0-mjmsvu3362usxjr7tas4ywkd2e4ko5x3/lib64/libstdc++.so.6(+0xa4e14)[0x2ace6eca4e14]
[eu-ms-023-43:10366] [ 7] code/build_output/main[0x40ba49]
[eu-ms-023-43:10366] [ 8] code/build_output/main[0x41a198]
[eu-ms-023-43:10366] [ 9] code/build_output/main[0x40c3d9]
[eu-ms-023-43:10366] [10] /cluster/spack/apps/linux-centos7-x86_64/gcc-4.8.5/gcc-9.3.0-mjmsvu3362usxjr7tas4ywkd2e4ko5x3/lib64/libstdc++.so.6(+0xa4bc1)[0x2b6f5eb83bc1]
[eu-ms-007-30:24525] [ 6] /cluster/spack/apps/linux-centos7-x86_64/gcc-4.8.5/gcc-9.3.0-mjmsvu3362usxjr7tas4ywkd2e4ko5x3/lib64/libstdc++.so.6(+0xa4e14)[0x2ab79f0dfe14]
[eu-ms-027-01:25091] [ 7] code/build_output/main[0x40ba49]
[eu-ms-027-01:25091] [ 8] code/build_output/main[0x41a198]
[eu-ms-027-01:25091] [ 9] code/build_output/main[0x40c3d9]
[eu-ms-010-43:05477] [10] /usr/lib64/libc.so.6(__libc_start_main+0xf5)[0x2b467af5b555]
[eu-ms-010-43:05477] [11] /cluster/spack/apps/linux-centos7-x86_64/gcc-4.8.5/gcc-9.3.0-mjmsvu3362usxjr7tas4ywkd2e4ko5x3/lib64/libstdc++.so.6(+0xa4e14)[0x2b77882f8e14]
[eu-ms-009-10:30236] [ 7] code/build_output/main[0x40ba49]
[eu-ms-009-10:30236] [ 8] code/build_output/main[0x41a198]
[eu-ms-009-10:30236] [ 9] code/build_output/main[0x40c3d9]
[eu-ms-009-10:30236] [10] terminate called after throwing an instance of 'std::runtime_error'
terminate called after throwing an instance of 'std::runtime_error'
/cluster/spack/apps/linux-centos7-x86_64/gcc-4.8.5/gcc-9.3.0-mjmsvu3362usxjr7tas4ywkd2e4ko5x3/lib64/libstdc++.so.6(+0xa4e14)[0x2b706f9cee14]
[eu-ms-013-25:13917] [ 7] code/build_output/main[0x40ba49]
[eu-ms-013-25:13917] [ 8] code/build_output/main[0x41a198]
[eu-ms-013-25:13917] [ 9] code/build_output/main[0x40c3d9]
[eu-ms-013-25:13917] [10] /cluster/spack/apps/linux-centos7-x86_64/gcc-4.8.5/gcc-9.3.0-mjmsvu3362usxjr7tas4ywkd2e4ko5x3/lib64/libstdc++.so.6(+0xa4bc1)[0x2ba5972bebc1]
[eu-ms-013-08:04794] [ 6] /cluster/spack/apps/linux-centos7-x86_64/gcc-4.8.5/gcc-9.3.0-mjmsvu3362usxjr7tas4ywkd2e4ko5x3/lib64/libstdc++.so.6(+0xa4b56)[0x2af367f70b56]
[eu-ms-007-09:20189] [ 5] /usr/lib64/libc.so.6(__libc_start_main+0xf5)[0x2b4395c61555]
[eu-ms-007-37:24273] [11] code/build_output/main[0x40db3f]
[eu-ms-007-37:24273] *** End of error message ***
/usr/lib64/libc.so.6(__libc_start_main+0xf5)[0x2b6be8007555]
[eu-ms-004-21:14069] [11] code/build_output/main[0x40db3f]
[eu-ms-004-21:14069] *** End of error message ***
code/build_output/main[0x40ba49]
[eu-ms-023-40:09763] [ 8] code/build_output/main[0x41a198]
[eu-ms-023-40:09763] [ 9] code/build_output/main[0x40c3d9]
[eu-ms-023-40:09763] [10] terminate called after throwing an instance of 'std::runtime_error'
[eu-ms-023-24:32265] [ 6] /cluster/spack/apps/linux-centos7-x86_64/gcc-4.8.5/gcc-9.3.0-mjmsvu3362usxjr7tas4ywkd2e4ko5x3/lib64/libstdc++.so.6(+0xa4e14)[0x2b6e4767ee14]
[eu-ms-023-24:32265] [ 7] code/build_output/main[0x40ba49]
/cluster/spack/apps/linux-centos7-x86_64/gcc-4.8.5/gcc-9.3.0-mjmsvu3362usxjr7tas4ywkd2e4ko5x3/lib64/libstdc++.so.6(+0xa4e14)[0x2b3c17db0e14]
[eu-ms-009-22:05191] [ 7] code/build_output/main[0x40ba49]
[eu-ms-009-22:05191] [ 8] code/build_output/main[0x41a198]
[eu-ms-009-22:05191] [ 9] code/build_output/main[0x40c3d9]
[eu-ms-009-22:05191] [10] /usr/lib64/libc.so.6(__libc_start_main+0xf5)[0x2ace6f732555]
[eu-ms-023-43:10366] [11] code/build_output/main[0x40db3f]
[eu-ms-023-43:10366] *** End of error message ***
/cluster/spack/apps/linux-centos7-x86_64/gcc-4.8.5/gcc-9.3.0-mjmsvu3362usxjr7tas4ywkd2e4ko5x3/lib64/libstdc++.so.6(+0xa4e14)[0x2b6f5eb83e14]
[eu-ms-007-30:24525] [ 7] code/build_output/main[0x40ba49]
[eu-ms-007-30:24525] [ 8] code/build_output/main[0x41a198]
[eu-ms-007-30:24525] [ 9] code/build_output/main[0x40c3d9]
[eu-ms-007-30:24525] [10] code/build_output/main[0x40c3d9]
[eu-ms-027-01:25091] [10] /usr/lib64/libc.so.6(__libc_start_main+0xf5)[0x2ab79fb6d555]
[eu-ms-027-01:25091] [11] code/build_output/main[0x40db3f]
[eu-ms-010-43:05477] *** End of error message ***
/usr/lib64/libc.so.6(__libc_start_main+0xf5)[0x2b7788d86555]
[eu-ms-009-10:30236] [11] code/build_output/main[0x40db3f]
[eu-ms-009-10:30236] *** End of error message ***
  what():  Starting Rabenseifner-Gather with non-power-of-2 processes, numprocs=36
[eu-ms-013-43:29683] *** Process received signal ***
[eu-ms-013-43:29683] Signal: Aborted (6)
[eu-ms-013-43:29683] Signal code:  (-6)
  what():  Starting Rabenseifner-Gather with non-power-of-2 processes, numprocs=36
[eu-ms-007-45:28842] *** Process received signal ***
[eu-ms-007-45:28842] Signal: Aborted (6)
[eu-ms-007-45:28842] Signal code:  (-6)
/usr/lib64/libc.so.6(__libc_start_main+0xf5)[0x2b707045c555]
[eu-ms-013-25:13917] [11] code/build_output/main[0x40db3f]
[eu-ms-013-25:13917] *** End of error message ***
/cluster/spack/apps/linux-centos7-x86_64/gcc-4.8.5/gcc-9.3.0-mjmsvu3362usxjr7tas4ywkd2e4ko5x3/lib64/libstdc++.so.6(+0xa4e14)[0x2ba5972bee14]
[eu-ms-013-08:04794] [ 7] code/build_output/main[0x40ba49]
[eu-ms-013-08:04794] [ 8] code/build_output/main[0x41a198]
[eu-ms-013-08:04794] [ 9] code/build_output/main[0x40c3d9]
[eu-ms-013-08:04794] [10] /cluster/spack/apps/linux-centos7-x86_64/gcc-4.8.5/gcc-9.3.0-mjmsvu3362usxjr7tas4ywkd2e4ko5x3/lib64/libstdc++.so.6(+0xa4bc1)[0x2af367f70bc1]
[eu-ms-007-09:20189] [ 6] /usr/lib64/libc.so.6(__libc_start_main+0xf5)[0x2ad01ee6a555]
[eu-ms-023-40:09763] [11] code/build_output/main[0x40db3f]
[eu-ms-023-40:09763] *** End of error message ***
  what():  Starting Rabenseifner-Gather with non-power-of-2 processes, numprocs=36
[eu-ms-009-29:15237] *** Process received signal ***
[eu-ms-009-29:15237] Signal: Aborted (6)
[eu-ms-009-29:15237] Signal code:  (-6)
[eu-ms-023-24:32265] [ 8] code/build_output/main[0x41a198]
[eu-ms-023-24:32265] [ 9] code/build_output/main[0x40c3d9]
[eu-ms-023-24:32265] [10] /usr/lib64/libc.so.6(__libc_start_main+0xf5)[0x2b3c1883e555]
[eu-ms-009-22:05191] [11] code/build_output/main[0x40db3f]
[eu-ms-009-22:05191] *** End of error message ***
/usr/lib64/libc.so.6(__libc_start_main+0xf5)[0x2b6f5f611555]
[eu-ms-007-30:24525] [11] code/build_output/main[0x40db3f]
[eu-ms-007-30:24525] *** End of error message ***
terminate called after throwing an instance of 'std::runtime_error'
code/build_output/main[0x40db3f]
[eu-ms-027-01:25091] *** End of error message ***
[eu-ms-013-43:29683] [ 0] [eu-ms-007-45:28842] [ 0] /usr/lib64/libc.so.6(__libc_start_main+0xf5)[0x2ba597d4c555]
[eu-ms-013-08:04794] [11] code/build_output/main[0x40db3f]
[eu-ms-013-08:04794] *** End of error message ***
/cluster/spack/apps/linux-centos7-x86_64/gcc-4.8.5/gcc-9.3.0-mjmsvu3362usxjr7tas4ywkd2e4ko5x3/lib64/libstdc++.so.6(+0xa4e14)[0x2af367f70e14]
[eu-ms-007-09:20189] [ 7] code/build_output/main[0x40ba49]
[eu-ms-007-09:20189] [ 8] code/build_output/main[0x41a198]
[eu-ms-007-09:20189] [ 9] code/build_output/main[0x40c3d9]
[eu-ms-007-09:20189] [10] terminate called after throwing an instance of 'std::runtime_error'
terminate called after throwing an instance of 'std::runtime_error'
[eu-ms-009-29:15237] [ 0] /usr/lib64/libc.so.6(__libc_start_main+0xf5)[0x2b6e4810c555]
[eu-ms-023-24:32265] [11] code/build_output/main[0x40db3f]
[eu-ms-023-24:32265] *** End of error message ***
  what():  Starting Rabenseifner-Gather with non-power-of-2 processes, numprocs=36
[eu-ms-009-24:04616] *** Process received signal ***
[eu-ms-009-24:04616] Signal: Aborted (6)
[eu-ms-009-24:04616] Signal code:  (-6)
/usr/lib64/libpthread.so.0(+0xf630)[0x2b72786f2630]
[eu-ms-013-43:29683] [ 1] /usr/lib64/libpthread.so.0(+0xf630)[0x2b3839aae630]
[eu-ms-007-45:28842] [ 1] /usr/lib64/libc.so.6(__libc_start_main+0xf5)[0x2af3689fe555]
[eu-ms-007-09:20189] [11] code/build_output/main[0x40db3f]
[eu-ms-007-09:20189] *** End of error message ***
  what():  Starting Rabenseifner-Gather with non-power-of-2 processes, numprocs=36
[eu-ms-004-07:24696] *** Process received signal ***
[eu-ms-004-07:24696] Signal: Aborted (6)
[eu-ms-004-07:24696] Signal code:  (-6)
  what():  Starting Rabenseifner-Gather with non-power-of-2 processes, numprocs=36
[eu-ms-023-34:06576] *** Process received signal ***
[eu-ms-023-34:06576] Signal: Aborted (6)
[eu-ms-023-34:06576] Signal code:  (-6)
terminate called after throwing an instance of 'std::runtime_error'
terminate called after throwing an instance of 'std::runtime_error'
/usr/lib64/libpthread.so.0(+0xf630)[0x2aecbc1d7630]
[eu-ms-009-29:15237] [ 1] [eu-ms-009-24:04616] [ 0] /usr/lib64/libc.so.6(gsignal+0x37)[0x2b7278935387]
[eu-ms-013-43:29683] [ 2] /usr/lib64/libc.so.6(abort+0x148)[0x2b7278936a78]
[eu-ms-013-43:29683] [ 3] /usr/lib64/libc.so.6(gsignal+0x37)[0x2b3839cf1387]
[eu-ms-007-45:28842] [ 2] /usr/lib64/libc.so.6(abort+0x148)[0x2b3839cf2a78]
[eu-ms-007-45:28842] [ 3] [eu-ms-004-07:24696] [ 0] [eu-ms-023-34:06576] [ 0]   what():  Starting Rabenseifner-Gather with non-power-of-2 processes, numprocs=36
[eu-ms-015-32:29830] *** Process received signal ***
[eu-ms-015-32:29830] Signal: Aborted (6)
[eu-ms-015-32:29830] Signal code:  (-6)
  what():  Starting Rabenseifner-Gather with non-power-of-2 processes, numprocs=36
[eu-ms-010-04:06762] *** Process received signal ***
[eu-ms-010-04:06762] Signal: Aborted (6)
[eu-ms-010-04:06762] Signal code:  (-6)
/usr/lib64/libc.so.6(gsignal+0x37)[0x2aecbc41a387]
[eu-ms-009-29:15237] [ 2] /usr/lib64/libc.so.6(abort+0x148)[0x2aecbc41ba78]
[eu-ms-009-29:15237] [ 3] /usr/lib64/libpthread.so.0(+0xf630)[0x2b2fc0531630]
[eu-ms-009-24:04616] [ 1] /cluster/spack/apps/linux-centos7-x86_64/gcc-4.8.5/gcc-9.3.0-mjmsvu3362usxjr7tas4ywkd2e4ko5x3/lib64/libstdc++.so.6(+0x99133)[0x2b7277e88133]
[eu-ms-013-43:29683] [ 4] /cluster/spack/apps/linux-centos7-x86_64/gcc-4.8.5/gcc-9.3.0-mjmsvu3362usxjr7tas4ywkd2e4ko5x3/lib64/libstdc++.so.6(+0x99133)[0x2b3839244133]
[eu-ms-007-45:28842] [ 4] /usr/lib64/libpthread.so.0(+0xf630)[0x2ba2573e4630]
[eu-ms-004-07:24696] [ 1] /usr/lib64/libpthread.so.0(+0xf630)[0x2b3bf4bc0630]
[eu-ms-023-34:06576] [ 1] [eu-ms-015-32:29830] [ 0] [eu-ms-010-04:06762] [ 0] /cluster/spack/apps/linux-centos7-x86_64/gcc-4.8.5/gcc-9.3.0-mjmsvu3362usxjr7tas4ywkd2e4ko5x3/lib64/libstdc++.so.6(+0x99133)[0x2aecbb96d133]
[eu-ms-009-29:15237] [ 4] /usr/lib64/libc.so.6(gsignal+0x37)[0x2b2fc0774387]
[eu-ms-009-24:04616] [ 2] /usr/lib64/libc.so.6(abort+0x148)[0x2b2fc0775a78]
[eu-ms-009-24:04616] [ 3] /cluster/spack/apps/linux-centos7-x86_64/gcc-4.8.5/gcc-9.3.0-mjmsvu3362usxjr7tas4ywkd2e4ko5x3/lib64/libstdc++.so.6(+0xa4b56)[0x2b7277e93b56]
[eu-ms-013-43:29683] [ 5] /cluster/spack/apps/linux-centos7-x86_64/gcc-4.8.5/gcc-9.3.0-mjmsvu3362usxjr7tas4ywkd2e4ko5x3/lib64/libstdc++.so.6(+0xa4b56)[0x2b383924fb56]
[eu-ms-007-45:28842] [ 5] /usr/lib64/libc.so.6(gsignal+0x37)[0x2ba257627387]
[eu-ms-004-07:24696] [ 2] /usr/lib64/libc.so.6(abort+0x148)[0x2ba257628a78]
[eu-ms-004-07:24696] [ 3] /usr/lib64/libc.so.6(gsignal+0x37)[0x2b3bf4e03387]
[eu-ms-023-34:06576] [ 2] /usr/lib64/libc.so.6(abort+0x148)[0x2b3bf4e04a78]
[eu-ms-023-34:06576] [ 3] /usr/lib64/libpthread.so.0(+0xf630)[0x2ba1f6999630]
[eu-ms-015-32:29830] [ 1] /usr/lib64/libpthread.so.0(+0xf630)[0x2b2f8f7b6630]
[eu-ms-010-04:06762] [ 1] /cluster/spack/apps/linux-centos7-x86_64/gcc-4.8.5/gcc-9.3.0-mjmsvu3362usxjr7tas4ywkd2e4ko5x3/lib64/libstdc++.so.6(+0xa4b56)[0x2aecbb978b56]
[eu-ms-009-29:15237] [ 5] /cluster/spack/apps/linux-centos7-x86_64/gcc-4.8.5/gcc-9.3.0-mjmsvu3362usxjr7tas4ywkd2e4ko5x3/lib64/libstdc++.so.6(+0x99133)[0x2b2fbfcc7133]
[eu-ms-009-24:04616] [ 4] /cluster/spack/apps/linux-centos7-x86_64/gcc-4.8.5/gcc-9.3.0-mjmsvu3362usxjr7tas4ywkd2e4ko5x3/lib64/libstdc++.so.6(+0xa4bc1)[0x2b7277e93bc1]
[eu-ms-013-43:29683] [ 6] /cluster/spack/apps/linux-centos7-x86_64/gcc-4.8.5/gcc-9.3.0-mjmsvu3362usxjr7tas4ywkd2e4ko5x3/lib64/libstdc++.so.6(+0xa4bc1)[0x2b383924fbc1]
[eu-ms-007-45:28842] [ 6] /cluster/spack/apps/linux-centos7-x86_64/gcc-4.8.5/gcc-9.3.0-mjmsvu3362usxjr7tas4ywkd2e4ko5x3/lib64/libstdc++.so.6(+0x99133)[0x2ba256b7a133]
[eu-ms-004-07:24696] [ 4] /cluster/spack/apps/linux-centos7-x86_64/gcc-4.8.5/gcc-9.3.0-mjmsvu3362usxjr7tas4ywkd2e4ko5x3/lib64/libstdc++.so.6(+0x99133)[0x2b3bf4356133]
[eu-ms-023-34:06576] /usr/lib64/libc.so.6(gsignal+0x37)[0x2ba1f6bdc387]
[eu-ms-015-32:29830] [ 2] /usr/lib64/libc.so.6(abort+0x148)[0x2ba1f6bdda78]
[eu-ms-015-32:29830] [ 3] /usr/lib64/libc.so.6(gsignal+0x37)[0x2b2f8f9f9387]
[eu-ms-010-04:06762] [ 2] /cluster/spack/apps/linux-centos7-x86_64/gcc-4.8.5/gcc-9.3.0-mjmsvu3362usxjr7tas4ywkd2e4ko5x3/lib64/libstdc++.so.6(+0xa4bc1)[0x2aecbb978bc1]
[eu-ms-009-29:15237] [ 6] /cluster/spack/apps/linux-centos7-x86_64/gcc-4.8.5/gcc-9.3.0-mjmsvu3362usxjr7tas4ywkd2e4ko5x3/lib64/libstdc++.so.6(+0xa4b56)[0x2b2fbfcd2b56]
[eu-ms-009-24:04616] [ 5] /cluster/spack/apps/linux-centos7-x86_64/gcc-4.8.5/gcc-9.3.0-mjmsvu3362usxjr7tas4ywkd2e4ko5x3/lib64/libstdc++.so.6(+0xa4e14)[0x2b7277e93e14]
[eu-ms-013-43:29683] [ 7] code/build_output/main[0x40ba49]
[eu-ms-013-43:29683] [ 8] code/build_output/main[0x41a198]
[eu-ms-013-43:29683] [ 9] code/build_output/main[0x40c3d9]
[eu-ms-013-43:29683] [10] /cluster/spack/apps/linux-centos7-x86_64/gcc-4.8.5/gcc-9.3.0-mjmsvu3362usxjr7tas4ywkd2e4ko5x3/lib64/libstdc++.so.6(+0xa4e14)[0x2b383924fe14]
[eu-ms-007-45:28842] [ 7] code/build_output/main[0x40ba49]
[eu-ms-007-45:28842] [ 8] code/build_output/main[0x41a198]
[eu-ms-007-45:28842] [ 9] code/build_output/main[0x40c3d9]
[eu-ms-007-45:28842] [10] /cluster/spack/apps/linux-centos7-x86_64/gcc-4.8.5/gcc-9.3.0-mjmsvu3362usxjr7tas4ywkd2e4ko5x3/lib64/libstdc++.so.6(+0xa4b56)[0x2ba256b85b56]
[eu-ms-004-07:24696] [ 5] [ 4] /cluster/spack/apps/linux-centos7-x86_64/gcc-4.8.5/gcc-9.3.0-mjmsvu3362usxjr7tas4ywkd2e4ko5x3/lib64/libstdc++.so.6(+0xa4b56)[0x2b3bf4361b56]
[eu-ms-023-34:06576] [ 5] /cluster/spack/apps/linux-centos7-x86_64/gcc-4.8.5/gcc-9.3.0-mjmsvu3362usxjr7tas4ywkd2e4ko5x3/lib64/libstdc++.so.6(+0x99133)[0x2ba1f612f133]
[eu-ms-015-32:29830] [ 4] /usr/lib64/libc.so.6(abort+0x148)[0x2b2f8f9faa78]
[eu-ms-010-04:06762] [ 3] /cluster/spack/apps/linux-centos7-x86_64/gcc-4.8.5/gcc-9.3.0-mjmsvu3362usxjr7tas4ywkd2e4ko5x3/lib64/libstdc++.so.6(+0x99133)[0x2b2f8ef4c133]
[eu-ms-010-04:06762] [ 4] /cluster/spack/apps/linux-centos7-x86_64/gcc-4.8.5/gcc-9.3.0-mjmsvu3362usxjr7tas4ywkd2e4ko5x3/lib64/libstdc++.so.6(+0xa4e14)[0x2aecbb978e14]
[eu-ms-009-29:15237] [ 7] code/build_output/main[0x40ba49]
[eu-ms-009-29:15237] [ 8] code/build_output/main[0x41a198]
[eu-ms-009-29:15237] [ 9] code/build_output/main[0x40c3d9]
[eu-ms-009-29:15237] [10] /cluster/spack/apps/linux-centos7-x86_64/gcc-4.8.5/gcc-9.3.0-mjmsvu3362usxjr7tas4ywkd2e4ko5x3/lib64/libstdc++.so.6(+0xa4bc1)[0x2b2fbfcd2bc1]
[eu-ms-009-24:04616] [ 6] /usr/lib64/libc.so.6(__libc_start_main+0xf5)[0x2b7278921555]
[eu-ms-013-43:29683] [11] code/build_output/main[0x40db3f]
[eu-ms-013-43:29683] *** End of error message ***
/usr/lib64/libc.so.6(__libc_start_main+0xf5)[0x2b3839cdd555]
[eu-ms-007-45:28842] [11] code/build_output/main[0x40db3f]
[eu-ms-007-45:28842] *** End of error message ***
/cluster/spack/apps/linux-centos7-x86_64/gcc-4.8.5/gcc-9.3.0-mjmsvu3362usxjr7tas4ywkd2e4ko5x3/lib64/libstdc++.so.6(+0xa4bc1)[0x2ba256b85bc1]
[eu-ms-004-07:24696] [ 6] /cluster/spack/apps/linux-centos7-x86_64/gcc-4.8.5/gcc-9.3.0-mjmsvu3362usxjr7tas4ywkd2e4ko5x3/lib64/libstdc++.so.6(+0xa4e14)[0x2ba256b85e14]
/cluster/spack/apps/linux-centos7-x86_64/gcc-4.8.5/gcc-9.3.0-mjmsvu3362usxjr7tas4ywkd2e4ko5x3/lib64/libstdc++.so.6(+0xa4bc1)[0x2b3bf4361bc1]
[eu-ms-023-34:06576] [ 6] /cluster/spack/apps/linux-centos7-x86_64/gcc-4.8.5/gcc-9.3.0-mjmsvu3362usxjr7tas4ywkd2e4ko5x3/lib64/libstdc++.so.6(+0xa4b56)[0x2ba1f613ab56]
[eu-ms-015-32:29830] [ 5] /cluster/spack/apps/linux-centos7-x86_64/gcc-4.8.5/gcc-9.3.0-mjmsvu3362usxjr7tas4ywkd2e4ko5x3/lib64/libstdc++.so.6(+0xa4b56)[0x2b2f8ef57b56]
[eu-ms-010-04:06762] [ 5] /usr/lib64/libc.so.6(__libc_start_main+0xf5)[0x2aecbc406555]
[eu-ms-009-29:15237] [11] code/build_output/main[0x40db3f]
[eu-ms-009-29:15237] *** End of error message ***
/cluster/spack/apps/linux-centos7-x86_64/gcc-4.8.5/gcc-9.3.0-mjmsvu3362usxjr7tas4ywkd2e4ko5x3/lib64/libstdc++.so.6(+0xa4e14)[0x2b2fbfcd2e14]
[eu-ms-009-24:04616] [ 7] code/build_output/main[0x40ba49]
[eu-ms-009-24:04616] [ 8] code/build_output/main[0x41a198]
[eu-ms-009-24:04616] [ 9] code/build_output/main[0x40c3d9]
[eu-ms-009-24:04616] [10] [eu-ms-004-07:24696] [ 7] code/build_output/main[0x40ba49]
[eu-ms-004-07:24696] [ 8] code/build_output/main[0x41a198]
[eu-ms-004-07:24696] [ 9] code/build_output/main[0x40c3d9]
[eu-ms-004-07:24696] [10] /cluster/spack/apps/linux-centos7-x86_64/gcc-4.8.5/gcc-9.3.0-mjmsvu3362usxjr7tas4ywkd2e4ko5x3/lib64/libstdc++.so.6(+0xa4e14)[0x2b3bf4361e14]
[eu-ms-023-34:06576] [ 7] code/build_output/main[0x40ba49]
[eu-ms-023-34:06576] [ 8] code/build_output/main[0x41a198]
[eu-ms-023-34:06576] [ 9] /cluster/spack/apps/linux-centos7-x86_64/gcc-4.8.5/gcc-9.3.0-mjmsvu3362usxjr7tas4ywkd2e4ko5x3/lib64/libstdc++.so.6(+0xa4bc1)[0x2ba1f613abc1]
[eu-ms-015-32:29830] [ 6] /cluster/spack/apps/linux-centos7-x86_64/gcc-4.8.5/gcc-9.3.0-mjmsvu3362usxjr7tas4ywkd2e4ko5x3/lib64/libstdc++.so.6(+0xa4bc1)[0x2b2f8ef57bc1]
[eu-ms-010-04:06762] [ 6] /cluster/spack/apps/linux-centos7-x86_64/gcc-4.8.5/gcc-9.3.0-mjmsvu3362usxjr7tas4ywkd2e4ko5x3/lib64/libstdc++.so.6(+0xa4e14)[0x2b2f8ef57e14]
/usr/lib64/libc.so.6(__libc_start_main+0xf5)[0x2b2fc0760555]
[eu-ms-009-24:04616] [11] code/build_output/main[0x40db3f]
[eu-ms-009-24:04616] *** End of error message ***
/usr/lib64/libc.so.6(__libc_start_main+0xf5)[0x2ba257613555]
[eu-ms-004-07:24696] [11] code/build_output/main[0x40db3f]
[eu-ms-004-07:24696] *** End of error message ***
code/build_output/main[0x40c3d9]
[eu-ms-023-34:06576] [10] /usr/lib64/libc.so.6(__libc_start_main+0xf5)[0x2b3bf4def555]
[eu-ms-023-34:06576] [11] /cluster/spack/apps/linux-centos7-x86_64/gcc-4.8.5/gcc-9.3.0-mjmsvu3362usxjr7tas4ywkd2e4ko5x3/lib64/libstdc++.so.6(+0xa4e14)[0x2ba1f613ae14]
[eu-ms-015-32:29830] [ 7] code/build_output/main[0x40ba49]
[eu-ms-015-32:29830] [ 8] code/build_output/main[0x41a198]
[eu-ms-015-32:29830] [ 9] code/build_output/main[0x40c3d9]
[eu-ms-010-04:06762] [ 7] code/build_output/main[0x40ba49]
[eu-ms-010-04:06762] [ 8] code/build_output/main[0x41a198]
[eu-ms-010-04:06762] [ 9] code/build_output/main[0x40c3d9]
[eu-ms-010-04:06762] [10] code/build_output/main[0x40db3f]
[eu-ms-023-34:06576] *** End of error message ***
[eu-ms-015-32:29830] [10] /usr/lib64/libc.so.6(__libc_start_main+0xf5)[0x2ba1f6bc8555]
[eu-ms-015-32:29830] [11] code/build_output/main[0x40db3f]
/usr/lib64/libc.so.6(__libc_start_main+0xf5)[0x2b2f8f9e5555]
[eu-ms-010-04:06762] [11] code/build_output/main[0x40db3f]
[eu-ms-010-04:06762] *** End of error message ***
[eu-ms-015-32:29830] *** End of error message ***
terminate called after throwing an instance of 'std::runtime_error'
terminate called after throwing an instance of 'std::runtime_error'
terminate called after throwing an instance of 'std::runtime_error'
terminate called after throwing an instance of 'std::runtime_error'
  what():  Starting Rabenseifner-Gather with non-power-of-2 processes, numprocs=36
[eu-ms-015-17:05531] *** Process received signal ***
[eu-ms-015-17:05531] Signal: Aborted (6)
[eu-ms-015-17:05531] Signal code:  (-6)
  what():  Starting Rabenseifner-Gather with non-power-of-2 processes, numprocs=36
[eu-ms-004-32:32010] *** Process received signal ***
[eu-ms-004-32:32010] Signal: Aborted (6)
[eu-ms-004-32:32010] Signal code:  (-6)
  what():  Starting Rabenseifner-Gather with non-power-of-2 processes, numprocs=36
[eu-ms-023-25:28402] *** Process received signal ***
[eu-ms-023-25:28402] Signal: Aborted (6)
[eu-ms-023-25:28402] Signal code:  (-6)
  what():  Starting Rabenseifner-Gather with non-power-of-2 processes, numprocs=36
[eu-ms-010-15:02353] *** Process received signal ***
[eu-ms-010-15:02353] Signal: Aborted (6)
[eu-ms-010-15:02353] Signal code:  (-6)
[eu-ms-015-17:05531] [ 0] [eu-ms-004-32:32010] [ 0] [eu-ms-023-25:28402] [ 0] [eu-ms-010-15:02353] [ 0] /usr/lib64/libpthread.so.0(+0xf630)[0x2b828ed10630]
[eu-ms-015-17:05531] [ 1] /usr/lib64/libpthread.so.0(+0xf630)[0x2ae3301b7630]
[eu-ms-004-32:32010] [ 1] /usr/lib64/libpthread.so.0(+0xf630)[0x2ae8f1f7b630]
[eu-ms-023-25:28402] [ 1] /usr/lib64/libpthread.so.0(+0xf630)[0x2b7f29961630]
[eu-ms-010-15:02353] [ 1] /usr/lib64/libc.so.6(gsignal+0x37)[0x2b828ef53387]
[eu-ms-015-17:05531] [ 2] /usr/lib64/libc.so.6(abort+0x148)[0x2b828ef54a78]
[eu-ms-015-17:05531] /usr/lib64/libc.so.6(gsignal+0x37)[0x2ae3303fa387]
[eu-ms-004-32:32010] [ 2] /usr/lib64/libc.so.6(abort+0x148)[0x2ae3303fba78]
/usr/lib64/libc.so.6(gsignal+0x37)[0x2ae8f21be387]
[eu-ms-023-25:28402] [ 2] /usr/lib64/libc.so.6(abort+0x148)[0x2ae8f21bfa78]
[eu-ms-023-25:28402] /usr/lib64/libc.so.6(gsignal+0x37)[0x2b7f29ba4387]
[eu-ms-010-15:02353] [ 2] /usr/lib64/libc.so.6(abort+0x148)[0x2b7f29ba5a78]
[eu-ms-010-15:02353] [ 3] [ 3] /cluster/spack/apps/linux-centos7-x86_64/gcc-4.8.5/gcc-9.3.0-mjmsvu3362usxjr7tas4ywkd2e4ko5x3/lib64/libstdc++.so.6(+0x99133)[0x2b828e4a6133]
[eu-ms-015-17:05531] [ 4] [eu-ms-004-32:32010] [ 3] [ 3] /cluster/spack/apps/linux-centos7-x86_64/gcc-4.8.5/gcc-9.3.0-mjmsvu3362usxjr7tas4ywkd2e4ko5x3/lib64/libstdc++.so.6(+0x99133)[0x2ae8f1711133]
[eu-ms-023-25:28402] [ 4] /cluster/spack/apps/linux-centos7-x86_64/gcc-4.8.5/gcc-9.3.0-mjmsvu3362usxjr7tas4ywkd2e4ko5x3/lib64/libstdc++.so.6(+0x99133)[0x2b7f290f7133]
[eu-ms-010-15:02353] [ 4] /cluster/spack/apps/linux-centos7-x86_64/gcc-4.8.5/gcc-9.3.0-mjmsvu3362usxjr7tas4ywkd2e4ko5x3/lib64/libstdc++.so.6(+0xa4b56)[0x2b828e4b1b56]
[eu-ms-015-17:05531] [ 5] /cluster/spack/apps/linux-centos7-x86_64/gcc-4.8.5/gcc-9.3.0-mjmsvu3362usxjr7tas4ywkd2e4ko5x3/lib64/libstdc++.so.6(+0x99133)[0x2ae32f94d133]
[eu-ms-004-32:32010] [ 4] /cluster/spack/apps/linux-centos7-x86_64/gcc-4.8.5/gcc-9.3.0-mjmsvu3362usxjr7tas4ywkd2e4ko5x3/lib64/libstdc++.so.6(+0xa4b56)[0x2ae32f958b56]
[eu-ms-004-32:32010] [ 5] /cluster/spack/apps/linux-centos7-x86_64/gcc-4.8.5/gcc-9.3.0-mjmsvu3362usxjr7tas4ywkd2e4ko5x3/lib64/libstdc++.so.6(+0xa4b56)[0x2ae8f171cb56]
[eu-ms-023-25:28402] [ 5] /cluster/spack/apps/linux-centos7-x86_64/gcc-4.8.5/gcc-9.3.0-mjmsvu3362usxjr7tas4ywkd2e4ko5x3/lib64/libstdc++.so.6(+0xa4b56)[0x2b7f29102b56]
[eu-ms-010-15:02353] [ 5] /cluster/spack/apps/linux-centos7-x86_64/gcc-4.8.5/gcc-9.3.0-mjmsvu3362usxjr7tas4ywkd2e4ko5x3/lib64/libstdc++.so.6(+0xa4bc1)[0x2b828e4b1bc1]
[eu-ms-015-17:05531] [ 6] /cluster/spack/apps/linux-centos7-x86_64/gcc-4.8.5/gcc-9.3.0-mjmsvu3362usxjr7tas4ywkd2e4ko5x3/lib64/libstdc++.so.6(+0xa4bc1)[0x2ae32f958bc1]
[eu-ms-004-32:32010] [ 6] /cluster/spack/apps/linux-centos7-x86_64/gcc-4.8.5/gcc-9.3.0-mjmsvu3362usxjr7tas4ywkd2e4ko5x3/lib64/libstdc++.so.6(+0xa4bc1)[0x2ae8f171cbc1]
[eu-ms-023-25:28402] [ 6] /cluster/spack/apps/linux-centos7-x86_64/gcc-4.8.5/gcc-9.3.0-mjmsvu3362usxjr7tas4ywkd2e4ko5x3/lib64/libstdc++.so.6(+0xa4bc1)[0x2b7f29102bc1]
[eu-ms-010-15:02353] [ 6] /cluster/spack/apps/linux-centos7-x86_64/gcc-4.8.5/gcc-9.3.0-mjmsvu3362usxjr7tas4ywkd2e4ko5x3/lib64/libstdc++.so.6(+0xa4e14)[0x2b828e4b1e14]
[eu-ms-015-17:05531] [ 7] code/build_output/main[0x40ba49]
[eu-ms-015-17:05531] [ 8] code/build_output/main[0x41a198]
[eu-ms-015-17:05531] [ 9] code/build_output/main[0x40c3d9]
[eu-ms-015-17:05531] /cluster/spack/apps/linux-centos7-x86_64/gcc-4.8.5/gcc-9.3.0-mjmsvu3362usxjr7tas4ywkd2e4ko5x3/lib64/libstdc++.so.6(+0xa4e14)[0x2ae32f958e14]
[eu-ms-004-32:32010] [ 7] code/build_output/main[0x40ba49]
[eu-ms-004-32:32010] [ 8] /cluster/spack/apps/linux-centos7-x86_64/gcc-4.8.5/gcc-9.3.0-mjmsvu3362usxjr7tas4ywkd2e4ko5x3/lib64/libstdc++.so.6(+0xa4e14)[0x2ae8f171ce14]
[eu-ms-023-25:28402] [ 7] code/build_output/main[0x40ba49]
[eu-ms-023-25:28402] [ 8] code/build_output/main[0x41a198]
[eu-ms-023-25:28402] [ 9] /cluster/spack/apps/linux-centos7-x86_64/gcc-4.8.5/gcc-9.3.0-mjmsvu3362usxjr7tas4ywkd2e4ko5x3/lib64/libstdc++.so.6(+0xa4e14)[0x2b7f29102e14]
[eu-ms-010-15:02353] [ 7] code/build_output/main[0x40ba49]
[eu-ms-010-15:02353] [ 8] code/build_output/main[0x41a198]
[eu-ms-010-15:02353] [ 9] code/build_output/main[0x40c3d9]
[eu-ms-010-15:02353] [10] [10] /usr/lib64/libc.so.6(__libc_start_main+0xf5)[0x2b828ef3f555]
[eu-ms-015-17:05531] [11] code/build_output/main[0x41a198]
[eu-ms-004-32:32010] [ 9] code/build_output/main[0x40c3d9]
[eu-ms-004-32:32010] [10] code/build_output/main[0x40c3d9]
[eu-ms-023-25:28402] [10] /usr/lib64/libc.so.6(__libc_start_main+0xf5)[0x2ae8f21aa555]
[eu-ms-023-25:28402] [11] /usr/lib64/libc.so.6(__libc_start_main+0xf5)[0x2b7f29b90555]
[eu-ms-010-15:02353] [11] code/build_output/main[0x40db3f]
[eu-ms-010-15:02353] *** End of error message ***
code/build_output/main[0x40db3f]
[eu-ms-015-17:05531] *** End of error message ***
/usr/lib64/libc.so.6(__libc_start_main+0xf5)[0x2ae3303e6555]
[eu-ms-004-32:32010] [11] code/build_output/main[0x40db3f]
[eu-ms-004-32:32010] *** End of error message ***
code/build_output/main[0x40db3f]
[eu-ms-023-25:28402] *** End of error message ***
--------------------------------------------------------------------------
Primary job  terminated normally, but 1 process returned
a non-zero exit code. Per user-direction, the job has been aborted.
--------------------------------------------------------------------------
--------------------------------------------------------------------------
mpirun noticed that process rank 23 with PID 30138 on node eu-ms-013-12 exited on signal 6 (Aborted).
--------------------------------------------------------------------------
