8: Starting numprocs=24 N=8192, M=8192 impl=rabenseifner-gather
18: Starting numprocs=24 N=8192, M=8192 impl=rabenseifner-gather
21: Starting numprocs=24 N=8192, M=8192 impl=rabenseifner-gather
0: Starting numprocs=24 N=8192, M=8192 impl=rabenseifner-gather
Iteration 0
11: Starting numprocs=24 N=8192, M=8192 impl=rabenseifner-gather
20: Starting numprocs=24 N=8192, M=8192 impl=rabenseifner-gather
10: Starting numprocs=24 N=8192, M=8192 impl=rabenseifner-gather
23: Starting numprocs=24 N=8192, M=8192 impl=rabenseifner-gather
19: Starting numprocs=24 N=8192, M=8192 impl=rabenseifner-gather
22: Starting numprocs=24 N=8192, M=8192 impl=rabenseifner-gather
14: Starting numprocs=24 N=8192, M=8192 impl=rabenseifner-gather
4: Starting numprocs=24 N=8192, M=8192 impl=rabenseifner-gather
5: Starting numprocs=24 N=8192, M=8192 impl=rabenseifner-gather
3: Starting numprocs=24 N=8192, M=8192 impl=rabenseifner-gather
7: Starting numprocs=24 N=8192, M=8192 impl=rabenseifner-gather
15: Starting numprocs=24 N=8192, M=8192 impl=rabenseifner-gather
1: Starting numprocs=24 N=8192, M=8192 impl=rabenseifner-gather
12: Starting numprocs=24 N=8192, M=8192 impl=rabenseifner-gather
6: Starting numprocs=24 N=8192, M=8192 impl=rabenseifner-gather
16: Starting numprocs=24 N=8192, M=8192 impl=rabenseifner-gather
9: Starting numprocs=24 N=8192, M=8192 impl=rabenseifner-gather
13: Starting numprocs=24 N=8192, M=8192 impl=rabenseifner-gather
2: Starting numprocs=24 N=8192, M=8192 impl=rabenseifner-gather
17: Starting numprocs=24 N=8192, M=8192 impl=rabenseifner-gather
terminate called after throwing an instance of 'std::runtime_error'
  what():  Starting Rabenseifner-Gather with non-power-of-2 processes, numprocs=24
[eu-ms-017-01:09279] *** Process received signal ***
[eu-ms-017-01:09279] Signal: Aborted (6)
[eu-ms-017-01:09279] Signal code:  (-6)
terminate called after throwing an instance of 'std::runtime_error'
terminate called after throwing an instance of 'std::runtime_error'
  what():  Starting Rabenseifner-Gather with non-power-of-2 processes, numprocs=24
[eu-ms-017-12:06673] *** Process received signal ***
[eu-ms-017-12:06673] Signal: Aborted (6)
[eu-ms-017-12:06673] Signal code:  (-6)
  what():  Starting Rabenseifner-Gather with non-power-of-2 processes, numprocs=24
[eu-ms-017-43:26934] *** Process received signal ***
[eu-ms-017-43:26934] Signal: Aborted (6)
[eu-ms-017-43:26934] Signal code:  (-6)
[eu-ms-017-01:09279] [ 0] /usr/lib64/libpthread.so.0(+0xf630)[0x2b9a137ea630]
[eu-ms-017-01:09279] [ 1] /usr/lib64/libc.so.6(gsignal+0x37)[0x2b9a13a2d387]
[eu-ms-017-01:09279] [ 2] [eu-ms-017-43:26934] [ 0] [eu-ms-017-12:06673] [ 0] /usr/lib64/libpthread.so.0(+0xf630)[0x2b91c59a5630]
[eu-ms-017-43:26934] [ 1] /usr/lib64/libc.so.6(abort+0x148)[0x2b9a13a2ea78]
[eu-ms-017-01:09279] [ 3] /cluster/spack/apps/linux-centos7-x86_64/gcc-4.8.5/gcc-9.3.0-mjmsvu3362usxjr7tas4ywkd2e4ko5x3/lib64/libstdc++.so.6(+0x99133)[0x2b9a12f80133]
[eu-ms-017-01:09279] [ 4] /cluster/spack/apps/linux-centos7-x86_64/gcc-4.8.5/gcc-9.3.0-mjmsvu3362usxjr7tas4ywkd2e4ko5x3/lib64/libstdc++.so.6(+0xa4b56)[0x2b9a12f8bb56]
[eu-ms-017-01:09279] [ 5] /usr/lib64/libpthread.so.0(+0xf630)[0x2b819a7e9630]
[eu-ms-017-12:06673] [ 1] /usr/lib64/libc.so.6(gsignal+0x37)[0x2b819aa2c387]
[eu-ms-017-12:06673] /usr/lib64/libc.so.6(gsignal+0x37)[0x2b91c5be8387]
[eu-ms-017-43:26934] [ 2] /usr/lib64/libc.so.6(abort+0x148)[0x2b91c5be9a78]
[ 2] /usr/lib64/libc.so.6(abort+0x148)[0x2b819aa2da78]
[eu-ms-017-43:26934] [ 3] /cluster/spack/apps/linux-centos7-x86_64/gcc-4.8.5/gcc-9.3.0-mjmsvu3362usxjr7tas4ywkd2e4ko5x3/lib64/libstdc++.so.6(+0x99133)[0x2b91c513b133]
[eu-ms-017-43:26934] [ 4] /cluster/spack/apps/linux-centos7-x86_64/gcc-4.8.5/gcc-9.3.0-mjmsvu3362usxjr7tas4ywkd2e4ko5x3/lib64/libstdc++.so.6(+0xa4bc1)[0x2b9a12f8bbc1]
[eu-ms-017-01:09279] [ 6] /cluster/spack/apps/linux-centos7-x86_64/gcc-4.8.5/gcc-9.3.0-mjmsvu3362usxjr7tas4ywkd2e4ko5x3/lib64/libstdc++.so.6(+0xa4e14)[0x2b9a12f8be14]
[eu-ms-017-01:09279] [ 7] code/build_output/main[0x40ba49]
[eu-ms-017-01:09279] [ 8] code/build_output/main[0x41a198]
[eu-ms-017-01:09279] [ 9] code/build_output/main[0x40c3d9]
[eu-ms-017-01:09279] [10] [eu-ms-017-12:06673] [ 3] /cluster/spack/apps/linux-centos7-x86_64/gcc-4.8.5/gcc-9.3.0-mjmsvu3362usxjr7tas4ywkd2e4ko5x3/lib64/libstdc++.so.6(+0x99133)[0x2b8199f7f133]
[eu-ms-017-12:06673] /cluster/spack/apps/linux-centos7-x86_64/gcc-4.8.5/gcc-9.3.0-mjmsvu3362usxjr7tas4ywkd2e4ko5x3/lib64/libstdc++.so.6(+0xa4b56)[0x2b91c5146b56]
[eu-ms-017-43:26934] [ 5] /usr/lib64/libc.so.6(__libc_start_main+0xf5)[0x2b9a13a19555]
[eu-ms-017-01:09279] [11] code/build_output/main[0x40db3f]
[eu-ms-017-01:09279] *** End of error message ***
[ 4] /cluster/spack/apps/linux-centos7-x86_64/gcc-4.8.5/gcc-9.3.0-mjmsvu3362usxjr7tas4ywkd2e4ko5x3/lib64/libstdc++.so.6(+0xa4b56)[0x2b8199f8ab56]
[eu-ms-017-12:06673] /cluster/spack/apps/linux-centos7-x86_64/gcc-4.8.5/gcc-9.3.0-mjmsvu3362usxjr7tas4ywkd2e4ko5x3/lib64/libstdc++.so.6(+0xa4bc1)[0x2b91c5146bc1]
[eu-ms-017-43:26934] [ 6] [ 5] /cluster/spack/apps/linux-centos7-x86_64/gcc-4.8.5/gcc-9.3.0-mjmsvu3362usxjr7tas4ywkd2e4ko5x3/lib64/libstdc++.so.6(+0xa4bc1)[0x2b8199f8abc1]
[eu-ms-017-12:06673] [ 6] /cluster/spack/apps/linux-centos7-x86_64/gcc-4.8.5/gcc-9.3.0-mjmsvu3362usxjr7tas4ywkd2e4ko5x3/lib64/libstdc++.so.6(+0xa4e14)[0x2b91c5146e14]
[eu-ms-017-43:26934] [ 7] code/build_output/main[0x40ba49]
[eu-ms-017-43:26934] [ 8] code/build_output/main[0x41a198]
[eu-ms-017-43:26934] [ 9] code/build_output/main[0x40c3d9]
/cluster/spack/apps/linux-centos7-x86_64/gcc-4.8.5/gcc-9.3.0-mjmsvu3362usxjr7tas4ywkd2e4ko5x3/lib64/libstdc++.so.6(+0xa4e14)[0x2b8199f8ae14]
[eu-ms-017-12:06673] [ 7] [eu-ms-017-43:26934] [10] /usr/lib64/libc.so.6(__libc_start_main+0xf5)[0x2b91c5bd4555]
[eu-ms-017-43:26934] [11] code/build_output/main[0x40ba49]
[eu-ms-017-12:06673] [ 8] code/build_output/main[0x41a198]
[eu-ms-017-12:06673] [ 9] code/build_output/main[0x40c3d9]
[eu-ms-017-12:06673] [10] code/build_output/main[0x40db3f]
[eu-ms-017-43:26934] *** End of error message ***
/usr/lib64/libc.so.6(__libc_start_main+0xf5)[0x2b819aa18555]
[eu-ms-017-12:06673] [11] code/build_output/main[0x40db3f]
[eu-ms-017-12:06673] *** End of error message ***
terminate called after throwing an instance of 'std::runtime_error'
terminate called after throwing an instance of 'std::runtime_error'
terminate called after throwing an instance of 'std::runtime_error'
  what():  Starting Rabenseifner-Gather with non-power-of-2 processes, numprocs=24
[eu-ms-017-45:00659] *** Process received signal ***
[eu-ms-017-45:00659] Signal: Aborted (6)
[eu-ms-017-45:00659] Signal code:  (-6)
  what():  Starting Rabenseifner-Gather with non-power-of-2 processes, numprocs=24
[eu-ms-017-03:02611] *** Process received signal ***
[eu-ms-017-03:02611] Signal: Aborted (6)
[eu-ms-017-03:02611] Signal code:  (-6)
  what():  Starting Rabenseifner-Gather with non-power-of-2 processes, numprocs=24
[eu-ms-024-43:24564] *** Process received signal ***
[eu-ms-024-43:24564] Signal: Aborted (6)
[eu-ms-024-43:24564] Signal code:  (-6)
[eu-ms-017-45:00659] [ 0] [eu-ms-017-03:02611] [ 0] [eu-ms-024-43:24564] [ 0] /usr/lib64/libpthread.so.0(+0xf630)[0x2b56b7378630]
[eu-ms-017-45:00659] [ 1] /usr/lib64/libpthread.so.0(+0xf630)[0x2acd236de630]
[eu-ms-017-03:02611] [ 1] /usr/lib64/libpthread.so.0(+0xf630)[0x2b4aabaf6630]
[eu-ms-024-43:24564] [ 1] /usr/lib64/libc.so.6(gsignal+0x37)[0x2b56b75bb387]
[eu-ms-017-45:00659] [ 2] /usr/lib64/libc.so.6(gsignal+0x37)[0x2acd23921387]
[eu-ms-017-03:02611] [ 2] /usr/lib64/libc.so.6(gsignal+0x37)[0x2b4aabd39387]
[eu-ms-024-43:24564] [ 2] /usr/lib64/libc.so.6(abort+0x148)[0x2b4aabd3aa78]
[eu-ms-024-43:24564] [ 3] /usr/lib64/libc.so.6(abort+0x148)[0x2b56b75bca78]
[eu-ms-017-45:00659] [ 3] /cluster/spack/apps/linux-centos7-x86_64/gcc-4.8.5/gcc-9.3.0-mjmsvu3362usxjr7tas4ywkd2e4ko5x3/lib64/libstdc++.so.6(+0x99133)[0x2b56b6b0e133]
[eu-ms-017-45:00659] [ 4] /usr/lib64/libc.so.6(abort+0x148)[0x2acd23922a78]
[eu-ms-017-03:02611] [ 3] /cluster/spack/apps/linux-centos7-x86_64/gcc-4.8.5/gcc-9.3.0-mjmsvu3362usxjr7tas4ywkd2e4ko5x3/lib64/libstdc++.so.6(+0x99133)[0x2acd22e74133]
[eu-ms-017-03:02611] [ 4] /cluster/spack/apps/linux-centos7-x86_64/gcc-4.8.5/gcc-9.3.0-mjmsvu3362usxjr7tas4ywkd2e4ko5x3/lib64/libstdc++.so.6(+0x99133)[0x2b4aab28c133]
[eu-ms-024-43:24564] [ 4] /cluster/spack/apps/linux-centos7-x86_64/gcc-4.8.5/gcc-9.3.0-mjmsvu3362usxjr7tas4ywkd2e4ko5x3/lib64/libstdc++.so.6(+0xa4b56)[0x2b56b6b19b56]
[eu-ms-017-45:00659] [ 5] /cluster/spack/apps/linux-centos7-x86_64/gcc-4.8.5/gcc-9.3.0-mjmsvu3362usxjr7tas4ywkd2e4ko5x3/lib64/libstdc++.so.6(+0xa4b56)[0x2acd22e7fb56]
[eu-ms-017-03:02611] [ 5] /cluster/spack/apps/linux-centos7-x86_64/gcc-4.8.5/gcc-9.3.0-mjmsvu3362usxjr7tas4ywkd2e4ko5x3/lib64/libstdc++.so.6(+0xa4b56)[0x2b4aab297b56]
[eu-ms-024-43:24564] [ 5] /cluster/spack/apps/linux-centos7-x86_64/gcc-4.8.5/gcc-9.3.0-mjmsvu3362usxjr7tas4ywkd2e4ko5x3/lib64/libstdc++.so.6(+0xa4bc1)[0x2b56b6b19bc1]
[eu-ms-017-45:00659] [ 6] /cluster/spack/apps/linux-centos7-x86_64/gcc-4.8.5/gcc-9.3.0-mjmsvu3362usxjr7tas4ywkd2e4ko5x3/lib64/libstdc++.so.6(+0xa4bc1)[0x2acd22e7fbc1]
[eu-ms-017-03:02611] [ 6] /cluster/spack/apps/linux-centos7-x86_64/gcc-4.8.5/gcc-9.3.0-mjmsvu3362usxjr7tas4ywkd2e4ko5x3/lib64/libstdc++.so.6(+0xa4bc1)[0x2b4aab297bc1]
[eu-ms-024-43:24564] [ 6] /cluster/spack/apps/linux-centos7-x86_64/gcc-4.8.5/gcc-9.3.0-mjmsvu3362usxjr7tas4ywkd2e4ko5x3/lib64/libstdc++.so.6(+0xa4e14)[0x2b56b6b19e14]
[eu-ms-017-45:00659] [ 7] code/build_output/main[0x40ba49]
[eu-ms-017-45:00659] [ 8] code/build_output/main[0x41a198]
[eu-ms-017-45:00659] [ 9] /cluster/spack/apps/linux-centos7-x86_64/gcc-4.8.5/gcc-9.3.0-mjmsvu3362usxjr7tas4ywkd2e4ko5x3/lib64/libstdc++.so.6(+0xa4e14)[0x2acd22e7fe14]
[eu-ms-017-03:02611] [ 7] code/build_output/main[0x40ba49]
[eu-ms-017-03:02611] [ 8] code/build_output/main[0x41a198]
[eu-ms-017-03:02611] [ 9] /cluster/spack/apps/linux-centos7-x86_64/gcc-4.8.5/gcc-9.3.0-mjmsvu3362usxjr7tas4ywkd2e4ko5x3/lib64/libstdc++.so.6(+0xa4e14)[0x2b4aab297e14]
[eu-ms-024-43:24564] [ 7] code/build_output/main[0x40ba49]
[eu-ms-024-43:24564] [ 8] code/build_output/main[0x41a198]
[eu-ms-024-43:24564] [ 9] code/build_output/main[0x40c3d9]
[eu-ms-024-43:24564] code/build_output/main[0x40c3d9]
[eu-ms-017-45:00659] [10] /usr/lib64/libc.so.6(__libc_start_main+0xf5)[0x2b56b75a7555]
[eu-ms-017-45:00659] [11] code/build_output/main[0x40c3d9]
[eu-ms-017-03:02611] [10] /usr/lib64/libc.so.6(__libc_start_main+0xf5)[0x2acd2390d555]
[eu-ms-017-03:02611] [11] [10] /usr/lib64/libc.so.6(__libc_start_main+0xf5)[0x2b4aabd25555]
[eu-ms-024-43:24564] [11] code/build_output/main[0x40db3f]
[eu-ms-017-45:00659] *** End of error message ***
code/build_output/main[0x40db3f]
[eu-ms-017-03:02611] *** End of error message ***
code/build_output/main[0x40db3f]
[eu-ms-024-43:24564] *** End of error message ***
terminate called after throwing an instance of 'std::runtime_error'
  what():  Starting Rabenseifner-Gather with non-power-of-2 processes, numprocs=24
[eu-ms-017-25:25152] *** Process received signal ***
[eu-ms-017-25:25152] Signal: Aborted (6)
[eu-ms-017-25:25152] Signal code:  (-6)
terminate called after throwing an instance of 'std::runtime_error'
terminate called after throwing an instance of 'std::runtime_error'
  what():  Starting Rabenseifner-Gather with non-power-of-2 processes, numprocs=24
[eu-ms-017-33:01063] *** Process received signal ***
[eu-ms-017-33:01063] Signal: Aborted (6)
[eu-ms-017-33:01063] Signal code:  (-6)
  what():  Starting Rabenseifner-Gather with non-power-of-2 processes, numprocs=24
[eu-ms-024-39:26799] *** Process received signal ***
[eu-ms-024-39:26799] Signal: Aborted (6)
[eu-ms-024-39:26799] Signal code:  (-6)
terminate called after throwing an instance of 'std::runtime_error'
[eu-ms-017-33:01063] [ 0] [eu-ms-024-39:26799] [ 0]   what():  Starting Rabenseifner-Gather with non-power-of-2 processes, numprocs=24
[eu-ms-017-11:22765] *** Process received signal ***
[eu-ms-017-11:22765] Signal: Aborted (6)
[eu-ms-017-11:22765] Signal code:  (-6)
terminate called after throwing an instance of 'std::runtime_error'
terminate called after throwing an instance of 'std::runtime_error'
/usr/lib64/libpthread.so.0(+0xf630)[0x2b50f2c11630]
[eu-ms-017-33:01063] [ 1] /usr/lib64/libpthread.so.0(+0xf630)[0x2aff35e8c630]
[eu-ms-024-39:26799] [ 1]   what():  Starting Rabenseifner-Gather with non-power-of-2 processes, numprocs=24
[eu-ms-017-02:05842] *** Process received signal ***
[eu-ms-017-02:05842] Signal: Aborted (6)
[eu-ms-017-02:05842] Signal code:  (-6)
  what():  Starting Rabenseifner-Gather with non-power-of-2 processes, numprocs=24
[eu-ms-017-32:13370] *** Process received signal ***
[eu-ms-017-32:13370] Signal: Aborted (6)
[eu-ms-017-32:13370] Signal code:  (-6)
/usr/lib64/libc.so.6(gsignal+0x37)[0x2b50f2e54387]
[eu-ms-017-33:01063] [ 2] /usr/lib64/libc.so.6(abort+0x148)[0x2b50f2e55a78]
[eu-ms-017-33:01063] /usr/lib64/libc.so.6(gsignal+0x37)[0x2aff360cf387]
[eu-ms-024-39:26799] [ 2] /usr/lib64/libc.so.6(abort+0x148)[0x2aff360d0a78]
[eu-ms-024-39:26799] [ 3] [eu-ms-017-25:25152] [ 0] [eu-ms-017-02:05842] [ 0] [eu-ms-017-32:13370] [ 0] [ 3] /cluster/spack/apps/linux-centos7-x86_64/gcc-4.8.5/gcc-9.3.0-mjmsvu3362usxjr7tas4ywkd2e4ko5x3/lib64/libstdc++.so.6(+0x99133)[0x2b50f23a7133]
[eu-ms-017-33:01063] [ 4] /cluster/spack/apps/linux-centos7-x86_64/gcc-4.8.5/gcc-9.3.0-mjmsvu3362usxjr7tas4ywkd2e4ko5x3/lib64/libstdc++.so.6(+0x99133)[0x2aff35622133]
[eu-ms-024-39:26799] [ 4] /usr/lib64/libpthread.so.0(+0xf630)[0x2af5d0529630]
[eu-ms-017-25:25152] [ 1] /usr/lib64/libc.so.6(gsignal+0x37)[0x2af5d076c387]
/usr/lib64/libpthread.so.0(+0xf630)[0x2b530f338630]
[eu-ms-017-02:05842] [ 1] /usr/lib64/libpthread.so.0(+0xf630)[0x2aeb1713b630]
[eu-ms-017-32:13370] [ 1] /cluster/spack/apps/linux-centos7-x86_64/gcc-4.8.5/gcc-9.3.0-mjmsvu3362usxjr7tas4ywkd2e4ko5x3/lib64/libstdc++.so.6(+0xa4b56)[0x2b50f23b2b56]
[eu-ms-017-33:01063] [ 5] /cluster/spack/apps/linux-centos7-x86_64/gcc-4.8.5/gcc-9.3.0-mjmsvu3362usxjr7tas4ywkd2e4ko5x3/lib64/libstdc++.so.6(+0xa4b56)[0x2aff3562db56]
[eu-ms-024-39:26799] [ 5] [eu-ms-017-11:22765] [ 0] [eu-ms-017-25:25152] [ 2] /usr/lib64/libc.so.6(abort+0x148)[0x2af5d076da78]
[eu-ms-017-25:25152] [ 3] /usr/lib64/libc.so.6(gsignal+0x37)[0x2b530f57b387]
[eu-ms-017-02:05842] [ 2] /usr/lib64/libc.so.6(abort+0x148)[0x2b530f57ca78]
[eu-ms-017-02:05842] [ 3] /usr/lib64/libc.so.6(gsignal+0x37)[0x2aeb1737e387]
[eu-ms-017-32:13370] [ 2] /usr/lib64/libc.so.6(abort+0x148)[0x2aeb1737fa78]
[eu-ms-017-32:13370] [ 3] /cluster/spack/apps/linux-centos7-x86_64/gcc-4.8.5/gcc-9.3.0-mjmsvu3362usxjr7tas4ywkd2e4ko5x3/lib64/libstdc++.so.6(+0xa4bc1)[0x2b50f23b2bc1]
[eu-ms-017-33:01063] [ 6] /cluster/spack/apps/linux-centos7-x86_64/gcc-4.8.5/gcc-9.3.0-mjmsvu3362usxjr7tas4ywkd2e4ko5x3/lib64/libstdc++.so.6(+0xa4bc1)[0x2aff3562dbc1]
[eu-ms-024-39:26799] [ 6] /usr/lib64/libpthread.so.0(+0xf630)[0x2ba1df9ed630]
[eu-ms-017-11:22765] [ 1] /usr/lib64/libc.so.6(gsignal+0x37)[0x2ba1dfc30387]
/cluster/spack/apps/linux-centos7-x86_64/gcc-4.8.5/gcc-9.3.0-mjmsvu3362usxjr7tas4ywkd2e4ko5x3/lib64/libstdc++.so.6(+0x99133)[0x2af5cfcbf133]
[eu-ms-017-25:25152] [ 4] /cluster/spack/apps/linux-centos7-x86_64/gcc-4.8.5/gcc-9.3.0-mjmsvu3362usxjr7tas4ywkd2e4ko5x3/lib64/libstdc++.so.6(+0x99133)[0x2b530eace133]
[eu-ms-017-02:05842] [ 4] /cluster/spack/apps/linux-centos7-x86_64/gcc-4.8.5/gcc-9.3.0-mjmsvu3362usxjr7tas4ywkd2e4ko5x3/lib64/libstdc++.so.6(+0x99133)[0x2aeb168d1133]
[eu-ms-017-32:13370] [ 4] /cluster/spack/apps/linux-centos7-x86_64/gcc-4.8.5/gcc-9.3.0-mjmsvu3362usxjr7tas4ywkd2e4ko5x3/lib64/libstdc++.so.6(+0xa4e14)[0x2b50f23b2e14]
[eu-ms-017-33:01063] [ 7] code/build_output/main[0x40ba49]
[eu-ms-017-33:01063] [ 8] code/build_output/main[0x41a198]
[eu-ms-017-33:01063] [ 9] /cluster/spack/apps/linux-centos7-x86_64/gcc-4.8.5/gcc-9.3.0-mjmsvu3362usxjr7tas4ywkd2e4ko5x3/lib64/libstdc++.so.6(+0xa4e14)[0x2aff3562de14]
[eu-ms-024-39:26799] [ 7] code/build_output/main[0x40ba49]
[eu-ms-024-39:26799] [ 8] code/build_output/main[0x41a198]
[eu-ms-024-39:26799] [ 9] code/build_output/main[0x40c3d9]
[eu-ms-017-11:22765] [ 2] /usr/lib64/libc.so.6(abort+0x148)[0x2ba1dfc31a78]
[eu-ms-017-11:22765] [ 3] /cluster/spack/apps/linux-centos7-x86_64/gcc-4.8.5/gcc-9.3.0-mjmsvu3362usxjr7tas4ywkd2e4ko5x3/lib64/libstdc++.so.6(+0xa4b56)[0x2af5cfccab56]
[eu-ms-017-25:25152] [ 5] /cluster/spack/apps/linux-centos7-x86_64/gcc-4.8.5/gcc-9.3.0-mjmsvu3362usxjr7tas4ywkd2e4ko5x3/lib64/libstdc++.so.6(+0xa4b56)[0x2b530ead9b56]
[eu-ms-017-02:05842] [ 5] /cluster/spack/apps/linux-centos7-x86_64/gcc-4.8.5/gcc-9.3.0-mjmsvu3362usxjr7tas4ywkd2e4ko5x3/lib64/libstdc++.so.6(+0xa4b56)[0x2aeb168dcb56]
[eu-ms-017-32:13370] [ 5] code/build_output/main[0x40c3d9]
[eu-ms-017-33:01063] [10] /usr/lib64/libc.so.6(__libc_start_main+0xf5)[0x2b50f2e40555]
[eu-ms-017-33:01063] [11] [eu-ms-024-39:26799] [10] /usr/lib64/libc.so.6(__libc_start_main+0xf5)[0x2aff360bb555]
[eu-ms-024-39:26799] [11] /cluster/spack/apps/linux-centos7-x86_64/gcc-4.8.5/gcc-9.3.0-mjmsvu3362usxjr7tas4ywkd2e4ko5x3/lib64/libstdc++.so.6(+0x99133)[0x2ba1df183133]
[eu-ms-017-11:22765] [ 4] /cluster/spack/apps/linux-centos7-x86_64/gcc-4.8.5/gcc-9.3.0-mjmsvu3362usxjr7tas4ywkd2e4ko5x3/lib64/libstdc++.so.6(+0xa4bc1)[0x2af5cfccabc1]
[eu-ms-017-25:25152] [ 6] /cluster/spack/apps/linux-centos7-x86_64/gcc-4.8.5/gcc-9.3.0-mjmsvu3362usxjr7tas4ywkd2e4ko5x3/lib64/libstdc++.so.6(+0xa4bc1)[0x2b530ead9bc1]
[eu-ms-017-02:05842] [ 6] /cluster/spack/apps/linux-centos7-x86_64/gcc-4.8.5/gcc-9.3.0-mjmsvu3362usxjr7tas4ywkd2e4ko5x3/lib64/libstdc++.so.6(+0xa4bc1)[0x2aeb168dcbc1]
[eu-ms-017-32:13370] [ 6] code/build_output/main[0x40db3f]
[eu-ms-017-33:01063] *** End of error message ***
code/build_output/main[0x40db3f]
[eu-ms-024-39:26799] *** End of error message ***
/cluster/spack/apps/linux-centos7-x86_64/gcc-4.8.5/gcc-9.3.0-mjmsvu3362usxjr7tas4ywkd2e4ko5x3/lib64/libstdc++.so.6(+0xa4b56)[0x2ba1df18eb56]
[eu-ms-017-11:22765] [ 5] /cluster/spack/apps/linux-centos7-x86_64/gcc-4.8.5/gcc-9.3.0-mjmsvu3362usxjr7tas4ywkd2e4ko5x3/lib64/libstdc++.so.6(+0xa4e14)[0x2af5cfccae14]
[eu-ms-017-25:25152] [ 7] code/build_output/main[0x40ba49]
[eu-ms-017-25:25152] [ 8] code/build_output/main[0x41a198]
[eu-ms-017-25:25152] [ 9] code/build_output/main[0x40c3d9]
[eu-ms-017-25:25152] [10] /cluster/spack/apps/linux-centos7-x86_64/gcc-4.8.5/gcc-9.3.0-mjmsvu3362usxjr7tas4ywkd2e4ko5x3/lib64/libstdc++.so.6(+0xa4e14)[0x2b530ead9e14]
[eu-ms-017-02:05842] [ 7] code/build_output/main[0x40ba49]
[eu-ms-017-02:05842] [ 8] code/build_output/main[0x41a198]
[eu-ms-017-02:05842] [ 9] code/build_output/main[0x40c3d9]
[eu-ms-017-02:05842] [10] /cluster/spack/apps/linux-centos7-x86_64/gcc-4.8.5/gcc-9.3.0-mjmsvu3362usxjr7tas4ywkd2e4ko5x3/lib64/libstdc++.so.6(+0xa4e14)[0x2aeb168dce14]
[eu-ms-017-32:13370] [ 7] code/build_output/main[0x40ba49]
[eu-ms-017-32:13370] [ 8] code/build_output/main[0x41a198]
[eu-ms-017-32:13370] [ 9] code/build_output/main[0x40c3d9]
[eu-ms-017-32:13370] [10] /cluster/spack/apps/linux-centos7-x86_64/gcc-4.8.5/gcc-9.3.0-mjmsvu3362usxjr7tas4ywkd2e4ko5x3/lib64/libstdc++.so.6(+0xa4bc1)[0x2ba1df18ebc1]
[eu-ms-017-11:22765] [ 6] terminate called after throwing an instance of 'std::runtime_error'
/usr/lib64/libc.so.6(__libc_start_main+0xf5)[0x2af5d0758555]
[eu-ms-017-25:25152] [11] code/build_output/main[0x40db3f]
[eu-ms-017-25:25152] *** End of error message ***
terminate called after throwing an instance of 'std::runtime_error'
/usr/lib64/libc.so.6(__libc_start_main+0xf5)[0x2b530f567555]
[eu-ms-017-02:05842] [11] code/build_output/main[0x40db3f]
[eu-ms-017-02:05842] *** End of error message ***
/usr/lib64/libc.so.6(__libc_start_main+0xf5)[0x2aeb1736a555]
[eu-ms-017-32:13370] [11] code/build_output/main[0x40db3f]
[eu-ms-017-32:13370] *** End of error message ***
terminate called after throwing an instance of 'std::runtime_error'
/cluster/spack/apps/linux-centos7-x86_64/gcc-4.8.5/gcc-9.3.0-mjmsvu3362usxjr7tas4ywkd2e4ko5x3/lib64/libstdc++.so.6(+0xa4e14)[0x2ba1df18ee14]
[eu-ms-017-11:22765] [ 7] code/build_output/main[0x40ba49]
[eu-ms-017-11:22765] [ 8] code/build_output/main[0x41a198]
[eu-ms-017-11:22765] [ 9] code/build_output/main[0x40c3d9]
[eu-ms-017-11:22765] [10]   what():  Starting Rabenseifner-Gather with non-power-of-2 processes, numprocs=24
[eu-ms-017-13:09227] *** Process received signal ***
[eu-ms-017-13:09227] Signal: Aborted (6)
[eu-ms-017-13:09227] Signal code:  (-6)
  what():  Starting Rabenseifner-Gather with non-power-of-2 processes, numprocs=24
[eu-ms-017-22:13339] *** Process received signal ***
[eu-ms-017-22:13339] Signal: Aborted (6)
[eu-ms-017-22:13339] Signal code:  (-6)
  what():  Starting Rabenseifner-Gather with non-power-of-2 processes, numprocs=24
[eu-ms-017-39:30893] *** Process received signal ***
[eu-ms-017-39:30893] Signal: Aborted (6)
[eu-ms-017-39:30893] Signal code:  (-6)
/usr/lib64/libc.so.6(__libc_start_main+0xf5)[0x2ba1dfc1c555]
[eu-ms-017-11:22765] [11] code/build_output/main[0x40db3f]
[eu-ms-017-11:22765] *** End of error message ***
[eu-ms-017-13:09227] [ 0] [eu-ms-017-22:13339] [ 0] [eu-ms-017-39:30893] [ 0] /usr/lib64/libpthread.so.0(+0xf630)[0x2b21f46a2630]
[eu-ms-017-13:09227] [ 1] /usr/lib64/libpthread.so.0(+0xf630)[0x2ac39e195630]
[eu-ms-017-22:13339] [ 1] /usr/lib64/libc.so.6(gsignal+0x37)[0x2ac39e3d8387]
/usr/lib64/libpthread.so.0(+0xf630)[0x2ac9ce817630]
[eu-ms-017-39:30893] [ 1] /usr/lib64/libc.so.6(gsignal+0x37)[0x2b21f48e5387]
[eu-ms-017-13:09227] [ 2] /usr/lib64/libc.so.6(abort+0x148)[0x2b21f48e6a78]
[eu-ms-017-13:09227] [ 3] [eu-ms-017-22:13339] [ 2] /usr/lib64/libc.so.6(abort+0x148)[0x2ac39e3d9a78]
[eu-ms-017-22:13339] [ 3] /usr/lib64/libc.so.6(gsignal+0x37)[0x2ac9cea5a387]
[eu-ms-017-39:30893] [ 2] /usr/lib64/libc.so.6(abort+0x148)[0x2ac9cea5ba78]
/cluster/spack/apps/linux-centos7-x86_64/gcc-4.8.5/gcc-9.3.0-mjmsvu3362usxjr7tas4ywkd2e4ko5x3/lib64/libstdc++.so.6(+0x99133)[0x2b21f3e38133]
[eu-ms-017-13:09227] [ 4] /cluster/spack/apps/linux-centos7-x86_64/gcc-4.8.5/gcc-9.3.0-mjmsvu3362usxjr7tas4ywkd2e4ko5x3/lib64/libstdc++.so.6(+0x99133)[0x2ac39d92b133]
[eu-ms-017-22:13339] [ 4] [eu-ms-017-39:30893] [ 3] /cluster/spack/apps/linux-centos7-x86_64/gcc-4.8.5/gcc-9.3.0-mjmsvu3362usxjr7tas4ywkd2e4ko5x3/lib64/libstdc++.so.6(+0x99133)[0x2ac9cdfad133]
[eu-ms-017-39:30893] [ 4] /cluster/spack/apps/linux-centos7-x86_64/gcc-4.8.5/gcc-9.3.0-mjmsvu3362usxjr7tas4ywkd2e4ko5x3/lib64/libstdc++.so.6(+0xa4b56)[0x2b21f3e43b56]
[eu-ms-017-13:09227] [ 5] /cluster/spack/apps/linux-centos7-x86_64/gcc-4.8.5/gcc-9.3.0-mjmsvu3362usxjr7tas4ywkd2e4ko5x3/lib64/libstdc++.so.6(+0xa4b56)[0x2ac39d936b56]
[eu-ms-017-22:13339] [ 5] /cluster/spack/apps/linux-centos7-x86_64/gcc-4.8.5/gcc-9.3.0-mjmsvu3362usxjr7tas4ywkd2e4ko5x3/lib64/libstdc++.so.6(+0xa4b56)[0x2ac9cdfb8b56]
[eu-ms-017-39:30893] [ 5] /cluster/spack/apps/linux-centos7-x86_64/gcc-4.8.5/gcc-9.3.0-mjmsvu3362usxjr7tas4ywkd2e4ko5x3/lib64/libstdc++.so.6(+0xa4bc1)[0x2b21f3e43bc1]
[eu-ms-017-13:09227] [ 6] /cluster/spack/apps/linux-centos7-x86_64/gcc-4.8.5/gcc-9.3.0-mjmsvu3362usxjr7tas4ywkd2e4ko5x3/lib64/libstdc++.so.6(+0xa4bc1)[0x2ac39d936bc1]
[eu-ms-017-22:13339] [ 6] /cluster/spack/apps/linux-centos7-x86_64/gcc-4.8.5/gcc-9.3.0-mjmsvu3362usxjr7tas4ywkd2e4ko5x3/lib64/libstdc++.so.6(+0xa4bc1)[0x2ac9cdfb8bc1]
[eu-ms-017-39:30893] [ 6] /cluster/spack/apps/linux-centos7-x86_64/gcc-4.8.5/gcc-9.3.0-mjmsvu3362usxjr7tas4ywkd2e4ko5x3/lib64/libstdc++.so.6(+0xa4e14)[0x2b21f3e43e14]
[eu-ms-017-13:09227] [ 7] code/build_output/main[0x40ba49]
[eu-ms-017-13:09227] [ 8] code/build_output/main[0x41a198]
[eu-ms-017-13:09227] [ 9] code/build_output/main[0x40c3d9]
[eu-ms-017-13:09227] [10] /cluster/spack/apps/linux-centos7-x86_64/gcc-4.8.5/gcc-9.3.0-mjmsvu3362usxjr7tas4ywkd2e4ko5x3/lib64/libstdc++.so.6(+0xa4e14)[0x2ac39d936e14]
[eu-ms-017-22:13339] [ 7] code/build_output/main[0x40ba49]
[eu-ms-017-22:13339] [ 8] code/build_output/main[0x41a198]
[eu-ms-017-22:13339] [ 9] code/build_output/main[0x40c3d9]
[eu-ms-017-22:13339] [10] /cluster/spack/apps/linux-centos7-x86_64/gcc-4.8.5/gcc-9.3.0-mjmsvu3362usxjr7tas4ywkd2e4ko5x3/lib64/libstdc++.so.6(+0xa4e14)[0x2ac9cdfb8e14]
[eu-ms-017-39:30893] [ 7] code/build_output/main[0x40ba49]
[eu-ms-017-39:30893] [ 8] code/build_output/main[0x41a198]
[eu-ms-017-39:30893] [ 9] code/build_output/main[0x40c3d9]
[eu-ms-017-39:30893] [10] /usr/lib64/libc.so.6(__libc_start_main+0xf5)[0x2b21f48d1555]
[eu-ms-017-13:09227] [11] code/build_output/main[0x40db3f]
[eu-ms-017-13:09227] *** End of error message ***
/usr/lib64/libc.so.6(__libc_start_main+0xf5)[0x2ac39e3c4555]
[eu-ms-017-22:13339] [11] code/build_output/main[0x40db3f]
[eu-ms-017-22:13339] *** End of error message ***
/usr/lib64/libc.so.6(__libc_start_main+0xf5)[0x2ac9cea46555]
[eu-ms-017-39:30893] [11] code/build_output/main[0x40db3f]
[eu-ms-017-39:30893] *** End of error message ***
terminate called after throwing an instance of 'std::runtime_error'
terminate called after throwing an instance of 'std::runtime_error'
terminate called after throwing an instance of 'std::runtime_error'
  what():  Starting Rabenseifner-Gather with non-power-of-2 processes, numprocs=24
[eu-ms-024-30:18763] *** Process received signal ***
[eu-ms-024-30:18763] Signal: Aborted (6)
[eu-ms-024-30:18763] Signal code:  (-6)
  what():  Starting Rabenseifner-Gather with non-power-of-2 processes, numprocs=24
[eu-ms-017-38:21578] *** Process received signal ***
[eu-ms-017-38:21578] Signal: Aborted (6)
[eu-ms-017-38:21578] Signal code:  (-6)
  what():  Starting Rabenseifner-Gather with non-power-of-2 processes, numprocs=24
[eu-ms-017-18:03081] *** Process received signal ***
[eu-ms-017-18:03081] Signal: Aborted (6)
[eu-ms-017-18:03081] Signal code:  (-6)
[eu-ms-024-30:18763] [ 0] /usr/lib64/libpthread.so.0(+0xf630)[0x2aff45b1c630]
[eu-ms-024-30:18763] [ 1] /usr/lib64/libc.so.6(gsignal+0x37)[0x2aff45d5f387]
[eu-ms-017-38:21578] [ 0] [eu-ms-017-18:03081] [ 0] /usr/lib64/libpthread.so.0(+0xf630)[0x2b603a579630]
[eu-ms-017-38:21578] [ 1] /usr/lib64/libpthread.so.0(+0xf630)[0x2b278dd66630]
[eu-ms-017-18:03081] [ 1] [eu-ms-024-30:18763] [ 2] /usr/lib64/libc.so.6(abort+0x148)[0x2aff45d60a78]
[eu-ms-024-30:18763] [ 3] /usr/lib64/libc.so.6(gsignal+0x37)[0x2b603a7bc387]
[eu-ms-017-38:21578] [ 2] /usr/lib64/libc.so.6(abort+0x148)[0x2b603a7bda78]
[eu-ms-017-38:21578] /usr/lib64/libc.so.6(gsignal+0x37)[0x2b278dfa9387]
[eu-ms-017-18:03081] [ 2] /usr/lib64/libc.so.6(abort+0x148)[0x2b278dfaaa78]
[eu-ms-017-18:03081] /cluster/spack/apps/linux-centos7-x86_64/gcc-4.8.5/gcc-9.3.0-mjmsvu3362usxjr7tas4ywkd2e4ko5x3/lib64/libstdc++.so.6(+0x99133)[0x2aff452b2133]
[eu-ms-024-30:18763] [ 4] [ 3] /cluster/spack/apps/linux-centos7-x86_64/gcc-4.8.5/gcc-9.3.0-mjmsvu3362usxjr7tas4ywkd2e4ko5x3/lib64/libstdc++.so.6(+0x99133)[0x2b6039d0f133]
[eu-ms-017-38:21578] [ 4] [ 3] /cluster/spack/apps/linux-centos7-x86_64/gcc-4.8.5/gcc-9.3.0-mjmsvu3362usxjr7tas4ywkd2e4ko5x3/lib64/libstdc++.so.6(+0x99133)[0x2b278d4fc133]
[eu-ms-017-18:03081] [ 4] /cluster/spack/apps/linux-centos7-x86_64/gcc-4.8.5/gcc-9.3.0-mjmsvu3362usxjr7tas4ywkd2e4ko5x3/lib64/libstdc++.so.6(+0xa4b56)[0x2aff452bdb56]
[eu-ms-024-30:18763] [ 5] /cluster/spack/apps/linux-centos7-x86_64/gcc-4.8.5/gcc-9.3.0-mjmsvu3362usxjr7tas4ywkd2e4ko5x3/lib64/libstdc++.so.6(+0xa4bc1)[0x2aff452bdbc1]
[eu-ms-024-30:18763] [ 6] /cluster/spack/apps/linux-centos7-x86_64/gcc-4.8.5/gcc-9.3.0-mjmsvu3362usxjr7tas4ywkd2e4ko5x3/lib64/libstdc++.so.6(+0xa4b56)[0x2b6039d1ab56]
[eu-ms-017-38:21578] [ 5] /cluster/spack/apps/linux-centos7-x86_64/gcc-4.8.5/gcc-9.3.0-mjmsvu3362usxjr7tas4ywkd2e4ko5x3/lib64/libstdc++.so.6(+0xa4b56)[0x2b278d507b56]
[eu-ms-017-18:03081] [ 5] /cluster/spack/apps/linux-centos7-x86_64/gcc-4.8.5/gcc-9.3.0-mjmsvu3362usxjr7tas4ywkd2e4ko5x3/lib64/libstdc++.so.6(+0xa4e14)[0x2aff452bde14]
[eu-ms-024-30:18763] [ 7] code/build_output/main[0x40ba49]
[eu-ms-024-30:18763] [ 8] code/build_output/main[0x41a198]
[eu-ms-024-30:18763] [ 9] code/build_output/main[0x40c3d9]
[eu-ms-024-30:18763] /cluster/spack/apps/linux-centos7-x86_64/gcc-4.8.5/gcc-9.3.0-mjmsvu3362usxjr7tas4ywkd2e4ko5x3/lib64/libstdc++.so.6(+0xa4bc1)[0x2b6039d1abc1]
[eu-ms-017-38:21578] [ 6] /cluster/spack/apps/linux-centos7-x86_64/gcc-4.8.5/gcc-9.3.0-mjmsvu3362usxjr7tas4ywkd2e4ko5x3/lib64/libstdc++.so.6(+0xa4bc1)[0x2b278d507bc1]
[eu-ms-017-18:03081] [ 6] [10] /usr/lib64/libc.so.6(__libc_start_main+0xf5)[0x2aff45d4b555]
[eu-ms-024-30:18763] [11] code/build_output/main[0x40db3f]
[eu-ms-024-30:18763] *** End of error message ***
/cluster/spack/apps/linux-centos7-x86_64/gcc-4.8.5/gcc-9.3.0-mjmsvu3362usxjr7tas4ywkd2e4ko5x3/lib64/libstdc++.so.6(+0xa4e14)[0x2b6039d1ae14]
[eu-ms-017-38:21578] [ 7] code/build_output/main[0x40ba49]
[eu-ms-017-38:21578] [ 8] code/build_output/main[0x41a198]
[eu-ms-017-38:21578] [ 9] code/build_output/main[0x40c3d9]
/cluster/spack/apps/linux-centos7-x86_64/gcc-4.8.5/gcc-9.3.0-mjmsvu3362usxjr7tas4ywkd2e4ko5x3/lib64/libstdc++.so.6(+0xa4e14)[0x2b278d507e14]
[eu-ms-017-18:03081] [ 7] code/build_output/main[0x40ba49]
[eu-ms-017-18:03081] [ 8] code/build_output/main[0x41a198]
[eu-ms-017-18:03081] [ 9] code/build_output/main[0x40c3d9]
[eu-ms-017-18:03081] [eu-ms-017-38:21578] [10] /usr/lib64/libc.so.6(__libc_start_main+0xf5)[0x2b603a7a8555]
[eu-ms-017-38:21578] [11] [10] /usr/lib64/libc.so.6(__libc_start_main+0xf5)[0x2b278df95555]
[eu-ms-017-18:03081] [11] code/build_output/main[0x40db3f]
[eu-ms-017-38:21578] *** End of error message ***
code/build_output/main[0x40db3f]
[eu-ms-017-18:03081] *** End of error message ***
terminate called after throwing an instance of 'std::runtime_error'
  what():  Starting Rabenseifner-Gather with non-power-of-2 processes, numprocs=24
[eu-ms-017-07:21942] *** Process received signal ***
[eu-ms-017-07:21942] Signal: Aborted (6)
[eu-ms-017-07:21942] Signal code:  (-6)
terminate called after throwing an instance of 'std::runtime_error'
  what():  Starting Rabenseifner-Gather with non-power-of-2 processes, numprocs=24
[eu-ms-024-11:06384] *** Process received signal ***
[eu-ms-024-11:06384] Signal: Aborted (6)
[eu-ms-024-11:06384] Signal code:  (-6)
terminate called after throwing an instance of 'std::runtime_error'
[eu-ms-017-07:21942] [ 0]   what():  Starting Rabenseifner-Gather with non-power-of-2 processes, numprocs=24
[eu-ms-017-44:25108] *** Process received signal ***
[eu-ms-017-44:25108] Signal: Aborted (6)
[eu-ms-017-44:25108] Signal code:  (-6)
/usr/lib64/libpthread.so.0(+0xf630)[0x2af6c905b630]
[eu-ms-017-07:21942] [ 1] /usr/lib64/libc.so.6(gsignal+0x37)[0x2af6c929e387]
[eu-ms-017-07:21942] [ 2] [eu-ms-024-11:06384] [ 0] /usr/lib64/libc.so.6(abort+0x148)[0x2af6c929fa78]
[eu-ms-017-07:21942] [ 3] /cluster/spack/apps/linux-centos7-x86_64/gcc-4.8.5/gcc-9.3.0-mjmsvu3362usxjr7tas4ywkd2e4ko5x3/lib64/libstdc++.so.6(+0x99133)[0x2af6c87f1133]
[eu-ms-017-07:21942] /usr/lib64/libpthread.so.0(+0xf630)[0x2ae59bb95630]
[eu-ms-024-11:06384] [ 1] [eu-ms-017-44:25108] [ 0] [ 4] /cluster/spack/apps/linux-centos7-x86_64/gcc-4.8.5/gcc-9.3.0-mjmsvu3362usxjr7tas4ywkd2e4ko5x3/lib64/libstdc++.so.6(+0xa4b56)[0x2af6c87fcb56]
[eu-ms-017-07:21942] [ 5] /usr/lib64/libc.so.6(gsignal+0x37)[0x2ae59bdd8387]
[eu-ms-024-11:06384] [ 2] /usr/lib64/libc.so.6(abort+0x148)[0x2ae59bdd9a78]
[eu-ms-024-11:06384] [ 3] /usr/lib64/libpthread.so.0(+0xf630)[0x2ac57c88a630]
[eu-ms-017-44:25108] [ 1] /usr/lib64/libc.so.6(gsignal+0x37)[0x2ac57cacd387]
/cluster/spack/apps/linux-centos7-x86_64/gcc-4.8.5/gcc-9.3.0-mjmsvu3362usxjr7tas4ywkd2e4ko5x3/lib64/libstdc++.so.6(+0xa4bc1)[0x2af6c87fcbc1]
[eu-ms-017-07:21942] [ 6] /cluster/spack/apps/linux-centos7-x86_64/gcc-4.8.5/gcc-9.3.0-mjmsvu3362usxjr7tas4ywkd2e4ko5x3/lib64/libstdc++.so.6(+0x99133)[0x2ae59b32b133]
[eu-ms-024-11:06384] [ 4] [eu-ms-017-44:25108] [ 2] /usr/lib64/libc.so.6(abort+0x148)[0x2ac57cacea78]
[eu-ms-017-44:25108] [ 3] /cluster/spack/apps/linux-centos7-x86_64/gcc-4.8.5/gcc-9.3.0-mjmsvu3362usxjr7tas4ywkd2e4ko5x3/lib64/libstdc++.so.6(+0xa4e14)[0x2af6c87fce14]
[eu-ms-017-07:21942] [ 7] code/build_output/main[0x40ba49]
[eu-ms-017-07:21942] [ 8] code/build_output/main[0x41a198]
[eu-ms-017-07:21942] [ 9] /cluster/spack/apps/linux-centos7-x86_64/gcc-4.8.5/gcc-9.3.0-mjmsvu3362usxjr7tas4ywkd2e4ko5x3/lib64/libstdc++.so.6(+0xa4b56)[0x2ae59b336b56]
[eu-ms-024-11:06384] [ 5] /cluster/spack/apps/linux-centos7-x86_64/gcc-4.8.5/gcc-9.3.0-mjmsvu3362usxjr7tas4ywkd2e4ko5x3/lib64/libstdc++.so.6(+0x99133)[0x2ac57c020133]
[eu-ms-017-44:25108] [ 4] code/build_output/main[0x40c3d9]
[eu-ms-017-07:21942] [10] /usr/lib64/libc.so.6(__libc_start_main+0xf5)[0x2af6c928a555]
[eu-ms-017-07:21942] /cluster/spack/apps/linux-centos7-x86_64/gcc-4.8.5/gcc-9.3.0-mjmsvu3362usxjr7tas4ywkd2e4ko5x3/lib64/libstdc++.so.6(+0xa4bc1)[0x2ae59b336bc1]
[eu-ms-024-11:06384] [ 6] /cluster/spack/apps/linux-centos7-x86_64/gcc-4.8.5/gcc-9.3.0-mjmsvu3362usxjr7tas4ywkd2e4ko5x3/lib64/libstdc++.so.6(+0xa4b56)[0x2ac57c02bb56]
[eu-ms-017-44:25108] [ 5] [11] code/build_output/main[0x40db3f]
[eu-ms-017-07:21942] *** End of error message ***
/cluster/spack/apps/linux-centos7-x86_64/gcc-4.8.5/gcc-9.3.0-mjmsvu3362usxjr7tas4ywkd2e4ko5x3/lib64/libstdc++.so.6(+0xa4e14)[0x2ae59b336e14]
[eu-ms-024-11:06384] [ 7] code/build_output/main[0x40ba49]
[eu-ms-024-11:06384] [ 8] code/build_output/main[0x41a198]
[eu-ms-024-11:06384] [ 9] code/build_output/main[0x40c3d9]
[eu-ms-024-11:06384] [10] /cluster/spack/apps/linux-centos7-x86_64/gcc-4.8.5/gcc-9.3.0-mjmsvu3362usxjr7tas4ywkd2e4ko5x3/lib64/libstdc++.so.6(+0xa4bc1)[0x2ac57c02bbc1]
[eu-ms-017-44:25108] [ 6] /usr/lib64/libc.so.6(__libc_start_main+0xf5)[0x2ae59bdc4555]
[eu-ms-024-11:06384] [11] code/build_output/main[0x40db3f]
[eu-ms-024-11:06384] *** End of error message ***
/cluster/spack/apps/linux-centos7-x86_64/gcc-4.8.5/gcc-9.3.0-mjmsvu3362usxjr7tas4ywkd2e4ko5x3/lib64/libstdc++.so.6(+0xa4e14)[0x2ac57c02be14]
[eu-ms-017-44:25108] [ 7] code/build_output/main[0x40ba49]
[eu-ms-017-44:25108] [ 8] code/build_output/main[0x41a198]
[eu-ms-017-44:25108] [ 9] code/build_output/main[0x40c3d9]
[eu-ms-017-44:25108] [10] /usr/lib64/libc.so.6(__libc_start_main+0xf5)[0x2ac57cab9555]
[eu-ms-017-44:25108] [11] code/build_output/main[0x40db3f]
[eu-ms-017-44:25108] *** End of error message ***
terminate called after throwing an instance of 'std::runtime_error'
terminate called after throwing an instance of 'std::runtime_error'
terminate called after throwing an instance of 'std::runtime_error'
  what():  Starting Rabenseifner-Gather with non-power-of-2 processes, numprocs=24
[eu-ms-017-10:14710] *** Process received signal ***
[eu-ms-017-10:14710] Signal: Aborted (6)
[eu-ms-017-10:14710] Signal code:  (-6)
  what():  Starting Rabenseifner-Gather with non-power-of-2 processes, numprocs=24
[eu-ms-017-30:27652] *** Process received signal ***
[eu-ms-017-30:27652] Signal: Aborted (6)
[eu-ms-017-30:27652] Signal code:  (-6)
  what():  Starting Rabenseifner-Gather with non-power-of-2 processes, numprocs=24
[eu-ms-024-33:25699] *** Process received signal ***
[eu-ms-024-33:25699] Signal: Aborted (6)
[eu-ms-024-33:25699] Signal code:  (-6)
[eu-ms-017-10:14710] [ 0] [eu-ms-017-30:27652] [ 0] [eu-ms-024-33:25699] [ 0] /usr/lib64/libpthread.so.0(+0xf630)[0x2b283d40b630]
[eu-ms-017-10:14710] [ 1] /usr/lib64/libpthread.so.0(+0xf630)[0x2b14036c7630]
[eu-ms-017-30:27652] [ 1] /usr/lib64/libpthread.so.0(+0xf630)[0x2b0887620630]
[eu-ms-024-33:25699] [ 1] /usr/lib64/libc.so.6(gsignal+0x37)[0x2b0887863387]
[eu-ms-024-33:25699] /usr/lib64/libc.so.6(gsignal+0x37)[0x2b283d64e387]
[eu-ms-017-10:14710] [ 2] /usr/lib64/libc.so.6(abort+0x148)[0x2b283d64fa78]
[eu-ms-017-10:14710] [ 3] /usr/lib64/libc.so.6(gsignal+0x37)[0x2b140390a387]
[eu-ms-017-30:27652] [ 2] /usr/lib64/libc.so.6(abort+0x148)[0x2b140390ba78]
[ 2] /usr/lib64/libc.so.6(abort+0x148)[0x2b0887864a78]
[eu-ms-024-33:25699] [ 3] /cluster/spack/apps/linux-centos7-x86_64/gcc-4.8.5/gcc-9.3.0-mjmsvu3362usxjr7tas4ywkd2e4ko5x3/lib64/libstdc++.so.6(+0x99133)[0x2b283cba1133]
[eu-ms-017-10:14710] [ 4] [eu-ms-017-30:27652] [ 3] /cluster/spack/apps/linux-centos7-x86_64/gcc-4.8.5/gcc-9.3.0-mjmsvu3362usxjr7tas4ywkd2e4ko5x3/lib64/libstdc++.so.6(+0x99133)[0x2b1402e5d133]
[eu-ms-017-30:27652] [ 4] /cluster/spack/apps/linux-centos7-x86_64/gcc-4.8.5/gcc-9.3.0-mjmsvu3362usxjr7tas4ywkd2e4ko5x3/lib64/libstdc++.so.6(+0x99133)[0x2b0886db6133]
[eu-ms-024-33:25699] [ 4] /cluster/spack/apps/linux-centos7-x86_64/gcc-4.8.5/gcc-9.3.0-mjmsvu3362usxjr7tas4ywkd2e4ko5x3/lib64/libstdc++.so.6(+0xa4b56)[0x2b283cbacb56]
[eu-ms-017-10:14710] [ 5] /cluster/spack/apps/linux-centos7-x86_64/gcc-4.8.5/gcc-9.3.0-mjmsvu3362usxjr7tas4ywkd2e4ko5x3/lib64/libstdc++.so.6(+0xa4b56)[0x2b1402e68b56]
[eu-ms-017-30:27652] [ 5] /cluster/spack/apps/linux-centos7-x86_64/gcc-4.8.5/gcc-9.3.0-mjmsvu3362usxjr7tas4ywkd2e4ko5x3/lib64/libstdc++.so.6(+0xa4b56)[0x2b0886dc1b56]
[eu-ms-024-33:25699] [ 5] /cluster/spack/apps/linux-centos7-x86_64/gcc-4.8.5/gcc-9.3.0-mjmsvu3362usxjr7tas4ywkd2e4ko5x3/lib64/libstdc++.so.6(+0xa4bc1)[0x2b0886dc1bc1]
[eu-ms-024-33:25699] /cluster/spack/apps/linux-centos7-x86_64/gcc-4.8.5/gcc-9.3.0-mjmsvu3362usxjr7tas4ywkd2e4ko5x3/lib64/libstdc++.so.6(+0xa4bc1)[0x2b283cbacbc1]
[eu-ms-017-10:14710] [ 6] /cluster/spack/apps/linux-centos7-x86_64/gcc-4.8.5/gcc-9.3.0-mjmsvu3362usxjr7tas4ywkd2e4ko5x3/lib64/libstdc++.so.6(+0xa4bc1)[0x2b1402e68bc1]
[eu-ms-017-30:27652] [ 6] [ 6] /cluster/spack/apps/linux-centos7-x86_64/gcc-4.8.5/gcc-9.3.0-mjmsvu3362usxjr7tas4ywkd2e4ko5x3/lib64/libstdc++.so.6(+0xa4e14)[0x2b0886dc1e14]
[eu-ms-024-33:25699] [ 7] code/build_output/main[0x40ba49]
[eu-ms-024-33:25699] [ 8] /cluster/spack/apps/linux-centos7-x86_64/gcc-4.8.5/gcc-9.3.0-mjmsvu3362usxjr7tas4ywkd2e4ko5x3/lib64/libstdc++.so.6(+0xa4e14)[0x2b283cbace14]
[eu-ms-017-10:14710] [ 7] code/build_output/main[0x40ba49]
[eu-ms-017-10:14710] [ 8] code/build_output/main[0x41a198]
[eu-ms-017-10:14710] [ 9] code/build_output/main[0x40c3d9]
[eu-ms-017-10:14710] [10] /usr/lib64/libc.so.6(__libc_start_main+0xf5)[0x2b283d63a555]
[eu-ms-017-10:14710] [11] code/build_output/main[0x40db3f]
[eu-ms-017-10:14710] *** End of error message ***
/cluster/spack/apps/linux-centos7-x86_64/gcc-4.8.5/gcc-9.3.0-mjmsvu3362usxjr7tas4ywkd2e4ko5x3/lib64/libstdc++.so.6(+0xa4e14)[0x2b1402e68e14]
[eu-ms-017-30:27652] [ 7] code/build_output/main[0x40ba49]
[eu-ms-017-30:27652] [ 8] code/build_output/main[0x41a198]
[eu-ms-017-30:27652] [ 9] code/build_output/main[0x41a198]
[eu-ms-024-33:25699] [ 9] code/build_output/main[0x40c3d9]
[eu-ms-024-33:25699] [10] code/build_output/main[0x40c3d9]
[eu-ms-017-30:27652] [10] /usr/lib64/libc.so.6(__libc_start_main+0xf5)[0x2b14038f6555]
[eu-ms-017-30:27652] [11] /usr/lib64/libc.so.6(__libc_start_main+0xf5)[0x2b088784f555]
[eu-ms-024-33:25699] [11] code/build_output/main[0x40db3f]
[eu-ms-024-33:25699] *** End of error message ***
code/build_output/main[0x40db3f]
[eu-ms-017-30:27652] *** End of error message ***
--------------------------------------------------------------------------
Primary job  terminated normally, but 1 process returned
a non-zero exit code. Per user-direction, the job has been aborted.
--------------------------------------------------------------------------
--------------------------------------------------------------------------
mpirun noticed that process rank 11 with PID 21942 on node eu-ms-017-07 exited on signal 6 (Aborted).
--------------------------------------------------------------------------
