15: Starting numprocs=28 N=8192, M=8192 impl=rabenseifner-gather
8: Starting numprocs=28 N=8192, M=8192 impl=rabenseifner-gather
17: Starting numprocs=28 N=8192, M=8192 impl=rabenseifner-gather
5: Starting numprocs=28 N=8192, M=8192 impl=rabenseifner-gather
9: Starting numprocs=28 N=8192, M=8192 impl=rabenseifner-gather
12: Starting numprocs=28 N=8192, M=8192 impl=rabenseifner-gather
26: Starting numprocs=28 N=8192, M=8192 impl=rabenseifner-gather
18: Starting numprocs=28 N=8192, M=8192 impl=rabenseifner-gather
22: Starting numprocs=28 N=8192, M=8192 impl=rabenseifner-gather
13: Starting numprocs=28 N=8192, M=8192 impl=rabenseifner-gather
16: Starting numprocs=28 N=8192, M=8192 impl=rabenseifner-gather
24: Starting numprocs=28 N=8192, M=8192 impl=rabenseifner-gather
0: Starting numprocs=28 N=8192, M=8192 impl=rabenseifner-gather
Iteration 0
21: Starting numprocs=28 N=8192, M=8192 impl=rabenseifner-gather
3: Starting numprocs=28 N=8192, M=8192 impl=rabenseifner-gather
20: Starting numprocs=28 N=8192, M=8192 impl=rabenseifner-gather
6: Starting numprocs=28 N=8192, M=8192 impl=rabenseifner-gather
11: Starting numprocs=28 N=8192, M=8192 impl=rabenseifner-gather
7: Starting numprocs=28 N=8192, M=8192 impl=rabenseifner-gather
1: Starting numprocs=28 N=8192, M=8192 impl=rabenseifner-gather
4: Starting numprocs=28 N=8192, M=8192 impl=rabenseifner-gather
14: Starting numprocs=28 N=8192, M=8192 impl=rabenseifner-gather
10: Starting numprocs=28 N=8192, M=8192 impl=rabenseifner-gather
2: Starting numprocs=28 N=8192, M=8192 impl=rabenseifner-gather
23: Starting numprocs=28 N=8192, M=8192 impl=rabenseifner-gather
27: Starting numprocs=28 N=8192, M=8192 impl=rabenseifner-gather
19: Starting numprocs=28 N=8192, M=8192 impl=rabenseifner-gather
25: Starting numprocs=28 N=8192, M=8192 impl=rabenseifner-gather
terminate called after throwing an instance of 'std::runtime_error'
  what():  Starting Rabenseifner-Gather with non-power-of-2 processes, numprocs=28
terminate called after throwing an instance of 'std::runtime_error'
[eu-ms-001-03:16054] *** Process received signal ***
[eu-ms-001-03:16054] Signal: Aborted (6)
[eu-ms-001-03:16054] Signal code:  (-6)
terminate called after throwing an instance of 'std::runtime_error'
  what():  Starting Rabenseifner-Gather with non-power-of-2 processes, numprocs=28
[eu-ms-001-28:10177] *** Process received signal ***
[eu-ms-001-28:10177] Signal: Aborted (6)
[eu-ms-001-28:10177] Signal code:  (-6)
  what():  Starting Rabenseifner-Gather with non-power-of-2 processes, numprocs=28
[eu-ms-001-43:02943] *** Process received signal ***
[eu-ms-001-43:02943] Signal: Aborted (6)
[eu-ms-001-43:02943] Signal code:  (-6)
terminate called after throwing an instance of 'std::runtime_error'
[eu-ms-001-28:10177] [ 0] [eu-ms-001-03:16054] [ 0] /usr/lib64/libpthread.so.0(+0xf630)[0x2b52f71bf630]
[eu-ms-001-03:16054] [ 1] /usr/lib64/libc.so.6(gsignal+0x37)[0x2b52f7402387]
[eu-ms-001-43:02943] [ 0]   what():  Starting Rabenseifner-Gather with non-power-of-2 processes, numprocs=28
[eu-ms-001-19:17408] *** Process received signal ***
[eu-ms-001-19:17408] Signal: Aborted (6)
[eu-ms-001-19:17408] Signal code:  (-6)
/usr/lib64/libpthread.so.0(+0xf630)[0x2ada846bf630]
[eu-ms-001-28:10177] [ 1] [eu-ms-001-03:16054] [ 2] /usr/lib64/libc.so.6(abort+0x148)[0x2b52f7403a78]
[eu-ms-001-03:16054] [ 3] /usr/lib64/libpthread.so.0(+0xf630)[0x2aef1acaa630]
[eu-ms-001-43:02943] [ 1] [eu-ms-001-19:17408] [ 0] /usr/lib64/libc.so.6(gsignal+0x37)[0x2ada84902387]
[eu-ms-001-28:10177] [ 2] /usr/lib64/libc.so.6(abort+0x148)[0x2ada84903a78]
[eu-ms-001-28:10177] [ 3] /cluster/spack/apps/linux-centos7-x86_64/gcc-4.8.5/gcc-9.3.0-mjmsvu3362usxjr7tas4ywkd2e4ko5x3/lib64/libstdc++.so.6(+0x99133)[0x2b52f6955133]
[eu-ms-001-03:16054] [ 4] /cluster/spack/apps/linux-centos7-x86_64/gcc-4.8.5/gcc-9.3.0-mjmsvu3362usxjr7tas4ywkd2e4ko5x3/lib64/libstdc++.so.6(+0xa4b56)[0x2b52f6960b56]
[eu-ms-001-03:16054] [ 5] /usr/lib64/libc.so.6(gsignal+0x37)[0x2aef1aeed387]
[eu-ms-001-43:02943] [ 2] /usr/lib64/libc.so.6(abort+0x148)[0x2aef1aeeea78]
[eu-ms-001-43:02943] [ 3] /usr/lib64/libpthread.so.0(+0xf630)[0x2aabedca2630]
[eu-ms-001-19:17408] [ 1] /cluster/spack/apps/linux-centos7-x86_64/gcc-4.8.5/gcc-9.3.0-mjmsvu3362usxjr7tas4ywkd2e4ko5x3/lib64/libstdc++.so.6(+0x99133)[0x2ada83e55133]
[eu-ms-001-28:10177] [ 4] /cluster/spack/apps/linux-centos7-x86_64/gcc-4.8.5/gcc-9.3.0-mjmsvu3362usxjr7tas4ywkd2e4ko5x3/lib64/libstdc++.so.6(+0xa4bc1)[0x2b52f6960bc1]
[eu-ms-001-03:16054] [ 6] /cluster/spack/apps/linux-centos7-x86_64/gcc-4.8.5/gcc-9.3.0-mjmsvu3362usxjr7tas4ywkd2e4ko5x3/lib64/libstdc++.so.6(+0xa4e14)[0x2b52f6960e14]
[eu-ms-001-03:16054] [ 7] code/build_output/main[0x40ba49]
[eu-ms-001-03:16054] [ 8] code/build_output/main[0x41a198]
[eu-ms-001-03:16054] [ 9] code/build_output/main[0x40c3d9]
[eu-ms-001-03:16054] [10] /cluster/spack/apps/linux-centos7-x86_64/gcc-4.8.5/gcc-9.3.0-mjmsvu3362usxjr7tas4ywkd2e4ko5x3/lib64/libstdc++.so.6(+0x99133)[0x2aef1a440133]
[eu-ms-001-43:02943] [ 4] /usr/lib64/libc.so.6(gsignal+0x37)[0x2aabedee5387]
[eu-ms-001-19:17408] [ 2] /usr/lib64/libc.so.6(abort+0x148)[0x2aabedee6a78]
[eu-ms-001-19:17408] [ 3] /cluster/spack/apps/linux-centos7-x86_64/gcc-4.8.5/gcc-9.3.0-mjmsvu3362usxjr7tas4ywkd2e4ko5x3/lib64/libstdc++.so.6(+0xa4b56)[0x2ada83e60b56]
[eu-ms-001-28:10177] [ 5] /usr/lib64/libc.so.6(__libc_start_main+0xf5)[0x2b52f73ee555]
[eu-ms-001-03:16054] [11] code/build_output/main[0x40db3f]
[eu-ms-001-03:16054] *** End of error message ***
/cluster/spack/apps/linux-centos7-x86_64/gcc-4.8.5/gcc-9.3.0-mjmsvu3362usxjr7tas4ywkd2e4ko5x3/lib64/libstdc++.so.6(+0xa4b56)[0x2aef1a44bb56]
[eu-ms-001-43:02943] [ 5] /cluster/spack/apps/linux-centos7-x86_64/gcc-4.8.5/gcc-9.3.0-mjmsvu3362usxjr7tas4ywkd2e4ko5x3/lib64/libstdc++.so.6(+0x99133)[0x2aabed438133]
[eu-ms-001-19:17408] [ 4] /cluster/spack/apps/linux-centos7-x86_64/gcc-4.8.5/gcc-9.3.0-mjmsvu3362usxjr7tas4ywkd2e4ko5x3/lib64/libstdc++.so.6(+0xa4bc1)[0x2ada83e60bc1]
[eu-ms-001-28:10177] [ 6] /cluster/spack/apps/linux-centos7-x86_64/gcc-4.8.5/gcc-9.3.0-mjmsvu3362usxjr7tas4ywkd2e4ko5x3/lib64/libstdc++.so.6(+0xa4bc1)[0x2aef1a44bbc1]
[eu-ms-001-43:02943] [ 6] /cluster/spack/apps/linux-centos7-x86_64/gcc-4.8.5/gcc-9.3.0-mjmsvu3362usxjr7tas4ywkd2e4ko5x3/lib64/libstdc++.so.6(+0xa4e14)[0x2aef1a44be14]
[eu-ms-001-43:02943] [ 7] /cluster/spack/apps/linux-centos7-x86_64/gcc-4.8.5/gcc-9.3.0-mjmsvu3362usxjr7tas4ywkd2e4ko5x3/lib64/libstdc++.so.6(+0xa4b56)[0x2aabed443b56]
[eu-ms-001-19:17408] [ 5] /cluster/spack/apps/linux-centos7-x86_64/gcc-4.8.5/gcc-9.3.0-mjmsvu3362usxjr7tas4ywkd2e4ko5x3/lib64/libstdc++.so.6(+0xa4e14)[0x2ada83e60e14]
[eu-ms-001-28:10177] [ 7] code/build_output/main[0x40ba49]
[eu-ms-001-28:10177] [ 8] code/build_output/main[0x41a198]
[eu-ms-001-28:10177] [ 9] code/build_output/main[0x40c3d9]
[eu-ms-001-28:10177] [10] code/build_output/main[0x40ba49]
[eu-ms-001-43:02943] [ 8] code/build_output/main[0x41a198]
[eu-ms-001-43:02943] [ 9] code/build_output/main[0x40c3d9]
[eu-ms-001-43:02943] [10] /cluster/spack/apps/linux-centos7-x86_64/gcc-4.8.5/gcc-9.3.0-mjmsvu3362usxjr7tas4ywkd2e4ko5x3/lib64/libstdc++.so.6(+0xa4bc1)[0x2aabed443bc1]
[eu-ms-001-19:17408] [ 6] /usr/lib64/libc.so.6(__libc_start_main+0xf5)[0x2ada848ee555]
[eu-ms-001-28:10177] [11] code/build_output/main[0x40db3f]
[eu-ms-001-28:10177] *** End of error message ***
/usr/lib64/libc.so.6(__libc_start_main+0xf5)[0x2aef1aed9555]
[eu-ms-001-43:02943] [11] code/build_output/main[0x40db3f]
[eu-ms-001-43:02943] *** End of error message ***
/cluster/spack/apps/linux-centos7-x86_64/gcc-4.8.5/gcc-9.3.0-mjmsvu3362usxjr7tas4ywkd2e4ko5x3/lib64/libstdc++.so.6(+0xa4e14)[0x2aabed443e14]
[eu-ms-001-19:17408] [ 7] code/build_output/main[0x40ba49]
[eu-ms-001-19:17408] [ 8] code/build_output/main[0x41a198]
[eu-ms-001-19:17408] [ 9] code/build_output/main[0x40c3d9]
[eu-ms-001-19:17408] [10] /usr/lib64/libc.so.6(__libc_start_main+0xf5)[0x2aabeded1555]
[eu-ms-001-19:17408] [11] code/build_output/main[0x40db3f]
[eu-ms-001-19:17408] *** End of error message ***
terminate called after throwing an instance of 'std::runtime_error'
  what():  Starting Rabenseifner-Gather with non-power-of-2 processes, numprocs=28
[eu-ms-001-41:19981] *** Process received signal ***
[eu-ms-001-41:19981] Signal: Aborted (6)
[eu-ms-001-41:19981] Signal code:  (-6)
[eu-ms-001-41:19981] [ 0] /usr/lib64/libpthread.so.0(+0xf630)[0x2b1951396630]
[eu-ms-001-41:19981] [ 1] /usr/lib64/libc.so.6(gsignal+0x37)[0x2b19515d9387]
[eu-ms-001-41:19981] [ 2] /usr/lib64/libc.so.6(abort+0x148)[0x2b19515daa78]
[eu-ms-001-41:19981] [ 3] /cluster/spack/apps/linux-centos7-x86_64/gcc-4.8.5/gcc-9.3.0-mjmsvu3362usxjr7tas4ywkd2e4ko5x3/lib64/libstdc++.so.6(+0x99133)[0x2b1950b2c133]
[eu-ms-001-41:19981] [ 4] /cluster/spack/apps/linux-centos7-x86_64/gcc-4.8.5/gcc-9.3.0-mjmsvu3362usxjr7tas4ywkd2e4ko5x3/lib64/libstdc++.so.6(+0xa4b56)[0x2b1950b37b56]
[eu-ms-001-41:19981] [ 5] terminate called after throwing an instance of 'std::runtime_error'
/cluster/spack/apps/linux-centos7-x86_64/gcc-4.8.5/gcc-9.3.0-mjmsvu3362usxjr7tas4ywkd2e4ko5x3/lib64/libstdc++.so.6(+0xa4bc1)[0x2b1950b37bc1]
[eu-ms-001-41:19981] [ 6]   what():  Starting Rabenseifner-Gather with non-power-of-2 processes, numprocs=28
[eu-ms-001-44:26055] *** Process received signal ***
[eu-ms-001-44:26055] Signal: Aborted (6)
[eu-ms-001-44:26055] Signal code:  (-6)
/cluster/spack/apps/linux-centos7-x86_64/gcc-4.8.5/gcc-9.3.0-mjmsvu3362usxjr7tas4ywkd2e4ko5x3/lib64/libstdc++.so.6(+0xa4e14)[0x2b1950b37e14]
[eu-ms-001-41:19981] [ 7] code/build_output/main[0x40ba49]
[eu-ms-001-41:19981] [ 8] code/build_output/main[0x41a198]
[eu-ms-001-41:19981] [ 9] code/build_output/main[0x40c3d9]
[eu-ms-001-41:19981] [eu-ms-001-44:26055] [ 0] terminate called after throwing an instance of 'std::runtime_error'
terminate called after throwing an instance of 'std::runtime_error'
[10] /usr/lib64/libc.so.6(__libc_start_main+0xf5)[0x2b19515c5555]
[eu-ms-001-41:19981] [11] /usr/lib64/libpthread.so.0(+0xf630)[0x2b766a965630]
[eu-ms-001-44:26055] [ 1]   what():  Starting Rabenseifner-Gather with non-power-of-2 processes, numprocs=28
[eu-ms-017-01:14135] *** Process received signal ***
[eu-ms-017-01:14135] Signal: Aborted (6)
[eu-ms-017-01:14135] Signal code:  (-6)
  what():  Starting Rabenseifner-Gather with non-power-of-2 processes, numprocs=28
[eu-ms-001-32:07585] *** Process received signal ***
[eu-ms-001-32:07585] Signal: Aborted (6)
[eu-ms-001-32:07585] Signal code:  (-6)
code/build_output/main[0x40db3f]
[eu-ms-001-41:19981] *** End of error message ***
/usr/lib64/libc.so.6(gsignal+0x37)[0x2b766aba8387]
[eu-ms-001-44:26055] [ 2] /usr/lib64/libc.so.6(abort+0x148)[0x2b766aba9a78]
[eu-ms-001-44:26055] [eu-ms-017-01:14135] [ 0] [eu-ms-001-32:07585] [ 0] [ 3] /cluster/spack/apps/linux-centos7-x86_64/gcc-4.8.5/gcc-9.3.0-mjmsvu3362usxjr7tas4ywkd2e4ko5x3/lib64/libstdc++.so.6(+0x99133)[0x2b766a0fb133]
[eu-ms-001-44:26055] [ 4] /usr/lib64/libpthread.so.0(+0xf630)[0x2ab323226630]
[eu-ms-017-01:14135] [ 1] /usr/lib64/libpthread.so.0(+0xf630)[0x2adfd472e630]
[eu-ms-001-32:07585] [ 1] /usr/lib64/libc.so.6(gsignal+0x37)[0x2adfd4971387]
/cluster/spack/apps/linux-centos7-x86_64/gcc-4.8.5/gcc-9.3.0-mjmsvu3362usxjr7tas4ywkd2e4ko5x3/lib64/libstdc++.so.6(+0xa4b56)[0x2b766a106b56]
[eu-ms-001-44:26055] [ 5] /usr/lib64/libc.so.6(gsignal+0x37)[0x2ab323469387]
[eu-ms-017-01:14135] [ 2] /usr/lib64/libc.so.6(abort+0x148)[0x2ab32346aa78]
[eu-ms-017-01:14135] [ 3] [eu-ms-001-32:07585] [ 2] /usr/lib64/libc.so.6(abort+0x148)[0x2adfd4972a78]
[eu-ms-001-32:07585] [ 3] /cluster/spack/apps/linux-centos7-x86_64/gcc-4.8.5/gcc-9.3.0-mjmsvu3362usxjr7tas4ywkd2e4ko5x3/lib64/libstdc++.so.6(+0xa4bc1)[0x2b766a106bc1]
[eu-ms-001-44:26055] [ 6] /cluster/spack/apps/linux-centos7-x86_64/gcc-4.8.5/gcc-9.3.0-mjmsvu3362usxjr7tas4ywkd2e4ko5x3/lib64/libstdc++.so.6(+0x99133)[0x2ab3229bc133]
[eu-ms-017-01:14135] [ 4] /cluster/spack/apps/linux-centos7-x86_64/gcc-4.8.5/gcc-9.3.0-mjmsvu3362usxjr7tas4ywkd2e4ko5x3/lib64/libstdc++.so.6(+0x99133)[0x2adfd3ec4133]
[eu-ms-001-32:07585] [ 4] /cluster/spack/apps/linux-centos7-x86_64/gcc-4.8.5/gcc-9.3.0-mjmsvu3362usxjr7tas4ywkd2e4ko5x3/lib64/libstdc++.so.6(+0xa4e14)[0x2b766a106e14]
[eu-ms-001-44:26055] [ 7] code/build_output/main[0x40ba49]
[eu-ms-001-44:26055] [ 8] code/build_output/main[0x41a198]
[eu-ms-001-44:26055] [ 9] code/build_output/main[0x40c3d9]
[eu-ms-001-44:26055] [10] /cluster/spack/apps/linux-centos7-x86_64/gcc-4.8.5/gcc-9.3.0-mjmsvu3362usxjr7tas4ywkd2e4ko5x3/lib64/libstdc++.so.6(+0xa4b56)[0x2ab3229c7b56]
[eu-ms-017-01:14135] [ 5] /cluster/spack/apps/linux-centos7-x86_64/gcc-4.8.5/gcc-9.3.0-mjmsvu3362usxjr7tas4ywkd2e4ko5x3/lib64/libstdc++.so.6(+0xa4b56)[0x2adfd3ecfb56]
[eu-ms-001-32:07585] [ 5] /usr/lib64/libc.so.6(__libc_start_main+0xf5)[0x2b766ab94555]
[eu-ms-001-44:26055] [11] code/build_output/main[0x40db3f]
[eu-ms-001-44:26055] *** End of error message ***
/cluster/spack/apps/linux-centos7-x86_64/gcc-4.8.5/gcc-9.3.0-mjmsvu3362usxjr7tas4ywkd2e4ko5x3/lib64/libstdc++.so.6(+0xa4bc1)[0x2ab3229c7bc1]
[eu-ms-017-01:14135] [ 6] /cluster/spack/apps/linux-centos7-x86_64/gcc-4.8.5/gcc-9.3.0-mjmsvu3362usxjr7tas4ywkd2e4ko5x3/lib64/libstdc++.so.6(+0xa4bc1)[0x2adfd3ecfbc1]
[eu-ms-001-32:07585] [ 6] /cluster/spack/apps/linux-centos7-x86_64/gcc-4.8.5/gcc-9.3.0-mjmsvu3362usxjr7tas4ywkd2e4ko5x3/lib64/libstdc++.so.6(+0xa4e14)[0x2adfd3ecfe14]
/cluster/spack/apps/linux-centos7-x86_64/gcc-4.8.5/gcc-9.3.0-mjmsvu3362usxjr7tas4ywkd2e4ko5x3/lib64/libstdc++.so.6(+0xa4e14)[0x2ab3229c7e14]
[eu-ms-017-01:14135] [ 7] code/build_output/main[0x40ba49]
[eu-ms-017-01:14135] [ 8] code/build_output/main[0x41a198]
[eu-ms-017-01:14135] [ 9] code/build_output/main[0x40c3d9]
[eu-ms-017-01:14135] [10] [eu-ms-001-32:07585] [ 7] code/build_output/main[0x40ba49]
[eu-ms-001-32:07585] [ 8] code/build_output/main[0x41a198]
[eu-ms-001-32:07585] [ 9] code/build_output/main[0x40c3d9]
[eu-ms-001-32:07585] [10] /usr/lib64/libc.so.6(__libc_start_main+0xf5)[0x2ab323455555]
[eu-ms-017-01:14135] [11] code/build_output/main[0x40db3f]
[eu-ms-017-01:14135] *** End of error message ***
/usr/lib64/libc.so.6(__libc_start_main+0xf5)[0x2adfd495d555]
[eu-ms-001-32:07585] [11] code/build_output/main[0x40db3f]
[eu-ms-001-32:07585] *** End of error message ***
terminate called after throwing an instance of 'std::runtime_error'
  what():  Starting Rabenseifner-Gather with non-power-of-2 processes, numprocs=28
[eu-ms-001-13:20302] *** Process received signal ***
[eu-ms-001-13:20302] Signal: Aborted (6)
[eu-ms-001-13:20302] Signal code:  (-6)
terminate called after throwing an instance of 'std::runtime_error'
  what():  Starting Rabenseifner-Gather with non-power-of-2 processes, numprocs=28
[eu-ms-001-09:12027] *** Process received signal ***
[eu-ms-001-09:12027] Signal: Aborted (6)
[eu-ms-001-09:12027] Signal code:  (-6)
[eu-ms-001-13:20302] [ 0] [eu-ms-001-09:12027] [ 0] /usr/lib64/libpthread.so.0(+0xf630)[0x2aedcd889630]
[eu-ms-001-13:20302] [ 1] /usr/lib64/libpthread.so.0(+0xf630)[0x2b873932f630]
[eu-ms-001-09:12027] [ 1] /usr/lib64/libc.so.6(gsignal+0x37)[0x2aedcdacc387]
[eu-ms-001-13:20302] [ 2] /usr/lib64/libc.so.6(abort+0x148)[0x2aedcdacda78]
/usr/lib64/libc.so.6(gsignal+0x37)[0x2b8739572387]
[eu-ms-001-09:12027] [ 2] [eu-ms-001-13:20302] [ 3] /cluster/spack/apps/linux-centos7-x86_64/gcc-4.8.5/gcc-9.3.0-mjmsvu3362usxjr7tas4ywkd2e4ko5x3/lib64/libstdc++.so.6(+0x99133)[0x2aedcd01f133]
[eu-ms-001-13:20302] [ 4] /usr/lib64/libc.so.6(abort+0x148)[0x2b8739573a78]
[eu-ms-001-09:12027] [ 3] /cluster/spack/apps/linux-centos7-x86_64/gcc-4.8.5/gcc-9.3.0-mjmsvu3362usxjr7tas4ywkd2e4ko5x3/lib64/libstdc++.so.6(+0x99133)[0x2b8738ac5133]
[eu-ms-001-09:12027] [ 4] /cluster/spack/apps/linux-centos7-x86_64/gcc-4.8.5/gcc-9.3.0-mjmsvu3362usxjr7tas4ywkd2e4ko5x3/lib64/libstdc++.so.6(+0xa4b56)[0x2aedcd02ab56]
[eu-ms-001-13:20302] [ 5] /cluster/spack/apps/linux-centos7-x86_64/gcc-4.8.5/gcc-9.3.0-mjmsvu3362usxjr7tas4ywkd2e4ko5x3/lib64/libstdc++.so.6(+0xa4b56)[0x2b8738ad0b56]
[eu-ms-001-09:12027] [ 5] /cluster/spack/apps/linux-centos7-x86_64/gcc-4.8.5/gcc-9.3.0-mjmsvu3362usxjr7tas4ywkd2e4ko5x3/lib64/libstdc++.so.6(+0xa4bc1)[0x2aedcd02abc1]
[eu-ms-001-13:20302] [ 6] /cluster/spack/apps/linux-centos7-x86_64/gcc-4.8.5/gcc-9.3.0-mjmsvu3362usxjr7tas4ywkd2e4ko5x3/lib64/libstdc++.so.6(+0xa4bc1)[0x2b8738ad0bc1]
[eu-ms-001-09:12027] [ 6] terminate called after throwing an instance of 'std::runtime_error'
terminate called after throwing an instance of 'std::runtime_error'
/cluster/spack/apps/linux-centos7-x86_64/gcc-4.8.5/gcc-9.3.0-mjmsvu3362usxjr7tas4ywkd2e4ko5x3/lib64/libstdc++.so.6(+0xa4e14)[0x2aedcd02ae14]
[eu-ms-001-13:20302] [ 7] code/build_output/main[0x40ba49]
[eu-ms-001-13:20302] [ 8] code/build_output/main[0x41a198]
[eu-ms-001-13:20302] [ 9] /cluster/spack/apps/linux-centos7-x86_64/gcc-4.8.5/gcc-9.3.0-mjmsvu3362usxjr7tas4ywkd2e4ko5x3/lib64/libstdc++.so.6(+0xa4e14)[0x2b8738ad0e14]
[eu-ms-001-09:12027] [ 7] code/build_output/main[0x40ba49]
[eu-ms-001-09:12027] [ 8] code/build_output/main[0x41a198]
[eu-ms-001-09:12027] [ 9] code/build_output/main[0x40c3d9]
[eu-ms-001-09:12027]   what():  Starting Rabenseifner-Gather with non-power-of-2 processes, numprocs=28
[eu-ms-001-42:07105] *** Process received signal ***
[eu-ms-001-42:07105] Signal: Aborted (6)
[eu-ms-001-42:07105] Signal code:  (-6)
  what():  Starting Rabenseifner-Gather with non-power-of-2 processes, numprocs=28
[eu-ms-001-08:08892] *** Process received signal ***
[eu-ms-001-08:08892] Signal: Aborted (6)
[eu-ms-001-08:08892] Signal code:  (-6)
code/build_output/main[0x40c3d9]
[eu-ms-001-13:20302] [10] /usr/lib64/libc.so.6(__libc_start_main+0xf5)[0x2aedcdab8555]
[eu-ms-001-13:20302] [11] [10] /usr/lib64/libc.so.6(__libc_start_main+0xf5)[0x2b873955e555]
[eu-ms-001-09:12027] [11] [eu-ms-001-42:07105] [ 0] [eu-ms-001-08:08892] [ 0] code/build_output/main[0x40db3f]
[eu-ms-001-13:20302] *** End of error message ***
code/build_output/main[0x40db3f]
[eu-ms-001-09:12027] *** End of error message ***
/usr/lib64/libpthread.so.0(+0xf630)[0x2b30d84f6630]
[eu-ms-001-42:07105] [ 1] /usr/lib64/libpthread.so.0(+0xf630)[0x2ac53a542630]
[eu-ms-001-08:08892] [ 1] /usr/lib64/libc.so.6(gsignal+0x37)[0x2b30d8739387]
[eu-ms-001-42:07105] [ 2] /usr/lib64/libc.so.6(abort+0x148)[0x2b30d873aa78]
[eu-ms-001-42:07105] [ 3] /usr/lib64/libc.so.6(gsignal+0x37)[0x2ac53a785387]
[eu-ms-001-08:08892] [ 2] /cluster/spack/apps/linux-centos7-x86_64/gcc-4.8.5/gcc-9.3.0-mjmsvu3362usxjr7tas4ywkd2e4ko5x3/lib64/libstdc++.so.6(+0x99133)[0x2b30d7c8c133]
[eu-ms-001-42:07105] [ 4] /usr/lib64/libc.so.6(abort+0x148)[0x2ac53a786a78]
[eu-ms-001-08:08892] [ 3] /cluster/spack/apps/linux-centos7-x86_64/gcc-4.8.5/gcc-9.3.0-mjmsvu3362usxjr7tas4ywkd2e4ko5x3/lib64/libstdc++.so.6(+0x99133)[0x2ac539cd8133]
/cluster/spack/apps/linux-centos7-x86_64/gcc-4.8.5/gcc-9.3.0-mjmsvu3362usxjr7tas4ywkd2e4ko5x3/lib64/libstdc++.so.6(+0xa4b56)[0x2b30d7c97b56]
[eu-ms-001-42:07105] [ 5] [eu-ms-001-08:08892] [ 4] /cluster/spack/apps/linux-centos7-x86_64/gcc-4.8.5/gcc-9.3.0-mjmsvu3362usxjr7tas4ywkd2e4ko5x3/lib64/libstdc++.so.6(+0xa4b56)[0x2ac539ce3b56]
[eu-ms-001-08:08892] [ 5] /cluster/spack/apps/linux-centos7-x86_64/gcc-4.8.5/gcc-9.3.0-mjmsvu3362usxjr7tas4ywkd2e4ko5x3/lib64/libstdc++.so.6(+0xa4bc1)[0x2b30d7c97bc1]
[eu-ms-001-42:07105] [ 6] /cluster/spack/apps/linux-centos7-x86_64/gcc-4.8.5/gcc-9.3.0-mjmsvu3362usxjr7tas4ywkd2e4ko5x3/lib64/libstdc++.so.6(+0xa4bc1)[0x2ac539ce3bc1]
[eu-ms-001-08:08892] [ 6] /cluster/spack/apps/linux-centos7-x86_64/gcc-4.8.5/gcc-9.3.0-mjmsvu3362usxjr7tas4ywkd2e4ko5x3/lib64/libstdc++.so.6(+0xa4e14)[0x2b30d7c97e14]
[eu-ms-001-42:07105] [ 7] code/build_output/main[0x40ba49]
[eu-ms-001-42:07105] [ 8] code/build_output/main[0x41a198]
[eu-ms-001-42:07105] [ 9] code/build_output/main[0x40c3d9]
/cluster/spack/apps/linux-centos7-x86_64/gcc-4.8.5/gcc-9.3.0-mjmsvu3362usxjr7tas4ywkd2e4ko5x3/lib64/libstdc++.so.6(+0xa4e14)[0x2ac539ce3e14]
[eu-ms-001-08:08892] [ 7] code/build_output/main[0x40ba49]
[eu-ms-001-08:08892] [ 8] code/build_output/main[0x41a198]
[eu-ms-001-08:08892] [ 9] [eu-ms-001-42:07105] [10] /usr/lib64/libc.so.6(__libc_start_main+0xf5)[0x2b30d8725555]
[eu-ms-001-42:07105] [11] code/build_output/main[0x40c3d9]
[eu-ms-001-08:08892] [10] /usr/lib64/libc.so.6(__libc_start_main+0xf5)[0x2ac53a771555]
[eu-ms-001-08:08892] [11] code/build_output/main[0x40db3f]
[eu-ms-001-42:07105] *** End of error message ***
code/build_output/main[0x40db3f]
[eu-ms-001-08:08892] *** End of error message ***
terminate called after throwing an instance of 'std::runtime_error'
  what():  Starting Rabenseifner-Gather with non-power-of-2 processes, numprocs=28
[eu-ms-001-37:21424] *** Process received signal ***
[eu-ms-001-37:21424] Signal: Aborted (6)
[eu-ms-001-37:21424] Signal code:  (-6)
terminate called after throwing an instance of 'std::runtime_error'
  what():  Starting Rabenseifner-Gather with non-power-of-2 processes, numprocs=28
[eu-ms-017-31:17175] *** Process received signal ***
[eu-ms-017-31:17175] Signal: Aborted (6)
[eu-ms-017-31:17175] Signal code:  (-6)
[eu-ms-001-37:21424] [ 0] /usr/lib64/libpthread.so.0(+0xf630)[0x2b389d0f6630]
[eu-ms-001-37:21424] [ 1] [eu-ms-017-31:17175] [ 0] /usr/lib64/libc.so.6(gsignal+0x37)[0x2b389d339387]
[eu-ms-001-37:21424] [ 2] /usr/lib64/libc.so.6(abort+0x148)[0x2b389d33aa78]
[eu-ms-001-37:21424] /usr/lib64/libpthread.so.0(+0xf630)[0x2b07f3669630]
[eu-ms-017-31:17175] [ 1] /usr/lib64/libc.so.6(gsignal+0x37)[0x2b07f38ac387]
[ 3] /cluster/spack/apps/linux-centos7-x86_64/gcc-4.8.5/gcc-9.3.0-mjmsvu3362usxjr7tas4ywkd2e4ko5x3/lib64/libstdc++.so.6(+0x99133)[0x2b389c88c133]
[eu-ms-001-37:21424] [ 4] [eu-ms-017-31:17175] [ 2] /usr/lib64/libc.so.6(abort+0x148)[0x2b07f38ada78]
[eu-ms-017-31:17175] [ 3] /cluster/spack/apps/linux-centos7-x86_64/gcc-4.8.5/gcc-9.3.0-mjmsvu3362usxjr7tas4ywkd2e4ko5x3/lib64/libstdc++.so.6(+0xa4b56)[0x2b389c897b56]
[eu-ms-001-37:21424] [ 5] /cluster/spack/apps/linux-centos7-x86_64/gcc-4.8.5/gcc-9.3.0-mjmsvu3362usxjr7tas4ywkd2e4ko5x3/lib64/libstdc++.so.6(+0x99133)[0x2b07f2dff133]
[eu-ms-017-31:17175] [ 4] /cluster/spack/apps/linux-centos7-x86_64/gcc-4.8.5/gcc-9.3.0-mjmsvu3362usxjr7tas4ywkd2e4ko5x3/lib64/libstdc++.so.6(+0xa4bc1)[0x2b389c897bc1]
[eu-ms-001-37:21424] [ 6] /cluster/spack/apps/linux-centos7-x86_64/gcc-4.8.5/gcc-9.3.0-mjmsvu3362usxjr7tas4ywkd2e4ko5x3/lib64/libstdc++.so.6(+0xa4b56)[0x2b07f2e0ab56]
[eu-ms-017-31:17175] [ 5] /cluster/spack/apps/linux-centos7-x86_64/gcc-4.8.5/gcc-9.3.0-mjmsvu3362usxjr7tas4ywkd2e4ko5x3/lib64/libstdc++.so.6(+0xa4e14)[0x2b389c897e14]
[eu-ms-001-37:21424] [ 7] code/build_output/main[0x40ba49]
[eu-ms-001-37:21424] [ 8] code/build_output/main[0x41a198]
[eu-ms-001-37:21424] [ 9] /cluster/spack/apps/linux-centos7-x86_64/gcc-4.8.5/gcc-9.3.0-mjmsvu3362usxjr7tas4ywkd2e4ko5x3/lib64/libstdc++.so.6(+0xa4bc1)[0x2b07f2e0abc1]
[eu-ms-017-31:17175] [ 6] code/build_output/main[0x40c3d9]
[eu-ms-001-37:21424] [10] /usr/lib64/libc.so.6(__libc_start_main+0xf5)[0x2b389d325555]
[eu-ms-001-37:21424] [11] /cluster/spack/apps/linux-centos7-x86_64/gcc-4.8.5/gcc-9.3.0-mjmsvu3362usxjr7tas4ywkd2e4ko5x3/lib64/libstdc++.so.6(+0xa4e14)[0x2b07f2e0ae14]
[eu-ms-017-31:17175] [ 7] code/build_output/main[0x40ba49]
[eu-ms-017-31:17175] [ 8] code/build_output/main[0x41a198]
[eu-ms-017-31:17175] [ 9] code/build_output/main[0x40c3d9]
[eu-ms-017-31:17175] [10] code/build_output/main[0x40db3f]
[eu-ms-001-37:21424] *** End of error message ***
/usr/lib64/libc.so.6(__libc_start_main+0xf5)[0x2b07f3898555]
[eu-ms-017-31:17175] [11] code/build_output/main[0x40db3f]
[eu-ms-017-31:17175] *** End of error message ***
terminate called after throwing an instance of 'std::runtime_error'
terminate called after throwing an instance of 'std::runtime_error'
  what():  Starting Rabenseifner-Gather with non-power-of-2 processes, numprocs=28
[eu-ms-001-15:19700] *** Process received signal ***
[eu-ms-001-15:19700] Signal: Aborted (6)
[eu-ms-001-15:19700] Signal code:  (-6)
  what():  Starting Rabenseifner-Gather with non-power-of-2 processes, numprocs=28
[eu-ms-001-27:09625] *** Process received signal ***
[eu-ms-001-27:09625] Signal: Aborted (6)
[eu-ms-001-27:09625] Signal code:  (-6)
[eu-ms-001-15:19700] [ 0] [eu-ms-001-27:09625] [ 0] /usr/lib64/libpthread.so.0(+0xf630)[0x2b103cda3630]
[eu-ms-001-15:19700] [ 1] /usr/lib64/libpthread.so.0(+0xf630)[0x2adc6a652630]
[eu-ms-001-27:09625] [ 1] /usr/lib64/libc.so.6(gsignal+0x37)[0x2b103cfe6387]
[eu-ms-001-15:19700] [ 2] /usr/lib64/libc.so.6(abort+0x148)[0x2b103cfe7a78]
[eu-ms-001-15:19700] /usr/lib64/libc.so.6(gsignal+0x37)[0x2adc6a895387]
[eu-ms-001-27:09625] [ 2] /usr/lib64/libc.so.6(abort+0x148)[0x2adc6a896a78]
[eu-ms-001-27:09625] [ 3] [ 3] /cluster/spack/apps/linux-centos7-x86_64/gcc-4.8.5/gcc-9.3.0-mjmsvu3362usxjr7tas4ywkd2e4ko5x3/lib64/libstdc++.so.6(+0x99133)[0x2b103c539133]
[eu-ms-001-15:19700] [ 4] /cluster/spack/apps/linux-centos7-x86_64/gcc-4.8.5/gcc-9.3.0-mjmsvu3362usxjr7tas4ywkd2e4ko5x3/lib64/libstdc++.so.6(+0x99133)[0x2adc69de8133]
[eu-ms-001-27:09625] [ 4] /cluster/spack/apps/linux-centos7-x86_64/gcc-4.8.5/gcc-9.3.0-mjmsvu3362usxjr7tas4ywkd2e4ko5x3/lib64/libstdc++.so.6(+0xa4b56)[0x2b103c544b56]
[eu-ms-001-15:19700] [ 5] /cluster/spack/apps/linux-centos7-x86_64/gcc-4.8.5/gcc-9.3.0-mjmsvu3362usxjr7tas4ywkd2e4ko5x3/lib64/libstdc++.so.6(+0xa4b56)[0x2adc69df3b56]
[eu-ms-001-27:09625] [ 5] /cluster/spack/apps/linux-centos7-x86_64/gcc-4.8.5/gcc-9.3.0-mjmsvu3362usxjr7tas4ywkd2e4ko5x3/lib64/libstdc++.so.6(+0xa4bc1)[0x2b103c544bc1]
[eu-ms-001-15:19700] [ 6] /cluster/spack/apps/linux-centos7-x86_64/gcc-4.8.5/gcc-9.3.0-mjmsvu3362usxjr7tas4ywkd2e4ko5x3/lib64/libstdc++.so.6(+0xa4bc1)[0x2adc69df3bc1]
[eu-ms-001-27:09625] [ 6] /cluster/spack/apps/linux-centos7-x86_64/gcc-4.8.5/gcc-9.3.0-mjmsvu3362usxjr7tas4ywkd2e4ko5x3/lib64/libstdc++.so.6(+0xa4e14)[0x2b103c544e14]
[eu-ms-001-15:19700] [ 7] code/build_output/main[0x40ba49]
[eu-ms-001-15:19700] [ 8] code/build_output/main[0x41a198]
[eu-ms-001-15:19700] [ 9] code/build_output/main[0x40c3d9]
[eu-ms-001-15:19700] /cluster/spack/apps/linux-centos7-x86_64/gcc-4.8.5/gcc-9.3.0-mjmsvu3362usxjr7tas4ywkd2e4ko5x3/lib64/libstdc++.so.6(+0xa4e14)[0x2adc69df3e14]
[eu-ms-001-27:09625] [ 7] code/build_output/main[0x40ba49]
[eu-ms-001-27:09625] [ 8] code/build_output/main[0x41a198]
[eu-ms-001-27:09625] [ 9] code/build_output/main[0x40c3d9]
[eu-ms-001-27:09625] [10] terminate called after throwing an instance of 'std::runtime_error'
[10] /usr/lib64/libc.so.6(__libc_start_main+0xf5)[0x2b103cfd2555]
[eu-ms-001-15:19700] [11] /usr/lib64/libc.so.6(__libc_start_main+0xf5)[0x2adc6a881555]
[eu-ms-001-27:09625] [11] code/build_output/main[0x40db3f]
[eu-ms-001-27:09625] *** End of error message ***
  what():  Starting Rabenseifner-Gather with non-power-of-2 processes, numprocs=28
[eu-ms-001-20:00303] *** Process received signal ***
[eu-ms-001-20:00303] Signal: Aborted (6)
[eu-ms-001-20:00303] Signal code:  (-6)
terminate called after throwing an instance of 'std::runtime_error'
code/build_output/main[0x40db3f]
[eu-ms-001-15:19700] *** End of error message ***
[eu-ms-001-20:00303] [ 0]   what():  Starting Rabenseifner-Gather with non-power-of-2 processes, numprocs=28
[eu-ms-001-10:05172] *** Process received signal ***
[eu-ms-001-10:05172] Signal: Aborted (6)
[eu-ms-001-10:05172] Signal code:  (-6)
/usr/lib64/libpthread.so.0(+0xf630)[0x2b4ce7acb630]
[eu-ms-001-20:00303] [ 1] [eu-ms-001-10:05172] [ 0] /usr/lib64/libc.so.6(gsignal+0x37)[0x2b4ce7d0e387]
[eu-ms-001-20:00303] [ 2] /usr/lib64/libc.so.6(abort+0x148)[0x2b4ce7d0fa78]
[eu-ms-001-20:00303] /usr/lib64/libpthread.so.0(+0xf630)[0x2b7ddc2fb630]
[eu-ms-001-10:05172] [ 1] [ 3] /cluster/spack/apps/linux-centos7-x86_64/gcc-4.8.5/gcc-9.3.0-mjmsvu3362usxjr7tas4ywkd2e4ko5x3/lib64/libstdc++.so.6(+0x99133)[0x2b4ce7261133]
[eu-ms-001-20:00303] [ 4] /usr/lib64/libc.so.6(gsignal+0x37)[0x2b7ddc53e387]
[eu-ms-001-10:05172] [ 2] /usr/lib64/libc.so.6(abort+0x148)[0x2b7ddc53fa78]
[eu-ms-001-10:05172] /cluster/spack/apps/linux-centos7-x86_64/gcc-4.8.5/gcc-9.3.0-mjmsvu3362usxjr7tas4ywkd2e4ko5x3/lib64/libstdc++.so.6(+0xa4b56)[0x2b4ce726cb56]
[eu-ms-001-20:00303] [ 5] [ 3] /cluster/spack/apps/linux-centos7-x86_64/gcc-4.8.5/gcc-9.3.0-mjmsvu3362usxjr7tas4ywkd2e4ko5x3/lib64/libstdc++.so.6(+0x99133)[0x2b7ddba91133]
[eu-ms-001-10:05172] [ 4] /cluster/spack/apps/linux-centos7-x86_64/gcc-4.8.5/gcc-9.3.0-mjmsvu3362usxjr7tas4ywkd2e4ko5x3/lib64/libstdc++.so.6(+0xa4bc1)[0x2b4ce726cbc1]
[eu-ms-001-20:00303] [ 6] /cluster/spack/apps/linux-centos7-x86_64/gcc-4.8.5/gcc-9.3.0-mjmsvu3362usxjr7tas4ywkd2e4ko5x3/lib64/libstdc++.so.6(+0xa4b56)[0x2b7ddba9cb56]
[eu-ms-001-10:05172] [ 5] /cluster/spack/apps/linux-centos7-x86_64/gcc-4.8.5/gcc-9.3.0-mjmsvu3362usxjr7tas4ywkd2e4ko5x3/lib64/libstdc++.so.6(+0xa4e14)[0x2b4ce726ce14]
[eu-ms-001-20:00303] [ 7] code/build_output/main[0x40ba49]
[eu-ms-001-20:00303] [ 8] code/build_output/main[0x41a198]
[eu-ms-001-20:00303] [ 9] /cluster/spack/apps/linux-centos7-x86_64/gcc-4.8.5/gcc-9.3.0-mjmsvu3362usxjr7tas4ywkd2e4ko5x3/lib64/libstdc++.so.6(+0xa4bc1)[0x2b7ddba9cbc1]
[eu-ms-001-10:05172] [ 6] code/build_output/main[0x40c3d9]
[eu-ms-001-20:00303] [10] /usr/lib64/libc.so.6(__libc_start_main+0xf5)[0x2b4ce7cfa555]
/cluster/spack/apps/linux-centos7-x86_64/gcc-4.8.5/gcc-9.3.0-mjmsvu3362usxjr7tas4ywkd2e4ko5x3/lib64/libstdc++.so.6(+0xa4e14)[0x2b7ddba9ce14]
[eu-ms-001-10:05172] [ 7] code/build_output/main[0x40ba49]
[eu-ms-001-10:05172] [ 8] code/build_output/main[0x41a198]
[eu-ms-001-10:05172] [ 9] code/build_output/main[0x40c3d9]
[eu-ms-001-10:05172] [10] [eu-ms-001-20:00303] [11] code/build_output/main[0x40db3f]
[eu-ms-001-20:00303] *** End of error message ***
/usr/lib64/libc.so.6(__libc_start_main+0xf5)[0x2b7ddc52a555]
[eu-ms-001-10:05172] [11] code/build_output/main[0x40db3f]
[eu-ms-001-10:05172] *** End of error message ***
terminate called after throwing an instance of 'std::runtime_error'
  what():  Starting Rabenseifner-Gather with non-power-of-2 processes, numprocs=28
[eu-ms-001-29:21874] *** Process received signal ***
[eu-ms-001-29:21874] Signal: Aborted (6)
[eu-ms-001-29:21874] Signal code:  (-6)
[eu-ms-001-29:21874] [ 0] /usr/lib64/libpthread.so.0(+0xf630)[0x2b7308ab5630]
[eu-ms-001-29:21874] [ 1] /usr/lib64/libc.so.6(gsignal+0x37)[0x2b7308cf8387]
[eu-ms-001-29:21874] [ 2] /usr/lib64/libc.so.6(abort+0x148)[0x2b7308cf9a78]
[eu-ms-001-29:21874] [ 3] /cluster/spack/apps/linux-centos7-x86_64/gcc-4.8.5/gcc-9.3.0-mjmsvu3362usxjr7tas4ywkd2e4ko5x3/lib64/libstdc++.so.6(+0x99133)[0x2b730824b133]
[eu-ms-001-29:21874] [ 4] /cluster/spack/apps/linux-centos7-x86_64/gcc-4.8.5/gcc-9.3.0-mjmsvu3362usxjr7tas4ywkd2e4ko5x3/lib64/libstdc++.so.6(+0xa4b56)[0x2b7308256b56]
[eu-ms-001-29:21874] [ 5] /cluster/spack/apps/linux-centos7-x86_64/gcc-4.8.5/gcc-9.3.0-mjmsvu3362usxjr7tas4ywkd2e4ko5x3/lib64/libstdc++.so.6(+0xa4bc1)[0x2b7308256bc1]
[eu-ms-001-29:21874] [ 6] /cluster/spack/apps/linux-centos7-x86_64/gcc-4.8.5/gcc-9.3.0-mjmsvu3362usxjr7tas4ywkd2e4ko5x3/lib64/libstdc++.so.6(+0xa4e14)[0x2b7308256e14]
[eu-ms-001-29:21874] [ 7] code/build_output/main[0x40ba49]
[eu-ms-001-29:21874] [ 8] code/build_output/main[0x41a198]
[eu-ms-001-29:21874] [ 9] code/build_output/main[0x40c3d9]
[eu-ms-001-29:21874] [10] /usr/lib64/libc.so.6(__libc_start_main+0xf5)[0x2b7308ce4555]
[eu-ms-001-29:21874] [11] code/build_output/main[0x40db3f]
[eu-ms-001-29:21874] *** End of error message ***
terminate called after throwing an instance of 'std::runtime_error'
terminate called after throwing an instance of 'std::runtime_error'
  what():  Starting Rabenseifner-Gather with non-power-of-2 processes, numprocs=28
[eu-ms-017-19:32339] *** Process received signal ***
[eu-ms-017-19:32339] Signal: Aborted (6)
[eu-ms-017-19:32339] Signal code:  (-6)
  what():  Starting Rabenseifner-Gather with non-power-of-2 processes, numprocs=28
[eu-ms-001-23:11473] *** Process received signal ***
[eu-ms-001-23:11473] Signal: Aborted (6)
[eu-ms-001-23:11473] Signal code:  (-6)
[eu-ms-017-19:32339] [ 0] /usr/lib64/libpthread.so.0(+0xf630)[0x2b3cfc38a630]
[eu-ms-017-19:32339] [ 1] /usr/lib64/libc.so.6(gsignal+0x37)[0x2b3cfc5cd387]
[eu-ms-017-19:32339] [ 2] /usr/lib64/libc.so.6(abort+0x148)[0x2b3cfc5cea78]
[eu-ms-017-19:32339] [ 3] /cluster/spack/apps/linux-centos7-x86_64/gcc-4.8.5/gcc-9.3.0-mjmsvu3362usxjr7tas4ywkd2e4ko5x3/lib64/libstdc++.so.6(+0x99133)[0x2b3cfbb20133]
[eu-ms-017-19:32339] [ 4] /cluster/spack/apps/linux-centos7-x86_64/gcc-4.8.5/gcc-9.3.0-mjmsvu3362usxjr7tas4ywkd2e4ko5x3/lib64/libstdc++.so.6(+0xa4b56)[0x2b3cfbb2bb56]
[eu-ms-017-19:32339] [ 5] /cluster/spack/apps/linux-centos7-x86_64/gcc-4.8.5/gcc-9.3.0-mjmsvu3362usxjr7tas4ywkd2e4ko5x3/lib64/libstdc++.so.6(+0xa4bc1)[0x2b3cfbb2bbc1]
[eu-ms-017-19:32339] [ 6] /cluster/spack/apps/linux-centos7-x86_64/gcc-4.8.5/gcc-9.3.0-mjmsvu3362usxjr7tas4ywkd2e4ko5x3/lib64/libstdc++.so.6(+0xa4e14)[0x2b3cfbb2be14]
[eu-ms-017-19:32339] [ 7] code/build_output/main[0x40ba49]
[eu-ms-017-19:32339] [ 8] code/build_output/main[0x41a198]
[eu-ms-017-19:32339] [ 9] code/build_output/main[0x40c3d9]
[eu-ms-017-19:32339] [10] /usr/lib64/libc.so.6(__libc_start_main+0xf5)[0x2b3cfc5b9555]
[eu-ms-017-19:32339] [11] code/build_output/main[0x40db3f]
[eu-ms-017-19:32339] *** End of error message ***
[eu-ms-001-23:11473] [ 0] /usr/lib64/libpthread.so.0(+0xf630)[0x2ab447137630]
[eu-ms-001-23:11473] [ 1] terminate called after throwing an instance of 'std::runtime_error'
/usr/lib64/libc.so.6(gsignal+0x37)[0x2ab44737a387]
[eu-ms-001-23:11473] [ 2] /usr/lib64/libc.so.6(abort+0x148)[0x2ab44737ba78]
[eu-ms-001-23:11473] [ 3] terminate called after throwing an instance of 'std::runtime_error'
  what():  Starting Rabenseifner-Gather with non-power-of-2 processes, numprocs=28
[eu-ms-001-16:18177] *** Process received signal ***
[eu-ms-001-16:18177] Signal: Aborted (6)
[eu-ms-001-16:18177] Signal code:  (-6)
/cluster/spack/apps/linux-centos7-x86_64/gcc-4.8.5/gcc-9.3.0-mjmsvu3362usxjr7tas4ywkd2e4ko5x3/lib64/libstdc++.so.6(+0x99133)[0x2ab4468cd133]
[eu-ms-001-23:11473] [ 4]   what():  Starting Rabenseifner-Gather with non-power-of-2 processes, numprocs=28
[eu-ms-017-39:03112] *** Process received signal ***
[eu-ms-017-39:03112] Signal: Aborted (6)
[eu-ms-017-39:03112] Signal code:  (-6)
[eu-ms-001-16:18177] [ 0] /cluster/spack/apps/linux-centos7-x86_64/gcc-4.8.5/gcc-9.3.0-mjmsvu3362usxjr7tas4ywkd2e4ko5x3/lib64/libstdc++.so.6(+0xa4b56)[0x2ab4468d8b56]
[eu-ms-001-23:11473] [ 5] [eu-ms-017-39:03112] [ 0] /usr/lib64/libpthread.so.0(+0xf630)[0x2b37574f1630]
[eu-ms-001-16:18177] [ 1] /cluster/spack/apps/linux-centos7-x86_64/gcc-4.8.5/gcc-9.3.0-mjmsvu3362usxjr7tas4ywkd2e4ko5x3/lib64/libstdc++.so.6(+0xa4bc1)[0x2ab4468d8bc1]
[eu-ms-001-23:11473] [ 6] /usr/lib64/libpthread.so.0(+0xf630)[0x2acdc4a47630]
[eu-ms-017-39:03112] [ 1] /usr/lib64/libc.so.6(gsignal+0x37)[0x2acdc4c8a387]
/usr/lib64/libc.so.6(gsignal+0x37)[0x2b3757734387]
[eu-ms-001-16:18177] [ 2] /usr/lib64/libc.so.6(abort+0x148)[0x2b3757735a78]
[eu-ms-001-16:18177] [ 3] /cluster/spack/apps/linux-centos7-x86_64/gcc-4.8.5/gcc-9.3.0-mjmsvu3362usxjr7tas4ywkd2e4ko5x3/lib64/libstdc++.so.6(+0xa4e14)[0x2ab4468d8e14]
[eu-ms-001-23:11473] [ 7] code/build_output/main[0x40ba49]
[eu-ms-001-23:11473] [ 8] code/build_output/main[0x41a198]
[eu-ms-001-23:11473] [ 9] code/build_output/main[0x40c3d9]
[eu-ms-001-23:11473] [eu-ms-017-39:03112] [ 2] /usr/lib64/libc.so.6(abort+0x148)[0x2acdc4c8ba78]
[eu-ms-017-39:03112] [ 3] /cluster/spack/apps/linux-centos7-x86_64/gcc-4.8.5/gcc-9.3.0-mjmsvu3362usxjr7tas4ywkd2e4ko5x3/lib64/libstdc++.so.6(+0x99133)[0x2b3756c87133]
[eu-ms-001-16:18177] [ 4] [10] /usr/lib64/libc.so.6(__libc_start_main+0xf5)[0x2ab447366555]
[eu-ms-001-23:11473] [11] /cluster/spack/apps/linux-centos7-x86_64/gcc-4.8.5/gcc-9.3.0-mjmsvu3362usxjr7tas4ywkd2e4ko5x3/lib64/libstdc++.so.6(+0x99133)[0x2acdc41dd133]
[eu-ms-017-39:03112] [ 4] /cluster/spack/apps/linux-centos7-x86_64/gcc-4.8.5/gcc-9.3.0-mjmsvu3362usxjr7tas4ywkd2e4ko5x3/lib64/libstdc++.so.6(+0xa4b56)[0x2b3756c92b56]
[eu-ms-001-16:18177] [ 5] code/build_output/main[0x40db3f]
[eu-ms-001-23:11473] *** End of error message ***
/cluster/spack/apps/linux-centos7-x86_64/gcc-4.8.5/gcc-9.3.0-mjmsvu3362usxjr7tas4ywkd2e4ko5x3/lib64/libstdc++.so.6(+0xa4b56)[0x2acdc41e8b56]
[eu-ms-017-39:03112] [ 5] /cluster/spack/apps/linux-centos7-x86_64/gcc-4.8.5/gcc-9.3.0-mjmsvu3362usxjr7tas4ywkd2e4ko5x3/lib64/libstdc++.so.6(+0xa4bc1)[0x2b3756c92bc1]
[eu-ms-001-16:18177] [ 6] /cluster/spack/apps/linux-centos7-x86_64/gcc-4.8.5/gcc-9.3.0-mjmsvu3362usxjr7tas4ywkd2e4ko5x3/lib64/libstdc++.so.6(+0xa4bc1)[0x2acdc41e8bc1]
[eu-ms-017-39:03112] [ 6] /cluster/spack/apps/linux-centos7-x86_64/gcc-4.8.5/gcc-9.3.0-mjmsvu3362usxjr7tas4ywkd2e4ko5x3/lib64/libstdc++.so.6(+0xa4e14)[0x2b3756c92e14]
[eu-ms-001-16:18177] [ 7] code/build_output/main[0x40ba49]
[eu-ms-001-16:18177] [ 8] code/build_output/main[0x41a198]
[eu-ms-001-16:18177] [ 9] code/build_output/main[0x40c3d9]
[eu-ms-001-16:18177] [10] /cluster/spack/apps/linux-centos7-x86_64/gcc-4.8.5/gcc-9.3.0-mjmsvu3362usxjr7tas4ywkd2e4ko5x3/lib64/libstdc++.so.6(+0xa4e14)[0x2acdc41e8e14]
[eu-ms-017-39:03112] [ 7] code/build_output/main[0x40ba49]
[eu-ms-017-39:03112] [ 8] code/build_output/main[0x41a198]
[eu-ms-017-39:03112] [ 9] code/build_output/main[0x40c3d9]
[eu-ms-017-39:03112] [10] /usr/lib64/libc.so.6(__libc_start_main+0xf5)[0x2b3757720555]
[eu-ms-001-16:18177] [11] code/build_output/main[0x40db3f]
[eu-ms-001-16:18177] *** End of error message ***
/usr/lib64/libc.so.6(__libc_start_main+0xf5)[0x2acdc4c76555]
[eu-ms-017-39:03112] [11] code/build_output/main[0x40db3f]
[eu-ms-017-39:03112] *** End of error message ***
terminate called after throwing an instance of 'std::runtime_error'
terminate called after throwing an instance of 'std::runtime_error'
  what():  Starting Rabenseifner-Gather with non-power-of-2 processes, numprocs=28
[eu-ms-001-25:07621] *** Process received signal ***
[eu-ms-001-25:07621] Signal: Aborted (6)
[eu-ms-001-25:07621] Signal code:  (-6)
  what():  Starting Rabenseifner-Gather with non-power-of-2 processes, numprocs=28
[eu-ms-001-35:14207] *** Process received signal ***
[eu-ms-001-35:14207] Signal: Aborted (6)
[eu-ms-001-35:14207] Signal code:  (-6)
[eu-ms-001-25:07621] [ 0] [eu-ms-001-35:14207] [ 0] /usr/lib64/libpthread.so.0(+0xf630)[0x2b7a80332630]
[eu-ms-001-25:07621] [ 1] /usr/lib64/libpthread.so.0(+0xf630)[0x2b75b12b8630]
[eu-ms-001-35:14207] [ 1] /usr/lib64/libc.so.6(gsignal+0x37)[0x2b7a80575387]
[eu-ms-001-25:07621] [ 2] /usr/lib64/libc.so.6(abort+0x148)[0x2b7a80576a78]
[eu-ms-001-25:07621] [ 3] /usr/lib64/libc.so.6(gsignal+0x37)[0x2b75b14fb387]
[eu-ms-001-35:14207] [ 2] /usr/lib64/libc.so.6(abort+0x148)[0x2b75b14fca78]
[eu-ms-001-35:14207] [ 3] /cluster/spack/apps/linux-centos7-x86_64/gcc-4.8.5/gcc-9.3.0-mjmsvu3362usxjr7tas4ywkd2e4ko5x3/lib64/libstdc++.so.6(+0x99133)[0x2b7a7fac8133]
[eu-ms-001-25:07621] [ 4] /cluster/spack/apps/linux-centos7-x86_64/gcc-4.8.5/gcc-9.3.0-mjmsvu3362usxjr7tas4ywkd2e4ko5x3/lib64/libstdc++.so.6(+0x99133)[0x2b75b0a4e133]
[eu-ms-001-35:14207] [ 4] /cluster/spack/apps/linux-centos7-x86_64/gcc-4.8.5/gcc-9.3.0-mjmsvu3362usxjr7tas4ywkd2e4ko5x3/lib64/libstdc++.so.6(+0xa4b56)[0x2b7a7fad3b56]
[eu-ms-001-25:07621] [ 5] /cluster/spack/apps/linux-centos7-x86_64/gcc-4.8.5/gcc-9.3.0-mjmsvu3362usxjr7tas4ywkd2e4ko5x3/lib64/libstdc++.so.6(+0xa4b56)[0x2b75b0a59b56]
[eu-ms-001-35:14207] [ 5] /cluster/spack/apps/linux-centos7-x86_64/gcc-4.8.5/gcc-9.3.0-mjmsvu3362usxjr7tas4ywkd2e4ko5x3/lib64/libstdc++.so.6(+0xa4bc1)[0x2b7a7fad3bc1]
[eu-ms-001-25:07621] [ 6] /cluster/spack/apps/linux-centos7-x86_64/gcc-4.8.5/gcc-9.3.0-mjmsvu3362usxjr7tas4ywkd2e4ko5x3/lib64/libstdc++.so.6(+0xa4bc1)[0x2b75b0a59bc1]
[eu-ms-001-35:14207] [ 6] /cluster/spack/apps/linux-centos7-x86_64/gcc-4.8.5/gcc-9.3.0-mjmsvu3362usxjr7tas4ywkd2e4ko5x3/lib64/libstdc++.so.6(+0xa4e14)[0x2b7a7fad3e14]
[eu-ms-001-25:07621] [ 7] code/build_output/main[0x40ba49]
[eu-ms-001-25:07621] [ 8] code/build_output/main[0x41a198]
[eu-ms-001-25:07621] [ 9] code/build_output/main[0x40c3d9]
[eu-ms-001-25:07621] [10] /cluster/spack/apps/linux-centos7-x86_64/gcc-4.8.5/gcc-9.3.0-mjmsvu3362usxjr7tas4ywkd2e4ko5x3/lib64/libstdc++.so.6(+0xa4e14)[0x2b75b0a59e14]
[eu-ms-001-35:14207] [ 7] code/build_output/main[0x40ba49]
[eu-ms-001-35:14207] [ 8] code/build_output/main[0x41a198]
[eu-ms-001-35:14207] [ 9] code/build_output/main[0x40c3d9]
[eu-ms-001-35:14207] [10] /usr/lib64/libc.so.6(__libc_start_main+0xf5)[0x2b7a80561555]
[eu-ms-001-25:07621] [11] code/build_output/main[0x40db3f]
[eu-ms-001-25:07621] *** End of error message ***
/usr/lib64/libc.so.6(__libc_start_main+0xf5)[0x2b75b14e7555]
[eu-ms-001-35:14207] [11] code/build_output/main[0x40db3f]
[eu-ms-001-35:14207] *** End of error message ***
terminate called after throwing an instance of 'std::runtime_error'
  what():  Starting Rabenseifner-Gather with non-power-of-2 processes, numprocs=28
[eu-ms-001-17:27378] *** Process received signal ***
[eu-ms-001-17:27378] Signal: Aborted (6)
[eu-ms-001-17:27378] Signal code:  (-6)
[eu-ms-001-17:27378] [ 0] terminate called after throwing an instance of 'std::runtime_error'
/usr/lib64/libpthread.so.0(+0xf630)[0x2b3fba650630]
[eu-ms-001-17:27378] [ 1]   what():  Starting Rabenseifner-Gather with non-power-of-2 processes, numprocs=28
[eu-ms-001-38:10402] *** Process received signal ***
[eu-ms-001-38:10402] Signal: Aborted (6)
[eu-ms-001-38:10402] Signal code:  (-6)
terminate called after throwing an instance of 'std::runtime_error'
/usr/lib64/libc.so.6(gsignal+0x37)[0x2b3fba893387]
[eu-ms-001-17:27378] [ 2] /usr/lib64/libc.so.6(abort+0x148)[0x2b3fba894a78]
[eu-ms-001-17:27378] [ 3] [eu-ms-001-38:10402] [ 0]   what():  Starting Rabenseifner-Gather with non-power-of-2 processes, numprocs=28
[eu-ms-017-08:02058] *** Process received signal ***
[eu-ms-017-08:02058] Signal: Aborted (6)
[eu-ms-017-08:02058] Signal code:  (-6)
/cluster/spack/apps/linux-centos7-x86_64/gcc-4.8.5/gcc-9.3.0-mjmsvu3362usxjr7tas4ywkd2e4ko5x3/lib64/libstdc++.so.6(+0x99133)[0x2b3fb9de6133]
[eu-ms-001-17:27378] [ 4] /usr/lib64/libpthread.so.0(+0xf630)[0x2ac306078630]
[eu-ms-001-38:10402] [ 1] [eu-ms-017-08:02058] [ 0] /cluster/spack/apps/linux-centos7-x86_64/gcc-4.8.5/gcc-9.3.0-mjmsvu3362usxjr7tas4ywkd2e4ko5x3/lib64/libstdc++.so.6(+0xa4b56)[0x2b3fb9df1b56]
[eu-ms-001-17:27378] [ 5] /usr/lib64/libc.so.6(gsignal+0x37)[0x2ac3062bb387]
[eu-ms-001-38:10402] [ 2] /usr/lib64/libc.so.6(abort+0x148)[0x2ac3062bca78]
[eu-ms-001-38:10402] /usr/lib64/libpthread.so.0(+0xf630)[0x2aab24ff0630]
[eu-ms-017-08:02058] [ 1] /cluster/spack/apps/linux-centos7-x86_64/gcc-4.8.5/gcc-9.3.0-mjmsvu3362usxjr7tas4ywkd2e4ko5x3/lib64/libstdc++.so.6(+0xa4bc1)[0x2b3fb9df1bc1]
[eu-ms-001-17:27378] [ 6] [ 3] /cluster/spack/apps/linux-centos7-x86_64/gcc-4.8.5/gcc-9.3.0-mjmsvu3362usxjr7tas4ywkd2e4ko5x3/lib64/libstdc++.so.6(+0x99133)[0x2ac30580e133]
[eu-ms-001-38:10402] [ 4] /usr/lib64/libc.so.6(gsignal+0x37)[0x2aab25233387]
[eu-ms-017-08:02058] [ 2] /usr/lib64/libc.so.6(abort+0x148)[0x2aab25234a78]
[eu-ms-017-08:02058] [ 3] /cluster/spack/apps/linux-centos7-x86_64/gcc-4.8.5/gcc-9.3.0-mjmsvu3362usxjr7tas4ywkd2e4ko5x3/lib64/libstdc++.so.6(+0xa4e14)[0x2b3fb9df1e14]
[eu-ms-001-17:27378] [ 7] code/build_output/main[0x40ba49]
[eu-ms-001-17:27378] [ 8] code/build_output/main[0x41a198]
[eu-ms-001-17:27378] [ 9] code/build_output/main[0x40c3d9]
/cluster/spack/apps/linux-centos7-x86_64/gcc-4.8.5/gcc-9.3.0-mjmsvu3362usxjr7tas4ywkd2e4ko5x3/lib64/libstdc++.so.6(+0xa4b56)[0x2ac305819b56]
[eu-ms-001-38:10402] [ 5] /cluster/spack/apps/linux-centos7-x86_64/gcc-4.8.5/gcc-9.3.0-mjmsvu3362usxjr7tas4ywkd2e4ko5x3/lib64/libstdc++.so.6(+0x99133)[0x2aab24786133]
[eu-ms-017-08:02058] [ 4] [eu-ms-001-17:27378] [10] /usr/lib64/libc.so.6(__libc_start_main+0xf5)[0x2b3fba87f555]
[eu-ms-001-17:27378] [11] /cluster/spack/apps/linux-centos7-x86_64/gcc-4.8.5/gcc-9.3.0-mjmsvu3362usxjr7tas4ywkd2e4ko5x3/lib64/libstdc++.so.6(+0xa4bc1)[0x2ac305819bc1]
[eu-ms-001-38:10402] [ 6] /cluster/spack/apps/linux-centos7-x86_64/gcc-4.8.5/gcc-9.3.0-mjmsvu3362usxjr7tas4ywkd2e4ko5x3/lib64/libstdc++.so.6(+0xa4b56)[0x2aab24791b56]
[eu-ms-017-08:02058] [ 5] code/build_output/main[0x40db3f]
[eu-ms-001-17:27378] *** End of error message ***
/cluster/spack/apps/linux-centos7-x86_64/gcc-4.8.5/gcc-9.3.0-mjmsvu3362usxjr7tas4ywkd2e4ko5x3/lib64/libstdc++.so.6(+0xa4e14)[0x2ac305819e14]
[eu-ms-001-38:10402] [ 7] code/build_output/main[0x40ba49]
[eu-ms-001-38:10402] [ 8] code/build_output/main[0x41a198]
[eu-ms-001-38:10402] [ 9] code/build_output/main[0x40c3d9]
[eu-ms-001-38:10402] [10] /cluster/spack/apps/linux-centos7-x86_64/gcc-4.8.5/gcc-9.3.0-mjmsvu3362usxjr7tas4ywkd2e4ko5x3/lib64/libstdc++.so.6(+0xa4bc1)[0x2aab24791bc1]
[eu-ms-017-08:02058] [ 6] /usr/lib64/libc.so.6(__libc_start_main+0xf5)[0x2ac3062a7555]
[eu-ms-001-38:10402] [11] code/build_output/main[0x40db3f]
[eu-ms-001-38:10402] *** End of error message ***
/cluster/spack/apps/linux-centos7-x86_64/gcc-4.8.5/gcc-9.3.0-mjmsvu3362usxjr7tas4ywkd2e4ko5x3/lib64/libstdc++.so.6(+0xa4e14)[0x2aab24791e14]
[eu-ms-017-08:02058] [ 7] code/build_output/main[0x40ba49]
[eu-ms-017-08:02058] [ 8] code/build_output/main[0x41a198]
[eu-ms-017-08:02058] [ 9] code/build_output/main[0x40c3d9]
[eu-ms-017-08:02058] [10] /usr/lib64/libc.so.6(__libc_start_main+0xf5)[0x2aab2521f555]
[eu-ms-017-08:02058] [11] code/build_output/main[0x40db3f]
[eu-ms-017-08:02058] *** End of error message ***
--------------------------------------------------------------------------
Primary job  terminated normally, but 1 process returned
a non-zero exit code. Per user-direction, the job has been aborted.
--------------------------------------------------------------------------
--------------------------------------------------------------------------
mpirun noticed that process rank 8 with PID 19981 on node eu-ms-001-41 exited on signal 6 (Aborted).
--------------------------------------------------------------------------
