14: Starting numprocs=18 N=8192, M=8192 impl=rabenseifner-gather
2: Starting numprocs=18 N=8192, M=8192 impl=rabenseifner-gather
10: Starting numprocs=18 N=8192, M=8192 impl=rabenseifner-gather
12: Starting numprocs=18 N=8192, M=8192 impl=rabenseifner-gather
8: Starting numprocs=18 N=8192, M=8192 impl=rabenseifner-gather
13: Starting numprocs=18 N=8192, M=8192 impl=rabenseifner-gather
3: Starting numprocs=18 N=8192, M=8192 impl=rabenseifner-gather
7: Starting numprocs=18 N=8192, M=8192 impl=rabenseifner-gather
4: Starting numprocs=18 N=8192, M=8192 impl=rabenseifner-gather
15: Starting numprocs=18 N=8192, M=8192 impl=rabenseifner-gather
6: Starting numprocs=18 N=8192, M=8192 impl=rabenseifner-gather
1: Starting numprocs=18 N=8192, M=8192 impl=rabenseifner-gather
0: Starting numprocs=18 N=8192, M=8192 impl=rabenseifner-gather
Iteration 0
11: Starting numprocs=18 N=8192, M=8192 impl=rabenseifner-gather
9: Starting numprocs=18 N=8192, M=8192 impl=rabenseifner-gather
17: Starting numprocs=18 N=8192, M=8192 impl=rabenseifner-gather
16: Starting numprocs=18 N=8192, M=8192 impl=rabenseifner-gather
5: Starting numprocs=18 N=8192, M=8192 impl=rabenseifner-gather
terminate called after throwing an instance of 'std::runtime_error'
  what():  Starting Rabenseifner-Gather with non-power-of-2 processes, numprocs=18
[eu-ms-025-33:14065] *** Process received signal ***
[eu-ms-025-33:14065] Signal: Aborted (6)
[eu-ms-025-33:14065] Signal code:  (-6)
terminate called after throwing an instance of 'std::runtime_error'
terminate called after throwing an instance of 'std::runtime_error'
  what():  Starting Rabenseifner-Gather with non-power-of-2 processes, numprocs=18
[eu-ms-006-42:20623] *** Process received signal ***
[eu-ms-006-42:20623] Signal: Aborted (6)
[eu-ms-006-42:20623] Signal code:  (-6)
terminate called after throwing an instance of 'std::runtime_error'
[eu-ms-025-33:14065] [ 0] /usr/lib64/libpthread.so.0(+0xf630)[0x2ac1991cc630]
[eu-ms-025-33:14065] [ 1] /usr/lib64/libc.so.6(gsignal+0x37)[0x2ac19940f387]
[eu-ms-025-33:14065] [ 2] /usr/lib64/libc.so.6(abort+0x148)[0x2ac199410a78]
[eu-ms-025-33:14065] [ 3]   what():  Starting Rabenseifner-Gather with non-power-of-2 processes, numprocs=18
[eu-ms-025-36:19607] *** Process received signal ***
[eu-ms-025-36:19607] Signal: Aborted (6)
[eu-ms-025-36:19607] Signal code:  (-6)
[eu-ms-006-42:20623] [ 0]   what():  Starting Rabenseifner-Gather with non-power-of-2 processes, numprocs=18
[eu-ms-011-25:11403] *** Process received signal ***
[eu-ms-011-25:11403] Signal: Aborted (6)
[eu-ms-011-25:11403] Signal code:  (-6)
[eu-ms-025-36:19607] [ 0] /usr/lib64/libpthread.so.0(+0xf630)[0x2b709ceb0630]
[eu-ms-006-42:20623] [ 1] /cluster/spack/apps/linux-centos7-x86_64/gcc-4.8.5/gcc-9.3.0-mjmsvu3362usxjr7tas4ywkd2e4ko5x3/lib64/libstdc++.so.6(+0x99133)[0x2ac198962133]
[eu-ms-025-33:14065] [ 4] /cluster/spack/apps/linux-centos7-x86_64/gcc-4.8.5/gcc-9.3.0-mjmsvu3362usxjr7tas4ywkd2e4ko5x3/lib64/libstdc++.so.6(+0xa4b56)[0x2ac19896db56]
[eu-ms-025-33:14065] [ 5] /cluster/spack/apps/linux-centos7-x86_64/gcc-4.8.5/gcc-9.3.0-mjmsvu3362usxjr7tas4ywkd2e4ko5x3/lib64/libstdc++.so.6(+0xa4bc1)[0x2ac19896dbc1]
[eu-ms-025-33:14065] [ 6] /usr/lib64/libpthread.so.0(+0xf630)[0x2b7a6b446630]
[eu-ms-025-36:19607] [ 1] /usr/lib64/libc.so.6(gsignal+0x37)[0x2b709d0f3387]
[eu-ms-006-42:20623] [ 2] /usr/lib64/libc.so.6(abort+0x148)[0x2b709d0f4a78]
/cluster/spack/apps/linux-centos7-x86_64/gcc-4.8.5/gcc-9.3.0-mjmsvu3362usxjr7tas4ywkd2e4ko5x3/lib64/libstdc++.so.6(+0xa4e14)[0x2ac19896de14]
[eu-ms-025-33:14065] [ 7] code/build_output/main[0x40ba49]
[eu-ms-025-33:14065] [ 8] code/build_output/main[0x41a198]
[eu-ms-025-33:14065] [ 9] code/build_output/main[0x40c3d9]
[eu-ms-025-33:14065] [10] /usr/lib64/libc.so.6(gsignal+0x37)[0x2b7a6b689387]
[eu-ms-025-36:19607] [ 2] /usr/lib64/libc.so.6(abort+0x148)[0x2b7a6b68aa78]
[eu-ms-025-36:19607] [ 3] [eu-ms-006-42:20623] [ 3] /cluster/spack/apps/linux-centos7-x86_64/gcc-4.8.5/gcc-9.3.0-mjmsvu3362usxjr7tas4ywkd2e4ko5x3/lib64/libstdc++.so.6(+0x99133)[0x2b7a6abdc133]
[eu-ms-025-36:19607] [ 4] /cluster/spack/apps/linux-centos7-x86_64/gcc-4.8.5/gcc-9.3.0-mjmsvu3362usxjr7tas4ywkd2e4ko5x3/lib64/libstdc++.so.6(+0x99133)[0x2b709c646133]
[eu-ms-006-42:20623] [ 4] /usr/lib64/libc.so.6(__libc_start_main+0xf5)[0x2ac1993fb555]
[eu-ms-025-33:14065] [11] code/build_output/main[0x40db3f]
[eu-ms-025-33:14065] *** End of error message ***
/cluster/spack/apps/linux-centos7-x86_64/gcc-4.8.5/gcc-9.3.0-mjmsvu3362usxjr7tas4ywkd2e4ko5x3/lib64/libstdc++.so.6(+0xa4b56)[0x2b7a6abe7b56]
[eu-ms-025-36:19607] [ 5] /cluster/spack/apps/linux-centos7-x86_64/gcc-4.8.5/gcc-9.3.0-mjmsvu3362usxjr7tas4ywkd2e4ko5x3/lib64/libstdc++.so.6(+0xa4b56)[0x2b709c651b56]
[eu-ms-006-42:20623] [ 5] /cluster/spack/apps/linux-centos7-x86_64/gcc-4.8.5/gcc-9.3.0-mjmsvu3362usxjr7tas4ywkd2e4ko5x3/lib64/libstdc++.so.6(+0xa4bc1)[0x2b709c651bc1]
[eu-ms-006-42:20623] [ 6] [eu-ms-011-25:11403] [ 0] /cluster/spack/apps/linux-centos7-x86_64/gcc-4.8.5/gcc-9.3.0-mjmsvu3362usxjr7tas4ywkd2e4ko5x3/lib64/libstdc++.so.6(+0xa4bc1)[0x2b7a6abe7bc1]
[eu-ms-025-36:19607] [ 6] /cluster/spack/apps/linux-centos7-x86_64/gcc-4.8.5/gcc-9.3.0-mjmsvu3362usxjr7tas4ywkd2e4ko5x3/lib64/libstdc++.so.6(+0xa4e14)[0x2b7a6abe7e14]
[eu-ms-025-36:19607] /cluster/spack/apps/linux-centos7-x86_64/gcc-4.8.5/gcc-9.3.0-mjmsvu3362usxjr7tas4ywkd2e4ko5x3/lib64/libstdc++.so.6(+0xa4e14)[0x2b709c651e14]
[eu-ms-006-42:20623] [ 7] code/build_output/main[0x40ba49]
[eu-ms-006-42:20623] [ 8] /usr/lib64/libpthread.so.0(+0xf630)[0x2b5b67f5a630]
[eu-ms-011-25:11403] [ 1] /usr/lib64/libc.so.6(gsignal+0x37)[0x2b5b6819d387]
[eu-ms-011-25:11403] [ 2] [ 7] code/build_output/main[0x40ba49]
[eu-ms-025-36:19607] [ 8] code/build_output/main[0x41a198]
[eu-ms-025-36:19607] [ 9] code/build_output/main[0x40c3d9]
[eu-ms-025-36:19607] [10] code/build_output/main[0x41a198]
[eu-ms-006-42:20623] [ 9] code/build_output/main[0x40c3d9]
[eu-ms-006-42:20623] [10] /usr/lib64/libc.so.6(abort+0x148)[0x2b5b6819ea78]
[eu-ms-011-25:11403] [ 3] /usr/lib64/libc.so.6(__libc_start_main+0xf5)[0x2b7a6b675555]
[eu-ms-025-36:19607] [11] code/build_output/main[0x40db3f]
[eu-ms-025-36:19607] *** End of error message ***
/usr/lib64/libc.so.6(__libc_start_main+0xf5)[0x2b709d0df555]
[eu-ms-006-42:20623] [11] code/build_output/main[0x40db3f]
[eu-ms-006-42:20623] *** End of error message ***
/cluster/spack/apps/linux-centos7-x86_64/gcc-4.8.5/gcc-9.3.0-mjmsvu3362usxjr7tas4ywkd2e4ko5x3/lib64/libstdc++.so.6(+0x99133)[0x2b5b676f0133]
[eu-ms-011-25:11403] [ 4] /cluster/spack/apps/linux-centos7-x86_64/gcc-4.8.5/gcc-9.3.0-mjmsvu3362usxjr7tas4ywkd2e4ko5x3/lib64/libstdc++.so.6(+0xa4b56)[0x2b5b676fbb56]
[eu-ms-011-25:11403] [ 5] /cluster/spack/apps/linux-centos7-x86_64/gcc-4.8.5/gcc-9.3.0-mjmsvu3362usxjr7tas4ywkd2e4ko5x3/lib64/libstdc++.so.6(+0xa4bc1)[0x2b5b676fbbc1]
[eu-ms-011-25:11403] [ 6] /cluster/spack/apps/linux-centos7-x86_64/gcc-4.8.5/gcc-9.3.0-mjmsvu3362usxjr7tas4ywkd2e4ko5x3/lib64/libstdc++.so.6(+0xa4e14)[0x2b5b676fbe14]
[eu-ms-011-25:11403] [ 7] code/build_output/main[0x40ba49]
[eu-ms-011-25:11403] [ 8] code/build_output/main[0x41a198]
[eu-ms-011-25:11403] [ 9] code/build_output/main[0x40c3d9]
[eu-ms-011-25:11403] [10] /usr/lib64/libc.so.6(__libc_start_main+0xf5)[0x2b5b68189555]
[eu-ms-011-25:11403] [11] code/build_output/main[0x40db3f]
[eu-ms-011-25:11403] *** End of error message ***
terminate called after throwing an instance of 'std::runtime_error'
  what():  Starting Rabenseifner-Gather with non-power-of-2 processes, numprocs=18
[eu-ms-006-17:08507] *** Process received signal ***
[eu-ms-006-17:08507] Signal: Aborted (6)
[eu-ms-006-17:08507] Signal code:  (-6)
terminate called after throwing an instance of 'std::runtime_error'
[eu-ms-006-17:08507] [ 0] terminate called after throwing an instance of 'std::runtime_error'
  what():  Starting Rabenseifner-Gather with non-power-of-2 processes, numprocs=18
[eu-ms-011-05:00852] *** Process received signal ***
[eu-ms-011-05:00852] Signal: Aborted (6)
[eu-ms-011-05:00852] Signal code:  (-6)
terminate called after throwing an instance of 'std::runtime_error'
terminate called after throwing an instance of 'std::runtime_error'
/usr/lib64/libpthread.so.0(+0xf630)[0x2b7dedc21630]
[eu-ms-006-17:08507] [ 1] /usr/lib64/libc.so.6(gsignal+0x37)[0x2b7dede64387]
[eu-ms-006-17:08507] [ 2]   what():  Starting Rabenseifner-Gather with non-power-of-2 processes, numprocs=18
[eu-ms-004-34:23010] *** Process received signal ***
[eu-ms-004-34:23010] Signal: Aborted (6)
[eu-ms-004-34:23010] Signal code:  (-6)
[eu-ms-011-05:00852] [ 0]   what():  Starting Rabenseifner-Gather with non-power-of-2 processes, numprocs=18
[eu-ms-011-28:04559] *** Process received signal ***
[eu-ms-011-28:04559] Signal: Aborted (6)
[eu-ms-011-28:04559] Signal code:  (-6)
  what():  Starting Rabenseifner-Gather with non-power-of-2 processes, numprocs=18
[eu-ms-006-27:20813] *** Process received signal ***
[eu-ms-006-27:20813] Signal: Aborted (6)
[eu-ms-006-27:20813] Signal code:  (-6)
/usr/lib64/libc.so.6(abort+0x148)[0x2b7dede65a78]
[eu-ms-006-17:08507] [ 3] [eu-ms-004-34:23010] [ 0] /usr/lib64/libpthread.so.0(+0xf630)[0x2b8db6c76630]
[eu-ms-011-05:00852] [ 1] [eu-ms-011-28:04559] [ 0] [eu-ms-006-27:20813] [ 0] /cluster/spack/apps/linux-centos7-x86_64/gcc-4.8.5/gcc-9.3.0-mjmsvu3362usxjr7tas4ywkd2e4ko5x3/lib64/libstdc++.so.6(+0x99133)[0x2b7ded3b7133]
[eu-ms-006-17:08507] [ 4] /cluster/spack/apps/linux-centos7-x86_64/gcc-4.8.5/gcc-9.3.0-mjmsvu3362usxjr7tas4ywkd2e4ko5x3/lib64/libstdc++.so.6(+0xa4b56)[0x2b7ded3c2b56]
/usr/lib64/libpthread.so.0(+0xf630)[0x2aadc20b9630]
[eu-ms-004-34:23010] [ 1] /usr/lib64/libc.so.6(gsignal+0x37)[0x2b8db6eb9387]
[eu-ms-011-05:00852] [ 2] /usr/lib64/libc.so.6(abort+0x148)[0x2b8db6ebaa78]
[eu-ms-011-05:00852] [ 3] /usr/lib64/libpthread.so.0(+0xf630)[0x2b67beafe630]
[eu-ms-011-28:04559] [ 1] /usr/lib64/libpthread.so.0(+0xf630)[0x2adf6222d630]
[eu-ms-006-27:20813] [ 1] [eu-ms-006-17:08507] [ 5] /cluster/spack/apps/linux-centos7-x86_64/gcc-4.8.5/gcc-9.3.0-mjmsvu3362usxjr7tas4ywkd2e4ko5x3/lib64/libstdc++.so.6(+0xa4bc1)[0x2b7ded3c2bc1]
[eu-ms-006-17:08507] [ 6] /usr/lib64/libc.so.6(gsignal+0x37)[0x2aadc22fc387]
[eu-ms-004-34:23010] [ 2] /usr/lib64/libc.so.6(abort+0x148)[0x2aadc22fda78]
[eu-ms-004-34:23010] [ 3] /cluster/spack/apps/linux-centos7-x86_64/gcc-4.8.5/gcc-9.3.0-mjmsvu3362usxjr7tas4ywkd2e4ko5x3/lib64/libstdc++.so.6(+0x99133)[0x2b8db640c133]
[eu-ms-011-05:00852] [ 4] /usr/lib64/libc.so.6(gsignal+0x37)[0x2b67bed41387]
[eu-ms-011-28:04559] [ 2] /usr/lib64/libc.so.6(abort+0x148)[0x2b67bed42a78]
[eu-ms-011-28:04559] [ 3] /usr/lib64/libc.so.6(gsignal+0x37)[0x2adf62470387]
[eu-ms-006-27:20813] [ 2] /cluster/spack/apps/linux-centos7-x86_64/gcc-4.8.5/gcc-9.3.0-mjmsvu3362usxjr7tas4ywkd2e4ko5x3/lib64/libstdc++.so.6(+0xa4e14)[0x2b7ded3c2e14]
[eu-ms-006-17:08507] [ 7] code/build_output/main[0x40ba49]
[eu-ms-006-17:08507] [ 8] code/build_output/main[0x41a198]
[eu-ms-006-17:08507] [ 9] code/build_output/main[0x40c3d9]
[eu-ms-006-17:08507] /cluster/spack/apps/linux-centos7-x86_64/gcc-4.8.5/gcc-9.3.0-mjmsvu3362usxjr7tas4ywkd2e4ko5x3/lib64/libstdc++.so.6(+0x99133)[0x2aadc184f133]
[eu-ms-004-34:23010] [ 4] /cluster/spack/apps/linux-centos7-x86_64/gcc-4.8.5/gcc-9.3.0-mjmsvu3362usxjr7tas4ywkd2e4ko5x3/lib64/libstdc++.so.6(+0xa4b56)[0x2b8db6417b56]
[eu-ms-011-05:00852] [ 5] /cluster/spack/apps/linux-centos7-x86_64/gcc-4.8.5/gcc-9.3.0-mjmsvu3362usxjr7tas4ywkd2e4ko5x3/lib64/libstdc++.so.6(+0x99133)[0x2b67be294133]
[eu-ms-011-28:04559] [ 4] /usr/lib64/libc.so.6(abort+0x148)[0x2adf62471a78]
[eu-ms-006-27:20813] [ 3] /cluster/spack/apps/linux-centos7-x86_64/gcc-4.8.5/gcc-9.3.0-mjmsvu3362usxjr7tas4ywkd2e4ko5x3/lib64/libstdc++.so.6(+0x99133)[0x2adf619c3133]
[10] /usr/lib64/libc.so.6(__libc_start_main+0xf5)[0x2b7dede50555]
[eu-ms-006-17:08507] [11] code/build_output/main[0x40db3f]
[eu-ms-006-17:08507] *** End of error message ***
/cluster/spack/apps/linux-centos7-x86_64/gcc-4.8.5/gcc-9.3.0-mjmsvu3362usxjr7tas4ywkd2e4ko5x3/lib64/libstdc++.so.6(+0xa4bc1)[0x2b8db6417bc1]
[eu-ms-011-05:00852] [ 6] /cluster/spack/apps/linux-centos7-x86_64/gcc-4.8.5/gcc-9.3.0-mjmsvu3362usxjr7tas4ywkd2e4ko5x3/lib64/libstdc++.so.6(+0xa4e14)[0x2b8db6417e14]
/cluster/spack/apps/linux-centos7-x86_64/gcc-4.8.5/gcc-9.3.0-mjmsvu3362usxjr7tas4ywkd2e4ko5x3/lib64/libstdc++.so.6(+0xa4b56)[0x2b67be29fb56]
[eu-ms-011-28:04559] [ 5] [eu-ms-006-27:20813] [ 4] /cluster/spack/apps/linux-centos7-x86_64/gcc-4.8.5/gcc-9.3.0-mjmsvu3362usxjr7tas4ywkd2e4ko5x3/lib64/libstdc++.so.6(+0xa4b56)[0x2adf619ceb56]
[eu-ms-006-27:20813] [ 5] [eu-ms-011-05:00852] [ 7] code/build_output/main[0x40ba49]
[eu-ms-011-05:00852] [ 8] code/build_output/main[0x41a198]
[eu-ms-011-05:00852] [ 9] code/build_output/main[0x40c3d9]
[eu-ms-011-05:00852] [10] /cluster/spack/apps/linux-centos7-x86_64/gcc-4.8.5/gcc-9.3.0-mjmsvu3362usxjr7tas4ywkd2e4ko5x3/lib64/libstdc++.so.6(+0xa4bc1)[0x2b67be29fbc1]
[eu-ms-011-28:04559] [ 6] /cluster/spack/apps/linux-centos7-x86_64/gcc-4.8.5/gcc-9.3.0-mjmsvu3362usxjr7tas4ywkd2e4ko5x3/lib64/libstdc++.so.6(+0xa4bc1)[0x2adf619cebc1]
[eu-ms-006-27:20813] [ 6] /usr/lib64/libc.so.6(__libc_start_main+0xf5)[0x2b8db6ea5555]
[eu-ms-011-05:00852] [11] code/build_output/main[0x40db3f]
[eu-ms-011-05:00852] *** End of error message ***
/cluster/spack/apps/linux-centos7-x86_64/gcc-4.8.5/gcc-9.3.0-mjmsvu3362usxjr7tas4ywkd2e4ko5x3/lib64/libstdc++.so.6(+0xa4e14)[0x2b67be29fe14]
[eu-ms-011-28:04559] [ 7] code/build_output/main[0x40ba49]
[eu-ms-011-28:04559] [ 8] code/build_output/main[0x41a198]
[eu-ms-011-28:04559] [ 9] code/build_output/main[0x40c3d9]
[eu-ms-011-28:04559] /cluster/spack/apps/linux-centos7-x86_64/gcc-4.8.5/gcc-9.3.0-mjmsvu3362usxjr7tas4ywkd2e4ko5x3/lib64/libstdc++.so.6(+0xa4e14)[0x2adf619cee14]
[eu-ms-006-27:20813] [ 7] code/build_output/main[0x40ba49]
[eu-ms-006-27:20813] [ 8] code/build_output/main[0x41a198]
[eu-ms-006-27:20813] [ 9] /cluster/spack/apps/linux-centos7-x86_64/gcc-4.8.5/gcc-9.3.0-mjmsvu3362usxjr7tas4ywkd2e4ko5x3/lib64/libstdc++.so.6(+0xa4b56)[0x2aadc185ab56]
[eu-ms-004-34:23010] [ 5] [10] /usr/lib64/libc.so.6(__libc_start_main+0xf5)[0x2b67bed2d555]
[eu-ms-011-28:04559] [11] code/build_output/main[0x40db3f]
code/build_output/main[0x40c3d9]
[eu-ms-006-27:20813] [10] /usr/lib64/libc.so.6(__libc_start_main+0xf5)[0x2adf6245c555]
[eu-ms-006-27:20813] [11] /cluster/spack/apps/linux-centos7-x86_64/gcc-4.8.5/gcc-9.3.0-mjmsvu3362usxjr7tas4ywkd2e4ko5x3/lib64/libstdc++.so.6(+0xa4bc1)[0x2aadc185abc1]
[eu-ms-004-34:23010] [ 6] /cluster/spack/apps/linux-centos7-x86_64/gcc-4.8.5/gcc-9.3.0-mjmsvu3362usxjr7tas4ywkd2e4ko5x3/lib64/libstdc++.so.6(+0xa4e14)[0x2aadc185ae14]
[eu-ms-004-34:23010] [ 7] code/build_output/main[0x40ba49]
[eu-ms-011-28:04559] *** End of error message ***
code/build_output/main[0x40db3f]
[eu-ms-006-27:20813] *** End of error message ***
[eu-ms-004-34:23010] [ 8] code/build_output/main[0x41a198]
[eu-ms-004-34:23010] [ 9] code/build_output/main[0x40c3d9]
[eu-ms-004-34:23010] [10] /usr/lib64/libc.so.6(__libc_start_main+0xf5)[0x2aadc22e8555]
[eu-ms-004-34:23010] [11] code/build_output/main[0x40db3f]
[eu-ms-004-34:23010] *** End of error message ***
terminate called after throwing an instance of 'std::runtime_error'
  what():  Starting Rabenseifner-Gather with non-power-of-2 processes, numprocs=18
[eu-ms-025-18:04055] *** Process received signal ***
[eu-ms-025-18:04055] Signal: Aborted (6)
[eu-ms-025-18:04055] Signal code:  (-6)
[eu-ms-025-18:04055] [ 0] terminate called after throwing an instance of 'std::runtime_error'
/usr/lib64/libpthread.so.0(+0xf630)[0x2aabea16b630]
[eu-ms-025-18:04055] [ 1] terminate called after throwing an instance of 'std::runtime_error'
terminate called after throwing an instance of 'std::runtime_error'
  what():  Starting Rabenseifner-Gather with non-power-of-2 processes, numprocs=18
[eu-ms-006-03:25727] *** Process received signal ***
[eu-ms-006-03:25727] Signal: Aborted (6)
[eu-ms-006-03:25727] Signal code:  (-6)
/usr/lib64/libc.so.6(gsignal+0x37)[0x2aabea3ae387]
[eu-ms-025-18:04055] [ 2] /usr/lib64/libc.so.6(abort+0x148)[0x2aabea3afa78]
[eu-ms-025-18:04055]   what():  Starting Rabenseifner-Gather with non-power-of-2 processes, numprocs=18
[eu-ms-006-07:23988] *** Process received signal ***
[eu-ms-006-07:23988] Signal: Aborted (6)
[eu-ms-006-07:23988] Signal code:  (-6)
  what():  Starting Rabenseifner-Gather with non-power-of-2 processes, numprocs=18
[eu-ms-025-27:21248] *** Process received signal ***
[eu-ms-025-27:21248] Signal: Aborted (6)
[eu-ms-025-27:21248] Signal code:  (-6)
[ 3] /cluster/spack/apps/linux-centos7-x86_64/gcc-4.8.5/gcc-9.3.0-mjmsvu3362usxjr7tas4ywkd2e4ko5x3/lib64/libstdc++.so.6(+0x99133)[0x2aabe9901133]
[eu-ms-025-18:04055] [ 4] [eu-ms-006-07:23988] [ 0] [eu-ms-025-27:21248] [ 0] /cluster/spack/apps/linux-centos7-x86_64/gcc-4.8.5/gcc-9.3.0-mjmsvu3362usxjr7tas4ywkd2e4ko5x3/lib64/libstdc++.so.6(+0xa4b56)[0x2aabe990cb56]
[eu-ms-025-18:04055] [ 5] /usr/lib64/libpthread.so.0(+0xf630)[0x2b016c9cd630]
[eu-ms-006-07:23988] [ 1] /usr/lib64/libc.so.6(gsignal+0x37)[0x2b016cc10387]
[eu-ms-006-07:23988] [ 2] /usr/lib64/libpthread.so.0(+0xf630)[0x2abcbe6c8630]
[eu-ms-025-27:21248] [ 1] [eu-ms-006-03:25727] [ 0] /cluster/spack/apps/linux-centos7-x86_64/gcc-4.8.5/gcc-9.3.0-mjmsvu3362usxjr7tas4ywkd2e4ko5x3/lib64/libstdc++.so.6(+0xa4bc1)[0x2aabe990cbc1]
[eu-ms-025-18:04055] [ 6] /cluster/spack/apps/linux-centos7-x86_64/gcc-4.8.5/gcc-9.3.0-mjmsvu3362usxjr7tas4ywkd2e4ko5x3/lib64/libstdc++.so.6(+0xa4e14)[0x2aabe990ce14]
[eu-ms-025-18:04055] [ 7] /usr/lib64/libc.so.6(abort+0x148)[0x2b016cc11a78]
[eu-ms-006-07:23988] [ 3] /usr/lib64/libc.so.6(gsignal+0x37)[0x2abcbe90b387]
[eu-ms-025-27:21248] [ 2] /usr/lib64/libpthread.so.0(+0xf630)[0x2b64d3887630]
[eu-ms-006-03:25727] [ 1] /usr/lib64/libc.so.6(gsignal+0x37)[0x2b64d3aca387]
[eu-ms-006-03:25727] [ 2] code/build_output/main[0x40ba49]
[eu-ms-025-18:04055] [ 8] code/build_output/main[0x41a198]
[eu-ms-025-18:04055] [ 9] code/build_output/main[0x40c3d9]
[eu-ms-025-18:04055] [10] /cluster/spack/apps/linux-centos7-x86_64/gcc-4.8.5/gcc-9.3.0-mjmsvu3362usxjr7tas4ywkd2e4ko5x3/lib64/libstdc++.so.6(+0x99133)[0x2b016c163133]
[eu-ms-006-07:23988] [ 4] /usr/lib64/libc.so.6(abort+0x148)[0x2abcbe90ca78]
[eu-ms-025-27:21248] [ 3] /cluster/spack/apps/linux-centos7-x86_64/gcc-4.8.5/gcc-9.3.0-mjmsvu3362usxjr7tas4ywkd2e4ko5x3/lib64/libstdc++.so.6(+0x99133)[0x2abcbde5e133]
[eu-ms-025-27:21248] [ 4] /usr/lib64/libc.so.6(abort+0x148)[0x2b64d3acba78]
[eu-ms-006-03:25727] [ 3] /usr/lib64/libc.so.6(__libc_start_main+0xf5)[0x2aabea39a555]
[eu-ms-025-18:04055] [11] code/build_output/main[0x40db3f]
[eu-ms-025-18:04055] *** End of error message ***
/cluster/spack/apps/linux-centos7-x86_64/gcc-4.8.5/gcc-9.3.0-mjmsvu3362usxjr7tas4ywkd2e4ko5x3/lib64/libstdc++.so.6(+0xa4b56)[0x2b016c16eb56]
[eu-ms-006-07:23988] [ 5] /cluster/spack/apps/linux-centos7-x86_64/gcc-4.8.5/gcc-9.3.0-mjmsvu3362usxjr7tas4ywkd2e4ko5x3/lib64/libstdc++.so.6(+0xa4bc1)[0x2b016c16ebc1]
/cluster/spack/apps/linux-centos7-x86_64/gcc-4.8.5/gcc-9.3.0-mjmsvu3362usxjr7tas4ywkd2e4ko5x3/lib64/libstdc++.so.6(+0xa4b56)[0x2abcbde69b56]
[eu-ms-025-27:21248] [ 5] /cluster/spack/apps/linux-centos7-x86_64/gcc-4.8.5/gcc-9.3.0-mjmsvu3362usxjr7tas4ywkd2e4ko5x3/lib64/libstdc++.so.6(+0x99133)[0x2b64d301d133]
[eu-ms-006-03:25727] [ 4] [eu-ms-006-07:23988] [ 6] /cluster/spack/apps/linux-centos7-x86_64/gcc-4.8.5/gcc-9.3.0-mjmsvu3362usxjr7tas4ywkd2e4ko5x3/lib64/libstdc++.so.6(+0xa4e14)[0x2b016c16ee14]
[eu-ms-006-07:23988] [ 7] /cluster/spack/apps/linux-centos7-x86_64/gcc-4.8.5/gcc-9.3.0-mjmsvu3362usxjr7tas4ywkd2e4ko5x3/lib64/libstdc++.so.6(+0xa4bc1)[0x2abcbde69bc1]
[eu-ms-025-27:21248] [ 6] /cluster/spack/apps/linux-centos7-x86_64/gcc-4.8.5/gcc-9.3.0-mjmsvu3362usxjr7tas4ywkd2e4ko5x3/lib64/libstdc++.so.6(+0xa4b56)[0x2b64d3028b56]
[eu-ms-006-03:25727] [ 5] /cluster/spack/apps/linux-centos7-x86_64/gcc-4.8.5/gcc-9.3.0-mjmsvu3362usxjr7tas4ywkd2e4ko5x3/lib64/libstdc++.so.6(+0xa4bc1)[0x2b64d3028bc1]
[eu-ms-006-03:25727] [ 6] code/build_output/main[0x40ba49]
[eu-ms-006-07:23988] [ 8] code/build_output/main[0x41a198]
[eu-ms-006-07:23988] [ 9] code/build_output/main[0x40c3d9]
[eu-ms-006-07:23988] [10] /cluster/spack/apps/linux-centos7-x86_64/gcc-4.8.5/gcc-9.3.0-mjmsvu3362usxjr7tas4ywkd2e4ko5x3/lib64/libstdc++.so.6(+0xa4e14)[0x2abcbde69e14]
[eu-ms-025-27:21248] [ 7] code/build_output/main[0x40ba49]
[eu-ms-025-27:21248] [ 8] code/build_output/main[0x41a198]
[eu-ms-025-27:21248] [ 9] /cluster/spack/apps/linux-centos7-x86_64/gcc-4.8.5/gcc-9.3.0-mjmsvu3362usxjr7tas4ywkd2e4ko5x3/lib64/libstdc++.so.6(+0xa4e14)[0x2b64d3028e14]
[eu-ms-006-03:25727] [ 7] code/build_output/main[0x40ba49]
[eu-ms-006-03:25727] [ 8] /usr/lib64/libc.so.6(__libc_start_main+0xf5)[0x2b016cbfc555]
[eu-ms-006-07:23988] [11] code/build_output/main[0x40db3f]
[eu-ms-006-07:23988] *** End of error message ***
code/build_output/main[0x40c3d9]
[eu-ms-025-27:21248] [10] /usr/lib64/libc.so.6(__libc_start_main+0xf5)[0x2abcbe8f7555]
[eu-ms-025-27:21248] [11] code/build_output/main[0x41a198]
[eu-ms-006-03:25727] [ 9] code/build_output/main[0x40c3d9]
[eu-ms-006-03:25727] [10] code/build_output/main[0x40db3f]
[eu-ms-025-27:21248] *** End of error message ***
/usr/lib64/libc.so.6(__libc_start_main+0xf5)[0x2b64d3ab6555]
[eu-ms-006-03:25727] [11] code/build_output/main[0x40db3f]
[eu-ms-006-03:25727] *** End of error message ***
terminate called after throwing an instance of 'std::runtime_error'
  what():  Starting Rabenseifner-Gather with non-power-of-2 processes, numprocs=18
[eu-ms-006-21:24963] *** Process received signal ***
[eu-ms-006-21:24963] Signal: Aborted (6)
[eu-ms-006-21:24963] Signal code:  (-6)
terminate called after throwing an instance of 'std::runtime_error'
terminate called after throwing an instance of 'std::runtime_error'
terminate called after throwing an instance of 'std::runtime_error'
  what():  Starting Rabenseifner-Gather with non-power-of-2 processes, numprocs=18
[eu-ms-011-30:14249] *** Process received signal ***
[eu-ms-011-30:14249] Signal: Aborted (6)
[eu-ms-011-30:14249] Signal code:  (-6)
[eu-ms-006-21:24963] [ 0]   what():  Starting Rabenseifner-Gather with non-power-of-2 processes, numprocs=18
[eu-ms-004-36:19094] *** Process received signal ***
[eu-ms-004-36:19094] Signal: Aborted (6)
[eu-ms-004-36:19094] Signal code:  (-6)
  what():  Starting Rabenseifner-Gather with non-power-of-2 processes, numprocs=18
[eu-ms-011-44:17066] *** Process received signal ***
[eu-ms-011-44:17066] Signal: Aborted (6)
[eu-ms-011-44:17066] Signal code:  (-6)
[eu-ms-011-30:14249] [ 0] /usr/lib64/libpthread.so.0(+0xf630)[0x2b2018965630]
[eu-ms-006-21:24963] [ 1] [eu-ms-004-36:19094] [ 0] [eu-ms-011-44:17066] [ 0] /usr/lib64/libpthread.so.0(+0xf630)[0x2accd9a31630]
[eu-ms-011-30:14249] [ 1] /usr/lib64/libc.so.6(gsignal+0x37)[0x2b2018ba8387]
[eu-ms-006-21:24963] [ 2] /usr/lib64/libc.so.6(abort+0x148)[0x2b2018ba9a78]
/usr/lib64/libpthread.so.0(+0xf630)[0x2b0e9b40e630]
[eu-ms-004-36:19094] [ 1] /usr/lib64/libpthread.so.0(+0xf630)[0x2ab7b051e630]
[eu-ms-011-44:17066] [ 1] /usr/lib64/libc.so.6(gsignal+0x37)[0x2accd9c74387]
[eu-ms-011-30:14249] [ 2] /usr/lib64/libc.so.6(abort+0x148)[0x2accd9c75a78]
[eu-ms-011-30:14249] [ 3] [eu-ms-006-21:24963] [ 3] /usr/lib64/libc.so.6(gsignal+0x37)[0x2b0e9b651387]
[eu-ms-004-36:19094] [ 2] /usr/lib64/libc.so.6(abort+0x148)[0x2b0e9b652a78]
[eu-ms-004-36:19094] [ 3] /usr/lib64/libc.so.6(gsignal+0x37)[0x2ab7b0761387]
[eu-ms-011-44:17066] [ 2] /usr/lib64/libc.so.6(abort+0x148)[0x2ab7b0762a78]
[eu-ms-011-44:17066] [ 3] /cluster/spack/apps/linux-centos7-x86_64/gcc-4.8.5/gcc-9.3.0-mjmsvu3362usxjr7tas4ywkd2e4ko5x3/lib64/libstdc++.so.6(+0x99133)[0x2accd91c7133]
[eu-ms-011-30:14249] [ 4] /cluster/spack/apps/linux-centos7-x86_64/gcc-4.8.5/gcc-9.3.0-mjmsvu3362usxjr7tas4ywkd2e4ko5x3/lib64/libstdc++.so.6(+0x99133)[0x2b20180fb133]
[eu-ms-006-21:24963] [ 4] /cluster/spack/apps/linux-centos7-x86_64/gcc-4.8.5/gcc-9.3.0-mjmsvu3362usxjr7tas4ywkd2e4ko5x3/lib64/libstdc++.so.6(+0x99133)[0x2b0e9aba4133]
[eu-ms-004-36:19094] [ 4] /cluster/spack/apps/linux-centos7-x86_64/gcc-4.8.5/gcc-9.3.0-mjmsvu3362usxjr7tas4ywkd2e4ko5x3/lib64/libstdc++.so.6(+0x99133)[0x2ab7afcb4133]
[eu-ms-011-44:17066] [ 4] /cluster/spack/apps/linux-centos7-x86_64/gcc-4.8.5/gcc-9.3.0-mjmsvu3362usxjr7tas4ywkd2e4ko5x3/lib64/libstdc++.so.6(+0xa4b56)[0x2accd91d2b56]
[eu-ms-011-30:14249] [ 5] /cluster/spack/apps/linux-centos7-x86_64/gcc-4.8.5/gcc-9.3.0-mjmsvu3362usxjr7tas4ywkd2e4ko5x3/lib64/libstdc++.so.6(+0xa4b56)[0x2b2018106b56]
[eu-ms-006-21:24963] [ 5] /cluster/spack/apps/linux-centos7-x86_64/gcc-4.8.5/gcc-9.3.0-mjmsvu3362usxjr7tas4ywkd2e4ko5x3/lib64/libstdc++.so.6(+0xa4b56)[0x2b0e9abafb56]
[eu-ms-004-36:19094] [ 5] /cluster/spack/apps/linux-centos7-x86_64/gcc-4.8.5/gcc-9.3.0-mjmsvu3362usxjr7tas4ywkd2e4ko5x3/lib64/libstdc++.so.6(+0xa4b56)[0x2ab7afcbfb56]
[eu-ms-011-44:17066] [ 5] /cluster/spack/apps/linux-centos7-x86_64/gcc-4.8.5/gcc-9.3.0-mjmsvu3362usxjr7tas4ywkd2e4ko5x3/lib64/libstdc++.so.6(+0xa4bc1)[0x2accd91d2bc1]
[eu-ms-011-30:14249] [ 6] /cluster/spack/apps/linux-centos7-x86_64/gcc-4.8.5/gcc-9.3.0-mjmsvu3362usxjr7tas4ywkd2e4ko5x3/lib64/libstdc++.so.6(+0xa4bc1)[0x2b2018106bc1]
[eu-ms-006-21:24963] [ 6] /cluster/spack/apps/linux-centos7-x86_64/gcc-4.8.5/gcc-9.3.0-mjmsvu3362usxjr7tas4ywkd2e4ko5x3/lib64/libstdc++.so.6(+0xa4bc1)[0x2b0e9abafbc1]
[eu-ms-004-36:19094] [ 6] /cluster/spack/apps/linux-centos7-x86_64/gcc-4.8.5/gcc-9.3.0-mjmsvu3362usxjr7tas4ywkd2e4ko5x3/lib64/libstdc++.so.6(+0xa4e14)[0x2b0e9abafe14]
[eu-ms-004-36:19094] [ 7] /cluster/spack/apps/linux-centos7-x86_64/gcc-4.8.5/gcc-9.3.0-mjmsvu3362usxjr7tas4ywkd2e4ko5x3/lib64/libstdc++.so.6(+0xa4bc1)[0x2ab7afcbfbc1]
[eu-ms-011-44:17066] [ 6] /cluster/spack/apps/linux-centos7-x86_64/gcc-4.8.5/gcc-9.3.0-mjmsvu3362usxjr7tas4ywkd2e4ko5x3/lib64/libstdc++.so.6(+0xa4e14)[0x2accd91d2e14]
[eu-ms-011-30:14249] [ 7] code/build_output/main[0x40ba49]
[eu-ms-011-30:14249] [ 8] /cluster/spack/apps/linux-centos7-x86_64/gcc-4.8.5/gcc-9.3.0-mjmsvu3362usxjr7tas4ywkd2e4ko5x3/lib64/libstdc++.so.6(+0xa4e14)[0x2b2018106e14]
[eu-ms-006-21:24963] [ 7] code/build_output/main[0x40ba49]
[eu-ms-006-21:24963] [ 8] code/build_output/main[0x41a198]
[eu-ms-006-21:24963] [ 9] code/build_output/main[0x40ba49]
[eu-ms-004-36:19094] [ 8] code/build_output/main[0x41a198]
[eu-ms-004-36:19094] [ 9] code/build_output/main[0x40c3d9]
[eu-ms-004-36:19094] [10] /cluster/spack/apps/linux-centos7-x86_64/gcc-4.8.5/gcc-9.3.0-mjmsvu3362usxjr7tas4ywkd2e4ko5x3/lib64/libstdc++.so.6(+0xa4e14)[0x2ab7afcbfe14]
[eu-ms-011-44:17066] [ 7] code/build_output/main[0x40ba49]
[eu-ms-011-44:17066] [ 8] code/build_output/main[0x41a198]
[eu-ms-011-44:17066] [ 9] code/build_output/main[0x40c3d9]
[eu-ms-011-44:17066] [10] code/build_output/main[0x41a198]
[eu-ms-011-30:14249] [ 9] code/build_output/main[0x40c3d9]
[eu-ms-011-30:14249] [10] code/build_output/main[0x40c3d9]
[eu-ms-006-21:24963] [10] /usr/lib64/libc.so.6(__libc_start_main+0xf5)[0x2b2018b94555]
/usr/lib64/libc.so.6(__libc_start_main+0xf5)[0x2b0e9b63d555]
[eu-ms-004-36:19094] [11] code/build_output/main[0x40db3f]
[eu-ms-004-36:19094] *** End of error message ***
/usr/lib64/libc.so.6(__libc_start_main+0xf5)[0x2ab7b074d555]
[eu-ms-011-44:17066] [11] code/build_output/main[0x40db3f]
[eu-ms-011-44:17066] *** End of error message ***
/usr/lib64/libc.so.6(__libc_start_main+0xf5)[0x2accd9c60555]
[eu-ms-011-30:14249] [11] code/build_output/main[0x40db3f]
[eu-ms-011-30:14249] *** End of error message ***
[eu-ms-006-21:24963] [11] code/build_output/main[0x40db3f]
[eu-ms-006-21:24963] *** End of error message ***
terminate called after throwing an instance of 'std::runtime_error'
  what():  Starting Rabenseifner-Gather with non-power-of-2 processes, numprocs=18
[eu-ms-004-41:27618] *** Process received signal ***
[eu-ms-004-41:27618] Signal: Aborted (6)
[eu-ms-004-41:27618] Signal code:  (-6)
[eu-ms-004-41:27618] [ 0] /usr/lib64/libpthread.so.0(+0xf630)[0x2b925a01e630]
[eu-ms-004-41:27618] [ 1] /usr/lib64/libc.so.6(gsignal+0x37)[0x2b925a261387]
[eu-ms-004-41:27618] [ 2] /usr/lib64/libc.so.6(abort+0x148)[0x2b925a262a78]
[eu-ms-004-41:27618] [ 3] /cluster/spack/apps/linux-centos7-x86_64/gcc-4.8.5/gcc-9.3.0-mjmsvu3362usxjr7tas4ywkd2e4ko5x3/lib64/libstdc++.so.6(+0x99133)[0x2b92597b4133]
[eu-ms-004-41:27618] [ 4] /cluster/spack/apps/linux-centos7-x86_64/gcc-4.8.5/gcc-9.3.0-mjmsvu3362usxjr7tas4ywkd2e4ko5x3/lib64/libstdc++.so.6(+0xa4b56)[0x2b92597bfb56]
[eu-ms-004-41:27618] [ 5] /cluster/spack/apps/linux-centos7-x86_64/gcc-4.8.5/gcc-9.3.0-mjmsvu3362usxjr7tas4ywkd2e4ko5x3/lib64/libstdc++.so.6(+0xa4bc1)[0x2b92597bfbc1]
[eu-ms-004-41:27618] [ 6] /cluster/spack/apps/linux-centos7-x86_64/gcc-4.8.5/gcc-9.3.0-mjmsvu3362usxjr7tas4ywkd2e4ko5x3/lib64/libstdc++.so.6(+0xa4e14)[0x2b92597bfe14]
[eu-ms-004-41:27618] [ 7] code/build_output/main[0x40ba49]
[eu-ms-004-41:27618] [ 8] code/build_output/main[0x41a198]
[eu-ms-004-41:27618] [ 9] code/build_output/main[0x40c3d9]
[eu-ms-004-41:27618] [10] /usr/lib64/libc.so.6(__libc_start_main+0xf5)[0x2b925a24d555]
[eu-ms-004-41:27618] [11] code/build_output/main[0x40db3f]
[eu-ms-004-41:27618] *** End of error message ***
--------------------------------------------------------------------------
Primary job  terminated normally, but 1 process returned
a non-zero exit code. Per user-direction, the job has been aborted.
--------------------------------------------------------------------------
--------------------------------------------------------------------------
mpirun noticed that process rank 13 with PID 24963 on node eu-ms-006-21 exited on signal 6 (Aborted).
--------------------------------------------------------------------------
