1: Starting numprocs=6 N=8192, M=8192 impl=rabenseifner-gather
5: Starting numprocs=6 N=8192, M=8192 impl=rabenseifner-gather
2: Starting numprocs=6 N=8192, M=8192 impl=rabenseifner-gather
0: Starting numprocs=6 N=8192, M=8192 impl=rabenseifner-gather
Iteration 0
3: Starting numprocs=6 N=8192, M=8192 impl=rabenseifner-gather
4: Starting numprocs=6 N=8192, M=8192 impl=rabenseifner-gather
terminate called after throwing an instance of 'std::runtime_error'
terminate called after throwing an instance of 'std::runtime_error'
terminate called after throwing an instance of 'std::runtime_error'
  what():  Starting Rabenseifner-Gather with non-power-of-2 processes, numprocs=6
[eu-ms-006-08:29195] *** Process received signal ***
[eu-ms-006-08:29195] Signal: Aborted (6)
[eu-ms-006-08:29195] Signal code:  (-6)
  what():  Starting Rabenseifner-Gather with non-power-of-2 processes, numprocs=6
[eu-ms-025-21:07509] *** Process received signal ***
[eu-ms-025-21:07509] Signal: Aborted (6)
[eu-ms-025-21:07509] Signal code:  (-6)
  what():  Starting Rabenseifner-Gather with non-power-of-2 processes, numprocs=6
[eu-ms-006-10:05610] *** Process received signal ***
[eu-ms-006-10:05610] Signal: Aborted (6)
[eu-ms-006-10:05610] Signal code:  (-6)
[eu-ms-006-08:29195] [ 0] [eu-ms-025-21:07509] [ 0] [eu-ms-006-10:05610] [ 0] /usr/lib64/libpthread.so.0(+0xf630)[0x2b50d63a8630]
[eu-ms-006-08:29195] [ 1] /usr/lib64/libc.so.6(gsignal+0x37)[0x2b50d65eb387]
/usr/lib64/libpthread.so.0(+0xf630)[0x2aea17024630]
[eu-ms-025-21:07509] [ 1] /usr/lib64/libpthread.so.0(+0xf630)[0x2ab764826630]
[eu-ms-006-10:05610] [ 1] /usr/lib64/libc.so.6(gsignal+0x37)[0x2ab764a69387]
[eu-ms-006-08:29195] [ 2] /usr/lib64/libc.so.6(abort+0x148)[0x2b50d65eca78]
[eu-ms-006-08:29195] [ 3] /usr/lib64/libc.so.6(gsignal+0x37)[0x2aea17267387]
[eu-ms-025-21:07509] [ 2] /usr/lib64/libc.so.6(abort+0x148)[0x2aea17268a78]
[eu-ms-025-21:07509] [ 3] [eu-ms-006-10:05610] [ 2] /usr/lib64/libc.so.6(abort+0x148)[0x2ab764a6aa78]
[eu-ms-006-10:05610] [ 3] /cluster/spack/apps/linux-centos7-x86_64/gcc-4.8.5/gcc-9.3.0-mjmsvu3362usxjr7tas4ywkd2e4ko5x3/lib64/libstdc++.so.6(+0x99133)[0x2b50d5b3e133]
[eu-ms-006-08:29195] [ 4] /cluster/spack/apps/linux-centos7-x86_64/gcc-4.8.5/gcc-9.3.0-mjmsvu3362usxjr7tas4ywkd2e4ko5x3/lib64/libstdc++.so.6(+0x99133)[0x2aea167ba133]
[eu-ms-025-21:07509] [ 4] /cluster/spack/apps/linux-centos7-x86_64/gcc-4.8.5/gcc-9.3.0-mjmsvu3362usxjr7tas4ywkd2e4ko5x3/lib64/libstdc++.so.6(+0x99133)[0x2ab763fbc133]
[eu-ms-006-10:05610] [ 4] /cluster/spack/apps/linux-centos7-x86_64/gcc-4.8.5/gcc-9.3.0-mjmsvu3362usxjr7tas4ywkd2e4ko5x3/lib64/libstdc++.so.6(+0xa4b56)[0x2b50d5b49b56]
[eu-ms-006-08:29195] [ 5] /cluster/spack/apps/linux-centos7-x86_64/gcc-4.8.5/gcc-9.3.0-mjmsvu3362usxjr7tas4ywkd2e4ko5x3/lib64/libstdc++.so.6(+0xa4b56)[0x2aea167c5b56]
[eu-ms-025-21:07509] [ 5] /cluster/spack/apps/linux-centos7-x86_64/gcc-4.8.5/gcc-9.3.0-mjmsvu3362usxjr7tas4ywkd2e4ko5x3/lib64/libstdc++.so.6(+0xa4b56)[0x2ab763fc7b56]
[eu-ms-006-10:05610] [ 5] /cluster/spack/apps/linux-centos7-x86_64/gcc-4.8.5/gcc-9.3.0-mjmsvu3362usxjr7tas4ywkd2e4ko5x3/lib64/libstdc++.so.6(+0xa4bc1)[0x2b50d5b49bc1]
[eu-ms-006-08:29195] [ 6] /cluster/spack/apps/linux-centos7-x86_64/gcc-4.8.5/gcc-9.3.0-mjmsvu3362usxjr7tas4ywkd2e4ko5x3/lib64/libstdc++.so.6(+0xa4bc1)[0x2aea167c5bc1]
[eu-ms-025-21:07509] [ 6] /cluster/spack/apps/linux-centos7-x86_64/gcc-4.8.5/gcc-9.3.0-mjmsvu3362usxjr7tas4ywkd2e4ko5x3/lib64/libstdc++.so.6(+0xa4bc1)[0x2ab763fc7bc1]
[eu-ms-006-10:05610] [ 6] /cluster/spack/apps/linux-centos7-x86_64/gcc-4.8.5/gcc-9.3.0-mjmsvu3362usxjr7tas4ywkd2e4ko5x3/lib64/libstdc++.so.6(+0xa4e14)[0x2b50d5b49e14]
[eu-ms-006-08:29195] [ 7] code/build_output/main[0x40ba49]
[eu-ms-006-08:29195] [ 8] code/build_output/main[0x41a198]
[eu-ms-006-08:29195] [ 9] code/build_output/main[0x40c3d9]
[eu-ms-006-08:29195] [10] /cluster/spack/apps/linux-centos7-x86_64/gcc-4.8.5/gcc-9.3.0-mjmsvu3362usxjr7tas4ywkd2e4ko5x3/lib64/libstdc++.so.6(+0xa4e14)[0x2aea167c5e14]
[eu-ms-025-21:07509] [ 7] code/build_output/main[0x40ba49]
[eu-ms-025-21:07509] [ 8] code/build_output/main[0x41a198]
[eu-ms-025-21:07509] [ 9] code/build_output/main[0x40c3d9]
[eu-ms-025-21:07509] [10] /cluster/spack/apps/linux-centos7-x86_64/gcc-4.8.5/gcc-9.3.0-mjmsvu3362usxjr7tas4ywkd2e4ko5x3/lib64/libstdc++.so.6(+0xa4e14)[0x2ab763fc7e14]
[eu-ms-006-10:05610] [ 7] code/build_output/main[0x40ba49]
[eu-ms-006-10:05610] [ 8] code/build_output/main[0x41a198]
[eu-ms-006-10:05610] [ 9] code/build_output/main[0x40c3d9]
[eu-ms-006-10:05610] [10] /usr/lib64/libc.so.6(__libc_start_main+0xf5)[0x2b50d65d7555]
[eu-ms-006-08:29195] [11] code/build_output/main[0x40db3f]
[eu-ms-006-08:29195] *** End of error message ***
/usr/lib64/libc.so.6(__libc_start_main+0xf5)[0x2aea17253555]
[eu-ms-025-21:07509] [11] code/build_output/main[0x40db3f]
[eu-ms-025-21:07509] *** End of error message ***
/usr/lib64/libc.so.6(__libc_start_main+0xf5)[0x2ab764a55555]
[eu-ms-006-10:05610] [11] code/build_output/main[0x40db3f]
[eu-ms-006-10:05610] *** End of error message ***
terminate called after throwing an instance of 'std::runtime_error'
  what():  Starting Rabenseifner-Gather with non-power-of-2 processes, numprocs=6
[eu-ms-025-31:05039] *** Process received signal ***
[eu-ms-025-31:05039] Signal: Aborted (6)
[eu-ms-025-31:05039] Signal code:  (-6)
terminate called after throwing an instance of 'std::runtime_error'
terminate called after throwing an instance of 'std::runtime_error'
  what():  Starting Rabenseifner-Gather with non-power-of-2 processes, numprocs=6
[eu-ms-025-06:14956] *** Process received signal ***
[eu-ms-025-06:14956] Signal: Aborted (6)
[eu-ms-025-06:14956] Signal code:  (-6)
[eu-ms-025-31:05039] [ 0] /usr/lib64/libpthread.so.0(+0xf630)[0x2acb92a4f630]
[eu-ms-025-31:05039] [ 1] /usr/lib64/libc.so.6(gsignal+0x37)[0x2acb92c92387]
[eu-ms-025-31:05039]   what():  Starting Rabenseifner-Gather with non-power-of-2 processes, numprocs=6
[eu-ms-006-37:26140] *** Process received signal ***
[eu-ms-006-37:26140] Signal: Aborted (6)
[eu-ms-006-37:26140] Signal code:  (-6)
[ 2] [eu-ms-006-37:26140] [ 0] /usr/lib64/libc.so.6(abort+0x148)[0x2acb92c93a78]
[eu-ms-025-31:05039] [ 3] /usr/lib64/libpthread.so.0(+0xf630)[0x2b0287ea4630]
[eu-ms-006-37:26140] [ 1] /cluster/spack/apps/linux-centos7-x86_64/gcc-4.8.5/gcc-9.3.0-mjmsvu3362usxjr7tas4ywkd2e4ko5x3/lib64/libstdc++.so.6(+0x99133)[0x2acb921e5133]
[eu-ms-025-31:05039] [ 4] /cluster/spack/apps/linux-centos7-x86_64/gcc-4.8.5/gcc-9.3.0-mjmsvu3362usxjr7tas4ywkd2e4ko5x3/lib64/libstdc++.so.6(+0xa4b56)[0x2acb921f0b56]
[eu-ms-025-31:05039] [ 5] /usr/lib64/libc.so.6(gsignal+0x37)[0x2b02880e7387]
[eu-ms-006-37:26140] [ 2] /usr/lib64/libc.so.6(abort+0x148)[0x2b02880e8a78]
[eu-ms-006-37:26140] /cluster/spack/apps/linux-centos7-x86_64/gcc-4.8.5/gcc-9.3.0-mjmsvu3362usxjr7tas4ywkd2e4ko5x3/lib64/libstdc++.so.6(+0xa4bc1)[0x2acb921f0bc1]
[eu-ms-025-31:05039] [ 6] /cluster/spack/apps/linux-centos7-x86_64/gcc-4.8.5/gcc-9.3.0-mjmsvu3362usxjr7tas4ywkd2e4ko5x3/lib64/libstdc++.so.6(+0xa4e14)[0x2acb921f0e14]
[eu-ms-025-31:05039] [ 3] /cluster/spack/apps/linux-centos7-x86_64/gcc-4.8.5/gcc-9.3.0-mjmsvu3362usxjr7tas4ywkd2e4ko5x3/lib64/libstdc++.so.6(+0x99133)[0x2b028763a133]
[eu-ms-006-37:26140] [ 4] [ 7] code/build_output/main[0x40ba49]
[eu-ms-025-31:05039] [ 8] code/build_output/main[0x41a198]
[eu-ms-025-31:05039] [ 9] code/build_output/main[0x40c3d9]
[eu-ms-025-31:05039] [10] /cluster/spack/apps/linux-centos7-x86_64/gcc-4.8.5/gcc-9.3.0-mjmsvu3362usxjr7tas4ywkd2e4ko5x3/lib64/libstdc++.so.6(+0xa4b56)[0x2b0287645b56]
[eu-ms-006-37:26140] [ 5] /usr/lib64/libc.so.6(__libc_start_main+0xf5)[0x2acb92c7e555]
[eu-ms-025-31:05039] [11] code/build_output/main[0x40db3f]
[eu-ms-025-31:05039] *** End of error message ***
/cluster/spack/apps/linux-centos7-x86_64/gcc-4.8.5/gcc-9.3.0-mjmsvu3362usxjr7tas4ywkd2e4ko5x3/lib64/libstdc++.so.6(+0xa4bc1)[0x2b0287645bc1]
[eu-ms-006-37:26140] [ 6] /cluster/spack/apps/linux-centos7-x86_64/gcc-4.8.5/gcc-9.3.0-mjmsvu3362usxjr7tas4ywkd2e4ko5x3/lib64/libstdc++.so.6(+0xa4e14)[0x2b0287645e14]
[eu-ms-006-37:26140] [ 7] code/build_output/main[0x40ba49]
[eu-ms-006-37:26140] [ 8] code/build_output/main[0x41a198]
[eu-ms-006-37:26140] [ 9] code/build_output/main[0x40c3d9]
[eu-ms-006-37:26140] [10] /usr/lib64/libc.so.6(__libc_start_main+0xf5)[0x2b02880d3555]
[eu-ms-006-37:26140] [11] code/build_output/main[0x40db3f]
[eu-ms-006-37:26140] *** End of error message ***
[eu-ms-025-06:14956] [ 0] /usr/lib64/libpthread.so.0(+0xf630)[0x2ab5e6e67630]
[eu-ms-025-06:14956] [ 1] /usr/lib64/libc.so.6(gsignal+0x37)[0x2ab5e70aa387]
[eu-ms-025-06:14956] [ 2] /usr/lib64/libc.so.6(abort+0x148)[0x2ab5e70aba78]
[eu-ms-025-06:14956] [ 3] /cluster/spack/apps/linux-centos7-x86_64/gcc-4.8.5/gcc-9.3.0-mjmsvu3362usxjr7tas4ywkd2e4ko5x3/lib64/libstdc++.so.6(+0x99133)[0x2ab5e65fd133]
[eu-ms-025-06:14956] [ 4] /cluster/spack/apps/linux-centos7-x86_64/gcc-4.8.5/gcc-9.3.0-mjmsvu3362usxjr7tas4ywkd2e4ko5x3/lib64/libstdc++.so.6(+0xa4b56)[0x2ab5e6608b56]
[eu-ms-025-06:14956] [ 5] /cluster/spack/apps/linux-centos7-x86_64/gcc-4.8.5/gcc-9.3.0-mjmsvu3362usxjr7tas4ywkd2e4ko5x3/lib64/libstdc++.so.6(+0xa4bc1)[0x2ab5e6608bc1]
[eu-ms-025-06:14956] [ 6] /cluster/spack/apps/linux-centos7-x86_64/gcc-4.8.5/gcc-9.3.0-mjmsvu3362usxjr7tas4ywkd2e4ko5x3/lib64/libstdc++.so.6(+0xa4e14)[0x2ab5e6608e14]
[eu-ms-025-06:14956] [ 7] code/build_output/main[0x40ba49]
[eu-ms-025-06:14956] [ 8] code/build_output/main[0x41a198]
[eu-ms-025-06:14956] [ 9] code/build_output/main[0x40c3d9]
[eu-ms-025-06:14956] [10] /usr/lib64/libc.so.6(__libc_start_main+0xf5)[0x2ab5e7096555]
[eu-ms-025-06:14956] [11] code/build_output/main[0x40db3f]
[eu-ms-025-06:14956] *** End of error message ***
--------------------------------------------------------------------------
Primary job  terminated normally, but 1 process returned
a non-zero exit code. Per user-direction, the job has been aborted.
--------------------------------------------------------------------------
--------------------------------------------------------------------------
mpirun noticed that process rank 1 with PID 7509 on node eu-ms-025-21 exited on signal 6 (Aborted).
--------------------------------------------------------------------------
