ERROR:root:[193696934] no usable data lines found, Subject: Job 193696934: <mpirun --mca coll_tuned_use_dynamic_rules 1 --mca coll_tuned_allgather_algorithm 6 -np 8 code/build_output/main -n 1000 -m 1000 -t 20 -i allgather-native-sparbit> in cluster <euler> Exited
ERROR:root:[193696978] failed to parse line 63, "Subject: Job 193696978: <mpirun -np 8 code/build_output/main -n 1000 -m 1000 -t 20 -i rabenseifner-gather> in cluster <euler> Done": Extra data: line 1 column 21 (char 20)
ERROR:root:[193697025] no usable data lines found, Subject: Job 193697025: <mpirun --mca coll_tuned_use_dynamic_rules 1 --mca coll_tuned_allgather_algorithm 6 -np 16 code/build_output/main -n 1000 -m 1000 -t 20 -i allgather-native-sparbit> in cluster <euler> Exited
ERROR:root:[193697086] failed to parse line 71, "Subject: Job 193697086: <mpirun -np 16 code/build_output/main -n 1000 -m 1000 -t 20 -i rabenseifner-gather> in cluster <euler> Done": Extra data: line 1 column 21 (char 20)
ERROR:root:[193697110] no usable data lines found, Subject: Job 193697110: <mpirun --mca coll_tuned_use_dynamic_rules 1 --mca coll_tuned_allgather_algorithm 6 -np 32 code/build_output/main -n 1000 -m 1000 -t 20 -i allgather-native-sparbit> in cluster <euler> Exited
ERROR:root:[193697167] failed to parse line 87, "Subject: Job 193697167: <mpirun -np 32 code/build_output/main -n 1000 -m 1000 -t 20 -i rabenseifner-gather> in cluster <euler> Done": Extra data: line 1 column 21 (char 20)
ERROR:root:[193697202] no usable data lines found, Subject: Job 193697202: <mpirun --mca coll_tuned_use_dynamic_rules 1 --mca coll_tuned_allgather_algorithm 6 -np 8 code/build_output/main -n 1500 -m 1500 -t 20 -i allgather-native-sparbit> in cluster <euler> Exited
ERROR:root:[193697244] failed to parse line 63, "Subject: Job 193697244: <mpirun -np 8 code/build_output/main -n 1500 -m 1500 -t 20 -i rabenseifner-gather> in cluster <euler> Done": Extra data: line 1 column 21 (char 20)
ERROR:root:[193697272] no usable data lines found, Subject: Job 193697272: <mpirun --mca coll_tuned_use_dynamic_rules 1 --mca coll_tuned_allgather_algorithm 6 -np 16 code/build_output/main -n 1500 -m 1500 -t 20 -i allgather-native-sparbit> in cluster <euler> Exited
ERROR:root:[193697319] failed to parse line 71, "Subject: Job 193697319: <mpirun -np 16 code/build_output/main -n 1500 -m 1500 -t 20 -i rabenseifner-gather> in cluster <euler> Done": Extra data: line 1 column 21 (char 20)
ERROR:root:[193697361] no usable data lines found, Subject: Job 193697361: <mpirun --mca coll_tuned_use_dynamic_rules 1 --mca coll_tuned_allgather_algorithm 6 -np 32 code/build_output/main -n 1500 -m 1500 -t 20 -i allgather-native-sparbit> in cluster <euler> Exited
ERROR:root:[193697427] failed to parse line 87, "Subject: Job 193697427: <mpirun -np 32 code/build_output/main -n 1500 -m 1500 -t 20 -i rabenseifner-gather> in cluster <euler> Done": Extra data: line 1 column 21 (char 20)
ERROR:root:[193697457] no usable data lines found, Subject: Job 193697457: <mpirun --mca coll_tuned_use_dynamic_rules 1 --mca coll_tuned_allgather_algorithm 6 -np 8 code/build_output/main -n 2000 -m 2000 -t 20 -i allgather-native-sparbit> in cluster <euler> Exited
ERROR:root:[193697500] failed to parse line 44, "Subject: Job 193697500: <mpirun -np 8 code/build_output/main -n 2000 -m 2000 -t 20 -i allreduce-ring> in cluster <euler> Exited": Extra data: line 1 column 3 (char 2)
ERROR:root:[193697519] failed to parse line 63, "Subject: Job 193697519: <mpirun -np 8 code/build_output/main -n 2000 -m 2000 -t 20 -i rabenseifner-gather> in cluster <euler> Done": Extra data: line 1 column 21 (char 20)
ERROR:root:[193697569] no usable data lines found, Subject: Job 193697569: <mpirun --mca coll_tuned_use_dynamic_rules 1 --mca coll_tuned_allgather_algorithm 6 -np 16 code/build_output/main -n 2000 -m 2000 -t 20 -i allgather-native-sparbit> in cluster <euler> Exited
ERROR:root:[193697630] failed to parse line 71, "Subject: Job 193697630: <mpirun -np 16 code/build_output/main -n 2000 -m 2000 -t 20 -i rabenseifner-gather> in cluster <euler> Done": Extra data: line 1 column 21 (char 20)
ERROR:root:[193697655] no usable data lines found, Subject: Job 193697655: <mpirun --mca coll_tuned_use_dynamic_rules 1 --mca coll_tuned_allgather_algorithm 6 -np 32 code/build_output/main -n 2000 -m 2000 -t 20 -i allgather-native-sparbit> in cluster <euler> Exited
ERROR:root:[193697728] failed to parse line 87, "Subject: Job 193697728: <mpirun -np 32 code/build_output/main -n 2000 -m 2000 -t 20 -i rabenseifner-gather> in cluster <euler> Done": Extra data: line 1 column 21 (char 20)
ERROR:root:[193697754] no usable data lines found, Subject: Job 193697754: <mpirun --mca coll_tuned_use_dynamic_rules 1 --mca coll_tuned_allgather_algorithm 6 -np 8 code/build_output/main -n 2500 -m 2500 -t 20 -i allgather-native-sparbit> in cluster <euler> Exited
ERROR:root:[193697793] failed to parse line 63, "Subject: Job 193697793: <mpirun -np 8 code/build_output/main -n 2500 -m 2500 -t 20 -i rabenseifner-gather> in cluster <euler> Done": Extra data: line 1 column 21 (char 20)
ERROR:root:[193697837] no usable data lines found, Subject: Job 193697837: <mpirun --mca coll_tuned_use_dynamic_rules 1 --mca coll_tuned_allgather_algorithm 6 -np 16 code/build_output/main -n 2500 -m 2500 -t 20 -i allgather-native-sparbit> in cluster <euler> Exited
ERROR:root:[193697878] failed to parse line 71, "Subject: Job 193697878: <mpirun -np 16 code/build_output/main -n 2500 -m 2500 -t 20 -i rabenseifner-gather> in cluster <euler> Done": Extra data: line 1 column 21 (char 20)
ERROR:root:[193697904] no usable data lines found, Subject: Job 193697904: <mpirun --mca coll_tuned_use_dynamic_rules 1 --mca coll_tuned_allgather_algorithm 6 -np 32 code/build_output/main -n 2500 -m 2500 -t 20 -i allgather-native-sparbit> in cluster <euler> Exited
ERROR:root:[193697943] failed to parse line 87, "Subject: Job 193697943: <mpirun -np 32 code/build_output/main -n 2500 -m 2500 -t 20 -i rabenseifner-gather> in cluster <euler> Done": Extra data: line 1 column 21 (char 20)
ERROR:root:[193697969] no usable data lines found, Subject: Job 193697969: <mpirun --mca coll_tuned_use_dynamic_rules 1 --mca coll_tuned_allgather_algorithm 6 -np 8 code/build_output/main -n 3000 -m 3000 -t 20 -i allgather-native-sparbit> in cluster <euler> Exited
ERROR:root:[193698079] failed to parse line 63, "Subject: Job 193698079: <mpirun -np 8 code/build_output/main -n 3000 -m 3000 -t 20 -i rabenseifner-gather> in cluster <euler> Done": Extra data: line 1 column 21 (char 20)
ERROR:root:[193698152] no usable data lines found, Subject: Job 193698152: <mpirun --mca coll_tuned_use_dynamic_rules 1 --mca coll_tuned_allgather_algorithm 6 -np 16 code/build_output/main -n 3000 -m 3000 -t 20 -i allgather-native-sparbit> in cluster <euler> Exited
ERROR:root:[193698246] failed to parse line 71, "Subject: Job 193698246: <mpirun -np 16 code/build_output/main -n 3000 -m 3000 -t 20 -i rabenseifner-gather> in cluster <euler> Done": Extra data: line 1 column 21 (char 20)
ERROR:root:[193698313] no usable data lines found, Subject: Job 193698313: <mpirun --mca coll_tuned_use_dynamic_rules 1 --mca coll_tuned_allgather_algorithm 6 -np 32 code/build_output/main -n 3000 -m 3000 -t 20 -i allgather-native-sparbit> in cluster <euler> Exited
ERROR:root:[193698470] failed to parse line 87, "Subject: Job 193698470: <mpirun -np 32 code/build_output/main -n 3000 -m 3000 -t 20 -i rabenseifner-gather> in cluster <euler> Done": Extra data: line 1 column 21 (char 20)
ERROR:root:[193698518] no usable data lines found, Subject: Job 193698518: <mpirun --mca coll_tuned_use_dynamic_rules 1 --mca coll_tuned_allgather_algorithm 6 -np 8 code/build_output/main -n 3500 -m 3500 -t 20 -i allgather-native-sparbit> in cluster <euler> Exited
ERROR:root:[193698650] failed to parse line 63, "Subject: Job 193698650: <mpirun -np 8 code/build_output/main -n 3500 -m 3500 -t 20 -i rabenseifner-gather> in cluster <euler> Done": Extra data: line 1 column 21 (char 20)
ERROR:root:[193698715] no usable data lines found, Subject: Job 193698715: <mpirun --mca coll_tuned_use_dynamic_rules 1 --mca coll_tuned_allgather_algorithm 6 -np 16 code/build_output/main -n 3500 -m 3500 -t 20 -i allgather-native-sparbit> in cluster <euler> Exited
ERROR:root:[193698809] failed to parse line 71, "Subject: Job 193698809: <mpirun -np 16 code/build_output/main -n 3500 -m 3500 -t 20 -i rabenseifner-gather> in cluster <euler> Done": Extra data: line 1 column 21 (char 20)
ERROR:root:[193698853] no usable data lines found, Subject: Job 193698853: <mpirun --mca coll_tuned_use_dynamic_rules 1 --mca coll_tuned_allgather_algorithm 6 -np 32 code/build_output/main -n 3500 -m 3500 -t 20 -i allgather-native-sparbit> in cluster <euler> Exited
ERROR:root:[193698958] failed to parse line 87, "Subject: Job 193698958: <mpirun -np 32 code/build_output/main -n 3500 -m 3500 -t 20 -i rabenseifner-gather> in cluster <euler> Done": Extra data: line 1 column 21 (char 20)
ERROR:root:[193699024] no usable data lines found, Subject: Job 193699024: <mpirun --mca coll_tuned_use_dynamic_rules 1 --mca coll_tuned_allgather_algorithm 6 -np 8 code/build_output/main -n 4000 -m 4000 -t 20 -i allgather-native-sparbit> in cluster <euler> Exited
ERROR:root:[193699125] failed to parse line 63, "Subject: Job 193699125: <mpirun -np 8 code/build_output/main -n 4000 -m 4000 -t 20 -i rabenseifner-gather> in cluster <euler> Done": Extra data: line 1 column 21 (char 20)
ERROR:root:[193699176] no usable data lines found, Subject: Job 193699176: <mpirun --mca coll_tuned_use_dynamic_rules 1 --mca coll_tuned_allgather_algorithm 6 -np 16 code/build_output/main -n 4000 -m 4000 -t 20 -i allgather-native-sparbit> in cluster <euler> Exited
ERROR:root:[193699271] failed to parse line 71, "Subject: Job 193699271: <mpirun -np 16 code/build_output/main -n 4000 -m 4000 -t 20 -i rabenseifner-gather> in cluster <euler> Done": Extra data: line 1 column 21 (char 20)
ERROR:root:[193699331] no usable data lines found, Subject: Job 193699331: <mpirun --mca coll_tuned_use_dynamic_rules 1 --mca coll_tuned_allgather_algorithm 6 -np 32 code/build_output/main -n 4000 -m 4000 -t 20 -i allgather-native-sparbit> in cluster <euler> Exited
ERROR:root:[193699495] failed to parse line 87, "Subject: Job 193699495: <mpirun -np 32 code/build_output/main -n 4000 -m 4000 -t 20 -i rabenseifner-gather> in cluster <euler> Done": Extra data: line 1 column 21 (char 20)
ERROR:root:[193699619] no usable data lines found, Subject: Job 193699619: <mpirun --mca coll_tuned_use_dynamic_rules 1 --mca coll_tuned_allgather_algorithm 6 -np 8 code/build_output/main -n 4500 -m 4500 -t 20 -i allgather-native-sparbit> in cluster <euler> Exited
ERROR:root:[193699742] failed to parse line 63, "Subject: Job 193699742: <mpirun -np 8 code/build_output/main -n 4500 -m 4500 -t 20 -i rabenseifner-gather> in cluster <euler> Done": Extra data: line 1 column 21 (char 20)
ERROR:root:[193699818] no usable data lines found, Subject: Job 193699818: <mpirun --mca coll_tuned_use_dynamic_rules 1 --mca coll_tuned_allgather_algorithm 6 -np 16 code/build_output/main -n 4500 -m 4500 -t 20 -i allgather-native-sparbit> in cluster <euler> Exited
ERROR:root:[193699916] failed to parse line 71, "Subject: Job 193699916: <mpirun -np 16 code/build_output/main -n 4500 -m 4500 -t 20 -i rabenseifner-gather> in cluster <euler> Done": Extra data: line 1 column 21 (char 20)
ERROR:root:[193699975] no usable data lines found, Subject: Job 193699975: <mpirun --mca coll_tuned_use_dynamic_rules 1 --mca coll_tuned_allgather_algorithm 6 -np 32 code/build_output/main -n 4500 -m 4500 -t 20 -i allgather-native-sparbit> in cluster <euler> Exited
ERROR:root:[193700056] failed to parse line 87, "Subject: Job 193700056: <mpirun -np 32 code/build_output/main -n 4500 -m 4500 -t 20 -i rabenseifner-gather> in cluster <euler> Done": Extra data: line 1 column 21 (char 20)
ERROR:root:[193700100] no usable data lines found, Subject: Job 193700100: <mpirun --mca coll_tuned_use_dynamic_rules 1 --mca coll_tuned_allgather_algorithm 6 -np 8 code/build_output/main -n 5000 -m 5000 -t 20 -i allgather-native-sparbit> in cluster <euler> Exited
ERROR:root:[193700197] failed to parse line 63, "Subject: Job 193700197: <mpirun -np 8 code/build_output/main -n 5000 -m 5000 -t 20 -i rabenseifner-gather> in cluster <euler> Done": Extra data: line 1 column 21 (char 20)
ERROR:root:[193700261] no usable data lines found, Subject: Job 193700261: <mpirun --mca coll_tuned_use_dynamic_rules 1 --mca coll_tuned_allgather_algorithm 6 -np 16 code/build_output/main -n 5000 -m 5000 -t 20 -i allgather-native-sparbit> in cluster <euler> Exited
ERROR:root:[193700387] failed to parse line 71, "Subject: Job 193700387: <mpirun -np 16 code/build_output/main -n 5000 -m 5000 -t 20 -i rabenseifner-gather> in cluster <euler> Done": Extra data: line 1 column 21 (char 20)
ERROR:root:[193700437] no usable data lines found, Subject: Job 193700437: <mpirun --mca coll_tuned_use_dynamic_rules 1 --mca coll_tuned_allgather_algorithm 6 -np 32 code/build_output/main -n 5000 -m 5000 -t 20 -i allgather-native-sparbit> in cluster <euler> Exited
ERROR:root:[193700515] failed to parse line 87, "Subject: Job 193700515: <mpirun -np 32 code/build_output/main -n 5000 -m 5000 -t 20 -i rabenseifner-gather> in cluster <euler> Done": Extra data: line 1 column 21 (char 20)
ERROR:root:[193700567] no usable data lines found, Subject: Job 193700567: <mpirun --mca coll_tuned_use_dynamic_rules 1 --mca coll_tuned_allgather_algorithm 6 -np 8 code/build_output/main -n 5500 -m 5500 -t 20 -i allgather-native-sparbit> in cluster <euler> Exited
ERROR:root:[193700676] failed to parse line 63, "Subject: Job 193700676: <mpirun -np 8 code/build_output/main -n 5500 -m 5500 -t 20 -i rabenseifner-gather> in cluster <euler> Done": Extra data: line 1 column 21 (char 20)
ERROR:root:[193700745] no usable data lines found, Subject: Job 193700745: <mpirun --mca coll_tuned_use_dynamic_rules 1 --mca coll_tuned_allgather_algorithm 6 -np 16 code/build_output/main -n 5500 -m 5500 -t 20 -i allgather-native-sparbit> in cluster <euler> Exited
ERROR:root:[193700855] failed to parse line 71, "Subject: Job 193700855: <mpirun -np 16 code/build_output/main -n 5500 -m 5500 -t 20 -i rabenseifner-gather> in cluster <euler> Done": Extra data: line 1 column 21 (char 20)
ERROR:root:[193700910] no usable data lines found, Subject: Job 193700910: <mpirun --mca coll_tuned_use_dynamic_rules 1 --mca coll_tuned_allgather_algorithm 6 -np 32 code/build_output/main -n 5500 -m 5500 -t 20 -i allgather-native-sparbit> in cluster <euler> Exited
ERROR:root:[193700994] failed to parse line 87, "Subject: Job 193700994: <mpirun -np 32 code/build_output/main -n 5500 -m 5500 -t 20 -i rabenseifner-gather> in cluster <euler> Done": Extra data: line 1 column 21 (char 20)
ERROR:root:[193701041] no usable data lines found, Subject: Job 193701041: <mpirun --mca coll_tuned_use_dynamic_rules 1 --mca coll_tuned_allgather_algorithm 6 -np 8 code/build_output/main -n 6000 -m 6000 -t 20 -i allgather-native-sparbit> in cluster <euler> Exited
ERROR:root:[193701150] failed to parse line 63, "Subject: Job 193701150: <mpirun -np 8 code/build_output/main -n 6000 -m 6000 -t 20 -i rabenseifner-gather> in cluster <euler> Done": Extra data: line 1 column 21 (char 20)
ERROR:root:[193701225] no usable data lines found, Subject: Job 193701225: <mpirun --mca coll_tuned_use_dynamic_rules 1 --mca coll_tuned_allgather_algorithm 6 -np 16 code/build_output/main -n 6000 -m 6000 -t 20 -i allgather-native-sparbit> in cluster <euler> Exited
ERROR:root:[193701323] failed to parse line 71, "Subject: Job 193701323: <mpirun -np 16 code/build_output/main -n 6000 -m 6000 -t 20 -i rabenseifner-gather> in cluster <euler> Done": Extra data: line 1 column 21 (char 20)
ERROR:root:[193701380] no usable data lines found, Subject: Job 193701380: <mpirun --mca coll_tuned_use_dynamic_rules 1 --mca coll_tuned_allgather_algorithm 6 -np 32 code/build_output/main -n 6000 -m 6000 -t 20 -i allgather-native-sparbit> in cluster <euler> Exited
ERROR:root:[193701479] failed to parse line 87, "Subject: Job 193701479: <mpirun -np 32 code/build_output/main -n 6000 -m 6000 -t 20 -i rabenseifner-gather> in cluster <euler> Done": Extra data: line 1 column 21 (char 20)
ERROR:root:[193701529] no usable data lines found, Subject: Job 193701529: <mpirun --mca coll_tuned_use_dynamic_rules 1 --mca coll_tuned_allgather_algorithm 6 -np 8 code/build_output/main -n 6500 -m 6500 -t 20 -i allgather-native-sparbit> in cluster <euler> Exited
ERROR:root:[193701615] failed to parse line 63, "Subject: Job 193701615: <mpirun -np 8 code/build_output/main -n 6500 -m 6500 -t 20 -i rabenseifner-gather> in cluster <euler> Done": Extra data: line 1 column 21 (char 20)
ERROR:root:[193701677] no usable data lines found, Subject: Job 193701677: <mpirun --mca coll_tuned_use_dynamic_rules 1 --mca coll_tuned_allgather_algorithm 6 -np 16 code/build_output/main -n 6500 -m 6500 -t 20 -i allgather-native-sparbit> in cluster <euler> Exited
ERROR:root:[193701792] failed to parse line 71, "Subject: Job 193701792: <mpirun -np 16 code/build_output/main -n 6500 -m 6500 -t 20 -i rabenseifner-gather> in cluster <euler> Done": Extra data: line 1 column 21 (char 20)
ERROR:root:[193701859] no usable data lines found, Subject: Job 193701859: <mpirun --mca coll_tuned_use_dynamic_rules 1 --mca coll_tuned_allgather_algorithm 6 -np 32 code/build_output/main -n 6500 -m 6500 -t 20 -i allgather-native-sparbit> in cluster <euler> Exited
ERROR:root:[193701985] failed to parse line 87, "Subject: Job 193701985: <mpirun -np 32 code/build_output/main -n 6500 -m 6500 -t 20 -i rabenseifner-gather> in cluster <euler> Done": Extra data: line 1 column 21 (char 20)
ERROR:root:[193702042] no usable data lines found, Subject: Job 193702042: <mpirun --mca coll_tuned_use_dynamic_rules 1 --mca coll_tuned_allgather_algorithm 6 -np 8 code/build_output/main -n 7000 -m 7000 -t 20 -i allgather-native-sparbit> in cluster <euler> Exited
ERROR:root:[193702127] failed to parse line 63, "Subject: Job 193702127: <mpirun -np 8 code/build_output/main -n 7000 -m 7000 -t 20 -i rabenseifner-gather> in cluster <euler> Done": Extra data: line 1 column 21 (char 20)
ERROR:root:[193702200] no usable data lines found, Subject: Job 193702200: <mpirun --mca coll_tuned_use_dynamic_rules 1 --mca coll_tuned_allgather_algorithm 6 -np 16 code/build_output/main -n 7000 -m 7000 -t 20 -i allgather-native-sparbit> in cluster <euler> Exited
ERROR:root:[193702321] failed to parse line 71, "Subject: Job 193702321: <mpirun -np 16 code/build_output/main -n 7000 -m 7000 -t 20 -i rabenseifner-gather> in cluster <euler> Done": Extra data: line 1 column 21 (char 20)
ERROR:root:[193702402] no usable data lines found, Subject: Job 193702402: <mpirun --mca coll_tuned_use_dynamic_rules 1 --mca coll_tuned_allgather_algorithm 6 -np 32 code/build_output/main -n 7000 -m 7000 -t 20 -i allgather-native-sparbit> in cluster <euler> Exited
ERROR:root:[193702499] failed to parse line 87, "Subject: Job 193702499: <mpirun -np 32 code/build_output/main -n 7000 -m 7000 -t 20 -i rabenseifner-gather> in cluster <euler> Done": Extra data: line 1 column 21 (char 20)
ERROR:root:[193702560] no usable data lines found, Subject: Job 193702560: <mpirun --mca coll_tuned_use_dynamic_rules 1 --mca coll_tuned_allgather_algorithm 6 -np 8 code/build_output/main -n 7500 -m 7500 -t 20 -i allgather-native-sparbit> in cluster <euler> Exited
ERROR:root:[193702668] failed to parse line 63, "Subject: Job 193702668: <mpirun -np 8 code/build_output/main -n 7500 -m 7500 -t 20 -i rabenseifner-gather> in cluster <euler> Done": Extra data: line 1 column 21 (char 20)
ERROR:root:[193702744] no usable data lines found, Subject: Job 193702744: <mpirun --mca coll_tuned_use_dynamic_rules 1 --mca coll_tuned_allgather_algorithm 6 -np 16 code/build_output/main -n 7500 -m 7500 -t 20 -i allgather-native-sparbit> in cluster <euler> Exited
ERROR:root:[193702843] failed to parse line 71, "Subject: Job 193702843: <mpirun -np 16 code/build_output/main -n 7500 -m 7500 -t 20 -i rabenseifner-gather> in cluster <euler> Done": Extra data: line 1 column 21 (char 20)
ERROR:root:[193702902] no usable data lines found, Subject: Job 193702902: <mpirun --mca coll_tuned_use_dynamic_rules 1 --mca coll_tuned_allgather_algorithm 6 -np 32 code/build_output/main -n 7500 -m 7500 -t 20 -i allgather-native-sparbit> in cluster <euler> Exited
ERROR:root:[193703012] failed to parse line 87, "Subject: Job 193703012: <mpirun -np 32 code/build_output/main -n 7500 -m 7500 -t 20 -i rabenseifner-gather> in cluster <euler> Done": Extra data: line 1 column 21 (char 20)
ERROR:root:[193703071] no usable data lines found, Subject: Job 193703071: <mpirun --mca coll_tuned_use_dynamic_rules 1 --mca coll_tuned_allgather_algorithm 6 -np 8 code/build_output/main -n 8000 -m 8000 -t 20 -i allgather-native-sparbit> in cluster <euler> Exited
ERROR:root:[193703181] failed to parse line 63, "Subject: Job 193703181: <mpirun -np 8 code/build_output/main -n 8000 -m 8000 -t 20 -i rabenseifner-gather> in cluster <euler> Done": Extra data: line 1 column 21 (char 20)
ERROR:root:[193703270] no usable data lines found, Subject: Job 193703270: <mpirun --mca coll_tuned_use_dynamic_rules 1 --mca coll_tuned_allgather_algorithm 6 -np 16 code/build_output/main -n 8000 -m 8000 -t 20 -i allgather-native-sparbit> in cluster <euler> Exited
ERROR:root:[193703397] failed to parse line 71, "Subject: Job 193703397: <mpirun -np 16 code/build_output/main -n 8000 -m 8000 -t 20 -i rabenseifner-gather> in cluster <euler> Done": Extra data: line 1 column 21 (char 20)
ERROR:root:[193703454] no usable data lines found, Subject: Job 193703454: <mpirun --mca coll_tuned_use_dynamic_rules 1 --mca coll_tuned_allgather_algorithm 6 -np 32 code/build_output/main -n 8000 -m 8000 -t 20 -i allgather-native-sparbit> in cluster <euler> Exited
ERROR:root:[193703546] failed to parse line 87, "Subject: Job 193703546: <mpirun -np 32 code/build_output/main -n 8000 -m 8000 -t 20 -i rabenseifner-gather> in cluster <euler> Done": Extra data: line 1 column 21 (char 20)
ERROR:root:[193696935] no usable data lines found, Subject: Job 193696935: <mpirun --mca coll_tuned_use_dynamic_rules 1 --mca coll_tuned_allgather_algorithm 6 -np 8 code/build_output/main -n 1000 -m 1000 -t 20 -i allgather-native-sparbit> in cluster <euler> Exited
ERROR:root:[193696980] failed to parse line 63, "Subject: Job 193696980: <mpirun -np 8 code/build_output/main -n 1000 -m 1000 -t 20 -i rabenseifner-gather> in cluster <euler> Done": Extra data: line 1 column 21 (char 20)
ERROR:root:[193697027] no usable data lines found, Subject: Job 193697027: <mpirun --mca coll_tuned_use_dynamic_rules 1 --mca coll_tuned_allgather_algorithm 6 -np 16 code/build_output/main -n 1000 -m 1000 -t 20 -i allgather-native-sparbit> in cluster <euler> Exited
ERROR:root:[193697087] failed to parse line 71, "Subject: Job 193697087: <mpirun -np 16 code/build_output/main -n 1000 -m 1000 -t 20 -i rabenseifner-gather> in cluster <euler> Done": Extra data: line 1 column 21 (char 20)
ERROR:root:[193697111] no usable data lines found, Subject: Job 193697111: <mpirun --mca coll_tuned_use_dynamic_rules 1 --mca coll_tuned_allgather_algorithm 6 -np 32 code/build_output/main -n 1000 -m 1000 -t 20 -i allgather-native-sparbit> in cluster <euler> Exited
ERROR:root:[193697168] failed to parse line 87, "Subject: Job 193697168: <mpirun -np 32 code/build_output/main -n 1000 -m 1000 -t 20 -i rabenseifner-gather> in cluster <euler> Done": Extra data: line 1 column 21 (char 20)
ERROR:root:[193697203] no usable data lines found, Subject: Job 193697203: <mpirun --mca coll_tuned_use_dynamic_rules 1 --mca coll_tuned_allgather_algorithm 6 -np 8 code/build_output/main -n 1500 -m 1500 -t 20 -i allgather-native-sparbit> in cluster <euler> Exited
ERROR:root:[193697245] failed to parse line 63, "Subject: Job 193697245: <mpirun -np 8 code/build_output/main -n 1500 -m 1500 -t 20 -i rabenseifner-gather> in cluster <euler> Done": Extra data: line 1 column 21 (char 20)
ERROR:root:[193697273] no usable data lines found, Subject: Job 193697273: <mpirun --mca coll_tuned_use_dynamic_rules 1 --mca coll_tuned_allgather_algorithm 6 -np 16 code/build_output/main -n 1500 -m 1500 -t 20 -i allgather-native-sparbit> in cluster <euler> Exited
ERROR:root:[193697321] failed to parse line 71, "Subject: Job 193697321: <mpirun -np 16 code/build_output/main -n 1500 -m 1500 -t 20 -i rabenseifner-gather> in cluster <euler> Done": Extra data: line 1 column 21 (char 20)
ERROR:root:[193697362] no usable data lines found, Subject: Job 193697362: <mpirun --mca coll_tuned_use_dynamic_rules 1 --mca coll_tuned_allgather_algorithm 6 -np 32 code/build_output/main -n 1500 -m 1500 -t 20 -i allgather-native-sparbit> in cluster <euler> Exited
ERROR:root:[193697429] failed to parse line 87, "Subject: Job 193697429: <mpirun -np 32 code/build_output/main -n 1500 -m 1500 -t 20 -i rabenseifner-gather> in cluster <euler> Done": Extra data: line 1 column 21 (char 20)
ERROR:root:[193697458] no usable data lines found, Subject: Job 193697458: <mpirun --mca coll_tuned_use_dynamic_rules 1 --mca coll_tuned_allgather_algorithm 6 -np 8 code/build_output/main -n 2000 -m 2000 -t 20 -i allgather-native-sparbit> in cluster <euler> Exited
ERROR:root:[193697521] failed to parse line 63, "Subject: Job 193697521: <mpirun -np 8 code/build_output/main -n 2000 -m 2000 -t 20 -i rabenseifner-gather> in cluster <euler> Done": Extra data: line 1 column 21 (char 20)
ERROR:root:[193697571] no usable data lines found, Subject: Job 193697571: <mpirun --mca coll_tuned_use_dynamic_rules 1 --mca coll_tuned_allgather_algorithm 6 -np 16 code/build_output/main -n 2000 -m 2000 -t 20 -i allgather-native-sparbit> in cluster <euler> Exited
ERROR:root:[193697631] failed to parse line 71, "Subject: Job 193697631: <mpirun -np 16 code/build_output/main -n 2000 -m 2000 -t 20 -i rabenseifner-gather> in cluster <euler> Done": Extra data: line 1 column 21 (char 20)
ERROR:root:[193697656] no usable data lines found, Subject: Job 193697656: <mpirun --mca coll_tuned_use_dynamic_rules 1 --mca coll_tuned_allgather_algorithm 6 -np 32 code/build_output/main -n 2000 -m 2000 -t 20 -i allgather-native-sparbit> in cluster <euler> Exited
ERROR:root:[193697730] failed to parse line 87, "Subject: Job 193697730: <mpirun -np 32 code/build_output/main -n 2000 -m 2000 -t 20 -i rabenseifner-gather> in cluster <euler> Done": Extra data: line 1 column 21 (char 20)
ERROR:root:[193697755] no usable data lines found, Subject: Job 193697755: <mpirun --mca coll_tuned_use_dynamic_rules 1 --mca coll_tuned_allgather_algorithm 6 -np 8 code/build_output/main -n 2500 -m 2500 -t 20 -i allgather-native-sparbit> in cluster <euler> Exited
ERROR:root:[193697795] failed to parse line 63, "Subject: Job 193697795: <mpirun -np 8 code/build_output/main -n 2500 -m 2500 -t 20 -i rabenseifner-gather> in cluster <euler> Done": Extra data: line 1 column 21 (char 20)
ERROR:root:[193697839] no usable data lines found, Subject: Job 193697839: <mpirun --mca coll_tuned_use_dynamic_rules 1 --mca coll_tuned_allgather_algorithm 6 -np 16 code/build_output/main -n 2500 -m 2500 -t 20 -i allgather-native-sparbit> in cluster <euler> Exited
ERROR:root:[193697879] failed to parse line 71, "Subject: Job 193697879: <mpirun -np 16 code/build_output/main -n 2500 -m 2500 -t 20 -i rabenseifner-gather> in cluster <euler> Done": Extra data: line 1 column 21 (char 20)
ERROR:root:[193697905] no usable data lines found, Subject: Job 193697905: <mpirun --mca coll_tuned_use_dynamic_rules 1 --mca coll_tuned_allgather_algorithm 6 -np 32 code/build_output/main -n 2500 -m 2500 -t 20 -i allgather-native-sparbit> in cluster <euler> Exited
ERROR:root:[193697944] failed to parse line 87, "Subject: Job 193697944: <mpirun -np 32 code/build_output/main -n 2500 -m 2500 -t 20 -i rabenseifner-gather> in cluster <euler> Done": Extra data: line 1 column 21 (char 20)
ERROR:root:[193697971] no usable data lines found, Subject: Job 193697971: <mpirun --mca coll_tuned_use_dynamic_rules 1 --mca coll_tuned_allgather_algorithm 6 -np 8 code/build_output/main -n 3000 -m 3000 -t 20 -i allgather-native-sparbit> in cluster <euler> Exited
ERROR:root:[193698080] failed to parse line 63, "Subject: Job 193698080: <mpirun -np 8 code/build_output/main -n 3000 -m 3000 -t 20 -i rabenseifner-gather> in cluster <euler> Done": Extra data: line 1 column 21 (char 20)
ERROR:root:[193698154] no usable data lines found, Subject: Job 193698154: <mpirun --mca coll_tuned_use_dynamic_rules 1 --mca coll_tuned_allgather_algorithm 6 -np 16 code/build_output/main -n 3000 -m 3000 -t 20 -i allgather-native-sparbit> in cluster <euler> Exited
ERROR:root:[193698248] failed to parse line 71, "Subject: Job 193698248: <mpirun -np 16 code/build_output/main -n 3000 -m 3000 -t 20 -i rabenseifner-gather> in cluster <euler> Done": Extra data: line 1 column 21 (char 20)
ERROR:root:[193698316] no usable data lines found, Subject: Job 193698316: <mpirun --mca coll_tuned_use_dynamic_rules 1 --mca coll_tuned_allgather_algorithm 6 -np 32 code/build_output/main -n 3000 -m 3000 -t 20 -i allgather-native-sparbit> in cluster <euler> Exited
ERROR:root:[193698472] failed to parse line 87, "Subject: Job 193698472: <mpirun -np 32 code/build_output/main -n 3000 -m 3000 -t 20 -i rabenseifner-gather> in cluster <euler> Done": Extra data: line 1 column 21 (char 20)
ERROR:root:[193698520] no usable data lines found, Subject: Job 193698520: <mpirun --mca coll_tuned_use_dynamic_rules 1 --mca coll_tuned_allgather_algorithm 6 -np 8 code/build_output/main -n 3500 -m 3500 -t 20 -i allgather-native-sparbit> in cluster <euler> Exited
ERROR:root:[193698652] failed to parse line 63, "Subject: Job 193698652: <mpirun -np 8 code/build_output/main -n 3500 -m 3500 -t 20 -i rabenseifner-gather> in cluster <euler> Done": Extra data: line 1 column 21 (char 20)
ERROR:root:[193698718] no usable data lines found, Subject: Job 193698718: <mpirun --mca coll_tuned_use_dynamic_rules 1 --mca coll_tuned_allgather_algorithm 6 -np 16 code/build_output/main -n 3500 -m 3500 -t 20 -i allgather-native-sparbit> in cluster <euler> Exited
ERROR:root:[193698811] failed to parse line 71, "Subject: Job 193698811: <mpirun -np 16 code/build_output/main -n 3500 -m 3500 -t 20 -i rabenseifner-gather> in cluster <euler> Done": Extra data: line 1 column 21 (char 20)
ERROR:root:[193698856] no usable data lines found, Subject: Job 193698856: <mpirun --mca coll_tuned_use_dynamic_rules 1 --mca coll_tuned_allgather_algorithm 6 -np 32 code/build_output/main -n 3500 -m 3500 -t 20 -i allgather-native-sparbit> in cluster <euler> Exited
ERROR:root:[193698960] failed to parse line 87, "Subject: Job 193698960: <mpirun -np 32 code/build_output/main -n 3500 -m 3500 -t 20 -i rabenseifner-gather> in cluster <euler> Done": Extra data: line 1 column 21 (char 20)
ERROR:root:[193699027] no usable data lines found, Subject: Job 193699027: <mpirun --mca coll_tuned_use_dynamic_rules 1 --mca coll_tuned_allgather_algorithm 6 -np 8 code/build_output/main -n 4000 -m 4000 -t 20 -i allgather-native-sparbit> in cluster <euler> Exited
ERROR:root:[193699127] failed to parse line 63, "Subject: Job 193699127: <mpirun -np 8 code/build_output/main -n 4000 -m 4000 -t 20 -i rabenseifner-gather> in cluster <euler> Done": Extra data: line 1 column 21 (char 20)
ERROR:root:[193699178] no usable data lines found, Subject: Job 193699178: <mpirun --mca coll_tuned_use_dynamic_rules 1 --mca coll_tuned_allgather_algorithm 6 -np 16 code/build_output/main -n 4000 -m 4000 -t 20 -i allgather-native-sparbit> in cluster <euler> Exited
ERROR:root:[193699274] failed to parse line 71, "Subject: Job 193699274: <mpirun -np 16 code/build_output/main -n 4000 -m 4000 -t 20 -i rabenseifner-gather> in cluster <euler> Done": Extra data: line 1 column 21 (char 20)
ERROR:root:[193699334] no usable data lines found, Subject: Job 193699334: <mpirun --mca coll_tuned_use_dynamic_rules 1 --mca coll_tuned_allgather_algorithm 6 -np 32 code/build_output/main -n 4000 -m 4000 -t 20 -i allgather-native-sparbit> in cluster <euler> Exited
ERROR:root:[193699500] failed to parse line 87, "Subject: Job 193699500: <mpirun -np 32 code/build_output/main -n 4000 -m 4000 -t 20 -i rabenseifner-gather> in cluster <euler> Done": Extra data: line 1 column 21 (char 20)
ERROR:root:[193699621] no usable data lines found, Subject: Job 193699621: <mpirun --mca coll_tuned_use_dynamic_rules 1 --mca coll_tuned_allgather_algorithm 6 -np 8 code/build_output/main -n 4500 -m 4500 -t 20 -i allgather-native-sparbit> in cluster <euler> Exited
ERROR:root:[193699746] failed to parse line 63, "Subject: Job 193699746: <mpirun -np 8 code/build_output/main -n 4500 -m 4500 -t 20 -i rabenseifner-gather> in cluster <euler> Done": Extra data: line 1 column 21 (char 20)
ERROR:root:[193699820] no usable data lines found, Subject: Job 193699820: <mpirun --mca coll_tuned_use_dynamic_rules 1 --mca coll_tuned_allgather_algorithm 6 -np 16 code/build_output/main -n 4500 -m 4500 -t 20 -i allgather-native-sparbit> in cluster <euler> Exited
ERROR:root:[193699918] failed to parse line 71, "Subject: Job 193699918: <mpirun -np 16 code/build_output/main -n 4500 -m 4500 -t 20 -i rabenseifner-gather> in cluster <euler> Done": Extra data: line 1 column 21 (char 20)
ERROR:root:[193699978] no usable data lines found, Subject: Job 193699978: <mpirun --mca coll_tuned_use_dynamic_rules 1 --mca coll_tuned_allgather_algorithm 6 -np 32 code/build_output/main -n 4500 -m 4500 -t 20 -i allgather-native-sparbit> in cluster <euler> Exited
ERROR:root:[193700059] failed to parse line 87, "Subject: Job 193700059: <mpirun -np 32 code/build_output/main -n 4500 -m 4500 -t 20 -i rabenseifner-gather> in cluster <euler> Done": Extra data: line 1 column 21 (char 20)
ERROR:root:[193700102] no usable data lines found, Subject: Job 193700102: <mpirun --mca coll_tuned_use_dynamic_rules 1 --mca coll_tuned_allgather_algorithm 6 -np 8 code/build_output/main -n 5000 -m 5000 -t 20 -i allgather-native-sparbit> in cluster <euler> Exited
ERROR:root:[193700200] failed to parse line 63, "Subject: Job 193700200: <mpirun -np 8 code/build_output/main -n 5000 -m 5000 -t 20 -i rabenseifner-gather> in cluster <euler> Done": Extra data: line 1 column 21 (char 20)
ERROR:root:[193700263] no usable data lines found, Subject: Job 193700263: <mpirun --mca coll_tuned_use_dynamic_rules 1 --mca coll_tuned_allgather_algorithm 6 -np 16 code/build_output/main -n 5000 -m 5000 -t 20 -i allgather-native-sparbit> in cluster <euler> Exited
ERROR:root:[193700280] no usable data lines found, Subject: Job 193700280: <mpirun -np 16 code/build_output/main -n 5000 -m 5000 -t 20 -i allreduce-butterfly> in cluster <euler> Exited
ERROR:root:[193700390] failed to parse line 71, "Subject: Job 193700390: <mpirun -np 16 code/build_output/main -n 5000 -m 5000 -t 20 -i rabenseifner-gather> in cluster <euler> Done": Extra data: line 1 column 21 (char 20)
ERROR:root:[193700439] no usable data lines found, Subject: Job 193700439: <mpirun --mca coll_tuned_use_dynamic_rules 1 --mca coll_tuned_allgather_algorithm 6 -np 32 code/build_output/main -n 5000 -m 5000 -t 20 -i allgather-native-sparbit> in cluster <euler> Exited
ERROR:root:[193700517] failed to parse line 87, "Subject: Job 193700517: <mpirun -np 32 code/build_output/main -n 5000 -m 5000 -t 20 -i rabenseifner-gather> in cluster <euler> Done": Extra data: line 1 column 21 (char 20)
ERROR:root:[193700569] no usable data lines found, Subject: Job 193700569: <mpirun --mca coll_tuned_use_dynamic_rules 1 --mca coll_tuned_allgather_algorithm 6 -np 8 code/build_output/main -n 5500 -m 5500 -t 20 -i allgather-native-sparbit> in cluster <euler> Exited
ERROR:root:[193700679] failed to parse line 63, "Subject: Job 193700679: <mpirun -np 8 code/build_output/main -n 5500 -m 5500 -t 20 -i rabenseifner-gather> in cluster <euler> Done": Extra data: line 1 column 21 (char 20)
ERROR:root:[193700747] no usable data lines found, Subject: Job 193700747: <mpirun --mca coll_tuned_use_dynamic_rules 1 --mca coll_tuned_allgather_algorithm 6 -np 16 code/build_output/main -n 5500 -m 5500 -t 20 -i allgather-native-sparbit> in cluster <euler> Exited
ERROR:root:[193700857] failed to parse line 71, "Subject: Job 193700857: <mpirun -np 16 code/build_output/main -n 5500 -m 5500 -t 20 -i rabenseifner-gather> in cluster <euler> Done": Extra data: line 1 column 21 (char 20)
ERROR:root:[193700912] no usable data lines found, Subject: Job 193700912: <mpirun --mca coll_tuned_use_dynamic_rules 1 --mca coll_tuned_allgather_algorithm 6 -np 32 code/build_output/main -n 5500 -m 5500 -t 20 -i allgather-native-sparbit> in cluster <euler> Exited
ERROR:root:[193700996] failed to parse line 87, "Subject: Job 193700996: <mpirun -np 32 code/build_output/main -n 5500 -m 5500 -t 20 -i rabenseifner-gather> in cluster <euler> Done": Extra data: line 1 column 21 (char 20)
ERROR:root:[193701043] no usable data lines found, Subject: Job 193701043: <mpirun --mca coll_tuned_use_dynamic_rules 1 --mca coll_tuned_allgather_algorithm 6 -np 8 code/build_output/main -n 6000 -m 6000 -t 20 -i allgather-native-sparbit> in cluster <euler> Exited
ERROR:root:[193701152] failed to parse line 63, "Subject: Job 193701152: <mpirun -np 8 code/build_output/main -n 6000 -m 6000 -t 20 -i rabenseifner-gather> in cluster <euler> Done": Extra data: line 1 column 21 (char 20)
ERROR:root:[193701228] no usable data lines found, Subject: Job 193701228: <mpirun --mca coll_tuned_use_dynamic_rules 1 --mca coll_tuned_allgather_algorithm 6 -np 16 code/build_output/main -n 6000 -m 6000 -t 20 -i allgather-native-sparbit> in cluster <euler> Exited
ERROR:root:[193701325] failed to parse line 71, "Subject: Job 193701325: <mpirun -np 16 code/build_output/main -n 6000 -m 6000 -t 20 -i rabenseifner-gather> in cluster <euler> Done": Extra data: line 1 column 21 (char 20)
ERROR:root:[193701382] no usable data lines found, Subject: Job 193701382: <mpirun --mca coll_tuned_use_dynamic_rules 1 --mca coll_tuned_allgather_algorithm 6 -np 32 code/build_output/main -n 6000 -m 6000 -t 20 -i allgather-native-sparbit> in cluster <euler> Exited
ERROR:root:[193701480] failed to parse line 87, "Subject: Job 193701480: <mpirun -np 32 code/build_output/main -n 6000 -m 6000 -t 20 -i rabenseifner-gather> in cluster <euler> Done": Extra data: line 1 column 21 (char 20)
ERROR:root:[193701530] no usable data lines found, Subject: Job 193701530: <mpirun --mca coll_tuned_use_dynamic_rules 1 --mca coll_tuned_allgather_algorithm 6 -np 8 code/build_output/main -n 6500 -m 6500 -t 20 -i allgather-native-sparbit> in cluster <euler> Exited
ERROR:root:[193701617] failed to parse line 63, "Subject: Job 193701617: <mpirun -np 8 code/build_output/main -n 6500 -m 6500 -t 20 -i rabenseifner-gather> in cluster <euler> Done": Extra data: line 1 column 21 (char 20)
ERROR:root:[193701680] no usable data lines found, Subject: Job 193701680: <mpirun --mca coll_tuned_use_dynamic_rules 1 --mca coll_tuned_allgather_algorithm 6 -np 16 code/build_output/main -n 6500 -m 6500 -t 20 -i allgather-native-sparbit> in cluster <euler> Exited
ERROR:root:[193701794] failed to parse line 71, "Subject: Job 193701794: <mpirun -np 16 code/build_output/main -n 6500 -m 6500 -t 20 -i rabenseifner-gather> in cluster <euler> Done": Extra data: line 1 column 21 (char 20)
ERROR:root:[193701862] no usable data lines found, Subject: Job 193701862: <mpirun --mca coll_tuned_use_dynamic_rules 1 --mca coll_tuned_allgather_algorithm 6 -np 32 code/build_output/main -n 6500 -m 6500 -t 20 -i allgather-native-sparbit> in cluster <euler> Exited
ERROR:root:[193701988] failed to parse line 87, "Subject: Job 193701988: <mpirun -np 32 code/build_output/main -n 6500 -m 6500 -t 20 -i rabenseifner-gather> in cluster <euler> Done": Extra data: line 1 column 21 (char 20)
ERROR:root:[193702045] no usable data lines found, Subject: Job 193702045: <mpirun --mca coll_tuned_use_dynamic_rules 1 --mca coll_tuned_allgather_algorithm 6 -np 8 code/build_output/main -n 7000 -m 7000 -t 20 -i allgather-native-sparbit> in cluster <euler> Exited
ERROR:root:[193702077] no usable data lines found, Subject: Job 193702077: <mpirun --mca coll_tuned_use_dynamic_rules 1 --mca coll_tuned_allreduce_algorithm 6 -np 8 code/build_output/main -n 7000 -m 7000 -t 20 -i allreduce-native-rabenseifner> in cluster <euler> Exited
ERROR:root:[193702129] failed to parse line 63, "Subject: Job 193702129: <mpirun -np 8 code/build_output/main -n 7000 -m 7000 -t 20 -i rabenseifner-gather> in cluster <euler> Done": Extra data: line 1 column 21 (char 20)
ERROR:root:[193702202] no usable data lines found, Subject: Job 193702202: <mpirun --mca coll_tuned_use_dynamic_rules 1 --mca coll_tuned_allgather_algorithm 6 -np 16 code/build_output/main -n 7000 -m 7000 -t 20 -i allgather-native-sparbit> in cluster <euler> Exited
ERROR:root:[193702324] failed to parse line 71, "Subject: Job 193702324: <mpirun -np 16 code/build_output/main -n 7000 -m 7000 -t 20 -i rabenseifner-gather> in cluster <euler> Done": Extra data: line 1 column 21 (char 20)
ERROR:root:[193702404] no usable data lines found, Subject: Job 193702404: <mpirun --mca coll_tuned_use_dynamic_rules 1 --mca coll_tuned_allgather_algorithm 6 -np 32 code/build_output/main -n 7000 -m 7000 -t 20 -i allgather-native-sparbit> in cluster <euler> Exited
ERROR:root:[193702502] failed to parse line 87, "Subject: Job 193702502: <mpirun -np 32 code/build_output/main -n 7000 -m 7000 -t 20 -i rabenseifner-gather> in cluster <euler> Done": Extra data: line 1 column 21 (char 20)
ERROR:root:[193702562] no usable data lines found, Subject: Job 193702562: <mpirun --mca coll_tuned_use_dynamic_rules 1 --mca coll_tuned_allgather_algorithm 6 -np 8 code/build_output/main -n 7500 -m 7500 -t 20 -i allgather-native-sparbit> in cluster <euler> Exited
ERROR:root:[193702671] failed to parse line 63, "Subject: Job 193702671: <mpirun -np 8 code/build_output/main -n 7500 -m 7500 -t 20 -i rabenseifner-gather> in cluster <euler> Done": Extra data: line 1 column 21 (char 20)
ERROR:root:[193702747] no usable data lines found, Subject: Job 193702747: <mpirun --mca coll_tuned_use_dynamic_rules 1 --mca coll_tuned_allgather_algorithm 6 -np 16 code/build_output/main -n 7500 -m 7500 -t 20 -i allgather-native-sparbit> in cluster <euler> Exited
ERROR:root:[193702845] failed to parse line 71, "Subject: Job 193702845: <mpirun -np 16 code/build_output/main -n 7500 -m 7500 -t 20 -i rabenseifner-gather> in cluster <euler> Done": Extra data: line 1 column 21 (char 20)
ERROR:root:[193702906] no usable data lines found, Subject: Job 193702906: <mpirun --mca coll_tuned_use_dynamic_rules 1 --mca coll_tuned_allgather_algorithm 6 -np 32 code/build_output/main -n 7500 -m 7500 -t 20 -i allgather-native-sparbit> in cluster <euler> Exited
ERROR:root:[193703014] failed to parse line 87, "Subject: Job 193703014: <mpirun -np 32 code/build_output/main -n 7500 -m 7500 -t 20 -i rabenseifner-gather> in cluster <euler> Done": Extra data: line 1 column 21 (char 20)
ERROR:root:[193703073] no usable data lines found, Subject: Job 193703073: <mpirun --mca coll_tuned_use_dynamic_rules 1 --mca coll_tuned_allgather_algorithm 6 -np 8 code/build_output/main -n 8000 -m 8000 -t 20 -i allgather-native-sparbit> in cluster <euler> Exited
ERROR:root:[193703185] failed to parse line 63, "Subject: Job 193703185: <mpirun -np 8 code/build_output/main -n 8000 -m 8000 -t 20 -i rabenseifner-gather> in cluster <euler> Done": Extra data: line 1 column 21 (char 20)
ERROR:root:[193703274] no usable data lines found, Subject: Job 193703274: <mpirun --mca coll_tuned_use_dynamic_rules 1 --mca coll_tuned_allgather_algorithm 6 -np 16 code/build_output/main -n 8000 -m 8000 -t 20 -i allgather-native-sparbit> in cluster <euler> Exited
ERROR:root:[193703400] failed to parse line 71, "Subject: Job 193703400: <mpirun -np 16 code/build_output/main -n 8000 -m 8000 -t 20 -i rabenseifner-gather> in cluster <euler> Done": Extra data: line 1 column 21 (char 20)
ERROR:root:[193703456] no usable data lines found, Subject: Job 193703456: <mpirun --mca coll_tuned_use_dynamic_rules 1 --mca coll_tuned_allgather_algorithm 6 -np 32 code/build_output/main -n 8000 -m 8000 -t 20 -i allgather-native-sparbit> in cluster <euler> Exited
ERROR:root:[193703549] failed to parse line 87, "Subject: Job 193703549: <mpirun -np 32 code/build_output/main -n 8000 -m 8000 -t 20 -i rabenseifner-gather> in cluster <euler> Done": Extra data: line 1 column 21 (char 20)
ERROR:root:[193696936] no usable data lines found, Subject: Job 193696936: <mpirun --mca coll_tuned_use_dynamic_rules 1 --mca coll_tuned_allgather_algorithm 6 -np 8 code/build_output/main -n 1000 -m 1000 -t 20 -i allgather-native-sparbit> in cluster <euler> Exited
ERROR:root:[193696982] failed to parse line 63, "Subject: Job 193696982: <mpirun -np 8 code/build_output/main -n 1000 -m 1000 -t 20 -i rabenseifner-gather> in cluster <euler> Done": Extra data: line 1 column 21 (char 20)
ERROR:root:[193697029] no usable data lines found, Subject: Job 193697029: <mpirun --mca coll_tuned_use_dynamic_rules 1 --mca coll_tuned_allgather_algorithm 6 -np 16 code/build_output/main -n 1000 -m 1000 -t 20 -i allgather-native-sparbit> in cluster <euler> Exited
ERROR:root:[193697088] failed to parse line 71, "Subject: Job 193697088: <mpirun -np 16 code/build_output/main -n 1000 -m 1000 -t 20 -i rabenseifner-gather> in cluster <euler> Done": Extra data: line 1 column 21 (char 20)
ERROR:root:[193697112] no usable data lines found, Subject: Job 193697112: <mpirun --mca coll_tuned_use_dynamic_rules 1 --mca coll_tuned_allgather_algorithm 6 -np 32 code/build_output/main -n 1000 -m 1000 -t 20 -i allgather-native-sparbit> in cluster <euler> Exited
ERROR:root:[193697170] failed to parse line 87, "Subject: Job 193697170: <mpirun -np 32 code/build_output/main -n 1000 -m 1000 -t 20 -i rabenseifner-gather> in cluster <euler> Done": Extra data: line 1 column 21 (char 20)
ERROR:root:[193697204] no usable data lines found, Subject: Job 193697204: <mpirun --mca coll_tuned_use_dynamic_rules 1 --mca coll_tuned_allgather_algorithm 6 -np 8 code/build_output/main -n 1500 -m 1500 -t 20 -i allgather-native-sparbit> in cluster <euler> Exited
ERROR:root:[193697246] failed to parse line 63, "Subject: Job 193697246: <mpirun -np 8 code/build_output/main -n 1500 -m 1500 -t 20 -i rabenseifner-gather> in cluster <euler> Done": Extra data: line 1 column 21 (char 20)
ERROR:root:[193697274] no usable data lines found, Subject: Job 193697274: <mpirun --mca coll_tuned_use_dynamic_rules 1 --mca coll_tuned_allgather_algorithm 6 -np 16 code/build_output/main -n 1500 -m 1500 -t 20 -i allgather-native-sparbit> in cluster <euler> Exited
ERROR:root:[193697322] failed to parse line 71, "Subject: Job 193697322: <mpirun -np 16 code/build_output/main -n 1500 -m 1500 -t 20 -i rabenseifner-gather> in cluster <euler> Done": Extra data: line 1 column 21 (char 20)
ERROR:root:[193697364] no usable data lines found, Subject: Job 193697364: <mpirun --mca coll_tuned_use_dynamic_rules 1 --mca coll_tuned_allgather_algorithm 6 -np 32 code/build_output/main -n 1500 -m 1500 -t 20 -i allgather-native-sparbit> in cluster <euler> Exited
ERROR:root:[193697430] failed to parse line 87, "Subject: Job 193697430: <mpirun -np 32 code/build_output/main -n 1500 -m 1500 -t 20 -i rabenseifner-gather> in cluster <euler> Done": Extra data: line 1 column 21 (char 20)
ERROR:root:[193697459] no usable data lines found, Subject: Job 193697459: <mpirun --mca coll_tuned_use_dynamic_rules 1 --mca coll_tuned_allgather_algorithm 6 -np 8 code/build_output/main -n 2000 -m 2000 -t 20 -i allgather-native-sparbit> in cluster <euler> Exited
ERROR:root:[193697526] failed to parse line 63, "Subject: Job 193697526: <mpirun -np 8 code/build_output/main -n 2000 -m 2000 -t 20 -i rabenseifner-gather> in cluster <euler> Done": Extra data: line 1 column 21 (char 20)
ERROR:root:[193697572] no usable data lines found, Subject: Job 193697572: <mpirun --mca coll_tuned_use_dynamic_rules 1 --mca coll_tuned_allgather_algorithm 6 -np 16 code/build_output/main -n 2000 -m 2000 -t 20 -i allgather-native-sparbit> in cluster <euler> Exited
ERROR:root:[193697632] failed to parse line 71, "Subject: Job 193697632: <mpirun -np 16 code/build_output/main -n 2000 -m 2000 -t 20 -i rabenseifner-gather> in cluster <euler> Done": Extra data: line 1 column 21 (char 20)
ERROR:root:[193697657] no usable data lines found, Subject: Job 193697657: <mpirun --mca coll_tuned_use_dynamic_rules 1 --mca coll_tuned_allgather_algorithm 6 -np 32 code/build_output/main -n 2000 -m 2000 -t 20 -i allgather-native-sparbit> in cluster <euler> Exited
ERROR:root:[193697731] failed to parse line 87, "Subject: Job 193697731: <mpirun -np 32 code/build_output/main -n 2000 -m 2000 -t 20 -i rabenseifner-gather> in cluster <euler> Done": Extra data: line 1 column 21 (char 20)
ERROR:root:[193697756] no usable data lines found, Subject: Job 193697756: <mpirun --mca coll_tuned_use_dynamic_rules 1 --mca coll_tuned_allgather_algorithm 6 -np 8 code/build_output/main -n 2500 -m 2500 -t 20 -i allgather-native-sparbit> in cluster <euler> Exited
ERROR:root:[193697797] failed to parse line 63, "Subject: Job 193697797: <mpirun -np 8 code/build_output/main -n 2500 -m 2500 -t 20 -i rabenseifner-gather> in cluster <euler> Done": Extra data: line 1 column 21 (char 20)
ERROR:root:[193697841] no usable data lines found, Subject: Job 193697841: <mpirun --mca coll_tuned_use_dynamic_rules 1 --mca coll_tuned_allgather_algorithm 6 -np 16 code/build_output/main -n 2500 -m 2500 -t 20 -i allgather-native-sparbit> in cluster <euler> Exited
ERROR:root:[193697880] failed to parse line 71, "Subject: Job 193697880: <mpirun -np 16 code/build_output/main -n 2500 -m 2500 -t 20 -i rabenseifner-gather> in cluster <euler> Done": Extra data: line 1 column 21 (char 20)
ERROR:root:[193697906] no usable data lines found, Subject: Job 193697906: <mpirun --mca coll_tuned_use_dynamic_rules 1 --mca coll_tuned_allgather_algorithm 6 -np 32 code/build_output/main -n 2500 -m 2500 -t 20 -i allgather-native-sparbit> in cluster <euler> Exited
ERROR:root:[193697945] failed to parse line 87, "Subject: Job 193697945: <mpirun -np 32 code/build_output/main -n 2500 -m 2500 -t 20 -i rabenseifner-gather> in cluster <euler> Done": Extra data: line 1 column 21 (char 20)
ERROR:root:[193697974] no usable data lines found, Subject: Job 193697974: <mpirun --mca coll_tuned_use_dynamic_rules 1 --mca coll_tuned_allgather_algorithm 6 -np 8 code/build_output/main -n 3000 -m 3000 -t 20 -i allgather-native-sparbit> in cluster <euler> Exited
ERROR:root:[193698082] failed to parse line 63, "Subject: Job 193698082: <mpirun -np 8 code/build_output/main -n 3000 -m 3000 -t 20 -i rabenseifner-gather> in cluster <euler> Done": Extra data: line 1 column 21 (char 20)
ERROR:root:[193698161] no usable data lines found, Subject: Job 193698161: <mpirun --mca coll_tuned_use_dynamic_rules 1 --mca coll_tuned_allgather_algorithm 6 -np 16 code/build_output/main -n 3000 -m 3000 -t 20 -i allgather-native-sparbit> in cluster <euler> Exited
ERROR:root:[193698251] failed to parse line 71, "Subject: Job 193698251: <mpirun -np 16 code/build_output/main -n 3000 -m 3000 -t 20 -i rabenseifner-gather> in cluster <euler> Done": Extra data: line 1 column 21 (char 20)
ERROR:root:[193698320] no usable data lines found, Subject: Job 193698320: <mpirun --mca coll_tuned_use_dynamic_rules 1 --mca coll_tuned_allgather_algorithm 6 -np 32 code/build_output/main -n 3000 -m 3000 -t 20 -i allgather-native-sparbit> in cluster <euler> Exited
ERROR:root:[193698475] failed to parse line 87, "Subject: Job 193698475: <mpirun -np 32 code/build_output/main -n 3000 -m 3000 -t 20 -i rabenseifner-gather> in cluster <euler> Done": Extra data: line 1 column 21 (char 20)
ERROR:root:[193698523] no usable data lines found, Subject: Job 193698523: <mpirun --mca coll_tuned_use_dynamic_rules 1 --mca coll_tuned_allgather_algorithm 6 -np 8 code/build_output/main -n 3500 -m 3500 -t 20 -i allgather-native-sparbit> in cluster <euler> Exited
ERROR:root:[193698654] failed to parse line 63, "Subject: Job 193698654: <mpirun -np 8 code/build_output/main -n 3500 -m 3500 -t 20 -i rabenseifner-gather> in cluster <euler> Done": Extra data: line 1 column 21 (char 20)
ERROR:root:[193698721] no usable data lines found, Subject: Job 193698721: <mpirun --mca coll_tuned_use_dynamic_rules 1 --mca coll_tuned_allgather_algorithm 6 -np 16 code/build_output/main -n 3500 -m 3500 -t 20 -i allgather-native-sparbit> in cluster <euler> Exited
ERROR:root:[193698812] failed to parse line 71, "Subject: Job 193698812: <mpirun -np 16 code/build_output/main -n 3500 -m 3500 -t 20 -i rabenseifner-gather> in cluster <euler> Done": Extra data: line 1 column 21 (char 20)
ERROR:root:[193698858] no usable data lines found, Subject: Job 193698858: <mpirun --mca coll_tuned_use_dynamic_rules 1 --mca coll_tuned_allgather_algorithm 6 -np 32 code/build_output/main -n 3500 -m 3500 -t 20 -i allgather-native-sparbit> in cluster <euler> Exited
ERROR:root:[193698963] failed to parse line 87, "Subject: Job 193698963: <mpirun -np 32 code/build_output/main -n 3500 -m 3500 -t 20 -i rabenseifner-gather> in cluster <euler> Done": Extra data: line 1 column 21 (char 20)
ERROR:root:[193699030] no usable data lines found, Subject: Job 193699030: <mpirun --mca coll_tuned_use_dynamic_rules 1 --mca coll_tuned_allgather_algorithm 6 -np 8 code/build_output/main -n 4000 -m 4000 -t 20 -i allgather-native-sparbit> in cluster <euler> Exited
ERROR:root:[193699129] failed to parse line 63, "Subject: Job 193699129: <mpirun -np 8 code/build_output/main -n 4000 -m 4000 -t 20 -i rabenseifner-gather> in cluster <euler> Done": Extra data: line 1 column 21 (char 20)
ERROR:root:[193699180] no usable data lines found, Subject: Job 193699180: <mpirun --mca coll_tuned_use_dynamic_rules 1 --mca coll_tuned_allgather_algorithm 6 -np 16 code/build_output/main -n 4000 -m 4000 -t 20 -i allgather-native-sparbit> in cluster <euler> Exited
ERROR:root:[193699277] failed to parse line 71, "Subject: Job 193699277: <mpirun -np 16 code/build_output/main -n 4000 -m 4000 -t 20 -i rabenseifner-gather> in cluster <euler> Done": Extra data: line 1 column 21 (char 20)
ERROR:root:[193699335] no usable data lines found, Subject: Job 193699335: <mpirun --mca coll_tuned_use_dynamic_rules 1 --mca coll_tuned_allgather_algorithm 6 -np 32 code/build_output/main -n 4000 -m 4000 -t 20 -i allgather-native-sparbit> in cluster <euler> Exited
ERROR:root:[193699503] failed to parse line 87, "Subject: Job 193699503: <mpirun -np 32 code/build_output/main -n 4000 -m 4000 -t 20 -i rabenseifner-gather> in cluster <euler> Done": Extra data: line 1 column 21 (char 20)
ERROR:root:[193699623] no usable data lines found, Subject: Job 193699623: <mpirun --mca coll_tuned_use_dynamic_rules 1 --mca coll_tuned_allgather_algorithm 6 -np 8 code/build_output/main -n 4500 -m 4500 -t 20 -i allgather-native-sparbit> in cluster <euler> Exited
ERROR:root:[193699750] failed to parse line 63, "Subject: Job 193699750: <mpirun -np 8 code/build_output/main -n 4500 -m 4500 -t 20 -i rabenseifner-gather> in cluster <euler> Done": Extra data: line 1 column 21 (char 20)
ERROR:root:[193699822] no usable data lines found, Subject: Job 193699822: <mpirun --mca coll_tuned_use_dynamic_rules 1 --mca coll_tuned_allgather_algorithm 6 -np 16 code/build_output/main -n 4500 -m 4500 -t 20 -i allgather-native-sparbit> in cluster <euler> Exited
ERROR:root:[193699920] failed to parse line 71, "Subject: Job 193699920: <mpirun -np 16 code/build_output/main -n 4500 -m 4500 -t 20 -i rabenseifner-gather> in cluster <euler> Done": Extra data: line 1 column 21 (char 20)
ERROR:root:[193699980] no usable data lines found, Subject: Job 193699980: <mpirun --mca coll_tuned_use_dynamic_rules 1 --mca coll_tuned_allgather_algorithm 6 -np 32 code/build_output/main -n 4500 -m 4500 -t 20 -i allgather-native-sparbit> in cluster <euler> Exited
ERROR:root:[193700061] failed to parse line 87, "Subject: Job 193700061: <mpirun -np 32 code/build_output/main -n 4500 -m 4500 -t 20 -i rabenseifner-gather> in cluster <euler> Done": Extra data: line 1 column 21 (char 20)
ERROR:root:[193700104] no usable data lines found, Subject: Job 193700104: <mpirun --mca coll_tuned_use_dynamic_rules 1 --mca coll_tuned_allgather_algorithm 6 -np 8 code/build_output/main -n 5000 -m 5000 -t 20 -i allgather-native-sparbit> in cluster <euler> Exited
ERROR:root:[193700202] failed to parse line 63, "Subject: Job 193700202: <mpirun -np 8 code/build_output/main -n 5000 -m 5000 -t 20 -i rabenseifner-gather> in cluster <euler> Done": Extra data: line 1 column 21 (char 20)
ERROR:root:[193700266] no usable data lines found, Subject: Job 193700266: <mpirun --mca coll_tuned_use_dynamic_rules 1 --mca coll_tuned_allgather_algorithm 6 -np 16 code/build_output/main -n 5000 -m 5000 -t 20 -i allgather-native-sparbit> in cluster <euler> Exited
ERROR:root:[193700392] failed to parse line 71, "Subject: Job 193700392: <mpirun -np 16 code/build_output/main -n 5000 -m 5000 -t 20 -i rabenseifner-gather> in cluster <euler> Done": Extra data: line 1 column 21 (char 20)
ERROR:root:[193700442] no usable data lines found, Subject: Job 193700442: <mpirun --mca coll_tuned_use_dynamic_rules 1 --mca coll_tuned_allgather_algorithm 6 -np 32 code/build_output/main -n 5000 -m 5000 -t 20 -i allgather-native-sparbit> in cluster <euler> Exited
ERROR:root:[193700519] failed to parse line 87, "Subject: Job 193700519: <mpirun -np 32 code/build_output/main -n 5000 -m 5000 -t 20 -i rabenseifner-gather> in cluster <euler> Done": Extra data: line 1 column 21 (char 20)
ERROR:root:[193700571] no usable data lines found, Subject: Job 193700571: <mpirun --mca coll_tuned_use_dynamic_rules 1 --mca coll_tuned_allgather_algorithm 6 -np 8 code/build_output/main -n 5500 -m 5500 -t 20 -i allgather-native-sparbit> in cluster <euler> Exited
ERROR:root:[193700682] failed to parse line 63, "Subject: Job 193700682: <mpirun -np 8 code/build_output/main -n 5500 -m 5500 -t 20 -i rabenseifner-gather> in cluster <euler> Done": Extra data: line 1 column 21 (char 20)
ERROR:root:[193700750] no usable data lines found, Subject: Job 193700750: <mpirun --mca coll_tuned_use_dynamic_rules 1 --mca coll_tuned_allgather_algorithm 6 -np 16 code/build_output/main -n 5500 -m 5500 -t 20 -i allgather-native-sparbit> in cluster <euler> Exited
ERROR:root:[193700859] failed to parse line 71, "Subject: Job 193700859: <mpirun -np 16 code/build_output/main -n 5500 -m 5500 -t 20 -i rabenseifner-gather> in cluster <euler> Done": Extra data: line 1 column 21 (char 20)
ERROR:root:[193700914] no usable data lines found, Subject: Job 193700914: <mpirun --mca coll_tuned_use_dynamic_rules 1 --mca coll_tuned_allgather_algorithm 6 -np 32 code/build_output/main -n 5500 -m 5500 -t 20 -i allgather-native-sparbit> in cluster <euler> Exited
ERROR:root:[193700998] failed to parse line 87, "Subject: Job 193700998: <mpirun -np 32 code/build_output/main -n 5500 -m 5500 -t 20 -i rabenseifner-gather> in cluster <euler> Done": Extra data: line 1 column 21 (char 20)
ERROR:root:[193701046] no usable data lines found, Subject: Job 193701046: <mpirun --mca coll_tuned_use_dynamic_rules 1 --mca coll_tuned_allgather_algorithm 6 -np 8 code/build_output/main -n 6000 -m 6000 -t 20 -i allgather-native-sparbit> in cluster <euler> Exited
ERROR:root:[193701153] failed to parse line 63, "Subject: Job 193701153: <mpirun -np 8 code/build_output/main -n 6000 -m 6000 -t 20 -i rabenseifner-gather> in cluster <euler> Done": Extra data: line 1 column 21 (char 20)
ERROR:root:[193701232] no usable data lines found, Subject: Job 193701232: <mpirun --mca coll_tuned_use_dynamic_rules 1 --mca coll_tuned_allgather_algorithm 6 -np 16 code/build_output/main -n 6000 -m 6000 -t 20 -i allgather-native-sparbit> in cluster <euler> Exited
ERROR:root:[193701329] failed to parse line 71, "Subject: Job 193701329: <mpirun -np 16 code/build_output/main -n 6000 -m 6000 -t 20 -i rabenseifner-gather> in cluster <euler> Done": Extra data: line 1 column 21 (char 20)
ERROR:root:[193701384] no usable data lines found, Subject: Job 193701384: <mpirun --mca coll_tuned_use_dynamic_rules 1 --mca coll_tuned_allgather_algorithm 6 -np 32 code/build_output/main -n 6000 -m 6000 -t 20 -i allgather-native-sparbit> in cluster <euler> Exited
ERROR:root:[193701481] failed to parse line 87, "Subject: Job 193701481: <mpirun -np 32 code/build_output/main -n 6000 -m 6000 -t 20 -i rabenseifner-gather> in cluster <euler> Done": Extra data: line 1 column 21 (char 20)
ERROR:root:[193701531] no usable data lines found, Subject: Job 193701531: <mpirun --mca coll_tuned_use_dynamic_rules 1 --mca coll_tuned_allgather_algorithm 6 -np 8 code/build_output/main -n 6500 -m 6500 -t 20 -i allgather-native-sparbit> in cluster <euler> Exited
ERROR:root:[193701618] failed to parse line 63, "Subject: Job 193701618: <mpirun -np 8 code/build_output/main -n 6500 -m 6500 -t 20 -i rabenseifner-gather> in cluster <euler> Done": Extra data: line 1 column 21 (char 20)
ERROR:root:[193701682] no usable data lines found, Subject: Job 193701682: <mpirun --mca coll_tuned_use_dynamic_rules 1 --mca coll_tuned_allgather_algorithm 6 -np 16 code/build_output/main -n 6500 -m 6500 -t 20 -i allgather-native-sparbit> in cluster <euler> Exited
ERROR:root:[193701797] failed to parse line 71, "Subject: Job 193701797: <mpirun -np 16 code/build_output/main -n 6500 -m 6500 -t 20 -i rabenseifner-gather> in cluster <euler> Done": Extra data: line 1 column 21 (char 20)
ERROR:root:[193701871] no usable data lines found, Subject: Job 193701871: <mpirun --mca coll_tuned_use_dynamic_rules 1 --mca coll_tuned_allgather_algorithm 6 -np 32 code/build_output/main -n 6500 -m 6500 -t 20 -i allgather-native-sparbit> in cluster <euler> Exited
ERROR:root:[193701990] failed to parse line 87, "Subject: Job 193701990: <mpirun -np 32 code/build_output/main -n 6500 -m 6500 -t 20 -i rabenseifner-gather> in cluster <euler> Done": Extra data: line 1 column 21 (char 20)
ERROR:root:[193702047] no usable data lines found, Subject: Job 193702047: <mpirun --mca coll_tuned_use_dynamic_rules 1 --mca coll_tuned_allgather_algorithm 6 -np 8 code/build_output/main -n 7000 -m 7000 -t 20 -i allgather-native-sparbit> in cluster <euler> Exited
ERROR:root:[193702131] failed to parse line 63, "Subject: Job 193702131: <mpirun -np 8 code/build_output/main -n 7000 -m 7000 -t 20 -i rabenseifner-gather> in cluster <euler> Done": Extra data: line 1 column 21 (char 20)
ERROR:root:[193702205] no usable data lines found, Subject: Job 193702205: <mpirun --mca coll_tuned_use_dynamic_rules 1 --mca coll_tuned_allgather_algorithm 6 -np 16 code/build_output/main -n 7000 -m 7000 -t 20 -i allgather-native-sparbit> in cluster <euler> Exited
ERROR:root:[193702328] failed to parse line 71, "Subject: Job 193702328: <mpirun -np 16 code/build_output/main -n 7000 -m 7000 -t 20 -i rabenseifner-gather> in cluster <euler> Done": Extra data: line 1 column 21 (char 20)
ERROR:root:[193702407] no usable data lines found, Subject: Job 193702407: <mpirun --mca coll_tuned_use_dynamic_rules 1 --mca coll_tuned_allgather_algorithm 6 -np 32 code/build_output/main -n 7000 -m 7000 -t 20 -i allgather-native-sparbit> in cluster <euler> Exited
ERROR:root:[193702504] failed to parse line 87, "Subject: Job 193702504: <mpirun -np 32 code/build_output/main -n 7000 -m 7000 -t 20 -i rabenseifner-gather> in cluster <euler> Done": Extra data: line 1 column 21 (char 20)
ERROR:root:[193702564] no usable data lines found, Subject: Job 193702564: <mpirun --mca coll_tuned_use_dynamic_rules 1 --mca coll_tuned_allgather_algorithm 6 -np 8 code/build_output/main -n 7500 -m 7500 -t 20 -i allgather-native-sparbit> in cluster <euler> Exited
ERROR:root:[193702675] failed to parse line 63, "Subject: Job 193702675: <mpirun -np 8 code/build_output/main -n 7500 -m 7500 -t 20 -i rabenseifner-gather> in cluster <euler> Done": Extra data: line 1 column 21 (char 20)
ERROR:root:[193702751] no usable data lines found, Subject: Job 193702751: <mpirun --mca coll_tuned_use_dynamic_rules 1 --mca coll_tuned_allgather_algorithm 6 -np 16 code/build_output/main -n 7500 -m 7500 -t 20 -i allgather-native-sparbit> in cluster <euler> Exited
ERROR:root:[193702847] failed to parse line 71, "Subject: Job 193702847: <mpirun -np 16 code/build_output/main -n 7500 -m 7500 -t 20 -i rabenseifner-gather> in cluster <euler> Done": Extra data: line 1 column 21 (char 20)
ERROR:root:[193702909] no usable data lines found, Subject: Job 193702909: <mpirun --mca coll_tuned_use_dynamic_rules 1 --mca coll_tuned_allgather_algorithm 6 -np 32 code/build_output/main -n 7500 -m 7500 -t 20 -i allgather-native-sparbit> in cluster <euler> Exited
ERROR:root:[193703016] failed to parse line 87, "Subject: Job 193703016: <mpirun -np 32 code/build_output/main -n 7500 -m 7500 -t 20 -i rabenseifner-gather> in cluster <euler> Done": Extra data: line 1 column 21 (char 20)
ERROR:root:[193703077] no usable data lines found, Subject: Job 193703077: <mpirun --mca coll_tuned_use_dynamic_rules 1 --mca coll_tuned_allgather_algorithm 6 -np 8 code/build_output/main -n 8000 -m 8000 -t 20 -i allgather-native-sparbit> in cluster <euler> Exited
ERROR:root:[193703187] failed to parse line 63, "Subject: Job 193703187: <mpirun -np 8 code/build_output/main -n 8000 -m 8000 -t 20 -i rabenseifner-gather> in cluster <euler> Done": Extra data: line 1 column 21 (char 20)
ERROR:root:[193703278] no usable data lines found, Subject: Job 193703278: <mpirun --mca coll_tuned_use_dynamic_rules 1 --mca coll_tuned_allgather_algorithm 6 -np 16 code/build_output/main -n 8000 -m 8000 -t 20 -i allgather-native-sparbit> in cluster <euler> Exited
ERROR:root:[193703353] no usable data lines found, Subject: Job 193703353: <mpirun --mca coll_tuned_use_dynamic_rules 1 --mca coll_tuned_allreduce_algorithm 3 -np 16 code/build_output/main -n 8000 -m 8000 -t 20 -i allreduce-native-recursive_doubling> in cluster <euler> Exited
ERROR:root:[193703402] failed to parse line 71, "Subject: Job 193703402: <mpirun -np 16 code/build_output/main -n 8000 -m 8000 -t 20 -i rabenseifner-gather> in cluster <euler> Done": Extra data: line 1 column 21 (char 20)
ERROR:root:[193703458] no usable data lines found, Subject: Job 193703458: <mpirun --mca coll_tuned_use_dynamic_rules 1 --mca coll_tuned_allgather_algorithm 6 -np 32 code/build_output/main -n 8000 -m 8000 -t 20 -i allgather-native-sparbit> in cluster <euler> Exited
ERROR:root:[193703551] failed to parse line 87, "Subject: Job 193703551: <mpirun -np 32 code/build_output/main -n 8000 -m 8000 -t 20 -i rabenseifner-gather> in cluster <euler> Done": Extra data: line 1 column 21 (char 20)
