0: Starting numprocs=32 N=16, M=16 impl=rabenseifner-gather
Iteration 0
7: Starting numprocs=32 N=16, M=16 impl=rabenseifner-gather
18: Starting numprocs=32 N=16, M=16 impl=rabenseifner-gather
3: Starting numprocs=32 N=16, M=16 impl=rabenseifner-gather
30: Starting numprocs=32 N=16, M=16 impl=rabenseifner-gather
13: Starting numprocs=32 N=16, M=16 impl=rabenseifner-gather
19: Starting numprocs=32 N=16, M=16 impl=rabenseifner-gather
28: Starting numprocs=32 N=16, M=16 impl=rabenseifner-gather
8: Starting numprocs=32 N=16, M=16 impl=rabenseifner-gather
15: Starting numprocs=32 N=16, M=16 impl=rabenseifner-gather
14: Starting numprocs=32 N=16, M=16 impl=rabenseifner-gather
29: Starting numprocs=32 N=16, M=16 impl=rabenseifner-gather
27: Starting numprocs=32 N=16, M=16 impl=rabenseifner-gather
9: Starting numprocs=32 N=16, M=16 impl=rabenseifner-gather
11: Starting numprocs=32 N=16, M=16 impl=rabenseifner-gather
17: Starting numprocs=32 N=16, M=16 impl=rabenseifner-gather
10: Starting numprocs=32 N=16, M=16 impl=rabenseifner-gather
5: Starting numprocs=32 N=16, M=16 impl=rabenseifner-gather
2: Starting numprocs=32 N=16, M=16 impl=rabenseifner-gather
21: Starting numprocs=32 N=16, M=16 impl=rabenseifner-gather
26: Starting numprocs=32 N=16, M=16 impl=rabenseifner-gather
12: Starting numprocs=32 N=16, M=16 impl=rabenseifner-gather
20: Starting numprocs=32 N=16, M=16 impl=rabenseifner-gather
22: Starting numprocs=32 N=16, M=16 impl=rabenseifner-gather
6: Starting numprocs=32 N=16, M=16 impl=rabenseifner-gather
23: Starting numprocs=32 N=16, M=16 impl=rabenseifner-gather
25: Starting numprocs=32 N=16, M=16 impl=rabenseifner-gather
31: Starting numprocs=32 N=16, M=16 impl=rabenseifner-gather
24: Starting numprocs=32 N=16, M=16 impl=rabenseifner-gather
4: Starting numprocs=32 N=16, M=16 impl=rabenseifner-gather
1: Starting numprocs=32 N=16, M=16 impl=rabenseifner-gather
16: Starting numprocs=32 N=16, M=16 impl=rabenseifner-gather
terminate called after throwing an instance of 'std::runtime_error'
terminate called after throwing an instance of 'std::runtime_error'
  what():  Starting Rabenseifner-Gather more processes (32) than rows (b.size() = 16)
[eu-ms-001-32:15642] *** Process received signal ***
[eu-ms-001-32:15642] Signal: Aborted (6)
[eu-ms-001-32:15642] Signal code:  (-6)
terminate called after throwing an instance of 'std::runtime_error'
terminate called after throwing an instance of 'std::runtime_error'
terminate called after throwing an instance of 'std::runtime_error'
terminate called after throwing an instance of 'std::runtime_error'
  what():  Starting Rabenseifner-Gather more processes (32) than rows (b.size() = 16)
[eu-ms-004-23:02186] *** Process received signal ***
[eu-ms-004-23:02186] Signal: Aborted (6)
[eu-ms-004-23:02186] Signal code:  (-6)
terminate called after throwing an instance of 'std::runtime_error'
terminate called after throwing an instance of 'std::runtime_error'
  what():  Starting Rabenseifner-Gather more processes (32) than rows (b.size() = 16)
[eu-ms-001-27:16822] *** Process received signal ***
[eu-ms-001-27:16822] Signal: Aborted (6)
[eu-ms-001-27:16822] Signal code:  (-6)
[eu-ms-001-27:16822] [ 0] /usr/lib64/libpthread.so.0(+0xf630)[0x2b448b98a630]
[eu-ms-001-27:16822] [ 1] /usr/lib64/libc.so.6(gsignal+0x37)[0x2b448bbcd387]
[eu-ms-001-27:16822] [ 2] [eu-ms-001-32:15642] [ 0] terminate called after throwing an instance of 'std::runtime_error'
  what():  Starting Rabenseifner-Gather more processes (32) than rows (b.size() = 16)
[eu-ms-004-35:28682] *** Process received signal ***
[eu-ms-004-35:28682] Signal: Aborted (6)
[eu-ms-004-35:28682] Signal code:  (-6)
terminate called after throwing an instance of 'std::runtime_error'
  what():  Starting Rabenseifner-Gather more processes (32) than rows (b.size() = 16)
[eu-ms-009-27:07993] *** Process received signal ***
[eu-ms-009-27:07993] Signal: Aborted (6)
[eu-ms-009-27:07993] Signal code:  (-6)
  what():  Starting Rabenseifner-Gather more processes (32) than rows (b.size() = 16)
[eu-ms-001-42:02592] *** Process received signal ***
[eu-ms-001-42:02592] Signal: Aborted (6)
[eu-ms-001-42:02592] Signal code:  (-6)
  what():  Starting Rabenseifner-Gather more processes (32) than rows (b.size() = 16)
[eu-ms-009-30:26978] *** Process received signal ***
[eu-ms-009-30:26978] Signal: Aborted (6)
[eu-ms-009-30:26978] Signal code:  (-6)
terminate called after throwing an instance of 'std::runtime_error'
[eu-ms-004-23:02186] [ 0]   what():  Starting Rabenseifner-Gather more processes (32) than rows (b.size() = 16)
[eu-ms-009-25:10973] *** Process received signal ***
[eu-ms-009-25:10973] Signal: Aborted (6)
[eu-ms-009-25:10973] Signal code:  (-6)
terminate called after throwing an instance of 'std::runtime_error'
/usr/lib64/libc.so.6(abort+0x148)[0x2b448bbcea78]
[eu-ms-001-27:16822] [ 3] /cluster/spack/apps/linux-centos7-x86_64/gcc-4.8.5/gcc-9.3.0-mjmsvu3362usxjr7tas4ywkd2e4ko5x3/lib64/libstdc++.so.6(+0x99133)[0x2b448b120133]
[eu-ms-001-27:16822] [ 4] /cluster/spack/apps/linux-centos7-x86_64/gcc-4.8.5/gcc-9.3.0-mjmsvu3362usxjr7tas4ywkd2e4ko5x3/lib64/libstdc++.so.6(+0xa4b56)[0x2b448b12bb56]
[eu-ms-001-27:16822] [ 5] /cluster/spack/apps/linux-centos7-x86_64/gcc-4.8.5/gcc-9.3.0-mjmsvu3362usxjr7tas4ywkd2e4ko5x3/lib64/libstdc++.so.6(+0xa4bc1)[0x2b448b12bbc1]
[eu-ms-001-27:16822] [ 6] /cluster/spack/apps/linux-centos7-x86_64/gcc-4.8.5/gcc-9.3.0-mjmsvu3362usxjr7tas4ywkd2e4ko5x3/lib64/libstdc++.so.6(+0xa4e14)[0x2b448b12be14]
[eu-ms-001-27:16822] [ 7] code/build_output/main[0x40bcae]
[eu-ms-001-27:16822] [ 8] code/build_output/main[0x41a2d8]
[eu-ms-001-27:16822] [ 9] code/build_output/main[0x40c440]
[eu-ms-001-27:16822] [10] /usr/lib64/libc.so.6(__libc_start_main+0xf5)[0x2b448bbb9555]
[eu-ms-001-27:16822] [11] code/build_output/main[0x40dc6f]
[eu-ms-001-27:16822] *** End of error message ***
/usr/lib64/libpthread.so.0(+0xf630)[0x2b7c0c5ff630]
[eu-ms-001-32:15642] [ 1]   what():  Starting Rabenseifner-Gather more processes (32) than rows (b.size() = 16)
[eu-ms-004-22:10749] *** Process received signal ***
[eu-ms-004-22:10749] Signal: Aborted (6)
[eu-ms-004-22:10749] Signal code:  (-6)
[eu-ms-004-35:28682] [ 0]   what():  Starting Rabenseifner-Gather more processes (32) than rows (b.size() = 16)
[eu-ms-009-16:32590] *** Process received signal ***
[eu-ms-009-16:32590] Signal: Aborted (6)
[eu-ms-009-16:32590] Signal code:  (-6)
[eu-ms-009-27:07993] [ 0] [eu-ms-001-42:02592] [ 0]   what():  Starting Rabenseifner-Gather more processes (32) than rows (b.size() = 16)
[eu-ms-004-40:06230] *** Process received signal ***
[eu-ms-004-40:06230] Signal: Aborted (6)
[eu-ms-004-40:06230] Signal code:  (-6)
terminate called after throwing an instance of 'std::runtime_error'
/usr/lib64/libpthread.so.0(+0xf630)[0x2b7be3b17630]
[eu-ms-004-23:02186] [ 1] /usr/lib64/libc.so.6(gsignal+0x37)[0x2b7be3d5a387]
[eu-ms-004-23:02186] [ 2] terminate called after throwing an instance of 'std::runtime_error'
terminate called after throwing an instance of 'std::runtime_error'
  what():  Starting Rabenseifner-Gather more processes (32) than rows (b.size() = 16)
[eu-ms-009-31:31724] *** Process received signal ***
[eu-ms-009-31:31724] Signal: Aborted (6)
[eu-ms-009-31:31724] Signal code:  (-6)
/usr/lib64/libc.so.6(gsignal+0x37)[0x2b7c0c842387]
[eu-ms-001-32:15642] [ 2] /usr/lib64/libc.so.6(abort+0x148)[0x2b7c0c843a78]
[eu-ms-001-32:15642] [ 3] [eu-ms-004-22:10749] [ 0] /usr/lib64/libpthread.so.0(+0xf630)[0x2b0310e38630]
[eu-ms-004-35:28682] [ 1] /usr/lib64/libc.so.6(gsignal+0x37)[0x2b031107b387]
terminate called after throwing an instance of 'std::runtime_error'
[eu-ms-009-16:32590] [ 0] /usr/lib64/libpthread.so.0(+0xf630)[0x2b4d5ce86630]
[eu-ms-009-27:07993] [ 1] /usr/lib64/libpthread.so.0(+0xf630)[0x2ba19ee04630]
[eu-ms-001-42:02592] [ 1] [eu-ms-004-40:06230] [ 0]   what():  Starting Rabenseifner-Gather more processes (32) than rows (b.size() = 16)
[eu-ms-001-25:03529] *** Process received signal ***
[eu-ms-001-25:03529] Signal: Aborted (6)
[eu-ms-001-25:03529] Signal code:  (-6)
/usr/lib64/libc.so.6(abort+0x148)[0x2b7be3d5ba78]
[eu-ms-004-23:02186] [ 3]   what():  Starting Rabenseifner-Gather more processes (32) than rows (b.size() = 16)
[eu-ms-009-43:26456] *** Process received signal ***
[eu-ms-009-43:26456] Signal: Aborted (6)
[eu-ms-009-43:26456] Signal code:  (-6)
  what():  Starting Rabenseifner-Gather more processes (32) than rows (b.size() = 16)
[eu-ms-001-38:30731] *** Process received signal ***
[eu-ms-001-38:30731] Signal: Aborted (6)
[eu-ms-001-38:30731] Signal code:  (-6)
[eu-ms-009-25:10973] [ 0] [eu-ms-009-31:31724] [ 0] /cluster/spack/apps/linux-centos7-x86_64/gcc-4.8.5/gcc-9.3.0-mjmsvu3362usxjr7tas4ywkd2e4ko5x3/lib64/libstdc++.so.6(+0x99133)[0x2b7c0bd95133]
[eu-ms-001-32:15642] [ 4] /usr/lib64/libpthread.so.0(+0xf630)[0x2b71cf1b0630]
[eu-ms-004-22:10749] [ 1] /usr/lib64/libc.so.6(gsignal+0x37)[0x2b71cf3f3387]
[eu-ms-004-22:10749] [ 2] [eu-ms-004-35:28682] [ 2] /usr/lib64/libc.so.6(abort+0x148)[0x2b031107ca78]
[eu-ms-004-35:28682] [ 3]   what():  Starting Rabenseifner-Gather more processes (32) than rows (b.size() = 16)
[eu-ms-004-29:03184] *** Process received signal ***
[eu-ms-004-29:03184] Signal: Aborted (6)
[eu-ms-004-29:03184] Signal code:  (-6)
/usr/lib64/libpthread.so.0(+0xf630)[0x2acc66c69630]
[eu-ms-009-16:32590] [ 1] /usr/lib64/libc.so.6(gsignal+0x37)[0x2b4d5d0c9387]
[eu-ms-009-27:07993] [ 2] /usr/lib64/libc.so.6(abort+0x148)[0x2b4d5d0caa78]
/usr/lib64/libc.so.6(gsignal+0x37)[0x2ba19f047387]
[eu-ms-001-42:02592] [ 2] /usr/lib64/libc.so.6(abort+0x148)[0x2ba19f048a78]
[eu-ms-001-42:02592] /usr/lib64/libpthread.so.0(+0xf630)[0x2ab84050e630]
[eu-ms-004-40:06230] [ 1] /usr/lib64/libc.so.6(gsignal+0x37)[0x2ab840751387]
[eu-ms-004-40:06230] [eu-ms-001-25:03529] [ 0] /cluster/spack/apps/linux-centos7-x86_64/gcc-4.8.5/gcc-9.3.0-mjmsvu3362usxjr7tas4ywkd2e4ko5x3/lib64/libstdc++.so.6(+0x99133)[0x2b7be32ad133]
[eu-ms-004-23:02186] [ 4] [eu-ms-009-43:26456] [ 0] [eu-ms-001-38:30731] [ 0] /usr/lib64/libpthread.so.0(+0xf630)[0x2aeb2cea4630]
[eu-ms-009-25:10973] [ 1] /usr/lib64/libc.so.6(gsignal+0x37)[0x2aeb2d0e7387]
[eu-ms-009-25:10973] /usr/lib64/libpthread.so.0(+0xf630)[0x2b6c8b63f630]
[eu-ms-009-31:31724] [ 1] /usr/lib64/libc.so.6(gsignal+0x37)[0x2b6c8b882387]
[eu-ms-009-31:31724] [ 2] /cluster/spack/apps/linux-centos7-x86_64/gcc-4.8.5/gcc-9.3.0-mjmsvu3362usxjr7tas4ywkd2e4ko5x3/lib64/libstdc++.so.6(+0xa4b56)[0x2b7c0bda0b56]
[eu-ms-001-32:15642] [ 5] /usr/lib64/libc.so.6(abort+0x148)[0x2b71cf3f4a78]
[eu-ms-004-22:10749] [ 3] /cluster/spack/apps/linux-centos7-x86_64/gcc-4.8.5/gcc-9.3.0-mjmsvu3362usxjr7tas4ywkd2e4ko5x3/lib64/libstdc++.so.6(+0x99133)[0x2b03105ce133]
[eu-ms-004-35:28682] [ 4] [eu-ms-004-29:03184] [ 0] /usr/lib64/libc.so.6(gsignal+0x37)[0x2acc66eac387]
[eu-ms-009-16:32590] [ 2] /usr/lib64/libc.so.6(abort+0x148)[0x2acc66eada78]
[eu-ms-009-16:32590] [eu-ms-009-27:07993] [ 3] /cluster/spack/apps/linux-centos7-x86_64/gcc-4.8.5/gcc-9.3.0-mjmsvu3362usxjr7tas4ywkd2e4ko5x3/lib64/libstdc++.so.6(+0x99133)[0x2b4d5c61c133]
[eu-ms-009-27:07993] [ 4] [ 3] /cluster/spack/apps/linux-centos7-x86_64/gcc-4.8.5/gcc-9.3.0-mjmsvu3362usxjr7tas4ywkd2e4ko5x3/lib64/libstdc++.so.6(+0x99133)[0x2ba19e59a133]
[eu-ms-001-42:02592] [ 4] [eu-ms-009-30:26978] [ 0] [ 2] /usr/lib64/libc.so.6(abort+0x148)[0x2ab840752a78]
[eu-ms-004-40:06230] [ 3] /usr/lib64/libpthread.so.0(+0xf630)[0x2b7841519630]
[eu-ms-001-25:03529] [ 1] /usr/lib64/libc.so.6(gsignal+0x37)[0x2b784175c387]
[eu-ms-001-25:03529] /cluster/spack/apps/linux-centos7-x86_64/gcc-4.8.5/gcc-9.3.0-mjmsvu3362usxjr7tas4ywkd2e4ko5x3/lib64/libstdc++.so.6(+0xa4b56)[0x2b7be32b8b56]
[eu-ms-004-23:02186] [ 5] /cluster/spack/apps/linux-centos7-x86_64/gcc-4.8.5/gcc-9.3.0-mjmsvu3362usxjr7tas4ywkd2e4ko5x3/lib64/libstdc++.so.6(+0xa4bc1)[0x2b7be32b8bc1]
[eu-ms-004-23:02186] /usr/lib64/libpthread.so.0(+0xf630)[0x2adaedfc6630]
[eu-ms-009-43:26456] [ 1] /usr/lib64/libc.so.6(gsignal+0x37)[0x2adaee209387]
[eu-ms-009-43:26456] /usr/lib64/libpthread.so.0(+0xf630)[0x2b181d9b9630]
[eu-ms-001-38:30731] [ 1] [ 2] /usr/lib64/libc.so.6(abort+0x148)[0x2aeb2d0e8a78]
[eu-ms-009-25:10973] [ 3] /usr/lib64/libc.so.6(abort+0x148)[0x2b6c8b883a78]
[eu-ms-009-31:31724] [ 3] /cluster/spack/apps/linux-centos7-x86_64/gcc-4.8.5/gcc-9.3.0-mjmsvu3362usxjr7tas4ywkd2e4ko5x3/lib64/libstdc++.so.6(+0xa4bc1)[0x2b7c0bda0bc1]
[eu-ms-001-32:15642] [ 6] /cluster/spack/apps/linux-centos7-x86_64/gcc-4.8.5/gcc-9.3.0-mjmsvu3362usxjr7tas4ywkd2e4ko5x3/lib64/libstdc++.so.6(+0x99133)[0x2b71ce946133]
[eu-ms-004-22:10749] [ 4] /cluster/spack/apps/linux-centos7-x86_64/gcc-4.8.5/gcc-9.3.0-mjmsvu3362usxjr7tas4ywkd2e4ko5x3/lib64/libstdc++.so.6(+0xa4b56)[0x2b03105d9b56]
[eu-ms-004-35:28682] [ 5] /usr/lib64/libpthread.so.0(+0xf630)[0x2af5a645c630]
[eu-ms-004-29:03184] [ 1] /usr/lib64/libc.so.6(gsignal+0x37)[0x2af5a669f387]
[eu-ms-004-29:03184] [ 2] [ 3] /cluster/spack/apps/linux-centos7-x86_64/gcc-4.8.5/gcc-9.3.0-mjmsvu3362usxjr7tas4ywkd2e4ko5x3/lib64/libstdc++.so.6(+0x99133)[0x2acc663ff133]
[eu-ms-009-16:32590] [ 4] /cluster/spack/apps/linux-centos7-x86_64/gcc-4.8.5/gcc-9.3.0-mjmsvu3362usxjr7tas4ywkd2e4ko5x3/lib64/libstdc++.so.6(+0xa4b56)[0x2b4d5c627b56]
[eu-ms-009-27:07993] [ 5] /cluster/spack/apps/linux-centos7-x86_64/gcc-4.8.5/gcc-9.3.0-mjmsvu3362usxjr7tas4ywkd2e4ko5x3/lib64/libstdc++.so.6(+0xa4b56)[0x2ba19e5a5b56]
[eu-ms-001-42:02592] [ 5] /usr/lib64/libpthread.so.0(+0xf630)[0x2b4740d83630]
[eu-ms-009-30:26978] [ 1] /usr/lib64/libc.so.6(gsignal+0x37)[0x2b4740fc6387]
[eu-ms-009-30:26978] [ 2] /cluster/spack/apps/linux-centos7-x86_64/gcc-4.8.5/gcc-9.3.0-mjmsvu3362usxjr7tas4ywkd2e4ko5x3/lib64/libstdc++.so.6(+0x99133)[0x2ab83fca4133]
[eu-ms-004-40:06230] [ 4] [ 2] /usr/lib64/libc.so.6(abort+0x148)[0x2b784175da78]
[eu-ms-001-25:03529] [ 3] [ 6] /cluster/spack/apps/linux-centos7-x86_64/gcc-4.8.5/gcc-9.3.0-mjmsvu3362usxjr7tas4ywkd2e4ko5x3/lib64/libstdc++.so.6(+0xa4e14)[0x2b7be32b8e14]
[eu-ms-004-23:02186] [ 7] [ 2] /usr/lib64/libc.so.6(abort+0x148)[0x2adaee20aa78]
[eu-ms-009-43:26456] [ 3] /usr/lib64/libc.so.6(gsignal+0x37)[0x2b181dbfc387]
[eu-ms-001-38:30731] [ 2] /usr/lib64/libc.so.6(abort+0x148)[0x2b181dbfda78]
[eu-ms-001-38:30731] [ 3] /cluster/spack/apps/linux-centos7-x86_64/gcc-4.8.5/gcc-9.3.0-mjmsvu3362usxjr7tas4ywkd2e4ko5x3/lib64/libstdc++.so.6(+0x99133)[0x2aeb2c63a133]
[eu-ms-009-25:10973] [ 4] /cluster/spack/apps/linux-centos7-x86_64/gcc-4.8.5/gcc-9.3.0-mjmsvu3362usxjr7tas4ywkd2e4ko5x3/lib64/libstdc++.so.6(+0x99133)[0x2b6c8add5133]
[eu-ms-009-31:31724] [ 4] /cluster/spack/apps/linux-centos7-x86_64/gcc-4.8.5/gcc-9.3.0-mjmsvu3362usxjr7tas4ywkd2e4ko5x3/lib64/libstdc++.so.6(+0xa4e14)[0x2b7c0bda0e14]
[eu-ms-001-32:15642] [ 7] code/build_output/main[0x40bcae]
[eu-ms-001-32:15642] [ 8] code/build_output/main[0x41a2d8]
[eu-ms-001-32:15642] [ 9] code/build_output/main[0x40c440]
/cluster/spack/apps/linux-centos7-x86_64/gcc-4.8.5/gcc-9.3.0-mjmsvu3362usxjr7tas4ywkd2e4ko5x3/lib64/libstdc++.so.6(+0xa4b56)[0x2b71ce951b56]
[eu-ms-004-22:10749] [ 5] /cluster/spack/apps/linux-centos7-x86_64/gcc-4.8.5/gcc-9.3.0-mjmsvu3362usxjr7tas4ywkd2e4ko5x3/lib64/libstdc++.so.6(+0xa4bc1)[0x2b03105d9bc1]
[eu-ms-004-35:28682] [ 6] /cluster/spack/apps/linux-centos7-x86_64/gcc-4.8.5/gcc-9.3.0-mjmsvu3362usxjr7tas4ywkd2e4ko5x3/lib64/libstdc++.so.6(+0xa4e14)[0x2b03105d9e14]
[eu-ms-004-35:28682] [ 7] /usr/lib64/libc.so.6(abort+0x148)[0x2af5a66a0a78]
[eu-ms-004-29:03184] [ 3] /cluster/spack/apps/linux-centos7-x86_64/gcc-4.8.5/gcc-9.3.0-mjmsvu3362usxjr7tas4ywkd2e4ko5x3/lib64/libstdc++.so.6(+0xa4b56)[0x2acc6640ab56]
[eu-ms-009-16:32590] [ 5] /cluster/spack/apps/linux-centos7-x86_64/gcc-4.8.5/gcc-9.3.0-mjmsvu3362usxjr7tas4ywkd2e4ko5x3/lib64/libstdc++.so.6(+0xa4bc1)[0x2b4d5c627bc1]
[eu-ms-009-27:07993] [ 6] /cluster/spack/apps/linux-centos7-x86_64/gcc-4.8.5/gcc-9.3.0-mjmsvu3362usxjr7tas4ywkd2e4ko5x3/lib64/libstdc++.so.6(+0xa4bc1)[0x2ba19e5a5bc1]
[eu-ms-001-42:02592] [ 6] /usr/lib64/libc.so.6(abort+0x148)[0x2b4740fc7a78]
[eu-ms-009-30:26978] [ 3] /cluster/spack/apps/linux-centos7-x86_64/gcc-4.8.5/gcc-9.3.0-mjmsvu3362usxjr7tas4ywkd2e4ko5x3/lib64/libstdc++.so.6(+0xa4b56)[0x2ab83fcafb56]
[eu-ms-004-40:06230] [ 5] /cluster/spack/apps/linux-centos7-x86_64/gcc-4.8.5/gcc-9.3.0-mjmsvu3362usxjr7tas4ywkd2e4ko5x3/lib64/libstdc++.so.6(+0x99133)[0x2b7840caf133]
[eu-ms-001-25:03529] [ 4] code/build_output/main[0x40bcae]
[eu-ms-004-23:02186] [ 8] code/build_output/main[0x41a2d8]
[eu-ms-004-23:02186] [ 9] code/build_output/main[0x40c440]
[eu-ms-004-23:02186] [10] /cluster/spack/apps/linux-centos7-x86_64/gcc-4.8.5/gcc-9.3.0-mjmsvu3362usxjr7tas4ywkd2e4ko5x3/lib64/libstdc++.so.6(+0x99133)[0x2adaed75c133]
[eu-ms-009-43:26456] [ 4] /cluster/spack/apps/linux-centos7-x86_64/gcc-4.8.5/gcc-9.3.0-mjmsvu3362usxjr7tas4ywkd2e4ko5x3/lib64/libstdc++.so.6(+0x99133)[0x2b181d14f133]
[eu-ms-001-38:30731] [ 4] /cluster/spack/apps/linux-centos7-x86_64/gcc-4.8.5/gcc-9.3.0-mjmsvu3362usxjr7tas4ywkd2e4ko5x3/lib64/libstdc++.so.6(+0xa4b56)[0x2aeb2c645b56]
[eu-ms-009-25:10973] [ 5] /cluster/spack/apps/linux-centos7-x86_64/gcc-4.8.5/gcc-9.3.0-mjmsvu3362usxjr7tas4ywkd2e4ko5x3/lib64/libstdc++.so.6(+0xa4b56)[0x2b6c8ade0b56]
[eu-ms-009-31:31724] [ 5] [eu-ms-001-32:15642] [10] /usr/lib64/libc.so.6(__libc_start_main+0xf5)[0x2b7c0c82e555]
[eu-ms-001-32:15642] [11] /cluster/spack/apps/linux-centos7-x86_64/gcc-4.8.5/gcc-9.3.0-mjmsvu3362usxjr7tas4ywkd2e4ko5x3/lib64/libstdc++.so.6(+0xa4bc1)[0x2b71ce951bc1]
[eu-ms-004-22:10749] [ 6] /cluster/spack/apps/linux-centos7-x86_64/gcc-4.8.5/gcc-9.3.0-mjmsvu3362usxjr7tas4ywkd2e4ko5x3/lib64/libstdc++.so.6(+0xa4e14)[0x2b71ce951e14]
[eu-ms-004-22:10749] [ 7] code/build_output/main[0x40bcae]
[eu-ms-004-35:28682] [ 8] code/build_output/main[0x41a2d8]
[eu-ms-004-35:28682] [ 9] code/build_output/main[0x40c440]
[eu-ms-004-35:28682] [10] /cluster/spack/apps/linux-centos7-x86_64/gcc-4.8.5/gcc-9.3.0-mjmsvu3362usxjr7tas4ywkd2e4ko5x3/lib64/libstdc++.so.6(+0x99133)[0x2af5a5bf2133]
[eu-ms-004-29:03184] [ 4] /cluster/spack/apps/linux-centos7-x86_64/gcc-4.8.5/gcc-9.3.0-mjmsvu3362usxjr7tas4ywkd2e4ko5x3/lib64/libstdc++.so.6(+0xa4bc1)[0x2acc6640abc1]
[eu-ms-009-16:32590] [ 6] /cluster/spack/apps/linux-centos7-x86_64/gcc-4.8.5/gcc-9.3.0-mjmsvu3362usxjr7tas4ywkd2e4ko5x3/lib64/libstdc++.so.6(+0xa4e14)[0x2b4d5c627e14]
[eu-ms-009-27:07993] [ 7] code/build_output/main[0x40bcae]
[eu-ms-009-27:07993] [ 8] code/build_output/main[0x41a2d8]
[eu-ms-009-27:07993] [ 9] code/build_output/main[0x40c440]
[eu-ms-009-27:07993] /cluster/spack/apps/linux-centos7-x86_64/gcc-4.8.5/gcc-9.3.0-mjmsvu3362usxjr7tas4ywkd2e4ko5x3/lib64/libstdc++.so.6(+0xa4e14)[0x2ba19e5a5e14]
[eu-ms-001-42:02592] [ 7] code/build_output/main[0x40bcae]
[eu-ms-001-42:02592] [ 8] code/build_output/main[0x41a2d8]
[eu-ms-001-42:02592] [ 9] code/build_output/main[0x40c440]
[eu-ms-001-42:02592] [10] /cluster/spack/apps/linux-centos7-x86_64/gcc-4.8.5/gcc-9.3.0-mjmsvu3362usxjr7tas4ywkd2e4ko5x3/lib64/libstdc++.so.6(+0x99133)[0x2b4740519133]
[eu-ms-009-30:26978] [ 4] terminate called after throwing an instance of 'std::runtime_error'
/cluster/spack/apps/linux-centos7-x86_64/gcc-4.8.5/gcc-9.3.0-mjmsvu3362usxjr7tas4ywkd2e4ko5x3/lib64/libstdc++.so.6(+0xa4bc1)[0x2ab83fcafbc1]
[eu-ms-004-40:06230] [ 6] /cluster/spack/apps/linux-centos7-x86_64/gcc-4.8.5/gcc-9.3.0-mjmsvu3362usxjr7tas4ywkd2e4ko5x3/lib64/libstdc++.so.6(+0xa4e14)[0x2ab83fcafe14]
[eu-ms-004-40:06230] [ 7] /cluster/spack/apps/linux-centos7-x86_64/gcc-4.8.5/gcc-9.3.0-mjmsvu3362usxjr7tas4ywkd2e4ko5x3/lib64/libstdc++.so.6(+0xa4b56)[0x2b7840cbab56]
[eu-ms-001-25:03529] [ 5] /usr/lib64/libc.so.6(__libc_start_main+0xf5)[0x2b7be3d46555]
[eu-ms-004-23:02186] [11] code/build_output/main[0x40dc6f]
[eu-ms-004-23:02186] *** End of error message ***
/cluster/spack/apps/linux-centos7-x86_64/gcc-4.8.5/gcc-9.3.0-mjmsvu3362usxjr7tas4ywkd2e4ko5x3/lib64/libstdc++.so.6(+0xa4b56)[0x2adaed767b56]
[eu-ms-009-43:26456] [ 5] /cluster/spack/apps/linux-centos7-x86_64/gcc-4.8.5/gcc-9.3.0-mjmsvu3362usxjr7tas4ywkd2e4ko5x3/lib64/libstdc++.so.6(+0xa4b56)[0x2b181d15ab56]
[eu-ms-001-38:30731] [ 5] /cluster/spack/apps/linux-centos7-x86_64/gcc-4.8.5/gcc-9.3.0-mjmsvu3362usxjr7tas4ywkd2e4ko5x3/lib64/libstdc++.so.6(+0xa4bc1)[0x2aeb2c645bc1]
[eu-ms-009-25:10973] [ 6] /cluster/spack/apps/linux-centos7-x86_64/gcc-4.8.5/gcc-9.3.0-mjmsvu3362usxjr7tas4ywkd2e4ko5x3/lib64/libstdc++.so.6(+0xa4e14)[0x2aeb2c645e14]
[eu-ms-009-25:10973] [ 7] terminate called after throwing an instance of 'std::runtime_error'
/cluster/spack/apps/linux-centos7-x86_64/gcc-4.8.5/gcc-9.3.0-mjmsvu3362usxjr7tas4ywkd2e4ko5x3/lib64/libstdc++.so.6(+0xa4bc1)[0x2b6c8ade0bc1]
[eu-ms-009-31:31724] [ 6] /cluster/spack/apps/linux-centos7-x86_64/gcc-4.8.5/gcc-9.3.0-mjmsvu3362usxjr7tas4ywkd2e4ko5x3/lib64/libstdc++.so.6(+0xa4e14)[0x2b6c8ade0e14]
[eu-ms-009-31:31724] [ 7] terminate called after throwing an instance of 'std::runtime_error'
code/build_output/main[0x40dc6f]
[eu-ms-001-32:15642] *** End of error message ***
code/build_output/main[0x40bcae]
[eu-ms-004-22:10749] [ 8] code/build_output/main[0x41a2d8]
[eu-ms-004-22:10749] [ 9] code/build_output/main[0x40c440]
[eu-ms-004-22:10749] [10] /usr/lib64/libc.so.6(__libc_start_main+0xf5)[0x2b0311067555]
[eu-ms-004-35:28682] [11] code/build_output/main[0x40dc6f]
[eu-ms-004-35:28682] *** End of error message ***
/cluster/spack/apps/linux-centos7-x86_64/gcc-4.8.5/gcc-9.3.0-mjmsvu3362usxjr7tas4ywkd2e4ko5x3/lib64/libstdc++.so.6(+0xa4b56)[0x2af5a5bfdb56]
[eu-ms-004-29:03184] [ 5] /cluster/spack/apps/linux-centos7-x86_64/gcc-4.8.5/gcc-9.3.0-mjmsvu3362usxjr7tas4ywkd2e4ko5x3/lib64/libstdc++.so.6(+0xa4e14)[0x2acc6640ae14]
[eu-ms-009-16:32590] [ 7] code/build_output/main[0x40bcae]
[eu-ms-009-16:32590] [ 8] code/build_output/main[0x41a2d8]
[eu-ms-009-16:32590] [ 9] code/build_output/main[0x40c440]
[eu-ms-009-16:32590] [10] /usr/lib64/libc.so.6(__libc_start_main+0xf5)[0x2b4d5d0b5555]
[eu-ms-009-27:07993] [11] /usr/lib64/libc.so.6(__libc_start_main+0xf5)[0x2ba19f033555]
[eu-ms-001-42:02592] [11] code/build_output/main[0x40dc6f]
[eu-ms-001-42:02592] *** End of error message ***
/cluster/spack/apps/linux-centos7-x86_64/gcc-4.8.5/gcc-9.3.0-mjmsvu3362usxjr7tas4ywkd2e4ko5x3/lib64/libstdc++.so.6(+0xa4b56)[0x2b4740524b56]
[eu-ms-009-30:26978] [ 5] /cluster/spack/apps/linux-centos7-x86_64/gcc-4.8.5/gcc-9.3.0-mjmsvu3362usxjr7tas4ywkd2e4ko5x3/lib64/libstdc++.so.6(+0xa4bc1)[0x2b4740524bc1]
[eu-ms-009-30:26978]   what():  Starting Rabenseifner-Gather more processes (32) than rows (b.size() = 16)
[eu-ms-004-18:13753] *** Process received signal ***
[eu-ms-004-18:13753] Signal: Aborted (6)
[eu-ms-004-18:13753] Signal code:  (-6)
code/build_output/main[0x40bcae]
[eu-ms-004-40:06230] [ 8] code/build_output/main[0x41a2d8]
[eu-ms-004-40:06230] [ 9] code/build_output/main[0x40c440]
[eu-ms-004-40:06230] [10] terminate called after throwing an instance of 'std::runtime_error'
/cluster/spack/apps/linux-centos7-x86_64/gcc-4.8.5/gcc-9.3.0-mjmsvu3362usxjr7tas4ywkd2e4ko5x3/lib64/libstdc++.so.6(+0xa4bc1)[0x2b7840cbabc1]
[eu-ms-001-25:03529] [ 6] /cluster/spack/apps/linux-centos7-x86_64/gcc-4.8.5/gcc-9.3.0-mjmsvu3362usxjr7tas4ywkd2e4ko5x3/lib64/libstdc++.so.6(+0xa4e14)[0x2b7840cbae14]
[eu-ms-001-25:03529] [ 7] /cluster/spack/apps/linux-centos7-x86_64/gcc-4.8.5/gcc-9.3.0-mjmsvu3362usxjr7tas4ywkd2e4ko5x3/lib64/libstdc++.so.6(+0xa4bc1)[0x2adaed767bc1]
[eu-ms-009-43:26456] [ 6] /cluster/spack/apps/linux-centos7-x86_64/gcc-4.8.5/gcc-9.3.0-mjmsvu3362usxjr7tas4ywkd2e4ko5x3/lib64/libstdc++.so.6(+0xa4e14)[0x2adaed767e14]
[eu-ms-009-43:26456] [ 7] terminate called after throwing an instance of 'std::runtime_error'
/cluster/spack/apps/linux-centos7-x86_64/gcc-4.8.5/gcc-9.3.0-mjmsvu3362usxjr7tas4ywkd2e4ko5x3/lib64/libstdc++.so.6(+0xa4bc1)[0x2b181d15abc1]
[eu-ms-001-38:30731] [ 6] code/build_output/main[0x40bcae]
[eu-ms-009-25:10973] [ 8] code/build_output/main[0x41a2d8]
[eu-ms-009-25:10973] [ 9] code/build_output/main[0x40c440]
[eu-ms-009-25:10973] [10]   what():  Starting Rabenseifner-Gather more processes (32) than rows (b.size() = 16)
[eu-ms-009-03:00676] *** Process received signal ***
[eu-ms-009-03:00676] Signal: Aborted (6)
[eu-ms-009-03:00676] Signal code:  (-6)
code/build_output/main[0x40bcae]
[eu-ms-009-31:31724] [ 8] code/build_output/main[0x41a2d8]
[eu-ms-009-31:31724] [ 9] code/build_output/main[0x40c440]
[eu-ms-009-31:31724] [10]   what():  Starting Rabenseifner-Gather more processes (32) than rows (b.size() = 16)
[eu-ms-004-41:20544] *** Process received signal ***
[eu-ms-004-41:20544] Signal: Aborted (6)
[eu-ms-004-41:20544] Signal code:  (-6)
/usr/lib64/libc.so.6(__libc_start_main+0xf5)[0x2b71cf3df555]
[eu-ms-004-22:10749] [11] code/build_output/main[0x40dc6f]
[eu-ms-004-22:10749] *** End of error message ***
terminate called after throwing an instance of 'std::runtime_error'
/cluster/spack/apps/linux-centos7-x86_64/gcc-4.8.5/gcc-9.3.0-mjmsvu3362usxjr7tas4ywkd2e4ko5x3/lib64/libstdc++.so.6(+0xa4bc1)[0x2af5a5bfdbc1]
[eu-ms-004-29:03184] [ 6] /cluster/spack/apps/linux-centos7-x86_64/gcc-4.8.5/gcc-9.3.0-mjmsvu3362usxjr7tas4ywkd2e4ko5x3/lib64/libstdc++.so.6(+0xa4e14)[0x2af5a5bfde14]
[eu-ms-004-29:03184] [ 7] [10] /usr/lib64/libc.so.6(__libc_start_main+0xf5)[0x2acc66e98555]
[eu-ms-009-16:32590] [11] code/build_output/main[0x40dc6f]
[eu-ms-009-27:07993] *** End of error message ***
terminate called after throwing an instance of 'std::runtime_error'
[ 6] /cluster/spack/apps/linux-centos7-x86_64/gcc-4.8.5/gcc-9.3.0-mjmsvu3362usxjr7tas4ywkd2e4ko5x3/lib64/libstdc++.so.6(+0xa4e14)[0x2b4740524e14]
[eu-ms-009-30:26978] [ 7] [eu-ms-004-18:13753] [ 0] terminate called after throwing an instance of 'std::runtime_error'
/usr/lib64/libc.so.6(__libc_start_main+0xf5)[0x2ab84073d555]
[eu-ms-004-40:06230] [11] code/build_output/main[0x40dc6f]
[eu-ms-004-40:06230] *** End of error message ***
  what():  Starting Rabenseifner-Gather more processes (32) than rows (b.size() = 16)
[eu-ms-004-13:11253] *** Process received signal ***
[eu-ms-004-13:11253] Signal: Aborted (6)
[eu-ms-004-13:11253] Signal code:  (-6)
code/build_output/main[0x40bcae]
[eu-ms-001-25:03529] [ 8] code/build_output/main[0x41a2d8]
[eu-ms-001-25:03529] [ 9] code/build_output/main[0x40c440]
[eu-ms-001-25:03529] [10] code/build_output/main[0x40bcae]
[eu-ms-009-43:26456] [ 8] code/build_output/main[0x41a2d8]
[eu-ms-009-43:26456] [ 9] code/build_output/main[0x40c440]
[eu-ms-009-43:26456] [10]   what():  Starting Rabenseifner-Gather more processes (32) than rows (b.size() = 16)
[eu-ms-001-09:21859] *** Process received signal ***
/cluster/spack/apps/linux-centos7-x86_64/gcc-4.8.5/gcc-9.3.0-mjmsvu3362usxjr7tas4ywkd2e4ko5x3/lib64/libstdc++.so.6(+0xa4e14)[0x2b181d15ae14]
[eu-ms-001-38:30731] [ 7] code/build_output/main[0x40bcae]
[eu-ms-001-38:30731] [ 8] code/build_output/main[0x41a2d8]
[eu-ms-001-38:30731] [ 9] code/build_output/main[0x40c440]
[eu-ms-001-38:30731] [10] /usr/lib64/libc.so.6(__libc_start_main+0xf5)[0x2aeb2d0d3555]
[eu-ms-009-25:10973] [11] code/build_output/main[0x40dc6f]
[eu-ms-009-25:10973] *** End of error message ***
[eu-ms-009-03:00676] [ 0] /usr/lib64/libc.so.6(__libc_start_main+0xf5)[0x2b6c8b86e555]
[eu-ms-009-31:31724] [11] code/build_output/main[0x40dc6f]
[eu-ms-009-31:31724] *** End of error message ***
[eu-ms-004-41:20544] [ 0]   what():  Starting Rabenseifner-Gather more processes (32) than rows (b.size() = 16)
[eu-ms-004-07:02524] *** Process received signal ***
[eu-ms-004-07:02524] Signal: Aborted (6)
[eu-ms-004-07:02524] Signal code:  (-6)
code/build_output/main[0x40bcae]
[eu-ms-004-29:03184] [ 8] code/build_output/main[0x41a2d8]
[eu-ms-004-29:03184] [ 9] code/build_output/main[0x40c440]
[eu-ms-004-29:03184] [10] code/build_output/main[0x40dc6f]
[eu-ms-009-16:32590] *** End of error message ***
  what():  Starting Rabenseifner-Gather more processes (32) than rows (b.size() = 16)
[eu-ms-009-08:07775] *** Process received signal ***
[eu-ms-009-08:07775] Signal: Aborted (6)
[eu-ms-009-08:07775] Signal code:  (-6)
code/build_output/main[0x40bcae]
[eu-ms-009-30:26978] [ 8] code/build_output/main[0x41a2d8]
[eu-ms-009-30:26978] [ 9] code/build_output/main[0x40c440]
[eu-ms-009-30:26978] [10] /usr/lib64/libpthread.so.0(+0xf630)[0x2af57008c630]
[eu-ms-004-18:13753] [ 1] /usr/lib64/libc.so.6(gsignal+0x37)[0x2af5702cf387]
[eu-ms-004-18:13753]   what():  Starting Rabenseifner-Gather more processes (32) than rows (b.size() = 16)
[eu-ms-009-05:00909] *** Process received signal ***
[eu-ms-009-05:00909] Signal: Aborted (6)
[eu-ms-009-05:00909] Signal code:  (-6)
[eu-ms-004-13:11253] [ 0] /usr/lib64/libc.so.6(__libc_start_main+0xf5)[0x2b7841748555]
[eu-ms-001-25:03529] [11] code/build_output/main[0x40dc6f]
[eu-ms-001-25:03529] *** End of error message ***
/usr/lib64/libc.so.6(__libc_start_main+0xf5)[0x2adaee1f5555]
[eu-ms-009-43:26456] [11] code/build_output/main[0x40dc6f]
[eu-ms-009-43:26456] *** End of error message ***
[eu-ms-001-09:21859] Signal: Aborted (6)
[eu-ms-001-09:21859] Signal code:  (-6)
/usr/lib64/libc.so.6(__libc_start_main+0xf5)[0x2b181dbe8555]
[eu-ms-001-38:30731] [11] code/build_output/main[0x40dc6f]
/usr/lib64/libpthread.so.0(+0xf630)[0x2b406594a630]
[eu-ms-009-03:00676] [ 1] /usr/lib64/libc.so.6(gsignal+0x37)[0x2b4065b8d387]
/usr/lib64/libpthread.so.0(+0xf630)[0x2b08f43b5630]
[eu-ms-004-41:20544] [ 1] /usr/lib64/libc.so.6(gsignal+0x37)[0x2b08f45f8387]
[eu-ms-004-41:20544] [ 2] [eu-ms-004-07:02524] [ 0] /usr/lib64/libc.so.6(__libc_start_main+0xf5)[0x2af5a668b555]
[eu-ms-004-29:03184] [11] code/build_output/main[0x40dc6f]
[eu-ms-004-29:03184] *** End of error message ***
[eu-ms-009-08:07775] [ 0] /usr/lib64/libc.so.6(__libc_start_main+0xf5)[0x2b4740fb2555]
[eu-ms-009-30:26978] [11] code/build_output/main[0x40dc6f]
[eu-ms-009-30:26978] *** End of error message ***
[ 2] /usr/lib64/libc.so.6(abort+0x148)[0x2af5702d0a78]
[eu-ms-004-18:13753] [ 3] [eu-ms-009-05:00909] [ 0] terminate called after throwing an instance of 'std::runtime_error'
/usr/lib64/libpthread.so.0(+0xf630)[0x2b8f729f4630]
[eu-ms-004-13:11253] [ 1] [eu-ms-001-09:21859] [ 0] [eu-ms-001-38:30731] *** End of error message ***
terminate called after throwing an instance of 'std::runtime_error'
[eu-ms-009-03:00676] [ 2] /usr/lib64/libc.so.6(abort+0x148)[0x2b4065b8ea78]
[eu-ms-009-03:00676] [ 3] terminate called after throwing an instance of 'std::runtime_error'
/usr/lib64/libc.so.6(abort+0x148)[0x2b08f45f9a78]
[eu-ms-004-41:20544] [ 3] /usr/lib64/libpthread.so.0(+0xf630)[0x2b9ad7ae1630]
[eu-ms-004-07:02524] [ 1] /usr/lib64/libc.so.6(gsignal+0x37)[0x2b9ad7d24387]
/usr/lib64/libpthread.so.0(+0xf630)[0x2b41a699b630]
[eu-ms-009-08:07775] [ 1] /cluster/spack/apps/linux-centos7-x86_64/gcc-4.8.5/gcc-9.3.0-mjmsvu3362usxjr7tas4ywkd2e4ko5x3/lib64/libstdc++.so.6(+0x99133)[0x2af56f822133]
[eu-ms-004-18:13753] [ 4] /usr/lib64/libpthread.so.0(+0xf630)[0x2b39c248d630]
[eu-ms-009-05:00909] [ 1] /usr/lib64/libc.so.6(gsignal+0x37)[0x2b39c26d0387]
[eu-ms-009-05:00909] [ 2]   what():  Starting Rabenseifner-Gather more processes (32) than rows (b.size() = 16)
[eu-ms-004-34:27896] *** Process received signal ***
[eu-ms-004-34:27896] Signal: Aborted (6)
[eu-ms-004-34:27896] Signal code:  (-6)
/usr/lib64/libc.so.6(gsignal+0x37)[0x2b8f72c37387]
[eu-ms-004-13:11253] [ 2] /usr/lib64/libc.so.6(abort+0x148)[0x2b8f72c38a78]
[eu-ms-004-13:11253] [ 3] /usr/lib64/libpthread.so.0(+0xf630)[0x2b7f9c560630]
[eu-ms-001-09:21859] [ 1] /usr/lib64/libc.so.6(gsignal+0x37)[0x2b7f9c7a3387]
[eu-ms-001-09:21859] [ 2]   what():  Starting Rabenseifner-Gather more processes (32) than rows (b.size() = 16)
[eu-ms-009-06:06507] *** Process received signal ***
[eu-ms-009-06:06507] Signal: Aborted (6)
[eu-ms-009-06:06507] Signal code:  (-6)
/cluster/spack/apps/linux-centos7-x86_64/gcc-4.8.5/gcc-9.3.0-mjmsvu3362usxjr7tas4ywkd2e4ko5x3/lib64/libstdc++.so.6(+0x99133)[0x2b40650e0133]
[eu-ms-009-03:00676] [ 4]   what():  Starting Rabenseifner-Gather more processes (32) than rows (b.size() = 16)
[eu-ms-001-12:04843] *** Process received signal ***
[eu-ms-001-12:04843] Signal: Aborted (6)
[eu-ms-001-12:04843] Signal code:  (-6)
/cluster/spack/apps/linux-centos7-x86_64/gcc-4.8.5/gcc-9.3.0-mjmsvu3362usxjr7tas4ywkd2e4ko5x3/lib64/libstdc++.so.6(+0x99133)[0x2b08f3b4b133]
[eu-ms-004-41:20544] [ 4] [eu-ms-004-07:02524] [ 2] /usr/lib64/libc.so.6(abort+0x148)[0x2b9ad7d25a78]
[eu-ms-004-07:02524] [ 3] /usr/lib64/libc.so.6(gsignal+0x37)[0x2b41a6bde387]
[eu-ms-009-08:07775] [ 2] /cluster/spack/apps/linux-centos7-x86_64/gcc-4.8.5/gcc-9.3.0-mjmsvu3362usxjr7tas4ywkd2e4ko5x3/lib64/libstdc++.so.6(+0xa4b56)[0x2af56f82db56]
[eu-ms-004-18:13753] [ 5] /usr/lib64/libc.so.6(abort+0x148)[0x2b39c26d1a78]
[eu-ms-009-05:00909] [ 3] [eu-ms-004-34:27896] [ 0] /cluster/spack/apps/linux-centos7-x86_64/gcc-4.8.5/gcc-9.3.0-mjmsvu3362usxjr7tas4ywkd2e4ko5x3/lib64/libstdc++.so.6(+0x99133)[0x2b8f7218a133]
[eu-ms-004-13:11253] [ 4] terminate called after throwing an instance of 'std::runtime_error'
/usr/lib64/libc.so.6(abort+0x148)[0x2b7f9c7a4a78]
[eu-ms-001-09:21859] [ 3] /cluster/spack/apps/linux-centos7-x86_64/gcc-4.8.5/gcc-9.3.0-mjmsvu3362usxjr7tas4ywkd2e4ko5x3/lib64/libstdc++.so.6(+0xa4b56)[0x2b40650ebb56]
[eu-ms-009-03:00676] [ 5] [eu-ms-001-12:04843] [ 0] /cluster/spack/apps/linux-centos7-x86_64/gcc-4.8.5/gcc-9.3.0-mjmsvu3362usxjr7tas4ywkd2e4ko5x3/lib64/libstdc++.so.6(+0xa4b56)[0x2b08f3b56b56]
[eu-ms-004-41:20544] [ 5] /cluster/spack/apps/linux-centos7-x86_64/gcc-4.8.5/gcc-9.3.0-mjmsvu3362usxjr7tas4ywkd2e4ko5x3/lib64/libstdc++.so.6(+0x99133)[0x2b9ad7277133]
[eu-ms-004-07:02524] [ 4] /usr/lib64/libc.so.6(abort+0x148)[0x2b41a6bdfa78]
[eu-ms-009-08:07775] [ 3] /cluster/spack/apps/linux-centos7-x86_64/gcc-4.8.5/gcc-9.3.0-mjmsvu3362usxjr7tas4ywkd2e4ko5x3/lib64/libstdc++.so.6(+0xa4bc1)[0x2af56f82dbc1]
[eu-ms-004-18:13753] [ 6] /cluster/spack/apps/linux-centos7-x86_64/gcc-4.8.5/gcc-9.3.0-mjmsvu3362usxjr7tas4ywkd2e4ko5x3/lib64/libstdc++.so.6(+0xa4e14)[0x2af56f82de14]
[eu-ms-004-18:13753] /cluster/spack/apps/linux-centos7-x86_64/gcc-4.8.5/gcc-9.3.0-mjmsvu3362usxjr7tas4ywkd2e4ko5x3/lib64/libstdc++.so.6(+0x99133)[0x2b39c1c23133]
[eu-ms-009-05:00909] [ 4] /usr/lib64/libpthread.so.0(+0xf630)[0x2ad698efa630]
[eu-ms-004-34:27896] [ 1] /cluster/spack/apps/linux-centos7-x86_64/gcc-4.8.5/gcc-9.3.0-mjmsvu3362usxjr7tas4ywkd2e4ko5x3/lib64/libstdc++.so.6(+0xa4b56)[0x2b8f72195b56]
[eu-ms-004-13:11253] [ 5]   what():  Starting Rabenseifner-Gather more processes (32) than rows (b.size() = 16)
[eu-ms-004-26:32551] *** Process received signal ***
[eu-ms-004-26:32551] Signal: Aborted (6)
[eu-ms-004-26:32551] Signal code:  (-6)
/cluster/spack/apps/linux-centos7-x86_64/gcc-4.8.5/gcc-9.3.0-mjmsvu3362usxjr7tas4ywkd2e4ko5x3/lib64/libstdc++.so.6(+0x99133)[0x2b7f9bcf6133]
[eu-ms-001-09:21859] [ 4] [eu-ms-009-06:06507] [ 0] /cluster/spack/apps/linux-centos7-x86_64/gcc-4.8.5/gcc-9.3.0-mjmsvu3362usxjr7tas4ywkd2e4ko5x3/lib64/libstdc++.so.6(+0xa4bc1)[0x2b40650ebbc1]
[eu-ms-009-03:00676] [ 6] /usr/lib64/libpthread.so.0(+0xf630)[0x2b3ea2f3f630]
[eu-ms-001-12:04843] [ 1] /usr/lib64/libc.so.6(gsignal+0x37)[0x2b3ea3182387]
/cluster/spack/apps/linux-centos7-x86_64/gcc-4.8.5/gcc-9.3.0-mjmsvu3362usxjr7tas4ywkd2e4ko5x3/lib64/libstdc++.so.6(+0xa4bc1)[0x2b08f3b56bc1]
[eu-ms-004-41:20544] [ 6] /cluster/spack/apps/linux-centos7-x86_64/gcc-4.8.5/gcc-9.3.0-mjmsvu3362usxjr7tas4ywkd2e4ko5x3/lib64/libstdc++.so.6(+0xa4e14)[0x2b08f3b56e14]
[eu-ms-004-41:20544] [ 7] /cluster/spack/apps/linux-centos7-x86_64/gcc-4.8.5/gcc-9.3.0-mjmsvu3362usxjr7tas4ywkd2e4ko5x3/lib64/libstdc++.so.6(+0xa4b56)[0x2b9ad7282b56]
[eu-ms-004-07:02524] [ 5] /cluster/spack/apps/linux-centos7-x86_64/gcc-4.8.5/gcc-9.3.0-mjmsvu3362usxjr7tas4ywkd2e4ko5x3/lib64/libstdc++.so.6(+0x99133)[0x2b41a6131133]
[eu-ms-009-08:07775] [ 4] /cluster/spack/apps/linux-centos7-x86_64/gcc-4.8.5/gcc-9.3.0-mjmsvu3362usxjr7tas4ywkd2e4ko5x3/lib64/libstdc++.so.6(+0xa4b56)[0x2b41a613cb56]
[eu-ms-009-08:07775] terminate called after throwing an instance of 'std::runtime_error'
[ 7] code/build_output/main[0x40bcae]
[eu-ms-004-18:13753] [ 8] code/build_output/main[0x41a2d8]
[eu-ms-004-18:13753] [ 9] code/build_output/main[0x40c440]
[eu-ms-004-18:13753] [10] /cluster/spack/apps/linux-centos7-x86_64/gcc-4.8.5/gcc-9.3.0-mjmsvu3362usxjr7tas4ywkd2e4ko5x3/lib64/libstdc++.so.6(+0xa4b56)[0x2b39c1c2eb56]
[eu-ms-009-05:00909] [ 5] /usr/lib64/libc.so.6(gsignal+0x37)[0x2ad69913d387]
[eu-ms-004-34:27896] [ 2] /usr/lib64/libc.so.6(abort+0x148)[0x2ad69913ea78]
terminate called after throwing an instance of 'std::runtime_error'
/cluster/spack/apps/linux-centos7-x86_64/gcc-4.8.5/gcc-9.3.0-mjmsvu3362usxjr7tas4ywkd2e4ko5x3/lib64/libstdc++.so.6(+0xa4bc1)[0x2b8f72195bc1]
[eu-ms-004-13:11253] [ 6] /cluster/spack/apps/linux-centos7-x86_64/gcc-4.8.5/gcc-9.3.0-mjmsvu3362usxjr7tas4ywkd2e4ko5x3/lib64/libstdc++.so.6(+0xa4e14)[0x2b8f72195e14]
/cluster/spack/apps/linux-centos7-x86_64/gcc-4.8.5/gcc-9.3.0-mjmsvu3362usxjr7tas4ywkd2e4ko5x3/lib64/libstdc++.so.6(+0xa4b56)[0x2b7f9bd01b56]
[eu-ms-001-09:21859] [ 5] /usr/lib64/libpthread.so.0(+0xf630)[0x2b1927b82630]
[eu-ms-009-06:06507] [ 1] /usr/lib64/libc.so.6(gsignal+0x37)[0x2b1927dc5387]
[eu-ms-009-06:06507] /cluster/spack/apps/linux-centos7-x86_64/gcc-4.8.5/gcc-9.3.0-mjmsvu3362usxjr7tas4ywkd2e4ko5x3/lib64/libstdc++.so.6(+0xa4e14)[0x2b40650ebe14]
[eu-ms-009-03:00676] [ 7] code/build_output/main[0x40bcae]
[eu-ms-009-03:00676] [ 8] code/build_output/main[0x41a2d8]
[eu-ms-009-03:00676] [ 9] code/build_output/main[0x40c440]
[eu-ms-009-03:00676] [10] [eu-ms-001-12:04843] [ 2] /usr/lib64/libc.so.6(abort+0x148)[0x2b3ea3183a78]
[eu-ms-001-12:04843] [ 3] code/build_output/main[0x40bcae]
[eu-ms-004-41:20544] [ 8] code/build_output/main[0x41a2d8]
[eu-ms-004-41:20544] [ 9] code/build_output/main[0x40c440]
[eu-ms-004-41:20544] [10] /cluster/spack/apps/linux-centos7-x86_64/gcc-4.8.5/gcc-9.3.0-mjmsvu3362usxjr7tas4ywkd2e4ko5x3/lib64/libstdc++.so.6(+0xa4bc1)[0x2b9ad7282bc1]
[eu-ms-004-07:02524] [ 6] /cluster/spack/apps/linux-centos7-x86_64/gcc-4.8.5/gcc-9.3.0-mjmsvu3362usxjr7tas4ywkd2e4ko5x3/lib64/libstdc++.so.6(+0xa4e14)[0x2b9ad7282e14]
[eu-ms-004-07:02524] [ 5] /cluster/spack/apps/linux-centos7-x86_64/gcc-4.8.5/gcc-9.3.0-mjmsvu3362usxjr7tas4ywkd2e4ko5x3/lib64/libstdc++.so.6(+0xa4bc1)[0x2b41a613cbc1]
[eu-ms-009-08:07775] [ 6]   what():  Starting Rabenseifner-Gather more processes (32) than rows (b.size() = 16)
[eu-ms-009-11:09858] *** Process received signal ***
[eu-ms-009-11:09858] Signal: Aborted (6)
[eu-ms-009-11:09858] Signal code:  (-6)
/usr/lib64/libc.so.6(__libc_start_main+0xf5)[0x2af5702bb555]
[eu-ms-004-18:13753] [11] code/build_output/main[0x40dc6f]
[eu-ms-004-18:13753] *** End of error message ***
/cluster/spack/apps/linux-centos7-x86_64/gcc-4.8.5/gcc-9.3.0-mjmsvu3362usxjr7tas4ywkd2e4ko5x3/lib64/libstdc++.so.6(+0xa4bc1)[0x2b39c1c2ebc1]
[eu-ms-009-05:00909] [ 6] /cluster/spack/apps/linux-centos7-x86_64/gcc-4.8.5/gcc-9.3.0-mjmsvu3362usxjr7tas4ywkd2e4ko5x3/lib64/libstdc++.so.6(+0xa4e14)[0x2b39c1c2ee14]
[eu-ms-009-05:00909] [ 7] [eu-ms-004-34:27896] [ 3] /cluster/spack/apps/linux-centos7-x86_64/gcc-4.8.5/gcc-9.3.0-mjmsvu3362usxjr7tas4ywkd2e4ko5x3/lib64/libstdc++.so.6(+0x99133)[0x2ad698690133]
[eu-ms-004-34:27896] [ 4]   what():  Starting Rabenseifner-Gather more processes (32) than rows (b.size() = 16)
[eu-ms-004-20:29048] *** Process received signal ***
[eu-ms-004-20:29048] Signal: Aborted (6)
[eu-ms-004-20:29048] Signal code:  (-6)
[eu-ms-004-13:11253] [ 7] code/build_output/main[0x40bcae]
[eu-ms-004-13:11253] [ 8] code/build_output/main[0x41a2d8]
[eu-ms-004-13:11253] [ 9] code/build_output/main[0x40c440]
[eu-ms-004-13:11253] [10] [eu-ms-004-26:32551] [ 0] /cluster/spack/apps/linux-centos7-x86_64/gcc-4.8.5/gcc-9.3.0-mjmsvu3362usxjr7tas4ywkd2e4ko5x3/lib64/libstdc++.so.6(+0xa4bc1)[0x2b7f9bd01bc1]
[eu-ms-001-09:21859] [ 6] /cluster/spack/apps/linux-centos7-x86_64/gcc-4.8.5/gcc-9.3.0-mjmsvu3362usxjr7tas4ywkd2e4ko5x3/lib64/libstdc++.so.6(+0xa4e14)[0x2b7f9bd01e14]
[eu-ms-001-09:21859] [ 7] [ 2] /usr/lib64/libc.so.6(abort+0x148)[0x2b1927dc6a78]
[eu-ms-009-06:06507] [ 3] /usr/lib64/libc.so.6(__libc_start_main+0xf5)[0x2b4065b79555]
[eu-ms-009-03:00676] [11] code/build_output/main[0x40dc6f]
[eu-ms-009-03:00676] *** End of error message ***
/cluster/spack/apps/linux-centos7-x86_64/gcc-4.8.5/gcc-9.3.0-mjmsvu3362usxjr7tas4ywkd2e4ko5x3/lib64/libstdc++.so.6(+0x99133)[0x2b3ea26d5133]
[eu-ms-001-12:04843] [ 4] /usr/lib64/libc.so.6(__libc_start_main+0xf5)[0x2b08f45e4555]
[eu-ms-004-41:20544] [11] code/build_output/main[0x40dc6f]
[eu-ms-004-41:20544] *** End of error message ***
[ 7] code/build_output/main[0x40bcae]
[eu-ms-004-07:02524] [ 8] code/build_output/main[0x41a2d8]
[eu-ms-004-07:02524] [ 9] code/build_output/main[0x40c440]
[eu-ms-004-07:02524] [10] /cluster/spack/apps/linux-centos7-x86_64/gcc-4.8.5/gcc-9.3.0-mjmsvu3362usxjr7tas4ywkd2e4ko5x3/lib64/libstdc++.so.6(+0xa4e14)[0x2b41a613ce14]
[eu-ms-009-08:07775] [ 7] code/build_output/main[0x40bcae]
[eu-ms-009-08:07775] [ 8] [eu-ms-009-11:09858] [ 0] code/build_output/main[0x40bcae]
[eu-ms-009-05:00909] [ 8] code/build_output/main[0x41a2d8]
[eu-ms-009-05:00909] [ 9] code/build_output/main[0x40c440]
[eu-ms-009-05:00909] [10] /cluster/spack/apps/linux-centos7-x86_64/gcc-4.8.5/gcc-9.3.0-mjmsvu3362usxjr7tas4ywkd2e4ko5x3/lib64/libstdc++.so.6(+0xa4b56)[0x2ad69869bb56]
[eu-ms-004-34:27896] [ 5] [eu-ms-004-20:29048] [ 0] /usr/lib64/libc.so.6(__libc_start_main+0xf5)[0x2b8f72c23555]
[eu-ms-004-13:11253] [11] code/build_output/main[0x40dc6f]
[eu-ms-004-13:11253] *** End of error message ***
/usr/lib64/libpthread.so.0(+0xf630)[0x2b8df35a9630]
[eu-ms-004-26:32551] [ 1] /usr/lib64/libc.so.6(gsignal+0x37)[0x2b8df37ec387]
[eu-ms-004-26:32551] [ 2] code/build_output/main[0x40bcae]
[eu-ms-001-09:21859] [ 8] code/build_output/main[0x41a2d8]
[eu-ms-001-09:21859] [ 9] code/build_output/main[0x40c440]
[eu-ms-001-09:21859] [10] /cluster/spack/apps/linux-centos7-x86_64/gcc-4.8.5/gcc-9.3.0-mjmsvu3362usxjr7tas4ywkd2e4ko5x3/lib64/libstdc++.so.6(+0x99133)[0x2b1927318133]
[eu-ms-009-06:06507] [ 4] /cluster/spack/apps/linux-centos7-x86_64/gcc-4.8.5/gcc-9.3.0-mjmsvu3362usxjr7tas4ywkd2e4ko5x3/lib64/libstdc++.so.6(+0xa4b56)[0x2b3ea26e0b56]
[eu-ms-001-12:04843] [ 5] /usr/lib64/libc.so.6(__libc_start_main+0xf5)[0x2b9ad7d10555]
[eu-ms-004-07:02524] [11] code/build_output/main[0x40dc6f]
[eu-ms-004-07:02524] *** End of error message ***
code/build_output/main[0x41a2d8]
[eu-ms-009-08:07775] [ 9] code/build_output/main[0x40c440]
[eu-ms-009-08:07775] [10] /usr/lib64/libpthread.so.0(+0xf630)[0x2b0c65817630]
[eu-ms-009-11:09858] [ 1] /usr/lib64/libc.so.6(gsignal+0x37)[0x2b0c65a5a387]
/usr/lib64/libc.so.6(__libc_start_main+0xf5)[0x2b39c26bc555]
[eu-ms-009-05:00909] [11] code/build_output/main[0x40dc6f]
[eu-ms-009-05:00909] *** End of error message ***
/cluster/spack/apps/linux-centos7-x86_64/gcc-4.8.5/gcc-9.3.0-mjmsvu3362usxjr7tas4ywkd2e4ko5x3/lib64/libstdc++.so.6(+0xa4bc1)[0x2ad69869bbc1]
[eu-ms-004-34:27896] [ 6] /cluster/spack/apps/linux-centos7-x86_64/gcc-4.8.5/gcc-9.3.0-mjmsvu3362usxjr7tas4ywkd2e4ko5x3/lib64/libstdc++.so.6(+0xa4e14)[0x2ad69869be14]
/usr/lib64/libpthread.so.0(+0xf630)[0x2aaee3ad9630]
[eu-ms-004-20:29048] [ 1] /usr/lib64/libc.so.6(gsignal+0x37)[0x2aaee3d1c387]
/usr/lib64/libc.so.6(abort+0x148)[0x2b8df37eda78]
[eu-ms-004-26:32551] [ 3] /usr/lib64/libc.so.6(__libc_start_main+0xf5)[0x2b7f9c78f555]
[eu-ms-001-09:21859] [11] code/build_output/main[0x40dc6f]
[eu-ms-001-09:21859] *** End of error message ***
/cluster/spack/apps/linux-centos7-x86_64/gcc-4.8.5/gcc-9.3.0-mjmsvu3362usxjr7tas4ywkd2e4ko5x3/lib64/libstdc++.so.6(+0xa4b56)[0x2b1927323b56]
[eu-ms-009-06:06507] [ 5] /cluster/spack/apps/linux-centos7-x86_64/gcc-4.8.5/gcc-9.3.0-mjmsvu3362usxjr7tas4ywkd2e4ko5x3/lib64/libstdc++.so.6(+0xa4bc1)[0x2b3ea26e0bc1]
[eu-ms-001-12:04843] [ 6] /cluster/spack/apps/linux-centos7-x86_64/gcc-4.8.5/gcc-9.3.0-mjmsvu3362usxjr7tas4ywkd2e4ko5x3/lib64/libstdc++.so.6(+0xa4e14)[0x2b3ea26e0e14]
[eu-ms-001-12:04843] /usr/lib64/libc.so.6(__libc_start_main+0xf5)[0x2b41a6bca555]
[eu-ms-009-08:07775] [11] code/build_output/main[0x40dc6f]
[eu-ms-009-08:07775] *** End of error message ***
[eu-ms-009-11:09858] [ 2] /usr/lib64/libc.so.6(abort+0x148)[0x2b0c65a5ba78]
[eu-ms-009-11:09858] [ 3] [eu-ms-004-34:27896] [ 7] code/build_output/main[0x40bcae]
[eu-ms-004-34:27896] [ 8] code/build_output/main[0x41a2d8]
[eu-ms-004-34:27896] [ 9] code/build_output/main[0x40c440]
[eu-ms-004-34:27896] [10] [eu-ms-004-20:29048] [ 2] /usr/lib64/libc.so.6(abort+0x148)[0x2aaee3d1da78]
[eu-ms-004-20:29048] [ 3] /cluster/spack/apps/linux-centos7-x86_64/gcc-4.8.5/gcc-9.3.0-mjmsvu3362usxjr7tas4ywkd2e4ko5x3/lib64/libstdc++.so.6(+0x99133)[0x2b8df2d3f133]
[eu-ms-004-26:32551] [ 4] /cluster/spack/apps/linux-centos7-x86_64/gcc-4.8.5/gcc-9.3.0-mjmsvu3362usxjr7tas4ywkd2e4ko5x3/lib64/libstdc++.so.6(+0xa4bc1)[0x2b1927323bc1]
[eu-ms-009-06:06507] [ 6] /cluster/spack/apps/linux-centos7-x86_64/gcc-4.8.5/gcc-9.3.0-mjmsvu3362usxjr7tas4ywkd2e4ko5x3/lib64/libstdc++.so.6(+0xa4e14)[0x2b1927323e14]
[eu-ms-009-06:06507] [ 7] code/build_output/main[0x40bcae]
[eu-ms-001-12:04843] [ 8] code/build_output/main[0x41a2d8]
[eu-ms-001-12:04843] [ 9] code/build_output/main[0x40c440]
[eu-ms-001-12:04843] [10] /cluster/spack/apps/linux-centos7-x86_64/gcc-4.8.5/gcc-9.3.0-mjmsvu3362usxjr7tas4ywkd2e4ko5x3/lib64/libstdc++.so.6(+0x99133)[0x2b0c64fad133]
[eu-ms-009-11:09858] [ 4] /usr/lib64/libc.so.6(__libc_start_main+0xf5)[0x2ad699129555]
[eu-ms-004-34:27896] [11] code/build_output/main[0x40dc6f]
[eu-ms-004-34:27896] *** End of error message ***
/cluster/spack/apps/linux-centos7-x86_64/gcc-4.8.5/gcc-9.3.0-mjmsvu3362usxjr7tas4ywkd2e4ko5x3/lib64/libstdc++.so.6(+0x99133)[0x2aaee326f133]
[eu-ms-004-20:29048] [ 4] /cluster/spack/apps/linux-centos7-x86_64/gcc-4.8.5/gcc-9.3.0-mjmsvu3362usxjr7tas4ywkd2e4ko5x3/lib64/libstdc++.so.6(+0xa4b56)[0x2b8df2d4ab56]
[eu-ms-004-26:32551] [ 5] [ 7] code/build_output/main[0x40bcae]
[eu-ms-009-06:06507] [ 8] code/build_output/main[0x41a2d8]
[eu-ms-009-06:06507] [ 9] code/build_output/main[0x40c440]
[eu-ms-009-06:06507] [10] /usr/lib64/libc.so.6(__libc_start_main+0xf5)[0x2b3ea316e555]
[eu-ms-001-12:04843] [11] code/build_output/main[0x40dc6f]
[eu-ms-001-12:04843] *** End of error message ***
/cluster/spack/apps/linux-centos7-x86_64/gcc-4.8.5/gcc-9.3.0-mjmsvu3362usxjr7tas4ywkd2e4ko5x3/lib64/libstdc++.so.6(+0xa4b56)[0x2b0c64fb8b56]
[eu-ms-009-11:09858] [ 5] /cluster/spack/apps/linux-centos7-x86_64/gcc-4.8.5/gcc-9.3.0-mjmsvu3362usxjr7tas4ywkd2e4ko5x3/lib64/libstdc++.so.6(+0xa4b56)[0x2aaee327ab56]
[eu-ms-004-20:29048] [ 5] /cluster/spack/apps/linux-centos7-x86_64/gcc-4.8.5/gcc-9.3.0-mjmsvu3362usxjr7tas4ywkd2e4ko5x3/lib64/libstdc++.so.6(+0xa4bc1)[0x2b8df2d4abc1]
[eu-ms-004-26:32551] [ 6] /cluster/spack/apps/linux-centos7-x86_64/gcc-4.8.5/gcc-9.3.0-mjmsvu3362usxjr7tas4ywkd2e4ko5x3/lib64/libstdc++.so.6(+0xa4e14)[0x2b8df2d4ae14]
[eu-ms-004-26:32551] [ 7] /usr/lib64/libc.so.6(__libc_start_main+0xf5)[0x2b1927db1555]
[eu-ms-009-06:06507] [11] code/build_output/main[0x40dc6f]
[eu-ms-009-06:06507] *** End of error message ***
/cluster/spack/apps/linux-centos7-x86_64/gcc-4.8.5/gcc-9.3.0-mjmsvu3362usxjr7tas4ywkd2e4ko5x3/lib64/libstdc++.so.6(+0xa4bc1)[0x2b0c64fb8bc1]
[eu-ms-009-11:09858] [ 6] /cluster/spack/apps/linux-centos7-x86_64/gcc-4.8.5/gcc-9.3.0-mjmsvu3362usxjr7tas4ywkd2e4ko5x3/lib64/libstdc++.so.6(+0xa4e14)[0x2b0c64fb8e14]
[eu-ms-009-11:09858] [ 7] /cluster/spack/apps/linux-centos7-x86_64/gcc-4.8.5/gcc-9.3.0-mjmsvu3362usxjr7tas4ywkd2e4ko5x3/lib64/libstdc++.so.6(+0xa4bc1)[0x2aaee327abc1]
[eu-ms-004-20:29048] [ 6] /cluster/spack/apps/linux-centos7-x86_64/gcc-4.8.5/gcc-9.3.0-mjmsvu3362usxjr7tas4ywkd2e4ko5x3/lib64/libstdc++.so.6(+0xa4e14)[0x2aaee327ae14]
[eu-ms-004-20:29048] [ 7] code/build_output/main[0x40bcae]
[eu-ms-004-26:32551] [ 8] code/build_output/main[0x41a2d8]
[eu-ms-004-26:32551] [ 9] code/build_output/main[0x40c440]
[eu-ms-004-26:32551] [10] code/build_output/main[0x40bcae]
[eu-ms-009-11:09858] [ 8] code/build_output/main[0x41a2d8]
[eu-ms-009-11:09858] [ 9] code/build_output/main[0x40c440]
[eu-ms-009-11:09858] [10] code/build_output/main[0x40bcae]
[eu-ms-004-20:29048] [ 8] code/build_output/main[0x41a2d8]
[eu-ms-004-20:29048] [ 9] code/build_output/main[0x40c440]
[eu-ms-004-20:29048] [10] /usr/lib64/libc.so.6(__libc_start_main+0xf5)[0x2b8df37d8555]
[eu-ms-004-26:32551] [11] code/build_output/main[0x40dc6f]
[eu-ms-004-26:32551] *** End of error message ***
/usr/lib64/libc.so.6(__libc_start_main+0xf5)[0x2b0c65a46555]
[eu-ms-009-11:09858] [11] code/build_output/main[0x40dc6f]
[eu-ms-009-11:09858] *** End of error message ***
/usr/lib64/libc.so.6(__libc_start_main+0xf5)[0x2aaee3d08555]
[eu-ms-004-20:29048] [11] code/build_output/main[0x40dc6f]
[eu-ms-004-20:29048] *** End of error message ***
terminate called after throwing an instance of 'std::runtime_error'
terminate called after throwing an instance of 'std::runtime_error'
  what():  Starting Rabenseifner-Gather more processes (32) than rows (b.size() = 16)
[eu-ms-001-31:05090] *** Process received signal ***
[eu-ms-001-31:05090] Signal: Aborted (6)
[eu-ms-001-31:05090] Signal code:  (-6)
  what():  Starting Rabenseifner-Gather more processes (32) than rows (b.size() = 16)
[eu-ms-009-44:27065] *** Process received signal ***
[eu-ms-009-44:27065] Signal: Aborted (6)
[eu-ms-009-44:27065] Signal code:  (-6)
[eu-ms-009-44:27065] [ 0] /usr/lib64/libpthread.so.0(+0xf630)[0x2aabfdd17630]
[eu-ms-009-44:27065] [ 1] /usr/lib64/libc.so.6(gsignal+0x37)[0x2aabfdf5a387]
[eu-ms-009-44:27065] [ 2] /usr/lib64/libc.so.6(abort+0x148)[0x2aabfdf5ba78]
[eu-ms-009-44:27065] [ 3] /cluster/spack/apps/linux-centos7-x86_64/gcc-4.8.5/gcc-9.3.0-mjmsvu3362usxjr7tas4ywkd2e4ko5x3/lib64/libstdc++.so.6(+0x99133)[0x2aabfd4ad133]
[eu-ms-009-44:27065] [ 4] [eu-ms-001-31:05090] [ 0] /cluster/spack/apps/linux-centos7-x86_64/gcc-4.8.5/gcc-9.3.0-mjmsvu3362usxjr7tas4ywkd2e4ko5x3/lib64/libstdc++.so.6(+0xa4b56)[0x2aabfd4b8b56]
[eu-ms-009-44:27065] [ 5] /usr/lib64/libpthread.so.0(+0xf630)[0x2ba24632f630]
[eu-ms-001-31:05090] [ 1] /usr/lib64/libc.so.6(gsignal+0x37)[0x2ba246572387]
[eu-ms-001-31:05090] [ 2] /cluster/spack/apps/linux-centos7-x86_64/gcc-4.8.5/gcc-9.3.0-mjmsvu3362usxjr7tas4ywkd2e4ko5x3/lib64/libstdc++.so.6(+0xa4bc1)[0x2aabfd4b8bc1]
[eu-ms-009-44:27065] [ 6] /usr/lib64/libc.so.6(abort+0x148)[0x2ba246573a78]
[eu-ms-001-31:05090] [ 3] /cluster/spack/apps/linux-centos7-x86_64/gcc-4.8.5/gcc-9.3.0-mjmsvu3362usxjr7tas4ywkd2e4ko5x3/lib64/libstdc++.so.6(+0xa4e14)[0x2aabfd4b8e14]
[eu-ms-009-44:27065] [ 7] code/build_output/main[0x40bcae]
[eu-ms-009-44:27065] [ 8] code/build_output/main[0x41a2d8]
[eu-ms-009-44:27065] [ 9] code/build_output/main[0x40c440]
[eu-ms-009-44:27065] [10] /cluster/spack/apps/linux-centos7-x86_64/gcc-4.8.5/gcc-9.3.0-mjmsvu3362usxjr7tas4ywkd2e4ko5x3/lib64/libstdc++.so.6(+0x99133)[0x2ba245ac5133]
[eu-ms-001-31:05090] [ 4] /usr/lib64/libc.so.6(__libc_start_main+0xf5)[0x2aabfdf46555]
[eu-ms-009-44:27065] [11] code/build_output/main[0x40dc6f]
[eu-ms-009-44:27065] *** End of error message ***
/cluster/spack/apps/linux-centos7-x86_64/gcc-4.8.5/gcc-9.3.0-mjmsvu3362usxjr7tas4ywkd2e4ko5x3/lib64/libstdc++.so.6(+0xa4b56)[0x2ba245ad0b56]
[eu-ms-001-31:05090] [ 5] /cluster/spack/apps/linux-centos7-x86_64/gcc-4.8.5/gcc-9.3.0-mjmsvu3362usxjr7tas4ywkd2e4ko5x3/lib64/libstdc++.so.6(+0xa4bc1)[0x2ba245ad0bc1]
[eu-ms-001-31:05090] [ 6] /cluster/spack/apps/linux-centos7-x86_64/gcc-4.8.5/gcc-9.3.0-mjmsvu3362usxjr7tas4ywkd2e4ko5x3/lib64/libstdc++.so.6(+0xa4e14)[0x2ba245ad0e14]
[eu-ms-001-31:05090] [ 7] code/build_output/main[0x40bcae]
[eu-ms-001-31:05090] [ 8] code/build_output/main[0x41a2d8]
[eu-ms-001-31:05090] [ 9] code/build_output/main[0x40c440]
[eu-ms-001-31:05090] [10] /usr/lib64/libc.so.6(__libc_start_main+0xf5)[0x2ba24655e555]
[eu-ms-001-31:05090] [11] code/build_output/main[0x40dc6f]
[eu-ms-001-31:05090] *** End of error message ***
--------------------------------------------------------------------------
Primary job  terminated normally, but 1 process returned
a non-zero exit code. Per user-direction, the job has been aborted.
--------------------------------------------------------------------------
--------------------------------------------------------------------------
mpirun noticed that process rank 3 with PID 2592 on node eu-ms-001-42 exited on signal 6 (Aborted).
--------------------------------------------------------------------------
