0: Starting numprocs=16 N=1500, M=1500 impl=allgather-native-sparbit
Iteration 0
11: Starting numprocs=16 N=1500, M=1500 impl=allgather-native-sparbit
8: Starting numprocs=16 N=1500, M=1500 impl=allgather-native-sparbit
7: Starting numprocs=16 N=1500, M=1500 impl=allgather-native-sparbit
5: Starting numprocs=16 N=1500, M=1500 impl=allgather-native-sparbit
2: Starting numprocs=16 N=1500, M=1500 impl=allgather-native-sparbit
10: Starting numprocs=16 N=1500, M=1500 impl=allgather-native-sparbit
9: Starting numprocs=16 N=1500, M=1500 impl=allgather-native-sparbit
4: Starting numprocs=16 N=1500, M=1500 impl=allgather-native-sparbit
14: Starting numprocs=16 N=1500, M=1500 impl=allgather-native-sparbit
13: Starting numprocs=16 N=1500, M=1500 impl=allgather-native-sparbit
3: Starting numprocs=16 N=1500, M=1500 impl=allgather-native-sparbit
1: Starting numprocs=16 N=1500, M=1500 impl=allgather-native-sparbit
6: Starting numprocs=16 N=1500, M=1500 impl=allgather-native-sparbit
15: Starting numprocs=16 N=1500, M=1500 impl=allgather-native-sparbit
12: Starting numprocs=16 N=1500, M=1500 impl=allgather-native-sparbit
[eu-ms-021-25:13022] *** An error occurred in MPI_Allgather
[eu-ms-021-25:13022] *** reported by process [1413349377,13]
[eu-ms-021-25:13022] *** on communicator MPI_COMM_WORLD
[eu-ms-021-25:13022] *** MPI_ERR_UNSUPPORTED_OPERATION: operation not supported
[eu-ms-021-25:13022] *** MPI_ERRORS_ARE_FATAL (processes in this communicator will now abort,
[eu-ms-021-25:13022] ***    and potentially your MPI job)
[eu-ms-003-22:10598] PMIX ERROR: UNREACHABLE in file server/pmix_server.c at line 2147
[eu-ms-003-22:10598] 15 more processes have sent help message help-mpi-errors.txt / mpi_errors_are_fatal
[eu-ms-003-22:10598] Set MCA parameter "orte_base_help_aggregate" to 0 to see all help / error messages
