0: Starting numprocs=2 N=8192, M=8192 impl=allgather-async
1: Starting numprocs=2 N=8192, M=8192 impl=allgather-async
[eu-ms-024-29:14633:0:14633] Caught signal 11 (Segmentation fault: address not mapped to object at address 0x240f000)
==== backtrace (tid:  14633) ====
 0  /cluster/spack/apps/linux-centos7-x86_64/gcc-9.3.0/ucx-1.10.1-rtkf46xfr456yc5n3dtbc6um62ellewy/lib/libucs.so.0(ucs_handle_error+0x254) [0x2b3fb7f0f214]
 1  /cluster/spack/apps/linux-centos7-x86_64/gcc-9.3.0/ucx-1.10.1-rtkf46xfr456yc5n3dtbc6um62ellewy/lib/libucs.so.0(+0x293d7) [0x2b3fb7f0f3d7]
 2  /cluster/spack/apps/linux-centos7-x86_64/gcc-9.3.0/ucx-1.10.1-rtkf46xfr456yc5n3dtbc6um62ellewy/lib/libucs.so.0(+0x296e4) [0x2b3fb7f0f6e4]
 3  /usr/lib64/libpthread.so.0(+0xf630) [0x2b3fb6072630]
 4  /cluster/spack/apps/linux-centos7-x86_64/gcc-9.3.0/ucx-1.10.1-rtkf46xfr456yc5n3dtbc6um62ellewy/lib/libucp.so.0(ucp_dt_pack+0x13b) [0x2b3fb7a0b70b]
 5  /cluster/spack/apps/linux-centos7-x86_64/gcc-9.3.0/ucx-1.10.1-rtkf46xfr456yc5n3dtbc6um62ellewy/lib/libucp.so.0(+0x68281) [0x2b3fb7a37281]
 6  /cluster/spack/apps/linux-centos7-x86_64/gcc-9.3.0/ucx-1.10.1-rtkf46xfr456yc5n3dtbc6um62ellewy/lib/ucx/libuct_ib.so.0(uct_rc_verbs_ep_am_bcopy+0xd5) [0x2b3fc6147d35]
 7  /cluster/spack/apps/linux-centos7-x86_64/gcc-9.3.0/ucx-1.10.1-rtkf46xfr456yc5n3dtbc6um62ellewy/lib/libucp.so.0(+0x68d6b) [0x2b3fb7a37d6b]
 8  /cluster/spack/apps/linux-centos7-x86_64/gcc-9.3.0/ucx-1.10.1-rtkf46xfr456yc5n3dtbc6um62ellewy/lib/libucp.so.0(+0x88fbe) [0x2b3fb7a57fbe]
 9  /cluster/spack/apps/linux-centos7-x86_64/gcc-9.3.0/ucx-1.10.1-rtkf46xfr456yc5n3dtbc6um62ellewy/lib/libucp.so.0(ucp_wireup_replay_pending_requests+0x5c) [0x2b3fb7a5809c]
10  /cluster/spack/apps/linux-centos7-x86_64/gcc-9.3.0/ucx-1.10.1-rtkf46xfr456yc5n3dtbc6um62ellewy/lib/libucp.so.0(+0x84545) [0x2b3fb7a53545]
11  /cluster/spack/apps/linux-centos7-x86_64/gcc-9.3.0/ucx-1.10.1-rtkf46xfr456yc5n3dtbc6um62ellewy/lib/libucs.so.0(+0x1e5f1) [0x2b3fb7f045f1]
12  /cluster/spack/apps/linux-centos7-x86_64/gcc-9.3.0/ucx-1.10.1-rtkf46xfr456yc5n3dtbc6um62ellewy/lib/libucp.so.0(ucp_worker_progress+0x6a) [0x2b3fb7a086ca]
13  /cluster/spack/apps/linux-centos7-x86_64/gcc-9.3.0/openmpi-4.0.2-v3wmvdtsldm6pa4b7vp6y5ivy53izisg/lib/libmpi.so.40(mca_pml_ucx_recv+0x10f) [0x2b3fb548a92f]
14  /cluster/spack/apps/linux-centos7-x86_64/gcc-9.3.0/openmpi-4.0.2-v3wmvdtsldm6pa4b7vp6y5ivy53izisg/lib/libmpi.so.40(MPI_Recv+0xf5) [0x2b3fb5377545]
15  code/build_output/main() [0x40baeb]
16  /usr/lib64/libc.so.6(__libc_start_main+0xf5) [0x2b3fb62a1555]
17  code/build_output/main() [0x40cb4f]
=================================
--------------------------------------------------------------------------
Primary job  terminated normally, but 1 process returned
a non-zero exit code. Per user-direction, the job has been aborted.
--------------------------------------------------------------------------
--------------------------------------------------------------------------
mpirun noticed that process rank 0 with PID 0 on node eu-ms-024-29 exited on signal 11 (Segmentation fault).
--------------------------------------------------------------------------
