2: Starting numprocs=6 N=8192, M=8192 impl=allgather-async
0: Starting numprocs=6 N=8192, M=8192 impl=allgather-async
Iteration 0
3: Starting numprocs=6 N=8192, M=8192 impl=allgather-async
1: Starting numprocs=6 N=8192, M=8192 impl=allgather-async
4: Starting numprocs=6 N=8192, M=8192 impl=allgather-async
5: Starting numprocs=6 N=8192, M=8192 impl=allgather-async
[eu-ms-006-23:30327:0:30327] Caught signal 11 (Segmentation fault: address not mapped to object at address 0x14e5000)
==== backtrace (tid:  30327) ====
 0  /cluster/spack/apps/linux-centos7-x86_64/gcc-9.3.0/ucx-1.10.1-rtkf46xfr456yc5n3dtbc6um62ellewy/lib/libucs.so.0(ucs_handle_error+0x254) [0x2b76c864b214]
 1  /cluster/spack/apps/linux-centos7-x86_64/gcc-9.3.0/ucx-1.10.1-rtkf46xfr456yc5n3dtbc6um62ellewy/lib/libucs.so.0(+0x293d7) [0x2b76c864b3d7]
 2  /cluster/spack/apps/linux-centos7-x86_64/gcc-9.3.0/ucx-1.10.1-rtkf46xfr456yc5n3dtbc6um62ellewy/lib/libucs.so.0(+0x296e4) [0x2b76c864b6e4]
 3  /usr/lib64/libpthread.so.0(+0xf630) [0x2b76c67ae630]
 4  /cluster/spack/apps/linux-centos7-x86_64/gcc-9.3.0/ucx-1.10.1-rtkf46xfr456yc5n3dtbc6um62ellewy/lib/libucp.so.0(ucp_dt_pack+0x13b) [0x2b76c814770b]
 5  /cluster/spack/apps/linux-centos7-x86_64/gcc-9.3.0/ucx-1.10.1-rtkf46xfr456yc5n3dtbc6um62ellewy/lib/libucp.so.0(+0x68281) [0x2b76c8173281]
 6  /cluster/spack/apps/linux-centos7-x86_64/gcc-9.3.0/ucx-1.10.1-rtkf46xfr456yc5n3dtbc6um62ellewy/lib/ucx/libuct_ib.so.0(uct_rc_verbs_ep_am_bcopy+0xd5) [0x2b76ce75fd35]
 7  /cluster/spack/apps/linux-centos7-x86_64/gcc-9.3.0/ucx-1.10.1-rtkf46xfr456yc5n3dtbc6um62ellewy/lib/libucp.so.0(+0x68d6b) [0x2b76c8173d6b]
 8  /cluster/spack/apps/linux-centos7-x86_64/gcc-9.3.0/ucx-1.10.1-rtkf46xfr456yc5n3dtbc6um62ellewy/lib/libucp.so.0(+0x88fbe) [0x2b76c8193fbe]
 9  /cluster/spack/apps/linux-centos7-x86_64/gcc-9.3.0/ucx-1.10.1-rtkf46xfr456yc5n3dtbc6um62ellewy/lib/libucp.so.0(ucp_wireup_replay_pending_requests+0x5c) [0x2b76c819409c]
10  /cluster/spack/apps/linux-centos7-x86_64/gcc-9.3.0/ucx-1.10.1-rtkf46xfr456yc5n3dtbc6um62ellewy/lib/libucp.so.0(+0x84545) [0x2b76c818f545]
11  /cluster/spack/apps/linux-centos7-x86_64/gcc-9.3.0/ucx-1.10.1-rtkf46xfr456yc5n3dtbc6um62ellewy/lib/libucs.so.0(+0x1e5f1) [0x2b76c86405f1]
12  /cluster/spack/apps/linux-centos7-x86_64/gcc-9.3.0/ucx-1.10.1-rtkf46xfr456yc5n3dtbc6um62ellewy/lib/libucp.so.0(ucp_worker_progress+0x6a) [0x2b76c81446ca]
13  /cluster/spack/apps/linux-centos7-x86_64/gcc-9.3.0/openmpi-4.0.2-v3wmvdtsldm6pa4b7vp6y5ivy53izisg/lib/libmpi.so.40(mca_pml_ucx_recv+0x10f) [0x2b76c5bc692f]
14  /cluster/spack/apps/linux-centos7-x86_64/gcc-9.3.0/openmpi-4.0.2-v3wmvdtsldm6pa4b7vp6y5ivy53izisg/lib/libmpi.so.40(MPI_Recv+0xf5) [0x2b76c5ab3545]
15  code/build_output/main() [0x40bee0]
16  /usr/lib64/libc.so.6(__libc_start_main+0xf5) [0x2b76c69dd555]
17  code/build_output/main() [0x40d2ff]
=================================
[eu-ms-006-36:20414:0:20414] Caught signal 11 (Segmentation fault: address not mapped to object at address 0x19ec000)
==== backtrace (tid:  20414) ====
 0  /cluster/spack/apps/linux-centos7-x86_64/gcc-9.3.0/ucx-1.10.1-rtkf46xfr456yc5n3dtbc6um62ellewy/lib/libucs.so.0(ucs_handle_error+0x254) [0x2b118de56214]
 1  /cluster/spack/apps/linux-centos7-x86_64/gcc-9.3.0/ucx-1.10.1-rtkf46xfr456yc5n3dtbc6um62ellewy/lib/libucs.so.0(+0x293d7) [0x2b118de563d7]
 2  /cluster/spack/apps/linux-centos7-x86_64/gcc-9.3.0/ucx-1.10.1-rtkf46xfr456yc5n3dtbc6um62ellewy/lib/libucs.so.0(+0x296e4) [0x2b118de566e4]
 3  /usr/lib64/libpthread.so.0(+0xf630) [0x2b118bfb9630]
 4  /cluster/spack/apps/linux-centos7-x86_64/gcc-9.3.0/ucx-1.10.1-rtkf46xfr456yc5n3dtbc6um62ellewy/lib/libucp.so.0(ucp_dt_pack+0x13b) [0x2b118d95270b]
 5  /cluster/spack/apps/linux-centos7-x86_64/gcc-9.3.0/ucx-1.10.1-rtkf46xfr456yc5n3dtbc6um62ellewy/lib/libucp.so.0(+0x68281) [0x2b118d97e281]
 6  /cluster/spack/apps/linux-centos7-x86_64/gcc-9.3.0/ucx-1.10.1-rtkf46xfr456yc5n3dtbc6um62ellewy/lib/ucx/libuct_ib.so.0(uct_rc_verbs_ep_am_bcopy+0xd5) [0x2b119c02dd35]
 7  /cluster/spack/apps/linux-centos7-x86_64/gcc-9.3.0/ucx-1.10.1-rtkf46xfr456yc5n3dtbc6um62ellewy/lib/libucp.so.0(+0x68d6b) [0x2b118d97ed6b]
 8  /cluster/spack/apps/linux-centos7-x86_64/gcc-9.3.0/ucx-1.10.1-rtkf46xfr456yc5n3dtbc6um62ellewy/lib/libucp.so.0(+0x88fbe) [0x2b118d99efbe]
 9  /cluster/spack/apps/linux-centos7-x86_64/gcc-9.3.0/ucx-1.10.1-rtkf46xfr456yc5n3dtbc6um62ellewy/lib/libucp.so.0(ucp_wireup_replay_pending_requests+0x5c) [0x2b118d99f09c]
10  /cluster/spack/apps/linux-centos7-x86_64/gcc-9.3.0/ucx-1.10.1-rtkf46xfr456yc5n3dtbc6um62ellewy/lib/libucp.so.0(+0x84545) [0x2b118d99a545]
11  /cluster/spack/apps/linux-centos7-x86_64/gcc-9.3.0/ucx-1.10.1-rtkf46xfr456yc5n3dtbc6um62ellewy/lib/libucs.so.0(+0x1e5f1) [0x2b118de4b5f1]
12  /cluster/spack/apps/linux-centos7-x86_64/gcc-9.3.0/ucx-1.10.1-rtkf46xfr456yc5n3dtbc6um62ellewy/lib/libucp.so.0(ucp_worker_progress+0x6a) [0x2b118d94f6ca]
13  /cluster/spack/apps/linux-centos7-x86_64/gcc-9.3.0/openmpi-4.0.2-v3wmvdtsldm6pa4b7vp6y5ivy53izisg/lib/libmpi.so.40(mca_pml_ucx_progress+0x17) [0x2b118b3d0497]
14  /cluster/spack/apps/linux-centos7-x86_64/gcc-9.3.0/openmpi-4.0.2-v3wmvdtsldm6pa4b7vp6y5ivy53izisg/lib/libopen-pal.so.40(opal_progress+0x2b) [0x2b118d4cbb5b]
15  /cluster/spack/apps/linux-centos7-x86_64/gcc-9.3.0/openmpi-4.0.2-v3wmvdtsldm6pa4b7vp6y5ivy53izisg/lib/libmpi.so.40(ompi_mpi_finalize+0x195) [0x2b118b288a65]
16  code/build_output/main() [0x40c04c]
17  /usr/lib64/libc.so.6(__libc_start_main+0xf5) [0x2b118c1e8555]
18  code/build_output/main() [0x40d2ff]
=================================
--------------------------------------------------------------------------
Primary job  terminated normally, but 1 process returned
a non-zero exit code. Per user-direction, the job has been aborted.
--------------------------------------------------------------------------
--------------------------------------------------------------------------
mpirun noticed that process rank 0 with PID 0 on node eu-ms-006-23 exited on signal 11 (Segmentation fault).
--------------------------------------------------------------------------
