13: Starting numprocs=16 N=16, M=16 impl=allreduce-native-basic_linear
10: Starting numprocs=16 N=16, M=16 impl=allreduce-native-basic_linear
6: Starting numprocs=16 N=16, M=16 impl=allreduce-native-basic_linear
11: Starting numprocs=16 N=16, M=16 impl=allreduce-native-basic_linear
5: Starting numprocs=16 N=16, M=16 impl=allreduce-native-basic_linear
7: Starting numprocs=16 N=16, M=16 impl=allreduce-native-basic_linear
2: Starting numprocs=16 N=16, M=16 impl=allreduce-native-basic_linear
3: Starting numprocs=16 N=16, M=16 impl=allreduce-native-basic_linear
1: Starting numprocs=16 N=16, M=16 impl=allreduce-native-basic_linear
9: Starting numprocs=16 N=16, M=16 impl=allreduce-native-basic_linear
15: Starting numprocs=16 N=16, M=16 impl=allreduce-native-basic_linear
8: Starting numprocs=16 N=16, M=16 impl=allreduce-native-basic_linear
4: Starting numprocs=16 N=16, M=16 impl=allreduce-native-basic_linear
14: Starting numprocs=16 N=16, M=16 impl=allreduce-native-basic_linear
12: Starting numprocs=16 N=16, M=16 impl=allreduce-native-basic_linear
0: Starting numprocs=16 N=16, M=16 impl=allreduce-native-basic_linear
Iteration 0
time: 0.049189s
Validation turned on
Validation successful! error=1.41975e-29
