9: Starting numprocs=16 N=64, M=64 impl=rabenseifner-gather
7: Starting numprocs=16 N=64, M=64 impl=rabenseifner-gather
4: Starting numprocs=16 N=64, M=64 impl=rabenseifner-gather
5: Starting numprocs=16 N=64, M=64 impl=rabenseifner-gather
12: Starting numprocs=16 N=64, M=64 impl=rabenseifner-gather
10: Starting numprocs=16 N=64, M=64 impl=rabenseifner-gather
3: Starting numprocs=16 N=64, M=64 impl=rabenseifner-gather
0: Starting numprocs=16 N=64, M=64 impl=rabenseifner-gather
Iteration 0
8: Starting numprocs=16 N=64, M=64 impl=rabenseifner-gather
13: Starting numprocs=16 N=64, M=64 impl=rabenseifner-gather
11: Starting numprocs=16 N=64, M=64 impl=rabenseifner-gather
6: Starting numprocs=16 N=64, M=64 impl=rabenseifner-gather
1: Starting numprocs=16 N=64, M=64 impl=rabenseifner-gather
15: Starting numprocs=16 N=64, M=64 impl=rabenseifner-gather
14: Starting numprocs=16 N=64, M=64 impl=rabenseifner-gather
2: Starting numprocs=16 N=64, M=64 impl=rabenseifner-gather
time: 0.039103s
Validation turned on
Validation successful! error=0
