5: Starting numprocs=16 N=32, M=32 impl=allreduce-butterfly
3: Starting numprocs=16 N=32, M=32 impl=allreduce-butterfly
14: Starting numprocs=16 N=32, M=32 impl=allreduce-butterfly
8: Starting numprocs=16 N=32, M=32 impl=allreduce-butterfly
0: Starting numprocs=16 N=32, M=32 impl=allreduce-butterfly
Iteration 0
15: Starting numprocs=16 N=32, M=32 impl=allreduce-butterfly
13: Starting numprocs=16 N=32, M=32 impl=allreduce-butterfly
7: Starting numprocs=16 N=32, M=32 impl=allreduce-butterfly
6: Starting numprocs=16 N=32, M=32 impl=allreduce-butterfly
2: Starting numprocs=16 N=32, M=32 impl=allreduce-butterfly
11: Starting numprocs=16 N=32, M=32 impl=allreduce-butterfly
9: Starting numprocs=16 N=32, M=32 impl=allreduce-butterfly
10: Starting numprocs=16 N=32, M=32 impl=allreduce-butterfly
4: Starting numprocs=16 N=32, M=32 impl=allreduce-butterfly
12: Starting numprocs=16 N=32, M=32 impl=allreduce-butterfly
1: Starting numprocs=16 N=32, M=32 impl=allreduce-butterfly
time: 0.001533s
Validation turned on
Validation successful! error=5.0611e-29
