0: Starting numprocs=16 N=32, M=32 impl=allreduce-native-ring
Iteration 0
10: Starting numprocs=16 N=32, M=32 impl=allreduce-native-ring
12: Starting numprocs=16 N=32, M=32 impl=allreduce-native-ring
9: Starting numprocs=16 N=32, M=32 impl=allreduce-native-ring
8: Starting numprocs=16 N=32, M=32 impl=allreduce-native-ring
7: Starting numprocs=16 N=32, M=32 impl=allreduce-native-ring
1: Starting numprocs=16 N=32, M=32 impl=allreduce-native-ring
3: Starting numprocs=16 N=32, M=32 impl=allreduce-native-ring
6: Starting numprocs=16 N=32, M=32 impl=allreduce-native-ring
4: Starting numprocs=16 N=32, M=32 impl=allreduce-native-ring
15: Starting numprocs=16 N=32, M=32 impl=allreduce-native-ring
13: Starting numprocs=16 N=32, M=32 impl=allreduce-native-ring
14: Starting numprocs=16 N=32, M=32 impl=allreduce-native-ring
5: Starting numprocs=16 N=32, M=32 impl=allreduce-native-ring
2: Starting numprocs=16 N=32, M=32 impl=allreduce-native-ring
11: Starting numprocs=16 N=32, M=32 impl=allreduce-native-ring
time: 0.007122s
Validation turned on
Validation successful! error=5.14884e-29
