7: Starting numprocs=16 N=1024, M=1024 impl=allreduce-native-rabenseifner
6: Starting numprocs=16 N=1024, M=1024 impl=allreduce-native-rabenseifner
11: Starting numprocs=16 N=1024, M=1024 impl=allreduce-native-rabenseifner
9: Starting numprocs=16 N=1024, M=1024 impl=allreduce-native-rabenseifner
15: Starting numprocs=16 N=1024, M=1024 impl=allreduce-native-rabenseifner
2: Starting numprocs=16 N=1024, M=1024 impl=allreduce-native-rabenseifner
12: Starting numprocs=16 N=1024, M=1024 impl=allreduce-native-rabenseifner
8: Starting numprocs=16 N=1024, M=1024 impl=allreduce-native-rabenseifner
5: Starting numprocs=16 N=1024, M=1024 impl=allreduce-native-rabenseifner
10: Starting numprocs=16 N=1024, M=1024 impl=allreduce-native-rabenseifner
3: Starting numprocs=16 N=1024, M=1024 impl=allreduce-native-rabenseifner
4: Starting numprocs=16 N=1024, M=1024 impl=allreduce-native-rabenseifner
1: Starting numprocs=16 N=1024, M=1024 impl=allreduce-native-rabenseifner
13: Starting numprocs=16 N=1024, M=1024 impl=allreduce-native-rabenseifner
14: Starting numprocs=16 N=1024, M=1024 impl=allreduce-native-rabenseifner
0: Starting numprocs=16 N=1024, M=1024 impl=allreduce-native-rabenseifner
Iteration 0
time: 0.023191s
Validation turned on
Validation successful! error=5.38742e-26
