10: Starting numprocs=16 N=256, M=256 impl=allreduce-native-ring
9: Starting numprocs=16 N=256, M=256 impl=allreduce-native-ring
7: Starting numprocs=16 N=256, M=256 impl=allreduce-native-ring
11: Starting numprocs=16 N=256, M=256 impl=allreduce-native-ring
12: Starting numprocs=16 N=256, M=256 impl=allreduce-native-ring
8: Starting numprocs=16 N=256, M=256 impl=allreduce-native-ring
6: Starting numprocs=16 N=256, M=256 impl=allreduce-native-ring
14: Starting numprocs=16 N=256, M=256 impl=allreduce-native-ring
13: Starting numprocs=16 N=256, M=256 impl=allreduce-native-ring
1: Starting numprocs=16 N=256, M=256 impl=allreduce-native-ring
15: Starting numprocs=16 N=256, M=256 impl=allreduce-native-ring
5: Starting numprocs=16 N=256, M=256 impl=allreduce-native-ring
2: Starting numprocs=16 N=256, M=256 impl=allreduce-native-ring
4: Starting numprocs=16 N=256, M=256 impl=allreduce-native-ring
3: Starting numprocs=16 N=256, M=256 impl=allreduce-native-ring
0: Starting numprocs=16 N=256, M=256 impl=allreduce-native-ring
Iteration 0
time: 0.018722s
Validation turned on
Validation successful! error=3.58883e-27
