0: Starting numprocs=32 N=16, M=16 impl=rabenseifner-gather
Iteration 0
18: Starting numprocs=32 N=16, M=16 impl=rabenseifner-gather
8: Starting numprocs=32 N=16, M=16 impl=rabenseifner-gather
20: Starting numprocs=32 N=16, M=16 impl=rabenseifner-gather
29: Starting numprocs=32 N=16, M=16 impl=rabenseifner-gather
6: Starting numprocs=32 N=16, M=16 impl=rabenseifner-gather
7: Starting numprocs=32 N=16, M=16 impl=rabenseifner-gather
16: Starting numprocs=32 N=16, M=16 impl=rabenseifner-gather
17: Starting numprocs=32 N=16, M=16 impl=rabenseifner-gather
11: Starting numprocs=32 N=16, M=16 impl=rabenseifner-gather
21: Starting numprocs=32 N=16, M=16 impl=rabenseifner-gather
3: Starting numprocs=32 N=16, M=16 impl=rabenseifner-gather
23: Starting numprocs=32 N=16, M=16 impl=rabenseifner-gather
25: Starting numprocs=32 N=16, M=16 impl=rabenseifner-gather
10: Starting numprocs=32 N=16, M=16 impl=rabenseifner-gather
14: Starting numprocs=32 N=16, M=16 impl=rabenseifner-gather
26: Starting numprocs=32 N=16, M=16 impl=rabenseifner-gather
15: Starting numprocs=32 N=16, M=16 impl=rabenseifner-gather
5: Starting numprocs=32 N=16, M=16 impl=rabenseifner-gather
4: Starting numprocs=32 N=16, M=16 impl=rabenseifner-gather
22: Starting numprocs=32 N=16, M=16 impl=rabenseifner-gather
9: Starting numprocs=32 N=16, M=16 impl=rabenseifner-gather
30: Starting numprocs=32 N=16, M=16 impl=rabenseifner-gather
19: Starting numprocs=32 N=16, M=16 impl=rabenseifner-gather
27: Starting numprocs=32 N=16, M=16 impl=rabenseifner-gather
31: Starting numprocs=32 N=16, M=16 impl=rabenseifner-gather
28: Starting numprocs=32 N=16, M=16 impl=rabenseifner-gather
24: Starting numprocs=32 N=16, M=16 impl=rabenseifner-gather
2: Starting numprocs=32 N=16, M=16 impl=rabenseifner-gather
12: Starting numprocs=32 N=16, M=16 impl=rabenseifner-gather
1: Starting numprocs=32 N=16, M=16 impl=rabenseifner-gather
13: Starting numprocs=32 N=16, M=16 impl=rabenseifner-gather
terminate called after throwing an instance of 'std::runtime_error'
  what():  Starting Rabenseifner-Gather more processes (32) than rows (b.size() = 16)
terminate called after throwing an instance of 'std::runtime_error'
[eu-ms-026-29:17573] *** Process received signal ***
[eu-ms-026-29:17573] Signal: Aborted (6)
[eu-ms-026-29:17573] Signal code:  (-6)
terminate called after throwing an instance of 'std::runtime_error'
terminate called after throwing an instance of 'std::runtime_error'
  what():  Starting Rabenseifner-Gather more processes (32) than rows (b.size() = 16)
[eu-ms-002-31:30270] *** Process received signal ***
[eu-ms-002-31:30270] Signal: Aborted (6)
[eu-ms-002-31:30270] Signal code:  (-6)
  what():  Starting Rabenseifner-Gather more processes (32) than rows (b.size() = 16)
[eu-ms-026-14:27023] *** Process received signal ***
[eu-ms-026-14:27023] Signal: Aborted (6)
[eu-ms-026-14:27023] Signal code:  (-6)
terminate called after throwing an instance of 'std::runtime_error'
  what():  Starting Rabenseifner-Gather more processes (32) than rows (b.size() = 16)
[eu-ms-010-23:09247] *** Process received signal ***
[eu-ms-010-23:09247] Signal: Aborted (6)
[eu-ms-010-23:09247] Signal code:  (-6)
terminate called after throwing an instance of 'std::runtime_error'
[eu-ms-002-31:30270] [ 0] [eu-ms-026-29:17573] [ 0] /usr/lib64/libpthread.so.0(+0xf630)[0x2b9595df6630]
[eu-ms-026-29:17573] [ 1] /usr/lib64/libc.so.6(gsignal+0x37)[0x2b9596039387]
[eu-ms-026-29:17573] [ 2] /usr/lib64/libc.so.6(abort+0x148)[0x2b959603aa78]
[eu-ms-026-29:17573] [ 3] /cluster/spack/apps/linux-centos7-x86_64/gcc-4.8.5/gcc-9.3.0-mjmsvu3362usxjr7tas4ywkd2e4ko5x3/lib64/libstdc++.so.6(+0x99133)[0x2b959558c133]
[eu-ms-026-29:17573] [ 4] /cluster/spack/apps/linux-centos7-x86_64/gcc-4.8.5/gcc-9.3.0-mjmsvu3362usxjr7tas4ywkd2e4ko5x3/lib64/libstdc++.so.6(+0xa4b56)[0x2b9595597b56]
[eu-ms-026-29:17573] [ 5] [eu-ms-026-14:27023] [ 0]   what():  Starting Rabenseifner-Gather more processes (32) than rows (b.size() = 16)
[eu-ms-002-04:01861] *** Process received signal ***
[eu-ms-002-04:01861] Signal: Aborted (6)
[eu-ms-002-04:01861] Signal code:  (-6)
[eu-ms-010-23:09247] [ 0]   what():  Starting Rabenseifner-Gather more processes (32) than rows (b.size() = 16)
[eu-ms-010-28:15541] *** Process received signal ***
[eu-ms-010-28:15541] Signal: Aborted (6)
[eu-ms-010-28:15541] Signal code:  (-6)
/usr/lib64/libpthread.so.0(+0xf630)[0x2ba10d0cb630]
[eu-ms-002-31:30270] [ 1] /cluster/spack/apps/linux-centos7-x86_64/gcc-4.8.5/gcc-9.3.0-mjmsvu3362usxjr7tas4ywkd2e4ko5x3/lib64/libstdc++.so.6(+0xa4bc1)[0x2b9595597bc1]
[eu-ms-026-29:17573] [ 6] /cluster/spack/apps/linux-centos7-x86_64/gcc-4.8.5/gcc-9.3.0-mjmsvu3362usxjr7tas4ywkd2e4ko5x3/lib64/libstdc++.so.6(+0xa4e14)[0x2b9595597e14]
[eu-ms-026-29:17573] [ 7] code/build_output/main[0x40bc52]
[eu-ms-026-29:17573] [ 8] code/build_output/main[0x41a198]
[eu-ms-026-29:17573] [ 9] code/build_output/main[0x40c3d9]
[eu-ms-026-29:17573] [10] /usr/lib64/libc.so.6(__libc_start_main+0xf5)[0x2b9596025555]
[eu-ms-026-29:17573] [11] code/build_output/main[0x40db3f]
[eu-ms-026-29:17573] *** End of error message ***
/usr/lib64/libpthread.so.0(+0xf630)[0x2b7ff84b7630]
[eu-ms-026-14:27023] [ 1] [eu-ms-002-04:01861] [ 0] /usr/lib64/libpthread.so.0(+0xf630)[0x2ae06c178630]
[eu-ms-010-23:09247] [ 1] [eu-ms-010-28:15541] [ 0] /usr/lib64/libc.so.6(gsignal+0x37)[0x2ba10d30e387]
[eu-ms-002-31:30270] [ 2] /usr/lib64/libc.so.6(abort+0x148)[0x2ba10d30fa78]
[eu-ms-002-31:30270] [ 3] /usr/lib64/libc.so.6(gsignal+0x37)[0x2b7ff86fa387]
[eu-ms-026-14:27023] [ 2] /usr/lib64/libc.so.6(abort+0x148)[0x2b7ff86fba78]
[eu-ms-026-14:27023] /usr/lib64/libpthread.so.0(+0xf630)[0x2b8aba74a630]
[eu-ms-002-04:01861] [ 1] /usr/lib64/libc.so.6(gsignal+0x37)[0x2ae06c3bb387]
[eu-ms-010-23:09247] [ 2] /usr/lib64/libc.so.6(abort+0x148)[0x2ae06c3bca78]
[eu-ms-010-23:09247] [ 3] /usr/lib64/libpthread.so.0(+0xf630)[0x2b65acd55630]
[eu-ms-010-28:15541] [ 1] /cluster/spack/apps/linux-centos7-x86_64/gcc-4.8.5/gcc-9.3.0-mjmsvu3362usxjr7tas4ywkd2e4ko5x3/lib64/libstdc++.so.6(+0x99133)[0x2ba10c861133]
[eu-ms-002-31:30270] [ 4] [ 3] /cluster/spack/apps/linux-centos7-x86_64/gcc-4.8.5/gcc-9.3.0-mjmsvu3362usxjr7tas4ywkd2e4ko5x3/lib64/libstdc++.so.6(+0x99133)[0x2b7ff7c4d133]
[eu-ms-026-14:27023] [ 4] /usr/lib64/libc.so.6(gsignal+0x37)[0x2b8aba98d387]
[eu-ms-002-04:01861] [ 2] /usr/lib64/libc.so.6(abort+0x148)[0x2b8aba98ea78]
[eu-ms-002-04:01861] /cluster/spack/apps/linux-centos7-x86_64/gcc-4.8.5/gcc-9.3.0-mjmsvu3362usxjr7tas4ywkd2e4ko5x3/lib64/libstdc++.so.6(+0x99133)[0x2ae06b90e133]
[eu-ms-010-23:09247] [ 4] /usr/lib64/libc.so.6(gsignal+0x37)[0x2b65acf98387]
[eu-ms-010-28:15541] [ 2] /usr/lib64/libc.so.6(abort+0x148)[0x2b65acf99a78]
[eu-ms-010-28:15541] [ 3] /cluster/spack/apps/linux-centos7-x86_64/gcc-4.8.5/gcc-9.3.0-mjmsvu3362usxjr7tas4ywkd2e4ko5x3/lib64/libstdc++.so.6(+0xa4b56)[0x2ba10c86cb56]
[eu-ms-002-31:30270] [ 5] /cluster/spack/apps/linux-centos7-x86_64/gcc-4.8.5/gcc-9.3.0-mjmsvu3362usxjr7tas4ywkd2e4ko5x3/lib64/libstdc++.so.6(+0xa4b56)[0x2b7ff7c58b56]
[eu-ms-026-14:27023] [ 5] [ 3] /cluster/spack/apps/linux-centos7-x86_64/gcc-4.8.5/gcc-9.3.0-mjmsvu3362usxjr7tas4ywkd2e4ko5x3/lib64/libstdc++.so.6(+0x99133)[0x2b8ab9ee0133]
[eu-ms-002-04:01861] [ 4] /cluster/spack/apps/linux-centos7-x86_64/gcc-4.8.5/gcc-9.3.0-mjmsvu3362usxjr7tas4ywkd2e4ko5x3/lib64/libstdc++.so.6(+0xa4b56)[0x2ae06b919b56]
[eu-ms-010-23:09247] [ 5] /cluster/spack/apps/linux-centos7-x86_64/gcc-4.8.5/gcc-9.3.0-mjmsvu3362usxjr7tas4ywkd2e4ko5x3/lib64/libstdc++.so.6(+0x99133)[0x2b65ac4eb133]
[eu-ms-010-28:15541] [ 4] /cluster/spack/apps/linux-centos7-x86_64/gcc-4.8.5/gcc-9.3.0-mjmsvu3362usxjr7tas4ywkd2e4ko5x3/lib64/libstdc++.so.6(+0xa4bc1)[0x2ba10c86cbc1]
[eu-ms-002-31:30270] [ 6] /cluster/spack/apps/linux-centos7-x86_64/gcc-4.8.5/gcc-9.3.0-mjmsvu3362usxjr7tas4ywkd2e4ko5x3/lib64/libstdc++.so.6(+0xa4bc1)[0x2b7ff7c58bc1]
[eu-ms-026-14:27023] [ 6] /cluster/spack/apps/linux-centos7-x86_64/gcc-4.8.5/gcc-9.3.0-mjmsvu3362usxjr7tas4ywkd2e4ko5x3/lib64/libstdc++.so.6(+0xa4b56)[0x2b8ab9eebb56]
[eu-ms-002-04:01861] [ 5] /cluster/spack/apps/linux-centos7-x86_64/gcc-4.8.5/gcc-9.3.0-mjmsvu3362usxjr7tas4ywkd2e4ko5x3/lib64/libstdc++.so.6(+0xa4bc1)[0x2ae06b919bc1]
[eu-ms-010-23:09247] [ 6] /cluster/spack/apps/linux-centos7-x86_64/gcc-4.8.5/gcc-9.3.0-mjmsvu3362usxjr7tas4ywkd2e4ko5x3/lib64/libstdc++.so.6(+0xa4b56)[0x2b65ac4f6b56]
[eu-ms-010-28:15541] [ 5] /cluster/spack/apps/linux-centos7-x86_64/gcc-4.8.5/gcc-9.3.0-mjmsvu3362usxjr7tas4ywkd2e4ko5x3/lib64/libstdc++.so.6(+0xa4e14)[0x2ba10c86ce14]
[eu-ms-002-31:30270] [ 7] code/build_output/main[0x40bc52]
[eu-ms-002-31:30270] [ 8] code/build_output/main[0x41a198]
[eu-ms-002-31:30270] [ 9] code/build_output/main[0x40c3d9]
[eu-ms-002-31:30270] [10] /cluster/spack/apps/linux-centos7-x86_64/gcc-4.8.5/gcc-9.3.0-mjmsvu3362usxjr7tas4ywkd2e4ko5x3/lib64/libstdc++.so.6(+0xa4e14)[0x2b7ff7c58e14]
[eu-ms-026-14:27023] [ 7] code/build_output/main[0x40bc52]
[eu-ms-026-14:27023] [ 8] code/build_output/main[0x41a198]
[eu-ms-026-14:27023] [ 9] /cluster/spack/apps/linux-centos7-x86_64/gcc-4.8.5/gcc-9.3.0-mjmsvu3362usxjr7tas4ywkd2e4ko5x3/lib64/libstdc++.so.6(+0xa4bc1)[0x2b8ab9eebbc1]
[eu-ms-002-04:01861] [ 6] /cluster/spack/apps/linux-centos7-x86_64/gcc-4.8.5/gcc-9.3.0-mjmsvu3362usxjr7tas4ywkd2e4ko5x3/lib64/libstdc++.so.6(+0xa4e14)[0x2ae06b919e14]
[eu-ms-010-23:09247] [ 7] code/build_output/main[0x40bc52]
[eu-ms-010-23:09247] [ 8] code/build_output/main[0x41a198]
[eu-ms-010-23:09247] [ 9] code/build_output/main[0x40c3d9]
[eu-ms-010-23:09247] /cluster/spack/apps/linux-centos7-x86_64/gcc-4.8.5/gcc-9.3.0-mjmsvu3362usxjr7tas4ywkd2e4ko5x3/lib64/libstdc++.so.6(+0xa4bc1)[0x2b65ac4f6bc1]
[eu-ms-010-28:15541] [ 6] /usr/lib64/libc.so.6(__libc_start_main+0xf5)[0x2ba10d2fa555]
[eu-ms-002-31:30270] [11] code/build_output/main[0x40db3f]
[eu-ms-002-31:30270] *** End of error message ***
code/build_output/main[0x40c3d9]
[eu-ms-026-14:27023] [10] /usr/lib64/libc.so.6(__libc_start_main+0xf5)[0x2b7ff86e6555]
[eu-ms-026-14:27023] [11] /cluster/spack/apps/linux-centos7-x86_64/gcc-4.8.5/gcc-9.3.0-mjmsvu3362usxjr7tas4ywkd2e4ko5x3/lib64/libstdc++.so.6(+0xa4e14)[0x2b8ab9eebe14]
[eu-ms-002-04:01861] [ 7] code/build_output/main[0x40bc52]
[eu-ms-002-04:01861] [ 8] code/build_output/main[0x41a198]
[eu-ms-002-04:01861] [ 9] code/build_output/main[0x40c3d9]
[eu-ms-002-04:01861] [10] /usr/lib64/libc.so.6(__libc_start_main+0xf5)[0x2ae06c3a7555]
[eu-ms-010-23:09247] [11] terminate called after throwing an instance of 'std::runtime_error'
/cluster/spack/apps/linux-centos7-x86_64/gcc-4.8.5/gcc-9.3.0-mjmsvu3362usxjr7tas4ywkd2e4ko5x3/lib64/libstdc++.so.6(+0xa4e14)[0x2b65ac4f6e14]
[eu-ms-010-28:15541] [ 7] code/build_output/main[0x40bc52]
[eu-ms-010-28:15541] [ 8] code/build_output/main[0x41a198]
[eu-ms-010-28:15541] [ 9] code/build_output/main[0x40c3d9]
code/build_output/main[0x40db3f]
[eu-ms-026-14:27023] *** End of error message ***
[10] /usr/lib64/libc.so.6(__libc_start_main+0xf5)[0x2b8aba979555]
[eu-ms-002-04:01861] [11] terminate called after throwing an instance of 'std::runtime_error'
code/build_output/main[0x40db3f]
[eu-ms-010-23:09247] *** End of error message ***
  what():  Starting Rabenseifner-Gather more processes (32) than rows (b.size() = 16)
[eu-ms-026-37:08420] *** Process received signal ***
[eu-ms-026-37:08420] Signal: Aborted (6)
[eu-ms-026-37:08420] Signal code:  (-6)
[eu-ms-010-28:15541] [10] /usr/lib64/libc.so.6(__libc_start_main+0xf5)[0x2b65acf84555]
[eu-ms-010-28:15541] [11] code/build_output/main[0x40db3f]
[eu-ms-002-04:01861] *** End of error message ***
  what():  Starting Rabenseifner-Gather more processes (32) than rows (b.size() = 16)
[eu-ms-010-07:27515] *** Process received signal ***
[eu-ms-010-07:27515] Signal: Aborted (6)
[eu-ms-010-07:27515] Signal code:  (-6)
[eu-ms-026-37:08420] [ 0] code/build_output/main[0x40db3f]
[eu-ms-010-28:15541] *** End of error message ***
terminate called after throwing an instance of 'std::runtime_error'
[eu-ms-010-07:27515] [ 0] /usr/lib64/libpthread.so.0(+0xf630)[0x2b6285389630]
[eu-ms-026-37:08420] [ 1] terminate called after throwing an instance of 'std::runtime_error'
  what():  Starting Rabenseifner-Gather more processes (32) than rows (b.size() = 16)
[eu-ms-002-40:22825] *** Process received signal ***
[eu-ms-002-40:22825] Signal: Aborted (6)
[eu-ms-002-40:22825] Signal code:  (-6)
/usr/lib64/libpthread.so.0(+0xf630)[0x2accabf79630]
[eu-ms-010-07:27515] [ 1] /usr/lib64/libc.so.6(gsignal+0x37)[0x2b62855cc387]
[eu-ms-026-37:08420] [ 2] /usr/lib64/libc.so.6(abort+0x148)[0x2b62855cda78]
[eu-ms-026-37:08420] [ 3]   what():  Starting Rabenseifner-Gather more processes (32) than rows (b.size() = 16)
[eu-ms-026-17:06415] *** Process received signal ***
[eu-ms-026-17:06415] Signal: Aborted (6)
[eu-ms-026-17:06415] Signal code:  (-6)
[eu-ms-002-40:22825] [ 0] /usr/lib64/libc.so.6(gsignal+0x37)[0x2accac1bc387]
[eu-ms-010-07:27515] [ 2] /usr/lib64/libc.so.6(abort+0x148)[0x2accac1bda78]
[eu-ms-010-07:27515] [ 3] /cluster/spack/apps/linux-centos7-x86_64/gcc-4.8.5/gcc-9.3.0-mjmsvu3362usxjr7tas4ywkd2e4ko5x3/lib64/libstdc++.so.6(+0x99133)[0x2b6284b1f133]
[eu-ms-026-37:08420] [ 4] [eu-ms-026-17:06415] [ 0] /usr/lib64/libpthread.so.0(+0xf630)[0x2ad073d81630]
[eu-ms-002-40:22825] [ 1] terminate called after throwing an instance of 'std::runtime_error'
/cluster/spack/apps/linux-centos7-x86_64/gcc-4.8.5/gcc-9.3.0-mjmsvu3362usxjr7tas4ywkd2e4ko5x3/lib64/libstdc++.so.6(+0x99133)[0x2accab70f133]
[eu-ms-010-07:27515] [ 4] /cluster/spack/apps/linux-centos7-x86_64/gcc-4.8.5/gcc-9.3.0-mjmsvu3362usxjr7tas4ywkd2e4ko5x3/lib64/libstdc++.so.6(+0xa4b56)[0x2b6284b2ab56]
[eu-ms-026-37:08420] [ 5] terminate called after throwing an instance of 'std::runtime_error'
/usr/lib64/libpthread.so.0(+0xf630)[0x2b410606a630]
[eu-ms-026-17:06415] [ 1] /usr/lib64/libc.so.6(gsignal+0x37)[0x2ad073fc4387]
[eu-ms-002-40:22825] [ 2] /usr/lib64/libc.so.6(abort+0x148)[0x2ad073fc5a78]
[eu-ms-002-40:22825] [ 3]   what():  Starting Rabenseifner-Gather more processes (32) than rows (b.size() = 16)
[eu-ms-002-11:32518] *** Process received signal ***
[eu-ms-002-11:32518] Signal: Aborted (6)
[eu-ms-002-11:32518] Signal code:  (-6)
/cluster/spack/apps/linux-centos7-x86_64/gcc-4.8.5/gcc-9.3.0-mjmsvu3362usxjr7tas4ywkd2e4ko5x3/lib64/libstdc++.so.6(+0xa4b56)[0x2accab71ab56]
[eu-ms-010-07:27515] [ 5] /cluster/spack/apps/linux-centos7-x86_64/gcc-4.8.5/gcc-9.3.0-mjmsvu3362usxjr7tas4ywkd2e4ko5x3/lib64/libstdc++.so.6(+0xa4bc1)[0x2b6284b2abc1]
[eu-ms-026-37:08420] [ 6]   what():  Starting Rabenseifner-Gather more processes (32) than rows (b.size() = 16)
[eu-ms-010-18:12771] *** Process received signal ***
[eu-ms-010-18:12771] Signal: Aborted (6)
[eu-ms-010-18:12771] Signal code:  (-6)
/usr/lib64/libc.so.6(gsignal+0x37)[0x2b41062ad387]
[eu-ms-026-17:06415] [ 2] /usr/lib64/libc.so.6(abort+0x148)[0x2b41062aea78]
/cluster/spack/apps/linux-centos7-x86_64/gcc-4.8.5/gcc-9.3.0-mjmsvu3362usxjr7tas4ywkd2e4ko5x3/lib64/libstdc++.so.6(+0x99133)[0x2ad073517133]
[eu-ms-002-40:22825] [ 4] [eu-ms-002-11:32518] [ 0] /cluster/spack/apps/linux-centos7-x86_64/gcc-4.8.5/gcc-9.3.0-mjmsvu3362usxjr7tas4ywkd2e4ko5x3/lib64/libstdc++.so.6(+0xa4bc1)[0x2accab71abc1]
[eu-ms-010-07:27515] [ 6] /cluster/spack/apps/linux-centos7-x86_64/gcc-4.8.5/gcc-9.3.0-mjmsvu3362usxjr7tas4ywkd2e4ko5x3/lib64/libstdc++.so.6(+0xa4e14)[0x2accab71ae14]
/cluster/spack/apps/linux-centos7-x86_64/gcc-4.8.5/gcc-9.3.0-mjmsvu3362usxjr7tas4ywkd2e4ko5x3/lib64/libstdc++.so.6(+0xa4e14)[0x2b6284b2ae14]
[eu-ms-026-37:08420] [ 7] code/build_output/main[0x40bc52]
[eu-ms-026-37:08420] [ 8] code/build_output/main[0x41a198]
[eu-ms-026-37:08420] [ 9] code/build_output/main[0x40c3d9]
[eu-ms-026-37:08420] [10] [eu-ms-010-18:12771] [ 0] [eu-ms-026-17:06415] [ 3] /cluster/spack/apps/linux-centos7-x86_64/gcc-4.8.5/gcc-9.3.0-mjmsvu3362usxjr7tas4ywkd2e4ko5x3/lib64/libstdc++.so.6(+0x99133)[0x2b4105800133]
[eu-ms-026-17:06415] [ 4] /cluster/spack/apps/linux-centos7-x86_64/gcc-4.8.5/gcc-9.3.0-mjmsvu3362usxjr7tas4ywkd2e4ko5x3/lib64/libstdc++.so.6(+0xa4b56)[0x2ad073522b56]
[eu-ms-002-40:22825] [ 5] /usr/lib64/libpthread.so.0(+0xf630)[0x2b1751c12630]
[eu-ms-002-11:32518] [ 1] [eu-ms-010-07:27515] [ 7] code/build_output/main[0x40bc52]
[eu-ms-010-07:27515] [ 8] code/build_output/main[0x41a198]
[eu-ms-010-07:27515] [ 9] code/build_output/main[0x40c3d9]
[eu-ms-010-07:27515] [10] /usr/lib64/libc.so.6(__libc_start_main+0xf5)[0x2b62855b8555]
[eu-ms-026-37:08420] [11] code/build_output/main[0x40db3f]
[eu-ms-026-37:08420] *** End of error message ***
/usr/lib64/libpthread.so.0(+0xf630)[0x2b0e666d5630]
[eu-ms-010-18:12771] [ 1] /cluster/spack/apps/linux-centos7-x86_64/gcc-4.8.5/gcc-9.3.0-mjmsvu3362usxjr7tas4ywkd2e4ko5x3/lib64/libstdc++.so.6(+0xa4b56)[0x2b410580bb56]
[eu-ms-026-17:06415] [ 5] /cluster/spack/apps/linux-centos7-x86_64/gcc-4.8.5/gcc-9.3.0-mjmsvu3362usxjr7tas4ywkd2e4ko5x3/lib64/libstdc++.so.6(+0xa4bc1)[0x2ad073522bc1]
[eu-ms-002-40:22825] [ 6] /usr/lib64/libc.so.6(gsignal+0x37)[0x2b1751e55387]
[eu-ms-002-11:32518] [ 2] /usr/lib64/libc.so.6(abort+0x148)[0x2b1751e56a78]
/usr/lib64/libc.so.6(__libc_start_main+0xf5)[0x2accac1a8555]
[eu-ms-010-07:27515] [11] code/build_output/main[0x40db3f]
[eu-ms-010-07:27515] *** End of error message ***
/usr/lib64/libc.so.6(gsignal+0x37)[0x2b0e66918387]
[eu-ms-010-18:12771] [ 2] /usr/lib64/libc.so.6(abort+0x148)[0x2b0e66919a78]
[eu-ms-010-18:12771] [ 3] /cluster/spack/apps/linux-centos7-x86_64/gcc-4.8.5/gcc-9.3.0-mjmsvu3362usxjr7tas4ywkd2e4ko5x3/lib64/libstdc++.so.6(+0xa4bc1)[0x2b410580bbc1]
[eu-ms-026-17:06415] [ 6] /cluster/spack/apps/linux-centos7-x86_64/gcc-4.8.5/gcc-9.3.0-mjmsvu3362usxjr7tas4ywkd2e4ko5x3/lib64/libstdc++.so.6(+0xa4e14)[0x2ad073522e14]
[eu-ms-002-40:22825] [ 7] code/build_output/main[0x40bc52]
[eu-ms-002-40:22825] [ 8] code/build_output/main[0x41a198]
[eu-ms-002-40:22825] [ 9] code/build_output/main[0x40c3d9]
[eu-ms-002-40:22825] [10] [eu-ms-002-11:32518] [ 3] /cluster/spack/apps/linux-centos7-x86_64/gcc-4.8.5/gcc-9.3.0-mjmsvu3362usxjr7tas4ywkd2e4ko5x3/lib64/libstdc++.so.6(+0x99133)[0x2b17513a8133]
[eu-ms-002-11:32518] [ 4] /cluster/spack/apps/linux-centos7-x86_64/gcc-4.8.5/gcc-9.3.0-mjmsvu3362usxjr7tas4ywkd2e4ko5x3/lib64/libstdc++.so.6(+0x99133)[0x2b0e65e6b133]
[eu-ms-010-18:12771] [ 4] /cluster/spack/apps/linux-centos7-x86_64/gcc-4.8.5/gcc-9.3.0-mjmsvu3362usxjr7tas4ywkd2e4ko5x3/lib64/libstdc++.so.6(+0xa4e14)[0x2b410580be14]
[eu-ms-026-17:06415] [ 7] code/build_output/main[0x40bc52]
[eu-ms-026-17:06415] [ 8] code/build_output/main[0x41a198]
[eu-ms-026-17:06415] [ 9] /usr/lib64/libc.so.6(__libc_start_main+0xf5)[0x2ad073fb0555]
[eu-ms-002-40:22825] [11] code/build_output/main[0x40db3f]
[eu-ms-002-40:22825] *** End of error message ***
/cluster/spack/apps/linux-centos7-x86_64/gcc-4.8.5/gcc-9.3.0-mjmsvu3362usxjr7tas4ywkd2e4ko5x3/lib64/libstdc++.so.6(+0xa4b56)[0x2b17513b3b56]
[eu-ms-002-11:32518] [ 5] /cluster/spack/apps/linux-centos7-x86_64/gcc-4.8.5/gcc-9.3.0-mjmsvu3362usxjr7tas4ywkd2e4ko5x3/lib64/libstdc++.so.6(+0xa4b56)[0x2b0e65e76b56]
[eu-ms-010-18:12771] [ 5] code/build_output/main[0x40c3d9]
[eu-ms-026-17:06415] [10] /usr/lib64/libc.so.6(__libc_start_main+0xf5)[0x2b4106299555]
[eu-ms-026-17:06415] /cluster/spack/apps/linux-centos7-x86_64/gcc-4.8.5/gcc-9.3.0-mjmsvu3362usxjr7tas4ywkd2e4ko5x3/lib64/libstdc++.so.6(+0xa4bc1)[0x2b17513b3bc1]
[eu-ms-002-11:32518] [ 6] /cluster/spack/apps/linux-centos7-x86_64/gcc-4.8.5/gcc-9.3.0-mjmsvu3362usxjr7tas4ywkd2e4ko5x3/lib64/libstdc++.so.6(+0xa4bc1)[0x2b0e65e76bc1]
[eu-ms-010-18:12771] [ 6] [11] code/build_output/main[0x40db3f]
[eu-ms-026-17:06415] *** End of error message ***
terminate called after throwing an instance of 'std::runtime_error'
/cluster/spack/apps/linux-centos7-x86_64/gcc-4.8.5/gcc-9.3.0-mjmsvu3362usxjr7tas4ywkd2e4ko5x3/lib64/libstdc++.so.6(+0xa4e14)[0x2b17513b3e14]
[eu-ms-002-11:32518] [ 7] code/build_output/main[0x40bc52]
[eu-ms-002-11:32518] [ 8] code/build_output/main[0x41a198]
[eu-ms-002-11:32518] [ 9] code/build_output/main[0x40c3d9]
[eu-ms-002-11:32518] /cluster/spack/apps/linux-centos7-x86_64/gcc-4.8.5/gcc-9.3.0-mjmsvu3362usxjr7tas4ywkd2e4ko5x3/lib64/libstdc++.so.6(+0xa4e14)[0x2b0e65e76e14]
[eu-ms-010-18:12771] [ 7] code/build_output/main[0x40bc52]
[eu-ms-010-18:12771] [ 8] code/build_output/main[0x41a198]
[eu-ms-010-18:12771] [ 9] code/build_output/main[0x40c3d9]
[eu-ms-010-18:12771] [10]   what():  Starting Rabenseifner-Gather more processes (32) than rows (b.size() = 16)
[eu-ms-026-42:13612] *** Process received signal ***
[eu-ms-026-42:13612] Signal: Aborted (6)
[eu-ms-026-42:13612] Signal code:  (-6)
[10] /usr/lib64/libc.so.6(__libc_start_main+0xf5)[0x2b1751e41555]
[eu-ms-002-11:32518] [11] /usr/lib64/libc.so.6(__libc_start_main+0xf5)[0x2b0e66904555]
[eu-ms-010-18:12771] [11] code/build_output/main[0x40db3f]
[eu-ms-010-18:12771] *** End of error message ***
code/build_output/main[0x40db3f]
[eu-ms-002-11:32518] *** End of error message ***
[eu-ms-026-42:13612] [ 0] /usr/lib64/libpthread.so.0(+0xf630)[0x2b4378504630]
[eu-ms-026-42:13612] [ 1] /usr/lib64/libc.so.6(gsignal+0x37)[0x2b4378747387]
[eu-ms-026-42:13612] [ 2] /usr/lib64/libc.so.6(abort+0x148)[0x2b4378748a78]
[eu-ms-026-42:13612] [ 3] /cluster/spack/apps/linux-centos7-x86_64/gcc-4.8.5/gcc-9.3.0-mjmsvu3362usxjr7tas4ywkd2e4ko5x3/lib64/libstdc++.so.6(+0x99133)[0x2b4377c9a133]
[eu-ms-026-42:13612] [ 4] /cluster/spack/apps/linux-centos7-x86_64/gcc-4.8.5/gcc-9.3.0-mjmsvu3362usxjr7tas4ywkd2e4ko5x3/lib64/libstdc++.so.6(+0xa4b56)[0x2b4377ca5b56]
[eu-ms-026-42:13612] [ 5] /cluster/spack/apps/linux-centos7-x86_64/gcc-4.8.5/gcc-9.3.0-mjmsvu3362usxjr7tas4ywkd2e4ko5x3/lib64/libstdc++.so.6(+0xa4bc1)[0x2b4377ca5bc1]
[eu-ms-026-42:13612] [ 6] /cluster/spack/apps/linux-centos7-x86_64/gcc-4.8.5/gcc-9.3.0-mjmsvu3362usxjr7tas4ywkd2e4ko5x3/lib64/libstdc++.so.6(+0xa4e14)[0x2b4377ca5e14]
[eu-ms-026-42:13612] [ 7] code/build_output/main[0x40bc52]
[eu-ms-026-42:13612] [ 8] code/build_output/main[0x41a198]
[eu-ms-026-42:13612] [ 9] code/build_output/main[0x40c3d9]
[eu-ms-026-42:13612] [10] /usr/lib64/libc.so.6(__libc_start_main+0xf5)[0x2b4378733555]
[eu-ms-026-42:13612] [11] code/build_output/main[0x40db3f]
[eu-ms-026-42:13612] *** End of error message ***
terminate called after throwing an instance of 'std::runtime_error'
terminate called after throwing an instance of 'std::runtime_error'
terminate called after throwing an instance of 'std::runtime_error'
terminate called after throwing an instance of 'std::runtime_error'
terminate called after throwing an instance of 'std::runtime_error'
  what():  Starting Rabenseifner-Gather more processes (32) than rows (b.size() = 16)
[eu-ms-002-19:28929] *** Process received signal ***
terminate called after throwing an instance of 'std::runtime_error'
  what():  Starting Rabenseifner-Gather more processes (32) than rows (b.size() = 16)
[eu-ms-026-40:05955] *** Process received signal ***
[eu-ms-026-40:05955] Signal: Aborted (6)
[eu-ms-026-40:05955] Signal code:  (-6)
terminate called after throwing an instance of 'std::runtime_error'
  what():  Starting Rabenseifner-Gather more processes (32) than rows (b.size() = 16)
[eu-ms-010-36:32161] *** Process received signal ***
[eu-ms-010-36:32161] Signal: Aborted (6)
[eu-ms-010-36:32161] Signal code:  (-6)
  what():  Starting Rabenseifner-Gather more processes (32) than rows (b.size() = 16)
[eu-ms-007-06:13260] *** Process received signal ***
[eu-ms-007-06:13260] Signal: Aborted (6)
[eu-ms-007-06:13260] Signal code:  (-6)
terminate called after throwing an instance of 'std::runtime_error'
terminate called after throwing an instance of 'std::runtime_error'
  what():  Starting Rabenseifner-Gather more processes (32) than rows (b.size() = 16)
[eu-ms-002-45:11239] *** Process received signal ***
terminate called after throwing an instance of 'std::runtime_error'
terminate called after throwing an instance of 'std::runtime_error'
terminate called after throwing an instance of 'std::runtime_error'
terminate called after throwing an instance of 'std::runtime_error'
[eu-ms-002-19:28929] Signal: Aborted (6)
[eu-ms-002-19:28929] Signal code:  (-6)
  what():  Starting Rabenseifner-Gather more processes (32) than rows (b.size() = 16)
[eu-ms-002-22:28884] *** Process received signal ***
[eu-ms-002-22:28884] Signal: Aborted (6)
[eu-ms-002-22:28884] Signal code:  (-6)
terminate called after throwing an instance of 'std::runtime_error'
[eu-ms-026-40:05955] [ 0]   what():  Starting Rabenseifner-Gather more processes (32) than rows (b.size() = 16)
[eu-ms-010-20:28501] *** Process received signal ***
[eu-ms-010-20:28501] Signal: Aborted (6)
[eu-ms-010-20:28501] Signal code:  (-6)
[eu-ms-010-36:32161] [ 0] [eu-ms-007-06:13260] [ 0]   what():  Starting Rabenseifner-Gather more processes (32) than rows (b.size() = 16)
[eu-ms-010-13:32524] *** Process received signal ***
[eu-ms-010-13:32524] Signal: Aborted (6)
[eu-ms-010-13:32524] Signal code:  (-6)
  what():  Starting Rabenseifner-Gather more processes (32) than rows (b.size() = 16)
[eu-ms-010-27:05726] *** Process received signal ***
[eu-ms-010-27:05726] Signal: Aborted (6)
[eu-ms-010-27:05726] Signal code:  (-6)
[eu-ms-002-45:11239] Signal: Aborted (6)
[eu-ms-002-45:11239] Signal code:  (-6)
  what():  Starting Rabenseifner-Gather more processes (32) than rows (b.size() = 16)
[eu-ms-026-32:13608] *** Process received signal ***
[eu-ms-026-32:13608] Signal: Aborted (6)
[eu-ms-026-32:13608] Signal code:  (-6)
  what():  Starting Rabenseifner-Gather more processes (32) than rows (b.size() = 16)
[eu-ms-026-21:27046] *** Process received signal ***
[eu-ms-026-21:27046] Signal: Aborted (6)
[eu-ms-026-21:27046] Signal code:  (-6)
terminate called after throwing an instance of 'std::runtime_error'
  what():  Starting Rabenseifner-Gather more processes (32) than rows (b.size() = 16)
[eu-ms-002-24:24071] *** Process received signal ***
[eu-ms-002-24:24071] Signal: Aborted (6)
[eu-ms-002-24:24071] Signal code:  (-6)
[eu-ms-002-24:24071]   what():  Starting Rabenseifner-Gather more processes (32) than rows (b.size() = 16)
[eu-ms-010-24:06070] *** Process received signal ***
[eu-ms-010-24:06070] Signal: Aborted (6)
[eu-ms-010-24:06070] Signal code:  (-6)
terminate called after throwing an instance of 'std::runtime_error'
  what():  Starting Rabenseifner-Gather more processes (32) than rows (b.size() = 16)
[eu-ms-002-32:01190] *** Process received signal ***
[eu-ms-002-32:01190] Signal: Aborted (6)
[eu-ms-002-32:01190] Signal code:  (-6)
[eu-ms-002-19:28929] [ 0] [eu-ms-002-22:28884] [ 0]   what():  Starting Rabenseifner-Gather more processes (32) than rows (b.size() = 16)
[eu-ms-026-27:18928] *** Process received signal ***
[eu-ms-026-27:18928] Signal: Aborted (6)
[eu-ms-026-27:18928] Signal code:  (-6)
/usr/lib64/libpthread.so.0(+0xf630)[0x2aef3e514630]
[eu-ms-026-40:05955] [ 1] [eu-ms-010-20:28501] [ 0] /usr/lib64/libpthread.so.0(+0xf630)[0x2b6cec855630]
[eu-ms-010-36:32161] [ 1] /usr/lib64/libpthread.so.0(+0xf630)[0x2b277baef630]
[eu-ms-007-06:13260] [ 1] [eu-ms-010-13:32524] [ 0] [eu-ms-010-27:05726] [ 0] [eu-ms-002-45:11239] [ 0] [eu-ms-026-32:13608] [ 0] [eu-ms-026-21:27046] [ 0] terminate called after throwing an instance of 'std::runtime_error'
  what():  Starting Rabenseifner-Gather more processes (32) than rows (b.size() = 16)
[eu-ms-002-41:09224] *** Process received signal ***
[eu-ms-002-41:09224] Signal: Aborted (6)
[eu-ms-002-41:09224] Signal code:  (-6)
[eu-ms-002-41:09224] [ 0] /usr/lib64/libpthread.so.0(+0xf630)[0x2b2d4c8a7630]
[eu-ms-002-41:09224] [ 1] /usr/lib64/libc.so.6(gsignal+0x37)[0x2b2d4caea387]
[eu-ms-002-41:09224] [ 2] /usr/lib64/libc.so.6(abort+0x148)[0x2b2d4caeba78]
[eu-ms-002-41:09224] [ 3] /cluster/spack/apps/linux-centos7-x86_64/gcc-4.8.5/gcc-9.3.0-mjmsvu3362usxjr7tas4ywkd2e4ko5x3/lib64/libstdc++.so.6(+0x99133)[0x2b2d4c03d133]
[eu-ms-002-41:09224] [ 4] /cluster/spack/apps/linux-centos7-x86_64/gcc-4.8.5/gcc-9.3.0-mjmsvu3362usxjr7tas4ywkd2e4ko5x3/lib64/libstdc++.so.6(+0xa4b56)[0x2b2d4c048b56]
[eu-ms-002-41:09224] [ 5] /cluster/spack/apps/linux-centos7-x86_64/gcc-4.8.5/gcc-9.3.0-mjmsvu3362usxjr7tas4ywkd2e4ko5x3/lib64/libstdc++.so.6(+0xa4bc1)[0x2b2d4c048bc1]
[eu-ms-002-41:09224] [ 6] /cluster/spack/apps/linux-centos7-x86_64/gcc-4.8.5/gcc-9.3.0-mjmsvu3362usxjr7tas4ywkd2e4ko5x3/lib64/libstdc++.so.6(+0xa4e14)[0x2b2d4c048e14]
[eu-ms-002-41:09224] [ 7] code/build_output/main[0x40bc52]
[eu-ms-002-41:09224] [ 8] code/build_output/main[0x41a198]
[eu-ms-002-41:09224] [ 9] code/build_output/main[0x40c3d9]
[eu-ms-002-41:09224] [10] /usr/lib64/libc.so.6(__libc_start_main+0xf5)[0x2b2d4cad6555]
[eu-ms-002-41:09224] [11] code/build_output/main[0x40db3f]
[eu-ms-002-41:09224] *** End of error message ***
[ 0] /usr/lib64/libpthread.so.0(+0xf630)[0x2ac45c4f0630]
[eu-ms-002-24:24071] [ 1] /usr/lib64/libc.so.6(gsignal+0x37)[0x2ac45c733387]
[eu-ms-002-24:24071] [ 2] [eu-ms-010-24:06070] [ 0]   what():  Starting Rabenseifner-Gather more processes (32) than rows (b.size() = 16)
[eu-ms-026-15:03112] *** Process received signal ***
[eu-ms-026-15:03112] Signal: Aborted (6)
[eu-ms-026-15:03112] Signal code:  (-6)
[eu-ms-002-32:01190] [ 0] /usr/lib64/libpthread.so.0(+0xf630)[0x2b0297619630]
[eu-ms-002-19:28929] [ 1] /usr/lib64/libpthread.so.0(+0xf630)[0x2ade5f20c630]
[eu-ms-002-22:28884] [ 1] [eu-ms-026-27:18928] [ 0] /usr/lib64/libc.so.6(gsignal+0x37)[0x2aef3e757387]
[eu-ms-026-40:05955] [ 2] /usr/lib64/libc.so.6(abort+0x148)[0x2aef3e758a78]
/usr/lib64/libpthread.so.0(+0xf630)[0x2b32ec88c630]
[eu-ms-010-20:28501] [ 1] /usr/lib64/libc.so.6(gsignal+0x37)[0x2b6ceca98387]
[eu-ms-010-36:32161] [ 2] /usr/lib64/libc.so.6(abort+0x148)[0x2b6ceca99a78]
[eu-ms-010-36:32161] [ 3] /usr/lib64/libc.so.6(gsignal+0x37)[0x2b277bd32387]
[eu-ms-007-06:13260] [ 2] /usr/lib64/libc.so.6(abort+0x148)[0x2b277bd33a78]
[eu-ms-007-06:13260] [ 3] /usr/lib64/libpthread.so.0(+0xf630)[0x2b384b389630]
[eu-ms-010-13:32524] [ 1] /usr/lib64/libc.so.6(gsignal+0x37)[0x2b384b5cc387]
[eu-ms-010-13:32524] /usr/lib64/libpthread.so.0(+0xf630)[0x2b67dfcdc630]
[eu-ms-010-27:05726] [ 1] /usr/lib64/libpthread.so.0(+0xf630)[0x2b2f49e45630]
[eu-ms-002-45:11239] [ 1] /usr/lib64/libpthread.so.0(+0xf630)[0x2b7862715630]
[eu-ms-026-32:13608] [ 1] /usr/lib64/libc.so.6(gsignal+0x37)[0x2b7862958387]
[eu-ms-026-32:13608] /usr/lib64/libpthread.so.0(+0xf630)[0x2ad1a8f0a630]
[eu-ms-026-21:27046] [ 1] /usr/lib64/libc.so.6(abort+0x148)[0x2ac45c734a78]
[eu-ms-002-24:24071] [ 3] /usr/lib64/libpthread.so.0(+0xf630)[0x2b87e2310630]
[eu-ms-010-24:06070] [ 1] /usr/lib64/libc.so.6(gsignal+0x37)[0x2b87e2553387]
[eu-ms-026-15:03112] [ 0] /usr/lib64/libpthread.so.0(+0xf630)[0x2ad7fac4a630]
[eu-ms-002-32:01190] [ 1] /usr/lib64/libc.so.6(gsignal+0x37)[0x2b029785c387]
[eu-ms-002-19:28929] [ 2] /usr/lib64/libc.so.6(gsignal+0x37)[0x2ade5f44f387]
[eu-ms-002-22:28884] [ 2] /usr/lib64/libc.so.6(abort+0x148)[0x2ade5f450a78]
[eu-ms-002-22:28884] [ 3] /usr/lib64/libpthread.so.0(+0xf630)[0x2b728c4ef630]
[eu-ms-026-27:18928] [ 1] [eu-ms-026-40:05955] [ 3] /cluster/spack/apps/linux-centos7-x86_64/gcc-4.8.5/gcc-9.3.0-mjmsvu3362usxjr7tas4ywkd2e4ko5x3/lib64/libstdc++.so.6(+0x99133)[0x2aef3dcaa133]
[eu-ms-026-40:05955] [ 4] /usr/lib64/libc.so.6(gsignal+0x37)[0x2b32ecacf387]
[eu-ms-010-20:28501] [ 2] /usr/lib64/libc.so.6(abort+0x148)[0x2b32ecad0a78]
[eu-ms-010-20:28501] [ 3] /cluster/spack/apps/linux-centos7-x86_64/gcc-4.8.5/gcc-9.3.0-mjmsvu3362usxjr7tas4ywkd2e4ko5x3/lib64/libstdc++.so.6(+0x99133)[0x2b6cebfeb133]
[eu-ms-010-36:32161] [ 4] /cluster/spack/apps/linux-centos7-x86_64/gcc-4.8.5/gcc-9.3.0-mjmsvu3362usxjr7tas4ywkd2e4ko5x3/lib64/libstdc++.so.6(+0x99133)[0x2b277b285133]
[eu-ms-007-06:13260] [ 4] [ 2] /usr/lib64/libc.so.6(abort+0x148)[0x2b384b5cda78]
[eu-ms-010-13:32524] [ 3] terminate called after throwing an instance of 'std::runtime_error'
/usr/lib64/libc.so.6(gsignal+0x37)[0x2b67dff1f387]
[eu-ms-010-27:05726] [ 2] /usr/lib64/libc.so.6(gsignal+0x37)[0x2b2f4a088387]
[eu-ms-002-45:11239] [ 2] /usr/lib64/libc.so.6(abort+0x148)[0x2b2f4a089a78]
[eu-ms-002-45:11239] [ 3] [ 2] /usr/lib64/libc.so.6(abort+0x148)[0x2b7862959a78]
[eu-ms-026-32:13608] [ 3] /usr/lib64/libc.so.6(gsignal+0x37)[0x2ad1a914d387]
[eu-ms-026-21:27046] [ 2] /usr/lib64/libc.so.6(abort+0x148)[0x2ad1a914ea78]
[eu-ms-026-21:27046] [ 3] /cluster/spack/apps/linux-centos7-x86_64/gcc-4.8.5/gcc-9.3.0-mjmsvu3362usxjr7tas4ywkd2e4ko5x3/lib64/libstdc++.so.6(+0x99133)[0x2ac45bc86133]
[eu-ms-002-24:24071] [ 4] [eu-ms-010-24:06070] [ 2] /usr/lib64/libc.so.6(abort+0x148)[0x2b87e2554a78]
[eu-ms-010-24:06070] [ 3] /usr/lib64/libpthread.so.0(+0xf630)[0x2b2f58597630]
[eu-ms-026-15:03112] [ 1] /usr/lib64/libc.so.6(gsignal+0x37)[0x2ad7fae8d387]
[eu-ms-002-32:01190] [ 2] terminate called after throwing an instance of 'std::runtime_error'
/usr/lib64/libc.so.6(abort+0x148)[0x2b029785da78]
[eu-ms-002-19:28929] [ 3] /cluster/spack/apps/linux-centos7-x86_64/gcc-4.8.5/gcc-9.3.0-mjmsvu3362usxjr7tas4ywkd2e4ko5x3/lib64/libstdc++.so.6(+0x99133)[0x2b0296daf133]
[eu-ms-002-19:28929] /cluster/spack/apps/linux-centos7-x86_64/gcc-4.8.5/gcc-9.3.0-mjmsvu3362usxjr7tas4ywkd2e4ko5x3/lib64/libstdc++.so.6(+0x99133)[0x2ade5e9a2133]
[eu-ms-002-22:28884] [ 4] /usr/lib64/libc.so.6(gsignal+0x37)[0x2b728c732387]
[eu-ms-026-27:18928] [ 2] /usr/lib64/libc.so.6(abort+0x148)[0x2b728c733a78]
[eu-ms-026-27:18928] /cluster/spack/apps/linux-centos7-x86_64/gcc-4.8.5/gcc-9.3.0-mjmsvu3362usxjr7tas4ywkd2e4ko5x3/lib64/libstdc++.so.6(+0xa4b56)[0x2aef3dcb5b56]
[eu-ms-026-40:05955] [ 5] /cluster/spack/apps/linux-centos7-x86_64/gcc-4.8.5/gcc-9.3.0-mjmsvu3362usxjr7tas4ywkd2e4ko5x3/lib64/libstdc++.so.6(+0x99133)[0x2b32ec022133]
[eu-ms-010-20:28501] [ 4] /cluster/spack/apps/linux-centos7-x86_64/gcc-4.8.5/gcc-9.3.0-mjmsvu3362usxjr7tas4ywkd2e4ko5x3/lib64/libstdc++.so.6(+0xa4b56)[0x2b6cebff6b56]
[eu-ms-010-36:32161] [ 5] /cluster/spack/apps/linux-centos7-x86_64/gcc-4.8.5/gcc-9.3.0-mjmsvu3362usxjr7tas4ywkd2e4ko5x3/lib64/libstdc++.so.6(+0xa4b56)[0x2b277b290b56]
[eu-ms-007-06:13260] [ 5] /cluster/spack/apps/linux-centos7-x86_64/gcc-4.8.5/gcc-9.3.0-mjmsvu3362usxjr7tas4ywkd2e4ko5x3/lib64/libstdc++.so.6(+0x99133)[0x2b384ab1f133]
[eu-ms-010-13:32524] [ 4]   what():  Starting Rabenseifner-Gather more processes (32) than rows (b.size() = 16)
[eu-ms-010-43:22687] *** Process received signal ***
[eu-ms-010-43:22687] Signal: Aborted (6)
[eu-ms-010-43:22687] Signal code:  (-6)
/usr/lib64/libc.so.6(abort+0x148)[0x2b67dff20a78]
[eu-ms-010-27:05726] [ 3] /cluster/spack/apps/linux-centos7-x86_64/gcc-4.8.5/gcc-9.3.0-mjmsvu3362usxjr7tas4ywkd2e4ko5x3/lib64/libstdc++.so.6(+0x99133)[0x2b67df472133]
[eu-ms-010-27:05726] [ 4] /cluster/spack/apps/linux-centos7-x86_64/gcc-4.8.5/gcc-9.3.0-mjmsvu3362usxjr7tas4ywkd2e4ko5x3/lib64/libstdc++.so.6(+0x99133)[0x2b2f495db133]
[eu-ms-002-45:11239] [ 4] /cluster/spack/apps/linux-centos7-x86_64/gcc-4.8.5/gcc-9.3.0-mjmsvu3362usxjr7tas4ywkd2e4ko5x3/lib64/libstdc++.so.6(+0x99133)[0x2b7861eab133]
[eu-ms-026-32:13608] [ 4] /cluster/spack/apps/linux-centos7-x86_64/gcc-4.8.5/gcc-9.3.0-mjmsvu3362usxjr7tas4ywkd2e4ko5x3/lib64/libstdc++.so.6(+0x99133)[0x2ad1a86a0133]
[eu-ms-026-21:27046] [ 4] /cluster/spack/apps/linux-centos7-x86_64/gcc-4.8.5/gcc-9.3.0-mjmsvu3362usxjr7tas4ywkd2e4ko5x3/lib64/libstdc++.so.6(+0xa4b56)[0x2ac45bc91b56]
[eu-ms-002-24:24071] [ 5] /cluster/spack/apps/linux-centos7-x86_64/gcc-4.8.5/gcc-9.3.0-mjmsvu3362usxjr7tas4ywkd2e4ko5x3/lib64/libstdc++.so.6(+0xa4bc1)[0x2ac45bc91bc1]
[eu-ms-002-24:24071] [ 6] /cluster/spack/apps/linux-centos7-x86_64/gcc-4.8.5/gcc-9.3.0-mjmsvu3362usxjr7tas4ywkd2e4ko5x3/lib64/libstdc++.so.6(+0x99133)[0x2b87e1aa6133]
[eu-ms-010-24:06070] [ 4] /usr/lib64/libc.so.6(gsignal+0x37)[0x2b2f587da387]
[eu-ms-026-15:03112] [ 2] /usr/lib64/libc.so.6(abort+0x148)[0x2b2f587dba78]
/usr/lib64/libc.so.6(abort+0x148)[0x2ad7fae8ea78]
[eu-ms-002-32:01190] [ 3] /cluster/spack/apps/linux-centos7-x86_64/gcc-4.8.5/gcc-9.3.0-mjmsvu3362usxjr7tas4ywkd2e4ko5x3/lib64/libstdc++.so.6(+0x99133)[0x2ad7fa3e0133]
[eu-ms-002-32:01190] [ 4]   what():  Starting Rabenseifner-Gather more processes (32) than rows (b.size() = 16)
[eu-ms-026-43:08644] *** Process received signal ***
[eu-ms-026-43:08644] Signal: Aborted (6)
[eu-ms-026-43:08644] Signal code:  (-6)
[ 4] /cluster/spack/apps/linux-centos7-x86_64/gcc-4.8.5/gcc-9.3.0-mjmsvu3362usxjr7tas4ywkd2e4ko5x3/lib64/libstdc++.so.6(+0xa4b56)[0x2b0296dbab56]
[eu-ms-002-19:28929] [ 5] /cluster/spack/apps/linux-centos7-x86_64/gcc-4.8.5/gcc-9.3.0-mjmsvu3362usxjr7tas4ywkd2e4ko5x3/lib64/libstdc++.so.6(+0xa4b56)[0x2ade5e9adb56]
[eu-ms-002-22:28884] [ 5] [ 3] /cluster/spack/apps/linux-centos7-x86_64/gcc-4.8.5/gcc-9.3.0-mjmsvu3362usxjr7tas4ywkd2e4ko5x3/lib64/libstdc++.so.6(+0x99133)[0x2b728bc85133]
/cluster/spack/apps/linux-centos7-x86_64/gcc-4.8.5/gcc-9.3.0-mjmsvu3362usxjr7tas4ywkd2e4ko5x3/lib64/libstdc++.so.6(+0xa4bc1)[0x2aef3dcb5bc1]
[eu-ms-026-40:05955] [ 6] /cluster/spack/apps/linux-centos7-x86_64/gcc-4.8.5/gcc-9.3.0-mjmsvu3362usxjr7tas4ywkd2e4ko5x3/lib64/libstdc++.so.6(+0xa4b56)[0x2b32ec02db56]
[eu-ms-010-20:28501] [ 5] /cluster/spack/apps/linux-centos7-x86_64/gcc-4.8.5/gcc-9.3.0-mjmsvu3362usxjr7tas4ywkd2e4ko5x3/lib64/libstdc++.so.6(+0xa4bc1)[0x2b6cebff6bc1]
[eu-ms-010-36:32161] [ 6] /cluster/spack/apps/linux-centos7-x86_64/gcc-4.8.5/gcc-9.3.0-mjmsvu3362usxjr7tas4ywkd2e4ko5x3/lib64/libstdc++.so.6(+0xa4bc1)[0x2b277b290bc1]
[eu-ms-007-06:13260] [ 6] /cluster/spack/apps/linux-centos7-x86_64/gcc-4.8.5/gcc-9.3.0-mjmsvu3362usxjr7tas4ywkd2e4ko5x3/lib64/libstdc++.so.6(+0xa4b56)[0x2b384ab2ab56]
[eu-ms-010-13:32524] [ 5] [eu-ms-010-43:22687] [ 0] /cluster/spack/apps/linux-centos7-x86_64/gcc-4.8.5/gcc-9.3.0-mjmsvu3362usxjr7tas4ywkd2e4ko5x3/lib64/libstdc++.so.6(+0xa4b56)[0x2b67df47db56]
[eu-ms-010-27:05726] [ 5] /cluster/spack/apps/linux-centos7-x86_64/gcc-4.8.5/gcc-9.3.0-mjmsvu3362usxjr7tas4ywkd2e4ko5x3/lib64/libstdc++.so.6(+0xa4b56)[0x2b2f495e6b56]
[eu-ms-002-45:11239] [ 5] /cluster/spack/apps/linux-centos7-x86_64/gcc-4.8.5/gcc-9.3.0-mjmsvu3362usxjr7tas4ywkd2e4ko5x3/lib64/libstdc++.so.6(+0xa4b56)[0x2b7861eb6b56]
[eu-ms-026-32:13608] [ 5] /cluster/spack/apps/linux-centos7-x86_64/gcc-4.8.5/gcc-9.3.0-mjmsvu3362usxjr7tas4ywkd2e4ko5x3/lib64/libstdc++.so.6(+0xa4b56)[0x2ad1a86abb56]
[eu-ms-026-21:27046] [ 5] /cluster/spack/apps/linux-centos7-x86_64/gcc-4.8.5/gcc-9.3.0-mjmsvu3362usxjr7tas4ywkd2e4ko5x3/lib64/libstdc++.so.6(+0xa4e14)[0x2ac45bc91e14]
[eu-ms-002-24:24071] [ 7] code/build_output/main[0x40bc52]
[eu-ms-002-24:24071] [ 8] /cluster/spack/apps/linux-centos7-x86_64/gcc-4.8.5/gcc-9.3.0-mjmsvu3362usxjr7tas4ywkd2e4ko5x3/lib64/libstdc++.so.6(+0xa4b56)[0x2b87e1ab1b56]
[eu-ms-010-24:06070] [ 5] [eu-ms-026-15:03112] [ 3] /cluster/spack/apps/linux-centos7-x86_64/gcc-4.8.5/gcc-9.3.0-mjmsvu3362usxjr7tas4ywkd2e4ko5x3/lib64/libstdc++.so.6(+0x99133)[0x2b2f57d2d133]
[eu-ms-026-15:03112] [ 4] /cluster/spack/apps/linux-centos7-x86_64/gcc-4.8.5/gcc-9.3.0-mjmsvu3362usxjr7tas4ywkd2e4ko5x3/lib64/libstdc++.so.6(+0xa4b56)[0x2ad7fa3ebb56]
[eu-ms-002-32:01190] [ 5] [eu-ms-026-43:08644] [ 0] /cluster/spack/apps/linux-centos7-x86_64/gcc-4.8.5/gcc-9.3.0-mjmsvu3362usxjr7tas4ywkd2e4ko5x3/lib64/libstdc++.so.6(+0xa4bc1)[0x2b0296dbabc1]
[eu-ms-002-19:28929] [ 6] /cluster/spack/apps/linux-centos7-x86_64/gcc-4.8.5/gcc-9.3.0-mjmsvu3362usxjr7tas4ywkd2e4ko5x3/lib64/libstdc++.so.6(+0xa4bc1)[0x2ade5e9adbc1]
[eu-ms-002-22:28884] [ 6] [eu-ms-026-27:18928] [ 4] /cluster/spack/apps/linux-centos7-x86_64/gcc-4.8.5/gcc-9.3.0-mjmsvu3362usxjr7tas4ywkd2e4ko5x3/lib64/libstdc++.so.6(+0xa4b56)[0x2b728bc90b56]
[eu-ms-026-27:18928] [ 5] /cluster/spack/apps/linux-centos7-x86_64/gcc-4.8.5/gcc-9.3.0-mjmsvu3362usxjr7tas4ywkd2e4ko5x3/lib64/libstdc++.so.6(+0xa4e14)[0x2aef3dcb5e14]
[eu-ms-026-40:05955] [ 7] code/build_output/main[0x40bc52]
[eu-ms-026-40:05955] [ 8] code/build_output/main[0x41a198]
[eu-ms-026-40:05955] [ 9] code/build_output/main[0x40c3d9]
[eu-ms-026-40:05955] [10] /cluster/spack/apps/linux-centos7-x86_64/gcc-4.8.5/gcc-9.3.0-mjmsvu3362usxjr7tas4ywkd2e4ko5x3/lib64/libstdc++.so.6(+0xa4bc1)[0x2b32ec02dbc1]
[eu-ms-010-20:28501] [ 6] /cluster/spack/apps/linux-centos7-x86_64/gcc-4.8.5/gcc-9.3.0-mjmsvu3362usxjr7tas4ywkd2e4ko5x3/lib64/libstdc++.so.6(+0xa4e14)[0x2b6cebff6e14]
[eu-ms-010-36:32161] [ 7] code/build_output/main[0x40bc52]
[eu-ms-010-36:32161] [ 8] code/build_output/main[0x41a198]
[eu-ms-010-36:32161] [ 9] code/build_output/main[0x40c3d9]
[eu-ms-010-36:32161] [10] /cluster/spack/apps/linux-centos7-x86_64/gcc-4.8.5/gcc-9.3.0-mjmsvu3362usxjr7tas4ywkd2e4ko5x3/lib64/libstdc++.so.6(+0xa4e14)[0x2b277b290e14]
[eu-ms-007-06:13260] [ 7] code/build_output/main[0x40bc52]
[eu-ms-007-06:13260] [ 8] code/build_output/main[0x41a198]
[eu-ms-007-06:13260] [ 9] code/build_output/main[0x40c3d9]
[eu-ms-007-06:13260] [10] /cluster/spack/apps/linux-centos7-x86_64/gcc-4.8.5/gcc-9.3.0-mjmsvu3362usxjr7tas4ywkd2e4ko5x3/lib64/libstdc++.so.6(+0xa4bc1)[0x2b384ab2abc1]
[eu-ms-010-13:32524] [ 6] /cluster/spack/apps/linux-centos7-x86_64/gcc-4.8.5/gcc-9.3.0-mjmsvu3362usxjr7tas4ywkd2e4ko5x3/lib64/libstdc++.so.6(+0xa4e14)[0x2b384ab2ae14]
[eu-ms-010-13:32524] [ 7] /usr/lib64/libpthread.so.0(+0xf630)[0x2b5621e10630]
[eu-ms-010-43:22687] [ 1] /cluster/spack/apps/linux-centos7-x86_64/gcc-4.8.5/gcc-9.3.0-mjmsvu3362usxjr7tas4ywkd2e4ko5x3/lib64/libstdc++.so.6(+0xa4bc1)[0x2b67df47dbc1]
[eu-ms-010-27:05726] [ 6] /cluster/spack/apps/linux-centos7-x86_64/gcc-4.8.5/gcc-9.3.0-mjmsvu3362usxjr7tas4ywkd2e4ko5x3/lib64/libstdc++.so.6(+0xa4bc1)[0x2b2f495e6bc1]
[eu-ms-002-45:11239] [ 6] /cluster/spack/apps/linux-centos7-x86_64/gcc-4.8.5/gcc-9.3.0-mjmsvu3362usxjr7tas4ywkd2e4ko5x3/lib64/libstdc++.so.6(+0xa4bc1)[0x2b7861eb6bc1]
[eu-ms-026-32:13608] [ 6] /cluster/spack/apps/linux-centos7-x86_64/gcc-4.8.5/gcc-9.3.0-mjmsvu3362usxjr7tas4ywkd2e4ko5x3/lib64/libstdc++.so.6(+0xa4e14)[0x2b7861eb6e14]
[eu-ms-026-32:13608] [ 7] /cluster/spack/apps/linux-centos7-x86_64/gcc-4.8.5/gcc-9.3.0-mjmsvu3362usxjr7tas4ywkd2e4ko5x3/lib64/libstdc++.so.6(+0xa4bc1)[0x2ad1a86abbc1]
[eu-ms-026-21:27046] [ 6] code/build_output/main[0x41a198]
[eu-ms-002-24:24071] [ 9] code/build_output/main[0x40c3d9]
[eu-ms-002-24:24071] [10] /cluster/spack/apps/linux-centos7-x86_64/gcc-4.8.5/gcc-9.3.0-mjmsvu3362usxjr7tas4ywkd2e4ko5x3/lib64/libstdc++.so.6(+0xa4bc1)[0x2b87e1ab1bc1]
[eu-ms-010-24:06070] [ 6] /cluster/spack/apps/linux-centos7-x86_64/gcc-4.8.5/gcc-9.3.0-mjmsvu3362usxjr7tas4ywkd2e4ko5x3/lib64/libstdc++.so.6(+0xa4b56)[0x2b2f57d38b56]
[eu-ms-026-15:03112] [ 5] /cluster/spack/apps/linux-centos7-x86_64/gcc-4.8.5/gcc-9.3.0-mjmsvu3362usxjr7tas4ywkd2e4ko5x3/lib64/libstdc++.so.6(+0xa4bc1)[0x2ad7fa3ebbc1]
[eu-ms-002-32:01190] [ 6] /usr/lib64/libpthread.so.0(+0xf630)[0x2b2de761b630]
[eu-ms-026-43:08644] [ 1] /cluster/spack/apps/linux-centos7-x86_64/gcc-4.8.5/gcc-9.3.0-mjmsvu3362usxjr7tas4ywkd2e4ko5x3/lib64/libstdc++.so.6(+0xa4e14)[0x2b0296dbae14]
[eu-ms-002-19:28929] [ 7] code/build_output/main[0x40bc52]
[eu-ms-002-19:28929] [ 8] code/build_output/main[0x41a198]
[eu-ms-002-19:28929] [ 9] /cluster/spack/apps/linux-centos7-x86_64/gcc-4.8.5/gcc-9.3.0-mjmsvu3362usxjr7tas4ywkd2e4ko5x3/lib64/libstdc++.so.6(+0xa4e14)[0x2ade5e9ade14]
[eu-ms-002-22:28884] [ 7] code/build_output/main[0x40bc52]
[eu-ms-002-22:28884] [ 8] code/build_output/main[0x41a198]
[eu-ms-002-22:28884] [ 9] code/build_output/main[0x40c3d9]
[eu-ms-002-22:28884] /cluster/spack/apps/linux-centos7-x86_64/gcc-4.8.5/gcc-9.3.0-mjmsvu3362usxjr7tas4ywkd2e4ko5x3/lib64/libstdc++.so.6(+0xa4bc1)[0x2b728bc90bc1]
[eu-ms-026-27:18928] [ 6] /usr/lib64/libc.so.6(__libc_start_main+0xf5)[0x2aef3e743555]
[eu-ms-026-40:05955] [11] code/build_output/main[0x40db3f]
[eu-ms-026-40:05955] *** End of error message ***
/cluster/spack/apps/linux-centos7-x86_64/gcc-4.8.5/gcc-9.3.0-mjmsvu3362usxjr7tas4ywkd2e4ko5x3/lib64/libstdc++.so.6(+0xa4e14)[0x2b32ec02de14]
[eu-ms-010-20:28501] [ 7] code/build_output/main[0x40bc52]
[eu-ms-010-20:28501] [ 8] code/build_output/main[0x41a198]
[eu-ms-010-20:28501] [ 9] code/build_output/main[0x40c3d9]
[eu-ms-010-20:28501] [10] /usr/lib64/libc.so.6(__libc_start_main+0xf5)[0x2b6ceca84555]
[eu-ms-010-36:32161] [11] code/build_output/main[0x40db3f]
[eu-ms-010-36:32161] *** End of error message ***
/usr/lib64/libc.so.6(__libc_start_main+0xf5)[0x2b277bd1e555]
[eu-ms-007-06:13260] [11] code/build_output/main[0x40db3f]
[eu-ms-007-06:13260] *** End of error message ***
code/build_output/main[0x40bc52]
[eu-ms-010-13:32524] [ 8] code/build_output/main[0x41a198]
[eu-ms-010-13:32524] [ 9] code/build_output/main[0x40c3d9]
[eu-ms-010-13:32524] [10] /usr/lib64/libc.so.6(gsignal+0x37)[0x2b5622053387]
[eu-ms-010-43:22687] [ 2] /usr/lib64/libc.so.6(abort+0x148)[0x2b5622054a78]
[eu-ms-010-43:22687] [ 3] /cluster/spack/apps/linux-centos7-x86_64/gcc-4.8.5/gcc-9.3.0-mjmsvu3362usxjr7tas4ywkd2e4ko5x3/lib64/libstdc++.so.6(+0xa4e14)[0x2b67df47de14]
[eu-ms-010-27:05726] [ 7] code/build_output/main[0x40bc52]
[eu-ms-010-27:05726] [ 8] code/build_output/main[0x41a198]
[eu-ms-010-27:05726] [ 9] code/build_output/main[0x40c3d9]
[eu-ms-010-27:05726] [10] /cluster/spack/apps/linux-centos7-x86_64/gcc-4.8.5/gcc-9.3.0-mjmsvu3362usxjr7tas4ywkd2e4ko5x3/lib64/libstdc++.so.6(+0xa4e14)[0x2b2f495e6e14]
[eu-ms-002-45:11239] [ 7] code/build_output/main[0x40bc52]
[eu-ms-002-45:11239] [ 8] code/build_output/main[0x41a198]
[eu-ms-002-45:11239] [ 9] code/build_output/main[0x40c3d9]
[eu-ms-002-45:11239] [10] code/build_output/main[0x40bc52]
[eu-ms-026-32:13608] [ 8] code/build_output/main[0x41a198]
[eu-ms-026-32:13608] [ 9] code/build_output/main[0x40c3d9]
[eu-ms-026-32:13608] [10] /cluster/spack/apps/linux-centos7-x86_64/gcc-4.8.5/gcc-9.3.0-mjmsvu3362usxjr7tas4ywkd2e4ko5x3/lib64/libstdc++.so.6(+0xa4e14)[0x2ad1a86abe14]
[eu-ms-026-21:27046] [ 7] code/build_output/main[0x40bc52]
[eu-ms-026-21:27046] [ 8] code/build_output/main[0x41a198]
[eu-ms-026-21:27046] [ 9] code/build_output/main[0x40c3d9]
[eu-ms-026-21:27046] [10] /usr/lib64/libc.so.6(__libc_start_main+0xf5)[0x2ac45c71f555]
[eu-ms-002-24:24071] [11] code/build_output/main[0x40db3f]
[eu-ms-002-24:24071] *** End of error message ***
/cluster/spack/apps/linux-centos7-x86_64/gcc-4.8.5/gcc-9.3.0-mjmsvu3362usxjr7tas4ywkd2e4ko5x3/lib64/libstdc++.so.6(+0xa4e14)[0x2b87e1ab1e14]
[eu-ms-010-24:06070] [ 7] code/build_output/main[0x40bc52]
[eu-ms-010-24:06070] [ 8] code/build_output/main[0x41a198]
[eu-ms-010-24:06070] [ 9] code/build_output/main[0x40c3d9]
[eu-ms-010-24:06070] [10] /cluster/spack/apps/linux-centos7-x86_64/gcc-4.8.5/gcc-9.3.0-mjmsvu3362usxjr7tas4ywkd2e4ko5x3/lib64/libstdc++.so.6(+0xa4bc1)[0x2b2f57d38bc1]
[eu-ms-026-15:03112] [ 6] /cluster/spack/apps/linux-centos7-x86_64/gcc-4.8.5/gcc-9.3.0-mjmsvu3362usxjr7tas4ywkd2e4ko5x3/lib64/libstdc++.so.6(+0xa4e14)[0x2ad7fa3ebe14]
[eu-ms-002-32:01190] [ 7] code/build_output/main[0x40bc52]
[eu-ms-002-32:01190] [ 8] code/build_output/main[0x41a198]
[eu-ms-002-32:01190] [ 9] /usr/lib64/libc.so.6(gsignal+0x37)[0x2b2de785e387]
[eu-ms-026-43:08644] [ 2] /usr/lib64/libc.so.6(abort+0x148)[0x2b2de785fa78]
[eu-ms-026-43:08644] [ 3] code/build_output/main[0x40c3d9]
[eu-ms-002-19:28929] [10] /usr/lib64/libc.so.6(__libc_start_main+0xf5)[0x2b0297848555]
[eu-ms-002-19:28929] [10] /usr/lib64/libc.so.6(__libc_start_main+0xf5)[0x2ade5f43b555]
[eu-ms-002-22:28884] [11] /cluster/spack/apps/linux-centos7-x86_64/gcc-4.8.5/gcc-9.3.0-mjmsvu3362usxjr7tas4ywkd2e4ko5x3/lib64/libstdc++.so.6(+0xa4e14)[0x2b728bc90e14]
[eu-ms-026-27:18928] [ 7] code/build_output/main[0x40bc52]
[eu-ms-026-27:18928] [ 8] code/build_output/main[0x41a198]
[eu-ms-026-27:18928] [ 9] /usr/lib64/libc.so.6(__libc_start_main+0xf5)[0x2b32ecabb555]
[eu-ms-010-20:28501] [11] code/build_output/main[0x40db3f]
[eu-ms-010-20:28501] *** End of error message ***
/usr/lib64/libc.so.6(__libc_start_main+0xf5)[0x2b384b5b8555]
[eu-ms-010-13:32524] [11] code/build_output/main[0x40db3f]
[eu-ms-010-13:32524] *** End of error message ***
/cluster/spack/apps/linux-centos7-x86_64/gcc-4.8.5/gcc-9.3.0-mjmsvu3362usxjr7tas4ywkd2e4ko5x3/lib64/libstdc++.so.6(+0x99133)[0x2b56215a6133]
[eu-ms-010-43:22687] [ 4] /usr/lib64/libc.so.6(__libc_start_main+0xf5)[0x2b67dff0b555]
[eu-ms-010-27:05726] [11] code/build_output/main[0x40db3f]
/usr/lib64/libc.so.6(__libc_start_main+0xf5)[0x2b2f4a074555]
[eu-ms-002-45:11239] [11] code/build_output/main[0x40db3f]
[eu-ms-002-45:11239] *** End of error message ***
/usr/lib64/libc.so.6(__libc_start_main+0xf5)[0x2b7862944555]
[eu-ms-026-32:13608] [11] code/build_output/main[0x40db3f]
[eu-ms-026-32:13608] *** End of error message ***
/usr/lib64/libc.so.6(__libc_start_main+0xf5)[0x2ad1a9139555]
[eu-ms-026-21:27046] [11] code/build_output/main[0x40db3f]
[eu-ms-026-21:27046] *** End of error message ***
/usr/lib64/libc.so.6(__libc_start_main+0xf5)[0x2b87e253f555]
[eu-ms-010-24:06070] [11] code/build_output/main[0x40db3f]
[eu-ms-010-24:06070] *** End of error message ***
/cluster/spack/apps/linux-centos7-x86_64/gcc-4.8.5/gcc-9.3.0-mjmsvu3362usxjr7tas4ywkd2e4ko5x3/lib64/libstdc++.so.6(+0xa4e14)[0x2b2f57d38e14]
[eu-ms-026-15:03112] [ 7] code/build_output/main[0x40bc52]
[eu-ms-026-15:03112] [ 8] code/build_output/main[0x41a198]
[eu-ms-026-15:03112] [ 9] code/build_output/main[0x40c3d9]
[eu-ms-002-32:01190] [10] /usr/lib64/libc.so.6(__libc_start_main+0xf5)[0x2ad7fae79555]
[eu-ms-002-32:01190] [11] /cluster/spack/apps/linux-centos7-x86_64/gcc-4.8.5/gcc-9.3.0-mjmsvu3362usxjr7tas4ywkd2e4ko5x3/lib64/libstdc++.so.6(+0x99133)[0x2b2de6db1133]
[eu-ms-026-43:08644] [ 4] [11] code/build_output/main[0x40db3f]
[eu-ms-002-19:28929] *** End of error message ***
code/build_output/main[0x40db3f]
[eu-ms-002-22:28884] *** End of error message ***
code/build_output/main[0x40c3d9]
[eu-ms-026-27:18928] [10] /usr/lib64/libc.so.6(__libc_start_main+0xf5)[0x2b728c71e555]
[eu-ms-026-27:18928] [11] /cluster/spack/apps/linux-centos7-x86_64/gcc-4.8.5/gcc-9.3.0-mjmsvu3362usxjr7tas4ywkd2e4ko5x3/lib64/libstdc++.so.6(+0xa4b56)[0x2b56215b1b56]
[eu-ms-010-43:22687] [ 5] [eu-ms-010-27:05726] *** End of error message ***
code/build_output/main[0x40c3d9]
[eu-ms-026-15:03112] [10] /usr/lib64/libc.so.6(__libc_start_main+0xf5)[0x2b2f587c6555]
[eu-ms-026-15:03112] [11] code/build_output/main[0x40db3f]
[eu-ms-002-32:01190] *** End of error message ***
/cluster/spack/apps/linux-centos7-x86_64/gcc-4.8.5/gcc-9.3.0-mjmsvu3362usxjr7tas4ywkd2e4ko5x3/lib64/libstdc++.so.6(+0xa4b56)[0x2b2de6dbcb56]
[eu-ms-026-43:08644] [ 5] code/build_output/main[0x40db3f]
[eu-ms-026-27:18928] *** End of error message ***
/cluster/spack/apps/linux-centos7-x86_64/gcc-4.8.5/gcc-9.3.0-mjmsvu3362usxjr7tas4ywkd2e4ko5x3/lib64/libstdc++.so.6(+0xa4bc1)[0x2b56215b1bc1]
[eu-ms-010-43:22687] [ 6] code/build_output/main[0x40db3f]
[eu-ms-026-15:03112] *** End of error message ***
/cluster/spack/apps/linux-centos7-x86_64/gcc-4.8.5/gcc-9.3.0-mjmsvu3362usxjr7tas4ywkd2e4ko5x3/lib64/libstdc++.so.6(+0xa4bc1)[0x2b2de6dbcbc1]
[eu-ms-026-43:08644] [ 6] /cluster/spack/apps/linux-centos7-x86_64/gcc-4.8.5/gcc-9.3.0-mjmsvu3362usxjr7tas4ywkd2e4ko5x3/lib64/libstdc++.so.6(+0xa4e14)[0x2b56215b1e14]
[eu-ms-010-43:22687] [ 7] code/build_output/main[0x40bc52]
[eu-ms-010-43:22687] [ 8] code/build_output/main[0x41a198]
[eu-ms-010-43:22687] [ 9] code/build_output/main[0x40c3d9]
[eu-ms-010-43:22687] [10] /cluster/spack/apps/linux-centos7-x86_64/gcc-4.8.5/gcc-9.3.0-mjmsvu3362usxjr7tas4ywkd2e4ko5x3/lib64/libstdc++.so.6(+0xa4e14)[0x2b2de6dbce14]
[eu-ms-026-43:08644] [ 7] code/build_output/main[0x40bc52]
[eu-ms-026-43:08644] [ 8] code/build_output/main[0x41a198]
[eu-ms-026-43:08644] [ 9] code/build_output/main[0x40c3d9]
[eu-ms-026-43:08644] [10] /usr/lib64/libc.so.6(__libc_start_main+0xf5)[0x2b562203f555]
[eu-ms-010-43:22687] [11] code/build_output/main[0x40db3f]
[eu-ms-010-43:22687] *** End of error message ***
/usr/lib64/libc.so.6(__libc_start_main+0xf5)[0x2b2de784a555]
[eu-ms-026-43:08644] [11] code/build_output/main[0x40db3f]
[eu-ms-026-43:08644] *** End of error message ***
--------------------------------------------------------------------------
Primary job  terminated normally, but 1 process returned
a non-zero exit code. Per user-direction, the job has been aborted.
--------------------------------------------------------------------------
--------------------------------------------------------------------------
mpirun noticed that process rank 1 with PID 3112 on node eu-ms-026-15 exited on signal 6 (Aborted).
--------------------------------------------------------------------------
