2: Starting numprocs=16 N=512, M=512 impl=allreduce-native-ring
5: Starting numprocs=16 N=512, M=512 impl=allreduce-native-ring
3: Starting numprocs=16 N=512, M=512 impl=allreduce-native-ring
4: Starting numprocs=16 N=512, M=512 impl=allreduce-native-ring
8: Starting numprocs=16 N=512, M=512 impl=allreduce-native-ring
13: Starting numprocs=16 N=512, M=512 impl=allreduce-native-ring
7: Starting numprocs=16 N=512, M=512 impl=allreduce-native-ring
10: Starting numprocs=16 N=512, M=512 impl=allreduce-native-ring
6: Starting numprocs=16 N=512, M=512 impl=allreduce-native-ring
14: Starting numprocs=16 N=512, M=512 impl=allreduce-native-ring
9: Starting numprocs=16 N=512, M=512 impl=allreduce-native-ring
11: Starting numprocs=16 N=512, M=512 impl=allreduce-native-ring
15: Starting numprocs=16 N=512, M=512 impl=allreduce-native-ring
1: Starting numprocs=16 N=512, M=512 impl=allreduce-native-ring
12: Starting numprocs=16 N=512, M=512 impl=allreduce-native-ring
0: Starting numprocs=16 N=512, M=512 impl=allreduce-native-ring
Iteration 0
time: 0.014916s
Validation turned on
Validation successful! error=1.47127e-26
