18: Starting numprocs=32 N=128, M=128 impl=rabenseifner-gather
10: Starting numprocs=32 N=128, M=128 impl=rabenseifner-gather
17: Starting numprocs=32 N=128, M=128 impl=rabenseifner-gather
4: Starting numprocs=32 N=128, M=128 impl=rabenseifner-gather
20: Starting numprocs=32 N=128, M=128 impl=rabenseifner-gather
2: Starting numprocs=32 N=128, M=128 impl=rabenseifner-gather
7: Starting numprocs=32 N=128, M=128 impl=rabenseifner-gather
11: Starting numprocs=32 N=128, M=128 impl=rabenseifner-gather
9: Starting numprocs=32 N=128, M=128 impl=rabenseifner-gather
5: Starting numprocs=32 N=128, M=128 impl=rabenseifner-gather
6: Starting numprocs=32 N=128, M=128 impl=rabenseifner-gather
8: Starting numprocs=32 N=128, M=128 impl=rabenseifner-gather
14: Starting numprocs=32 N=128, M=128 impl=rabenseifner-gather
12: Starting numprocs=32 N=128, M=128 impl=rabenseifner-gather
22: Starting numprocs=32 N=128, M=128 impl=rabenseifner-gather
21: Starting numprocs=32 N=128, M=128 impl=rabenseifner-gather
27: Starting numprocs=32 N=128, M=128 impl=rabenseifner-gather
25: Starting numprocs=32 N=128, M=128 impl=rabenseifner-gather
31: Starting numprocs=32 N=128, M=128 impl=rabenseifner-gather
29: Starting numprocs=32 N=128, M=128 impl=rabenseifner-gather
24: Starting numprocs=32 N=128, M=128 impl=rabenseifner-gather
28: Starting numprocs=32 N=128, M=128 impl=rabenseifner-gather
23: Starting numprocs=32 N=128, M=128 impl=rabenseifner-gather
16: Starting numprocs=32 N=128, M=128 impl=rabenseifner-gather
30: Starting numprocs=32 N=128, M=128 impl=rabenseifner-gather
19: Starting numprocs=32 N=128, M=128 impl=rabenseifner-gather
15: Starting numprocs=32 N=128, M=128 impl=rabenseifner-gather
3: Starting numprocs=32 N=128, M=128 impl=rabenseifner-gather
13: Starting numprocs=32 N=128, M=128 impl=rabenseifner-gather
26: Starting numprocs=32 N=128, M=128 impl=rabenseifner-gather
1: Starting numprocs=32 N=128, M=128 impl=rabenseifner-gather
0: Starting numprocs=32 N=128, M=128 impl=rabenseifner-gather
Iteration 0
time: 0.095345s
Validation turned on
Validation successful! error=0
