0: Starting numprocs=16 N=64, M=64 impl=allreduce-rabenseifner
Iteration 0
6: Starting numprocs=16 N=64, M=64 impl=allreduce-rabenseifner
9: Starting numprocs=16 N=64, M=64 impl=allreduce-rabenseifner
4: Starting numprocs=16 N=64, M=64 impl=allreduce-rabenseifner
3: Starting numprocs=16 N=64, M=64 impl=allreduce-rabenseifner
15: Starting numprocs=16 N=64, M=64 impl=allreduce-rabenseifner
14: Starting numprocs=16 N=64, M=64 impl=allreduce-rabenseifner
10: Starting numprocs=16 N=64, M=64 impl=allreduce-rabenseifner
7: Starting numprocs=16 N=64, M=64 impl=allreduce-rabenseifner
1: Starting numprocs=16 N=64, M=64 impl=allreduce-rabenseifner
2: Starting numprocs=16 N=64, M=64 impl=allreduce-rabenseifner
8: Starting numprocs=16 N=64, M=64 impl=allreduce-rabenseifner
13: Starting numprocs=16 N=64, M=64 impl=allreduce-rabenseifner
5: Starting numprocs=16 N=64, M=64 impl=allreduce-rabenseifner
12: Starting numprocs=16 N=64, M=64 impl=allreduce-rabenseifner
11: Starting numprocs=16 N=64, M=64 impl=allreduce-rabenseifner
time: 0.004933s
Validation turned on
Validation successful! error=1.83067e-28
