8: Starting numprocs=16 N=128, M=128 impl=allreduce-native-rabenseifner
2: Starting numprocs=16 N=128, M=128 impl=allreduce-native-rabenseifner
9: Starting numprocs=16 N=128, M=128 impl=allreduce-native-rabenseifner
5: Starting numprocs=16 N=128, M=128 impl=allreduce-native-rabenseifner
15: Starting numprocs=16 N=128, M=128 impl=allreduce-native-rabenseifner
3: Starting numprocs=16 N=128, M=128 impl=allreduce-native-rabenseifner
6: Starting numprocs=16 N=128, M=128 impl=allreduce-native-rabenseifner
4: Starting numprocs=16 N=128, M=128 impl=allreduce-native-rabenseifner
13: Starting numprocs=16 N=128, M=128 impl=allreduce-native-rabenseifner
11: Starting numprocs=16 N=128, M=128 impl=allreduce-native-rabenseifner
1: Starting numprocs=16 N=128, M=128 impl=allreduce-native-rabenseifner
7: Starting numprocs=16 N=128, M=128 impl=allreduce-native-rabenseifner
14: Starting numprocs=16 N=128, M=128 impl=allreduce-native-rabenseifner
0: Starting numprocs=16 N=128, M=128 impl=allreduce-native-rabenseifner
Iteration 0
12: Starting numprocs=16 N=128, M=128 impl=allreduce-native-rabenseifner
10: Starting numprocs=16 N=128, M=128 impl=allreduce-native-rabenseifner
time: 0.003849s
Validation turned on
Validation successful! error=8.22239e-28
