27: Starting numprocs=32 N=64, M=64 impl=allreduce-native-basic_linear
7: Starting numprocs=32 N=64, M=64 impl=allreduce-native-basic_linear
15: Starting numprocs=32 N=64, M=64 impl=allreduce-native-basic_linear
23: Starting numprocs=32 N=64, M=64 impl=allreduce-native-basic_linear
17: Starting numprocs=32 N=64, M=64 impl=allreduce-native-basic_linear
28: Starting numprocs=32 N=64, M=64 impl=allreduce-native-basic_linear
12: Starting numprocs=32 N=64, M=64 impl=allreduce-native-basic_linear
16: Starting numprocs=32 N=64, M=64 impl=allreduce-native-basic_linear
19: Starting numprocs=32 N=64, M=64 impl=allreduce-native-basic_linear
29: Starting numprocs=32 N=64, M=64 impl=allreduce-native-basic_linear
13: Starting numprocs=32 N=64, M=64 impl=allreduce-native-basic_linear
1: Starting numprocs=32 N=64, M=64 impl=allreduce-native-basic_linear
22: Starting numprocs=32 N=64, M=64 impl=allreduce-native-basic_linear
3: Starting numprocs=32 N=64, M=64 impl=allreduce-native-basic_linear
25: Starting numprocs=32 N=64, M=64 impl=allreduce-native-basic_linear
18: Starting numprocs=32 N=64, M=64 impl=allreduce-native-basic_linear
14: Starting numprocs=32 N=64, M=64 impl=allreduce-native-basic_linear
8: Starting numprocs=32 N=64, M=64 impl=allreduce-native-basic_linear
6: Starting numprocs=32 N=64, M=64 impl=allreduce-native-basic_linear
30: Starting numprocs=32 N=64, M=64 impl=allreduce-native-basic_linear
10: Starting numprocs=32 N=64, M=64 impl=allreduce-native-basic_linear
31: Starting numprocs=32 N=64, M=64 impl=allreduce-native-basic_linear
21: Starting numprocs=32 N=64, M=64 impl=allreduce-native-basic_linear
5: Starting numprocs=32 N=64, M=64 impl=allreduce-native-basic_linear
26: Starting numprocs=32 N=64, M=64 impl=allreduce-native-basic_linear
20: Starting numprocs=32 N=64, M=64 impl=allreduce-native-basic_linear
24: Starting numprocs=32 N=64, M=64 impl=allreduce-native-basic_linear
11: Starting numprocs=32 N=64, M=64 impl=allreduce-native-basic_linear
2: Starting numprocs=32 N=64, M=64 impl=allreduce-native-basic_linear
0: Starting numprocs=32 N=64, M=64 impl=allreduce-native-basic_linear
Iteration 0
9: Starting numprocs=32 N=64, M=64 impl=allreduce-native-basic_linear
4: Starting numprocs=32 N=64, M=64 impl=allreduce-native-basic_linear
time: 0.021950s
Validation turned on
Validation successful! error=1.05166e-27
