14: Starting numprocs=16 N=256, M=256 impl=allreduce-butterfly
3: Starting numprocs=16 N=256, M=256 impl=allreduce-butterfly
7: Starting numprocs=16 N=256, M=256 impl=allreduce-butterfly
15: Starting numprocs=16 N=256, M=256 impl=allreduce-butterfly
8: Starting numprocs=16 N=256, M=256 impl=allreduce-butterfly
13: Starting numprocs=16 N=256, M=256 impl=allreduce-butterfly
11: Starting numprocs=16 N=256, M=256 impl=allreduce-butterfly
1: Starting numprocs=16 N=256, M=256 impl=allreduce-butterfly
9: Starting numprocs=16 N=256, M=256 impl=allreduce-butterfly
12: Starting numprocs=16 N=256, M=256 impl=allreduce-butterfly
5: Starting numprocs=16 N=256, M=256 impl=allreduce-butterfly
6: Starting numprocs=16 N=256, M=256 impl=allreduce-butterfly
10: Starting numprocs=16 N=256, M=256 impl=allreduce-butterfly
4: Starting numprocs=16 N=256, M=256 impl=allreduce-butterfly
2: Starting numprocs=16 N=256, M=256 impl=allreduce-butterfly
0: Starting numprocs=16 N=256, M=256 impl=allreduce-butterfly
Iteration 0
time: 0.005823s
Validation turned on
Validation successful! error=3.37983e-27
