5: Starting numprocs=22 N=8192, M=8192 impl=allreduce-native-rabenseifner
13: Starting numprocs=22 N=8192, M=8192 impl=allreduce-native-rabenseifner
9: Starting numprocs=22 N=8192, M=8192 impl=allreduce-native-rabenseifner
16: Starting numprocs=22 N=8192, M=8192 impl=allreduce-native-rabenseifner
10: Starting numprocs=22 N=8192, M=8192 impl=allreduce-native-rabenseifner
4: Starting numprocs=22 N=8192, M=8192 impl=allreduce-native-rabenseifner
19: Starting numprocs=22 N=8192, M=8192 impl=allreduce-native-rabenseifner
3: Starting numprocs=22 N=8192, M=8192 impl=allreduce-native-rabenseifner
11: Starting numprocs=22 N=8192, M=8192 impl=allreduce-native-rabenseifner
20: Starting numprocs=22 N=8192, M=8192 impl=allreduce-native-rabenseifner
21: Starting numprocs=22 N=8192, M=8192 impl=allreduce-native-rabenseifner
17: Starting numprocs=22 N=8192, M=8192 impl=allreduce-native-rabenseifner
18: Starting numprocs=22 N=8192, M=8192 impl=allreduce-native-rabenseifner
8: Starting numprocs=22 N=8192, M=8192 impl=allreduce-native-rabenseifner
1: Starting numprocs=22 N=8192, M=8192 impl=allreduce-native-rabenseifner
15: Starting numprocs=22 N=8192, M=8192 impl=allreduce-native-rabenseifner
0: Starting numprocs=22 N=8192, M=8192 impl=allreduce-native-rabenseifner
Iteration 0
6: Starting numprocs=22 N=8192, M=8192 impl=allreduce-native-rabenseifner
2: Starting numprocs=22 N=8192, M=8192 impl=allreduce-native-rabenseifner
12: Starting numprocs=22 N=8192, M=8192 impl=allreduce-native-rabenseifner
7: Starting numprocs=22 N=8192, M=8192 impl=allreduce-native-rabenseifner
14: Starting numprocs=22 N=8192, M=8192 impl=allreduce-native-rabenseifner
time: 215.481020s
Iteration 1
time: 17.603236s
Iteration 2
time: 133.330068s
Iteration 3
time: 149.305980s
Iteration 4
time: 2.438036s
Iteration 5
time: 268.318123s
Iteration 6
time: 132.317386s
Iteration 7
time: 2.454186s
Iteration 8
time: 230.370543s
Iteration 9
time: 106.284412s
Iteration 10
time: 215.271178s
Iteration 11
time: 141.281884s
Iteration 12
time: 4.610025s
Iteration 13
[eu-ms-015-21:30814:0:30814] rc_verbs_iface.c:92   send completion with error: transport retry counter exceeded qpn 0x1035 wrid 0x7a vendor_err 0x81
==== backtrace (tid:  30814) ====
 0  /cluster/spack/apps/linux-centos7-x86_64/gcc-9.3.0/ucx-1.10.1-rtkf46xfr456yc5n3dtbc6um62ellewy/lib/libucs.so.0(ucs_handle_error+0x254) [0x2b053044c214]
 1  /cluster/spack/apps/linux-centos7-x86_64/gcc-9.3.0/ucx-1.10.1-rtkf46xfr456yc5n3dtbc6um62ellewy/lib/libucs.so.0(ucs_fatal_error_message+0x50) [0x2b0530448f50]
 2  /cluster/spack/apps/linux-centos7-x86_64/gcc-9.3.0/ucx-1.10.1-rtkf46xfr456yc5n3dtbc6um62ellewy/lib/libucs.so.0(+0x2a369) [0x2b053044d369]
 3  /cluster/spack/apps/linux-centos7-x86_64/gcc-9.3.0/ucx-1.10.1-rtkf46xfr456yc5n3dtbc6um62ellewy/lib/libucs.so.0(ucs_log_dispatch+0xd1) [0x2b053044d491]
 4  /cluster/spack/apps/linux-centos7-x86_64/gcc-9.3.0/ucx-1.10.1-rtkf46xfr456yc5n3dtbc6um62ellewy/lib/ucx/libuct_ib.so.0(+0x303af) [0x2b05365633af]
 5  /cluster/spack/apps/linux-centos7-x86_64/gcc-9.3.0/ucx-1.10.1-rtkf46xfr456yc5n3dtbc6um62ellewy/lib/ucx/libuct_ib.so.0(+0x309a5) [0x2b05365639a5]
 6  /cluster/spack/apps/linux-centos7-x86_64/gcc-9.3.0/ucx-1.10.1-rtkf46xfr456yc5n3dtbc6um62ellewy/lib/libucp.so.0(ucp_worker_progress+0x6a) [0x2b052ff456ca]
 7  /cluster/spack/apps/linux-centos7-x86_64/gcc-9.3.0/openmpi-4.0.2-v3wmvdtsldm6pa4b7vp6y5ivy53izisg/lib/libmpi.so.40(mca_pml_ucx_send+0x106) [0x2b052d9c8166]
 8  /cluster/spack/apps/linux-centos7-x86_64/gcc-9.3.0/openmpi-4.0.2-v3wmvdtsldm6pa4b7vp6y5ivy53izisg/lib/libmpi.so.40(ompi_coll_base_sendrecv_actual+0x8c) [0x2b052d8e19cc]
 9  /cluster/spack/apps/linux-centos7-x86_64/gcc-9.3.0/openmpi-4.0.2-v3wmvdtsldm6pa4b7vp6y5ivy53izisg/lib/libmpi.so.40(ompi_coll_base_allreduce_intra_redscat_allgather+0x3df) [0x2b052d8e42cf]
10  /cluster/spack/apps/linux-centos7-x86_64/gcc-9.3.0/openmpi-4.0.2-v3wmvdtsldm6pa4b7vp6y5ivy53izisg/lib/libmpi.so.40(ompi_coll_tuned_allreduce_intra_dec_dynamic+0xb4) [0x2b052d8f38c4]
11  /cluster/spack/apps/linux-centos7-x86_64/gcc-9.3.0/openmpi-4.0.2-v3wmvdtsldm6pa4b7vp6y5ivy53izisg/lib/libmpi.so.40(PMPI_Allreduce+0x168) [0x2b052d893e98]
12  code/build_output/main() [0x41a8c5]
13  code/build_output/main() [0x41a2d8]
14  code/build_output/main() [0x40c440]
15  /usr/lib64/libc.so.6(__libc_start_main+0xf5) [0x2b052e7de555]
16  code/build_output/main() [0x40dc6f]
=================================
[eu-ms-015-21:30814] *** Process received signal ***
[eu-ms-015-21:30814] Signal: Aborted (6)
[eu-ms-015-21:30814] Signal code:  (-6)
[eu-ms-015-21:30814] [ 0] /usr/lib64/libpthread.so.0(+0xf630)[0x2b052e5af630]
[eu-ms-015-21:30814] [ 1] /usr/lib64/libc.so.6(gsignal+0x37)[0x2b052e7f2387]
[eu-ms-015-21:30814] [ 2] /usr/lib64/libc.so.6(abort+0x148)[0x2b052e7f3a78]
[eu-ms-015-21:30814] [ 3] /cluster/spack/apps/linux-centos7-x86_64/gcc-9.3.0/ucx-1.10.1-rtkf46xfr456yc5n3dtbc6um62ellewy/lib/libucs.so.0(ucs_fatal_error_message+0x55)[0x2b0530448f55]
[eu-ms-015-21:30814] [ 4] /cluster/spack/apps/linux-centos7-x86_64/gcc-9.3.0/ucx-1.10.1-rtkf46xfr456yc5n3dtbc6um62ellewy/lib/libucs.so.0(+0x2a369)[0x2b053044d369]
[eu-ms-015-21:30814] [ 5] /cluster/spack/apps/linux-centos7-x86_64/gcc-9.3.0/ucx-1.10.1-rtkf46xfr456yc5n3dtbc6um62ellewy/lib/libucs.so.0(ucs_log_dispatch+0xd1)[0x2b053044d491]
[eu-ms-015-21:30814] [ 6] /cluster/spack/apps/linux-centos7-x86_64/gcc-9.3.0/ucx-1.10.1-rtkf46xfr456yc5n3dtbc6um62ellewy/lib/ucx/libuct_ib.so.0(+0x303af)[0x2b05365633af]
[eu-ms-015-21:30814] [ 7] /cluster/spack/apps/linux-centos7-x86_64/gcc-9.3.0/ucx-1.10.1-rtkf46xfr456yc5n3dtbc6um62ellewy/lib/ucx/libuct_ib.so.0(+0x309a5)[0x2b05365639a5]
[eu-ms-015-21:30814] [ 8] /cluster/spack/apps/linux-centos7-x86_64/gcc-9.3.0/ucx-1.10.1-rtkf46xfr456yc5n3dtbc6um62ellewy/lib/libucp.so.0(ucp_worker_progress+0x6a)[0x2b052ff456ca]
[eu-ms-015-21:30814] [ 9] /cluster/spack/apps/linux-centos7-x86_64/gcc-9.3.0/openmpi-4.0.2-v3wmvdtsldm6pa4b7vp6y5ivy53izisg/lib/libmpi.so.40(mca_pml_ucx_send+0x106)[0x2b052d9c8166]
[eu-ms-015-21:30814] [10] /cluster/spack/apps/linux-centos7-x86_64/gcc-9.3.0/openmpi-4.0.2-v3wmvdtsldm6pa4b7vp6y5ivy53izisg/lib/libmpi.so.40(ompi_coll_base_sendrecv_actual+0x8c)[0x2b052d8e19cc]
[eu-ms-015-21:30814] [11] /cluster/spack/apps/linux-centos7-x86_64/gcc-9.3.0/openmpi-4.0.2-v3wmvdtsldm6pa4b7vp6y5ivy53izisg/lib/libmpi.so.40(ompi_coll_base_allreduce_intra_redscat_allgather+0x3df)[0x2b052d8e42cf]
[eu-ms-015-21:30814] [12] /cluster/spack/apps/linux-centos7-x86_64/gcc-9.3.0/openmpi-4.0.2-v3wmvdtsldm6pa4b7vp6y5ivy53izisg/lib/libmpi.so.40(ompi_coll_tuned_allreduce_intra_dec_dynamic+0xb4)[0x2b052d8f38c4]
[eu-ms-015-21:30814] [13] /cluster/spack/apps/linux-centos7-x86_64/gcc-9.3.0/openmpi-4.0.2-v3wmvdtsldm6pa4b7vp6y5ivy53izisg/lib/libmpi.so.40(PMPI_Allreduce+0x168)[0x2b052d893e98]
[eu-ms-015-21:30814] [14] code/build_output/main[0x41a8c5]
[eu-ms-015-21:30814] [15] code/build_output/main[0x41a2d8]
[eu-ms-015-21:30814] [16] code/build_output/main[0x40c440]
[eu-ms-015-21:30814] [17] /usr/lib64/libc.so.6(__libc_start_main+0xf5)[0x2b052e7de555]
[eu-ms-015-21:30814] [18] code/build_output/main[0x40dc6f]
[eu-ms-015-21:30814] *** End of error message ***
--------------------------------------------------------------------------
Primary job  terminated normally, but 1 process returned
a non-zero exit code. Per user-direction, the job has been aborted.
--------------------------------------------------------------------------
--------------------------------------------------------------------------
mpirun noticed that process rank 4 with PID 30814 on node eu-ms-015-21 exited on signal 6 (Aborted).
--------------------------------------------------------------------------
