0: Starting numprocs=32 N=16, M=16 impl=rabenseifner-gather
Iteration 0
25: Starting numprocs=32 N=16, M=16 impl=rabenseifner-gather
20: Starting numprocs=32 N=16, M=16 impl=rabenseifner-gather
15: Starting numprocs=32 N=16, M=16 impl=rabenseifner-gather
9: Starting numprocs=32 N=16, M=16 impl=rabenseifner-gather
6: Starting numprocs=32 N=16, M=16 impl=rabenseifner-gather
10: Starting numprocs=32 N=16, M=16 impl=rabenseifner-gather
27: Starting numprocs=32 N=16, M=16 impl=rabenseifner-gather
18: Starting numprocs=32 N=16, M=16 impl=rabenseifner-gather
22: Starting numprocs=32 N=16, M=16 impl=rabenseifner-gather
12: Starting numprocs=32 N=16, M=16 impl=rabenseifner-gather
16: Starting numprocs=32 N=16, M=16 impl=rabenseifner-gather
8: Starting numprocs=32 N=16, M=16 impl=rabenseifner-gather
2: Starting numprocs=32 N=16, M=16 impl=rabenseifner-gather
26: Starting numprocs=32 N=16, M=16 impl=rabenseifner-gather
30: Starting numprocs=32 N=16, M=16 impl=rabenseifner-gather
11: Starting numprocs=32 N=16, M=16 impl=rabenseifner-gather
21: Starting numprocs=32 N=16, M=16 impl=rabenseifner-gather
23: Starting numprocs=32 N=16, M=16 impl=rabenseifner-gather
19: Starting numprocs=32 N=16, M=16 impl=rabenseifner-gather
28: Starting numprocs=32 N=16, M=16 impl=rabenseifner-gather
1: Starting numprocs=32 N=16, M=16 impl=rabenseifner-gather
17: Starting numprocs=32 N=16, M=16 impl=rabenseifner-gather
14: Starting numprocs=32 N=16, M=16 impl=rabenseifner-gather
3: Starting numprocs=32 N=16, M=16 impl=rabenseifner-gather
13: Starting numprocs=32 N=16, M=16 impl=rabenseifner-gather
4: Starting numprocs=32 N=16, M=16 impl=rabenseifner-gather
5: Starting numprocs=32 N=16, M=16 impl=rabenseifner-gather
29: Starting numprocs=32 N=16, M=16 impl=rabenseifner-gather
31: Starting numprocs=32 N=16, M=16 impl=rabenseifner-gather
24: Starting numprocs=32 N=16, M=16 impl=rabenseifner-gather
7: Starting numprocs=32 N=16, M=16 impl=rabenseifner-gather
terminate called after throwing an instance of 'std::runtime_error'
  what():  Starting Rabenseifner-Gather more processes (32) than rows (b.size() = 16)
[eu-ms-010-02:09800] *** Process received signal ***
[eu-ms-010-02:09800] Signal: Aborted (6)
[eu-ms-010-02:09800] Signal code:  (-6)
terminate called after throwing an instance of 'std::runtime_error'
terminate called after throwing an instance of 'std::runtime_error'
terminate called after throwing an instance of 'std::runtime_error'
  what():  Starting Rabenseifner-Gather more processes (32) than rows (b.size() = 16)
[eu-ms-010-44:07356] *** Process received signal ***
[eu-ms-010-44:07356] Signal: Aborted (6)
[eu-ms-010-44:07356] Signal code:  (-6)
[eu-ms-010-02:09800] [ 0] /usr/lib64/libpthread.so.0(+0xf630)[0x2b106819c630]
[eu-ms-010-02:09800] [ 1] /usr/lib64/libc.so.6(gsignal+0x37)[0x2b10683df387]
[eu-ms-010-02:09800] [ 2]   what():  Starting Rabenseifner-Gather more processes (32) than rows (b.size() = 16)
[eu-ms-010-43:24297] *** Process received signal ***
[eu-ms-010-43:24297] Signal: Aborted (6)
[eu-ms-010-43:24297] Signal code:  (-6)
  what():  Starting Rabenseifner-Gather more processes (32) than rows (b.size() = 16)
[eu-ms-010-11:14895] *** Process received signal ***
[eu-ms-010-44:07356] [ 0] /usr/lib64/libc.so.6(abort+0x148)[0x2b10683e0a78]
[eu-ms-010-02:09800] [ 3] /cluster/spack/apps/linux-centos7-x86_64/gcc-4.8.5/gcc-9.3.0-mjmsvu3362usxjr7tas4ywkd2e4ko5x3/lib64/libstdc++.so.6(+0x99133)[0x2b1067932133]
[eu-ms-010-02:09800] [ 4] /cluster/spack/apps/linux-centos7-x86_64/gcc-4.8.5/gcc-9.3.0-mjmsvu3362usxjr7tas4ywkd2e4ko5x3/lib64/libstdc++.so.6(+0xa4b56)[0x2b106793db56]
[eu-ms-010-02:09800] [eu-ms-010-43:24297] [ 0] [eu-ms-010-11:14895] Signal: Aborted (6)
[eu-ms-010-11:14895] Signal code:  (-6)
/usr/lib64/libpthread.so.0(+0xf630)[0x2ba2ab139630]
[eu-ms-010-44:07356] [ 1] [ 5] /cluster/spack/apps/linux-centos7-x86_64/gcc-4.8.5/gcc-9.3.0-mjmsvu3362usxjr7tas4ywkd2e4ko5x3/lib64/libstdc++.so.6(+0xa4bc1)[0x2b106793dbc1]
[eu-ms-010-02:09800] [ 6] /cluster/spack/apps/linux-centos7-x86_64/gcc-4.8.5/gcc-9.3.0-mjmsvu3362usxjr7tas4ywkd2e4ko5x3/lib64/libstdc++.so.6(+0xa4e14)[0x2b106793de14]
[eu-ms-010-02:09800] [ 7] code/build_output/main[0x40bcae]
[eu-ms-010-02:09800] [ 8] /usr/lib64/libpthread.so.0(+0xf630)[0x2b5f9deed630]
[eu-ms-010-43:24297] [ 1] [eu-ms-010-11:14895] [ 0] /usr/lib64/libc.so.6(gsignal+0x37)[0x2ba2ab37c387]
[eu-ms-010-44:07356] [ 2] /usr/lib64/libc.so.6(abort+0x148)[0x2ba2ab37da78]
[eu-ms-010-44:07356] [ 3] code/build_output/main[0x41a2d8]
[eu-ms-010-02:09800] [ 9] code/build_output/main[0x40c440]
[eu-ms-010-02:09800] [10] /usr/lib64/libc.so.6(__libc_start_main+0xf5)[0x2b10683cb555]
[eu-ms-010-02:09800] [11] code/build_output/main[0x40dc6f]
[eu-ms-010-02:09800] *** End of error message ***
/usr/lib64/libc.so.6(gsignal+0x37)[0x2b5f9e130387]
[eu-ms-010-43:24297] [ 2] /usr/lib64/libc.so.6(abort+0x148)[0x2b5f9e131a78]
[eu-ms-010-43:24297] [ 3] /usr/lib64/libpthread.so.0(+0xf630)[0x2b143b665630]
[eu-ms-010-11:14895] [ 1] /cluster/spack/apps/linux-centos7-x86_64/gcc-4.8.5/gcc-9.3.0-mjmsvu3362usxjr7tas4ywkd2e4ko5x3/lib64/libstdc++.so.6(+0x99133)[0x2ba2aa8cf133]
[eu-ms-010-44:07356] [ 4] /cluster/spack/apps/linux-centos7-x86_64/gcc-4.8.5/gcc-9.3.0-mjmsvu3362usxjr7tas4ywkd2e4ko5x3/lib64/libstdc++.so.6(+0x99133)[0x2b5f9d683133]
[eu-ms-010-43:24297] [ 4] /usr/lib64/libc.so.6(gsignal+0x37)[0x2b143b8a8387]
[eu-ms-010-11:14895] [ 2] /usr/lib64/libc.so.6(abort+0x148)[0x2b143b8a9a78]
[eu-ms-010-11:14895] /cluster/spack/apps/linux-centos7-x86_64/gcc-4.8.5/gcc-9.3.0-mjmsvu3362usxjr7tas4ywkd2e4ko5x3/lib64/libstdc++.so.6(+0xa4b56)[0x2ba2aa8dab56]
[eu-ms-010-44:07356] [ 5] /cluster/spack/apps/linux-centos7-x86_64/gcc-4.8.5/gcc-9.3.0-mjmsvu3362usxjr7tas4ywkd2e4ko5x3/lib64/libstdc++.so.6(+0xa4b56)[0x2b5f9d68eb56]
[eu-ms-010-43:24297] [ 5] [ 3] /cluster/spack/apps/linux-centos7-x86_64/gcc-4.8.5/gcc-9.3.0-mjmsvu3362usxjr7tas4ywkd2e4ko5x3/lib64/libstdc++.so.6(+0x99133)[0x2b143adfb133]
[eu-ms-010-11:14895] [ 4] /cluster/spack/apps/linux-centos7-x86_64/gcc-4.8.5/gcc-9.3.0-mjmsvu3362usxjr7tas4ywkd2e4ko5x3/lib64/libstdc++.so.6(+0xa4bc1)[0x2ba2aa8dabc1]
[eu-ms-010-44:07356] [ 6] /cluster/spack/apps/linux-centos7-x86_64/gcc-4.8.5/gcc-9.3.0-mjmsvu3362usxjr7tas4ywkd2e4ko5x3/lib64/libstdc++.so.6(+0xa4bc1)[0x2b5f9d68ebc1]
[eu-ms-010-43:24297] [ 6] /cluster/spack/apps/linux-centos7-x86_64/gcc-4.8.5/gcc-9.3.0-mjmsvu3362usxjr7tas4ywkd2e4ko5x3/lib64/libstdc++.so.6(+0xa4b56)[0x2b143ae06b56]
[eu-ms-010-11:14895] [ 5] /cluster/spack/apps/linux-centos7-x86_64/gcc-4.8.5/gcc-9.3.0-mjmsvu3362usxjr7tas4ywkd2e4ko5x3/lib64/libstdc++.so.6(+0xa4e14)[0x2ba2aa8dae14]
[eu-ms-010-44:07356] [ 7] code/build_output/main[0x40bcae]
[eu-ms-010-44:07356] [ 8] code/build_output/main[0x41a2d8]
[eu-ms-010-44:07356] [ 9] code/build_output/main[0x40c440]
[eu-ms-010-44:07356] [10] terminate called after throwing an instance of 'std::runtime_error'
/cluster/spack/apps/linux-centos7-x86_64/gcc-4.8.5/gcc-9.3.0-mjmsvu3362usxjr7tas4ywkd2e4ko5x3/lib64/libstdc++.so.6(+0xa4e14)[0x2b5f9d68ee14]
[eu-ms-010-43:24297] [ 7] code/build_output/main[0x40bcae]
[eu-ms-010-43:24297] [ 8] code/build_output/main[0x41a2d8]
[eu-ms-010-43:24297] [ 9] code/build_output/main[0x40c440]
[eu-ms-010-43:24297] [10] /cluster/spack/apps/linux-centos7-x86_64/gcc-4.8.5/gcc-9.3.0-mjmsvu3362usxjr7tas4ywkd2e4ko5x3/lib64/libstdc++.so.6(+0xa4bc1)[0x2b143ae06bc1]
[eu-ms-010-11:14895] [ 6] terminate called after throwing an instance of 'std::runtime_error'
/usr/lib64/libc.so.6(__libc_start_main+0xf5)[0x2ba2ab368555]
[eu-ms-010-44:07356] [11] code/build_output/main[0x40dc6f]
[eu-ms-010-44:07356] *** End of error message ***
  what():  Starting Rabenseifner-Gather more processes (32) than rows (b.size() = 16)
[eu-ms-010-45:05796] *** Process received signal ***
[eu-ms-010-45:05796] Signal: Aborted (6)
[eu-ms-010-45:05796] Signal code:  (-6)
/usr/lib64/libc.so.6(__libc_start_main+0xf5)[0x2b5f9e11c555]
[eu-ms-010-43:24297] [11] code/build_output/main[0x40dc6f]
[eu-ms-010-43:24297] *** End of error message ***
/cluster/spack/apps/linux-centos7-x86_64/gcc-4.8.5/gcc-9.3.0-mjmsvu3362usxjr7tas4ywkd2e4ko5x3/lib64/libstdc++.so.6(+0xa4e14)[0x2b143ae06e14]
[eu-ms-010-11:14895] [ 7] code/build_output/main[0x40bcae]
[eu-ms-010-11:14895] [ 8] code/build_output/main[0x41a2d8]
[eu-ms-010-11:14895] [ 9]   what():  Starting Rabenseifner-Gather more processes (32) than rows (b.size() = 16)
[eu-ms-010-04:29085] *** Process received signal ***
[eu-ms-010-04:29085] Signal: Aborted (6)
[eu-ms-010-04:29085] Signal code:  (-6)
[eu-ms-010-45:05796] [ 0] terminate called after throwing an instance of 'std::runtime_error'
code/build_output/main[0x40c440]
[eu-ms-010-11:14895] [10] /usr/lib64/libc.so.6(__libc_start_main+0xf5)[0x2b143b894555]
[eu-ms-010-11:14895] [11] terminate called after throwing an instance of 'std::runtime_error'
/usr/lib64/libpthread.so.0(+0xf630)[0x2adaafe5f630]
[eu-ms-010-45:05796] [ 1] /usr/lib64/libc.so.6(gsignal+0x37)[0x2adab00a2387]
  what():  Starting Rabenseifner-Gather more processes (32) than rows (b.size() = 16)
[eu-ms-010-13:29814] *** Process received signal ***
[eu-ms-010-13:29814] Signal: Aborted (6)
[eu-ms-010-13:29814] Signal code:  (-6)
code/build_output/main[0x40dc6f]
[eu-ms-010-11:14895] *** End of error message ***
[eu-ms-010-04:29085] [ 0]   what():  Starting Rabenseifner-Gather more processes (32) than rows (b.size() = 16)
[eu-ms-020-36:10906] *** Process received signal ***
[eu-ms-020-36:10906] Signal: Aborted (6)
[eu-ms-020-36:10906] Signal code:  (-6)
[eu-ms-010-45:05796] [ 2] /usr/lib64/libc.so.6(abort+0x148)[0x2adab00a3a78]
[eu-ms-010-45:05796] [ 3] [eu-ms-010-13:29814] [ 0] /usr/lib64/libpthread.so.0(+0xf630)[0x2accfbe22630]
[eu-ms-010-04:29085] [ 1] [eu-ms-020-36:10906] [ 0] /cluster/spack/apps/linux-centos7-x86_64/gcc-4.8.5/gcc-9.3.0-mjmsvu3362usxjr7tas4ywkd2e4ko5x3/lib64/libstdc++.so.6(+0x99133)[0x2adaaf5f5133]
[eu-ms-010-45:05796] [ 4] /usr/lib64/libpthread.so.0(+0xf630)[0x2b60c9658630]
[eu-ms-010-13:29814] [ 1] /usr/lib64/libc.so.6(gsignal+0x37)[0x2b60c989b387]
/usr/lib64/libc.so.6(gsignal+0x37)[0x2accfc065387]
[eu-ms-010-04:29085] [ 2] /usr/lib64/libc.so.6(abort+0x148)[0x2accfc066a78]
[eu-ms-010-04:29085] [ 3] /usr/lib64/libpthread.so.0(+0xf630)[0x2b63b8544630]
[eu-ms-020-36:10906] [ 1] /cluster/spack/apps/linux-centos7-x86_64/gcc-4.8.5/gcc-9.3.0-mjmsvu3362usxjr7tas4ywkd2e4ko5x3/lib64/libstdc++.so.6(+0xa4b56)[0x2adaaf600b56]
[eu-ms-010-45:05796] [ 5] [eu-ms-010-13:29814] [ 2] /usr/lib64/libc.so.6(abort+0x148)[0x2b60c989ca78]
[eu-ms-010-13:29814] [ 3] /cluster/spack/apps/linux-centos7-x86_64/gcc-4.8.5/gcc-9.3.0-mjmsvu3362usxjr7tas4ywkd2e4ko5x3/lib64/libstdc++.so.6(+0x99133)[0x2accfb5b8133]
[eu-ms-010-04:29085] [ 4] /usr/lib64/libc.so.6(gsignal+0x37)[0x2b63b8787387]
[eu-ms-020-36:10906] [ 2] /usr/lib64/libc.so.6(abort+0x148)[0x2b63b8788a78]
[eu-ms-020-36:10906] [ 3] /cluster/spack/apps/linux-centos7-x86_64/gcc-4.8.5/gcc-9.3.0-mjmsvu3362usxjr7tas4ywkd2e4ko5x3/lib64/libstdc++.so.6(+0xa4bc1)[0x2adaaf600bc1]
[eu-ms-010-45:05796] [ 6] /cluster/spack/apps/linux-centos7-x86_64/gcc-4.8.5/gcc-9.3.0-mjmsvu3362usxjr7tas4ywkd2e4ko5x3/lib64/libstdc++.so.6(+0xa4e14)[0x2adaaf600e14]
/cluster/spack/apps/linux-centos7-x86_64/gcc-4.8.5/gcc-9.3.0-mjmsvu3362usxjr7tas4ywkd2e4ko5x3/lib64/libstdc++.so.6(+0x99133)[0x2b60c8dee133]
[eu-ms-010-13:29814] [ 4] /cluster/spack/apps/linux-centos7-x86_64/gcc-4.8.5/gcc-9.3.0-mjmsvu3362usxjr7tas4ywkd2e4ko5x3/lib64/libstdc++.so.6(+0xa4b56)[0x2accfb5c3b56]
[eu-ms-010-04:29085] [ 5] /cluster/spack/apps/linux-centos7-x86_64/gcc-4.8.5/gcc-9.3.0-mjmsvu3362usxjr7tas4ywkd2e4ko5x3/lib64/libstdc++.so.6(+0x99133)[0x2b63b7cda133]
[eu-ms-020-36:10906] [ 4] [eu-ms-010-45:05796] [ 7] code/build_output/main[0x40bcae]
[eu-ms-010-45:05796] [ 8] code/build_output/main[0x41a2d8]
[eu-ms-010-45:05796] [ 9] code/build_output/main[0x40c440]
[eu-ms-010-45:05796] [10] /cluster/spack/apps/linux-centos7-x86_64/gcc-4.8.5/gcc-9.3.0-mjmsvu3362usxjr7tas4ywkd2e4ko5x3/lib64/libstdc++.so.6(+0xa4b56)[0x2b60c8df9b56]
[eu-ms-010-13:29814] [ 5] /cluster/spack/apps/linux-centos7-x86_64/gcc-4.8.5/gcc-9.3.0-mjmsvu3362usxjr7tas4ywkd2e4ko5x3/lib64/libstdc++.so.6(+0xa4bc1)[0x2accfb5c3bc1]
[eu-ms-010-04:29085] [ 6] /cluster/spack/apps/linux-centos7-x86_64/gcc-4.8.5/gcc-9.3.0-mjmsvu3362usxjr7tas4ywkd2e4ko5x3/lib64/libstdc++.so.6(+0xa4e14)[0x2accfb5c3e14]
[eu-ms-010-04:29085] [ 7] /cluster/spack/apps/linux-centos7-x86_64/gcc-4.8.5/gcc-9.3.0-mjmsvu3362usxjr7tas4ywkd2e4ko5x3/lib64/libstdc++.so.6(+0xa4b56)[0x2b63b7ce5b56]
[eu-ms-020-36:10906] [ 5] /usr/lib64/libc.so.6(__libc_start_main+0xf5)[0x2adab008e555]
[eu-ms-010-45:05796] [11] code/build_output/main[0x40dc6f]
[eu-ms-010-45:05796] *** End of error message ***
/cluster/spack/apps/linux-centos7-x86_64/gcc-4.8.5/gcc-9.3.0-mjmsvu3362usxjr7tas4ywkd2e4ko5x3/lib64/libstdc++.so.6(+0xa4bc1)[0x2b60c8df9bc1]
[eu-ms-010-13:29814] [ 6] code/build_output/main[0x40bcae]
[eu-ms-010-04:29085] [ 8] code/build_output/main[0x41a2d8]
[eu-ms-010-04:29085] [ 9] code/build_output/main[0x40c440]
[eu-ms-010-04:29085] [10] /cluster/spack/apps/linux-centos7-x86_64/gcc-4.8.5/gcc-9.3.0-mjmsvu3362usxjr7tas4ywkd2e4ko5x3/lib64/libstdc++.so.6(+0xa4bc1)[0x2b63b7ce5bc1]
[eu-ms-020-36:10906] [ 6] /cluster/spack/apps/linux-centos7-x86_64/gcc-4.8.5/gcc-9.3.0-mjmsvu3362usxjr7tas4ywkd2e4ko5x3/lib64/libstdc++.so.6(+0xa4e14)[0x2b63b7ce5e14]
/cluster/spack/apps/linux-centos7-x86_64/gcc-4.8.5/gcc-9.3.0-mjmsvu3362usxjr7tas4ywkd2e4ko5x3/lib64/libstdc++.so.6(+0xa4e14)[0x2b60c8df9e14]
[eu-ms-010-13:29814] [ 7] code/build_output/main[0x40bcae]
[eu-ms-010-13:29814] [ 8] code/build_output/main[0x41a2d8]
[eu-ms-010-13:29814] [ 9] code/build_output/main[0x40c440]
[eu-ms-010-13:29814] [10] /usr/lib64/libc.so.6(__libc_start_main+0xf5)[0x2accfc051555]
[eu-ms-010-04:29085] [11] code/build_output/main[0x40dc6f]
[eu-ms-010-04:29085] *** End of error message ***
[eu-ms-020-36:10906] [ 7] code/build_output/main[0x40bcae]
[eu-ms-020-36:10906] [ 8] code/build_output/main[0x41a2d8]
[eu-ms-020-36:10906] [ 9] code/build_output/main[0x40c440]
[eu-ms-020-36:10906] [10] /usr/lib64/libc.so.6(__libc_start_main+0xf5)[0x2b60c9887555]
[eu-ms-010-13:29814] [11] code/build_output/main[0x40dc6f]
[eu-ms-010-13:29814] *** End of error message ***
/usr/lib64/libc.so.6(__libc_start_main+0xf5)[0x2b63b8773555]
[eu-ms-020-36:10906] [11] code/build_output/main[0x40dc6f]
[eu-ms-020-36:10906] *** End of error message ***
terminate called after throwing an instance of 'std::runtime_error'
terminate called after throwing an instance of 'std::runtime_error'
  what():  Starting Rabenseifner-Gather more processes (32) than rows (b.size() = 16)
[eu-ms-010-24:02408] *** Process received signal ***
[eu-ms-010-24:02408] Signal: Aborted (6)
[eu-ms-010-24:02408] Signal code:  (-6)
  what():  Starting Rabenseifner-Gather more processes (32) than rows (b.size() = 16)
[eu-ms-010-12:08499] *** Process received signal ***
[eu-ms-010-12:08499] Signal: Aborted (6)
[eu-ms-010-12:08499] Signal code:  (-6)
[eu-ms-010-24:02408] [ 0] [eu-ms-010-12:08499] [ 0] /usr/lib64/libpthread.so.0(+0xf630)[0x2b51bb777630]
[eu-ms-010-24:02408] [ 1] /usr/lib64/libpthread.so.0(+0xf630)[0x2aaff0b9c630]
[eu-ms-010-12:08499] [ 1] /usr/lib64/libc.so.6(gsignal+0x37)[0x2b51bb9ba387]
[eu-ms-010-24:02408] [ 2] /usr/lib64/libc.so.6(abort+0x148)[0x2b51bb9bba78]
[eu-ms-010-24:02408] [ 3] /usr/lib64/libc.so.6(gsignal+0x37)[0x2aaff0ddf387]
[eu-ms-010-12:08499] [ 2] /cluster/spack/apps/linux-centos7-x86_64/gcc-4.8.5/gcc-9.3.0-mjmsvu3362usxjr7tas4ywkd2e4ko5x3/lib64/libstdc++.so.6(+0x99133)[0x2b51baf0d133]
[eu-ms-010-24:02408] [ 4] /usr/lib64/libc.so.6(abort+0x148)[0x2aaff0de0a78]
[eu-ms-010-12:08499] [ 3] /cluster/spack/apps/linux-centos7-x86_64/gcc-4.8.5/gcc-9.3.0-mjmsvu3362usxjr7tas4ywkd2e4ko5x3/lib64/libstdc++.so.6(+0xa4b56)[0x2b51baf18b56]
[eu-ms-010-24:02408] [ 5] /cluster/spack/apps/linux-centos7-x86_64/gcc-4.8.5/gcc-9.3.0-mjmsvu3362usxjr7tas4ywkd2e4ko5x3/lib64/libstdc++.so.6(+0x99133)[0x2aaff0332133]
[eu-ms-010-12:08499] [ 4] /cluster/spack/apps/linux-centos7-x86_64/gcc-4.8.5/gcc-9.3.0-mjmsvu3362usxjr7tas4ywkd2e4ko5x3/lib64/libstdc++.so.6(+0xa4b56)[0x2aaff033db56]
[eu-ms-010-12:08499] [ 5] /cluster/spack/apps/linux-centos7-x86_64/gcc-4.8.5/gcc-9.3.0-mjmsvu3362usxjr7tas4ywkd2e4ko5x3/lib64/libstdc++.so.6(+0xa4bc1)[0x2b51baf18bc1]
[eu-ms-010-24:02408] [ 6] /cluster/spack/apps/linux-centos7-x86_64/gcc-4.8.5/gcc-9.3.0-mjmsvu3362usxjr7tas4ywkd2e4ko5x3/lib64/libstdc++.so.6(+0xa4e14)[0x2b51baf18e14]
[eu-ms-010-24:02408] [ 7] code/build_output/main[0x40bcae]
[eu-ms-010-24:02408] [ 8] code/build_output/main[0x41a2d8]
[eu-ms-010-24:02408] [ 9] code/build_output/main[0x40c440]
[eu-ms-010-24:02408] [10] /cluster/spack/apps/linux-centos7-x86_64/gcc-4.8.5/gcc-9.3.0-mjmsvu3362usxjr7tas4ywkd2e4ko5x3/lib64/libstdc++.so.6(+0xa4bc1)[0x2aaff033dbc1]
[eu-ms-010-12:08499] [ 6] /usr/lib64/libc.so.6(__libc_start_main+0xf5)[0x2b51bb9a6555]
[eu-ms-010-24:02408] [11] code/build_output/main[0x40dc6f]
[eu-ms-010-24:02408] *** End of error message ***
/cluster/spack/apps/linux-centos7-x86_64/gcc-4.8.5/gcc-9.3.0-mjmsvu3362usxjr7tas4ywkd2e4ko5x3/lib64/libstdc++.so.6(+0xa4e14)[0x2aaff033de14]
[eu-ms-010-12:08499] [ 7] code/build_output/main[0x40bcae]
[eu-ms-010-12:08499] [ 8] code/build_output/main[0x41a2d8]
[eu-ms-010-12:08499] [ 9] code/build_output/main[0x40c440]
[eu-ms-010-12:08499] [10] /usr/lib64/libc.so.6(__libc_start_main+0xf5)[0x2aaff0dcb555]
[eu-ms-010-12:08499] [11] code/build_output/main[0x40dc6f]
[eu-ms-010-12:08499] *** End of error message ***
terminate called after throwing an instance of 'std::runtime_error'
terminate called after throwing an instance of 'std::runtime_error'
  what():  Starting Rabenseifner-Gather more processes (32) than rows (b.size() = 16)
[eu-ms-010-18:04455] *** Process received signal ***
[eu-ms-010-18:04455] Signal: Aborted (6)
[eu-ms-010-18:04455] Signal code:  (-6)
  what():  Starting Rabenseifner-Gather more processes (32) than rows (b.size() = 16)
[eu-ms-010-21:26435] *** Process received signal ***
[eu-ms-010-21:26435] Signal: Aborted (6)
[eu-ms-010-21:26435] Signal code:  (-6)
[eu-ms-010-18:04455] [ 0] [eu-ms-010-21:26435] [ 0] /usr/lib64/libpthread.so.0(+0xf630)[0x2b57170c4630]
[eu-ms-010-18:04455] [ 1] /usr/lib64/libc.so.6(gsignal+0x37)[0x2b5717307387]
/usr/lib64/libpthread.so.0(+0xf630)[0x2b396a05e630]
[eu-ms-010-21:26435] [ 1] [eu-ms-010-18:04455] [ 2] /usr/lib64/libc.so.6(abort+0x148)[0x2b5717308a78]
[eu-ms-010-18:04455] [ 3] /usr/lib64/libc.so.6(gsignal+0x37)[0x2b396a2a1387]
[eu-ms-010-21:26435] [ 2] /usr/lib64/libc.so.6(abort+0x148)[0x2b396a2a2a78]
[eu-ms-010-21:26435] [ 3] /cluster/spack/apps/linux-centos7-x86_64/gcc-4.8.5/gcc-9.3.0-mjmsvu3362usxjr7tas4ywkd2e4ko5x3/lib64/libstdc++.so.6(+0x99133)[0x2b571685a133]
[eu-ms-010-18:04455] [ 4] /cluster/spack/apps/linux-centos7-x86_64/gcc-4.8.5/gcc-9.3.0-mjmsvu3362usxjr7tas4ywkd2e4ko5x3/lib64/libstdc++.so.6(+0x99133)[0x2b39697f4133]
[eu-ms-010-21:26435] [ 4] /cluster/spack/apps/linux-centos7-x86_64/gcc-4.8.5/gcc-9.3.0-mjmsvu3362usxjr7tas4ywkd2e4ko5x3/lib64/libstdc++.so.6(+0xa4b56)[0x2b5716865b56]
[eu-ms-010-18:04455] [ 5] /cluster/spack/apps/linux-centos7-x86_64/gcc-4.8.5/gcc-9.3.0-mjmsvu3362usxjr7tas4ywkd2e4ko5x3/lib64/libstdc++.so.6(+0xa4b56)[0x2b39697ffb56]
[eu-ms-010-21:26435] [ 5] /cluster/spack/apps/linux-centos7-x86_64/gcc-4.8.5/gcc-9.3.0-mjmsvu3362usxjr7tas4ywkd2e4ko5x3/lib64/libstdc++.so.6(+0xa4bc1)[0x2b5716865bc1]
[eu-ms-010-18:04455] [ 6] /cluster/spack/apps/linux-centos7-x86_64/gcc-4.8.5/gcc-9.3.0-mjmsvu3362usxjr7tas4ywkd2e4ko5x3/lib64/libstdc++.so.6(+0xa4e14)[0x2b5716865e14]
[eu-ms-010-18:04455] [ 7] /cluster/spack/apps/linux-centos7-x86_64/gcc-4.8.5/gcc-9.3.0-mjmsvu3362usxjr7tas4ywkd2e4ko5x3/lib64/libstdc++.so.6(+0xa4bc1)[0x2b39697ffbc1]
[eu-ms-010-21:26435] [ 6] code/build_output/main[0x40bcae]
[eu-ms-010-18:04455] [ 8] code/build_output/main[0x41a2d8]
[eu-ms-010-18:04455] [ 9] code/build_output/main[0x40c440]
[eu-ms-010-18:04455] [10] /cluster/spack/apps/linux-centos7-x86_64/gcc-4.8.5/gcc-9.3.0-mjmsvu3362usxjr7tas4ywkd2e4ko5x3/lib64/libstdc++.so.6(+0xa4e14)[0x2b39697ffe14]
[eu-ms-010-21:26435] [ 7] code/build_output/main[0x40bcae]
[eu-ms-010-21:26435] [ 8] code/build_output/main[0x41a2d8]
[eu-ms-010-21:26435] [ 9] code/build_output/main[0x40c440]
[eu-ms-010-21:26435] /usr/lib64/libc.so.6(__libc_start_main+0xf5)[0x2b57172f3555]
[eu-ms-010-18:04455] [11] code/build_output/main[0x40dc6f]
[eu-ms-010-18:04455] *** End of error message ***
[10] /usr/lib64/libc.so.6(__libc_start_main+0xf5)[0x2b396a28d555]
[eu-ms-010-21:26435] [11] code/build_output/main[0x40dc6f]
[eu-ms-010-21:26435] *** End of error message ***
terminate called after throwing an instance of 'std::runtime_error'
terminate called after throwing an instance of 'std::runtime_error'
  what():  Starting Rabenseifner-Gather more processes (32) than rows (b.size() = 16)
[eu-ms-010-22:07883] *** Process received signal ***
[eu-ms-010-22:07883] Signal: Aborted (6)
[eu-ms-010-22:07883] Signal code:  (-6)
  what():  Starting Rabenseifner-Gather more processes (32) than rows (b.size() = 16)
[eu-ms-010-28:19621] *** Process received signal ***
[eu-ms-010-28:19621] Signal: Aborted (6)
[eu-ms-010-28:19621] Signal code:  (-6)
[eu-ms-010-28:19621] [ 0] [eu-ms-010-22:07883] [ 0] /usr/lib64/libpthread.so.0(+0xf630)[0x2ba82630a630]
[eu-ms-010-28:19621] [ 1] /usr/lib64/libc.so.6(gsignal+0x37)[0x2ba82654d387]
/usr/lib64/libpthread.so.0(+0xf630)[0x2ac67837a630]
[eu-ms-010-22:07883] [ 1] terminate called after throwing an instance of 'std::runtime_error'
[eu-ms-010-28:19621] [ 2] /usr/lib64/libc.so.6(abort+0x148)[0x2ba82654ea78]
[eu-ms-010-28:19621] /usr/lib64/libc.so.6(gsignal+0x37)[0x2ac6785bd387]
[eu-ms-010-22:07883] [ 2] /usr/lib64/libc.so.6(abort+0x148)[0x2ac6785bea78]
[eu-ms-010-22:07883] [ 3]   what():  Starting Rabenseifner-Gather more processes (32) than rows (b.size() = 16)
[eu-ms-010-30:32494] *** Process received signal ***
[eu-ms-010-30:32494] Signal: Aborted (6)
[eu-ms-010-30:32494] Signal code:  (-6)
terminate called after throwing an instance of 'std::runtime_error'
[ 3] /cluster/spack/apps/linux-centos7-x86_64/gcc-4.8.5/gcc-9.3.0-mjmsvu3362usxjr7tas4ywkd2e4ko5x3/lib64/libstdc++.so.6(+0x99133)[0x2ba825aa0133]
/cluster/spack/apps/linux-centos7-x86_64/gcc-4.8.5/gcc-9.3.0-mjmsvu3362usxjr7tas4ywkd2e4ko5x3/lib64/libstdc++.so.6(+0x99133)[0x2ac677b10133]
[eu-ms-010-22:07883] [ 4] [eu-ms-010-30:32494] [ 0]   what():  Starting Rabenseifner-Gather more processes (32) than rows (b.size() = 16)
[eu-ms-010-39:16240] *** Process received signal ***
[eu-ms-010-39:16240] Signal: Aborted (6)
[eu-ms-010-39:16240] Signal code:  (-6)
[eu-ms-010-28:19621] [ 4] /cluster/spack/apps/linux-centos7-x86_64/gcc-4.8.5/gcc-9.3.0-mjmsvu3362usxjr7tas4ywkd2e4ko5x3/lib64/libstdc++.so.6(+0xa4b56)[0x2ba825aabb56]
[eu-ms-010-28:19621] [ 5] /cluster/spack/apps/linux-centos7-x86_64/gcc-4.8.5/gcc-9.3.0-mjmsvu3362usxjr7tas4ywkd2e4ko5x3/lib64/libstdc++.so.6(+0xa4b56)[0x2ac677b1bb56]
[eu-ms-010-22:07883] [ 5] /usr/lib64/libpthread.so.0(+0xf630)[0x2b30f86f4630]
[eu-ms-010-30:32494] [ 1] [eu-ms-010-39:16240] [ 0] /cluster/spack/apps/linux-centos7-x86_64/gcc-4.8.5/gcc-9.3.0-mjmsvu3362usxjr7tas4ywkd2e4ko5x3/lib64/libstdc++.so.6(+0xa4bc1)[0x2ba825aabbc1]
[eu-ms-010-28:19621] [ 6] /cluster/spack/apps/linux-centos7-x86_64/gcc-4.8.5/gcc-9.3.0-mjmsvu3362usxjr7tas4ywkd2e4ko5x3/lib64/libstdc++.so.6(+0xa4bc1)[0x2ac677b1bbc1]
[eu-ms-010-22:07883] [ 6] /usr/lib64/libc.so.6(gsignal+0x37)[0x2b30f8937387]
[eu-ms-010-30:32494] [ 2] /usr/lib64/libc.so.6(abort+0x148)[0x2b30f8938a78]
/usr/lib64/libpthread.so.0(+0xf630)[0x2b599f366630]
[eu-ms-010-39:16240] [ 1] /cluster/spack/apps/linux-centos7-x86_64/gcc-4.8.5/gcc-9.3.0-mjmsvu3362usxjr7tas4ywkd2e4ko5x3/lib64/libstdc++.so.6(+0xa4e14)[0x2ba825aabe14]
[eu-ms-010-28:19621] [ 7] code/build_output/main[0x40bcae]
[eu-ms-010-28:19621] [ 8] /cluster/spack/apps/linux-centos7-x86_64/gcc-4.8.5/gcc-9.3.0-mjmsvu3362usxjr7tas4ywkd2e4ko5x3/lib64/libstdc++.so.6(+0xa4e14)[0x2ac677b1be14]
[eu-ms-010-22:07883] [ 7] code/build_output/main[0x40bcae]
[eu-ms-010-22:07883] [ 8] code/build_output/main[0x41a2d8]
[eu-ms-010-22:07883] [ 9] code/build_output/main[0x40c440]
[eu-ms-010-22:07883] [10] [eu-ms-010-30:32494] [ 3] /cluster/spack/apps/linux-centos7-x86_64/gcc-4.8.5/gcc-9.3.0-mjmsvu3362usxjr7tas4ywkd2e4ko5x3/lib64/libstdc++.so.6(+0x99133)[0x2b30f7e8a133]
[eu-ms-010-30:32494] [ 4] /usr/lib64/libc.so.6(gsignal+0x37)[0x2b599f5a9387]
[eu-ms-010-39:16240] [ 2] /usr/lib64/libc.so.6(abort+0x148)[0x2b599f5aaa78]
[eu-ms-010-39:16240] code/build_output/main[0x41a2d8]
[eu-ms-010-28:19621] [ 9] code/build_output/main[0x40c440]
[eu-ms-010-28:19621] [10] /usr/lib64/libc.so.6(__libc_start_main+0xf5)[0x2ac6785a9555]
[eu-ms-010-22:07883] [11] code/build_output/main[0x40dc6f]
[eu-ms-010-22:07883] *** End of error message ***
/cluster/spack/apps/linux-centos7-x86_64/gcc-4.8.5/gcc-9.3.0-mjmsvu3362usxjr7tas4ywkd2e4ko5x3/lib64/libstdc++.so.6(+0xa4b56)[0x2b30f7e95b56]
[eu-ms-010-30:32494] [ 5] [ 3] /cluster/spack/apps/linux-centos7-x86_64/gcc-4.8.5/gcc-9.3.0-mjmsvu3362usxjr7tas4ywkd2e4ko5x3/lib64/libstdc++.so.6(+0x99133)[0x2b599eafc133]
[eu-ms-010-39:16240] [ 4] /usr/lib64/libc.so.6(__libc_start_main+0xf5)[0x2ba826539555]
[eu-ms-010-28:19621] [11] code/build_output/main[0x40dc6f]
[eu-ms-010-28:19621] *** End of error message ***
/cluster/spack/apps/linux-centos7-x86_64/gcc-4.8.5/gcc-9.3.0-mjmsvu3362usxjr7tas4ywkd2e4ko5x3/lib64/libstdc++.so.6(+0xa4bc1)[0x2b30f7e95bc1]
[eu-ms-010-30:32494] [ 6] /cluster/spack/apps/linux-centos7-x86_64/gcc-4.8.5/gcc-9.3.0-mjmsvu3362usxjr7tas4ywkd2e4ko5x3/lib64/libstdc++.so.6(+0xa4b56)[0x2b599eb07b56]
[eu-ms-010-39:16240] [ 5] /cluster/spack/apps/linux-centos7-x86_64/gcc-4.8.5/gcc-9.3.0-mjmsvu3362usxjr7tas4ywkd2e4ko5x3/lib64/libstdc++.so.6(+0xa4e14)[0x2b30f7e95e14]
[eu-ms-010-30:32494] [ 7] code/build_output/main[0x40bcae]
[eu-ms-010-30:32494] [ 8] code/build_output/main[0x41a2d8]
[eu-ms-010-30:32494] [ 9] code/build_output/main[0x40c440]
[eu-ms-010-30:32494] [10] /cluster/spack/apps/linux-centos7-x86_64/gcc-4.8.5/gcc-9.3.0-mjmsvu3362usxjr7tas4ywkd2e4ko5x3/lib64/libstdc++.so.6(+0xa4bc1)[0x2b599eb07bc1]
[eu-ms-010-39:16240] [ 6] /usr/lib64/libc.so.6(__libc_start_main+0xf5)[0x2b30f8923555]
[eu-ms-010-30:32494] [11] code/build_output/main[0x40dc6f]
[eu-ms-010-30:32494] *** End of error message ***
/cluster/spack/apps/linux-centos7-x86_64/gcc-4.8.5/gcc-9.3.0-mjmsvu3362usxjr7tas4ywkd2e4ko5x3/lib64/libstdc++.so.6(+0xa4e14)[0x2b599eb07e14]
[eu-ms-010-39:16240] [ 7] code/build_output/main[0x40bcae]
[eu-ms-010-39:16240] [ 8] code/build_output/main[0x41a2d8]
[eu-ms-010-39:16240] [ 9] code/build_output/main[0x40c440]
[eu-ms-010-39:16240] [10] /usr/lib64/libc.so.6(__libc_start_main+0xf5)[0x2b599f595555]
[eu-ms-010-39:16240] [11] code/build_output/main[0x40dc6f]
[eu-ms-010-39:16240] *** End of error message ***
terminate called after throwing an instance of 'std::runtime_error'
  what():  Starting Rabenseifner-Gather more processes (32) than rows (b.size() = 16)
[eu-ms-010-38:22405] *** Process received signal ***
[eu-ms-010-38:22405] Signal: Aborted (6)
[eu-ms-010-38:22405] Signal code:  (-6)
terminate called after throwing an instance of 'std::runtime_error'
  what():  Starting Rabenseifner-Gather more processes (32) than rows (b.size() = 16)
[eu-ms-010-36:07632] *** Process received signal ***
[eu-ms-010-36:07632] Signal: Aborted (6)
[eu-ms-010-36:07632] Signal code:  (-6)
terminate called after throwing an instance of 'std::runtime_error'
[eu-ms-010-38:22405] [ 0]   what():  Starting Rabenseifner-Gather more processes (32) than rows (b.size() = 16)
[eu-ms-010-27:15088] *** Process received signal ***
[eu-ms-010-27:15088] Signal: Aborted (6)
[eu-ms-010-27:15088] Signal code:  (-6)
terminate called after throwing an instance of 'std::runtime_error'
/usr/lib64/libpthread.so.0(+0xf630)[0x2abf18a36630]
[eu-ms-010-38:22405] [ 1] terminate called after throwing an instance of 'std::runtime_error'
[eu-ms-010-36:07632] [ 0] terminate called after throwing an instance of 'std::runtime_error'
  what():  Starting Rabenseifner-Gather more processes (32) than rows (b.size() = 16)
[eu-ms-020-23:04543] *** Process received signal ***
/usr/lib64/libc.so.6(gsignal+0x37)[0x2abf18c79387]
[eu-ms-010-38:22405] [ 2] /usr/lib64/libc.so.6(abort+0x148)[0x2abf18c7aa78]
[eu-ms-010-38:22405]   what():  Starting Rabenseifner-Gather more processes (32) than rows (b.size() = 16)
/usr/lib64/libpthread.so.0(+0xf630)[0x2ae8a9f64630]
[eu-ms-010-36:07632] [ 1]   what():  Starting Rabenseifner-Gather more processes (32) than rows (b.size() = 16)
[eu-ms-010-26:26898] *** Process received signal ***
[eu-ms-010-26:26898] Signal: Aborted (6)
[eu-ms-010-26:26898] Signal code:  (-6)
terminate called after throwing an instance of 'std::runtime_error'
terminate called after throwing an instance of 'std::runtime_error'
[eu-ms-010-27:15088] [ 0] [eu-ms-020-23:04543] Signal: Aborted (6)
[eu-ms-020-23:04543] Signal code:  (-6)
[ 3] /cluster/spack/apps/linux-centos7-x86_64/gcc-4.8.5/gcc-9.3.0-mjmsvu3362usxjr7tas4ywkd2e4ko5x3/lib64/libstdc++.so.6(+0x99133)[0x2abf181cc133]
[eu-ms-010-38:22405] [ 4] [eu-ms-010-09:20005] *** Process received signal ***
[eu-ms-010-09:20005] Signal: Aborted (6)
[eu-ms-010-09:20005] Signal code:  (-6)
/usr/lib64/libc.so.6(gsignal+0x37)[0x2ae8aa1a7387]
[eu-ms-010-36:07632] [ 2] /usr/lib64/libc.so.6(abort+0x148)[0x2ae8aa1a8a78]
[eu-ms-010-36:07632] [ 3] [eu-ms-010-26:26898] [ 0]   what():  Starting Rabenseifner-Gather more processes (32) than rows (b.size() = 16)
[eu-ms-010-17:03530] *** Process received signal ***
  what():  Starting Rabenseifner-Gather more processes (32) than rows (b.size() = 16)
[eu-ms-010-20:09012] *** Process received signal ***
[eu-ms-010-20:09012] Signal: Aborted (6)
[eu-ms-010-20:09012] Signal code:  (-6)
/usr/lib64/libpthread.so.0(+0xf630)[0x2b4cd4709630]
[eu-ms-010-27:15088] [ 1] [eu-ms-020-23:04543] [ 0] /cluster/spack/apps/linux-centos7-x86_64/gcc-4.8.5/gcc-9.3.0-mjmsvu3362usxjr7tas4ywkd2e4ko5x3/lib64/libstdc++.so.6(+0xa4b56)[0x2abf181d7b56]
[eu-ms-010-38:22405] [ 5] [eu-ms-010-09:20005] [ 0] /cluster/spack/apps/linux-centos7-x86_64/gcc-4.8.5/gcc-9.3.0-mjmsvu3362usxjr7tas4ywkd2e4ko5x3/lib64/libstdc++.so.6(+0x99133)[0x2ae8a96fa133]
[eu-ms-010-36:07632] [ 4] /usr/lib64/libpthread.so.0(+0xf630)[0x2b1eedd41630]
[eu-ms-010-26:26898] [ 1] [eu-ms-010-17:03530] Signal: Aborted (6)
[eu-ms-010-17:03530] Signal code:  (-6)
[eu-ms-010-20:09012] [ 0] /usr/lib64/libc.so.6(gsignal+0x37)[0x2b4cd494c387]
[eu-ms-010-27:15088] [ 2] /usr/lib64/libc.so.6(abort+0x148)[0x2b4cd494da78]
[eu-ms-010-27:15088] [ 3] /usr/lib64/libpthread.so.0(+0xf630)[0x2b32be306630]
[eu-ms-020-23:04543] [ 1] /cluster/spack/apps/linux-centos7-x86_64/gcc-4.8.5/gcc-9.3.0-mjmsvu3362usxjr7tas4ywkd2e4ko5x3/lib64/libstdc++.so.6(+0xa4bc1)[0x2abf181d7bc1]
[eu-ms-010-38:22405] [ 6] /usr/lib64/libpthread.so.0(+0xf630)[0x2af95e213630]
[eu-ms-010-09:20005] [ 1] /cluster/spack/apps/linux-centos7-x86_64/gcc-4.8.5/gcc-9.3.0-mjmsvu3362usxjr7tas4ywkd2e4ko5x3/lib64/libstdc++.so.6(+0xa4b56)[0x2ae8a9705b56]
[eu-ms-010-36:07632] [ 5] /usr/lib64/libc.so.6(gsignal+0x37)[0x2b1eedf84387]
[eu-ms-010-26:26898] [ 2] /usr/lib64/libc.so.6(abort+0x148)[0x2b1eedf85a78]
[eu-ms-010-26:26898] [ 3] [eu-ms-010-17:03530] [ 0] /usr/lib64/libpthread.so.0(+0xf630)[0x2b099556e630]
[eu-ms-010-20:09012] [ 1] /usr/lib64/libc.so.6(gsignal+0x37)[0x2b09957b1387]
/cluster/spack/apps/linux-centos7-x86_64/gcc-4.8.5/gcc-9.3.0-mjmsvu3362usxjr7tas4ywkd2e4ko5x3/lib64/libstdc++.so.6(+0x99133)[0x2b4cd3e9f133]
[eu-ms-010-27:15088] [ 4] /usr/lib64/libc.so.6(gsignal+0x37)[0x2b32be549387]
[eu-ms-020-23:04543] [ 2] /usr/lib64/libc.so.6(abort+0x148)[0x2b32be54aa78]
/cluster/spack/apps/linux-centos7-x86_64/gcc-4.8.5/gcc-9.3.0-mjmsvu3362usxjr7tas4ywkd2e4ko5x3/lib64/libstdc++.so.6(+0xa4e14)[0x2abf181d7e14]
[eu-ms-010-38:22405] [ 7] code/build_output/main[0x40bcae]
[eu-ms-010-38:22405] [ 8] code/build_output/main[0x41a2d8]
[eu-ms-010-38:22405] [ 9] code/build_output/main[0x40c440]
[eu-ms-010-38:22405] [10] /usr/lib64/libc.so.6(gsignal+0x37)[0x2af95e456387]
[eu-ms-010-09:20005] [ 2] /cluster/spack/apps/linux-centos7-x86_64/gcc-4.8.5/gcc-9.3.0-mjmsvu3362usxjr7tas4ywkd2e4ko5x3/lib64/libstdc++.so.6(+0xa4bc1)[0x2ae8a9705bc1]
[eu-ms-010-36:07632] [ 6] /cluster/spack/apps/linux-centos7-x86_64/gcc-4.8.5/gcc-9.3.0-mjmsvu3362usxjr7tas4ywkd2e4ko5x3/lib64/libstdc++.so.6(+0x99133)[0x2b1eed4d7133]
[eu-ms-010-26:26898] [ 4] /usr/lib64/libpthread.so.0(+0xf630)[0x2ab7db360630]
[eu-ms-010-17:03530] [ 1] [eu-ms-010-20:09012] [ 2] /usr/lib64/libc.so.6(abort+0x148)[0x2b09957b2a78]
[eu-ms-010-20:09012] [ 3] /cluster/spack/apps/linux-centos7-x86_64/gcc-4.8.5/gcc-9.3.0-mjmsvu3362usxjr7tas4ywkd2e4ko5x3/lib64/libstdc++.so.6(+0xa4b56)[0x2b4cd3eaab56]
[eu-ms-010-27:15088] [ 5] [eu-ms-020-23:04543] [ 3] /cluster/spack/apps/linux-centos7-x86_64/gcc-4.8.5/gcc-9.3.0-mjmsvu3362usxjr7tas4ywkd2e4ko5x3/lib64/libstdc++.so.6(+0x99133)[0x2b32bda9c133]
[eu-ms-020-23:04543] [ 4] /usr/lib64/libc.so.6(__libc_start_main+0xf5)[0x2abf18c65555]
[eu-ms-010-38:22405] [11] code/build_output/main[0x40dc6f]
[eu-ms-010-38:22405] *** End of error message ***
/usr/lib64/libc.so.6(abort+0x148)[0x2af95e457a78]
[eu-ms-010-09:20005] [ 3] /cluster/spack/apps/linux-centos7-x86_64/gcc-4.8.5/gcc-9.3.0-mjmsvu3362usxjr7tas4ywkd2e4ko5x3/lib64/libstdc++.so.6(+0x99133)[0x2af95d9a9133]
[eu-ms-010-09:20005] [ 4] /cluster/spack/apps/linux-centos7-x86_64/gcc-4.8.5/gcc-9.3.0-mjmsvu3362usxjr7tas4ywkd2e4ko5x3/lib64/libstdc++.so.6(+0xa4e14)[0x2ae8a9705e14]
[eu-ms-010-36:07632] [ 7] code/build_output/main[0x40bcae]
[eu-ms-010-36:07632] [ 8] code/build_output/main[0x41a2d8]
[eu-ms-010-36:07632] [ 9] code/build_output/main[0x40c440]
[eu-ms-010-36:07632] [10] /cluster/spack/apps/linux-centos7-x86_64/gcc-4.8.5/gcc-9.3.0-mjmsvu3362usxjr7tas4ywkd2e4ko5x3/lib64/libstdc++.so.6(+0xa4b56)[0x2b1eed4e2b56]
[eu-ms-010-26:26898] [ 5] /usr/lib64/libc.so.6(gsignal+0x37)[0x2ab7db5a3387]
[eu-ms-010-17:03530] [ 2] /usr/lib64/libc.so.6(abort+0x148)[0x2ab7db5a4a78]
/cluster/spack/apps/linux-centos7-x86_64/gcc-4.8.5/gcc-9.3.0-mjmsvu3362usxjr7tas4ywkd2e4ko5x3/lib64/libstdc++.so.6(+0x99133)[0x2b0994d04133]
[eu-ms-010-20:09012] [ 4] /cluster/spack/apps/linux-centos7-x86_64/gcc-4.8.5/gcc-9.3.0-mjmsvu3362usxjr7tas4ywkd2e4ko5x3/lib64/libstdc++.so.6(+0xa4bc1)[0x2b4cd3eaabc1]
[eu-ms-010-27:15088] [ 6] /cluster/spack/apps/linux-centos7-x86_64/gcc-4.8.5/gcc-9.3.0-mjmsvu3362usxjr7tas4ywkd2e4ko5x3/lib64/libstdc++.so.6(+0xa4b56)[0x2b32bdaa7b56]
[eu-ms-020-23:04543] [ 5] /cluster/spack/apps/linux-centos7-x86_64/gcc-4.8.5/gcc-9.3.0-mjmsvu3362usxjr7tas4ywkd2e4ko5x3/lib64/libstdc++.so.6(+0xa4b56)[0x2af95d9b4b56]
[eu-ms-010-09:20005] [ 5] /usr/lib64/libc.so.6(__libc_start_main+0xf5)[0x2ae8aa193555]
[eu-ms-010-36:07632] [11] code/build_output/main[0x40dc6f]
[eu-ms-010-36:07632] *** End of error message ***
/cluster/spack/apps/linux-centos7-x86_64/gcc-4.8.5/gcc-9.3.0-mjmsvu3362usxjr7tas4ywkd2e4ko5x3/lib64/libstdc++.so.6(+0xa4bc1)[0x2b1eed4e2bc1]
[eu-ms-010-26:26898] [ 6] [eu-ms-010-17:03530] [ 3] /cluster/spack/apps/linux-centos7-x86_64/gcc-4.8.5/gcc-9.3.0-mjmsvu3362usxjr7tas4ywkd2e4ko5x3/lib64/libstdc++.so.6(+0x99133)[0x2ab7daaf6133]
[eu-ms-010-17:03530] [ 4] /cluster/spack/apps/linux-centos7-x86_64/gcc-4.8.5/gcc-9.3.0-mjmsvu3362usxjr7tas4ywkd2e4ko5x3/lib64/libstdc++.so.6(+0xa4b56)[0x2b0994d0fb56]
[eu-ms-010-20:09012] [ 5] /cluster/spack/apps/linux-centos7-x86_64/gcc-4.8.5/gcc-9.3.0-mjmsvu3362usxjr7tas4ywkd2e4ko5x3/lib64/libstdc++.so.6(+0xa4e14)[0x2b4cd3eaae14]
[eu-ms-010-27:15088] [ 7] code/build_output/main[0x40bcae]
[eu-ms-010-27:15088] [ 8] code/build_output/main[0x41a2d8]
[eu-ms-010-27:15088] [ 9] code/build_output/main[0x40c440]
[eu-ms-010-27:15088] [10] /cluster/spack/apps/linux-centos7-x86_64/gcc-4.8.5/gcc-9.3.0-mjmsvu3362usxjr7tas4ywkd2e4ko5x3/lib64/libstdc++.so.6(+0xa4bc1)[0x2b32bdaa7bc1]
[eu-ms-020-23:04543] [ 6] /cluster/spack/apps/linux-centos7-x86_64/gcc-4.8.5/gcc-9.3.0-mjmsvu3362usxjr7tas4ywkd2e4ko5x3/lib64/libstdc++.so.6(+0xa4bc1)[0x2af95d9b4bc1]
[eu-ms-010-09:20005] [ 6] /cluster/spack/apps/linux-centos7-x86_64/gcc-4.8.5/gcc-9.3.0-mjmsvu3362usxjr7tas4ywkd2e4ko5x3/lib64/libstdc++.so.6(+0xa4e14)[0x2b1eed4e2e14]
[eu-ms-010-26:26898] [ 7] code/build_output/main[0x40bcae]
[eu-ms-010-26:26898] [ 8] code/build_output/main[0x41a2d8]
[eu-ms-010-26:26898] [ 9] code/build_output/main[0x40c440]
[eu-ms-010-26:26898] /cluster/spack/apps/linux-centos7-x86_64/gcc-4.8.5/gcc-9.3.0-mjmsvu3362usxjr7tas4ywkd2e4ko5x3/lib64/libstdc++.so.6(+0xa4b56)[0x2ab7dab01b56]
[eu-ms-010-17:03530] [ 5] /cluster/spack/apps/linux-centos7-x86_64/gcc-4.8.5/gcc-9.3.0-mjmsvu3362usxjr7tas4ywkd2e4ko5x3/lib64/libstdc++.so.6(+0xa4bc1)[0x2b0994d0fbc1]
[eu-ms-010-20:09012] [ 6] /cluster/spack/apps/linux-centos7-x86_64/gcc-4.8.5/gcc-9.3.0-mjmsvu3362usxjr7tas4ywkd2e4ko5x3/lib64/libstdc++.so.6(+0xa4e14)[0x2b0994d0fe14]
/usr/lib64/libc.so.6(__libc_start_main+0xf5)[0x2b4cd4938555]
[eu-ms-010-27:15088] [11] code/build_output/main[0x40dc6f]
/cluster/spack/apps/linux-centos7-x86_64/gcc-4.8.5/gcc-9.3.0-mjmsvu3362usxjr7tas4ywkd2e4ko5x3/lib64/libstdc++.so.6(+0xa4e14)[0x2b32bdaa7e14]
[eu-ms-020-23:04543] [ 7] code/build_output/main[0x40bcae]
[eu-ms-020-23:04543] [ 8] code/build_output/main[0x41a2d8]
[eu-ms-020-23:04543] [ 9] code/build_output/main[0x40c440]
[eu-ms-020-23:04543] /cluster/spack/apps/linux-centos7-x86_64/gcc-4.8.5/gcc-9.3.0-mjmsvu3362usxjr7tas4ywkd2e4ko5x3/lib64/libstdc++.so.6(+0xa4e14)[0x2af95d9b4e14]
[eu-ms-010-09:20005] [ 7] code/build_output/main[0x40bcae]
[eu-ms-010-09:20005] [ 8] code/build_output/main[0x41a2d8]
[eu-ms-010-09:20005] [ 9] [10] /usr/lib64/libc.so.6(__libc_start_main+0xf5)[0x2b1eedf70555]
[eu-ms-010-26:26898] [11] /cluster/spack/apps/linux-centos7-x86_64/gcc-4.8.5/gcc-9.3.0-mjmsvu3362usxjr7tas4ywkd2e4ko5x3/lib64/libstdc++.so.6(+0xa4bc1)[0x2ab7dab01bc1]
[eu-ms-010-17:03530] [ 6] [eu-ms-010-20:09012] [ 7] code/build_output/main[0x40bcae]
[eu-ms-010-20:09012] [ 8] code/build_output/main[0x41a2d8]
[eu-ms-010-20:09012] [ 9] code/build_output/main[0x40c440]
[eu-ms-010-20:09012] [10] [eu-ms-010-27:15088] *** End of error message ***
[10] /usr/lib64/libc.so.6(__libc_start_main+0xf5)[0x2b32be535555]
[eu-ms-020-23:04543] [11] code/build_output/main[0x40c440]
[eu-ms-010-09:20005] [10] /usr/lib64/libc.so.6(__libc_start_main+0xf5)[0x2af95e442555]
[eu-ms-010-09:20005] [11] code/build_output/main[0x40dc6f]
[eu-ms-010-26:26898] *** End of error message ***
/cluster/spack/apps/linux-centos7-x86_64/gcc-4.8.5/gcc-9.3.0-mjmsvu3362usxjr7tas4ywkd2e4ko5x3/lib64/libstdc++.so.6(+0xa4e14)[0x2ab7dab01e14]
[eu-ms-010-17:03530] [ 7] code/build_output/main[0x40bcae]
[eu-ms-010-17:03530] [ 8] code/build_output/main[0x41a2d8]
[eu-ms-010-17:03530] [ 9] /usr/lib64/libc.so.6(__libc_start_main+0xf5)[0x2b099579d555]
[eu-ms-010-20:09012] [11] code/build_output/main[0x40dc6f]
[eu-ms-010-20:09012] *** End of error message ***
code/build_output/main[0x40dc6f]
[eu-ms-020-23:04543] *** End of error message ***
code/build_output/main[0x40dc6f]
[eu-ms-010-09:20005] *** End of error message ***
code/build_output/main[0x40c440]
[eu-ms-010-17:03530] [10] /usr/lib64/libc.so.6(__libc_start_main+0xf5)[0x2ab7db58f555]
[eu-ms-010-17:03530] [11] code/build_output/main[0x40dc6f]
[eu-ms-010-17:03530] *** End of error message ***
terminate called after throwing an instance of 'std::runtime_error'
terminate called after throwing an instance of 'std::runtime_error'
terminate called after throwing an instance of 'std::runtime_error'
terminate called after throwing an instance of 'std::runtime_error'
  what():  Starting Rabenseifner-Gather more processes (32) than rows (b.size() = 16)
[eu-ms-010-29:31239] *** Process received signal ***
[eu-ms-010-29:31239] Signal: Aborted (6)
[eu-ms-010-29:31239] Signal code:  (-6)
  what():  Starting Rabenseifner-Gather more processes (32) than rows (b.size() = 16)
[eu-ms-010-41:24073] *** Process received signal ***
[eu-ms-010-41:24073] Signal: Aborted (6)
[eu-ms-010-41:24073] Signal code:  (-6)
  what():  Starting Rabenseifner-Gather more processes (32) than rows (b.size() = 16)
[eu-ms-010-16:25564] *** Process received signal ***
[eu-ms-010-16:25564] Signal: Aborted (6)
[eu-ms-010-16:25564] Signal code:  (-6)
  what():  Starting Rabenseifner-Gather more processes (32) than rows (b.size() = 16)
[eu-ms-010-23:07191] *** Process received signal ***
[eu-ms-010-23:07191] Signal: Aborted (6)
[eu-ms-010-23:07191] Signal code:  (-6)
[eu-ms-010-29:31239] [ 0] [eu-ms-010-41:24073] [ 0] [eu-ms-010-16:25564] [ 0] [eu-ms-010-23:07191] [ 0] /usr/lib64/libpthread.so.0(+0xf630)[0x2b25e32a1630]
[eu-ms-010-29:31239] [ 1] /usr/lib64/libpthread.so.0(+0xf630)[0x2af8d3f43630]
[eu-ms-010-41:24073] [ 1] /usr/lib64/libpthread.so.0(+0xf630)[0x2b3667e9d630]
[eu-ms-010-16:25564] [ 1] /usr/lib64/libpthread.so.0(+0xf630)[0x2b3b235e9630]
[eu-ms-010-23:07191] [ 1] /usr/lib64/libc.so.6(gsignal+0x37)[0x2b25e34e4387]
[eu-ms-010-29:31239] [ 2] /usr/lib64/libc.so.6(abort+0x148)[0x2b25e34e5a78]
[eu-ms-010-29:31239] [ 3] /usr/lib64/libc.so.6(gsignal+0x37)[0x2af8d4186387]
[eu-ms-010-41:24073] [ 2] /usr/lib64/libc.so.6(abort+0x148)[0x2af8d4187a78]
[eu-ms-010-41:24073] [ 3] /usr/lib64/libc.so.6(gsignal+0x37)[0x2b36680e0387]
[eu-ms-010-16:25564] [ 2] /usr/lib64/libc.so.6(abort+0x148)[0x2b36680e1a78]
[eu-ms-010-16:25564] [ 3] /usr/lib64/libc.so.6(gsignal+0x37)[0x2b3b2382c387]
[eu-ms-010-23:07191] [ 2] /usr/lib64/libc.so.6(abort+0x148)[0x2b3b2382da78]
[eu-ms-010-23:07191] [ 3] /cluster/spack/apps/linux-centos7-x86_64/gcc-4.8.5/gcc-9.3.0-mjmsvu3362usxjr7tas4ywkd2e4ko5x3/lib64/libstdc++.so.6(+0x99133)[0x2b25e2a37133]
[eu-ms-010-29:31239] [ 4] /cluster/spack/apps/linux-centos7-x86_64/gcc-4.8.5/gcc-9.3.0-mjmsvu3362usxjr7tas4ywkd2e4ko5x3/lib64/libstdc++.so.6(+0x99133)[0x2af8d36d9133]
[eu-ms-010-41:24073] [ 4] /cluster/spack/apps/linux-centos7-x86_64/gcc-4.8.5/gcc-9.3.0-mjmsvu3362usxjr7tas4ywkd2e4ko5x3/lib64/libstdc++.so.6(+0x99133)[0x2b3667633133]
[eu-ms-010-16:25564] [ 4] /cluster/spack/apps/linux-centos7-x86_64/gcc-4.8.5/gcc-9.3.0-mjmsvu3362usxjr7tas4ywkd2e4ko5x3/lib64/libstdc++.so.6(+0x99133)[0x2b3b22d7f133]
[eu-ms-010-23:07191] [ 4] /cluster/spack/apps/linux-centos7-x86_64/gcc-4.8.5/gcc-9.3.0-mjmsvu3362usxjr7tas4ywkd2e4ko5x3/lib64/libstdc++.so.6(+0xa4b56)[0x2b25e2a42b56]
[eu-ms-010-29:31239] [ 5] /cluster/spack/apps/linux-centos7-x86_64/gcc-4.8.5/gcc-9.3.0-mjmsvu3362usxjr7tas4ywkd2e4ko5x3/lib64/libstdc++.so.6(+0xa4b56)[0x2af8d36e4b56]
[eu-ms-010-41:24073] [ 5] /cluster/spack/apps/linux-centos7-x86_64/gcc-4.8.5/gcc-9.3.0-mjmsvu3362usxjr7tas4ywkd2e4ko5x3/lib64/libstdc++.so.6(+0xa4b56)[0x2b366763eb56]
[eu-ms-010-16:25564] [ 5] /cluster/spack/apps/linux-centos7-x86_64/gcc-4.8.5/gcc-9.3.0-mjmsvu3362usxjr7tas4ywkd2e4ko5x3/lib64/libstdc++.so.6(+0xa4b56)[0x2b3b22d8ab56]
[eu-ms-010-23:07191] [ 5] /cluster/spack/apps/linux-centos7-x86_64/gcc-4.8.5/gcc-9.3.0-mjmsvu3362usxjr7tas4ywkd2e4ko5x3/lib64/libstdc++.so.6(+0xa4bc1)[0x2b25e2a42bc1]
[eu-ms-010-29:31239] [ 6] /cluster/spack/apps/linux-centos7-x86_64/gcc-4.8.5/gcc-9.3.0-mjmsvu3362usxjr7tas4ywkd2e4ko5x3/lib64/libstdc++.so.6(+0xa4bc1)[0x2af8d36e4bc1]
[eu-ms-010-41:24073] [ 6] /cluster/spack/apps/linux-centos7-x86_64/gcc-4.8.5/gcc-9.3.0-mjmsvu3362usxjr7tas4ywkd2e4ko5x3/lib64/libstdc++.so.6(+0xa4bc1)[0x2b366763ebc1]
[eu-ms-010-16:25564] [ 6] /cluster/spack/apps/linux-centos7-x86_64/gcc-4.8.5/gcc-9.3.0-mjmsvu3362usxjr7tas4ywkd2e4ko5x3/lib64/libstdc++.so.6(+0xa4bc1)[0x2b3b22d8abc1]
[eu-ms-010-23:07191] [ 6] /cluster/spack/apps/linux-centos7-x86_64/gcc-4.8.5/gcc-9.3.0-mjmsvu3362usxjr7tas4ywkd2e4ko5x3/lib64/libstdc++.so.6(+0xa4e14)[0x2b3b22d8ae14]
/cluster/spack/apps/linux-centos7-x86_64/gcc-4.8.5/gcc-9.3.0-mjmsvu3362usxjr7tas4ywkd2e4ko5x3/lib64/libstdc++.so.6(+0xa4e14)[0x2b25e2a42e14]
[eu-ms-010-29:31239] [ 7] code/build_output/main[0x40bcae]
[eu-ms-010-29:31239] [ 8] code/build_output/main[0x41a2d8]
[eu-ms-010-29:31239] [ 9] code/build_output/main[0x40c440]
/cluster/spack/apps/linux-centos7-x86_64/gcc-4.8.5/gcc-9.3.0-mjmsvu3362usxjr7tas4ywkd2e4ko5x3/lib64/libstdc++.so.6(+0xa4e14)[0x2af8d36e4e14]
[eu-ms-010-41:24073] [ 7] code/build_output/main[0x40bcae]
[eu-ms-010-41:24073] [ 8] code/build_output/main[0x41a2d8]
[eu-ms-010-41:24073] [ 9] code/build_output/main[0x40c440]
[eu-ms-010-41:24073] [10] /cluster/spack/apps/linux-centos7-x86_64/gcc-4.8.5/gcc-9.3.0-mjmsvu3362usxjr7tas4ywkd2e4ko5x3/lib64/libstdc++.so.6(+0xa4e14)[0x2b366763ee14]
[eu-ms-010-16:25564] [ 7] code/build_output/main[0x40bcae]
[eu-ms-010-16:25564] [ 8] code/build_output/main[0x41a2d8]
[eu-ms-010-16:25564] [ 9] code/build_output/main[0x40c440]
[eu-ms-010-16:25564] [eu-ms-010-23:07191] [ 7] code/build_output/main[0x40bcae]
[eu-ms-010-23:07191] [ 8] code/build_output/main[0x41a2d8]
[eu-ms-010-23:07191] [ 9] code/build_output/main[0x40c440]
[eu-ms-010-23:07191] [10] [eu-ms-010-29:31239] [10] /usr/lib64/libc.so.6(__libc_start_main+0xf5)[0x2b25e34d0555]
[eu-ms-010-29:31239] [11] /usr/lib64/libc.so.6(__libc_start_main+0xf5)[0x2af8d4172555]
[eu-ms-010-41:24073] [11] code/build_output/main[0x40dc6f]
[eu-ms-010-41:24073] *** End of error message ***
[10] /usr/lib64/libc.so.6(__libc_start_main+0xf5)[0x2b36680cc555]
[eu-ms-010-16:25564] [11] /usr/lib64/libc.so.6(__libc_start_main+0xf5)[0x2b3b23818555]
[eu-ms-010-23:07191] [11] code/build_output/main[0x40dc6f]
[eu-ms-010-23:07191] *** End of error message ***
code/build_output/main[0x40dc6f]
[eu-ms-010-29:31239] *** End of error message ***
code/build_output/main[0x40dc6f]
[eu-ms-010-16:25564] *** End of error message ***
terminate called after throwing an instance of 'std::runtime_error'
terminate called after throwing an instance of 'std::runtime_error'
terminate called after throwing an instance of 'std::runtime_error'
  what():  Starting Rabenseifner-Gather more processes (32) than rows (b.size() = 16)
[eu-ms-010-08:05273] *** Process received signal ***
[eu-ms-010-08:05273] Signal: Aborted (6)
[eu-ms-010-08:05273] Signal code:  (-6)
terminate called after throwing an instance of 'std::runtime_error'
  what():  Starting Rabenseifner-Gather more processes (32) than rows (b.size() = 16)
[eu-ms-020-42:08192] *** Process received signal ***
[eu-ms-020-42:08192] Signal: Aborted (6)
[eu-ms-020-42:08192] Signal code:  (-6)
  what():  Starting Rabenseifner-Gather more processes (32) than rows (b.size() = 16)
[eu-ms-010-34:02323] *** Process received signal ***
[eu-ms-010-34:02323] Signal: Aborted (6)
[eu-ms-010-34:02323] Signal code:  (-6)
[eu-ms-010-08:05273] [ 0]   what():  Starting Rabenseifner-Gather more processes (32) than rows (b.size() = 16)
[eu-ms-010-35:21317] *** Process received signal ***
[eu-ms-020-42:08192] [ 0] [eu-ms-010-34:02323] [ 0] /usr/lib64/libpthread.so.0(+0xf630)[0x2b2d613ef630]
[eu-ms-010-08:05273] [ 1] /usr/lib64/libc.so.6(gsignal+0x37)[0x2b2d61632387]
[eu-ms-010-35:21317] Signal: Aborted (6)
[eu-ms-010-35:21317] Signal code:  (-6)
/usr/lib64/libpthread.so.0(+0xf630)[0x2b166d53f630]
[eu-ms-020-42:08192] [ 1] /usr/lib64/libpthread.so.0(+0xf630)[0x2b36d5a4e630]
[eu-ms-010-34:02323] [ 1] [eu-ms-010-08:05273] [ 2] /usr/lib64/libc.so.6(abort+0x148)[0x2b2d61633a78]
[eu-ms-010-08:05273] [ 3] [eu-ms-010-35:21317] [ 0] /usr/lib64/libc.so.6(gsignal+0x37)[0x2b166d782387]
[eu-ms-020-42:08192] [ 2] /usr/lib64/libc.so.6(abort+0x148)[0x2b166d783a78]
[eu-ms-020-42:08192] /usr/lib64/libc.so.6(gsignal+0x37)[0x2b36d5c91387]
[eu-ms-010-34:02323] [ 2] /usr/lib64/libc.so.6(abort+0x148)[0x2b36d5c92a78]
[eu-ms-010-34:02323] [ 3] /cluster/spack/apps/linux-centos7-x86_64/gcc-4.8.5/gcc-9.3.0-mjmsvu3362usxjr7tas4ywkd2e4ko5x3/lib64/libstdc++.so.6(+0x99133)[0x2b2d60b85133]
[eu-ms-010-08:05273] [ 4] /usr/lib64/libpthread.so.0(+0xf630)[0x2b6e8b5c4630]
[eu-ms-010-35:21317] [ 1] [ 3] /cluster/spack/apps/linux-centos7-x86_64/gcc-4.8.5/gcc-9.3.0-mjmsvu3362usxjr7tas4ywkd2e4ko5x3/lib64/libstdc++.so.6(+0x99133)[0x2b166ccd5133]
[eu-ms-020-42:08192] [ 4] /cluster/spack/apps/linux-centos7-x86_64/gcc-4.8.5/gcc-9.3.0-mjmsvu3362usxjr7tas4ywkd2e4ko5x3/lib64/libstdc++.so.6(+0x99133)[0x2b36d51e4133]
[eu-ms-010-34:02323] [ 4] /cluster/spack/apps/linux-centos7-x86_64/gcc-4.8.5/gcc-9.3.0-mjmsvu3362usxjr7tas4ywkd2e4ko5x3/lib64/libstdc++.so.6(+0xa4b56)[0x2b2d60b90b56]
[eu-ms-010-08:05273] [ 5] /usr/lib64/libc.so.6(gsignal+0x37)[0x2b6e8b807387]
[eu-ms-010-35:21317] [ 2] /cluster/spack/apps/linux-centos7-x86_64/gcc-4.8.5/gcc-9.3.0-mjmsvu3362usxjr7tas4ywkd2e4ko5x3/lib64/libstdc++.so.6(+0xa4b56)[0x2b166cce0b56]
[eu-ms-020-42:08192] [ 5] /cluster/spack/apps/linux-centos7-x86_64/gcc-4.8.5/gcc-9.3.0-mjmsvu3362usxjr7tas4ywkd2e4ko5x3/lib64/libstdc++.so.6(+0xa4b56)[0x2b36d51efb56]
[eu-ms-010-34:02323] [ 5] /cluster/spack/apps/linux-centos7-x86_64/gcc-4.8.5/gcc-9.3.0-mjmsvu3362usxjr7tas4ywkd2e4ko5x3/lib64/libstdc++.so.6(+0xa4bc1)[0x2b2d60b90bc1]
[eu-ms-010-08:05273] [ 6] /cluster/spack/apps/linux-centos7-x86_64/gcc-4.8.5/gcc-9.3.0-mjmsvu3362usxjr7tas4ywkd2e4ko5x3/lib64/libstdc++.so.6(+0xa4e14)[0x2b2d60b90e14]
/usr/lib64/libc.so.6(abort+0x148)[0x2b6e8b808a78]
[eu-ms-010-35:21317] [ 3] /cluster/spack/apps/linux-centos7-x86_64/gcc-4.8.5/gcc-9.3.0-mjmsvu3362usxjr7tas4ywkd2e4ko5x3/lib64/libstdc++.so.6(+0x99133)[0x2b6e8ad5a133]
[eu-ms-010-35:21317] [ 4] /cluster/spack/apps/linux-centos7-x86_64/gcc-4.8.5/gcc-9.3.0-mjmsvu3362usxjr7tas4ywkd2e4ko5x3/lib64/libstdc++.so.6(+0xa4bc1)[0x2b166cce0bc1]
[eu-ms-020-42:08192] [ 6] /cluster/spack/apps/linux-centos7-x86_64/gcc-4.8.5/gcc-9.3.0-mjmsvu3362usxjr7tas4ywkd2e4ko5x3/lib64/libstdc++.so.6(+0xa4bc1)[0x2b36d51efbc1]
[eu-ms-010-34:02323] [ 6] [eu-ms-010-08:05273] [ 7] code/build_output/main[0x40bcae]
[eu-ms-010-08:05273] [ 8] code/build_output/main[0x41a2d8]
[eu-ms-010-08:05273] [ 9] code/build_output/main[0x40c440]
[eu-ms-010-08:05273] [10] /cluster/spack/apps/linux-centos7-x86_64/gcc-4.8.5/gcc-9.3.0-mjmsvu3362usxjr7tas4ywkd2e4ko5x3/lib64/libstdc++.so.6(+0xa4b56)[0x2b6e8ad65b56]
[eu-ms-010-35:21317] [ 5] /cluster/spack/apps/linux-centos7-x86_64/gcc-4.8.5/gcc-9.3.0-mjmsvu3362usxjr7tas4ywkd2e4ko5x3/lib64/libstdc++.so.6(+0xa4e14)[0x2b166cce0e14]
[eu-ms-020-42:08192] [ 7] code/build_output/main[0x40bcae]
[eu-ms-020-42:08192] [ 8] code/build_output/main[0x41a2d8]
[eu-ms-020-42:08192] [ 9] code/build_output/main[0x40c440]
/cluster/spack/apps/linux-centos7-x86_64/gcc-4.8.5/gcc-9.3.0-mjmsvu3362usxjr7tas4ywkd2e4ko5x3/lib64/libstdc++.so.6(+0xa4e14)[0x2b36d51efe14]
[eu-ms-010-34:02323] [ 7] code/build_output/main[0x40bcae]
[eu-ms-010-34:02323] [ 8] code/build_output/main[0x41a2d8]
[eu-ms-010-34:02323] [ 9] code/build_output/main[0x40c440]
[eu-ms-010-34:02323] [10] /usr/lib64/libc.so.6(__libc_start_main+0xf5)[0x2b2d6161e555]
[eu-ms-010-08:05273] [11] code/build_output/main[0x40dc6f]
[eu-ms-010-08:05273] *** End of error message ***
/cluster/spack/apps/linux-centos7-x86_64/gcc-4.8.5/gcc-9.3.0-mjmsvu3362usxjr7tas4ywkd2e4ko5x3/lib64/libstdc++.so.6(+0xa4bc1)[0x2b6e8ad65bc1]
[eu-ms-010-35:21317] [ 6] [eu-ms-020-42:08192] [10] /usr/lib64/libc.so.6(__libc_start_main+0xf5)[0x2b166d76e555]
[eu-ms-020-42:08192] [11] /usr/lib64/libc.so.6(__libc_start_main+0xf5)[0x2b36d5c7d555]
[eu-ms-010-34:02323] [11] code/build_output/main[0x40dc6f]
[eu-ms-010-34:02323] *** End of error message ***
/cluster/spack/apps/linux-centos7-x86_64/gcc-4.8.5/gcc-9.3.0-mjmsvu3362usxjr7tas4ywkd2e4ko5x3/lib64/libstdc++.so.6(+0xa4e14)[0x2b6e8ad65e14]
[eu-ms-010-35:21317] [ 7] code/build_output/main[0x40bcae]
[eu-ms-010-35:21317] [ 8] code/build_output/main[0x41a2d8]
[eu-ms-010-35:21317] [ 9] code/build_output/main[0x40dc6f]
[eu-ms-020-42:08192] *** End of error message ***
code/build_output/main[0x40c440]
[eu-ms-010-35:21317] [10] /usr/lib64/libc.so.6(__libc_start_main+0xf5)[0x2b6e8b7f3555]
[eu-ms-010-35:21317] [11] code/build_output/main[0x40dc6f]
[eu-ms-010-35:21317] *** End of error message ***
--------------------------------------------------------------------------
Primary job  terminated normally, but 1 process returned
a non-zero exit code. Per user-direction, the job has been aborted.
--------------------------------------------------------------------------
--------------------------------------------------------------------------
mpirun noticed that process rank 26 with PID 7191 on node eu-ms-010-23 exited on signal 6 (Aborted).
--------------------------------------------------------------------------
